Random target AFA:
digraph finite_state_machine {
	rankdir=LR;
	node [shape = circle];
	s0 [shape = point, style = invis, start="true" ];
	s1 [shape = point, style = invis, start="true" ];
	q0 [label = "q0", shape = doublecircle, final="true" ];
	q1 [label = "q1", shape = doublecircle, final="true" ];
	q2 [label = "q2"];
	q3 [label = "q3"];
	q4 [label = "q4", shape = doublecircle, final="true" ];
	q5 [label = "q5"];
	m0 [label = "", shape = square, style = filled, color=grey, fixedsize=true, width=.2];
	m1 [label = "", shape = square, style = filled, color=grey, fixedsize=true, width=.2];
	m2 [label = "", shape = square, style = filled, color=grey, fixedsize=true, width=.2];
	m3 [label = "", shape = square, style = filled, color=grey, fixedsize=true, width=.2];
	m4 [label = "", shape = square, style = filled, color=grey, fixedsize=true, width=.2];
	m5 [label = "", shape = square, style = filled, color=grey, fixedsize=true, width=.2];
	m6 [label = "", shape = square, style = filled, color=grey, fixedsize=true, width=.2];
	m7 [label = "", shape = square, style = filled, color=grey, fixedsize=true, width=.2];
	m8 [label = "", shape = square, style = filled, color=grey, fixedsize=true, width=.2];
	s0 -> q1
	s1 -> q2
	q2 -> q4 [label = "c"];
	q5 -> m2 [label = "a"];
	q5 -> m8 [label = "b"];
	q3 -> q4 [label = "a, c"];
	q3 -> q3 [label = "a"];
	q1 -> m0 [label = "b"];
	q2 -> q1 [label = "c"];
	q3 -> m6 [label = "b"];
	q1 -> q5 [label = "a, c"];
	q1 -> m7 [label = "c"];
	q3 -> q0 [label = "b"];
	q1 -> q1 [label = "a"];
	q1 -> q2 [label = "b"];
	q5 -> q0 [label = "a, c"];
	q5 -> m3 [label = "c"];
	q5 -> q1 [label = "b"];
	q0 -> q5 [label = "a"];
	q4 -> q0 [label = "b, c"];
	q2 -> m3 [label = "a"];
	q0 -> m0 [label = "a"];
	q2 -> m1 [label = "b"];
	q0 -> m2 [label = "b"];
	q0 -> q0 [label = "c"];
	q0 -> q2 [label = "b"];
	q0 -> m5 [label = "c"];
	q2 -> m4 [label = "a"];
	q4 -> q2 [label = "c"];
	q4 -> q5 [label = "a"];
	q4 -> q3 [label = "a"];
	m0 -> q0;
	m0 -> q5;
	m1 -> q0;
	m1 -> q3;
	m2 -> q2;
	m2 -> q4;
	m3 -> q4;
	m3 -> q5;
	m4 -> q3;
	m4 -> q4;
	m5 -> q3;
	m5 -> q5;
	m6 -> q1;
	m6 -> q4;
	m7 -> q1;
	m7 -> q2;
	m8 -> q1;
	m8 -> q5;
}

L* output after 9 EQ and 17443 MQ:
digraph finite_state_machine {
	rankdir=LR;
	node [shape = circle];
	s0 [shape = point, style = invis, start="true" ];
	q0 [label = "q0", shape = doublecircle, final="true" ];
	q1 [label = "q1", shape = doublecircle, final="true" ];
	q2 [label = "q2"];
	q3 [label = "q3"];
	q4 [label = "q4"];
	q5 [label = "q5"];
	q6 [label = "q6"];
	q7 [label = "q7"];
	q8 [label = "q8"];
	q9 [label = "q9", shape = doublecircle, final="true" ];
	q10 [label = "q10", shape = doublecircle, final="true" ];
	q11 [label = "q11", shape = doublecircle, final="true" ];
	q12 [label = "q12", shape = doublecircle, final="true" ];
	q13 [label = "q13", shape = doublecircle, final="true" ];
	q14 [label = "q14"];
	q15 [label = "q15", shape = doublecircle, final="true" ];
	q16 [label = "q16", shape = doublecircle, final="true" ];
	q17 [label = "q17", shape = doublecircle, final="true" ];
	q18 [label = "q18", shape = doublecircle, final="true" ];
	q19 [label = "q19", shape = doublecircle, final="true" ];
	q20 [label = "q20"];
	q21 [label = "q21", shape = doublecircle, final="true" ];
	q22 [label = "q22", shape = doublecircle, final="true" ];
	q23 [label = "q23", shape = doublecircle, final="true" ];
	q24 [label = "q24"];
	q25 [label = "q25", shape = doublecircle, final="true" ];
	q26 [label = "q26", shape = doublecircle, final="true" ];
	q27 [label = "q27"];
	q28 [label = "q28"];
	q29 [label = "q29"];
	q30 [label = "q30", shape = doublecircle, final="true" ];
	q31 [label = "q31", shape = doublecircle, final="true" ];
	q32 [label = "q32", shape = doublecircle, final="true" ];
	q33 [label = "q33", shape = doublecircle, final="true" ];
	q34 [label = "q34", shape = doublecircle, final="true" ];
	q35 [label = "q35", shape = doublecircle, final="true" ];
	q36 [label = "q36", shape = doublecircle, final="true" ];
	q37 [label = "q37"];
	q38 [label = "q38", shape = doublecircle, final="true" ];
	q39 [label = "q39"];
	q40 [label = "q40"];
	q41 [label = "q41", shape = doublecircle, final="true" ];
	q42 [label = "q42", shape = doublecircle, final="true" ];
	q43 [label = "q43", shape = doublecircle, final="true" ];
	q44 [label = "q44", shape = doublecircle, final="true" ];
	q45 [label = "q45", shape = doublecircle, final="true" ];
	q46 [label = "q46", shape = doublecircle, final="true" ];
	q47 [label = "q47", shape = doublecircle, final="true" ];
	q48 [label = "q48"];
	q49 [label = "q49", shape = doublecircle, final="true" ];
	q50 [label = "q50", shape = doublecircle, final="true" ];
	q51 [label = "q51", shape = doublecircle, final="true" ];
	q52 [label = "q52", shape = doublecircle, final="true" ];
	q53 [label = "q53"];
	q54 [label = "q54"];
	q55 [label = "q55"];
	q56 [label = "q56", shape = doublecircle, final="true" ];
	q57 [label = "q57", shape = doublecircle, final="true" ];
	q58 [label = "q58", shape = doublecircle, final="true" ];
	q59 [label = "q59", shape = doublecircle, final="true" ];
	q60 [label = "q60", shape = doublecircle, final="true" ];
	q61 [label = "q61", shape = doublecircle, final="true" ];
	q62 [label = "q62"];
	q63 [label = "q63", shape = doublecircle, final="true" ];
	q64 [label = "q64", shape = doublecircle, final="true" ];
	q65 [label = "q65", shape = doublecircle, final="true" ];
	q66 [label = "q66"];
	q67 [label = "q67", shape = doublecircle, final="true" ];
	q68 [label = "q68", shape = doublecircle, final="true" ];
	q69 [label = "q69", shape = doublecircle, final="true" ];
	q70 [label = "q70", shape = doublecircle, final="true" ];
	q71 [label = "q71", shape = doublecircle, final="true" ];
	q72 [label = "q72", shape = doublecircle, final="true" ];
	q73 [label = "q73", shape = doublecircle, final="true" ];
	q74 [label = "q74", shape = doublecircle, final="true" ];
	q75 [label = "q75", shape = doublecircle, final="true" ];
	q76 [label = "q76", shape = doublecircle, final="true" ];
	q77 [label = "q77", shape = doublecircle, final="true" ];
	q78 [label = "q78", shape = doublecircle, final="true" ];
	s0 -> q36
	q47 -> q36 [label = "b"];
	q41 -> q46 [label = "b"];
	q43 -> q33 [label = "a"];
	q45 -> q74 [label = "c"];
	q40 -> q34 [label = "c"];
	q44 -> q48 [label = "a"];
	q46 -> q14 [label = "b"];
	q40 -> q29 [label = "b"];
	q40 -> q24 [label = "a"];
	q34 -> q15 [label = "c"];
	q33 -> q32 [label = "c"];
	q39 -> q45 [label = "c"];
	q33 -> q35 [label = "b"];
	q37 -> q41 [label = "c"];
	q33 -> q52 [label = "a"];
	q38 -> q42 [label = "c"];
	q32 -> q46 [label = "b"];
	q32 -> q53 [label = "a"];
	q31 -> q25 [label = "a"];
	q26 -> q47 [label = "c"];
	q38 -> q36 [label = "b"];
	q31 -> q12 [label = "b"];
	q25 -> q57 [label = "c"];
	q27 -> q55 [label = "a"];
	q29 -> q77 [label = "c"];
	q24 -> q49 [label = "c"];
	q34 -> q76 [label = "a"];
	q24 -> q11 [label = "b"];
	q26 -> q36 [label = "b"];
	q24 -> q58 [label = "a"];
	q23 -> q59 [label = "a"];
	q11 -> q48 [label = "a"];
	q15 -> q15 [label = "c"];
	q9 -> q48 [label = "a"];
	q13 -> q47 [label = "c"];
	q8 -> q41 [label = "c"];
	q12 -> q20 [label = "a"];
	q14 -> q41 [label = "c"];
	q8 -> q5 [label = "a"];
	q10 -> q12 [label = "b"];
	q12 -> q13 [label = "c"];
	q0 -> q76 [label = "a"];
	q0 -> q9 [label = "b"];
	q2 -> q24 [label = "a"];
	q6 -> q29 [label = "b"];
	q4 -> q27 [label = "a"];
	q14 -> q6 [label = "b"];
	q1 -> q9 [label = "b"];
	q38 -> q25 [label = "a"];
	q3 -> q24 [label = "a"];
	q7 -> q11 [label = "b"];
	q2 -> q1 [label = "c"];
	q7 -> q43 [label = "a"];
	q35 -> q50 [label = "a"];
	q3 -> q0 [label = "c"];
	q59 -> q36 [label = "b"];
	q1 -> q34 [label = "c"];
	q54 -> q9 [label = "b"];
	q76 -> q36 [label = "b"];
	q47 -> q13 [label = "c"];
	q60 -> q13 [label = "c"];
	q60 -> q12 [label = "b"];
	q53 -> q19 [label = "c"];
	q39 -> q44 [label = "b"];
	q35 -> q28 [label = "b"];
	q13 -> q25 [label = "a"];
	q62 -> q71 [label = "a"];
	q19 -> q16 [label = "c"];
	q6 -> q24 [label = "a"];
	q61 -> q12 [label = "b"];
	q57 -> q60 [label = "c"];
	q56 -> q36 [label = "b"];
	q61 -> q70 [label = "c"];
	q53 -> q35 [label = "b"];
	q29 -> q4 [label = "b"];
	q63 -> q38 [label = "a"];
	q5 -> q45 [label = "c"];
	q66 -> q44 [label = "b"];
	q13 -> q12 [label = "b"];
	q3 -> q29 [label = "b"];
	q68 -> q31 [label = "c"];
	q45 -> q20 [label = "a"];
	q5 -> q66 [label = "a"];
	q70 -> q60 [label = "c"];
	q30 -> q36 [label = "b"];
	q70 -> q12 [label = "b"];
	q9 -> q15 [label = "c"];
	q67 -> q18 [label = "c"];
	q44 -> q15 [label = "c"];
	q48 -> q49 [label = "c"];
	q69 -> q18 [label = "c"];
	q9 -> q8 [label = "b"];
	q72 -> q21 [label = "c"];
	q36 -> q38 [label = "a"];
	q65 -> q12 [label = "b"];
	q45 -> q46 [label = "b"];
	q67 -> q72 [label = "a"];
	q8 -> q2 [label = "b"];
	q54 -> q66 [label = "a"];
	q63 -> q36 [label = "b"];
	q4 -> q1 [label = "c"];
	q0 -> q34 [label = "c"];
	q65 -> q64 [label = "c"];
	q77 -> q15 [label = "c"];
	q11 -> q28 [label = "b"];
	q64 -> q72 [label = "a"];
	q37 -> q40 [label = "b"];
	q5 -> q78 [label = "b"];
	q70 -> q72 [label = "a"];
	q43 -> q44 [label = "b"];
	q2 -> q29 [label = "b"];
	q16 -> q12 [label = "b"];
	q30 -> q25 [label = "a"];
	q28 -> q54 [label = "a"];
	q78 -> q8 [label = "b"];
	q28 -> q41 [label = "c"];
	q58 -> q18 [label = "c"];
	q68 -> q59 [label = "a"];
	q15 -> q76 [label = "a"];
	q34 -> q46 [label = "b"];
	q63 -> q42 [label = "c"];
	q72 -> q35 [label = "b"];
	q78 -> q48 [label = "a"];
	q19 -> q46 [label = "b"];
	q18 -> q46 [label = "b"];
	q73 -> q44 [label = "b"];
	q73 -> q32 [label = "c"];
	q66 -> q73 [label = "a"];
	q47 -> q23 [label = "a"];
	q57 -> q36 [label = "b"];
	q60 -> q23 [label = "a"];
	q55 -> q45 [label = "c"];
	q49 -> q62 [label = "a"];
	q64 -> q12 [label = "b"];
	q25 -> q56 [label = "a"];
	q55 -> q44 [label = "b"];
	q76 -> q74 [label = "c"];
	q75 -> q12 [label = "b"];
	q56 -> q56 [label = "a"];
	q35 -> q51 [label = "c"];
	q75 -> q69 [label = "a"];
	q16 -> q69 [label = "a"];
	q54 -> q45 [label = "c"];
	q37 -> q39 [label = "a"];
	q10 -> q17 [label = "a"];
	q52 -> q36 [label = "b"];
	q1 -> q17 [label = "a"];
	q71 -> q72 [label = "a"];
	q65 -> q33 [label = "a"];
	q67 -> q44 [label = "b"];
	q20 -> q45 [label = "c"];
	q27 -> q78 [label = "b"];
	q74 -> q12 [label = "b"];
	q50 -> q36 [label = "b"];
	q72 -> q52 [label = "a"];
	q75 -> q74 [label = "c"];
	q59 -> q52 [label = "a"];
	q64 -> q31 [label = "c"];
	q31 -> q30 [label = "c"];
	q74 -> q22 [label = "c"];
	q73 -> q33 [label = "a"];
	q68 -> q36 [label = "b"];
	q42 -> q36 [label = "b"];
	q66 -> q19 [label = "c"];
	q14 -> q7 [label = "a"];
	q29 -> q27 [label = "a"];
	q6 -> q77 [label = "c"];
	q59 -> q70 [label = "c"];
	q62 -> q35 [label = "b"];
	q39 -> q43 [label = "a"];
	q55 -> q67 [label = "a"];
	q62 -> q45 [label = "c"];
	q58 -> q69 [label = "a"];
	q71 -> q74 [label = "c"];
	q58 -> q44 [label = "b"];
	q52 -> q64 [label = "c"];
	q25 -> q36 [label = "b"];
	q61 -> q33 [label = "a"];
	q15 -> q12 [label = "b"];
	q74 -> q69 [label = "a"];
	q51 -> q15 [label = "c"];
	q27 -> q49 [label = "c"];
	q30 -> q30 [label = "c"];
	q50 -> q51 [label = "c"];
	q53 -> q65 [label = "a"];
	q4 -> q4 [label = "b"];
	q69 -> q59 [label = "a"];
	q20 -> q35 [label = "b"];
	q28 -> q3 [label = "b"];
	q49 -> q10 [label = "c"];
	q26 -> q25 [label = "a"];
	q77 -> q46 [label = "b"];
	q51 -> q76 [label = "a"];
	q50 -> q63 [label = "a"];
	q36 -> q26 [label = "c"];
	q56 -> q68 [label = "c"];
	q52 -> q52 [label = "a"];
	q76 -> q23 [label = "a"];
	q18 -> q20 [label = "a"];
	q48 -> q75 [label = "a"];
	q48 -> q35 [label = "b"];
	q41 -> q47 [label = "c"];
	q49 -> q46 [label = "b"];
	q16 -> q13 [label = "c"];
	q21 -> q53 [label = "a"];
	q46 -> q20 [label = "a"];
	q36 -> q37 [label = "b"];
	q57 -> q59 [label = "a"];
	q44 -> q28 [label = "b"];
	q42 -> q23 [label = "a"];
	q42 -> q22 [label = "c"];
	q18 -> q22 [label = "c"];
	q78 -> q10 [label = "c"];
	q10 -> q15 [label = "c"];
	q41 -> q25 [label = "a"];
	q22 -> q23 [label = "a"];
	q17 -> q35 [label = "b"];
	q17 -> q18 [label = "c"];
	q23 -> q36 [label = "b"];
	q69 -> q35 [label = "b"];
	q19 -> q53 [label = "a"];
	q51 -> q36 [label = "b"];
	q43 -> q21 [label = "c"];
	q23 -> q74 [label = "c"];
	q46 -> q13 [label = "c"];
	q32 -> q31 [label = "c"];
	q21 -> q46 [label = "b"];
	q77 -> q17 [label = "a"];
	q71 -> q12 [label = "b"];
	q17 -> q23 [label = "a"];
	q21 -> q60 [label = "c"];
	q20 -> q61 [label = "a"];
	q22 -> q12 [label = "b"];
	q7 -> q45 [label = "c"];
	q22 -> q22 [label = "c"];
	q11 -> q10 [label = "c"];
	q12 -> q37 [label = "b"];
}
DFA size: 79 states

NL* output after 8 EQ and 6639 MQ:
digraph finite_state_machine {
	rankdir=LR;
	node [shape = circle];
	s0 [shape = point, style = invis, start="true" ];
	s1 [shape = point, style = invis, start="true" ];
	s2 [shape = point, style = invis, start="true" ];
	s3 [shape = point, style = invis, start="true" ];
	s4 [shape = point, style = invis, start="true" ];
	s5 [shape = point, style = invis, start="true" ];
	s6 [shape = point, style = invis, start="true" ];
	s7 [shape = point, style = invis, start="true" ];
	s8 [shape = point, style = invis, start="true" ];
	q0 [label = "q0", shape = doublecircle, final="true" ];
	q1 [label = "q1"];
	q2 [label = "q2"];
	q3 [label = "q3", shape = doublecircle, final="true" ];
	q4 [label = "q4", shape = doublecircle, final="true" ];
	q5 [label = "q5"];
	q6 [label = "q6"];
	q7 [label = "q7", shape = doublecircle, final="true" ];
	q8 [label = "q8"];
	q9 [label = "q9", shape = doublecircle, final="true" ];
	q10 [label = "q10"];
	q11 [label = "q11"];
	q12 [label = "q12", shape = doublecircle, final="true" ];
	q13 [label = "q13"];
	q14 [label = "q14"];
	q15 [label = "q15", shape = doublecircle, final="true" ];
	q16 [label = "q16"];
	q17 [label = "q17"];
	q18 [label = "q18"];
	q19 [label = "q19", shape = doublecircle, final="true" ];
	q20 [label = "q20"];
	q21 [label = "q21", shape = doublecircle, final="true" ];
	s0 -> q1
	s1 -> q2
	s2 -> q7
	s3 -> q10
	s4 -> q12
	s5 -> q14
	s6 -> q15
	s7 -> q16
	s8 -> q17
	q18 -> q15 [label = "c"];
	q18 -> q9 [label = "c"];
	q20 -> q1 [label = "b"];
	q17 -> q17 [label = "c"];
	q17 -> q1 [label = "c"];
	q21 -> q21 [label = "a"];
	q21 -> q20 [label = "a"];
	q21 -> q18 [label = "a"];
	q21 -> q13 [label = "a"];
	q21 -> q6 [label = "a"];
	q19 -> q20 [label = "a"];
	q19 -> q13 [label = "a"];
	q0 -> q19 [label = "c"];
	q9 -> q10 [label = "b, c"];
	q9 -> q19 [label = "c"];
	q0 -> q17 [label = "a, b, c"];
	q2 -> q2 [label = "b, c"];
	q4 -> q11 [label = "a, c"];
	q3 -> q16 [label = "b, c"];
	q16 -> q9 [label = "c"];
	q0 -> q21 [label = "a"];
	q0 -> q20 [label = "a"];
	q4 -> q9 [label = "c"];
	q0 -> q15 [label = "a, c"];
	q3 -> q12 [label = "b, c"];
	q16 -> q10 [label = "c"];
	q0 -> q13 [label = "a"];
	q0 -> q12 [label = "a, b, c"];
	q14 -> q10 [label = "c"];
	q10 -> q12 [label = "c"];
	q6 -> q9 [label = "c"];
	q0 -> q11 [label = "a, c"];
	q0 -> q10 [label = "a, b, c"];
	q15 -> q1 [label = "c"];
	q18 -> q2 [label = "b, c"];
	q8 -> q15 [label = "a, b, c"];
	q15 -> q17 [label = "c"];
	q0 -> q2 [label = "a, b, c"];
	q4 -> q17 [label = "b, c"];
	q12 -> q12 [label = "c"];
	q20 -> q17 [label = "b, c"];
	q4 -> q16 [label = "c"];
	q9 -> q12 [label = "b, c"];
	q4 -> q15 [label = "b, c"];
	q17 -> q13 [label = "a"];
	q4 -> q10 [label = "b, c"];
	q2 -> q17 [label = "c"];
	q4 -> q6 [label = "a, c"];
	q21 -> q1 [label = "b, c"];
	q4 -> q14 [label = "c"];
	q15 -> q8 [label = "a"];
	q4 -> q2 [label = "b, c"];
	q8 -> q17 [label = "a, b, c"];
	q4 -> q1 [label = "b, c"];
	q6 -> q2 [label = "b, c"];
	q12 -> q15 [label = "c"];
	q12 -> q2 [label = "b, c"];
	q19 -> q21 [label = "a"];
	q10 -> q2 [label = "b, c"];
	q18 -> q10 [label = "b, c"];
	q8 -> q20 [label = "a"];
	q8 -> q13 [label = "a"];
	q8 -> q21 [label = "a"];
	q6 -> q6 [label = "a"];
	q16 -> q1 [label = "b, c"];
	q14 -> q9 [label = "c"];
	q3 -> q14 [label = "b, c"];
	q14 -> q6 [label = "a, c"];
	q14 -> q3 [label = "c"];
	q6 -> q11 [label = "a, c"];
	q14 -> q1 [label = "c"];
	q8 -> q1 [label = "b"];
	q13 -> q12 [label = "b, c"];
	q8 -> q7 [label = "b"];
	q11 -> q13 [label = "a"];
	q3 -> q2 [label = "b, c"];
	q15 -> q2 [label = "b, c"];
	q4 -> q5 [label = "a"];
	q12 -> q17 [label = "c"];
	q15 -> q12 [label = "c"];
	q19 -> q11 [label = "a, c"];
	q9 -> q1 [label = "b, c"];
	q5 -> q3 [label = "c"];
	q15 -> q14 [label = "b"];
	q21 -> q10 [label = "b, c"];
	q4 -> q8 [label = "a"];
	q9 -> q17 [label = "b, c"];
	q15 -> q19 [label = "c"];
	q6 -> q10 [label = "b, c"];
	q15 -> q10 [label = "b, c"];
	q14 -> q0 [label = "c"];
	q13 -> q17 [label = "b, c"];
	q11 -> q10 [label = "b, c"];
	q11 -> q2 [label = "b, c"];
	q8 -> q12 [label = "a, b, c"];
	q12 -> q11 [label = "a, c"];
	q19 -> q2 [label = "b, c"];
	q21 -> q2 [label = "b, c"];
	q12 -> q10 [label = "b, c"];
	q1 -> q17 [label = "c"];
	q12 -> q13 [label = "a, c"];
	q19 -> q8 [label = "a"];
	q19 -> q10 [label = "b, c"];
	q3 -> q19 [label = "c"];
	q21 -> q11 [label = "a, c"];
	q4 -> q4 [label = "a"];
	q4 -> q18 [label = "a, c"];
	q19 -> q19 [label = "c"];
	q11 -> q11 [label = "a, c"];
	q9 -> q6 [label = "a"];
	q6 -> q17 [label = "b, c"];
	q5 -> q13 [label = "a"];
	q21 -> q15 [label = "b, c"];
	q16 -> q18 [label = "a, c"];
	q9 -> q16 [label = "b"];
	q6 -> q13 [label = "a"];
	q13 -> q2 [label = "b, c"];
	q12 -> q1 [label = "c"];
	q9 -> q8 [label = "a"];
	q11 -> q12 [label = "b, c"];
	q2 -> q19 [label = "c"];
	q20 -> q10 [label = "b, c"];
	q5 -> q6 [label = "a, c"];
	q4 -> q3 [label = "c"];
	q4 -> q20 [label = "a"];
	q20 -> q11 [label = "a, c"];
	q9 -> q20 [label = "a, c"];
	q21 -> q12 [label = "b, c"];
	q15 -> q11 [label = "a, c"];
	q10 -> q11 [label = "a, c"];
	q11 -> q20 [label = "a"];
	q15 -> q16 [label = "b"];
	q17 -> q11 [label = "a, c"];
	q0 -> q8 [label = "a"];
	q5 -> q2 [label = "b, c"];
	q19 -> q17 [label = "b, c"];
	q4 -> q12 [label = "b, c"];
	q11 -> q15 [label = "c"];
	q8 -> q11 [label = "a, c"];
	q6 -> q12 [label = "b, c"];
	q1 -> q11 [label = "a, c"];
	q19 -> q0 [label = "c"];
	q14 -> q12 [label = "c"];
	q18 -> q5 [label = "a"];
	q9 -> q18 [label = "a"];
	q19 -> q1 [label = "b, c"];
	q20 -> q18 [label = "a"];
	q14 -> q17 [label = "b, c"];
	q10 -> q19 [label = "c"];
	q17 -> q19 [label = "c"];
	q16 -> q6 [label = "a, c"];
	q14 -> q11 [label = "a, c"];
	q18 -> q20 [label = "a"];
	q15 -> q13 [label = "a, c"];
	q7 -> q10 [label = "a, b, c"];
	q7 -> q11 [label = "a, c"];
	q0 -> q9 [label = "a"];
	q0 -> q1 [label = "b, c"];
	q6 -> q15 [label = "c"];
	q9 -> q14 [label = "b"];
	q9 -> q11 [label = "a, c"];
	q20 -> q12 [label = "b, c"];
	q9 -> q2 [label = "b, c"];
	q13 -> q11 [label = "a, c"];
	q14 -> q18 [label = "c"];
	q13 -> q15 [label = "b, c"];
	q14 -> q2 [label = "b, c"];
	q2 -> q1 [label = "c"];
	q8 -> q2 [label = "a, b, c"];
	q12 -> q8 [label = "a"];
	q7 -> q2 [label = "a, b, c"];
	q8 -> q10 [label = "a, b, c"];
	q5 -> q1 [label = "b"];
	q14 -> q7 [label = "c"];
	q20 -> q15 [label = "b, c"];
	q11 -> q17 [label = "b, c"];
	q4 -> q13 [label = "a"];
	q4 -> q21 [label = "a"];
	q5 -> q9 [label = "c"];
	q5 -> q17 [label = "b, c"];
	q5 -> q11 [label = "a, c"];
	q5 -> q12 [label = "b, c"];
	q3 -> q13 [label = "a, c"];
	q6 -> q20 [label = "a"];
	q5 -> q15 [label = "b, c"];
	q9 -> q13 [label = "a, c"];
	q5 -> q18 [label = "a, c"];
	q1 -> q13 [label = "a"];
	q3 -> q1 [label = "b, c"];
	q7 -> q7 [label = "a"];
	q3 -> q10 [label = "b, c"];
	q3 -> q17 [label = "b, c"];
	q5 -> q4 [label = "a"];
	q7 -> q0 [label = "a, c"];
	q19 -> q15 [label = "c"];
	q7 -> q1 [label = "a, c"];
	q7 -> q8 [label = "a, c"];
	q20 -> q9 [label = "c"];
	q7 -> q12 [label = "a, c"];
	q7 -> q17 [label = "a, c"];
	q3 -> q15 [label = "c"];
	q18 -> q18 [label = "a"];
	q7 -> q13 [label = "a, c"];
	q7 -> q15 [label = "a, c"];
	q1 -> q19 [label = "c"];
	q10 -> q1 [label = "c"];
	q1 -> q2 [label = "b, c"];
	q1 -> q10 [label = "b, c"];
	q3 -> q5 [label = "a"];
	q3 -> q8 [label = "a"];
	q10 -> q15 [label = "c"];
	q3 -> q11 [label = "a, c"];
	q3 -> q18 [label = "a"];
	q3 -> q20 [label = "a, c"];
	q14 -> q19 [label = "c"];
	q7 -> q14 [label = "b"];
	q5 -> q10 [label = "b, c"];
	q7 -> q16 [label = "b"];
	q8 -> q9 [label = "a"];
	q5 -> q20 [label = "a"];
	q2 -> q10 [label = "c"];
	q13 -> q21 [label = "a"];
	q5 -> q21 [label = "a"];
	q6 -> q5 [label = "a"];
	q1 -> q0 [label = "c"];
	q18 -> q1 [label = "b"];
	q1 -> q1 [label = "c"];
	q15 -> q15 [label = "c"];
	q6 -> q18 [label = "a"];
	q3 -> q9 [label = "c"];
	q3 -> q21 [label = "c"];
	q9 -> q9 [label = "c"];
	q0 -> q0 [label = "c"];
	q9 -> q15 [label = "c"];
	q21 -> q8 [label = "a"];
	q3 -> q6 [label = "a"];
	q9 -> q21 [label = "c"];
	q13 -> q13 [label = "a"];
	q2 -> q11 [label = "a, c"];
	q13 -> q20 [label = "a"];
	q19 -> q12 [label = "b, c"];
	q10 -> q10 [label = "c"];
	q10 -> q17 [label = "c"];
	q12 -> q14 [label = "b"];
	q20 -> q2 [label = "b, c"];
	q16 -> q11 [label = "a, c"];
	q18 -> q12 [label = "b, c"];
	q18 -> q17 [label = "b, c"];
	q16 -> q2 [label = "b, c"];
	q16 -> q17 [label = "b, c"];
	q13 -> q10 [label = "b, c"];
	q18 -> q6 [label = "a"];
	q18 -> q11 [label = "a, c"];
	q7 -> q19 [label = "a, c"];
	q18 -> q13 [label = "a"];
	q20 -> q6 [label = "a"];
	q21 -> q17 [label = "b, c"];
	q16 -> q19 [label = "c"];
	q20 -> q13 [label = "a"];
	q20 -> q20 [label = "a"];
	q12 -> q19 [label = "c"];
	q20 -> q21 [label = "a"];
	q16 -> q0 [label = "c"];
	q16 -> q3 [label = "c"];
	q16 -> q7 [label = "c"];
	q16 -> q12 [label = "c"];
	q16 -> q15 [label = "c"];
	q21 -> q9 [label = "c"];
	q5 -> q5 [label = "a"];
	q17 -> q2 [label = "b, c"];
	q14 -> q15 [label = "c"];
	q17 -> q10 [label = "b, c"];
}
NFA size: 22 states

AL* output after 14 EQ and 4831 MQ:
digraph finite_state_machine {
	rankdir=LR;
	node [shape = circle];
	s0 [shape = point, style = invis, start="true" ];
	s1 [shape = point, style = invis, start="true" ];
	q0 [label = "q0", shape = doublecircle, final="true" ];
	q1 [label = "q1"];
	q2 [label = "q2"];
	q3 [label = "q3"];
	q4 [label = "q4", shape = doublecircle, final="true" ];
	q5 [label = "q5"];
	q6 [label = "q6", shape = doublecircle, final="true" ];
	q7 [label = "q7", shape = doublecircle, final="true" ];
	q8 [label = "q8"];
	q9 [label = "q9", shape = doublecircle, final="true" ];
	q10 [label = "q10", shape = doublecircle, final="true" ];
	q11 [label = "q11"];
	m0 [label = "", shape = square, style = filled, color=grey, fixedsize=true, width=.2];
	m1 [label = "", shape = square, style = filled, color=grey, fixedsize=true, width=.2];
	m2 [label = "", shape = square, style = filled, color=grey, fixedsize=true, width=.2];
	m3 [label = "", shape = square, style = filled, color=grey, fixedsize=true, width=.2];
	m4 [label = "", shape = square, style = filled, color=grey, fixedsize=true, width=.2];
	m5 [label = "", shape = square, style = filled, color=grey, fixedsize=true, width=.2];
	m6 [label = "", shape = square, style = filled, color=grey, fixedsize=true, width=.2];
	m7 [label = "", shape = square, style = filled, color=grey, fixedsize=true, width=.2];
	m8 [label = "", shape = square, style = filled, color=grey, fixedsize=true, width=.2];
	m9 [label = "", shape = square, style = filled, color=grey, fixedsize=true, width=.2];
	m10 [label = "", shape = square, style = filled, color=grey, fixedsize=true, width=.2];
	m11 [label = "", shape = square, style = filled, color=grey, fixedsize=true, width=.2];
	m12 [label = "", shape = square, style = filled, color=grey, fixedsize=true, width=.2];
	m13 [label = "", shape = square, style = filled, color=grey, fixedsize=true, width=.2];
	m14 [label = "", shape = square, style = filled, color=grey, fixedsize=true, width=.2];
	m15 [label = "", shape = square, style = filled, color=grey, fixedsize=true, width=.2];
	m16 [label = "", shape = square, style = filled, color=grey, fixedsize=true, width=.2];
	s0 -> m0
	s1 -> q9
	q9 -> m0 [label = "b"];
	q11 -> m9 [label = "a"];
	q9 -> q9 [label = "a"];
	q11 -> q9 [label = "b"];
	q8 -> q9 [label = "c"];
	q8 -> m1 [label = "c"];
	q10 -> m9 [label = "a"];
	q8 -> m10 [label = "a"];
	q9 -> m12 [label = "b"];
	q7 -> m2 [label = "b, c"];
	q5 -> m8 [label = "b"];
	q5 -> m1 [label = "c"];
	q0 -> m10 [label = "a"];
	q10 -> m4 [label = "a"];
	q1 -> m2 [label = "b, c"];
	q4 -> m1 [label = "a, c"];
	q7 -> m0 [label = "b, c"];
	q0 -> m0 [label = "b"];
	q6 -> m4 [label = "a"];
	q7 -> m7 [label = "c"];
	q5 -> m10 [label = "a"];
	q10 -> m1 [label = "a, c"];
	q4 -> m2 [label = "a, c"];
	q6 -> m0 [label = "b"];
	q6 -> m3 [label = "c"];
	q0 -> m13 [label = "c"];
	q7 -> m9 [label = "a"];
	q8 -> m16 [label = "b"];
	q1 -> m9 [label = "a"];
	q4 -> q9 [label = "b"];
	q11 -> m2 [label = "a, c"];
	q1 -> m11 [label = "c"];
	q6 -> m10 [label = "a"];
	q2 -> q9 [label = "b"];
	q3 -> m3 [label = "c"];
	q1 -> m6 [label = "c"];
	q0 -> m4 [label = "a"];
	q9 -> m3 [label = "c"];
	q3 -> m13 [label = "a"];
	q2 -> m2 [label = "a, c"];
	q10 -> m3 [label = "b, c"];
	q8 -> m15 [label = "b"];
	q9 -> m4 [label = "a, c"];
	q2 -> m13 [label = "a"];
	q5 -> m12 [label = "a"];
	q0 -> m8 [label = "b"];
	q10 -> m2 [label = "b, c"];
	q9 -> m2 [label = "c"];
	q3 -> m7 [label = "c"];
	q2 -> m11 [label = "a"];
	q5 -> m3 [label = "b"];
	q6 -> m13 [label = "c"];
	q2 -> m6 [label = "c"];
	q3 -> m6 [label = "c"];
	q11 -> m1 [label = "a, c"];
	q4 -> m9 [label = "a"];
	q7 -> m4 [label = "a"];
	q1 -> m14 [label = "b"];
	q7 -> m13 [label = "c"];
	q3 -> m15 [label = "b"];
	q0 -> q9 [label = "c"];
	q3 -> m16 [label = "b"];
	q0 -> m1 [label = "c"];
	q1 -> m5 [label = "a"];
	q5 -> q9 [label = "c"];
	q8 -> m8 [label = "b"];
	q4 -> m4 [label = "a"];
	q6 -> m2 [label = "b, c"];
	q3 -> m5 [label = "c"];
	q6 -> m11 [label = "c"];
	q4 -> m0 [label = "c"];
	q8 -> m13 [label = "a"];
	q10 -> m14 [label = "b"];
	m0 -> q0;
	m0 -> q5;
	m0 -> q8;
	m1 -> q4;
	m1 -> q7;
	m2 -> q0;
	m2 -> q6;
	m2 -> q7;
	m2 -> q9;
	m3 -> q0;
	m3 -> q3;
	m3 -> q5;
	m3 -> q7;
	m3 -> q8;
	m3 -> q9;
	m4 -> q2;
	m4 -> q4;
	m4 -> q11;
	m5 -> q0;
	m5 -> q4;
	m5 -> q6;
	m5 -> q7;
	m5 -> q9;
	m5 -> q10;
	m6 -> q1;
	m6 -> q2;
	m6 -> q4;
	m6 -> q6;
	m6 -> q7;
	m6 -> q10;
	m6 -> q11;
	m7 -> q2;
	m7 -> q4;
	m7 -> q9;
	m7 -> q11;
	m8 -> q0;
	m8 -> q1;
	m8 -> q2;
	m8 -> q3;
	m8 -> q4;
	m8 -> q6;
	m8 -> q7;
	m8 -> q8;
	m8 -> q9;
	m8 -> q10;
	m8 -> q11;
	m9 -> q4;
	m9 -> q10;
	m9 -> q11;
	m10 -> q1;
	m10 -> q4;
	m10 -> q7;
	m10 -> q10;
	m10 -> q11;
	m11 -> q0;
	m11 -> q1;
	m11 -> q4;
	m11 -> q5;
	m11 -> q6;
	m11 -> q7;
	m11 -> q8;
	m11 -> q10;
	m11 -> q11;
	m12 -> q0;
	m12 -> q2;
	m12 -> q4;
	m12 -> q5;
	m12 -> q6;
	m12 -> q7;
	m12 -> q9;
	m12 -> q10;
	m12 -> q11;
	m13 -> q1;
	m13 -> q2;
	m13 -> q4;
	m13 -> q10;
	m13 -> q11;
	m14 -> q1;
	m14 -> q2;
	m14 -> q4;
	m14 -> q6;
	m14 -> q7;
	m14 -> q9;
	m14 -> q10;
	m14 -> q11;
	m15 -> q0;
	m15 -> q3;
	m15 -> q5;
	m15 -> q6;
	m15 -> q7;
	m15 -> q8;
	m15 -> q9;
	m16 -> q0;
	m16 -> q1;
	m16 -> q2;
	m16 -> q4;
	m16 -> q5;
	m16 -> q6;
	m16 -> q7;
	m16 -> q8;
	m16 -> q9;
	m16 -> q10;
	m16 -> q11;
}
AFA size: 12 states

