Random target AFA:
digraph finite_state_machine {
	rankdir=LR;
	node [shape = circle];
	s0 [shape = point, style = invis, start="true" ];
	s1 [shape = point, style = invis, start="true" ];
	q0 [label = "q0", shape = doublecircle, final="true" ];
	q1 [label = "q1", shape = doublecircle, final="true" ];
	q2 [label = "q2", shape = doublecircle, final="true" ];
	q3 [label = "q3"];
	q4 [label = "q4", shape = doublecircle, final="true" ];
	q5 [label = "q5", shape = doublecircle, final="true" ];
	m0 [label = "", shape = square, style = filled, color=grey, fixedsize=true, width=.2];
	m1 [label = "", shape = square, style = filled, color=grey, fixedsize=true, width=.2];
	m2 [label = "", shape = square, style = filled, color=grey, fixedsize=true, width=.2];
	m3 [label = "", shape = square, style = filled, color=grey, fixedsize=true, width=.2];
	m4 [label = "", shape = square, style = filled, color=grey, fixedsize=true, width=.2];
	m5 [label = "", shape = square, style = filled, color=grey, fixedsize=true, width=.2];
	s0 -> q1
	s1 -> q1
	q3 -> q4 [label = "c"];
	q1 -> q4 [label = "c"];
	q3 -> q0 [label = "a"];
	q1 -> q3 [label = "b, c"];
	q1 -> m5 [label = "a"];
	q1 -> m4 [label = "a"];
	q4 -> m0 [label = "c"];
	q3 -> m2 [label = "a"];
	q0 -> q2 [label = "a, c"];
	q4 -> m3 [label = "b"];
	q4 -> q1 [label = "c"];
	q0 -> m1 [label = "a, b"];
	q4 -> q4 [label = "a"];
	q2 -> q1 [label = "b"];
	q5 -> m2 [label = "b"];
	q2 -> q0 [label = "b"];
	q0 -> q1 [label = "b"];
	q2 -> m2 [label = "a"];
	q2 -> q3 [label = "a, c"];
	q4 -> q2 [label = "b"];
	q1 -> q0 [label = "b"];
	q4 -> q5 [label = "a"];
	q0 -> m3 [label = "c"];
	q5 -> q5 [label = "a"];
	q3 -> q2 [label = "b"];
	q5 -> q3 [label = "b, c"];
	m0 -> q0;
	m0 -> q1;
	m1 -> q1;
	m1 -> q2;
	m2 -> q2;
	m2 -> q5;
	m3 -> q3;
	m3 -> q5;
	m4 -> q2;
	m4 -> q3;
	m5 -> q1;
	m5 -> q4;
}

L* output after 11 EQ and 15683 MQ:
digraph finite_state_machine {
	rankdir=LR;
	node [shape = circle];
	s0 [shape = point, style = invis, start="true" ];
	q0 [label = "q0", shape = doublecircle, final="true" ];
	q1 [label = "q1", shape = doublecircle, final="true" ];
	q2 [label = "q2", shape = doublecircle, final="true" ];
	q3 [label = "q3", shape = doublecircle, final="true" ];
	q4 [label = "q4", shape = doublecircle, final="true" ];
	q5 [label = "q5", shape = doublecircle, final="true" ];
	q6 [label = "q6", shape = doublecircle, final="true" ];
	q7 [label = "q7", shape = doublecircle, final="true" ];
	q8 [label = "q8", shape = doublecircle, final="true" ];
	q9 [label = "q9", shape = doublecircle, final="true" ];
	q10 [label = "q10", shape = doublecircle, final="true" ];
	q11 [label = "q11", shape = doublecircle, final="true" ];
	q12 [label = "q12", shape = doublecircle, final="true" ];
	q13 [label = "q13", shape = doublecircle, final="true" ];
	q14 [label = "q14", shape = doublecircle, final="true" ];
	q15 [label = "q15", shape = doublecircle, final="true" ];
	q16 [label = "q16", shape = doublecircle, final="true" ];
	q17 [label = "q17", shape = doublecircle, final="true" ];
	q18 [label = "q18", shape = doublecircle, final="true" ];
	q19 [label = "q19", shape = doublecircle, final="true" ];
	q20 [label = "q20", shape = doublecircle, final="true" ];
	q21 [label = "q21", shape = doublecircle, final="true" ];
	q22 [label = "q22", shape = doublecircle, final="true" ];
	q23 [label = "q23", shape = doublecircle, final="true" ];
	q24 [label = "q24", shape = doublecircle, final="true" ];
	q25 [label = "q25", shape = doublecircle, final="true" ];
	q26 [label = "q26", shape = doublecircle, final="true" ];
	q27 [label = "q27", shape = doublecircle, final="true" ];
	q28 [label = "q28", shape = doublecircle, final="true" ];
	q29 [label = "q29", shape = doublecircle, final="true" ];
	q30 [label = "q30", shape = doublecircle, final="true" ];
	q31 [label = "q31", shape = doublecircle, final="true" ];
	q32 [label = "q32", shape = doublecircle, final="true" ];
	q33 [label = "q33", shape = doublecircle, final="true" ];
	q34 [label = "q34", shape = doublecircle, final="true" ];
	q35 [label = "q35", shape = doublecircle, final="true" ];
	q36 [label = "q36", shape = doublecircle, final="true" ];
	q37 [label = "q37", shape = doublecircle, final="true" ];
	q38 [label = "q38", shape = doublecircle, final="true" ];
	q39 [label = "q39", shape = doublecircle, final="true" ];
	q40 [label = "q40", shape = doublecircle, final="true" ];
	q41 [label = "q41", shape = doublecircle, final="true" ];
	q42 [label = "q42", shape = doublecircle, final="true" ];
	q43 [label = "q43"];
	q44 [label = "q44", shape = doublecircle, final="true" ];
	q45 [label = "q45", shape = doublecircle, final="true" ];
	q46 [label = "q46", shape = doublecircle, final="true" ];
	q47 [label = "q47", shape = doublecircle, final="true" ];
	q48 [label = "q48", shape = doublecircle, final="true" ];
	q49 [label = "q49", shape = doublecircle, final="true" ];
	q50 [label = "q50", shape = doublecircle, final="true" ];
	q51 [label = "q51", shape = doublecircle, final="true" ];
	q52 [label = "q52", shape = doublecircle, final="true" ];
	q53 [label = "q53", shape = doublecircle, final="true" ];
	q54 [label = "q54", shape = doublecircle, final="true" ];
	q55 [label = "q55", shape = doublecircle, final="true" ];
	q56 [label = "q56", shape = doublecircle, final="true" ];
	q57 [label = "q57", shape = doublecircle, final="true" ];
	q58 [label = "q58", shape = doublecircle, final="true" ];
	q59 [label = "q59", shape = doublecircle, final="true" ];
	q60 [label = "q60", shape = doublecircle, final="true" ];
	q61 [label = "q61", shape = doublecircle, final="true" ];
	q62 [label = "q62", shape = doublecircle, final="true" ];
	q63 [label = "q63", shape = doublecircle, final="true" ];
	q64 [label = "q64", shape = doublecircle, final="true" ];
	q65 [label = "q65", shape = doublecircle, final="true" ];
	q66 [label = "q66", shape = doublecircle, final="true" ];
	q67 [label = "q67", shape = doublecircle, final="true" ];
	q68 [label = "q68", shape = doublecircle, final="true" ];
	q69 [label = "q69", shape = doublecircle, final="true" ];
	q70 [label = "q70", shape = doublecircle, final="true" ];
	q71 [label = "q71", shape = doublecircle, final="true" ];
	q72 [label = "q72", shape = doublecircle, final="true" ];
	q73 [label = "q73", shape = doublecircle, final="true" ];
	q74 [label = "q74", shape = doublecircle, final="true" ];
	q75 [label = "q75", shape = doublecircle, final="true" ];
	q76 [label = "q76", shape = doublecircle, final="true" ];
	q77 [label = "q77", shape = doublecircle, final="true" ];
	q78 [label = "q78", shape = doublecircle, final="true" ];
	q79 [label = "q79", shape = doublecircle, final="true" ];
	q80 [label = "q80", shape = doublecircle, final="true" ];
	q81 [label = "q81", shape = doublecircle, final="true" ];
	s0 -> q39
	q41 -> q37 [label = "c"];
	q44 -> q38 [label = "a"];
	q46 -> q2 [label = "b"];
	q42 -> q44 [label = "a"];
	q39 -> q40 [label = "a"];
	q35 -> q46 [label = "c"];
	q36 -> q52 [label = "b"];
	q47 -> q32 [label = "c"];
	q37 -> q54 [label = "a"];
	q33 -> q46 [label = "c"];
	q39 -> q46 [label = "c"];
	q37 -> q66 [label = "c"];
	q33 -> q76 [label = "a"];
	q36 -> q27 [label = "a"];
	q32 -> q23 [label = "c"];
	q38 -> q32 [label = "c"];
	q34 -> q26 [label = "a"];
	q34 -> q74 [label = "b"];
	q32 -> q25 [label = "a"];
	q29 -> q68 [label = "b"];
	q27 -> q32 [label = "c"];
	q30 -> q57 [label = "a"];
	q32 -> q2 [label = "b"];
	q28 -> q52 [label = "b"];
	q25 -> q35 [label = "c"];
	q27 -> q80 [label = "a"];
	q29 -> q46 [label = "c"];
	q27 -> q36 [label = "b"];
	q25 -> q59 [label = "a"];
	q30 -> q79 [label = "c"];
	q24 -> q70 [label = "b, c"];
	q28 -> q55 [label = "c"];
	q26 -> q68 [label = "b"];
	q21 -> q52 [label = "b"];
	q19 -> q35 [label = "c"];
	q9 -> q7 [label = "a"];
	q11 -> q71 [label = "b"];
	q14 -> q33 [label = "b"];
	q10 -> q20 [label = "a"];
	q14 -> q32 [label = "c"];
	q8 -> q16 [label = "a"];
	q10 -> q21 [label = "b"];
	q12 -> q46 [label = "c"];
	q33 -> q36 [label = "b"];
	q4 -> q43 [label = "c"];
	q28 -> q35 [label = "a"];
	q6 -> q46 [label = "c"];
	q46 -> q31 [label = "c"];
	q15 -> q55 [label = "c"];
	q2 -> q26 [label = "a"];
	q0 -> q35 [label = "a, c"];
	q3 -> q28 [label = "b"];
	q3 -> q0 [label = "a"];
	q5 -> q9 [label = "a"];
	q43 -> q34 [label = "b"];
	q1 -> q35 [label = "c"];
	q6 -> q9 [label = "a"];
	q12 -> q9 [label = "a"];
	q2 -> q43 [label = "c"];
	q29 -> q58 [label = "a"];
	q7 -> q6 [label = "a"];
	q31 -> q56 [label = "b"];
	q5 -> q15 [label = "b"];
	q41 -> q49 [label = "a"];
	q9 -> q35 [label = "c"];
	q13 -> q77 [label = "a"];
	q14 -> q10 [label = "a"];
	q11 -> q12 [label = "c"];
	q13 -> q70 [label = "b"];
	q40 -> q48 [label = "c"];
	q62 -> q58 [label = "a"];
	q48 -> q2 [label = "b"];
	q61 -> q68 [label = "b"];
	q8 -> q70 [label = "b"];
	q15 -> q35 [label = "a"];
	q62 -> q2 [label = "b"];
	q63 -> q25 [label = "a"];
	q55 -> q60 [label = "a"];
	q38 -> q75 [label = "b"];
	q66 -> q56 [label = "b"];
	q20 -> q62 [label = "c"];
	q1 -> q2 [label = "a"];
	q65 -> q20 [label = "a"];
	q26 -> q46 [label = "c"];
	q67 -> q81 [label = "b"];
	q67 -> q0 [label = "a"];
	q60 -> q70 [label = "b"];
	q56 -> q56 [label = "a"];
	q47 -> q33 [label = "b"];
	q4 -> q44 [label = "a"];
	q57 -> q62 [label = "c"];
	q65 -> q46 [label = "c"];
	q71 -> q71 [label = "b"];
	q69 -> q66 [label = "c"];
	q37 -> q28 [label = "b"];
	q11 -> q8 [label = "a"];
	q67 -> q55 [label = "c"];
	q6 -> q81 [label = "b"];
	q71 -> q56 [label = "a"];
	q35 -> q67 [label = "a"];
	q64 -> q70 [label = "c"];
	q34 -> q43 [label = "c"];
	q68 -> q80 [label = "a"];
	q21 -> q46 [label = "c"];
	q77 -> q17 [label = "a"];
	q72 -> q60 [label = "a"];
	q69 -> q71 [label = "b"];
	q36 -> q55 [label = "c"];
	q0 -> q36 [label = "b"];
	q79 -> q15 [label = "b"];
	q81 -> q46 [label = "c"];
	q70 -> q46 [label = "c"];
	q12 -> q56 [label = "b"];
	q16 -> q11 [label = "a"];
	q45 -> q2 [label = "a"];
	q75 -> q76 [label = "a"];
	q7 -> q5 [label = "c"];
	q78 -> q56 [label = "b"];
	q81 -> q52 [label = "b"];
	q74 -> q55 [label = "c"];
	q69 -> q54 [label = "a"];
	q2 -> q36 [label = "b"];
	q76 -> q21 [label = "b"];
	q30 -> q33 [label = "b"];
	q45 -> q65 [label = "b"];
	q73 -> q21 [label = "b"];
	q75 -> q46 [label = "c"];
	q80 -> q81 [label = "b"];
	q81 -> q80 [label = "a"];
	q40 -> q47 [label = "a"];
	q18 -> q47 [label = "a"];
	q21 -> q76 [label = "a"];
	q77 -> q66 [label = "c"];
	q59 -> q79 [label = "c"];
	q78 -> q16 [label = "a"];
	q58 -> q35 [label = "c"];
	q45 -> q35 [label = "c"];
	q79 -> q19 [label = "a"];
	q41 -> q50 [label = "b"];
	q80 -> q46 [label = "c"];
	q38 -> q4 [label = "a"];
	q73 -> q62 [label = "c"];
	q13 -> q66 [label = "c"];
	q66 -> q46 [label = "c"];
	q40 -> q42 [label = "b"];
	q5 -> q46 [label = "c"];
	q78 -> q78 [label = "c"];
	q10 -> q32 [label = "c"];
	q60 -> q64 [label = "a"];
	q43 -> q51 [label = "c"];
	q1 -> q75 [label = "b"];
	q75 -> q3 [label = "b"];
	q72 -> q71 [label = "b"];
	q68 -> q36 [label = "b"];
	q64 -> q71 [label = "b"];
	q77 -> q35 [label = "b"];
	q72 -> q78 [label = "c"];
	q65 -> q3 [label = "b"];
	q25 -> q81 [label = "b"];
	q76 -> q76 [label = "a"];
	q74 -> q52 [label = "b"];
	q74 -> q22 [label = "a"];
	q71 -> q55 [label = "c"];
	q76 -> q32 [label = "c"];
	q63 -> q68 [label = "b"];
	q15 -> q36 [label = "b"];
	q19 -> q27 [label = "a"];
	q61 -> q30 [label = "a"];
	q50 -> q29 [label = "a"];
	q49 -> q74 [label = "b"];
	q63 -> q46 [label = "c"];
	q44 -> q32 [label = "c"];
	q9 -> q81 [label = "b"];
	q70 -> q71 [label = "b"];
	q80 -> q19 [label = "a"];
	q59 -> q63 [label = "a"];
	q61 -> q62 [label = "c"];
	q59 -> q36 [label = "b"];
	q57 -> q61 [label = "a"];
	q7 -> q36 [label = "b"];
	q55 -> q78 [label = "c"];
	q50 -> q52 [label = "b"];
	q56 -> q55 [label = "c"];
	q26 -> q1 [label = "a"];
	q62 -> q23 [label = "c"];
	q79 -> q46 [label = "c"];
	q60 -> q72 [label = "c"];
	q23 -> q53 [label = "a"];
	q53 -> q35 [label = "b"];
	q64 -> q72 [label = "a"];
	q54 -> q24 [label = "a"];
	q50 -> q46 [label = "c"];
	q49 -> q35 [label = "a, c"];
	q73 -> q18 [label = "a"];
	q51 -> q53 [label = "a"];
	q42 -> q36 [label = "b"];
	q66 -> q19 [label = "a"];
	q51 -> q39 [label = "c"];
	q53 -> q66 [label = "c"];
	q54 -> q35 [label = "b"];
	q52 -> q0 [label = "a"];
	q35 -> q28 [label = "b"];
	q48 -> q23 [label = "c"];
	q31 -> q78 [label = "c"];
	q68 -> q46 [label = "c"];
	q52 -> q71 [label = "b"];
	q55 -> q28 [label = "b"];
	q42 -> q43 [label = "c"];
	q4 -> q21 [label = "b"];
	q54 -> q78 [label = "c"];
	q20 -> q14 [label = "a"];
	q56 -> q28 [label = "b"];
	q52 -> q55 [label = "c"];
	q39 -> q41 [label = "b"];
	q53 -> q53 [label = "a"];
	q47 -> q73 [label = "a"];
	q43 -> q45 [label = "a"];
	q48 -> q30 [label = "a"];
	q8 -> q78 [label = "c"];
	q58 -> q22 [label = "a"];
	q46 -> q24 [label = "a"];
	q44 -> q33 [label = "b"];
	q3 -> q55 [label = "c"];
	q18 -> q62 [label = "c"];
	q20 -> q21 [label = "b"];
	q22 -> q29 [label = "a"];
	q17 -> q12 [label = "c"];
	q24 -> q69 [label = "a"];
	q23 -> q2 [label = "b"];
	q31 -> q77 [label = "a"];
	q17 -> q35 [label = "b"];
	q23 -> q31 [label = "c"];
	q58 -> q21 [label = "b"];
	q19 -> q21 [label = "b"];
	q51 -> q2 [label = "b"];
	q17 -> q13 [label = "a"];
	q57 -> q33 [label = "b"];
	q70 -> q67 [label = "a"];
	q16 -> q70 [label = "b, c"];
	q22 -> q62 [label = "c"];
	q22 -> q36 [label = "b"];
	q18 -> q33 [label = "b"];
}
DFA size: 82 states

NL* output after 10 EQ and 3577 MQ:
digraph finite_state_machine {
	rankdir=LR;
	node [shape = circle];
	s0 [shape = point, style = invis, start="true" ];
	q0 [label = "q0", shape = doublecircle, final="true" ];
	q1 [label = "q1", shape = doublecircle, final="true" ];
	q2 [label = "q2", shape = doublecircle, final="true" ];
	q3 [label = "q3", shape = doublecircle, final="true" ];
	q4 [label = "q4", shape = doublecircle, final="true" ];
	q5 [label = "q5", shape = doublecircle, final="true" ];
	q6 [label = "q6", shape = doublecircle, final="true" ];
	q7 [label = "q7", shape = doublecircle, final="true" ];
	q8 [label = "q8", shape = doublecircle, final="true" ];
	q9 [label = "q9", shape = doublecircle, final="true" ];
	q10 [label = "q10", shape = doublecircle, final="true" ];
	q11 [label = "q11", shape = doublecircle, final="true" ];
	q12 [label = "q12", shape = doublecircle, final="true" ];
	q13 [label = "q13"];
	q14 [label = "q14", shape = doublecircle, final="true" ];
	q15 [label = "q15", shape = doublecircle, final="true" ];
	q16 [label = "q16", shape = doublecircle, final="true" ];
	q17 [label = "q17", shape = doublecircle, final="true" ];
	q18 [label = "q18", shape = doublecircle, final="true" ];
	q19 [label = "q19", shape = doublecircle, final="true" ];
	q20 [label = "q20", shape = doublecircle, final="true" ];
	q21 [label = "q21", shape = doublecircle, final="true" ];
	s0 -> q10
	q18 -> q21 [label = "c"];
	q18 -> q9 [label = "c"];
	q20 -> q18 [label = "b"];
	q20 -> q17 [label = "b"];
	q17 -> q21 [label = "c"];
	q17 -> q9 [label = "c"];
	q21 -> q15 [label = "a"];
	q21 -> q7 [label = "a"];
	q21 -> q5 [label = "a"];
	q17 -> q10 [label = "b"];
	q19 -> q19 [label = "b"];
	q19 -> q12 [label = "b"];
	q19 -> q3 [label = "b"];
	q19 -> q2 [label = "b"];
	q17 -> q19 [label = "a, c"];
	q21 -> q9 [label = "c"];
	q16 -> q21 [label = "c"];
	q16 -> q13 [label = "c"];
	q20 -> q16 [label = "a"];
	q18 -> q19 [label = "a"];
	q16 -> q19 [label = "b"];
	q16 -> q15 [label = "b"];
	q16 -> q11 [label = "b, c"];
	q16 -> q2 [label = "b"];
	q18 -> q11 [label = "b, c"];
	q18 -> q10 [label = "b"];
	q18 -> q3 [label = "b"];
	q13 -> q20 [label = "b"];
	q17 -> q16 [label = "c"];
	q14 -> q17 [label = "a"];
	q12 -> q15 [label = "b"];
	q12 -> q12 [label = "b"];
	q12 -> q7 [label = "b"];
	q12 -> q2 [label = "b"];
	q10 -> q21 [label = "c"];
	q10 -> q9 [label = "c"];
	q15 -> q19 [label = "b"];
	q15 -> q18 [label = "b"];
	q15 -> q15 [label = "b"];
	q15 -> q3 [label = "b"];
	q15 -> q2 [label = "b"];
	q17 -> q18 [label = "c"];
	q9 -> q9 [label = "c"];
	q9 -> q8 [label = "c"];
	q3 -> q9 [label = "c"];
	q5 -> q20 [label = "b"];
	q20 -> q7 [label = "b"];
	q3 -> q13 [label = "c"];
	q5 -> q12 [label = "b"];
	q5 -> q4 [label = "b"];
	q5 -> q3 [label = "b"];
	q7 -> q6 [label = "a"];
	q4 -> q18 [label = "b"];
	q17 -> q13 [label = "c"];
	q15 -> q4 [label = "a, b"];
	q4 -> q15 [label = "b"];
	q4 -> q12 [label = "b"];
	q12 -> q3 [label = "b"];
	q4 -> q4 [label = "b"];
	q5 -> q16 [label = "b"];
	q4 -> q2 [label = "b"];
	q10 -> q8 [label = "c"];
	q6 -> q5 [label = "a"];
	q1 -> q10 [label = "c"];
	q5 -> q7 [label = "a"];
	q12 -> q10 [label = "b"];
	q2 -> q10 [label = "b"];
	q16 -> q3 [label = "b"];
	q1 -> q7 [label = "a"];
	q10 -> q11 [label = "a, c"];
	q0 -> q19 [label = "a, b"];
	q0 -> q18 [label = "a, b"];
	q0 -> q11 [label = "a, b, c"];
	q6 -> q9 [label = "c"];
	q1 -> q16 [label = "b, c"];
	q0 -> q4 [label = "a, b"];
	q17 -> q6 [label = "c"];
	q0 -> q3 [label = "a, b"];
	q4 -> q19 [label = "b"];
	q14 -> q3 [label = "b, c"];
	q17 -> q15 [label = "b, c"];
	q4 -> q13 [label = "c"];
	q19 -> q11 [label = "b"];
	q15 -> q12 [label = "b"];
	q10 -> q14 [label = "b"];
	q17 -> q5 [label = "c"];
	q8 -> q7 [label = "a"];
	q1 -> q0 [label = "b, c"];
	q8 -> q6 [label = "a"];
	q12 -> q17 [label = "b"];
	q14 -> q8 [label = "c"];
	q9 -> q19 [label = "b"];
	q2 -> q11 [label = "a, b, c"];
	q20 -> q15 [label = "b"];
	q14 -> q7 [label = "c"];
	q19 -> q13 [label = "c"];
	q6 -> q19 [label = "b"];
	q5 -> q18 [label = "b"];
	q7 -> q5 [label = "c"];
	q15 -> q21 [label = "c"];
	q17 -> q12 [label = "a, c"];
	q5 -> q2 [label = "b"];
	q9 -> q20 [label = "b"];
	q4 -> q16 [label = "b"];
	q9 -> q12 [label = "b"];
	q5 -> q11 [label = "b, c"];
	q2 -> q4 [label = "a, b"];
	q3 -> q3 [label = "b"];
	q16 -> q18 [label = "a, b"];
	q8 -> q5 [label = "a"];
	q12 -> q4 [label = "b"];
	q0 -> q12 [label = "b"];
	q14 -> q10 [label = "b"];
	q1 -> q2 [label = "b"];
	q18 -> q13 [label = "c"];
	q20 -> q4 [label = "b"];
	q1 -> q4 [label = "b"];
	q17 -> q20 [label = "a, c"];
	q16 -> q12 [label = "b"];
	q15 -> q9 [label = "c"];
	q19 -> q15 [label = "b"];
	q0 -> q21 [label = "c"];
	q21 -> q4 [label = "a"];
	q0 -> q16 [label = "a, b"];
	q7 -> q15 [label = "b, c"];
	q14 -> q5 [label = "c"];
	q17 -> q3 [label = "c"];
	q10 -> q13 [label = "b, c"];
	q9 -> q7 [label = "a"];
	q8 -> q8 [label = "a"];
	q2 -> q13 [label = "c"];
	q2 -> q8 [label = "c"];
	q8 -> q1 [label = "a"];
	q14 -> q12 [label = "b, c"];
	q20 -> q13 [label = "a, c"];
	q21 -> q20 [label = "b"];
	q11 -> q9 [label = "c"];
	q2 -> q7 [label = "b"];
	q3 -> q4 [label = "b"];
	q21 -> q12 [label = "b"];
	q17 -> q4 [label = "c"];
	q13 -> q8 [label = "c"];
	q4 -> q3 [label = "a, b"];
	q2 -> q18 [label = "a, b"];
	q12 -> q16 [label = "a, b"];
	q11 -> q19 [label = "b"];
	q5 -> q13 [label = "c"];
	q0 -> q20 [label = "b"];
	q4 -> q9 [label = "c"];
	q7 -> q3 [label = "b, c"];
	q17 -> q0 [label = "c"];
	q16 -> q9 [label = "c"];
	q2 -> q2 [label = "b"];
	q3 -> q16 [label = "b"];
	q4 -> q11 [label = "a, b, c"];
	q14 -> q19 [label = "b, c"];
	q8 -> q10 [label = "c"];
	q17 -> q11 [label = "c"];
	q15 -> q16 [label = "b"];
	q14 -> q20 [label = "a, b, c"];
	q2 -> q3 [label = "a, b"];
	q1 -> q8 [label = "a"];
	q12 -> q11 [label = "b"];
	q5 -> q6 [label = "b"];
	q8 -> q12 [label = "b"];
	q8 -> q19 [label = "b"];
	q13 -> q17 [label = "a"];
	q8 -> q20 [label = "b"];
	q15 -> q13 [label = "c"];
	q7 -> q11 [label = "b, c"];
	q15 -> q11 [label = "b, c"];
	q2 -> q12 [label = "b"];
	q2 -> q15 [label = "a, b"];
	q2 -> q16 [label = "a, b"];
	q4 -> q10 [label = "b"];
	q2 -> q17 [label = "b"];
	q20 -> q10 [label = "b"];
	q11 -> q12 [label = "b"];
	q2 -> q19 [label = "a, b"];
	q12 -> q18 [label = "b"];
	q6 -> q11 [label = "b, c"];
	q18 -> q16 [label = "b"];
	q0 -> q7 [label = "a, b"];
	q1 -> q3 [label = "b, c"];
	q0 -> q2 [label = "b"];
	q11 -> q15 [label = "a"];
	q6 -> q3 [label = "b"];
	q1 -> q18 [label = "b"];
	q19 -> q18 [label = "b"];
	q19 -> q16 [label = "a, b"];
	q14 -> q4 [label = "b, c"];
	q0 -> q6 [label = "b"];
	q19 -> q4 [label = "b"];
	q12 -> q19 [label = "b"];
	q6 -> q4 [label = "b"];
	q6 -> q2 [label = "b"];
	q21 -> q19 [label = "b"];
	q1 -> q11 [label = "b, c"];
	q6 -> q12 [label = "b"];
	q2 -> q21 [label = "c"];
	q1 -> q19 [label = "b"];
	q7 -> q19 [label = "b"];
	q0 -> q17 [label = "a, b"];
	q6 -> q15 [label = "b"];
	q6 -> q18 [label = "b"];
	q0 -> q8 [label = "c"];
	q0 -> q9 [label = "c"];
	q5 -> q19 [label = "b"];
	q0 -> q13 [label = "c"];
	q16 -> q16 [label = "b"];
	q7 -> q0 [label = "c"];
	q5 -> q9 [label = "c"];
	q1 -> q1 [label = "a"];
	q16 -> q4 [label = "b"];
	q1 -> q5 [label = "a, b, c"];
	q1 -> q6 [label = "a, b"];
	q18 -> q15 [label = "b"];
	q3 -> q2 [label = "b"];
	q21 -> q18 [label = "a"];
	q3 -> q11 [label = "b, c"];
	q21 -> q8 [label = "c"];
	q7 -> q2 [label = "b"];
	q0 -> q15 [label = "a, b"];
	q3 -> q12 [label = "b"];
	q3 -> q18 [label = "b"];
	q21 -> q17 [label = "a"];
	q19 -> q10 [label = "b"];
	q12 -> q13 [label = "c"];
	q3 -> q19 [label = "b"];
	q2 -> q9 [label = "c"];
	q14 -> q11 [label = "b, c"];
	q6 -> q13 [label = "c"];
	q1 -> q20 [label = "b"];
	q5 -> q15 [label = "b"];
	q6 -> q16 [label = "b"];
	q7 -> q9 [label = "c"];
	q7 -> q13 [label = "c"];
	q7 -> q16 [label = "b, c"];
	q7 -> q18 [label = "b"];
	q14 -> q6 [label = "b, c"];
	q1 -> q9 [label = "b, c"];
	q17 -> q2 [label = "c"];
	q1 -> q12 [label = "b"];
	q1 -> q13 [label = "b, c"];
	q1 -> q15 [label = "b, c"];
	q1 -> q21 [label = "b"];
	q7 -> q4 [label = "b"];
	q3 -> q15 [label = "a, b"];
	q7 -> q12 [label = "b"];
}
NFA size: 22 states

AL* output after 15 EQ and 2447 MQ:
digraph finite_state_machine {
	rankdir=LR;
	node [shape = circle];
	s0 [shape = point, style = invis, start="true" ];
	s1 [shape = point, style = invis, start="true" ];
	s2 [shape = point, style = invis, start="true" ];
	q0 [label = "q0", shape = doublecircle, final="true" ];
	q1 [label = "q1", shape = doublecircle, final="true" ];
	q2 [label = "q2", shape = doublecircle, final="true" ];
	q3 [label = "q3", shape = doublecircle, final="true" ];
	q4 [label = "q4", shape = doublecircle, final="true" ];
	q5 [label = "q5", shape = doublecircle, final="true" ];
	q6 [label = "q6", shape = doublecircle, final="true" ];
	q7 [label = "q7", shape = doublecircle, final="true" ];
	q8 [label = "q8"];
	q9 [label = "q9", shape = doublecircle, final="true" ];
	m0 [label = "", shape = square, style = filled, color=grey, fixedsize=true, width=.2];
	m1 [label = "", shape = square, style = filled, color=grey, fixedsize=true, width=.2];
	m2 [label = "", shape = square, style = filled, color=grey, fixedsize=true, width=.2];
	m3 [label = "", shape = square, style = filled, color=grey, fixedsize=true, width=.2];
	m4 [label = "", shape = square, style = filled, color=grey, fixedsize=true, width=.2];
	m5 [label = "", shape = square, style = filled, color=grey, fixedsize=true, width=.2];
	m6 [label = "", shape = square, style = filled, color=grey, fixedsize=true, width=.2];
	m7 [label = "", shape = square, style = filled, color=grey, fixedsize=true, width=.2];
	m8 [label = "", shape = square, style = filled, color=grey, fixedsize=true, width=.2];
	m9 [label = "", shape = square, style = filled, color=grey, fixedsize=true, width=.2];
	m10 [label = "", shape = square, style = filled, color=grey, fixedsize=true, width=.2];
	m11 [label = "", shape = square, style = filled, color=grey, fixedsize=true, width=.2];
	m12 [label = "", shape = square, style = filled, color=grey, fixedsize=true, width=.2];
	m13 [label = "", shape = square, style = filled, color=grey, fixedsize=true, width=.2];
	m14 [label = "", shape = square, style = filled, color=grey, fixedsize=true, width=.2];
	s0 -> m0
	s1 -> m1
	s2 -> m2
	q9 -> m9 [label = "b"];
	q9 -> q6 [label = "b"];
	q9 -> m14 [label = "a"];
	q8 -> m14 [label = "c"];
	q8 -> q6 [label = "b"];
	q8 -> m11 [label = "a"];
	q8 -> m12 [label = "a"];
	q0 -> m5 [label = "a"];
	q2 -> m0 [label = "a, c"];
	q5 -> m9 [label = "a"];
	q7 -> m4 [label = "b, c"];
	q4 -> m2 [label = "b"];
	q6 -> m0 [label = "b"];
	q1 -> m4 [label = "c"];
	q5 -> m2 [label = "b"];
	q1 -> m3 [label = "c"];
	q6 -> m4 [label = "a, c"];
	q7 -> m7 [label = "a"];
	q7 -> m10 [label = "a"];
	q9 -> m2 [label = "c"];
	q1 -> m5 [label = "b"];
	q0 -> m1 [label = "b"];
	q3 -> m1 [label = "b"];
	q9 -> m0 [label = "a, c"];
	q5 -> m5 [label = "b"];
	q4 -> m0 [label = "b"];
	q7 -> m9 [label = "a"];
	q2 -> m4 [label = "b, c"];
	q3 -> m3 [label = "c"];
	q2 -> m1 [label = "c"];
	q0 -> m4 [label = "c"];
	q5 -> m0 [label = "b"];
	q2 -> m14 [label = "a"];
	q5 -> m1 [label = "b"];
	q3 -> m2 [label = "b"];
	q0 -> m10 [label = "a, b"];
	q7 -> m6 [label = "a"];
	q4 -> m12 [label = "a"];
	q3 -> m4 [label = "c"];
	q7 -> m8 [label = "a"];
	q1 -> m13 [label = "a"];
	q4 -> q6 [label = "a, b, c"];
	q3 -> m13 [label = "a, b"];
	q0 -> m9 [label = "a"];
	q6 -> m1 [label = "b"];
	q4 -> m14 [label = "c"];
	q3 -> m9 [label = "a"];
	q6 -> m11 [label = "a"];
	q3 -> m5 [label = "a, b"];
	q1 -> m0 [label = "b"];
	q1 -> m1 [label = "b"];
	q1 -> m2 [label = "b"];
	q1 -> m10 [label = "a, b"];
	q7 -> m14 [label = "c"];
	q3 -> m10 [label = "b"];
	q0 -> m2 [label = "b"];
	q1 -> m11 [label = "a"];
	q3 -> m11 [label = "a"];
	q1 -> m9 [label = "a"];
	q5 -> m4 [label = "c"];
	q6 -> m12 [label = "b"];
	q6 -> m2 [label = "b"];
	q7 -> m12 [label = "b"];
	q5 -> q6 [label = "a, c"];
	q0 -> m0 [label = "b"];
	q0 -> m12 [label = "b"];
	q2 -> q6 [label = "b"];
	q9 -> m1 [label = "c"];
	q0 -> m11 [label = "a"];
	m0 -> q2;
	m0 -> q7;
	m1 -> q0;
	m1 -> q6;
	m1 -> q7;
	m2 -> q4;
	m2 -> q7;
	m2 -> q8;
	m3 -> q2;
	m3 -> q6;
	m3 -> q9;
	m4 -> q4;
	m4 -> q8;
	m5 -> q1;
	m5 -> q3;
	m5 -> q4;
	m5 -> q5;
	m5 -> q8;
	m6 -> q1;
	m6 -> q2;
	m6 -> q3;
	m6 -> q4;
	m6 -> q5;
	m6 -> q7;
	m6 -> q8;
	m6 -> q9;
	m7 -> q0;
	m7 -> q1;
	m7 -> q2;
	m7 -> q4;
	m7 -> q5;
	m7 -> q6;
	m7 -> q7;
	m7 -> q9;
	m8 -> q0;
	m8 -> q1;
	m8 -> q2;
	m8 -> q3;
	m8 -> q5;
	m8 -> q6;
	m8 -> q7;
	m8 -> q9;
	m9 -> q0;
	m9 -> q1;
	m9 -> q2;
	m9 -> q3;
	m9 -> q4;
	m9 -> q7;
	m9 -> q8;
	m9 -> q9;
	m10 -> q0;
	m10 -> q3;
	m10 -> q4;
	m10 -> q6;
	m10 -> q8;
	m11 -> q0;
	m11 -> q1;
	m11 -> q2;
	m11 -> q3;
	m11 -> q5;
	m11 -> q6;
	m11 -> q7;
	m12 -> q4;
	m12 -> q5;
	m13 -> q0;
	m13 -> q1;
	m13 -> q4;
	m13 -> q5;
	m13 -> q6;
	m14 -> q2;
	m14 -> q9;
}
AFA size: 10 states

AL** output after 16 EQ and 2447 MQ:
digraph finite_state_machine {
	rankdir=LR;
	node [shape = circle];
	s0 [shape = point, style = invis, start="true" ];
	s1 [shape = point, style = invis, start="true" ];
	s2 [shape = point, style = invis, start="true" ];
	q0 [label = "q0", shape = doublecircle, final="true" ];
	q1 [label = "q1", shape = doublecircle, final="true" ];
	q2 [label = "q2", shape = doublecircle, final="true" ];
	q3 [label = "q3", shape = doublecircle, final="true" ];
	q4 [label = "q4", shape = doublecircle, final="true" ];
	q5 [label = "q5", shape = doublecircle, final="true" ];
	q6 [label = "q6", shape = doublecircle, final="true" ];
	q7 [label = "q7", shape = doublecircle, final="true" ];
	q8 [label = "q8"];
	q9 [label = "q9", shape = doublecircle, final="true" ];
	m0 [label = "", shape = square, style = filled, color=grey, fixedsize=true, width=.2];
	m1 [label = "", shape = square, style = filled, color=grey, fixedsize=true, width=.2];
	m2 [label = "", shape = square, style = filled, color=grey, fixedsize=true, width=.2];
	m3 [label = "", shape = square, style = filled, color=grey, fixedsize=true, width=.2];
	m4 [label = "", shape = square, style = filled, color=grey, fixedsize=true, width=.2];
	m5 [label = "", shape = square, style = filled, color=grey, fixedsize=true, width=.2];
	m6 [label = "", shape = square, style = filled, color=grey, fixedsize=true, width=.2];
	m7 [label = "", shape = square, style = filled, color=grey, fixedsize=true, width=.2];
	m8 [label = "", shape = square, style = filled, color=grey, fixedsize=true, width=.2];
	m9 [label = "", shape = square, style = filled, color=grey, fixedsize=true, width=.2];
	m10 [label = "", shape = square, style = filled, color=grey, fixedsize=true, width=.2];
	m11 [label = "", shape = square, style = filled, color=grey, fixedsize=true, width=.2];
	m12 [label = "", shape = square, style = filled, color=grey, fixedsize=true, width=.2];
	m13 [label = "", shape = square, style = filled, color=grey, fixedsize=true, width=.2];
	m14 [label = "", shape = square, style = filled, color=grey, fixedsize=true, width=.2];
	s0 -> m0
	s1 -> m1
	s2 -> m2
	q9 -> m9 [label = "b"];
	q9 -> q6 [label = "b"];
	q9 -> m14 [label = "a"];
	q8 -> m14 [label = "c"];
	q8 -> q6 [label = "b"];
	q8 -> m11 [label = "a"];
	q8 -> m12 [label = "a"];
	q0 -> m5 [label = "a"];
	q2 -> m0 [label = "a, c"];
	q5 -> m9 [label = "a"];
	q7 -> m4 [label = "b, c"];
	q4 -> m2 [label = "b"];
	q6 -> m0 [label = "b"];
	q1 -> m4 [label = "c"];
	q5 -> m2 [label = "b"];
	q1 -> m3 [label = "c"];
	q6 -> m4 [label = "a, c"];
	q7 -> m7 [label = "a"];
	q7 -> m10 [label = "a"];
	q9 -> m2 [label = "c"];
	q1 -> m5 [label = "b"];
	q0 -> m1 [label = "b"];
	q3 -> m1 [label = "b"];
	q9 -> m0 [label = "a, c"];
	q5 -> m5 [label = "b"];
	q4 -> m0 [label = "b"];
	q7 -> m9 [label = "a"];
	q2 -> m4 [label = "b, c"];
	q3 -> m3 [label = "c"];
	q2 -> m1 [label = "c"];
	q0 -> m4 [label = "c"];
	q5 -> m0 [label = "b"];
	q2 -> m14 [label = "a"];
	q5 -> m1 [label = "b"];
	q3 -> m2 [label = "b"];
	q0 -> m10 [label = "a, b"];
	q7 -> m6 [label = "a"];
	q4 -> m12 [label = "a"];
	q3 -> m4 [label = "c"];
	q7 -> m8 [label = "a"];
	q1 -> m13 [label = "a"];
	q4 -> q6 [label = "a, b, c"];
	q3 -> m13 [label = "a, b"];
	q0 -> m9 [label = "a"];
	q6 -> m1 [label = "b"];
	q4 -> m14 [label = "c"];
	q3 -> m9 [label = "a"];
	q6 -> m11 [label = "a"];
	q3 -> m5 [label = "a, b"];
	q1 -> m0 [label = "b"];
	q1 -> m1 [label = "b"];
	q1 -> m2 [label = "b"];
	q1 -> m10 [label = "a, b"];
	q7 -> m14 [label = "c"];
	q3 -> m10 [label = "b"];
	q0 -> m2 [label = "b"];
	q1 -> m11 [label = "a"];
	q3 -> m11 [label = "a"];
	q1 -> m9 [label = "a"];
	q5 -> m4 [label = "c"];
	q6 -> m12 [label = "b"];
	q6 -> m2 [label = "b"];
	q7 -> m12 [label = "b"];
	q5 -> q6 [label = "a, c"];
	q0 -> m0 [label = "b"];
	q0 -> m12 [label = "b"];
	q2 -> q6 [label = "b"];
	q9 -> m1 [label = "c"];
	q0 -> m11 [label = "a"];
	m0 -> q2;
	m0 -> q7;
	m1 -> q0;
	m1 -> q6;
	m1 -> q7;
	m2 -> q4;
	m2 -> q7;
	m2 -> q8;
	m3 -> q2;
	m3 -> q6;
	m3 -> q9;
	m4 -> q4;
	m4 -> q8;
	m5 -> q1;
	m5 -> q3;
	m5 -> q4;
	m5 -> q5;
	m5 -> q8;
	m6 -> q1;
	m6 -> q2;
	m6 -> q3;
	m6 -> q4;
	m6 -> q5;
	m6 -> q7;
	m6 -> q8;
	m6 -> q9;
	m7 -> q0;
	m7 -> q1;
	m7 -> q2;
	m7 -> q4;
	m7 -> q5;
	m7 -> q6;
	m7 -> q7;
	m7 -> q9;
	m8 -> q0;
	m8 -> q1;
	m8 -> q2;
	m8 -> q3;
	m8 -> q5;
	m8 -> q6;
	m8 -> q7;
	m8 -> q9;
	m9 -> q0;
	m9 -> q1;
	m9 -> q2;
	m9 -> q3;
	m9 -> q4;
	m9 -> q7;
	m9 -> q8;
	m9 -> q9;
	m10 -> q0;
	m10 -> q3;
	m10 -> q4;
	m10 -> q6;
	m10 -> q8;
	m11 -> q0;
	m11 -> q1;
	m11 -> q2;
	m11 -> q3;
	m11 -> q5;
	m11 -> q6;
	m11 -> q7;
	m12 -> q4;
	m12 -> q5;
	m13 -> q0;
	m13 -> q1;
	m13 -> q4;
	m13 -> q5;
	m13 -> q6;
	m14 -> q2;
	m14 -> q9;
}
RAFA size: 10 states

