Random target AFA:
digraph finite_state_machine {
	rankdir=LR;
	node [shape = circle];
	s0 [shape = point, style = invis, start="true" ];
	s1 [shape = point, style = invis, start="true" ];
	q0 [label = "q0", shape = doublecircle, final="true" ];
	q1 [label = "q1"];
	q2 [label = "q2"];
	q3 [label = "q3"];
	q4 [label = "q4", shape = doublecircle, final="true" ];
	q5 [label = "q5", shape = doublecircle, final="true" ];
	m0 [label = "", shape = square, style = filled, color=grey, fixedsize=true, width=.2];
	m1 [label = "", shape = square, style = filled, color=grey, fixedsize=true, width=.2];
	m2 [label = "", shape = square, style = filled, color=grey, fixedsize=true, width=.2];
	m3 [label = "", shape = square, style = filled, color=grey, fixedsize=true, width=.2];
	m4 [label = "", shape = square, style = filled, color=grey, fixedsize=true, width=.2];
	m5 [label = "", shape = square, style = filled, color=grey, fixedsize=true, width=.2];
	m6 [label = "", shape = square, style = filled, color=grey, fixedsize=true, width=.2];
	m7 [label = "", shape = square, style = filled, color=grey, fixedsize=true, width=.2];
	s0 -> q2
	s1 -> q0
	q3 -> m7 [label = "c"];
	q5 -> m5 [label = "a"];
	q5 -> q3 [label = "b"];
	q4 -> m2 [label = "a"];
	q1 -> q0 [label = "a"];
	q0 -> m3 [label = "c"];
	q4 -> q0 [label = "a, b"];
	q4 -> q2 [label = "b"];
	q2 -> q3 [label = "a"];
	q2 -> q4 [label = "a, b"];
	q5 -> q0 [label = "a, c"];
	q1 -> q2 [label = "b"];
	q5 -> q5 [label = "b"];
	q0 -> q1 [label = "a, b, c"];
	q0 -> q4 [label = "a"];
	q4 -> m1 [label = "c"];
	q1 -> q4 [label = "a"];
	q2 -> q2 [label = "c"];
	q0 -> q2 [label = "b"];
	q4 -> m0 [label = "c"];
	q2 -> m2 [label = "b"];
	q3 -> q4 [label = "b"];
	q3 -> q2 [label = "a"];
	q3 -> q5 [label = "b"];
	q1 -> q3 [label = "b"];
	q3 -> m4 [label = "a"];
	q1 -> m6 [label = "c"];
	q1 -> q5 [label = "c"];
	q2 -> m4 [label = "c"];
	q3 -> m0 [label = "c"];
	m0 -> q0;
	m0 -> q1;
	m1 -> q4;
	m1 -> q5;
	m2 -> q0;
	m2 -> q3;
	m3 -> q2;
	m3 -> q4;
	m4 -> q3;
	m4 -> q4;
	m5 -> q2;
	m5 -> q3;
	m6 -> q0;
	m6 -> q2;
	m7 -> q1;
	m7 -> q5;
}

L* output after 7 EQ and 7058 MQ:
digraph finite_state_machine {
	rankdir=LR;
	node [shape = circle];
	s0 [shape = point, style = invis, start="true" ];
	q0 [label = "q0", shape = doublecircle, final="true" ];
	q1 [label = "q1", shape = doublecircle, final="true" ];
	q2 [label = "q2", shape = doublecircle, final="true" ];
	q3 [label = "q3", shape = doublecircle, final="true" ];
	q4 [label = "q4", shape = doublecircle, final="true" ];
	q5 [label = "q5", shape = doublecircle, final="true" ];
	q6 [label = "q6", shape = doublecircle, final="true" ];
	q7 [label = "q7", shape = doublecircle, final="true" ];
	q8 [label = "q8", shape = doublecircle, final="true" ];
	q9 [label = "q9", shape = doublecircle, final="true" ];
	q10 [label = "q10", shape = doublecircle, final="true" ];
	q11 [label = "q11", shape = doublecircle, final="true" ];
	q12 [label = "q12", shape = doublecircle, final="true" ];
	q13 [label = "q13", shape = doublecircle, final="true" ];
	q14 [label = "q14", shape = doublecircle, final="true" ];
	q15 [label = "q15", shape = doublecircle, final="true" ];
	q16 [label = "q16", shape = doublecircle, final="true" ];
	q17 [label = "q17", shape = doublecircle, final="true" ];
	q18 [label = "q18", shape = doublecircle, final="true" ];
	q19 [label = "q19", shape = doublecircle, final="true" ];
	q20 [label = "q20", shape = doublecircle, final="true" ];
	q21 [label = "q21"];
	q22 [label = "q22", shape = doublecircle, final="true" ];
	q23 [label = "q23", shape = doublecircle, final="true" ];
	q24 [label = "q24", shape = doublecircle, final="true" ];
	q25 [label = "q25", shape = doublecircle, final="true" ];
	q26 [label = "q26", shape = doublecircle, final="true" ];
	q27 [label = "q27", shape = doublecircle, final="true" ];
	q28 [label = "q28", shape = doublecircle, final="true" ];
	q29 [label = "q29", shape = doublecircle, final="true" ];
	q30 [label = "q30", shape = doublecircle, final="true" ];
	q31 [label = "q31", shape = doublecircle, final="true" ];
	q32 [label = "q32", shape = doublecircle, final="true" ];
	q33 [label = "q33", shape = doublecircle, final="true" ];
	q34 [label = "q34", shape = doublecircle, final="true" ];
	q35 [label = "q35", shape = doublecircle, final="true" ];
	q36 [label = "q36", shape = doublecircle, final="true" ];
	q37 [label = "q37"];
	q38 [label = "q38", shape = doublecircle, final="true" ];
	q39 [label = "q39", shape = doublecircle, final="true" ];
	q40 [label = "q40", shape = doublecircle, final="true" ];
	q41 [label = "q41", shape = doublecircle, final="true" ];
	q42 [label = "q42", shape = doublecircle, final="true" ];
	q43 [label = "q43", shape = doublecircle, final="true" ];
	q44 [label = "q44", shape = doublecircle, final="true" ];
	q45 [label = "q45", shape = doublecircle, final="true" ];
	q46 [label = "q46", shape = doublecircle, final="true" ];
	q47 [label = "q47", shape = doublecircle, final="true" ];
	q48 [label = "q48", shape = doublecircle, final="true" ];
	q49 [label = "q49", shape = doublecircle, final="true" ];
	q50 [label = "q50", shape = doublecircle, final="true" ];
	q51 [label = "q51", shape = doublecircle, final="true" ];
	q52 [label = "q52", shape = doublecircle, final="true" ];
	q53 [label = "q53", shape = doublecircle, final="true" ];
	q54 [label = "q54", shape = doublecircle, final="true" ];
	s0 -> q38
	q41 -> q20 [label = "c"];
	q47 -> q51 [label = "b"];
	q43 -> q54 [label = "a"];
	q43 -> q46 [label = "b"];
	q45 -> q2 [label = "c"];
	q44 -> q46 [label = "a"];
	q46 -> q50 [label = "b"];
	q40 -> q22 [label = "b"];
	q46 -> q20 [label = "c"];
	q39 -> q9 [label = "a"];
	q37 -> q33 [label = "b"];
	q42 -> q19 [label = "b"];
	q38 -> q36 [label = "a"];
	q36 -> q31 [label = "b"];
	q34 -> q28 [label = "c"];
	q39 -> q23 [label = "b"];
	q37 -> q34 [label = "a"];
	q33 -> q27 [label = "c"];
	q33 -> q47 [label = "b"];
	q15 -> q31 [label = "b"];
	q28 -> q10 [label = "a"];
	q11 -> q16 [label = "c"];
	q7 -> q20 [label = "c"];
	q45 -> q50 [label = "a"];
	q4 -> q34 [label = "a"];
	q27 -> q33 [label = "b"];
	q23 -> q5 [label = "a"];
	q21 -> q33 [label = "b"];
	q46 -> q54 [label = "a"];
	q17 -> q32 [label = "c"];
	q49 -> q54 [label = "a"];
	q40 -> q21 [label = "c"];
	q20 -> q34 [label = "a"];
	q54 -> q51 [label = "b"];
	q20 -> q48 [label = "b"];
	q7 -> q15 [label = "b"];
	q33 -> q5 [label = "a"];
	q38 -> q35 [label = "b"];
	q48 -> q49 [label = "c"];
	q12 -> q48 [label = "b"];
	q49 -> q17 [label = "b"];
	q3 -> q26 [label = "a"];
	q26 -> q28 [label = "c"];
	q49 -> q2 [label = "c"];
	q42 -> q26 [label = "a"];
	q51 -> q51 [label = "b"];
	q35 -> q44 [label = "a"];
	q15 -> q14 [label = "c"];
	q41 -> q51 [label = "b"];
	q52 -> q17 [label = "b"];
	q18 -> q34 [label = "a"];
	q43 -> q18 [label = "c"];
	q22 -> q31 [label = "b"];
	q16 -> q13 [label = "c"];
	q0 -> q5 [label = "a"];
	q50 -> q20 [label = "c"];
	q51 -> q25 [label = "c"];
	q35 -> q32 [label = "c"];
	q53 -> q49 [label = "c"];
	q38 -> q37 [label = "c"];
	q13 -> q24 [label = "a"];
	q22 -> q49 [label = "c"];
	q17 -> q5 [label = "a"];
	q52 -> q54 [label = "a"];
	q50 -> q50 [label = "a"];
	q23 -> q48 [label = "b"];
	q14 -> q54 [label = "a"];
	q17 -> q31 [label = "b"];
	q30 -> q53 [label = "b"];
	q16 -> q26 [label = "a"];
	q51 -> q50 [label = "a"];
	q13 -> q12 [label = "b"];
	q19 -> q5 [label = "a"];
	q44 -> q29 [label = "b"];
	q18 -> q32 [label = "c"];
	q1 -> q5 [label = "a"];
	q54 -> q46 [label = "a"];
	q53 -> q48 [label = "b"];
	q50 -> q51 [label = "b"];
	q48 -> q31 [label = "b"];
	q48 -> q5 [label = "a"];
	q28 -> q40 [label = "b"];
	q47 -> q54 [label = "a"];
	q37 -> q32 [label = "c"];
	q19 -> q4 [label = "c"];
	q5 -> q29 [label = "b"];
	q32 -> q49 [label = "c"];
	q54 -> q16 [label = "c"];
	q40 -> q33 [label = "a"];
	q26 -> q41 [label = "b"];
	q52 -> q20 [label = "c"];
	q53 -> q5 [label = "a"];
	q39 -> q42 [label = "c"];
	q29 -> q25 [label = "c"];
	q21 -> q34 [label = "a"];
	q29 -> q51 [label = "b"];
	q45 -> q51 [label = "b"];
	q18 -> q33 [label = "b"];
	q35 -> q45 [label = "b"];
	q31 -> q52 [label = "c"];
	q11 -> q23 [label = "b"];
	q32 -> q48 [label = "b"];
	q42 -> q8 [label = "c"];
	q3 -> q8 [label = "c"];
	q20 -> q14 [label = "c"];
	q5 -> q50 [label = "a"];
	q0 -> q27 [label = "c"];
	q7 -> q50 [label = "a"];
	q36 -> q43 [label = "a"];
	q2 -> q32 [label = "c"];
	q9 -> q16 [label = "c"];
	q1 -> q31 [label = "b"];
	q4 -> q1 [label = "b"];
	q6 -> q23 [label = "b"];
	q47 -> q52 [label = "c"];
	q21 -> q4 [label = "c"];
	q8 -> q26 [label = "a"];
	q22 -> q44 [label = "a"];
	q34 -> q29 [label = "b"];
	q16 -> q53 [label = "b"];
	q6 -> q24 [label = "a"];
	q1 -> q4 [label = "c"];
	q19 -> q48 [label = "b"];
	q36 -> q30 [label = "c"];
	q3 -> q0 [label = "b"];
	q28 -> q30 [label = "c"];
	q5 -> q18 [label = "c"];
	q2 -> q1 [label = "b"];
	q2 -> q34 [label = "a"];
	q41 -> q54 [label = "a"];
	q0 -> q22 [label = "b"];
	q15 -> q5 [label = "a"];
	q9 -> q7 [label = "b"];
	q6 -> q42 [label = "c"];
	q12 -> q14 [label = "c"];
	q25 -> q15 [label = "b"];
	q10 -> q9 [label = "a"];
	q14 -> q15 [label = "b"];
	q12 -> q5 [label = "a"];
	q30 -> q26 [label = "a"];
	q10 -> q52 [label = "b"];
	q8 -> q6 [label = "c"];
	q13 -> q11 [label = "c"];
	q9 -> q9 [label = "a"];
	q11 -> q24 [label = "a"];
	q44 -> q3 [label = "c"];
	q10 -> q28 [label = "c"];
	q24 -> q24 [label = "a"];
	q24 -> q50 [label = "b"];
	q8 -> q53 [label = "b"];
	q26 -> q24 [label = "a"];
	q30 -> q39 [label = "c"];
	q4 -> q4 [label = "c"];
	q24 -> q16 [label = "c"];
	q31 -> q51 [label = "b"];
	q25 -> q54 [label = "a"];
	q34 -> q46 [label = "a"];
	q27 -> q34 [label = "a"];
	q14 -> q52 [label = "c"];
	q25 -> q25 [label = "c"];
	q29 -> q54 [label = "a"];
	q23 -> q32 [label = "c"];
	q27 -> q4 [label = "c"];
	q31 -> q50 [label = "a"];
	q32 -> q34 [label = "a"];
}
DFA size: 55 states

NL* output after 9 EQ and 4067 MQ:
digraph finite_state_machine {
	rankdir=LR;
	node [shape = circle];
	s0 [shape = point, style = invis, start="true" ];
	q0 [label = "q0", shape = doublecircle, final="true" ];
	q1 [label = "q1", shape = doublecircle, final="true" ];
	q2 [label = "q2", shape = doublecircle, final="true" ];
	q3 [label = "q3", shape = doublecircle, final="true" ];
	q4 [label = "q4", shape = doublecircle, final="true" ];
	q5 [label = "q5", shape = doublecircle, final="true" ];
	q6 [label = "q6", shape = doublecircle, final="true" ];
	q7 [label = "q7", shape = doublecircle, final="true" ];
	q8 [label = "q8"];
	q9 [label = "q9", shape = doublecircle, final="true" ];
	q10 [label = "q10", shape = doublecircle, final="true" ];
	q11 [label = "q11", shape = doublecircle, final="true" ];
	q12 [label = "q12", shape = doublecircle, final="true" ];
	q13 [label = "q13"];
	q14 [label = "q14", shape = doublecircle, final="true" ];
	q15 [label = "q15", shape = doublecircle, final="true" ];
	q16 [label = "q16", shape = doublecircle, final="true" ];
	q17 [label = "q17", shape = doublecircle, final="true" ];
	q18 [label = "q18", shape = doublecircle, final="true" ];
	q19 [label = "q19", shape = doublecircle, final="true" ];
	q20 [label = "q20", shape = doublecircle, final="true" ];
	q21 [label = "q21", shape = doublecircle, final="true" ];
	q22 [label = "q22", shape = doublecircle, final="true" ];
	s0 -> q11
	q18 -> q14 [label = "c"];
	q20 -> q21 [label = "b"];
	q20 -> q8 [label = "b"];
	q20 -> q7 [label = "b"];
	q20 -> q2 [label = "b"];
	q21 -> q21 [label = "a"];
	q21 -> q10 [label = "a"];
	q17 -> q21 [label = "b"];
	q17 -> q13 [label = "b"];
	q17 -> q8 [label = "b"];
	q17 -> q7 [label = "b"];
	q17 -> q2 [label = "b"];
	q17 -> q1 [label = "b, c"];
	q17 -> q0 [label = "b"];
	q19 -> q22 [label = "b"];
	q19 -> q19 [label = "b"];
	q3 -> q1 [label = "a, b, c"];
	q14 -> q16 [label = "a"];
	q5 -> q18 [label = "a, b, c"];
	q15 -> q11 [label = "a, b"];
	q4 -> q6 [label = "a"];
	q6 -> q17 [label = "a, b"];
	q10 -> q7 [label = "b, c"];
	q5 -> q13 [label = "a, b"];
	q6 -> q8 [label = "b"];
	q6 -> q7 [label = "b"];
	q20 -> q0 [label = "b"];
	q2 -> q15 [label = "a"];
	q0 -> q8 [label = "b, c"];
	q0 -> q14 [label = "b"];
	q0 -> q4 [label = "b"];
	q12 -> q5 [label = "b"];
	q2 -> q21 [label = "b"];
	q14 -> q0 [label = "b"];
	q2 -> q7 [label = "b, c"];
	q10 -> q15 [label = "a"];
	q3 -> q8 [label = "b"];
	q2 -> q2 [label = "b, c"];
	q3 -> q16 [label = "a"];
	q6 -> q13 [label = "b"];
	q2 -> q0 [label = "b"];
	q0 -> q15 [label = "a"];
	q1 -> q16 [label = "a"];
	q21 -> q0 [label = "a"];
	q19 -> q0 [label = "b"];
	q0 -> q2 [label = "b"];
	q10 -> q16 [label = "a, b"];
	q11 -> q13 [label = "b, c"];
	q0 -> q10 [label = "a"];
	q8 -> q15 [label = "a"];
	q15 -> q1 [label = "a, b"];
	q4 -> q17 [label = "c"];
	q15 -> q17 [label = "a, b"];
	q10 -> q9 [label = "b"];
	q10 -> q8 [label = "b, c"];
	q12 -> q14 [label = "b, c"];
	q0 -> q21 [label = "a"];
	q19 -> q15 [label = "a, b"];
	q10 -> q3 [label = "b"];
	q16 -> q13 [label = "b"];
	q0 -> q5 [label = "a"];
	q19 -> q21 [label = "b"];
	q10 -> q2 [label = "b"];
	q8 -> q16 [label = "a"];
	q9 -> q17 [label = "b, c"];
	q2 -> q6 [label = "a"];
	q10 -> q21 [label = "a"];
	q14 -> q17 [label = "c"];
	q19 -> q5 [label = "a, b"];
	q10 -> q6 [label = "a, b"];
	q15 -> q19 [label = "b"];
	q10 -> q0 [label = "a"];
	q11 -> q18 [label = "a, b"];
	q5 -> q17 [label = "a, b"];
	q6 -> q3 [label = "b"];
	q0 -> q7 [label = "b, c"];
	q8 -> q21 [label = "b"];
	q6 -> q6 [label = "a"];
	q16 -> q1 [label = "a, b"];
	q16 -> q6 [label = "a, b"];
	q10 -> q4 [label = "b"];
	q9 -> q8 [label = "b, c"];
	q13 -> q2 [label = "c"];
	q12 -> q6 [label = "a, b"];
	q11 -> q1 [label = "b"];
	q6 -> q2 [label = "b"];
	q21 -> q7 [label = "b"];
	q19 -> q4 [label = "b, c"];
	q7 -> q21 [label = "b"];
	q9 -> q14 [label = "b"];
	q9 -> q11 [label = "b, c"];
	q4 -> q8 [label = "b"];
	q8 -> q0 [label = "b"];
	q9 -> q10 [label = "b"];
	q9 -> q6 [label = "a, b"];
	q21 -> q2 [label = "b"];
	q11 -> q2 [label = "b"];
	q19 -> q17 [label = "a, b"];
	q5 -> q2 [label = "a, b"];
	q16 -> q18 [label = "a, b, c"];
	q9 -> q16 [label = "a, b"];
	q17 -> q6 [label = "a"];
	q9 -> q4 [label = "b"];
	q6 -> q1 [label = "b"];
	q10 -> q5 [label = "a"];
	q5 -> q7 [label = "a, b"];
	q19 -> q6 [label = "a, b"];
	q9 -> q5 [label = "a, b"];
	q0 -> q6 [label = "a"];
	q19 -> q18 [label = "a, b, c"];
	q14 -> q4 [label = "b"];
	q19 -> q16 [label = "a, b"];
	q4 -> q7 [label = "b"];
	q19 -> q1 [label = "a, b, c"];
	q19 -> q2 [label = "b, c"];
	q9 -> q3 [label = "b, c"];
	q22 -> q2 [label = "b, c"];
	q9 -> q2 [label = "b, c"];
	q19 -> q20 [label = "a, b, c"];
	q3 -> q0 [label = "b"];
	q21 -> q9 [label = "b"];
	q5 -> q22 [label = "a, b"];
	q10 -> q14 [label = "b"];
	q19 -> q11 [label = "b"];
	q0 -> q16 [label = "a"];
	q12 -> q10 [label = "b"];
	q2 -> q16 [label = "a"];
	q14 -> q2 [label = "b"];
	q11 -> q22 [label = "b"];
	q0 -> q11 [label = "a"];
	q15 -> q22 [label = "a, b"];
	q21 -> q14 [label = "b"];
	q12 -> q11 [label = "a, b"];
	q5 -> q1 [label = "a, b, c"];
	q14 -> q7 [label = "b"];
	q19 -> q13 [label = "b, c"];
	q6 -> q11 [label = "b"];
	q10 -> q17 [label = "b"];
	q15 -> q4 [label = "b"];
	q13 -> q4 [label = "c"];
	q10 -> q11 [label = "a, b"];
	q11 -> q20 [label = "b"];
	q15 -> q16 [label = "a, b"];
	q9 -> q0 [label = "b"];
	q19 -> q7 [label = "b, c"];
	q22 -> q16 [label = "a, b"];
	q3 -> q7 [label = "b"];
	q7 -> q10 [label = "b"];
	q15 -> q13 [label = "a, b"];
	q6 -> q20 [label = "b"];
	q3 -> q13 [label = "b"];
	q9 -> q15 [label = "a, b"];
	q0 -> q0 [label = "a"];
	q9 -> q9 [label = "b"];
	q17 -> q18 [label = "a, b, c"];
	q9 -> q21 [label = "b"];
	q3 -> q6 [label = "a"];
	q21 -> q8 [label = "b, c"];
	q8 -> q10 [label = "b"];
	q7 -> q2 [label = "c"];
	q20 -> q14 [label = "c"];
	q13 -> q7 [label = "c"];
	q1 -> q6 [label = "a"];
	q14 -> q14 [label = "b"];
	q22 -> q15 [label = "a, b"];
	q8 -> q6 [label = "a"];
	q11 -> q8 [label = "b, c"];
	q11 -> q12 [label = "a"];
	q19 -> q14 [label = "b, c"];
	q15 -> q7 [label = "a, b"];
	q5 -> q6 [label = "a, b"];
	q4 -> q3 [label = "c"];
	q7 -> q7 [label = "c"];
	q13 -> q8 [label = "c"];
	q8 -> q2 [label = "c"];
	q8 -> q7 [label = "c"];
	q16 -> q19 [label = "b"];
	q2 -> q8 [label = "b, c"];
	q14 -> q8 [label = "b"];
	q1 -> q14 [label = "c"];
	q8 -> q8 [label = "c"];
	q12 -> q17 [label = "b"];
	q6 -> q18 [label = "a, b, c"];
	q14 -> q21 [label = "b"];
	q9 -> q7 [label = "b, c"];
	q3 -> q18 [label = "a, b, c"];
	q13 -> q6 [label = "a"];
	q3 -> q20 [label = "a, b, c"];
	q3 -> q21 [label = "b"];
	q22 -> q0 [label = "b"];
	q7 -> q8 [label = "c"];
	q1 -> q0 [label = "b"];
	q1 -> q21 [label = "b"];
	q3 -> q3 [label = "a"];
	q3 -> q17 [label = "a"];
	q5 -> q4 [label = "b"];
	q7 -> q0 [label = "b"];
	q5 -> q3 [label = "a, b"];
	q15 -> q14 [label = "b"];
	q5 -> q8 [label = "a, b"];
	q4 -> q16 [label = "a"];
	q5 -> q16 [label = "a, b"];
	q5 -> q20 [label = "a, b"];
	q2 -> q10 [label = "b"];
	q13 -> q21 [label = "b"];
	q1 -> q4 [label = "c"];
	q20 -> q4 [label = "c"];
	q4 -> q0 [label = "b"];
	q12 -> q3 [label = "b"];
	q22 -> q10 [label = "b"];
	q4 -> q14 [label = "b"];
	q4 -> q21 [label = "b"];
	q22 -> q8 [label = "b, c"];
	q15 -> q18 [label = "a, b, c"];
	q12 -> q8 [label = "b"];
	q7 -> q6 [label = "a"];
	q7 -> q15 [label = "a"];
	q13 -> q14 [label = "c"];
	q5 -> q9 [label = "b"];
	q5 -> q14 [label = "b"];
	q7 -> q16 [label = "a"];
	q5 -> q19 [label = "b"];
	q13 -> q15 [label = "a"];
	q13 -> q16 [label = "a"];
	q19 -> q8 [label = "b, c"];
	q19 -> q10 [label = "b"];
	q15 -> q2 [label = "a, b"];
	q5 -> q11 [label = "a, b"];
	q15 -> q3 [label = "a, b"];
	q12 -> q9 [label = "b"];
	q4 -> q2 [label = "b"];
	q15 -> q8 [label = "a, b"];
	q15 -> q9 [label = "b"];
	q15 -> q20 [label = "a, b"];
	q15 -> q6 [label = "a, b"];
	q12 -> q0 [label = "b"];
	q12 -> q2 [label = "b"];
	q12 -> q4 [label = "b"];
	q12 -> q7 [label = "b"];
	q12 -> q15 [label = "b"];
	q0 -> q9 [label = "b"];
	q12 -> q16 [label = "b"];
	q12 -> q21 [label = "b"];
	q14 -> q6 [label = "a"];
	q13 -> q0 [label = "b"];
	q16 -> q3 [label = "a, b"];
	q17 -> q17 [label = "a"];
	q16 -> q16 [label = "a, b"];
	q16 -> q17 [label = "a, b"];
	q16 -> q20 [label = "a, b"];
	q18 -> q21 [label = "b"];
	q22 -> q7 [label = "b, c"];
	q21 -> q4 [label = "b"];
	q22 -> q14 [label = "c"];
	q16 -> q2 [label = "b"];
	q16 -> q7 [label = "b"];
	q16 -> q8 [label = "b"];
	q16 -> q11 [label = "b"];
	q3 -> q2 [label = "b"];
	q16 -> q22 [label = "b"];
	q13 -> q10 [label = "b"];
	q11 -> q7 [label = "b"];
	q18 -> q6 [label = "a"];
	q22 -> q3 [label = "b"];
	q22 -> q5 [label = "a, b"];
	q17 -> q20 [label = "b, c"];
	q22 -> q6 [label = "a, b"];
	q4 -> q4 [label = "b"];
	q22 -> q11 [label = "b"];
	q22 -> q17 [label = "b"];
	q22 -> q21 [label = "b"];
	q20 -> q6 [label = "a"];
	q22 -> q4 [label = "c"];
	q20 -> q16 [label = "a"];
	q19 -> q3 [label = "a, b"];
	q19 -> q9 [label = "b"];
	q10 -> q10 [label = "a"];
	q19 -> q12 [label = "a, b"];
}
NFA size: 23 states

AL* output after 6 EQ and 1491 MQ:
digraph finite_state_machine {
	rankdir=LR;
	node [shape = circle];
	s0 [shape = point, style = invis, start="true" ];
	s1 [shape = point, style = invis, start="true" ];
	q0 [label = "q0", shape = doublecircle, final="true" ];
	q1 [label = "q1", shape = doublecircle, final="true" ];
	q2 [label = "q2"];
	q3 [label = "q3", shape = doublecircle, final="true" ];
	q4 [label = "q4", shape = doublecircle, final="true" ];
	q5 [label = "q5", shape = doublecircle, final="true" ];
	q6 [label = "q6", shape = doublecircle, final="true" ];
	q7 [label = "q7", shape = doublecircle, final="true" ];
	m0 [label = "", shape = square, style = filled, color=grey, fixedsize=true, width=.2];
	m1 [label = "", shape = square, style = filled, color=grey, fixedsize=true, width=.2];
	m2 [label = "", shape = square, style = filled, color=grey, fixedsize=true, width=.2];
	m3 [label = "", shape = square, style = filled, color=grey, fixedsize=true, width=.2];
	m4 [label = "", shape = square, style = filled, color=grey, fixedsize=true, width=.2];
	m5 [label = "", shape = square, style = filled, color=grey, fixedsize=true, width=.2];
	m6 [label = "", shape = square, style = filled, color=grey, fixedsize=true, width=.2];
	m7 [label = "", shape = square, style = filled, color=grey, fixedsize=true, width=.2];
	m8 [label = "", shape = square, style = filled, color=grey, fixedsize=true, width=.2];
	m9 [label = "", shape = square, style = filled, color=grey, fixedsize=true, width=.2];
	s0 -> m0
	s1 -> m1
	q5 -> q5 [label = "b"];
	q5 -> m0 [label = "b"];
	q5 -> m4 [label = "b"];
	q4 -> m4 [label = "b"];
	q5 -> m9 [label = "a"];
	q7 -> m3 [label = "a, b"];
	q4 -> m0 [label = "b"];
	q7 -> q5 [label = "b"];
	q3 -> m4 [label = "a"];
	q4 -> m1 [label = "a"];
	q6 -> m2 [label = "a, b, c"];
	q7 -> m4 [label = "a"];
	q6 -> m3 [label = "a"];
	q6 -> m0 [label = "b"];
	q0 -> m1 [label = "a, b"];
	q1 -> m3 [label = "a, b"];
	q2 -> m3 [label = "a, b"];
	q7 -> m7 [label = "c"];
	q0 -> m3 [label = "a, b"];
	q4 -> q5 [label = "c"];
	q2 -> m1 [label = "a"];
	q1 -> q5 [label = "b, c"];
	q0 -> m2 [label = "a, b, c"];
	q2 -> q5 [label = "c"];
	q2 -> m0 [label = "b, c"];
	q4 -> m3 [label = "a"];
	q3 -> m0 [label = "b, c"];
	q2 -> m4 [label = "a, b"];
	q5 -> m3 [label = "a"];
	q3 -> m3 [label = "a, b"];
	q6 -> m1 [label = "a, b"];
	q6 -> m5 [label = "c"];
	q1 -> m0 [label = "a, b"];
	q0 -> q5 [label = "b"];
	q0 -> m5 [label = "c"];
	q1 -> m1 [label = "a, b"];
	q5 -> m8 [label = "a"];
	q5 -> m1 [label = "a, c"];
	q3 -> m2 [label = "a, b, c"];
	q0 -> m0 [label = "a, b"];
	q5 -> m7 [label = "c"];
	q7 -> m0 [label = "a, b, c"];
	q5 -> m6 [label = "c"];
	q1 -> m4 [label = "b"];
	m0 -> q2;
	m0 -> q3;
	m0 -> q7;
	m1 -> q0;
	m1 -> q3;
	m1 -> q6;
	m2 -> q1;
	m2 -> q2;
	m2 -> q4;
	m3 -> q0;
	m3 -> q1;
	m3 -> q6;
	m4 -> q0;
	m4 -> q1;
	m4 -> q7;
	m5 -> q0;
	m5 -> q1;
	m5 -> q3;
	m5 -> q4;
	m5 -> q5;
	m5 -> q6;
	m5 -> q7;
	m6 -> q1;
	m6 -> q2;
	m6 -> q3;
	m6 -> q4;
	m6 -> q7;
	m7 -> q1;
	m7 -> q2;
	m7 -> q4;
	m7 -> q5;
	m8 -> q0;
	m8 -> q1;
	m8 -> q2;
	m8 -> q4;
	m8 -> q5;
	m8 -> q7;
	m9 -> q0;
	m9 -> q1;
	m9 -> q2;
	m9 -> q3;
	m9 -> q7;
}
AFA size: 8 states

AL** output after 9 EQ and 2308 MQ:
digraph finite_state_machine {
	rankdir=LR;
	node [shape = circle];
	s0 [shape = point, style = invis, start="true" ];
	s1 [shape = point, style = invis, start="true" ];
	q0 [label = "q0", shape = doublecircle, final="true" ];
	q1 [label = "q1", shape = doublecircle, final="true" ];
	q2 [label = "q2", shape = doublecircle, final="true" ];
	q3 [label = "q3"];
	q4 [label = "q4", shape = doublecircle, final="true" ];
	q5 [label = "q5", shape = doublecircle, final="true" ];
	q6 [label = "q6", shape = doublecircle, final="true" ];
	q7 [label = "q7", shape = doublecircle, final="true" ];
	m0 [label = "", shape = square, style = filled, color=grey, fixedsize=true, width=.2];
	m1 [label = "", shape = square, style = filled, color=grey, fixedsize=true, width=.2];
	m2 [label = "", shape = square, style = filled, color=grey, fixedsize=true, width=.2];
	m3 [label = "", shape = square, style = filled, color=grey, fixedsize=true, width=.2];
	m4 [label = "", shape = square, style = filled, color=grey, fixedsize=true, width=.2];
	m5 [label = "", shape = square, style = filled, color=grey, fixedsize=true, width=.2];
	m6 [label = "", shape = square, style = filled, color=grey, fixedsize=true, width=.2];
	m7 [label = "", shape = square, style = filled, color=grey, fixedsize=true, width=.2];
	m8 [label = "", shape = square, style = filled, color=grey, fixedsize=true, width=.2];
	m9 [label = "", shape = square, style = filled, color=grey, fixedsize=true, width=.2];
	s0 -> m0
	s1 -> m1
	q3 -> q4 [label = "c"];
	q7 -> m5 [label = "a"];
	q2 -> m9 [label = "c"];
	q4 -> m4 [label = "b"];
	q5 -> m1 [label = "a, b"];
	q5 -> m5 [label = "a, b"];
	q3 -> m1 [label = "a"];
	q6 -> m4 [label = "a"];
	q6 -> m6 [label = "a, b, c"];
	q4 -> m1 [label = "a, c"];
	q1 -> q4 [label = "b, c"];
	q2 -> m1 [label = "a, b"];
	q5 -> m0 [label = "a, b"];
	q2 -> m5 [label = "a"];
	q5 -> q4 [label = "b"];
	q4 -> m5 [label = "a"];
	q2 -> m6 [label = "a, b, c"];
	q7 -> m0 [label = "b"];
	q0 -> m0 [label = "a, b, c"];
	q4 -> m3 [label = "c"];
	q3 -> m0 [label = "b, c"];
	q0 -> m4 [label = "a"];
	q0 -> m3 [label = "c"];
	q0 -> q4 [label = "b"];
	q0 -> m5 [label = "a, b"];
	q7 -> m4 [label = "b"];
	q6 -> m0 [label = "b, c"];
	q4 -> m2 [label = "c"];
	q4 -> m7 [label = "a"];
	q4 -> m8 [label = "a"];
	q5 -> m9 [label = "c"];
	q7 -> m1 [label = "a"];
	q4 -> q4 [label = "b"];
	q2 -> m0 [label = "b"];
	q1 -> m5 [label = "a, b"];
	q1 -> m1 [label = "a, b"];
	q3 -> m4 [label = "a, b"];
	q6 -> m5 [label = "a, b"];
	q1 -> m0 [label = "a, b"];
	q3 -> m5 [label = "a, b"];
	q4 -> m0 [label = "b"];
	q7 -> q4 [label = "c"];
	q5 -> m6 [label = "a, b, c"];
	q1 -> m4 [label = "b"];
	m0 -> q0;
	m0 -> q3;
	m0 -> q6;
	m1 -> q2;
	m1 -> q5;
	m1 -> q6;
	m2 -> q0;
	m2 -> q1;
	m2 -> q3;
	m2 -> q6;
	m2 -> q7;
	m3 -> q1;
	m3 -> q3;
	m3 -> q4;
	m3 -> q7;
	m4 -> q0;
	m4 -> q1;
	m4 -> q5;
	m5 -> q1;
	m5 -> q2;
	m5 -> q5;
	m6 -> q1;
	m6 -> q3;
	m6 -> q7;
	m7 -> q0;
	m7 -> q1;
	m7 -> q3;
	m7 -> q4;
	m7 -> q5;
	m7 -> q7;
	m8 -> q0;
	m8 -> q1;
	m8 -> q3;
	m8 -> q5;
	m8 -> q6;
	m9 -> q0;
	m9 -> q1;
	m9 -> q2;
	m9 -> q4;
	m9 -> q5;
	m9 -> q6;
	m9 -> q7;
}
RAFA size: 8 states

