Random target AFA:
digraph finite_state_machine {
	rankdir=LR;
	node [shape = circle];
	s0 [shape = point, style = invis, start="true" ];
	s1 [shape = point, style = invis, start="true" ];
	q0 [label = "q0"];
	q1 [label = "q1", shape = doublecircle, final="true" ];
	q2 [label = "q2"];
	q3 [label = "q3", shape = doublecircle, final="true" ];
	q4 [label = "q4"];
	q5 [label = "q5"];
	m0 [label = "", shape = square, style = filled, color=grey, fixedsize=true, width=.2];
	m1 [label = "", shape = square, style = filled, color=grey, fixedsize=true, width=.2];
	m2 [label = "", shape = square, style = filled, color=grey, fixedsize=true, width=.2];
	m3 [label = "", shape = square, style = filled, color=grey, fixedsize=true, width=.2];
	m4 [label = "", shape = square, style = filled, color=grey, fixedsize=true, width=.2];
	m5 [label = "", shape = square, style = filled, color=grey, fixedsize=true, width=.2];
	s0 -> q1
	s1 -> q1
	q3 -> m5 [label = "c"];
	q5 -> m3 [label = "b"];
	q2 -> m3 [label = "c"];
	q3 -> q3 [label = "a"];
	q3 -> q1 [label = "a, b"];
	q3 -> q4 [label = "b, c"];
	q1 -> q5 [label = "c"];
	q1 -> m3 [label = "a"];
	q4 -> q2 [label = "b"];
	q1 -> q0 [label = "a"];
	q4 -> q0 [label = "c"];
	q4 -> m3 [label = "a, b"];
	q2 -> m0 [label = "c"];
	q0 -> q1 [label = "a"];
	q0 -> q0 [label = "a, b"];
	q1 -> q3 [label = "b"];
	q2 -> m1 [label = "b"];
	q4 -> m0 [label = "c"];
	q0 -> m2 [label = "c"];
	q4 -> q4 [label = "a"];
	q1 -> q2 [label = "b"];
	q5 -> q0 [label = "b, c"];
	q2 -> q2 [label = "a, b"];
	q2 -> q1 [label = "a"];
	q5 -> m4 [label = "a"];
	q0 -> q3 [label = "b, c"];
	q5 -> q4 [label = "a"];
	q5 -> m0 [label = "c"];
	m0 -> q0;
	m0 -> q4;
	m1 -> q1;
	m1 -> q4;
	m2 -> q0;
	m2 -> q1;
	m3 -> q1;
	m3 -> q3;
	m4 -> q4;
	m4 -> q5;
	m5 -> q2;
	m5 -> q3;
}

L* output after 9 EQ and 6202 MQ:
digraph finite_state_machine {
	rankdir=LR;
	node [shape = circle];
	s0 [shape = point, style = invis, start="true" ];
	q0 [label = "q0", shape = doublecircle, final="true" ];
	q1 [label = "q1", shape = doublecircle, final="true" ];
	q2 [label = "q2", shape = doublecircle, final="true" ];
	q3 [label = "q3", shape = doublecircle, final="true" ];
	q4 [label = "q4"];
	q5 [label = "q5", shape = doublecircle, final="true" ];
	q6 [label = "q6", shape = doublecircle, final="true" ];
	q7 [label = "q7", shape = doublecircle, final="true" ];
	q8 [label = "q8", shape = doublecircle, final="true" ];
	q9 [label = "q9", shape = doublecircle, final="true" ];
	q10 [label = "q10"];
	q11 [label = "q11"];
	q12 [label = "q12", shape = doublecircle, final="true" ];
	q13 [label = "q13"];
	q14 [label = "q14", shape = doublecircle, final="true" ];
	q15 [label = "q15", shape = doublecircle, final="true" ];
	q16 [label = "q16", shape = doublecircle, final="true" ];
	q17 [label = "q17"];
	q18 [label = "q18", shape = doublecircle, final="true" ];
	q19 [label = "q19", shape = doublecircle, final="true" ];
	q20 [label = "q20", shape = doublecircle, final="true" ];
	q21 [label = "q21", shape = doublecircle, final="true" ];
	q22 [label = "q22", shape = doublecircle, final="true" ];
	q23 [label = "q23", shape = doublecircle, final="true" ];
	q24 [label = "q24", shape = doublecircle, final="true" ];
	q25 [label = "q25"];
	q26 [label = "q26"];
	q27 [label = "q27", shape = doublecircle, final="true" ];
	q28 [label = "q28"];
	q29 [label = "q29", shape = doublecircle, final="true" ];
	q30 [label = "q30", shape = doublecircle, final="true" ];
	q31 [label = "q31", shape = doublecircle, final="true" ];
	q32 [label = "q32", shape = doublecircle, final="true" ];
	q33 [label = "q33", shape = doublecircle, final="true" ];
	q34 [label = "q34"];
	q35 [label = "q35", shape = doublecircle, final="true" ];
	q36 [label = "q36", shape = doublecircle, final="true" ];
	q37 [label = "q37", shape = doublecircle, final="true" ];
	q38 [label = "q38", shape = doublecircle, final="true" ];
	q39 [label = "q39", shape = doublecircle, final="true" ];
	q40 [label = "q40", shape = doublecircle, final="true" ];
	q41 [label = "q41", shape = doublecircle, final="true" ];
	q42 [label = "q42", shape = doublecircle, final="true" ];
	q43 [label = "q43", shape = doublecircle, final="true" ];
	q44 [label = "q44", shape = doublecircle, final="true" ];
	q45 [label = "q45", shape = doublecircle, final="true" ];
	s0 -> q29
	q41 -> q15 [label = "c"];
	q45 -> q6 [label = "a"];
	q41 -> q41 [label = "a"];
	q43 -> q43 [label = "b"];
	q45 -> q14 [label = "c"];
	q12 -> q11 [label = "c"];
	q12 -> q42 [label = "a"];
	q39 -> q7 [label = "a"];
	q27 -> q41 [label = "a"];
	q2 -> q6 [label = "a"];
	q4 -> q12 [label = "c"];
	q1 -> q18 [label = "a"];
	q25 -> q26 [label = "c"];
	q3 -> q36 [label = "b"];
	q1 -> q0 [label = "b"];
	q8 -> q8 [label = "a"];
	q5 -> q18 [label = "a"];
	q18 -> q44 [label = "b"];
	q1 -> q17 [label = "c"];
	q43 -> q31 [label = "a"];
	q2 -> q21 [label = "c"];
	q42 -> q31 [label = "b"];
	q5 -> q17 [label = "c"];
	q7 -> q8 [label = "a"];
	q16 -> q43 [label = "b"];
	q34 -> q40 [label = "a"];
	q9 -> q17 [label = "c"];
	q10 -> q22 [label = "c"];
	q18 -> q10 [label = "c"];
	q23 -> q33 [label = "c"];
	q17 -> q22 [label = "b, c"];
	q30 -> q8 [label = "a"];
	q6 -> q42 [label = "b"];
	q42 -> q15 [label = "c"];
	q20 -> q42 [label = "a"];
	q15 -> q31 [label = "a, b"];
	q8 -> q42 [label = "b"];
	q25 -> q19 [label = "b"];
	q5 -> q2 [label = "b"];
	q3 -> q1 [label = "c"];
	q36 -> q36 [label = "b"];
	q41 -> q22 [label = "b"];
	q45 -> q16 [label = "b"];
	q12 -> q43 [label = "b"];
	q29 -> q28 [label = "c"];
	q11 -> q4 [label = "c"];
	q21 -> q10 [label = "c"];
	q2 -> q42 [label = "b"];
	q18 -> q38 [label = "a"];
	q33 -> q36 [label = "b"];
	q7 -> q10 [label = "c"];
	q34 -> q13 [label = "c"];
	q3 -> q45 [label = "a"];
	q7 -> q16 [label = "b"];
	q44 -> q43 [label = "b"];
	q23 -> q30 [label = "b"];
	q0 -> q16 [label = "b"];
	q29 -> q27 [label = "a"];
	q38 -> q38 [label = "a"];
	q43 -> q8 [label = "c"];
	q22 -> q42 [label = "a"];
	q14 -> q8 [label = "a"];
	q32 -> q42 [label = "a"];
	q21 -> q31 [label = "a"];
	q16 -> q42 [label = "a"];
	q20 -> q34 [label = "c"];
	q4 -> q42 [label = "b"];
	q27 -> q22 [label = "b"];
	q26 -> q22 [label = "b"];
	q6 -> q6 [label = "a"];
	q22 -> q31 [label = "b"];
	q14 -> q10 [label = "c"];
	q32 -> q39 [label = "c"];
	q10 -> q8 [label = "a"];
	q36 -> q5 [label = "c"];
	q30 -> q38 [label = "c"];
	q8 -> q31 [label = "c"];
	q13 -> q12 [label = "c"];
	q9 -> q18 [label = "a"];
	q0 -> q6 [label = "a"];
	q39 -> q6 [label = "b"];
	q10 -> q42 [label = "b"];
	q14 -> q42 [label = "b"];
	q15 -> q10 [label = "c"];
	q11 -> q16 [label = "b"];
	q11 -> q8 [label = "a"];
	q40 -> q17 [label = "c"];
	q9 -> q3 [label = "b"];
	q44 -> q42 [label = "a"];
	q21 -> q43 [label = "b"];
	q20 -> q43 [label = "b"];
	q17 -> q38 [label = "a"];
	q23 -> q32 [label = "a"];
	q24 -> q18 [label = "a"];
	q6 -> q15 [label = "c"];
	q39 -> q17 [label = "c"];
	q16 -> q14 [label = "c"];
	q24 -> q19 [label = "b"];
	q4 -> q6 [label = "a"];
	q28 -> q26 [label = "c"];
	q26 -> q41 [label = "a"];
	q13 -> q41 [label = "a"];
	q24 -> q17 [label = "c"];
	q28 -> q25 [label = "a"];
	q30 -> q37 [label = "b"];
	q0 -> q7 [label = "c"];
	q38 -> q22 [label = "b"];
	q38 -> q31 [label = "c"];
	q25 -> q24 [label = "a"];
	q31 -> q31 [label = "a, b, c"];
	q26 -> q20 [label = "c"];
	q28 -> q27 [label = "b"];
	q27 -> q21 [label = "c"];
	q33 -> q17 [label = "c"];
	q29 -> q23 [label = "b"];
	q34 -> q45 [label = "b"];
	q32 -> q43 [label = "b"];
	q42 -> q42 [label = "a"];
	q36 -> q45 [label = "a"];
	q22 -> q21 [label = "c"];
	q33 -> q7 [label = "a"];
	q19 -> q35 [label = "a"];
	q35 -> q16 [label = "b"];
	q37 -> q39 [label = "c"];
	q35 -> q6 [label = "a"];
	q19 -> q36 [label = "b"];
	q37 -> q16 [label = "a"];
	q19 -> q9 [label = "c"];
	q37 -> q30 [label = "b"];
	q35 -> q39 [label = "c"];
	q44 -> q7 [label = "c"];
	q13 -> q22 [label = "b"];
	q40 -> q8 [label = "a"];
	q40 -> q37 [label = "b"];
}
DFA size: 46 states

NL* output after 14 EQ and 4750 MQ:
digraph finite_state_machine {
	rankdir=LR;
	node [shape = circle];
	s0 [shape = point, style = invis, start="true" ];
	q0 [label = "q0"];
	q1 [label = "q1"];
	q2 [label = "q2", shape = doublecircle, final="true" ];
	q3 [label = "q3"];
	q4 [label = "q4", shape = doublecircle, final="true" ];
	q5 [label = "q5", shape = doublecircle, final="true" ];
	q6 [label = "q6", shape = doublecircle, final="true" ];
	q7 [label = "q7", shape = doublecircle, final="true" ];
	q8 [label = "q8", shape = doublecircle, final="true" ];
	q9 [label = "q9"];
	q10 [label = "q10", shape = doublecircle, final="true" ];
	q11 [label = "q11", shape = doublecircle, final="true" ];
	q12 [label = "q12"];
	q13 [label = "q13"];
	q14 [label = "q14"];
	q15 [label = "q15", shape = doublecircle, final="true" ];
	q16 [label = "q16", shape = doublecircle, final="true" ];
	q17 [label = "q17", shape = doublecircle, final="true" ];
	q18 [label = "q18", shape = doublecircle, final="true" ];
	q19 [label = "q19", shape = doublecircle, final="true" ];
	q20 [label = "q20", shape = doublecircle, final="true" ];
	q21 [label = "q21", shape = doublecircle, final="true" ];
	s0 -> q10
	q18 -> q15 [label = "c"];
	q18 -> q14 [label = "c"];
	q20 -> q17 [label = "b"];
	q20 -> q16 [label = "b"];
	q20 -> q2 [label = "b"];
	q21 -> q4 [label = "a"];
	q19 -> q19 [label = "a"];
	q19 -> q15 [label = "a"];
	q19 -> q9 [label = "a"];
	q19 -> q5 [label = "a"];
	q17 -> q15 [label = "b, c"];
	q17 -> q7 [label = "b, c"];
	q19 -> q21 [label = "b"];
	q19 -> q18 [label = "b"];
	q19 -> q6 [label = "b"];
	q17 -> q21 [label = "a, b"];
	q17 -> q18 [label = "a, b"];
	q17 -> q17 [label = "a"];
	q17 -> q16 [label = "a"];
	q17 -> q6 [label = "a, b"];
	q21 -> q15 [label = "c"];
	q21 -> q7 [label = "c"];
	q5 -> q13 [label = "c"];
	q11 -> q19 [label = "c"];
	q11 -> q5 [label = "c"];
	q5 -> q3 [label = "c"];
	q8 -> q11 [label = "a"];
	q15 -> q14 [label = "a, c"];
	q4 -> q13 [label = "a"];
	q4 -> q6 [label = "a, b"];
	q4 -> q18 [label = "a, b"];
	q4 -> q4 [label = "a, b"];
	q20 -> q11 [label = "a"];
	q5 -> q12 [label = "c"];
	q3 -> q13 [label = "a, b"];
	q6 -> q20 [label = "a"];
	q4 -> q0 [label = "a"];
	q21 -> q10 [label = "a"];
	q6 -> q21 [label = "a, b"];
	q21 -> q12 [label = "c"];
	q9 -> q20 [label = "b"];
	q6 -> q6 [label = "a, b"];
	q14 -> q18 [label = "b"];
	q16 -> q1 [label = "b"];
	q2 -> q11 [label = "a"];
	q9 -> q19 [label = "a"];
	q9 -> q10 [label = "a, b"];
	q8 -> q1 [label = "c"];
	q13 -> q18 [label = "b"];
	q0 -> q2 [label = "b, c"];
	q6 -> q7 [label = "c"];
	q6 -> q5 [label = "c"];
	q0 -> q17 [label = "b"];
	q2 -> q20 [label = "a, b"];
	q0 -> q6 [label = "a, b"];
	q2 -> q17 [label = "a, b"];
	q4 -> q10 [label = "a, b, c"];
	q2 -> q10 [label = "a, b"];
	q11 -> q3 [label = "a, b"];
	q2 -> q7 [label = "b"];
	q8 -> q3 [label = "a, c"];
	q11 -> q9 [label = "c"];
	q2 -> q2 [label = "a, b"];
	q4 -> q11 [label = "a"];
	q3 -> q16 [label = "b, c"];
	q16 -> q9 [label = "b, c"];
	q2 -> q1 [label = "b, c"];
	q3 -> q3 [label = "a, b"];
	q16 -> q10 [label = "a, b"];
	q0 -> q13 [label = "a, b"];
	q21 -> q14 [label = "c"];
	q0 -> q11 [label = "a, b"];
	q4 -> q21 [label = "a, b"];
	q0 -> q10 [label = "a, b"];
	q8 -> q15 [label = "a"];
	q12 -> q3 [label = "b"];
	q8 -> q5 [label = "a"];
	q16 -> q18 [label = "a, b"];
	q0 -> q4 [label = "a, b"];
	q0 -> q3 [label = "a, b"];
	q2 -> q0 [label = "a"];
	q4 -> q19 [label = "c"];
	q4 -> q15 [label = "c"];
	q4 -> q14 [label = "c"];
	q8 -> q16 [label = "b"];
	q4 -> q1 [label = "c"];
	q2 -> q21 [label = "a, b"];
	q12 -> q13 [label = "b, c"];
	q13 -> q16 [label = "b, c"];
	q21 -> q20 [label = "a"];
	q10 -> q18 [label = "b"];
	q1 -> q5 [label = "a"];
	q16 -> q4 [label = "a, b"];
	q19 -> q10 [label = "a"];
	q19 -> q8 [label = "a"];
	q11 -> q6 [label = "b"];
	q9 -> q6 [label = "b"];
	q19 -> q1 [label = "a"];
	q4 -> q7 [label = "c"];
	q11 -> q18 [label = "b"];
	q7 -> q5 [label = "a"];
	q6 -> q15 [label = "c"];
	q2 -> q9 [label = "b, c"];
	q9 -> q14 [label = "a"];
	q1 -> q18 [label = "a, b"];
	q15 -> q12 [label = "c"];
	q15 -> q13 [label = "c"];
	q7 -> q10 [label = "a"];
	q19 -> q13 [label = "c"];
	q20 -> q15 [label = "c"];
	q15 -> q3 [label = "c"];
	q4 -> q20 [label = "a, b"];
	q20 -> q14 [label = "c"];
	q11 -> q2 [label = "b, c"];
	q8 -> q12 [label = "a, c"];
	q4 -> q3 [label = "a"];
	q5 -> q6 [label = "b"];
	q12 -> q11 [label = "b"];
	q21 -> q6 [label = "a, b"];
	q21 -> q18 [label = "a, b"];
	q3 -> q11 [label = "a, b"];
	q1 -> q4 [label = "a, b"];
	q2 -> q15 [label = "b"];
	q20 -> q0 [label = "a"];
	q16 -> q14 [label = "b, c"];
	q20 -> q4 [label = "a, b"];
	q12 -> q14 [label = "a"];
	q11 -> q13 [label = "a, b"];
	q0 -> q16 [label = "b, c"];
	q19 -> q14 [label = "a, c"];
	q7 -> q14 [label = "a, c"];
	q15 -> q7 [label = "a"];
	q19 -> q3 [label = "c"];
	q11 -> q11 [label = "a, b"];
	q0 -> q0 [label = "a, b"];
	q9 -> q15 [label = "a"];
	q11 -> q0 [label = "b"];
	q5 -> q10 [label = "a"];
	q2 -> q18 [label = "a, b"];
	q19 -> q12 [label = "c"];
	q4 -> q9 [label = "c"];
	q1 -> q3 [label = "a, c"];
	q0 -> q20 [label = "a, b"];
	q0 -> q18 [label = "a, b"];
	q14 -> q13 [label = "c"];
	q9 -> q4 [label = "b"];
	q8 -> q4 [label = "b"];
	q19 -> q7 [label = "a"];
	q15 -> q5 [label = "a"];
	q9 -> q18 [label = "b"];
	q8 -> q9 [label = "c"];
	q1 -> q8 [label = "a"];
	q17 -> q14 [label = "b, c"];
	q11 -> q8 [label = "c"];
	q10 -> q3 [label = "a"];
	q16 -> q13 [label = "a"];
	q2 -> q14 [label = "b, c"];
	q7 -> q13 [label = "c"];
	q11 -> q17 [label = "b"];
	q1 -> q1 [label = "a"];
	q4 -> q5 [label = "c"];
	q4 -> q8 [label = "c"];
	q8 -> q0 [label = "c"];
	q20 -> q19 [label = "c"];
	q20 -> q12 [label = "c"];
	q8 -> q6 [label = "b"];
	q15 -> q15 [label = "a"];
	q6 -> q18 [label = "a, b"];
	q2 -> q6 [label = "a, b"];
	q8 -> q8 [label = "a"];
	q1 -> q14 [label = "a"];
	q8 -> q13 [label = "a, c"];
	q5 -> q14 [label = "a, c"];
	q3 -> q2 [label = "b, c"];
	q8 -> q14 [label = "a, c"];
	q8 -> q2 [label = "b"];
	q8 -> q17 [label = "b"];
	q15 -> q8 [label = "a"];
	q4 -> q2 [label = "b"];
	q2 -> q19 [label = "b"];
	q20 -> q10 [label = "a, b"];
	q8 -> q18 [label = "b"];
	q0 -> q21 [label = "a, b"];
	q21 -> q21 [label = "a, b"];
	q10 -> q11 [label = "a"];
	q1 -> q0 [label = "a, c"];
	q8 -> q7 [label = "a"];
	q8 -> q10 [label = "a"];
	q10 -> q17 [label = "b"];
	q1 -> q6 [label = "a, b"];
	q1 -> q17 [label = "b"];
	q1 -> q7 [label = "a"];
	q16 -> q3 [label = "a"];
	q1 -> q9 [label = "a"];
	q7 -> q18 [label = "b"];
	q11 -> q4 [label = "b"];
	q1 -> q10 [label = "a, b"];
	q1 -> q11 [label = "a"];
	q17 -> q20 [label = "a"];
	q1 -> q12 [label = "a"];
	q1 -> q13 [label = "a, c"];
	q1 -> q15 [label = "a"];
	q5 -> q5 [label = "a"];
	q1 -> q21 [label = "a, b"];
	q13 -> q3 [label = "a, b"];
	q11 -> q16 [label = "b, c"];
	q3 -> q0 [label = "b"];
	q16 -> q5 [label = "b"];
	q3 -> q4 [label = "b"];
	q9 -> q21 [label = "b"];
	q3 -> q6 [label = "b"];
	q3 -> q17 [label = "b"];
	q5 -> q4 [label = "b"];
	q9 -> q7 [label = "a"];
	q3 -> q18 [label = "b"];
	q13 -> q6 [label = "b"];
	q7 -> q3 [label = "c"];
	q7 -> q12 [label = "c"];
	q18 -> q18 [label = "a, b"];
	q1 -> q19 [label = "a"];
	q1 -> q2 [label = "b"];
	q1 -> q16 [label = "b"];
	q7 -> q7 [label = "a"];
	q21 -> q5 [label = "c"];
	q3 -> q10 [label = "a"];
	q5 -> q7 [label = "a"];
	q5 -> q8 [label = "a"];
	q5 -> q15 [label = "a"];
	q18 -> q7 [label = "c"];
	q6 -> q4 [label = "a"];
	q4 -> q16 [label = "b"];
	q4 -> q17 [label = "b"];
	q7 -> q8 [label = "a"];
	q20 -> q9 [label = "c"];
	q7 -> q15 [label = "a"];
	q9 -> q3 [label = "c"];
	q5 -> q18 [label = "b"];
	q9 -> q13 [label = "c"];
	q13 -> q13 [label = "a, b"];
	q7 -> q6 [label = "b"];
	q15 -> q18 [label = "b"];
	q14 -> q14 [label = "a"];
	q10 -> q12 [label = "c"];
	q17 -> q10 [label = "a, b"];
	q2 -> q4 [label = "a, b"];
	q14 -> q15 [label = "a"];
	q11 -> q1 [label = "c"];
	q2 -> q16 [label = "a, b"];
	q11 -> q14 [label = "c"];
	q11 -> q15 [label = "c"];
	q13 -> q0 [label = "b"];
	q6 -> q14 [label = "c"];
	q13 -> q2 [label = "b"];
	q13 -> q4 [label = "b"];
	q11 -> q10 [label = "a, c"];
	q13 -> q17 [label = "b"];
	q6 -> q10 [label = "a"];
	q1 -> q20 [label = "a, b"];
	q15 -> q10 [label = "a"];
	q20 -> q5 [label = "c"];
	q20 -> q7 [label = "c"];
	q16 -> q0 [label = "a"];
	q16 -> q2 [label = "a, b"];
	q17 -> q19 [label = "b, c"];
	q2 -> q3 [label = "a"];
	q16 -> q6 [label = "a, b"];
	q2 -> q13 [label = "a"];
	q10 -> q13 [label = "a"];
	q18 -> q20 [label = "a"];
	q16 -> q11 [label = "a"];
	q16 -> q16 [label = "a, b"];
	q16 -> q17 [label = "a, b"];
	q16 -> q20 [label = "a, b"];
	q16 -> q15 [label = "b"];
	q16 -> q21 [label = "a, b"];
	q13 -> q10 [label = "a"];
	q11 -> q7 [label = "c"];
	q18 -> q6 [label = "a, b"];
	q18 -> q21 [label = "a, b"];
	q16 -> q7 [label = "b"];
	q13 -> q11 [label = "a, b"];
	q16 -> q8 [label = "b"];
	q18 -> q10 [label = "a"];
	q20 -> q3 [label = "a"];
	q20 -> q6 [label = "a, b"];
	q2 -> q8 [label = "b"];
	q16 -> q19 [label = "b"];
	q20 -> q13 [label = "a"];
	q2 -> q5 [label = "b"];
	q20 -> q18 [label = "a, b"];
	q20 -> q20 [label = "a, b"];
	q20 -> q21 [label = "a, b"];
}
NFA size: 22 states

AL* output after 13 EQ and 1319 MQ:
digraph finite_state_machine {
	rankdir=LR;
	node [shape = circle];
	s0 [shape = point, style = invis, start="true" ];
	s1 [shape = point, style = invis, start="true" ];
	s2 [shape = point, style = invis, start="true" ];
	q0 [label = "q0", shape = doublecircle, final="true" ];
	q1 [label = "q1"];
	q2 [label = "q2", shape = doublecircle, final="true" ];
	q3 [label = "q3", shape = doublecircle, final="true" ];
	q4 [label = "q4"];
	q5 [label = "q5", shape = doublecircle, final="true" ];
	q6 [label = "q6"];
	q7 [label = "q7", shape = doublecircle, final="true" ];
	q8 [label = "q8"];
	m0 [label = "", shape = square, style = filled, color=grey, fixedsize=true, width=.2];
	m1 [label = "", shape = square, style = filled, color=grey, fixedsize=true, width=.2];
	m2 [label = "", shape = square, style = filled, color=grey, fixedsize=true, width=.2];
	m3 [label = "", shape = square, style = filled, color=grey, fixedsize=true, width=.2];
	m4 [label = "", shape = square, style = filled, color=grey, fixedsize=true, width=.2];
	m5 [label = "", shape = square, style = filled, color=grey, fixedsize=true, width=.2];
	m6 [label = "", shape = square, style = filled, color=grey, fixedsize=true, width=.2];
	m7 [label = "", shape = square, style = filled, color=grey, fixedsize=true, width=.2];
	m8 [label = "", shape = square, style = filled, color=grey, fixedsize=true, width=.2];
	m9 [label = "", shape = square, style = filled, color=grey, fixedsize=true, width=.2];
	m10 [label = "", shape = square, style = filled, color=grey, fixedsize=true, width=.2];
	m11 [label = "", shape = square, style = filled, color=grey, fixedsize=true, width=.2];
	m12 [label = "", shape = square, style = filled, color=grey, fixedsize=true, width=.2];
	m13 [label = "", shape = square, style = filled, color=grey, fixedsize=true, width=.2];
	s0 -> m0
	s1 -> m1
	s2 -> m2
	q3 -> q6 [label = "c"];
	q1 -> m1 [label = "a, b"];
	q7 -> m1 [label = "a, b"];
	q4 -> m7 [label = "a"];
	q2 -> m4 [label = "c"];
	q6 -> q6 [label = "a, b"];
	q0 -> m6 [label = "b"];
	q0 -> m2 [label = "b"];
	q3 -> m10 [label = "a"];
	q1 -> m0 [label = "a, b"];
	q2 -> m2 [label = "a"];
	q6 -> m1 [label = "c"];
	q8 -> q6 [label = "c"];
	q0 -> q6 [label = "a, c"];
	q3 -> m5 [label = "a, c"];
	q7 -> m0 [label = "b, c"];
	q7 -> m3 [label = "a, b"];
	q2 -> m3 [label = "b"];
	q8 -> m4 [label = "b"];
	q0 -> m5 [label = "a, c"];
	q3 -> m2 [label = "b"];
	q2 -> q6 [label = "a"];
	q7 -> m2 [label = "a"];
	q8 -> m3 [label = "b"];
	q4 -> q6 [label = "b, c"];
	q4 -> m5 [label = "a"];
	q2 -> m6 [label = "a, b"];
	q2 -> m5 [label = "b, c"];
	q5 -> m0 [label = "a"];
	q0 -> m3 [label = "b"];
	q6 -> m6 [label = "b, c"];
	q2 -> m1 [label = "b"];
	q0 -> m4 [label = "a"];
	q3 -> m3 [label = "b"];
	q5 -> m3 [label = "b"];
	q1 -> m4 [label = "a, b"];
	q8 -> m0 [label = "a, b"];
	q3 -> m0 [label = "a, b"];
	q3 -> m4 [label = "a, b"];
	q7 -> m5 [label = "b, c"];
	q7 -> m4 [label = "b, c"];
	q6 -> m0 [label = "a"];
	q1 -> m3 [label = "b"];
	q1 -> m9 [label = "b"];
	q1 -> m10 [label = "b"];
	q5 -> m5 [label = "c"];
	q2 -> m12 [label = "c"];
	q1 -> m2 [label = "b"];
	q1 -> m5 [label = "a"];
	q3 -> m1 [label = "a"];
	q0 -> m0 [label = "a, c"];
	q5 -> q6 [label = "a"];
	q1 -> m11 [label = "c"];
	q1 -> q6 [label = "c"];
	q6 -> m2 [label = "a"];
	q4 -> m0 [label = "b"];
	q2 -> m13 [label = "c"];
	q5 -> m6 [label = "b"];
	q8 -> m5 [label = "a"];
	q5 -> m8 [label = "c"];
	q7 -> m6 [label = "a"];
	m0 -> q0;
	m0 -> q2;
	m0 -> q3;
	m0 -> q5;
	m0 -> q7;
	m1 -> q0;
	m1 -> q2;
	m1 -> q5;
	m1 -> q6;
	m2 -> q0;
	m2 -> q1;
	m2 -> q3;
	m2 -> q4;
	m2 -> q5;
	m2 -> q8;
	m3 -> q0;
	m3 -> q6;
	m3 -> q7;
	m4 -> q0;
	m4 -> q1;
	m4 -> q2;
	m4 -> q3;
	m4 -> q7;
	m5 -> q0;
	m5 -> q1;
	m5 -> q3;
	m5 -> q4;
	m5 -> q8;
	m6 -> q2;
	m6 -> q7;
	m7 -> q0;
	m7 -> q1;
	m7 -> q2;
	m7 -> q3;
	m7 -> q5;
	m7 -> q6;
	m7 -> q7;
	m7 -> q8;
	m8 -> q4;
	m8 -> q6;
	m9 -> q0;
	m9 -> q1;
	m9 -> q3;
	m9 -> q4;
	m9 -> q6;
	m9 -> q8;
	m10 -> q2;
	m10 -> q6;
	m10 -> q7;
	m11 -> q0;
	m11 -> q1;
	m11 -> q2;
	m11 -> q3;
	m11 -> q4;
	m11 -> q5;
	m11 -> q7;
	m11 -> q8;
	m12 -> q0;
	m12 -> q1;
	m12 -> q2;
	m12 -> q4;
	m12 -> q5;
	m12 -> q6;
	m13 -> q1;
	m13 -> q2;
	m13 -> q4;
	m13 -> q6;
	m13 -> q7;
}
AFA size: 9 states

AL** output after 14 EQ and 1319 MQ:
digraph finite_state_machine {
	rankdir=LR;
	node [shape = circle];
	s0 [shape = point, style = invis, start="true" ];
	s1 [shape = point, style = invis, start="true" ];
	s2 [shape = point, style = invis, start="true" ];
	q0 [label = "q0", shape = doublecircle, final="true" ];
	q1 [label = "q1"];
	q2 [label = "q2", shape = doublecircle, final="true" ];
	q3 [label = "q3", shape = doublecircle, final="true" ];
	q4 [label = "q4"];
	q5 [label = "q5", shape = doublecircle, final="true" ];
	q6 [label = "q6"];
	q7 [label = "q7", shape = doublecircle, final="true" ];
	q8 [label = "q8"];
	m0 [label = "", shape = square, style = filled, color=grey, fixedsize=true, width=.2];
	m1 [label = "", shape = square, style = filled, color=grey, fixedsize=true, width=.2];
	m2 [label = "", shape = square, style = filled, color=grey, fixedsize=true, width=.2];
	m3 [label = "", shape = square, style = filled, color=grey, fixedsize=true, width=.2];
	m4 [label = "", shape = square, style = filled, color=grey, fixedsize=true, width=.2];
	m5 [label = "", shape = square, style = filled, color=grey, fixedsize=true, width=.2];
	m6 [label = "", shape = square, style = filled, color=grey, fixedsize=true, width=.2];
	m7 [label = "", shape = square, style = filled, color=grey, fixedsize=true, width=.2];
	m8 [label = "", shape = square, style = filled, color=grey, fixedsize=true, width=.2];
	m9 [label = "", shape = square, style = filled, color=grey, fixedsize=true, width=.2];
	m10 [label = "", shape = square, style = filled, color=grey, fixedsize=true, width=.2];
	m11 [label = "", shape = square, style = filled, color=grey, fixedsize=true, width=.2];
	m12 [label = "", shape = square, style = filled, color=grey, fixedsize=true, width=.2];
	m13 [label = "", shape = square, style = filled, color=grey, fixedsize=true, width=.2];
	s0 -> m0
	s1 -> m1
	s2 -> m2
	q3 -> q6 [label = "c"];
	q1 -> m1 [label = "a, b"];
	q7 -> m1 [label = "a, b"];
	q4 -> m7 [label = "a"];
	q2 -> m4 [label = "c"];
	q6 -> q6 [label = "a, b"];
	q0 -> m6 [label = "b"];
	q0 -> m2 [label = "b"];
	q3 -> m10 [label = "a"];
	q1 -> m0 [label = "a, b"];
	q2 -> m2 [label = "a"];
	q6 -> m1 [label = "c"];
	q8 -> q6 [label = "c"];
	q0 -> q6 [label = "a, c"];
	q3 -> m5 [label = "a, c"];
	q7 -> m0 [label = "b, c"];
	q7 -> m3 [label = "a, b"];
	q2 -> m3 [label = "b"];
	q8 -> m4 [label = "b"];
	q0 -> m5 [label = "a, c"];
	q3 -> m2 [label = "b"];
	q2 -> q6 [label = "a"];
	q7 -> m2 [label = "a"];
	q8 -> m3 [label = "b"];
	q4 -> q6 [label = "b, c"];
	q4 -> m5 [label = "a"];
	q2 -> m6 [label = "a, b"];
	q2 -> m5 [label = "b, c"];
	q5 -> m0 [label = "a"];
	q0 -> m3 [label = "b"];
	q6 -> m6 [label = "b, c"];
	q2 -> m1 [label = "b"];
	q0 -> m4 [label = "a"];
	q3 -> m3 [label = "b"];
	q5 -> m3 [label = "b"];
	q1 -> m4 [label = "a, b"];
	q8 -> m0 [label = "a, b"];
	q3 -> m0 [label = "a, b"];
	q3 -> m4 [label = "a, b"];
	q7 -> m5 [label = "b, c"];
	q7 -> m4 [label = "b, c"];
	q6 -> m0 [label = "a"];
	q1 -> m3 [label = "b"];
	q1 -> m9 [label = "b"];
	q1 -> m10 [label = "b"];
	q5 -> m5 [label = "c"];
	q2 -> m12 [label = "c"];
	q1 -> m2 [label = "b"];
	q1 -> m5 [label = "a"];
	q3 -> m1 [label = "a"];
	q0 -> m0 [label = "a, c"];
	q5 -> q6 [label = "a"];
	q1 -> m11 [label = "c"];
	q1 -> q6 [label = "c"];
	q6 -> m2 [label = "a"];
	q4 -> m0 [label = "b"];
	q2 -> m13 [label = "c"];
	q5 -> m6 [label = "b"];
	q8 -> m5 [label = "a"];
	q5 -> m8 [label = "c"];
	q7 -> m6 [label = "a"];
	m0 -> q0;
	m0 -> q2;
	m0 -> q3;
	m0 -> q5;
	m0 -> q7;
	m1 -> q0;
	m1 -> q2;
	m1 -> q5;
	m1 -> q6;
	m2 -> q0;
	m2 -> q1;
	m2 -> q3;
	m2 -> q4;
	m2 -> q5;
	m2 -> q8;
	m3 -> q0;
	m3 -> q6;
	m3 -> q7;
	m4 -> q0;
	m4 -> q1;
	m4 -> q2;
	m4 -> q3;
	m4 -> q7;
	m5 -> q0;
	m5 -> q1;
	m5 -> q3;
	m5 -> q4;
	m5 -> q8;
	m6 -> q2;
	m6 -> q7;
	m7 -> q0;
	m7 -> q1;
	m7 -> q2;
	m7 -> q3;
	m7 -> q5;
	m7 -> q6;
	m7 -> q7;
	m7 -> q8;
	m8 -> q4;
	m8 -> q6;
	m9 -> q0;
	m9 -> q1;
	m9 -> q3;
	m9 -> q4;
	m9 -> q6;
	m9 -> q8;
	m10 -> q2;
	m10 -> q6;
	m10 -> q7;
	m11 -> q0;
	m11 -> q1;
	m11 -> q2;
	m11 -> q3;
	m11 -> q4;
	m11 -> q5;
	m11 -> q7;
	m11 -> q8;
	m12 -> q0;
	m12 -> q1;
	m12 -> q2;
	m12 -> q4;
	m12 -> q5;
	m12 -> q6;
	m13 -> q1;
	m13 -> q2;
	m13 -> q4;
	m13 -> q6;
	m13 -> q7;
}
RAFA size: 9 states

