Random target AFA:
digraph finite_state_machine {
	rankdir=LR;
	node [shape = circle];
	s0 [shape = point, style = invis, start="true" ];
	s1 [shape = point, style = invis, start="true" ];
	q0 [label = "q0"];
	q1 [label = "q1"];
	q2 [label = "q2", shape = doublecircle, final="true" ];
	q3 [label = "q3", shape = doublecircle, final="true" ];
	q4 [label = "q4", shape = doublecircle, final="true" ];
	q5 [label = "q5"];
	m0 [label = "", shape = square, style = filled, color=grey, fixedsize=true, width=.2];
	m1 [label = "", shape = square, style = filled, color=grey, fixedsize=true, width=.2];
	m2 [label = "", shape = square, style = filled, color=grey, fixedsize=true, width=.2];
	m3 [label = "", shape = square, style = filled, color=grey, fixedsize=true, width=.2];
	m4 [label = "", shape = square, style = filled, color=grey, fixedsize=true, width=.2];
	m5 [label = "", shape = square, style = filled, color=grey, fixedsize=true, width=.2];
	m6 [label = "", shape = square, style = filled, color=grey, fixedsize=true, width=.2];
	m7 [label = "", shape = square, style = filled, color=grey, fixedsize=true, width=.2];
	s0 -> q2
	s1 -> q2
	q1 -> m6 [label = "c"];
	q5 -> q2 [label = "a"];
	q3 -> q5 [label = "b"];
	q3 -> q3 [label = "c"];
	q1 -> m5 [label = "a"];
	q4 -> q3 [label = "c"];
	q0 -> q2 [label = "a"];
	q3 -> m0 [label = "b"];
	q4 -> m3 [label = "a"];
	q1 -> q5 [label = "b"];
	q0 -> m1 [label = "b"];
	q0 -> q0 [label = "a, c"];
	q2 -> m0 [label = "b"];
	q5 -> m7 [label = "b"];
	q5 -> q0 [label = "c"];
	q2 -> q2 [label = "b"];
	q5 -> q1 [label = "a"];
	q1 -> q4 [label = "a"];
	q0 -> q5 [label = "b"];
	q2 -> q0 [label = "a"];
	q2 -> m6 [label = "c"];
	q3 -> q1 [label = "a"];
	q2 -> q4 [label = "a, c"];
	q3 -> q0 [label = "a"];
	q1 -> q1 [label = "b, c"];
	q5 -> m4 [label = "c"];
	q0 -> q3 [label = "c"];
	q4 -> q4 [label = "b"];
	q4 -> m2 [label = "a"];
	m0 -> q3;
	m0 -> q5;
	m1 -> q3;
	m1 -> q4;
	m2 -> q0;
	m2 -> q1;
	m3 -> q2;
	m3 -> q4;
	m4 -> q4;
	m4 -> q5;
	m5 -> q1;
	m5 -> q3;
	m6 -> q1;
	m6 -> q5;
	m7 -> q0;
	m7 -> q3;
}

L* output after 8 EQ and 7987 MQ:
digraph finite_state_machine {
	rankdir=LR;
	node [shape = circle];
	s0 [shape = point, style = invis, start="true" ];
	q0 [label = "q0"];
	q1 [label = "q1", shape = doublecircle, final="true" ];
	q2 [label = "q2", shape = doublecircle, final="true" ];
	q3 [label = "q3", shape = doublecircle, final="true" ];
	q4 [label = "q4", shape = doublecircle, final="true" ];
	q5 [label = "q5", shape = doublecircle, final="true" ];
	q6 [label = "q6", shape = doublecircle, final="true" ];
	q7 [label = "q7"];
	q8 [label = "q8", shape = doublecircle, final="true" ];
	q9 [label = "q9"];
	q10 [label = "q10", shape = doublecircle, final="true" ];
	q11 [label = "q11", shape = doublecircle, final="true" ];
	q12 [label = "q12", shape = doublecircle, final="true" ];
	q13 [label = "q13", shape = doublecircle, final="true" ];
	q14 [label = "q14", shape = doublecircle, final="true" ];
	q15 [label = "q15", shape = doublecircle, final="true" ];
	q16 [label = "q16", shape = doublecircle, final="true" ];
	q17 [label = "q17", shape = doublecircle, final="true" ];
	q18 [label = "q18", shape = doublecircle, final="true" ];
	q19 [label = "q19", shape = doublecircle, final="true" ];
	q20 [label = "q20", shape = doublecircle, final="true" ];
	q21 [label = "q21", shape = doublecircle, final="true" ];
	q22 [label = "q22", shape = doublecircle, final="true" ];
	q23 [label = "q23", shape = doublecircle, final="true" ];
	q24 [label = "q24"];
	q25 [label = "q25"];
	q26 [label = "q26"];
	q27 [label = "q27", shape = doublecircle, final="true" ];
	q28 [label = "q28", shape = doublecircle, final="true" ];
	q29 [label = "q29", shape = doublecircle, final="true" ];
	q30 [label = "q30", shape = doublecircle, final="true" ];
	q31 [label = "q31", shape = doublecircle, final="true" ];
	q32 [label = "q32", shape = doublecircle, final="true" ];
	q33 [label = "q33", shape = doublecircle, final="true" ];
	q34 [label = "q34"];
	q35 [label = "q35", shape = doublecircle, final="true" ];
	q36 [label = "q36", shape = doublecircle, final="true" ];
	q37 [label = "q37"];
	q38 [label = "q38"];
	q39 [label = "q39", shape = doublecircle, final="true" ];
	q40 [label = "q40", shape = doublecircle, final="true" ];
	q41 [label = "q41", shape = doublecircle, final="true" ];
	q42 [label = "q42", shape = doublecircle, final="true" ];
	q43 [label = "q43"];
	q44 [label = "q44", shape = doublecircle, final="true" ];
	q45 [label = "q45", shape = doublecircle, final="true" ];
	q46 [label = "q46", shape = doublecircle, final="true" ];
	q47 [label = "q47", shape = doublecircle, final="true" ];
	q48 [label = "q48"];
	q49 [label = "q49", shape = doublecircle, final="true" ];
	q50 [label = "q50", shape = doublecircle, final="true" ];
	q51 [label = "q51", shape = doublecircle, final="true" ];
	q52 [label = "q52"];
	q53 [label = "q53"];
	q54 [label = "q54", shape = doublecircle, final="true" ];
	q55 [label = "q55", shape = doublecircle, final="true" ];
	q56 [label = "q56", shape = doublecircle, final="true" ];
	q57 [label = "q57", shape = doublecircle, final="true" ];
	q58 [label = "q58", shape = doublecircle, final="true" ];
	q59 [label = "q59", shape = doublecircle, final="true" ];
	s0 -> q17
	q45 -> q29 [label = "a"];
	q47 -> q50 [label = "b"];
	q41 -> q50 [label = "b"];
	q43 -> q23 [label = "a"];
	q47 -> q58 [label = "c"];
	q41 -> q45 [label = "a"];
	q43 -> q25 [label = "b"];
	q44 -> q45 [label = "a"];
	q46 -> q54 [label = "b"];
	q40 -> q32 [label = "b"];
	q44 -> q5 [label = "c"];
	q39 -> q39 [label = "a"];
	q37 -> q38 [label = "b"];
	q35 -> q55 [label = "c"];
	q39 -> q20 [label = "b"];
	q33 -> q2 [label = "c"];
	q39 -> q22 [label = "c"];
	q33 -> q36 [label = "b"];
	q33 -> q47 [label = "a"];
	q32 -> q13 [label = "c"];
	q38 -> q13 [label = "c"];
	q37 -> q26 [label = "c"];
	q34 -> q45 [label = "a"];
	q32 -> q20 [label = "b"];
	q34 -> q34 [label = "b"];
	q31 -> q4 [label = "a"];
	q27 -> q5 [label = "c"];
	q30 -> q4 [label = "a"];
	q32 -> q42 [label = "a"];
	q27 -> q23 [label = "a"];
	q22 -> q24 [label = "b"];
	q21 -> q15 [label = "c"];
	q23 -> q14 [label = "c"];
	q23 -> q41 [label = "b"];
	q15 -> q24 [label = "b"];
	q21 -> q39 [label = "a"];
	q17 -> q19 [label = "c"];
	q20 -> q32 [label = "b"];
	q49 -> q29 [label = "a"];
	q36 -> q2 [label = "c"];
	q0 -> q0 [label = "b"];
	q36 -> q45 [label = "a"];
	q44 -> q54 [label = "b"];
	q46 -> q4 [label = "a"];
	q19 -> q16 [label = "b"];
	q5 -> q45 [label = "a"];
	q43 -> q5 [label = "c"];
	q5 -> q5 [label = "c"];
	q28 -> q4 [label = "a"];
	q42 -> q55 [label = "c"];
	q47 -> q18 [label = "a"];
	q50 -> q50 [label = "b"];
	q52 -> q30 [label = "c"];
	q51 -> q55 [label = "c"];
	q50 -> q45 [label = "a"];
	q12 -> q42 [label = "a"];
	q48 -> q55 [label = "c"];
	q55 -> q45 [label = "a"];
	q53 -> q45 [label = "a"];
	q10 -> q4 [label = "a"];
	q20 -> q23 [label = "a"];
	q59 -> q5 [label = "c"];
	q29 -> q11 [label = "b"];
	q49 -> q27 [label = "b"];
	q51 -> q52 [label = "b"];
	q56 -> q5 [label = "c"];
	q18 -> q5 [label = "c"];
	q14 -> q33 [label = "b"];
	q58 -> q4 [label = "a"];
	q16 -> q13 [label = "c"];
	q4 -> q29 [label = "a"];
	q54 -> q59 [label = "b"];
	q0 -> q5 [label = "c"];
	q17 -> q18 [label = "a"];
	q7 -> q9 [label = "c"];
	q51 -> q47 [label = "a"];
	q48 -> q51 [label = "b"];
	q5 -> q27 [label = "b"];
	q8 -> q46 [label = "c"];
	q17 -> q28 [label = "b"];
	q56 -> q47 [label = "a"];
	q26 -> q29 [label = "a"];
	q18 -> q29 [label = "a"];
	q57 -> q2 [label = "c"];
	q22 -> q4 [label = "a"];
	q34 -> q2 [label = "c"];
	q57 -> q33 [label = "b"];
	q36 -> q36 [label = "b"];
	q3 -> q1 [label = "b"];
	q55 -> q56 [label = "b"];
	q30 -> q56 [label = "b"];
	q58 -> q33 [label = "b"];
	q7 -> q34 [label = "b"];
	q19 -> q21 [label = "a"];
	q59 -> q59 [label = "b"];
	q40 -> q49 [label = "c"];
	q58 -> q10 [label = "c"];
	q25 -> q13 [label = "c"];
	q50 -> q57 [label = "c"];
	q48 -> q29 [label = "a"];
	q30 -> q22 [label = "c"];
	q45 -> q57 [label = "c"];
	q25 -> q42 [label = "a"];
	q52 -> q4 [label = "a"];
	q59 -> q45 [label = "a"];
	q56 -> q0 [label = "b"];
	q38 -> q48 [label = "a"];
	q53 -> q52 [label = "b"];
	q49 -> q5 [label = "c"];
	q25 -> q43 [label = "b"];
	q55 -> q5 [label = "c"];
	q28 -> q28 [label = "b"];
	q54 -> q5 [label = "c"];
	q53 -> q55 [label = "c"];
	q26 -> q5 [label = "c"];
	q45 -> q50 [label = "b"];
	q54 -> q47 [label = "a"];
	q29 -> q29 [label = "a"];
	q11 -> q8 [label = "b"];
	q22 -> q22 [label = "c"];
	q31 -> q35 [label = "b"];
	q16 -> q3 [label = "a"];
	q57 -> q45 [label = "a"];
	q20 -> q5 [label = "c"];
	q31 -> q30 [label = "c"];
	q13 -> q9 [label = "a"];
	q13 -> q37 [label = "b"];
	q1 -> q55 [label = "c"];
	q11 -> q44 [label = "c"];
	q14 -> q39 [label = "a"];
	q12 -> q54 [label = "b"];
	q6 -> q2 [label = "c"];
	q10 -> q10 [label = "c"];
	q3 -> q30 [label = "c"];
	q35 -> q45 [label = "a"];
	q16 -> q20 [label = "b"];
	q7 -> q47 [label = "a"];
	q8 -> q11 [label = "b"];
	q42 -> q29 [label = "a"];
	q2 -> q2 [label = "c"];
	q4 -> q33 [label = "b"];
	q3 -> q18 [label = "a"];
	q6 -> q34 [label = "b"];
	q41 -> q4 [label = "c"];
	q9 -> q29 [label = "a"];
	q9 -> q6 [label = "b"];
	q26 -> q27 [label = "b"];
	q1 -> q31 [label = "b"];
	q1 -> q47 [label = "a"];
	q2 -> q45 [label = "a"];
	q0 -> q45 [label = "a"];
	q40 -> q23 [label = "a"];
	q38 -> q37 [label = "b"];
	q4 -> q2 [label = "c"];
	q6 -> q47 [label = "a"];
	q12 -> q22 [label = "c"];
	q35 -> q31 [label = "b"];
	q10 -> q7 [label = "b"];
	q8 -> q4 [label = "a"];
	q14 -> q10 [label = "c"];
	q42 -> q1 [label = "b"];
	q21 -> q40 [label = "b"];
	q13 -> q13 [label = "c"];
	q2 -> q6 [label = "b"];
	q24 -> q23 [label = "a"];
	q15 -> q22 [label = "c"];
	q28 -> q12 [label = "c"];
	q37 -> q23 [label = "a"];
	q11 -> q45 [label = "a"];
	q19 -> q22 [label = "c"];
	q46 -> q22 [label = "c"];
	q52 -> q53 [label = "b"];
	q23 -> q18 [label = "a"];
	q24 -> q25 [label = "b"];
	q9 -> q2 [label = "c"];
	q24 -> q26 [label = "c"];
	q18 -> q20 [label = "b"];
	q27 -> q25 [label = "b"];
	q15 -> q39 [label = "a"];
	q29 -> q44 [label = "c"];
}
DFA size: 60 states

NL* output after 12 EQ and 5637 MQ:
digraph finite_state_machine {
	rankdir=LR;
	node [shape = circle];
	s0 [shape = point, style = invis, start="true" ];
	q0 [label = "q0"];
	q1 [label = "q1", shape = doublecircle, final="true" ];
	q2 [label = "q2", shape = doublecircle, final="true" ];
	q3 [label = "q3"];
	q4 [label = "q4", shape = doublecircle, final="true" ];
	q5 [label = "q5", shape = doublecircle, final="true" ];
	q6 [label = "q6", shape = doublecircle, final="true" ];
	q7 [label = "q7", shape = doublecircle, final="true" ];
	q8 [label = "q8"];
	q9 [label = "q9"];
	q10 [label = "q10"];
	q11 [label = "q11", shape = doublecircle, final="true" ];
	q12 [label = "q12", shape = doublecircle, final="true" ];
	q13 [label = "q13", shape = doublecircle, final="true" ];
	q14 [label = "q14", shape = doublecircle, final="true" ];
	q15 [label = "q15", shape = doublecircle, final="true" ];
	q16 [label = "q16", shape = doublecircle, final="true" ];
	q17 [label = "q17", shape = doublecircle, final="true" ];
	q18 [label = "q18"];
	q19 [label = "q19"];
	q20 [label = "q20"];
	q21 [label = "q21"];
	q22 [label = "q22", shape = doublecircle, final="true" ];
	q23 [label = "q23"];
	q24 [label = "q24"];
	q25 [label = "q25", shape = doublecircle, final="true" ];
	q26 [label = "q26", shape = doublecircle, final="true" ];
	s0 -> q13
	q18 -> q16 [label = "c"];
	q18 -> q1 [label = "c"];
	q20 -> q19 [label = "b"];
	q22 -> q25 [label = "a"];
	q22 -> q15 [label = "a"];
	q22 -> q13 [label = "a"];
	q22 -> q12 [label = "a"];
	q17 -> q12 [label = "c"];
	q17 -> q2 [label = "c"];
	q21 -> q11 [label = "a"];
	q21 -> q5 [label = "a"];
	q23 -> q24 [label = "b"];
	q23 -> q19 [label = "b"];
	q23 -> q3 [label = "b"];
	q19 -> q17 [label = "a"];
	q17 -> q26 [label = "b"];
	q17 -> q17 [label = "b"];
	q17 -> q14 [label = "b"];
	q17 -> q13 [label = "b"];
	q17 -> q0 [label = "b"];
	q23 -> q4 [label = "c"];
	q17 -> q25 [label = "a, c"];
	q17 -> q11 [label = "a, b, c"];
	q17 -> q8 [label = "a"];
	q17 -> q6 [label = "a, c"];
	q21 -> q20 [label = "a, c"];
	q21 -> q9 [label = "a, c"];
	q21 -> q6 [label = "a, c"];
	q16 -> q4 [label = "c"];
	q20 -> q21 [label = "a"];
	q20 -> q9 [label = "a"];
	q18 -> q18 [label = "c"];
	q22 -> q23 [label = "b"];
	q18 -> q21 [label = "a, c"];
	q18 -> q15 [label = "a"];
	q18 -> q13 [label = "a"];
	q18 -> q11 [label = "a"];
	q18 -> q9 [label = "a, c"];
	q18 -> q8 [label = "a, c"];
	q18 -> q5 [label = "a"];
	q16 -> q7 [label = "b"];
	q16 -> q3 [label = "b"];
	q22 -> q16 [label = "c"];
	q2 -> q2 [label = "b"];
	q2 -> q0 [label = "b"];
	q0 -> q15 [label = "a"];
	q24 -> q17 [label = "a"];
	q16 -> q10 [label = "b"];
	q0 -> q13 [label = "a"];
	q16 -> q9 [label = "a"];
	q12 -> q4 [label = "c"];
	q24 -> q16 [label = "c"];
	q21 -> q4 [label = "c"];
	q10 -> q20 [label = "b, c"];
	q24 -> q9 [label = "a, b, c"];
	q8 -> q21 [label = "a"];
	q6 -> q6 [label = "a, c"];
	q14 -> q18 [label = "a"];
	q8 -> q15 [label = "a"];
	q8 -> q5 [label = "a"];
	q16 -> q18 [label = "a"];
	q0 -> q17 [label = "a"];
	q0 -> q10 [label = "b"];
	q0 -> q25 [label = "a"];
	q8 -> q11 [label = "a"];
	q5 -> q3 [label = "b"];
	q21 -> q15 [label = "a"];
	q14 -> q20 [label = "a, c"];
	q12 -> q20 [label = "c"];
	q26 -> q11 [label = "a"];
	q14 -> q12 [label = "a, c"];
	q23 -> q21 [label = "a"];
	q17 -> q9 [label = "a"];
	q14 -> q9 [label = "a, c"];
	q0 -> q6 [label = "a"];
	q19 -> q13 [label = "a"];
	q24 -> q15 [label = "a"];
	q2 -> q20 [label = "c"];
	q2 -> q25 [label = "a, b"];
	q1 -> q8 [label = "a"];
	q10 -> q11 [label = "a"];
	q8 -> q10 [label = "b"];
	q21 -> q22 [label = "b"];
	q12 -> q11 [label = "a"];
	q5 -> q6 [label = "a"];
	q8 -> q20 [label = "a, c"];
	q8 -> q3 [label = "b"];
	q2 -> q7 [label = "b"];
	q3 -> q8 [label = "c"];
	q8 -> q6 [label = "a, c"];
	q23 -> q20 [label = "a, c"];
	q9 -> q9 [label = "a"];
	q11 -> q19 [label = "b"];
	q11 -> q10 [label = "b"];
	q25 -> q11 [label = "a"];
	q9 -> q8 [label = "a"];
	q9 -> q6 [label = "a"];
	q9 -> q5 [label = "a"];
	q15 -> q20 [label = "a, c"];
	q10 -> q8 [label = "c"];
	q18 -> q4 [label = "c"];
	q15 -> q6 [label = "a, c"];
	q11 -> q25 [label = "a"];
	q9 -> q11 [label = "a"];
	q11 -> q11 [label = "a"];
	q15 -> q4 [label = "c"];
	q11 -> q6 [label = "a, c"];
	q19 -> q8 [label = "c"];
	q25 -> q6 [label = "a, c"];
	q8 -> q13 [label = "a"];
	q24 -> q23 [label = "b"];
	q2 -> q6 [label = "a, b, c"];
	q15 -> q25 [label = "a"];
	q0 -> q21 [label = "c"];
	q19 -> q11 [label = "a"];
	q24 -> q2 [label = "a"];
	q8 -> q7 [label = "b"];
	q25 -> q25 [label = "a"];
	q1 -> q25 [label = "a"];
	q9 -> q4 [label = "c"];
	q22 -> q17 [label = "a"];
	q25 -> q12 [label = "b"];
	q21 -> q21 [label = "a"];
	q23 -> q15 [label = "a"];
	q24 -> q18 [label = "a"];
	q15 -> q26 [label = "b"];
	q24 -> q8 [label = "a, c"];
	q13 -> q8 [label = "a"];
	q24 -> q6 [label = "a, c"];
	q25 -> q20 [label = "c"];
	q9 -> q20 [label = "a, c"];
	q25 -> q19 [label = "b"];
	q12 -> q6 [label = "c"];
	q23 -> q10 [label = "b"];
	q1 -> q18 [label = "a"];
	q25 -> q3 [label = "b"];
	q26 -> q9 [label = "b, c"];
	q0 -> q2 [label = "a"];
	q25 -> q26 [label = "b"];
	q17 -> q10 [label = "b"];
	q2 -> q4 [label = "c"];
	q14 -> q15 [label = "a"];
	q15 -> q22 [label = "b"];
	q0 -> q11 [label = "a"];
	q22 -> q2 [label = "a"];
	q24 -> q25 [label = "a"];
	q1 -> q0 [label = "b"];
	q26 -> q20 [label = "b, c"];
	q13 -> q25 [label = "a"];
	q26 -> q5 [label = "b"];
	q16 -> q11 [label = "a"];
	q26 -> q8 [label = "c"];
	q8 -> q8 [label = "a, c"];
	q25 -> q4 [label = "c"];
	q13 -> q13 [label = "b"];
	q10 -> q9 [label = "b, c"];
	q5 -> q25 [label = "a"];
	q25 -> q10 [label = "b"];
	q15 -> q19 [label = "b"];
	q14 -> q14 [label = "b"];
	q15 -> q9 [label = "a, c"];
	q16 -> q12 [label = "a"];
	q26 -> q17 [label = "a"];
	q9 -> q25 [label = "a"];
	q8 -> q4 [label = "c"];
	q24 -> q20 [label = "a, b, c"];
	q13 -> q6 [label = "a"];
	q24 -> q11 [label = "a"];
	q1 -> q10 [label = "b"];
	q21 -> q7 [label = "b"];
	q4 -> q8 [label = "a"];
	q21 -> q13 [label = "a"];
	q22 -> q8 [label = "c"];
	q24 -> q21 [label = "a"];
	q4 -> q20 [label = "a, c"];
	q18 -> q20 [label = "a, c"];
	q14 -> q11 [label = "a, c"];
	q10 -> q13 [label = "a"];
	q23 -> q18 [label = "a"];
	q23 -> q2 [label = "a"];
	q15 -> q5 [label = "a"];
	q16 -> q2 [label = "a"];
	q24 -> q13 [label = "a"];
	q9 -> q3 [label = "b"];
	q14 -> q25 [label = "a, c"];
	q9 -> q15 [label = "a"];
	q0 -> q0 [label = "b"];
	q7 -> q17 [label = "a"];
	q14 -> q6 [label = "a, c"];
	q1 -> q9 [label = "a"];
	q23 -> q11 [label = "a"];
	q24 -> q12 [label = "a"];
	q21 -> q10 [label = "b"];
	q23 -> q6 [label = "a, c"];
	q23 -> q12 [label = "a"];
	q14 -> q5 [label = "a, c"];
	q8 -> q19 [label = "b"];
	q14 -> q21 [label = "a"];
	q20 -> q20 [label = "a, c"];
	q23 -> q8 [label = "a"];
	q10 -> q17 [label = "a"];
	q0 -> q12 [label = "a"];
	q23 -> q25 [label = "a"];
	q21 -> q19 [label = "b"];
	q19 -> q9 [label = "c"];
	q19 -> q20 [label = "b, c"];
	q17 -> q5 [label = "a"];
	q9 -> q10 [label = "b"];
	q9 -> q19 [label = "b"];
	q2 -> q10 [label = "b"];
	q2 -> q12 [label = "b"];
	q2 -> q19 [label = "b"];
	q24 -> q4 [label = "c"];
	q24 -> q5 [label = "a"];
	q23 -> q5 [label = "a"];
	q2 -> q22 [label = "b"];
	q15 -> q11 [label = "a"];
	q2 -> q26 [label = "b"];
	q18 -> q7 [label = "b"];
	q6 -> q4 [label = "c"];
	q6 -> q20 [label = "c"];
	q3 -> q13 [label = "a"];
	q5 -> q12 [label = "b"];
	q0 -> q3 [label = "b"];
	q0 -> q9 [label = "b, c"];
	q0 -> q19 [label = "b"];
	q0 -> q20 [label = "b, c"];
	q4 -> q9 [label = "a"];
	q0 -> q23 [label = "b"];
	q0 -> q24 [label = "b"];
	q0 -> q8 [label = "c"];
	q14 -> q13 [label = "b"];
	q0 -> q18 [label = "c"];
	q22 -> q11 [label = "a"];
	q4 -> q4 [label = "c"];
	q4 -> q18 [label = "a"];
	q4 -> q21 [label = "a"];
	q18 -> q22 [label = "b"];
	q5 -> q4 [label = "c"];
	q3 -> q17 [label = "a"];
	q8 -> q9 [label = "a, c"];
	q5 -> q20 [label = "c"];
	q1 -> q5 [label = "a"];
	q26 -> q6 [label = "c"];
	q25 -> q7 [label = "b"];
	q1 -> q6 [label = "a, c"];
	q16 -> q25 [label = "a"];
	q17 -> q20 [label = "a"];
	q22 -> q6 [label = "a, c"];
	q1 -> q12 [label = "a"];
	q1 -> q15 [label = "a"];
	q18 -> q25 [label = "a"];
	q1 -> q21 [label = "a"];
	q3 -> q9 [label = "b, c"];
	q3 -> q20 [label = "b, c"];
	q6 -> q10 [label = "b"];
	q1 -> q20 [label = "a, c"];
	q15 -> q10 [label = "b"];
	q7 -> q6 [label = "c"];
	q7 -> q8 [label = "c"];
	q15 -> q16 [label = "c"];
	q13 -> q5 [label = "a"];
	q7 -> q9 [label = "b, c"];
	q8 -> q25 [label = "a"];
	q5 -> q15 [label = "a"];
	q1 -> q2 [label = "a"];
	q1 -> q19 [label = "b"];
	q3 -> q11 [label = "a"];
	q20 -> q8 [label = "a"];
	q1 -> q1 [label = "c"];
	q23 -> q9 [label = "a, c"];
	q1 -> q4 [label = "c"];
	q26 -> q13 [label = "a"];
	q20 -> q4 [label = "c"];
	q6 -> q11 [label = "a"];
	q21 -> q8 [label = "a, c"];
	q9 -> q21 [label = "a"];
	q3 -> q6 [label = "c"];
	q6 -> q25 [label = "a"];
	q4 -> q19 [label = "b"];
	q7 -> q11 [label = "a"];
	q7 -> q13 [label = "a"];
	q5 -> q7 [label = "b"];
	q5 -> q19 [label = "b"];
	q5 -> q10 [label = "b"];
	q3 -> q4 [label = "c"];
	q16 -> q5 [label = "a"];
	q13 -> q12 [label = "c"];
	q5 -> q26 [label = "b"];
	q22 -> q20 [label = "b, c"];
	q21 -> q3 [label = "b"];
	q1 -> q11 [label = "a"];
	q13 -> q9 [label = "a"];
	q16 -> q8 [label = "a"];
	q13 -> q11 [label = "a"];
	q2 -> q11 [label = "a, b"];
	q13 -> q20 [label = "a"];
	q6 -> q19 [label = "b"];
	q5 -> q11 [label = "a"];
	q15 -> q3 [label = "b"];
	q15 -> q7 [label = "b"];
	q15 -> q12 [label = "b"];
	q12 -> q5 [label = "b"];
	q23 -> q16 [label = "c"];
	q2 -> q1 [label = "c"];
	q14 -> q2 [label = "a"];
	q16 -> q19 [label = "b"];
	q14 -> q8 [label = "a"];
	q21 -> q25 [label = "a"];
	q13 -> q14 [label = "b"];
	q15 -> q8 [label = "a"];
	q17 -> q19 [label = "b"];
	q21 -> q16 [label = "c"];
	q2 -> q3 [label = "b"];
	q7 -> q4 [label = "c"];
	q16 -> q6 [label = "a, b, c"];
	q11 -> q26 [label = "b"];
	q16 -> q15 [label = "a"];
	q16 -> q20 [label = "a, c"];
	q22 -> q9 [label = "b, c"];
	q16 -> q21 [label = "a"];
	q18 -> q0 [label = "b"];
	q18 -> q3 [label = "b"];
	q18 -> q6 [label = "a, b, c"];
	q7 -> q20 [label = "b, c"];
	q18 -> q10 [label = "b"];
	q2 -> q5 [label = "b"];
	q18 -> q19 [label = "b"];
	q22 -> q4 [label = "c"];
}
NFA size: 27 states

