Random target AFA:
digraph finite_state_machine {
	rankdir=LR;
	node [shape = circle];
	s0 [shape = point, style = invis, start="true" ];
	s1 [shape = point, style = invis, start="true" ];
	q0 [label = "q0"];
	q1 [label = "q1", shape = doublecircle, final="true" ];
	q2 [label = "q2"];
	q3 [label = "q3"];
	q4 [label = "q4"];
	q5 [label = "q5"];
	m0 [label = "", shape = square, style = filled, color=grey, fixedsize=true, width=.2];
	m1 [label = "", shape = square, style = filled, color=grey, fixedsize=true, width=.2];
	m2 [label = "", shape = square, style = filled, color=grey, fixedsize=true, width=.2];
	m3 [label = "", shape = square, style = filled, color=grey, fixedsize=true, width=.2];
	m4 [label = "", shape = square, style = filled, color=grey, fixedsize=true, width=.2];
	m5 [label = "", shape = square, style = filled, color=grey, fixedsize=true, width=.2];
	m6 [label = "", shape = square, style = filled, color=grey, fixedsize=true, width=.2];
	m7 [label = "", shape = square, style = filled, color=grey, fixedsize=true, width=.2];
	m8 [label = "", shape = square, style = filled, color=grey, fixedsize=true, width=.2];
	s0 -> q2
	s1 -> q0
	q1 -> q4 [label = "c"];
	q4 -> m4 [label = "a"];
	q0 -> m3 [label = "c"];
	q4 -> q2 [label = "b"];
	q2 -> m2 [label = "a"];
	q2 -> q3 [label = "b"];
	q0 -> q4 [label = "b"];
	q0 -> q2 [label = "a"];
	q3 -> m1 [label = "a, b"];
	q0 -> m0 [label = "a"];
	q3 -> m0 [label = "a"];
	q1 -> m3 [label = "b"];
	q2 -> m1 [label = "b"];
	q1 -> q3 [label = "a, b"];
	q4 -> q4 [label = "b, c"];
	q5 -> q0 [label = "a, b, c"];
	q1 -> q2 [label = "c"];
	q5 -> m5 [label = "c"];
	q1 -> m6 [label = "a"];
	q3 -> q2 [label = "c"];
	q3 -> q5 [label = "b"];
	q0 -> m1 [label = "b"];
	q5 -> q2 [label = "a"];
	q2 -> m7 [label = "c"];
	q4 -> q1 [label = "a"];
	q2 -> q4 [label = "c"];
	q5 -> q4 [label = "b"];
	q0 -> q5 [label = "c"];
	q4 -> q3 [label = "c"];
	q3 -> m8 [label = "c"];
	m0 -> q2;
	m0 -> q4;
	m1 -> q1;
	m1 -> q3;
	m2 -> q0;
	m2 -> q2;
	m3 -> q2;
	m3 -> q3;
	m4 -> q1;
	m4 -> q2;
	m5 -> q0;
	m5 -> q3;
	m6 -> q3;
	m6 -> q4;
	m7 -> q1;
	m7 -> q5;
	m8 -> q0;
	m8 -> q4;
}

L* output after 11 EQ and 23781 MQ:
digraph finite_state_machine {
	rankdir=LR;
	node [shape = circle];
	s0 [shape = point, style = invis, start="true" ];
	q0 [label = "q0"];
	q1 [label = "q1"];
	q2 [label = "q2"];
	q3 [label = "q3"];
	q4 [label = "q4"];
	q5 [label = "q5"];
	q6 [label = "q6"];
	q7 [label = "q7", shape = doublecircle, final="true" ];
	q8 [label = "q8"];
	q9 [label = "q9"];
	q10 [label = "q10"];
	q11 [label = "q11"];
	q12 [label = "q12"];
	q13 [label = "q13"];
	q14 [label = "q14"];
	q15 [label = "q15"];
	q16 [label = "q16"];
	q17 [label = "q17"];
	q18 [label = "q18"];
	q19 [label = "q19"];
	q20 [label = "q20"];
	q21 [label = "q21"];
	q22 [label = "q22"];
	q23 [label = "q23"];
	q24 [label = "q24"];
	q25 [label = "q25"];
	q26 [label = "q26"];
	q27 [label = "q27"];
	q28 [label = "q28"];
	q29 [label = "q29"];
	q30 [label = "q30"];
	q31 [label = "q31"];
	q32 [label = "q32"];
	q33 [label = "q33"];
	q34 [label = "q34"];
	q35 [label = "q35"];
	q36 [label = "q36", shape = doublecircle, final="true" ];
	q37 [label = "q37"];
	q38 [label = "q38"];
	q39 [label = "q39"];
	q40 [label = "q40"];
	q41 [label = "q41", shape = doublecircle, final="true" ];
	q42 [label = "q42"];
	q43 [label = "q43"];
	q44 [label = "q44"];
	q45 [label = "q45"];
	q46 [label = "q46"];
	q47 [label = "q47"];
	q48 [label = "q48"];
	q49 [label = "q49"];
	q50 [label = "q50"];
	q51 [label = "q51"];
	q52 [label = "q52"];
	q53 [label = "q53"];
	q54 [label = "q54"];
	q55 [label = "q55"];
	q56 [label = "q56"];
	q57 [label = "q57"];
	q58 [label = "q58"];
	q59 [label = "q59"];
	q60 [label = "q60"];
	q61 [label = "q61", shape = doublecircle, final="true" ];
	q62 [label = "q62"];
	q63 [label = "q63"];
	q64 [label = "q64"];
	q65 [label = "q65"];
	q66 [label = "q66", shape = doublecircle, final="true" ];
	q67 [label = "q67"];
	q68 [label = "q68"];
	q69 [label = "q69"];
	q70 [label = "q70", shape = doublecircle, final="true" ];
	q71 [label = "q71"];
	q72 [label = "q72"];
	q73 [label = "q73"];
	q74 [label = "q74"];
	q75 [label = "q75"];
	q76 [label = "q76"];
	q77 [label = "q77"];
	q78 [label = "q78"];
	q79 [label = "q79"];
	q80 [label = "q80"];
	q81 [label = "q81"];
	q82 [label = "q82"];
	q83 [label = "q83"];
	q84 [label = "q84"];
	q85 [label = "q85"];
	q86 [label = "q86"];
	q87 [label = "q87"];
	q88 [label = "q88"];
	q89 [label = "q89"];
	q90 [label = "q90"];
	q91 [label = "q91"];
	q92 [label = "q92"];
	q93 [label = "q93"];
	q94 [label = "q94"];
	q95 [label = "q95", shape = doublecircle, final="true" ];
	q96 [label = "q96"];
	q97 [label = "q97"];
	q98 [label = "q98"];
	q99 [label = "q99"];
	q100 [label = "q100"];
	q101 [label = "q101"];
	q102 [label = "q102"];
	q103 [label = "q103", shape = doublecircle, final="true" ];
	q104 [label = "q104"];
	q105 [label = "q105"];
	s0 -> q63
	q85 -> q69 [label = "b"];
	q87 -> q45 [label = "a"];
	q84 -> q65 [label = "b"];
	q86 -> q13 [label = "a"];
	q85 -> q46 [label = "a"];
	q81 -> q18 [label = "c"];
	q87 -> q99 [label = "b"];
	q81 -> q105 [label = "b"];
	q87 -> q44 [label = "c"];
	q83 -> q83 [label = "b, c"];
	q81 -> q104 [label = "a"];
	q85 -> q57 [label = "c"];
	q80 -> q79 [label = "c"];
	q82 -> q70 [label = "a"];
	q80 -> q59 [label = "b"];
	q86 -> q88 [label = "c"];
	q84 -> q3 [label = "c"];
	q82 -> q74 [label = "b"];
	q80 -> q103 [label = "a"];
	q79 -> q103 [label = "a"];
	q75 -> q63 [label = "c"];
	q78 -> q103 [label = "a"];
	q76 -> q75 [label = "b"];
	q74 -> q48 [label = "c"];
	q79 -> q48 [label = "b"];
	q83 -> q70 [label = "a"];
	q77 -> q95 [label = "a"];
	q73 -> q94 [label = "c"];
	q79 -> q79 [label = "c"];
	q75 -> q84 [label = "a"];
	q73 -> q93 [label = "b"];
	q77 -> q48 [label = "b, c"];
	q75 -> q47 [label = "b"];
	q73 -> q61 [label = "a"];
	q76 -> q14 [label = "a"];
	q72 -> q49 [label = "c"];
	q76 -> q57 [label = "c"];
	q74 -> q58 [label = "b"];
	q67 -> q56 [label = "c"];
	q69 -> q54 [label = "a"];
	q71 -> q51 [label = "c"];
	q67 -> q70 [label = "a"];
	q43 -> q43 [label = "a"];
	q56 -> q59 [label = "b"];
	q23 -> q9 [label = "a"];
	q0 -> q59 [label = "b"];
	q66 -> q21 [label = "a"];
	q26 -> q23 [label = "a"];
	q26 -> q16 [label = "c"];
	q24 -> q99 [label = "b"];
	q12 -> q12 [label = "a"];
	q28 -> q24 [label = "a"];
	q30 -> q69 [label = "b"];
	q27 -> q103 [label = "a"];
	q33 -> q27 [label = "c"];
	q29 -> q75 [label = "b"];
	q20 -> q99 [label = "b"];
	q12 -> q88 [label = "c"];
	q38 -> q31 [label = "c"];
	q32 -> q37 [label = "c"];
	q9 -> q55 [label = "b"];
	q22 -> q1 [label = "c"];
	q36 -> q29 [label = "a"];
	q13 -> q8 [label = "a"];
	q33 -> q94 [label = "b"];
	q38 -> q55 [label = "b"];
	q71 -> q53 [label = "a"];
	q16 -> q94 [label = "c"];
	q33 -> q89 [label = "a"];
	q55 -> q81 [label = "b"];
	q72 -> q50 [label = "b"];
	q90 -> q91 [label = "c"];
	q39 -> q33 [label = "c"];
	q31 -> q30 [label = "a"];
	q36 -> q19 [label = "c"];
	q35 -> q28 [label = "a"];
	q37 -> q30 [label = "a"];
	q27 -> q80 [label = "c"];
	q34 -> q33 [label = "c"];
	q35 -> q27 [label = "c"];
	q37 -> q52 [label = "b"];
	q44 -> q94 [label = "c"];
	q57 -> q80 [label = "c"];
	q40 -> q92 [label = "a"];
	q101 -> q58 [label = "c"];
	q40 -> q75 [label = "b"];
	q101 -> q59 [label = "b"];
	q44 -> q36 [label = "a"];
	q15 -> q59 [label = "b"];
	q42 -> q75 [label = "b"];
	q104 -> q69 [label = "b"];
	q28 -> q60 [label = "b"];
	q96 -> q41 [label = "a"];
	q0 -> q103 [label = "a"];
	q45 -> q37 [label = "c"];
	q43 -> q99 [label = "b"];
	q46 -> q88 [label = "c"];
	q90 -> q99 [label = "b"];
	q69 -> q75 [label = "b"];
	q29 -> q14 [label = "a"];
	q98 -> q12 [label = "a"];
	q2 -> q95 [label = "a"];
	q103 -> q40 [label = "a"];
	q56 -> q95 [label = "a"];
	q42 -> q92 [label = "a"];
	q59 -> q78 [label = "c"];
	q101 -> q103 [label = "a"];
	q100 -> q2 [label = "b"];
	q21 -> q20 [label = "a"];
	q26 -> q102 [label = "b"];
	q102 -> q58 [label = "c"];
	q31 -> q52 [label = "b"];
	q100 -> q11 [label = "c"];
	q37 -> q51 [label = "c"];
	q34 -> q99 [label = "b"];
	q95 -> q42 [label = "a"];
	q16 -> q2 [label = "b"];
	q18 -> q17 [label = "c"];
	q72 -> q92 [label = "a"];
	q89 -> q17 [label = "c"];
	q93 -> q95 [label = "a"];
	q84 -> q104 [label = "a"];
	q39 -> q99 [label = "b"];
	q31 -> q26 [label = "c"];
	q64 -> q68 [label = "a"];
	q40 -> q49 [label = "c"];
	q0 -> q48 [label = "c"];
	q4 -> q99 [label = "b"];
	q92 -> q99 [label = "b"];
	q66 -> q57 [label = "c"];
	q49 -> q103 [label = "a"];
	q100 -> q95 [label = "a"];
	q47 -> q2 [label = "b"];
	q97 -> q78 [label = "c"];
	q50 -> q82 [label = "b"];
	q9 -> q9 [label = "a"];
	q13 -> q99 [label = "b"];
	q86 -> q99 [label = "b"];
	q99 -> q62 [label = "c"];
	q30 -> q100 [label = "c"];
	q8 -> q33 [label = "c"];
	q103 -> q49 [label = "c"];
	q104 -> q43 [label = "a"];
	q38 -> q32 [label = "a"];
	q96 -> q94 [label = "c"];
	q99 -> q81 [label = "b"];
	q60 -> q97 [label = "b"];
	q22 -> q52 [label = "b"];
	q6 -> q99 [label = "b"];
	q74 -> q95 [label = "a"];
	q99 -> q54 [label = "a"];
	q47 -> q95 [label = "a"];
	q41 -> q10 [label = "a"];
	q97 -> q74 [label = "b"];
	q50 -> q84 [label = "a"];
	q104 -> q49 [label = "c"];
	q98 -> q19 [label = "c"];
	q95 -> q69 [label = "b"];
	q93 -> q101 [label = "c"];
	q19 -> q15 [label = "c"];
	q17 -> q103 [label = "a"];
	q103 -> q60 [label = "b"];
	q7 -> q5 [label = "a"];
	q96 -> q2 [label = "b"];
	q4 -> q33 [label = "c"];
	q89 -> q90 [label = "a"];
	q93 -> q58 [label = "b"];
	q105 -> q95 [label = "a"];
	q94 -> q79 [label = "c"];
	q89 -> q69 [label = "b"];
	q68 -> q71 [label = "c"];
	q91 -> q1 [label = "c"];
	q70 -> q72 [label = "a"];
	q34 -> q46 [label = "a"];
	q35 -> q94 [label = "b"];
	q94 -> q95 [label = "a"];
	q95 -> q49 [label = "c"];
	q94 -> q59 [label = "b"];
	q32 -> q45 [label = "a"];
	q91 -> q53 [label = "a"];
	q63 -> q65 [label = "b"];
	q29 -> q33 [label = "c"];
	q102 -> q66 [label = "a"];
	q63 -> q67 [label = "c"];
	q91 -> q52 [label = "b"];
	q92 -> q43 [label = "a"];
	q22 -> q30 [label = "a"];
	q32 -> q55 [label = "b"];
	q88 -> q96 [label = "c"];
	q52 -> q101 [label = "c"];
	q92 -> q49 [label = "c"];
	q21 -> q75 [label = "b"];
	q41 -> q57 [label = "c"];
	q11 -> q59 [label = "b"];
	q13 -> q88 [label = "c"];
	q88 -> q94 [label = "b"];
	q8 -> q99 [label = "b"];
	q39 -> q34 [label = "a"];
	q10 -> q6 [label = "a"];
	q65 -> q59 [label = "b"];
	q27 -> q2 [label = "b"];
	q14 -> q57 [label = "c"];
	q3 -> q77 [label = "b"];
	q98 -> q99 [label = "b"];
	q8 -> q86 [label = "a"];
	q6 -> q57 [label = "c"];
	q64 -> q73 [label = "c"];
	q4 -> q4 [label = "a"];
	q36 -> q69 [label = "b"];
	q47 -> q48 [label = "c"];
	q16 -> q95 [label = "a"];
	q1 -> q95 [label = "a"];
	q58 -> q79 [label = "c"];
	q7 -> q57 [label = "c"];
	q1 -> q2 [label = "b"];
	q28 -> q17 [label = "c"];
	q7 -> q69 [label = "b"];
	q5 -> q6 [label = "a"];
	q53 -> q87 [label = "a"];
	q102 -> q2 [label = "b"];
	q50 -> q63 [label = "c"];
	q71 -> q52 [label = "b"];
	q6 -> q4 [label = "a"];
	q58 -> q95 [label = "a"];
	q57 -> q58 [label = "b"];
	q2 -> q79 [label = "c"];
	q43 -> q35 [label = "c"];
	q3 -> q0 [label = "c"];
	q9 -> q37 [label = "c"];
	q10 -> q57 [label = "c"];
	q12 -> q99 [label = "b"];
	q11 -> q58 [label = "c"];
	q15 -> q41 [label = "a"];
	q25 -> q45 [label = "a"];
	q55 -> q98 [label = "a"];
	q58 -> q48 [label = "b"];
	q66 -> q69 [label = "b"];
	q68 -> q55 [label = "b"];
	q20 -> q57 [label = "c"];
	q41 -> q60 [label = "b"];
	q18 -> q65 [label = "b"];
	q18 -> q64 [label = "a"];
	q78 -> q48 [label = "b, c"];
	q20 -> q34 [label = "a"];
	q14 -> q99 [label = "b"];
	q21 -> q88 [label = "c"];
	q24 -> q68 [label = "a"];
	q19 -> q58 [label = "b"];
	q23 -> q44 [label = "c"];
	q17 -> q2 [label = "b"];
	q69 -> q62 [label = "c"];
	q105 -> q2 [label = "b"];
	q1 -> q80 [label = "c"];
	q54 -> q57 [label = "c"];
	q19 -> q95 [label = "a"];
	q59 -> q77 [label = "b"];
	q60 -> q85 [label = "a"];
	q10 -> q75 [label = "b"];
	q23 -> q69 [label = "b"];
	q17 -> q94 [label = "c"];
	q25 -> q22 [label = "c"];
	q54 -> q86 [label = "a"];
	q44 -> q93 [label = "b"];
	q46 -> q39 [label = "a"];
	q65 -> q58 [label = "c"];
	q45 -> q55 [label = "b"];
	q48 -> q83 [label = "b"];
	q51 -> q64 [label = "a"];
	q48 -> q70 [label = "a"];
	q24 -> q73 [label = "c"];
	q90 -> q68 [label = "a"];
	q48 -> q78 [label = "c"];
	q11 -> q7 [label = "a"];
	q105 -> q79 [label = "c"];
	q52 -> q95 [label = "a"];
	q5 -> q75 [label = "b"];
	q54 -> q99 [label = "b"];
	q15 -> q58 [label = "c"];
	q2 -> q58 [label = "b"];
	q51 -> q102 [label = "b"];
	q49 -> q58 [label = "b"];
	q55 -> q62 [label = "c"];
	q49 -> q80 [label = "c"];
	q52 -> q2 [label = "b"];
	q46 -> q99 [label = "b"];
	q51 -> q17 [label = "c"];
	q3 -> q70 [label = "a"];
	q61 -> q76 [label = "a"];
	q53 -> q60 [label = "b"];
	q82 -> q83 [label = "c"];
	q60 -> q18 [label = "c"];
	q62 -> q96 [label = "c"];
	q5 -> q33 [label = "c"];
	q88 -> q89 [label = "a"];
	q62 -> q65 [label = "b"];
	q25 -> q99 [label = "b"];
	q97 -> q70 [label = "a"];
	q70 -> q3 [label = "c"];
	q56 -> q48 [label = "c"];
	q57 -> q95 [label = "a"];
	q61 -> q19 [label = "c"];
	q62 -> q64 [label = "a"];
	q53 -> q100 [label = "c"];
	q59 -> q70 [label = "a"];
	q42 -> q35 [label = "c"];
	q61 -> q60 [label = "b"];
	q63 -> q64 [label = "a"];
	q64 -> q69 [label = "b"];
	q45 -> q38 [label = "a"];
	q68 -> q68 [label = "a"];
	q30 -> q25 [label = "a"];
	q70 -> q65 [label = "b"];
	q65 -> q66 [label = "a"];
	q14 -> q46 [label = "a"];
	q67 -> q74 [label = "b"];
}
DFA size: 106 states

NL* output after 16 EQ and 10752 MQ:
digraph finite_state_machine {
	rankdir=LR;
	node [shape = circle];
	s0 [shape = point, style = invis, start="true" ];
	s1 [shape = point, style = invis, start="true" ];
	s2 [shape = point, style = invis, start="true" ];
	s3 [shape = point, style = invis, start="true" ];
	s4 [shape = point, style = invis, start="true" ];
	s5 [shape = point, style = invis, start="true" ];
	s6 [shape = point, style = invis, start="true" ];
	s7 [shape = point, style = invis, start="true" ];
	s8 [shape = point, style = invis, start="true" ];
	s9 [shape = point, style = invis, start="true" ];
	s10 [shape = point, style = invis, start="true" ];
	s11 [shape = point, style = invis, start="true" ];
	q0 [label = "q0"];
	q1 [label = "q1"];
	q2 [label = "q2"];
	q3 [label = "q3"];
	q4 [label = "q4"];
	q5 [label = "q5"];
	q6 [label = "q6"];
	q7 [label = "q7"];
	q8 [label = "q8"];
	q9 [label = "q9"];
	q10 [label = "q10"];
	q11 [label = "q11"];
	q12 [label = "q12"];
	q13 [label = "q13"];
	q14 [label = "q14"];
	q15 [label = "q15", shape = doublecircle, final="true" ];
	q16 [label = "q16"];
	q17 [label = "q17"];
	q18 [label = "q18"];
	q19 [label = "q19"];
	q20 [label = "q20"];
	q21 [label = "q21"];
	q22 [label = "q22"];
	q23 [label = "q23"];
	q24 [label = "q24", shape = doublecircle, final="true" ];
	q25 [label = "q25"];
	q26 [label = "q26"];
	q27 [label = "q27"];
	q28 [label = "q28"];
	q29 [label = "q29"];
	q30 [label = "q30"];
	q31 [label = "q31"];
	q32 [label = "q32"];
	q33 [label = "q33"];
	q34 [label = "q34"];
	s0 -> q0
	s1 -> q5
	s2 -> q9
	s3 -> q10
	s4 -> q14
	s5 -> q16
	s6 -> q22
	s7 -> q25
	s8 -> q26
	s9 -> q27
	s10 -> q29
	s11 -> q33
	q18 -> q26 [label = "c"];
	q18 -> q0 [label = "c"];
	q22 -> q22 [label = "a"];
	q22 -> q5 [label = "a"];
	q17 -> q27 [label = "c"];
	q17 -> q22 [label = "c"];
	q17 -> q14 [label = "c"];
	q17 -> q9 [label = "c"];
	q17 -> q5 [label = "c"];
	q21 -> q26 [label = "a"];
	q23 -> q32 [label = "b"];
	q23 -> q31 [label = "b"];
	q23 -> q30 [label = "b"];
	q23 -> q28 [label = "b"];
	q23 -> q19 [label = "b"];
	q23 -> q17 [label = "b"];
	q23 -> q11 [label = "b"];
	q23 -> q6 [label = "b"];
	q19 -> q34 [label = "a"];
	q17 -> q29 [label = "c"];
	q19 -> q13 [label = "a"];
	q17 -> q32 [label = "b"];
	q17 -> q19 [label = "b"];
	q17 -> q17 [label = "b"];
	q17 -> q12 [label = "b"];
	q19 -> q32 [label = "b"];
	q19 -> q19 [label = "b"];
	q19 -> q18 [label = "b"];
	q19 -> q17 [label = "b"];
	q17 -> q1 [label = "a"];
	q16 -> q12 [label = "c"];
	q20 -> q33 [label = "a, b"];
	q11 -> q22 [label = "b, c"];
	q12 -> q10 [label = "b, c"];
	q11 -> q12 [label = "b, c"];
	q13 -> q14 [label = "c"];
	q15 -> q27 [label = "c"];
	q1 -> q16 [label = "c"];
	q15 -> q16 [label = "c"];
	q15 -> q14 [label = "a, c"];
	q15 -> q9 [label = "c"];
	q15 -> q0 [label = "c"];
	q15 -> q12 [label = "c"];
	q11 -> q33 [label = "a"];
	q19 -> q12 [label = "b"];
	q0 -> q13 [label = "b"];
	q19 -> q22 [label = "c"];
	q19 -> q14 [label = "c"];
	q20 -> q1 [label = "a, b, c"];
	q13 -> q12 [label = "c"];
	q30 -> q7 [label = "c"];
	q19 -> q0 [label = "c"];
	q23 -> q12 [label = "b"];
	q29 -> q16 [label = "a"];
	q19 -> q29 [label = "c"];
	q6 -> q13 [label = "a, b, c"];
	q21 -> q29 [label = "b, c"];
	q33 -> q16 [label = "c"];
	q0 -> q11 [label = "c"];
	q24 -> q12 [label = "c"];
	q34 -> q28 [label = "c"];
	q21 -> q5 [label = "b, c"];
	q4 -> q26 [label = "c"];
	q25 -> q9 [label = "a"];
	q21 -> q28 [label = "b"];
	q22 -> q32 [label = "c"];
	q11 -> q28 [label = "b, c"];
	q0 -> q27 [label = "a, b, c"];
	q7 -> q23 [label = "b"];
	q23 -> q25 [label = "a, c"];
	q0 -> q12 [label = "c"];
	q23 -> q22 [label = "a, b, c"];
	q23 -> q16 [label = "a, b, c"];
	q30 -> q0 [label = "b, c"];
	q8 -> q23 [label = "b"];
	q2 -> q1 [label = "a"];
	q24 -> q3 [label = "a"];
	q26 -> q19 [label = "b"];
	q31 -> q22 [label = "b, c"];
	q23 -> q2 [label = "a, b"];
	q15 -> q5 [label = "a, c"];
	q26 -> q7 [label = "b"];
	q20 -> q9 [label = "a, b"];
	q23 -> q0 [label = "a, c"];
	q11 -> q27 [label = "b, c"];
	q24 -> q19 [label = "a, b"];
	q30 -> q23 [label = "c"];
	q23 -> q5 [label = "a, b, c"];
	q8 -> q16 [label = "c"];
	q30 -> q20 [label = "c"];
	q30 -> q8 [label = "c"];
	q24 -> q2 [label = "a"];
	q24 -> q33 [label = "c"];
	q28 -> q1 [label = "a, b, c"];
	q11 -> q5 [label = "b, c"];
	q24 -> q29 [label = "c"];
	q33 -> q17 [label = "b"];
	q31 -> q18 [label = "c"];
	q20 -> q17 [label = "b, c"];
	q24 -> q28 [label = "c"];
	q10 -> q28 [label = "c"];
	q24 -> q27 [label = "c"];
	q9 -> q19 [label = "b"];
	q12 -> q29 [label = "b, c"];
	q6 -> q33 [label = "b, c"];
	q7 -> q34 [label = "a, b"];
	q4 -> q12 [label = "c"];
	q19 -> q9 [label = "c"];
	q0 -> q2 [label = "b"];
	q15 -> q28 [label = "c"];
	q31 -> q33 [label = "a, b"];
	q23 -> q34 [label = "a, b"];
	q6 -> q17 [label = "b, c"];
	q28 -> q24 [label = "a"];
	q34 -> q16 [label = "c"];
	q26 -> q8 [label = "b"];
	q30 -> q26 [label = "b, c"];
	q24 -> q9 [label = "c"];
	q13 -> q0 [label = "c"];
	q8 -> q32 [label = "b"];
	q30 -> q17 [label = "b, c"];
	q15 -> q17 [label = "a, b"];
	q10 -> q14 [label = "a, b, c"];
	q30 -> q12 [label = "b, c"];
	q27 -> q17 [label = "b"];
	q1 -> q17 [label = "b"];
	q24 -> q31 [label = "c"];
	q1 -> q3 [label = "a"];
	q30 -> q11 [label = "b, c"];
	q27 -> q19 [label = "b"];
	q29 -> q32 [label = "c"];
	q8 -> q27 [label = "c"];
	q25 -> q34 [label = "b"];
	q18 -> q4 [label = "a"];
	q12 -> q5 [label = "b, c"];
	q25 -> q6 [label = "b"];
	q2 -> q9 [label = "c"];
	q25 -> q1 [label = "b"];
	q31 -> q32 [label = "c"];
	q30 -> q22 [label = "a, b, c"];
	q30 -> q15 [label = "a"];
	q31 -> q12 [label = "b, c"];
	q0 -> q29 [label = "a, c"];
	q20 -> q16 [label = "a, b, c"];
	q28 -> q29 [label = "a, b, c"];
	q34 -> q19 [label = "b"];
	q19 -> q16 [label = "c"];
	q31 -> q26 [label = "b"];
	q30 -> q2 [label = "a, b, c"];
	q30 -> q1 [label = "a, b, c"];
	q30 -> q29 [label = "a, b, c"];
	q31 -> q10 [label = "b, c"];
	q32 -> q27 [label = "b, c"];
	q24 -> q16 [label = "a, c"];
	q25 -> q20 [label = "c"];
	q9 -> q29 [label = "a"];
	q11 -> q16 [label = "a, b, c"];
	q19 -> q27 [label = "c"];
	q6 -> q32 [label = "b, c"];
	q31 -> q34 [label = "a, c"];
	q24 -> q17 [label = "a, b"];
	q24 -> q22 [label = "c"];
	q30 -> q24 [label = "a"];
	q20 -> q25 [label = "a, b"];
	q27 -> q31 [label = "c"];
	q0 -> q16 [label = "a, c"];
	q23 -> q4 [label = "a"];
	q31 -> q29 [label = "b, c"];
	q27 -> q12 [label = "c"];
	q17 -> q13 [label = "a"];
	q25 -> q28 [label = "c"];
	q1 -> q0 [label = "c"];
	q31 -> q3 [label = "a, c"];
	q7 -> q2 [label = "b"];
	q24 -> q14 [label = "c"];
	q31 -> q2 [label = "a, c"];
	q30 -> q27 [label = "a, b, c"];
	q26 -> q17 [label = "b"];
	q31 -> q1 [label = "c"];
	q7 -> q12 [label = "b"];
	q6 -> q5 [label = "b, c"];
	q33 -> q12 [label = "c"];
	q11 -> q31 [label = "c"];
	q19 -> q5 [label = "c"];
	q7 -> q4 [label = "a"];
	q10 -> q16 [label = "a, c"];
	q34 -> q13 [label = "a"];
	q18 -> q28 [label = "b"];
	q34 -> q29 [label = "c"];
	q13 -> q13 [label = "a"];
	q28 -> q2 [label = "a, b, c"];
	q23 -> q14 [label = "a, b, c"];
	q25 -> q22 [label = "a"];
	q15 -> q22 [label = "c"];
	q30 -> q33 [label = "a, b, c"];
	q34 -> q5 [label = "c"];
	q14 -> q19 [label = "b"];
	q7 -> q14 [label = "b, c"];
	q9 -> q5 [label = "a"];
	q7 -> q18 [label = "b"];
	q30 -> q6 [label = "b, c"];
	q32 -> q28 [label = "b"];
	q6 -> q0 [label = "b, c"];
	q23 -> q33 [label = "a, c"];
	q34 -> q14 [label = "c"];
	q28 -> q11 [label = "b, c"];
	q23 -> q18 [label = "b"];
	q33 -> q29 [label = "c"];
	q28 -> q22 [label = "a, b"];
	q30 -> q34 [label = "a, b, c"];
	q7 -> q31 [label = "b"];
	q29 -> q19 [label = "b"];
	q9 -> q8 [label = "b"];
	q28 -> q0 [label = "b"];
	q32 -> q12 [label = "b"];
	q26 -> q29 [label = "c"];
	q25 -> q12 [label = "c"];
	q25 -> q19 [label = "b"];
	q30 -> q4 [label = "a, b, c"];
	q32 -> q5 [label = "b, c"];
	q8 -> q1 [label = "a"];
	q8 -> q5 [label = "c"];
	q31 -> q6 [label = "c"];
	q33 -> q19 [label = "b"];
	q18 -> q1 [label = "a, b"];
	q25 -> q7 [label = "b"];
	q32 -> q14 [label = "b, c"];
	q33 -> q8 [label = "b"];
	q31 -> q19 [label = "c"];
	q17 -> q34 [label = "a"];
	q24 -> q13 [label = "a"];
	q8 -> q19 [label = "b"];
	q6 -> q18 [label = "b, c"];
	q6 -> q4 [label = "a, b, c"];
	q21 -> q27 [label = "b, c"];
	q4 -> q14 [label = "c"];
	q25 -> q16 [label = "a, c"];
	q25 -> q17 [label = "b"];
	q27 -> q32 [label = "c"];
	q15 -> q19 [label = "a, b"];
	q24 -> q0 [label = "c"];
	q26 -> q5 [label = "a, c"];
	q1 -> q13 [label = "a"];
	q32 -> q29 [label = "b, c"];
	q28 -> q12 [label = "b, c"];
	q18 -> q5 [label = "a, b, c"];
	q28 -> q17 [label = "b, c"];
	q23 -> q27 [label = "a, b, c"];
	q32 -> q16 [label = "a, b, c"];
	q23 -> q26 [label = "a, c"];
	q30 -> q32 [label = "b, c"];
	q32 -> q22 [label = "b, c"];
	q15 -> q1 [label = "a"];
	q27 -> q29 [label = "a"];
	q18 -> q10 [label = "b, c"];
	q33 -> q27 [label = "c"];
	q28 -> q3 [label = "a, b, c"];
	q28 -> q4 [label = "a, b"];
	q7 -> q32 [label = "b"];
	q7 -> q26 [label = "c"];
	q28 -> q5 [label = "a, b, c"];
	q20 -> q29 [label = "a, b, c"];
	q25 -> q5 [label = "a, b, c"];
	q1 -> q11 [label = "c"];
	q20 -> q15 [label = "a"];
	q28 -> q9 [label = "a, b"];
	q30 -> q31 [label = "b, c"];
	q0 -> q22 [label = "a"];
	q31 -> q16 [label = "a, b, c"];
	q27 -> q11 [label = "c"];
	q28 -> q16 [label = "a, b, c"];
	q28 -> q18 [label = "b"];
	q2 -> q22 [label = "c"];
	q13 -> q17 [label = "b"];
	q30 -> q5 [label = "a, b, c"];
	q20 -> q13 [label = "a, b, c"];
	q16 -> q19 [label = "b"];
	q23 -> q1 [label = "a, b"];
	q24 -> q32 [label = "c"];
	q25 -> q11 [label = "c"];
	q10 -> q2 [label = "b"];
	q28 -> q19 [label = "b, c"];
	q10 -> q31 [label = "c"];
	q0 -> q14 [label = "a, b, c"];
	q24 -> q11 [label = "c"];
	q23 -> q29 [label = "a, b, c"];
	q9 -> q16 [label = "a"];
	q3 -> q29 [label = "c"];
	q28 -> q27 [label = "a, b, c"];
	q25 -> q13 [label = "b"];
	q7 -> q6 [label = "b"];
	q23 -> q10 [label = "a, b, c"];
	q26 -> q14 [label = "a, c"];
	q22 -> q21 [label = "c"];
	q31 -> q17 [label = "c"];
	q28 -> q28 [label = "b"];
	q21 -> q22 [label = "b, c"];
	q0 -> q10 [label = "c"];
	q28 -> q32 [label = "b, c"];
	q7 -> q19 [label = "b"];
	q18 -> q13 [label = "a, b"];
	q13 -> q19 [label = "b"];
	q28 -> q15 [label = "a"];
	q26 -> q16 [label = "c"];
	q26 -> q27 [label = "a, c"];
	q28 -> q34 [label = "a, b, c"];
	q20 -> q11 [label = "b, c"];
	q28 -> q14 [label = "a, b, c"];
	q31 -> q0 [label = "b"];
	q6 -> q2 [label = "b, c"];
	q6 -> q31 [label = "b, c"];
	q20 -> q30 [label = "b, c"];
	q31 -> q5 [label = "b, c"];
	q25 -> q31 [label = "c"];
	q1 -> q33 [label = "c"];
	q30 -> q13 [label = "a, b, c"];
	q28 -> q13 [label = "a, b, c"];
	q6 -> q26 [label = "b, c"];
	q31 -> q27 [label = "b, c"];
	q34 -> q22 [label = "c"];
	q25 -> q10 [label = "c"];
	q23 -> q13 [label = "a, b"];
	q0 -> q5 [label = "a, b, c"];
	q31 -> q7 [label = "c"];
	q3 -> q27 [label = "c"];
	q31 -> q28 [label = "b, c"];
	q12 -> q12 [label = "b"];
	q31 -> q13 [label = "a, c"];
	q26 -> q12 [label = "c"];
	q20 -> q6 [label = "b, c"];
	q25 -> q14 [label = "a, b, c"];
	q10 -> q32 [label = "c"];
	q31 -> q15 [label = "a"];
	q4 -> q16 [label = "a, c"];
	q25 -> q27 [label = "a, b, c"];
	q1 -> q32 [label = "c"];
	q11 -> q14 [label = "b, c"];
	q30 -> q9 [label = "a, b, c"];
	q24 -> q10 [label = "c"];
	q30 -> q14 [label = "a, b, c"];
	q29 -> q12 [label = "c"];
	q30 -> q3 [label = "a, b, c"];
	q34 -> q12 [label = "c"];
	q25 -> q29 [label = "a, c"];
	q21 -> q10 [label = "b, c"];
	q13 -> q16 [label = "c"];
	q25 -> q32 [label = "c"];
	q28 -> q33 [label = "a, b"];
	q7 -> q1 [label = "a, b"];
	q31 -> q8 [label = "c"];
	q1 -> q5 [label = "c"];
	q13 -> q22 [label = "c"];
	q7 -> q21 [label = "b"];
	q10 -> q29 [label = "a, c"];
	q17 -> q0 [label = "c"];
	q13 -> q27 [label = "c"];
	q13 -> q29 [label = "c"];
	q4 -> q8 [label = "b"];
	q8 -> q9 [label = "c"];
	q8 -> q14 [label = "c"];
	q3 -> q2 [label = "a"];
	q3 -> q0 [label = "c"];
	q8 -> q22 [label = "c"];
	q31 -> q11 [label = "c"];
	q25 -> q21 [label = "c"];
	q8 -> q29 [label = "c"];
	q12 -> q16 [label = "a, b, c"];
	q0 -> q9 [label = "a"];
	q0 -> q1 [label = "b"];
	q12 -> q33 [label = "a"];
	q6 -> q27 [label = "b, c"];
	q32 -> q33 [label = "a"];
	q22 -> q12 [label = "c"];
	q14 -> q17 [label = "b"];
	q15 -> q13 [label = "a"];
	q8 -> q12 [label = "b"];
	q0 -> q17 [label = "b"];
	q8 -> q17 [label = "b"];
	q8 -> q18 [label = "b"];
	q21 -> q14 [label = "b, c"];
	q24 -> q8 [label = "a, b"];
	q8 -> q21 [label = "b"];
	q2 -> q16 [label = "c"];
	q10 -> q5 [label = "a, b, c"];
	q6 -> q1 [label = "a, b, c"];
	q10 -> q27 [label = "a, b, c"];
	q14 -> q11 [label = "c"];
	q10 -> q13 [label = "b"];
	q21 -> q33 [label = "a"];
	q11 -> q10 [label = "b, c"];
	q6 -> q34 [label = "a, b, c"];
	q13 -> q9 [label = "c"];
	q2 -> q13 [label = "a"];
	q14 -> q12 [label = "c"];
	q9 -> q11 [label = "c"];
	q14 -> q32 [label = "c"];
	q8 -> q13 [label = "a"];
	q8 -> q34 [label = "a"];
	q1 -> q19 [label = "b"];
	q10 -> q6 [label = "b"];
	q10 -> q17 [label = "b"];
	q10 -> q9 [label = "a"];
	q10 -> q19 [label = "b"];
	q31 -> q31 [label = "c"];
	q8 -> q0 [label = "c"];
	q12 -> q14 [label = "b, c"];
	q17 -> q16 [label = "c"];
	q34 -> q0 [label = "c"];
	q12 -> q27 [label = "b, c"];
	q4 -> q0 [label = "c"];
	q4 -> q5 [label = "c"];
	q4 -> q10 [label = "c"];
	q4 -> q11 [label = "c"];
	q4 -> q22 [label = "c"];
	q4 -> q17 [label = "b"];
	q4 -> q27 [label = "c"];
	q4 -> q28 [label = "c"];
	q4 -> q29 [label = "c"];
	q4 -> q31 [label = "c"];
	q15 -> q2 [label = "a"];
	q4 -> q32 [label = "c"];
	q30 -> q18 [label = "b, c"];
	q4 -> q33 [label = "c"];
	q2 -> q17 [label = "b"];
	q2 -> q19 [label = "b"];
	q34 -> q27 [label = "c"];
	q7 -> q27 [label = "b, c"];
	q6 -> q3 [label = "a, b, c"];
	q0 -> q7 [label = "b"];
	q33 -> q5 [label = "a, c"];
	q10 -> q1 [label = "b"];
	q6 -> q7 [label = "c"];
	q20 -> q34 [label = "a, b, c"];
	q6 -> q8 [label = "c"];
	q6 -> q10 [label = "b, c"];
	q13 -> q5 [label = "c"];
	q24 -> q26 [label = "c"];
	q6 -> q11 [label = "b, c"];
	q6 -> q12 [label = "b, c"];
	q6 -> q14 [label = "b, c"];
	q6 -> q16 [label = "b, c"];
	q6 -> q19 [label = "b, c"];
	q6 -> q22 [label = "b, c"];
	q18 -> q6 [label = "b"];
	q30 -> q21 [label = "c"];
	q33 -> q14 [label = "a, c"];
	q6 -> q28 [label = "b, c"];
	q20 -> q8 [label = "c"];
	q0 -> q6 [label = "b"];
	q0 -> q32 [label = "c"];
	q34 -> q17 [label = "b"];
	q0 -> q8 [label = "b"];
	q4 -> q3 [label = "a"];
	q0 -> q19 [label = "b"];
	q21 -> q16 [label = "a, b, c"];
	q0 -> q34 [label = "b"];
	q18 -> q33 [label = "a, c"];
	q0 -> q21 [label = "c"];
	q32 -> q10 [label = "b, c"];
	q0 -> q31 [label = "c"];
	q31 -> q14 [label = "b, c"];
	q4 -> q2 [label = "a"];
	q15 -> q8 [label = "a, b"];
	q22 -> q29 [label = "a"];
	q5 -> q12 [label = "c"];
	q21 -> q12 [label = "b"];
	q31 -> q9 [label = "b"];
	q20 -> q31 [label = "b, c"];
	q22 -> q16 [label = "a"];
	q5 -> q32 [label = "c"];
	q18 -> q29 [label = "a, b, c"];
	q3 -> q17 [label = "b"];
	q4 -> q9 [label = "c"];
	q3 -> q19 [label = "b"];
	q6 -> q29 [label = "a, b, c"];
	q7 -> q5 [label = "b, c"];
	q7 -> q0 [label = "c"];
	q20 -> q28 [label = "b, c"];
	q9 -> q17 [label = "b"];
	q15 -> q29 [label = "c"];
	q28 -> q8 [label = "c"];
	q18 -> q32 [label = "b"];
	q7 -> q9 [label = "c"];
	q10 -> q34 [label = "b"];
	q25 -> q8 [label = "b"];
	q7 -> q10 [label = "b, c"];
	q7 -> q16 [label = "b, c"];
	q2 -> q29 [label = "c"];
	q30 -> q16 [label = "a, b, c"];
	q5 -> q19 [label = "b"];
	q7 -> q22 [label = "b, c"];
	q20 -> q4 [label = "a, b"];
	q11 -> q29 [label = "b, c"];
	q28 -> q6 [label = "b, c"];
	q7 -> q29 [label = "a, b, c"];
	q7 -> q33 [label = "c"];
	q23 -> q3 [label = "a, b"];
	q33 -> q28 [label = "c"];
	q3 -> q13 [label = "a"];
	q5 -> q29 [label = "a"];
	q7 -> q3 [label = "a, b"];
	q7 -> q13 [label = "a, b"];
	q7 -> q17 [label = "b"];
	q20 -> q26 [label = "a, b"];
	q7 -> q28 [label = "b"];
	q1 -> q9 [label = "c"];
	q1 -> q12 [label = "c"];
	q1 -> q14 [label = "c"];
	q1 -> q22 [label = "c"];
	q20 -> q10 [label = "a, b, c"];
	q1 -> q26 [label = "c"];
	q1 -> q27 [label = "c"];
	q1 -> q29 [label = "c"];
	q6 -> q24 [label = "a"];
	q3 -> q9 [label = "c"];
	q34 -> q9 [label = "c"];
	q2 -> q5 [label = "c"];
	q17 -> q18 [label = "b"];
	q1 -> q10 [label = "c"];
	q30 -> q19 [label = "b, c"];
	q20 -> q18 [label = "b, c"];
	q18 -> q19 [label = "b"];
	q2 -> q12 [label = "c"];
	q2 -> q14 [label = "c"];
	q2 -> q27 [label = "c"];
	q3 -> q5 [label = "c"];
	q3 -> q12 [label = "c"];
	q3 -> q14 [label = "c"];
	q3 -> q16 [label = "c"];
	q3 -> q22 [label = "c"];
	q24 -> q5 [label = "c"];
	q7 -> q11 [label = "b"];
	q9 -> q12 [label = "c"];
	q9 -> q31 [label = "c"];
	q6 -> q9 [label = "b, c"];
	q9 -> q32 [label = "c"];
	q10 -> q10 [label = "c"];
	q10 -> q11 [label = "c"];
	q4 -> q19 [label = "b"];
	q10 -> q12 [label = "c"];
	q12 -> q22 [label = "b"];
	q12 -> q28 [label = "b"];
	q14 -> q29 [label = "a"];
	q28 -> q10 [label = "b, c"];
	q11 -> q11 [label = "c"];
	q11 -> q32 [label = "c"];
	q20 -> q0 [label = "a, b"];
	q20 -> q2 [label = "a, b, c"];
	q20 -> q3 [label = "a, b, c"];
	q4 -> q13 [label = "a"];
	q20 -> q5 [label = "a, b, c"];
	q20 -> q7 [label = "c"];
	q20 -> q12 [label = "b, c"];
	q20 -> q19 [label = "b, c"];
	q30 -> q10 [label = "b, c"];
	q28 -> q31 [label = "b, c"];
	q20 -> q14 [label = "a, b, c"];
	q7 -> q20 [label = "b"];
	q20 -> q22 [label = "a, b, c"];
	q28 -> q7 [label = "c"];
	q20 -> q27 [label = "a, b, c"];
	q20 -> q32 [label = "b, c"];
	q23 -> q9 [label = "a, c"];
	q16 -> q5 [label = "a"];
	q18 -> q2 [label = "a, b"];
	q18 -> q3 [label = "a, b"];
	q18 -> q11 [label = "b"];
	q18 -> q12 [label = "b"];
	q26 -> q28 [label = "c"];
	q18 -> q14 [label = "a, b, c"];
	q30 -> q28 [label = "b, c"];
	q18 -> q16 [label = "a, b, c"];
	q18 -> q17 [label = "b"];
	q6 -> q6 [label = "b, c"];
	q18 -> q22 [label = "a, b, c"];
	q2 -> q0 [label = "c"];
	q18 -> q27 [label = "a, b, c"];
	q18 -> q18 [label = "b"];
	q18 -> q31 [label = "b"];
	q18 -> q34 [label = "a, b"];
	q28 -> q26 [label = "b"];
	q18 -> q9 [label = "a, c"];
	q25 -> q2 [label = "b"];
	q22 -> q19 [label = "b"];
	q20 -> q24 [label = "a"];
}
NFA size: 35 states

AL* output after 15 EQ and 3952 MQ:
digraph finite_state_machine {
	rankdir=LR;
	node [shape = circle];
	s0 [shape = point, style = invis, start="true" ];
	s1 [shape = point, style = invis, start="true" ];
	q0 [label = "q0"];
	q1 [label = "q1"];
	q2 [label = "q2"];
	q3 [label = "q3"];
	q4 [label = "q4"];
	q5 [label = "q5", shape = doublecircle, final="true" ];
	q6 [label = "q6"];
	q7 [label = "q7"];
	q8 [label = "q8"];
	q9 [label = "q9", shape = doublecircle, final="true" ];
	q10 [label = "q10"];
	q11 [label = "q11"];
	q12 [label = "q12"];
	m0 [label = "", shape = square, style = filled, color=grey, fixedsize=true, width=.2];
	m1 [label = "", shape = square, style = filled, color=grey, fixedsize=true, width=.2];
	m2 [label = "", shape = square, style = filled, color=grey, fixedsize=true, width=.2];
	m3 [label = "", shape = square, style = filled, color=grey, fixedsize=true, width=.2];
	m4 [label = "", shape = square, style = filled, color=grey, fixedsize=true, width=.2];
	m5 [label = "", shape = square, style = filled, color=grey, fixedsize=true, width=.2];
	m6 [label = "", shape = square, style = filled, color=grey, fixedsize=true, width=.2];
	m7 [label = "", shape = square, style = filled, color=grey, fixedsize=true, width=.2];
	m8 [label = "", shape = square, style = filled, color=grey, fixedsize=true, width=.2];
	m9 [label = "", shape = square, style = filled, color=grey, fixedsize=true, width=.2];
	m10 [label = "", shape = square, style = filled, color=grey, fixedsize=true, width=.2];
	m11 [label = "", shape = square, style = filled, color=grey, fixedsize=true, width=.2];
	m12 [label = "", shape = square, style = filled, color=grey, fixedsize=true, width=.2];
	m13 [label = "", shape = square, style = filled, color=grey, fixedsize=true, width=.2];
	m14 [label = "", shape = square, style = filled, color=grey, fixedsize=true, width=.2];
	m15 [label = "", shape = square, style = filled, color=grey, fixedsize=true, width=.2];
	m16 [label = "", shape = square, style = filled, color=grey, fixedsize=true, width=.2];
	m17 [label = "", shape = square, style = filled, color=grey, fixedsize=true, width=.2];
	m18 [label = "", shape = square, style = filled, color=grey, fixedsize=true, width=.2];
	m19 [label = "", shape = square, style = filled, color=grey, fixedsize=true, width=.2];
	s0 -> m0
	s1 -> m1
	q11 -> m4 [label = "a"];
	q9 -> m8 [label = "a, b"];
	q8 -> m18 [label = "c"];
	q12 -> m16 [label = "a"];
	q8 -> m1 [label = "b"];
	q11 -> m8 [label = "b"];
	q8 -> m11 [label = "b"];
	q10 -> m13 [label = "a"];
	q10 -> m12 [label = "a"];
	q8 -> m14 [label = "a"];
	q8 -> m4 [label = "a, b"];
	q10 -> m10 [label = "b"];
	q12 -> m13 [label = "c"];
	q4 -> m8 [label = "c"];
	q0 -> m14 [label = "a"];
	q2 -> m5 [label = "b"];
	q6 -> m4 [label = "a"];
	q12 -> m17 [label = "a"];
	q4 -> m2 [label = "b, c"];
	q12 -> m4 [label = "b, c"];
	q10 -> m1 [label = "c"];
	q9 -> m18 [label = "a"];
	q6 -> m3 [label = "c"];
	q4 -> m11 [label = "b"];
	q12 -> m1 [label = "a"];
	q4 -> m10 [label = "b"];
	q11 -> m3 [label = "c"];
	q1 -> m0 [label = "a, b, c"];
	q2 -> m2 [label = "b, c"];
	q2 -> m8 [label = "c"];
	q2 -> m4 [label = "b, c"];
	q1 -> m8 [label = "c"];
	q5 -> m8 [label = "a, b"];
	q10 -> m6 [label = "c"];
	q7 -> m2 [label = "b, c"];
	q3 -> m2 [label = "b"];
	q7 -> m1 [label = "a"];
	q5 -> m1 [label = "c"];
	q0 -> m10 [label = "c"];
	q2 -> m17 [label = "a"];
	q9 -> m2 [label = "c"];
	q6 -> m15 [label = "b"];
	q11 -> m2 [label = "c"];
	q2 -> m14 [label = "a"];
	q0 -> m1 [label = "b, c"];
	q3 -> m1 [label = "a, c"];
	q12 -> m5 [label = "a, b, c"];
	q5 -> m9 [label = "b"];
	q12 -> m2 [label = "b"];
	q9 -> m4 [label = "c"];
	q3 -> m11 [label = "a, b"];
	q4 -> m1 [label = "b, c"];
	q5 -> m13 [label = "a"];
	q1 -> m11 [label = "b"];
	q12 -> m6 [label = "c"];
	q3 -> m0 [label = "a, b, c"];
	q10 -> m4 [label = "c"];
	q1 -> m2 [label = "b, c"];
	q0 -> m8 [label = "c"];
	q5 -> m12 [label = "a"];
	q10 -> m11 [label = "a, b"];
	q9 -> m7 [label = "c"];
	q7 -> m8 [label = "b"];
	q1 -> m1 [label = "b"];
	q7 -> m10 [label = "c"];
	q7 -> m4 [label = "a"];
	q1 -> m14 [label = "a"];
	q5 -> m4 [label = "c"];
	q5 -> m2 [label = "c"];
	q8 -> m2 [label = "b, c"];
	q4 -> m14 [label = "a"];
	q4 -> m12 [label = "a"];
	q2 -> m1 [label = "b"];
	q0 -> m4 [label = "a, b, c"];
	q0 -> m2 [label = "b, c"];
	q6 -> m11 [label = "b"];
	q2 -> m16 [label = "a"];
	q9 -> m19 [label = "a"];
	q9 -> m1 [label = "c"];
	q0 -> m11 [label = "b"];
	q8 -> m8 [label = "c"];
	q4 -> m4 [label = "b, c"];
	q6 -> m9 [label = "c"];
	m0 -> q0;
	m0 -> q7;
	m1 -> q5;
	m1 -> q7;
	m1 -> q9;
	m1 -> q11;
	m2 -> q0;
	m2 -> q1;
	m2 -> q2;
	m2 -> q4;
	m2 -> q8;
	m3 -> q1;
	m3 -> q2;
	m3 -> q3;
	m3 -> q5;
	m3 -> q9;
	m3 -> q12;
	m4 -> q0;
	m4 -> q6;
	m4 -> q7;
	m4 -> q11;
	m5 -> q0;
	m5 -> q1;
	m5 -> q2;
	m5 -> q3;
	m5 -> q4;
	m5 -> q5;
	m5 -> q7;
	m5 -> q9;
	m5 -> q10;
	m5 -> q12;
	m6 -> q0;
	m6 -> q1;
	m6 -> q2;
	m6 -> q3;
	m6 -> q4;
	m6 -> q7;
	m6 -> q8;
	m6 -> q12;
	m7 -> q0;
	m7 -> q1;
	m7 -> q2;
	m7 -> q3;
	m7 -> q4;
	m7 -> q5;
	m7 -> q9;
	m7 -> q10;
	m7 -> q12;
	m8 -> q4;
	m8 -> q10;
	m9 -> q0;
	m9 -> q1;
	m9 -> q2;
	m9 -> q3;
	m9 -> q4;
	m9 -> q8;
	m9 -> q12;
	m10 -> q1;
	m10 -> q3;
	m11 -> q0;
	m11 -> q3;
	m11 -> q4;
	m11 -> q5;
	m11 -> q9;
	m11 -> q10;
	m12 -> q0;
	m12 -> q1;
	m12 -> q2;
	m12 -> q4;
	m12 -> q6;
	m12 -> q7;
	m12 -> q8;
	m12 -> q9;
	m12 -> q11;
	m13 -> q0;
	m13 -> q1;
	m13 -> q2;
	m13 -> q4;
	m13 -> q5;
	m13 -> q7;
	m13 -> q8;
	m13 -> q9;
	m13 -> q11;
	m14 -> q5;
	m14 -> q9;
	m15 -> q0;
	m15 -> q1;
	m15 -> q2;
	m15 -> q3;
	m15 -> q4;
	m15 -> q8;
	m15 -> q10;
	m15 -> q12;
	m16 -> q0;
	m16 -> q1;
	m16 -> q2;
	m16 -> q3;
	m16 -> q4;
	m16 -> q5;
	m16 -> q7;
	m16 -> q8;
	m16 -> q10;
	m16 -> q12;
	m17 -> q0;
	m17 -> q1;
	m17 -> q3;
	m17 -> q4;
	m17 -> q5;
	m17 -> q6;
	m17 -> q7;
	m17 -> q8;
	m17 -> q10;
	m17 -> q11;
	m18 -> q0;
	m18 -> q1;
	m18 -> q2;
	m18 -> q3;
	m18 -> q5;
	m18 -> q6;
	m18 -> q7;
	m18 -> q8;
	m18 -> q9;
	m18 -> q11;
	m18 -> q12;
	m19 -> q0;
	m19 -> q1;
	m19 -> q2;
	m19 -> q4;
	m19 -> q5;
	m19 -> q6;
	m19 -> q7;
	m19 -> q8;
	m19 -> q9;
	m19 -> q11;
}
AFA size: 13 states

AL** output after 16 EQ and 3952 MQ:
digraph finite_state_machine {
	rankdir=LR;
	node [shape = circle];
	s0 [shape = point, style = invis, start="true" ];
	s1 [shape = point, style = invis, start="true" ];
	q0 [label = "q0"];
	q1 [label = "q1"];
	q2 [label = "q2"];
	q3 [label = "q3"];
	q4 [label = "q4"];
	q5 [label = "q5", shape = doublecircle, final="true" ];
	q6 [label = "q6"];
	q7 [label = "q7"];
	q8 [label = "q8"];
	q9 [label = "q9", shape = doublecircle, final="true" ];
	q10 [label = "q10"];
	q11 [label = "q11"];
	q12 [label = "q12"];
	m0 [label = "", shape = square, style = filled, color=grey, fixedsize=true, width=.2];
	m1 [label = "", shape = square, style = filled, color=grey, fixedsize=true, width=.2];
	m2 [label = "", shape = square, style = filled, color=grey, fixedsize=true, width=.2];
	m3 [label = "", shape = square, style = filled, color=grey, fixedsize=true, width=.2];
	m4 [label = "", shape = square, style = filled, color=grey, fixedsize=true, width=.2];
	m5 [label = "", shape = square, style = filled, color=grey, fixedsize=true, width=.2];
	m6 [label = "", shape = square, style = filled, color=grey, fixedsize=true, width=.2];
	m7 [label = "", shape = square, style = filled, color=grey, fixedsize=true, width=.2];
	m8 [label = "", shape = square, style = filled, color=grey, fixedsize=true, width=.2];
	m9 [label = "", shape = square, style = filled, color=grey, fixedsize=true, width=.2];
	m10 [label = "", shape = square, style = filled, color=grey, fixedsize=true, width=.2];
	m11 [label = "", shape = square, style = filled, color=grey, fixedsize=true, width=.2];
	m12 [label = "", shape = square, style = filled, color=grey, fixedsize=true, width=.2];
	m13 [label = "", shape = square, style = filled, color=grey, fixedsize=true, width=.2];
	m14 [label = "", shape = square, style = filled, color=grey, fixedsize=true, width=.2];
	m15 [label = "", shape = square, style = filled, color=grey, fixedsize=true, width=.2];
	m16 [label = "", shape = square, style = filled, color=grey, fixedsize=true, width=.2];
	m17 [label = "", shape = square, style = filled, color=grey, fixedsize=true, width=.2];
	m18 [label = "", shape = square, style = filled, color=grey, fixedsize=true, width=.2];
	m19 [label = "", shape = square, style = filled, color=grey, fixedsize=true, width=.2];
	s0 -> m0
	s1 -> m1
	q11 -> m4 [label = "a"];
	q9 -> m8 [label = "a, b"];
	q8 -> m18 [label = "c"];
	q12 -> m16 [label = "a"];
	q8 -> m1 [label = "b"];
	q11 -> m8 [label = "b"];
	q8 -> m11 [label = "b"];
	q10 -> m13 [label = "a"];
	q10 -> m12 [label = "a"];
	q8 -> m14 [label = "a"];
	q8 -> m4 [label = "a, b"];
	q10 -> m10 [label = "b"];
	q12 -> m13 [label = "c"];
	q4 -> m8 [label = "c"];
	q0 -> m14 [label = "a"];
	q2 -> m5 [label = "b"];
	q6 -> m4 [label = "a"];
	q12 -> m17 [label = "a"];
	q4 -> m2 [label = "b, c"];
	q12 -> m4 [label = "b, c"];
	q10 -> m1 [label = "c"];
	q9 -> m18 [label = "a"];
	q6 -> m3 [label = "c"];
	q4 -> m11 [label = "b"];
	q12 -> m1 [label = "a"];
	q4 -> m10 [label = "b"];
	q11 -> m3 [label = "c"];
	q1 -> m0 [label = "a, b, c"];
	q2 -> m2 [label = "b, c"];
	q2 -> m8 [label = "c"];
	q2 -> m4 [label = "b, c"];
	q1 -> m8 [label = "c"];
	q5 -> m8 [label = "a, b"];
	q10 -> m6 [label = "c"];
	q7 -> m2 [label = "b, c"];
	q3 -> m2 [label = "b"];
	q7 -> m1 [label = "a"];
	q5 -> m1 [label = "c"];
	q0 -> m10 [label = "c"];
	q2 -> m17 [label = "a"];
	q9 -> m2 [label = "c"];
	q6 -> m15 [label = "b"];
	q11 -> m2 [label = "c"];
	q2 -> m14 [label = "a"];
	q0 -> m1 [label = "b, c"];
	q3 -> m1 [label = "a, c"];
	q12 -> m5 [label = "a, b, c"];
	q5 -> m9 [label = "b"];
	q12 -> m2 [label = "b"];
	q9 -> m4 [label = "c"];
	q3 -> m11 [label = "a, b"];
	q4 -> m1 [label = "b, c"];
	q5 -> m13 [label = "a"];
	q1 -> m11 [label = "b"];
	q12 -> m6 [label = "c"];
	q3 -> m0 [label = "a, b, c"];
	q10 -> m4 [label = "c"];
	q1 -> m2 [label = "b, c"];
	q0 -> m8 [label = "c"];
	q5 -> m12 [label = "a"];
	q10 -> m11 [label = "a, b"];
	q9 -> m7 [label = "c"];
	q7 -> m8 [label = "b"];
	q1 -> m1 [label = "b"];
	q7 -> m10 [label = "c"];
	q7 -> m4 [label = "a"];
	q1 -> m14 [label = "a"];
	q5 -> m4 [label = "c"];
	q5 -> m2 [label = "c"];
	q8 -> m2 [label = "b, c"];
	q4 -> m14 [label = "a"];
	q4 -> m12 [label = "a"];
	q2 -> m1 [label = "b"];
	q0 -> m4 [label = "a, b, c"];
	q0 -> m2 [label = "b, c"];
	q6 -> m11 [label = "b"];
	q2 -> m16 [label = "a"];
	q9 -> m19 [label = "a"];
	q9 -> m1 [label = "c"];
	q0 -> m11 [label = "b"];
	q8 -> m8 [label = "c"];
	q4 -> m4 [label = "b, c"];
	q6 -> m9 [label = "c"];
	m0 -> q0;
	m0 -> q7;
	m1 -> q5;
	m1 -> q7;
	m1 -> q9;
	m1 -> q11;
	m2 -> q0;
	m2 -> q1;
	m2 -> q2;
	m2 -> q4;
	m2 -> q8;
	m3 -> q1;
	m3 -> q2;
	m3 -> q3;
	m3 -> q5;
	m3 -> q9;
	m3 -> q12;
	m4 -> q0;
	m4 -> q6;
	m4 -> q7;
	m4 -> q11;
	m5 -> q0;
	m5 -> q1;
	m5 -> q2;
	m5 -> q3;
	m5 -> q4;
	m5 -> q5;
	m5 -> q7;
	m5 -> q9;
	m5 -> q10;
	m5 -> q12;
	m6 -> q0;
	m6 -> q1;
	m6 -> q2;
	m6 -> q3;
	m6 -> q4;
	m6 -> q7;
	m6 -> q8;
	m6 -> q12;
	m7 -> q0;
	m7 -> q1;
	m7 -> q2;
	m7 -> q3;
	m7 -> q4;
	m7 -> q5;
	m7 -> q9;
	m7 -> q10;
	m7 -> q12;
	m8 -> q4;
	m8 -> q10;
	m9 -> q0;
	m9 -> q1;
	m9 -> q2;
	m9 -> q3;
	m9 -> q4;
	m9 -> q8;
	m9 -> q12;
	m10 -> q1;
	m10 -> q3;
	m11 -> q0;
	m11 -> q3;
	m11 -> q4;
	m11 -> q5;
	m11 -> q9;
	m11 -> q10;
	m12 -> q0;
	m12 -> q1;
	m12 -> q2;
	m12 -> q4;
	m12 -> q6;
	m12 -> q7;
	m12 -> q8;
	m12 -> q9;
	m12 -> q11;
	m13 -> q0;
	m13 -> q1;
	m13 -> q2;
	m13 -> q4;
	m13 -> q5;
	m13 -> q7;
	m13 -> q8;
	m13 -> q9;
	m13 -> q11;
	m14 -> q5;
	m14 -> q9;
	m15 -> q0;
	m15 -> q1;
	m15 -> q2;
	m15 -> q3;
	m15 -> q4;
	m15 -> q8;
	m15 -> q10;
	m15 -> q12;
	m16 -> q0;
	m16 -> q1;
	m16 -> q2;
	m16 -> q3;
	m16 -> q4;
	m16 -> q5;
	m16 -> q7;
	m16 -> q8;
	m16 -> q10;
	m16 -> q12;
	m17 -> q0;
	m17 -> q1;
	m17 -> q3;
	m17 -> q4;
	m17 -> q5;
	m17 -> q6;
	m17 -> q7;
	m17 -> q8;
	m17 -> q10;
	m17 -> q11;
	m18 -> q0;
	m18 -> q1;
	m18 -> q2;
	m18 -> q3;
	m18 -> q5;
	m18 -> q6;
	m18 -> q7;
	m18 -> q8;
	m18 -> q9;
	m18 -> q11;
	m18 -> q12;
	m19 -> q0;
	m19 -> q1;
	m19 -> q2;
	m19 -> q4;
	m19 -> q5;
	m19 -> q6;
	m19 -> q7;
	m19 -> q8;
	m19 -> q9;
	m19 -> q11;
}
RAFA size: 13 states

