Random target AFA:
digraph finite_state_machine {
	rankdir=LR;
	node [shape = circle];
	s0 [shape = point, style = invis, start="true" ];
	s1 [shape = point, style = invis, start="true" ];
	q0 [label = "q0", shape = doublecircle, final="true" ];
	q1 [label = "q1"];
	q2 [label = "q2", shape = doublecircle, final="true" ];
	q3 [label = "q3"];
	q4 [label = "q4", shape = doublecircle, final="true" ];
	q5 [label = "q5"];
	m0 [label = "", shape = square, style = filled, color=grey, fixedsize=true, width=.2];
	m1 [label = "", shape = square, style = filled, color=grey, fixedsize=true, width=.2];
	m2 [label = "", shape = square, style = filled, color=grey, fixedsize=true, width=.2];
	m3 [label = "", shape = square, style = filled, color=grey, fixedsize=true, width=.2];
	m4 [label = "", shape = square, style = filled, color=grey, fixedsize=true, width=.2];
	m5 [label = "", shape = square, style = filled, color=grey, fixedsize=true, width=.2];
	m6 [label = "", shape = square, style = filled, color=grey, fixedsize=true, width=.2];
	m7 [label = "", shape = square, style = filled, color=grey, fixedsize=true, width=.2];
	m8 [label = "", shape = square, style = filled, color=grey, fixedsize=true, width=.2];
	s0 -> q2
	s1 -> q2
	q4 -> q5 [label = "a"];
	q4 -> q2 [label = "c"];
	q1 -> q0 [label = "b"];
	q0 -> q0 [label = "a"];
	q2 -> q3 [label = "a, c"];
	q2 -> q0 [label = "b"];
	q0 -> m2 [label = "c"];
	q4 -> m0 [label = "c"];
	q2 -> q2 [label = "a"];
	q3 -> m8 [label = "c"];
	q0 -> q5 [label = "b"];
	q5 -> q1 [label = "b, c"];
	q1 -> q4 [label = "a"];
	q4 -> m3 [label = "a"];
	q0 -> q4 [label = "a"];
	q0 -> q1 [label = "c"];
	q5 -> q5 [label = "c"];
	q5 -> m5 [label = "a"];
	q2 -> m1 [label = "b"];
	q5 -> q3 [label = "b"];
	q1 -> m4 [label = "a"];
	q3 -> q4 [label = "b, c"];
	q2 -> m7 [label = "c"];
	q3 -> q0 [label = "a, b"];
	q1 -> q1 [label = "c"];
	q1 -> m6 [label = "c"];
	q1 -> m5 [label = "b"];
	q4 -> q4 [label = "b"];
	q5 -> q2 [label = "a"];
	q4 -> m2 [label = "b"];
	m0 -> q0;
	m0 -> q3;
	m1 -> q1;
	m1 -> q5;
	m2 -> q0;
	m2 -> q5;
	m3 -> q0;
	m3 -> q1;
	m4 -> q2;
	m4 -> q3;
	m5 -> q1;
	m5 -> q2;
	m6 -> q3;
	m6 -> q4;
	m7 -> q3;
	m7 -> q5;
	m8 -> q0;
	m8 -> q2;
}

L* output after 15 EQ and 36239 MQ:
digraph finite_state_machine {
	rankdir=LR;
	node [shape = circle];
	s0 [shape = point, style = invis, start="true" ];
	q0 [label = "q0", shape = doublecircle, final="true" ];
	q1 [label = "q1", shape = doublecircle, final="true" ];
	q2 [label = "q2", shape = doublecircle, final="true" ];
	q3 [label = "q3", shape = doublecircle, final="true" ];
	q4 [label = "q4", shape = doublecircle, final="true" ];
	q5 [label = "q5", shape = doublecircle, final="true" ];
	q6 [label = "q6", shape = doublecircle, final="true" ];
	q7 [label = "q7", shape = doublecircle, final="true" ];
	q8 [label = "q8", shape = doublecircle, final="true" ];
	q9 [label = "q9", shape = doublecircle, final="true" ];
	q10 [label = "q10", shape = doublecircle, final="true" ];
	q11 [label = "q11"];
	q12 [label = "q12", shape = doublecircle, final="true" ];
	q13 [label = "q13", shape = doublecircle, final="true" ];
	q14 [label = "q14", shape = doublecircle, final="true" ];
	q15 [label = "q15", shape = doublecircle, final="true" ];
	q16 [label = "q16", shape = doublecircle, final="true" ];
	q17 [label = "q17", shape = doublecircle, final="true" ];
	q18 [label = "q18", shape = doublecircle, final="true" ];
	q19 [label = "q19", shape = doublecircle, final="true" ];
	q20 [label = "q20", shape = doublecircle, final="true" ];
	q21 [label = "q21", shape = doublecircle, final="true" ];
	q22 [label = "q22"];
	q23 [label = "q23", shape = doublecircle, final="true" ];
	q24 [label = "q24", shape = doublecircle, final="true" ];
	q25 [label = "q25", shape = doublecircle, final="true" ];
	q26 [label = "q26", shape = doublecircle, final="true" ];
	q27 [label = "q27", shape = doublecircle, final="true" ];
	q28 [label = "q28", shape = doublecircle, final="true" ];
	q29 [label = "q29"];
	q30 [label = "q30", shape = doublecircle, final="true" ];
	q31 [label = "q31", shape = doublecircle, final="true" ];
	q32 [label = "q32"];
	q33 [label = "q33", shape = doublecircle, final="true" ];
	q34 [label = "q34", shape = doublecircle, final="true" ];
	q35 [label = "q35", shape = doublecircle, final="true" ];
	q36 [label = "q36", shape = doublecircle, final="true" ];
	q37 [label = "q37", shape = doublecircle, final="true" ];
	q38 [label = "q38"];
	q39 [label = "q39", shape = doublecircle, final="true" ];
	q40 [label = "q40"];
	q41 [label = "q41", shape = doublecircle, final="true" ];
	q42 [label = "q42", shape = doublecircle, final="true" ];
	q43 [label = "q43", shape = doublecircle, final="true" ];
	q44 [label = "q44", shape = doublecircle, final="true" ];
	q45 [label = "q45", shape = doublecircle, final="true" ];
	q46 [label = "q46", shape = doublecircle, final="true" ];
	q47 [label = "q47", shape = doublecircle, final="true" ];
	q48 [label = "q48", shape = doublecircle, final="true" ];
	q49 [label = "q49", shape = doublecircle, final="true" ];
	q50 [label = "q50", shape = doublecircle, final="true" ];
	q51 [label = "q51", shape = doublecircle, final="true" ];
	q52 [label = "q52"];
	q53 [label = "q53"];
	q54 [label = "q54", shape = doublecircle, final="true" ];
	q55 [label = "q55", shape = doublecircle, final="true" ];
	q56 [label = "q56", shape = doublecircle, final="true" ];
	q57 [label = "q57", shape = doublecircle, final="true" ];
	q58 [label = "q58", shape = doublecircle, final="true" ];
	q59 [label = "q59", shape = doublecircle, final="true" ];
	q60 [label = "q60", shape = doublecircle, final="true" ];
	q61 [label = "q61"];
	q62 [label = "q62"];
	q63 [label = "q63"];
	q64 [label = "q64", shape = doublecircle, final="true" ];
	q65 [label = "q65", shape = doublecircle, final="true" ];
	q66 [label = "q66", shape = doublecircle, final="true" ];
	q67 [label = "q67"];
	q68 [label = "q68", shape = doublecircle, final="true" ];
	q69 [label = "q69", shape = doublecircle, final="true" ];
	q70 [label = "q70", shape = doublecircle, final="true" ];
	q71 [label = "q71", shape = doublecircle, final="true" ];
	q72 [label = "q72"];
	q73 [label = "q73", shape = doublecircle, final="true" ];
	q74 [label = "q74", shape = doublecircle, final="true" ];
	q75 [label = "q75", shape = doublecircle, final="true" ];
	q76 [label = "q76", shape = doublecircle, final="true" ];
	q77 [label = "q77", shape = doublecircle, final="true" ];
	q78 [label = "q78"];
	q79 [label = "q79", shape = doublecircle, final="true" ];
	q80 [label = "q80", shape = doublecircle, final="true" ];
	q81 [label = "q81", shape = doublecircle, final="true" ];
	q82 [label = "q82", shape = doublecircle, final="true" ];
	q83 [label = "q83", shape = doublecircle, final="true" ];
	q84 [label = "q84"];
	q85 [label = "q85", shape = doublecircle, final="true" ];
	q86 [label = "q86", shape = doublecircle, final="true" ];
	q87 [label = "q87", shape = doublecircle, final="true" ];
	q88 [label = "q88", shape = doublecircle, final="true" ];
	q89 [label = "q89", shape = doublecircle, final="true" ];
	q90 [label = "q90", shape = doublecircle, final="true" ];
	q91 [label = "q91", shape = doublecircle, final="true" ];
	q92 [label = "q92", shape = doublecircle, final="true" ];
	q93 [label = "q93"];
	q94 [label = "q94", shape = doublecircle, final="true" ];
	q95 [label = "q95", shape = doublecircle, final="true" ];
	q96 [label = "q96", shape = doublecircle, final="true" ];
	q97 [label = "q97", shape = doublecircle, final="true" ];
	q98 [label = "q98", shape = doublecircle, final="true" ];
	q99 [label = "q99", shape = doublecircle, final="true" ];
	q100 [label = "q100", shape = doublecircle, final="true" ];
	q101 [label = "q101", shape = doublecircle, final="true" ];
	q102 [label = "q102", shape = doublecircle, final="true" ];
	q103 [label = "q103", shape = doublecircle, final="true" ];
	q104 [label = "q104", shape = doublecircle, final="true" ];
	q105 [label = "q105", shape = doublecircle, final="true" ];
	q106 [label = "q106", shape = doublecircle, final="true" ];
	q107 [label = "q107", shape = doublecircle, final="true" ];
	q108 [label = "q108", shape = doublecircle, final="true" ];
	q109 [label = "q109", shape = doublecircle, final="true" ];
	q110 [label = "q110", shape = doublecircle, final="true" ];
	q111 [label = "q111", shape = doublecircle, final="true" ];
	q112 [label = "q112", shape = doublecircle, final="true" ];
	q113 [label = "q113"];
	q114 [label = "q114", shape = doublecircle, final="true" ];
	q115 [label = "q115", shape = doublecircle, final="true" ];
	q116 [label = "q116", shape = doublecircle, final="true" ];
	q117 [label = "q117"];
	q118 [label = "q118", shape = doublecircle, final="true" ];
	q119 [label = "q119"];
	q120 [label = "q120", shape = doublecircle, final="true" ];
	q121 [label = "q121", shape = doublecircle, final="true" ];
	q122 [label = "q122", shape = doublecircle, final="true" ];
	q123 [label = "q123", shape = doublecircle, final="true" ];
	q124 [label = "q124", shape = doublecircle, final="true" ];
	q125 [label = "q125", shape = doublecircle, final="true" ];
	q126 [label = "q126", shape = doublecircle, final="true" ];
	q127 [label = "q127", shape = doublecircle, final="true" ];
	q128 [label = "q128", shape = doublecircle, final="true" ];
	q129 [label = "q129"];
	q130 [label = "q130"];
	q131 [label = "q131", shape = doublecircle, final="true" ];
	q132 [label = "q132", shape = doublecircle, final="true" ];
	q133 [label = "q133", shape = doublecircle, final="true" ];
	q134 [label = "q134", shape = doublecircle, final="true" ];
	q135 [label = "q135", shape = doublecircle, final="true" ];
	q136 [label = "q136"];
	q137 [label = "q137", shape = doublecircle, final="true" ];
	q138 [label = "q138", shape = doublecircle, final="true" ];
	q139 [label = "q139", shape = doublecircle, final="true" ];
	q140 [label = "q140", shape = doublecircle, final="true" ];
	q141 [label = "q141", shape = doublecircle, final="true" ];
	q142 [label = "q142", shape = doublecircle, final="true" ];
	q143 [label = "q143", shape = doublecircle, final="true" ];
	q144 [label = "q144", shape = doublecircle, final="true" ];
	q145 [label = "q145", shape = doublecircle, final="true" ];
	q146 [label = "q146", shape = doublecircle, final="true" ];
	q147 [label = "q147", shape = doublecircle, final="true" ];
	q148 [label = "q148", shape = doublecircle, final="true" ];
	q149 [label = "q149", shape = doublecircle, final="true" ];
	q150 [label = "q150", shape = doublecircle, final="true" ];
	q151 [label = "q151"];
	q152 [label = "q152", shape = doublecircle, final="true" ];
	s0 -> q68
	q83 -> q113 [label = "c"];
	q85 -> q96 [label = "a"];
	q83 -> q48 [label = "a"];
	q87 -> q119 [label = "c"];
	q86 -> q74 [label = "a"];
	q81 -> q74 [label = "a"];
	q86 -> q59 [label = "b"];
	q80 -> q30 [label = "b"];
	q82 -> q59 [label = "b"];
	q75 -> q36 [label = "c"];
	q74 -> q97 [label = "c"];
	q79 -> q59 [label = "b"];
	q73 -> q38 [label = "c"];
	q79 -> q82 [label = "c"];
	q77 -> q34 [label = "c"];
	q76 -> q98 [label = "a"];
	q74 -> q46 [label = "a"];
	q72 -> q41 [label = "b"];
	q76 -> q81 [label = "c"];
	q74 -> q50 [label = "b"];
	q72 -> q42 [label = "a"];
	q71 -> q132 [label = "a"];
	q67 -> q76 [label = "c"];
	q70 -> q46 [label = "a"];
	q68 -> q65 [label = "b"];
	q65 -> q78 [label = "c"];
	q71 -> q43 [label = "c"];
	q67 -> q64 [label = "a"];
	q69 -> q111 [label = "c"];
	q65 -> q77 [label = "a"];
	q66 -> q74 [label = "a"];
	q66 -> q59 [label = "b"];
	q63 -> q75 [label = "a"];
	q61 -> q56 [label = "b"];
	q59 -> q73 [label = "c"];
	q62 -> q68 [label = "a"];
	q63 -> q57 [label = "b"];
	q57 -> q110 [label = "c"];
	q57 -> q49 [label = "b"];
	q60 -> q50 [label = "a"];
	q60 -> q70 [label = "c"];
	q58 -> q59 [label = "b"];
	q56 -> q49 [label = "a, b"];
	q55 -> q54 [label = "a"];
	q52 -> q30 [label = "b"];
	q67 -> q60 [label = "b"];
	q55 -> q100 [label = "b"];
	q53 -> q77 [label = "a"];
	q87 -> q139 [label = "a"];
	q59 -> q96 [label = "b"];
	q51 -> q115 [label = "a"];
	q64 -> q62 [label = "b"];
	q53 -> q85 [label = "c"];
	q51 -> q56 [label = "b"];
	q49 -> q101 [label = "a"];
	q82 -> q133 [label = "a"];
	q48 -> q135 [label = "c"];
	q48 -> q50 [label = "b"];
	q50 -> q44 [label = "b"];
	q49 -> q102 [label = "b"];
	q48 -> q101 [label = "a"];
	q47 -> q37 [label = "a"];
	q45 -> q105 [label = "b"];
	q43 -> q119 [label = "c"];
	q46 -> q37 [label = "a"];
	q42 -> q86 [label = "c"];
	q18 -> q9 [label = "c"];
	q21 -> q46 [label = "a"];
	q19 -> q103 [label = "b"];
	q21 -> q11 [label = "c"];
	q16 -> q148 [label = "c"];
	q20 -> q132 [label = "a"];
	q22 -> q103 [label = "b"];
	q18 -> q132 [label = "a"];
	q16 -> q103 [label = "b"];
	q50 -> q111 [label = "c"];
	q22 -> q12 [label = "c"];
	q18 -> q103 [label = "b"];
	q16 -> q118 [label = "a"];
	q13 -> q59 [label = "b"];
	q14 -> q143 [label = "a"];
	q10 -> q147 [label = "c"];
	q15 -> q103 [label = "b"];
	q13 -> q7 [label = "a"];
	q5 -> q103 [label = "b"];
	q2 -> q4 [label = "c"];
	q60 -> q69 [label = "b"];
	q17 -> q103 [label = "b"];
	q4 -> q138 [label = "b"];
	q1 -> q1 [label = "c"];
	q5 -> q96 [label = "a"];
	q1 -> q132 [label = "a"];
	q4 -> q46 [label = "a"];
	q6 -> q103 [label = "b"];
	q2 -> q49 [label = "a"];
	q73 -> q46 [label = "a"];
	q0 -> q102 [label = "b"];
	q6 -> q142 [label = "c"];
	q4 -> q3 [label = "c"];
	q12 -> q103 [label = "b"];
	q8 -> q103 [label = "b"];
	q83 -> q112 [label = "b"];
	q3 -> q143 [label = "a"];
	q14 -> q103 [label = "b"];
	q12 -> q115 [label = "a"];
	q50 -> q101 [label = "a"];
	q13 -> q139 [label = "c"];
	q9 -> q101 [label = "a"];
	q15 -> q135 [label = "c"];
	q64 -> q72 [label = "c"];
	q11 -> q75 [label = "a"];
	q21 -> q39 [label = "b"];
	q23 -> q133 [label = "a"];
	q80 -> q31 [label = "a"];
	q108 -> q103 [label = "b"];
	q96 -> q116 [label = "c"];
	q110 -> q118 [label = "a"];
	q147 -> q103 [label = "b"];
	q29 -> q75 [label = "a"];
	q107 -> q128 [label = "c"];
	q5 -> q34 [label = "c"];
	q113 -> q95 [label = "a"];
	q112 -> q75 [label = "a"];
	q116 -> q131 [label = "c"];
	q23 -> q13 [label = "c"];
	q112 -> q51 [label = "c"];
	q117 -> q146 [label = "c"];
	q141 -> q96 [label = "b"];
	q35 -> q122 [label = "b"];
	q63 -> q61 [label = "c"];
	q113 -> q39 [label = "b"];
	q119 -> q51 [label = "c"];
	q8 -> q143 [label = "a"];
	q119 -> q75 [label = "a"];
	q33 -> q137 [label = "c"];
	q3 -> q2 [label = "c"];
	q122 -> q103 [label = "b"];
	q23 -> q59 [label = "b"];
	q114 -> q39 [label = "b"];
	q112 -> q56 [label = "b"];
	q58 -> q79 [label = "c"];
	q124 -> q88 [label = "c"];
	q9 -> q103 [label = "b"];
	q120 -> q103 [label = "b"];
	q131 -> q132 [label = "a"];
	q135 -> q103 [label = "b"];
	q14 -> q8 [label = "c"];
	q30 -> q5 [label = "c"];
	q122 -> q49 [label = "a"];
	q97 -> q49 [label = "a"];
	q85 -> q138 [label = "b"];
	q75 -> q37 [label = "a"];
	q17 -> q37 [label = "a"];
	q91 -> q132 [label = "a"];
	q126 -> q44 [label = "c"];
	q124 -> q0 [label = "a"];
	q123 -> q118 [label = "a"];
	q84 -> q27 [label = "c"];
	q68 -> q66 [label = "a"];
	q123 -> q116 [label = "c"];
	q125 -> q132 [label = "a"];
	q80 -> q29 [label = "c"];
	q133 -> q150 [label = "c"];
	q47 -> q36 [label = "c"];
	q127 -> q141 [label = "b"];
	q126 -> q56 [label = "b"];
	q7 -> q131 [label = "c"];
	q122 -> q142 [label = "c"];
	q117 -> q103 [label = "b"];
	q70 -> q45 [label = "b"];
	q128 -> q143 [label = "a"];
	q134 -> q151 [label = "c"];
	q137 -> q127 [label = "a"];
	q130 -> q103 [label = "b"];
	q96 -> q101 [label = "a"];
	q128 -> q103 [label = "b"];
	q128 -> q128 [label = "c"];
	q7 -> q46 [label = "a"];
	q136 -> q103 [label = "b"];
	q36 -> q46 [label = "a"];
	q37 -> q102 [label = "b"];
	q132 -> q37 [label = "a"];
	q40 -> q107 [label = "c"];
	q11 -> q6 [label = "c"];
	q19 -> q10 [label = "c"];
	q134 -> q39 [label = "b"];
	q129 -> q149 [label = "a"];
	q41 -> q136 [label = "c"];
	q144 -> q103 [label = "b"];
	q135 -> q152 [label = "c"];
	q118 -> q126 [label = "c"];
	q133 -> q50 [label = "b"];
	q116 -> q46 [label = "a"];
	q143 -> q101 [label = "a"];
	q78 -> q42 [label = "a"];
	q78 -> q33 [label = "b"];
	q123 -> q56 [label = "b"];
	q110 -> q103 [label = "b"];
	q38 -> q103 [label = "b"];
	q11 -> q103 [label = "b"];
	q144 -> q49 [label = "a"];
	q77 -> q50 [label = "a, b"];
	q141 -> q21 [label = "c"];
	q108 -> q144 [label = "c"];
	q121 -> q56 [label = "b"];
	q3 -> q138 [label = "b"];
	q113 -> q129 [label = "c"];
	q7 -> q102 [label = "b"];
	q150 -> q101 [label = "a"];
	q145 -> q46 [label = "a"];
	q44 -> q56 [label = "b"];
	q147 -> q132 [label = "a"];
	q46 -> q104 [label = "c"];
	q144 -> q34 [label = "c"];
	q137 -> q24 [label = "c"];
	q133 -> q46 [label = "a"];
	q143 -> q148 [label = "c"];
	q148 -> q103 [label = "b"];
	q146 -> q19 [label = "c"];
	q101 -> q126 [label = "c"];
	q81 -> q84 [label = "c"];
	q96 -> q56 [label = "b"];
	q88 -> q59 [label = "b"];
	q152 -> q15 [label = "c"];
	q151 -> q75 [label = "a"];
	q132 -> q50 [label = "b"];
	q103 -> q49 [label = "a, b"];
	q132 -> q145 [label = "c"];
	q125 -> q125 [label = "c"];
	q146 -> q115 [label = "a"];
	q121 -> q37 [label = "a"];
	q115 -> q145 [label = "c"];
	q148 -> q18 [label = "c"];
	q127 -> q101 [label = "a"];
	q107 -> q103 [label = "b"];
	q149 -> q101 [label = "a"];
	q45 -> q117 [label = "c"];
	q76 -> q35 [label = "b"];
	q29 -> q123 [label = "c"];
	q152 -> q103 [label = "b"];
	q84 -> q59 [label = "b"];
	q66 -> q58 [label = "c"];
	q20 -> q122 [label = "c"];
	q125 -> q103 [label = "b"];
	q149 -> q141 [label = "b"];
	q121 -> q121 [label = "c"];
	q152 -> q143 [label = "a"];
	q138 -> q49 [label = "a, b"];
	q145 -> q150 [label = "c"];
	q145 -> q103 [label = "b"];
	q42 -> q59 [label = "b"];
	q111 -> q46 [label = "a"];
	q2 -> q138 [label = "b"];
	q117 -> q95 [label = "a"];
	q26 -> q50 [label = "b"];
	q150 -> q17 [label = "c"];
	q31 -> q31 [label = "c"];
	q136 -> q109 [label = "a"];
	q134 -> q46 [label = "a"];
	q147 -> q19 [label = "c"];
	q115 -> q141 [label = "b"];
	q19 -> q143 [label = "a"];
	q142 -> q46 [label = "a"];
	q151 -> q16 [label = "c"];
	q55 -> q114 [label = "c"];
	q15 -> q101 [label = "a"];
	q105 -> q75 [label = "a"];
	q93 -> q103 [label = "b"];
	q69 -> q97 [label = "b"];
	q129 -> q103 [label = "b"];
	q99 -> q102 [label = "b"];
	q137 -> q103 [label = "b"];
	q27 -> q1 [label = "a"];
	q30 -> q77 [label = "a"];
	q136 -> q25 [label = "c"];
	q151 -> q103 [label = "b"];
	q91 -> q140 [label = "c"];
	q139 -> q23 [label = "c"];
	q139 -> q59 [label = "b"];
	q119 -> q56 [label = "b"];
	q89 -> q91 [label = "a"];
	q54 -> q100 [label = "b"];
	q41 -> q77 [label = "a"];
	q82 -> q28 [label = "c"];
	q52 -> q94 [label = "a"];
	q120 -> q115 [label = "a"];
	q150 -> q103 [label = "b"];
	q51 -> q1 [label = "c"];
	q129 -> q137 [label = "c"];
	q95 -> q36 [label = "c"];
	q143 -> q50 [label = "b"];
	q35 -> q87 [label = "a"];
	q141 -> q49 [label = "a"];
	q135 -> q46 [label = "a"];
	q12 -> q125 [label = "c"];
	q104 -> q104 [label = "c"];
	q118 -> q37 [label = "a"];
	q139 -> q99 [label = "a"];
	q62 -> q53 [label = "b"];
	q24 -> q132 [label = "a"];
	q38 -> q5 [label = "c"];
	q61 -> q51 [label = "c"];
	q53 -> q26 [label = "b"];
	q148 -> q46 [label = "a"];
	q108 -> q143 [label = "a"];
	q140 -> q132 [label = "a"];
	q8 -> q24 [label = "c"];
	q142 -> q20 [label = "c"];
	q127 -> q148 [label = "c"];
	q20 -> q103 [label = "b"];
	q114 -> q132 [label = "a"];
	q146 -> q103 [label = "b"];
	q37 -> q121 [label = "c"];
	q78 -> q32 [label = "c"];
	q54 -> q134 [label = "c"];
	q130 -> q48 [label = "a"];
	q68 -> q67 [label = "c"];
	q99 -> q44 [label = "c"];
	q131 -> q96 [label = "c"];
	q124 -> q59 [label = "b"];
	q106 -> q34 [label = "c"];
	q70 -> q93 [label = "c"];
	q38 -> q48 [label = "a"];
	q22 -> q75 [label = "a"];
	q100 -> q101 [label = "a"];
	q111 -> q57 [label = "b"];
	q109 -> q118 [label = "a"];
	q52 -> q61 [label = "c"];
	q43 -> q132 [label = "a"];
	q0 -> q132 [label = "a"];
	q111 -> q29 [label = "c"];
	q107 -> q127 [label = "a"];
	q54 -> q101 [label = "a"];
	q105 -> q102 [label = "b"];
	q49 -> q116 [label = "c"];
	q109 -> q135 [label = "c"];
	q110 -> q135 [label = "c"];
	q106 -> q100 [label = "a"];
	q72 -> q40 [label = "c"];
	q26 -> q49 [label = "a"];
	q86 -> q89 [label = "c"];
	q104 -> q103 [label = "b"];
	q10 -> q103 [label = "b"];
	q34 -> q46 [label = "a"];
	q149 -> q135 [label = "c"];
	q106 -> q141 [label = "b"];
	q104 -> q37 [label = "a"];
	q24 -> q103 [label = "b"];
	q101 -> q102 [label = "b"];
	q84 -> q55 [label = "a"];
	q75 -> q50 [label = "b"];
	q102 -> q101 [label = "a"];
	q109 -> q141 [label = "b"];
	q100 -> q97 [label = "b"];
	q97 -> q47 [label = "c"];
	q57 -> q48 [label = "a"];
	q103 -> q142 [label = "c"];
	q99 -> q46 [label = "a"];
	q73 -> q39 [label = "b"];
	q101 -> q37 [label = "a"];
	q102 -> q102 [label = "b"];
	q98 -> q132 [label = "a"];
	q40 -> q106 [label = "a"];
	q58 -> q71 [label = "a"];
	q35 -> q73 [label = "c"];
	q97 -> q103 [label = "b"];
	q81 -> q83 [label = "b"];
	q92 -> q132 [label = "a"];
	q102 -> q118 [label = "c"];
	q95 -> q141 [label = "b"];
	q100 -> q111 [label = "c"];
	q98 -> q97 [label = "b"];
	q95 -> q121 [label = "a"];
	q140 -> q39 [label = "b"];
	q92 -> q50 [label = "b"];
	q90 -> q124 [label = "c"];
	q89 -> q124 [label = "c"];
	q126 -> q46 [label = "a"];
	q89 -> q59 [label = "b"];
	q93 -> q5 [label = "c"];
	q120 -> q147 [label = "c"];
	q116 -> q56 [label = "b"];
	q39 -> q49 [label = "b"];
	q91 -> q100 [label = "b"];
	q0 -> q1 [label = "c"];
	q44 -> q118 [label = "c"];
	q27 -> q88 [label = "c"];
	q24 -> q14 [label = "c"];
	q94 -> q59 [label = "b"];
	q87 -> q30 [label = "b"];
	q79 -> q99 [label = "a"];
	q71 -> q44 [label = "b"];
	q59 -> q49 [label = "a"];
	q88 -> q90 [label = "c"];
	q94 -> q66 [label = "c"];
	q45 -> q48 [label = "a"];
	q140 -> q22 [label = "c"];
	q98 -> q43 [label = "c"];
	q90 -> q92 [label = "a"];
	q40 -> q103 [label = "b"];
	q92 -> q125 [label = "c"];
	q90 -> q59 [label = "b"];
	q36 -> q97 [label = "c"];
	q88 -> q133 [label = "a"];
	q44 -> q101 [label = "a"];
	q31 -> q59 [label = "b"];
	q138 -> q34 [label = "c"];
	q47 -> q103 [label = "b"];
	q39 -> q120 [label = "c"];
	q41 -> q105 [label = "b"];
	q28 -> q59 [label = "b"];
	q85 -> q4 [label = "c"];
	q42 -> q98 [label = "a"];
	q43 -> q57 [label = "b"];
	q9 -> q148 [label = "c"];
	q46 -> q50 [label = "b"];
	q64 -> q60 [label = "a"];
	q39 -> q48 [label = "a"];
	q105 -> q51 [label = "c"];
	q36 -> q103 [label = "b"];
	q131 -> q56 [label = "b"];
	q34 -> q108 [label = "c"];
	q37 -> q37 [label = "a"];
	q93 -> q77 [label = "a"];
	q31 -> q99 [label = "a"];
	q61 -> q95 [label = "a"];
	q56 -> q47 [label = "c"];
	q33 -> q49 [label = "b"];
	q130 -> q137 [label = "c"];
	q33 -> q77 [label = "a"];
	q6 -> q96 [label = "a"];
	q94 -> q126 [label = "a"];
	q27 -> q59 [label = "b"];
	q65 -> q63 [label = "b"];
	q62 -> q52 [label = "c"];
	q32 -> q107 [label = "c"];
	q17 -> q145 [label = "c"];
	q118 -> q56 [label = "b"];
	q32 -> q103 [label = "b"];
	q69 -> q80 [label = "a"];
	q1 -> q56 [label = "b"];
	q34 -> q103 [label = "b"];
	q10 -> q132 [label = "a"];
	q114 -> q130 [label = "c"];
	q29 -> q56 [label = "b"];
	q115 -> q37 [label = "a"];
	q26 -> q34 [label = "c"];
	q25 -> q14 [label = "c"];
	q32 -> q109 [label = "a"];
	q25 -> q103 [label = "b"];
	q25 -> q115 [label = "a"];
	q142 -> q103 [label = "b"];
	q30 -> q49 [label = "b"];
	q28 -> q0 [label = "a"];
	q28 -> q79 [label = "c"];
}
DFA size: 153 states

NL* output after 19 EQ and 15122 MQ:
digraph finite_state_machine {
	rankdir=LR;
	node [shape = circle];
	s0 [shape = point, style = invis, start="true" ];
	q0 [label = "q0", shape = doublecircle, final="true" ];
	q1 [label = "q1", shape = doublecircle, final="true" ];
	q2 [label = "q2", shape = doublecircle, final="true" ];
	q3 [label = "q3", shape = doublecircle, final="true" ];
	q4 [label = "q4", shape = doublecircle, final="true" ];
	q5 [label = "q5", shape = doublecircle, final="true" ];
	q6 [label = "q6"];
	q7 [label = "q7", shape = doublecircle, final="true" ];
	q8 [label = "q8", shape = doublecircle, final="true" ];
	q9 [label = "q9"];
	q10 [label = "q10", shape = doublecircle, final="true" ];
	q11 [label = "q11"];
	q12 [label = "q12", shape = doublecircle, final="true" ];
	q13 [label = "q13"];
	q14 [label = "q14", shape = doublecircle, final="true" ];
	q15 [label = "q15", shape = doublecircle, final="true" ];
	q16 [label = "q16", shape = doublecircle, final="true" ];
	q17 [label = "q17", shape = doublecircle, final="true" ];
	q18 [label = "q18"];
	q19 [label = "q19", shape = doublecircle, final="true" ];
	q20 [label = "q20", shape = doublecircle, final="true" ];
	q21 [label = "q21"];
	q22 [label = "q22"];
	q23 [label = "q23"];
	q24 [label = "q24", shape = doublecircle, final="true" ];
	q25 [label = "q25", shape = doublecircle, final="true" ];
	q26 [label = "q26", shape = doublecircle, final="true" ];
	q27 [label = "q27", shape = doublecircle, final="true" ];
	q28 [label = "q28"];
	q29 [label = "q29", shape = doublecircle, final="true" ];
	q30 [label = "q30", shape = doublecircle, final="true" ];
	q31 [label = "q31", shape = doublecircle, final="true" ];
	q32 [label = "q32", shape = doublecircle, final="true" ];
	q33 [label = "q33", shape = doublecircle, final="true" ];
	q34 [label = "q34"];
	q35 [label = "q35", shape = doublecircle, final="true" ];
	q36 [label = "q36"];
	q37 [label = "q37", shape = doublecircle, final="true" ];
	q38 [label = "q38", shape = doublecircle, final="true" ];
	q39 [label = "q39", shape = doublecircle, final="true" ];
	q40 [label = "q40", shape = doublecircle, final="true" ];
	q41 [label = "q41"];
	q42 [label = "q42", shape = doublecircle, final="true" ];
	q43 [label = "q43", shape = doublecircle, final="true" ];
	q44 [label = "q44", shape = doublecircle, final="true" ];
	q45 [label = "q45", shape = doublecircle, final="true" ];
	q46 [label = "q46"];
	q47 [label = "q47", shape = doublecircle, final="true" ];
	s0 -> q17
	q45 -> q41 [label = "a"];
	q45 -> q36 [label = "a"];
	q45 -> q29 [label = "a"];
	q45 -> q28 [label = "a"];
	q45 -> q27 [label = "a"];
	q45 -> q21 [label = "a"];
	q45 -> q9 [label = "a"];
	q45 -> q6 [label = "a"];
	q45 -> q3 [label = "a"];
	q47 -> q46 [label = "b"];
	q47 -> q19 [label = "b"];
	q41 -> q41 [label = "b"];
	q41 -> q36 [label = "b, c"];
	q41 -> q34 [label = "b"];
	q41 -> q30 [label = "b, c"];
	q41 -> q23 [label = "b, c"];
	q41 -> q20 [label = "b"];
	q41 -> q19 [label = "b"];
	q41 -> q7 [label = "b"];
	q43 -> q38 [label = "a"];
	q43 -> q31 [label = "a"];
	q43 -> q29 [label = "a"];
	q43 -> q21 [label = "a"];
	q43 -> q8 [label = "a"];
	q47 -> q41 [label = "b, c"];
	q47 -> q28 [label = "c"];
	q47 -> q23 [label = "b, c"];
	q47 -> q9 [label = "b, c"];
	q41 -> q16 [label = "a, b"];
	q41 -> q5 [label = "a, b"];
	q43 -> q46 [label = "a, b"];
	q41 -> q9 [label = "b, c"];
	q43 -> q43 [label = "a, b"];
	q43 -> q33 [label = "a, b"];
	q45 -> q39 [label = "a"];
	q43 -> q23 [label = "a, b"];
	q43 -> q20 [label = "b"];
	q43 -> q19 [label = "b"];
	q43 -> q14 [label = "b"];
	q43 -> q11 [label = "a, b"];
	q43 -> q9 [label = "a, b"];
	q45 -> q26 [label = "a, c"];
	q45 -> q25 [label = "a, c"];
	q45 -> q18 [label = "a, c"];
	q45 -> q17 [label = "a, c"];
	q45 -> q47 [label = "a"];
	q45 -> q13 [label = "a, c"];
	q45 -> q2 [label = "a, c"];
	q44 -> q35 [label = "a"];
	q46 -> q40 [label = "b"];
	q46 -> q34 [label = "b"];
	q46 -> q20 [label = "b"];
	q46 -> q14 [label = "b"];
	q42 -> q40 [label = "a"];
	q42 -> q35 [label = "a"];
	q42 -> q27 [label = "a"];
	q42 -> q12 [label = "a"];
	q40 -> q46 [label = "b, c"];
	q40 -> q23 [label = "b, c"];
	q40 -> q22 [label = "b"];
	q43 -> q24 [label = "a, b"];
	q40 -> q6 [label = "b"];
	q40 -> q0 [label = "b"];
	q46 -> q36 [label = "b, c"];
	q46 -> q30 [label = "b, c"];
	q46 -> q23 [label = "b, c"];
	q46 -> q11 [label = "b, c"];
	q40 -> q24 [label = "a"];
	q40 -> q16 [label = "a"];
	q40 -> q12 [label = "a"];
	q40 -> q10 [label = "a"];
	q42 -> q44 [label = "a, b"];
	q42 -> q43 [label = "a, b"];
	q42 -> q38 [label = "a, b"];
	q42 -> q36 [label = "a, b"];
	q42 -> q33 [label = "a, b"];
	q42 -> q31 [label = "a, b"];
	q42 -> q24 [label = "a, b"];
	q42 -> q22 [label = "a, b"];
	q42 -> q0 [label = "a, b"];
	q39 -> q45 [label = "a"];
	q39 -> q37 [label = "a"];
	q39 -> q24 [label = "a"];
	q39 -> q16 [label = "a"];
	q39 -> q15 [label = "a"];
	q42 -> q20 [label = "a"];
	q39 -> q12 [label = "a"];
	q39 -> q4 [label = "a"];
	q35 -> q39 [label = "c"];
	q45 -> q46 [label = "a"];
	q35 -> q23 [label = "c"];
	q46 -> q46 [label = "b"];
	q35 -> q11 [label = "c"];
	q35 -> q6 [label = "c"];
	q38 -> q47 [label = "a"];
	q38 -> q43 [label = "a"];
	q38 -> q38 [label = "a"];
	q38 -> q33 [label = "a"];
	q38 -> q21 [label = "a"];
	q38 -> q10 [label = "a"];
	q36 -> q43 [label = "b"];
	q36 -> q42 [label = "b"];
	q36 -> q41 [label = "b"];
	q36 -> q40 [label = "b"];
	q36 -> q34 [label = "b"];
	q36 -> q19 [label = "b"];
	q36 -> q14 [label = "b"];
	q36 -> q7 [label = "b"];
	q39 -> q20 [label = "a, b"];
	q39 -> q14 [label = "b"];
	q37 -> q40 [label = "a"];
	q37 -> q38 [label = "a"];
	q35 -> q34 [label = "c"];
	q37 -> q24 [label = "a"];
	q37 -> q20 [label = "a, b"];
	q35 -> q41 [label = "c"];
	q37 -> q16 [label = "a, b"];
	q46 -> q33 [label = "b"];
	q37 -> q14 [label = "a, b"];
	q33 -> q4 [label = "c"];
	q39 -> q36 [label = "b, c"];
	q39 -> q34 [label = "b, c"];
	q39 -> q23 [label = "b, c"];
	q39 -> q9 [label = "b, c"];
	q35 -> q37 [label = "a"];
	q35 -> q35 [label = "a"];
	q35 -> q17 [label = "a"];
	q35 -> q15 [label = "a"];
	q35 -> q10 [label = "a"];
	q35 -> q4 [label = "a"];
	q33 -> q7 [label = "b"];
	q37 -> q47 [label = "a, c"];
	q37 -> q41 [label = "a, c"];
	q38 -> q45 [label = "a"];
	q37 -> q39 [label = "a, c"];
	q37 -> q34 [label = "a, c"];
	q37 -> q30 [label = "a, c"];
	q37 -> q25 [label = "a, c"];
	q37 -> q23 [label = "a, c"];
	q37 -> q17 [label = "a, c"];
	q37 -> q6 [label = "a, c"];
	q35 -> q22 [label = "b"];
	q35 -> q19 [label = "b"];
	q35 -> q7 [label = "b"];
	q33 -> q46 [label = "a"];
	q33 -> q44 [label = "a"];
	q33 -> q41 [label = "a"];
	q33 -> q40 [label = "a"];
	q33 -> q34 [label = "a"];
	q33 -> q31 [label = "a"];
	q33 -> q30 [label = "a"];
	q45 -> q30 [label = "a"];
	q33 -> q29 [label = "a"];
	q33 -> q27 [label = "a"];
	q39 -> q11 [label = "b, c"];
	q33 -> q20 [label = "a, b"];
	q45 -> q31 [label = "a"];
	q33 -> q19 [label = "a, b"];
	q33 -> q11 [label = "a"];
	q35 -> q42 [label = "b"];
	q33 -> q9 [label = "a"];
	q33 -> q8 [label = "a"];
	q33 -> q6 [label = "a"];
	q33 -> q0 [label = "a"];
	q38 -> q19 [label = "b"];
	q38 -> q16 [label = "a, b"];
	q38 -> q14 [label = "b"];
	q39 -> q40 [label = "b"];
	q38 -> q12 [label = "b"];
	q45 -> q40 [label = "a"];
	q36 -> q24 [label = "a, b"];
	q36 -> q16 [label = "a, b"];
	q36 -> q5 [label = "a, b"];
	q32 -> q33 [label = "c"];
	q32 -> q5 [label = "c"];
	q38 -> q44 [label = "a, c"];
	q38 -> q41 [label = "a, c"];
	q41 -> q12 [label = "b"];
	q38 -> q34 [label = "a, c"];
	q38 -> q30 [label = "a, c"];
	q38 -> q25 [label = "a, c"];
	q38 -> q17 [label = "a, c"];
	q38 -> q15 [label = "a, c"];
	q39 -> q5 [label = "a"];
	q38 -> q11 [label = "a, c"];
	q45 -> q11 [label = "a"];
	q38 -> q6 [label = "a, c"];
	q37 -> q29 [label = "a, c"];
	q38 -> q3 [label = "a, c"];
	q34 -> q38 [label = "a"];
	q41 -> q46 [label = "b, c"];
	q32 -> q19 [label = "b"];
	q32 -> q16 [label = "b, c"];
	q32 -> q14 [label = "b"];
	q32 -> q7 [label = "b"];
	q33 -> q15 [label = "c"];
	q36 -> q23 [label = "b, c"];
	q34 -> q46 [label = "b, c"];
	q34 -> q43 [label = "b"];
	q37 -> q11 [label = "a, c"];
	q37 -> q9 [label = "a, c"];
	q34 -> q42 [label = "b"];
	q34 -> q41 [label = "b"];
	q34 -> q40 [label = "b"];
	q38 -> q8 [label = "a"];
	q34 -> q34 [label = "b"];
	q34 -> q33 [label = "a, b"];
	q37 -> q33 [label = "a"];
	q38 -> q23 [label = "a, c"];
	q34 -> q24 [label = "a, b"];
	q37 -> q0 [label = "a"];
	q35 -> q8 [label = "b"];
	q34 -> q20 [label = "a, b"];
	q34 -> q19 [label = "b"];
	q44 -> q38 [label = "a"];
	q36 -> q46 [label = "b"];
	q34 -> q16 [label = "a, b"];
	q34 -> q14 [label = "b"];
	q34 -> q11 [label = "b, c"];
	q42 -> q34 [label = "a, b"];
	q34 -> q10 [label = "a, b"];
	q34 -> q7 [label = "b"];
	q32 -> q27 [label = "a"];
	q32 -> q20 [label = "a, b"];
	q42 -> q46 [label = "a, b"];
	q32 -> q12 [label = "a, b"];
	q31 -> q45 [label = "a"];
	q31 -> q10 [label = "a"];
	q31 -> q5 [label = "a"];
	q31 -> q4 [label = "a"];
	q29 -> q40 [label = "b"];
	q29 -> q14 [label = "b"];
	q45 -> q23 [label = "a"];
	q30 -> q38 [label = "a"];
	q33 -> q12 [label = "a, b"];
	q26 -> q33 [label = "c"];
	q26 -> q10 [label = "c"];
	q26 -> q5 [label = "c"];
	q31 -> q40 [label = "b"];
	q31 -> q20 [label = "b"];
	q43 -> q0 [label = "a"];
	q46 -> q19 [label = "b"];
	q33 -> q17 [label = "c"];
	q31 -> q18 [label = "b"];
	q29 -> q37 [label = "a"];
	q29 -> q35 [label = "a"];
	q29 -> q33 [label = "a"];
	q29 -> q27 [label = "a"];
	q37 -> q12 [label = "a, b"];
	q29 -> q24 [label = "a"];
	q30 -> q37 [label = "a"];
	q29 -> q20 [label = "a, b"];
	q29 -> q17 [label = "a"];
	q29 -> q15 [label = "a"];
	q35 -> q45 [label = "a"];
	q29 -> q10 [label = "a"];
	q31 -> q15 [label = "a"];
	q31 -> q41 [label = "c"];
	q27 -> q23 [label = "c"];
	q31 -> q36 [label = "c"];
	q31 -> q34 [label = "c"];
	q27 -> q38 [label = "a"];
	q27 -> q33 [label = "a"];
	q40 -> q14 [label = "b"];
	q27 -> q25 [label = "a"];
	q38 -> q42 [label = "b"];
	q27 -> q24 [label = "a"];
	q27 -> q17 [label = "a"];
	q27 -> q5 [label = "a"];
	q37 -> q3 [label = "a, c"];
	q27 -> q4 [label = "a"];
	q25 -> q19 [label = "b"];
	q25 -> q7 [label = "b"];
	q29 -> q36 [label = "b, c"];
	q33 -> q22 [label = "a"];
	q31 -> q6 [label = "c"];
	q29 -> q34 [label = "b, c"];
	q36 -> q10 [label = "a, b"];
	q29 -> q23 [label = "b, c"];
	q27 -> q22 [label = "b"];
	q40 -> q9 [label = "b, c"];
	q46 -> q6 [label = "c"];
	q27 -> q16 [label = "a, b"];
	q27 -> q8 [label = "b"];
	q3 -> q35 [label = "a"];
	q3 -> q27 [label = "a"];
	q47 -> q26 [label = "a"];
	q31 -> q28 [label = "b"];
	q12 -> q12 [label = "a"];
	q3 -> q17 [label = "a"];
	q41 -> q40 [label = "b"];
	q3 -> q12 [label = "a, b"];
	q19 -> q21 [label = "b"];
	q27 -> q15 [label = "a"];
	q0 -> q30 [label = "b, c"];
	q5 -> q36 [label = "a"];
	q26 -> q27 [label = "a"];
	q7 -> q7 [label = "b"];
	q37 -> q21 [label = "a"];
	q29 -> q11 [label = "b, c"];
	q21 -> q5 [label = "a"];
	q4 -> q26 [label = "a, c"];
	q5 -> q31 [label = "a"];
	q35 -> q5 [label = "a"];
	q14 -> q24 [label = "a"];
	q41 -> q10 [label = "a, b"];
	q38 -> q39 [label = "a"];
	q0 -> q46 [label = "b, c"];
	q16 -> q22 [label = "a"];
	q5 -> q41 [label = "a"];
	q21 -> q13 [label = "b"];
	q21 -> q40 [label = "b"];
	q7 -> q46 [label = "b"];
	q39 -> q6 [label = "c"];
	q32 -> q10 [label = "c"];
	q0 -> q31 [label = "c"];
	q31 -> q16 [label = "a"];
	q43 -> q4 [label = "c"];
	q6 -> q19 [label = "b"];
	q14 -> q23 [label = "b, c"];
	q13 -> q14 [label = "b"];
	q7 -> q16 [label = "b"];
	q21 -> q25 [label = "a"];
	q33 -> q16 [label = "b"];
	q5 -> q6 [label = "a"];
	q31 -> q9 [label = "b, c"];
	q21 -> q12 [label = "a"];
	q37 -> q44 [label = "a, c"];
	q35 -> q20 [label = "a, b"];
	q3 -> q10 [label = "a, b"];
	q9 -> q20 [label = "b"];
	q7 -> q43 [label = "b"];
	q3 -> q20 [label = "a, b"];
	q38 -> q9 [label = "a, c"];
	q1 -> q25 [label = "a, c"];
	q37 -> q35 [label = "a"];
	q1 -> q16 [label = "b, c"];
	q45 -> q34 [label = "a"];
	q40 -> q11 [label = "b, c"];
	q34 -> q23 [label = "b, c"];
	q9 -> q40 [label = "b"];
	q38 -> q37 [label = "a"];
	q1 -> q15 [label = "a, c"];
	q30 -> q36 [label = "b, c"];
	q41 -> q14 [label = "b"];
	q46 -> q12 [label = "b"];
	q39 -> q35 [label = "a"];
	q38 -> q20 [label = "b"];
	q1 -> q4 [label = "a, c"];
	q4 -> q20 [label = "a, b"];
	q4 -> q16 [label = "b"];
	q5 -> q16 [label = "b"];
	q25 -> q16 [label = "b"];
	q4 -> q14 [label = "b"];
	q4 -> q12 [label = "b"];
	q1 -> q46 [label = "a"];
	q4 -> q7 [label = "b"];
	q43 -> q39 [label = "a"];
	q46 -> q42 [label = "b"];
	q3 -> q37 [label = "a"];
	q1 -> q17 [label = "a, c"];
	q47 -> q16 [label = "a"];
	q5 -> q21 [label = "a"];
	q6 -> q5 [label = "a"];
	q7 -> q23 [label = "a, b, c"];
	q7 -> q22 [label = "a"];
	q30 -> q46 [label = "b"];
	q5 -> q14 [label = "b"];
	q13 -> q10 [label = "c"];
	q5 -> q7 [label = "b"];
	q3 -> q28 [label = "c"];
	q42 -> q19 [label = "a"];
	q5 -> q12 [label = "b"];
	q15 -> q19 [label = "b"];
	q15 -> q14 [label = "b"];
	q1 -> q7 [label = "b"];
	q10 -> q17 [label = "c"];
	q42 -> q39 [label = "a, b"];
	q44 -> q9 [label = "b, c"];
	q35 -> q33 [label = "a"];
	q19 -> q23 [label = "b, c"];
	q7 -> q36 [label = "b"];
	q2 -> q18 [label = "a, c"];
	q45 -> q22 [label = "a"];
	q12 -> q16 [label = "a, b"];
	q5 -> q23 [label = "a"];
	q0 -> q9 [label = "b, c"];
	q35 -> q27 [label = "a, b"];
	q3 -> q33 [label = "a, b"];
	q21 -> q9 [label = "b, c"];
	q15 -> q18 [label = "a, c"];
	q12 -> q7 [label = "b"];
	q7 -> q44 [label = "b"];
	q38 -> q22 [label = "a"];
	q14 -> q33 [label = "a"];
	q11 -> q19 [label = "b"];
	q34 -> q36 [label = "b, c"];
	q21 -> q15 [label = "a"];
	q3 -> q1 [label = "a"];
	q45 -> q8 [label = "a"];
	q1 -> q39 [label = "a"];
	q14 -> q16 [label = "a"];
	q30 -> q34 [label = "b"];
	q14 -> q10 [label = "a"];
	q7 -> q41 [label = "b"];
	q13 -> q20 [label = "a, b"];
	q0 -> q28 [label = "b"];
	q2 -> q33 [label = "c"];
	q0 -> q44 [label = "b"];
	q12 -> q8 [label = "b"];
	q11 -> q36 [label = "c"];
	q13 -> q19 [label = "b"];
	q13 -> q12 [label = "a, b"];
	q46 -> q41 [label = "b"];
	q31 -> q23 [label = "b, c"];
	q30 -> q7 [label = "b"];
	q6 -> q36 [label = "b, c"];
	q44 -> q42 [label = "b"];
	q44 -> q16 [label = "a, b"];
	q42 -> q14 [label = "a"];
	q24 -> q22 [label = "a"];
	q41 -> q38 [label = "a"];
	q30 -> q24 [label = "a, b"];
	q9 -> q14 [label = "b"];
	q2 -> q13 [label = "a, c"];
	q11 -> q23 [label = "b, c"];
	q47 -> q40 [label = "b"];
	q8 -> q35 [label = "a"];
	q5 -> q11 [label = "a"];
	q11 -> q16 [label = "a"];
	q16 -> q7 [label = "b"];
	q44 -> q41 [label = "b"];
	q5 -> q30 [label = "a"];
	q19 -> q10 [label = "a"];
	q44 -> q44 [label = "b, c"];
	q41 -> q42 [label = "b"];
	q44 -> q14 [label = "b"];
	q42 -> q42 [label = "a"];
	q1 -> q5 [label = "c"];
	q8 -> q10 [label = "a, b"];
	q44 -> q11 [label = "b, c"];
	q34 -> q5 [label = "a, b"];
	q3 -> q25 [label = "a"];
	q44 -> q37 [label = "a"];
	q1 -> q0 [label = "a"];
	q15 -> q25 [label = "a"];
	q25 -> q25 [label = "a"];
	q12 -> q22 [label = "b"];
	q17 -> q20 [label = "b"];
	q46 -> q43 [label = "b"];
	q1 -> q12 [label = "a, b"];
	q5 -> q8 [label = "a"];
	q3 -> q24 [label = "a, b"];
	q2 -> q12 [label = "a, b"];
	q44 -> q7 [label = "b"];
	q37 -> q22 [label = "a"];
	q42 -> q15 [label = "c"];
	q43 -> q44 [label = "a, b"];
	q47 -> q24 [label = "a"];
	q29 -> q41 [label = "b, c"];
	q6 -> q34 [label = "b"];
	q11 -> q10 [label = "a"];
	q21 -> q33 [label = "a"];
	q18 -> q16 [label = "b, c"];
	q24 -> q20 [label = "b"];
	q38 -> q4 [label = "a, c"];
	q23 -> q40 [label = "b"];
	q46 -> q5 [label = "a, b"];
	q44 -> q12 [label = "a, b"];
	q42 -> q21 [label = "a, b"];
	q9 -> q36 [label = "b, c"];
	q9 -> q30 [label = "b, c"];
	q45 -> q20 [label = "a, b"];
	q47 -> q17 [label = "a"];
	q45 -> q15 [label = "a, c"];
	q44 -> q34 [label = "b"];
	q46 -> q16 [label = "a, b"];
	q6 -> q10 [label = "a"];
	q29 -> q25 [label = "a"];
	q3 -> q45 [label = "a"];
	q7 -> q5 [label = "b"];
	q1 -> q20 [label = "a, b"];
	q46 -> q10 [label = "a, b"];
	q2 -> q26 [label = "a, c"];
	q43 -> q25 [label = "c"];
	q43 -> q16 [label = "a, b"];
	q42 -> q11 [label = "a, b, c"];
	q2 -> q2 [label = "a"];
	q29 -> q12 [label = "a"];
	q27 -> q20 [label = "a"];
	q30 -> q14 [label = "b"];
	q20 -> q16 [label = "a"];
	q45 -> q35 [label = "a"];
	q47 -> q13 [label = "a, c"];
	q21 -> q34 [label = "b"];
	q3 -> q5 [label = "a, b"];
	q42 -> q29 [label = "a, b, c"];
	q45 -> q44 [label = "a"];
	q7 -> q9 [label = "b"];
	q36 -> q9 [label = "b, c"];
	q29 -> q5 [label = "a"];
	q19 -> q24 [label = "a"];
	q47 -> q5 [label = "a"];
	q5 -> q0 [label = "a"];
	q47 -> q34 [label = "b, c"];
	q2 -> q1 [label = "c"];
	q8 -> q23 [label = "b, c"];
	q35 -> q44 [label = "c"];
	q23 -> q16 [label = "a"];
	q19 -> q22 [label = "b"];
	q1 -> q8 [label = "a"];
	q29 -> q4 [label = "a"];
	q5 -> q20 [label = "b"];
	q15 -> q32 [label = "a"];
	q0 -> q43 [label = "b"];
	q8 -> q9 [label = "b"];
	q37 -> q19 [label = "a, b"];
	q33 -> q23 [label = "a"];
	q9 -> q33 [label = "b"];
	q44 -> q5 [label = "a, b"];
	q43 -> q41 [label = "a"];
	q7 -> q17 [label = "c"];
	q45 -> q14 [label = "a, b"];
	q24 -> q9 [label = "c"];
	q30 -> q43 [label = "b"];
	q44 -> q24 [label = "a, b"];
	q5 -> q17 [label = "c"];
	q44 -> q36 [label = "b, c"];
	q14 -> q34 [label = "b"];
	q42 -> q47 [label = "c"];
	q8 -> q22 [label = "c"];
	q20 -> q23 [label = "c"];
	q47 -> q45 [label = "a"];
	q21 -> q24 [label = "a"];
	q45 -> q0 [label = "a"];
	q47 -> q32 [label = "a"];
	q43 -> q3 [label = "c"];
	q14 -> q20 [label = "a"];
	q47 -> q33 [label = "a"];
	q45 -> q7 [label = "b"];
	q47 -> q27 [label = "a"];
	q9 -> q9 [label = "b, c"];
	q23 -> q20 [label = "b"];
	q1 -> q10 [label = "c"];
	q30 -> q19 [label = "b"];
	q17 -> q18 [label = "a, c"];
	q15 -> q17 [label = "a"];
	q47 -> q36 [label = "b, c"];
	q40 -> q19 [label = "b"];
	q7 -> q33 [label = "b"];
	q47 -> q35 [label = "a"];
	q31 -> q46 [label = "c"];
	q22 -> q22 [label = "c"];
	q15 -> q15 [label = "a"];
	q5 -> q39 [label = "a"];
	q14 -> q21 [label = "b"];
	q44 -> q30 [label = "b, c"];
	q34 -> q12 [label = "a, b"];
	q30 -> q41 [label = "b"];
	q25 -> q26 [label = "a, c"];
	q45 -> q16 [label = "b"];
	q35 -> q25 [label = "a"];
	q9 -> q7 [label = "b"];
	q46 -> q38 [label = "a"];
	q47 -> q38 [label = "a"];
	q36 -> q36 [label = "b, c"];
	q12 -> q29 [label = "c"];
	q43 -> q7 [label = "a, b"];
	q39 -> q17 [label = "a"];
	q9 -> q19 [label = "b"];
	q44 -> q46 [label = "b"];
	q8 -> q24 [label = "a, b"];
	q47 -> q14 [label = "b"];
	q42 -> q6 [label = "a, b, c"];
	q42 -> q30 [label = "a, b"];
	q42 -> q17 [label = "c"];
	q42 -> q23 [label = "a, b, c"];
	q10 -> q4 [label = "c"];
	q17 -> q17 [label = "a"];
	q40 -> q21 [label = "b"];
	q37 -> q4 [label = "a, c"];
	q31 -> q11 [label = "b, c"];
	q5 -> q9 [label = "a"];
	q8 -> q29 [label = "c"];
	q38 -> q46 [label = "a"];
	q3 -> q16 [label = "a, b"];
	q3 -> q26 [label = "a, c"];
	q35 -> q29 [label = "c"];
	q37 -> q8 [label = "a"];
	q9 -> q16 [label = "a, b"];
	q15 -> q20 [label = "a, b"];
	q46 -> q7 [label = "b"];
	q22 -> q18 [label = "b"];
	q42 -> q5 [label = "a, b"];
	q14 -> q12 [label = "a"];
	q40 -> q41 [label = "b"];
	q33 -> q25 [label = "c"];
	q21 -> q38 [label = "a"];
	q10 -> q7 [label = "b"];
	q10 -> q15 [label = "c"];
	q47 -> q4 [label = "a"];
	q9 -> q44 [label = "b"];
	q11 -> q9 [label = "b, c"];
	q35 -> q24 [label = "a"];
	q25 -> q14 [label = "b"];
	q47 -> q12 [label = "a"];
	q20 -> q22 [label = "b"];
	q0 -> q18 [label = "b"];
	q47 -> q1 [label = "a"];
	q22 -> q17 [label = "a"];
	q25 -> q12 [label = "a, b"];
	q21 -> q4 [label = "a"];
	q6 -> q41 [label = "b, c"];
	q10 -> q20 [label = "b"];
	q24 -> q12 [label = "b"];
	q27 -> q37 [label = "a"];
	q21 -> q36 [label = "b, c"];
	q21 -> q10 [label = "a"];
	q13 -> q16 [label = "b, c"];
	q29 -> q9 [label = "b, c"];
	q0 -> q24 [label = "a, b"];
	q47 -> q2 [label = "a"];
	q21 -> q11 [label = "b, c"];
	q21 -> q17 [label = "a"];
	q30 -> q5 [label = "a, b"];
	q21 -> q20 [label = "a, b"];
	q33 -> q14 [label = "a, b"];
	q8 -> q39 [label = "c"];
	q47 -> q18 [label = "a, c"];
	q42 -> q37 [label = "a, b"];
	q19 -> q20 [label = "a"];
	q46 -> q24 [label = "a, b"];
	q27 -> q27 [label = "a"];
	q23 -> q11 [label = "b, c"];
	q43 -> q12 [label = "b"];
	q24 -> q19 [label = "b"];
	q21 -> q46 [label = "b, c"];
	q26 -> q7 [label = "b"];
	q5 -> q44 [label = "a"];
	q30 -> q10 [label = "a, b"];
	q23 -> q19 [label = "b"];
	q6 -> q24 [label = "a"];
	q30 -> q30 [label = "b, c"];
	q3 -> q9 [label = "b"];
	q47 -> q20 [label = "a, b"];
	q8 -> q32 [label = "b"];
	q41 -> q11 [label = "b, c"];
	q45 -> q12 [label = "a, b"];
	q28 -> q20 [label = "a, b"];
	q44 -> q19 [label = "b"];
	q7 -> q34 [label = "b"];
	q42 -> q41 [label = "a, b"];
	q38 -> q7 [label = "a, b"];
	q2 -> q16 [label = "b, c"];
	q9 -> q23 [label = "b, c"];
	q29 -> q19 [label = "b"];
	q22 -> q23 [label = "c"];
	q39 -> q33 [label = "a"];
	q24 -> q42 [label = "b"];
	q14 -> q38 [label = "a"];
	q45 -> q19 [label = "a, b"];
	q0 -> q12 [label = "a, b"];
	q9 -> q5 [label = "b"];
	q25 -> q35 [label = "a"];
	q44 -> q20 [label = "a, b"];
	q27 -> q29 [label = "c"];
	q6 -> q38 [label = "a"];
	q27 -> q10 [label = "a"];
	q24 -> q29 [label = "c"];
	q21 -> q6 [label = "c"];
	q21 -> q23 [label = "b, c"];
	q47 -> q15 [label = "a"];
	q43 -> q5 [label = "a, b"];
	q7 -> q15 [label = "c"];
	q43 -> q6 [label = "a"];
	q36 -> q33 [label = "b"];
	q16 -> q17 [label = "c"];
	q5 -> q46 [label = "a"];
	q41 -> q33 [label = "a, b"];
	q0 -> q41 [label = "b, c"];
	q14 -> q5 [label = "a"];
	q6 -> q16 [label = "a"];
	q17 -> q19 [label = "b"];
	q22 -> q11 [label = "c"];
	q41 -> q43 [label = "b"];
	q4 -> q4 [label = "a"];
	q43 -> q15 [label = "c"];
	q7 -> q10 [label = "b"];
	q16 -> q8 [label = "a"];
	q41 -> q44 [label = "b"];
	q15 -> q4 [label = "a"];
	q27 -> q45 [label = "a"];
	q44 -> q33 [label = "a, b"];
	q3 -> q38 [label = "a"];
	q35 -> q12 [label = "a, b"];
	q30 -> q9 [label = "b, c"];
	q39 -> q41 [label = "b, c"];
	q30 -> q23 [label = "b, c"];
	q1 -> q14 [label = "a, b"];
	q8 -> q26 [label = "b"];
	q43 -> q34 [label = "a"];
	q43 -> q30 [label = "a, b"];
	q36 -> q20 [label = "b"];
	q3 -> q15 [label = "a"];
	q4 -> q18 [label = "a, c"];
	q1 -> q19 [label = "a, b"];
	q9 -> q24 [label = "a, b"];
	q40 -> q20 [label = "a, b"];
	q3 -> q7 [label = "b"];
	q35 -> q9 [label = "c"];
	q3 -> q2 [label = "a"];
	q3 -> q11 [label = "b"];
	q39 -> q10 [label = "a"];
	q14 -> q46 [label = "b"];
	q16 -> q15 [label = "c"];
	q3 -> q14 [label = "b"];
	q9 -> q41 [label = "b"];
	q3 -> q19 [label = "b"];
	q3 -> q23 [label = "b"];
	q24 -> q36 [label = "c"];
	q29 -> q16 [label = "a"];
	q3 -> q30 [label = "b"];
	q37 -> q27 [label = "a"];
	q3 -> q36 [label = "b"];
	q3 -> q43 [label = "b"];
	q2 -> q17 [label = "a"];
	q3 -> q44 [label = "b"];
	q3 -> q46 [label = "b"];
	q1 -> q3 [label = "a"];
	q0 -> q20 [label = "a, b"];
	q1 -> q6 [label = "a"];
	q36 -> q12 [label = "b"];
	q31 -> q21 [label = "c"];
	q1 -> q9 [label = "a"];
	q1 -> q36 [label = "a"];
	q8 -> q27 [label = "a"];
	q38 -> q36 [label = "a, c"];
	q36 -> q11 [label = "b, c"];
	q31 -> q25 [label = "a"];
	q1 -> q21 [label = "a"];
	q37 -> q15 [label = "a, c"];
	q2 -> q35 [label = "a"];
	q1 -> q22 [label = "a"];
	q2 -> q19 [label = "b"];
	q1 -> q23 [label = "a"];
	q1 -> q27 [label = "a"];
	q35 -> q46 [label = "c"];
	q1 -> q29 [label = "a"];
	q1 -> q30 [label = "a"];
	q5 -> q29 [label = "a"];
	q17 -> q4 [label = "a"];
	q1 -> q31 [label = "a"];
	q39 -> q27 [label = "a"];
	q1 -> q34 [label = "a"];
	q34 -> q30 [label = "b, c"];
	q0 -> q19 [label = "b"];
	q6 -> q17 [label = "a"];
	q1 -> q40 [label = "a"];
	q1 -> q44 [label = "a"];
	q1 -> q47 [label = "a"];
	q5 -> q15 [label = "c"];
	q43 -> q17 [label = "c"];
	q8 -> q25 [label = "a"];
	q5 -> q25 [label = "c"];
	q0 -> q5 [label = "a, b"];
	q5 -> q22 [label = "a"];
	q30 -> q42 [label = "b"];
	q44 -> q40 [label = "b"];
	q4 -> q13 [label = "a, c"];
	q23 -> q9 [label = "c"];
	q4 -> q15 [label = "a"];
	q4 -> q17 [label = "a"];
	q47 -> q10 [label = "a"];
	q4 -> q25 [label = "a"];
	q43 -> q36 [label = "a, b"];
	q4 -> q32 [label = "a"];
	q47 -> q6 [label = "c"];
	q39 -> q25 [label = "a"];
	q31 -> q13 [label = "b"];
	q27 -> q35 [label = "a"];
	q0 -> q36 [label = "b, c"];
	q0 -> q32 [label = "b"];
	q36 -> q38 [label = "a"];
	q0 -> q11 [label = "b, c"];
	q37 -> q42 [label = "a, b"];
	q37 -> q37 [label = "a"];
	q0 -> q22 [label = "c"];
	q0 -> q23 [label = "b, c"];
	q22 -> q28 [label = "b"];
	q44 -> q23 [label = "b, c"];
	q6 -> q9 [label = "b, c"];
	q30 -> q20 [label = "b"];
	q43 -> q10 [label = "a, b"];
	q6 -> q14 [label = "b"];
	q27 -> q6 [label = "c"];
	q6 -> q20 [label = "b"];
	q34 -> q9 [label = "b, c"];
	q2 -> q5 [label = "c"];
	q6 -> q23 [label = "b, c"];
	q28 -> q33 [label = "b"];
	q25 -> q32 [label = "a, c"];
	q1 -> q33 [label = "c"];
	q6 -> q40 [label = "b"];
	q6 -> q46 [label = "b"];
	q40 -> q36 [label = "b, c"];
	q26 -> q12 [label = "a, b"];
	q2 -> q4 [label = "a"];
	q2 -> q15 [label = "a"];
	q38 -> q5 [label = "a"];
	q33 -> q39 [label = "a"];
	q0 -> q42 [label = "b"];
	q29 -> q38 [label = "a"];
	q3 -> q13 [label = "a, c"];
	q2 -> q20 [label = "a, b"];
	q35 -> q16 [label = "a, b"];
	q9 -> q10 [label = "a, b"];
	q2 -> q25 [label = "a"];
	q2 -> q27 [label = "a"];
	q46 -> q9 [label = "b, c"];
	q37 -> q10 [label = "a"];
	q7 -> q31 [label = "a"];
	q8 -> q37 [label = "a"];
	q0 -> q7 [label = "b"];
	q42 -> q7 [label = "a, b"];
	q21 -> q22 [label = "c"];
	q0 -> q10 [label = "a, b"];
	q2 -> q10 [label = "c"];
	q0 -> q25 [label = "a"];
	q38 -> q31 [label = "a"];
	q19 -> q12 [label = "a"];
	q0 -> q13 [label = "b"];
	q0 -> q14 [label = "b"];
	q0 -> q16 [label = "a, b"];
	q33 -> q36 [label = "a"];
	q38 -> q29 [label = "a, c"];
	q30 -> q40 [label = "b"];
	q21 -> q16 [label = "a"];
	q0 -> q34 [label = "b"];
	q36 -> q44 [label = "b"];
	q10 -> q8 [label = "a"];
	q9 -> q11 [label = "b, c"];
	q0 -> q40 [label = "b"];
	q2 -> q7 [label = "b"];
	q45 -> q32 [label = "a, c"];
	q1 -> q45 [label = "c"];
	q2 -> q14 [label = "b"];
	q37 -> q43 [label = "a"];
	q0 -> q4 [label = "a"];
	q3 -> q4 [label = "a"];
	q0 -> q6 [label = "c"];
	q0 -> q15 [label = "a"];
	q0 -> q38 [label = "a"];
	q12 -> q6 [label = "c"];
	q19 -> q16 [label = "a"];
	q12 -> q11 [label = "c"];
	q17 -> q15 [label = "a"];
	q0 -> q26 [label = "b"];
	q1 -> q11 [label = "a"];
	q12 -> q23 [label = "c"];
	q39 -> q38 [label = "a"];
	q4 -> q19 [label = "b"];
	q10 -> q12 [label = "b"];
	q30 -> q12 [label = "b"];
	q10 -> q14 [label = "b"];
	q39 -> q46 [label = "b, c"];
	q19 -> q11 [label = "b, c"];
	q10 -> q16 [label = "b"];
	q35 -> q38 [label = "a"];
	q24 -> q14 [label = "b"];
	q44 -> q27 [label = "a"];
	q37 -> q45 [label = "a"];
	q37 -> q7 [label = "a, b"];
	q10 -> q19 [label = "b"];
	q38 -> q24 [label = "a"];
	q37 -> q36 [label = "a, c"];
	q14 -> q11 [label = "b, c"];
	q8 -> q4 [label = "a"];
	q14 -> q22 [label = "b"];
	q8 -> q5 [label = "a, b"];
	q39 -> q19 [label = "b"];
	q15 -> q13 [label = "a, c"];
	q8 -> q12 [label = "a"];
	q8 -> q44 [label = "b"];
	q8 -> q15 [label = "a"];
	q8 -> q16 [label = "a, b"];
	q24 -> q4 [label = "c"];
	q33 -> q35 [label = "a"];
	q0 -> q17 [label = "a"];
	q8 -> q17 [label = "a"];
	q36 -> q30 [label = "b, c"];
	q47 -> q25 [label = "a"];
	q8 -> q20 [label = "a"];
	q8 -> q33 [label = "a, b"];
	q8 -> q38 [label = "a"];
	q13 -> q7 [label = "b"];
	q8 -> q45 [label = "a"];
	q43 -> q22 [label = "a"];
	q5 -> q34 [label = "a"];
	q3 -> q32 [label = "a, c"];
	q14 -> q6 [label = "b, c"];
	q42 -> q10 [label = "a, b"];
	q10 -> q22 [label = "a"];
	q35 -> q30 [label = "c"];
	q8 -> q7 [label = "b"];
	q8 -> q11 [label = "b, c"];
	q31 -> q19 [label = "b"];
	q24 -> q44 [label = "c"];
	q29 -> q45 [label = "a"];
	q3 -> q18 [label = "a, c"];
	q8 -> q13 [label = "b"];
	q24 -> q23 [label = "c"];
	q7 -> q30 [label = "b"];
	q8 -> q18 [label = "b"];
	q8 -> q28 [label = "b"];
	q34 -> q44 [label = "b"];
	q7 -> q29 [label = "c"];
	q8 -> q30 [label = "b"];
	q8 -> q34 [label = "b"];
	q40 -> q34 [label = "b"];
	q27 -> q12 [label = "a"];
	q8 -> q36 [label = "b"];
	q28 -> q12 [label = "a, b"];
	q8 -> q41 [label = "b"];
	q37 -> q46 [label = "a, c"];
	q1 -> q35 [label = "a"];
	q8 -> q43 [label = "b"];
	q47 -> q11 [label = "b, c"];
	q8 -> q46 [label = "b"];
	q14 -> q0 [label = "b"];
	q31 -> q17 [label = "a"];
	q14 -> q9 [label = "b"];
	q14 -> q36 [label = "b"];
	q14 -> q41 [label = "b"];
	q12 -> q20 [label = "a"];
	q42 -> q9 [label = "a, b"];
	q33 -> q21 [label = "a"];
	q8 -> q6 [label = "c"];
	q31 -> q33 [label = "a"];
	q8 -> q31 [label = "c"];
	q35 -> q36 [label = "c"];
	q6 -> q11 [label = "b, c"];
	q13 -> q5 [label = "c"];
	q11 -> q20 [label = "b"];
	q11 -> q40 [label = "b"];
	q45 -> q4 [label = "a, c"];
	q7 -> q11 [label = "a, b, c"];
	q9 -> q12 [label = "b"];
	q9 -> q34 [label = "b"];
	q9 -> q42 [label = "b"];
	q32 -> q35 [label = "a"];
	q9 -> q43 [label = "b"];
	q9 -> q46 [label = "b"];
	q21 -> q18 [label = "b"];
	q28 -> q43 [label = "c"];
	q38 -> q0 [label = "a"];
	q21 -> q19 [label = "b"];
	q41 -> q24 [label = "a, b"];
	q47 -> q37 [label = "a"];
	q21 -> q28 [label = "b"];
	q12 -> q27 [label = "a"];
	q21 -> q41 [label = "b"];
	q24 -> q7 [label = "a, b"];
	q21 -> q14 [label = "b"];
	q8 -> q21 [label = "c"];
	q24 -> q8 [label = "a"];
	q20 -> q20 [label = "a"];
	q23 -> q10 [label = "a"];
	q26 -> q14 [label = "b"];
	q7 -> q24 [label = "b"];
	q1 -> q41 [label = "a"];
	q26 -> q16 [label = "b, c"];
	q26 -> q19 [label = "b"];
	q42 -> q8 [label = "a, b"];
	q35 -> q14 [label = "b"];
	q26 -> q20 [label = "a, b"];
	q28 -> q5 [label = "b, c"];
	q29 -> q46 [label = "b"];
	q11 -> q11 [label = "b, c"];
	q28 -> q10 [label = "a, b, c"];
	q27 -> q39 [label = "c"];
	q27 -> q11 [label = "c"];
	q15 -> q26 [label = "a"];
	q28 -> q16 [label = "a, b, c"];
	q37 -> q5 [label = "a"];
	q30 -> q11 [label = "b, c"];
	q40 -> q40 [label = "b"];
	q30 -> q44 [label = "b, c"];
	q24 -> q3 [label = "c"];
	q24 -> q6 [label = "c"];
	q5 -> q4 [label = "c"];
	q24 -> q11 [label = "c"];
	q43 -> q37 [label = "a"];
	q24 -> q15 [label = "c"];
	q24 -> q17 [label = "c"];
	q31 -> q22 [label = "c"];
	q2 -> q32 [label = "a, c"];
	q24 -> q25 [label = "c"];
	q24 -> q30 [label = "c"];
	q18 -> q20 [label = "a, b"];
	q0 -> q33 [label = "a, b"];
	q28 -> q24 [label = "a, b"];
	q5 -> q19 [label = "b"];
	q30 -> q16 [label = "a, b"];
	q42 -> q16 [label = "a, b"];
	q25 -> q15 [label = "a"];
	q30 -> q33 [label = "a, b"];
	q25 -> q2 [label = "a"];
	q25 -> q4 [label = "a"];
	q7 -> q6 [label = "c"];
	q25 -> q13 [label = "a, c"];
	q46 -> q44 [label = "b"];
	q25 -> q17 [label = "a"];
	q37 -> q31 [label = "a"];
	q44 -> q10 [label = "a, b"];
	q25 -> q18 [label = "a, c"];
	q24 -> q16 [label = "a, b"];
	q44 -> q43 [label = "b"];
	q25 -> q20 [label = "a, b"];
	q25 -> q27 [label = "a"];
	q23 -> q23 [label = "b, c"];
	q27 -> q7 [label = "b"];
}
NFA size: 48 states

AL* output after 20 EQ and 2669 MQ:
digraph finite_state_machine {
	rankdir=LR;
	node [shape = circle];
	s0 [shape = point, style = invis, start="true" ];
	q0 [label = "q0", shape = doublecircle, final="true" ];
	q1 [label = "q1"];
	q2 [label = "q2", shape = doublecircle, final="true" ];
	q3 [label = "q3"];
	q4 [label = "q4", shape = doublecircle, final="true" ];
	q5 [label = "q5", shape = doublecircle, final="true" ];
	q6 [label = "q6", shape = doublecircle, final="true" ];
	q7 [label = "q7"];
	q8 [label = "q8"];
	m0 [label = "", shape = square, style = filled, color=grey, fixedsize=true, width=.2];
	m1 [label = "", shape = square, style = filled, color=grey, fixedsize=true, width=.2];
	m2 [label = "", shape = square, style = filled, color=grey, fixedsize=true, width=.2];
	m3 [label = "", shape = square, style = filled, color=grey, fixedsize=true, width=.2];
	m4 [label = "", shape = square, style = filled, color=grey, fixedsize=true, width=.2];
	m5 [label = "", shape = square, style = filled, color=grey, fixedsize=true, width=.2];
	m6 [label = "", shape = square, style = filled, color=grey, fixedsize=true, width=.2];
	m7 [label = "", shape = square, style = filled, color=grey, fixedsize=true, width=.2];
	m8 [label = "", shape = square, style = filled, color=grey, fixedsize=true, width=.2];
	m9 [label = "", shape = square, style = filled, color=grey, fixedsize=true, width=.2];
	m10 [label = "", shape = square, style = filled, color=grey, fixedsize=true, width=.2];
	m11 [label = "", shape = square, style = filled, color=grey, fixedsize=true, width=.2];
	m12 [label = "", shape = square, style = filled, color=grey, fixedsize=true, width=.2];
	m13 [label = "", shape = square, style = filled, color=grey, fixedsize=true, width=.2];
	m14 [label = "", shape = square, style = filled, color=grey, fixedsize=true, width=.2];
	m15 [label = "", shape = square, style = filled, color=grey, fixedsize=true, width=.2];
	m16 [label = "", shape = square, style = filled, color=grey, fixedsize=true, width=.2];
	m17 [label = "", shape = square, style = filled, color=grey, fixedsize=true, width=.2];
	s0 -> q6
	q3 -> m10 [label = "c"];
	q3 -> m17 [label = "c"];
	q7 -> q6 [label = "a"];
	q4 -> m10 [label = "b"];
	q4 -> m13 [label = "a"];
	q7 -> m9 [label = "b"];
	q5 -> m11 [label = "b"];
	q0 -> m10 [label = "c"];
	q3 -> m2 [label = "a"];
	q5 -> m1 [label = "a"];
	q2 -> m11 [label = "a, c"];
	q3 -> m8 [label = "c"];
	q0 -> m12 [label = "c"];
	q4 -> m11 [label = "a"];
	q6 -> m3 [label = "b"];
	q0 -> m5 [label = "b"];
	q6 -> m7 [label = "b"];
	q0 -> m11 [label = "b"];
	q2 -> m10 [label = "b"];
	q0 -> m8 [label = "b, c"];
	q2 -> m1 [label = "b"];
	q8 -> m1 [label = "b, c"];
	q3 -> m15 [label = "b"];
	q7 -> m11 [label = "c"];
	q2 -> m5 [label = "c"];
	q3 -> m6 [label = "a, b, c"];
	q6 -> m9 [label = "a, c"];
	q4 -> m4 [label = "c"];
	q0 -> m3 [label = "a"];
	q4 -> m5 [label = "a, c"];
	q2 -> q6 [label = "a, c"];
	q8 -> m2 [label = "c"];
	q4 -> m14 [label = "a"];
	q1 -> m8 [label = "c"];
	q2 -> m7 [label = "b"];
	q3 -> m7 [label = "b, c"];
	q1 -> m1 [label = "a, b, c"];
	q2 -> m8 [label = "a, b, c"];
	q5 -> m7 [label = "c"];
	q2 -> m9 [label = "b"];
	q5 -> m10 [label = "c"];
	q1 -> m6 [label = "a, b, c"];
	q3 -> m3 [label = "b"];
	q5 -> m3 [label = "a"];
	q1 -> m3 [label = "a, b"];
	q8 -> m3 [label = "a, b"];
	q4 -> q6 [label = "c"];
	q3 -> m13 [label = "b, c"];
	q7 -> m8 [label = "b, c"];
	q5 -> m8 [label = "c"];
	q5 -> m6 [label = "c"];
	q7 -> m6 [label = "c"];
	q1 -> m16 [label = "b"];
	q8 -> m0 [label = "c"];
	q3 -> m0 [label = "a"];
	q0 -> m1 [label = "a"];
	q0 -> m7 [label = "c"];
	q3 -> m1 [label = "a"];
	q7 -> m7 [label = "b"];
	q4 -> m8 [label = "a"];
	q1 -> m7 [label = "c"];
	q1 -> m2 [label = "c"];
	q6 -> q6 [label = "a"];
	q4 -> m7 [label = "b"];
	q0 -> m6 [label = "a, b, c"];
	q4 -> m1 [label = "b"];
	m0 -> q0;
	m0 -> q1;
	m0 -> q3;
	m0 -> q4;
	m0 -> q5;
	m0 -> q6;
	m1 -> q2;
	m1 -> q4;
	m2 -> q0;
	m2 -> q1;
	m2 -> q4;
	m2 -> q5;
	m2 -> q6;
	m2 -> q8;
	m3 -> q0;
	m3 -> q5;
	m4 -> q0;
	m4 -> q1;
	m4 -> q2;
	m4 -> q3;
	m4 -> q4;
	m4 -> q7;
	m4 -> q8;
	m5 -> q0;
	m5 -> q1;
	m5 -> q5;
	m5 -> q8;
	m6 -> q1;
	m6 -> q3;
	m6 -> q6;
	m6 -> q8;
	m7 -> q0;
	m7 -> q1;
	m7 -> q2;
	m7 -> q3;
	m7 -> q7;
	m8 -> q0;
	m8 -> q1;
	m8 -> q3;
	m8 -> q5;
	m9 -> q1;
	m9 -> q8;
	m10 -> q0;
	m10 -> q2;
	m10 -> q3;
	m10 -> q5;
	m10 -> q7;
	m11 -> q2;
	m11 -> q7;
	m12 -> q1;
	m12 -> q2;
	m12 -> q3;
	m12 -> q4;
	m12 -> q7;
	m12 -> q8;
	m13 -> q1;
	m13 -> q2;
	m13 -> q4;
	m13 -> q8;
	m14 -> q2;
	m14 -> q4;
	m14 -> q6;
	m15 -> q1;
	m15 -> q2;
	m15 -> q7;
	m15 -> q8;
	m16 -> q0;
	m16 -> q1;
	m16 -> q2;
	m16 -> q3;
	m16 -> q6;
	m16 -> q7;
	m17 -> q2;
	m17 -> q4;
	m17 -> q6;
	m17 -> q7;
}
AFA size: 9 states

AL** output after 21 EQ and 2669 MQ:
digraph finite_state_machine {
	rankdir=LR;
	node [shape = circle];
	s0 [shape = point, style = invis, start="true" ];
	q0 [label = "q0", shape = doublecircle, final="true" ];
	q1 [label = "q1"];
	q2 [label = "q2", shape = doublecircle, final="true" ];
	q3 [label = "q3"];
	q4 [label = "q4", shape = doublecircle, final="true" ];
	q5 [label = "q5", shape = doublecircle, final="true" ];
	q6 [label = "q6", shape = doublecircle, final="true" ];
	q7 [label = "q7"];
	q8 [label = "q8"];
	m0 [label = "", shape = square, style = filled, color=grey, fixedsize=true, width=.2];
	m1 [label = "", shape = square, style = filled, color=grey, fixedsize=true, width=.2];
	m2 [label = "", shape = square, style = filled, color=grey, fixedsize=true, width=.2];
	m3 [label = "", shape = square, style = filled, color=grey, fixedsize=true, width=.2];
	m4 [label = "", shape = square, style = filled, color=grey, fixedsize=true, width=.2];
	m5 [label = "", shape = square, style = filled, color=grey, fixedsize=true, width=.2];
	m6 [label = "", shape = square, style = filled, color=grey, fixedsize=true, width=.2];
	m7 [label = "", shape = square, style = filled, color=grey, fixedsize=true, width=.2];
	m8 [label = "", shape = square, style = filled, color=grey, fixedsize=true, width=.2];
	m9 [label = "", shape = square, style = filled, color=grey, fixedsize=true, width=.2];
	m10 [label = "", shape = square, style = filled, color=grey, fixedsize=true, width=.2];
	m11 [label = "", shape = square, style = filled, color=grey, fixedsize=true, width=.2];
	m12 [label = "", shape = square, style = filled, color=grey, fixedsize=true, width=.2];
	m13 [label = "", shape = square, style = filled, color=grey, fixedsize=true, width=.2];
	m14 [label = "", shape = square, style = filled, color=grey, fixedsize=true, width=.2];
	m15 [label = "", shape = square, style = filled, color=grey, fixedsize=true, width=.2];
	m16 [label = "", shape = square, style = filled, color=grey, fixedsize=true, width=.2];
	m17 [label = "", shape = square, style = filled, color=grey, fixedsize=true, width=.2];
	s0 -> q6
	q3 -> m10 [label = "c"];
	q3 -> m17 [label = "c"];
	q7 -> q6 [label = "a"];
	q4 -> m10 [label = "b"];
	q4 -> m13 [label = "a"];
	q7 -> m9 [label = "b"];
	q5 -> m11 [label = "b"];
	q0 -> m10 [label = "c"];
	q3 -> m2 [label = "a"];
	q5 -> m1 [label = "a"];
	q2 -> m11 [label = "a, c"];
	q3 -> m8 [label = "c"];
	q0 -> m12 [label = "c"];
	q4 -> m11 [label = "a"];
	q6 -> m3 [label = "b"];
	q0 -> m5 [label = "b"];
	q6 -> m7 [label = "b"];
	q0 -> m11 [label = "b"];
	q2 -> m10 [label = "b"];
	q0 -> m8 [label = "b, c"];
	q2 -> m1 [label = "b"];
	q8 -> m1 [label = "b, c"];
	q3 -> m15 [label = "b"];
	q7 -> m11 [label = "c"];
	q2 -> m5 [label = "c"];
	q3 -> m6 [label = "a, b, c"];
	q6 -> m9 [label = "a, c"];
	q4 -> m4 [label = "c"];
	q0 -> m3 [label = "a"];
	q4 -> m5 [label = "a, c"];
	q2 -> q6 [label = "a, c"];
	q8 -> m2 [label = "c"];
	q4 -> m14 [label = "a"];
	q1 -> m8 [label = "c"];
	q2 -> m7 [label = "b"];
	q3 -> m7 [label = "b, c"];
	q1 -> m1 [label = "a, b, c"];
	q2 -> m8 [label = "a, b, c"];
	q5 -> m7 [label = "c"];
	q2 -> m9 [label = "b"];
	q5 -> m10 [label = "c"];
	q1 -> m6 [label = "a, b, c"];
	q3 -> m3 [label = "b"];
	q5 -> m3 [label = "a"];
	q1 -> m3 [label = "a, b"];
	q8 -> m3 [label = "a, b"];
	q4 -> q6 [label = "c"];
	q3 -> m13 [label = "b, c"];
	q7 -> m8 [label = "b, c"];
	q5 -> m8 [label = "c"];
	q5 -> m6 [label = "c"];
	q7 -> m6 [label = "c"];
	q1 -> m16 [label = "b"];
	q8 -> m0 [label = "c"];
	q3 -> m0 [label = "a"];
	q0 -> m1 [label = "a"];
	q0 -> m7 [label = "c"];
	q3 -> m1 [label = "a"];
	q7 -> m7 [label = "b"];
	q4 -> m8 [label = "a"];
	q1 -> m7 [label = "c"];
	q1 -> m2 [label = "c"];
	q6 -> q6 [label = "a"];
	q4 -> m7 [label = "b"];
	q0 -> m6 [label = "a, b, c"];
	q4 -> m1 [label = "b"];
	m0 -> q0;
	m0 -> q1;
	m0 -> q3;
	m0 -> q4;
	m0 -> q5;
	m0 -> q6;
	m1 -> q2;
	m1 -> q4;
	m2 -> q0;
	m2 -> q1;
	m2 -> q4;
	m2 -> q5;
	m2 -> q6;
	m2 -> q8;
	m3 -> q0;
	m3 -> q5;
	m4 -> q0;
	m4 -> q1;
	m4 -> q2;
	m4 -> q3;
	m4 -> q4;
	m4 -> q7;
	m4 -> q8;
	m5 -> q0;
	m5 -> q1;
	m5 -> q5;
	m5 -> q8;
	m6 -> q1;
	m6 -> q3;
	m6 -> q6;
	m6 -> q8;
	m7 -> q0;
	m7 -> q1;
	m7 -> q2;
	m7 -> q3;
	m7 -> q7;
	m8 -> q0;
	m8 -> q1;
	m8 -> q3;
	m8 -> q5;
	m9 -> q1;
	m9 -> q8;
	m10 -> q0;
	m10 -> q2;
	m10 -> q3;
	m10 -> q5;
	m10 -> q7;
	m11 -> q2;
	m11 -> q7;
	m12 -> q1;
	m12 -> q2;
	m12 -> q3;
	m12 -> q4;
	m12 -> q7;
	m12 -> q8;
	m13 -> q1;
	m13 -> q2;
	m13 -> q4;
	m13 -> q8;
	m14 -> q2;
	m14 -> q4;
	m14 -> q6;
	m15 -> q1;
	m15 -> q2;
	m15 -> q7;
	m15 -> q8;
	m16 -> q0;
	m16 -> q1;
	m16 -> q2;
	m16 -> q3;
	m16 -> q6;
	m16 -> q7;
	m17 -> q2;
	m17 -> q4;
	m17 -> q6;
	m17 -> q7;
}
RAFA size: 9 states

