Random target AFA:
digraph finite_state_machine {
	rankdir=LR;
	node [shape = circle];
	s0 [shape = point, style = invis, start="true" ];
	s1 [shape = point, style = invis, start="true" ];
	q0 [label = "q0"];
	q1 [label = "q1", shape = doublecircle, final="true" ];
	q2 [label = "q2", shape = doublecircle, final="true" ];
	q3 [label = "q3"];
	q4 [label = "q4"];
	q5 [label = "q5"];
	m0 [label = "", shape = square, style = filled, color=grey, fixedsize=true, width=.2];
	m1 [label = "", shape = square, style = filled, color=grey, fixedsize=true, width=.2];
	m2 [label = "", shape = square, style = filled, color=grey, fixedsize=true, width=.2];
	m3 [label = "", shape = square, style = filled, color=grey, fixedsize=true, width=.2];
	m4 [label = "", shape = square, style = filled, color=grey, fixedsize=true, width=.2];
	m5 [label = "", shape = square, style = filled, color=grey, fixedsize=true, width=.2];
	m6 [label = "", shape = square, style = filled, color=grey, fixedsize=true, width=.2];
	m7 [label = "", shape = square, style = filled, color=grey, fixedsize=true, width=.2];
	m8 [label = "", shape = square, style = filled, color=grey, fixedsize=true, width=.2];
	s0 -> q1
	s1 -> q2
	q2 -> q4 [label = "c"];
	q4 -> q4 [label = "b"];
	q5 -> q0 [label = "a, b"];
	q5 -> m8 [label = "a"];
	q3 -> q5 [label = "b, c"];
	q3 -> q3 [label = "c"];
	q1 -> m5 [label = "a"];
	q5 -> m6 [label = "c"];
	q0 -> q4 [label = "a"];
	q0 -> q2 [label = "b"];
	q1 -> q5 [label = "b"];
	q1 -> m3 [label = "a"];
	q0 -> m1 [label = "a"];
	q4 -> m0 [label = "c"];
	q0 -> m2 [label = "b"];
	q3 -> m7 [label = "a"];
	q2 -> q1 [label = "b, c"];
	q1 -> q4 [label = "b, c"];
	q0 -> q5 [label = "c"];
	q2 -> q3 [label = "a"];
	q5 -> q2 [label = "b"];
	q2 -> m3 [label = "a"];
	q4 -> q3 [label = "c"];
	q4 -> m4 [label = "a"];
	q4 -> q2 [label = "b"];
	q4 -> q5 [label = "a"];
	q3 -> q2 [label = "a"];
	q5 -> m5 [label = "c"];
	m0 -> q3;
	m0 -> q4;
	m1 -> q0;
	m1 -> q2;
	m2 -> q0;
	m2 -> q5;
	m3 -> q3;
	m3 -> q5;
	m4 -> q1;
	m4 -> q2;
	m5 -> q1;
	m5 -> q5;
	m6 -> q4;
	m6 -> q5;
	m7 -> q0;
	m7 -> q1;
	m8 -> q2;
	m8 -> q4;
}

L* output after 9 EQ and 12277 MQ:
digraph finite_state_machine {
	rankdir=LR;
	node [shape = circle];
	s0 [shape = point, style = invis, start="true" ];
	q0 [label = "q0", shape = doublecircle, final="true" ];
	q1 [label = "q1", shape = doublecircle, final="true" ];
	q2 [label = "q2", shape = doublecircle, final="true" ];
	q3 [label = "q3", shape = doublecircle, final="true" ];
	q4 [label = "q4", shape = doublecircle, final="true" ];
	q5 [label = "q5", shape = doublecircle, final="true" ];
	q6 [label = "q6", shape = doublecircle, final="true" ];
	q7 [label = "q7"];
	q8 [label = "q8", shape = doublecircle, final="true" ];
	q9 [label = "q9"];
	q10 [label = "q10", shape = doublecircle, final="true" ];
	q11 [label = "q11", shape = doublecircle, final="true" ];
	q12 [label = "q12", shape = doublecircle, final="true" ];
	q13 [label = "q13", shape = doublecircle, final="true" ];
	q14 [label = "q14"];
	q15 [label = "q15", shape = doublecircle, final="true" ];
	q16 [label = "q16", shape = doublecircle, final="true" ];
	q17 [label = "q17", shape = doublecircle, final="true" ];
	q18 [label = "q18"];
	q19 [label = "q19", shape = doublecircle, final="true" ];
	q20 [label = "q20", shape = doublecircle, final="true" ];
	q21 [label = "q21"];
	q22 [label = "q22", shape = doublecircle, final="true" ];
	q23 [label = "q23", shape = doublecircle, final="true" ];
	q24 [label = "q24", shape = doublecircle, final="true" ];
	q25 [label = "q25", shape = doublecircle, final="true" ];
	q26 [label = "q26", shape = doublecircle, final="true" ];
	q27 [label = "q27", shape = doublecircle, final="true" ];
	q28 [label = "q28", shape = doublecircle, final="true" ];
	q29 [label = "q29", shape = doublecircle, final="true" ];
	q30 [label = "q30", shape = doublecircle, final="true" ];
	q31 [label = "q31", shape = doublecircle, final="true" ];
	q32 [label = "q32", shape = doublecircle, final="true" ];
	q33 [label = "q33", shape = doublecircle, final="true" ];
	q34 [label = "q34", shape = doublecircle, final="true" ];
	q35 [label = "q35", shape = doublecircle, final="true" ];
	q36 [label = "q36", shape = doublecircle, final="true" ];
	q37 [label = "q37", shape = doublecircle, final="true" ];
	q38 [label = "q38"];
	q39 [label = "q39", shape = doublecircle, final="true" ];
	q40 [label = "q40", shape = doublecircle, final="true" ];
	q41 [label = "q41", shape = doublecircle, final="true" ];
	q42 [label = "q42"];
	q43 [label = "q43", shape = doublecircle, final="true" ];
	q44 [label = "q44"];
	q45 [label = "q45", shape = doublecircle, final="true" ];
	q46 [label = "q46"];
	q47 [label = "q47"];
	q48 [label = "q48", shape = doublecircle, final="true" ];
	q49 [label = "q49", shape = doublecircle, final="true" ];
	q50 [label = "q50"];
	q51 [label = "q51", shape = doublecircle, final="true" ];
	q52 [label = "q52", shape = doublecircle, final="true" ];
	q53 [label = "q53"];
	q54 [label = "q54"];
	q55 [label = "q55"];
	q56 [label = "q56", shape = doublecircle, final="true" ];
	q57 [label = "q57", shape = doublecircle, final="true" ];
	q58 [label = "q58", shape = doublecircle, final="true" ];
	q59 [label = "q59"];
	q60 [label = "q60"];
	q61 [label = "q61", shape = doublecircle, final="true" ];
	q62 [label = "q62", shape = doublecircle, final="true" ];
	q63 [label = "q63", shape = doublecircle, final="true" ];
	q64 [label = "q64"];
	q65 [label = "q65", shape = doublecircle, final="true" ];
	q66 [label = "q66"];
	q67 [label = "q67", shape = doublecircle, final="true" ];
	q68 [label = "q68"];
	q69 [label = "q69", shape = doublecircle, final="true" ];
	q70 [label = "q70"];
	q71 [label = "q71", shape = doublecircle, final="true" ];
	q72 [label = "q72"];
	q73 [label = "q73", shape = doublecircle, final="true" ];
	q74 [label = "q74", shape = doublecircle, final="true" ];
	q75 [label = "q75"];
	q76 [label = "q76", shape = doublecircle, final="true" ];
	q77 [label = "q77", shape = doublecircle, final="true" ];
	q78 [label = "q78", shape = doublecircle, final="true" ];
	q79 [label = "q79"];
	q80 [label = "q80", shape = doublecircle, final="true" ];
	q81 [label = "q81", shape = doublecircle, final="true" ];
	q82 [label = "q82", shape = doublecircle, final="true" ];
	q83 [label = "q83"];
	q84 [label = "q84", shape = doublecircle, final="true" ];
	q85 [label = "q85", shape = doublecircle, final="true" ];
	q86 [label = "q86"];
	q87 [label = "q87", shape = doublecircle, final="true" ];
	q88 [label = "q88"];
	q89 [label = "q89", shape = doublecircle, final="true" ];
	q90 [label = "q90", shape = doublecircle, final="true" ];
	q91 [label = "q91", shape = doublecircle, final="true" ];
	s0 -> q49
	q85 -> q28 [label = "b"];
	q83 -> q55 [label = "c"];
	q86 -> q27 [label = "a"];
	q87 -> q30 [label = "b"];
	q81 -> q30 [label = "b"];
	q87 -> q68 [label = "c"];
	q83 -> q34 [label = "a, b"];
	q81 -> q74 [label = "a"];
	q86 -> q71 [label = "b"];
	q5 -> q71 [label = "b"];
	q13 -> q64 [label = "a"];
	q2 -> q54 [label = "c"];
	q1 -> q68 [label = "c"];
	q7 -> q67 [label = "b"];
	q36 -> q69 [label = "b"];
	q49 -> q51 [label = "b"];
	q6 -> q87 [label = "a"];
	q33 -> q51 [label = "c"];
	q84 -> q57 [label = "b"];
	q0 -> q16 [label = "a"];
	q30 -> q63 [label = "b"];
	q10 -> q36 [label = "a"];
	q59 -> q66 [label = "c"];
	q8 -> q74 [label = "b"];
	q5 -> q68 [label = "c"];
	q74 -> q43 [label = "c"];
	q14 -> q12 [label = "b"];
	q2 -> q67 [label = "b"];
	q73 -> q85 [label = "b"];
	q6 -> q43 [label = "c"];
	q22 -> q34 [label = "b"];
	q20 -> q1 [label = "a"];
	q58 -> q42 [label = "c"];
	q35 -> q79 [label = "a"];
	q12 -> q73 [label = "b"];
	q47 -> q55 [label = "c"];
	q17 -> q76 [label = "c"];
	q15 -> q90 [label = "c"];
	q3 -> q80 [label = "b"];
	q11 -> q18 [label = "a"];
	q80 -> q51 [label = "c"];
	q39 -> q76 [label = "c"];
	q24 -> q71 [label = "b"];
	q9 -> q55 [label = "c"];
	q21 -> q2 [label = "a"];
	q56 -> q60 [label = "a"];
	q2 -> q1 [label = "a"];
	q49 -> q48 [label = "c"];
	q26 -> q22 [label = "a"];
	q4 -> q63 [label = "b"];
	q24 -> q68 [label = "c"];
	q14 -> q70 [label = "a"];
	q9 -> q71 [label = "b"];
	q38 -> q34 [label = "b"];
	q27 -> q71 [label = "b"];
	q29 -> q43 [label = "c"];
	q25 -> q45 [label = "b"];
	q81 -> q68 [label = "c"];
	q57 -> q43 [label = "c"];
	q27 -> q5 [label = "a"];
	q65 -> q12 [label = "b"];
	q1 -> q45 [label = "b"];
	q31 -> q90 [label = "c"];
	q15 -> q80 [label = "b"];
	q4 -> q43 [label = "c"];
	q26 -> q43 [label = "c"];
	q7 -> q55 [label = "c"];
	q20 -> q68 [label = "c"];
	q30 -> q83 [label = "a"];
	q63 -> q43 [label = "c"];
	q40 -> q45 [label = "b"];
	q12 -> q48 [label = "c"];
	q41 -> q37 [label = "a"];
	q53 -> q59 [label = "c"];
	q82 -> q48 [label = "c"];
	q89 -> q24 [label = "a"];
	q11 -> q85 [label = "b"];
	q7 -> q89 [label = "a"];
	q42 -> q40 [label = "a"];
	q46 -> q71 [label = "b"];
	q12 -> q18 [label = "a"];
	q47 -> q69 [label = "b"];
	q10 -> q13 [label = "b"];
	q43 -> q57 [label = "b"];
	q32 -> q6 [label = "a"];
	q28 -> q43 [label = "c"];
	q8 -> q68 [label = "c"];
	q75 -> q67 [label = "b"];
	q46 -> q72 [label = "c"];
	q44 -> q56 [label = "a"];
	q85 -> q76 [label = "c"];
	q43 -> q62 [label = "a"];
	q69 -> q88 [label = "c"];
	q56 -> q45 [label = "b"];
	q36 -> q10 [label = "a"];
	q39 -> q13 [label = "b"];
	q45 -> q38 [label = "a"];
	q13 -> q88 [label = "c"];
	q26 -> q11 [label = "b"];
	q51 -> q57 [label = "b"];
	q89 -> q54 [label = "c"];
	q44 -> q66 [label = "c"];
	q4 -> q81 [label = "a"];
	q90 -> q34 [label = "b"];
	q61 -> q68 [label = "c"];
	q89 -> q45 [label = "b"];
	q62 -> q51 [label = "c"];
	q28 -> q61 [label = "a"];
	q18 -> q17 [label = "a"];
	q35 -> q48 [label = "c"];
	q64 -> q86 [label = "a"];
	q91 -> q12 [label = "b"];
	q56 -> q44 [label = "c"];
	q52 -> q47 [label = "a"];
	q82 -> q85 [label = "b"];
	q91 -> q44 [label = "c"];
	q22 -> q3 [label = "a"];
	q34 -> q63 [label = "b"];
	q88 -> q66 [label = "c"];
	q54 -> q34 [label = "b"];
	q90 -> q25 [label = "a"];
	q0 -> q43 [label = "c"];
	q70 -> q67 [label = "b"];
	q31 -> q63 [label = "b"];
	q9 -> q27 [label = "a"];
	q90 -> q54 [label = "c"];
	q39 -> q36 [label = "a"];
	q38 -> q77 [label = "a"];
	q59 -> q65 [label = "a"];
	q38 -> q55 [label = "c"];
	q55 -> q55 [label = "c"];
	q40 -> q75 [label = "c"];
	q28 -> q28 [label = "b"];
	q23 -> q4 [label = "a"];
	q45 -> q51 [label = "c"];
	q37 -> q78 [label = "a"];
	q30 -> q51 [label = "c"];
	q16 -> q68 [label = "c"];
	q3 -> q43 [label = "c"];
	q16 -> q0 [label = "a"];
	q0 -> q11 [label = "b"];
	q91 -> q7 [label = "a"];
	q3 -> q32 [label = "a"];
	q48 -> q40 [label = "a"];
	q5 -> q5 [label = "a"];
	q57 -> q63 [label = "b"];
	q67 -> q76 [label = "c"];
	q29 -> q80 [label = "b"];
	q60 -> q67 [label = "b"];
	q37 -> q68 [label = "c"];
	q41 -> q74 [label = "b"];
	q63 -> q84 [label = "a"];
	q80 -> q38 [label = "a"];
	q25 -> q42 [label = "c"];
	q41 -> q54 [label = "c"];
	q68 -> q57 [label = "b"];
	q32 -> q68 [label = "c"];
	q62 -> q83 [label = "a"];
	q50 -> q53 [label = "b"];
	q21 -> q71 [label = "b"];
	q8 -> q37 [label = "a"];
	q29 -> q23 [label = "a"];
	q34 -> q81 [label = "a"];
	q6 -> q73 [label = "b"];
	q66 -> q19 [label = "a"];
	q69 -> q74 [label = "b"];
	q32 -> q31 [label = "b"];
	q35 -> q80 [label = "b"];
	q79 -> q67 [label = "a"];
	q33 -> q38 [label = "a"];
	q40 -> q14 [label = "a"];
	q11 -> q90 [label = "c"];
	q76 -> q35 [label = "a"];
	q27 -> q54 [label = "c"];
	q37 -> q45 [label = "b"];
	q42 -> q34 [label = "b"];
	q36 -> q68 [label = "c"];
	q13 -> q34 [label = "b"];
	q79 -> q55 [label = "c"];
	q88 -> q34 [label = "b"];
	q33 -> q82 [label = "b"];
	q18 -> q31 [label = "b"];
	q22 -> q68 [label = "c"];
	q48 -> q34 [label = "b"];
	q16 -> q31 [label = "b"];
	q63 -> q85 [label = "b"];
	q21 -> q55 [label = "c"];
	q73 -> q87 [label = "a"];
	q19 -> q82 [label = "b"];
	q67 -> q87 [label = "a"];
	q72 -> q91 [label = "a"];
	q23 -> q68 [label = "c"];
	q17 -> q11 [label = "b"];
	q19 -> q18 [label = "a"];
	q23 -> q34 [label = "b"];
	q18 -> q55 [label = "c"];
	q19 -> q48 [label = "c"];
	q77 -> q76 [label = "c"];
	q20 -> q67 [label = "b"];
	q44 -> q57 [label = "b"];
	q45 -> q73 [label = "b"];
	q69 -> q46 [label = "a"];
	q46 -> q70 [label = "a"];
	q66 -> q15 [label = "b"];
	q43 -> q68 [label = "c"];
	q47 -> q39 [label = "a"];
	q71 -> q90 [label = "c"];
	q52 -> q48 [label = "c"];
	q15 -> q79 [label = "a"];
	q50 -> q52 [label = "a"];
	q54 -> q55 [label = "c"];
	q71 -> q73 [label = "b"];
	q77 -> q80 [label = "b"];
	q48 -> q54 [label = "c"];
	q49 -> q50 [label = "a"];
	q79 -> q31 [label = "b"];
	q51 -> q56 [label = "a"];
	q42 -> q66 [label = "c"];
	q55 -> q62 [label = "b"];
	q50 -> q55 [label = "c"];
	q60 -> q55 [label = "c"];
	q52 -> q58 [label = "b"];
	q54 -> q35 [label = "a"];
	q88 -> q25 [label = "a"];
	q51 -> q54 [label = "c"];
	q53 -> q45 [label = "b"];
	q55 -> q33 [label = "a"];
	q58 -> q34 [label = "b"];
	q58 -> q64 [label = "a"];
	q64 -> q71 [label = "b"];
	q84 -> q29 [label = "a"];
	q62 -> q80 [label = "b"];
	q1 -> q24 [label = "a"];
	q65 -> q9 [label = "a"];
	q57 -> q61 [label = "a"];
	q74 -> q84 [label = "a"];
	q59 -> q15 [label = "b"];
	q87 -> q26 [label = "a"];
	q24 -> q20 [label = "a"];
	q61 -> q57 [label = "a, b"];
	q64 -> q72 [label = "c"];
	q68 -> q55 [label = "c"];
	q72 -> q66 [label = "c"];
	q85 -> q81 [label = "a"];
	q68 -> q62 [label = "a"];
	q25 -> q21 [label = "a"];
	q82 -> q18 [label = "a"];
	q53 -> q46 [label = "a"];
	q67 -> q73 [label = "b"];
	q70 -> q66 [label = "c"];
	q65 -> q42 [label = "c"];
	q66 -> q55 [label = "c"];
	q71 -> q18 [label = "a"];
	q74 -> q73 [label = "b"];
	q70 -> q89 [label = "a"];
	q76 -> q68 [label = "c"];
	q72 -> q62 [label = "b"];
	q76 -> q34 [label = "b"];
	q78 -> q68 [label = "c"];
	q78 -> q67 [label = "b"];
	q34 -> q76 [label = "c"];
	q10 -> q43 [label = "c"];
	q75 -> q40 [label = "a"];
	q17 -> q16 [label = "a"];
	q73 -> q76 [label = "c"];
	q80 -> q85 [label = "b"];
	q77 -> q32 [label = "a"];
	q31 -> q79 [label = "a"];
	q78 -> q8 [label = "a"];
	q14 -> q72 [label = "c"];
	q75 -> q66 [label = "c"];
	q60 -> q41 [label = "a"];
	q84 -> q68 [label = "c"];
	q86 -> q66 [label = "c"];
}
DFA size: 92 states

NL* output after 10 EQ and 3535 MQ:
digraph finite_state_machine {
	rankdir=LR;
	node [shape = circle];
	s0 [shape = point, style = invis, start="true" ];
	q0 [label = "q0", shape = doublecircle, final="true" ];
	q1 [label = "q1"];
	q2 [label = "q2", shape = doublecircle, final="true" ];
	q3 [label = "q3", shape = doublecircle, final="true" ];
	q4 [label = "q4", shape = doublecircle, final="true" ];
	q5 [label = "q5", shape = doublecircle, final="true" ];
	q6 [label = "q6"];
	q7 [label = "q7"];
	q8 [label = "q8"];
	q9 [label = "q9", shape = doublecircle, final="true" ];
	q10 [label = "q10", shape = doublecircle, final="true" ];
	q11 [label = "q11"];
	q12 [label = "q12", shape = doublecircle, final="true" ];
	q13 [label = "q13"];
	q14 [label = "q14"];
	q15 [label = "q15", shape = doublecircle, final="true" ];
	q16 [label = "q16", shape = doublecircle, final="true" ];
	q17 [label = "q17"];
	q18 [label = "q18"];
	q19 [label = "q19", shape = doublecircle, final="true" ];
	q20 [label = "q20"];
	q21 [label = "q21", shape = doublecircle, final="true" ];
	q22 [label = "q22", shape = doublecircle, final="true" ];
	s0 -> q9
	q18 -> q17 [label = "c"];
	q18 -> q6 [label = "c"];
	q20 -> q22 [label = "b"];
	q22 -> q14 [label = "a"];
	q22 -> q8 [label = "a"];
	q17 -> q14 [label = "b"];
	q17 -> q10 [label = "b"];
	q19 -> q20 [label = "b"];
	q19 -> q2 [label = "b"];
	q19 -> q0 [label = "b"];
	q17 -> q18 [label = "a, b"];
	q21 -> q13 [label = "c"];
	q21 -> q10 [label = "c"];
	q21 -> q6 [label = "c"];
	q21 -> q1 [label = "c"];
	q19 -> q3 [label = "b"];
	q21 -> q0 [label = "c"];
	q16 -> q17 [label = "c"];
	q16 -> q8 [label = "c"];
	q20 -> q20 [label = "a"];
	q20 -> q3 [label = "a, b"];
	q22 -> q22 [label = "b"];
	q22 -> q19 [label = "b"];
	q22 -> q15 [label = "b"];
	q22 -> q4 [label = "b"];
	q22 -> q3 [label = "b"];
	q18 -> q1 [label = "a"];
	q16 -> q7 [label = "b, c"];
	q16 -> q0 [label = "b"];
	q22 -> q1 [label = "b, c"];
	q18 -> q4 [label = "b"];
	q16 -> q21 [label = "a"];
	q16 -> q15 [label = "a"];
	q20 -> q8 [label = "c"];
	q20 -> q6 [label = "c"];
	q13 -> q20 [label = "b"];
	q13 -> q7 [label = "b"];
	q13 -> q4 [label = "b"];
	q13 -> q3 [label = "b"];
	q13 -> q0 [label = "b"];
	q11 -> q17 [label = "c"];
	q19 -> q22 [label = "b"];
	q11 -> q6 [label = "c"];
	q15 -> q16 [label = "a"];
	q14 -> q20 [label = "a"];
	q12 -> q22 [label = "b"];
	q12 -> q15 [label = "b"];
	q12 -> q4 [label = "b"];
	q15 -> q19 [label = "b"];
	q0 -> q14 [label = "a, b"];
	q17 -> q8 [label = "c"];
	q22 -> q5 [label = "b, c"];
	q14 -> q3 [label = "b"];
	q21 -> q19 [label = "b, c"];
	q17 -> q6 [label = "c"];
	q0 -> q3 [label = "b"];
	q0 -> q4 [label = "b"];
	q20 -> q2 [label = "b"];
	q0 -> q18 [label = "a, b"];
	q21 -> q11 [label = "a"];
	q19 -> q10 [label = "b"];
	q21 -> q17 [label = "c"];
	q12 -> q13 [label = "c"];
	q19 -> q7 [label = "b"];
	q10 -> q22 [label = "b"];
	q16 -> q13 [label = "c"];
	q10 -> q3 [label = "b"];
	q19 -> q15 [label = "b"];
	q18 -> q2 [label = "b"];
	q0 -> q21 [label = "b"];
	q10 -> q2 [label = "b"];
	q4 -> q12 [label = "b"];
	q22 -> q13 [label = "b, c"];
	q8 -> q4 [label = "a"];
	q16 -> q6 [label = "c"];
	q18 -> q20 [label = "a"];
	q14 -> q17 [label = "c"];
	q21 -> q16 [label = "a"];
	q15 -> q13 [label = "c"];
	q2 -> q5 [label = "b, c"];
	q15 -> q6 [label = "c"];
	q16 -> q4 [label = "a"];
	q10 -> q18 [label = "a, b"];
	q17 -> q7 [label = "b"];
	q9 -> q5 [label = "b, c"];
	q13 -> q22 [label = "b"];
	q12 -> q3 [label = "b"];
	q6 -> q10 [label = "b"];
	q8 -> q7 [label = "b"];
	q14 -> q2 [label = "b"];
	q3 -> q20 [label = "a"];
	q8 -> q17 [label = "c"];
	q5 -> q6 [label = "c"];
	q5 -> q8 [label = "c"];
	q7 -> q6 [label = "c"];
	q9 -> q13 [label = "b, c"];
	q4 -> q13 [label = "c"];
	q12 -> q14 [label = "a"];
	q9 -> q6 [label = "b"];
	q8 -> q8 [label = "c"];
	q9 -> q12 [label = "b"];
	q19 -> q1 [label = "b, c"];
	q22 -> q2 [label = "b"];
	q12 -> q10 [label = "b"];
	q12 -> q1 [label = "b, c"];
	q15 -> q8 [label = "a, c"];
	q3 -> q2 [label = "b"];
	q17 -> q4 [label = "b"];
	q13 -> q8 [label = "c"];
	q12 -> q7 [label = "b"];
	q14 -> q22 [label = "b"];
	q12 -> q0 [label = "b"];
	q0 -> q20 [label = "b"];
	q12 -> q2 [label = "b"];
	q0 -> q22 [label = "b"];
	q13 -> q2 [label = "b"];
	q10 -> q4 [label = "b"];
	q9 -> q8 [label = "a"];
	q9 -> q0 [label = "b"];
	q11 -> q4 [label = "a"];
	q17 -> q3 [label = "a, b"];
	q9 -> q7 [label = "b"];
	q15 -> q5 [label = "c"];
	q11 -> q7 [label = "b"];
	q15 -> q1 [label = "c"];
	q22 -> q9 [label = "b"];
	q5 -> q3 [label = "b"];
	q9 -> q1 [label = "b, c"];
	q7 -> q3 [label = "b"];
	q2 -> q6 [label = "a, b"];
	q19 -> q13 [label = "c"];
	q21 -> q5 [label = "c"];
	q4 -> q5 [label = "c"];
	q1 -> q1 [label = "b"];
	q13 -> q6 [label = "c"];
	q8 -> q6 [label = "c"];
	q1 -> q20 [label = "b"];
	q2 -> q9 [label = "b"];
	q22 -> q12 [label = "b"];
	q15 -> q11 [label = "a"];
	q5 -> q1 [label = "b, c"];
	q2 -> q12 [label = "b"];
	q0 -> q2 [label = "b"];
	q11 -> q15 [label = "a"];
	q6 -> q3 [label = "a, b"];
	q2 -> q15 [label = "b"];
	q2 -> q19 [label = "b"];
	q13 -> q15 [label = "b"];
	q2 -> q1 [label = "b, c"];
	q5 -> q0 [label = "b"];
	q11 -> q8 [label = "c"];
	q2 -> q22 [label = "b"];
	q16 -> q1 [label = "c"];
	q6 -> q6 [label = "c"];
	q14 -> q4 [label = "b"];
	q0 -> q6 [label = "c"];
	q2 -> q20 [label = "a, b"];
	q3 -> q14 [label = "a"];
	q10 -> q1 [label = "c"];
	q0 -> q1 [label = "b, c"];
	q5 -> q13 [label = "c"];
	q0 -> q15 [label = "b"];
	q22 -> q20 [label = "a, b"];
	q2 -> q4 [label = "b"];
	q3 -> q3 [label = "b"];
	q2 -> q13 [label = "b, c"];
	q2 -> q8 [label = "a"];
	q16 -> q10 [label = "b"];
	q9 -> q19 [label = "b"];
	q9 -> q10 [label = "b"];
	q2 -> q11 [label = "a"];
	q2 -> q14 [label = "a"];
	q19 -> q4 [label = "b"];
	q6 -> q4 [label = "b"];
	q6 -> q7 [label = "b"];
	q13 -> q1 [label = "b"];
	q0 -> q13 [label = "c"];
	q4 -> q1 [label = "c"];
	q7 -> q22 [label = "b"];
	q21 -> q7 [label = "c"];
	q9 -> q17 [label = "b"];
	q4 -> q8 [label = "a"];
	q2 -> q2 [label = "b"];
	q4 -> q11 [label = "a"];
	q10 -> q14 [label = "b"];
	q15 -> q12 [label = "b"];
	q1 -> q10 [label = "a"];
	q12 -> q20 [label = "b"];
	q21 -> q12 [label = "b, c"];
	q3 -> q4 [label = "b"];
	q1 -> q2 [label = "b"];
	q20 -> q4 [label = "b"];
	q1 -> q4 [label = "b"];
	q22 -> q11 [label = "a"];
	q5 -> q15 [label = "b"];
	q1 -> q3 [label = "b"];
	q5 -> q20 [label = "b"];
	q1 -> q15 [label = "b"];
	q18 -> q3 [label = "b"];
	q1 -> q22 [label = "b"];
	q21 -> q8 [label = "a, c"];
	q11 -> q10 [label = "b"];
	q7 -> q2 [label = "b"];
	q22 -> q6 [label = "a, b, c"];
	q7 -> q4 [label = "b"];
	q19 -> q14 [label = "a"];
	q7 -> q14 [label = "a, b"];
	q11 -> q0 [label = "b"];
	q5 -> q10 [label = "a, b"];
	q14 -> q6 [label = "c"];
	q7 -> q18 [label = "a, b"];
	q1 -> q6 [label = "c"];
	q2 -> q3 [label = "b"];
	q1 -> q8 [label = "c"];
	q5 -> q2 [label = "b"];
	q5 -> q4 [label = "b"];
	q19 -> q6 [label = "c"];
	q5 -> q7 [label = "b"];
	q5 -> q22 [label = "b"];
	q3 -> q1 [label = "c"];
	q3 -> q13 [label = "c"];
	q6 -> q8 [label = "c"];
	q13 -> q10 [label = "a, b"];
}
NFA size: 23 states

AL* output after 9 EQ and 1212 MQ:
digraph finite_state_machine {
	rankdir=LR;
	node [shape = circle];
	s0 [shape = point, style = invis, start="true" ];
	s1 [shape = point, style = invis, start="true" ];
	s2 [shape = point, style = invis, start="true" ];
	q0 [label = "q0"];
	q1 [label = "q1"];
	q2 [label = "q2", shape = doublecircle, final="true" ];
	q3 [label = "q3"];
	q4 [label = "q4", shape = doublecircle, final="true" ];
	q5 [label = "q5", shape = doublecircle, final="true" ];
	q6 [label = "q6"];
	q7 [label = "q7", shape = doublecircle, final="true" ];
	q8 [label = "q8", shape = doublecircle, final="true" ];
	m0 [label = "", shape = square, style = filled, color=grey, fixedsize=true, width=.2];
	m1 [label = "", shape = square, style = filled, color=grey, fixedsize=true, width=.2];
	m2 [label = "", shape = square, style = filled, color=grey, fixedsize=true, width=.2];
	m3 [label = "", shape = square, style = filled, color=grey, fixedsize=true, width=.2];
	m4 [label = "", shape = square, style = filled, color=grey, fixedsize=true, width=.2];
	m5 [label = "", shape = square, style = filled, color=grey, fixedsize=true, width=.2];
	m6 [label = "", shape = square, style = filled, color=grey, fixedsize=true, width=.2];
	m7 [label = "", shape = square, style = filled, color=grey, fixedsize=true, width=.2];
	m8 [label = "", shape = square, style = filled, color=grey, fixedsize=true, width=.2];
	m9 [label = "", shape = square, style = filled, color=grey, fixedsize=true, width=.2];
	m10 [label = "", shape = square, style = filled, color=grey, fixedsize=true, width=.2];
	m11 [label = "", shape = square, style = filled, color=grey, fixedsize=true, width=.2];
	m12 [label = "", shape = square, style = filled, color=grey, fixedsize=true, width=.2];
	m13 [label = "", shape = square, style = filled, color=grey, fixedsize=true, width=.2];
	s0 -> m0
	s1 -> m1
	s2 -> m2
	q3 -> m6 [label = "c"];
	q7 -> m5 [label = "a"];
	q3 -> m13 [label = "c"];
	q6 -> m1 [label = "a"];
	q6 -> m11 [label = "a"];
	q1 -> m5 [label = "c"];
	q5 -> m11 [label = "b"];
	q5 -> m12 [label = "a"];
	q5 -> m5 [label = "a"];
	q7 -> m6 [label = "b"];
	q3 -> m12 [label = "a"];
	q3 -> m1 [label = "b"];
	q3 -> m11 [label = "a, b"];
	q3 -> m0 [label = "b"];
	q3 -> m10 [label = "b"];
	q6 -> m5 [label = "c"];
	q3 -> m3 [label = "a"];
	q1 -> m6 [label = "b, c"];
	q5 -> m3 [label = "a, c"];
	q0 -> m6 [label = "a, b, c"];
	q0 -> m1 [label = "a, b"];
	q4 -> m3 [label = "b, c"];
	q4 -> m5 [label = "c"];
	q5 -> m0 [label = "b"];
	q2 -> m5 [label = "a, c"];
	q5 -> m10 [label = "b"];
	q3 -> m9 [label = "b"];
	q2 -> m3 [label = "a, b, c"];
	q7 -> m3 [label = "b, c"];
	q8 -> m4 [label = "a, b"];
	q5 -> m7 [label = "c"];
	q2 -> m2 [label = "b"];
	q6 -> m9 [label = "b"];
	q8 -> m0 [label = "b"];
	q2 -> m6 [label = "a, c"];
	q2 -> m1 [label = "b"];
	q8 -> m1 [label = "b"];
	q8 -> m3 [label = "c"];
	q7 -> m7 [label = "b, c"];
	q6 -> m6 [label = "b, c"];
	q0 -> m3 [label = "b"];
	q4 -> m1 [label = "b"];
	q6 -> m8 [label = "b"];
	q0 -> m5 [label = "c"];
	q2 -> m4 [label = "a, b"];
	q4 -> m7 [label = "a"];
	q3 -> m2 [label = "c"];
	q5 -> m1 [label = "b"];
	q7 -> m2 [label = "b, c"];
	q4 -> m6 [label = "a, b"];
	q2 -> m7 [label = "a, c"];
	q1 -> m1 [label = "a, b"];
	q5 -> m2 [label = "b, c"];
	q5 -> m6 [label = "c"];
	q1 -> m4 [label = "a, b"];
	m0 -> q0;
	m0 -> q2;
	m0 -> q4;
	m0 -> q7;
	m1 -> q2;
	m1 -> q5;
	m1 -> q7;
	m2 -> q0;
	m2 -> q1;
	m2 -> q4;
	m2 -> q6;
	m2 -> q7;
	m3 -> q0;
	m3 -> q2;
	m3 -> q4;
	m4 -> q2;
	m4 -> q3;
	m4 -> q5;
	m5 -> q0;
	m5 -> q1;
	m5 -> q6;
	m6 -> q1;
	m6 -> q2;
	m6 -> q8;
	m7 -> q2;
	m7 -> q4;
	m7 -> q5;
	m7 -> q7;
	m7 -> q8;
	m8 -> q0;
	m8 -> q2;
	m8 -> q3;
	m8 -> q4;
	m8 -> q5;
	m8 -> q7;
	m9 -> q0;
	m9 -> q1;
	m9 -> q2;
	m9 -> q3;
	m9 -> q4;
	m9 -> q5;
	m9 -> q6;
	m10 -> q0;
	m10 -> q1;
	m10 -> q2;
	m10 -> q3;
	m10 -> q4;
	m10 -> q5;
	m10 -> q8;
	m11 -> q0;
	m11 -> q1;
	m11 -> q2;
	m11 -> q3;
	m11 -> q5;
	m11 -> q6;
	m11 -> q8;
	m12 -> q2;
	m12 -> q3;
	m12 -> q5;
	m12 -> q7;
	m13 -> q0;
	m13 -> q1;
	m13 -> q2;
	m13 -> q4;
	m13 -> q6;
}
AFA size: 9 states

AL** output after 14 EQ and 1574 MQ:
digraph finite_state_machine {
	rankdir=LR;
	node [shape = circle];
	s0 [shape = point, style = invis, start="true" ];
	s1 [shape = point, style = invis, start="true" ];
	s2 [shape = point, style = invis, start="true" ];
	q0 [label = "q0"];
	q1 [label = "q1"];
	q2 [label = "q2", shape = doublecircle, final="true" ];
	q3 [label = "q3"];
	q4 [label = "q4", shape = doublecircle, final="true" ];
	q5 [label = "q5", shape = doublecircle, final="true" ];
	q6 [label = "q6", shape = doublecircle, final="true" ];
	q7 [label = "q7", shape = doublecircle, final="true" ];
	q8 [label = "q8"];
	m0 [label = "", shape = square, style = filled, color=grey, fixedsize=true, width=.2];
	m1 [label = "", shape = square, style = filled, color=grey, fixedsize=true, width=.2];
	m2 [label = "", shape = square, style = filled, color=grey, fixedsize=true, width=.2];
	m3 [label = "", shape = square, style = filled, color=grey, fixedsize=true, width=.2];
	m4 [label = "", shape = square, style = filled, color=grey, fixedsize=true, width=.2];
	m5 [label = "", shape = square, style = filled, color=grey, fixedsize=true, width=.2];
	m6 [label = "", shape = square, style = filled, color=grey, fixedsize=true, width=.2];
	m7 [label = "", shape = square, style = filled, color=grey, fixedsize=true, width=.2];
	m8 [label = "", shape = square, style = filled, color=grey, fixedsize=true, width=.2];
	m9 [label = "", shape = square, style = filled, color=grey, fixedsize=true, width=.2];
	m10 [label = "", shape = square, style = filled, color=grey, fixedsize=true, width=.2];
	m11 [label = "", shape = square, style = filled, color=grey, fixedsize=true, width=.2];
	m12 [label = "", shape = square, style = filled, color=grey, fixedsize=true, width=.2];
	m13 [label = "", shape = square, style = filled, color=grey, fixedsize=true, width=.2];
	s0 -> m0
	s1 -> m1
	s2 -> m2
	q3 -> m4 [label = "c"];
	q5 -> m7 [label = "b"];
	q5 -> m0 [label = "b"];
	q1 -> m3 [label = "c"];
	q7 -> m10 [label = "b, c"];
	q3 -> m12 [label = "a"];
	q3 -> m1 [label = "b"];
	q3 -> m0 [label = "b"];
	q5 -> m11 [label = "b"];
	q5 -> m12 [label = "a"];
	q1 -> m9 [label = "a, b"];
	q1 -> m1 [label = "a, b"];
	q5 -> m3 [label = "a"];
	q0 -> m4 [label = "a, b, c"];
	q0 -> m3 [label = "c"];
	q4 -> m8 [label = "b, c"];
	q2 -> m4 [label = "a, c"];
	q4 -> m3 [label = "c"];
	q3 -> m7 [label = "a, b"];
	q8 -> m7 [label = "a"];
	q7 -> m8 [label = "b, c"];
	q8 -> m6 [label = "b"];
	q3 -> m6 [label = "b"];
	q2 -> m9 [label = "a, b"];
	q2 -> m2 [label = "b"];
	q2 -> m8 [label = "a, b, c"];
	q3 -> m13 [label = "c"];
	q6 -> m1 [label = "b"];
	q6 -> m9 [label = "a, b"];
	q4 -> m4 [label = "a, b"];
	q7 -> m3 [label = "a"];
	q8 -> m4 [label = "b, c"];
	q2 -> m1 [label = "b"];
	q8 -> m1 [label = "a"];
	q8 -> m3 [label = "c"];
	q1 -> m4 [label = "b, c"];
	q5 -> m2 [label = "b, c"];
	q4 -> m1 [label = "b"];
	q6 -> m8 [label = "c"];
	q3 -> m8 [label = "a"];
	q8 -> m5 [label = "b"];
	q2 -> m10 [label = "a, c"];
	q3 -> m11 [label = "b"];
	q0 -> m8 [label = "b"];
	q7 -> m4 [label = "b"];
	q0 -> m1 [label = "a, b"];
	q6 -> m0 [label = "b"];
	q4 -> m10 [label = "a"];
	q2 -> m3 [label = "a, c"];
	q5 -> m10 [label = "c"];
	q5 -> m4 [label = "c"];
	q3 -> m2 [label = "c"];
	q5 -> m1 [label = "b"];
	q7 -> m2 [label = "b, c"];
	q5 -> m8 [label = "a, c"];
	m0 -> q0;
	m0 -> q2;
	m0 -> q4;
	m0 -> q7;
	m1 -> q2;
	m1 -> q5;
	m1 -> q7;
	m2 -> q0;
	m2 -> q1;
	m2 -> q4;
	m2 -> q7;
	m2 -> q8;
	m3 -> q0;
	m3 -> q1;
	m3 -> q8;
	m4 -> q1;
	m4 -> q2;
	m4 -> q6;
	m5 -> q0;
	m5 -> q2;
	m5 -> q3;
	m5 -> q4;
	m5 -> q5;
	m5 -> q7;
	m6 -> q0;
	m6 -> q1;
	m6 -> q2;
	m6 -> q3;
	m6 -> q4;
	m6 -> q5;
	m6 -> q8;
	m7 -> q0;
	m7 -> q1;
	m7 -> q2;
	m7 -> q3;
	m7 -> q5;
	m7 -> q6;
	m7 -> q8;
	m8 -> q0;
	m8 -> q2;
	m8 -> q4;
	m9 -> q2;
	m9 -> q3;
	m9 -> q5;
	m10 -> q2;
	m10 -> q4;
	m10 -> q5;
	m10 -> q6;
	m10 -> q7;
	m11 -> q0;
	m11 -> q1;
	m11 -> q2;
	m11 -> q3;
	m11 -> q4;
	m11 -> q5;
	m11 -> q6;
	m12 -> q2;
	m12 -> q3;
	m12 -> q5;
	m12 -> q7;
	m13 -> q0;
	m13 -> q1;
	m13 -> q2;
	m13 -> q4;
	m13 -> q8;
}
RAFA size: 9 states

