Random target AFA:
digraph finite_state_machine {
	rankdir=LR;
	node [shape = circle];
	s0 [shape = point, style = invis, start="true" ];
	s1 [shape = point, style = invis, start="true" ];
	q0 [label = "q0"];
	q1 [label = "q1"];
	q2 [label = "q2", shape = doublecircle, final="true" ];
	q3 [label = "q3", shape = doublecircle, final="true" ];
	q4 [label = "q4", shape = doublecircle, final="true" ];
	q5 [label = "q5"];
	m0 [label = "", shape = square, style = filled, color=grey, fixedsize=true, width=.2];
	m1 [label = "", shape = square, style = filled, color=grey, fixedsize=true, width=.2];
	m2 [label = "", shape = square, style = filled, color=grey, fixedsize=true, width=.2];
	m3 [label = "", shape = square, style = filled, color=grey, fixedsize=true, width=.2];
	m4 [label = "", shape = square, style = filled, color=grey, fixedsize=true, width=.2];
	m5 [label = "", shape = square, style = filled, color=grey, fixedsize=true, width=.2];
	m6 [label = "", shape = square, style = filled, color=grey, fixedsize=true, width=.2];
	m7 [label = "", shape = square, style = filled, color=grey, fixedsize=true, width=.2];
	m8 [label = "", shape = square, style = filled, color=grey, fixedsize=true, width=.2];
	m9 [label = "", shape = square, style = filled, color=grey, fixedsize=true, width=.2];
	m10 [label = "", shape = square, style = filled, color=grey, fixedsize=true, width=.2];
	m11 [label = "", shape = square, style = filled, color=grey, fixedsize=true, width=.2];
	s0 -> q2
	s1 -> q2
	q5 -> q3 [label = "b"];
	q2 -> m0 [label = "c"];
	q3 -> m2 [label = "c"];
	q4 -> m6 [label = "a"];
	q2 -> m4 [label = "a"];
	q3 -> m3 [label = "a"];
	q1 -> q4 [label = "b"];
	q2 -> q3 [label = "b"];
	q1 -> q5 [label = "c"];
	q0 -> q3 [label = "a, c"];
	q0 -> q5 [label = "b"];
	q0 -> m5 [label = "c"];
	q0 -> m1 [label = "a"];
	q4 -> m2 [label = "a"];
	q0 -> q4 [label = "b"];
	q4 -> m0 [label = "c"];
	q5 -> q5 [label = "c"];
	q5 -> m7 [label = "a"];
	q1 -> q2 [label = "c"];
	q4 -> q0 [label = "c"];
	q1 -> m8 [label = "a"];
	q3 -> q3 [label = "b"];
	q2 -> m3 [label = "a"];
	q3 -> m9 [label = "b"];
	q1 -> m10 [label = "b"];
	q2 -> m2 [label = "b"];
	q1 -> m7 [label = "a"];
	q3 -> q4 [label = "a, c"];
	q4 -> q5 [label = "b"];
	q5 -> q0 [label = "a, c"];
	q4 -> m11 [label = "b"];
	q2 -> q4 [label = "c"];
	m0 -> q0;
	m0 -> q1;
	m1 -> q2;
	m1 -> q5;
	m2 -> q1;
	m2 -> q4;
	m3 -> q0;
	m3 -> q2;
	m4 -> q2;
	m4 -> q3;
	m5 -> q0;
	m5 -> q4;
	m6 -> q3;
	m6 -> q5;
	m7 -> q1;
	m7 -> q2;
	m8 -> q0;
	m8 -> q3;
	m9 -> q0;
	m9 -> q5;
	m10 -> q2;
	m10 -> q4;
	m11 -> q1;
	m11 -> q3;
}

L* output after 8 EQ and 4507 MQ:
digraph finite_state_machine {
	rankdir=LR;
	node [shape = circle];
	s0 [shape = point, style = invis, start="true" ];
	q0 [label = "q0", shape = doublecircle, final="true" ];
	q1 [label = "q1", shape = doublecircle, final="true" ];
	q2 [label = "q2", shape = doublecircle, final="true" ];
	q3 [label = "q3", shape = doublecircle, final="true" ];
	q4 [label = "q4", shape = doublecircle, final="true" ];
	q5 [label = "q5", shape = doublecircle, final="true" ];
	q6 [label = "q6", shape = doublecircle, final="true" ];
	q7 [label = "q7", shape = doublecircle, final="true" ];
	q8 [label = "q8", shape = doublecircle, final="true" ];
	q9 [label = "q9", shape = doublecircle, final="true" ];
	q10 [label = "q10", shape = doublecircle, final="true" ];
	q11 [label = "q11", shape = doublecircle, final="true" ];
	q12 [label = "q12", shape = doublecircle, final="true" ];
	q13 [label = "q13", shape = doublecircle, final="true" ];
	q14 [label = "q14", shape = doublecircle, final="true" ];
	q15 [label = "q15"];
	q16 [label = "q16", shape = doublecircle, final="true" ];
	q17 [label = "q17", shape = doublecircle, final="true" ];
	q18 [label = "q18", shape = doublecircle, final="true" ];
	q19 [label = "q19", shape = doublecircle, final="true" ];
	q20 [label = "q20", shape = doublecircle, final="true" ];
	q21 [label = "q21", shape = doublecircle, final="true" ];
	q22 [label = "q22"];
	q23 [label = "q23", shape = doublecircle, final="true" ];
	q24 [label = "q24", shape = doublecircle, final="true" ];
	q25 [label = "q25", shape = doublecircle, final="true" ];
	q26 [label = "q26", shape = doublecircle, final="true" ];
	q27 [label = "q27", shape = doublecircle, final="true" ];
	q28 [label = "q28", shape = doublecircle, final="true" ];
	q29 [label = "q29", shape = doublecircle, final="true" ];
	q30 [label = "q30", shape = doublecircle, final="true" ];
	q31 [label = "q31", shape = doublecircle, final="true" ];
	q32 [label = "q32", shape = doublecircle, final="true" ];
	q33 [label = "q33", shape = doublecircle, final="true" ];
	q34 [label = "q34", shape = doublecircle, final="true" ];
	q35 [label = "q35"];
	q36 [label = "q36", shape = doublecircle, final="true" ];
	q37 [label = "q37", shape = doublecircle, final="true" ];
	q38 [label = "q38", shape = doublecircle, final="true" ];
	q39 [label = "q39"];
	q40 [label = "q40", shape = doublecircle, final="true" ];
	q41 [label = "q41", shape = doublecircle, final="true" ];
	s0 -> q25
	q17 -> q16 [label = "c"];
	q23 -> q20 [label = "b"];
	q21 -> q29 [label = "c"];
	q22 -> q18 [label = "b"];
	q16 -> q34 [label = "b"];
	q20 -> q30 [label = "c"];
	q15 -> q33 [label = "a"];
	q22 -> q21 [label = "a"];
	q11 -> q16 [label = "c"];
	q10 -> q30 [label = "c"];
	q13 -> q36 [label = "a"];
	q3 -> q30 [label = "c"];
	q7 -> q37 [label = "a"];
	q18 -> q31 [label = "a"];
	q2 -> q41 [label = "c"];
	q21 -> q27 [label = "a"];
	q5 -> q6 [label = "b"];
	q6 -> q39 [label = "a"];
	q17 -> q28 [label = "b"];
	q5 -> q1 [label = "a"];
	q18 -> q32 [label = "b"];
	q7 -> q10 [label = "b"];
	q1 -> q41 [label = "c"];
	q7 -> q29 [label = "c"];
	q1 -> q38 [label = "a"];
	q5 -> q13 [label = "c"];
	q0 -> q9 [label = "c"];
	q6 -> q32 [label = "b"];
	q2 -> q21 [label = "a"];
	q0 -> q20 [label = "b"];
	q6 -> q30 [label = "c"];
	q2 -> q4 [label = "b"];
	q1 -> q18 [label = "b"];
	q0 -> q2 [label = "a"];
	q10 -> q32 [label = "b"];
	q10 -> q0 [label = "a"];
	q8 -> q3 [label = "b"];
	q12 -> q12 [label = "a"];
	q13 -> q26 [label = "c"];
	q36 -> q41 [label = "c"];
	q38 -> q28 [label = "b"];
	q31 -> q29 [label = "c"];
	q16 -> q7 [label = "c"];
	q32 -> q7 [label = "c"];
	q19 -> q19 [label = "a"];
	q15 -> q34 [label = "b"];
	q37 -> q29 [label = "c"];
	q39 -> q8 [label = "c"];
	q35 -> q38 [label = "a"];
	q11 -> q28 [label = "b"];
	q32 -> q32 [label = "b"];
	q33 -> q29 [label = "c"];
	q21 -> q28 [label = "b"];
	q25 -> q24 [label = "b"];
	q34 -> q9 [label = "a"];
	q9 -> q9 [label = "c"];
	q37 -> q12 [label = "a"];
	q40 -> q38 [label = "a"];
	q20 -> q10 [label = "b"];
	q3 -> q18 [label = "b"];
	q34 -> q30 [label = "c"];
	q40 -> q41 [label = "c"];
	q12 -> q11 [label = "c"];
	q34 -> q10 [label = "b"];
	q8 -> q33 [label = "a"];
	q33 -> q37 [label = "a"];
	q23 -> q16 [label = "c"];
	q33 -> q3 [label = "b"];
	q35 -> q17 [label = "c"];
	q16 -> q33 [label = "a"];
	q30 -> q30 [label = "c"];
	q12 -> q3 [label = "b"];
	q38 -> q27 [label = "a"];
	q9 -> q33 [label = "a"];
	q35 -> q18 [label = "b"];
	q39 -> q20 [label = "b"];
	q4 -> q31 [label = "a"];
	q38 -> q11 [label = "c"];
	q26 -> q37 [label = "a"];
	q40 -> q4 [label = "b"];
	q22 -> q17 [label = "c"];
	q14 -> q35 [label = "a"];
	q39 -> q2 [label = "a"];
	q41 -> q16 [label = "c"];
	q37 -> q3 [label = "b"];
	q24 -> q17 [label = "c"];
	q23 -> q22 [label = "a"];
	q41 -> q20 [label = "b"];
	q4 -> q9 [label = "c"];
	q14 -> q13 [label = "c"];
	q36 -> q18 [label = "b"];
	q25 -> q19 [label = "a"];
	q14 -> q6 [label = "b"];
	q24 -> q18 [label = "b"];
	q32 -> q31 [label = "a"];
	q18 -> q9 [label = "c"];
	q28 -> q18 [label = "b"];
	q13 -> q20 [label = "b"];
	q31 -> q40 [label = "a"];
	q8 -> q9 [label = "c"];
	q27 -> q17 [label = "c"];
	q29 -> q20 [label = "b"];
	q30 -> q9 [label = "a"];
	q15 -> q8 [label = "c"];
	q11 -> q36 [label = "a"];
	q26 -> q5 [label = "c"];
	q17 -> q24 [label = "a"];
	q31 -> q28 [label = "b"];
	q29 -> q36 [label = "a"];
	q25 -> q23 [label = "c"];
	q36 -> q21 [label = "a"];
	q27 -> q38 [label = "a"];
	q19 -> q24 [label = "b"];
	q29 -> q16 [label = "c"];
	q30 -> q34 [label = "b"];
	q3 -> q0 [label = "a"];
	q28 -> q30 [label = "c"];
	q24 -> q21 [label = "a"];
	q27 -> q4 [label = "b"];
	q28 -> q39 [label = "a"];
	q20 -> q15 [label = "a"];
	q4 -> q18 [label = "b"];
	q26 -> q10 [label = "b"];
	q19 -> q14 [label = "c"];
	q41 -> q24 [label = "a"];
	q9 -> q34 [label = "b"];
}
DFA size: 42 states

NL* output after 8 EQ and 2405 MQ:
digraph finite_state_machine {
	rankdir=LR;
	node [shape = circle];
	s0 [shape = point, style = invis, start="true" ];
	s1 [shape = point, style = invis, start="true" ];
	q0 [label = "q0", shape = doublecircle, final="true" ];
	q1 [label = "q1", shape = doublecircle, final="true" ];
	q2 [label = "q2", shape = doublecircle, final="true" ];
	q3 [label = "q3", shape = doublecircle, final="true" ];
	q4 [label = "q4", shape = doublecircle, final="true" ];
	q5 [label = "q5", shape = doublecircle, final="true" ];
	q6 [label = "q6", shape = doublecircle, final="true" ];
	q7 [label = "q7"];
	q8 [label = "q8", shape = doublecircle, final="true" ];
	q9 [label = "q9", shape = doublecircle, final="true" ];
	q10 [label = "q10", shape = doublecircle, final="true" ];
	q11 [label = "q11", shape = doublecircle, final="true" ];
	q12 [label = "q12"];
	q13 [label = "q13", shape = doublecircle, final="true" ];
	q14 [label = "q14"];
	q15 [label = "q15", shape = doublecircle, final="true" ];
	q16 [label = "q16", shape = doublecircle, final="true" ];
	q17 [label = "q17", shape = doublecircle, final="true" ];
	q18 [label = "q18", shape = doublecircle, final="true" ];
	s0 -> q9
	s1 -> q15
	q9 -> q12 [label = "b"];
	q9 -> q7 [label = "b"];
	q11 -> q12 [label = "a"];
	q11 -> q7 [label = "a"];
	q15 -> q18 [label = "c"];
	q9 -> q15 [label = "a"];
	q11 -> q18 [label = "b"];
	q11 -> q1 [label = "b"];
	q13 -> q17 [label = "c"];
	q13 -> q13 [label = "c"];
	q13 -> q12 [label = "c"];
	q13 -> q11 [label = "c"];
	q13 -> q10 [label = "c"];
	q13 -> q9 [label = "c"];
	q13 -> q8 [label = "c"];
	q13 -> q7 [label = "c"];
	q13 -> q4 [label = "c"];
	q13 -> q2 [label = "c"];
	q13 -> q1 [label = "c"];
	q13 -> q0 [label = "c"];
	q8 -> q18 [label = "c"];
	q8 -> q6 [label = "c"];
	q8 -> q2 [label = "c"];
	q14 -> q13 [label = "b"];
	q8 -> q13 [label = "b"];
	q13 -> q18 [label = "c"];
	q14 -> q1 [label = "b"];
	q8 -> q1 [label = "b"];
	q14 -> q18 [label = "b, c"];
	q14 -> q15 [label = "c"];
	q14 -> q5 [label = "c"];
	q8 -> q17 [label = "a"];
	q4 -> q13 [label = "b"];
	q5 -> q3 [label = "c"];
	q16 -> q17 [label = "c"];
	q0 -> q16 [label = "b"];
	q6 -> q4 [label = "c"];
	q11 -> q13 [label = "b"];
	q3 -> q2 [label = "c"];
	q4 -> q1 [label = "b"];
	q12 -> q8 [label = "a"];
	q2 -> q4 [label = "c"];
	q0 -> q18 [label = "c"];
	q14 -> q12 [label = "a, c"];
	q13 -> q14 [label = "a, c"];
	q15 -> q7 [label = "b"];
	q15 -> q12 [label = "b"];
	q6 -> q10 [label = "a"];
	q9 -> q11 [label = "c"];
	q3 -> q17 [label = "a"];
	q14 -> q3 [label = "c"];
	q17 -> q8 [label = "a"];
	q12 -> q18 [label = "a, c"];
	q15 -> q10 [label = "b"];
	q11 -> q3 [label = "c"];
	q13 -> q6 [label = "c"];
	q3 -> q18 [label = "a, c"];
	q15 -> q15 [label = "a"];
	q12 -> q16 [label = "b"];
	q16 -> q2 [label = "a, c"];
	q17 -> q10 [label = "b"];
	q17 -> q7 [label = "b"];
	q14 -> q10 [label = "a, c"];
	q1 -> q2 [label = "c"];
	q1 -> q4 [label = "c"];
	q5 -> q10 [label = "c"];
	q16 -> q5 [label = "b, c"];
	q17 -> q18 [label = "c"];
	q16 -> q7 [label = "c"];
	q16 -> q0 [label = "c"];
	q5 -> q12 [label = "c"];
	q4 -> q0 [label = "a"];
	q13 -> q5 [label = "b, c"];
	q7 -> q8 [label = "a"];
	q14 -> q8 [label = "c"];
	q18 -> q4 [label = "c"];
	q3 -> q7 [label = "a"];
	q16 -> q12 [label = "c"];
	q16 -> q8 [label = "a, c"];
	q18 -> q7 [label = "a"];
	q5 -> q5 [label = "b"];
	q1 -> q15 [label = "c"];
	q9 -> q10 [label = "b"];
	q16 -> q10 [label = "c"];
	q13 -> q16 [label = "b, c"];
	q1 -> q1 [label = "c"];
	q16 -> q11 [label = "c"];
	q16 -> q15 [label = "c"];
	q4 -> q12 [label = "a"];
	q11 -> q5 [label = "c"];
	q4 -> q18 [label = "b"];
	q0 -> q5 [label = "b"];
	q17 -> q6 [label = "c"];
	q16 -> q14 [label = "c"];
	q11 -> q4 [label = "c"];
	q16 -> q16 [label = "c"];
	q14 -> q7 [label = "a, c"];
	q16 -> q18 [label = "a, c"];
	q3 -> q15 [label = "a"];
	q17 -> q16 [label = "b"];
	q16 -> q6 [label = "c"];
	q14 -> q17 [label = "a, c"];
	q14 -> q0 [label = "a, c"];
	q6 -> q7 [label = "a"];
	q18 -> q1 [label = "b"];
	q1 -> q0 [label = "c"];
	q17 -> q5 [label = "b"];
	q8 -> q7 [label = "a"];
	q1 -> q3 [label = "c"];
	q10 -> q18 [label = "a, c"];
	q16 -> q4 [label = "c"];
	q1 -> q5 [label = "b, c"];
	q1 -> q6 [label = "c"];
	q16 -> q3 [label = "c"];
	q1 -> q7 [label = "c"];
	q9 -> q18 [label = "c"];
	q1 -> q8 [label = "c"];
	q14 -> q6 [label = "c"];
	q7 -> q18 [label = "c"];
	q1 -> q9 [label = "c"];
	q1 -> q10 [label = "c"];
	q6 -> q12 [label = "a"];
	q1 -> q11 [label = "c"];
	q17 -> q12 [label = "b"];
	q5 -> q2 [label = "a, c"];
	q1 -> q12 [label = "c"];
	q1 -> q13 [label = "c"];
	q1 -> q14 [label = "a, c"];
	q1 -> q16 [label = "c"];
	q14 -> q2 [label = "c"];
	q1 -> q17 [label = "c"];
	q12 -> q5 [label = "b"];
	q11 -> q15 [label = "c"];
	q6 -> q3 [label = "c"];
	q5 -> q8 [label = "a"];
	q7 -> q6 [label = "c"];
	q7 -> q16 [label = "b"];
	q3 -> q0 [label = "a"];
	q3 -> q9 [label = "a"];
	q14 -> q16 [label = "c"];
	q3 -> q1 [label = "b"];
	q13 -> q3 [label = "c"];
	q3 -> q5 [label = "b"];
	q10 -> q5 [label = "b"];
	q5 -> q7 [label = "c"];
	q16 -> q9 [label = "c"];
	q17 -> q0 [label = "b"];
	q3 -> q16 [label = "b"];
	q4 -> q3 [label = "c"];
	q13 -> q15 [label = "c"];
	q2 -> q1 [label = "b"];
	q5 -> q0 [label = "c"];
	q10 -> q6 [label = "c"];
	q6 -> q1 [label = "b"];
	q6 -> q15 [label = "c"];
	q7 -> q5 [label = "b"];
	q5 -> q18 [label = "a, c"];
	q4 -> q7 [label = "a"];
	q4 -> q10 [label = "a"];
	q14 -> q9 [label = "c"];
	q0 -> q6 [label = "c"];
	q6 -> q13 [label = "b"];
	q2 -> q0 [label = "a"];
	q3 -> q8 [label = "a"];
	q2 -> q7 [label = "a"];
	q10 -> q8 [label = "a"];
	q6 -> q5 [label = "c"];
	q0 -> q8 [label = "a"];
	q1 -> q18 [label = "c"];
	q12 -> q6 [label = "c"];
	q0 -> q11 [label = "c"];
	q10 -> q16 [label = "b"];
}
NFA size: 19 states

AL* output after 12 EQ and 2782 MQ:
digraph finite_state_machine {
	rankdir=LR;
	node [shape = circle];
	s0 [shape = point, style = invis, start="true" ];
	s1 [shape = point, style = invis, start="true" ];
	s2 [shape = point, style = invis, start="true" ];
	s3 [shape = point, style = invis, start="true" ];
	s4 [shape = point, style = invis, start="true" ];
	q0 [label = "q0", shape = doublecircle, final="true" ];
	q1 [label = "q1"];
	q2 [label = "q2", shape = doublecircle, final="true" ];
	q3 [label = "q3", shape = doublecircle, final="true" ];
	q4 [label = "q4", shape = doublecircle, final="true" ];
	q5 [label = "q5", shape = doublecircle, final="true" ];
	q6 [label = "q6", shape = doublecircle, final="true" ];
	q7 [label = "q7"];
	q8 [label = "q8", shape = doublecircle, final="true" ];
	q9 [label = "q9", shape = doublecircle, final="true" ];
	m0 [label = "", shape = square, style = filled, color=grey, fixedsize=true, width=.2];
	m1 [label = "", shape = square, style = filled, color=grey, fixedsize=true, width=.2];
	m2 [label = "", shape = square, style = filled, color=grey, fixedsize=true, width=.2];
	m3 [label = "", shape = square, style = filled, color=grey, fixedsize=true, width=.2];
	m4 [label = "", shape = square, style = filled, color=grey, fixedsize=true, width=.2];
	m5 [label = "", shape = square, style = filled, color=grey, fixedsize=true, width=.2];
	m6 [label = "", shape = square, style = filled, color=grey, fixedsize=true, width=.2];
	m7 [label = "", shape = square, style = filled, color=grey, fixedsize=true, width=.2];
	m8 [label = "", shape = square, style = filled, color=grey, fixedsize=true, width=.2];
	m9 [label = "", shape = square, style = filled, color=grey, fixedsize=true, width=.2];
	m10 [label = "", shape = square, style = filled, color=grey, fixedsize=true, width=.2];
	m11 [label = "", shape = square, style = filled, color=grey, fixedsize=true, width=.2];
	m12 [label = "", shape = square, style = filled, color=grey, fixedsize=true, width=.2];
	m13 [label = "", shape = square, style = filled, color=grey, fixedsize=true, width=.2];
	m14 [label = "", shape = square, style = filled, color=grey, fixedsize=true, width=.2];
	s0 -> m0
	s1 -> m1
	s2 -> m2
	s3 -> m3
	s4 -> m4
	q9 -> m10 [label = "b"];
	q9 -> m11 [label = "b"];
	q9 -> m14 [label = "a"];
	q8 -> m12 [label = "a"];
	q8 -> m7 [label = "a, b, c"];
	q8 -> m6 [label = "a, c"];
	q2 -> m11 [label = "b"];
	q2 -> m4 [label = "a"];
	q2 -> m8 [label = "a"];
	q9 -> m13 [label = "a"];
	q2 -> m14 [label = "a, b"];
	q2 -> m13 [label = "a"];
	q8 -> m11 [label = "c"];
	q6 -> m8 [label = "a, c"];
	q6 -> m3 [label = "a, c"];
	q7 -> m4 [label = "a, c"];
	q9 -> m8 [label = "a, c"];
	q4 -> m2 [label = "a"];
	q0 -> m11 [label = "b"];
	q6 -> m7 [label = "a, b, c"];
	q4 -> m3 [label = "c"];
	q4 -> m7 [label = "b"];
	q1 -> m11 [label = "b"];
	q6 -> m10 [label = "a, b, c"];
	q0 -> m14 [label = "a"];
	q2 -> m3 [label = "c"];
	q7 -> m10 [label = "a, c"];
	q9 -> m5 [label = "c"];
	q9 -> m6 [label = "c"];
	q3 -> m9 [label = "b, c"];
	q4 -> m14 [label = "b"];
	q3 -> m3 [label = "b, c"];
	q7 -> m12 [label = "a"];
	q5 -> m13 [label = "a"];
	q2 -> m0 [label = "a"];
	q3 -> m0 [label = "a, c"];
	q3 -> m10 [label = "a, c"];
	q4 -> m5 [label = "a, b"];
	q7 -> m3 [label = "a, b, c"];
	q3 -> m4 [label = "a, c"];
	q2 -> m7 [label = "c"];
	q0 -> m3 [label = "a"];
	q3 -> m14 [label = "b"];
	q0 -> m10 [label = "b"];
	q5 -> m11 [label = "b, c"];
	q1 -> m9 [label = "c"];
	q4 -> m13 [label = "b"];
	q7 -> m9 [label = "b, c"];
	q5 -> m7 [label = "a, b, c"];
	q7 -> m0 [label = "a, c"];
	q6 -> m4 [label = "a"];
	q8 -> m9 [label = "b"];
	q7 -> m7 [label = "b"];
	q4 -> m8 [label = "b"];
	q1 -> m7 [label = "a, b, c"];
	q1 -> m3 [label = "a, c"];
	q1 -> m10 [label = "a, b, c"];
	q1 -> m8 [label = "a, c"];
	q0 -> m7 [label = "a, c"];
	q3 -> m12 [label = "a"];
	q1 -> m4 [label = "a, c"];
	q8 -> m5 [label = "b"];
	q5 -> m6 [label = "a, c"];
	q5 -> m8 [label = "a"];
	q9 -> m7 [label = "a, c"];
	q7 -> m8 [label = "b"];
	q8 -> m3 [label = "a"];
	q3 -> m13 [label = "a"];
	q3 -> m7 [label = "b"];
	q3 -> m8 [label = "b"];
	q0 -> m5 [label = "c"];
	q4 -> m0 [label = "a"];
	q8 -> m8 [label = "b"];
	q4 -> m6 [label = "c"];
	q4 -> m4 [label = "a"];
	q4 -> m1 [label = "a"];
	q0 -> m6 [label = "c"];
	q0 -> m8 [label = "a, c"];
	q3 -> m5 [label = "a"];
	q6 -> m11 [label = "b"];
	q2 -> m6 [label = "c"];
	q2 -> m5 [label = "a"];
	m0 -> q0;
	m0 -> q1;
	m0 -> q2;
	m0 -> q3;
	m0 -> q4;
	m0 -> q6;
	m0 -> q7;
	m0 -> q8;
	m1 -> q0;
	m1 -> q1;
	m1 -> q2;
	m1 -> q4;
	m1 -> q5;
	m1 -> q6;
	m1 -> q9;
	m2 -> q1;
	m2 -> q3;
	m2 -> q4;
	m2 -> q5;
	m2 -> q6;
	m2 -> q7;
	m2 -> q8;
	m3 -> q0;
	m3 -> q2;
	m3 -> q4;
	m3 -> q5;
	m3 -> q8;
	m3 -> q9;
	m4 -> q0;
	m4 -> q1;
	m4 -> q2;
	m4 -> q3;
	m4 -> q4;
	m4 -> q6;
	m4 -> q9;
	m5 -> q0;
	m5 -> q2;
	m5 -> q3;
	m5 -> q4;
	m5 -> q5;
	m5 -> q6;
	m5 -> q8;
	m5 -> q9;
	m6 -> q0;
	m6 -> q1;
	m6 -> q6;
	m6 -> q9;
	m7 -> q0;
	m7 -> q1;
	m7 -> q6;
	m7 -> q7;
	m7 -> q8;
	m8 -> q1;
	m8 -> q3;
	m8 -> q5;
	m8 -> q6;
	m8 -> q7;
	m8 -> q8;
	m9 -> q0;
	m9 -> q1;
	m9 -> q5;
	m9 -> q6;
	m9 -> q8;
	m9 -> q9;
	m10 -> q0;
	m10 -> q1;
	m10 -> q2;
	m10 -> q5;
	m10 -> q6;
	m10 -> q9;
	m11 -> q5;
	m11 -> q8;
	m12 -> q1;
	m12 -> q2;
	m12 -> q3;
	m12 -> q4;
	m12 -> q5;
	m12 -> q6;
	m12 -> q7;
	m12 -> q8;
	m13 -> q0;
	m13 -> q1;
	m13 -> q2;
	m13 -> q3;
	m13 -> q4;
	m13 -> q5;
	m13 -> q7;
	m13 -> q8;
	m13 -> q9;
	m14 -> q0;
	m14 -> q1;
	m14 -> q2;
	m14 -> q3;
	m14 -> q5;
	m14 -> q6;
	m14 -> q7;
	m14 -> q9;
}
AFA size: 10 states

