Random target AFA:
digraph finite_state_machine {
	rankdir=LR;
	node [shape = circle];
	s0 [shape = point, style = invis, start="true" ];
	s1 [shape = point, style = invis, start="true" ];
	q0 [label = "q0"];
	q1 [label = "q1", shape = doublecircle, final="true" ];
	q2 [label = "q2"];
	q3 [label = "q3"];
	q4 [label = "q4", shape = doublecircle, final="true" ];
	q5 [label = "q5"];
	m0 [label = "", shape = square, style = filled, color=grey, fixedsize=true, width=.2];
	m1 [label = "", shape = square, style = filled, color=grey, fixedsize=true, width=.2];
	m2 [label = "", shape = square, style = filled, color=grey, fixedsize=true, width=.2];
	m3 [label = "", shape = square, style = filled, color=grey, fixedsize=true, width=.2];
	m4 [label = "", shape = square, style = filled, color=grey, fixedsize=true, width=.2];
	m5 [label = "", shape = square, style = filled, color=grey, fixedsize=true, width=.2];
	s0 -> q2
	s1 -> q2
	q3 -> q5 [label = "c"];
	q5 -> m5 [label = "b"];
	q5 -> q5 [label = "b"];
	q5 -> q3 [label = "a"];
	q3 -> q1 [label = "a"];
	q3 -> m0 [label = "a, c"];
	q3 -> q3 [label = "b"];
	q1 -> q2 [label = "a, b, c"];
	q1 -> q4 [label = "a"];
	q5 -> q1 [label = "c"];
	q4 -> m4 [label = "b"];
	q4 -> q3 [label = "b, c"];
	q5 -> q2 [label = "a"];
	q2 -> q5 [label = "b, c"];
	q0 -> q2 [label = "a, c"];
	q0 -> q4 [label = "b"];
	q3 -> q0 [label = "b"];
	q0 -> q3 [label = "a"];
	q5 -> m3 [label = "c"];
	q2 -> q0 [label = "b, c"];
	q1 -> q3 [label = "b"];
	q2 -> m1 [label = "a"];
	q4 -> m0 [label = "c"];
	q0 -> m2 [label = "c"];
	q4 -> q4 [label = "a"];
	q2 -> q3 [label = "a"];
	q1 -> q0 [label = "c"];
	q4 -> q5 [label = "a"];
	m0 -> q1;
	m0 -> q4;
	m1 -> q0;
	m1 -> q4;
	m2 -> q1;
	m2 -> q3;
	m3 -> q2;
	m3 -> q4;
	m4 -> q1;
	m4 -> q5;
	m5 -> q4;
	m5 -> q5;
}

L* output after 11 EQ and 6440 MQ:
digraph finite_state_machine {
	rankdir=LR;
	node [shape = circle];
	s0 [shape = point, style = invis, start="true" ];
	q0 [label = "q0", shape = doublecircle, final="true" ];
	q1 [label = "q1", shape = doublecircle, final="true" ];
	q2 [label = "q2", shape = doublecircle, final="true" ];
	q3 [label = "q3"];
	q4 [label = "q4", shape = doublecircle, final="true" ];
	q5 [label = "q5", shape = doublecircle, final="true" ];
	q6 [label = "q6", shape = doublecircle, final="true" ];
	q7 [label = "q7", shape = doublecircle, final="true" ];
	q8 [label = "q8", shape = doublecircle, final="true" ];
	q9 [label = "q9", shape = doublecircle, final="true" ];
	q10 [label = "q10", shape = doublecircle, final="true" ];
	q11 [label = "q11", shape = doublecircle, final="true" ];
	q12 [label = "q12", shape = doublecircle, final="true" ];
	q13 [label = "q13", shape = doublecircle, final="true" ];
	q14 [label = "q14"];
	q15 [label = "q15", shape = doublecircle, final="true" ];
	q16 [label = "q16"];
	q17 [label = "q17"];
	q18 [label = "q18", shape = doublecircle, final="true" ];
	q19 [label = "q19", shape = doublecircle, final="true" ];
	q20 [label = "q20"];
	q21 [label = "q21", shape = doublecircle, final="true" ];
	q22 [label = "q22", shape = doublecircle, final="true" ];
	q23 [label = "q23"];
	q24 [label = "q24", shape = doublecircle, final="true" ];
	q25 [label = "q25", shape = doublecircle, final="true" ];
	q26 [label = "q26", shape = doublecircle, final="true" ];
	q27 [label = "q27"];
	q28 [label = "q28"];
	q29 [label = "q29", shape = doublecircle, final="true" ];
	q30 [label = "q30"];
	q31 [label = "q31"];
	q32 [label = "q32", shape = doublecircle, final="true" ];
	q33 [label = "q33"];
	q34 [label = "q34", shape = doublecircle, final="true" ];
	q35 [label = "q35"];
	q36 [label = "q36", shape = doublecircle, final="true" ];
	q37 [label = "q37", shape = doublecircle, final="true" ];
	q38 [label = "q38", shape = doublecircle, final="true" ];
	q39 [label = "q39", shape = doublecircle, final="true" ];
	q40 [label = "q40"];
	q41 [label = "q41", shape = doublecircle, final="true" ];
	q42 [label = "q42", shape = doublecircle, final="true" ];
	q43 [label = "q43", shape = doublecircle, final="true" ];
	q44 [label = "q44", shape = doublecircle, final="true" ];
	q45 [label = "q45", shape = doublecircle, final="true" ];
	q46 [label = "q46", shape = doublecircle, final="true" ];
	q47 [label = "q47", shape = doublecircle, final="true" ];
	s0 -> q31
	q41 -> q18 [label = "c"];
	q45 -> q37 [label = "a"];
	q47 -> q33 [label = "b"];
	q41 -> q38 [label = "b"];
	q43 -> q5 [label = "a"];
	q41 -> q37 [label = "a"];
	q43 -> q33 [label = "b"];
	q45 -> q45 [label = "c"];
	q42 -> q37 [label = "a"];
	q40 -> q42 [label = "c"];
	q40 -> q14 [label = "b"];
	q46 -> q12 [label = "c"];
	q0 -> q13 [label = "b"];
	q11 -> q1 [label = "c"];
	q0 -> q10 [label = "a"];
	q46 -> q3 [label = "b"];
	q6 -> q33 [label = "b"];
	q42 -> q8 [label = "c"];
	q26 -> q44 [label = "c"];
	q1 -> q4 [label = "b"];
	q12 -> q37 [label = "a"];
	q44 -> q37 [label = "a"];
	q3 -> q43 [label = "a"];
	q2 -> q14 [label = "b"];
	q7 -> q13 [label = "b"];
	q4 -> q10 [label = "a"];
	q40 -> q43 [label = "a"];
	q27 -> q36 [label = "c"];
	q39 -> q13 [label = "b"];
	q5 -> q10 [label = "a"];
	q1 -> q45 [label = "c"];
	q35 -> q14 [label = "b"];
	q16 -> q14 [label = "b"];
	q2 -> q15 [label = "c"];
	q32 -> q0 [label = "b"];
	q3 -> q12 [label = "c"];
	q13 -> q10 [label = "a"];
	q9 -> q45 [label = "c"];
	q10 -> q1 [label = "c"];
	q17 -> q2 [label = "a"];
	q12 -> q13 [label = "b"];
	q44 -> q33 [label = "b"];
	q14 -> q43 [label = "a"];
	q39 -> q5 [label = "a"];
	q5 -> q33 [label = "b"];
	q20 -> q43 [label = "a"];
	q36 -> q37 [label = "a"];
	q22 -> q43 [label = "c"];
	q28 -> q24 [label = "c"];
	q47 -> q11 [label = "a"];
	q6 -> q5 [label = "a"];
	q2 -> q5 [label = "a"];
	q21 -> q14 [label = "b"];
	q21 -> q10 [label = "a"];
	q38 -> q14 [label = "b"];
	q14 -> q13 [label = "b"];
	q15 -> q37 [label = "a"];
	q18 -> q17 [label = "c"];
	q1 -> q5 [label = "a"];
	q10 -> q33 [label = "b"];
	q16 -> q43 [label = "a"];
	q18 -> q33 [label = "b"];
	q5 -> q39 [label = "c"];
	q32 -> q10 [label = "a"];
	q34 -> q37 [label = "a"];
	q28 -> q35 [label = "a"];
	q28 -> q19 [label = "b"];
	q21 -> q39 [label = "c"];
	q24 -> q33 [label = "b"];
	q4 -> q13 [label = "b"];
	q22 -> q38 [label = "b"];
	q22 -> q11 [label = "a"];
	q15 -> q13 [label = "b"];
	q34 -> q11 [label = "b"];
	q19 -> q40 [label = "b"];
	q18 -> q37 [label = "a"];
	q16 -> q15 [label = "c"];
	q39 -> q45 [label = "c"];
	q19 -> q11 [label = "a"];
	q17 -> q45 [label = "c"];
	q20 -> q34 [label = "c"];
	q13 -> q13 [label = "b"];
	q24 -> q23 [label = "c"];
	q4 -> q1 [label = "c"];
	q12 -> q45 [label = "c"];
	q13 -> q6 [label = "c"];
	q8 -> q37 [label = "a"];
	q10 -> q10 [label = "a"];
	q33 -> q43 [label = "a"];
	q43 -> q12 [label = "c"];
	q8 -> q4 [label = "b"];
	q7 -> q44 [label = "c"];
	q38 -> q6 [label = "c"];
	q33 -> q45 [label = "c"];
	q23 -> q22 [label = "b"];
	q8 -> q12 [label = "c"];
	q11 -> q14 [label = "b"];
	q9 -> q5 [label = "a"];
	q20 -> q14 [label = "b"];
	q11 -> q10 [label = "a"];
	q31 -> q28 [label = "b, c"];
	q9 -> q14 [label = "b"];
	q7 -> q5 [label = "a"];
	q19 -> q46 [label = "c"];
	q34 -> q8 [label = "c"];
	q35 -> q46 [label = "a"];
	q23 -> q16 [label = "a"];
	q47 -> q39 [label = "c"];
	q24 -> q37 [label = "a"];
	q23 -> q45 [label = "c"];
	q26 -> q14 [label = "b"];
	q6 -> q45 [label = "c"];
	q29 -> q20 [label = "b"];
	q26 -> q37 [label = "a"];
	q30 -> q26 [label = "c"];
	q25 -> q12 [label = "c"];
	q30 -> q27 [label = "b"];
	q29 -> q25 [label = "c"];
	q25 -> q37 [label = "a"];
	q27 -> q32 [label = "b"];
	q46 -> q47 [label = "a"];
	q25 -> q13 [label = "b"];
	q37 -> q10 [label = "a"];
	q30 -> q29 [label = "a"];
	q27 -> q43 [label = "a"];
	q17 -> q13 [label = "b"];
	q29 -> q21 [label = "a"];
	q31 -> q30 [label = "a"];
	q36 -> q45 [label = "c"];
	q38 -> q10 [label = "a"];
	q32 -> q9 [label = "c"];
	q37 -> q7 [label = "c"];
	q3 -> q13 [label = "b"];
	q33 -> q13 [label = "b"];
	q14 -> q44 [label = "c"];
	q35 -> q41 [label = "c"];
	q0 -> q9 [label = "c"];
	q37 -> q14 [label = "b"];
	q15 -> q44 [label = "c"];
	q44 -> q45 [label = "c"];
	q45 -> q4 [label = "b"];
	q36 -> q14 [label = "b"];
	q42 -> q20 [label = "b"];
}
DFA size: 48 states

NL* output after 12 EQ and 3088 MQ:
digraph finite_state_machine {
	rankdir=LR;
	node [shape = circle];
	s0 [shape = point, style = invis, start="true" ];
	q0 [label = "q0", shape = doublecircle, final="true" ];
	q1 [label = "q1", shape = doublecircle, final="true" ];
	q2 [label = "q2", shape = doublecircle, final="true" ];
	q3 [label = "q3", shape = doublecircle, final="true" ];
	q4 [label = "q4", shape = doublecircle, final="true" ];
	q5 [label = "q5", shape = doublecircle, final="true" ];
	q6 [label = "q6"];
	q7 [label = "q7"];
	q8 [label = "q8", shape = doublecircle, final="true" ];
	q9 [label = "q9", shape = doublecircle, final="true" ];
	q10 [label = "q10", shape = doublecircle, final="true" ];
	q11 [label = "q11"];
	q12 [label = "q12"];
	q13 [label = "q13", shape = doublecircle, final="true" ];
	q14 [label = "q14"];
	q15 [label = "q15", shape = doublecircle, final="true" ];
	q16 [label = "q16", shape = doublecircle, final="true" ];
	q17 [label = "q17", shape = doublecircle, final="true" ];
	q18 [label = "q18"];
	q19 [label = "q19"];
	q20 [label = "q20", shape = doublecircle, final="true" ];
	q21 [label = "q21", shape = doublecircle, final="true" ];
	s0 -> q11
	q18 -> q21 [label = "c"];
	q21 -> q2 [label = "a"];
	q19 -> q9 [label = "a"];
	q17 -> q18 [label = "b"];
	q17 -> q14 [label = "b, c"];
	q17 -> q7 [label = "b"];
	q19 -> q12 [label = "a, b"];
	q17 -> q19 [label = "a, b"];
	q17 -> q11 [label = "a, b, c"];
	q20 -> q21 [label = "a"];
	q20 -> q20 [label = "a"];
	q20 -> q16 [label = "a"];
	q21 -> q20 [label = "a"];
	q20 -> q13 [label = "a"];
	q20 -> q8 [label = "a"];
	q20 -> q5 [label = "a"];
	q20 -> q3 [label = "a"];
	q18 -> q19 [label = "a"];
	q18 -> q13 [label = "a"];
	q18 -> q11 [label = "a"];
	q18 -> q9 [label = "a"];
	q18 -> q14 [label = "b"];
	q18 -> q12 [label = "a, b"];
	q18 -> q6 [label = "b"];
	q16 -> q20 [label = "a"];
	q16 -> q15 [label = "a"];
	q17 -> q20 [label = "a"];
	q16 -> q12 [label = "a, c"];
	q16 -> q11 [label = "a"];
	q18 -> q17 [label = "a"];
	q16 -> q2 [label = "a"];
	q20 -> q18 [label = "a, b, c"];
	q20 -> q15 [label = "a, c"];
	q20 -> q6 [label = "b, c"];
	q15 -> q20 [label = "a"];
	q15 -> q19 [label = "a"];
	q15 -> q2 [label = "a"];
	q14 -> q19 [label = "a"];
	q12 -> q12 [label = "b"];
	q10 -> q17 [label = "c"];
	q15 -> q18 [label = "b"];
	q15 -> q12 [label = "a, b"];
	q15 -> q6 [label = "b"];
	q13 -> q20 [label = "a"];
	q13 -> q19 [label = "a, b"];
	q9 -> q15 [label = "c"];
	q9 -> q7 [label = "c"];
	q9 -> q4 [label = "c"];
	q21 -> q12 [label = "a"];
	q3 -> q4 [label = "c"];
	q21 -> q8 [label = "c"];
	q20 -> q14 [label = "b, c"];
	q7 -> q2 [label = "a"];
	q2 -> q15 [label = "c"];
	q2 -> q10 [label = "c"];
	q4 -> q0 [label = "b"];
	q6 -> q19 [label = "a"];
	q6 -> q9 [label = "a"];
	q6 -> q8 [label = "a"];
	q5 -> q20 [label = "a"];
	q6 -> q17 [label = "a"];
	q5 -> q13 [label = "a"];
	q5 -> q9 [label = "a"];
	q5 -> q8 [label = "a"];
	q7 -> q16 [label = "b"];
	q7 -> q6 [label = "b"];
	q7 -> q1 [label = "b"];
	q16 -> q16 [label = "a"];
	q7 -> q0 [label = "b"];
	q3 -> q20 [label = "a"];
	q18 -> q18 [label = "b"];
	q7 -> q12 [label = "a, b"];
	q3 -> q15 [label = "a, c"];
	q3 -> q2 [label = "a, c"];
	q1 -> q6 [label = "b"];
	q1 -> q1 [label = "b"];
	q1 -> q0 [label = "b"];
	q6 -> q2 [label = "a"];
	q7 -> q21 [label = "c"];
	q7 -> q15 [label = "b, c"];
	q20 -> q9 [label = "a"];
	q13 -> q5 [label = "a"];
	q7 -> q8 [label = "c"];
	q16 -> q19 [label = "a"];
	q14 -> q16 [label = "b"];
	q1 -> q16 [label = "a"];
	q0 -> q9 [label = "a"];
	q4 -> q18 [label = "b"];
	q0 -> q5 [label = "a"];
	q10 -> q2 [label = "a"];
	q4 -> q12 [label = "a, b"];
	q17 -> q6 [label = "b"];
	q0 -> q3 [label = "a"];
	q0 -> q14 [label = "b"];
	q4 -> q15 [label = "b, c"];
	q3 -> q10 [label = "c"];
	q8 -> q19 [label = "a, b"];
	q10 -> q15 [label = "b"];
	q7 -> q14 [label = "b, c"];
	q19 -> q14 [label = "b, c"];
	q21 -> q4 [label = "c"];
	q0 -> q16 [label = "a, b"];
	q4 -> q1 [label = "b"];
	q10 -> q20 [label = "a"];
	q13 -> q12 [label = "a"];
	q10 -> q11 [label = "a, c"];
	q0 -> q13 [label = "a"];
	q5 -> q19 [label = "a, c"];
	q0 -> q2 [label = "a, c"];
	q13 -> q18 [label = "b"];
	q2 -> q8 [label = "a"];
	q2 -> q13 [label = "a"];
	q12 -> q6 [label = "b"];
	q9 -> q14 [label = "c"];
	q1 -> q18 [label = "a, c"];
	q0 -> q8 [label = "a"];
	q4 -> q14 [label = "b, c"];
	q5 -> q16 [label = "a"];
	q4 -> q2 [label = "a"];
	q12 -> q15 [label = "c"];
	q7 -> q18 [label = "b"];
	q1 -> q9 [label = "a"];
	q8 -> q20 [label = "a"];
	q8 -> q18 [label = "b"];
	q20 -> q10 [label = "c"];
	q11 -> q12 [label = "a"];
	q2 -> q19 [label = "a"];
	q0 -> q11 [label = "a, c"];
	q10 -> q16 [label = "b"];
	q4 -> q6 [label = "b"];
	q15 -> q15 [label = "c"];
	q0 -> q1 [label = "b"];
	q13 -> q2 [label = "a"];
	q9 -> q8 [label = "a"];
	q3 -> q18 [label = "a, b, c"];
	q15 -> q14 [label = "b"];
	q5 -> q3 [label = "a"];
	q8 -> q11 [label = "a, b, c"];
	q4 -> q16 [label = "b"];
	q9 -> q12 [label = "b"];
	q5 -> q11 [label = "a, c"];
	q9 -> q6 [label = "b"];
	q15 -> q21 [label = "c"];
	q8 -> q6 [label = "b"];
	q20 -> q12 [label = "a, b, c"];
	q9 -> q11 [label = "a, b, c"];
	q16 -> q18 [label = "a, b"];
	q0 -> q10 [label = "b"];
	q15 -> q17 [label = "c"];
	q9 -> q3 [label = "a"];
	q9 -> q13 [label = "a"];
	q13 -> q11 [label = "a, b, c"];
	q9 -> q17 [label = "a"];
	q0 -> q12 [label = "a, b, c"];
	q10 -> q12 [label = "a, b"];
	q4 -> q4 [label = "c"];
	q8 -> q2 [label = "a"];
	q11 -> q14 [label = "b, c"];
	q13 -> q4 [label = "c"];
	q16 -> q5 [label = "a"];
	q5 -> q17 [label = "a"];
	q5 -> q10 [label = "c"];
	q0 -> q19 [label = "a, c"];
	q8 -> q14 [label = "b, c"];
	q5 -> q14 [label = "b, c"];
	q8 -> q7 [label = "b, c"];
	q14 -> q17 [label = "c"];
	q10 -> q19 [label = "a"];
	q4 -> q19 [label = "a"];
	q20 -> q2 [label = "a"];
	q0 -> q18 [label = "a, b, c"];
	q20 -> q19 [label = "a"];
	q0 -> q20 [label = "a"];
	q18 -> q2 [label = "a"];
	q0 -> q21 [label = "a"];
	q2 -> q6 [label = "b"];
	q15 -> q11 [label = "a, c"];
	q2 -> q12 [label = "a, b"];
	q2 -> q14 [label = "b, c"];
	q2 -> q18 [label = "b"];
	q3 -> q6 [label = "b, c"];
	q6 -> q11 [label = "a, c"];
	q1 -> q3 [label = "a"];
	q20 -> q17 [label = "a"];
	q7 -> q17 [label = "c"];
	q0 -> q0 [label = "b"];
	q16 -> q9 [label = "c"];
	q3 -> q16 [label = "a"];
	q4 -> q11 [label = "a, c"];
	q2 -> q2 [label = "a"];
	q10 -> q8 [label = "c"];
	q5 -> q21 [label = "a"];
	q2 -> q5 [label = "a"];
	q9 -> q10 [label = "c"];
	q9 -> q19 [label = "b"];
	q2 -> q11 [label = "a"];
	q4 -> q10 [label = "b, c"];
	q15 -> q8 [label = "c"];
	q2 -> q17 [label = "a"];
	q7 -> q19 [label = "a"];
	q0 -> q17 [label = "a"];
	q6 -> q15 [label = "c"];
	q6 -> q1 [label = "b"];
	q6 -> q13 [label = "a"];
	q14 -> q11 [label = "a, c"];
	q2 -> q9 [label = "a"];
	q1 -> q20 [label = "a"];
	q21 -> q17 [label = "c"];
	q21 -> q11 [label = "a, b, c"];
	q19 -> q10 [label = "c"];
	q12 -> q13 [label = "a"];
	q3 -> q19 [label = "a, b, c"];
	q6 -> q6 [label = "b"];
	q19 -> q18 [label = "b"];
	q2 -> q20 [label = "a"];
	q0 -> q6 [label = "b"];
	q3 -> q14 [label = "b, c"];
	q1 -> q19 [label = "a, c"];
	q20 -> q11 [label = "a"];
	q7 -> q7 [label = "c"];
	q4 -> q20 [label = "a"];
	q17 -> q12 [label = "a, b"];
	q5 -> q2 [label = "a, c"];
	q21 -> q19 [label = "a, b"];
	q6 -> q12 [label = "a, b"];
	q1 -> q11 [label = "a, c"];
	q5 -> q4 [label = "c"];
	q8 -> q12 [label = "a, b"];
	q5 -> q6 [label = "b, c"];
	q19 -> q6 [label = "b"];
	q5 -> q7 [label = "c"];
	q5 -> q12 [label = "a, b, c"];
	q5 -> q15 [label = "a, c"];
	q1 -> q2 [label = "a, c"];
	q4 -> q7 [label = "c"];
	q5 -> q18 [label = "a, b, c"];
	q17 -> q2 [label = "a"];
	q1 -> q12 [label = "a, b, c"];
	q10 -> q18 [label = "b"];
	q1 -> q5 [label = "a"];
	q2 -> q3 [label = "a"];
	q1 -> q8 [label = "a"];
	q1 -> q13 [label = "a"];
	q18 -> q8 [label = "a"];
	q5 -> q5 [label = "a"];
	q1 -> q15 [label = "a, c"];
	q1 -> q17 [label = "a"];
	q3 -> q5 [label = "a"];
	q1 -> q21 [label = "a"];
	q7 -> q11 [label = "a, c"];
	q7 -> q10 [label = "b, c"];
	q3 -> q7 [label = "b, c"];
	q21 -> q18 [label = "b"];
	q3 -> q11 [label = "a, b, c"];
	q0 -> q15 [label = "a, b, c"];
	q3 -> q12 [label = "a, b, c"];
	q7 -> q4 [label = "c"];
}
NFA size: 22 states

