Random target AFA:
digraph finite_state_machine {
	rankdir=LR;
	node [shape = circle];
	s0 [shape = point, style = invis, start="true" ];
	s1 [shape = point, style = invis, start="true" ];
	q0 [label = "q0", shape = doublecircle, final="true" ];
	q1 [label = "q1"];
	q2 [label = "q2"];
	q3 [label = "q3"];
	q4 [label = "q4"];
	q5 [label = "q5", shape = doublecircle, final="true" ];
	m0 [label = "", shape = square, style = filled, color=grey, fixedsize=true, width=.2];
	m1 [label = "", shape = square, style = filled, color=grey, fixedsize=true, width=.2];
	m2 [label = "", shape = square, style = filled, color=grey, fixedsize=true, width=.2];
	m3 [label = "", shape = square, style = filled, color=grey, fixedsize=true, width=.2];
	m4 [label = "", shape = square, style = filled, color=grey, fixedsize=true, width=.2];
	s0 -> q2
	s1 -> q2
	q3 -> q0 [label = "c"];
	q0 -> q3 [label = "c"];
	q1 -> q1 [label = "c"];
	q5 -> m4 [label = "b"];
	q3 -> q4 [label = "c"];
	q2 -> m2 [label = "a, c"];
	q0 -> q2 [label = "c"];
	q0 -> m0 [label = "a"];
	q0 -> m1 [label = "b"];
	q1 -> q5 [label = "a"];
	q0 -> q0 [label = "a"];
	q2 -> q5 [label = "b"];
	q4 -> q4 [label = "b, c"];
	q2 -> q1 [label = "a"];
	q4 -> q3 [label = "a, b"];
	q0 -> q5 [label = "b"];
	q5 -> q1 [label = "c"];
	q1 -> q4 [label = "a"];
	q4 -> q0 [label = "a"];
	q4 -> q2 [label = "c"];
	q5 -> q0 [label = "c"];
	q1 -> q2 [label = "b"];
	q3 -> q5 [label = "b"];
	q3 -> q1 [label = "b"];
	q2 -> q4 [label = "c"];
	q1 -> q3 [label = "b"];
	q3 -> m3 [label = "a"];
	q5 -> m0 [label = "a"];
	q5 -> q4 [label = "a, b"];
	q1 -> m3 [label = "c"];
	q3 -> q3 [label = "a"];
	m0 -> q1;
	m0 -> q3;
	m1 -> q2;
	m1 -> q5;
	m2 -> q0;
	m2 -> q1;
	m3 -> q3;
	m3 -> q5;
	m4 -> q2;
	m4 -> q4;
}

L* output after 11 EQ and 8439 MQ:
digraph finite_state_machine {
	rankdir=LR;
	node [shape = circle];
	s0 [shape = point, style = invis, start="true" ];
	q0 [label = "q0"];
	q1 [label = "q1", shape = doublecircle, final="true" ];
	q2 [label = "q2", shape = doublecircle, final="true" ];
	q3 [label = "q3", shape = doublecircle, final="true" ];
	q4 [label = "q4", shape = doublecircle, final="true" ];
	q5 [label = "q5", shape = doublecircle, final="true" ];
	q6 [label = "q6", shape = doublecircle, final="true" ];
	q7 [label = "q7", shape = doublecircle, final="true" ];
	q8 [label = "q8", shape = doublecircle, final="true" ];
	q9 [label = "q9", shape = doublecircle, final="true" ];
	q10 [label = "q10", shape = doublecircle, final="true" ];
	q11 [label = "q11", shape = doublecircle, final="true" ];
	q12 [label = "q12"];
	q13 [label = "q13", shape = doublecircle, final="true" ];
	q14 [label = "q14", shape = doublecircle, final="true" ];
	q15 [label = "q15"];
	q16 [label = "q16", shape = doublecircle, final="true" ];
	q17 [label = "q17", shape = doublecircle, final="true" ];
	q18 [label = "q18"];
	q19 [label = "q19", shape = doublecircle, final="true" ];
	q20 [label = "q20", shape = doublecircle, final="true" ];
	q21 [label = "q21", shape = doublecircle, final="true" ];
	q22 [label = "q22"];
	q23 [label = "q23", shape = doublecircle, final="true" ];
	q24 [label = "q24", shape = doublecircle, final="true" ];
	q25 [label = "q25", shape = doublecircle, final="true" ];
	q26 [label = "q26", shape = doublecircle, final="true" ];
	q27 [label = "q27"];
	q28 [label = "q28", shape = doublecircle, final="true" ];
	q29 [label = "q29", shape = doublecircle, final="true" ];
	q30 [label = "q30"];
	q31 [label = "q31"];
	q32 [label = "q32", shape = doublecircle, final="true" ];
	q33 [label = "q33"];
	q34 [label = "q34", shape = doublecircle, final="true" ];
	q35 [label = "q35"];
	q36 [label = "q36", shape = doublecircle, final="true" ];
	q37 [label = "q37"];
	q38 [label = "q38", shape = doublecircle, final="true" ];
	q39 [label = "q39"];
	q40 [label = "q40", shape = doublecircle, final="true" ];
	q41 [label = "q41"];
	q42 [label = "q42"];
	q43 [label = "q43"];
	q44 [label = "q44", shape = doublecircle, final="true" ];
	q45 [label = "q45"];
	q46 [label = "q46", shape = doublecircle, final="true" ];
	q47 [label = "q47", shape = doublecircle, final="true" ];
	q48 [label = "q48"];
	q49 [label = "q49", shape = doublecircle, final="true" ];
	q50 [label = "q50"];
	q51 [label = "q51", shape = doublecircle, final="true" ];
	q52 [label = "q52"];
	q53 [label = "q53", shape = doublecircle, final="true" ];
	q54 [label = "q54"];
	q55 [label = "q55"];
	q56 [label = "q56", shape = doublecircle, final="true" ];
	q57 [label = "q57", shape = doublecircle, final="true" ];
	s0 -> q41
	q41 -> q37 [label = "c"];
	q45 -> q16 [label = "a"];
	q47 -> q25 [label = "b"];
	q47 -> q12 [label = "c"];
	q43 -> q28 [label = "b"];
	q45 -> q18 [label = "c"];
	q40 -> q38 [label = "c"];
	q44 -> q20 [label = "a"];
	q46 -> q57 [label = "b"];
	q42 -> q14 [label = "a"];
	q40 -> q31 [label = "a"];
	q42 -> q57 [label = "b"];
	q39 -> q36 [label = "a"];
	q35 -> q49 [label = "c"];
	q37 -> q52 [label = "c"];
	q38 -> q34 [label = "b"];
	q38 -> q33 [label = "c"];
	q34 -> q44 [label = "b"];
	q32 -> q23 [label = "a"];
	q31 -> q51 [label = "a"];
	q29 -> q46 [label = "b"];
	q27 -> q4 [label = "c"];
	q30 -> q23 [label = "a"];
	q41 -> q40 [label = "b"];
	q13 -> q11 [label = "b"];
	q21 -> q29 [label = "a"];
	q17 -> q11 [label = "b"];
	q48 -> q50 [label = "c"];
	q16 -> q20 [label = "a"];
	q40 -> q48 [label = "b"];
	q18 -> q46 [label = "b"];
	q20 -> q53 [label = "a"];
	q16 -> q17 [label = "c"];
	q0 -> q16 [label = "a"];
	q17 -> q13 [label = "a"];
	q56 -> q25 [label = "b"];
	q19 -> q13 [label = "a"];
	q43 -> q24 [label = "c"];
	q53 -> q51 [label = "a"];
	q45 -> q26 [label = "b"];
	q2 -> q3 [label = "c"];
	q5 -> q19 [label = "c"];
	q47 -> q13 [label = "a"];
	q48 -> q51 [label = "a"];
	q26 -> q47 [label = "c"];
	q53 -> q57 [label = "b"];
	q11 -> q19 [label = "c"];
	q54 -> q4 [label = "c"];
	q17 -> q17 [label = "c"];
	q55 -> q20 [label = "a"];
	q21 -> q8 [label = "c"];
	q33 -> q28 [label = "b"];
	q4 -> q16 [label = "a"];
	q50 -> q45 [label = "c"];
	q12 -> q11 [label = "b"];
	q30 -> q21 [label = "c"];
	q18 -> q16 [label = "a"];
	q57 -> q19 [label = "c"];
	q56 -> q20 [label = "a"];
	q42 -> q4 [label = "c"];
	q22 -> q57 [label = "b"];
	q33 -> q24 [label = "c"];
	q16 -> q28 [label = "b"];
	q54 -> q51 [label = "a"];
	q55 -> q11 [label = "b"];
	q18 -> q2 [label = "c"];
	q44 -> q19 [label = "c"];
	q34 -> q56 [label = "c"];
	q15 -> q57 [label = "b"];
	q53 -> q3 [label = "c"];
	q19 -> q25 [label = "b"];
	q6 -> q24 [label = "c"];
	q57 -> q20 [label = "a"];
	q8 -> q17 [label = "c"];
	q43 -> q26 [label = "a"];
	q37 -> q51 [label = "a"];
	q30 -> q15 [label = "b"];
	q13 -> q17 [label = "c"];
	q6 -> q5 [label = "a"];
	q52 -> q16 [label = "a"];
	q14 -> q3 [label = "c"];
	q52 -> q46 [label = "b"];
	q25 -> q47 [label = "c"];
	q51 -> q3 [label = "c"];
	q32 -> q21 [label = "c"];
	q23 -> q27 [label = "b"];
	q50 -> q26 [label = "b"];
	q57 -> q11 [label = "b"];
	q49 -> q22 [label = "c"];
	q36 -> q47 [label = "c"];
	q14 -> q6 [label = "b"];
	q55 -> q19 [label = "c"];
	q15 -> q7 [label = "a"];
	q50 -> q16 [label = "a"];
	q24 -> q17 [label = "c"];
	q49 -> q51 [label = "a"];
	q56 -> q12 [label = "c"];
	q49 -> q26 [label = "b"];
	q48 -> q54 [label = "b"];
	q52 -> q4 [label = "c"];
	q10 -> q17 [label = "c"];
	q20 -> q17 [label = "c"];
	q2 -> q16 [label = "a"];
	q51 -> q32 [label = "b"];
	q31 -> q45 [label = "c"];
	q22 -> q4 [label = "c"];
	q3 -> q3 [label = "c"];
	q22 -> q16 [label = "a"];
	q54 -> q57 [label = "b"];
	q3 -> q16 [label = "a"];
	q14 -> q51 [label = "a"];
	q13 -> q20 [label = "a"];
	q11 -> q13 [label = "a"];
	q44 -> q22 [label = "b"];
	q12 -> q19 [label = "c"];
	q9 -> q56 [label = "c"];
	q35 -> q43 [label = "a"];
	q5 -> q57 [label = "b"];
	q7 -> q20 [label = "a"];
	q4 -> q26 [label = "b"];
	q0 -> q2 [label = "c"];
	q9 -> q57 [label = "a, b"];
	q5 -> q53 [label = "a"];
	q28 -> q11 [label = "b"];
	q41 -> q39 [label = "a"];
	q7 -> q28 [label = "b"];
	q28 -> q24 [label = "c"];
	q3 -> q57 [label = "b"];
	q1 -> q10 [label = "a"];
	q6 -> q11 [label = "b"];
	q2 -> q46 [label = "b"];
	q33 -> q57 [label = "a"];
	q0 -> q57 [label = "b"];
	q4 -> q0 [label = "c"];
	q36 -> q53 [label = "a"];
	q1 -> q26 [label = "b"];
	q19 -> q17 [label = "c"];
	q37 -> q42 [label = "b"];
	q7 -> q19 [label = "c"];
	q10 -> q6 [label = "b"];
	q8 -> q13 [label = "a"];
	q34 -> q55 [label = "a"];
	q10 -> q53 [label = "a"];
	q38 -> q29 [label = "a"];
	q21 -> q9 [label = "b"];
	q8 -> q28 [label = "b"];
	q51 -> q51 [label = "a"];
	q12 -> q13 [label = "a"];
	q46 -> q20 [label = "a"];
	q29 -> q53 [label = "a"];
	q23 -> q47 [label = "c"];
	q11 -> q11 [label = "b"];
	q15 -> q1 [label = "c"];
	q36 -> q54 [label = "b"];
	q32 -> q22 [label = "b"];
	q23 -> q53 [label = "a"];
	q24 -> q20 [label = "a"];
	q39 -> q35 [label = "b"];
	q26 -> q57 [label = "b"];
	q1 -> q0 [label = "c"];
	q24 -> q25 [label = "b"];
	q26 -> q53 [label = "a"];
	q39 -> q30 [label = "c"];
	q28 -> q57 [label = "a"];
	q46 -> q47 [label = "c"];
	q25 -> q13 [label = "a"];
	q27 -> q57 [label = "b"];
	q35 -> q32 [label = "b"];
	q25 -> q57 [label = "b"];
	q27 -> q10 [label = "a"];
	q29 -> q17 [label = "c"];
	q20 -> q57 [label = "b"];
	q31 -> q27 [label = "b"];
}
DFA size: 58 states

NL* output after 12 EQ and 3349 MQ:
digraph finite_state_machine {
	rankdir=LR;
	node [shape = circle];
	s0 [shape = point, style = invis, start="true" ];
	q0 [label = "q0", shape = doublecircle, final="true" ];
	q1 [label = "q1", shape = doublecircle, final="true" ];
	q2 [label = "q2", shape = doublecircle, final="true" ];
	q3 [label = "q3", shape = doublecircle, final="true" ];
	q4 [label = "q4", shape = doublecircle, final="true" ];
	q5 [label = "q5"];
	q6 [label = "q6"];
	q7 [label = "q7"];
	q8 [label = "q8"];
	q9 [label = "q9"];
	q10 [label = "q10", shape = doublecircle, final="true" ];
	q11 [label = "q11"];
	q12 [label = "q12", shape = doublecircle, final="true" ];
	q13 [label = "q13"];
	q14 [label = "q14"];
	q15 [label = "q15"];
	q16 [label = "q16"];
	q17 [label = "q17"];
	q18 [label = "q18"];
	q19 [label = "q19", shape = doublecircle, final="true" ];
	q20 [label = "q20", shape = doublecircle, final="true" ];
	q21 [label = "q21"];
	s0 -> q9
	q18 -> q9 [label = "c"];
	q20 -> q11 [label = "b"];
	q20 -> q10 [label = "b"];
	q17 -> q15 [label = "c"];
	q17 -> q12 [label = "c"];
	q17 -> q1 [label = "c"];
	q21 -> q4 [label = "a"];
	q19 -> q20 [label = "a"];
	q17 -> q17 [label = "b"];
	q17 -> q14 [label = "b, c"];
	q17 -> q13 [label = "b"];
	q17 -> q11 [label = "b, c"];
	q17 -> q0 [label = "b"];
	q17 -> q21 [label = "a"];
	q17 -> q18 [label = "a, c"];
	q17 -> q16 [label = "a, c"];
	q17 -> q7 [label = "a"];
	q5 -> q2 [label = "a, b"];
	q6 -> q16 [label = "b"];
	q5 -> q15 [label = "b, c"];
	q7 -> q9 [label = "c"];
	q6 -> q8 [label = "b"];
	q13 -> q10 [label = "b"];
	q2 -> q15 [label = "a, c"];
	q2 -> q7 [label = "a"];
	q8 -> q3 [label = "a"];
	q11 -> q9 [label = "b"];
	q3 -> q8 [label = "c"];
	q8 -> q9 [label = "c"];
	q1 -> q8 [label = "c"];
	q9 -> q18 [label = "c"];
	q0 -> q17 [label = "b"];
	q6 -> q1 [label = "c"];
	q7 -> q19 [label = "c"];
	q0 -> q14 [label = "b, c"];
	q0 -> q13 [label = "b"];
	q0 -> q8 [label = "b"];
	q0 -> q6 [label = "b"];
	q2 -> q20 [label = "a"];
	q19 -> q18 [label = "b, c"];
	q17 -> q9 [label = "b"];
	q14 -> q9 [label = "b"];
	q3 -> q14 [label = "b, c"];
	q0 -> q5 [label = "b"];
	q6 -> q9 [label = "c"];
	q2 -> q11 [label = "b, c"];
	q17 -> q5 [label = "b"];
	q9 -> q10 [label = "b"];
	q2 -> q10 [label = "a, b, c"];
	q17 -> q10 [label = "a, b, c"];
	q2 -> q4 [label = "a"];
	q0 -> q15 [label = "a, b, c"];
	q3 -> q12 [label = "c"];
	q20 -> q14 [label = "b"];
	q4 -> q20 [label = "a, c"];
	q2 -> q0 [label = "b"];
	q4 -> q19 [label = "c"];
	q4 -> q13 [label = "c"];
	q4 -> q6 [label = "c"];
	q4 -> q5 [label = "c"];
	q4 -> q1 [label = "c"];
	q12 -> q14 [label = "c"];
	q13 -> q14 [label = "a, b"];
	q2 -> q21 [label = "a"];
	q12 -> q13 [label = "b, c"];
	q3 -> q19 [label = "a, c"];
	q2 -> q14 [label = "b, c"];
	q12 -> q11 [label = "c"];
	q15 -> q6 [label = "c"];
	q8 -> q20 [label = "a"];
	q8 -> q4 [label = "a"];
	q0 -> q18 [label = "a, b, c"];
	q14 -> q13 [label = "b"];
	q0 -> q16 [label = "a, b, c"];
	q21 -> q18 [label = "b, c"];
	q3 -> q11 [label = "b, c"];
	q19 -> q13 [label = "c"];
	q20 -> q15 [label = "c"];
	q19 -> q6 [label = "c"];
	q5 -> q7 [label = "b"];
	q13 -> q19 [label = "c"];
	q6 -> q15 [label = "c"];
	q2 -> q9 [label = "b, c"];
	q9 -> q11 [label = "a"];
	q13 -> q17 [label = "a"];
	q11 -> q10 [label = "a"];
	q21 -> q15 [label = "b, c"];
	q4 -> q15 [label = "c"];
	q19 -> q10 [label = "b"];
	q19 -> q8 [label = "c"];
	q7 -> q7 [label = "b"];
	q3 -> q10 [label = "b, c"];
	q0 -> q21 [label = "a, b"];
	q15 -> q9 [label = "c"];
	q21 -> q21 [label = "b"];
	q15 -> q18 [label = "b, c"];
	q6 -> q21 [label = "b"];
	q21 -> q10 [label = "b"];
	q11 -> q13 [label = "b"];
	q10 -> q16 [label = "a"];
	q0 -> q2 [label = "b"];
	q21 -> q1 [label = "c"];
	q13 -> q18 [label = "c"];
	q8 -> q1 [label = "c"];
	q21 -> q0 [label = "b"];
	q8 -> q19 [label = "c"];
	q6 -> q18 [label = "b, c"];
	q8 -> q15 [label = "b, c"];
	q0 -> q10 [label = "a, b, c"];
	q16 -> q18 [label = "b, c"];
	q4 -> q7 [label = "c"];
	q5 -> q18 [label = "b, c"];
	q5 -> q21 [label = "b"];
	q0 -> q11 [label = "b, c"];
	q21 -> q14 [label = "b"];
	q19 -> q21 [label = "b, c"];
	q15 -> q16 [label = "b, c"];
	q2 -> q19 [label = "a, c"];
	q8 -> q18 [label = "b, c"];
	q8 -> q17 [label = "b"];
	q4 -> q16 [label = "c"];
	q5 -> q16 [label = "b"];
	q4 -> q21 [label = "c"];
	q8 -> q0 [label = "b"];
	q4 -> q8 [label = "c"];
	q21 -> q7 [label = "b"];
	q8 -> q16 [label = "b"];
	q4 -> q18 [label = "c"];
	q4 -> q4 [label = "c"];
	q1 -> q20 [label = "a"];
	q6 -> q10 [label = "b"];
	q17 -> q19 [label = "c"];
	q2 -> q3 [label = "a"];
	q21 -> q16 [label = "b"];
	q3 -> q7 [label = "a, c"];
	q7 -> q10 [label = "b"];
	q7 -> q11 [label = "b"];
	q2 -> q17 [label = "b"];
	q19 -> q7 [label = "b, c"];
	q21 -> q2 [label = "b"];
	q19 -> q5 [label = "c"];
	q10 -> q11 [label = "c"];
	q21 -> q11 [label = "b"];
	q6 -> q7 [label = "b"];
	q2 -> q1 [label = "c"];
	q4 -> q10 [label = "b"];
	q5 -> q0 [label = "b"];
	q8 -> q2 [label = "b"];
	q14 -> q12 [label = "c"];
	q2 -> q18 [label = "a, c"];
	q12 -> q17 [label = "c"];
	q8 -> q8 [label = "b"];
	q6 -> q11 [label = "a"];
	q21 -> q8 [label = "b"];
	q3 -> q6 [label = "c"];
	q7 -> q21 [label = "b"];
	q6 -> q2 [label = "a"];
	q14 -> q5 [label = "b"];
	q20 -> q20 [label = "a, c"];
	q4 -> q9 [label = "c"];
	q20 -> q19 [label = "c"];
	q19 -> q9 [label = "c"];
	q8 -> q7 [label = "b"];
	q7 -> q2 [label = "b"];
	q8 -> q10 [label = "b"];
	q3 -> q2 [label = "c"];
	q8 -> q14 [label = "b"];
	q0 -> q19 [label = "c"];
	q12 -> q15 [label = "a"];
	q1 -> q3 [label = "a"];
	q8 -> q21 [label = "b"];
	q13 -> q15 [label = "c"];
	q14 -> q18 [label = "a"];
	q21 -> q20 [label = "a"];
	q19 -> q16 [label = "b, c"];
	q10 -> q18 [label = "a, b"];
	q1 -> q5 [label = "c"];
	q0 -> q9 [label = "b"];
	q12 -> q16 [label = "a"];
	q0 -> q1 [label = "c"];
	q0 -> q12 [label = "c"];
	q14 -> q14 [label = "c"];
	q12 -> q18 [label = "a"];
	q10 -> q12 [label = "c"];
	q14 -> q10 [label = "a"];
	q5 -> q1 [label = "c"];
	q1 -> q4 [label = "a"];
	q6 -> q14 [label = "a"];
	q20 -> q4 [label = "c"];
	q3 -> q0 [label = "b, c"];
	q21 -> q9 [label = "c"];
	q3 -> q17 [label = "b, c"];
	q7 -> q1 [label = "c"];
	q7 -> q15 [label = "b, c"];
	q7 -> q18 [label = "b, c"];
	q1 -> q9 [label = "c"];
	q1 -> q7 [label = "b, c"];
	q1 -> q10 [label = "b"];
	q1 -> q16 [label = "b, c"];
	q1 -> q18 [label = "b, c"];
	q1 -> q21 [label = "b, c"];
	q7 -> q20 [label = "a"];
	q3 -> q5 [label = "c"];
	q3 -> q4 [label = "a, c"];
	q7 -> q17 [label = "b"];
	q3 -> q15 [label = "a, c"];
	q18 -> q18 [label = "b, c"];
	q3 -> q16 [label = "a, c"];
	q4 -> q11 [label = "b"];
	q16 -> q9 [label = "c"];
	q3 -> q18 [label = "a, c"];
	q3 -> q20 [label = "a, c"];
	q7 -> q0 [label = "b"];
	q16 -> q16 [label = "b"];
	q7 -> q8 [label = "b"];
	q20 -> q9 [label = "c"];
	q7 -> q14 [label = "b"];
	q15 -> q7 [label = "b"];
	q6 -> q19 [label = "c"];
	q5 -> q11 [label = "a, b"];
	q5 -> q14 [label = "a, b"];
	q11 -> q18 [label = "a"];
	q5 -> q17 [label = "a, b"];
	q5 -> q19 [label = "c"];
	q7 -> q16 [label = "b"];
	q5 -> q10 [label = "b"];
	q1 -> q6 [label = "c"];
	q1 -> q13 [label = "c"];
	q1 -> q15 [label = "c"];
	q0 -> q7 [label = "a, b"];
	q6 -> q3 [label = "a"];
	q8 -> q11 [label = "b"];
	q6 -> q12 [label = "a"];
	q21 -> q19 [label = "c"];
	q6 -> q17 [label = "a"];
	q6 -> q20 [label = "a"];
	q3 -> q13 [label = "c"];
	q20 -> q7 [label = "c"];
	q4 -> q0 [label = "b"];
	q4 -> q14 [label = "b"];
	q4 -> q17 [label = "b"];
	q2 -> q6 [label = "c"];
	q2 -> q12 [label = "c"];
	q5 -> q8 [label = "b"];
	q18 -> q16 [label = "b"];
	q3 -> q1 [label = "c"];
	q14 -> q16 [label = "a"];
	q3 -> q9 [label = "c"];
	q3 -> q21 [label = "c"];
	q0 -> q0 [label = "b"];
	q9 -> q15 [label = "c"];
	q3 -> q3 [label = "c"];
	q15 -> q21 [label = "b"];
	q11 -> q11 [label = "c"];
	q2 -> q16 [label = "a, c"];
	q12 -> q10 [label = "a, b"];
	q11 -> q14 [label = "c"];
	q15 -> q20 [label = "a"];
	q20 -> q1 [label = "c"];
	q12 -> q9 [label = "b, c"];
	q20 -> q5 [label = "c"];
	q20 -> q6 [label = "c"];
	q20 -> q8 [label = "c"];
	q21 -> q17 [label = "b"];
	q20 -> q13 [label = "c"];
	q20 -> q16 [label = "c"];
	q2 -> q5 [label = "b"];
	q20 -> q18 [label = "c"];
	q12 -> q19 [label = "a"];
	q20 -> q21 [label = "c"];
	q16 -> q20 [label = "a"];
	q16 -> q15 [label = "c"];
	q6 -> q4 [label = "a"];
	q18 -> q7 [label = "b"];
	q16 -> q7 [label = "b"];
	q13 -> q11 [label = "a, b"];
	q16 -> q8 [label = "b"];
	q16 -> q21 [label = "b"];
	q14 -> q11 [label = "c"];
	q2 -> q13 [label = "b"];
	q18 -> q20 [label = "a"];
}
NFA size: 22 states

AL* output after 19 EQ and 1832 MQ:
digraph finite_state_machine {
	rankdir=LR;
	node [shape = circle];
	s0 [shape = point, style = invis, start="true" ];
	q0 [label = "q0"];
	q1 [label = "q1", shape = doublecircle, final="true" ];
	q2 [label = "q2", shape = doublecircle, final="true" ];
	q3 [label = "q3"];
	q4 [label = "q4"];
	q5 [label = "q5", shape = doublecircle, final="true" ];
	q6 [label = "q6"];
	q7 [label = "q7", shape = doublecircle, final="true" ];
	q8 [label = "q8"];
	m0 [label = "", shape = square, style = filled, color=grey, fixedsize=true, width=.2];
	m1 [label = "", shape = square, style = filled, color=grey, fixedsize=true, width=.2];
	m2 [label = "", shape = square, style = filled, color=grey, fixedsize=true, width=.2];
	m3 [label = "", shape = square, style = filled, color=grey, fixedsize=true, width=.2];
	m4 [label = "", shape = square, style = filled, color=grey, fixedsize=true, width=.2];
	m5 [label = "", shape = square, style = filled, color=grey, fixedsize=true, width=.2];
	m6 [label = "", shape = square, style = filled, color=grey, fixedsize=true, width=.2];
	m7 [label = "", shape = square, style = filled, color=grey, fixedsize=true, width=.2];
	m8 [label = "", shape = square, style = filled, color=grey, fixedsize=true, width=.2];
	m9 [label = "", shape = square, style = filled, color=grey, fixedsize=true, width=.2];
	m10 [label = "", shape = square, style = filled, color=grey, fixedsize=true, width=.2];
	m11 [label = "", shape = square, style = filled, color=grey, fixedsize=true, width=.2];
	m12 [label = "", shape = square, style = filled, color=grey, fixedsize=true, width=.2];
	s0 -> m0
	q3 -> m0 [label = "c"];
	q3 -> m3 [label = "c"];
	q5 -> m9 [label = "b"];
	q5 -> m7 [label = "b"];
	q6 -> m5 [label = "a"];
	q6 -> m8 [label = "a"];
	q6 -> m3 [label = "a"];
	q6 -> m2 [label = "a"];
	q1 -> m0 [label = "c"];
	q7 -> m5 [label = "a, b"];
	q7 -> m4 [label = "a, b"];
	q7 -> m3 [label = "a, b"];
	q7 -> m2 [label = "a, b"];
	q0 -> m9 [label = "b, c"];
	q6 -> m6 [label = "a"];
	q0 -> m4 [label = "a"];
	q2 -> m2 [label = "a"];
	q1 -> m6 [label = "b"];
	q2 -> m0 [label = "b, c"];
	q0 -> m8 [label = "a"];
	q3 -> m11 [label = "a, b"];
	q0 -> m2 [label = "a"];
	q3 -> m10 [label = "a"];
	q6 -> m7 [label = "a, c"];
	q0 -> m11 [label = "a, b"];
	q5 -> m6 [label = "b"];
	q8 -> m5 [label = "b, c"];
	q6 -> m4 [label = "a"];
	q2 -> m10 [label = "a"];
	q0 -> m6 [label = "a, b"];
	q8 -> m1 [label = "c"];
	q8 -> m3 [label = "c"];
	q2 -> m11 [label = "b, c"];
	q8 -> m7 [label = "b"];
	q8 -> m9 [label = "a"];
	q4 -> m10 [label = "c"];
	q8 -> m2 [label = "c"];
	q3 -> m2 [label = "b, c"];
	q0 -> m5 [label = "a, b, c"];
	q8 -> m4 [label = "c"];
	q4 -> m2 [label = "c"];
	q2 -> m8 [label = "a, b"];
	q6 -> m0 [label = "b"];
	q8 -> m6 [label = "b"];
	q7 -> m12 [label = "a"];
	q0 -> m0 [label = "b"];
	q4 -> m6 [label = "b"];
	q6 -> m9 [label = "c"];
	q8 -> m8 [label = "b"];
	q4 -> m7 [label = "b"];
	q4 -> m3 [label = "c"];
	q4 -> m11 [label = "a"];
	q2 -> m6 [label = "b"];
	q2 -> m5 [label = "a, b"];
	q5 -> m0 [label = "c"];
	q4 -> m5 [label = "b, c"];
	q2 -> m3 [label = "a"];
	q2 -> m9 [label = "c"];
	q5 -> m10 [label = "a, c"];
	q1 -> m10 [label = "a"];
	q3 -> m5 [label = "b, c"];
	q6 -> m11 [label = "b"];
	q1 -> m5 [label = "b, c"];
	q0 -> m7 [label = "c"];
	q1 -> m8 [label = "b"];
	q0 -> m3 [label = "c"];
	q4 -> m9 [label = "a, b"];
	q0 -> m10 [label = "c"];
	q5 -> m11 [label = "a, c"];
	q2 -> m7 [label = "a"];
	q5 -> m2 [label = "c"];
	q1 -> m4 [label = "b, c"];
	q2 -> m12 [label = "a"];
	q5 -> m5 [label = "b, c"];
	q1 -> m11 [label = "a, b, c"];
	q3 -> m4 [label = "b, c"];
	q7 -> m10 [label = "c"];
	q7 -> m9 [label = "c"];
	q1 -> m2 [label = "b, c"];
	m0 -> q4;
	m0 -> q8;
	m1 -> q0;
	m1 -> q1;
	m1 -> q2;
	m1 -> q5;
	m1 -> q6;
	m2 -> q0;
	m2 -> q1;
	m2 -> q2;
	m2 -> q3;
	m2 -> q6;
	m3 -> q0;
	m3 -> q1;
	m3 -> q3;
	m3 -> q4;
	m3 -> q5;
	m4 -> q1;
	m4 -> q2;
	m4 -> q3;
	m4 -> q5;
	m5 -> q1;
	m5 -> q3;
	m5 -> q7;
	m6 -> q1;
	m6 -> q2;
	m6 -> q5;
	m6 -> q7;
	m7 -> q0;
	m7 -> q4;
	m7 -> q5;
	m7 -> q7;
	m8 -> q0;
	m8 -> q2;
	m8 -> q6;
	m8 -> q7;
	m9 -> q0;
	m9 -> q2;
	m9 -> q6;
	m10 -> q1;
	m10 -> q2;
	m10 -> q5;
	m11 -> q0;
	m11 -> q4;
	m11 -> q5;
	m12 -> q0;
	m12 -> q2;
	m12 -> q4;
	m12 -> q5;
	m12 -> q6;
}
AFA size: 9 states

AL** output after 20 EQ and 1832 MQ:
digraph finite_state_machine {
	rankdir=LR;
	node [shape = circle];
	s0 [shape = point, style = invis, start="true" ];
	q0 [label = "q0"];
	q1 [label = "q1", shape = doublecircle, final="true" ];
	q2 [label = "q2", shape = doublecircle, final="true" ];
	q3 [label = "q3"];
	q4 [label = "q4"];
	q5 [label = "q5", shape = doublecircle, final="true" ];
	q6 [label = "q6"];
	q7 [label = "q7", shape = doublecircle, final="true" ];
	q8 [label = "q8"];
	m0 [label = "", shape = square, style = filled, color=grey, fixedsize=true, width=.2];
	m1 [label = "", shape = square, style = filled, color=grey, fixedsize=true, width=.2];
	m2 [label = "", shape = square, style = filled, color=grey, fixedsize=true, width=.2];
	m3 [label = "", shape = square, style = filled, color=grey, fixedsize=true, width=.2];
	m4 [label = "", shape = square, style = filled, color=grey, fixedsize=true, width=.2];
	m5 [label = "", shape = square, style = filled, color=grey, fixedsize=true, width=.2];
	m6 [label = "", shape = square, style = filled, color=grey, fixedsize=true, width=.2];
	m7 [label = "", shape = square, style = filled, color=grey, fixedsize=true, width=.2];
	m8 [label = "", shape = square, style = filled, color=grey, fixedsize=true, width=.2];
	m9 [label = "", shape = square, style = filled, color=grey, fixedsize=true, width=.2];
	m10 [label = "", shape = square, style = filled, color=grey, fixedsize=true, width=.2];
	m11 [label = "", shape = square, style = filled, color=grey, fixedsize=true, width=.2];
	m12 [label = "", shape = square, style = filled, color=grey, fixedsize=true, width=.2];
	s0 -> m0
	q3 -> m0 [label = "c"];
	q3 -> m3 [label = "c"];
	q5 -> m9 [label = "b"];
	q5 -> m7 [label = "b"];
	q6 -> m5 [label = "a"];
	q6 -> m8 [label = "a"];
	q6 -> m3 [label = "a"];
	q6 -> m2 [label = "a"];
	q1 -> m0 [label = "c"];
	q7 -> m5 [label = "a, b"];
	q7 -> m4 [label = "a, b"];
	q7 -> m3 [label = "a, b"];
	q7 -> m2 [label = "a, b"];
	q0 -> m9 [label = "b, c"];
	q6 -> m6 [label = "a"];
	q0 -> m4 [label = "a"];
	q2 -> m2 [label = "a"];
	q1 -> m6 [label = "b"];
	q2 -> m0 [label = "b, c"];
	q0 -> m8 [label = "a"];
	q3 -> m11 [label = "a, b"];
	q0 -> m2 [label = "a"];
	q3 -> m10 [label = "a"];
	q6 -> m7 [label = "a, c"];
	q0 -> m11 [label = "a, b"];
	q5 -> m6 [label = "b"];
	q8 -> m5 [label = "b, c"];
	q6 -> m4 [label = "a"];
	q2 -> m10 [label = "a"];
	q0 -> m6 [label = "a, b"];
	q8 -> m1 [label = "c"];
	q8 -> m3 [label = "c"];
	q2 -> m11 [label = "b, c"];
	q8 -> m7 [label = "b"];
	q8 -> m9 [label = "a"];
	q4 -> m10 [label = "c"];
	q8 -> m2 [label = "c"];
	q3 -> m2 [label = "b, c"];
	q0 -> m5 [label = "a, b, c"];
	q8 -> m4 [label = "c"];
	q4 -> m2 [label = "c"];
	q2 -> m8 [label = "a, b"];
	q6 -> m0 [label = "b"];
	q8 -> m6 [label = "b"];
	q7 -> m12 [label = "a"];
	q0 -> m0 [label = "b"];
	q4 -> m6 [label = "b"];
	q6 -> m9 [label = "c"];
	q8 -> m8 [label = "b"];
	q4 -> m7 [label = "b"];
	q4 -> m3 [label = "c"];
	q4 -> m11 [label = "a"];
	q2 -> m6 [label = "b"];
	q2 -> m5 [label = "a, b"];
	q5 -> m0 [label = "c"];
	q4 -> m5 [label = "b, c"];
	q2 -> m3 [label = "a"];
	q2 -> m9 [label = "c"];
	q5 -> m10 [label = "a, c"];
	q1 -> m10 [label = "a"];
	q3 -> m5 [label = "b, c"];
	q6 -> m11 [label = "b"];
	q1 -> m5 [label = "b, c"];
	q0 -> m7 [label = "c"];
	q1 -> m8 [label = "b"];
	q0 -> m3 [label = "c"];
	q4 -> m9 [label = "a, b"];
	q0 -> m10 [label = "c"];
	q5 -> m11 [label = "a, c"];
	q2 -> m7 [label = "a"];
	q5 -> m2 [label = "c"];
	q1 -> m4 [label = "b, c"];
	q2 -> m12 [label = "a"];
	q5 -> m5 [label = "b, c"];
	q1 -> m11 [label = "a, b, c"];
	q3 -> m4 [label = "b, c"];
	q7 -> m10 [label = "c"];
	q7 -> m9 [label = "c"];
	q1 -> m2 [label = "b, c"];
	m0 -> q4;
	m0 -> q8;
	m1 -> q0;
	m1 -> q1;
	m1 -> q2;
	m1 -> q5;
	m1 -> q6;
	m2 -> q0;
	m2 -> q1;
	m2 -> q2;
	m2 -> q3;
	m2 -> q6;
	m3 -> q0;
	m3 -> q1;
	m3 -> q3;
	m3 -> q4;
	m3 -> q5;
	m4 -> q1;
	m4 -> q2;
	m4 -> q3;
	m4 -> q5;
	m5 -> q1;
	m5 -> q3;
	m5 -> q7;
	m6 -> q1;
	m6 -> q2;
	m6 -> q5;
	m6 -> q7;
	m7 -> q0;
	m7 -> q4;
	m7 -> q5;
	m7 -> q7;
	m8 -> q0;
	m8 -> q2;
	m8 -> q6;
	m8 -> q7;
	m9 -> q0;
	m9 -> q2;
	m9 -> q6;
	m10 -> q1;
	m10 -> q2;
	m10 -> q5;
	m11 -> q0;
	m11 -> q4;
	m11 -> q5;
	m12 -> q0;
	m12 -> q2;
	m12 -> q4;
	m12 -> q5;
	m12 -> q6;
}
RAFA size: 9 states

