Random target AFA:
digraph finite_state_machine {
	rankdir=LR;
	node [shape = circle];
	s0 [shape = point, style = invis, start="true" ];
	s1 [shape = point, style = invis, start="true" ];
	q0 [label = "q0", shape = doublecircle, final="true" ];
	q1 [label = "q1"];
	q2 [label = "q2", shape = doublecircle, final="true" ];
	q3 [label = "q3"];
	q4 [label = "q4"];
	q5 [label = "q5"];
	m0 [label = "", shape = square, style = filled, color=grey, fixedsize=true, width=.2];
	m1 [label = "", shape = square, style = filled, color=grey, fixedsize=true, width=.2];
	m2 [label = "", shape = square, style = filled, color=grey, fixedsize=true, width=.2];
	m3 [label = "", shape = square, style = filled, color=grey, fixedsize=true, width=.2];
	m4 [label = "", shape = square, style = filled, color=grey, fixedsize=true, width=.2];
	s0 -> q1
	s1 -> q1
	q5 -> m3 [label = "a"];
	q5 -> q2 [label = "a, b"];
	q3 -> q3 [label = "a"];
	q1 -> m1 [label = "b"];
	q2 -> q2 [label = "c"];
	q1 -> q2 [label = "b"];
	q3 -> q5 [label = "b"];
	q3 -> q0 [label = "b, c"];
	q4 -> q1 [label = "a, b, c"];
	q1 -> q5 [label = "c"];
	q0 -> m1 [label = "b"];
	q1 -> q3 [label = "c"];
	q2 -> m1 [label = "a"];
	q0 -> m2 [label = "c"];
	q4 -> m0 [label = "c"];
	q0 -> q4 [label = "a, c"];
	q0 -> q2 [label = "a"];
	q2 -> q1 [label = "b"];
	q3 -> q1 [label = "c"];
	q2 -> q4 [label = "b"];
	q0 -> q1 [label = "b"];
	q2 -> q3 [label = "a, c"];
	q4 -> m4 [label = "b"];
	q4 -> q3 [label = "a"];
	q1 -> q4 [label = "a"];
	q5 -> q1 [label = "c"];
	m0 -> q2;
	m0 -> q3;
	m1 -> q0;
	m1 -> q2;
	m2 -> q3;
	m2 -> q5;
	m3 -> q1;
	m3 -> q5;
	m4 -> q3;
	m4 -> q4;
}

L* output after 12 EQ and 9574 MQ:
digraph finite_state_machine {
	rankdir=LR;
	node [shape = circle];
	s0 [shape = point, style = invis, start="true" ];
	q0 [label = "q0", shape = doublecircle, final="true" ];
	q1 [label = "q1", shape = doublecircle, final="true" ];
	q2 [label = "q2", shape = doublecircle, final="true" ];
	q3 [label = "q3", shape = doublecircle, final="true" ];
	q4 [label = "q4", shape = doublecircle, final="true" ];
	q5 [label = "q5", shape = doublecircle, final="true" ];
	q6 [label = "q6", shape = doublecircle, final="true" ];
	q7 [label = "q7", shape = doublecircle, final="true" ];
	q8 [label = "q8", shape = doublecircle, final="true" ];
	q9 [label = "q9", shape = doublecircle, final="true" ];
	q10 [label = "q10", shape = doublecircle, final="true" ];
	q11 [label = "q11", shape = doublecircle, final="true" ];
	q12 [label = "q12", shape = doublecircle, final="true" ];
	q13 [label = "q13", shape = doublecircle, final="true" ];
	q14 [label = "q14", shape = doublecircle, final="true" ];
	q15 [label = "q15", shape = doublecircle, final="true" ];
	q16 [label = "q16", shape = doublecircle, final="true" ];
	q17 [label = "q17", shape = doublecircle, final="true" ];
	q18 [label = "q18", shape = doublecircle, final="true" ];
	q19 [label = "q19", shape = doublecircle, final="true" ];
	q20 [label = "q20", shape = doublecircle, final="true" ];
	q21 [label = "q21", shape = doublecircle, final="true" ];
	q22 [label = "q22", shape = doublecircle, final="true" ];
	q23 [label = "q23", shape = doublecircle, final="true" ];
	q24 [label = "q24", shape = doublecircle, final="true" ];
	q25 [label = "q25", shape = doublecircle, final="true" ];
	q26 [label = "q26", shape = doublecircle, final="true" ];
	q27 [label = "q27", shape = doublecircle, final="true" ];
	q28 [label = "q28"];
	q29 [label = "q29"];
	q30 [label = "q30", shape = doublecircle, final="true" ];
	q31 [label = "q31", shape = doublecircle, final="true" ];
	q32 [label = "q32"];
	q33 [label = "q33"];
	q34 [label = "q34", shape = doublecircle, final="true" ];
	q35 [label = "q35", shape = doublecircle, final="true" ];
	q36 [label = "q36"];
	q37 [label = "q37"];
	q38 [label = "q38", shape = doublecircle, final="true" ];
	q39 [label = "q39"];
	q40 [label = "q40", shape = doublecircle, final="true" ];
	q41 [label = "q41", shape = doublecircle, final="true" ];
	q42 [label = "q42", shape = doublecircle, final="true" ];
	q43 [label = "q43", shape = doublecircle, final="true" ];
	q44 [label = "q44"];
	q45 [label = "q45"];
	q46 [label = "q46"];
	q47 [label = "q47", shape = doublecircle, final="true" ];
	q48 [label = "q48"];
	q49 [label = "q49", shape = doublecircle, final="true" ];
	q50 [label = "q50", shape = doublecircle, final="true" ];
	q51 [label = "q51", shape = doublecircle, final="true" ];
	q52 [label = "q52", shape = doublecircle, final="true" ];
	q53 [label = "q53"];
	q54 [label = "q54", shape = doublecircle, final="true" ];
	q55 [label = "q55", shape = doublecircle, final="true" ];
	s0 -> q39
	q41 -> q48 [label = "c"];
	q45 -> q21 [label = "a"];
	q41 -> q54 [label = "b"];
	q43 -> q13 [label = "a"];
	q47 -> q23 [label = "c"];
	q41 -> q51 [label = "a"];
	q43 -> q20 [label = "b"];
	q40 -> q19 [label = "c"];
	q42 -> q14 [label = "a"];
	q40 -> q20 [label = "b"];
	q46 -> q22 [label = "c"];
	q40 -> q21 [label = "a"];
	q42 -> q33 [label = "b"];
	q44 -> q25 [label = "c"];
	q39 -> q37 [label = "a"];
	q36 -> q40 [label = "b"];
	q33 -> q45 [label = "c"];
	q33 -> q54 [label = "b"];
	q35 -> q31 [label = "b"];
	q38 -> q33 [label = "b"];
	q36 -> q27 [label = "a"];
	q38 -> q30 [label = "c"];
	q34 -> q42 [label = "a"];
	q32 -> q40 [label = "b"];
	q36 -> q34 [label = "c"];
	q34 -> q43 [label = "b"];
	q13 -> q14 [label = "a"];
	q5 -> q50 [label = "b"];
	q11 -> q27 [label = "a"];
	q15 -> q2 [label = "b"];
	q48 -> q19 [label = "a"];
	q8 -> q3 [label = "c"];
	q31 -> q47 [label = "a"];
	q45 -> q25 [label = "c"];
	q10 -> q10 [label = "c"];
	q52 -> q50 [label = "b"];
	q0 -> q17 [label = "c"];
	q14 -> q13 [label = "a"];
	q52 -> q27 [label = "a"];
	q16 -> q51 [label = "a"];
	q22 -> q8 [label = "c"];
	q50 -> q19 [label = "a"];
	q16 -> q0 [label = "b"];
	q53 -> q46 [label = "a"];
	q44 -> q2 [label = "b"];
	q34 -> q29 [label = "c"];
	q18 -> q6 [label = "a"];
	q13 -> q16 [label = "c"];
	q32 -> q25 [label = "c"];
	q53 -> q18 [label = "b"];
	q21 -> q24 [label = "c"];
	q17 -> q21 [label = "a"];
	q21 -> q50 [label = "b"];
	q19 -> q50 [label = "b"];
	q19 -> q7 [label = "a"];
	q23 -> q9 [label = "c"];
	q23 -> q50 [label = "b"];
	q54 -> q17 [label = "c"];
	q39 -> q36 [label = "c"];
	q30 -> q49 [label = "b"];
	q33 -> q44 [label = "a"];
	q4 -> q25 [label = "c"];
	q21 -> q14 [label = "a"];
	q13 -> q26 [label = "b"];
	q24 -> q51 [label = "a"];
	q15 -> q19 [label = "a"];
	q48 -> q2 [label = "b"];
	q20 -> q20 [label = "b"];
	q18 -> q5 [label = "c"];
	q42 -> q23 [label = "c"];
	q46 -> q32 [label = "a"];
	q9 -> q10 [label = "c"];
	q22 -> q0 [label = "b"];
	q25 -> q2 [label = "b"];
	q20 -> q7 [label = "a"];
	q55 -> q26 [label = "b"];
	q49 -> q48 [label = "c"];
	q11 -> q3 [label = "c"];
	q44 -> q44 [label = "a"];
	q4 -> q19 [label = "a"];
	q18 -> q20 [label = "b"];
	q10 -> q19 [label = "a"];
	q35 -> q35 [label = "a"];
	q17 -> q9 [label = "c"];
	q51 -> q24 [label = "c"];
	q54 -> q13 [label = "a"];
	q53 -> q11 [label = "c"];
	q12 -> q50 [label = "b"];
	q39 -> q38 [label = "b"];
	q50 -> q20 [label = "b"];
	q43 -> q52 [label = "c"];
	q0 -> q20 [label = "b"];
	q49 -> q19 [label = "a"];
	q37 -> q28 [label = "b"];
	q52 -> q24 [label = "c"];
	q14 -> q2 [label = "b"];
	q3 -> q51 [label = "a"];
	q48 -> q25 [label = "c"];
	q50 -> q12 [label = "c"];
	q15 -> q15 [label = "c"];
	q25 -> q21 [label = "a"];
	q54 -> q20 [label = "b"];
	q16 -> q4 [label = "c"];
	q29 -> q2 [label = "b"];
	q1 -> q5 [label = "c"];
	q47 -> q14 [label = "a"];
	q1 -> q13 [label = "a"];
	q3 -> q15 [label = "c"];
	q5 -> q9 [label = "c"];
	q7 -> q7 [label = "a"];
	q28 -> q46 [label = "a"];
	q27 -> q50 [label = "b"];
	q2 -> q12 [label = "c"];
	q4 -> q2 [label = "b"];
	q6 -> q14 [label = "a"];
	q55 -> q16 [label = "c"];
	q32 -> q46 [label = "a"];
	q30 -> q24 [label = "c"];
	q11 -> q2 [label = "b"];
	q46 -> q26 [label = "b"];
	q7 -> q2 [label = "b"];
	q9 -> q50 [label = "b"];
	q37 -> q53 [label = "c"];
	q31 -> q43 [label = "b"];
	q51 -> q14 [label = "a"];
	q7 -> q25 [label = "c"];
	q35 -> q41 [label = "c"];
	q29 -> q23 [label = "a"];
	q38 -> q35 [label = "a"];
	q3 -> q2 [label = "b"];
	q45 -> q40 [label = "b"];
	q2 -> q21 [label = "a"];
	q6 -> q3 [label = "c"];
	q47 -> q20 [label = "b"];
	q2 -> q20 [label = "b"];
	q0 -> q6 [label = "a"];
	q12 -> q9 [label = "c"];
	q30 -> q35 [label = "a"];
	q10 -> q50 [label = "b"];
	q8 -> q23 [label = "a"];
	q20 -> q17 [label = "c"];
	q14 -> q25 [label = "c"];
	q8 -> q2 [label = "b"];
	q26 -> q21 [label = "a"];
	q37 -> q32 [label = "a"];
	q6 -> q2 [label = "b"];
	q12 -> q19 [label = "a"];
	q9 -> q21 [label = "a"];
	q19 -> q9 [label = "c"];
	q55 -> q55 [label = "a"];
	q23 -> q13 [label = "a"];
	q25 -> q15 [label = "c"];
	q26 -> q54 [label = "b"];
	q51 -> q49 [label = "b"];
	q5 -> q6 [label = "a"];
	q28 -> q45 [label = "c"];
	q27 -> q55 [label = "a"];
	q17 -> q50 [label = "b"];
	q24 -> q50 [label = "b"];
	q22 -> q51 [label = "a"];
	q24 -> q10 [label = "c"];
	q29 -> q22 [label = "c"];
	q31 -> q48 [label = "c"];
	q26 -> q48 [label = "c"];
	q1 -> q20 [label = "b"];
	q28 -> q1 [label = "b"];
	q49 -> q54 [label = "b"];
	q27 -> q24 [label = "c"];
}
DFA size: 56 states

NL* output after 14 EQ and 3167 MQ:
digraph finite_state_machine {
	rankdir=LR;
	node [shape = circle];
	s0 [shape = point, style = invis, start="true" ];
	q0 [label = "q0", shape = doublecircle, final="true" ];
	q1 [label = "q1", shape = doublecircle, final="true" ];
	q2 [label = "q2", shape = doublecircle, final="true" ];
	q3 [label = "q3", shape = doublecircle, final="true" ];
	q4 [label = "q4", shape = doublecircle, final="true" ];
	q5 [label = "q5", shape = doublecircle, final="true" ];
	q6 [label = "q6"];
	q7 [label = "q7", shape = doublecircle, final="true" ];
	q8 [label = "q8"];
	q9 [label = "q9"];
	q10 [label = "q10", shape = doublecircle, final="true" ];
	q11 [label = "q11"];
	q12 [label = "q12", shape = doublecircle, final="true" ];
	q13 [label = "q13"];
	q14 [label = "q14", shape = doublecircle, final="true" ];
	q15 [label = "q15"];
	q16 [label = "q16", shape = doublecircle, final="true" ];
	q17 [label = "q17", shape = doublecircle, final="true" ];
	q18 [label = "q18"];
	s0 -> q6
	q15 -> q18 [label = "c"];
	q15 -> q6 [label = "c"];
	q9 -> q15 [label = "a, b"];
	q9 -> q11 [label = "a"];
	q11 -> q7 [label = "b"];
	q11 -> q4 [label = "b"];
	q8 -> q10 [label = "c"];
	q8 -> q6 [label = "c"];
	q14 -> q5 [label = "b"];
	q8 -> q4 [label = "b"];
	q8 -> q2 [label = "b"];
	q14 -> q18 [label = "b, c"];
	q14 -> q15 [label = "b, c"];
	q14 -> q14 [label = "c"];
	q14 -> q7 [label = "b, c"];
	q8 -> q17 [label = "a"];
	q8 -> q14 [label = "a"];
	q8 -> q7 [label = "a, b"];
	q10 -> q7 [label = "a, b"];
	q12 -> q15 [label = "c"];
	q4 -> q14 [label = "c"];
	q0 -> q14 [label = "a"];
	q0 -> q16 [label = "b"];
	q0 -> q7 [label = "a, b"];
	q0 -> q2 [label = "b"];
	q0 -> q1 [label = "b"];
	q6 -> q7 [label = "b"];
	q0 -> q18 [label = "b, c"];
	q10 -> q6 [label = "b"];
	q0 -> q17 [label = "a, c"];
	q14 -> q10 [label = "b, c"];
	q0 -> q12 [label = "a, c"];
	q14 -> q12 [label = "a, c"];
	q0 -> q15 [label = "b, c"];
	q3 -> q12 [label = "a, c"];
	q9 -> q6 [label = "a, b, c"];
	q16 -> q7 [label = "a, b"];
	q15 -> q7 [label = "b"];
	q10 -> q13 [label = "c"];
	q10 -> q9 [label = "a, c"];
	q4 -> q9 [label = "a, b"];
	q1 -> q13 [label = "a"];
	q11 -> q15 [label = "c"];
	q11 -> q12 [label = "c"];
	q7 -> q15 [label = "b"];
	q11 -> q11 [label = "c"];
	q11 -> q10 [label = "c"];
	q11 -> q6 [label = "c"];
	q18 -> q17 [label = "c"];
	q10 -> q18 [label = "b"];
	q1 -> q5 [label = "b"];
	q0 -> q4 [label = "b"];
	q11 -> q18 [label = "c"];
	q10 -> q8 [label = "c"];
	q2 -> q5 [label = "a, b, c"];
	q16 -> q8 [label = "c"];
	q18 -> q7 [label = "b"];
	q11 -> q17 [label = "c"];
	q2 -> q14 [label = "a, c"];
	q17 -> q10 [label = "b, c"];
	q3 -> q11 [label = "a, c"];
	q12 -> q12 [label = "a"];
	q4 -> q17 [label = "a, c"];
	q3 -> q17 [label = "a, c"];
	q5 -> q4 [label = "b"];
	q3 -> q6 [label = "a, b, c"];
	q16 -> q13 [label = "c"];
	q16 -> q15 [label = "c"];
	q4 -> q12 [label = "a, c"];
	q18 -> q12 [label = "c"];
	q17 -> q17 [label = "a"];
	q1 -> q7 [label = "b, c"];
	q17 -> q18 [label = "c"];
	q3 -> q18 [label = "a, b, c"];
	q13 -> q6 [label = "a, b, c"];
	q16 -> q6 [label = "b, c"];
	q17 -> q16 [label = "b"];
	q14 -> q17 [label = "a, c"];
	q18 -> q1 [label = "b"];
	q4 -> q15 [label = "b, c"];
	q5 -> q5 [label = "b"];
	q1 -> q15 [label = "b, c"];
	q18 -> q8 [label = "c"];
	q3 -> q10 [label = "b, c"];
	q11 -> q2 [label = "b"];
	q17 -> q12 [label = "a"];
	q13 -> q11 [label = "a"];
	q17 -> q15 [label = "b, c"];
	q4 -> q13 [label = "a"];
	q13 -> q16 [label = "b"];
	q4 -> q5 [label = "b"];
	q1 -> q1 [label = "b, c"];
	q16 -> q11 [label = "c"];
	q11 -> q8 [label = "c"];
	q11 -> q16 [label = "c"];
	q17 -> q6 [label = "b, c"];
	q5 -> q9 [label = "b"];
	q18 -> q9 [label = "a"];
	q18 -> q4 [label = "b"];
	q12 -> q10 [label = "b, c"];
	q6 -> q8 [label = "c"];
	q13 -> q10 [label = "b, c"];
	q15 -> q9 [label = "a"];
	q18 -> q0 [label = "c"];
	q8 -> q12 [label = "a"];
	q5 -> q6 [label = "a, b, c"];
	q7 -> q6 [label = "b"];
	q5 -> q7 [label = "b, c"];
	q7 -> q9 [label = "b"];
	q5 -> q15 [label = "a, b, c"];
	q18 -> q13 [label = "a"];
	q1 -> q4 [label = "b, c"];
	q13 -> q15 [label = "a, b"];
	q2 -> q1 [label = "b, c"];
	q1 -> q12 [label = "a, c"];
	q3 -> q15 [label = "a, b, c"];
	q7 -> q12 [label = "a, c"];
	q9 -> q18 [label = "a, c"];
	q2 -> q3 [label = "a, c"];
	q2 -> q4 [label = "b, c"];
	q11 -> q9 [label = "a"];
	q2 -> q7 [label = "a, b, c"];
	q14 -> q11 [label = "c"];
	q2 -> q9 [label = "a, b, c"];
	q2 -> q11 [label = "c"];
	q15 -> q11 [label = "c"];
	q5 -> q1 [label = "b, c"];
	q2 -> q12 [label = "a, c"];
	q8 -> q1 [label = "b"];
	q14 -> q1 [label = "b, c"];
	q13 -> q18 [label = "a, c"];
	q2 -> q13 [label = "a, c"];
	q12 -> q6 [label = "b, c"];
	q1 -> q18 [label = "b, c"];
	q2 -> q15 [label = "b, c"];
	q15 -> q8 [label = "c"];
	q2 -> q17 [label = "a, c"];
	q12 -> q16 [label = "b"];
	q2 -> q18 [label = "b, c"];
	q4 -> q1 [label = "b, c"];
	q4 -> q4 [label = "b, c"];
	q11 -> q0 [label = "c"];
	q16 -> q5 [label = "a"];
	q5 -> q17 [label = "a, c"];
	q15 -> q15 [label = "c"];
	q4 -> q6 [label = "b, c"];
	q5 -> q18 [label = "a, b, c"];
	q4 -> q7 [label = "b, c"];
	q4 -> q18 [label = "b, c"];
	q11 -> q1 [label = "b"];
	q6 -> q9 [label = "a"];
	q0 -> q11 [label = "c"];
	q1 -> q6 [label = "b, c"];
	q1 -> q11 [label = "c"];
	q2 -> q6 [label = "b, c"];
	q1 -> q14 [label = "c"];
	q14 -> q2 [label = "b"];
	q1 -> q17 [label = "a, c"];
	q5 -> q11 [label = "a, c"];
	q5 -> q12 [label = "a, c"];
	q14 -> q6 [label = "b, c"];
	q1 -> q9 [label = "a, b"];
	q14 -> q16 [label = "b"];
	q3 -> q1 [label = "b"];
	q11 -> q13 [label = "a"];
	q3 -> q2 [label = "b"];
	q15 -> q1 [label = "b"];
	q16 -> q18 [label = "b, c"];
	q0 -> q10 [label = "b, c"];
	q3 -> q4 [label = "b"];
	q15 -> q13 [label = "a"];
	q3 -> q7 [label = "b"];
	q4 -> q11 [label = "c"];
	q16 -> q9 [label = "a, c"];
	q3 -> q16 [label = "b"];
	q7 -> q7 [label = "c"];
	q4 -> q3 [label = "a"];
	q5 -> q14 [label = "c"];
	q14 -> q9 [label = "b"];
	q14 -> q4 [label = "b"];
	q0 -> q6 [label = "b, c"];
}
NFA size: 19 states

AL* output after 16 EQ and 1862 MQ:
digraph finite_state_machine {
	rankdir=LR;
	node [shape = circle];
	s0 [shape = point, style = invis, start="true" ];
	s1 [shape = point, style = invis, start="true" ];
	q0 [label = "q0", shape = doublecircle, final="true" ];
	q1 [label = "q1", shape = doublecircle, final="true" ];
	q2 [label = "q2", shape = doublecircle, final="true" ];
	q3 [label = "q3"];
	q4 [label = "q4"];
	q5 [label = "q5"];
	q6 [label = "q6", shape = doublecircle, final="true" ];
	q7 [label = "q7", shape = doublecircle, final="true" ];
	q8 [label = "q8", shape = doublecircle, final="true" ];
	q9 [label = "q9"];
	q10 [label = "q10"];
	m0 [label = "", shape = square, style = filled, color=grey, fixedsize=true, width=.2];
	m1 [label = "", shape = square, style = filled, color=grey, fixedsize=true, width=.2];
	m2 [label = "", shape = square, style = filled, color=grey, fixedsize=true, width=.2];
	m3 [label = "", shape = square, style = filled, color=grey, fixedsize=true, width=.2];
	m4 [label = "", shape = square, style = filled, color=grey, fixedsize=true, width=.2];
	m5 [label = "", shape = square, style = filled, color=grey, fixedsize=true, width=.2];
	m6 [label = "", shape = square, style = filled, color=grey, fixedsize=true, width=.2];
	m7 [label = "", shape = square, style = filled, color=grey, fixedsize=true, width=.2];
	m8 [label = "", shape = square, style = filled, color=grey, fixedsize=true, width=.2];
	m9 [label = "", shape = square, style = filled, color=grey, fixedsize=true, width=.2];
	m10 [label = "", shape = square, style = filled, color=grey, fixedsize=true, width=.2];
	m11 [label = "", shape = square, style = filled, color=grey, fixedsize=true, width=.2];
	m12 [label = "", shape = square, style = filled, color=grey, fixedsize=true, width=.2];
	s0 -> m0
	s1 -> m1
	q9 -> m10 [label = "b"];
	q9 -> m12 [label = "b"];
	q9 -> m4 [label = "a"];
	q8 -> m10 [label = "c"];
	q8 -> m12 [label = "c"];
	q8 -> m6 [label = "b, c"];
	q8 -> m1 [label = "b, c"];
	q8 -> m2 [label = "b"];
	q5 -> m9 [label = "a"];
	q8 -> m4 [label = "a"];
	q5 -> m4 [label = "a, c"];
	q1 -> m7 [label = "a, b, c"];
	q9 -> m0 [label = "a, b, c"];
	q3 -> m5 [label = "c"];
	q3 -> m2 [label = "b"];
	q4 -> m2 [label = "b"];
	q7 -> m4 [label = "a, c"];
	q6 -> m0 [label = "b"];
	q6 -> m3 [label = "c"];
	q2 -> m4 [label = "c"];
	q4 -> m7 [label = "a, b"];
	q2 -> m0 [label = "b, c"];
	q7 -> m1 [label = "b"];
	q2 -> m9 [label = "a, c"];
	q3 -> m6 [label = "b, c"];
	q1 -> m4 [label = "a, c"];
	q5 -> m6 [label = "b, c"];
	q1 -> m9 [label = "a, b, c"];
	q2 -> m3 [label = "c"];
	q10 -> m2 [label = "c"];
	q10 -> m9 [label = "a"];
	q1 -> m0 [label = "b, c"];
	q10 -> m3 [label = "c"];
	q7 -> m8 [label = "a"];
	q9 -> m5 [label = "c"];
	q10 -> m4 [label = "c"];
	q6 -> m7 [label = "a, b"];
	q9 -> m1 [label = "b, c"];
	q5 -> m7 [label = "b"];
	q7 -> m0 [label = "b"];
	q0 -> m0 [label = "a, b, c"];
	q7 -> m9 [label = "b"];
	q3 -> m0 [label = "a"];
	q3 -> m4 [label = "a"];
	q1 -> m1 [label = "b"];
	q5 -> m2 [label = "b, c"];
	q2 -> m7 [label = "a, b"];
	q7 -> m7 [label = "c"];
	q6 -> m4 [label = "c"];
	q3 -> m10 [label = "b"];
	q1 -> m11 [label = "a"];
	q4 -> m1 [label = "c"];
	q4 -> m11 [label = "a"];
	q6 -> m9 [label = "a, c"];
	q4 -> m6 [label = "b, c"];
	q8 -> m8 [label = "a"];
	q4 -> m4 [label = "a"];
	q0 -> m1 [label = "b"];
	q3 -> m1 [label = "b, c"];
	q0 -> m7 [label = "b, c"];
	q0 -> m9 [label = "b"];
	q6 -> m1 [label = "b"];
	q2 -> m11 [label = "a"];
	q0 -> m4 [label = "a, c"];
	q2 -> m1 [label = "b"];
	q0 -> m8 [label = "a"];
	q10 -> m7 [label = "b"];
	m0 -> q1;
	m0 -> q2;
	m0 -> q5;
	m0 -> q6;
	m0 -> q10;
	m1 -> q2;
	m1 -> q3;
	m1 -> q4;
	m1 -> q5;
	m1 -> q6;
	m1 -> q8;
	m1 -> q10;
	m2 -> q0;
	m2 -> q1;
	m2 -> q2;
	m2 -> q3;
	m2 -> q4;
	m2 -> q9;
	m3 -> q1;
	m3 -> q2;
	m3 -> q4;
	m3 -> q6;
	m4 -> q3;
	m4 -> q4;
	m4 -> q5;
	m4 -> q8;
	m5 -> q0;
	m5 -> q1;
	m5 -> q3;
	m5 -> q4;
	m5 -> q5;
	m5 -> q7;
	m5 -> q8;
	m6 -> q1;
	m6 -> q2;
	m6 -> q6;
	m7 -> q0;
	m7 -> q1;
	m7 -> q7;
	m8 -> q0;
	m8 -> q1;
	m8 -> q2;
	m8 -> q6;
	m8 -> q7;
	m8 -> q8;
	m9 -> q0;
	m9 -> q3;
	m9 -> q9;
	m10 -> q0;
	m10 -> q1;
	m10 -> q3;
	m10 -> q4;
	m10 -> q5;
	m10 -> q7;
	m10 -> q8;
	m10 -> q9;
	m11 -> q0;
	m11 -> q1;
	m11 -> q2;
	m11 -> q4;
	m11 -> q5;
	m11 -> q6;
	m11 -> q10;
	m12 -> q0;
	m12 -> q1;
	m12 -> q2;
	m12 -> q3;
	m12 -> q4;
	m12 -> q5;
	m12 -> q8;
	m12 -> q9;
}
AFA size: 11 states

AL** output after 17 EQ and 1862 MQ:
digraph finite_state_machine {
	rankdir=LR;
	node [shape = circle];
	s0 [shape = point, style = invis, start="true" ];
	s1 [shape = point, style = invis, start="true" ];
	q0 [label = "q0", shape = doublecircle, final="true" ];
	q1 [label = "q1", shape = doublecircle, final="true" ];
	q2 [label = "q2", shape = doublecircle, final="true" ];
	q3 [label = "q3"];
	q4 [label = "q4"];
	q5 [label = "q5"];
	q6 [label = "q6", shape = doublecircle, final="true" ];
	q7 [label = "q7", shape = doublecircle, final="true" ];
	q8 [label = "q8", shape = doublecircle, final="true" ];
	q9 [label = "q9"];
	q10 [label = "q10"];
	m0 [label = "", shape = square, style = filled, color=grey, fixedsize=true, width=.2];
	m1 [label = "", shape = square, style = filled, color=grey, fixedsize=true, width=.2];
	m2 [label = "", shape = square, style = filled, color=grey, fixedsize=true, width=.2];
	m3 [label = "", shape = square, style = filled, color=grey, fixedsize=true, width=.2];
	m4 [label = "", shape = square, style = filled, color=grey, fixedsize=true, width=.2];
	m5 [label = "", shape = square, style = filled, color=grey, fixedsize=true, width=.2];
	m6 [label = "", shape = square, style = filled, color=grey, fixedsize=true, width=.2];
	m7 [label = "", shape = square, style = filled, color=grey, fixedsize=true, width=.2];
	m8 [label = "", shape = square, style = filled, color=grey, fixedsize=true, width=.2];
	m9 [label = "", shape = square, style = filled, color=grey, fixedsize=true, width=.2];
	m10 [label = "", shape = square, style = filled, color=grey, fixedsize=true, width=.2];
	m11 [label = "", shape = square, style = filled, color=grey, fixedsize=true, width=.2];
	m12 [label = "", shape = square, style = filled, color=grey, fixedsize=true, width=.2];
	s0 -> m0
	s1 -> m1
	q9 -> m10 [label = "b"];
	q9 -> m12 [label = "b"];
	q9 -> m4 [label = "a"];
	q8 -> m10 [label = "c"];
	q8 -> m12 [label = "c"];
	q8 -> m6 [label = "b, c"];
	q8 -> m1 [label = "b, c"];
	q8 -> m2 [label = "b"];
	q5 -> m9 [label = "a"];
	q8 -> m4 [label = "a"];
	q5 -> m4 [label = "a, c"];
	q1 -> m7 [label = "a, b, c"];
	q9 -> m0 [label = "a, b, c"];
	q3 -> m5 [label = "c"];
	q3 -> m2 [label = "b"];
	q4 -> m2 [label = "b"];
	q7 -> m4 [label = "a, c"];
	q6 -> m0 [label = "b"];
	q6 -> m3 [label = "c"];
	q2 -> m4 [label = "c"];
	q4 -> m7 [label = "a, b"];
	q2 -> m0 [label = "b, c"];
	q7 -> m1 [label = "b"];
	q2 -> m9 [label = "a, c"];
	q3 -> m6 [label = "b, c"];
	q1 -> m4 [label = "a, c"];
	q5 -> m6 [label = "b, c"];
	q1 -> m9 [label = "a, b, c"];
	q2 -> m3 [label = "c"];
	q10 -> m2 [label = "c"];
	q10 -> m9 [label = "a"];
	q1 -> m0 [label = "b, c"];
	q10 -> m3 [label = "c"];
	q7 -> m8 [label = "a"];
	q9 -> m5 [label = "c"];
	q10 -> m4 [label = "c"];
	q6 -> m7 [label = "a, b"];
	q9 -> m1 [label = "b, c"];
	q5 -> m7 [label = "b"];
	q7 -> m0 [label = "b"];
	q0 -> m0 [label = "a, b, c"];
	q7 -> m9 [label = "b"];
	q3 -> m0 [label = "a"];
	q3 -> m4 [label = "a"];
	q1 -> m1 [label = "b"];
	q5 -> m2 [label = "b, c"];
	q2 -> m7 [label = "a, b"];
	q7 -> m7 [label = "c"];
	q6 -> m4 [label = "c"];
	q3 -> m10 [label = "b"];
	q1 -> m11 [label = "a"];
	q4 -> m1 [label = "c"];
	q4 -> m11 [label = "a"];
	q6 -> m9 [label = "a, c"];
	q4 -> m6 [label = "b, c"];
	q8 -> m8 [label = "a"];
	q4 -> m4 [label = "a"];
	q0 -> m1 [label = "b"];
	q3 -> m1 [label = "b, c"];
	q0 -> m7 [label = "b, c"];
	q0 -> m9 [label = "b"];
	q6 -> m1 [label = "b"];
	q2 -> m11 [label = "a"];
	q0 -> m4 [label = "a, c"];
	q2 -> m1 [label = "b"];
	q0 -> m8 [label = "a"];
	q10 -> m7 [label = "b"];
	m0 -> q1;
	m0 -> q2;
	m0 -> q5;
	m0 -> q6;
	m0 -> q10;
	m1 -> q2;
	m1 -> q3;
	m1 -> q4;
	m1 -> q5;
	m1 -> q6;
	m1 -> q8;
	m1 -> q10;
	m2 -> q0;
	m2 -> q1;
	m2 -> q2;
	m2 -> q3;
	m2 -> q4;
	m2 -> q9;
	m3 -> q1;
	m3 -> q2;
	m3 -> q4;
	m3 -> q6;
	m4 -> q3;
	m4 -> q4;
	m4 -> q5;
	m4 -> q8;
	m5 -> q0;
	m5 -> q1;
	m5 -> q3;
	m5 -> q4;
	m5 -> q5;
	m5 -> q7;
	m5 -> q8;
	m6 -> q1;
	m6 -> q2;
	m6 -> q6;
	m7 -> q0;
	m7 -> q1;
	m7 -> q7;
	m8 -> q0;
	m8 -> q1;
	m8 -> q2;
	m8 -> q6;
	m8 -> q7;
	m8 -> q8;
	m9 -> q0;
	m9 -> q3;
	m9 -> q9;
	m10 -> q0;
	m10 -> q1;
	m10 -> q3;
	m10 -> q4;
	m10 -> q5;
	m10 -> q7;
	m10 -> q8;
	m10 -> q9;
	m11 -> q0;
	m11 -> q1;
	m11 -> q2;
	m11 -> q4;
	m11 -> q5;
	m11 -> q6;
	m11 -> q10;
	m12 -> q0;
	m12 -> q1;
	m12 -> q2;
	m12 -> q3;
	m12 -> q4;
	m12 -> q5;
	m12 -> q8;
	m12 -> q9;
}
RAFA size: 11 states

