Random target AFA:
digraph finite_state_machine {
	rankdir=LR;
	node [shape = circle];
	s0 [shape = point, style = invis, start="true" ];
	s1 [shape = point, style = invis, start="true" ];
	q0 [label = "q0"];
	q1 [label = "q1"];
	q2 [label = "q2"];
	q3 [label = "q3", shape = doublecircle, final="true" ];
	q4 [label = "q4", shape = doublecircle, final="true" ];
	q5 [label = "q5"];
	m0 [label = "", shape = square, style = filled, color=grey, fixedsize=true, width=.2];
	m1 [label = "", shape = square, style = filled, color=grey, fixedsize=true, width=.2];
	m2 [label = "", shape = square, style = filled, color=grey, fixedsize=true, width=.2];
	m3 [label = "", shape = square, style = filled, color=grey, fixedsize=true, width=.2];
	m4 [label = "", shape = square, style = filled, color=grey, fixedsize=true, width=.2];
	m5 [label = "", shape = square, style = filled, color=grey, fixedsize=true, width=.2];
	m6 [label = "", shape = square, style = filled, color=grey, fixedsize=true, width=.2];
	m7 [label = "", shape = square, style = filled, color=grey, fixedsize=true, width=.2];
	s0 -> q2
	s1 -> q1
	q3 -> q1 [label = "c"];
	q5 -> m1 [label = "b"];
	q0 -> m3 [label = "c"];
	q4 -> q0 [label = "a, b"];
	q4 -> q2 [label = "a, b"];
	q0 -> q5 [label = "c"];
	q1 -> q4 [label = "c"];
	q2 -> q3 [label = "b"];
	q5 -> q5 [label = "c"];
	q0 -> q1 [label = "a, b"];
	q0 -> q0 [label = "a, b"];
	q2 -> m1 [label = "a"];
	q4 -> q1 [label = "c"];
	q5 -> q2 [label = "b"];
	q4 -> m0 [label = "c"];
	q1 -> q0 [label = "a"];
	q5 -> m4 [label = "c"];
	q3 -> q0 [label = "a"];
	q1 -> q2 [label = "a"];
	q5 -> m7 [label = "a"];
	q2 -> m2 [label = "a"];
	q3 -> q4 [label = "b"];
	q3 -> q3 [label = "b"];
	q1 -> m1 [label = "b"];
	q2 -> m0 [label = "c"];
	q2 -> q5 [label = "b"];
	q1 -> m5 [label = "b"];
	q5 -> m6 [label = "a"];
	q3 -> q2 [label = "c"];
	q3 -> q5 [label = "a"];
	q1 -> q5 [label = "c"];
	q2 -> q1 [label = "c"];
	m0 -> q1;
	m0 -> q5;
	m1 -> q2;
	m1 -> q4;
	m2 -> q0;
	m2 -> q3;
	m3 -> q2;
	m3 -> q5;
	m4 -> q1;
	m4 -> q3;
	m5 -> q0;
	m5 -> q1;
	m6 -> q4;
	m6 -> q5;
	m7 -> q3;
	m7 -> q4;
}

L* output after 7 EQ and 3046 MQ:
digraph finite_state_machine {
	rankdir=LR;
	node [shape = circle];
	s0 [shape = point, style = invis, start="true" ];
	q0 [label = "q0", shape = doublecircle, final="true" ];
	q1 [label = "q1", shape = doublecircle, final="true" ];
	q2 [label = "q2", shape = doublecircle, final="true" ];
	q3 [label = "q3", shape = doublecircle, final="true" ];
	q4 [label = "q4"];
	q5 [label = "q5", shape = doublecircle, final="true" ];
	q6 [label = "q6"];
	q7 [label = "q7"];
	q8 [label = "q8", shape = doublecircle, final="true" ];
	q9 [label = "q9", shape = doublecircle, final="true" ];
	q10 [label = "q10"];
	q11 [label = "q11", shape = doublecircle, final="true" ];
	q12 [label = "q12", shape = doublecircle, final="true" ];
	q13 [label = "q13"];
	q14 [label = "q14", shape = doublecircle, final="true" ];
	q15 [label = "q15", shape = doublecircle, final="true" ];
	q16 [label = "q16"];
	q17 [label = "q17", shape = doublecircle, final="true" ];
	q18 [label = "q18"];
	q19 [label = "q19"];
	q20 [label = "q20", shape = doublecircle, final="true" ];
	q21 [label = "q21", shape = doublecircle, final="true" ];
	q22 [label = "q22", shape = doublecircle, final="true" ];
	q23 [label = "q23", shape = doublecircle, final="true" ];
	q24 [label = "q24"];
	q25 [label = "q25", shape = doublecircle, final="true" ];
	q26 [label = "q26", shape = doublecircle, final="true" ];
	q27 [label = "q27"];
	q28 [label = "q28"];
	q29 [label = "q29"];
	q30 [label = "q30", shape = doublecircle, final="true" ];
	q31 [label = "q31", shape = doublecircle, final="true" ];
	q32 [label = "q32", shape = doublecircle, final="true" ];
	q33 [label = "q33"];
	q34 [label = "q34", shape = doublecircle, final="true" ];
	s0 -> q18
	q18 -> q15 [label = "c"];
	q23 -> q10 [label = "c"];
	q19 -> q12 [label = "b"];
	q17 -> q14 [label = "a"];
	q21 -> q22 [label = "c"];
	q20 -> q26 [label = "a"];
	q22 -> q34 [label = "b"];
	q17 -> q10 [label = "c"];
	q18 -> q16 [label = "a"];
	q16 -> q6 [label = "c"];
	q16 -> q12 [label = "b"];
	q20 -> q15 [label = "c"];
	q14 -> q8 [label = "a"];
	q13 -> q19 [label = "a"];
	q9 -> q6 [label = "c"];
	q3 -> q15 [label = "c"];
	q4 -> q1 [label = "b"];
	q5 -> q2 [label = "a"];
	q7 -> q31 [label = "b"];
	q3 -> q26 [label = "a"];
	q1 -> q0 [label = "b"];
	q11 -> q10 [label = "c"];
	q3 -> q19 [label = "b"];
	q1 -> q2 [label = "a"];
	q5 -> q10 [label = "c"];
	q6 -> q9 [label = "a"];
	q26 -> q19 [label = "a"];
	q30 -> q10 [label = "c"];
	q15 -> q9 [label = "a"];
	q29 -> q15 [label = "c"];
	q4 -> q28 [label = "a"];
	q21 -> q27 [label = "a"];
	q22 -> q15 [label = "c"];
	q7 -> q6 [label = "c"];
	q25 -> q33 [label = "c"];
	q29 -> q32 [label = "b"];
	q25 -> q9 [label = "a"];
	q29 -> q19 [label = "a"];
	q28 -> q29 [label = "b"];
	q34 -> q10 [label = "c"];
	q7 -> q8 [label = "a"];
	q0 -> q31 [label = "b"];
	q33 -> q15 [label = "c"];
	q20 -> q31 [label = "b"];
	q25 -> q16 [label = "b"];
	q10 -> q30 [label = "b"];
	q10 -> q15 [label = "c"];
	q33 -> q4 [label = "b"];
	q27 -> q15 [label = "c"];
	q31 -> q22 [label = "c"];
	q21 -> q31 [label = "b"];
	q19 -> q19 [label = "a"];
	q14 -> q19 [label = "b"];
	q27 -> q31 [label = "b"];
	q0 -> q10 [label = "c"];
	q22 -> q9 [label = "a"];
	q31 -> q31 [label = "b"];
	q15 -> q16 [label = "b"];
	q34 -> q3 [label = "a"];
	q32 -> q21 [label = "b"];
	q27 -> q26 [label = "a"];
	q32 -> q27 [label = "a"];
	q30 -> q14 [label = "a"];
	q33 -> q9 [label = "a"];
	q24 -> q6 [label = "c"];
	q31 -> q20 [label = "a"];
	q24 -> q17 [label = "b"];
	q28 -> q6 [label = "c"];
	q26 -> q31 [label = "b"];
	q12 -> q22 [label = "c"];
	q23 -> q20 [label = "a"];
	q19 -> q15 [label = "c"];
	q18 -> q17 [label = "b"];
	q9 -> q31 [label = "b"];
	q23 -> q31 [label = "b"];
	q11 -> q7 [label = "a"];
	q15 -> q15 [label = "c"];
	q17 -> q11 [label = "b"];
	q9 -> q13 [label = "a"];
	q1 -> q10 [label = "c"];
	q30 -> q5 [label = "b"];
	q4 -> q6 [label = "c"];
	q11 -> q23 [label = "b"];
	q13 -> q15 [label = "c"];
	q28 -> q13 [label = "a"];
	q14 -> q6 [label = "c"];
	q13 -> q29 [label = "b"];
	q12 -> q20 [label = "a"];
	q32 -> q22 [label = "c"];
	q8 -> q19 [label = "a, b"];
	q26 -> q15 [label = "c"];
	q10 -> q9 [label = "a"];
	q16 -> q13 [label = "a"];
	q5 -> q23 [label = "b"];
	q34 -> q31 [label = "b"];
	q0 -> q27 [label = "a"];
	q2 -> q6 [label = "c"];
	q8 -> q15 [label = "c"];
	q2 -> q31 [label = "b"];
	q6 -> q25 [label = "c"];
	q12 -> q21 [label = "b"];
	q2 -> q8 [label = "a"];
	q24 -> q28 [label = "a"];
	q6 -> q24 [label = "b"];
}
DFA size: 35 states

NL* output after 8 EQ and 1166 MQ:
digraph finite_state_machine {
	rankdir=LR;
	node [shape = circle];
	s0 [shape = point, style = invis, start="true" ];
	s1 [shape = point, style = invis, start="true" ];
	q0 [label = "q0"];
	q1 [label = "q1"];
	q2 [label = "q2", shape = doublecircle, final="true" ];
	q3 [label = "q3"];
	q4 [label = "q4", shape = doublecircle, final="true" ];
	q5 [label = "q5"];
	q6 [label = "q6", shape = doublecircle, final="true" ];
	q7 [label = "q7", shape = doublecircle, final="true" ];
	q8 [label = "q8"];
	q9 [label = "q9"];
	q10 [label = "q10"];
	q11 [label = "q11", shape = doublecircle, final="true" ];
	q12 [label = "q12"];
	q13 [label = "q13", shape = doublecircle, final="true" ];
	q14 [label = "q14", shape = doublecircle, final="true" ];
	q15 [label = "q15"];
	s0 -> q5
	s1 -> q10
	q9 -> q12 [label = "a"];
	q9 -> q4 [label = "a"];
	q11 -> q4 [label = "a"];
	q9 -> q0 [label = "a"];
	q11 -> q12 [label = "a, b"];
	q11 -> q10 [label = "a, b"];
	q13 -> q1 [label = "c"];
	q4 -> q8 [label = "a, b"];
	q4 -> q1 [label = "b"];
	q1 -> q10 [label = "a, b"];
	q4 -> q2 [label = "b"];
	q4 -> q14 [label = "b"];
	q4 -> q0 [label = "b"];
	q5 -> q12 [label = "a"];
	q9 -> q10 [label = "a, b"];
	q2 -> q11 [label = "c"];
	q1 -> q12 [label = "a"];
	q4 -> q3 [label = "b"];
	q2 -> q10 [label = "a, b, c"];
	q3 -> q9 [label = "c"];
	q15 -> q9 [label = "b, c"];
	q15 -> q10 [label = "b"];
	q4 -> q6 [label = "b"];
	q15 -> q15 [label = "b"];
	q15 -> q5 [label = "b"];
	q3 -> q1 [label = "c"];
	q6 -> q7 [label = "a"];
	q7 -> q12 [label = "a, b"];
	q13 -> q12 [label = "a, b"];
	q13 -> q13 [label = "b"];
	q13 -> q10 [label = "a, b, c"];
	q15 -> q2 [label = "b"];
	q15 -> q12 [label = "a, b"];
	q10 -> q9 [label = "c"];
	q4 -> q9 [label = "b, c"];
	q7 -> q3 [label = "b"];
	q14 -> q8 [label = "a, b"];
	q4 -> q5 [label = "b"];
	q1 -> q1 [label = "c"];
	q13 -> q6 [label = "b"];
	q7 -> q9 [label = "c"];
	q7 -> q0 [label = "b"];
	q13 -> q4 [label = "b"];
	q11 -> q0 [label = "a, b"];
	q5 -> q10 [label = "a"];
	q15 -> q3 [label = "b"];
	q3 -> q12 [label = "a, b"];
	q13 -> q0 [label = "a, b"];
	q14 -> q5 [label = "a, b"];
	q13 -> q7 [label = "b"];
	q8 -> q11 [label = "c"];
	q15 -> q14 [label = "a, b"];
	q9 -> q11 [label = "c"];
	q8 -> q0 [label = "a"];
	q3 -> q11 [label = "c"];
	q3 -> q2 [label = "b"];
	q14 -> q0 [label = "a, b"];
	q6 -> q5 [label = "c"];
	q2 -> q5 [label = "a, b, c"];
	q7 -> q14 [label = "a"];
	q15 -> q7 [label = "b"];
	q14 -> q3 [label = "a, b"];
	q13 -> q11 [label = "b"];
	q4 -> q13 [label = "b"];
	q1 -> q4 [label = "a"];
	q13 -> q5 [label = "c"];
	q7 -> q8 [label = "a, b"];
	q14 -> q12 [label = "a, b"];
	q12 -> q12 [label = "a, b"];
	q15 -> q0 [label = "b"];
	q1 -> q0 [label = "a, b"];
	q15 -> q8 [label = "a, b"];
	q4 -> q10 [label = "b"];
	q4 -> q12 [label = "a, b"];
	q15 -> q4 [label = "b"];
	q4 -> q15 [label = "b"];
	q1 -> q9 [label = "c"];
	q6 -> q12 [label = "a"];
	q1 -> q11 [label = "c"];
	q4 -> q7 [label = "b"];
	q7 -> q5 [label = "b"];
	q2 -> q1 [label = "a, c"];
	q13 -> q15 [label = "a, b"];
	q5 -> q0 [label = "a"];
	q15 -> q13 [label = "b"];
	q7 -> q10 [label = "b"];
	q3 -> q0 [label = "a"];
	q3 -> q5 [label = "a"];
	q8 -> q3 [label = "a, b"];
	q11 -> q9 [label = "c"];
	q3 -> q8 [label = "a, b"];
	q3 -> q10 [label = "a"];
	q14 -> q9 [label = "c"];
	q0 -> q6 [label = "b"];
	q3 -> q14 [label = "b"];
	q5 -> q9 [label = "c"];
	q5 -> q11 [label = "c"];
	q0 -> q9 [label = "c"];
	q13 -> q9 [label = "c"];
	q6 -> q0 [label = "b"];
	q12 -> q3 [label = "b"];
	q4 -> q4 [label = "b"];
	q6 -> q10 [label = "b, c"];
	q2 -> q0 [label = "a, b"];
	q15 -> q11 [label = "b"];
	q5 -> q1 [label = "c"];
	q2 -> q12 [label = "a, b"];
	q2 -> q15 [label = "a"];
	q0 -> q11 [label = "b"];
	q11 -> q1 [label = "c"];
	q6 -> q9 [label = "c"];
	q4 -> q11 [label = "b"];
	q2 -> q2 [label = "b"];
	q12 -> q8 [label = "a, b"];
	q3 -> q3 [label = "a, b"];
	q2 -> q4 [label = "b"];
	q2 -> q14 [label = "b"];
	q15 -> q6 [label = "b"];
	q12 -> q9 [label = "c"];
	q6 -> q1 [label = "c"];
	q10 -> q6 [label = "b"];
	q15 -> q1 [label = "b"];
	q8 -> q5 [label = "a"];
	q8 -> q8 [label = "a, b"];
	q8 -> q10 [label = "a"];
	q5 -> q6 [label = "b"];
	q8 -> q12 [label = "a, b"];
	q2 -> q8 [label = "a, b"];
	q8 -> q1 [label = "c"];
	q2 -> q13 [label = "b"];
	q14 -> q1 [label = "c"];
	q2 -> q9 [label = "a, c"];
	q6 -> q13 [label = "b"];
	q14 -> q11 [label = "c"];
	q0 -> q12 [label = "a"];
	q14 -> q10 [label = "a, b"];
	q10 -> q12 [label = "a"];
	q2 -> q3 [label = "a, b"];
	q8 -> q9 [label = "c"];
}
NFA size: 16 states

AL* output after 10 EQ and 796 MQ:
digraph finite_state_machine {
	rankdir=LR;
	node [shape = circle];
	s0 [shape = point, style = invis, start="true" ];
	s1 [shape = point, style = invis, start="true" ];
	q0 [label = "q0", shape = doublecircle, final="true" ];
	q1 [label = "q1", shape = doublecircle, final="true" ];
	q2 [label = "q2", shape = doublecircle, final="true" ];
	q3 [label = "q3"];
	q4 [label = "q4", shape = doublecircle, final="true" ];
	q5 [label = "q5", shape = doublecircle, final="true" ];
	q6 [label = "q6"];
	q7 [label = "q7"];
	m0 [label = "", shape = square, style = filled, color=grey, fixedsize=true, width=.2];
	m1 [label = "", shape = square, style = filled, color=grey, fixedsize=true, width=.2];
	m2 [label = "", shape = square, style = filled, color=grey, fixedsize=true, width=.2];
	m3 [label = "", shape = square, style = filled, color=grey, fixedsize=true, width=.2];
	m4 [label = "", shape = square, style = filled, color=grey, fixedsize=true, width=.2];
	m5 [label = "", shape = square, style = filled, color=grey, fixedsize=true, width=.2];
	m6 [label = "", shape = square, style = filled, color=grey, fixedsize=true, width=.2];
	m7 [label = "", shape = square, style = filled, color=grey, fixedsize=true, width=.2];
	s0 -> m0
	s1 -> m1
	q3 -> m6 [label = "c"];
	q3 -> m1 [label = "c"];
	q3 -> m4 [label = "c"];
	q5 -> m5 [label = "b"];
	q2 -> m2 [label = "c"];
	q4 -> m5 [label = "b"];
	q1 -> m1 [label = "c"];
	q1 -> m2 [label = "c"];
	q5 -> m4 [label = "a"];
	q7 -> m3 [label = "a, b"];
	q1 -> m6 [label = "c"];
	q5 -> m3 [label = "a"];
	q3 -> m3 [label = "a"];
	q4 -> m1 [label = "c"];
	q6 -> m2 [label = "c"];
	q1 -> m3 [label = "a, b"];
	q7 -> m7 [label = "b"];
	q6 -> m6 [label = "c"];
	q6 -> m4 [label = "a, c"];
	q0 -> m3 [label = "a, b"];
	q0 -> m2 [label = "b, c"];
	q4 -> m0 [label = "a, b, c"];
	q2 -> m1 [label = "a, b, c"];
	q2 -> m3 [label = "a, b"];
	q5 -> m7 [label = "b"];
	q0 -> m0 [label = "b"];
	q4 -> m3 [label = "a, b"];
	q3 -> m0 [label = "a"];
	q0 -> m7 [label = "b"];
	q4 -> m7 [label = "b"];
	q2 -> m4 [label = "a"];
	q5 -> m0 [label = "b, c"];
	q6 -> m3 [label = "a"];
	q0 -> m1 [label = "a, b, c"];
	q4 -> m2 [label = "a, b, c"];
	q6 -> m0 [label = "a, b"];
	q5 -> m6 [label = "b"];
	q5 -> m2 [label = "a, c"];
	q1 -> m4 [label = "a, c"];
	q6 -> m5 [label = "c"];
	q1 -> m0 [label = "a, b"];
	q5 -> m1 [label = "c"];
	q7 -> m2 [label = "b, c"];
	q3 -> m2 [label = "b, c"];
	q3 -> m7 [label = "b"];
	q2 -> m0 [label = "b"];
	q7 -> m1 [label = "a, b, c"];
	m0 -> q0;
	m0 -> q3;
	m0 -> q4;
	m0 -> q7;
	m1 -> q1;
	m1 -> q3;
	m1 -> q6;
	m2 -> q1;
	m2 -> q2;
	m2 -> q5;
	m2 -> q6;
	m3 -> q0;
	m3 -> q2;
	m3 -> q7;
	m4 -> q0;
	m4 -> q1;
	m4 -> q2;
	m4 -> q4;
	m4 -> q5;
	m5 -> q1;
	m5 -> q3;
	m5 -> q4;
	m5 -> q6;
	m6 -> q0;
	m6 -> q1;
	m6 -> q2;
	m6 -> q4;
	m6 -> q7;
	m7 -> q4;
	m7 -> q5;
}
AFA size: 8 states

AL** output after 11 EQ and 796 MQ:
digraph finite_state_machine {
	rankdir=LR;
	node [shape = circle];
	s0 [shape = point, style = invis, start="true" ];
	s1 [shape = point, style = invis, start="true" ];
	q0 [label = "q0", shape = doublecircle, final="true" ];
	q1 [label = "q1", shape = doublecircle, final="true" ];
	q2 [label = "q2", shape = doublecircle, final="true" ];
	q3 [label = "q3"];
	q4 [label = "q4", shape = doublecircle, final="true" ];
	q5 [label = "q5", shape = doublecircle, final="true" ];
	q6 [label = "q6"];
	q7 [label = "q7"];
	m0 [label = "", shape = square, style = filled, color=grey, fixedsize=true, width=.2];
	m1 [label = "", shape = square, style = filled, color=grey, fixedsize=true, width=.2];
	m2 [label = "", shape = square, style = filled, color=grey, fixedsize=true, width=.2];
	m3 [label = "", shape = square, style = filled, color=grey, fixedsize=true, width=.2];
	m4 [label = "", shape = square, style = filled, color=grey, fixedsize=true, width=.2];
	m5 [label = "", shape = square, style = filled, color=grey, fixedsize=true, width=.2];
	m6 [label = "", shape = square, style = filled, color=grey, fixedsize=true, width=.2];
	m7 [label = "", shape = square, style = filled, color=grey, fixedsize=true, width=.2];
	s0 -> m0
	s1 -> m1
	q3 -> m6 [label = "c"];
	q3 -> m1 [label = "c"];
	q3 -> m4 [label = "c"];
	q5 -> m5 [label = "b"];
	q2 -> m2 [label = "c"];
	q4 -> m5 [label = "b"];
	q1 -> m1 [label = "c"];
	q1 -> m2 [label = "c"];
	q5 -> m4 [label = "a"];
	q7 -> m3 [label = "a, b"];
	q1 -> m6 [label = "c"];
	q5 -> m3 [label = "a"];
	q3 -> m3 [label = "a"];
	q4 -> m1 [label = "c"];
	q6 -> m2 [label = "c"];
	q1 -> m3 [label = "a, b"];
	q7 -> m7 [label = "b"];
	q6 -> m6 [label = "c"];
	q6 -> m4 [label = "a, c"];
	q0 -> m3 [label = "a, b"];
	q0 -> m2 [label = "b, c"];
	q4 -> m0 [label = "a, b, c"];
	q2 -> m1 [label = "a, b, c"];
	q2 -> m3 [label = "a, b"];
	q5 -> m7 [label = "b"];
	q0 -> m0 [label = "b"];
	q4 -> m3 [label = "a, b"];
	q3 -> m0 [label = "a"];
	q0 -> m7 [label = "b"];
	q4 -> m7 [label = "b"];
	q2 -> m4 [label = "a"];
	q5 -> m0 [label = "b, c"];
	q6 -> m3 [label = "a"];
	q0 -> m1 [label = "a, b, c"];
	q4 -> m2 [label = "a, b, c"];
	q6 -> m0 [label = "a, b"];
	q5 -> m6 [label = "b"];
	q5 -> m2 [label = "a, c"];
	q1 -> m4 [label = "a, c"];
	q6 -> m5 [label = "c"];
	q1 -> m0 [label = "a, b"];
	q5 -> m1 [label = "c"];
	q7 -> m2 [label = "b, c"];
	q3 -> m2 [label = "b, c"];
	q3 -> m7 [label = "b"];
	q2 -> m0 [label = "b"];
	q7 -> m1 [label = "a, b, c"];
	m0 -> q0;
	m0 -> q3;
	m0 -> q4;
	m0 -> q7;
	m1 -> q1;
	m1 -> q3;
	m1 -> q6;
	m2 -> q1;
	m2 -> q2;
	m2 -> q5;
	m2 -> q6;
	m3 -> q0;
	m3 -> q2;
	m3 -> q7;
	m4 -> q0;
	m4 -> q1;
	m4 -> q2;
	m4 -> q4;
	m4 -> q5;
	m5 -> q1;
	m5 -> q3;
	m5 -> q4;
	m5 -> q6;
	m6 -> q0;
	m6 -> q1;
	m6 -> q2;
	m6 -> q4;
	m6 -> q7;
	m7 -> q4;
	m7 -> q5;
}
RAFA size: 8 states

