Random target AFA:
digraph finite_state_machine {
	rankdir=LR;
	node [shape = circle];
	s0 [shape = point, style = invis, start="true" ];
	s1 [shape = point, style = invis, start="true" ];
	q0 [label = "q0"];
	q1 [label = "q1"];
	q2 [label = "q2"];
	q3 [label = "q3"];
	q4 [label = "q4"];
	q5 [label = "q5", shape = doublecircle, final="true" ];
	m0 [label = "", shape = square, style = filled, color=grey, fixedsize=true, width=.2];
	m1 [label = "", shape = square, style = filled, color=grey, fixedsize=true, width=.2];
	m2 [label = "", shape = square, style = filled, color=grey, fixedsize=true, width=.2];
	m3 [label = "", shape = square, style = filled, color=grey, fixedsize=true, width=.2];
	m4 [label = "", shape = square, style = filled, color=grey, fixedsize=true, width=.2];
	m5 [label = "", shape = square, style = filled, color=grey, fixedsize=true, width=.2];
	m6 [label = "", shape = square, style = filled, color=grey, fixedsize=true, width=.2];
	m7 [label = "", shape = square, style = filled, color=grey, fixedsize=true, width=.2];
	m8 [label = "", shape = square, style = filled, color=grey, fixedsize=true, width=.2];
	s0 -> q0
	s1 -> q0
	q5 -> m4 [label = "c"];
	q0 -> q3 [label = "b, c"];
	q3 -> q0 [label = "a, b"];
	q5 -> m2 [label = "c"];
	q5 -> q2 [label = "a"];
	q0 -> m1 [label = "b"];
	q4 -> q5 [label = "a, c"];
	q5 -> q0 [label = "b"];
	q3 -> m8 [label = "c"];
	q0 -> q5 [label = "a"];
	q1 -> q4 [label = "b, c"];
	q2 -> q2 [label = "b"];
	q0 -> q2 [label = "a, c"];
	q4 -> m0 [label = "c"];
	q2 -> q5 [label = "b"];
	q1 -> m5 [label = "a"];
	q2 -> m3 [label = "a"];
	q1 -> q3 [label = "a"];
	q2 -> m2 [label = "a"];
	q3 -> q4 [label = "b"];
	q1 -> m6 [label = "b"];
	q3 -> m7 [label = "a"];
	q3 -> m6 [label = "c"];
	q5 -> q4 [label = "a, b"];
	q4 -> q2 [label = "a"];
	q1 -> m8 [label = "c"];
	q4 -> q0 [label = "b"];
	q4 -> q1 [label = "b"];
	q2 -> q4 [label = "c"];
	q2 -> q3 [label = "c"];
	m0 -> q1;
	m0 -> q3;
	m1 -> q0;
	m1 -> q1;
	m2 -> q0;
	m2 -> q3;
	m3 -> q0;
	m3 -> q2;
	m4 -> q3;
	m4 -> q4;
	m5 -> q0;
	m5 -> q5;
	m6 -> q2;
	m6 -> q3;
	m7 -> q1;
	m7 -> q2;
	m8 -> q1;
	m8 -> q5;
}

L* output after 10 EQ and 5566 MQ:
digraph finite_state_machine {
	rankdir=LR;
	node [shape = circle];
	s0 [shape = point, style = invis, start="true" ];
	q0 [label = "q0"];
	q1 [label = "q1"];
	q2 [label = "q2", shape = doublecircle, final="true" ];
	q3 [label = "q3"];
	q4 [label = "q4", shape = doublecircle, final="true" ];
	q5 [label = "q5"];
	q6 [label = "q6", shape = doublecircle, final="true" ];
	q7 [label = "q7", shape = doublecircle, final="true" ];
	q8 [label = "q8"];
	q9 [label = "q9", shape = doublecircle, final="true" ];
	q10 [label = "q10", shape = doublecircle, final="true" ];
	q11 [label = "q11"];
	q12 [label = "q12", shape = doublecircle, final="true" ];
	q13 [label = "q13", shape = doublecircle, final="true" ];
	q14 [label = "q14"];
	q15 [label = "q15"];
	q16 [label = "q16"];
	q17 [label = "q17"];
	q18 [label = "q18", shape = doublecircle, final="true" ];
	q19 [label = "q19", shape = doublecircle, final="true" ];
	q20 [label = "q20", shape = doublecircle, final="true" ];
	q21 [label = "q21"];
	q22 [label = "q22"];
	q23 [label = "q23"];
	q24 [label = "q24", shape = doublecircle, final="true" ];
	q25 [label = "q25"];
	q26 [label = "q26"];
	q27 [label = "q27", shape = doublecircle, final="true" ];
	q28 [label = "q28"];
	q29 [label = "q29", shape = doublecircle, final="true" ];
	q30 [label = "q30"];
	q31 [label = "q31", shape = doublecircle, final="true" ];
	q32 [label = "q32"];
	q33 [label = "q33"];
	q34 [label = "q34"];
	q35 [label = "q35"];
	q36 [label = "q36"];
	q37 [label = "q37"];
	q38 [label = "q38"];
	q39 [label = "q39"];
	q40 [label = "q40"];
	q41 [label = "q41"];
	q42 [label = "q42"];
	q43 [label = "q43"];
	q44 [label = "q44"];
	s0 -> q28
	q41 -> q22 [label = "c"];
	q41 -> q24 [label = "b"];
	q43 -> q31 [label = "a"];
	q43 -> q4 [label = "b"];
	q14 -> q12 [label = "c"];
	q4 -> q12 [label = "c"];
	q8 -> q27 [label = "a"];
	q36 -> q10 [label = "c"];
	q32 -> q6 [label = "b"];
	q0 -> q9 [label = "a"];
	q0 -> q36 [label = "b"];
	q5 -> q12 [label = "c"];
	q12 -> q20 [label = "c"];
	q24 -> q12 [label = "c"];
	q31 -> q19 [label = "a"];
	q7 -> q32 [label = "c"];
	q23 -> q24 [label = "b"];
	q22 -> q30 [label = "b"];
	q7 -> q4 [label = "b"];
	q15 -> q32 [label = "c"];
	q4 -> q13 [label = "b"];
	q17 -> q11 [label = "b"];
	q26 -> q17 [label = "b"];
	q2 -> q4 [label = "a, b"];
	q7 -> q19 [label = "a"];
	q9 -> q32 [label = "c"];
	q39 -> q42 [label = "a"];
	q15 -> q9 [label = "b"];
	q20 -> q24 [label = "a"];
	q1 -> q27 [label = "a"];
	q19 -> q19 [label = "a"];
	q21 -> q31 [label = "a"];
	q5 -> q27 [label = "a"];
	q5 -> q14 [label = "b"];
	q3 -> q12 [label = "c"];
	q19 -> q6 [label = "b"];
	q17 -> q10 [label = "c"];
	q41 -> q15 [label = "a"];
	q22 -> q18 [label = "c"];
	q28 -> q27 [label = "a"];
	q35 -> q27 [label = "a"];
	q22 -> q7 [label = "a"];
	q10 -> q24 [label = "b"];
	q16 -> q39 [label = "c"];
	q20 -> q30 [label = "b"];
	q6 -> q12 [label = "a, c"];
	q36 -> q14 [label = "b"];
	q1 -> q0 [label = "b"];
	q18 -> q1 [label = "b"];
	q16 -> q33 [label = "a"];
	q40 -> q44 [label = "c"];
	q6 -> q13 [label = "b"];
	q44 -> q5 [label = "b"];
	q3 -> q7 [label = "a"];
	q1 -> q10 [label = "c"];
	q43 -> q32 [label = "c"];
	q36 -> q7 [label = "a"];
	q21 -> q32 [label = "c"];
	q18 -> q38 [label = "c"];
	q32 -> q20 [label = "c"];
	q38 -> q33 [label = "a"];
	q14 -> q9 [label = "a"];
	q3 -> q14 [label = "b"];
	q27 -> q25 [label = "a"];
	q18 -> q25 [label = "a"];
	q17 -> q27 [label = "a"];
	q0 -> q32 [label = "c"];
	q27 -> q24 [label = "b"];
	q9 -> q24 [label = "a"];
	q19 -> q20 [label = "c"];
	q33 -> q37 [label = "b"];
	q2 -> q32 [label = "c"];
	q11 -> q9 [label = "a"];
	q20 -> q18 [label = "c"];
	q23 -> q35 [label = "a"];
	q15 -> q27 [label = "a"];
	q13 -> q13 [label = "b"];
	q30 -> q10 [label = "a"];
	q11 -> q32 [label = "c"];
	q42 -> q22 [label = "c"];
	q12 -> q6 [label = "b"];
	q10 -> q8 [label = "a"];
	q31 -> q24 [label = "b"];
	q8 -> q2 [label = "b"];
	q13 -> q12 [label = "c"];
	q26 -> q21 [label = "a"];
	q12 -> q24 [label = "a"];
	q23 -> q22 [label = "c"];
	q8 -> q12 [label = "c"];
	q38 -> q1 [label = "b"];
	q11 -> q3 [label = "b"];
	q9 -> q4 [label = "b"];
	q21 -> q36 [label = "b"];
	q28 -> q23 [label = "c"];
	q24 -> q19 [label = "a"];
	q32 -> q7 [label = "a"];
	q24 -> q13 [label = "b"];
	q25 -> q27 [label = "a"];
	q14 -> q14 [label = "b"];
	q29 -> q32 [label = "c"];
	q29 -> q12 [label = "a"];
	q25 -> q29 [label = "b"];
	q13 -> q4 [label = "a"];
	q39 -> q38 [label = "c"];
	q31 -> q22 [label = "c"];
	q25 -> q20 [label = "c"];
	q26 -> q16 [label = "c"];
	q35 -> q32 [label = "c"];
	q28 -> q26 [label = "b"];
	q35 -> q40 [label = "b"];
	q27 -> q22 [label = "c"];
	q16 -> q5 [label = "b"];
	q29 -> q4 [label = "b"];
	q30 -> q14 [label = "b"];
	q34 -> q7 [label = "b"];
	q30 -> q12 [label = "c"];
	q34 -> q34 [label = "a"];
	q38 -> q38 [label = "c"];
	q33 -> q34 [label = "a"];
	q37 -> q41 [label = "c"];
	q33 -> q22 [label = "c"];
	q37 -> q31 [label = "a"];
	q10 -> q22 [label = "c"];
	q39 -> q1 [label = "b"];
	q37 -> q3 [label = "b"];
	q34 -> q22 [label = "c"];
	q44 -> q39 [label = "c"];
	q4 -> q24 [label = "a"];
	q42 -> q7 [label = "b"];
	q40 -> q43 [label = "a"];
	q40 -> q5 [label = "b"];
	q42 -> q27 [label = "a"];
	q44 -> q42 [label = "a"];
}
DFA size: 45 states

NL* output after 14 EQ and 2633 MQ:
digraph finite_state_machine {
	rankdir=LR;
	node [shape = circle];
	s0 [shape = point, style = invis, start="true" ];
	q0 [label = "q0"];
	q1 [label = "q1"];
	q2 [label = "q2"];
	q3 [label = "q3"];
	q4 [label = "q4"];
	q5 [label = "q5"];
	q6 [label = "q6"];
	q7 [label = "q7"];
	q8 [label = "q8"];
	q9 [label = "q9"];
	q10 [label = "q10"];
	q11 [label = "q11"];
	q12 [label = "q12", shape = doublecircle, final="true" ];
	q13 [label = "q13"];
	q14 [label = "q14"];
	q15 [label = "q15", shape = doublecircle, final="true" ];
	q16 [label = "q16"];
	q17 [label = "q17"];
	s0 -> q8
	q9 -> q12 [label = "b"];
	q9 -> q10 [label = "b"];
	q9 -> q6 [label = "b"];
	q11 -> q1 [label = "a"];
	q9 -> q4 [label = "a, b"];
	q11 -> q14 [label = "b"];
	q11 -> q16 [label = "b"];
	q11 -> q8 [label = "a, b"];
	q11 -> q6 [label = "a, b"];
	q9 -> q0 [label = "b"];
	q11 -> q4 [label = "a, b"];
	q13 -> q3 [label = "c"];
	q12 -> q6 [label = "a"];
	q11 -> q3 [label = "a, b"];
	q12 -> q10 [label = "a"];
	q12 -> q1 [label = "a"];
	q14 -> q16 [label = "b"];
	q14 -> q8 [label = "b"];
	q14 -> q0 [label = "b"];
	q8 -> q13 [label = "b"];
	q14 -> q14 [label = "b"];
	q14 -> q13 [label = "b, c"];
	q14 -> q11 [label = "b, c"];
	q8 -> q6 [label = "a"];
	q8 -> q2 [label = "a"];
	q10 -> q1 [label = "b"];
	q12 -> q7 [label = "c"];
	q4 -> q9 [label = "c"];
	q14 -> q1 [label = "c"];
	q2 -> q8 [label = "b"];
	q10 -> q6 [label = "a, b"];
	q0 -> q17 [label = "b"];
	q0 -> q13 [label = "b"];
	q10 -> q7 [label = "a, b, c"];
	q14 -> q12 [label = "a, c"];
	q4 -> q7 [label = "a, b, c"];
	q14 -> q7 [label = "a, b, c"];
	q14 -> q6 [label = "a, b, c"];
	q14 -> q5 [label = "a, c"];
	q11 -> q7 [label = "a, b, c"];
	q13 -> q16 [label = "b"];
	q1 -> q1 [label = "b"];
	q4 -> q5 [label = "a, c"];
	q5 -> q1 [label = "b"];
	q15 -> q11 [label = "a, b, c"];
	q15 -> q10 [label = "a, b, c"];
	q17 -> q13 [label = "a, b, c"];
	q15 -> q4 [label = "b"];
	q14 -> q4 [label = "b"];
	q14 -> q9 [label = "a, c"];
	q0 -> q6 [label = "a, b, c"];
	q9 -> q16 [label = "b"];
	q17 -> q6 [label = "a, c"];
	q0 -> q3 [label = "a, b, c"];
	q0 -> q4 [label = "b"];
	q15 -> q7 [label = "a, b, c"];
	q15 -> q0 [label = "b"];
	q15 -> q6 [label = "a, b, c"];
	q15 -> q9 [label = "a, b, c"];
	q16 -> q12 [label = "a, c"];
	q2 -> q16 [label = "b"];
	q14 -> q2 [label = "a, b, c"];
	q14 -> q17 [label = "b"];
	q16 -> q6 [label = "a, b, c"];
	q17 -> q16 [label = "b"];
	q17 -> q10 [label = "c"];
	q16 -> q17 [label = "b"];
	q11 -> q12 [label = "a, c"];
	q9 -> q8 [label = "a, b"];
	q10 -> q4 [label = "b"];
	q13 -> q2 [label = "a"];
	q5 -> q5 [label = "a, b"];
	q14 -> q3 [label = "a, b, c"];
	q17 -> q8 [label = "a, b"];
	q4 -> q1 [label = "c"];
	q17 -> q9 [label = "a, c"];
	q12 -> q16 [label = "b"];
	q9 -> q5 [label = "b"];
	q17 -> q7 [label = "a, b, c"];
	q1 -> q2 [label = "a, b, c"];
	q1 -> q4 [label = "b"];
	q4 -> q11 [label = "c"];
	q3 -> q16 [label = "b"];
	q17 -> q0 [label = "b"];
	q16 -> q9 [label = "c"];
	q8 -> q7 [label = "a, b"];
	q17 -> q5 [label = "a, c"];
	q11 -> q0 [label = "b"];
	q16 -> q5 [label = "a, c"];
	q15 -> q12 [label = "a, b"];
	q15 -> q2 [label = "a, b, c"];
	q16 -> q7 [label = "a, b, c"];
	q9 -> q1 [label = "b"];
	q5 -> q3 [label = "b, c"];
	q4 -> q13 [label = "b, c"];
	q17 -> q11 [label = "b, c"];
	q15 -> q16 [label = "b"];
	q10 -> q8 [label = "b"];
	q2 -> q5 [label = "a"];
	q6 -> q5 [label = "a"];
	q8 -> q12 [label = "a"];
	q5 -> q6 [label = "a, b"];
	q5 -> q8 [label = "b"];
	q7 -> q6 [label = "a"];
	q16 -> q2 [label = "a, b, c"];
	q13 -> q4 [label = "a"];
	q3 -> q7 [label = "b, c"];
	q15 -> q13 [label = "a, b, c"];
	q13 -> q8 [label = "a, b"];
	q17 -> q4 [label = "a"];
	q10 -> q2 [label = "a, b, c"];
	q10 -> q3 [label = "a, b, c"];
	q16 -> q13 [label = "b"];
	q6 -> q11 [label = "c"];
	q3 -> q6 [label = "a, b"];
	q4 -> q12 [label = "a"];
	q11 -> q5 [label = "a"];
	q0 -> q5 [label = "a, c"];
	q10 -> q11 [label = "c"];
	q16 -> q8 [label = "b"];
	q13 -> q0 [label = "b"];
	q15 -> q3 [label = "a, b, c"];
	q8 -> q5 [label = "a"];
	q15 -> q1 [label = "a, b, c"];
	q4 -> q10 [label = "c"];
	q15 -> q8 [label = "b"];
	q3 -> q2 [label = "c"];
	q17 -> q1 [label = "a, c"];
	q13 -> q6 [label = "a"];
	q13 -> q7 [label = "a, c"];
	q14 -> q10 [label = "c"];
	q10 -> q12 [label = "a, b, c"];
	q0 -> q12 [label = "a, c"];
	q9 -> q2 [label = "b, c"];
	q16 -> q3 [label = "a, c"];
	q1 -> q7 [label = "a, b, c"];
	q9 -> q3 [label = "b, c"];
	q17 -> q3 [label = "a, b, c"];
	q15 -> q5 [label = "a, b, c"];
	q9 -> q7 [label = "b, c"];
	q9 -> q11 [label = "c"];
	q6 -> q2 [label = "b, c"];
	q17 -> q12 [label = "a"];
	q11 -> q2 [label = "a, c"];
	q5 -> q2 [label = "b, c"];
	q1 -> q11 [label = "c"];
	q5 -> q4 [label = "b"];
	q10 -> q5 [label = "a, b"];
	q5 -> q7 [label = "b, c"];
	q5 -> q12 [label = "b"];
	q4 -> q2 [label = "a, b, c"];
	q6 -> q6 [label = "a"];
	q0 -> q7 [label = "a, b, c"];
	q1 -> q3 [label = "a, b, c"];
	q7 -> q8 [label = "b"];
	q7 -> q16 [label = "b"];
	q16 -> q4 [label = "b"];
	q1 -> q5 [label = "a, b"];
	q1 -> q6 [label = "a, b"];
	q8 -> q9 [label = "c"];
	q1 -> q8 [label = "b"];
	q17 -> q2 [label = "a, b, c"];
	q1 -> q12 [label = "a, b"];
	q2 -> q1 [label = "a"];
	q4 -> q3 [label = "a, b, c"];
	q7 -> q7 [label = "c"];
	q3 -> q0 [label = "b"];
	q12 -> q8 [label = "b"];
	q3 -> q3 [label = "b"];
	q3 -> q4 [label = "b"];
	q8 -> q3 [label = "a"];
	q10 -> q15 [label = "b"];
	q2 -> q7 [label = "c"];
	q3 -> q8 [label = "b"];
	q5 -> q11 [label = "c"];
	q4 -> q6 [label = "a, c"];
	q0 -> q2 [label = "a, b, c"];
	q12 -> q5 [label = "a"];
	q6 -> q3 [label = "b, c"];
	q0 -> q9 [label = "c"];
	q6 -> q7 [label = "b, c"];
	q6 -> q8 [label = "b"];
	q2 -> q6 [label = "a"];
	q0 -> q8 [label = "b"];
}
NFA size: 18 states

AL* output after 16 EQ and 1924 MQ:
digraph finite_state_machine {
	rankdir=LR;
	node [shape = circle];
	s0 [shape = point, style = invis, start="true" ];
	q0 [label = "q0"];
	q1 [label = "q1"];
	q2 [label = "q2"];
	q3 [label = "q3"];
	q4 [label = "q4"];
	q5 [label = "q5"];
	q6 [label = "q6", shape = doublecircle, final="true" ];
	q7 [label = "q7"];
	q8 [label = "q8"];
	q9 [label = "q9", shape = doublecircle, final="true" ];
	m0 [label = "", shape = square, style = filled, color=grey, fixedsize=true, width=.2];
	m1 [label = "", shape = square, style = filled, color=grey, fixedsize=true, width=.2];
	m2 [label = "", shape = square, style = filled, color=grey, fixedsize=true, width=.2];
	m3 [label = "", shape = square, style = filled, color=grey, fixedsize=true, width=.2];
	m4 [label = "", shape = square, style = filled, color=grey, fixedsize=true, width=.2];
	m5 [label = "", shape = square, style = filled, color=grey, fixedsize=true, width=.2];
	m6 [label = "", shape = square, style = filled, color=grey, fixedsize=true, width=.2];
	m7 [label = "", shape = square, style = filled, color=grey, fixedsize=true, width=.2];
	m8 [label = "", shape = square, style = filled, color=grey, fixedsize=true, width=.2];
	m9 [label = "", shape = square, style = filled, color=grey, fixedsize=true, width=.2];
	m10 [label = "", shape = square, style = filled, color=grey, fixedsize=true, width=.2];
	m11 [label = "", shape = square, style = filled, color=grey, fixedsize=true, width=.2];
	m12 [label = "", shape = square, style = filled, color=grey, fixedsize=true, width=.2];
	m13 [label = "", shape = square, style = filled, color=grey, fixedsize=true, width=.2];
	m14 [label = "", shape = square, style = filled, color=grey, fixedsize=true, width=.2];
	s0 -> m0
	q9 -> m0 [label = "b"];
	q8 -> m3 [label = "a"];
	q8 -> m8 [label = "a, c"];
	q4 -> m12 [label = "c"];
	q0 -> m3 [label = "a"];
	q0 -> m12 [label = "b"];
	q0 -> m13 [label = "b"];
	q2 -> m3 [label = "a"];
	q9 -> m4 [label = "a, b"];
	q0 -> m8 [label = "a, c"];
	q4 -> m10 [label = "a"];
	q8 -> m13 [label = "b"];
	q7 -> m5 [label = "c"];
	q2 -> m5 [label = "a, b, c"];
	q5 -> m4 [label = "b, c"];
	q7 -> m3 [label = "b"];
	q8 -> m5 [label = "b, c"];
	q0 -> m11 [label = "b"];
	q0 -> m5 [label = "b, c"];
	q3 -> m8 [label = "a, b"];
	q7 -> m0 [label = "a, b"];
	q6 -> m6 [label = "b"];
	q7 -> m7 [label = "a"];
	q6 -> m4 [label = "a, b"];
	q0 -> m14 [label = "b"];
	q5 -> m6 [label = "b"];
	q3 -> m4 [label = "c"];
	q2 -> m0 [label = "a, b"];
	q2 -> m8 [label = "a, c"];
	q1 -> m5 [label = "b, c"];
	q7 -> m8 [label = "b"];
	q4 -> m7 [label = "a"];
	q2 -> m4 [label = "b, c"];
	q0 -> m4 [label = "c"];
	q1 -> m6 [label = "b"];
	q5 -> m3 [label = "a, c"];
	q3 -> m3 [label = "a, b, c"];
	q5 -> m5 [label = "a, b, c"];
	q3 -> m5 [label = "c"];
	q9 -> m2 [label = "c"];
	q9 -> m1 [label = "c"];
	q8 -> m14 [label = "b"];
	q4 -> m4 [label = "b"];
	q4 -> m0 [label = "a, b"];
	q3 -> m6 [label = "b"];
	q4 -> m9 [label = "b"];
	q4 -> m1 [label = "c"];
	q6 -> m8 [label = "a"];
	q1 -> m8 [label = "a, c"];
	q9 -> m8 [label = "a"];
	q4 -> m2 [label = "c"];
	q6 -> m3 [label = "a, c"];
	q6 -> m0 [label = "a"];
	q7 -> m4 [label = "b, c"];
	q1 -> m3 [label = "a, c"];
	q5 -> m8 [label = "a, c"];
	m0 -> q0;
	m0 -> q1;
	m0 -> q2;
	m0 -> q5;
	m0 -> q8;
	m1 -> q2;
	m1 -> q4;
	m1 -> q5;
	m1 -> q6;
	m1 -> q7;
	m1 -> q9;
	m2 -> q0;
	m2 -> q1;
	m2 -> q2;
	m2 -> q3;
	m2 -> q4;
	m2 -> q5;
	m2 -> q6;
	m2 -> q8;
	m2 -> q9;
	m3 -> q6;
	m3 -> q9;
	m4 -> q1;
	m4 -> q3;
	m4 -> q5;
	m4 -> q6;
	m5 -> q2;
	m5 -> q4;
	m5 -> q6;
	m5 -> q7;
	m6 -> q2;
	m6 -> q5;
	m7 -> q0;
	m7 -> q2;
	m7 -> q3;
	m7 -> q5;
	m7 -> q7;
	m8 -> q3;
	m8 -> q7;
	m9 -> q0;
	m9 -> q2;
	m9 -> q3;
	m9 -> q4;
	m9 -> q5;
	m9 -> q6;
	m9 -> q7;
	m9 -> q9;
	m10 -> q2;
	m10 -> q4;
	m10 -> q6;
	m10 -> q7;
	m10 -> q9;
	m11 -> q0;
	m11 -> q1;
	m11 -> q2;
	m11 -> q3;
	m11 -> q5;
	m11 -> q6;
	m11 -> q8;
	m11 -> q9;
	m12 -> q1;
	m12 -> q3;
	m12 -> q5;
	m12 -> q6;
	m12 -> q7;
	m13 -> q0;
	m13 -> q1;
	m13 -> q2;
	m13 -> q3;
	m13 -> q4;
	m13 -> q5;
	m13 -> q6;
	m13 -> q8;
	m14 -> q0;
	m14 -> q1;
	m14 -> q2;
	m14 -> q3;
	m14 -> q4;
	m14 -> q5;
	m14 -> q7;
	m14 -> q8;
}
AFA size: 10 states

AL** output after 17 EQ and 1924 MQ:
digraph finite_state_machine {
	rankdir=LR;
	node [shape = circle];
	s0 [shape = point, style = invis, start="true" ];
	q0 [label = "q0"];
	q1 [label = "q1"];
	q2 [label = "q2"];
	q3 [label = "q3"];
	q4 [label = "q4"];
	q5 [label = "q5"];
	q6 [label = "q6", shape = doublecircle, final="true" ];
	q7 [label = "q7"];
	q8 [label = "q8"];
	q9 [label = "q9", shape = doublecircle, final="true" ];
	m0 [label = "", shape = square, style = filled, color=grey, fixedsize=true, width=.2];
	m1 [label = "", shape = square, style = filled, color=grey, fixedsize=true, width=.2];
	m2 [label = "", shape = square, style = filled, color=grey, fixedsize=true, width=.2];
	m3 [label = "", shape = square, style = filled, color=grey, fixedsize=true, width=.2];
	m4 [label = "", shape = square, style = filled, color=grey, fixedsize=true, width=.2];
	m5 [label = "", shape = square, style = filled, color=grey, fixedsize=true, width=.2];
	m6 [label = "", shape = square, style = filled, color=grey, fixedsize=true, width=.2];
	m7 [label = "", shape = square, style = filled, color=grey, fixedsize=true, width=.2];
	m8 [label = "", shape = square, style = filled, color=grey, fixedsize=true, width=.2];
	m9 [label = "", shape = square, style = filled, color=grey, fixedsize=true, width=.2];
	m10 [label = "", shape = square, style = filled, color=grey, fixedsize=true, width=.2];
	m11 [label = "", shape = square, style = filled, color=grey, fixedsize=true, width=.2];
	m12 [label = "", shape = square, style = filled, color=grey, fixedsize=true, width=.2];
	m13 [label = "", shape = square, style = filled, color=grey, fixedsize=true, width=.2];
	m14 [label = "", shape = square, style = filled, color=grey, fixedsize=true, width=.2];
	s0 -> m0
	q9 -> m0 [label = "b"];
	q8 -> m3 [label = "a"];
	q8 -> m8 [label = "a, c"];
	q4 -> m12 [label = "c"];
	q0 -> m3 [label = "a"];
	q0 -> m12 [label = "b"];
	q0 -> m13 [label = "b"];
	q2 -> m3 [label = "a"];
	q9 -> m4 [label = "a, b"];
	q0 -> m8 [label = "a, c"];
	q4 -> m10 [label = "a"];
	q8 -> m13 [label = "b"];
	q7 -> m5 [label = "c"];
	q2 -> m5 [label = "a, b, c"];
	q5 -> m4 [label = "b, c"];
	q7 -> m3 [label = "b"];
	q8 -> m5 [label = "b, c"];
	q0 -> m11 [label = "b"];
	q0 -> m5 [label = "b, c"];
	q3 -> m8 [label = "a, b"];
	q7 -> m0 [label = "a, b"];
	q6 -> m6 [label = "b"];
	q7 -> m7 [label = "a"];
	q6 -> m4 [label = "a, b"];
	q0 -> m14 [label = "b"];
	q5 -> m6 [label = "b"];
	q3 -> m4 [label = "c"];
	q2 -> m0 [label = "a, b"];
	q2 -> m8 [label = "a, c"];
	q1 -> m5 [label = "b, c"];
	q7 -> m8 [label = "b"];
	q4 -> m7 [label = "a"];
	q2 -> m4 [label = "b, c"];
	q0 -> m4 [label = "c"];
	q1 -> m6 [label = "b"];
	q5 -> m3 [label = "a, c"];
	q3 -> m3 [label = "a, b, c"];
	q5 -> m5 [label = "a, b, c"];
	q3 -> m5 [label = "c"];
	q9 -> m2 [label = "c"];
	q9 -> m1 [label = "c"];
	q8 -> m14 [label = "b"];
	q4 -> m4 [label = "b"];
	q4 -> m0 [label = "a, b"];
	q3 -> m6 [label = "b"];
	q4 -> m9 [label = "b"];
	q4 -> m1 [label = "c"];
	q6 -> m8 [label = "a"];
	q1 -> m8 [label = "a, c"];
	q9 -> m8 [label = "a"];
	q4 -> m2 [label = "c"];
	q6 -> m3 [label = "a, c"];
	q6 -> m0 [label = "a"];
	q7 -> m4 [label = "b, c"];
	q1 -> m3 [label = "a, c"];
	q5 -> m8 [label = "a, c"];
	m0 -> q0;
	m0 -> q1;
	m0 -> q2;
	m0 -> q5;
	m0 -> q8;
	m1 -> q2;
	m1 -> q4;
	m1 -> q5;
	m1 -> q6;
	m1 -> q7;
	m1 -> q9;
	m2 -> q0;
	m2 -> q1;
	m2 -> q2;
	m2 -> q3;
	m2 -> q4;
	m2 -> q5;
	m2 -> q6;
	m2 -> q8;
	m2 -> q9;
	m3 -> q6;
	m3 -> q9;
	m4 -> q1;
	m4 -> q3;
	m4 -> q5;
	m4 -> q6;
	m5 -> q2;
	m5 -> q4;
	m5 -> q6;
	m5 -> q7;
	m6 -> q2;
	m6 -> q5;
	m7 -> q0;
	m7 -> q2;
	m7 -> q3;
	m7 -> q5;
	m7 -> q7;
	m8 -> q3;
	m8 -> q7;
	m9 -> q0;
	m9 -> q2;
	m9 -> q3;
	m9 -> q4;
	m9 -> q5;
	m9 -> q6;
	m9 -> q7;
	m9 -> q9;
	m10 -> q2;
	m10 -> q4;
	m10 -> q6;
	m10 -> q7;
	m10 -> q9;
	m11 -> q0;
	m11 -> q1;
	m11 -> q2;
	m11 -> q3;
	m11 -> q5;
	m11 -> q6;
	m11 -> q8;
	m11 -> q9;
	m12 -> q1;
	m12 -> q3;
	m12 -> q5;
	m12 -> q6;
	m12 -> q7;
	m13 -> q0;
	m13 -> q1;
	m13 -> q2;
	m13 -> q3;
	m13 -> q4;
	m13 -> q5;
	m13 -> q6;
	m13 -> q8;
	m14 -> q0;
	m14 -> q1;
	m14 -> q2;
	m14 -> q3;
	m14 -> q4;
	m14 -> q5;
	m14 -> q7;
	m14 -> q8;
}
RAFA size: 10 states

