Random target AFA:
digraph finite_state_machine {
	rankdir=LR;
	node [shape = circle];
	s0 [shape = point, style = invis, start="true" ];
	s1 [shape = point, style = invis, start="true" ];
	q0 [label = "q0", shape = doublecircle, final="true" ];
	q1 [label = "q1"];
	q2 [label = "q2"];
	q3 [label = "q3"];
	q4 [label = "q4"];
	q5 [label = "q5"];
	m0 [label = "", shape = square, style = filled, color=grey, fixedsize=true, width=.2];
	m1 [label = "", shape = square, style = filled, color=grey, fixedsize=true, width=.2];
	m2 [label = "", shape = square, style = filled, color=grey, fixedsize=true, width=.2];
	m3 [label = "", shape = square, style = filled, color=grey, fixedsize=true, width=.2];
	m4 [label = "", shape = square, style = filled, color=grey, fixedsize=true, width=.2];
	m5 [label = "", shape = square, style = filled, color=grey, fixedsize=true, width=.2];
	m6 [label = "", shape = square, style = filled, color=grey, fixedsize=true, width=.2];
	s0 -> q2
	s1 -> q2
	q5 -> q4 [label = "b"];
	q5 -> m3 [label = "b"];
	q2 -> q4 [label = "c"];
	q1 -> q2 [label = "c"];
	q5 -> q0 [label = "a"];
	q3 -> q4 [label = "b"];
	q1 -> q3 [label = "a"];
	q5 -> q2 [label = "c"];
	q1 -> q0 [label = "b"];
	q4 -> q5 [label = "c"];
	q4 -> q3 [label = "b, c"];
	q0 -> q4 [label = "a, b"];
	q4 -> m0 [label = "a"];
	q0 -> m0 [label = "a"];
	q3 -> q2 [label = "a"];
	q5 -> q5 [label = "c"];
	q2 -> q0 [label = "b"];
	q3 -> m6 [label = "c"];
	q2 -> q1 [label = "b, c"];
	q1 -> q4 [label = "a, c"];
	q0 -> q5 [label = "c"];
	q4 -> m5 [label = "b"];
	q5 -> m4 [label = "a"];
	q3 -> q0 [label = "a, b, c"];
	q0 -> q3 [label = "b"];
	q2 -> q3 [label = "a"];
	q1 -> m3 [label = "b"];
	q0 -> m1 [label = "c"];
	q4 -> m2 [label = "a"];
	m0 -> q1;
	m0 -> q2;
	m1 -> q0;
	m1 -> q2;
	m2 -> q1;
	m2 -> q4;
	m3 -> q0;
	m3 -> q5;
	m4 -> q2;
	m4 -> q3;
	m5 -> q3;
	m5 -> q4;
	m6 -> q0;
	m6 -> q3;
}

L* output after 9 EQ and 5196 MQ:
digraph finite_state_machine {
	rankdir=LR;
	node [shape = circle];
	s0 [shape = point, style = invis, start="true" ];
	q0 [label = "q0"];
	q1 [label = "q1", shape = doublecircle, final="true" ];
	q2 [label = "q2", shape = doublecircle, final="true" ];
	q3 [label = "q3", shape = doublecircle, final="true" ];
	q4 [label = "q4"];
	q5 [label = "q5"];
	q6 [label = "q6", shape = doublecircle, final="true" ];
	q7 [label = "q7"];
	q8 [label = "q8"];
	q9 [label = "q9", shape = doublecircle, final="true" ];
	q10 [label = "q10", shape = doublecircle, final="true" ];
	q11 [label = "q11"];
	q12 [label = "q12"];
	q13 [label = "q13"];
	q14 [label = "q14"];
	q15 [label = "q15"];
	q16 [label = "q16", shape = doublecircle, final="true" ];
	q17 [label = "q17", shape = doublecircle, final="true" ];
	q18 [label = "q18", shape = doublecircle, final="true" ];
	q19 [label = "q19", shape = doublecircle, final="true" ];
	q20 [label = "q20", shape = doublecircle, final="true" ];
	q21 [label = "q21"];
	q22 [label = "q22"];
	q23 [label = "q23", shape = doublecircle, final="true" ];
	q24 [label = "q24", shape = doublecircle, final="true" ];
	q25 [label = "q25", shape = doublecircle, final="true" ];
	q26 [label = "q26"];
	q27 [label = "q27"];
	q28 [label = "q28", shape = doublecircle, final="true" ];
	q29 [label = "q29"];
	q30 [label = "q30"];
	q31 [label = "q31", shape = doublecircle, final="true" ];
	q32 [label = "q32"];
	q33 [label = "q33", shape = doublecircle, final="true" ];
	q34 [label = "q34"];
	q35 [label = "q35"];
	q36 [label = "q36"];
	q37 [label = "q37"];
	q38 [label = "q38", shape = doublecircle, final="true" ];
	q39 [label = "q39", shape = doublecircle, final="true" ];
	q40 [label = "q40"];
	q41 [label = "q41", shape = doublecircle, final="true" ];
	q42 [label = "q42", shape = doublecircle, final="true" ];
	q43 [label = "q43"];
	q44 [label = "q44"];
	q45 [label = "q45", shape = doublecircle, final="true" ];
	s0 -> q29
	q41 -> q31 [label = "c"];
	q45 -> q15 [label = "a"];
	q41 -> q25 [label = "b"];
	q43 -> q1 [label = "a"];
	q43 -> q25 [label = "b"];
	q40 -> q2 [label = "c"];
	q44 -> q38 [label = "a"];
	q42 -> q26 [label = "a"];
	q2 -> q19 [label = "b"];
	q14 -> q10 [label = "b"];
	q0 -> q25 [label = "b"];
	q9 -> q3 [label = "a"];
	q6 -> q19 [label = "b"];
	q15 -> q37 [label = "a"];
	q4 -> q40 [label = "c"];
	q42 -> q25 [label = "b"];
	q45 -> q12 [label = "c"];
	q2 -> q39 [label = "a"];
	q12 -> q35 [label = "c"];
	q9 -> q35 [label = "c"];
	q30 -> q17 [label = "c"];
	q32 -> q34 [label = "b"];
	q44 -> q33 [label = "c"];
	q0 -> q2 [label = "c"];
	q2 -> q2 [label = "c"];
	q11 -> q23 [label = "a"];
	q10 -> q9 [label = "c"];
	q23 -> q39 [label = "a"];
	q7 -> q25 [label = "b"];
	q31 -> q8 [label = "c"];
	q12 -> q30 [label = "b"];
	q19 -> q39 [label = "a"];
	q5 -> q1 [label = "a"];
	q3 -> q25 [label = "b"];
	q4 -> q25 [label = "b"];
	q10 -> q25 [label = "b"];
	q17 -> q33 [label = "c"];
	q3 -> q26 [label = "a"];
	q42 -> q40 [label = "c"];
	q21 -> q41 [label = "a"];
	q20 -> q30 [label = "b"];
	q34 -> q13 [label = "c"];
	q3 -> q7 [label = "c"];
	q13 -> q25 [label = "b"];
	q18 -> q7 [label = "c"];
	q17 -> q25 [label = "b"];
	q22 -> q40 [label = "c"];
	q22 -> q26 [label = "a"];
	q44 -> q16 [label = "b"];
	q4 -> q1 [label = "a"];
	q45 -> q25 [label = "b"];
	q5 -> q8 [label = "c"];
	q24 -> q44 [label = "c"];
	q24 -> q30 [label = "b"];
	q16 -> q13 [label = "c"];
	q26 -> q19 [label = "c"];
	q16 -> q15 [label = "a"];
	q25 -> q17 [label = "c"];
	q17 -> q18 [label = "a"];
	q13 -> q6 [label = "a"];
	q9 -> q30 [label = "b"];
	q11 -> q3 [label = "c"];
	q6 -> q26 [label = "a"];
	q20 -> q32 [label = "c"];
	q7 -> q2 [label = "c"];
	q21 -> q8 [label = "c"];
	q20 -> q14 [label = "a"];
	q18 -> q19 [label = "b"];
	q1 -> q25 [label = "b"];
	q19 -> q25 [label = "b"];
	q15 -> q25 [label = "b"];
	q14 -> q11 [label = "a"];
	q8 -> q39 [label = "a"];
	q1 -> q19 [label = "c"];
	q14 -> q0 [label = "c"];
	q10 -> q18 [label = "a"];
	q11 -> q24 [label = "b"];
	q6 -> q43 [label = "c"];
	q1 -> q39 [label = "a"];
	q28 -> q26 [label = "a"];
	q7 -> q39 [label = "a"];
	q8 -> q19 [label = "b"];
	q22 -> q10 [label = "b"];
	q12 -> q3 [label = "a"];
	q0 -> q23 [label = "a"];
	q8 -> q2 [label = "c"];
	q41 -> q39 [label = "a"];
	q13 -> q33 [label = "c"];
	q28 -> q21 [label = "c"];
	q23 -> q31 [label = "c"];
	q15 -> q7 [label = "c"];
	q18 -> q26 [label = "a"];
	q19 -> q2 [label = "c"];
	q21 -> q19 [label = "b"];
	q27 -> q24 [label = "b"];
	q38 -> q4 [label = "c"];
	q24 -> q14 [label = "a"];
	q37 -> q25 [label = "b"];
	q26 -> q25 [label = "b"];
	q25 -> q25 [label = "b"];
	q26 -> q23 [label = "a"];
	q30 -> q25 [label = "b"];
	q34 -> q36 [label = "a"];
	q25 -> q18 [label = "a"];
	q29 -> q22 [label = "c"];
	q35 -> q10 [label = "a"];
	q27 -> q38 [label = "a"];
	q43 -> q8 [label = "c"];
	q29 -> q27 [label = "a"];
	q32 -> q45 [label = "a"];
	q16 -> q25 [label = "b"];
	q31 -> q25 [label = "b"];
	q28 -> q25 [label = "b"];
	q38 -> q26 [label = "a"];
	q34 -> q25 [label = "b"];
	q30 -> q6 [label = "a"];
	q27 -> q20 [label = "c"];
	q29 -> q28 [label = "b"];
	q38 -> q19 [label = "b"];
	q31 -> q1 [label = "a"];
	q36 -> q43 [label = "c"];
	q40 -> q23 [label = "a"];
	q36 -> q37 [label = "a"];
	q32 -> q35 [label = "c"];
	q33 -> q1 [label = "a"];
	q35 -> q5 [label = "c"];
	q35 -> q42 [label = "b"];
	q37 -> q31 [label = "c"];
	q33 -> q19 [label = "b"];
	q39 -> q19 [label = "b, c"];
	q33 -> q5 [label = "c"];
	q39 -> q39 [label = "a"];
	q5 -> q19 [label = "b"];
	q23 -> q19 [label = "b"];
	q37 -> q23 [label = "a"];
	q36 -> q25 [label = "b"];
	q40 -> q19 [label = "b"];
}
DFA size: 46 states

NL* output after 9 EQ and 1419 MQ:
digraph finite_state_machine {
	rankdir=LR;
	node [shape = circle];
	s0 [shape = point, style = invis, start="true" ];
	q0 [label = "q0"];
	q1 [label = "q1"];
	q2 [label = "q2"];
	q3 [label = "q3"];
	q4 [label = "q4"];
	q5 [label = "q5", shape = doublecircle, final="true" ];
	q6 [label = "q6"];
	q7 [label = "q7", shape = doublecircle, final="true" ];
	q8 [label = "q8"];
	q9 [label = "q9", shape = doublecircle, final="true" ];
	q10 [label = "q10"];
	q11 [label = "q11", shape = doublecircle, final="true" ];
	q12 [label = "q12"];
	q13 [label = "q13"];
	s0 -> q4
	q9 -> q12 [label = "b"];
	q9 -> q6 [label = "b"];
	q11 -> q13 [label = "a"];
	q11 -> q3 [label = "a"];
	q11 -> q11 [label = "b"];
	q11 -> q9 [label = "b"];
	q11 -> q7 [label = "b"];
	q13 -> q10 [label = "c"];
	q13 -> q1 [label = "c"];
	q8 -> q4 [label = "c"];
	q8 -> q0 [label = "c"];
	q8 -> q11 [label = "b"];
	q8 -> q12 [label = "a, c"];
	q8 -> q6 [label = "a, b, c"];
	q8 -> q3 [label = "a, c"];
	q8 -> q9 [label = "b"];
	q10 -> q12 [label = "b"];
	q12 -> q10 [label = "c"];
	q4 -> q8 [label = "c"];
	q13 -> q8 [label = "c"];
	q4 -> q3 [label = "c"];
	q0 -> q6 [label = "b"];
	q2 -> q6 [label = "a"];
	q2 -> q4 [label = "a"];
	q2 -> q2 [label = "a"];
	q6 -> q7 [label = "b"];
	q0 -> q9 [label = "a, b, c"];
	q0 -> q4 [label = "a, c"];
	q5 -> q10 [label = "c"];
	q5 -> q12 [label = "a, b, c"];
	q12 -> q13 [label = "a"];
	q5 -> q11 [label = "b"];
	q5 -> q4 [label = "c"];
	q5 -> q7 [label = "b"];
	q0 -> q11 [label = "a, b, c"];
	q6 -> q9 [label = "a, b, c"];
	q3 -> q3 [label = "c"];
	q5 -> q9 [label = "b"];
	q1 -> q7 [label = "a"];
	q3 -> q13 [label = "c"];
	q12 -> q0 [label = "c"];
	q0 -> q10 [label = "c"];
	q3 -> q2 [label = "a, c"];
	q13 -> q3 [label = "c"];
	q3 -> q0 [label = "c"];
	q9 -> q10 [label = "c"];
	q8 -> q13 [label = "a, c"];
	q10 -> q10 [label = "c"];
	q13 -> q6 [label = "a, b"];
	q4 -> q5 [label = "b"];
	q13 -> q9 [label = "b"];
	q0 -> q7 [label = "b"];
	q0 -> q1 [label = "c"];
	q5 -> q13 [label = "a, c"];
	q13 -> q13 [label = "a, c"];
	q3 -> q12 [label = "c"];
	q12 -> q7 [label = "b"];
	q12 -> q9 [label = "b"];
	q3 -> q10 [label = "c"];
	q2 -> q9 [label = "a, b, c"];
	q8 -> q2 [label = "a, c"];
	q13 -> q12 [label = "b, c"];
	q7 -> q12 [label = "b"];
	q0 -> q13 [label = "a, c"];
	q11 -> q1 [label = "c"];
	q8 -> q10 [label = "c"];
	q10 -> q4 [label = "c"];
	q11 -> q10 [label = "c"];
	q2 -> q12 [label = "c"];
	q2 -> q13 [label = "a, c"];
	q0 -> q12 [label = "b"];
	q13 -> q7 [label = "b"];
	q1 -> q6 [label = "b"];
	q12 -> q6 [label = "b, c"];
	q12 -> q11 [label = "b"];
	q0 -> q5 [label = "c"];
	q3 -> q6 [label = "a, b, c"];
	q1 -> q13 [label = "a"];
	q9 -> q3 [label = "a"];
	q12 -> q12 [label = "b"];
	q10 -> q11 [label = "a"];
	q2 -> q3 [label = "c"];
	q10 -> q9 [label = "a"];
	q4 -> q9 [label = "b"];
	q7 -> q3 [label = "a"];
	q2 -> q11 [label = "a, c"];
	q2 -> q7 [label = "b, c"];
	q11 -> q12 [label = "a, b"];
	q13 -> q2 [label = "a"];
	q6 -> q4 [label = "a"];
	q4 -> q6 [label = "a"];
	q1 -> q10 [label = "c"];
	q1 -> q4 [label = "c"];
	q13 -> q11 [label = "b"];
	q5 -> q3 [label = "a, c"];
	q1 -> q9 [label = "a"];
	q5 -> q6 [label = "a, b"];
	q7 -> q6 [label = "b, c"];
	q11 -> q6 [label = "b"];
	q7 -> q10 [label = "c"];
	q3 -> q11 [label = "b"];
	q1 -> q12 [label = "a, b"];
	q5 -> q2 [label = "a"];
	q1 -> q11 [label = "a"];
	q3 -> q9 [label = "b"];
	q6 -> q11 [label = "a"];
	q1 -> q3 [label = "a"];
}
NFA size: 14 states

AL* output after 14 EQ and 1411 MQ:
digraph finite_state_machine {
	rankdir=LR;
	node [shape = circle];
	s0 [shape = point, style = invis, start="true" ];
	q0 [label = "q0", shape = doublecircle, final="true" ];
	q1 [label = "q1"];
	q2 [label = "q2"];
	q3 [label = "q3"];
	q4 [label = "q4"];
	q5 [label = "q5", shape = doublecircle, final="true" ];
	q6 [label = "q6"];
	q7 [label = "q7"];
	m0 [label = "", shape = square, style = filled, color=grey, fixedsize=true, width=.2];
	m1 [label = "", shape = square, style = filled, color=grey, fixedsize=true, width=.2];
	m2 [label = "", shape = square, style = filled, color=grey, fixedsize=true, width=.2];
	m3 [label = "", shape = square, style = filled, color=grey, fixedsize=true, width=.2];
	m4 [label = "", shape = square, style = filled, color=grey, fixedsize=true, width=.2];
	m5 [label = "", shape = square, style = filled, color=grey, fixedsize=true, width=.2];
	m6 [label = "", shape = square, style = filled, color=grey, fixedsize=true, width=.2];
	m7 [label = "", shape = square, style = filled, color=grey, fixedsize=true, width=.2];
	m8 [label = "", shape = square, style = filled, color=grey, fixedsize=true, width=.2];
	m9 [label = "", shape = square, style = filled, color=grey, fixedsize=true, width=.2];
	m10 [label = "", shape = square, style = filled, color=grey, fixedsize=true, width=.2];
	m11 [label = "", shape = square, style = filled, color=grey, fixedsize=true, width=.2];
	s0 -> q4
	q3 -> q4 [label = "c"];
	q3 -> m7 [label = "c"];
	q5 -> m5 [label = "b"];
	q4 -> m4 [label = "b"];
	q6 -> m11 [label = "a"];
	q1 -> m3 [label = "c"];
	q1 -> q4 [label = "c"];
	q5 -> m1 [label = "a, b"];
	q3 -> m10 [label = "a"];
	q3 -> m4 [label = "a"];
	q3 -> m3 [label = "c"];
	q5 -> m3 [label = "c"];
	q2 -> m4 [label = "a, b, c"];
	q6 -> m1 [label = "c"];
	q6 -> m5 [label = "a, b, c"];
	q1 -> m0 [label = "a"];
	q2 -> m1 [label = "b, c"];
	q3 -> m9 [label = "b"];
	q4 -> m3 [label = "b, c"];
	q4 -> m1 [label = "c"];
	q7 -> q4 [label = "a"];
	q4 -> m0 [label = "b, c"];
	q5 -> m0 [label = "a"];
	q2 -> m5 [label = "a"];
	q4 -> m5 [label = "a"];
	q2 -> m10 [label = "c"];
	q0 -> m5 [label = "b, c"];
	q3 -> m8 [label = "b"];
	q2 -> q4 [label = "a"];
	q2 -> m6 [label = "a"];
	q6 -> m6 [label = "a"];
	q6 -> m4 [label = "b"];
	q0 -> m3 [label = "c"];
	q0 -> m0 [label = "a"];
	q5 -> m7 [label = "c"];
	q1 -> m1 [label = "a, c"];
	q2 -> m0 [label = "c"];
	q7 -> m1 [label = "b"];
	q1 -> m5 [label = "a, b, c"];
	q3 -> m1 [label = "b"];
	q6 -> m0 [label = "a, c"];
	q6 -> m3 [label = "c"];
	q4 -> m2 [label = "c"];
	q0 -> m1 [label = "a, b"];
	q7 -> m4 [label = "a, b, c"];
	q1 -> m4 [label = "b"];
	m0 -> q1;
	m0 -> q2;
	m0 -> q4;
	m0 -> q6;
	m1 -> q0;
	m1 -> q1;
	m1 -> q6;
	m2 -> q0;
	m2 -> q1;
	m2 -> q5;
	m3 -> q1;
	m3 -> q3;
	m4 -> q0;
	m4 -> q5;
	m5 -> q2;
	m5 -> q7;
	m6 -> q0;
	m6 -> q1;
	m6 -> q2;
	m6 -> q3;
	m6 -> q6;
	m7 -> q2;
	m7 -> q3;
	m7 -> q7;
	m8 -> q1;
	m8 -> q2;
	m8 -> q4;
	m8 -> q6;
	m8 -> q7;
	m9 -> q0;
	m9 -> q2;
	m9 -> q3;
	m9 -> q5;
	m9 -> q7;
	m10 -> q2;
	m10 -> q4;
	m10 -> q7;
	m11 -> q0;
	m11 -> q1;
	m11 -> q2;
	m11 -> q5;
	m11 -> q6;
}
AFA size: 8 states

AL** output after 15 EQ and 1411 MQ:
digraph finite_state_machine {
	rankdir=LR;
	node [shape = circle];
	s0 [shape = point, style = invis, start="true" ];
	q0 [label = "q0", shape = doublecircle, final="true" ];
	q1 [label = "q1"];
	q2 [label = "q2"];
	q3 [label = "q3"];
	q4 [label = "q4"];
	q5 [label = "q5", shape = doublecircle, final="true" ];
	q6 [label = "q6"];
	q7 [label = "q7"];
	m0 [label = "", shape = square, style = filled, color=grey, fixedsize=true, width=.2];
	m1 [label = "", shape = square, style = filled, color=grey, fixedsize=true, width=.2];
	m2 [label = "", shape = square, style = filled, color=grey, fixedsize=true, width=.2];
	m3 [label = "", shape = square, style = filled, color=grey, fixedsize=true, width=.2];
	m4 [label = "", shape = square, style = filled, color=grey, fixedsize=true, width=.2];
	m5 [label = "", shape = square, style = filled, color=grey, fixedsize=true, width=.2];
	m6 [label = "", shape = square, style = filled, color=grey, fixedsize=true, width=.2];
	m7 [label = "", shape = square, style = filled, color=grey, fixedsize=true, width=.2];
	m8 [label = "", shape = square, style = filled, color=grey, fixedsize=true, width=.2];
	m9 [label = "", shape = square, style = filled, color=grey, fixedsize=true, width=.2];
	m10 [label = "", shape = square, style = filled, color=grey, fixedsize=true, width=.2];
	m11 [label = "", shape = square, style = filled, color=grey, fixedsize=true, width=.2];
	s0 -> q4
	q3 -> q4 [label = "c"];
	q3 -> m7 [label = "c"];
	q5 -> m5 [label = "b"];
	q4 -> m4 [label = "b"];
	q6 -> m11 [label = "a"];
	q1 -> m3 [label = "c"];
	q1 -> q4 [label = "c"];
	q5 -> m1 [label = "a, b"];
	q3 -> m10 [label = "a"];
	q3 -> m4 [label = "a"];
	q3 -> m3 [label = "c"];
	q5 -> m3 [label = "c"];
	q2 -> m4 [label = "a, b, c"];
	q6 -> m1 [label = "c"];
	q6 -> m5 [label = "a, b, c"];
	q1 -> m0 [label = "a"];
	q2 -> m1 [label = "b, c"];
	q3 -> m9 [label = "b"];
	q4 -> m3 [label = "b, c"];
	q4 -> m1 [label = "c"];
	q7 -> q4 [label = "a"];
	q4 -> m0 [label = "b, c"];
	q5 -> m0 [label = "a"];
	q2 -> m5 [label = "a"];
	q4 -> m5 [label = "a"];
	q2 -> m10 [label = "c"];
	q0 -> m5 [label = "b, c"];
	q3 -> m8 [label = "b"];
	q2 -> q4 [label = "a"];
	q2 -> m6 [label = "a"];
	q6 -> m6 [label = "a"];
	q6 -> m4 [label = "b"];
	q0 -> m3 [label = "c"];
	q0 -> m0 [label = "a"];
	q5 -> m7 [label = "c"];
	q1 -> m1 [label = "a, c"];
	q2 -> m0 [label = "c"];
	q7 -> m1 [label = "b"];
	q1 -> m5 [label = "a, b, c"];
	q3 -> m1 [label = "b"];
	q6 -> m0 [label = "a, c"];
	q6 -> m3 [label = "c"];
	q4 -> m2 [label = "c"];
	q0 -> m1 [label = "a, b"];
	q7 -> m4 [label = "a, b, c"];
	q1 -> m4 [label = "b"];
	m0 -> q1;
	m0 -> q2;
	m0 -> q4;
	m0 -> q6;
	m1 -> q0;
	m1 -> q1;
	m1 -> q6;
	m2 -> q0;
	m2 -> q1;
	m2 -> q5;
	m3 -> q1;
	m3 -> q3;
	m4 -> q0;
	m4 -> q5;
	m5 -> q2;
	m5 -> q7;
	m6 -> q0;
	m6 -> q1;
	m6 -> q2;
	m6 -> q3;
	m6 -> q6;
	m7 -> q2;
	m7 -> q3;
	m7 -> q7;
	m8 -> q1;
	m8 -> q2;
	m8 -> q4;
	m8 -> q6;
	m8 -> q7;
	m9 -> q0;
	m9 -> q2;
	m9 -> q3;
	m9 -> q5;
	m9 -> q7;
	m10 -> q2;
	m10 -> q4;
	m10 -> q7;
	m11 -> q0;
	m11 -> q1;
	m11 -> q2;
	m11 -> q5;
	m11 -> q6;
}
RAFA size: 8 states

