Random target AFA:
digraph finite_state_machine {
	rankdir=LR;
	node [shape = circle];
	s0 [shape = point, style = invis, start="true" ];
	s1 [shape = point, style = invis, start="true" ];
	q0 [label = "q0", shape = doublecircle, final="true" ];
	q1 [label = "q1", shape = doublecircle, final="true" ];
	q2 [label = "q2"];
	q3 [label = "q3"];
	q4 [label = "q4", shape = doublecircle, final="true" ];
	q5 [label = "q5"];
	m0 [label = "", shape = square, style = filled, color=grey, fixedsize=true, width=.2];
	m1 [label = "", shape = square, style = filled, color=grey, fixedsize=true, width=.2];
	m2 [label = "", shape = square, style = filled, color=grey, fixedsize=true, width=.2];
	m3 [label = "", shape = square, style = filled, color=grey, fixedsize=true, width=.2];
	m4 [label = "", shape = square, style = filled, color=grey, fixedsize=true, width=.2];
	m5 [label = "", shape = square, style = filled, color=grey, fixedsize=true, width=.2];
	m6 [label = "", shape = square, style = filled, color=grey, fixedsize=true, width=.2];
	m7 [label = "", shape = square, style = filled, color=grey, fixedsize=true, width=.2];
	s0 -> q0
	s1 -> q2
	q0 -> m3 [label = "c"];
	q2 -> m2 [label = "a"];
	q5 -> q5 [label = "b"];
	q0 -> q1 [label = "b"];
	q0 -> q0 [label = "a"];
	q2 -> q3 [label = "b"];
	q2 -> q1 [label = "a"];
	q0 -> q5 [label = "a"];
	q5 -> q1 [label = "c"];
	q1 -> q4 [label = "b"];
	q1 -> q5 [label = "a"];
	q0 -> q4 [label = "c"];
	q4 -> m0 [label = "c"];
	q4 -> q2 [label = "a, b"];
	q4 -> q0 [label = "c"];
	q2 -> q4 [label = "b"];
	q4 -> q1 [label = "a"];
	q3 -> m5 [label = "b"];
	q3 -> q3 [label = "b, c"];
	q1 -> m4 [label = "a"];
	q5 -> m6 [label = "a"];
	q3 -> q2 [label = "a"];
	q3 -> q5 [label = "a, c"];
	q5 -> m7 [label = "a"];
	q4 -> m4 [label = "b"];
	q2 -> q5 [label = "c"];
	q1 -> q3 [label = "c"];
	q2 -> m3 [label = "c"];
	q0 -> m1 [label = "b"];
	q5 -> q2 [label = "b"];
	m0 -> q4;
	m0 -> q5;
	m1 -> q3;
	m1 -> q5;
	m2 -> q0;
	m2 -> q4;
	m3 -> q1;
	m3 -> q5;
	m4 -> q1;
	m4 -> q3;
	m5 -> q2;
	m5 -> q3;
	m6 -> q0;
	m6 -> q3;
	m7 -> q0;
	m7 -> q2;
}

L* output after 8 EQ and 7090 MQ:
digraph finite_state_machine {
	rankdir=LR;
	node [shape = circle];
	s0 [shape = point, style = invis, start="true" ];
	q0 [label = "q0", shape = doublecircle, final="true" ];
	q1 [label = "q1", shape = doublecircle, final="true" ];
	q2 [label = "q2", shape = doublecircle, final="true" ];
	q3 [label = "q3", shape = doublecircle, final="true" ];
	q4 [label = "q4", shape = doublecircle, final="true" ];
	q5 [label = "q5", shape = doublecircle, final="true" ];
	q6 [label = "q6", shape = doublecircle, final="true" ];
	q7 [label = "q7", shape = doublecircle, final="true" ];
	q8 [label = "q8", shape = doublecircle, final="true" ];
	q9 [label = "q9", shape = doublecircle, final="true" ];
	q10 [label = "q10", shape = doublecircle, final="true" ];
	q11 [label = "q11", shape = doublecircle, final="true" ];
	q12 [label = "q12", shape = doublecircle, final="true" ];
	q13 [label = "q13", shape = doublecircle, final="true" ];
	q14 [label = "q14", shape = doublecircle, final="true" ];
	q15 [label = "q15", shape = doublecircle, final="true" ];
	q16 [label = "q16", shape = doublecircle, final="true" ];
	q17 [label = "q17", shape = doublecircle, final="true" ];
	q18 [label = "q18", shape = doublecircle, final="true" ];
	q19 [label = "q19", shape = doublecircle, final="true" ];
	q20 [label = "q20", shape = doublecircle, final="true" ];
	q21 [label = "q21", shape = doublecircle, final="true" ];
	q22 [label = "q22"];
	q23 [label = "q23"];
	q24 [label = "q24", shape = doublecircle, final="true" ];
	q25 [label = "q25", shape = doublecircle, final="true" ];
	q26 [label = "q26"];
	q27 [label = "q27", shape = doublecircle, final="true" ];
	q28 [label = "q28", shape = doublecircle, final="true" ];
	q29 [label = "q29", shape = doublecircle, final="true" ];
	q30 [label = "q30"];
	q31 [label = "q31", shape = doublecircle, final="true" ];
	q32 [label = "q32", shape = doublecircle, final="true" ];
	q33 [label = "q33", shape = doublecircle, final="true" ];
	q34 [label = "q34", shape = doublecircle, final="true" ];
	q35 [label = "q35"];
	q36 [label = "q36", shape = doublecircle, final="true" ];
	q37 [label = "q37", shape = doublecircle, final="true" ];
	q38 [label = "q38", shape = doublecircle, final="true" ];
	q39 [label = "q39", shape = doublecircle, final="true" ];
	q40 [label = "q40", shape = doublecircle, final="true" ];
	q41 [label = "q41", shape = doublecircle, final="true" ];
	q42 [label = "q42", shape = doublecircle, final="true" ];
	q43 [label = "q43", shape = doublecircle, final="true" ];
	q44 [label = "q44", shape = doublecircle, final="true" ];
	q45 [label = "q45", shape = doublecircle, final="true" ];
	s0 -> q29
	q43 -> q33 [label = "b"];
	q45 -> q1 [label = "c"];
	q40 -> q17 [label = "c"];
	q44 -> q31 [label = "a"];
	q42 -> q18 [label = "a"];
	q2 -> q44 [label = "b"];
	q40 -> q44 [label = "b"];
	q14 -> q11 [label = "c"];
	q0 -> q32 [label = "b"];
	q12 -> q12 [label = "c"];
	q22 -> q23 [label = "c"];
	q2 -> q3 [label = "a"];
	q0 -> q12 [label = "c"];
	q4 -> q18 [label = "a"];
	q36 -> q31 [label = "a"];
	q3 -> q33 [label = "b"];
	q7 -> q39 [label = "c"];
	q26 -> q19 [label = "c"];
	q28 -> q33 [label = "b"];
	q43 -> q18 [label = "a"];
	q1 -> q32 [label = "b"];
	q29 -> q28 [label = "a"];
	q7 -> q33 [label = "b"];
	q2 -> q0 [label = "c"];
	q20 -> q21 [label = "c"];
	q5 -> q32 [label = "b"];
	q27 -> q34 [label = "c"];
	q32 -> q31 [label = "a"];
	q1 -> q19 [label = "c"];
	q28 -> q20 [label = "a"];
	q13 -> q9 [label = "a"];
	q35 -> q13 [label = "a"];
	q15 -> q32 [label = "b"];
	q12 -> q18 [label = "a"];
	q17 -> q32 [label = "b"];
	q21 -> q36 [label = "b"];
	q19 -> q26 [label = "a"];
	q8 -> q36 [label = "b"];
	q23 -> q30 [label = "b"];
	q28 -> q21 [label = "c"];
	q4 -> q2 [label = "c"];
	q41 -> q45 [label = "c"];
	q21 -> q18 [label = "a"];
	q4 -> q36 [label = "b"];
	q19 -> q33 [label = "b"];
	q20 -> q32 [label = "b"];
	q16 -> q14 [label = "c"];
	q41 -> q33 [label = "b"];
	q9 -> q6 [label = "a"];
	q31 -> q12 [label = "c"];
	q0 -> q18 [label = "a"];
	q5 -> q3 [label = "a"];
	q31 -> q13 [label = "a"];
	q18 -> q19 [label = "c"];
	q8 -> q5 [label = "c"];
	q22 -> q31 [label = "a"];
	q14 -> q18 [label = "a"];
	q6 -> q6 [label = "a"];
	q27 -> q25 [label = "a"];
	q23 -> q19 [label = "c"];
	q3 -> q13 [label = "a"];
	q5 -> q12 [label = "c"];
	q10 -> q7 [label = "a"];
	q44 -> q36 [label = "b"];
	q24 -> q22 [label = "b"];
	q24 -> q17 [label = "c"];
	q38 -> q43 [label = "c"];
	q43 -> q10 [label = "c"];
	q35 -> q33 [label = "b"];
	q45 -> q36 [label = "b"];
	q39 -> q18 [label = "a"];
	q17 -> q38 [label = "a"];
	q42 -> q16 [label = "c"];
	q18 -> q13 [label = "a"];
	q14 -> q32 [label = "b"];
	q21 -> q17 [label = "c"];
	q12 -> q33 [label = "b"];
	q17 -> q39 [label = "c"];
	q22 -> q24 [label = "b"];
	q23 -> q35 [label = "a"];
	q11 -> q39 [label = "c"];
	q26 -> q13 [label = "a"];
	q6 -> q32 [label = "b"];
	q3 -> q41 [label = "c"];
	q18 -> q33 [label = "b"];
	q15 -> q35 [label = "a"];
	q19 -> q19 [label = "c"];
	q8 -> q18 [label = "a"];
	q13 -> q8 [label = "c"];
	q41 -> q26 [label = "a"];
	q20 -> q37 [label = "a"];
	q26 -> q33 [label = "b"];
	q10 -> q14 [label = "c"];
	q11 -> q33 [label = "b"];
	q45 -> q26 [label = "a"];
	q15 -> q19 [label = "c"];
	q35 -> q41 [label = "c"];
	q10 -> q36 [label = "b"];
	q11 -> q7 [label = "a"];
	q9 -> q32 [label = "b"];
	q30 -> q33 [label = "b"];
	q39 -> q11 [label = "c"];
	q25 -> q13 [label = "a"];
	q1 -> q26 [label = "a"];
	q27 -> q26 [label = "b"];
	q29 -> q27 [label = "c"];
	q25 -> q24 [label = "b"];
	q25 -> q23 [label = "c"];
	q16 -> q44 [label = "b"];
	q31 -> q33 [label = "b"];
	q33 -> q33 [label = "b"];
	q7 -> q28 [label = "a"];
	q13 -> q33 [label = "b"];
	q30 -> q31 [label = "a"];
	q44 -> q15 [label = "c"];
	q29 -> q21 [label = "b"];
	q34 -> q36 [label = "b"];
	q16 -> q38 [label = "a"];
	q36 -> q17 [label = "c"];
	q38 -> q28 [label = "a"];
	q34 -> q20 [label = "a"];
	q37 -> q37 [label = "a"];
	q38 -> q33 [label = "b"];
	q30 -> q19 [label = "c"];
	q33 -> q31 [label = "a"];
	q37 -> q42 [label = "c"];
	q24 -> q18 [label = "a"];
	q33 -> q11 [label = "c"];
	q39 -> q33 [label = "b"];
	q32 -> q33 [label = "b"];
	q9 -> q8 [label = "c"];
	q34 -> q40 [label = "c"];
	q36 -> q36 [label = "b"];
	q6 -> q4 [label = "c"];
	q37 -> q32 [label = "b"];
	q32 -> q19 [label = "c"];
	q42 -> q36 [label = "b"];
	q40 -> q18 [label = "a"];
}
DFA size: 46 states

NL* output after 9 EQ and 4391 MQ:
digraph finite_state_machine {
	rankdir=LR;
	node [shape = circle];
	s0 [shape = point, style = invis, start="true" ];
	q0 [label = "q0", shape = doublecircle, final="true" ];
	q1 [label = "q1", shape = doublecircle, final="true" ];
	q2 [label = "q2", shape = doublecircle, final="true" ];
	q3 [label = "q3", shape = doublecircle, final="true" ];
	q4 [label = "q4", shape = doublecircle, final="true" ];
	q5 [label = "q5", shape = doublecircle, final="true" ];
	q6 [label = "q6", shape = doublecircle, final="true" ];
	q7 [label = "q7", shape = doublecircle, final="true" ];
	q8 [label = "q8", shape = doublecircle, final="true" ];
	q9 [label = "q9", shape = doublecircle, final="true" ];
	q10 [label = "q10", shape = doublecircle, final="true" ];
	q11 [label = "q11", shape = doublecircle, final="true" ];
	q12 [label = "q12", shape = doublecircle, final="true" ];
	q13 [label = "q13", shape = doublecircle, final="true" ];
	q14 [label = "q14", shape = doublecircle, final="true" ];
	q15 [label = "q15", shape = doublecircle, final="true" ];
	q16 [label = "q16", shape = doublecircle, final="true" ];
	q17 [label = "q17"];
	q18 [label = "q18", shape = doublecircle, final="true" ];
	q19 [label = "q19", shape = doublecircle, final="true" ];
	q20 [label = "q20"];
	q21 [label = "q21"];
	q22 [label = "q22", shape = doublecircle, final="true" ];
	q23 [label = "q23"];
	q24 [label = "q24", shape = doublecircle, final="true" ];
	s0 -> q15
	q20 -> q17 [label = "b"];
	q22 -> q4 [label = "a"];
	q21 -> q18 [label = "a"];
	q21 -> q6 [label = "a"];
	q21 -> q2 [label = "a"];
	q23 -> q21 [label = "b"];
	q23 -> q19 [label = "b"];
	q23 -> q18 [label = "b"];
	q23 -> q17 [label = "b"];
	q23 -> q14 [label = "b"];
	q23 -> q11 [label = "b"];
	q23 -> q9 [label = "b"];
	q23 -> q3 [label = "b"];
	q19 -> q18 [label = "a"];
	q17 -> q23 [label = "b"];
	q22 -> q6 [label = "a"];
	q17 -> q20 [label = "b, c"];
	q17 -> q18 [label = "b"];
	q17 -> q17 [label = "b"];
	q17 -> q14 [label = "b"];
	q17 -> q13 [label = "b, c"];
	q17 -> q11 [label = "b"];
	q17 -> q3 [label = "b"];
	q17 -> q1 [label = "b"];
	q17 -> q0 [label = "b, c"];
	q23 -> q13 [label = "b, c"];
	q19 -> q21 [label = "b"];
	q17 -> q7 [label = "a, b"];
	q17 -> q6 [label = "a, b"];
	q20 -> q23 [label = "a, b"];
	q22 -> q21 [label = "b"];
	q22 -> q18 [label = "b"];
	q22 -> q12 [label = "b"];
	q22 -> q5 [label = "b"];
	q22 -> q3 [label = "b"];
	q23 -> q0 [label = "b"];
	q16 -> q23 [label = "b"];
	q16 -> q17 [label = "b"];
	q17 -> q21 [label = "b"];
	q22 -> q19 [label = "b, c"];
	q16 -> q18 [label = "a"];
	q20 -> q20 [label = "b, c"];
	q0 -> q13 [label = "b, c"];
	q19 -> q2 [label = "a"];
	q24 -> q13 [label = "b"];
	q0 -> q10 [label = "b, c"];
	q8 -> q15 [label = "a"];
	q0 -> q9 [label = "b, c"];
	q14 -> q4 [label = "c"];
	q17 -> q9 [label = "b, c"];
	q14 -> q9 [label = "c"];
	q3 -> q14 [label = "b"];
	q0 -> q2 [label = "b"];
	q6 -> q3 [label = "c"];
	q12 -> q5 [label = "b"];
	q19 -> q23 [label = "a"];
	q14 -> q1 [label = "c"];
	q8 -> q1 [label = "c"];
	q13 -> q18 [label = "b"];
	q2 -> q12 [label = "b"];
	q17 -> q5 [label = "b"];
	q9 -> q10 [label = "b, c"];
	q18 -> q20 [label = "c"];
	q2 -> q13 [label = "b, c"];
	q14 -> q11 [label = "b"];
	q6 -> q13 [label = "b"];
	q2 -> q7 [label = "a, b"];
	q11 -> q9 [label = "c"];
	q18 -> q19 [label = "b"];
	q2 -> q5 [label = "b"];
	q8 -> q24 [label = "a"];
	q6 -> q5 [label = "c"];
	q5 -> q21 [label = "b"];
	q0 -> q18 [label = "b"];
	q17 -> q10 [label = "b, c"];
	q2 -> q4 [label = "a, b"];
	q2 -> q2 [label = "b"];
	q4 -> q11 [label = "b"];
	q0 -> q17 [label = "a, b"];
	q19 -> q24 [label = "c"];
	q7 -> q19 [label = "b"];
	q4 -> q3 [label = "c"];
	q7 -> q7 [label = "b"];
	q4 -> q20 [label = "b"];
	q2 -> q6 [label = "a, b"];
	q24 -> q23 [label = "b"];
	q2 -> q0 [label = "b"];
	q10 -> q19 [label = "b"];
	q14 -> q17 [label = "a"];
	q10 -> q14 [label = "b"];
	q15 -> q12 [label = "b"];
	q9 -> q18 [label = "b"];
	q13 -> q12 [label = "b"];
	q21 -> q20 [label = "c"];
	q10 -> q18 [label = "b"];
	q3 -> q23 [label = "a"];
	q10 -> q5 [label = "b"];
	q19 -> q6 [label = "c"];
	q10 -> q3 [label = "b"];
	q9 -> q21 [label = "b"];
	q8 -> q2 [label = "a"];
	q0 -> q23 [label = "a, b"];
	q21 -> q17 [label = "a"];
	q20 -> q13 [label = "c"];
	q14 -> q8 [label = "c"];
	q12 -> q17 [label = "a"];
	q3 -> q3 [label = "b"];
	q10 -> q23 [label = "a"];
	q24 -> q21 [label = "b"];
	q7 -> q12 [label = "b"];
	q8 -> q21 [label = "b"];
	q14 -> q18 [label = "a, b"];
	q10 -> q21 [label = "b"];
	q12 -> q23 [label = "a"];
	q3 -> q5 [label = "b"];
	q1 -> q21 [label = "b"];
	q7 -> q20 [label = "b"];
	q6 -> q11 [label = "b"];
	q12 -> q2 [label = "a"];
	q8 -> q20 [label = "c"];
	q13 -> q17 [label = "a, b"];
	q2 -> q17 [label = "b"];
	q4 -> q10 [label = "b"];
	q9 -> q0 [label = "b, c"];
	q11 -> q4 [label = "a"];
	q19 -> q20 [label = "c"];
	q19 -> q1 [label = "c"];
	q21 -> q19 [label = "b"];
	q2 -> q23 [label = "b"];
	q24 -> q2 [label = "b"];
	q23 -> q16 [label = "b"];
	q14 -> q2 [label = "a"];
	q2 -> q1 [label = "b"];
	q8 -> q23 [label = "a"];
	q8 -> q11 [label = "b"];
	q5 -> q3 [label = "b"];
	q23 -> q7 [label = "a, b"];
	q15 -> q14 [label = "b"];
	q10 -> q17 [label = "a"];
	q15 -> q4 [label = "a"];
	q18 -> q6 [label = "a"];
	q11 -> q7 [label = "a"];
	q13 -> q10 [label = "b, c"];
	q11 -> q3 [label = "b"];
	q12 -> q1 [label = "c"];
	q9 -> q2 [label = "b"];
	q2 -> q14 [label = "b"];
	q7 -> q13 [label = "b"];
	q11 -> q17 [label = "a"];
	q2 -> q21 [label = "b"];
	q11 -> q21 [label = "b"];
	q5 -> q1 [label = "c"];
	q14 -> q24 [label = "c"];
	q11 -> q11 [label = "b"];
	q24 -> q10 [label = "b"];
	q8 -> q0 [label = "c"];
	q2 -> q9 [label = "b"];
	q9 -> q11 [label = "b"];
	q8 -> q4 [label = "a"];
	q24 -> q11 [label = "b"];
	q19 -> q9 [label = "c"];
	q14 -> q20 [label = "c"];
	q10 -> q11 [label = "b"];
	q11 -> q20 [label = "c"];
	q17 -> q4 [label = "a, b"];
	q11 -> q23 [label = "a"];
	q12 -> q8 [label = "c"];
	q7 -> q6 [label = "a, b"];
	q14 -> q6 [label = "c"];
	q23 -> q23 [label = "b"];
	q7 -> q18 [label = "b"];
	q1 -> q9 [label = "c"];
	q24 -> q18 [label = "b"];
	q24 -> q17 [label = "b"];
	q3 -> q12 [label = "b"];
	q0 -> q0 [label = "b, c"];
	q7 -> q17 [label = "b"];
	q23 -> q20 [label = "b"];
	q9 -> q9 [label = "b, c"];
	q11 -> q2 [label = "a"];
	q23 -> q1 [label = "b"];
	q9 -> q20 [label = "b, c"];
	q19 -> q17 [label = "a"];
	q5 -> q2 [label = "a"];
	q21 -> q4 [label = "a"];
	q22 -> q14 [label = "b, c"];
	q10 -> q20 [label = "c"];
	q12 -> q21 [label = "b"];
	q17 -> q16 [label = "b"];
	q24 -> q3 [label = "c"];
	q21 -> q7 [label = "a"];
	q19 -> q4 [label = "c"];
	q6 -> q2 [label = "b"];
	q7 -> q21 [label = "b"];
	q18 -> q7 [label = "a"];
	q6 -> q4 [label = "a"];
	q20 -> q21 [label = "b"];
	q12 -> q19 [label = "b"];
	q21 -> q23 [label = "a"];
	q2 -> q19 [label = "b"];
	q17 -> q12 [label = "b"];
	q11 -> q12 [label = "b"];
	q20 -> q10 [label = "c"];
	q8 -> q18 [label = "b"];
	q11 -> q19 [label = "b"];
	q24 -> q9 [label = "b"];
	q6 -> q17 [label = "b"];
	q9 -> q23 [label = "a, b"];
	q23 -> q10 [label = "b"];
	q1 -> q18 [label = "b"];
	q24 -> q0 [label = "b"];
	q23 -> q12 [label = "b"];
	q24 -> q12 [label = "c"];
	q6 -> q21 [label = "b"];
	q23 -> q6 [label = "a, b"];
	q19 -> q8 [label = "c"];
	q11 -> q6 [label = "a"];
	q23 -> q4 [label = "a, b"];
	q9 -> q13 [label = "b, c"];
	q5 -> q18 [label = "a, b"];
	q2 -> q16 [label = "b"];
	q11 -> q14 [label = "b"];
	q15 -> q24 [label = "a"];
	q12 -> q18 [label = "a, b"];
	q10 -> q12 [label = "b"];
	q13 -> q1 [label = "b"];
	q9 -> q17 [label = "b"];
	q23 -> q5 [label = "b"];
	q24 -> q4 [label = "a"];
	q8 -> q16 [label = "c"];
	q0 -> q20 [label = "b, c"];
	q4 -> q9 [label = "b"];
	q0 -> q21 [label = "b"];
	q2 -> q20 [label = "b"];
	q6 -> q0 [label = "b"];
	q1 -> q11 [label = "b"];
	q13 -> q9 [label = "b"];
	q6 -> q9 [label = "b"];
	q1 -> q20 [label = "c"];
	q6 -> q10 [label = "b"];
	q22 -> q11 [label = "b"];
	q4 -> q18 [label = "b"];
	q4 -> q4 [label = "a"];
	q12 -> q3 [label = "b"];
	q14 -> q21 [label = "b"];
	q8 -> q19 [label = "c"];
	q6 -> q18 [label = "b"];
	q6 -> q20 [label = "b"];
	q5 -> q12 [label = "b"];
	q6 -> q23 [label = "b"];
	q8 -> q9 [label = "c"];
	q24 -> q24 [label = "a"];
	q5 -> q20 [label = "c"];
	q2 -> q10 [label = "b"];
	q13 -> q21 [label = "b"];
	q1 -> q2 [label = "a"];
	q1 -> q23 [label = "a"];
	q3 -> q11 [label = "b"];
	q3 -> q18 [label = "a, b"];
	q24 -> q20 [label = "b"];
	q13 -> q6 [label = "b"];
	q3 -> q19 [label = "b"];
	q13 -> q16 [label = "b"];
	q3 -> q21 [label = "b"];
	q7 -> q3 [label = "b, c"];
	q13 -> q19 [label = "b"];
	q16 -> q22 [label = "c"];
	q8 -> q14 [label = "c"];
	q3 -> q2 [label = "a"];
	q4 -> q23 [label = "b"];
	q5 -> q23 [label = "a"];
	q3 -> q17 [label = "a"];
	q7 -> q0 [label = "b"];
	q7 -> q1 [label = "b"];
	q7 -> q2 [label = "b"];
	q17 -> q19 [label = "b"];
	q2 -> q3 [label = "b"];
	q7 -> q4 [label = "a, b"];
	q7 -> q9 [label = "b"];
	q7 -> q10 [label = "b"];
	q7 -> q11 [label = "b"];
	q7 -> q14 [label = "b"];
	q15 -> q7 [label = "a"];
	q5 -> q19 [label = "b"];
	q7 -> q16 [label = "b"];
	q7 -> q23 [label = "b"];
	q11 -> q18 [label = "a, b"];
	q7 -> q5 [label = "b, c"];
	q5 -> q17 [label = "a"];
	q1 -> q0 [label = "c"];
	q1 -> q1 [label = "c"];
	q4 -> q0 [label = "b"];
	q22 -> q24 [label = "a"];
	q4 -> q2 [label = "b"];
	q4 -> q13 [label = "b"];
	q4 -> q17 [label = "b"];
	q13 -> q3 [label = "b"];
	q12 -> q12 [label = "b"];
	q4 -> q21 [label = "b"];
	q17 -> q2 [label = "b"];
	q5 -> q5 [label = "b"];
	q5 -> q14 [label = "b"];
	q3 -> q1 [label = "c"];
	q2 -> q18 [label = "b"];
	q13 -> q23 [label = "a, b"];
	q13 -> q4 [label = "b"];
	q14 -> q23 [label = "a"];
	q5 -> q11 [label = "b"];
	q15 -> q3 [label = "b"];
	q23 -> q2 [label = "b"];
	q15 -> q5 [label = "b"];
	q10 -> q0 [label = "c"];
	q15 -> q19 [label = "b"];
	q10 -> q9 [label = "c"];
	q12 -> q11 [label = "b"];
	q12 -> q14 [label = "b"];
	q11 -> q5 [label = "b"];
	q5 -> q9 [label = "c"];
	q13 -> q14 [label = "b"];
	q13 -> q0 [label = "b"];
	q13 -> q2 [label = "b"];
	q15 -> q16 [label = "c"];
	q13 -> q5 [label = "b"];
	q20 -> q9 [label = "c"];
	q13 -> q7 [label = "b"];
	q13 -> q11 [label = "b"];
	q13 -> q13 [label = "b"];
	q2 -> q11 [label = "b"];
	q13 -> q20 [label = "b"];
	q18 -> q4 [label = "a"];
	q15 -> q6 [label = "a"];
	q0 -> q11 [label = "b"];
	q15 -> q22 [label = "a"];
	q20 -> q0 [label = "c"];
}
NFA size: 25 states

AL* output after 10 EQ and 1037 MQ:
digraph finite_state_machine {
	rankdir=LR;
	node [shape = circle];
	s0 [shape = point, style = invis, start="true" ];
	s1 [shape = point, style = invis, start="true" ];
	s2 [shape = point, style = invis, start="true" ];
	q0 [label = "q0", shape = doublecircle, final="true" ];
	q1 [label = "q1", shape = doublecircle, final="true" ];
	q2 [label = "q2", shape = doublecircle, final="true" ];
	q3 [label = "q3", shape = doublecircle, final="true" ];
	q4 [label = "q4"];
	q5 [label = "q5", shape = doublecircle, final="true" ];
	q6 [label = "q6", shape = doublecircle, final="true" ];
	q7 [label = "q7", shape = doublecircle, final="true" ];
	q8 [label = "q8"];
	m0 [label = "", shape = square, style = filled, color=grey, fixedsize=true, width=.2];
	m1 [label = "", shape = square, style = filled, color=grey, fixedsize=true, width=.2];
	m2 [label = "", shape = square, style = filled, color=grey, fixedsize=true, width=.2];
	m3 [label = "", shape = square, style = filled, color=grey, fixedsize=true, width=.2];
	m4 [label = "", shape = square, style = filled, color=grey, fixedsize=true, width=.2];
	m5 [label = "", shape = square, style = filled, color=grey, fixedsize=true, width=.2];
	m6 [label = "", shape = square, style = filled, color=grey, fixedsize=true, width=.2];
	m7 [label = "", shape = square, style = filled, color=grey, fixedsize=true, width=.2];
	m8 [label = "", shape = square, style = filled, color=grey, fixedsize=true, width=.2];
	m9 [label = "", shape = square, style = filled, color=grey, fixedsize=true, width=.2];
	m10 [label = "", shape = square, style = filled, color=grey, fixedsize=true, width=.2];
	s0 -> m0
	s1 -> m1
	s2 -> m2
	q3 -> m0 [label = "c"];
	q5 -> m7 [label = "b"];
	q7 -> m0 [label = "a"];
	q2 -> m10 [label = "c"];
	q4 -> m10 [label = "b"];
	q6 -> m3 [label = "a"];
	q1 -> m4 [label = "c"];
	q1 -> m3 [label = "c"];
	q5 -> m0 [label = "a"];
	q0 -> m2 [label = "b, c"];
	q0 -> m10 [label = "b"];
	q8 -> m2 [label = "a, b, c"];
	q3 -> m2 [label = "a, b, c"];
	q7 -> m2 [label = "b"];
	q6 -> m0 [label = "c"];
	q4 -> m2 [label = "a, b, c"];
	q6 -> m1 [label = "a, b, c"];
	q2 -> m2 [label = "a, b, c"];
	q8 -> m3 [label = "c"];
	q8 -> m1 [label = "a, b, c"];
	q2 -> m3 [label = "b"];
	q5 -> m10 [label = "b, c"];
	q2 -> m4 [label = "b"];
	q4 -> m7 [label = "a"];
	q8 -> m4 [label = "b, c"];
	q0 -> m5 [label = "a, b, c"];
	q3 -> m5 [label = "a, b, c"];
	q4 -> m6 [label = "a, c"];
	q6 -> m9 [label = "c"];
	q4 -> m4 [label = "c"];
	q6 -> m5 [label = "a, b, c"];
	q8 -> m6 [label = "a, b, c"];
	q8 -> m7 [label = "a, b"];
	q1 -> m1 [label = "a, b, c"];
	q3 -> m7 [label = "a, b"];
	q4 -> m5 [label = "a, b, c"];
	q0 -> m8 [label = "a"];
	q5 -> m1 [label = "b, c"];
	q7 -> m1 [label = "a, b"];
	q6 -> m7 [label = "a, b"];
	q6 -> m2 [label = "a, b"];
	q2 -> m1 [label = "a, b, c"];
	q6 -> m6 [label = "b"];
	q0 -> m4 [label = "c"];
	q2 -> m0 [label = "a"];
	q1 -> m6 [label = "a, b, c"];
	q3 -> m3 [label = "a"];
	q1 -> m7 [label = "a, b"];
	q4 -> m8 [label = "a"];
	q0 -> m6 [label = "a, c"];
	q4 -> m1 [label = "a"];
	q5 -> m5 [label = "a, b, c"];
	q2 -> m7 [label = "b"];
	q5 -> m2 [label = "b, c"];
	q1 -> m2 [label = "a, b, c"];
	q3 -> m4 [label = "b, c"];
	q0 -> m1 [label = "a"];
	q0 -> m7 [label = "a"];
	q1 -> m5 [label = "a, b, c"];
	q3 -> m1 [label = "a, b"];
	q7 -> m10 [label = "b, c"];
	q5 -> m6 [label = "a, b"];
	q8 -> m5 [label = "b, c"];
	q7 -> m6 [label = "a, c"];
	q1 -> m10 [label = "b"];
	q2 -> m6 [label = "a, b, c"];
	q2 -> m5 [label = "b, c"];
	q3 -> m6 [label = "a, c"];
	q7 -> m5 [label = "a, b"];
	m0 -> q2;
	m0 -> q5;
	m0 -> q7;
	m1 -> q0;
	m1 -> q1;
	m1 -> q4;
	m1 -> q5;
	m1 -> q7;
	m2 -> q0;
	m2 -> q1;
	m2 -> q2;
	m2 -> q3;
	m2 -> q4;
	m2 -> q7;
	m2 -> q8;
	m3 -> q0;
	m3 -> q1;
	m3 -> q2;
	m3 -> q3;
	m3 -> q5;
	m3 -> q6;
	m3 -> q7;
	m4 -> q1;
	m4 -> q2;
	m4 -> q3;
	m4 -> q4;
	m4 -> q6;
	m4 -> q8;
	m5 -> q0;
	m5 -> q1;
	m5 -> q2;
	m5 -> q3;
	m5 -> q4;
	m5 -> q5;
	m5 -> q8;
	m6 -> q1;
	m6 -> q2;
	m6 -> q5;
	m6 -> q6;
	m6 -> q8;
	m7 -> q0;
	m7 -> q2;
	m7 -> q4;
	m7 -> q5;
	m7 -> q7;
	m8 -> q2;
	m8 -> q3;
	m8 -> q5;
	m8 -> q6;
	m8 -> q7;
	m9 -> q1;
	m9 -> q2;
	m9 -> q3;
	m9 -> q5;
	m9 -> q6;
	m9 -> q8;
	m10 -> q3;
	m10 -> q6;
}
AFA size: 9 states

AL** output after 11 EQ and 1037 MQ:
digraph finite_state_machine {
	rankdir=LR;
	node [shape = circle];
	s0 [shape = point, style = invis, start="true" ];
	s1 [shape = point, style = invis, start="true" ];
	s2 [shape = point, style = invis, start="true" ];
	q0 [label = "q0", shape = doublecircle, final="true" ];
	q1 [label = "q1", shape = doublecircle, final="true" ];
	q2 [label = "q2", shape = doublecircle, final="true" ];
	q3 [label = "q3", shape = doublecircle, final="true" ];
	q4 [label = "q4"];
	q5 [label = "q5", shape = doublecircle, final="true" ];
	q6 [label = "q6", shape = doublecircle, final="true" ];
	q7 [label = "q7", shape = doublecircle, final="true" ];
	q8 [label = "q8"];
	m0 [label = "", shape = square, style = filled, color=grey, fixedsize=true, width=.2];
	m1 [label = "", shape = square, style = filled, color=grey, fixedsize=true, width=.2];
	m2 [label = "", shape = square, style = filled, color=grey, fixedsize=true, width=.2];
	m3 [label = "", shape = square, style = filled, color=grey, fixedsize=true, width=.2];
	m4 [label = "", shape = square, style = filled, color=grey, fixedsize=true, width=.2];
	m5 [label = "", shape = square, style = filled, color=grey, fixedsize=true, width=.2];
	m6 [label = "", shape = square, style = filled, color=grey, fixedsize=true, width=.2];
	m7 [label = "", shape = square, style = filled, color=grey, fixedsize=true, width=.2];
	m8 [label = "", shape = square, style = filled, color=grey, fixedsize=true, width=.2];
	m9 [label = "", shape = square, style = filled, color=grey, fixedsize=true, width=.2];
	m10 [label = "", shape = square, style = filled, color=grey, fixedsize=true, width=.2];
	s0 -> m0
	s1 -> m1
	s2 -> m2
	q3 -> m0 [label = "c"];
	q5 -> m7 [label = "b"];
	q7 -> m0 [label = "a"];
	q2 -> m10 [label = "c"];
	q4 -> m10 [label = "b"];
	q6 -> m3 [label = "a"];
	q1 -> m4 [label = "c"];
	q1 -> m3 [label = "c"];
	q5 -> m0 [label = "a"];
	q0 -> m2 [label = "b, c"];
	q0 -> m10 [label = "b"];
	q8 -> m2 [label = "a, b, c"];
	q3 -> m2 [label = "a, b, c"];
	q7 -> m2 [label = "b"];
	q6 -> m0 [label = "c"];
	q4 -> m2 [label = "a, b, c"];
	q6 -> m1 [label = "a, b, c"];
	q2 -> m2 [label = "a, b, c"];
	q8 -> m3 [label = "c"];
	q8 -> m1 [label = "a, b, c"];
	q2 -> m3 [label = "b"];
	q5 -> m10 [label = "b, c"];
	q2 -> m4 [label = "b"];
	q4 -> m7 [label = "a"];
	q8 -> m4 [label = "b, c"];
	q0 -> m5 [label = "a, b, c"];
	q3 -> m5 [label = "a, b, c"];
	q4 -> m6 [label = "a, c"];
	q6 -> m9 [label = "c"];
	q4 -> m4 [label = "c"];
	q6 -> m5 [label = "a, b, c"];
	q8 -> m6 [label = "a, b, c"];
	q8 -> m7 [label = "a, b"];
	q1 -> m1 [label = "a, b, c"];
	q3 -> m7 [label = "a, b"];
	q4 -> m5 [label = "a, b, c"];
	q0 -> m8 [label = "a"];
	q5 -> m1 [label = "b, c"];
	q7 -> m1 [label = "a, b"];
	q6 -> m7 [label = "a, b"];
	q6 -> m2 [label = "a, b"];
	q2 -> m1 [label = "a, b, c"];
	q6 -> m6 [label = "b"];
	q0 -> m4 [label = "c"];
	q2 -> m0 [label = "a"];
	q1 -> m6 [label = "a, b, c"];
	q3 -> m3 [label = "a"];
	q1 -> m7 [label = "a, b"];
	q4 -> m8 [label = "a"];
	q0 -> m6 [label = "a, c"];
	q4 -> m1 [label = "a"];
	q5 -> m5 [label = "a, b, c"];
	q2 -> m7 [label = "b"];
	q5 -> m2 [label = "b, c"];
	q1 -> m2 [label = "a, b, c"];
	q3 -> m4 [label = "b, c"];
	q0 -> m1 [label = "a"];
	q0 -> m7 [label = "a"];
	q1 -> m5 [label = "a, b, c"];
	q3 -> m1 [label = "a, b"];
	q7 -> m10 [label = "b, c"];
	q5 -> m6 [label = "a, b"];
	q8 -> m5 [label = "b, c"];
	q7 -> m6 [label = "a, c"];
	q1 -> m10 [label = "b"];
	q2 -> m6 [label = "a, b, c"];
	q2 -> m5 [label = "b, c"];
	q3 -> m6 [label = "a, c"];
	q7 -> m5 [label = "a, b"];
	m0 -> q2;
	m0 -> q5;
	m0 -> q7;
	m1 -> q0;
	m1 -> q1;
	m1 -> q4;
	m1 -> q5;
	m1 -> q7;
	m2 -> q0;
	m2 -> q1;
	m2 -> q2;
	m2 -> q3;
	m2 -> q4;
	m2 -> q7;
	m2 -> q8;
	m3 -> q0;
	m3 -> q1;
	m3 -> q2;
	m3 -> q3;
	m3 -> q5;
	m3 -> q6;
	m3 -> q7;
	m4 -> q1;
	m4 -> q2;
	m4 -> q3;
	m4 -> q4;
	m4 -> q6;
	m4 -> q8;
	m5 -> q0;
	m5 -> q1;
	m5 -> q2;
	m5 -> q3;
	m5 -> q4;
	m5 -> q5;
	m5 -> q8;
	m6 -> q1;
	m6 -> q2;
	m6 -> q5;
	m6 -> q6;
	m6 -> q8;
	m7 -> q0;
	m7 -> q2;
	m7 -> q4;
	m7 -> q5;
	m7 -> q7;
	m8 -> q2;
	m8 -> q3;
	m8 -> q5;
	m8 -> q6;
	m8 -> q7;
	m9 -> q1;
	m9 -> q2;
	m9 -> q3;
	m9 -> q5;
	m9 -> q6;
	m9 -> q8;
	m10 -> q3;
	m10 -> q6;
}
RAFA size: 9 states

