Random target AFA:
digraph finite_state_machine {
	rankdir=LR;
	node [shape = circle];
	s0 [shape = point, style = invis, start="true" ];
	s1 [shape = point, style = invis, start="true" ];
	q0 [label = "q0"];
	q1 [label = "q1"];
	q2 [label = "q2"];
	q3 [label = "q3", shape = doublecircle, final="true" ];
	q4 [label = "q4"];
	q5 [label = "q5"];
	m0 [label = "", shape = square, style = filled, color=grey, fixedsize=true, width=.2];
	m1 [label = "", shape = square, style = filled, color=grey, fixedsize=true, width=.2];
	m2 [label = "", shape = square, style = filled, color=grey, fixedsize=true, width=.2];
	m3 [label = "", shape = square, style = filled, color=grey, fixedsize=true, width=.2];
	m4 [label = "", shape = square, style = filled, color=grey, fixedsize=true, width=.2];
	m5 [label = "", shape = square, style = filled, color=grey, fixedsize=true, width=.2];
	m6 [label = "", shape = square, style = filled, color=grey, fixedsize=true, width=.2];
	s0 -> q2
	s1 -> q0
	q5 -> q4 [label = "b"];
	q1 -> q2 [label = "c"];
	q1 -> q5 [label = "b"];
	q1 -> q0 [label = "b, c"];
	q4 -> m6 [label = "b"];
	q3 -> q5 [label = "a, b"];
	q5 -> m6 [label = "b"];
	q1 -> m5 [label = "a"];
	q1 -> q4 [label = "a"];
	q3 -> q0 [label = "c"];
	q5 -> m4 [label = "c"];
	q5 -> m3 [label = "c"];
	q4 -> m0 [label = "c"];
	q0 -> q4 [label = "a"];
	q0 -> q2 [label = "b, c"];
	q2 -> q5 [label = "a"];
	q5 -> q3 [label = "a"];
	q3 -> q2 [label = "b"];
	q4 -> q0 [label = "c"];
	q3 -> q1 [label = "a, c"];
	q2 -> q4 [label = "b, c"];
	q2 -> m1 [label = "b"];
	q0 -> q1 [label = "a"];
	q0 -> q0 [label = "c"];
	q4 -> m2 [label = "a"];
	q4 -> q4 [label = "a, b"];
	q0 -> m0 [label = "b"];
	q2 -> m2 [label = "a"];
	m0 -> q3;
	m0 -> q5;
	m1 -> q0;
	m1 -> q1;
	m2 -> q3;
	m2 -> q4;
	m3 -> q4;
	m3 -> q5;
	m4 -> q2;
	m4 -> q4;
	m5 -> q1;
	m5 -> q2;
	m6 -> q0;
	m6 -> q4;
}

L* output after 8 EQ and 9799 MQ:
digraph finite_state_machine {
	rankdir=LR;
	node [shape = circle];
	s0 [shape = point, style = invis, start="true" ];
	q0 [label = "q0"];
	q1 [label = "q1"];
	q2 [label = "q2"];
	q3 [label = "q3"];
	q4 [label = "q4"];
	q5 [label = "q5"];
	q6 [label = "q6"];
	q7 [label = "q7"];
	q8 [label = "q8"];
	q9 [label = "q9", shape = doublecircle, final="true" ];
	q10 [label = "q10", shape = doublecircle, final="true" ];
	q11 [label = "q11"];
	q12 [label = "q12"];
	q13 [label = "q13"];
	q14 [label = "q14"];
	q15 [label = "q15"];
	q16 [label = "q16", shape = doublecircle, final="true" ];
	q17 [label = "q17"];
	q18 [label = "q18"];
	q19 [label = "q19", shape = doublecircle, final="true" ];
	q20 [label = "q20"];
	q21 [label = "q21"];
	q22 [label = "q22"];
	q23 [label = "q23"];
	q24 [label = "q24"];
	q25 [label = "q25"];
	q26 [label = "q26"];
	q27 [label = "q27"];
	q28 [label = "q28"];
	q29 [label = "q29"];
	q30 [label = "q30"];
	q31 [label = "q31"];
	q32 [label = "q32"];
	q33 [label = "q33", shape = doublecircle, final="true" ];
	q34 [label = "q34"];
	q35 [label = "q35", shape = doublecircle, final="true" ];
	q36 [label = "q36"];
	q37 [label = "q37"];
	s0 -> q21
	q20 -> q15 [label = "b"];
	q22 -> q29 [label = "a"];
	q21 -> q20 [label = "a"];
	q23 -> q28 [label = "b"];
	q17 -> q11 [label = "b"];
	q19 -> q18 [label = "b"];
	q22 -> q36 [label = "b"];
	q18 -> q16 [label = "a"];
	q22 -> q27 [label = "c"];
	q18 -> q14 [label = "b"];
	q16 -> q10 [label = "a"];
	q20 -> q21 [label = "c"];
	q11 -> q21 [label = "c"];
	q10 -> q26 [label = "c"];
	q15 -> q22 [label = "b"];
	q13 -> q25 [label = "a"];
	q9 -> q26 [label = "c"];
	q3 -> q5 [label = "c"];
	q7 -> q6 [label = "a"];
	q2 -> q1 [label = "c"];
	q6 -> q6 [label = "a"];
	q13 -> q14 [label = "b"];
	q1 -> q21 [label = "c"];
	q1 -> q13 [label = "b"];
	q14 -> q23 [label = "a"];
	q3 -> q36 [label = "b"];
	q5 -> q4 [label = "c"];
	q2 -> q19 [label = "a"];
	q0 -> q15 [label = "b"];
	q2 -> q32 [label = "b"];
	q3 -> q2 [label = "a"];
	q4 -> q21 [label = "c"];
	q27 -> q12 [label = "a"];
	q4 -> q12 [label = "a"];
	q21 -> q13 [label = "b"];
	q30 -> q12 [label = "a"];
	q21 -> q21 [label = "c"];
	q15 -> q9 [label = "a"];
	q0 -> q21 [label = "c"];
	q25 -> q19 [label = "a"];
	q17 -> q12 [label = "a"];
	q25 -> q30 [label = "c"];
	q34 -> q35 [label = "a"];
	q31 -> q23 [label = "a"];
	q34 -> q36 [label = "b"];
	q10 -> q10 [label = "a"];
	q1 -> q0 [label = "a"];
	q31 -> q30 [label = "c"];
	q36 -> q21 [label = "c"];
	q23 -> q30 [label = "c"];
	q28 -> q21 [label = "c"];
	q14 -> q21 [label = "c"];
	q37 -> q37 [label = "b"];
	q27 -> q22 [label = "b"];
	q16 -> q17 [label = "c"];
	q5 -> q5 [label = "a, b"];
	q32 -> q33 [label = "a"];
	q29 -> q19 [label = "a"];
	q36 -> q24 [label = "b"];
	q27 -> q21 [label = "c"];
	q33 -> q17 [label = "c"];
	q35 -> q17 [label = "c"];
	q35 -> q10 [label = "a"];
	q19 -> q20 [label = "a"];
	q7 -> q27 [label = "c"];
	q31 -> q32 [label = "b"];
	q32 -> q27 [label = "c"];
	q26 -> q21 [label = "c"];
	q33 -> q20 [label = "a"];
	q0 -> q8 [label = "a"];
	q34 -> q27 [label = "c"];
	q29 -> q32 [label = "b"];
	q11 -> q10 [label = "a"];
	q37 -> q7 [label = "a"];
	q23 -> q23 [label = "a"];
	q28 -> q24 [label = "b"];
	q33 -> q34 [label = "b"];
	q12 -> q15 [label = "b"];
	q24 -> q31 [label = "a"];
	q35 -> q34 [label = "b"];
	q36 -> q8 [label = "a"];
	q12 -> q21 [label = "c"];
	q29 -> q30 [label = "c"];
	q30 -> q13 [label = "b"];
	q9 -> q11 [label = "b"];
	q28 -> q19 [label = "a"];
	q24 -> q27 [label = "c"];
	q6 -> q27 [label = "c"];
	q25 -> q28 [label = "b"];
	q8 -> q36 [label = "b"];
	q32 -> q37 [label = "b"];
	q30 -> q21 [label = "c"];
	q18 -> q21 [label = "c"];
	q4 -> q3 [label = "b"];
	q26 -> q20 [label = "a"];
	q17 -> q21 [label = "c"];
	q24 -> q37 [label = "b"];
	q16 -> q18 [label = "b"];
	q37 -> q27 [label = "c"];
	q26 -> q11 [label = "b"];
	q15 -> q21 [label = "c"];
	q12 -> q23 [label = "a"];
	q9 -> q20 [label = "a"];
	q11 -> q13 [label = "b"];
	q8 -> q6 [label = "a"];
	q7 -> q37 [label = "b"];
	q19 -> q17 [label = "c"];
	q13 -> q21 [label = "c"];
	q20 -> q19 [label = "a"];
	q6 -> q5 [label = "b"];
	q14 -> q24 [label = "b"];
	q8 -> q27 [label = "c"];
	q10 -> q11 [label = "b"];
}
DFA size: 38 states

NL* output after 10 EQ and 10193 MQ:
digraph finite_state_machine {
	rankdir=LR;
	node [shape = circle];
	s0 [shape = point, style = invis, start="true" ];
	s1 [shape = point, style = invis, start="true" ];
	s2 [shape = point, style = invis, start="true" ];
	s3 [shape = point, style = invis, start="true" ];
	s4 [shape = point, style = invis, start="true" ];
	s5 [shape = point, style = invis, start="true" ];
	s6 [shape = point, style = invis, start="true" ];
	s7 [shape = point, style = invis, start="true" ];
	s8 [shape = point, style = invis, start="true" ];
	s9 [shape = point, style = invis, start="true" ];
	q0 [label = "q0"];
	q1 [label = "q1"];
	q2 [label = "q2"];
	q3 [label = "q3"];
	q4 [label = "q4"];
	q5 [label = "q5"];
	q6 [label = "q6"];
	q7 [label = "q7", shape = doublecircle, final="true" ];
	q8 [label = "q8"];
	q9 [label = "q9"];
	q10 [label = "q10"];
	q11 [label = "q11"];
	q12 [label = "q12"];
	q13 [label = "q13"];
	q14 [label = "q14"];
	s0 -> q1
	s1 -> q2
	s2 -> q3
	s3 -> q5
	s4 -> q8
	s5 -> q9
	s6 -> q10
	s7 -> q11
	s8 -> q12
	s9 -> q13
	q11 -> q11 [label = "a, b"];
	q8 -> q2 [label = "c"];
	q12 -> q6 [label = "a"];
	q10 -> q11 [label = "a, b, c"];
	q2 -> q1 [label = "c"];
	q1 -> q12 [label = "c"];
	q7 -> q9 [label = "a, b, c"];
	q7 -> q0 [label = "a, c"];
	q0 -> q13 [label = "c"];
	q5 -> q11 [label = "a, b, c"];
	q12 -> q13 [label = "b, c"];
	q5 -> q10 [label = "b, c"];
	q7 -> q14 [label = "a"];
	q5 -> q9 [label = "a, b, c"];
	q5 -> q8 [label = "b, c"];
	q7 -> q6 [label = "a, c"];
	q7 -> q11 [label = "a, b, c"];
	q7 -> q10 [label = "a, b, c"];
	q1 -> q5 [label = "a, b, c"];
	q3 -> q11 [label = "a, b, c"];
	q7 -> q2 [label = "a, c"];
	q8 -> q3 [label = "c"];
	q3 -> q8 [label = "a, b, c"];
	q3 -> q2 [label = "c"];
	q0 -> q10 [label = "a, b, c"];
	q9 -> q12 [label = "c"];
	q14 -> q4 [label = "b"];
	q14 -> q9 [label = "a, b, c"];
	q9 -> q11 [label = "a, b, c"];
	q1 -> q13 [label = "b, c"];
	q7 -> q8 [label = "a, b, c"];
	q10 -> q9 [label = "a, b, c"];
	q7 -> q3 [label = "a, b, c"];
	q14 -> q13 [label = "a"];
	q12 -> q0 [label = "a"];
	q4 -> q9 [label = "a, b, c"];
	q5 -> q2 [label = "b, c"];
	q4 -> q7 [label = "a"];
	q7 -> q5 [label = "a, b, c"];
	q10 -> q10 [label = "b, c"];
	q3 -> q9 [label = "a, b, c"];
	q10 -> q3 [label = "c"];
	q14 -> q7 [label = "a"];
	q8 -> q12 [label = "c"];
	q12 -> q11 [label = "a, c"];
	q14 -> q3 [label = "a, b"];
	q0 -> q3 [label = "b, c"];
	q0 -> q4 [label = "b"];
	q11 -> q12 [label = "c"];
	q6 -> q2 [label = "c"];
	q6 -> q4 [label = "b"];
	q1 -> q2 [label = "a, b, c"];
	q13 -> q11 [label = "b, c"];
	q6 -> q8 [label = "a, b, c"];
	q13 -> q10 [label = "b"];
	q0 -> q8 [label = "b, c"];
	q13 -> q2 [label = "b"];
	q9 -> q8 [label = "c"];
	q9 -> q2 [label = "c"];
	q14 -> q5 [label = "a, c"];
	q14 -> q8 [label = "a, b, c"];
	q13 -> q9 [label = "b"];
	q1 -> q0 [label = "a"];
	q7 -> q4 [label = "a, b"];
	q10 -> q2 [label = "c"];
	q7 -> q1 [label = "c"];
	q0 -> q5 [label = "a, c"];
	q4 -> q12 [label = "c"];
	q3 -> q10 [label = "a, b, c"];
	q13 -> q8 [label = "b"];
	q4 -> q3 [label = "a, c"];
	q13 -> q14 [label = "a"];
	q9 -> q3 [label = "c"];
	q7 -> q13 [label = "b"];
	q12 -> q12 [label = "c"];
	q3 -> q12 [label = "c"];
	q9 -> q9 [label = "a, c"];
	q14 -> q11 [label = "a, b, c"];
	q2 -> q9 [label = "a, b, c"];
	q9 -> q10 [label = "c"];
	q2 -> q11 [label = "a, b, c"];
	q2 -> q12 [label = "c"];
	q0 -> q2 [label = "b, c"];
	q4 -> q8 [label = "a, b, c"];
	q4 -> q10 [label = "a, b, c"];
	q2 -> q2 [label = "c"];
	q4 -> q11 [label = "a, b, c"];
	q10 -> q8 [label = "b, c"];
	q2 -> q5 [label = "a, c"];
	q6 -> q5 [label = "a, c"];
	q6 -> q6 [label = "a"];
	q6 -> q9 [label = "a, b, c"];
	q0 -> q11 [label = "a, b, c"];
	q3 -> q6 [label = "a"];
	q6 -> q11 [label = "a, b, c"];
	q1 -> q3 [label = "b, c"];
	q2 -> q8 [label = "b, c"];
	q2 -> q13 [label = "c"];
	q14 -> q1 [label = "c"];
	q1 -> q1 [label = "c"];
	q2 -> q3 [label = "b, c"];
	q8 -> q9 [label = "a, b, c"];
	q1 -> q8 [label = "a, b, c"];
	q14 -> q6 [label = "a"];
	q1 -> q9 [label = "a, b, c"];
	q1 -> q10 [label = "a, b, c"];
	q4 -> q6 [label = "a"];
	q7 -> q12 [label = "c"];
	q5 -> q12 [label = "c"];
	q0 -> q1 [label = "c"];
	q0 -> q9 [label = "a, b, c"];
	q14 -> q10 [label = "a, b, c"];
	q10 -> q12 [label = "c"];
	q0 -> q12 [label = "b, c"];
	q6 -> q1 [label = "c"];
	q1 -> q11 [label = "a, b, c"];
	q6 -> q12 [label = "c"];
	q4 -> q2 [label = "c"];
	q12 -> q2 [label = "a, c"];
	q6 -> q10 [label = "a, b, c"];
	q12 -> q3 [label = "a, c"];
	q6 -> q3 [label = "a, b, c"];
	q12 -> q5 [label = "a, c"];
	q3 -> q3 [label = "a, c"];
	q12 -> q8 [label = "a, c"];
	q12 -> q9 [label = "a, c"];
	q2 -> q10 [label = "a, b, c"];
	q12 -> q1 [label = "c"];
	q12 -> q10 [label = "a, c"];
	q14 -> q2 [label = "c"];
	q8 -> q10 [label = "a, b, c"];
	q5 -> q3 [label = "c"];
	q8 -> q11 [label = "a, b, c"];
	q8 -> q8 [label = "b, c"];
}
NFA size: 15 states

AL* output after 10 EQ and 7230 MQ:
digraph finite_state_machine {
	rankdir=LR;
	node [shape = circle];
	s0 [shape = point, style = invis, start="true" ];
	s1 [shape = point, style = invis, start="true" ];
	s2 [shape = point, style = invis, start="true" ];
	s3 [shape = point, style = invis, start="true" ];
	q0 [label = "q0"];
	q1 [label = "q1"];
	q2 [label = "q2"];
	q3 [label = "q3"];
	q4 [label = "q4", shape = doublecircle, final="true" ];
	q5 [label = "q5"];
	q6 [label = "q6"];
	q7 [label = "q7"];
	q8 [label = "q8"];
	q9 [label = "q9"];
	m0 [label = "", shape = square, style = filled, color=grey, fixedsize=true, width=.2];
	m1 [label = "", shape = square, style = filled, color=grey, fixedsize=true, width=.2];
	m2 [label = "", shape = square, style = filled, color=grey, fixedsize=true, width=.2];
	m3 [label = "", shape = square, style = filled, color=grey, fixedsize=true, width=.2];
	m4 [label = "", shape = square, style = filled, color=grey, fixedsize=true, width=.2];
	m5 [label = "", shape = square, style = filled, color=grey, fixedsize=true, width=.2];
	m6 [label = "", shape = square, style = filled, color=grey, fixedsize=true, width=.2];
	m7 [label = "", shape = square, style = filled, color=grey, fixedsize=true, width=.2];
	m8 [label = "", shape = square, style = filled, color=grey, fixedsize=true, width=.2];
	m9 [label = "", shape = square, style = filled, color=grey, fixedsize=true, width=.2];
	m10 [label = "", shape = square, style = filled, color=grey, fixedsize=true, width=.2];
	s0 -> m0
	s1 -> m1
	s2 -> m2
	s3 -> m3
	q9 -> m1 [label = "b"];
	q8 -> m0 [label = "c"];
	q6 -> m2 [label = "c"];
	q6 -> m1 [label = "c"];
	q8 -> m5 [label = "a"];
	q0 -> m5 [label = "a, b"];
	q2 -> m5 [label = "a"];
	q2 -> m9 [label = "a"];
	q0 -> m2 [label = "c"];
	q9 -> m8 [label = "a"];
	q4 -> m2 [label = "c"];
	q0 -> m1 [label = "c"];
	q6 -> m7 [label = "c"];
	q4 -> q8 [label = "a, c"];
	q1 -> q4 [label = "a"];
	q7 -> m1 [label = "c"];
	q1 -> m5 [label = "b"];
	q8 -> m1 [label = "b, c"];
	q8 -> m3 [label = "a, c"];
	q2 -> m1 [label = "b, c"];
	q8 -> m8 [label = "b"];
	q6 -> m5 [label = "a, b"];
	q3 -> m0 [label = "b, c"];
	q4 -> m3 [label = "b"];
	q5 -> m4 [label = "b, c"];
	q7 -> m3 [label = "b, c"];
	q0 -> m9 [label = "a"];
	q0 -> m4 [label = "a, b, c"];
	q3 -> m3 [label = "b, c"];
	q4 -> m7 [label = "c"];
	q2 -> m4 [label = "a, b, c"];
	q4 -> m8 [label = "a, b"];
	q4 -> m5 [label = "b"];
	q5 -> q4 [label = "a"];
	q5 -> m5 [label = "b"];
	q8 -> m2 [label = "b, c"];
	q5 -> m1 [label = "c"];
	q7 -> m2 [label = "c"];
	q3 -> m2 [label = "c"];
	q3 -> m1 [label = "b, c"];
	q5 -> m2 [label = "c"];
	q5 -> m6 [label = "b"];
	q9 -> m10 [label = "a"];
	q1 -> m3 [label = "a, c"];
	q2 -> m2 [label = "c"];
	q9 -> m4 [label = "b, c"];
	q1 -> m1 [label = "c"];
	q2 -> m7 [label = "c"];
	q4 -> m0 [label = "b"];
	q7 -> m7 [label = "a"];
	q6 -> m4 [label = "a, b"];
	q5 -> m7 [label = "c"];
	q7 -> m0 [label = "b, c"];
	q7 -> q8 [label = "a"];
	q9 -> m5 [label = "c"];
	q1 -> m2 [label = "c"];
	q3 -> q8 [label = "a"];
	q0 -> m7 [label = "c"];
	q1 -> m8 [label = "b"];
	m0 -> q4;
	m0 -> q9;
	m1 -> q3;
	m1 -> q7;
	m1 -> q8;
	m2 -> q3;
	m2 -> q4;
	m2 -> q7;
	m3 -> q2;
	m3 -> q3;
	m3 -> q8;
	m3 -> q9;
	m4 -> q0;
	m4 -> q1;
	m4 -> q2;
	m4 -> q3;
	m4 -> q4;
	m4 -> q5;
	m4 -> q6;
	m4 -> q8;
	m4 -> q9;
	m5 -> q0;
	m5 -> q2;
	m5 -> q3;
	m5 -> q4;
	m5 -> q5;
	m5 -> q6;
	m5 -> q7;
	m5 -> q8;
	m6 -> q1;
	m6 -> q3;
	m6 -> q4;
	m6 -> q5;
	m6 -> q7;
	m6 -> q8;
	m6 -> q9;
	m7 -> q1;
	m7 -> q4;
	m7 -> q5;
	m7 -> q7;
	m7 -> q9;
	m8 -> q1;
	m8 -> q5;
	m9 -> q0;
	m9 -> q1;
	m9 -> q2;
	m9 -> q3;
	m9 -> q4;
	m9 -> q5;
	m9 -> q7;
	m9 -> q8;
	m9 -> q9;
	m10 -> q1;
	m10 -> q4;
	m10 -> q8;
}
AFA size: 10 states

