Random target AFA:
digraph finite_state_machine {
	rankdir=LR;
	node [shape = circle];
	s0 [shape = point, style = invis, start="true" ];
	s1 [shape = point, style = invis, start="true" ];
	q0 [label = "q0", shape = doublecircle, final="true" ];
	q1 [label = "q1"];
	q2 [label = "q2"];
	q3 [label = "q3"];
	q4 [label = "q4"];
	q5 [label = "q5"];
	m0 [label = "", shape = square, style = filled, color=grey, fixedsize=true, width=.2];
	m1 [label = "", shape = square, style = filled, color=grey, fixedsize=true, width=.2];
	m2 [label = "", shape = square, style = filled, color=grey, fixedsize=true, width=.2];
	m3 [label = "", shape = square, style = filled, color=grey, fixedsize=true, width=.2];
	m4 [label = "", shape = square, style = filled, color=grey, fixedsize=true, width=.2];
	m5 [label = "", shape = square, style = filled, color=grey, fixedsize=true, width=.2];
	m6 [label = "", shape = square, style = filled, color=grey, fixedsize=true, width=.2];
	m7 [label = "", shape = square, style = filled, color=grey, fixedsize=true, width=.2];
	m8 [label = "", shape = square, style = filled, color=grey, fixedsize=true, width=.2];
	s0 -> q2
	s1 -> q0
	q3 -> q0 [label = "c"];
	q3 -> q4 [label = "a, c"];
	q1 -> m8 [label = "c"];
	q1 -> m4 [label = "b"];
	q5 -> m6 [label = "a"];
	q1 -> m5 [label = "b"];
	q3 -> q3 [label = "a, b"];
	q3 -> q5 [label = "b"];
	q1 -> m3 [label = "a"];
	q4 -> q2 [label = "b"];
	q4 -> q5 [label = "a, c"];
	q2 -> m1 [label = "a"];
	q0 -> q0 [label = "a, b"];
	q2 -> m0 [label = "b"];
	q5 -> q3 [label = "b"];
	q4 -> q0 [label = "b"];
	q5 -> q5 [label = "c"];
	q2 -> q4 [label = "b"];
	q0 -> q4 [label = "b"];
	q0 -> m2 [label = "c"];
	q4 -> m0 [label = "a"];
	q2 -> q3 [label = "a, c"];
	q0 -> q5 [label = "c"];
	q5 -> q1 [label = "c"];
	q5 -> m7 [label = "a"];
	q1 -> q2 [label = "a, c"];
	m0 -> q4;
	m0 -> q5;
	m1 -> q1;
	m1 -> q2;
	m2 -> q2;
	m2 -> q4;
	m3 -> q0;
	m3 -> q2;
	m4 -> q3;
	m4 -> q4;
	m5 -> q1;
	m5 -> q3;
	m6 -> q0;
	m6 -> q4;
	m7 -> q2;
	m7 -> q5;
	m8 -> q0;
	m8 -> q3;
}

L* output after 12 EQ and 21404 MQ:
digraph finite_state_machine {
	rankdir=LR;
	node [shape = circle];
	s0 [shape = point, style = invis, start="true" ];
	q0 [label = "q0"];
	q1 [label = "q1", shape = doublecircle, final="true" ];
	q2 [label = "q2"];
	q3 [label = "q3"];
	q4 [label = "q4"];
	q5 [label = "q5"];
	q6 [label = "q6", shape = doublecircle, final="true" ];
	q7 [label = "q7"];
	q8 [label = "q8"];
	q9 [label = "q9", shape = doublecircle, final="true" ];
	q10 [label = "q10"];
	q11 [label = "q11"];
	q12 [label = "q12", shape = doublecircle, final="true" ];
	q13 [label = "q13"];
	q14 [label = "q14"];
	q15 [label = "q15", shape = doublecircle, final="true" ];
	q16 [label = "q16"];
	q17 [label = "q17", shape = doublecircle, final="true" ];
	q18 [label = "q18", shape = doublecircle, final="true" ];
	q19 [label = "q19", shape = doublecircle, final="true" ];
	q20 [label = "q20", shape = doublecircle, final="true" ];
	q21 [label = "q21"];
	q22 [label = "q22"];
	q23 [label = "q23"];
	q24 [label = "q24"];
	q25 [label = "q25"];
	q26 [label = "q26"];
	q27 [label = "q27"];
	q28 [label = "q28"];
	q29 [label = "q29"];
	q30 [label = "q30"];
	q31 [label = "q31"];
	q32 [label = "q32"];
	q33 [label = "q33"];
	q34 [label = "q34", shape = doublecircle, final="true" ];
	q35 [label = "q35"];
	q36 [label = "q36"];
	q37 [label = "q37", shape = doublecircle, final="true" ];
	q38 [label = "q38"];
	q39 [label = "q39", shape = doublecircle, final="true" ];
	q40 [label = "q40", shape = doublecircle, final="true" ];
	q41 [label = "q41"];
	q42 [label = "q42", shape = doublecircle, final="true" ];
	q43 [label = "q43", shape = doublecircle, final="true" ];
	q44 [label = "q44", shape = doublecircle, final="true" ];
	q45 [label = "q45"];
	q46 [label = "q46"];
	q47 [label = "q47", shape = doublecircle, final="true" ];
	q48 [label = "q48", shape = doublecircle, final="true" ];
	q49 [label = "q49"];
	q50 [label = "q50"];
	q51 [label = "q51", shape = doublecircle, final="true" ];
	q52 [label = "q52", shape = doublecircle, final="true" ];
	q53 [label = "q53"];
	q54 [label = "q54", shape = doublecircle, final="true" ];
	q55 [label = "q55", shape = doublecircle, final="true" ];
	q56 [label = "q56"];
	q57 [label = "q57", shape = doublecircle, final="true" ];
	q58 [label = "q58"];
	q59 [label = "q59", shape = doublecircle, final="true" ];
	q60 [label = "q60", shape = doublecircle, final="true" ];
	q61 [label = "q61"];
	q62 [label = "q62", shape = doublecircle, final="true" ];
	q63 [label = "q63", shape = doublecircle, final="true" ];
	q64 [label = "q64", shape = doublecircle, final="true" ];
	q65 [label = "q65"];
	q66 [label = "q66"];
	q67 [label = "q67", shape = doublecircle, final="true" ];
	q68 [label = "q68"];
	q69 [label = "q69"];
	q70 [label = "q70"];
	q71 [label = "q71", shape = doublecircle, final="true" ];
	q72 [label = "q72"];
	q73 [label = "q73"];
	q74 [label = "q74"];
	q75 [label = "q75"];
	q76 [label = "q76", shape = doublecircle, final="true" ];
	q77 [label = "q77", shape = doublecircle, final="true" ];
	q78 [label = "q78"];
	q79 [label = "q79"];
	q80 [label = "q80", shape = doublecircle, final="true" ];
	q81 [label = "q81", shape = doublecircle, final="true" ];
	q82 [label = "q82"];
	q83 [label = "q83", shape = doublecircle, final="true" ];
	q84 [label = "q84", shape = doublecircle, final="true" ];
	q85 [label = "q85", shape = doublecircle, final="true" ];
	q86 [label = "q86"];
	q87 [label = "q87", shape = doublecircle, final="true" ];
	q88 [label = "q88"];
	q89 [label = "q89"];
	q90 [label = "q90", shape = doublecircle, final="true" ];
	q91 [label = "q91"];
	q92 [label = "q92"];
	q93 [label = "q93"];
	q94 [label = "q94"];
	q95 [label = "q95"];
	q96 [label = "q96"];
	q97 [label = "q97"];
	q98 [label = "q98", shape = doublecircle, final="true" ];
	q99 [label = "q99"];
	s0 -> q57
	q83 -> q90 [label = "c"];
	q85 -> q18 [label = "a"];
	q87 -> q80 [label = "b"];
	q83 -> q84 [label = "b"];
	q85 -> q90 [label = "c"];
	q82 -> q82 [label = "a"];
	q80 -> q84 [label = "b"];
	q84 -> q39 [label = "c"];
	q82 -> q47 [label = "b"];
	q80 -> q43 [label = "a"];
	q75 -> q93 [label = "c"];
	q76 -> q80 [label = "b"];
	q74 -> q31 [label = "c"];
	q77 -> q47 [label = "a"];
	q73 -> q63 [label = "c"];
	q4 -> q94 [label = "a"];
	q64 -> q80 [label = "b"];
	q2 -> q47 [label = "b"];
	q0 -> q22 [label = "a"];
	q48 -> q44 [label = "b"];
	q10 -> q42 [label = "b"];
	q46 -> q60 [label = "b"];
	q78 -> q73 [label = "a"];
	q10 -> q73 [label = "a"];
	q20 -> q20 [label = "a"];
	q12 -> q37 [label = "a"];
	q72 -> q56 [label = "b"];
	q13 -> q9 [label = "c"];
	q11 -> q16 [label = "a"];
	q21 -> q80 [label = "b"];
	q14 -> q69 [label = "a"];
	q32 -> q66 [label = "c"];
	q33 -> q86 [label = "b"];
	q26 -> q92 [label = "b"];
	q19 -> q55 [label = "a"];
	q24 -> q66 [label = "c"];
	q30 -> q79 [label = "b"];
	q86 -> q38 [label = "a"];
	q29 -> q49 [label = "c"];
	q4 -> q24 [label = "c"];
	q56 -> q62 [label = "c"];
	q25 -> q93 [label = "c"];
	q52 -> q72 [label = "c"];
	q68 -> q33 [label = "c"];
	q31 -> q56 [label = "b"];
	q32 -> q8 [label = "a"];
	q63 -> q51 [label = "b"];
	q79 -> q16 [label = "a"];
	q36 -> q71 [label = "c"];
	q66 -> q49 [label = "c"];
	q38 -> q98 [label = "c"];
	q23 -> q82 [label = "a"];
	q11 -> q42 [label = "b"];
	q27 -> q36 [label = "b"];
	q16 -> q47 [label = "b"];
	q36 -> q69 [label = "a"];
	q1 -> q0 [label = "c"];
	q33 -> q25 [label = "a"];
	q43 -> q84 [label = "b"];
	q69 -> q71 [label = "c"];
	q35 -> q92 [label = "b"];
	q89 -> q47 [label = "b"];
	q82 -> q62 [label = "c"];
	q32 -> q38 [label = "b"];
	q89 -> q90 [label = "c"];
	q95 -> q27 [label = "c"];
	q77 -> q51 [label = "b"];
	q95 -> q12 [label = "b"];
	q3 -> q66 [label = "c"];
	q91 -> q79 [label = "b"];
	q97 -> q95 [label = "a"];
	q31 -> q23 [label = "a"];
	q62 -> q66 [label = "c"];
	q69 -> q47 [label = "b"];
	q47 -> q39 [label = "c"];
	q81 -> q98 [label = "c"];
	q0 -> q79 [label = "b"];
	q26 -> q62 [label = "c"];
	q6 -> q44 [label = "b"];
	q16 -> q82 [label = "a"];
	q54 -> q85 [label = "a"];
	q29 -> q69 [label = "b"];
	q10 -> q63 [label = "c"];
	q57 -> q60 [label = "b"];
	q72 -> q77 [label = "c"];
	q93 -> q32 [label = "c"];
	q61 -> q65 [label = "a"];
	q97 -> q32 [label = "c"];
	q0 -> q32 [label = "c"];
	q14 -> q71 [label = "c"];
	q66 -> q50 [label = "a"];
	q75 -> q60 [label = "b"];
	q92 -> q92 [label = "b"];
	q95 -> q11 [label = "a"];
	q99 -> q80 [label = "b"];
	q45 -> q89 [label = "a"];
	q96 -> q99 [label = "a"];
	q19 -> q17 [label = "c"];
	q98 -> q51 [label = "b"];
	q42 -> q43 [label = "b"];
	q87 -> q30 [label = "c"];
	q39 -> q77 [label = "c"];
	q91 -> q94 [label = "a"];
	q14 -> q92 [label = "b"];
	q24 -> q5 [label = "b"];
	q93 -> q95 [label = "a"];
	q88 -> q73 [label = "a"];
	q11 -> q71 [label = "c"];
	q71 -> q32 [label = "c"];
	q27 -> q21 [label = "a"];
	q73 -> q89 [label = "a"];
	q94 -> q12 [label = "b"];
	q99 -> q26 [label = "c"];
	q96 -> q79 [label = "b"];
	q80 -> q98 [label = "c"];
	q88 -> q63 [label = "c"];
	q79 -> q98 [label = "c"];
	q39 -> q84 [label = "a, b"];
	q49 -> q82 [label = "b"];
	q97 -> q36 [label = "b"];
	q34 -> q71 [label = "c"];
	q40 -> q40 [label = "c"];
	q93 -> q14 [label = "b"];
	q9 -> q51 [label = "b"];
	q94 -> q28 [label = "c"];
	q78 -> q42 [label = "b"];
	q44 -> q97 [label = "c"];
	q8 -> q31 [label = "c"];
	q90 -> q47 [label = "a"];
	q26 -> q23 [label = "a"];
	q92 -> q62 [label = "c"];
	q59 -> q55 [label = "a"];
	q77 -> q49 [label = "c"];
	q25 -> q6 [label = "b"];
	q33 -> q24 [label = "c"];
	q41 -> q66 [label = "c"];
	q27 -> q32 [label = "c"];
	q7 -> q43 [label = "b, c"];
	q47 -> q43 [label = "b"];
	q22 -> q80 [label = "b"];
	q86 -> q60 [label = "c"];
	q90 -> q29 [label = "c"];
	q41 -> q36 [label = "b"];
	q88 -> q92 [label = "b"];
	q62 -> q52 [label = "a"];
	q36 -> q42 [label = "b"];
	q81 -> q15 [label = "a"];
	q84 -> q83 [label = "a"];
	q70 -> q32 [label = "c"];
	q31 -> q62 [label = "c"];
	q43 -> q43 [label = "a"];
	q71 -> q51 [label = "b"];
	q5 -> q42 [label = "b"];
	q28 -> q32 [label = "c"];
	q96 -> q66 [label = "c"];
	q86 -> q92 [label = "b"];
	q28 -> q21 [label = "a"];
	q12 -> q43 [label = "b"];
	q37 -> q71 [label = "c"];
	q38 -> q47 [label = "b"];
	q45 -> q43 [label = "c"];
	q30 -> q24 [label = "c"];
	q44 -> q42 [label = "a"];
	q34 -> q43 [label = "b"];
	q22 -> q28 [label = "c"];
	q67 -> q20 [label = "a"];
	q85 -> q43 [label = "b"];
	q35 -> q16 [label = "a"];
	q94 -> q13 [label = "a"];
	q37 -> q43 [label = "a"];
	q24 -> q8 [label = "a"];
	q42 -> q37 [label = "a"];
	q91 -> q32 [label = "c"];
	q29 -> q7 [label = "a"];
	q92 -> q69 [label = "a"];
	q35 -> q9 [label = "c"];
	q40 -> q84 [label = "a, b"];
	q17 -> q51 [label = "b"];
	q73 -> q47 [label = "b"];
	q90 -> q51 [label = "b"];
	q46 -> q92 [label = "c"];
	q23 -> q84 [label = "b"];
	q12 -> q98 [label = "c"];
	q37 -> q84 [label = "b"];
	q81 -> q43 [label = "b"];
	q8 -> q80 [label = "b"];
	q89 -> q89 [label = "a"];
	q5 -> q98 [label = "c"];
	q1 -> q67 [label = "a"];
	q18 -> q17 [label = "c"];
	q51 -> q84 [label = "b"];
	q3 -> q69 [label = "b"];
	q84 -> q84 [label = "b"];
	q70 -> q75 [label = "a"];
	q34 -> q15 [label = "a"];
	q99 -> q10 [label = "a"];
	q65 -> q70 [label = "c"];
	q3 -> q74 [label = "a"];
	q72 -> q45 [label = "a"];
	q4 -> q79 [label = "b"];
	q2 -> q17 [label = "c"];
	q9 -> q24 [label = "c"];
	q55 -> q84 [label = "b"];
	q25 -> q35 [label = "a"];
	q78 -> q17 [label = "c"];
	q79 -> q42 [label = "b"];
	q13 -> q16 [label = "a"];
	q98 -> q64 [label = "a"];
	q13 -> q42 [label = "b"];
	q41 -> q74 [label = "a"];
	q21 -> q11 [label = "a"];
	q15 -> q84 [label = "b"];
	q15 -> q43 [label = "a"];
	q20 -> q4 [label = "c"];
	q75 -> q35 [label = "a"];
	q18 -> q84 [label = "b"];
	q87 -> q67 [label = "a"];
	q18 -> q83 [label = "a"];
	q16 -> q9 [label = "c"];
	q21 -> q27 [label = "c"];
	q5 -> q69 [label = "a"];
	q60 -> q64 [label = "a"];
	q15 -> q9 [label = "c"];
	q19 -> q43 [label = "b"];
	q23 -> q71 [label = "c"];
	q17 -> q3 [label = "c"];
	q22 -> q13 [label = "a"];
	q44 -> q54 [label = "b"];
	q43 -> q62 [label = "c"];
	q46 -> q88 [label = "a"];
	q45 -> q84 [label = "b"];
	q52 -> q19 [label = "a"];
	q47 -> q18 [label = "a"];
	q50 -> q43 [label = "b, c"];
	q48 -> q87 [label = "a"];
	q60 -> q61 [label = "c"];
	q74 -> q78 [label = "a"];
	q50 -> q73 [label = "a"];
	q53 -> q86 [label = "b"];
	q6 -> q1 [label = "a"];
	q59 -> q63 [label = "c"];
	q9 -> q76 [label = "a"];
	q65 -> q68 [label = "a"];
	q8 -> q10 [label = "a"];
	q59 -> q43 [label = "b"];
	q7 -> q2 [label = "a"];
	q54 -> q58 [label = "c"];
	q48 -> q61 [label = "c"];
	q54 -> q54 [label = "b"];
	q76 -> q34 [label = "a"];
	q49 -> q45 [label = "a"];
	q53 -> q46 [label = "a"];
	q53 -> q66 [label = "c"];
	q6 -> q61 [label = "c"];
	q56 -> q69 [label = "a"];
	q51 -> q83 [label = "a"];
	q55 -> q63 [label = "c"];
	q52 -> q80 [label = "b"];
	q49 -> q40 [label = "c"];
	q51 -> q43 [label = "c"];
	q55 -> q83 [label = "a"];
	q58 -> q56 [label = "b"];
	q83 -> q83 [label = "a"];
	q17 -> q42 [label = "a"];
	q56 -> q42 [label = "b"];
	q62 -> q51 [label = "b"];
	q57 -> q59 [label = "a"];
	q61 -> q53 [label = "c"];
	q63 -> q41 [label = "c"];
	q2 -> q89 [label = "a"];
	q57 -> q58 [label = "c"];
	q1 -> q80 [label = "b"];
	q58 -> q62 [label = "c"];
	q58 -> q69 [label = "a"];
	q60 -> q54 [label = "b"];
	q61 -> q79 [label = "b"];
	q38 -> q82 [label = "a"];
	q42 -> q62 [label = "c"];
	q64 -> q67 [label = "a"];
	q63 -> q42 [label = "a"];
	q66 -> q38 [label = "b"];
	q64 -> q96 [label = "c"];
	q20 -> q60 [label = "b"];
	q70 -> q86 [label = "b"];
	q67 -> q60 [label = "b"];
	q65 -> q81 [label = "b"];
	q69 -> q82 [label = "a"];
	q68 -> q68 [label = "a"];
	q68 -> q48 [label = "b"];
	q67 -> q91 [label = "c"];
	q71 -> q76 [label = "a"];
	q28 -> q14 [label = "b"];
	q74 -> q80 [label = "b"];
	q30 -> q22 [label = "a"];
	q98 -> q96 [label = "c"];
	q76 -> q41 [label = "c"];
}
DFA size: 100 states

NL* output after 14 EQ and 7363 MQ:
digraph finite_state_machine {
	rankdir=LR;
	node [shape = circle];
	s0 [shape = point, style = invis, start="true" ];
	s1 [shape = point, style = invis, start="true" ];
	s2 [shape = point, style = invis, start="true" ];
	s3 [shape = point, style = invis, start="true" ];
	s4 [shape = point, style = invis, start="true" ];
	s5 [shape = point, style = invis, start="true" ];
	q0 [label = "q0"];
	q1 [label = "q1"];
	q2 [label = "q2"];
	q3 [label = "q3", shape = doublecircle, final="true" ];
	q4 [label = "q4"];
	q5 [label = "q5"];
	q6 [label = "q6"];
	q7 [label = "q7"];
	q8 [label = "q8", shape = doublecircle, final="true" ];
	q9 [label = "q9"];
	q10 [label = "q10", shape = doublecircle, final="true" ];
	q11 [label = "q11"];
	q12 [label = "q12"];
	q13 [label = "q13"];
	q14 [label = "q14", shape = doublecircle, final="true" ];
	q15 [label = "q15", shape = doublecircle, final="true" ];
	q16 [label = "q16"];
	q17 [label = "q17"];
	q18 [label = "q18"];
	q19 [label = "q19"];
	q20 [label = "q20", shape = doublecircle, final="true" ];
	q21 [label = "q21"];
	q22 [label = "q22"];
	q23 [label = "q23", shape = doublecircle, final="true" ];
	q24 [label = "q24"];
	q25 [label = "q25"];
	q26 [label = "q26"];
	q27 [label = "q27"];
	q28 [label = "q28"];
	q29 [label = "q29"];
	q30 [label = "q30"];
	s0 -> q5
	s1 -> q10
	s2 -> q14
	s3 -> q16
	s4 -> q22
	s5 -> q29
	q18 -> q28 [label = "c"];
	q18 -> q17 [label = "c"];
	q18 -> q12 [label = "c"];
	q18 -> q9 [label = "c"];
	q18 -> q0 [label = "c"];
	q20 -> q20 [label = "b"];
	q20 -> q3 [label = "b"];
	q22 -> q22 [label = "a"];
	q17 -> q28 [label = "c"];
	q17 -> q18 [label = "c"];
	q17 -> q17 [label = "c"];
	q17 -> q6 [label = "c"];
	q18 -> q27 [label = "c"];
	q17 -> q0 [label = "c"];
	q21 -> q22 [label = "a"];
	q23 -> q3 [label = "b"];
	q19 -> q22 [label = "a"];
	q19 -> q21 [label = "a"];
	q17 -> q2 [label = "b"];
	q17 -> q29 [label = "a"];
	q17 -> q25 [label = "a, b"];
	q17 -> q21 [label = "a"];
	q17 -> q13 [label = "a, c"];
	q17 -> q7 [label = "a"];
	q21 -> q28 [label = "c"];
	q21 -> q9 [label = "c"];
	q16 -> q1 [label = "c"];
	q20 -> q14 [label = "a, b"];
	q18 -> q18 [label = "c"];
	q22 -> q23 [label = "b"];
	q18 -> q16 [label = "a"];
	q16 -> q23 [label = "b"];
	q16 -> q20 [label = "b"];
	q16 -> q3 [label = "b"];
	q22 -> q9 [label = "c"];
	q16 -> q24 [label = "a"];
	q16 -> q13 [label = "a, c"];
	q15 -> q14 [label = "a"];
	q13 -> q1 [label = "b"];
	q11 -> q27 [label = "c"];
	q11 -> q19 [label = "c"];
	q11 -> q9 [label = "c"];
	q11 -> q1 [label = "c"];
	q14 -> q22 [label = "a"];
	q14 -> q10 [label = "a"];
	q12 -> q2 [label = "b"];
	q10 -> q19 [label = "c"];
	q10 -> q9 [label = "c"];
	q15 -> q30 [label = "b"];
	q15 -> q20 [label = "b"];
	q19 -> q26 [label = "b"];
	q15 -> q2 [label = "b"];
	q13 -> q30 [label = "a"];
	q13 -> q25 [label = "a"];
	q13 -> q13 [label = "a, b"];
	q9 -> q28 [label = "c"];
	q9 -> q27 [label = "c"];
	q23 -> q20 [label = "b"];
	q9 -> q9 [label = "c"];
	q9 -> q0 [label = "c"];
	q3 -> q19 [label = "c"];
	q5 -> q23 [label = "b"];
	q5 -> q3 [label = "b"];
	q7 -> q24 [label = "a"];
	q4 -> q25 [label = "b"];
	q4 -> q2 [label = "b"];
	q6 -> q11 [label = "a"];
	q20 -> q23 [label = "b"];
	q1 -> q28 [label = "c"];
	q1 -> q19 [label = "c"];
	q1 -> q9 [label = "c"];
	q1 -> q4 [label = "c"];
	q5 -> q13 [label = "a"];
	q7 -> q25 [label = "a, b"];
	q7 -> q23 [label = "b"];
	q18 -> q29 [label = "a"];
	q7 -> q20 [label = "b"];
	q3 -> q21 [label = "a"];
	q3 -> q8 [label = "a"];
	q1 -> q26 [label = "b"];
	q1 -> q13 [label = "b"];
	q7 -> q26 [label = "a, b, c"];
	q7 -> q19 [label = "c"];
	q7 -> q13 [label = "a, c"];
	q18 -> q26 [label = "b"];
	q7 -> q9 [label = "c"];
	q7 -> q1 [label = "c"];
	q7 -> q0 [label = "c"];
	q23 -> q29 [label = "b"];
	q3 -> q29 [label = "b"];
	q3 -> q23 [label = "b"];
	q3 -> q14 [label = "a, b"];
	q4 -> q26 [label = "b"];
	q3 -> q10 [label = "a, b"];
	q9 -> q4 [label = "c"];
	q3 -> q5 [label = "b"];
	q20 -> q10 [label = "a, b"];
	q1 -> q22 [label = "a"];
	q1 -> q21 [label = "a"];
	q5 -> q1 [label = "c"];
	q15 -> q26 [label = "b"];
	q4 -> q29 [label = "a"];
	q4 -> q21 [label = "a"];
	q9 -> q26 [label = "b"];
	q23 -> q14 [label = "b"];
	q24 -> q15 [label = "c"];
	q17 -> q9 [label = "c"];
	q14 -> q9 [label = "c"];
	q19 -> q9 [label = "c"];
	q24 -> q14 [label = "c"];
	q21 -> q26 [label = "b"];
	q23 -> q22 [label = "a, b"];
	q1 -> q18 [label = "c"];
	q23 -> q10 [label = "a, b"];
	q7 -> q28 [label = "c"];
	q24 -> q25 [label = "a"];
	q18 -> q5 [label = "a"];
	q9 -> q18 [label = "c"];
	q28 -> q12 [label = "c"];
	q16 -> q26 [label = "a, c"];
	q7 -> q22 [label = "a"];
	q26 -> q13 [label = "b"];
	q23 -> q19 [label = "c"];
	q28 -> q0 [label = "c"];
	q24 -> q26 [label = "a, b"];
	q20 -> q19 [label = "c"];
	q26 -> q30 [label = "a"];
	q30 -> q3 [label = "b, c"];
	q25 -> q29 [label = "b"];
	q11 -> q25 [label = "a, b"];
	q17 -> q1 [label = "c"];
	q28 -> q19 [label = "c"];
	q25 -> q23 [label = "b, c"];
	q13 -> q6 [label = "b"];
	q24 -> q20 [label = "c"];
	q24 -> q10 [label = "c"];
	q12 -> q25 [label = "b"];
	q8 -> q0 [label = "c"];
	q24 -> q9 [label = "b, c"];
	q12 -> q26 [label = "b"];
	q12 -> q21 [label = "a"];
	q10 -> q20 [label = "b"];
	q24 -> q0 [label = "c"];
	q20 -> q29 [label = "b"];
	q28 -> q5 [label = "a"];
	q30 -> q16 [label = "b"];
	q1 -> q11 [label = "a"];
	q13 -> q9 [label = "b, c"];
	q2 -> q20 [label = "c"];
	q6 -> q0 [label = "c"];
	q28 -> q29 [label = "a"];
	q8 -> q20 [label = "b"];
	q20 -> q8 [label = "a"];
	q6 -> q28 [label = "c"];
	q24 -> q23 [label = "c"];
	q2 -> q6 [label = "a, b"];
	q5 -> q26 [label = "a"];
	q30 -> q7 [label = "b"];
	q17 -> q26 [label = "a, b, c"];
	q19 -> q28 [label = "c"];
	q8 -> q19 [label = "c"];
	q25 -> q1 [label = "b"];
	q27 -> q26 [label = "b"];
	q30 -> q26 [label = "a, b"];
	q6 -> q3 [label = "c"];
	q7 -> q30 [label = "b"];
	q27 -> q25 [label = "b"];
	q18 -> q4 [label = "c"];
	q12 -> q0 [label = "c"];
	q4 -> q9 [label = "c"];
	q17 -> q24 [label = "a, c"];
	q13 -> q8 [label = "c"];
	q30 -> q30 [label = "a"];
	q15 -> q23 [label = "b"];
	q24 -> q19 [label = "c"];
	q17 -> q22 [label = "a"];
	q4 -> q16 [label = "a"];
	q25 -> q21 [label = "b, c"];
	q28 -> q26 [label = "b"];
	q7 -> q6 [label = "c"];
	q15 -> q18 [label = "c"];
	q28 -> q27 [label = "c"];
	q27 -> q21 [label = "a"];
	q30 -> q25 [label = "a, b"];
	q26 -> q9 [label = "b"];
	q25 -> q3 [label = "b, c"];
	q1 -> q6 [label = "b"];
	q26 -> q6 [label = "b"];
	q6 -> q25 [label = "a"];
	q30 -> q21 [label = "a, b, c"];
	q0 -> q4 [label = "c"];
	q15 -> q22 [label = "a"];
	q26 -> q23 [label = "c"];
	q23 -> q8 [label = "a"];
	q1 -> q5 [label = "a"];
	q26 -> q1 [label = "b"];
	q27 -> q22 [label = "a"];
	q30 -> q11 [label = "a, b"];
	q13 -> q15 [label = "c"];
	q24 -> q21 [label = "c"];
	q3 -> q3 [label = "b"];
	q10 -> q23 [label = "b"];
	q30 -> q8 [label = "b, c"];
	q3 -> q20 [label = "b"];
	q27 -> q4 [label = "c"];
	q19 -> q18 [label = "c"];
	q30 -> q6 [label = "a, b"];
	q26 -> q3 [label = "c"];
	q2 -> q13 [label = "a, b"];
	q5 -> q9 [label = "c"];
	q11 -> q5 [label = "a"];
	q13 -> q14 [label = "c"];
	q21 -> q25 [label = "b"];
	q20 -> q15 [label = "a"];
	q25 -> q5 [label = "b"];
	q24 -> q6 [label = "b"];
	q24 -> q29 [label = "c"];
	q27 -> q0 [label = "c"];
	q27 -> q18 [label = "c"];
	q8 -> q2 [label = "b"];
	q0 -> q21 [label = "a"];
	q27 -> q28 [label = "c"];
	q6 -> q2 [label = "a"];
	q25 -> q8 [label = "b, c"];
	q29 -> q13 [label = "a"];
	q25 -> q22 [label = "a, b, c"];
	q27 -> q19 [label = "c"];
	q29 -> q3 [label = "b"];
	q17 -> q27 [label = "c"];
	q29 -> q9 [label = "c"];
	q29 -> q20 [label = "b"];
	q11 -> q0 [label = "c"];
	q25 -> q30 [label = "a"];
	q27 -> q9 [label = "c"];
	q2 -> q8 [label = "b, c"];
	q30 -> q5 [label = "a, b"];
	q25 -> q11 [label = "b"];
	q24 -> q1 [label = "b"];
	q24 -> q2 [label = "a"];
	q27 -> q27 [label = "c"];
	q6 -> q6 [label = "a, b"];
	q24 -> q11 [label = "c"];
	q12 -> q28 [label = "c"];
	q30 -> q29 [label = "b"];
	q2 -> q26 [label = "a, b"];
	q30 -> q1 [label = "a, b"];
	q30 -> q2 [label = "a, b"];
	q26 -> q20 [label = "c"];
	q26 -> q2 [label = "a"];
	q18 -> q19 [label = "c"];
	q2 -> q5 [label = "a, b"];
	q0 -> q5 [label = "a"];
	q25 -> q10 [label = "b, c"];
	q15 -> q19 [label = "c"];
	q25 -> q14 [label = "b, c"];
	q24 -> q22 [label = "a, c"];
	q30 -> q24 [label = "b"];
	q1 -> q0 [label = "c"];
	q25 -> q28 [label = "b"];
	q27 -> q12 [label = "c"];
	q12 -> q18 [label = "c"];
	q2 -> q15 [label = "b, c"];
	q25 -> q19 [label = "b, c"];
	q11 -> q2 [label = "b"];
	q6 -> q21 [label = "a, c"];
	q7 -> q3 [label = "b"];
	q25 -> q27 [label = "b"];
	q20 -> q21 [label = "a"];
	q12 -> q19 [label = "c"];
	q6 -> q26 [label = "a, b"];
	q30 -> q9 [label = "a, b"];
	q30 -> q23 [label = "b, c"];
	q12 -> q22 [label = "a"];
	q14 -> q19 [label = "c"];
	q1 -> q27 [label = "c"];
	q2 -> q0 [label = "b"];
	q29 -> q26 [label = "a"];
	q25 -> q15 [label = "b, c"];
	q30 -> q13 [label = "a, b"];
	q25 -> q20 [label = "c"];
	q30 -> q10 [label = "b, c"];
	q0 -> q26 [label = "b"];
	q27 -> q5 [label = "a"];
	q25 -> q0 [label = "b"];
	q25 -> q6 [label = "b"];
	q30 -> q20 [label = "c"];
	q6 -> q9 [label = "b, c"];
	q25 -> q9 [label = "b"];
	q28 -> q18 [label = "c"];
	q28 -> q4 [label = "c"];
	q24 -> q13 [label = "a, b"];
	q6 -> q30 [label = "a"];
	q12 -> q5 [label = "a"];
	q25 -> q13 [label = "a, b"];
	q14 -> q27 [label = "c"];
	q19 -> q25 [label = "b"];
	q28 -> q9 [label = "c"];
	q0 -> q22 [label = "a"];
	q26 -> q25 [label = "a"];
	q25 -> q25 [label = "a, b"];
	q12 -> q7 [label = "a"];
	q25 -> q26 [label = "a, b"];
	q24 -> q30 [label = "a"];
	q10 -> q3 [label = "b"];
	q17 -> q16 [label = "a"];
	q24 -> q3 [label = "c"];
	q1 -> q12 [label = "c"];
	q29 -> q1 [label = "c"];
	q30 -> q27 [label = "a, b"];
	q11 -> q13 [label = "a"];
	q2 -> q21 [label = "a, b, c"];
	q11 -> q21 [label = "a"];
	q11 -> q22 [label = "a"];
	q8 -> q25 [label = "b"];
	q3 -> q22 [label = "a, b"];
	q11 -> q26 [label = "a, b"];
	q15 -> q0 [label = "c"];
	q15 -> q9 [label = "c"];
	q2 -> q29 [label = "b"];
	q15 -> q27 [label = "c"];
	q15 -> q28 [label = "c"];
	q23 -> q23 [label = "b"];
	q9 -> q5 [label = "a"];
	q11 -> q3 [label = "b"];
	q17 -> q4 [label = "c"];
	q11 -> q23 [label = "b"];
	q13 -> q0 [label = "c"];
	q17 -> q30 [label = "b"];
	q13 -> q26 [label = "a, b"];
	q6 -> q8 [label = "c"];
	q26 -> q26 [label = "a, b"];
	q13 -> q19 [label = "c"];
	q2 -> q10 [label = "b, c"];
	q13 -> q21 [label = "c"];
	q13 -> q22 [label = "a, c"];
	q4 -> q18 [label = "c"];
	q4 -> q4 [label = "c"];
	q15 -> q10 [label = "a"];
	q6 -> q10 [label = "c"];
	q24 -> q24 [label = "a"];
	q8 -> q9 [label = "c"];
	q17 -> q19 [label = "c"];
	q16 -> q6 [label = "c"];
	q2 -> q3 [label = "b, c"];
	q9 -> q19 [label = "c"];
	q12 -> q29 [label = "a"];
	q23 -> q5 [label = "b"];
	q24 -> q5 [label = "c"];
	q2 -> q22 [label = "a, b, c"];
	q4 -> q19 [label = "c"];
	q6 -> q27 [label = "c"];
	q14 -> q20 [label = "b"];
	q8 -> q3 [label = "b"];
	q12 -> q30 [label = "b"];
	q30 -> q0 [label = "b"];
	q2 -> q1 [label = "b"];
	q8 -> q23 [label = "b"];
	q17 -> q12 [label = "c"];
	q8 -> q30 [label = "b"];
	q13 -> q23 [label = "c"];
	q10 -> q10 [label = "a"];
	q30 -> q22 [label = "a, b, c"];
	q10 -> q22 [label = "a"];
	q7 -> q2 [label = "b"];
	q8 -> q10 [label = "a"];
	q15 -> q25 [label = "b"];
	q8 -> q14 [label = "a"];
	q0 -> q19 [label = "c"];
	q8 -> q22 [label = "a"];
	q16 -> q9 [label = "c"];
	q12 -> q4 [label = "c"];
	q20 -> q5 [label = "b"];
	q2 -> q25 [label = "a, b"];
	q12 -> q9 [label = "c"];
	q13 -> q3 [label = "c"];
	q12 -> q12 [label = "c"];
	q4 -> q22 [label = "a"];
	q4 -> q17 [label = "c"];
	q8 -> q26 [label = "b"];
	q12 -> q17 [label = "c"];
	q12 -> q27 [label = "c"];
	q4 -> q0 [label = "c"];
	q4 -> q12 [label = "c"];
	q4 -> q27 [label = "c"];
	q17 -> q5 [label = "a"];
	q4 -> q28 [label = "c"];
	q20 -> q16 [label = "b"];
	q30 -> q15 [label = "b, c"];
	q0 -> q29 [label = "a"];
	q30 -> q14 [label = "b, c"];
	q2 -> q2 [label = "a, b"];
	q25 -> q2 [label = "a, b"];
	q6 -> q13 [label = "a, b"];
	q2 -> q14 [label = "b, c"];
	q24 -> q8 [label = "c"];
	q2 -> q23 [label = "b, c"];
	q29 -> q23 [label = "b"];
	q2 -> q27 [label = "b"];
	q7 -> q27 [label = "c"];
	q21 -> q23 [label = "b"];
	q2 -> q19 [label = "b, c"];
	q2 -> q28 [label = "b"];
	q6 -> q1 [label = "b, c"];
	q30 -> q28 [label = "b"];
	q2 -> q9 [label = "b"];
	q6 -> q15 [label = "c"];
	q13 -> q2 [label = "a"];
	q6 -> q14 [label = "c"];
	q6 -> q5 [label = "a"];
	q30 -> q19 [label = "a, b, c"];
	q2 -> q30 [label = "a"];
	q15 -> q3 [label = "b"];
	q14 -> q23 [label = "b"];
	q6 -> q19 [label = "c"];
	q6 -> q20 [label = "c"];
	q13 -> q10 [label = "c"];
	q6 -> q22 [label = "a, c"];
	q6 -> q23 [label = "c"];
	q28 -> q28 [label = "c"];
	q0 -> q25 [label = "b"];
	q0 -> q0 [label = "c"];
	q12 -> q16 [label = "a"];
	q0 -> q9 [label = "c"];
	q20 -> q22 [label = "a, b"];
	q14 -> q3 [label = "b"];
	q0 -> q18 [label = "c"];
	q11 -> q28 [label = "c"];
	q4 -> q7 [label = "a"];
	q0 -> q27 [label = "c"];
	q2 -> q11 [label = "a, b"];
	q13 -> q20 [label = "c"];
	q0 -> q28 [label = "c"];
	q4 -> q5 [label = "a"];
}
NFA size: 31 states

AL* output after 13 EQ and 2307 MQ:
digraph finite_state_machine {
	rankdir=LR;
	node [shape = circle];
	s0 [shape = point, style = invis, start="true" ];
	s1 [shape = point, style = invis, start="true" ];
	q0 [label = "q0"];
	q1 [label = "q1"];
	q2 [label = "q2", shape = doublecircle, final="true" ];
	q3 [label = "q3"];
	q4 [label = "q4", shape = doublecircle, final="true" ];
	q5 [label = "q5"];
	q6 [label = "q6"];
	q7 [label = "q7", shape = doublecircle, final="true" ];
	q8 [label = "q8"];
	q9 [label = "q9", shape = doublecircle, final="true" ];
	q10 [label = "q10"];
	m0 [label = "", shape = square, style = filled, color=grey, fixedsize=true, width=.2];
	m1 [label = "", shape = square, style = filled, color=grey, fixedsize=true, width=.2];
	m2 [label = "", shape = square, style = filled, color=grey, fixedsize=true, width=.2];
	m3 [label = "", shape = square, style = filled, color=grey, fixedsize=true, width=.2];
	m4 [label = "", shape = square, style = filled, color=grey, fixedsize=true, width=.2];
	m5 [label = "", shape = square, style = filled, color=grey, fixedsize=true, width=.2];
	m6 [label = "", shape = square, style = filled, color=grey, fixedsize=true, width=.2];
	m7 [label = "", shape = square, style = filled, color=grey, fixedsize=true, width=.2];
	m8 [label = "", shape = square, style = filled, color=grey, fixedsize=true, width=.2];
	m9 [label = "", shape = square, style = filled, color=grey, fixedsize=true, width=.2];
	m10 [label = "", shape = square, style = filled, color=grey, fixedsize=true, width=.2];
	m11 [label = "", shape = square, style = filled, color=grey, fixedsize=true, width=.2];
	m12 [label = "", shape = square, style = filled, color=grey, fixedsize=true, width=.2];
	m13 [label = "", shape = square, style = filled, color=grey, fixedsize=true, width=.2];
	m14 [label = "", shape = square, style = filled, color=grey, fixedsize=true, width=.2];
	m15 [label = "", shape = square, style = filled, color=grey, fixedsize=true, width=.2];
	m16 [label = "", shape = square, style = filled, color=grey, fixedsize=true, width=.2];
	s0 -> m0
	s1 -> m1
	q9 -> m2 [label = "b"];
	q9 -> m0 [label = "a, b"];
	q7 -> m2 [label = "b"];
	q3 -> m2 [label = "a, c"];
	q5 -> m8 [label = "a, b"];
	q8 -> m2 [label = "b"];
	q1 -> m11 [label = "c"];
	q6 -> m8 [label = "a"];
	q2 -> m7 [label = "a, b"];
	q1 -> m7 [label = "a, b, c"];
	q2 -> m2 [label = "a, b, c"];
	q4 -> m2 [label = "b"];
	q7 -> m4 [label = "c"];
	q6 -> m1 [label = "a, c"];
	q2 -> m0 [label = "a, b, c"];
	q10 -> m0 [label = "c"];
	q4 -> m0 [label = "a, b"];
	q7 -> m9 [label = "a"];
	q7 -> m5 [label = "c"];
	q4 -> m13 [label = "a"];
	q8 -> m13 [label = "a"];
	q7 -> m7 [label = "b"];
	q9 -> m3 [label = "a, c"];
	q3 -> m3 [label = "a, b, c"];
	q5 -> m9 [label = "a"];
	q2 -> m10 [label = "c"];
	q9 -> m4 [label = "c"];
	q9 -> m5 [label = "c"];
	q1 -> m2 [label = "b"];
	q0 -> m16 [label = "a"];
	q1 -> m1 [label = "a, c"];
	q3 -> m7 [label = "a, b"];
	q8 -> m7 [label = "a, c"];
	q3 -> m6 [label = "c"];
	q5 -> m7 [label = "b"];
	q7 -> m0 [label = "a, b"];
	q0 -> m0 [label = "b"];
	q0 -> m8 [label = "a"];
	q5 -> m12 [label = "a"];
	q5 -> m11 [label = "c"];
	q7 -> m11 [label = "c"];
	q3 -> m0 [label = "b, c"];
	q8 -> m0 [label = "b"];
	q1 -> m8 [label = "a"];
	q3 -> m1 [label = "b"];
	q0 -> m7 [label = "b"];
	q0 -> m3 [label = "c"];
	q0 -> m6 [label = "c"];
	q2 -> m3 [label = "b, c"];
	q10 -> m2 [label = "a, c"];
	q0 -> m14 [label = "c"];
	q9 -> m1 [label = "b"];
	q6 -> m7 [label = "b"];
	q6 -> m11 [label = "c"];
	q0 -> m15 [label = "a"];
	q4 -> m7 [label = "a, c"];
	q4 -> m3 [label = "c"];
	q4 -> m4 [label = "c"];
	q2 -> m13 [label = "a"];
	q10 -> m7 [label = "a, b"];
	q10 -> m3 [label = "b"];
	q8 -> m3 [label = "c"];
	m0 -> q2;
	m0 -> q4;
	m0 -> q7;
	m0 -> q9;
	m1 -> q1;
	m1 -> q4;
	m1 -> q8;
	m2 -> q3;
	m2 -> q9;
	m3 -> q1;
	m3 -> q5;
	m3 -> q6;
	m3 -> q7;
	m4 -> q0;
	m4 -> q1;
	m4 -> q2;
	m4 -> q3;
	m4 -> q4;
	m4 -> q5;
	m4 -> q7;
	m4 -> q8;
	m4 -> q9;
	m5 -> q1;
	m5 -> q2;
	m5 -> q3;
	m5 -> q4;
	m5 -> q5;
	m5 -> q8;
	m5 -> q9;
	m5 -> q10;
	m6 -> q1;
	m6 -> q2;
	m6 -> q3;
	m6 -> q6;
	m6 -> q10;
	m7 -> q2;
	m7 -> q3;
	m7 -> q10;
	m8 -> q0;
	m8 -> q2;
	m8 -> q3;
	m8 -> q4;
	m8 -> q7;
	m8 -> q8;
	m8 -> q9;
	m9 -> q0;
	m9 -> q1;
	m9 -> q3;
	m9 -> q4;
	m9 -> q5;
	m9 -> q6;
	m9 -> q7;
	m9 -> q8;
	m10 -> q1;
	m10 -> q2;
	m10 -> q3;
	m10 -> q4;
	m10 -> q8;
	m10 -> q10;
	m11 -> q1;
	m11 -> q6;
	m12 -> q0;
	m12 -> q1;
	m12 -> q2;
	m12 -> q3;
	m12 -> q5;
	m12 -> q6;
	m12 -> q7;
	m12 -> q10;
	m13 -> q1;
	m13 -> q2;
	m13 -> q4;
	m13 -> q6;
	m13 -> q8;
	m14 -> q1;
	m14 -> q2;
	m14 -> q4;
	m14 -> q6;
	m14 -> q7;
	m14 -> q9;
	m15 -> q0;
	m15 -> q1;
	m15 -> q2;
	m15 -> q3;
	m15 -> q4;
	m15 -> q5;
	m15 -> q6;
	m15 -> q7;
	m15 -> q9;
	m15 -> q10;
	m16 -> q0;
	m16 -> q1;
	m16 -> q2;
	m16 -> q3;
	m16 -> q4;
	m16 -> q5;
	m16 -> q6;
	m16 -> q7;
	m16 -> q8;
}
AFA size: 11 states

