Random target AFA:
digraph finite_state_machine {
	rankdir=LR;
	node [shape = circle];
	s0 [shape = point, style = invis, start="true" ];
	s1 [shape = point, style = invis, start="true" ];
	q0 [label = "q0"];
	q1 [label = "q1", shape = doublecircle, final="true" ];
	q2 [label = "q2", shape = doublecircle, final="true" ];
	q3 [label = "q3"];
	q4 [label = "q4"];
	q5 [label = "q5", shape = doublecircle, final="true" ];
	m0 [label = "", shape = square, style = filled, color=grey, fixedsize=true, width=.2];
	m1 [label = "", shape = square, style = filled, color=grey, fixedsize=true, width=.2];
	m2 [label = "", shape = square, style = filled, color=grey, fixedsize=true, width=.2];
	m3 [label = "", shape = square, style = filled, color=grey, fixedsize=true, width=.2];
	m4 [label = "", shape = square, style = filled, color=grey, fixedsize=true, width=.2];
	m5 [label = "", shape = square, style = filled, color=grey, fixedsize=true, width=.2];
	m6 [label = "", shape = square, style = filled, color=grey, fixedsize=true, width=.2];
	s0 -> q2
	s1 -> q2
	q3 -> q5 [label = "c"];
	q0 -> q3 [label = "c"];
	q2 -> m2 [label = "b"];
	q1 -> m0 [label = "c"];
	q2 -> q0 [label = "b, c"];
	q4 -> q5 [label = "a"];
	q0 -> m4 [label = "c"];
	q5 -> m4 [label = "c"];
	q1 -> q0 [label = "a, b"];
	q0 -> q1 [label = "a"];
	q3 -> m1 [label = "b"];
	q0 -> q2 [label = "b"];
	q4 -> m0 [label = "c"];
	q5 -> q2 [label = "b"];
	q0 -> m1 [label = "a"];
	q2 -> q5 [label = "a"];
	q4 -> q4 [label = "c"];
	q5 -> m6 [label = "c"];
	q3 -> q3 [label = "a"];
	q2 -> m3 [label = "a"];
	q1 -> q3 [label = "a, b, c"];
	q3 -> q1 [label = "b"];
	q3 -> m6 [label = "a"];
	q2 -> q1 [label = "c"];
	q4 -> m5 [label = "a"];
	q5 -> q4 [label = "a"];
	q5 -> m5 [label = "a"];
	q0 -> q5 [label = "b"];
	q4 -> q3 [label = "b"];
	q5 -> q0 [label = "b"];
	m0 -> q2;
	m0 -> q3;
	m1 -> q0;
	m1 -> q4;
	m2 -> q1;
	m2 -> q3;
	m3 -> q0;
	m3 -> q1;
	m4 -> q0;
	m4 -> q3;
	m5 -> q2;
	m5 -> q4;
	m6 -> q4;
	m6 -> q5;
}

L* output after 15 EQ and 31936 MQ:
digraph finite_state_machine {
	rankdir=LR;
	node [shape = circle];
	s0 [shape = point, style = invis, start="true" ];
	q0 [label = "q0"];
	q1 [label = "q1", shape = doublecircle, final="true" ];
	q2 [label = "q2", shape = doublecircle, final="true" ];
	q3 [label = "q3", shape = doublecircle, final="true" ];
	q4 [label = "q4", shape = doublecircle, final="true" ];
	q5 [label = "q5", shape = doublecircle, final="true" ];
	q6 [label = "q6", shape = doublecircle, final="true" ];
	q7 [label = "q7", shape = doublecircle, final="true" ];
	q8 [label = "q8", shape = doublecircle, final="true" ];
	q9 [label = "q9", shape = doublecircle, final="true" ];
	q10 [label = "q10", shape = doublecircle, final="true" ];
	q11 [label = "q11", shape = doublecircle, final="true" ];
	q12 [label = "q12", shape = doublecircle, final="true" ];
	q13 [label = "q13"];
	q14 [label = "q14", shape = doublecircle, final="true" ];
	q15 [label = "q15", shape = doublecircle, final="true" ];
	q16 [label = "q16"];
	q17 [label = "q17", shape = doublecircle, final="true" ];
	q18 [label = "q18", shape = doublecircle, final="true" ];
	q19 [label = "q19", shape = doublecircle, final="true" ];
	q20 [label = "q20", shape = doublecircle, final="true" ];
	q21 [label = "q21", shape = doublecircle, final="true" ];
	q22 [label = "q22", shape = doublecircle, final="true" ];
	q23 [label = "q23", shape = doublecircle, final="true" ];
	q24 [label = "q24", shape = doublecircle, final="true" ];
	q25 [label = "q25", shape = doublecircle, final="true" ];
	q26 [label = "q26", shape = doublecircle, final="true" ];
	q27 [label = "q27", shape = doublecircle, final="true" ];
	q28 [label = "q28", shape = doublecircle, final="true" ];
	q29 [label = "q29"];
	q30 [label = "q30", shape = doublecircle, final="true" ];
	q31 [label = "q31"];
	q32 [label = "q32", shape = doublecircle, final="true" ];
	q33 [label = "q33"];
	q34 [label = "q34"];
	q35 [label = "q35"];
	q36 [label = "q36"];
	q37 [label = "q37", shape = doublecircle, final="true" ];
	q38 [label = "q38", shape = doublecircle, final="true" ];
	q39 [label = "q39", shape = doublecircle, final="true" ];
	q40 [label = "q40", shape = doublecircle, final="true" ];
	q41 [label = "q41", shape = doublecircle, final="true" ];
	q42 [label = "q42", shape = doublecircle, final="true" ];
	q43 [label = "q43", shape = doublecircle, final="true" ];
	q44 [label = "q44", shape = doublecircle, final="true" ];
	q45 [label = "q45", shape = doublecircle, final="true" ];
	q46 [label = "q46"];
	q47 [label = "q47", shape = doublecircle, final="true" ];
	q48 [label = "q48", shape = doublecircle, final="true" ];
	q49 [label = "q49"];
	q50 [label = "q50"];
	q51 [label = "q51"];
	q52 [label = "q52", shape = doublecircle, final="true" ];
	q53 [label = "q53", shape = doublecircle, final="true" ];
	q54 [label = "q54"];
	q55 [label = "q55", shape = doublecircle, final="true" ];
	q56 [label = "q56"];
	q57 [label = "q57", shape = doublecircle, final="true" ];
	q58 [label = "q58", shape = doublecircle, final="true" ];
	q59 [label = "q59"];
	q60 [label = "q60", shape = doublecircle, final="true" ];
	q61 [label = "q61"];
	q62 [label = "q62", shape = doublecircle, final="true" ];
	q63 [label = "q63"];
	q64 [label = "q64"];
	q65 [label = "q65"];
	q66 [label = "q66", shape = doublecircle, final="true" ];
	q67 [label = "q67"];
	q68 [label = "q68", shape = doublecircle, final="true" ];
	q69 [label = "q69"];
	q70 [label = "q70", shape = doublecircle, final="true" ];
	q71 [label = "q71", shape = doublecircle, final="true" ];
	q72 [label = "q72", shape = doublecircle, final="true" ];
	q73 [label = "q73", shape = doublecircle, final="true" ];
	q74 [label = "q74", shape = doublecircle, final="true" ];
	q75 [label = "q75", shape = doublecircle, final="true" ];
	q76 [label = "q76", shape = doublecircle, final="true" ];
	q77 [label = "q77", shape = doublecircle, final="true" ];
	q78 [label = "q78", shape = doublecircle, final="true" ];
	q79 [label = "q79", shape = doublecircle, final="true" ];
	q80 [label = "q80", shape = doublecircle, final="true" ];
	q81 [label = "q81"];
	q82 [label = "q82", shape = doublecircle, final="true" ];
	q83 [label = "q83"];
	q84 [label = "q84", shape = doublecircle, final="true" ];
	q85 [label = "q85"];
	q86 [label = "q86", shape = doublecircle, final="true" ];
	q87 [label = "q87"];
	q88 [label = "q88", shape = doublecircle, final="true" ];
	q89 [label = "q89", shape = doublecircle, final="true" ];
	q90 [label = "q90"];
	q91 [label = "q91", shape = doublecircle, final="true" ];
	q92 [label = "q92", shape = doublecircle, final="true" ];
	q93 [label = "q93", shape = doublecircle, final="true" ];
	q94 [label = "q94"];
	q95 [label = "q95"];
	q96 [label = "q96"];
	q97 [label = "q97"];
	q98 [label = "q98"];
	q99 [label = "q99", shape = doublecircle, final="true" ];
	q100 [label = "q100"];
	q101 [label = "q101"];
	q102 [label = "q102", shape = doublecircle, final="true" ];
	q103 [label = "q103", shape = doublecircle, final="true" ];
	q104 [label = "q104"];
	q105 [label = "q105", shape = doublecircle, final="true" ];
	q106 [label = "q106", shape = doublecircle, final="true" ];
	q107 [label = "q107", shape = doublecircle, final="true" ];
	q108 [label = "q108", shape = doublecircle, final="true" ];
	q109 [label = "q109"];
	q110 [label = "q110", shape = doublecircle, final="true" ];
	q111 [label = "q111", shape = doublecircle, final="true" ];
	q112 [label = "q112", shape = doublecircle, final="true" ];
	q113 [label = "q113", shape = doublecircle, final="true" ];
	q114 [label = "q114"];
	q115 [label = "q115", shape = doublecircle, final="true" ];
	q116 [label = "q116", shape = doublecircle, final="true" ];
	q117 [label = "q117", shape = doublecircle, final="true" ];
	q118 [label = "q118", shape = doublecircle, final="true" ];
	q119 [label = "q119", shape = doublecircle, final="true" ];
	q120 [label = "q120", shape = doublecircle, final="true" ];
	q121 [label = "q121", shape = doublecircle, final="true" ];
	q122 [label = "q122", shape = doublecircle, final="true" ];
	q123 [label = "q123", shape = doublecircle, final="true" ];
	q124 [label = "q124", shape = doublecircle, final="true" ];
	q125 [label = "q125", shape = doublecircle, final="true" ];
	q126 [label = "q126", shape = doublecircle, final="true" ];
	q127 [label = "q127", shape = doublecircle, final="true" ];
	q128 [label = "q128", shape = doublecircle, final="true" ];
	q129 [label = "q129", shape = doublecircle, final="true" ];
	q130 [label = "q130", shape = doublecircle, final="true" ];
	q131 [label = "q131", shape = doublecircle, final="true" ];
	q132 [label = "q132", shape = doublecircle, final="true" ];
	q133 [label = "q133", shape = doublecircle, final="true" ];
	q134 [label = "q134", shape = doublecircle, final="true" ];
	q135 [label = "q135", shape = doublecircle, final="true" ];
	q136 [label = "q136", shape = doublecircle, final="true" ];
	q137 [label = "q137", shape = doublecircle, final="true" ];
	q138 [label = "q138", shape = doublecircle, final="true" ];
	q139 [label = "q139", shape = doublecircle, final="true" ];
	s0 -> q55
	q85 -> q125 [label = "b"];
	q83 -> q66 [label = "c"];
	q82 -> q0 [label = "c"];
	q86 -> q62 [label = "a"];
	q85 -> q26 [label = "a"];
	q83 -> q37 [label = "a"];
	q83 -> q125 [label = "b"];
	q81 -> q96 [label = "a"];
	q84 -> q78 [label = "a"];
	q86 -> q112 [label = "b"];
	q80 -> q113 [label = "b"];
	q81 -> q28 [label = "c"];
	q84 -> q56 [label = "c"];
	q82 -> q113 [label = "b"];
	q80 -> q95 [label = "a"];
	q79 -> q94 [label = "a"];
	q77 -> q130 [label = "b"];
	q75 -> q92 [label = "c"];
	q76 -> q112 [label = "b"];
	q74 -> q76 [label = "c"];
	q79 -> q113 [label = "b"];
	q77 -> q74 [label = "a"];
	q73 -> q91 [label = "c"];
	q75 -> q77 [label = "a"];
	q81 -> q122 [label = "b"];
	q73 -> q130 [label = "b"];
	q75 -> q130 [label = "b"];
	q73 -> q73 [label = "a"];
	q78 -> q112 [label = "b"];
	q87 -> q87 [label = "c"];
	q76 -> q78 [label = "a"];
	q78 -> q63 [label = "c"];
	q76 -> q93 [label = "c"];
	q74 -> q130 [label = "b"];
	q72 -> q27 [label = "a"];
	q69 -> q47 [label = "b"];
	q84 -> q112 [label = "b"];
	q70 -> q24 [label = "a"];
	q66 -> q82 [label = "c"];
	q71 -> q42 [label = "b"];
	q69 -> q71 [label = "a"];
	q71 -> q84 [label = "c"];
	q65 -> q125 [label = "b"];
	q72 -> q75 [label = "c"];
	q65 -> q26 [label = "a"];
	q70 -> q127 [label = "b"];
	q68 -> q36 [label = "a"];
	q64 -> q81 [label = "c"];
	q70 -> q45 [label = "c"];
	q64 -> q125 [label = "b"];
	q66 -> q126 [label = "b"];
	q63 -> q39 [label = "a"];
	q61 -> q122 [label = "b"];
	q59 -> q45 [label = "c"];
	q62 -> q73 [label = "a"];
	q60 -> q112 [label = "b"];
	q58 -> q45 [label = "c"];
	q63 -> q125 [label = "b"];
	q61 -> q71 [label = "a"];
	q57 -> q121 [label = "c"];
	q63 -> q38 [label = "c"];
	q59 -> q40 [label = "a"];
	q61 -> q64 [label = "c"];
	q62 -> q65 [label = "c"];
	q56 -> q122 [label = "b"];
	q60 -> q63 [label = "c"];
	q58 -> q124 [label = "b"];
	q85 -> q81 [label = "c"];
	q53 -> q44 [label = "b"];
	q71 -> q73 [label = "a"];
	q51 -> q68 [label = "c"];
	q52 -> q103 [label = "b"];
	q55 -> q54 [label = "b"];
	q53 -> q49 [label = "a"];
	q77 -> q91 [label = "c"];
	q55 -> q53 [label = "a"];
	q49 -> q69 [label = "c"];
	q55 -> q52 [label = "c"];
	q51 -> q50 [label = "a"];
	q49 -> q59 [label = "b"];
	q53 -> q50 [label = "c"];
	q51 -> q48 [label = "b"];
	q54 -> q57 [label = "b"];
	q48 -> q104 [label = "b"];
	q56 -> q28 [label = "c"];
	q52 -> q51 [label = "c"];
	q48 -> q119 [label = "a"];
	q45 -> q42 [label = "b"];
	q42 -> q58 [label = "c"];
	q43 -> q56 [label = "c"];
	q18 -> q84 [label = "c"];
	q22 -> q131 [label = "a"];
	q17 -> q82 [label = "c"];
	q19 -> q12 [label = "a"];
	q56 -> q61 [label = "a"];
	q19 -> q123 [label = "b"];
	q68 -> q113 [label = "b"];
	q21 -> q65 [label = "c"];
	q16 -> q83 [label = "c"];
	q20 -> q89 [label = "a"];
	q22 -> q124 [label = "b"];
	q18 -> q74 [label = "a"];
	q23 -> q124 [label = "b"];
	q22 -> q73 [label = "c"];
	q16 -> q39 [label = "a"];
	q15 -> q14 [label = "a"];
	q13 -> q125 [label = "b"];
	q11 -> q73 [label = "c"];
	q14 -> q73 [label = "a"];
	q12 -> q130 [label = "b"];
	q10 -> q45 [label = "c"];
	q9 -> q45 [label = "c"];
	q60 -> q62 [label = "a"];
	q3 -> q75 [label = "c"];
	q7 -> q3 [label = "a"];
	q4 -> q130 [label = "b"];
	q50 -> q111 [label = "b"];
	q6 -> q27 [label = "a"];
	q67 -> q83 [label = "c"];
	q41 -> q50 [label = "c"];
	q102 -> q80 [label = "c"];
	q102 -> q42 [label = "b"];
	q20 -> q126 [label = "b"];
	q106 -> q112 [label = "b"];
	q46 -> q71 [label = "a"];
	q113 -> q41 [label = "a"];
	q99 -> q19 [label = "a"];
	q100 -> q71 [label = "a"];
	q47 -> q58 [label = "b"];
	q87 -> q98 [label = "a"];
	q104 -> q10 [label = "a"];
	q90 -> q125 [label = "b"];
	q101 -> q71 [label = "a"];
	q102 -> q29 [label = "a"];
	q133 -> q117 [label = "a"];
	q101 -> q125 [label = "b"];
	q87 -> q99 [label = "b"];
	q108 -> q80 [label = "c"];
	q67 -> q125 [label = "b"];
	q110 -> q93 [label = "c"];
	q120 -> q120 [label = "b"];
	q1 -> q107 [label = "a"];
	q107 -> q11 [label = "a"];
	q128 -> q132 [label = "b"];
	q98 -> q39 [label = "a"];
	q111 -> q102 [label = "c"];
	q127 -> q103 [label = "b"];
	q97 -> q83 [label = "c"];
	q106 -> q108 [label = "c"];
	q110 -> q60 [label = "a"];
	q37 -> q85 [label = "c"];
	q107 -> q75 [label = "c"];
	q124 -> q124 [label = "b"];
	q111 -> q70 [label = "a"];
	q23 -> q45 [label = "c"];
	q24 -> q75 [label = "c"];
	q112 -> q116 [label = "a"];
	q105 -> q9 [label = "a"];
	q123 -> q120 [label = "b"];
	q110 -> q112 [label = "b"];
	q116 -> q130 [label = "b"];
	q114 -> q129 [label = "a"];
	q69 -> q25 [label = "c"];
	q28 -> q113 [label = "b"];
	q114 -> q135 [label = "b"];
	q112 -> q23 [label = "c"];
	q123 -> q121 [label = "c"];
	q92 -> q126 [label = "b"];
	q29 -> q17 [label = "c"];
	q64 -> q37 [label = "a"];
	q118 -> q124 [label = "b"];
	q93 -> q82 [label = "c"];
	q29 -> q18 [label = "a"];
	q13 -> q90 [label = "c"];
	q103 -> q11 [label = "a"];
	q97 -> q31 [label = "b"];
	q20 -> q85 [label = "c"];
	q39 -> q85 [label = "c"];
	q117 -> q118 [label = "a"];
	q129 -> q138 [label = "b"];
	q42 -> q23 [label = "a"];
	q105 -> q121 [label = "c"];
	q118 -> q75 [label = "c"];
	q117 -> q45 [label = "c"];
	q138 -> q103 [label = "b"];
	q49 -> q72 [label = "a"];
	q97 -> q71 [label = "a"];
	q119 -> q127 [label = "b"];
	q30 -> q126 [label = "b"];
	q91 -> q112 [label = "b"];
	q117 -> q130 [label = "b"];
	q116 -> q22 [label = "a"];
	q127 -> q121 [label = "c"];
	q107 -> q124 [label = "b"];
	q131 -> q75 [label = "c"];
	q139 -> q73 [label = "c"];
	q139 -> q3 [label = "a"];
	q32 -> q115 [label = "b"];
	q74 -> q73 [label = "a"];
	q115 -> q117 [label = "a"];
	q130 -> q23 [label = "a, c"];
	q54 -> q51 [label = "c"];
	q133 -> q108 [label = "c"];
	q128 -> q75 [label = "c"];
	q94 -> q90 [label = "c"];
	q128 -> q6 [label = "a"];
	q5 -> q124 [label = "b"];
	q27 -> q130 [label = "b"];
	q134 -> q112 [label = "b"];
	q113 -> q120 [label = "b"];
	q88 -> q126 [label = "b"];
	q124 -> q23 [label = "c"];
	q126 -> q120 [label = "b"];
	q93 -> q101 [label = "a"];
	q99 -> q133 [label = "b"];
	q124 -> q137 [label = "a"];
	q131 -> q5 [label = "a"];
	q106 -> q8 [label = "a"];
	q68 -> q35 [label = "c"];
	q45 -> q69 [label = "a"];
	q82 -> q97 [label = "a"];
	q44 -> q121 [label = "c"];
	q78 -> q74 [label = "a"];
	q133 -> q120 [label = "b"];
	q30 -> q0 [label = "c"];
	q138 -> q108 [label = "c"];
	q100 -> q125 [label = "b"];
	q115 -> q102 [label = "c"];
	q41 -> q22 [label = "a"];
	q99 -> q102 [label = "c"];
	q121 -> q7 [label = "a"];
	q132 -> q103 [label = "b"];
	q103 -> q127 [label = "b"];
	q24 -> q107 [label = "a"];
	q66 -> q67 [label = "a"];
	q137 -> q73 [label = "c"];
	q111 -> q119 [label = "b"];
	q135 -> q123 [label = "b"];
	q44 -> q120 [label = "b"];
	q92 -> q100 [label = "a"];
	q105 -> q112 [label = "b"];
	q115 -> q120 [label = "b"];
	q27 -> q73 [label = "c"];
	q101 -> q83 [label = "c"];
	q129 -> q128 [label = "a"];
	q116 -> q45 [label = "c"];
	q103 -> q23 [label = "c"];
	q98 -> q64 [label = "c"];
	q127 -> q137 [label = "a"];
	q39 -> q73 [label = "a"];
	q17 -> q13 [label = "a"];
	q138 -> q121 [label = "a"];
	q137 -> q137 [label = "a"];
	q104 -> q134 [label = "b"];
	q95 -> q31 [label = "b"];
	q109 -> q110 [label = "c"];
	q91 -> q86 [label = "c"];
	q130 -> q124 [label = "b"];
	q32 -> q19 [label = "a"];
	q41 -> q112 [label = "b"];
	q11 -> q130 [label = "b"];
	q135 -> q108 [label = "c"];
	q131 -> q130 [label = "b"];
	q80 -> q0 [label = "c"];
	q125 -> q138 [label = "b"];
	q126 -> q116 [label = "a"];
	q122 -> q136 [label = "a"];
	q36 -> q34 [label = "c"];
	q96 -> q64 [label = "c"];
	q37 -> q62 [label = "a"];
	q21 -> q112 [label = "b"];
	q52 -> q58 [label = "a"];
	q122 -> q102 [label = "c"];
	q125 -> q136 [label = "a"];
	q123 -> q116 [label = "a"];
	q132 -> q121 [label = "c"];
	q38 -> q86 [label = "c"];
	q119 -> q45 [label = "c"];
	q121 -> q124 [label = "b"];
	q136 -> q132 [label = "b"];
	q134 -> q5 [label = "a"];
	q31 -> q129 [label = "a"];
	q125 -> q45 [label = "c"];
	q21 -> q14 [label = "a"];
	q120 -> q121 [label = "c"];
	q67 -> q39 [label = "a"];
	q122 -> q133 [label = "b"];
	q118 -> q131 [label = "a"];
	q25 -> q86 [label = "c"];
	q104 -> q45 [label = "c"];
	q120 -> q11 [label = "a"];
	q15 -> q112 [label = "b"];
	q96 -> q122 [label = "b"];
	q58 -> q121 [label = "a"];
	q129 -> q45 [label = "c"];
	q31 -> q45 [label = "c"];
	q1 -> q130 [label = "b"];
	q6 -> q130 [label = "b"];
	q95 -> q71 [label = "a"];
	q94 -> q39 [label = "a"];
	q95 -> q90 [label = "c"];
	q54 -> q47 [label = "a"];
	q91 -> q14 [label = "a"];
	q33 -> q64 [label = "c"];
	q89 -> q112 [label = "b"];
	q89 -> q89 [label = "a"];
	q40 -> q128 [label = "a"];
	q19 -> q50 [label = "c"];
	q94 -> q31 [label = "b"];
	q59 -> q105 [label = "b"];
	q38 -> q112 [label = "b"];
	q16 -> q31 [label = "b"];
	q90 -> q88 [label = "a"];
	q92 -> q82 [label = "c"];
	q25 -> q112 [label = "b"];
	q10 -> q2 [label = "a"];
	q119 -> q117 [label = "a"];
	q88 -> q14 [label = "a"];
	q88 -> q85 [label = "c"];
	q30 -> q29 [label = "a"];
	q43 -> q60 [label = "a"];
	q12 -> q6 [label = "a"];
	q47 -> q45 [label = "c"];
	q43 -> q112 [label = "b"];
	q45 -> q80 [label = "c"];
	q40 -> q45 [label = "c"];
	q44 -> q41 [label = "a"];
	q112 -> q127 [label = "b"];
	q15 -> q63 [label = "c"];
	q93 -> q126 [label = "b"];
	q46 -> q111 [label = "b"];
	q126 -> q58 [label = "c"];
	q132 -> q23 [label = "a"];
	q4 -> q12 [label = "a"];
	q50 -> q46 [label = "a"];
	q40 -> q58 [label = "b"];
	q46 -> q43 [label = "c"];
	q42 -> q103 [label = "b"];
	q28 -> q16 [label = "a"];
	q37 -> q126 [label = "b"];
	q98 -> q114 [label = "b"];
	q35 -> q87 [label = "c"];
	q108 -> q42 [label = "b"];
	q136 -> q12 [label = "a"];
	q38 -> q21 [label = "a"];
	q36 -> q51 [label = "b"];
	q36 -> q20 [label = "a"];
	q18 -> q42 [label = "b"];
	q34 -> q38 [label = "c"];
	q34 -> q88 [label = "a"];
	q39 -> q126 [label = "b"];
	q35 -> q33 [label = "a"];
	q135 -> q4 [label = "a"];
	q9 -> q124 [label = "b"];
	q33 -> q114 [label = "b"];
	q35 -> q32 [label = "b"];
	q109 -> q47 [label = "b"];
	q33 -> q71 [label = "a"];
	q32 -> q30 [label = "c"];
	q47 -> q70 [label = "a"];
	q34 -> q31 [label = "b"];
	q62 -> q112 [label = "b"];
	q29 -> q47 [label = "b"];
	q11 -> q5 [label = "a"];
	q26 -> q85 [label = "c"];
	q9 -> q1 [label = "a"];
	q50 -> q79 [label = "c"];
	q31 -> q106 [label = "b"];
	q57 -> q27 [label = "a"];
	q13 -> q39 [label = "a"];
	q136 -> q45 [label = "c"];
	q27 -> q27 [label = "a"];
	q139 -> q124 [label = "b"];
	q23 -> q139 [label = "a"];
	q8 -> q124 [label = "b"];
	q48 -> q51 [label = "c"];
	q25 -> q15 [label = "a"];
	q79 -> q0 [label = "c"];
	q26 -> q74 [label = "a"];
	q24 -> q130 [label = "b"];
	q109 -> q71 [label = "a"];
	q108 -> q109 [label = "a"];
	q12 -> q75 [label = "c"];
	q7 -> q124 [label = "b"];
	q114 -> q102 [label = "c"];
	q89 -> q63 [label = "c"];
	q26 -> q126 [label = "b"];
	q72 -> q132 [label = "b"];
	q96 -> q39 [label = "a"];
	q8 -> q45 [label = "c"];
	q14 -> q112 [label = "b"];
	q28 -> q0 [label = "c"];
	q14 -> q63 [label = "c"];
	q86 -> q86 [label = "c"];
	q8 -> q24 [label = "a"];
	q10 -> q58 [label = "b"];
	q4 -> q45 [label = "c"];
	q65 -> q66 [label = "c"];
	q1 -> q73 [label = "c"];
	q0 -> q33 [label = "a"];
	q2 -> q127 [label = "b"];
	q57 -> q123 [label = "b"];
	q2 -> q75 [label = "c"];
	q6 -> q75 [label = "c"];
	q113 -> q58 [label = "c"];
	q0 -> q99 [label = "b"];
	q17 -> q126 [label = "b"];
	q137 -> q124 [label = "b"];
	q2 -> q131 [label = "a"];
	q0 -> q87 [label = "c"];
	q5 -> q73 [label = "c"];
	q100 -> q90 [label = "c"];
	q90 -> q38 [label = "c"];
	q3 -> q124 [label = "b"];
	q7 -> q75 [label = "c"];
	q121 -> q45 [label = "c"];
	q3 -> q137 [label = "a"];
	q134 -> q121 [label = "c"];
	q5 -> q11 [label = "a"];
}
DFA size: 140 states

NL* output after 16 EQ and 9493 MQ:
digraph finite_state_machine {
	rankdir=LR;
	node [shape = circle];
	s0 [shape = point, style = invis, start="true" ];
	q0 [label = "q0"];
	q1 [label = "q1", shape = doublecircle, final="true" ];
	q2 [label = "q2", shape = doublecircle, final="true" ];
	q3 [label = "q3"];
	q4 [label = "q4", shape = doublecircle, final="true" ];
	q5 [label = "q5", shape = doublecircle, final="true" ];
	q6 [label = "q6"];
	q7 [label = "q7"];
	q8 [label = "q8", shape = doublecircle, final="true" ];
	q9 [label = "q9"];
	q10 [label = "q10", shape = doublecircle, final="true" ];
	q11 [label = "q11"];
	q12 [label = "q12"];
	q13 [label = "q13"];
	q14 [label = "q14", shape = doublecircle, final="true" ];
	q15 [label = "q15", shape = doublecircle, final="true" ];
	q16 [label = "q16"];
	q17 [label = "q17"];
	q18 [label = "q18"];
	q19 [label = "q19", shape = doublecircle, final="true" ];
	q20 [label = "q20", shape = doublecircle, final="true" ];
	q21 [label = "q21", shape = doublecircle, final="true" ];
	q22 [label = "q22"];
	q23 [label = "q23", shape = doublecircle, final="true" ];
	q24 [label = "q24"];
	q25 [label = "q25"];
	s0 -> q20
	q22 -> q22 [label = "a"];
	q22 -> q17 [label = "a"];
	q22 -> q13 [label = "a"];
	q22 -> q10 [label = "a"];
	q22 -> q4 [label = "a"];
	q23 -> q24 [label = "b"];
	q23 -> q23 [label = "b"];
	q23 -> q18 [label = "b"];
	q19 -> q22 [label = "a"];
	q19 -> q11 [label = "a"];
	q19 -> q9 [label = "a"];
	q19 -> q0 [label = "a"];
	q23 -> q17 [label = "c"];
	q19 -> q21 [label = "b"];
	q19 -> q20 [label = "b"];
	q19 -> q14 [label = "b"];
	q19 -> q5 [label = "b"];
	q17 -> q25 [label = "a"];
	q17 -> q17 [label = "a"];
	q22 -> q2 [label = "a"];
	q24 -> q25 [label = "a"];
	q18 -> q1 [label = "b"];
	q5 -> q4 [label = "a, c"];
	q3 -> q17 [label = "a, c"];
	q4 -> q17 [label = "a"];
	q4 -> q13 [label = "a"];
	q13 -> q25 [label = "a, c"];
	q2 -> q0 [label = "a"];
	q14 -> q19 [label = "a, b"];
	q0 -> q17 [label = "b"];
	q10 -> q6 [label = "c"];
	q2 -> q20 [label = "b"];
	q0 -> q6 [label = "a"];
	q14 -> q4 [label = "a, b, c"];
	q18 -> q11 [label = "b"];
	q0 -> q8 [label = "a"];
	q0 -> q2 [label = "a"];
	q4 -> q25 [label = "a, c"];
	q1 -> q0 [label = "a"];
	q3 -> q25 [label = "a, c"];
	q2 -> q21 [label = "b"];
	q12 -> q13 [label = "c"];
	q21 -> q11 [label = "b"];
	q10 -> q23 [label = "b"];
	q7 -> q12 [label = "c"];
	q24 -> q23 [label = "a, b"];
	q2 -> q6 [label = "c"];
	q21 -> q22 [label = "b"];
	q14 -> q17 [label = "c"];
	q16 -> q6 [label = "a, c"];
	q8 -> q20 [label = "b"];
	q18 -> q24 [label = "a, b"];
	q8 -> q5 [label = "b"];
	q0 -> q25 [label = "a, c"];
	q0 -> q10 [label = "a"];
	q19 -> q25 [label = "c"];
	q0 -> q22 [label = "a"];
	q12 -> q2 [label = "a"];
	q14 -> q22 [label = "b"];
	q8 -> q21 [label = "b"];
	q16 -> q1 [label = "a"];
	q14 -> q14 [label = "b"];
	q1 -> q14 [label = "b"];
	q8 -> q8 [label = "a"];
	q12 -> q17 [label = "b"];
	q18 -> q4 [label = "b"];
	q18 -> q5 [label = "a, b"];
	q14 -> q25 [label = "a, b, c"];
	q3 -> q15 [label = "b"];
	q7 -> q17 [label = "b"];
	q14 -> q6 [label = "a, b, c"];
	q1 -> q17 [label = "a, c"];
	q19 -> q23 [label = "b"];
	q14 -> q1 [label = "a, b, c"];
	q12 -> q25 [label = "a, c"];
	q12 -> q11 [label = "a"];
	q5 -> q6 [label = "a"];
	q8 -> q24 [label = "b"];
	q6 -> q5 [label = "b"];
	q24 -> q6 [label = "a"];
	q25 -> q11 [label = "a"];
	q11 -> q10 [label = "a"];
	q8 -> q10 [label = "a"];
	q7 -> q2 [label = "a, c"];
	q4 -> q6 [label = "a, c"];
	q21 -> q1 [label = "a, b"];
	q21 -> q12 [label = "a"];
	q23 -> q1 [label = "a"];
	q12 -> q24 [label = "b"];
	q12 -> q5 [label = "b"];
	q0 -> q4 [label = "a"];
	q14 -> q13 [label = "b, c"];
	q14 -> q3 [label = "c"];
	q1 -> q23 [label = "a, b"];
	q22 -> q25 [label = "a, c"];
	q21 -> q19 [label = "a, b"];
	q21 -> q3 [label = "c"];
	q1 -> q11 [label = "a"];
	q14 -> q2 [label = "a, b, c"];
	q8 -> q23 [label = "b"];
	q14 -> q5 [label = "b, c"];
	q14 -> q21 [label = "b"];
	q4 -> q5 [label = "b"];
	q1 -> q1 [label = "a"];
	q16 -> q2 [label = "a"];
	q18 -> q17 [label = "a, c"];
	q1 -> q2 [label = "a"];
	q14 -> q10 [label = "a, b"];
	q23 -> q25 [label = "a"];
	q0 -> q12 [label = "c"];
	q12 -> q6 [label = "a"];
	q1 -> q18 [label = "b"];
	q11 -> q6 [label = "a"];
	q25 -> q23 [label = "b"];
	q2 -> q23 [label = "b"];
	q21 -> q18 [label = "b, c"];
	q11 -> q4 [label = "a"];
	q13 -> q6 [label = "a"];
	q23 -> q5 [label = "b"];
	q24 -> q5 [label = "a, b"];
	q24 -> q4 [label = "b, c"];
	q14 -> q12 [label = "a, c"];
	q21 -> q2 [label = "a, b"];
	q17 -> q10 [label = "c"];
	q14 -> q15 [label = "a, c"];
	q8 -> q12 [label = "c"];
	q11 -> q2 [label = "a"];
	q19 -> q17 [label = "c"];
	q5 -> q2 [label = "a"];
	q0 -> q24 [label = "b"];
	q21 -> q23 [label = "b, c"];
	q15 -> q17 [label = "a, b, c"];
	q10 -> q9 [label = "a"];
	q23 -> q6 [label = "a"];
	q21 -> q10 [label = "a, b"];
	q6 -> q25 [label = "c"];
	q19 -> q16 [label = "a"];
	q21 -> q20 [label = "b"];
	q4 -> q12 [label = "a"];
	q22 -> q8 [label = "a"];
	q21 -> q13 [label = "b"];
	q21 -> q14 [label = "b"];
	q0 -> q11 [label = "a"];
	q24 -> q13 [label = "a"];
	q24 -> q17 [label = "a, c"];
	q3 -> q12 [label = "a"];
	q9 -> q8 [label = "a"];
	q13 -> q2 [label = "c"];
	q8 -> q18 [label = "b"];
	q21 -> q21 [label = "b"];
	q2 -> q11 [label = "a"];
	q9 -> q10 [label = "a"];
	q0 -> q13 [label = "c"];
	q16 -> q10 [label = "a"];
	q21 -> q24 [label = "b, c"];
	q18 -> q2 [label = "b"];
	q11 -> q11 [label = "a"];
	q17 -> q15 [label = "b"];
	q23 -> q4 [label = "a, b, c"];
	q5 -> q18 [label = "b"];
	q21 -> q25 [label = "a, b"];
	q19 -> q6 [label = "c"];
	q11 -> q25 [label = "a, c"];
	q19 -> q13 [label = "c"];
	q5 -> q25 [label = "a"];
	q15 -> q24 [label = "a, b"];
	q25 -> q5 [label = "b"];
	q20 -> q15 [label = "c"];
	q11 -> q24 [label = "b"];
	q16 -> q12 [label = "c"];
	q21 -> q4 [label = "a, b, c"];
	q10 -> q20 [label = "b"];
	q21 -> q6 [label = "a, b"];
	q10 -> q5 [label = "b"];
	q1 -> q24 [label = "a, b"];
	q24 -> q24 [label = "a, b"];
	q8 -> q9 [label = "a"];
	q2 -> q25 [label = "c"];
	q9 -> q17 [label = "b"];
	q11 -> q22 [label = "a"];
	q8 -> q25 [label = "c"];
	q18 -> q20 [label = "b"];
	q14 -> q11 [label = "b"];
	q1 -> q20 [label = "b"];
	q11 -> q8 [label = "a"];
	q8 -> q6 [label = "c"];
	q1 -> q3 [label = "a"];
	q1 -> q4 [label = "a, b"];
	q18 -> q13 [label = "b"];
	q20 -> q25 [label = "a"];
	q1 -> q5 [label = "a, b"];
	q3 -> q23 [label = "a, b"];
	q16 -> q4 [label = "a"];
	q1 -> q6 [label = "a, c"];
	q16 -> q25 [label = "a, c"];
	q22 -> q6 [label = "a"];
	q1 -> q12 [label = "a"];
	q1 -> q13 [label = "a, c"];
	q3 -> q5 [label = "a, b"];
	q10 -> q21 [label = "b"];
	q12 -> q23 [label = "b"];
	q3 -> q20 [label = "b"];
	q4 -> q20 [label = "b"];
	q7 -> q9 [label = "c"];
	q7 -> q13 [label = "c"];
	q3 -> q24 [label = "a, b"];
	q7 -> q25 [label = "a, c"];
	q21 -> q8 [label = "b"];
	q3 -> q6 [label = "a, c"];
	q6 -> q11 [label = "a"];
	q3 -> q13 [label = "a, c"];
	q7 -> q24 [label = "b"];
	q14 -> q24 [label = "b, c"];
	q5 -> q1 [label = "a"];
	q22 -> q12 [label = "c"];
	q22 -> q11 [label = "a"];
	q4 -> q18 [label = "b"];
	q4 -> q21 [label = "b"];
	q18 -> q22 [label = "b"];
	q4 -> q24 [label = "b"];
	q15 -> q18 [label = "a, b"];
	q7 -> q6 [label = "a"];
	q7 -> q8 [label = "a"];
	q7 -> q10 [label = "a"];
	q7 -> q11 [label = "a"];
	q5 -> q5 [label = "b"];
	q18 -> q8 [label = "b"];
	q4 -> q23 [label = "b"];
	q5 -> q23 [label = "b"];
	q16 -> q22 [label = "a, c"];
	q3 -> q2 [label = "c"];
	q18 -> q15 [label = "a"];
	q5 -> q24 [label = "b"];
	q21 -> q5 [label = "b, c"];
	q7 -> q7 [label = "c"];
	q3 -> q10 [label = "c"];
	q9 -> q7 [label = "c"];
	q23 -> q2 [label = "a"];
	q15 -> q5 [label = "a"];
	q9 -> q9 [label = "c"];
	q14 -> q23 [label = "b, c"];
	q15 -> q3 [label = "a, b"];
	q11 -> q12 [label = "c"];
	q1 -> q22 [label = "a"];
	q20 -> q10 [label = "a"];
	q13 -> q23 [label = "b"];
	q13 -> q24 [label = "b"];
	q15 -> q4 [label = "a"];
	q17 -> q13 [label = "a"];
	q15 -> q23 [label = "a"];
	q16 -> q3 [label = "a, b"];
	q3 -> q4 [label = "b, c"];
	q16 -> q5 [label = "a"];
	q13 -> q11 [label = "a"];
	q16 -> q8 [label = "a"];
	q16 -> q11 [label = "a, c"];
	q16 -> q13 [label = "a, c"];
	q16 -> q17 [label = "a, b, c"];
	q21 -> q17 [label = "c"];
	q14 -> q8 [label = "b"];
	q16 -> q19 [label = "a"];
	q16 -> q23 [label = "a"];
	q13 -> q5 [label = "b"];
	q16 -> q24 [label = "a, b"];
	q22 -> q24 [label = "b"];
	q6 -> q22 [label = "a"];
	q18 -> q6 [label = "b"];
	q18 -> q10 [label = "b"];
	q2 -> q5 [label = "b"];
	q20 -> q18 [label = "b, c"];
	q18 -> q19 [label = "b"];
	q14 -> q18 [label = "b, c"];
	q18 -> q23 [label = "a, b"];
	q1 -> q21 [label = "b"];
	q18 -> q25 [label = "b"];
	q20 -> q2 [label = "a"];
	q20 -> q6 [label = "a"];
	q20 -> q19 [label = "a"];
	q25 -> q25 [label = "c"];
	q1 -> q25 [label = "a, c"];
	q16 -> q0 [label = "c"];
	q16 -> q7 [label = "c"];
	q16 -> q9 [label = "c"];
	q14 -> q20 [label = "b"];
	q21 -> q15 [label = "a, c"];
	q17 -> q6 [label = "a"];
}
NFA size: 26 states

AL* output after 18 EQ and 1863 MQ:
digraph finite_state_machine {
	rankdir=LR;
	node [shape = circle];
	s0 [shape = point, style = invis, start="true" ];
	q0 [label = "q0", shape = doublecircle, final="true" ];
	q1 [label = "q1"];
	q2 [label = "q2", shape = doublecircle, final="true" ];
	q3 [label = "q3"];
	q4 [label = "q4", shape = doublecircle, final="true" ];
	q5 [label = "q5", shape = doublecircle, final="true" ];
	q6 [label = "q6"];
	q7 [label = "q7"];
	q8 [label = "q8", shape = doublecircle, final="true" ];
	m0 [label = "", shape = square, style = filled, color=grey, fixedsize=true, width=.2];
	m1 [label = "", shape = square, style = filled, color=grey, fixedsize=true, width=.2];
	m2 [label = "", shape = square, style = filled, color=grey, fixedsize=true, width=.2];
	m3 [label = "", shape = square, style = filled, color=grey, fixedsize=true, width=.2];
	m4 [label = "", shape = square, style = filled, color=grey, fixedsize=true, width=.2];
	m5 [label = "", shape = square, style = filled, color=grey, fixedsize=true, width=.2];
	m6 [label = "", shape = square, style = filled, color=grey, fixedsize=true, width=.2];
	m7 [label = "", shape = square, style = filled, color=grey, fixedsize=true, width=.2];
	m8 [label = "", shape = square, style = filled, color=grey, fixedsize=true, width=.2];
	m9 [label = "", shape = square, style = filled, color=grey, fixedsize=true, width=.2];
	m10 [label = "", shape = square, style = filled, color=grey, fixedsize=true, width=.2];
	m11 [label = "", shape = square, style = filled, color=grey, fixedsize=true, width=.2];
	m12 [label = "", shape = square, style = filled, color=grey, fixedsize=true, width=.2];
	m13 [label = "", shape = square, style = filled, color=grey, fixedsize=true, width=.2];
	m14 [label = "", shape = square, style = filled, color=grey, fixedsize=true, width=.2];
	m15 [label = "", shape = square, style = filled, color=grey, fixedsize=true, width=.2];
	m16 [label = "", shape = square, style = filled, color=grey, fixedsize=true, width=.2];
	s0 -> m0
	q5 -> m4 [label = "b"];
	q6 -> q6 [label = "a"];
	q6 -> m1 [label = "a"];
	q1 -> m16 [label = "c"];
	q5 -> m5 [label = "a"];
	q7 -> q6 [label = "b"];
	q3 -> q2 [label = "a"];
	q3 -> q6 [label = "a, c"];
	q1 -> m10 [label = "b"];
	q1 -> m9 [label = "b"];
	q1 -> m12 [label = "b"];
	q7 -> m8 [label = "a"];
	q1 -> m13 [label = "b"];
	q7 -> q7 [label = "c"];
	q7 -> m12 [label = "c"];
	q3 -> m4 [label = "b"];
	q3 -> m0 [label = "b"];
	q4 -> m7 [label = "c"];
	q8 -> m4 [label = "a"];
	q5 -> m8 [label = "a"];
	q4 -> m6 [label = "c"];
	q8 -> m2 [label = "b"];
	q1 -> m4 [label = "a"];
	q5 -> m2 [label = "b, c"];
	q7 -> m11 [label = "a"];
	q1 -> m15 [label = "c"];
	q8 -> m0 [label = "b"];
	q0 -> m8 [label = "a, b"];
	q1 -> m14 [label = "b"];
	q8 -> m3 [label = "b"];
	q8 -> m1 [label = "c"];
	q1 -> m7 [label = "b"];
	q2 -> m2 [label = "a, b"];
	q2 -> q6 [label = "a, b, c"];
	q3 -> m8 [label = "b"];
	q8 -> m5 [label = "a"];
	q2 -> m10 [label = "a"];
	q0 -> m0 [label = "b"];
	q1 -> m6 [label = "b, c"];
	q0 -> m4 [label = "b"];
	q3 -> m5 [label = "b"];
	q8 -> q6 [label = "c"];
	q0 -> q6 [label = "c"];
	q8 -> q7 [label = "a"];
	q2 -> m9 [label = "a"];
	q4 -> m0 [label = "b"];
	q0 -> q2 [label = "a, c"];
	q6 -> q2 [label = "b"];
	q4 -> m2 [label = "b"];
	q5 -> q2 [label = "c"];
	q0 -> m1 [label = "c"];
	q0 -> m2 [label = "b, c"];
	q4 -> q7 [label = "a"];
	q1 -> m1 [label = "a, c"];
	q4 -> m1 [label = "c"];
	q6 -> m8 [label = "c"];
	q1 -> m11 [label = "a"];
	m0 -> q0;
	m0 -> q5;
	m1 -> q1;
	m1 -> q4;
	m1 -> q7;
	m1 -> q8;
	m2 -> q0;
	m2 -> q3;
	m3 -> q0;
	m3 -> q1;
	m3 -> q4;
	m3 -> q6;
	m3 -> q7;
	m3 -> q8;
	m4 -> q2;
	m4 -> q3;
	m4 -> q6;
	m5 -> q0;
	m5 -> q2;
	m5 -> q3;
	m5 -> q8;
	m6 -> q0;
	m6 -> q1;
	m6 -> q3;
	m6 -> q4;
	m6 -> q6;
	m6 -> q8;
	m7 -> q0;
	m7 -> q1;
	m7 -> q2;
	m7 -> q3;
	m7 -> q6;
	m7 -> q8;
	m8 -> q4;
	m8 -> q8;
	m9 -> q0;
	m9 -> q2;
	m9 -> q4;
	m9 -> q5;
	m9 -> q8;
	m10 -> q0;
	m10 -> q2;
	m10 -> q5;
	m10 -> q7;
	m11 -> q0;
	m11 -> q5;
	m11 -> q7;
	m12 -> q0;
	m12 -> q5;
	m12 -> q6;
	m13 -> q0;
	m13 -> q1;
	m13 -> q2;
	m13 -> q3;
	m13 -> q4;
	m13 -> q7;
	m13 -> q8;
	m14 -> q0;
	m14 -> q2;
	m14 -> q3;
	m14 -> q5;
	m14 -> q8;
	m15 -> q0;
	m15 -> q1;
	m15 -> q2;
	m15 -> q3;
	m15 -> q5;
	m15 -> q6;
	m15 -> q8;
	m16 -> q0;
	m16 -> q2;
	m16 -> q3;
	m16 -> q4;
	m16 -> q5;
	m16 -> q6;
	m16 -> q8;
}
AFA size: 9 states

AL** output after 19 EQ and 1863 MQ:
digraph finite_state_machine {
	rankdir=LR;
	node [shape = circle];
	s0 [shape = point, style = invis, start="true" ];
	q0 [label = "q0", shape = doublecircle, final="true" ];
	q1 [label = "q1"];
	q2 [label = "q2", shape = doublecircle, final="true" ];
	q3 [label = "q3"];
	q4 [label = "q4", shape = doublecircle, final="true" ];
	q5 [label = "q5", shape = doublecircle, final="true" ];
	q6 [label = "q6"];
	q7 [label = "q7"];
	q8 [label = "q8", shape = doublecircle, final="true" ];
	m0 [label = "", shape = square, style = filled, color=grey, fixedsize=true, width=.2];
	m1 [label = "", shape = square, style = filled, color=grey, fixedsize=true, width=.2];
	m2 [label = "", shape = square, style = filled, color=grey, fixedsize=true, width=.2];
	m3 [label = "", shape = square, style = filled, color=grey, fixedsize=true, width=.2];
	m4 [label = "", shape = square, style = filled, color=grey, fixedsize=true, width=.2];
	m5 [label = "", shape = square, style = filled, color=grey, fixedsize=true, width=.2];
	m6 [label = "", shape = square, style = filled, color=grey, fixedsize=true, width=.2];
	m7 [label = "", shape = square, style = filled, color=grey, fixedsize=true, width=.2];
	m8 [label = "", shape = square, style = filled, color=grey, fixedsize=true, width=.2];
	m9 [label = "", shape = square, style = filled, color=grey, fixedsize=true, width=.2];
	m10 [label = "", shape = square, style = filled, color=grey, fixedsize=true, width=.2];
	m11 [label = "", shape = square, style = filled, color=grey, fixedsize=true, width=.2];
	m12 [label = "", shape = square, style = filled, color=grey, fixedsize=true, width=.2];
	m13 [label = "", shape = square, style = filled, color=grey, fixedsize=true, width=.2];
	m14 [label = "", shape = square, style = filled, color=grey, fixedsize=true, width=.2];
	m15 [label = "", shape = square, style = filled, color=grey, fixedsize=true, width=.2];
	m16 [label = "", shape = square, style = filled, color=grey, fixedsize=true, width=.2];
	s0 -> m0
	q5 -> m4 [label = "b"];
	q6 -> q6 [label = "a"];
	q6 -> m1 [label = "a"];
	q1 -> m16 [label = "c"];
	q5 -> m5 [label = "a"];
	q7 -> q6 [label = "b"];
	q3 -> q2 [label = "a"];
	q3 -> q6 [label = "a, c"];
	q1 -> m10 [label = "b"];
	q1 -> m9 [label = "b"];
	q1 -> m12 [label = "b"];
	q7 -> m8 [label = "a"];
	q1 -> m13 [label = "b"];
	q7 -> q7 [label = "c"];
	q7 -> m12 [label = "c"];
	q3 -> m4 [label = "b"];
	q3 -> m0 [label = "b"];
	q4 -> m7 [label = "c"];
	q8 -> m4 [label = "a"];
	q5 -> m8 [label = "a"];
	q4 -> m6 [label = "c"];
	q8 -> m2 [label = "b"];
	q1 -> m4 [label = "a"];
	q5 -> m2 [label = "b, c"];
	q7 -> m11 [label = "a"];
	q1 -> m15 [label = "c"];
	q8 -> m0 [label = "b"];
	q0 -> m8 [label = "a, b"];
	q1 -> m14 [label = "b"];
	q8 -> m3 [label = "b"];
	q8 -> m1 [label = "c"];
	q1 -> m7 [label = "b"];
	q2 -> m2 [label = "a, b"];
	q2 -> q6 [label = "a, b, c"];
	q3 -> m8 [label = "b"];
	q8 -> m5 [label = "a"];
	q2 -> m10 [label = "a"];
	q0 -> m0 [label = "b"];
	q1 -> m6 [label = "b, c"];
	q0 -> m4 [label = "b"];
	q3 -> m5 [label = "b"];
	q8 -> q6 [label = "c"];
	q0 -> q6 [label = "c"];
	q8 -> q7 [label = "a"];
	q2 -> m9 [label = "a"];
	q4 -> m0 [label = "b"];
	q0 -> q2 [label = "a, c"];
	q6 -> q2 [label = "b"];
	q4 -> m2 [label = "b"];
	q5 -> q2 [label = "c"];
	q0 -> m1 [label = "c"];
	q0 -> m2 [label = "b, c"];
	q4 -> q7 [label = "a"];
	q1 -> m1 [label = "a, c"];
	q4 -> m1 [label = "c"];
	q6 -> m8 [label = "c"];
	q1 -> m11 [label = "a"];
	m0 -> q0;
	m0 -> q5;
	m1 -> q1;
	m1 -> q4;
	m1 -> q7;
	m1 -> q8;
	m2 -> q0;
	m2 -> q3;
	m3 -> q0;
	m3 -> q1;
	m3 -> q4;
	m3 -> q6;
	m3 -> q7;
	m3 -> q8;
	m4 -> q2;
	m4 -> q3;
	m4 -> q6;
	m5 -> q0;
	m5 -> q2;
	m5 -> q3;
	m5 -> q8;
	m6 -> q0;
	m6 -> q1;
	m6 -> q3;
	m6 -> q4;
	m6 -> q6;
	m6 -> q8;
	m7 -> q0;
	m7 -> q1;
	m7 -> q2;
	m7 -> q3;
	m7 -> q6;
	m7 -> q8;
	m8 -> q4;
	m8 -> q8;
	m9 -> q0;
	m9 -> q2;
	m9 -> q4;
	m9 -> q5;
	m9 -> q8;
	m10 -> q0;
	m10 -> q2;
	m10 -> q5;
	m10 -> q7;
	m11 -> q0;
	m11 -> q5;
	m11 -> q7;
	m12 -> q0;
	m12 -> q5;
	m12 -> q6;
	m13 -> q0;
	m13 -> q1;
	m13 -> q2;
	m13 -> q3;
	m13 -> q4;
	m13 -> q7;
	m13 -> q8;
	m14 -> q0;
	m14 -> q2;
	m14 -> q3;
	m14 -> q5;
	m14 -> q8;
	m15 -> q0;
	m15 -> q1;
	m15 -> q2;
	m15 -> q3;
	m15 -> q5;
	m15 -> q6;
	m15 -> q8;
	m16 -> q0;
	m16 -> q2;
	m16 -> q3;
	m16 -> q4;
	m16 -> q5;
	m16 -> q6;
	m16 -> q8;
}
RAFA size: 9 states

