Random target AFA:
digraph finite_state_machine {
	rankdir=LR;
	node [shape = circle];
	s0 [shape = point, style = invis, start="true" ];
	s1 [shape = point, style = invis, start="true" ];
	q0 [label = "q0"];
	q1 [label = "q1"];
	q2 [label = "q2", shape = doublecircle, final="true" ];
	q3 [label = "q3"];
	q4 [label = "q4"];
	q5 [label = "q5"];
	m0 [label = "", shape = square, style = filled, color=grey, fixedsize=true, width=.2];
	m1 [label = "", shape = square, style = filled, color=grey, fixedsize=true, width=.2];
	m2 [label = "", shape = square, style = filled, color=grey, fixedsize=true, width=.2];
	m3 [label = "", shape = square, style = filled, color=grey, fixedsize=true, width=.2];
	m4 [label = "", shape = square, style = filled, color=grey, fixedsize=true, width=.2];
	m5 [label = "", shape = square, style = filled, color=grey, fixedsize=true, width=.2];
	m6 [label = "", shape = square, style = filled, color=grey, fixedsize=true, width=.2];
	s0 -> q2
	s1 -> q0
	q3 -> q5 [label = "c"];
	q4 -> m6 [label = "b"];
	q1 -> q5 [label = "c"];
	q2 -> q2 [label = "c"];
	q5 -> q0 [label = "a"];
	q5 -> m2 [label = "a"];
	q1 -> m5 [label = "c"];
	q3 -> m4 [label = "a, c"];
	q3 -> q4 [label = "a, b"];
	q1 -> q4 [label = "a"];
	q5 -> m4 [label = "c"];
	q1 -> q3 [label = "b"];
	q2 -> m1 [label = "a"];
	q0 -> q0 [label = "c"];
	q4 -> q1 [label = "c"];
	q0 -> m0 [label = "a, c"];
	q2 -> q5 [label = "b"];
	q0 -> q2 [label = "a, b"];
	q0 -> q4 [label = "b"];
	q2 -> q4 [label = "b, c"];
	q2 -> m2 [label = "a"];
	q5 -> q5 [label = "b"];
	q5 -> q3 [label = "b"];
	q4 -> q0 [label = "a"];
	q1 -> q0 [label = "a, b"];
	q4 -> q5 [label = "b, c"];
	q4 -> q2 [label = "a"];
	q5 -> m3 [label = "c"];
	m0 -> q1;
	m0 -> q5;
	m1 -> q0;
	m1 -> q2;
	m2 -> q4;
	m2 -> q5;
	m3 -> q1;
	m3 -> q2;
	m4 -> q3;
	m4 -> q5;
	m5 -> q2;
	m5 -> q5;
	m6 -> q3;
	m6 -> q4;
}

L* output after 9 EQ and 5202 MQ:
digraph finite_state_machine {
	rankdir=LR;
	node [shape = circle];
	s0 [shape = point, style = invis, start="true" ];
	q0 [label = "q0"];
	q1 [label = "q1"];
	q2 [label = "q2"];
	q3 [label = "q3"];
	q4 [label = "q4"];
	q5 [label = "q5"];
	q6 [label = "q6"];
	q7 [label = "q7"];
	q8 [label = "q8"];
	q9 [label = "q9"];
	q10 [label = "q10", shape = doublecircle, final="true" ];
	q11 [label = "q11", shape = doublecircle, final="true" ];
	q12 [label = "q12", shape = doublecircle, final="true" ];
	q13 [label = "q13"];
	q14 [label = "q14"];
	q15 [label = "q15", shape = doublecircle, final="true" ];
	q16 [label = "q16"];
	q17 [label = "q17", shape = doublecircle, final="true" ];
	q18 [label = "q18", shape = doublecircle, final="true" ];
	q19 [label = "q19", shape = doublecircle, final="true" ];
	q20 [label = "q20"];
	q21 [label = "q21", shape = doublecircle, final="true" ];
	q22 [label = "q22"];
	q23 [label = "q23"];
	q24 [label = "q24"];
	q25 [label = "q25"];
	q26 [label = "q26"];
	q27 [label = "q27", shape = doublecircle, final="true" ];
	q28 [label = "q28"];
	q29 [label = "q29", shape = doublecircle, final="true" ];
	q30 [label = "q30", shape = doublecircle, final="true" ];
	q31 [label = "q31"];
	q32 [label = "q32"];
	q33 [label = "q33", shape = doublecircle, final="true" ];
	q34 [label = "q34", shape = doublecircle, final="true" ];
	q35 [label = "q35"];
	s0 -> q19
	q20 -> q14 [label = "b"];
	q17 -> q11 [label = "c"];
	q19 -> q18 [label = "a"];
	q19 -> q17 [label = "b"];
	q16 -> q28 [label = "c"];
	q20 -> q30 [label = "a"];
	q18 -> q16 [label = "a"];
	q22 -> q22 [label = "c"];
	q16 -> q27 [label = "a"];
	q20 -> q23 [label = "c"];
	q13 -> q31 [label = "b"];
	q11 -> q11 [label = "c"];
	q12 -> q17 [label = "b"];
	q9 -> q7 [label = "c"];
	q18 -> q14 [label = "b"];
	q5 -> q17 [label = "b"];
	q2 -> q2 [label = "c"];
	q4 -> q29 [label = "b"];
	q6 -> q27 [label = "a"];
	q5 -> q27 [label = "a"];
	q7 -> q33 [label = "b"];
	q1 -> q14 [label = "b"];
	q1 -> q30 [label = "a"];
	q4 -> q27 [label = "a"];
	q6 -> q29 [label = "b"];
	q2 -> q12 [label = "a"];
	q30 -> q17 [label = "b"];
	q19 -> q15 [label = "c"];
	q14 -> q14 [label = "b"];
	q27 -> q29 [label = "b"];
	q29 -> q30 [label = "a"];
	q23 -> q8 [label = "c"];
	q7 -> q6 [label = "c"];
	q5 -> q6 [label = "c"];
	q25 -> q12 [label = "a"];
	q0 -> q2 [label = "c"];
	q25 -> q26 [label = "b"];
	q26 -> q9 [label = "a"];
	q26 -> q8 [label = "c"];
	q29 -> q14 [label = "b"];
	q15 -> q29 [label = "b"];
	q32 -> q7 [label = "c"];
	q30 -> q27 [label = "a"];
	q25 -> q23 [label = "c"];
	q21 -> q11 [label = "c"];
	q3 -> q2 [label = "c"];
	q35 -> q12 [label = "a"];
	q17 -> q12 [label = "a"];
	q9 -> q27 [label = "a"];
	q31 -> q6 [label = "c"];
	q12 -> q27 [label = "a"];
	q33 -> q29 [label = "b"];
	q30 -> q10 [label = "c"];
	q21 -> q24 [label = "b"];
	q35 -> q14 [label = "b"];
	q33 -> q15 [label = "a"];
	q24 -> q26 [label = "b"];
	q0 -> q32 [label = "b"];
	q31 -> q15 [label = "a"];
	q34 -> q30 [label = "a"];
	q23 -> q3 [label = "b"];
	q27 -> q27 [label = "a"];
	q34 -> q35 [label = "b"];
	q27 -> q15 [label = "c"];
	q10 -> q15 [label = "a"];
	q22 -> q25 [label = "b"];
	q29 -> q11 [label = "c"];
	q24 -> q13 [label = "c"];
	q22 -> q16 [label = "a"];
	q32 -> q29 [label = "b"];
	q34 -> q11 [label = "c"];
	q32 -> q15 [label = "a"];
	q16 -> q17 [label = "b"];
	q7 -> q15 [label = "a"];
	q28 -> q4 [label = "c"];
	q15 -> q10 [label = "c"];
	q14 -> q30 [label = "a"];
	q33 -> q10 [label = "c"];
	q26 -> q14 [label = "b"];
	q17 -> q14 [label = "b"];
	q3 -> q30 [label = "a"];
	q11 -> q32 [label = "b"];
	q2 -> q1 [label = "b"];
	q13 -> q9 [label = "a"];
	q1 -> q0 [label = "c"];
	q35 -> q13 [label = "c"];
	q24 -> q12 [label = "a"];
	q23 -> q5 [label = "a"];
	q9 -> q17 [label = "b"];
	q11 -> q30 [label = "a"];
	q15 -> q27 [label = "a"];
	q8 -> q22 [label = "c"];
	q18 -> q21 [label = "c"];
	q21 -> q12 [label = "a"];
	q13 -> q8 [label = "c"];
	q8 -> q20 [label = "b"];
	q14 -> q13 [label = "c"];
	q31 -> q29 [label = "b"];
	q12 -> q15 [label = "c"];
	q8 -> q16 [label = "a"];
	q10 -> q10 [label = "c"];
	q28 -> q27 [label = "a"];
	q4 -> q28 [label = "c"];
	q10 -> q33 [label = "b"];
	q0 -> q30 [label = "a"];
	q3 -> q14 [label = "b"];
	q28 -> q34 [label = "b"];
	q6 -> q6 [label = "c"];
}
DFA size: 36 states

NL* output after 9 EQ and 3329 MQ:
digraph finite_state_machine {
	rankdir=LR;
	node [shape = circle];
	s0 [shape = point, style = invis, start="true" ];
	q0 [label = "q0"];
	q1 [label = "q1"];
	q2 [label = "q2"];
	q3 [label = "q3"];
	q4 [label = "q4", shape = doublecircle, final="true" ];
	q5 [label = "q5"];
	q6 [label = "q6"];
	q7 [label = "q7"];
	q8 [label = "q8"];
	q9 [label = "q9"];
	q10 [label = "q10", shape = doublecircle, final="true" ];
	q11 [label = "q11", shape = doublecircle, final="true" ];
	q12 [label = "q12"];
	q13 [label = "q13"];
	q14 [label = "q14"];
	q15 [label = "q15"];
	q16 [label = "q16", shape = doublecircle, final="true" ];
	q17 [label = "q17"];
	s0 -> q10
	q9 -> q6 [label = "b"];
	q11 -> q12 [label = "a"];
	q11 -> q14 [label = "b"];
	q11 -> q7 [label = "b"];
	q11 -> q6 [label = "b"];
	q8 -> q13 [label = "c"];
	q15 -> q6 [label = "c"];
	q12 -> q9 [label = "a"];
	q14 -> q14 [label = "b"];
	q14 -> q7 [label = "b"];
	q8 -> q14 [label = "b, c"];
	q8 -> q6 [label = "b"];
	q8 -> q10 [label = "a"];
	q12 -> q5 [label = "a, c"];
	q4 -> q13 [label = "c"];
	q12 -> q0 [label = "a"];
	q4 -> q9 [label = "c"];
	q4 -> q6 [label = "c"];
	q12 -> q3 [label = "a"];
	q4 -> q4 [label = "c"];
	q4 -> q1 [label = "c"];
	q4 -> q0 [label = "c"];
	q0 -> q8 [label = "b"];
	q0 -> q2 [label = "b"];
	q0 -> q1 [label = "b"];
	q12 -> q10 [label = "a"];
	q2 -> q10 [label = "a"];
	q6 -> q14 [label = "b, c"];
	q6 -> q8 [label = "b"];
	q6 -> q7 [label = "b"];
	q6 -> q2 [label = "b"];
	q0 -> q14 [label = "b, c"];
	q0 -> q9 [label = "c"];
	q0 -> q7 [label = "b, c"];
	q9 -> q12 [label = "a"];
	q4 -> q16 [label = "a, c"];
	q4 -> q15 [label = "a"];
	q4 -> q12 [label = "a"];
	q0 -> q12 [label = "a"];
	q10 -> q12 [label = "c"];
	q10 -> q9 [label = "c"];
	q3 -> q9 [label = "a"];
	q12 -> q17 [label = "a, b"];
	q9 -> q14 [label = "b, c"];
	q15 -> q12 [label = "a, c"];
	q10 -> q14 [label = "a, b, c"];
	q6 -> q12 [label = "a"];
	q8 -> q12 [label = "a"];
	q12 -> q11 [label = "a, b"];
	q11 -> q17 [label = "b, c"];
	q2 -> q14 [label = "b, c"];
	q12 -> q7 [label = "a, b"];
	q15 -> q3 [label = "a, c"];
	q3 -> q12 [label = "a"];
	q14 -> q12 [label = "a"];
	q13 -> q9 [label = "b"];
	q15 -> q0 [label = "a, c"];
	q1 -> q0 [label = "c"];
	q13 -> q5 [label = "b"];
	q5 -> q11 [label = "a"];
	q13 -> q1 [label = "b"];
	q11 -> q8 [label = "b"];
	q11 -> q16 [label = "c"];
	q8 -> q9 [label = "c"];
	q1 -> q8 [label = "b"];
	q13 -> q17 [label = "a, b, c"];
	q7 -> q6 [label = "b"];
	q13 -> q6 [label = "b"];
	q7 -> q9 [label = "c"];
	q16 -> q14 [label = "c"];
	q15 -> q1 [label = "c"];
	q0 -> q10 [label = "a"];
	q15 -> q17 [label = "a, b, c"];
	q16 -> q8 [label = "b, c"];
	q0 -> q0 [label = "c"];
	q7 -> q17 [label = "a, b, c"];
	q10 -> q2 [label = "b, c"];
	q10 -> q3 [label = "c"];
	q16 -> q13 [label = "c"];
	q3 -> q6 [label = "b"];
	q14 -> q17 [label = "b, c"];
	q16 -> q6 [label = "c"];
	q15 -> q9 [label = "a, c"];
	q16 -> q12 [label = "a"];
	q16 -> q7 [label = "b, c"];
	q16 -> q2 [label = "c"];
	q15 -> q7 [label = "a, b, c"];
	q7 -> q14 [label = "b, c"];
	q16 -> q11 [label = "c"];
	q2 -> q12 [label = "a"];
	q15 -> q11 [label = "a, b"];
	q3 -> q0 [label = "a"];
	q6 -> q6 [label = "b"];
	q16 -> q1 [label = "c"];
	q10 -> q10 [label = "c"];
	q11 -> q2 [label = "b"];
	q17 -> q12 [label = "a"];
	q17 -> q7 [label = "b"];
	q1 -> q2 [label = "b"];
	q10 -> q8 [label = "b, c"];
	q16 -> q4 [label = "c"];
	q13 -> q0 [label = "b"];
	q16 -> q0 [label = "c"];
	q5 -> q12 [label = "a, c"];
	q9 -> q7 [label = "b"];
	q15 -> q5 [label = "a, c"];
	q15 -> q16 [label = "b"];
	q12 -> q14 [label = "a, b"];
	q13 -> q14 [label = "b, c"];
	q10 -> q11 [label = "a, b, c"];
	q13 -> q12 [label = "a, b"];
	q16 -> q17 [label = "a, c"];
	q1 -> q15 [label = "a"];
	q5 -> q5 [label = "a"];
	q16 -> q16 [label = "c"];
	q3 -> q4 [label = "b"];
	q16 -> q10 [label = "a"];
	q15 -> q10 [label = "a"];
	q12 -> q16 [label = "b"];
	q12 -> q2 [label = "b"];
	q13 -> q7 [label = "b"];
	q10 -> q16 [label = "b, c"];
	q7 -> q12 [label = "a"];
	q10 -> q17 [label = "a, b, c"];
	q1 -> q17 [label = "a, b, c"];
	q15 -> q2 [label = "b"];
	q3 -> q2 [label = "b"];
	q13 -> q3 [label = "b"];
	q3 -> q5 [label = "a, c"];
	q10 -> q5 [label = "c"];
	q5 -> q7 [label = "a"];
	q9 -> q1 [label = "b"];
	q15 -> q14 [label = "a, b, c"];
	q5 -> q3 [label = "a, c"];
	q10 -> q0 [label = "c"];
	q5 -> q10 [label = "a"];
	q5 -> q17 [label = "a, b"];
	q15 -> q13 [label = "c"];
	q3 -> q7 [label = "a, b"];
	q7 -> q10 [label = "a"];
	q2 -> q9 [label = "c"];
	q2 -> q8 [label = "b"];
	q2 -> q13 [label = "c"];
	q8 -> q17 [label = "a, b, c"];
	q5 -> q16 [label = "b"];
	q4 -> q2 [label = "b, c"];
	q4 -> q14 [label = "b, c"];
	q4 -> q7 [label = "b, c"];
	q9 -> q17 [label = "a, b, c"];
	q4 -> q8 [label = "b, c"];
	q12 -> q12 [label = "a"];
	q4 -> q17 [label = "a, b, c"];
	q3 -> q11 [label = "a, b"];
	q0 -> q17 [label = "a, b, c"];
	q6 -> q15 [label = "a"];
	q13 -> q15 [label = "a"];
	q5 -> q0 [label = "a"];
	q10 -> q7 [label = "b, c"];
	q6 -> q17 [label = "a, b, c"];
	q17 -> q17 [label = "c"];
	q1 -> q7 [label = "b, c"];
	q14 -> q6 [label = "b"];
	q1 -> q9 [label = "c"];
	q2 -> q6 [label = "b"];
	q1 -> q14 [label = "b, c"];
	q5 -> q9 [label = "a"];
	q5 -> q14 [label = "a"];
	q12 -> q8 [label = "b"];
	q3 -> q3 [label = "a"];
	q3 -> q10 [label = "a"];
	q0 -> q6 [label = "b"];
	q3 -> q14 [label = "a, b"];
	q5 -> q4 [label = "b"];
	q3 -> q17 [label = "a, b"];
	q1 -> q6 [label = "b"];
	q3 -> q1 [label = "b"];
	q2 -> q7 [label = "b"];
	q10 -> q15 [label = "c"];
	q3 -> q8 [label = "b"];
	q4 -> q11 [label = "c"];
	q2 -> q2 [label = "b"];
	q16 -> q9 [label = "c"];
	q3 -> q16 [label = "b"];
	q1 -> q10 [label = "a"];
	q1 -> q12 [label = "a"];
	q1 -> q16 [label = "a"];
	q15 -> q8 [label = "b"];
	q2 -> q17 [label = "a, b, c"];
	q4 -> q10 [label = "a"];
}
NFA size: 18 states

AL* output after 10 EQ and 1764 MQ:
digraph finite_state_machine {
	rankdir=LR;
	node [shape = circle];
	s0 [shape = point, style = invis, start="true" ];
	s1 [shape = point, style = invis, start="true" ];
	q0 [label = "q0", shape = doublecircle, final="true" ];
	q1 [label = "q1"];
	q2 [label = "q2"];
	q3 [label = "q3"];
	q4 [label = "q4"];
	q5 [label = "q5", shape = doublecircle, final="true" ];
	q6 [label = "q6", shape = doublecircle, final="true" ];
	q7 [label = "q7", shape = doublecircle, final="true" ];
	q8 [label = "q8"];
	m0 [label = "", shape = square, style = filled, color=grey, fixedsize=true, width=.2];
	m1 [label = "", shape = square, style = filled, color=grey, fixedsize=true, width=.2];
	m2 [label = "", shape = square, style = filled, color=grey, fixedsize=true, width=.2];
	m3 [label = "", shape = square, style = filled, color=grey, fixedsize=true, width=.2];
	m4 [label = "", shape = square, style = filled, color=grey, fixedsize=true, width=.2];
	m5 [label = "", shape = square, style = filled, color=grey, fixedsize=true, width=.2];
	m6 [label = "", shape = square, style = filled, color=grey, fixedsize=true, width=.2];
	m7 [label = "", shape = square, style = filled, color=grey, fixedsize=true, width=.2];
	m8 [label = "", shape = square, style = filled, color=grey, fixedsize=true, width=.2];
	m9 [label = "", shape = square, style = filled, color=grey, fixedsize=true, width=.2];
	s0 -> m0
	s1 -> m1
	q4 -> m4 [label = "b"];
	q6 -> m5 [label = "a"];
	q6 -> m7 [label = "a"];
	q1 -> m8 [label = "c"];
	q5 -> m5 [label = "a"];
	q3 -> m1 [label = "a, c"];
	q5 -> m2 [label = "b"];
	q1 -> m4 [label = "b"];
	q1 -> m3 [label = "b"];
	q1 -> m2 [label = "b, c"];
	q7 -> m9 [label = "b, c"];
	q3 -> m4 [label = "b"];
	q3 -> m0 [label = "a, b"];
	q1 -> m9 [label = "a, b"];
	q2 -> m7 [label = "c"];
	q1 -> m1 [label = "a"];
	q5 -> q4 [label = "c"];
	q5 -> m0 [label = "a, c"];
	q6 -> m2 [label = "b"];
	q7 -> m0 [label = "a, b, c"];
	q0 -> m0 [label = "a, c"];
	q4 -> m8 [label = "c"];
	q2 -> m4 [label = "b"];
	q4 -> m7 [label = "c"];
	q8 -> m0 [label = "a"];
	q6 -> m4 [label = "b"];
	q5 -> m9 [label = "b, c"];
	q8 -> m4 [label = "b"];
	q5 -> m1 [label = "a"];
	q7 -> m2 [label = "a, b, c"];
	q3 -> m2 [label = "a, b, c"];
	q4 -> m6 [label = "c"];
	q8 -> m2 [label = "b"];
	q8 -> m5 [label = "a"];
	q6 -> m9 [label = "b, c"];
	q3 -> m9 [label = "b"];
	q8 -> q4 [label = "c"];
	q1 -> m6 [label = "c"];
	q0 -> m9 [label = "a, b, c"];
	q7 -> m1 [label = "c"];
	q2 -> m0 [label = "a, b"];
	q3 -> m6 [label = "c"];
	q4 -> m9 [label = "a"];
	q2 -> m9 [label = "b"];
	q0 -> m1 [label = "a"];
	q4 -> m2 [label = "b, c"];
	q6 -> m3 [label = "b"];
	q6 -> m0 [label = "c"];
	q0 -> m2 [label = "b"];
	q0 -> m3 [label = "b"];
	q8 -> m3 [label = "b"];
	q8 -> m1 [label = "a"];
	q2 -> m1 [label = "a, c"];
	q1 -> m7 [label = "c"];
	q2 -> m2 [label = "a, c"];
	q6 -> m1 [label = "a"];
	q0 -> q4 [label = "c"];
	q4 -> m1 [label = "a, b"];
	m0 -> q0;
	m0 -> q5;
	m0 -> q6;
	m0 -> q7;
	m1 -> q2;
	m1 -> q3;
	m1 -> q7;
	m2 -> q1;
	m2 -> q2;
	m2 -> q3;
	m2 -> q4;
	m2 -> q6;
	m2 -> q8;
	m3 -> q0;
	m3 -> q1;
	m3 -> q2;
	m3 -> q3;
	m3 -> q5;
	m3 -> q6;
	m3 -> q7;
	m4 -> q0;
	m4 -> q1;
	m4 -> q4;
	m5 -> q0;
	m5 -> q1;
	m5 -> q2;
	m5 -> q3;
	m5 -> q4;
	m5 -> q5;
	m5 -> q6;
	m5 -> q8;
	m6 -> q0;
	m6 -> q1;
	m6 -> q2;
	m6 -> q4;
	m6 -> q5;
	m6 -> q6;
	m6 -> q7;
	m6 -> q8;
	m7 -> q0;
	m7 -> q1;
	m7 -> q3;
	m7 -> q4;
	m7 -> q5;
	m7 -> q6;
	m7 -> q7;
	m7 -> q8;
	m8 -> q0;
	m8 -> q1;
	m8 -> q2;
	m8 -> q3;
	m8 -> q4;
	m8 -> q5;
	m8 -> q6;
	m8 -> q7;
	m9 -> q0;
	m9 -> q5;
	m9 -> q8;
}
AFA size: 9 states

AL** output after 11 EQ and 1764 MQ:
digraph finite_state_machine {
	rankdir=LR;
	node [shape = circle];
	s0 [shape = point, style = invis, start="true" ];
	s1 [shape = point, style = invis, start="true" ];
	q0 [label = "q0", shape = doublecircle, final="true" ];
	q1 [label = "q1"];
	q2 [label = "q2"];
	q3 [label = "q3"];
	q4 [label = "q4"];
	q5 [label = "q5", shape = doublecircle, final="true" ];
	q6 [label = "q6", shape = doublecircle, final="true" ];
	q7 [label = "q7", shape = doublecircle, final="true" ];
	q8 [label = "q8"];
	m0 [label = "", shape = square, style = filled, color=grey, fixedsize=true, width=.2];
	m1 [label = "", shape = square, style = filled, color=grey, fixedsize=true, width=.2];
	m2 [label = "", shape = square, style = filled, color=grey, fixedsize=true, width=.2];
	m3 [label = "", shape = square, style = filled, color=grey, fixedsize=true, width=.2];
	m4 [label = "", shape = square, style = filled, color=grey, fixedsize=true, width=.2];
	m5 [label = "", shape = square, style = filled, color=grey, fixedsize=true, width=.2];
	m6 [label = "", shape = square, style = filled, color=grey, fixedsize=true, width=.2];
	m7 [label = "", shape = square, style = filled, color=grey, fixedsize=true, width=.2];
	m8 [label = "", shape = square, style = filled, color=grey, fixedsize=true, width=.2];
	m9 [label = "", shape = square, style = filled, color=grey, fixedsize=true, width=.2];
	s0 -> m0
	s1 -> m1
	q4 -> m4 [label = "b"];
	q6 -> m5 [label = "a"];
	q6 -> m7 [label = "a"];
	q1 -> m8 [label = "c"];
	q5 -> m5 [label = "a"];
	q3 -> m1 [label = "a, c"];
	q5 -> m2 [label = "b"];
	q1 -> m4 [label = "b"];
	q1 -> m3 [label = "b"];
	q1 -> m2 [label = "b, c"];
	q7 -> m9 [label = "b, c"];
	q3 -> m4 [label = "b"];
	q3 -> m0 [label = "a, b"];
	q1 -> m9 [label = "a, b"];
	q2 -> m7 [label = "c"];
	q1 -> m1 [label = "a"];
	q5 -> q4 [label = "c"];
	q5 -> m0 [label = "a, c"];
	q6 -> m2 [label = "b"];
	q7 -> m0 [label = "a, b, c"];
	q0 -> m0 [label = "a, c"];
	q4 -> m8 [label = "c"];
	q2 -> m4 [label = "b"];
	q4 -> m7 [label = "c"];
	q8 -> m0 [label = "a"];
	q6 -> m4 [label = "b"];
	q5 -> m9 [label = "b, c"];
	q8 -> m4 [label = "b"];
	q5 -> m1 [label = "a"];
	q7 -> m2 [label = "a, b, c"];
	q3 -> m2 [label = "a, b, c"];
	q4 -> m6 [label = "c"];
	q8 -> m2 [label = "b"];
	q8 -> m5 [label = "a"];
	q6 -> m9 [label = "b, c"];
	q3 -> m9 [label = "b"];
	q8 -> q4 [label = "c"];
	q1 -> m6 [label = "c"];
	q0 -> m9 [label = "a, b, c"];
	q7 -> m1 [label = "c"];
	q2 -> m0 [label = "a, b"];
	q3 -> m6 [label = "c"];
	q4 -> m9 [label = "a"];
	q2 -> m9 [label = "b"];
	q0 -> m1 [label = "a"];
	q4 -> m2 [label = "b, c"];
	q6 -> m3 [label = "b"];
	q6 -> m0 [label = "c"];
	q0 -> m2 [label = "b"];
	q0 -> m3 [label = "b"];
	q8 -> m3 [label = "b"];
	q8 -> m1 [label = "a"];
	q2 -> m1 [label = "a, c"];
	q1 -> m7 [label = "c"];
	q2 -> m2 [label = "a, c"];
	q6 -> m1 [label = "a"];
	q0 -> q4 [label = "c"];
	q4 -> m1 [label = "a, b"];
	m0 -> q0;
	m0 -> q5;
	m0 -> q6;
	m0 -> q7;
	m1 -> q2;
	m1 -> q3;
	m1 -> q7;
	m2 -> q1;
	m2 -> q2;
	m2 -> q3;
	m2 -> q4;
	m2 -> q6;
	m2 -> q8;
	m3 -> q0;
	m3 -> q1;
	m3 -> q2;
	m3 -> q3;
	m3 -> q5;
	m3 -> q6;
	m3 -> q7;
	m4 -> q0;
	m4 -> q1;
	m4 -> q4;
	m5 -> q0;
	m5 -> q1;
	m5 -> q2;
	m5 -> q3;
	m5 -> q4;
	m5 -> q5;
	m5 -> q6;
	m5 -> q8;
	m6 -> q0;
	m6 -> q1;
	m6 -> q2;
	m6 -> q4;
	m6 -> q5;
	m6 -> q6;
	m6 -> q7;
	m6 -> q8;
	m7 -> q0;
	m7 -> q1;
	m7 -> q3;
	m7 -> q4;
	m7 -> q5;
	m7 -> q6;
	m7 -> q7;
	m7 -> q8;
	m8 -> q0;
	m8 -> q1;
	m8 -> q2;
	m8 -> q3;
	m8 -> q4;
	m8 -> q5;
	m8 -> q6;
	m8 -> q7;
	m9 -> q0;
	m9 -> q5;
	m9 -> q8;
}
RAFA size: 9 states

