Random target AFA:
digraph finite_state_machine {
	rankdir=LR;
	node [shape = circle];
	s0 [shape = point, style = invis, start="true" ];
	s1 [shape = point, style = invis, start="true" ];
	q0 [label = "q0"];
	q1 [label = "q1"];
	q2 [label = "q2"];
	q3 [label = "q3"];
	q4 [label = "q4"];
	q5 [label = "q5", shape = doublecircle, final="true" ];
	m0 [label = "", shape = square, style = filled, color=grey, fixedsize=true, width=.2];
	m1 [label = "", shape = square, style = filled, color=grey, fixedsize=true, width=.2];
	m2 [label = "", shape = square, style = filled, color=grey, fixedsize=true, width=.2];
	m3 [label = "", shape = square, style = filled, color=grey, fixedsize=true, width=.2];
	m4 [label = "", shape = square, style = filled, color=grey, fixedsize=true, width=.2];
	m5 [label = "", shape = square, style = filled, color=grey, fixedsize=true, width=.2];
	m6 [label = "", shape = square, style = filled, color=grey, fixedsize=true, width=.2];
	m7 [label = "", shape = square, style = filled, color=grey, fixedsize=true, width=.2];
	m8 [label = "", shape = square, style = filled, color=grey, fixedsize=true, width=.2];
	m9 [label = "", shape = square, style = filled, color=grey, fixedsize=true, width=.2];
	s0 -> q2
	s1 -> q0
	q5 -> q1 [label = "c"];
	q4 -> m1 [label = "b"];
	q0 -> q3 [label = "a, b"];
	q3 -> m8 [label = "a"];
	q3 -> m0 [label = "b"];
	q2 -> q1 [label = "a"];
	q0 -> q2 [label = "b"];
	q2 -> q2 [label = "b"];
	q1 -> q2 [label = "a, b"];
	q4 -> m3 [label = "a"];
	q5 -> q0 [label = "a"];
	q0 -> m0 [label = "a"];
	q5 -> m7 [label = "b"];
	q5 -> m4 [label = "c"];
	q1 -> q0 [label = "a"];
	q4 -> q2 [label = "b"];
	q3 -> m7 [label = "a"];
	q0 -> q0 [label = "c"];
	q0 -> m2 [label = "c"];
	q2 -> m1 [label = "a"];
	q3 -> m5 [label = "b"];
	q1 -> m6 [label = "b"];
	q5 -> q5 [label = "a"];
	q3 -> q0 [label = "c"];
	q1 -> m0 [label = "c"];
	q1 -> m9 [label = "c"];
	q2 -> q3 [label = "c"];
	q4 -> q4 [label = "a, c"];
	q2 -> q5 [label = "c"];
	q5 -> q4 [label = "b"];
	m0 -> q2;
	m0 -> q5;
	m1 -> q1;
	m1 -> q4;
	m2 -> q3;
	m2 -> q4;
	m3 -> q3;
	m3 -> q5;
	m4 -> q2;
	m4 -> q4;
	m5 -> q0;
	m5 -> q5;
	m6 -> q0;
	m6 -> q2;
	m7 -> q1;
	m7 -> q5;
	m8 -> q0;
	m8 -> q4;
	m9 -> q1;
	m9 -> q3;
}

L* output after 8 EQ and 30859 MQ:
digraph finite_state_machine {
	rankdir=LR;
	node [shape = circle];
	s0 [shape = point, style = invis, start="true" ];
	q0 [label = "q0"];
	q1 [label = "q1"];
	q2 [label = "q2"];
	q3 [label = "q3"];
	q4 [label = "q4"];
	q5 [label = "q5"];
	q6 [label = "q6"];
	q7 [label = "q7"];
	q8 [label = "q8"];
	q9 [label = "q9"];
	q10 [label = "q10"];
	q11 [label = "q11"];
	q12 [label = "q12", shape = doublecircle, final="true" ];
	q13 [label = "q13"];
	q14 [label = "q14"];
	q15 [label = "q15"];
	q16 [label = "q16"];
	q17 [label = "q17"];
	q18 [label = "q18"];
	q19 [label = "q19"];
	q20 [label = "q20"];
	q21 [label = "q21"];
	q22 [label = "q22"];
	q23 [label = "q23"];
	q24 [label = "q24"];
	q25 [label = "q25"];
	q26 [label = "q26"];
	q27 [label = "q27"];
	q28 [label = "q28"];
	q29 [label = "q29"];
	q30 [label = "q30"];
	q31 [label = "q31"];
	q32 [label = "q32"];
	q33 [label = "q33"];
	q34 [label = "q34"];
	q35 [label = "q35"];
	q36 [label = "q36"];
	q37 [label = "q37"];
	q38 [label = "q38"];
	q39 [label = "q39"];
	q40 [label = "q40"];
	q41 [label = "q41"];
	q42 [label = "q42"];
	q43 [label = "q43"];
	q44 [label = "q44", shape = doublecircle, final="true" ];
	q45 [label = "q45"];
	q46 [label = "q46"];
	q47 [label = "q47", shape = doublecircle, final="true" ];
	q48 [label = "q48"];
	q49 [label = "q49", shape = doublecircle, final="true" ];
	q50 [label = "q50"];
	q51 [label = "q51"];
	q52 [label = "q52"];
	q53 [label = "q53"];
	q54 [label = "q54"];
	q55 [label = "q55"];
	q56 [label = "q56"];
	q57 [label = "q57"];
	q58 [label = "q58"];
	q59 [label = "q59"];
	q60 [label = "q60"];
	q61 [label = "q61"];
	q62 [label = "q62"];
	q63 [label = "q63"];
	q64 [label = "q64"];
	q65 [label = "q65"];
	q66 [label = "q66"];
	q67 [label = "q67"];
	q68 [label = "q68"];
	q69 [label = "q69"];
	q70 [label = "q70"];
	q71 [label = "q71"];
	q72 [label = "q72"];
	q73 [label = "q73"];
	q74 [label = "q74"];
	q75 [label = "q75"];
	q76 [label = "q76"];
	q77 [label = "q77"];
	q78 [label = "q78"];
	q79 [label = "q79"];
	q80 [label = "q80"];
	q81 [label = "q81"];
	q82 [label = "q82"];
	q83 [label = "q83"];
	q84 [label = "q84"];
	q85 [label = "q85"];
	q86 [label = "q86"];
	q87 [label = "q87"];
	q88 [label = "q88"];
	q89 [label = "q89"];
	q90 [label = "q90"];
	s0 -> q48
	q85 -> q46 [label = "b"];
	q83 -> q19 [label = "c"];
	q87 -> q8 [label = "a"];
	q84 -> q63 [label = "b"];
	q82 -> q49 [label = "c"];
	q86 -> q5 [label = "a"];
	q87 -> q17 [label = "c"];
	q83 -> q90 [label = "b"];
	q81 -> q62 [label = "a"];
	q85 -> q77 [label = "c"];
	q10 -> q27 [label = "c"];
	q13 -> q10 [label = "a"];
	q86 -> q86 [label = "c"];
	q7 -> q88 [label = "a"];
	q11 -> q70 [label = "c"];
	q21 -> q11 [label = "a"];
	q2 -> q49 [label = "c"];
	q1 -> q16 [label = "c"];
	q5 -> q6 [label = "a"];
	q41 -> q11 [label = "a"];
	q39 -> q49 [label = "c"];
	q7 -> q70 [label = "c"];
	q26 -> q72 [label = "c"];
	q4 -> q10 [label = "a"];
	q6 -> q4 [label = "b"];
	q2 -> q58 [label = "a"];
	q7 -> q73 [label = "b"];
	q23 -> q43 [label = "a"];
	q4 -> q47 [label = "c"];
	q58 -> q27 [label = "c"];
	q65 -> q67 [label = "a"];
	q81 -> q35 [label = "b"];
	q80 -> q42 [label = "c"];
	q15 -> q39 [label = "a"];
	q37 -> q8 [label = "a"];
	q19 -> q89 [label = "a"];
	q66 -> q85 [label = "c"];
	q8 -> q49 [label = "c"];
	q1 -> q78 [label = "a"];
	q9 -> q74 [label = "a"];
	q55 -> q15 [label = "a"];
	q15 -> q51 [label = "c"];
	q9 -> q73 [label = "b"];
	q0 -> q46 [label = "b"];
	q9 -> q27 [label = "c"];
	q19 -> q77 [label = "c"];
	q60 -> q57 [label = "a"];
	q3 -> q18 [label = "b"];
	q32 -> q47 [label = "c"];
	q28 -> q47 [label = "c"];
	q38 -> q79 [label = "b"];
	q14 -> q49 [label = "c"];
	q17 -> q76 [label = "b"];
	q28 -> q57 [label = "a"];
	q29 -> q70 [label = "c"];
	q5 -> q25 [label = "b"];
	q25 -> q10 [label = "a"];
	q3 -> q47 [label = "c"];
	q27 -> q71 [label = "b"];
	q32 -> q81 [label = "b"];
	q26 -> q52 [label = "b"];
	q25 -> q60 [label = "b"];
	q44 -> q41 [label = "b"];
	q11 -> q56 [label = "a"];
	q31 -> q83 [label = "c"];
	q13 -> q49 [label = "c"];
	q37 -> q25 [label = "b"];
	q39 -> q9 [label = "a"];
	q50 -> q39 [label = "a"];
	q0 -> q16 [label = "c"];
	q30 -> q40 [label = "b"];
	q22 -> q70 [label = "c"];
	q49 -> q49 [label = "a"];
	q82 -> q52 [label = "b"];
	q0 -> q89 [label = "a"];
	q42 -> q78 [label = "a"];
	q74 -> q9 [label = "a"];
	q27 -> q56 [label = "a"];
	q10 -> q4 [label = "b"];
	q40 -> q46 [label = "b"];
	q54 -> q71 [label = "b"];
	q39 -> q52 [label = "b"];
	q44 -> q12 [label = "a"];
	q71 -> q87 [label = "a"];
	q20 -> q86 [label = "c"];
	q13 -> q25 [label = "b"];
	q35 -> q44 [label = "c"];
	q35 -> q35 [label = "b"];
	q48 -> q50 [label = "a"];
	q58 -> q13 [label = "b"];
	q36 -> q35 [label = "b"];
	q48 -> q49 [label = "c"];
	q43 -> q40 [label = "b"];
	q34 -> q80 [label = "c"];
	q6 -> q70 [label = "c"];
	q24 -> q46 [label = "b"];
	q44 -> q26 [label = "c"];
	q75 -> q79 [label = "b"];
	q62 -> q23 [label = "c"];
	q33 -> q48 [label = "a"];
	q43 -> q11 [label = "a"];
	q18 -> q81 [label = "b"];
	q89 -> q70 [label = "c"];
	q12 -> q54 [label = "c"];
	q24 -> q78 [label = "a"];
	q58 -> q74 [label = "a"];
	q45 -> q76 [label = "b"];
	q12 -> q49 [label = "a"];
	q90 -> q66 [label = "c"];
	q88 -> q70 [label = "c"];
	q45 -> q42 [label = "c"];
	q1 -> q76 [label = "b"];
	q57 -> q46 [label = "b"];
	q24 -> q16 [label = "c"];
	q42 -> q76 [label = "b"];
	q46 -> q44 [label = "c"];
	q40 -> q10 [label = "a"];
	q4 -> q18 [label = "b"];
	q5 -> q70 [label = "c"];
	q63 -> q66 [label = "c"];
	q87 -> q18 [label = "b"];
	q17 -> q42 [label = "c"];
	q10 -> q8 [label = "a"];
	q12 -> q2 [label = "b"];
	q33 -> q61 [label = "c"];
	q8 -> q9 [label = "a"];
	q68 -> q66 [label = "c"];
	q68 -> q21 [label = "a"];
	q53 -> q49 [label = "c"];
	q40 -> q47 [label = "c"];
	q18 -> q47 [label = "c"];
	q15 -> q3 [label = "b"];
	q57 -> q14 [label = "a"];
	q31 -> q63 [label = "b"];
	q29 -> q6 [label = "a"];
	q52 -> q55 [label = "b"];
	q6 -> q11 [label = "a"];
	q18 -> q57 [label = "a"];
	q47 -> q54 [label = "c"];
	q89 -> q4 [label = "b"];
	q88 -> q25 [label = "b"];
	q8 -> q13 [label = "b"];
	q90 -> q24 [label = "a"];
	q25 -> q47 [label = "c"];
	q51 -> q56 [label = "a"];
	q22 -> q52 [label = "b"];
	q90 -> q35 [label = "b"];
	q28 -> q32 [label = "b"];
	q22 -> q88 [label = "a"];
	q64 -> q22 [label = "a"];
	q54 -> q59 [label = "a"];
	q38 -> q10 [label = "a"];
	q48 -> q52 [label = "b"];
	q30 -> q77 [label = "c"];
	q14 -> q37 [label = "a"];
	q35 -> q33 [label = "a"];
	q36 -> q34 [label = "a"];
	q3 -> q15 [label = "a"];
	q72 -> q70 [label = "c"];
	q2 -> q25 [label = "b"];
	q37 -> q27 [label = "c"];
	q41 -> q1 [label = "c"];
	q36 -> q44 [label = "c"];
	q47 -> q75 [label = "b"];
	q29 -> q28 [label = "b"];
	q70 -> q71 [label = "b"];
	q56 -> q70 [label = "c"];
	q27 -> q70 [label = "c"];
	q21 -> q18 [label = "b"];
	q38 -> q47 [label = "c"];
	q45 -> q43 [label = "a"];
	q88 -> q11 [label = "a"];
	q34 -> q32 [label = "b"];
	q71 -> q49 [label = "c"];
	q23 -> q46 [label = "b"];
	q89 -> q6 [label = "a"];
	q79 -> q36 [label = "b"];
	q31 -> q29 [label = "a"];
	q26 -> q59 [label = "a"];
	q30 -> q6 [label = "a"];
	q82 -> q37 [label = "a"];
	q16 -> q30 [label = "a"];
	q16 -> q77 [label = "c"];
	q76 -> q87 [label = "a"];
	q16 -> q76 [label = "b"];
	q70 -> q7 [label = "a"];
	q80 -> q46 [label = "b"];
	q20 -> q7 [label = "a"];
	q46 -> q35 [label = "b"];
	q62 -> q82 [label = "a"];
	q21 -> q77 [label = "c"];
	q17 -> q6 [label = "a"];
	q23 -> q42 [label = "c"];
	q84 -> q0 [label = "a"];
	q20 -> q52 [label = "b"];
	q66 -> q68 [label = "b"];
	q86 -> q71 [label = "b"];
	q42 -> q77 [label = "c"];
	q14 -> q13 [label = "b"];
	q56 -> q56 [label = "a"];
	q46 -> q57 [label = "a"];
	q74 -> q73 [label = "b"];
	q43 -> q77 [label = "c"];
	q19 -> q46 [label = "b"];
	q47 -> q12 [label = "a"];
	q50 -> q51 [label = "c"];
	q11 -> q13 [label = "b"];
	q50 -> q55 [label = "b"];
	q52 -> q49 [label = "c"];
	q54 -> q72 [label = "c"];
	q69 -> q51 [label = "a"];
	q52 -> q57 [label = "a"];
	q77 -> q89 [label = "a"];
	q55 -> q47 [label = "c"];
	q49 -> q54 [label = "c"];
	q59 -> q37 [label = "a"];
	q55 -> q60 [label = "b"];
	q51 -> q70 [label = "c"];
	q32 -> q62 [label = "a"];
	q79 -> q87 [label = "a"];
	q53 -> q38 [label = "b"];
	q60 -> q47 [label = "c"];
	q56 -> q73 [label = "b"];
	q62 -> q81 [label = "b"];
	q59 -> q73 [label = "b"];
	q57 -> q45 [label = "c"];
	q51 -> q52 [label = "b"];
	q61 -> q24 [label = "a"];
	q33 -> q35 [label = "b"];
	q63 -> q35 [label = "b"];
	q60 -> q36 [label = "b"];
	q59 -> q49 [label = "c"];
	q61 -> q63 [label = "b"];
	q78 -> q13 [label = "b"];
	q63 -> q65 [label = "a"];
	q64 -> q63 [label = "b"];
	q66 -> q78 [label = "a"];
	q85 -> q30 [label = "a"];
	q76 -> q44 [label = "c"];
	q53 -> q58 [label = "a"];
	q71 -> q55 [label = "b"];
	q70 -> q86 [label = "c"];
	q78 -> q88 [label = "a"];
	q64 -> q83 [label = "c"];
	q34 -> q39 [label = "a"];
	q67 -> q52 [label = "b"];
	q49 -> q53 [label = "b"];
	q69 -> q20 [label = "c"];
	q61 -> q64 [label = "c"];
	q65 -> q35 [label = "b"];
	q67 -> q69 [label = "a"];
	q65 -> q84 [label = "c"];
	q69 -> q55 [label = "b"];
	q68 -> q35 [label = "b"];
	q67 -> q70 [label = "c"];
	q72 -> q88 [label = "a"];
	q72 -> q71 [label = "b"];
	q78 -> q70 [label = "c"];
	q73 -> q10 [label = "a"];
	q77 -> q77 [label = "c"];
	q73 -> q38 [label = "b"];
	q75 -> q58 [label = "a"];
	q79 -> q47 [label = "c"];
	q73 -> q49 [label = "c"];
	q81 -> q44 [label = "c"];
	q83 -> q89 [label = "a"];
	q41 -> q79 [label = "b"];
	q74 -> q49 [label = "c"];
	q76 -> q35 [label = "b"];
	q75 -> q47 [label = "c"];
	q77 -> q76 [label = "b"];
	q80 -> q6 [label = "a"];
	q84 -> q31 [label = "c"];
}
DFA size: 91 states

NL* output after 12 EQ and 24112 MQ:
digraph finite_state_machine {
	rankdir=LR;
	node [shape = circle];
	s0 [shape = point, style = invis, start="true" ];
	s1 [shape = point, style = invis, start="true" ];
	s2 [shape = point, style = invis, start="true" ];
	s3 [shape = point, style = invis, start="true" ];
	s4 [shape = point, style = invis, start="true" ];
	s5 [shape = point, style = invis, start="true" ];
	s6 [shape = point, style = invis, start="true" ];
	s7 [shape = point, style = invis, start="true" ];
	q0 [label = "q0"];
	q1 [label = "q1"];
	q2 [label = "q2"];
	q3 [label = "q3"];
	q4 [label = "q4"];
	q5 [label = "q5"];
	q6 [label = "q6"];
	q7 [label = "q7"];
	q8 [label = "q8"];
	q9 [label = "q9"];
	q10 [label = "q10"];
	q11 [label = "q11"];
	q12 [label = "q12"];
	q13 [label = "q13", shape = doublecircle, final="true" ];
	q14 [label = "q14"];
	q15 [label = "q15"];
	q16 [label = "q16"];
	q17 [label = "q17"];
	q18 [label = "q18"];
	q19 [label = "q19"];
	q20 [label = "q20"];
	q21 [label = "q21"];
	q22 [label = "q22"];
	q23 [label = "q23"];
	q24 [label = "q24"];
	q25 [label = "q25"];
	q26 [label = "q26", shape = doublecircle, final="true" ];
	q27 [label = "q27"];
	q28 [label = "q28"];
	q29 [label = "q29"];
	q30 [label = "q30"];
	q31 [label = "q31"];
	q32 [label = "q32"];
	q33 [label = "q33"];
	q34 [label = "q34"];
	q35 [label = "q35"];
	q36 [label = "q36"];
	s0 -> q6
	s1 -> q9
	s2 -> q14
	s3 -> q16
	s4 -> q22
	s5 -> q23
	s6 -> q28
	s7 -> q30
	q17 -> q32 [label = "c"];
	q17 -> q31 [label = "c"];
	q17 -> q27 [label = "c"];
	q17 -> q11 [label = "c"];
	q17 -> q10 [label = "c"];
	q17 -> q8 [label = "c"];
	q17 -> q7 [label = "c"];
	q17 -> q4 [label = "c"];
	q17 -> q3 [label = "c"];
	q21 -> q35 [label = "a"];
	q21 -> q34 [label = "a"];
	q21 -> q29 [label = "a"];
	q21 -> q27 [label = "a"];
	q21 -> q21 [label = "a"];
	q21 -> q11 [label = "a"];
	q21 -> q7 [label = "a"];
	q21 -> q3 [label = "a"];
	q19 -> q27 [label = "a"];
	q17 -> q23 [label = "b"];
	q17 -> q14 [label = "b"];
	q17 -> q9 [label = "b, c"];
	q17 -> q6 [label = "b"];
	q23 -> q13 [label = "c"];
	q23 -> q8 [label = "c"];
	q23 -> q5 [label = "c"];
	q19 -> q14 [label = "b"];
	q19 -> q9 [label = "b"];
	q19 -> q0 [label = "b"];
	q17 -> q29 [label = "a, c"];
	q17 -> q24 [label = "a"];
	q17 -> q12 [label = "a"];
	q17 -> q1 [label = "a, c"];
	q21 -> q36 [label = "a, c"];
	q18 -> q7 [label = "c"];
	q21 -> q32 [label = "a, c"];
	q21 -> q19 [label = "a, c"];
	q21 -> q5 [label = "a, c"];
	q21 -> q1 [label = "a, c"];
	q16 -> q32 [label = "c"];
	q16 -> q31 [label = "c"];
	q16 -> q21 [label = "c"];
	q16 -> q19 [label = "c"];
	q16 -> q18 [label = "c"];
	q16 -> q13 [label = "c"];
	q16 -> q11 [label = "c"];
	q16 -> q4 [label = "c"];
	q16 -> q3 [label = "c"];
	q16 -> q1 [label = "c"];
	q20 -> q30 [label = "a"];
	q20 -> q23 [label = "a, b"];
	q20 -> q22 [label = "a, b"];
	q20 -> q21 [label = "a"];
	q20 -> q16 [label = "a"];
	q20 -> q8 [label = "a"];
	q20 -> q6 [label = "a"];
	q20 -> q3 [label = "a"];
	q22 -> q14 [label = "b"];
	q18 -> q29 [label = "a"];
	q18 -> q21 [label = "a"];
	q18 -> q19 [label = "a"];
	q16 -> q27 [label = "c"];
	q18 -> q1 [label = "a"];
	q16 -> q23 [label = "b"];
	q16 -> q9 [label = "b, c"];
	q22 -> q36 [label = "c"];
	q22 -> q33 [label = "c"];
	q22 -> q31 [label = "c"];
	q27 -> q9 [label = "a, b"];
	q25 -> q30 [label = "a, c"];
	q26 -> q34 [label = "a, c"];
	q9 -> q14 [label = "b"];
	q9 -> q9 [label = "b"];
	q19 -> q19 [label = "a, c"];
	q23 -> q24 [label = "a"];
	q22 -> q32 [label = "c"];
	q7 -> q35 [label = "a"];
	q19 -> q5 [label = "a, c"];
	q21 -> q22 [label = "b"];
	q26 -> q32 [label = "a, b, c"];
	q21 -> q14 [label = "b"];
	q21 -> q10 [label = "a, b"];
	q24 -> q28 [label = "a"];
	q24 -> q6 [label = "a"];
	q24 -> q5 [label = "a"];
	q2 -> q22 [label = "b"];
	q11 -> q8 [label = "a"];
	q31 -> q0 [label = "a"];
	q24 -> q16 [label = "a"];
	q14 -> q14 [label = "b"];
	q23 -> q10 [label = "c"];
	q26 -> q14 [label = "b"];
	q22 -> q21 [label = "c"];
	q17 -> q21 [label = "c"];
	q26 -> q6 [label = "b"];
	q28 -> q18 [label = "c"];
	q3 -> q32 [label = "a, c"];
	q28 -> q11 [label = "c"];
	q28 -> q5 [label = "c"];
	q28 -> q1 [label = "c"];
	q24 -> q33 [label = "a, c"];
	q24 -> q23 [label = "a, b"];
	q23 -> q29 [label = "a"];
	q3 -> q29 [label = "a, c"];
	q28 -> q27 [label = "c"];
	q15 -> q18 [label = "c"];
	q26 -> q26 [label = "a"];
	q13 -> q19 [label = "a, c"];
	q32 -> q5 [label = "a, c"];
	q31 -> q9 [label = "a, b"];
	q26 -> q18 [label = "a, b"];
	q7 -> q19 [label = "a, c"];
	q13 -> q33 [label = "a, c"];
	q26 -> q3 [label = "a, b"];
	q33 -> q33 [label = "c"];
	q30 -> q32 [label = "c"];
	q30 -> q5 [label = "c"];
	q2 -> q8 [label = "c"];
	q24 -> q19 [label = "a, c"];
	q15 -> q23 [label = "b"];
	q28 -> q36 [label = "a, c"];
	q27 -> q32 [label = "a, c"];
	q15 -> q19 [label = "c"];
	q28 -> q25 [label = "a"];
	q28 -> q29 [label = "a, c"];
	q34 -> q19 [label = "a, c"];
	q7 -> q36 [label = "a"];
	q24 -> q1 [label = "a"];
	q28 -> q24 [label = "a"];
	q28 -> q20 [label = "a"];
	q28 -> q12 [label = "a"];
	q8 -> q36 [label = "a, c"];
	q16 -> q7 [label = "c"];
	q28 -> q19 [label = "c"];
	q20 -> q33 [label = "a, c"];
	q30 -> q23 [label = "b"];
	q30 -> q22 [label = "b"];
	q32 -> q6 [label = "b"];
	q10 -> q9 [label = "b"];
	q30 -> q15 [label = "b"];
	q27 -> q22 [label = "b"];
	q21 -> q33 [label = "a, b, c"];
	q11 -> q10 [label = "a, b"];
	q25 -> q14 [label = "a, b"];
	q28 -> q3 [label = "c"];
	q27 -> q29 [label = "a"];
	q27 -> q18 [label = "a, b"];
	q27 -> q0 [label = "a, b"];
	q34 -> q30 [label = "a"];
	q4 -> q3 [label = "a"];
	q22 -> q4 [label = "c"];
	q27 -> q8 [label = "a"];
	q25 -> q34 [label = "a, c"];
	q13 -> q8 [label = "a, c"];
	q25 -> q29 [label = "a, c"];
	q35 -> q5 [label = "a, c"];
	q26 -> q21 [label = "a, b"];
	q26 -> q9 [label = "a, b"];
	q1 -> q36 [label = "a"];
	q4 -> q16 [label = "b"];
	q25 -> q19 [label = "a, c"];
	q21 -> q18 [label = "a"];
	q20 -> q2 [label = "a"];
	q20 -> q0 [label = "a, c"];
	q25 -> q9 [label = "a, b, c"];
	q21 -> q9 [label = "a, b"];
	q4 -> q33 [label = "a, b, c"];
	q25 -> q5 [label = "a, c"];
	q25 -> q3 [label = "a, c"];
	q13 -> q18 [label = "a, b"];
	q26 -> q33 [label = "a, b, c"];
	q26 -> q11 [label = "a"];
	q19 -> q23 [label = "b"];
	q35 -> q33 [label = "a, b, c"];
	q32 -> q9 [label = "b"];
	q3 -> q27 [label = "a"];
	q13 -> q3 [label = "a"];
	q32 -> q0 [label = "b"];
	q30 -> q2 [label = "b"];
	q30 -> q1 [label = "c"];
	q11 -> q6 [label = "b"];
	q34 -> q18 [label = "a"];
	q35 -> q2 [label = "b"];
	q25 -> q1 [label = "a, c"];
	q34 -> q4 [label = "a"];
	q12 -> q28 [label = "a"];
	q21 -> q23 [label = "b"];
	q34 -> q27 [label = "a"];
	q7 -> q27 [label = "a"];
	q35 -> q32 [label = "a, c"];
	q32 -> q14 [label = "b"];
	q26 -> q19 [label = "a, b, c"];
	q22 -> q12 [label = "a"];
	q32 -> q33 [label = "a, b, c"];
	q25 -> q10 [label = "a, c"];
	q26 -> q15 [label = "b"];
	q34 -> q22 [label = "b"];
	q36 -> q10 [label = "a"];
	q36 -> q18 [label = "a"];
	q2 -> q9 [label = "b, c"];
	q36 -> q1 [label = "a"];
	q4 -> q34 [label = "c"];
	q2 -> q14 [label = "b"];
	q26 -> q22 [label = "b"];
	q27 -> q27 [label = "a"];
	q24 -> q2 [label = "a"];
	q34 -> q5 [label = "a, c"];
	q15 -> q22 [label = "b"];
	q30 -> q33 [label = "a, b, c"];
	q27 -> q14 [label = "b"];
	q3 -> q7 [label = "a, c"];
	q21 -> q0 [label = "a, b"];
	q34 -> q0 [label = "a, b"];
	q30 -> q0 [label = "b"];
	q2 -> q1 [label = "a, c"];
	q31 -> q29 [label = "a, c"];
	q30 -> q14 [label = "b"];
	q36 -> q36 [label = "a, c"];
	q3 -> q5 [label = "a, c"];
	q23 -> q7 [label = "c"];
	q20 -> q19 [label = "a, c"];
	q33 -> q1 [label = "a"];
	q30 -> q34 [label = "c"];
	q28 -> q22 [label = "b"];
	q24 -> q18 [label = "a, c"];
	q13 -> q24 [label = "c"];
	q17 -> q13 [label = "c"];
	q25 -> q28 [label = "a, b"];
	q32 -> q19 [label = "a, c"];
	q35 -> q17 [label = "b"];
	q34 -> q14 [label = "b"];
	q24 -> q22 [label = "a"];
	q22 -> q24 [label = "a"];
	q35 -> q23 [label = "b"];
	q17 -> q5 [label = "c"];
	q11 -> q21 [label = "a"];
	q2 -> q21 [label = "c"];
	q32 -> q10 [label = "b"];
	q0 -> q29 [label = "a"];
	q26 -> q2 [label = "b"];
	q35 -> q10 [label = "a, b"];
	q25 -> q23 [label = "a, b"];
	q6 -> q13 [label = "c"];
	q27 -> q5 [label = "a, b, c"];
	q20 -> q14 [label = "a, b"];
	q28 -> q31 [label = "c"];
	q30 -> q10 [label = "a, b"];
	q26 -> q7 [label = "a, b, c"];
	q20 -> q9 [label = "a, b, c"];
	q10 -> q8 [label = "c"];
	q16 -> q22 [label = "b"];
	q13 -> q21 [label = "a"];
	q26 -> q24 [label = "c"];
	q30 -> q35 [label = "c"];
	q35 -> q35 [label = "c"];
	q34 -> q10 [label = "a, b"];
	q16 -> q33 [label = "a, b, c"];
	q12 -> q9 [label = "a, b"];
	q20 -> q5 [label = "a, c"];
	q34 -> q32 [label = "a, c"];
	q34 -> q23 [label = "b"];
	q3 -> q21 [label = "a"];
	q11 -> q7 [label = "a, c"];
	q10 -> q36 [label = "c"];
	q36 -> q19 [label = "a"];
	q11 -> q1 [label = "a, c"];
	q31 -> q19 [label = "a, c"];
	q8 -> q19 [label = "a"];
	q28 -> q32 [label = "c"];
	q25 -> q33 [label = "a, c"];
	q2 -> q10 [label = "c"];
	q25 -> q36 [label = "a, c"];
	q6 -> q5 [label = "c"];
	q35 -> q19 [label = "a, c"];
	q16 -> q14 [label = "b"];
	q26 -> q10 [label = "a, b"];
	q26 -> q4 [label = "a, b"];
	q15 -> q5 [label = "c"];
	q34 -> q36 [label = "a, c"];
	q35 -> q1 [label = "a, c"];
	q15 -> q3 [label = "c"];
	q2 -> q36 [label = "c"];
	q34 -> q35 [label = "a, c"];
	q32 -> q23 [label = "b"];
	q31 -> q16 [label = "b"];
	q33 -> q9 [label = "b"];
	q33 -> q36 [label = "c"];
	q31 -> q33 [label = "a, c"];
	q28 -> q4 [label = "c"];
	q7 -> q32 [label = "a"];
	q16 -> q0 [label = "b, c"];
	q16 -> q36 [label = "a, c"];
	q13 -> q12 [label = "c"];
	q34 -> q3 [label = "a"];
	q19 -> q1 [label = "a, c"];
	q4 -> q7 [label = "a, c"];
	q35 -> q4 [label = "a"];
	q32 -> q32 [label = "a, c"];
	q11 -> q9 [label = "a, b"];
	q28 -> q21 [label = "c"];
	q35 -> q22 [label = "b"];
	q23 -> q14 [label = "b"];
	q25 -> q22 [label = "a, b"];
	q35 -> q18 [label = "a, b"];
	q1 -> q32 [label = "a, c"];
	q7 -> q3 [label = "a"];
	q31 -> q5 [label = "a, c"];
	q26 -> q5 [label = "a, b, c"];
	q24 -> q0 [label = "a, c"];
	q32 -> q36 [label = "a, c"];
	q7 -> q18 [label = "a, b"];
	q17 -> q36 [label = "c"];
	q19 -> q10 [label = "b"];
	q25 -> q6 [label = "a, b"];
	q26 -> q29 [label = "a, b, c"];
	q13 -> q10 [label = "a"];
	q27 -> q1 [label = "a, b, c"];
	q27 -> q6 [label = "b"];
	q6 -> q20 [label = "a"];
	q20 -> q29 [label = "a"];
	q3 -> q33 [label = "a, b, c"];
	q35 -> q27 [label = "a"];
	q35 -> q15 [label = "b"];
	q15 -> q27 [label = "c"];
	q15 -> q24 [label = "a"];
	q35 -> q6 [label = "b"];
	q16 -> q20 [label = "a"];
	q32 -> q1 [label = "a, c"];
	q35 -> q14 [label = "b"];
	q32 -> q18 [label = "b"];
	q28 -> q33 [label = "a, b, c"];
	q7 -> q1 [label = "a"];
	q31 -> q8 [label = "a, c"];
	q26 -> q1 [label = "a, b, c"];
	q1 -> q5 [label = "a"];
	q27 -> q19 [label = "a, b, c"];
	q30 -> q17 [label = "b"];
	q36 -> q9 [label = "a, b"];
	q34 -> q1 [label = "a, c"];
	q4 -> q6 [label = "b"];
	q28 -> q7 [label = "c"];
	q31 -> q36 [label = "a, c"];
	q27 -> q23 [label = "b"];
	q26 -> q35 [label = "a, c"];
	q31 -> q18 [label = "a"];
	q27 -> q10 [label = "a, b"];
	q11 -> q5 [label = "a"];
	q25 -> q21 [label = "a, c"];
	q5 -> q9 [label = "a, b"];
	q32 -> q27 [label = "a"];
	q26 -> q17 [label = "b"];
	q29 -> q30 [label = "a"];
	q34 -> q17 [label = "b"];
	q34 -> q15 [label = "b"];
	q31 -> q1 [label = "a, c"];
	q31 -> q34 [label = "a, c"];
	q26 -> q23 [label = "b"];
	q5 -> q33 [label = "a, c"];
	q34 -> q33 [label = "a, b, c"];
	q31 -> q3 [label = "a"];
	q8 -> q10 [label = "a"];
	q5 -> q27 [label = "a"];
	q21 -> q8 [label = "a"];
	q27 -> q33 [label = "a, b, c"];
	q12 -> q22 [label = "a"];
	q13 -> q34 [label = "a, c"];
	q28 -> q14 [label = "b"];
	q1 -> q33 [label = "a, b, c"];
	q28 -> q13 [label = "c"];
	q36 -> q0 [label = "a"];
	q13 -> q29 [label = "a, c"];
	q35 -> q0 [label = "a, b"];
	q31 -> q10 [label = "a"];
	q26 -> q0 [label = "a, b"];
	q29 -> q9 [label = "a, b"];
	q27 -> q36 [label = "a, b, c"];
	q30 -> q8 [label = "a, c"];
	q30 -> q36 [label = "a, c"];
	q11 -> q30 [label = "a"];
	q12 -> q6 [label = "a"];
	q15 -> q28 [label = "b"];
	q28 -> q0 [label = "b, c"];
	q28 -> q9 [label = "b, c"];
	q29 -> q33 [label = "c"];
	q28 -> q23 [label = "b"];
	q13 -> q32 [label = "a"];
	q23 -> q9 [label = "b"];
	q16 -> q5 [label = "c"];
	q27 -> q3 [label = "a"];
	q23 -> q36 [label = "c"];
	q26 -> q8 [label = "a, b, c"];
	q26 -> q12 [label = "c"];
	q15 -> q33 [label = "c"];
	q18 -> q8 [label = "a"];
	q31 -> q6 [label = "b"];
	q0 -> q14 [label = "b"];
	q16 -> q12 [label = "a"];
	q31 -> q28 [label = "b"];
	q4 -> q35 [label = "c"];
	q11 -> q3 [label = "a"];
	q28 -> q10 [label = "a, b, c"];
	q11 -> q11 [label = "a"];
	q11 -> q18 [label = "a, b"];
	q11 -> q19 [label = "a"];
	q14 -> q33 [label = "c"];
	q11 -> q27 [label = "a"];
	q11 -> q32 [label = "a"];
	q11 -> q33 [label = "a, b"];
	q25 -> q18 [label = "a, c"];
	q1 -> q18 [label = "a"];
	q11 -> q34 [label = "a"];
	q3 -> q9 [label = "a, b"];
	q6 -> q24 [label = "a"];
	q11 -> q35 [label = "a"];
	q11 -> q36 [label = "a"];
	q15 -> q0 [label = "c"];
	q2 -> q7 [label = "c"];
	q16 -> q17 [label = "b"];
	q36 -> q33 [label = "a, c"];
	q15 -> q1 [label = "a, c"];
	q15 -> q4 [label = "c"];
	q15 -> q7 [label = "c"];
	q14 -> q29 [label = "a"];
	q15 -> q8 [label = "c"];
	q31 -> q14 [label = "b"];
	q4 -> q2 [label = "b"];
	q15 -> q9 [label = "b, c"];
	q15 -> q10 [label = "c"];
	q6 -> q10 [label = "c"];
	q15 -> q11 [label = "c"];
	q15 -> q13 [label = "c"];
	q15 -> q21 [label = "c"];
	q15 -> q26 [label = "c"];
	q24 -> q30 [label = "a"];
	q36 -> q3 [label = "a"];
	q4 -> q29 [label = "a, c"];
	q28 -> q8 [label = "a, c"];
	q15 -> q29 [label = "a, c"];
	q15 -> q30 [label = "c"];
	q15 -> q31 [label = "c"];
	q15 -> q32 [label = "c"];
	q8 -> q9 [label = "a, b"];
	q15 -> q34 [label = "c"];
	q23 -> q12 [label = "a"];
	q15 -> q35 [label = "c"];
	q15 -> q36 [label = "c"];
	q9 -> q29 [label = "a"];
	q30 -> q9 [label = "b"];
	q24 -> q10 [label = "a, c"];
	q11 -> q14 [label = "b"];
	q12 -> q10 [label = "c"];
	q11 -> q17 [label = "b"];
	q34 -> q2 [label = "b"];
	q11 -> q22 [label = "b"];
	q11 -> q23 [label = "b"];
	q31 -> q23 [label = "b"];
	q30 -> q7 [label = "c"];
	q13 -> q1 [label = "a, c"];
	q15 -> q16 [label = "b"];
	q16 -> q24 [label = "a"];
	q13 -> q36 [label = "a, c"];
	q26 -> q36 [label = "a, b, c"];
	q1 -> q3 [label = "a"];
	q8 -> q5 [label = "a, c"];
	q19 -> q32 [label = "a, c"];
	q8 -> q33 [label = "a, c"];
	q12 -> q16 [label = "a"];
	q0 -> q1 [label = "a"];
	q0 -> q9 [label = "b"];
	q12 -> q23 [label = "a"];
	q1 -> q0 [label = "a, b"];
	q4 -> q36 [label = "a, b, c"];
	q14 -> q9 [label = "b"];
	q10 -> q29 [label = "a"];
	q14 -> q5 [label = "c"];
	q30 -> q29 [label = "a, c"];
	q14 -> q10 [label = "c"];
	q26 -> q27 [label = "a, b"];
	q14 -> q13 [label = "c"];
	q14 -> q36 [label = "c"];
	q12 -> q14 [label = "a, b"];
	q8 -> q0 [label = "a"];
	q4 -> q8 [label = "a, c"];
	q8 -> q1 [label = "a"];
	q8 -> q3 [label = "a"];
	q11 -> q29 [label = "a, c"];
	q8 -> q30 [label = "a"];
	q12 -> q33 [label = "c"];
	q24 -> q3 [label = "a"];
	q4 -> q1 [label = "a, b, c"];
	q4 -> q5 [label = "a, b, c"];
	q4 -> q19 [label = "a, b, c"];
	q35 -> q3 [label = "a"];
	q4 -> q32 [label = "a, c"];
	q26 -> q13 [label = "a"];
	q35 -> q36 [label = "a, c"];
	q13 -> q5 [label = "a, c"];
	q2 -> q23 [label = "b"];
	q24 -> q36 [label = "a"];
	q3 -> q23 [label = "b"];
	q10 -> q1 [label = "a"];
	q6 -> q7 [label = "c"];
	q20 -> q34 [label = "a"];
	q6 -> q8 [label = "a, c"];
	q13 -> q26 [label = "a"];
	q6 -> q33 [label = "a, c"];
	q6 -> q36 [label = "a, c"];
	q13 -> q7 [label = "a"];
	q2 -> q12 [label = "a"];
	q30 -> q31 [label = "a"];
	q2 -> q24 [label = "a"];
	q2 -> q29 [label = "a, c"];
	q5 -> q19 [label = "a, c"];
	q6 -> q9 [label = "b"];
	q6 -> q14 [label = "b"];
	q0 -> q7 [label = "c"];
	q18 -> q36 [label = "a"];
	q4 -> q0 [label = "a, b"];
	q4 -> q10 [label = "a, b"];
	q5 -> q0 [label = "a, b"];
	q1 -> q19 [label = "a, c"];
	q4 -> q18 [label = "a, b"];
	q17 -> q19 [label = "c"];
	q22 -> q11 [label = "c"];
	q27 -> q21 [label = "a"];
	q4 -> q21 [label = "a"];
	q4 -> q27 [label = "a"];
	q23 -> q33 [label = "c"];
	q5 -> q5 [label = "a, c"];
	q11 -> q0 [label = "a, b"];
	q5 -> q10 [label = "a"];
	q5 -> q36 [label = "a, c"];
	q1 -> q1 [label = "a"];
	q31 -> q21 [label = "a"];
	q1 -> q9 [label = "a, b"];
	q1 -> q27 [label = "a"];
	q2 -> q0 [label = "c"];
	q3 -> q0 [label = "a, b"];
	q35 -> q9 [label = "a, b"];
	q3 -> q2 [label = "b"];
	q22 -> q1 [label = "c"];
	q3 -> q10 [label = "a, b"];
	q12 -> q30 [label = "a"];
	q3 -> q14 [label = "b"];
	q3 -> q22 [label = "b"];
	q7 -> q33 [label = "a, c"];
	q1 -> q14 [label = "b"];
	q2 -> q19 [label = "c"];
	q1 -> q23 [label = "b"];
	q25 -> q0 [label = "a, c"];
	q3 -> q1 [label = "a, c"];
	q3 -> q8 [label = "a, c"];
	q3 -> q18 [label = "a"];
	q19 -> q36 [label = "a, c"];
	q3 -> q3 [label = "a"];
	q9 -> q7 [label = "c"];
	q14 -> q8 [label = "c"];
	q4 -> q9 [label = "a, b"];
	q3 -> q19 [label = "a, c"];
	q3 -> q36 [label = "a, c"];
	q20 -> q28 [label = "a"];
	q7 -> q0 [label = "a, b"];
	q7 -> q9 [label = "a, b"];
	q5 -> q3 [label = "a"];
	q18 -> q33 [label = "a"];
	q5 -> q18 [label = "a"];
	q27 -> q7 [label = "a"];
	q5 -> q32 [label = "a"];
	q6 -> q12 [label = "a"];
	q7 -> q5 [label = "a"];
	q6 -> q29 [label = "a"];
	q25 -> q16 [label = "a"];
	q4 -> q14 [label = "b"];
	q4 -> q22 [label = "b"];
	q4 -> q23 [label = "b"];
	q4 -> q28 [label = "b"];
	q24 -> q14 [label = "a, b"];
	q2 -> q3 [label = "c"];
	q2 -> q4 [label = "c"];
	q34 -> q9 [label = "a, b"];
	q2 -> q5 [label = "c"];
	q17 -> q18 [label = "c"];
	q30 -> q19 [label = "c"];
	q1 -> q10 [label = "a, b"];
	q20 -> q18 [label = "a, c"];
	q2 -> q11 [label = "c"];
	q2 -> q18 [label = "c"];
	q2 -> q27 [label = "c"];
	q2 -> q31 [label = "c"];
	q15 -> q6 [label = "b"];
	q31 -> q22 [label = "b"];
	q2 -> q32 [label = "c"];
	q2 -> q33 [label = "c"];
	q25 -> q2 [label = "a"];
	q22 -> q19 [label = "c"];
	q25 -> q8 [label = "a, c"];
	q7 -> q10 [label = "a"];
	q8 -> q18 [label = "a"];
	q7 -> q30 [label = "a"];
	q19 -> q33 [label = "a, b, c"];
	q3 -> q34 [label = "c"];
	q18 -> q5 [label = "a"];
	q22 -> q27 [label = "c"];
	q3 -> q35 [label = "c"];
	q26 -> q31 [label = "a, b"];
	q24 -> q9 [label = "a, b, c"];
	q13 -> q0 [label = "a, b"];
	q2 -> q13 [label = "c"];
	q13 -> q9 [label = "a, b"];
	q13 -> q11 [label = "a, b"];
	q14 -> q7 [label = "c"];
	q16 -> q8 [label = "a, c"];
	q17 -> q0 [label = "c"];
	q13 -> q27 [label = "a"];
	q13 -> q30 [label = "a"];
	q13 -> q35 [label = "a"];
	q15 -> q14 [label = "b"];
	q10 -> q33 [label = "c"];
	q14 -> q12 [label = "a"];
	q15 -> q12 [label = "a"];
	q31 -> q30 [label = "a"];
	q20 -> q1 [label = "a, c"];
	q20 -> q10 [label = "a, c"];
	q16 -> q29 [label = "a, c"];
	q20 -> q36 [label = "a, c"];
	q17 -> q33 [label = "c"];
	q26 -> q30 [label = "a"];
	q29 -> q14 [label = "b"];
	q16 -> q10 [label = "a, b, c"];
	q16 -> q25 [label = "a"];
	q18 -> q9 [label = "b"];
	q26 -> q28 [label = "b"];
	q18 -> q14 [label = "b"];
	q21 -> q30 [label = "a"];
	q22 -> q23 [label = "b"];
	q22 -> q0 [label = "c"];
	q36 -> q5 [label = "a, c"];
	q22 -> q3 [label = "c"];
	q22 -> q5 [label = "c"];
	q22 -> q7 [label = "c"];
	q5 -> q1 [label = "a, c"];
	q22 -> q8 [label = "c"];
	q22 -> q9 [label = "b, c"];
	q22 -> q10 [label = "c"];
	q22 -> q13 [label = "c"];
	q22 -> q18 [label = "c"];
	q22 -> q29 [label = "a, c"];
}
NFA size: 37 states

