Random target AFA:
digraph finite_state_machine {
	rankdir=LR;
	node [shape = circle];
	s0 [shape = point, style = invis, start="true" ];
	s1 [shape = point, style = invis, start="true" ];
	q0 [label = "q0"];
	q1 [label = "q1", shape = doublecircle, final="true" ];
	q2 [label = "q2"];
	q3 [label = "q3", shape = doublecircle, final="true" ];
	q4 [label = "q4"];
	q5 [label = "q5"];
	m0 [label = "", shape = square, style = filled, color=grey, fixedsize=true, width=.2];
	m1 [label = "", shape = square, style = filled, color=grey, fixedsize=true, width=.2];
	m2 [label = "", shape = square, style = filled, color=grey, fixedsize=true, width=.2];
	m3 [label = "", shape = square, style = filled, color=grey, fixedsize=true, width=.2];
	m4 [label = "", shape = square, style = filled, color=grey, fixedsize=true, width=.2];
	m5 [label = "", shape = square, style = filled, color=grey, fixedsize=true, width=.2];
	m6 [label = "", shape = square, style = filled, color=grey, fixedsize=true, width=.2];
	m7 [label = "", shape = square, style = filled, color=grey, fixedsize=true, width=.2];
	m8 [label = "", shape = square, style = filled, color=grey, fixedsize=true, width=.2];
	m9 [label = "", shape = square, style = filled, color=grey, fixedsize=true, width=.2];
	s0 -> q2
	s1 -> q1
	q5 -> m9 [label = "b"];
	q4 -> m8 [label = "b"];
	q2 -> m6 [label = "c"];
	q3 -> q1 [label = "a"];
	q3 -> m6 [label = "a"];
	q3 -> m5 [label = "b"];
	q1 -> q4 [label = "a, b, c"];
	q1 -> m4 [label = "a, b"];
	q3 -> q2 [label = "c"];
	q5 -> q3 [label = "a, b"];
	q5 -> q5 [label = "c"];
	q4 -> q0 [label = "c"];
	q2 -> m3 [label = "a"];
	q2 -> q2 [label = "c"];
	q5 -> q0 [label = "c"];
	q4 -> q1 [label = "b"];
	q3 -> m0 [label = "b, c"];
	q0 -> m0 [label = "a"];
	q0 -> q2 [label = "a, b"];
	q2 -> q0 [label = "a, b"];
	q2 -> m1 [label = "b"];
	q0 -> m2 [label = "b"];
	q0 -> q0 [label = "c"];
	q1 -> m7 [label = "c"];
	q0 -> q3 [label = "c"];
	q4 -> q3 [label = "a"];
	q4 -> q5 [label = "c"];
	q4 -> q2 [label = "a"];
	m0 -> q1;
	m0 -> q3;
	m1 -> q0;
	m1 -> q3;
	m2 -> q2;
	m2 -> q3;
	m3 -> q2;
	m3 -> q4;
	m4 -> q3;
	m4 -> q5;
	m5 -> q1;
	m5 -> q4;
	m6 -> q4;
	m6 -> q5;
	m7 -> q0;
	m7 -> q4;
	m8 -> q0;
	m8 -> q2;
	m9 -> q2;
	m9 -> q5;
}

L* output after 11 EQ and 21759 MQ:
digraph finite_state_machine {
	rankdir=LR;
	node [shape = circle];
	s0 [shape = point, style = invis, start="true" ];
	q0 [label = "q0", shape = doublecircle, final="true" ];
	q1 [label = "q1", shape = doublecircle, final="true" ];
	q2 [label = "q2", shape = doublecircle, final="true" ];
	q3 [label = "q3", shape = doublecircle, final="true" ];
	q4 [label = "q4", shape = doublecircle, final="true" ];
	q5 [label = "q5", shape = doublecircle, final="true" ];
	q6 [label = "q6", shape = doublecircle, final="true" ];
	q7 [label = "q7", shape = doublecircle, final="true" ];
	q8 [label = "q8", shape = doublecircle, final="true" ];
	q9 [label = "q9", shape = doublecircle, final="true" ];
	q10 [label = "q10", shape = doublecircle, final="true" ];
	q11 [label = "q11", shape = doublecircle, final="true" ];
	q12 [label = "q12", shape = doublecircle, final="true" ];
	q13 [label = "q13", shape = doublecircle, final="true" ];
	q14 [label = "q14", shape = doublecircle, final="true" ];
	q15 [label = "q15", shape = doublecircle, final="true" ];
	q16 [label = "q16", shape = doublecircle, final="true" ];
	q17 [label = "q17", shape = doublecircle, final="true" ];
	q18 [label = "q18", shape = doublecircle, final="true" ];
	q19 [label = "q19", shape = doublecircle, final="true" ];
	q20 [label = "q20", shape = doublecircle, final="true" ];
	q21 [label = "q21", shape = doublecircle, final="true" ];
	q22 [label = "q22", shape = doublecircle, final="true" ];
	q23 [label = "q23", shape = doublecircle, final="true" ];
	q24 [label = "q24", shape = doublecircle, final="true" ];
	q25 [label = "q25", shape = doublecircle, final="true" ];
	q26 [label = "q26", shape = doublecircle, final="true" ];
	q27 [label = "q27", shape = doublecircle, final="true" ];
	q28 [label = "q28", shape = doublecircle, final="true" ];
	q29 [label = "q29", shape = doublecircle, final="true" ];
	q30 [label = "q30", shape = doublecircle, final="true" ];
	q31 [label = "q31"];
	q32 [label = "q32"];
	q33 [label = "q33"];
	q34 [label = "q34"];
	q35 [label = "q35", shape = doublecircle, final="true" ];
	q36 [label = "q36", shape = doublecircle, final="true" ];
	q37 [label = "q37"];
	q38 [label = "q38", shape = doublecircle, final="true" ];
	q39 [label = "q39", shape = doublecircle, final="true" ];
	q40 [label = "q40", shape = doublecircle, final="true" ];
	q41 [label = "q41", shape = doublecircle, final="true" ];
	q42 [label = "q42", shape = doublecircle, final="true" ];
	q43 [label = "q43"];
	q44 [label = "q44", shape = doublecircle, final="true" ];
	q45 [label = "q45", shape = doublecircle, final="true" ];
	q46 [label = "q46"];
	q47 [label = "q47"];
	q48 [label = "q48", shape = doublecircle, final="true" ];
	q49 [label = "q49", shape = doublecircle, final="true" ];
	q50 [label = "q50", shape = doublecircle, final="true" ];
	q51 [label = "q51", shape = doublecircle, final="true" ];
	q52 [label = "q52", shape = doublecircle, final="true" ];
	q53 [label = "q53", shape = doublecircle, final="true" ];
	q54 [label = "q54"];
	q55 [label = "q55"];
	q56 [label = "q56", shape = doublecircle, final="true" ];
	q57 [label = "q57", shape = doublecircle, final="true" ];
	q58 [label = "q58", shape = doublecircle, final="true" ];
	q59 [label = "q59", shape = doublecircle, final="true" ];
	q60 [label = "q60", shape = doublecircle, final="true" ];
	q61 [label = "q61", shape = doublecircle, final="true" ];
	q62 [label = "q62", shape = doublecircle, final="true" ];
	q63 [label = "q63", shape = doublecircle, final="true" ];
	q64 [label = "q64", shape = doublecircle, final="true" ];
	q65 [label = "q65", shape = doublecircle, final="true" ];
	q66 [label = "q66"];
	q67 [label = "q67"];
	q68 [label = "q68", shape = doublecircle, final="true" ];
	q69 [label = "q69"];
	q70 [label = "q70"];
	q71 [label = "q71", shape = doublecircle, final="true" ];
	q72 [label = "q72", shape = doublecircle, final="true" ];
	q73 [label = "q73", shape = doublecircle, final="true" ];
	q74 [label = "q74", shape = doublecircle, final="true" ];
	q75 [label = "q75", shape = doublecircle, final="true" ];
	q76 [label = "q76"];
	q77 [label = "q77", shape = doublecircle, final="true" ];
	q78 [label = "q78", shape = doublecircle, final="true" ];
	q79 [label = "q79"];
	q80 [label = "q80", shape = doublecircle, final="true" ];
	q81 [label = "q81", shape = doublecircle, final="true" ];
	q82 [label = "q82"];
	q83 [label = "q83"];
	q84 [label = "q84"];
	q85 [label = "q85", shape = doublecircle, final="true" ];
	q86 [label = "q86", shape = doublecircle, final="true" ];
	q87 [label = "q87"];
	q88 [label = "q88"];
	q89 [label = "q89", shape = doublecircle, final="true" ];
	q90 [label = "q90", shape = doublecircle, final="true" ];
	q91 [label = "q91", shape = doublecircle, final="true" ];
	q92 [label = "q92", shape = doublecircle, final="true" ];
	q93 [label = "q93", shape = doublecircle, final="true" ];
	q94 [label = "q94", shape = doublecircle, final="true" ];
	q95 [label = "q95", shape = doublecircle, final="true" ];
	q96 [label = "q96", shape = doublecircle, final="true" ];
	q97 [label = "q97", shape = doublecircle, final="true" ];
	q98 [label = "q98", shape = doublecircle, final="true" ];
	q99 [label = "q99"];
	q100 [label = "q100"];
	q101 [label = "q101", shape = doublecircle, final="true" ];
	q102 [label = "q102", shape = doublecircle, final="true" ];
	q103 [label = "q103", shape = doublecircle, final="true" ];
	q104 [label = "q104", shape = doublecircle, final="true" ];
	q105 [label = "q105", shape = doublecircle, final="true" ];
	q106 [label = "q106", shape = doublecircle, final="true" ];
	q107 [label = "q107", shape = doublecircle, final="true" ];
	q108 [label = "q108"];
	q109 [label = "q109"];
	q110 [label = "q110", shape = doublecircle, final="true" ];
	s0 -> q68
	q85 -> q19 [label = "b"];
	q83 -> q62 [label = "c"];
	q87 -> q74 [label = "a"];
	q84 -> q82 [label = "b"];
	q82 -> q106 [label = "c"];
	q85 -> q107 [label = "a"];
	q81 -> q60 [label = "c"];
	q87 -> q94 [label = "b"];
	q83 -> q74 [label = "a"];
	q81 -> q80 [label = "b"];
	q87 -> q76 [label = "c"];
	q80 -> q87 [label = "c"];
	q86 -> q68 [label = "b"];
	q82 -> q105 [label = "a"];
	q80 -> q100 [label = "b"];
	q86 -> q62 [label = "c"];
	q84 -> q83 [label = "c"];
	q80 -> q88 [label = "a"];
	q79 -> q67 [label = "a"];
	q77 -> q58 [label = "a"];
	q73 -> q76 [label = "c"];
	q73 -> q78 [label = "a"];
	q76 -> q74 [label = "a, b"];
	q72 -> q26 [label = "b"];
	q76 -> q62 [label = "c"];
	q72 -> q63 [label = "a"];
	q71 -> q64 [label = "a"];
	q69 -> q68 [label = "b"];
	q67 -> q57 [label = "c"];
	q70 -> q74 [label = "a"];
	q71 -> q77 [label = "b"];
	q65 -> q77 [label = "b"];
	q78 -> q63 [label = "a"];
	q70 -> q75 [label = "b"];
	q64 -> q90 [label = "c"];
	q70 -> q76 [label = "c"];
	q66 -> q65 [label = "a"];
	q68 -> q70 [label = "c"];
	q66 -> q79 [label = "b"];
	q64 -> q89 [label = "a"];
	q61 -> q54 [label = "b"];
	q64 -> q102 [label = "b"];
	q59 -> q76 [label = "c"];
	q66 -> q101 [label = "c"];
	q25 -> q56 [label = "a"];
	q27 -> q52 [label = "b"];
	q22 -> q62 [label = "c"];
	q28 -> q36 [label = "b"];
	q31 -> q27 [label = "a"];
	q74 -> q60 [label = "c"];
	q37 -> q38 [label = "b"];
	q34 -> q79 [label = "b"];
	q42 -> q83 [label = "c"];
	q65 -> q55 [label = "c"];
	q32 -> q68 [label = "b"];
	q94 -> q78 [label = "c"];
	q25 -> q77 [label = "b"];
	q59 -> q75 [label = "b"];
	q36 -> q78 [label = "c"];
	q35 -> q30 [label = "b"];
	q33 -> q106 [label = "c"];
	q73 -> q36 [label = "b"];
	q104 -> q63 [label = "a"];
	q39 -> q38 [label = "b"];
	q12 -> q85 [label = "a"];
	q35 -> q104 [label = "c"];
	q17 -> q60 [label = "a"];
	q39 -> q103 [label = "a"];
	q4 -> q2 [label = "a"];
	q71 -> q73 [label = "c"];
	q25 -> q73 [label = "c"];
	q39 -> q104 [label = "c"];
	q44 -> q106 [label = "c"];
	q42 -> q94 [label = "b"];
	q0 -> q84 [label = "b"];
	q46 -> q76 [label = "c"];
	q33 -> q109 [label = "b"];
	q44 -> q40 [label = "a"];
	q107 -> q24 [label = "a"];
	q47 -> q108 [label = "b"];
	q12 -> q23 [label = "c"];
	q37 -> q104 [label = "c"];
	q3 -> q18 [label = "c"];
	q43 -> q48 [label = "b"];
	q48 -> q19 [label = "a"];
	q41 -> q39 [label = "a"];
	q96 -> q92 [label = "c"];
	q47 -> q78 [label = "c"];
	q27 -> q106 [label = "c"];
	q40 -> q22 [label = "a"];
	q99 -> q62 [label = "c"];
	q43 -> q74 [label = "a"];
	q102 -> q51 [label = "b"];
	q31 -> q34 [label = "b"];
	q49 -> q56 [label = "a"];
	q56 -> q104 [label = "c"];
	q27 -> q9 [label = "a"];
	q92 -> q62 [label = "c"];
	q88 -> q80 [label = "b"];
	q81 -> q20 [label = "a"];
	q26 -> q77 [label = "b"];
	q88 -> q72 [label = "c"];
	q83 -> q61 [label = "b"];
	q74 -> q85 [label = "a"];
	q29 -> q83 [label = "c"];
	q31 -> q87 [label = "c"];
	q93 -> q76 [label = "c"];
	q98 -> q107 [label = "c"];
	q103 -> q24 [label = "a"];
	q106 -> q63 [label = "a"];
	q97 -> q99 [label = "c"];
	q54 -> q54 [label = "b"];
	q58 -> q76 [label = "c"];
	q93 -> q60 [label = "a"];
	q110 -> q87 [label = "c"];
	q110 -> q88 [label = "a"];
	q102 -> q76 [label = "c"];
	q19 -> q62 [label = "c"];
	q29 -> q4 [label = "a"];
	q28 -> q23 [label = "c"];
	q91 -> q96 [label = "a"];
	q50 -> q64 [label = "a"];
	q90 -> q95 [label = "b"];
	q109 -> q100 [label = "b"];
	q89 -> q75 [label = "b"];
	q67 -> q80 [label = "b"];
	q10 -> q3 [label = "a"];
	q11 -> q7 [label = "a"];
	q10 -> q36 [label = "b"];
	q107 -> q62 [label = "c"];
	q99 -> q74 [label = "a"];
	q103 -> q17 [label = "c"];
	q45 -> q62 [label = "c"];
	q88 -> q71 [label = "a"];
	q37 -> q12 [label = "a"];
	q23 -> q62 [label = "c"];
	q104 -> q62 [label = "c"];
	q26 -> q93 [label = "c"];
	q109 -> q67 [label = "a"];
	q91 -> q97 [label = "b"];
	q16 -> q97 [label = "b"];
	q45 -> q63 [label = "a"];
	q97 -> q16 [label = "b"];
	q101 -> q62 [label = "c"];
	q91 -> q18 [label = "c"];
	q56 -> q103 [label = "a"];
	q75 -> q86 [label = "c"];
	q100 -> q57 [label = "c"];
	q99 -> q98 [label = "b"];
	q14 -> q18 [label = "c"];
	q6 -> q6 [label = "a"];
	q1 -> q51 [label = "b"];
	q109 -> q87 [label = "c"];
	q5 -> q39 [label = "b"];
	q43 -> q62 [label = "c"];
	q30 -> q32 [label = "b"];
	q8 -> q62 [label = "c"];
	q40 -> q36 [label = "b"];
	q110 -> q66 [label = "b"];
	q50 -> q93 [label = "c"];
	q78 -> q62 [label = "c"];
	q32 -> q104 [label = "c"];
	q100 -> q109 [label = "b"];
	q62 -> q62 [label = "c"];
	q100 -> q25 [label = "a"];
	q108 -> q83 [label = "c"];
	q29 -> q36 [label = "b"];
	q96 -> q16 [label = "b"];
	q0 -> q106 [label = "c"];
	q95 -> q16 [label = "a"];
	q105 -> q23 [label = "a, c"];
	q98 -> q14 [label = "a"];
	q106 -> q49 [label = "b"];
	q20 -> q92 [label = "c"];
	q41 -> q32 [label = "b"];
	q98 -> q19 [label = "b"];
	q52 -> q82 [label = "b"];
	q7 -> q18 [label = "c"];
	q46 -> q74 [label = "a"];
	q89 -> q24 [label = "a"];
	q85 -> q18 [label = "c"];
	q53 -> q93 [label = "c"];
	q96 -> q6 [label = "a"];
	q94 -> q108 [label = "b"];
	q68 -> q69 [label = "a, b"];
	q2 -> q17 [label = "c"];
	q106 -> q62 [label = "c"];
	q95 -> q15 [label = "b"];
	q93 -> q94 [label = "b"];
	q18 -> q98 [label = "b"];
	q42 -> q23 [label = "a"];
	q53 -> q56 [label = "a"];
	q94 -> q93 [label = "a"];
	q58 -> q22 [label = "a"];
	q107 -> q48 [label = "b"];
	q92 -> q98 [label = "b"];
	q4 -> q62 [label = "c"];
	q105 -> q94 [label = "b"];
	q54 -> q21 [label = "a"];
	q103 -> q94 [label = "b"];
	q63 -> q35 [label = "b"];
	q23 -> q61 [label = "b"];
	q90 -> q62 [label = "c"];
	q89 -> q17 [label = "c"];
	q63 -> q92 [label = "c"];
	q17 -> q74 [label = "b"];
	q92 -> q60 [label = "a"];
	q69 -> q71 [label = "a"];
	q32 -> q10 [label = "a"];
	q104 -> q50 [label = "b"];
	q20 -> q35 [label = "b"];
	q78 -> q80 [label = "b"];
	q24 -> q18 [label = "c"];
	q44 -> q109 [label = "b"];
	q65 -> q56 [label = "a"];
	q30 -> q70 [label = "c"];
	q41 -> q59 [label = "c"];
	q15 -> q11 [label = "a"];
	q26 -> q64 [label = "a"];
	q72 -> q62 [label = "c"];
	q24 -> q19 [label = "b"];
	q101 -> q63 [label = "a"];
	q34 -> q78 [label = "c"];
	q13 -> q60 [label = "a"];
	q63 -> q91 [label = "a"];
	q53 -> q34 [label = "b"];
	q24 -> q6 [label = "a"];
	q3 -> q102 [label = "b"];
	q4 -> q52 [label = "b"];
	q86 -> q63 [label = "a"];
	q82 -> q84 [label = "b"];
	q9 -> q94 [label = "b"];
	q15 -> q104 [label = "c"];
	q51 -> q45 [label = "c"];
	q11 -> q36 [label = "b"];
	q102 -> q60 [label = "a"];
	q13 -> q17 [label = "c"];
	q28 -> q4 [label = "a"];
	q15 -> q68 [label = "b"];
	q18 -> q24 [label = "a"];
	q33 -> q28 [label = "a"];
	q21 -> q60 [label = "c"];
	q38 -> q19 [label = "a"];
	q54 -> q60 [label = "c"];
	q79 -> q66 [label = "b"];
	q55 -> q76 [label = "c"];
	q75 -> q59 [label = "a"];
	q14 -> q14 [label = "b"];
	q90 -> q63 [label = "a"];
	q8 -> q38 [label = "b"];
	q36 -> q31 [label = "b"];
	q6 -> q14 [label = "b"];
	q8 -> q5 [label = "a"];
	q0 -> q9 [label = "a"];
	q2 -> q0 [label = "b"];
	q6 -> q18 [label = "c"];
	q108 -> q21 [label = "a"];
	q2 -> q24 [label = "a"];
	q40 -> q17 [label = "c"];
	q5 -> q92 [label = "c"];
	q12 -> q94 [label = "b"];
	q1 -> q24 [label = "a"];
	q3 -> q1 [label = "a"];
	q7 -> q102 [label = "b"];
	q50 -> q44 [label = "b"];
	q5 -> q6 [label = "a"];
	q1 -> q17 [label = "c"];
	q7 -> q96 [label = "a"];
	q9 -> q17 [label = "c"];
	q69 -> q72 [label = "c"];
	q10 -> q23 [label = "c"];
	q14 -> q107 [label = "a"];
	q11 -> q17 [label = "c"];
	q75 -> q70 [label = "b"];
	q74 -> q61 [label = "b"];
	q97 -> q107 [label = "a"];
	q35 -> q11 [label = "a"];
	q52 -> q83 [label = "c"];
	q34 -> q29 [label = "a"];
	q13 -> q75 [label = "b"];
	q61 -> q60 [label = "c"];
	q9 -> q60 [label = "a"];
	q16 -> q89 [label = "a"];
	q62 -> q74 [label = "b"];
	q22 -> q52 [label = "b"];
	q23 -> q60 [label = "a"];
	q20 -> q8 [label = "a"];
	q108 -> q47 [label = "b"];
	q16 -> q90 [label = "c"];
	q30 -> q39 [label = "a"];
	q19 -> q48 [label = "b"];
	q38 -> q37 [label = "b"];
	q19 -> q60 [label = "a"];
	q46 -> q51 [label = "b"];
	q21 -> q61 [label = "b"];
	q57 -> q62 [label = "c"];
	q21 -> q23 [label = "a"];
	q38 -> q43 [label = "c"];
	q17 -> q62 [label = "c"];
	q22 -> q5 [label = "a"];
	q77 -> q78 [label = "c"];
	q18 -> q62 [label = "c"];
	q45 -> q41 [label = "b"];
	q101 -> q110 [label = "b"];
	q57 -> q63 [label = "a"];
	q62 -> q24 [label = "a"];
	q48 -> q43 [label = "b"];
	q77 -> q79 [label = "b"];
	q79 -> q87 [label = "c"];
	q48 -> q107 [label = "c"];
	q52 -> q23 [label = "a"];
	q51 -> q46 [label = "b"];
	q49 -> q33 [label = "b"];
	q51 -> q13 [label = "a"];
	q55 -> q36 [label = "b"];
	q84 -> q21 [label = "a"];
	q55 -> q81 [label = "a"];
	q58 -> q36 [label = "b"];
	q60 -> q62 [label = "c"];
	q67 -> q25 [label = "a"];
	q47 -> q42 [label = "a"];
	q56 -> q52 [label = "b"];
	q60 -> q24 [label = "a"];
	q95 -> q59 [label = "c"];
	q57 -> q53 [label = "b"];
	q36 -> q58 [label = "a"];
	q59 -> q60 [label = "a"];
	q61 -> q23 [label = "a"];
	q49 -> q93 [label = "c"];
	q60 -> q61 [label = "b"];
}
DFA size: 111 states

NL* output after 13 EQ and 6124 MQ:
digraph finite_state_machine {
	rankdir=LR;
	node [shape = circle];
	s0 [shape = point, style = invis, start="true" ];
	s1 [shape = point, style = invis, start="true" ];
	s2 [shape = point, style = invis, start="true" ];
	s3 [shape = point, style = invis, start="true" ];
	q0 [label = "q0", shape = doublecircle, final="true" ];
	q1 [label = "q1", shape = doublecircle, final="true" ];
	q2 [label = "q2", shape = doublecircle, final="true" ];
	q3 [label = "q3", shape = doublecircle, final="true" ];
	q4 [label = "q4"];
	q5 [label = "q5", shape = doublecircle, final="true" ];
	q6 [label = "q6", shape = doublecircle, final="true" ];
	q7 [label = "q7"];
	q8 [label = "q8"];
	q9 [label = "q9", shape = doublecircle, final="true" ];
	q10 [label = "q10"];
	q11 [label = "q11"];
	q12 [label = "q12"];
	q13 [label = "q13"];
	q14 [label = "q14", shape = doublecircle, final="true" ];
	q15 [label = "q15", shape = doublecircle, final="true" ];
	q16 [label = "q16"];
	q17 [label = "q17"];
	q18 [label = "q18", shape = doublecircle, final="true" ];
	q19 [label = "q19", shape = doublecircle, final="true" ];
	q20 [label = "q20", shape = doublecircle, final="true" ];
	q21 [label = "q21"];
	q22 [label = "q22"];
	q23 [label = "q23"];
	q24 [label = "q24"];
	q25 [label = "q25", shape = doublecircle, final="true" ];
	q26 [label = "q26", shape = doublecircle, final="true" ];
	q27 [label = "q27", shape = doublecircle, final="true" ];
	q28 [label = "q28"];
	s0 -> q1
	s1 -> q13
	s2 -> q18
	s3 -> q23
	q18 -> q22 [label = "c"];
	q18 -> q16 [label = "c"];
	q18 -> q8 [label = "c"];
	q22 -> q7 [label = "a"];
	q17 -> q25 [label = "c"];
	q17 -> q20 [label = "c"];
	q17 -> q2 [label = "c"];
	q21 -> q9 [label = "a"];
	q19 -> q9 [label = "a"];
	q17 -> q23 [label = "b"];
	q17 -> q18 [label = "b"];
	q17 -> q13 [label = "b"];
	q23 -> q22 [label = "c"];
	q23 -> q8 [label = "c"];
	q17 -> q26 [label = "c"];
	q19 -> q28 [label = "a, b"];
	q17 -> q15 [label = "a"];
	q21 -> q26 [label = "c"];
	q19 -> q16 [label = "a, b"];
	q21 -> q20 [label = "c"];
	q22 -> q14 [label = "a"];
	q21 -> q4 [label = "c"];
	q21 -> q2 [label = "c"];
	q16 -> q24 [label = "c"];
	q20 -> q3 [label = "a"];
	q22 -> q10 [label = "a, b"];
	q22 -> q4 [label = "a, b"];
	q22 -> q28 [label = "c"];
	q22 -> q22 [label = "c"];
	q22 -> q13 [label = "c"];
	q18 -> q24 [label = "a, b"];
	q18 -> q21 [label = "a, b"];
	q18 -> q17 [label = "a, b"];
	q18 -> q11 [label = "a, b"];
	q18 -> q10 [label = "a, b"];
	q16 -> q28 [label = "a, c"];
	q16 -> q27 [label = "a"];
	q16 -> q20 [label = "a, b"];
	q16 -> q11 [label = "a, c"];
	q16 -> q7 [label = "a, b, c"];
	q16 -> q4 [label = "a, b, c"];
	q16 -> q3 [label = "a"];
	q16 -> q1 [label = "a"];
	q20 -> q24 [label = "c"];
	q20 -> q21 [label = "c"];
	q20 -> q14 [label = "c"];
	q20 -> q2 [label = "c"];
	q15 -> q21 [label = "a"];
	q15 -> q20 [label = "a"];
	q15 -> q19 [label = "a"];
	q15 -> q7 [label = "a"];
	q11 -> q20 [label = "c"];
	q17 -> q9 [label = "a"];
	q14 -> q9 [label = "a"];
	q14 -> q1 [label = "a"];
	q15 -> q14 [label = "a, b"];
	q15 -> q4 [label = "a, b"];
	q16 -> q8 [label = "c"];
	q13 -> q11 [label = "a"];
	q9 -> q13 [label = "c"];
	q3 -> q23 [label = "c"];
	q16 -> q15 [label = "a"];
	q11 -> q26 [label = "c"];
	q3 -> q22 [label = "c"];
	q3 -> q13 [label = "c"];
	q3 -> q8 [label = "c"];
	q7 -> q9 [label = "a"];
	q7 -> q1 [label = "a"];
	q23 -> q13 [label = "c"];
	q15 -> q11 [label = "a"];
	q2 -> q26 [label = "c"];
	q18 -> q28 [label = "c"];
	q3 -> q28 [label = "c"];
	q2 -> q24 [label = "c"];
	q2 -> q21 [label = "c"];
	q2 -> q14 [label = "c"];
	q13 -> q21 [label = "a"];
	q2 -> q10 [label = "c"];
	q2 -> q7 [label = "c"];
	q2 -> q6 [label = "c"];
	q17 -> q10 [label = "c"];
	q2 -> q4 [label = "c"];
	q2 -> q2 [label = "c"];
	q2 -> q0 [label = "c"];
	q1 -> q28 [label = "c"];
	q20 -> q10 [label = "c"];
	q1 -> q22 [label = "c"];
	q19 -> q22 [label = "a, b"];
	q1 -> q8 [label = "c"];
	q5 -> q24 [label = "a"];
	q5 -> q21 [label = "a"];
	q5 -> q20 [label = "a"];
	q5 -> q14 [label = "a, b"];
	q5 -> q11 [label = "a"];
	q5 -> q10 [label = "a, b"];
	q5 -> q7 [label = "a"];
	q5 -> q4 [label = "a, b"];
	q7 -> q13 [label = "a, b"];
	q3 -> q21 [label = "a, c"];
	q3 -> q11 [label = "a, c"];
	q3 -> q0 [label = "a"];
	q7 -> q24 [label = "c"];
	q7 -> q21 [label = "c"];
	q7 -> q14 [label = "c"];
	q7 -> q11 [label = "c"];
	q7 -> q10 [label = "c"];
	q3 -> q14 [label = "a, b"];
	q21 -> q5 [label = "a"];
	q3 -> q10 [label = "a, b, c"];
	q16 -> q5 [label = "a"];
	q3 -> q4 [label = "a, b, c"];
	q1 -> q21 [label = "a"];
	q22 -> q20 [label = "a"];
	q1 -> q11 [label = "a"];
	q11 -> q4 [label = "c"];
	q1 -> q10 [label = "a, b"];
	q5 -> q13 [label = "c"];
	q9 -> q24 [label = "a"];
	q9 -> q21 [label = "a"];
	q24 -> q10 [label = "c"];
	q25 -> q28 [label = "c"];
	q4 -> q10 [label = "c"];
	q11 -> q5 [label = "a"];
	q9 -> q4 [label = "a, b"];
	q18 -> q13 [label = "c"];
	q19 -> q24 [label = "c"];
	q10 -> q2 [label = "c"];
	q19 -> q21 [label = "c"];
	q19 -> q17 [label = "c"];
	q28 -> q23 [label = "a, c"];
	q17 -> q5 [label = "a"];
	q9 -> q10 [label = "a, b"];
	q19 -> q6 [label = "c"];
	q22 -> q8 [label = "c"];
	q21 -> q13 [label = "b"];
	q23 -> q10 [label = "a, b"];
	q24 -> q9 [label = "a"];
	q4 -> q1 [label = "a"];
	q10 -> q14 [label = "c"];
	q24 -> q26 [label = "c"];
	q28 -> q3 [label = "a"];
	q24 -> q20 [label = "c"];
	q19 -> q13 [label = "a, b"];
	q24 -> q15 [label = "a"];
	q14 -> q4 [label = "c"];
	q6 -> q24 [label = "c"];
	q0 -> q6 [label = "c"];
	q23 -> q21 [label = "a, b"];
	q19 -> q11 [label = "c"];
	q24 -> q2 [label = "c"];
	q8 -> q7 [label = "c"];
	q22 -> q21 [label = "a"];
	q26 -> q14 [label = "c"];
	q26 -> q26 [label = "c"];
	q28 -> q22 [label = "a, c"];
	q11 -> q1 [label = "b"];
	q25 -> q6 [label = "c"];
	q6 -> q9 [label = "a, c"];
	q12 -> q25 [label = "c"];
	q23 -> q11 [label = "a"];
	q25 -> q0 [label = "c"];
	q12 -> q6 [label = "a, b, c"];
	q28 -> q13 [label = "a, c"];
	q28 -> q11 [label = "a, c"];
	q28 -> q5 [label = "a"];
	q4 -> q14 [label = "c"];
	q6 -> q26 [label = "c"];
	q9 -> q7 [label = "a"];
	q16 -> q13 [label = "a, c"];
	q28 -> q1 [label = "a"];
	q27 -> q24 [label = "a"];
	q7 -> q2 [label = "c"];
	q8 -> q10 [label = "a, b, c"];
	q19 -> q4 [label = "c"];
	q7 -> q3 [label = "a"];
	q25 -> q27 [label = "a, b, c"];
	q6 -> q4 [label = "c"];
	q27 -> q21 [label = "a"];
	q17 -> q1 [label = "b"];
	q25 -> q23 [label = "a, c"];
	q2 -> q28 [label = "c"];
	q21 -> q23 [label = "b"];
	q0 -> q24 [label = "c"];
	q20 -> q13 [label = "a, b"];
	q16 -> q19 [label = "b"];
	q14 -> q8 [label = "a"];
	q2 -> q8 [label = "a, c"];
	q27 -> q10 [label = "a, b"];
	q15 -> q1 [label = "c"];
	q26 -> q15 [label = "a, c"];
	q21 -> q14 [label = "c"];
	q0 -> q11 [label = "c"];
	q26 -> q23 [label = "a, c"];
	q25 -> q1 [label = "a, b, c"];
	q25 -> q26 [label = "c"];
	q26 -> q20 [label = "c"];
	q28 -> q8 [label = "c"];
	q26 -> q4 [label = "c"];
	q26 -> q10 [label = "c"];
	q6 -> q3 [label = "a, c"];
	q0 -> q7 [label = "c"];
	q6 -> q13 [label = "a, b, c"];
	q25 -> q2 [label = "c"];
	q26 -> q2 [label = "c"];
	q8 -> q24 [label = "c"];
	q6 -> q5 [label = "a, c"];
	q2 -> q5 [label = "a, c"];
	q27 -> q13 [label = "c"];
	q26 -> q0 [label = "c"];
	q27 -> q14 [label = "a"];
	q6 -> q14 [label = "c"];
	q28 -> q10 [label = "a, b, c"];
	q26 -> q22 [label = "a, b, c"];
	q8 -> q21 [label = "a, c"];
	q6 -> q6 [label = "c"];
	q10 -> q13 [label = "b"];
	q14 -> q11 [label = "c"];
	q2 -> q13 [label = "a, b, c"];
	q26 -> q3 [label = "a, c"];
	q12 -> q0 [label = "c"];
	q0 -> q20 [label = "c"];
	q4 -> q9 [label = "a"];
	q20 -> q6 [label = "c"];
	q26 -> q12 [label = "c"];
	q3 -> q20 [label = "a, b"];
	q27 -> q4 [label = "a, b"];
	q27 -> q8 [label = "c"];
	q13 -> q8 [label = "c"];
	q27 -> q11 [label = "a"];
	q27 -> q9 [label = "c"];
	q26 -> q21 [label = "c"];
	q15 -> q13 [label = "c"];
	q26 -> q18 [label = "a"];
	q12 -> q27 [label = "a, b, c"];
	q25 -> q20 [label = "c"];
	q26 -> q24 [label = "c"];
	q26 -> q8 [label = "a, c"];
	q25 -> q15 [label = "a, b, c"];
	q1 -> q13 [label = "c"];
	q26 -> q5 [label = "a, c"];
	q11 -> q10 [label = "c"];
	q27 -> q22 [label = "c"];
	q26 -> q1 [label = "a, b, c"];
	q12 -> q15 [label = "a, b, c"];
	q25 -> q18 [label = "a"];
	q11 -> q9 [label = "a"];
	q25 -> q9 [label = "a, b, c"];
	q25 -> q24 [label = "c"];
	q26 -> q11 [label = "c"];
	q19 -> q3 [label = "a"];
	q12 -> q20 [label = "a, b, c"];
	q26 -> q9 [label = "a, c"];
	q25 -> q3 [label = "a, c"];
	q7 -> q6 [label = "c"];
	q28 -> q27 [label = "a"];
	q12 -> q8 [label = "c"];
	q20 -> q1 [label = "a"];
	q19 -> q14 [label = "c"];
	q16 -> q14 [label = "a, b"];
	q20 -> q4 [label = "c"];
	q7 -> q22 [label = "a, b"];
	q26 -> q13 [label = "a, b, c"];
	q4 -> q22 [label = "a"];
	q27 -> q7 [label = "a"];
	q25 -> q22 [label = "a, b, c"];
	q16 -> q23 [label = "a, c"];
	q28 -> q7 [label = "a, b, c"];
	q6 -> q8 [label = "a, c"];
	q8 -> q13 [label = "c"];
	q24 -> q23 [label = "b"];
	q24 -> q13 [label = "b"];
	q28 -> q20 [label = "a"];
	q28 -> q4 [label = "a, b, c"];
	q19 -> q2 [label = "c"];
	q11 -> q13 [label = "b"];
	q0 -> q21 [label = "c"];
	q27 -> q28 [label = "c"];
	q24 -> q1 [label = "b"];
	q28 -> q24 [label = "c"];
	q20 -> q11 [label = "c"];
	q28 -> q21 [label = "a, c"];
	q26 -> q27 [label = "a, b, c"];
	q0 -> q3 [label = "a, c"];
	q25 -> q4 [label = "c"];
	q13 -> q13 [label = "c"];
	q25 -> q21 [label = "c"];
	q4 -> q6 [label = "c"];
	q6 -> q2 [label = "c"];
	q25 -> q8 [label = "a, c"];
	q16 -> q10 [label = "a, b, c"];
	q0 -> q13 [label = "a, b, c"];
	q17 -> q14 [label = "c"];
	q26 -> q28 [label = "c"];
	q9 -> q20 [label = "a"];
	q21 -> q10 [label = "c"];
	q6 -> q21 [label = "c"];
	q15 -> q24 [label = "a"];
	q25 -> q5 [label = "a, b, c"];
	q16 -> q21 [label = "a, c"];
	q8 -> q28 [label = "c"];
	q26 -> q6 [label = "c"];
	q25 -> q7 [label = "c"];
	q0 -> q5 [label = "a, c"];
	q25 -> q10 [label = "c"];
	q10 -> q9 [label = "a"];
	q25 -> q11 [label = "c"];
	q12 -> q5 [label = "a, b, c"];
	q27 -> q3 [label = "c"];
	q25 -> q13 [label = "a, b, c"];
	q12 -> q2 [label = "c"];
	q28 -> q9 [label = "a"];
	q0 -> q22 [label = "a, b, c"];
	q25 -> q14 [label = "c"];
	q25 -> q12 [label = "c"];
	q26 -> q25 [label = "c"];
	q25 -> q25 [label = "c"];
	q12 -> q7 [label = "a, b, c"];
	q19 -> q8 [label = "a, b"];
	q19 -> q10 [label = "c"];
	q12 -> q13 [label = "a, b, c"];
	q2 -> q27 [label = "a, c"];
	q17 -> q4 [label = "c"];
	q11 -> q23 [label = "b"];
	q4 -> q13 [label = "a, b"];
	q13 -> q22 [label = "c"];
	q12 -> q3 [label = "a, b, c"];
	q22 -> q11 [label = "a"];
	q4 -> q4 [label = "c"];
	q15 -> q10 [label = "a, b"];
	q6 -> q10 [label = "c"];
	q7 -> q28 [label = "a, b"];
	q24 -> q25 [label = "c"];
	q13 -> q28 [label = "c"];
	q14 -> q22 [label = "a"];
	q8 -> q4 [label = "a, b, c"];
	q8 -> q8 [label = "c"];
	q8 -> q11 [label = "a, c"];
	q11 -> q2 [label = "c"];
	q8 -> q12 [label = "c"];
	q12 -> q11 [label = "a, b, c"];
	q8 -> q22 [label = "c"];
	q9 -> q8 [label = "c"];
	q12 -> q1 [label = "a, b, c"];
	q11 -> q14 [label = "c"];
	q12 -> q10 [label = "a, b, c"];
	q16 -> q9 [label = "a"];
	q12 -> q4 [label = "a, b, c"];
	q14 -> q10 [label = "c"];
	q0 -> q12 [label = "c"];
	q2 -> q25 [label = "c"];
	q12 -> q9 [label = "a, b, c"];
	q23 -> q28 [label = "c"];
	q12 -> q14 [label = "a, b, c"];
	q12 -> q22 [label = "a, b, c"];
	q12 -> q23 [label = "a, b, c"];
	q3 -> q7 [label = "a, c"];
	q12 -> q28 [label = "a, b, c"];
	q20 -> q22 [label = "a, b"];
	q14 -> q3 [label = "a"];
	q27 -> q20 [label = "a"];
	q14 -> q13 [label = "a, b"];
	q14 -> q14 [label = "c"];
	q16 -> q22 [label = "a, c"];
	q8 -> q14 [label = "a, b"];
	q8 -> q20 [label = "b"];
	q20 -> q8 [label = "a"];
	q6 -> q28 [label = "c"];
	q14 -> q6 [label = "c"];
	q6 -> q18 [label = "a"];
	q14 -> q21 [label = "c"];
	q13 -> q10 [label = "a, b"];
	q6 -> q22 [label = "a, c"];
	q8 -> q6 [label = "a"];
	q12 -> q12 [label = "c"];
	q12 -> q24 [label = "c"];
	q12 -> q21 [label = "a, b, c"];
	q12 -> q26 [label = "c"];
	q15 -> q8 [label = "c"];
	q4 -> q2 [label = "c"];
	q4 -> q11 [label = "c"];
	q4 -> q21 [label = "c"];
	q4 -> q24 [label = "c"];
	q0 -> q8 [label = "a, c"];
	q0 -> q1 [label = "a, b, c"];
	q0 -> q9 [label = "a, c"];
	q0 -> q15 [label = "a, c"];
	q0 -> q23 [label = "a, b, c"];
	q19 -> q1 [label = "a"];
	q0 -> q27 [label = "a, c"];
	q2 -> q11 [label = "c"];
	q0 -> q28 [label = "a, b, c"];
	q8 -> q23 [label = "c"];
	q14 -> q2 [label = "c"];
	q2 -> q1 [label = "a, b, c"];
	q2 -> q20 [label = "c"];
	q6 -> q0 [label = "c"];
	q1 -> q24 [label = "a"];
	q6 -> q1 [label = "a, b, c"];
	q9 -> q11 [label = "a"];
	q9 -> q14 [label = "a, b"];
	q2 -> q9 [label = "a, c"];
	q6 -> q15 [label = "c"];
	q6 -> q7 [label = "c"];
	q6 -> q11 [label = "c"];
	q27 -> q1 [label = "c"];
	q6 -> q20 [label = "c"];
	q6 -> q23 [label = "a, b, c"];
	q6 -> q27 [label = "a, c"];
	q16 -> q6 [label = "a"];
	q10 -> q4 [label = "c"];
	q7 -> q4 [label = "c"];
	q2 -> q3 [label = "a, c"];
	q2 -> q15 [label = "a, c"];
	q10 -> q10 [label = "c"];
	q2 -> q18 [label = "a"];
	q24 -> q5 [label = "a"];
	q24 -> q4 [label = "c"];
	q2 -> q22 [label = "a, c"];
	q2 -> q23 [label = "a, c"];
	q28 -> q14 [label = "a"];
	q0 -> q0 [label = "c"];
	q24 -> q14 [label = "c"];
	q0 -> q2 [label = "c"];
	q0 -> q4 [label = "c"];
	q16 -> q12 [label = "c"];
	q0 -> q14 [label = "c"];
	q28 -> q28 [label = "a, c"];
	q0 -> q10 [label = "c"];
	q0 -> q25 [label = "c"];
	q20 -> q9 [label = "a"];
	q26 -> q7 [label = "c"];
	q0 -> q26 [label = "c"];
	q4 -> q3 [label = "a"];
	q14 -> q24 [label = "c"];
	q5 -> q1 [label = "c"];
	q2 -> q12 [label = "c"];
	q3 -> q24 [label = "a, c"];
	q5 -> q8 [label = "c"];
}
NFA size: 29 states

AL* output after 14 EQ and 1059 MQ:
digraph finite_state_machine {
	rankdir=LR;
	node [shape = circle];
	s0 [shape = point, style = invis, start="true" ];
	s1 [shape = point, style = invis, start="true" ];
	q0 [label = "q0", shape = doublecircle, final="true" ];
	q1 [label = "q1", shape = doublecircle, final="true" ];
	q2 [label = "q2"];
	q3 [label = "q3", shape = doublecircle, final="true" ];
	q4 [label = "q4", shape = doublecircle, final="true" ];
	q5 [label = "q5", shape = doublecircle, final="true" ];
	q6 [label = "q6"];
	q7 [label = "q7", shape = doublecircle, final="true" ];
	q8 [label = "q8"];
	m0 [label = "", shape = square, style = filled, color=grey, fixedsize=true, width=.2];
	m1 [label = "", shape = square, style = filled, color=grey, fixedsize=true, width=.2];
	m2 [label = "", shape = square, style = filled, color=grey, fixedsize=true, width=.2];
	m3 [label = "", shape = square, style = filled, color=grey, fixedsize=true, width=.2];
	m4 [label = "", shape = square, style = filled, color=grey, fixedsize=true, width=.2];
	m5 [label = "", shape = square, style = filled, color=grey, fixedsize=true, width=.2];
	m6 [label = "", shape = square, style = filled, color=grey, fixedsize=true, width=.2];
	m7 [label = "", shape = square, style = filled, color=grey, fixedsize=true, width=.2];
	m8 [label = "", shape = square, style = filled, color=grey, fixedsize=true, width=.2];
	m9 [label = "", shape = square, style = filled, color=grey, fixedsize=true, width=.2];
	m10 [label = "", shape = square, style = filled, color=grey, fixedsize=true, width=.2];
	s0 -> m0
	s1 -> m1
	q3 -> m4 [label = "c"];
	q4 -> m10 [label = "b"];
	q1 -> m2 [label = "c"];
	q1 -> m1 [label = "c"];
	q5 -> m0 [label = "a"];
	q3 -> m6 [label = "a"];
	q1 -> m9 [label = "b"];
	q7 -> m8 [label = "a, b, c"];
	q3 -> m1 [label = "a, b"];
	q3 -> m3 [label = "c"];
	q5 -> m3 [label = "a, b"];
	q1 -> m6 [label = "b"];
	q0 -> m4 [label = "a, c"];
	q6 -> m2 [label = "c"];
	q1 -> m3 [label = "a, b"];
	q5 -> m7 [label = "a"];
	q0 -> m0 [label = "a, b"];
	q4 -> m4 [label = "a, b, c"];
	q3 -> m8 [label = "a, b, c"];
	q0 -> m5 [label = "a"];
	q4 -> m1 [label = "a, b, c"];
	q7 -> m3 [label = "a, b"];
	q8 -> m4 [label = "a"];
	q2 -> m1 [label = "a, b, c"];
	q8 -> m1 [label = "a, c"];
	q8 -> m3 [label = "a, b"];
	q5 -> m1 [label = "c"];
	q8 -> m2 [label = "c"];
	q8 -> m0 [label = "b"];
	q6 -> m4 [label = "a, c"];
	q2 -> m3 [label = "a, b"];
	q2 -> m4 [label = "a, b, c"];
	q0 -> m1 [label = "a, b, c"];
	q4 -> m2 [label = "c"];
	q6 -> m0 [label = "b"];
	q6 -> m1 [label = "a, b"];
	q0 -> m2 [label = "c"];
	q4 -> m0 [label = "a"];
	q4 -> m5 [label = "a"];
	q2 -> m2 [label = "c"];
	q1 -> m7 [label = "a"];
	q7 -> m1 [label = "c"];
	q1 -> m5 [label = "a"];
	q5 -> m5 [label = "a, c"];
	q5 -> m6 [label = "b, c"];
	q1 -> m4 [label = "a"];
	m0 -> q3;
	m0 -> q7;
	m1 -> q1;
	m1 -> q2;
	m1 -> q5;
	m1 -> q7;
	m1 -> q8;
	m2 -> q2;
	m2 -> q4;
	m3 -> q0;
	m3 -> q2;
	m3 -> q3;
	m3 -> q4;
	m3 -> q6;
	m4 -> q0;
	m4 -> q4;
	m4 -> q5;
	m5 -> q0;
	m5 -> q1;
	m5 -> q2;
	m5 -> q4;
	m5 -> q6;
	m5 -> q8;
	m6 -> q0;
	m6 -> q1;
	m6 -> q3;
	m6 -> q4;
	m6 -> q5;
	m6 -> q7;
	m7 -> q0;
	m7 -> q1;
	m7 -> q2;
	m7 -> q5;
	m7 -> q6;
	m7 -> q7;
	m7 -> q8;
	m8 -> q0;
	m8 -> q6;
	m8 -> q8;
	m9 -> q1;
	m9 -> q2;
	m9 -> q3;
	m9 -> q4;
	m9 -> q5;
	m9 -> q7;
	m9 -> q8;
	m10 -> q0;
	m10 -> q1;
	m10 -> q2;
	m10 -> q3;
	m10 -> q4;
	m10 -> q6;
	m10 -> q7;
	m10 -> q8;
}
AFA size: 9 states

AL** output after 15 EQ and 1059 MQ:
digraph finite_state_machine {
	rankdir=LR;
	node [shape = circle];
	s0 [shape = point, style = invis, start="true" ];
	s1 [shape = point, style = invis, start="true" ];
	q0 [label = "q0", shape = doublecircle, final="true" ];
	q1 [label = "q1", shape = doublecircle, final="true" ];
	q2 [label = "q2"];
	q3 [label = "q3", shape = doublecircle, final="true" ];
	q4 [label = "q4", shape = doublecircle, final="true" ];
	q5 [label = "q5", shape = doublecircle, final="true" ];
	q6 [label = "q6"];
	q7 [label = "q7", shape = doublecircle, final="true" ];
	q8 [label = "q8"];
	m0 [label = "", shape = square, style = filled, color=grey, fixedsize=true, width=.2];
	m1 [label = "", shape = square, style = filled, color=grey, fixedsize=true, width=.2];
	m2 [label = "", shape = square, style = filled, color=grey, fixedsize=true, width=.2];
	m3 [label = "", shape = square, style = filled, color=grey, fixedsize=true, width=.2];
	m4 [label = "", shape = square, style = filled, color=grey, fixedsize=true, width=.2];
	m5 [label = "", shape = square, style = filled, color=grey, fixedsize=true, width=.2];
	m6 [label = "", shape = square, style = filled, color=grey, fixedsize=true, width=.2];
	m7 [label = "", shape = square, style = filled, color=grey, fixedsize=true, width=.2];
	m8 [label = "", shape = square, style = filled, color=grey, fixedsize=true, width=.2];
	m9 [label = "", shape = square, style = filled, color=grey, fixedsize=true, width=.2];
	m10 [label = "", shape = square, style = filled, color=grey, fixedsize=true, width=.2];
	s0 -> m0
	s1 -> m1
	q3 -> m4 [label = "c"];
	q4 -> m10 [label = "b"];
	q1 -> m2 [label = "c"];
	q1 -> m1 [label = "c"];
	q5 -> m0 [label = "a"];
	q3 -> m6 [label = "a"];
	q1 -> m9 [label = "b"];
	q7 -> m8 [label = "a, b, c"];
	q3 -> m1 [label = "a, b"];
	q3 -> m3 [label = "c"];
	q5 -> m3 [label = "a, b"];
	q1 -> m6 [label = "b"];
	q0 -> m4 [label = "a, c"];
	q6 -> m2 [label = "c"];
	q1 -> m3 [label = "a, b"];
	q5 -> m7 [label = "a"];
	q0 -> m0 [label = "a, b"];
	q4 -> m4 [label = "a, b, c"];
	q3 -> m8 [label = "a, b, c"];
	q0 -> m5 [label = "a"];
	q4 -> m1 [label = "a, b, c"];
	q7 -> m3 [label = "a, b"];
	q8 -> m4 [label = "a"];
	q2 -> m1 [label = "a, b, c"];
	q8 -> m1 [label = "a, c"];
	q8 -> m3 [label = "a, b"];
	q5 -> m1 [label = "c"];
	q8 -> m2 [label = "c"];
	q8 -> m0 [label = "b"];
	q6 -> m4 [label = "a, c"];
	q2 -> m3 [label = "a, b"];
	q2 -> m4 [label = "a, b, c"];
	q0 -> m1 [label = "a, b, c"];
	q4 -> m2 [label = "c"];
	q6 -> m0 [label = "b"];
	q6 -> m1 [label = "a, b"];
	q0 -> m2 [label = "c"];
	q4 -> m0 [label = "a"];
	q4 -> m5 [label = "a"];
	q2 -> m2 [label = "c"];
	q1 -> m7 [label = "a"];
	q7 -> m1 [label = "c"];
	q1 -> m5 [label = "a"];
	q5 -> m5 [label = "a, c"];
	q5 -> m6 [label = "b, c"];
	q1 -> m4 [label = "a"];
	m0 -> q3;
	m0 -> q7;
	m1 -> q1;
	m1 -> q2;
	m1 -> q5;
	m1 -> q7;
	m1 -> q8;
	m2 -> q2;
	m2 -> q4;
	m3 -> q0;
	m3 -> q2;
	m3 -> q3;
	m3 -> q4;
	m3 -> q6;
	m4 -> q0;
	m4 -> q4;
	m4 -> q5;
	m5 -> q0;
	m5 -> q1;
	m5 -> q2;
	m5 -> q4;
	m5 -> q6;
	m5 -> q8;
	m6 -> q0;
	m6 -> q1;
	m6 -> q3;
	m6 -> q4;
	m6 -> q5;
	m6 -> q7;
	m7 -> q0;
	m7 -> q1;
	m7 -> q2;
	m7 -> q5;
	m7 -> q6;
	m7 -> q7;
	m7 -> q8;
	m8 -> q0;
	m8 -> q6;
	m8 -> q8;
	m9 -> q1;
	m9 -> q2;
	m9 -> q3;
	m9 -> q4;
	m9 -> q5;
	m9 -> q7;
	m9 -> q8;
	m10 -> q0;
	m10 -> q1;
	m10 -> q2;
	m10 -> q3;
	m10 -> q4;
	m10 -> q6;
	m10 -> q7;
	m10 -> q8;
}
RAFA size: 9 states

