Random target AFA:
digraph finite_state_machine {
	rankdir=LR;
	node [shape = circle];
	s0 [shape = point, style = invis, start="true" ];
	s1 [shape = point, style = invis, start="true" ];
	q0 [label = "q0"];
	q1 [label = "q1"];
	q2 [label = "q2", shape = doublecircle, final="true" ];
	q3 [label = "q3", shape = doublecircle, final="true" ];
	q4 [label = "q4"];
	q5 [label = "q5", shape = doublecircle, final="true" ];
	m0 [label = "", shape = square, style = filled, color=grey, fixedsize=true, width=.2];
	m1 [label = "", shape = square, style = filled, color=grey, fixedsize=true, width=.2];
	m2 [label = "", shape = square, style = filled, color=grey, fixedsize=true, width=.2];
	m3 [label = "", shape = square, style = filled, color=grey, fixedsize=true, width=.2];
	m4 [label = "", shape = square, style = filled, color=grey, fixedsize=true, width=.2];
	m5 [label = "", shape = square, style = filled, color=grey, fixedsize=true, width=.2];
	m6 [label = "", shape = square, style = filled, color=grey, fixedsize=true, width=.2];
	m7 [label = "", shape = square, style = filled, color=grey, fixedsize=true, width=.2];
	s0 -> q2
	s1 -> q2
	q3 -> q1 [label = "c"];
	q4 -> q3 [label = "a"];
	q2 -> q3 [label = "a"];
	q2 -> q0 [label = "a, c"];
	q4 -> q1 [label = "a"];
	q0 -> m0 [label = "a"];
	q3 -> m0 [label = "a"];
	q3 -> m7 [label = "c"];
	q0 -> q0 [label = "b, c"];
	q0 -> q4 [label = "c"];
	q4 -> q5 [label = "c"];
	q0 -> q2 [label = "a"];
	q2 -> q2 [label = "b"];
	q5 -> q0 [label = "a"];
	q5 -> q1 [label = "c"];
	q5 -> m1 [label = "c"];
	q1 -> q4 [label = "b, c"];
	q1 -> m3 [label = "a"];
	q0 -> m2 [label = "b"];
	q1 -> q5 [label = "a"];
	q3 -> q5 [label = "b"];
	q3 -> m4 [label = "b"];
	q1 -> q1 [label = "b, c"];
	q3 -> m5 [label = "a"];
	q2 -> m1 [label = "b"];
	q5 -> q3 [label = "a, b"];
	q4 -> q2 [label = "c"];
	q4 -> q0 [label = "b"];
	q4 -> q4 [label = "b"];
	q2 -> m6 [label = "c"];
	q5 -> q4 [label = "b"];
	m0 -> q3;
	m0 -> q5;
	m1 -> q0;
	m1 -> q2;
	m2 -> q0;
	m2 -> q1;
	m3 -> q1;
	m3 -> q2;
	m4 -> q1;
	m4 -> q4;
	m5 -> q2;
	m5 -> q4;
	m6 -> q1;
	m6 -> q3;
	m7 -> q3;
	m7 -> q4;
}

L* output after 5 EQ and 1082 MQ:
digraph finite_state_machine {
	rankdir=LR;
	node [shape = circle];
	s0 [shape = point, style = invis, start="true" ];
	q0 [label = "q0", shape = doublecircle, final="true" ];
	q1 [label = "q1", shape = doublecircle, final="true" ];
	q2 [label = "q2", shape = doublecircle, final="true" ];
	q3 [label = "q3", shape = doublecircle, final="true" ];
	q4 [label = "q4", shape = doublecircle, final="true" ];
	q5 [label = "q5"];
	q6 [label = "q6", shape = doublecircle, final="true" ];
	q7 [label = "q7"];
	q8 [label = "q8"];
	q9 [label = "q9", shape = doublecircle, final="true" ];
	q10 [label = "q10", shape = doublecircle, final="true" ];
	q11 [label = "q11", shape = doublecircle, final="true" ];
	q12 [label = "q12", shape = doublecircle, final="true" ];
	q13 [label = "q13"];
	q14 [label = "q14", shape = doublecircle, final="true" ];
	q15 [label = "q15", shape = doublecircle, final="true" ];
	q16 [label = "q16", shape = doublecircle, final="true" ];
	s0 -> q4
	q11 -> q6 [label = "a"];
	q15 -> q8 [label = "c"];
	q9 -> q15 [label = "a"];
	q14 -> q10 [label = "b"];
	q14 -> q8 [label = "c"];
	q12 -> q7 [label = "c"];
	q4 -> q5 [label = "c"];
	q12 -> q14 [label = "a"];
	q3 -> q8 [label = "c"];
	q8 -> q10 [label = "c"];
	q14 -> q1 [label = "a"];
	q6 -> q8 [label = "c"];
	q12 -> q10 [label = "b"];
	q4 -> q4 [label = "b"];
	q1 -> q13 [label = "c"];
	q11 -> q13 [label = "c"];
	q6 -> q11 [label = "a"];
	q0 -> q10 [label = "b"];
	q9 -> q8 [label = "c"];
	q0 -> q15 [label = "a"];
	q15 -> q3 [label = "a"];
	q10 -> q10 [label = "b, c"];
	q16 -> q6 [label = "a"];
	q3 -> q3 [label = "a"];
	q1 -> q0 [label = "b"];
	q15 -> q10 [label = "b"];
	q13 -> q8 [label = "b, c"];
	q11 -> q12 [label = "b"];
	q0 -> q7 [label = "c"];
	q13 -> q16 [label = "a"];
	q5 -> q8 [label = "c"];
	q16 -> q13 [label = "c"];
	q5 -> q7 [label = "b"];
	q8 -> q9 [label = "a"];
	q2 -> q10 [label = "b"];
	q3 -> q9 [label = "b"];
	q8 -> q8 [label = "b"];
	q1 -> q6 [label = "a"];
	q10 -> q9 [label = "a"];
	q7 -> q8 [label = "b, c"];
	q7 -> q15 [label = "a"];
	q2 -> q9 [label = "a, c"];
	q5 -> q11 [label = "a"];
	q9 -> q10 [label = "b"];
	q4 -> q6 [label = "a"];
	q16 -> q2 [label = "b"];
	q6 -> q9 [label = "b"];
}
DFA size: 17 states

NL* output after 6 EQ and 1018 MQ:
digraph finite_state_machine {
	rankdir=LR;
	node [shape = circle];
	s0 [shape = point, style = invis, start="true" ];
	q0 [label = "q0", shape = doublecircle, final="true" ];
	q1 [label = "q1", shape = doublecircle, final="true" ];
	q2 [label = "q2"];
	q3 [label = "q3"];
	q4 [label = "q4"];
	q5 [label = "q5", shape = doublecircle, final="true" ];
	q6 [label = "q6", shape = doublecircle, final="true" ];
	q7 [label = "q7", shape = doublecircle, final="true" ];
	q8 [label = "q8"];
	q9 [label = "q9", shape = doublecircle, final="true" ];
	q10 [label = "q10", shape = doublecircle, final="true" ];
	q11 [label = "q11", shape = doublecircle, final="true" ];
	q12 [label = "q12", shape = doublecircle, final="true" ];
	s0 -> q1
	q9 -> q11 [label = "b"];
	q9 -> q10 [label = "b"];
	q9 -> q9 [label = "b"];
	q9 -> q7 [label = "b"];
	q7 -> q8 [label = "b, c"];
	q7 -> q3 [label = "b, c"];
	q7 -> q1 [label = "b"];
	q10 -> q2 [label = "a, c"];
	q3 -> q6 [label = "a"];
	q4 -> q12 [label = "a, c"];
	q1 -> q2 [label = "a, c"];
	q4 -> q2 [label = "a, b, c"];
	q7 -> q9 [label = "a, b"];
	q5 -> q8 [label = "b, c"];
	q7 -> q6 [label = "b"];
	q3 -> q5 [label = "a"];
	q4 -> q8 [label = "a, b, c"];
	q5 -> q5 [label = "b"];
	q11 -> q12 [label = "a, b, c"];
	q11 -> q2 [label = "a, b, c"];
	q5 -> q2 [label = "b, c"];
	q4 -> q7 [label = "a, c"];
	q7 -> q5 [label = "a, b"];
	q5 -> q9 [label = "b"];
	q6 -> q8 [label = "c"];
	q4 -> q9 [label = "a, c"];
	q12 -> q0 [label = "b"];
	q3 -> q2 [label = "a, b, c"];
	q0 -> q10 [label = "a, b"];
	q4 -> q3 [label = "a, b, c"];
	q7 -> q7 [label = "b"];
	q11 -> q8 [label = "a, b, c"];
	q8 -> q6 [label = "a"];
	q9 -> q3 [label = "b, c"];
	q12 -> q12 [label = "b"];
	q9 -> q1 [label = "a, b"];
	q5 -> q3 [label = "b, c"];
	q11 -> q7 [label = "a, b, c"];
	q9 -> q2 [label = "b, c"];
	q9 -> q8 [label = "b, c"];
	q0 -> q5 [label = "a, b"];
	q11 -> q5 [label = "a, b, c"];
	q7 -> q2 [label = "a, b, c"];
	q11 -> q10 [label = "a, b, c"];
	q9 -> q4 [label = "b, c"];
	q7 -> q0 [label = "b"];
	q11 -> q1 [label = "a, b, c"];
	q12 -> q6 [label = "b"];
	q11 -> q6 [label = "a, b, c"];
	q1 -> q5 [label = "a"];
	q12 -> q7 [label = "b"];
	q3 -> q12 [label = "a"];
	q2 -> q3 [label = "b, c"];
	q10 -> q11 [label = "b"];
	q12 -> q1 [label = "b"];
	q11 -> q3 [label = "a, b, c"];
	q12 -> q10 [label = "b"];
	q7 -> q4 [label = "b"];
	q6 -> q1 [label = "b"];
	q10 -> q6 [label = "b"];
	q6 -> q2 [label = "a, c"];
	q11 -> q11 [label = "b"];
	q5 -> q12 [label = "b"];
	q4 -> q0 [label = "a, c"];
	q6 -> q5 [label = "a"];
	q10 -> q8 [label = "c"];
	q3 -> q4 [label = "b, c"];
	q11 -> q9 [label = "a, b, c"];
	q8 -> q3 [label = "b, c"];
	q3 -> q8 [label = "b, c"];
	q5 -> q1 [label = "a, b"];
	q1 -> q1 [label = "b"];
	q4 -> q5 [label = "a, c"];
	q7 -> q10 [label = "b"];
	q7 -> q11 [label = "b"];
	q7 -> q12 [label = "b"];
	q3 -> q1 [label = "a"];
	q3 -> q9 [label = "a"];
	q3 -> q10 [label = "a"];
	q5 -> q4 [label = "c"];
	q4 -> q1 [label = "a, c"];
	q4 -> q6 [label = "a, c"];
	q4 -> q10 [label = "a, c"];
	q0 -> q2 [label = "a, b, c"];
	q0 -> q3 [label = "b, c"];
	q0 -> q4 [label = "b"];
	q0 -> q8 [label = "b, c"];
	q6 -> q6 [label = "b"];
	q6 -> q7 [label = "b"];
	q4 -> q4 [label = "b, c"];
	q6 -> q10 [label = "b"];
	q5 -> q7 [label = "b"];
	q10 -> q5 [label = "a"];
	q9 -> q5 [label = "b"];
	q6 -> q12 [label = "b"];
	q10 -> q7 [label = "b"];
	q5 -> q0 [label = "b"];
	q2 -> q1 [label = "a"];
	q2 -> q6 [label = "a"];
	q0 -> q0 [label = "b"];
	q10 -> q1 [label = "b"];
	q0 -> q1 [label = "a, b"];
	q0 -> q7 [label = "b"];
	q0 -> q6 [label = "a, b"];
	q0 -> q9 [label = "a, b"];
	q0 -> q11 [label = "b"];
	q10 -> q12 [label = "b"];
	q0 -> q12 [label = "a, b"];
	q2 -> q2 [label = "b, c"];
	q4 -> q11 [label = "c"];
	q12 -> q2 [label = "a, c"];
	q2 -> q4 [label = "c"];
	q3 -> q3 [label = "b, c"];
	q12 -> q8 [label = "c"];
	q12 -> q5 [label = "a"];
	q5 -> q10 [label = "b"];
	q11 -> q0 [label = "a, b, c"];
	q10 -> q0 [label = "b"];
	q10 -> q10 [label = "b"];
	q2 -> q8 [label = "b, c"];
	q8 -> q1 [label = "a"];
	q8 -> q10 [label = "a"];
	q5 -> q6 [label = "a, b"];
	q8 -> q12 [label = "a"];
	q8 -> q2 [label = "b, c"];
	q8 -> q4 [label = "b, c"];
	q8 -> q8 [label = "b, c"];
	q9 -> q0 [label = "b"];
	q11 -> q4 [label = "b"];
	q9 -> q6 [label = "a, b"];
	q9 -> q12 [label = "a, b"];
}
NFA size: 13 states

AL* output after 8 EQ and 677 MQ:
digraph finite_state_machine {
	rankdir=LR;
	node [shape = circle];
	s0 [shape = point, style = invis, start="true" ];
	s1 [shape = point, style = invis, start="true" ];
	q0 [label = "q0"];
	q1 [label = "q1", shape = doublecircle, final="true" ];
	q2 [label = "q2", shape = doublecircle, final="true" ];
	q3 [label = "q3", shape = doublecircle, final="true" ];
	q4 [label = "q4"];
	q5 [label = "q5", shape = doublecircle, final="true" ];
	q6 [label = "q6", shape = doublecircle, final="true" ];
	q7 [label = "q7", shape = doublecircle, final="true" ];
	m0 [label = "", shape = square, style = filled, color=grey, fixedsize=true, width=.2];
	m1 [label = "", shape = square, style = filled, color=grey, fixedsize=true, width=.2];
	m2 [label = "", shape = square, style = filled, color=grey, fixedsize=true, width=.2];
	m3 [label = "", shape = square, style = filled, color=grey, fixedsize=true, width=.2];
	m4 [label = "", shape = square, style = filled, color=grey, fixedsize=true, width=.2];
	m5 [label = "", shape = square, style = filled, color=grey, fixedsize=true, width=.2];
	m6 [label = "", shape = square, style = filled, color=grey, fixedsize=true, width=.2];
	s0 -> m0
	s1 -> m1
	q3 -> m4 [label = "c"];
	q1 -> m2 [label = "c"];
	q5 -> m0 [label = "a, b"];
	q1 -> m4 [label = "b"];
	q6 -> m4 [label = "c"];
	q2 -> m2 [label = "b"];
	q6 -> m1 [label = "c"];
	q6 -> m5 [label = "a"];
	q1 -> m0 [label = "a, b"];
	q0 -> m3 [label = "a, b, c"];
	q0 -> m2 [label = "b, c"];
	q4 -> m0 [label = "a"];
	q6 -> m2 [label = "b"];
	q1 -> m3 [label = "b, c"];
	q7 -> m1 [label = "b"];
	q2 -> m0 [label = "a, b, c"];
	q7 -> m0 [label = "a, b"];
	q0 -> m0 [label = "a, c"];
	q4 -> m3 [label = "b, c"];
	q3 -> m0 [label = "a, b"];
	q2 -> m3 [label = "a, b, c"];
	q2 -> m1 [label = "a, c"];
	q2 -> m4 [label = "a, c"];
	q4 -> m5 [label = "a"];
	q7 -> m3 [label = "a, c"];
	q4 -> m1 [label = "a"];
	q1 -> m1 [label = "a, b"];
	q3 -> m3 [label = "a, c"];
	q0 -> m4 [label = "a"];
	q5 -> m3 [label = "a, c"];
	q1 -> m6 [label = "a"];
	q5 -> m1 [label = "b"];
	q3 -> m2 [label = "b"];
	q6 -> m3 [label = "a, b, c"];
	q4 -> m2 [label = "b, c"];
	q0 -> m1 [label = "a"];
	q6 -> m0 [label = "a, b"];
	q7 -> m4 [label = "b, c"];
	m0 -> q1;
	m0 -> q2;
	m0 -> q3;
	m0 -> q5;
	m0 -> q6;
	m0 -> q7;
	m1 -> q0;
	m1 -> q2;
	m1 -> q3;
	m1 -> q5;
	m1 -> q6;
	m1 -> q7;
	m2 -> q0;
	m2 -> q2;
	m3 -> q0;
	m3 -> q1;
	m3 -> q4;
	m4 -> q0;
	m4 -> q2;
	m4 -> q4;
	m4 -> q6;
	m5 -> q0;
	m5 -> q2;
	m5 -> q3;
	m5 -> q4;
	m5 -> q6;
	m6 -> q0;
	m6 -> q1;
	m6 -> q2;
	m6 -> q3;
	m6 -> q4;
	m6 -> q6;
	m6 -> q7;
}
AFA size: 8 states

AL** output after 9 EQ and 677 MQ:
digraph finite_state_machine {
	rankdir=LR;
	node [shape = circle];
	s0 [shape = point, style = invis, start="true" ];
	s1 [shape = point, style = invis, start="true" ];
	q0 [label = "q0"];
	q1 [label = "q1", shape = doublecircle, final="true" ];
	q2 [label = "q2", shape = doublecircle, final="true" ];
	q3 [label = "q3", shape = doublecircle, final="true" ];
	q4 [label = "q4"];
	q5 [label = "q5", shape = doublecircle, final="true" ];
	q6 [label = "q6", shape = doublecircle, final="true" ];
	q7 [label = "q7", shape = doublecircle, final="true" ];
	m0 [label = "", shape = square, style = filled, color=grey, fixedsize=true, width=.2];
	m1 [label = "", shape = square, style = filled, color=grey, fixedsize=true, width=.2];
	m2 [label = "", shape = square, style = filled, color=grey, fixedsize=true, width=.2];
	m3 [label = "", shape = square, style = filled, color=grey, fixedsize=true, width=.2];
	m4 [label = "", shape = square, style = filled, color=grey, fixedsize=true, width=.2];
	m5 [label = "", shape = square, style = filled, color=grey, fixedsize=true, width=.2];
	m6 [label = "", shape = square, style = filled, color=grey, fixedsize=true, width=.2];
	s0 -> m0
	s1 -> m1
	q3 -> m4 [label = "c"];
	q1 -> m2 [label = "c"];
	q5 -> m0 [label = "a, b"];
	q1 -> m4 [label = "b"];
	q6 -> m4 [label = "c"];
	q2 -> m2 [label = "b"];
	q6 -> m1 [label = "c"];
	q6 -> m5 [label = "a"];
	q1 -> m0 [label = "a, b"];
	q0 -> m3 [label = "a, b, c"];
	q0 -> m2 [label = "b, c"];
	q4 -> m0 [label = "a"];
	q6 -> m2 [label = "b"];
	q1 -> m3 [label = "b, c"];
	q7 -> m1 [label = "b"];
	q2 -> m0 [label = "a, b, c"];
	q7 -> m0 [label = "a, b"];
	q0 -> m0 [label = "a, c"];
	q4 -> m3 [label = "b, c"];
	q3 -> m0 [label = "a, b"];
	q2 -> m3 [label = "a, b, c"];
	q2 -> m1 [label = "a, c"];
	q2 -> m4 [label = "a, c"];
	q4 -> m5 [label = "a"];
	q7 -> m3 [label = "a, c"];
	q4 -> m1 [label = "a"];
	q1 -> m1 [label = "a, b"];
	q3 -> m3 [label = "a, c"];
	q0 -> m4 [label = "a"];
	q5 -> m3 [label = "a, c"];
	q1 -> m6 [label = "a"];
	q5 -> m1 [label = "b"];
	q3 -> m2 [label = "b"];
	q6 -> m3 [label = "a, b, c"];
	q4 -> m2 [label = "b, c"];
	q0 -> m1 [label = "a"];
	q6 -> m0 [label = "a, b"];
	q7 -> m4 [label = "b, c"];
	m0 -> q1;
	m0 -> q2;
	m0 -> q3;
	m0 -> q5;
	m0 -> q6;
	m0 -> q7;
	m1 -> q0;
	m1 -> q2;
	m1 -> q3;
	m1 -> q5;
	m1 -> q6;
	m1 -> q7;
	m2 -> q0;
	m2 -> q2;
	m3 -> q0;
	m3 -> q1;
	m3 -> q4;
	m4 -> q0;
	m4 -> q2;
	m4 -> q4;
	m4 -> q6;
	m5 -> q0;
	m5 -> q2;
	m5 -> q3;
	m5 -> q4;
	m5 -> q6;
	m6 -> q0;
	m6 -> q1;
	m6 -> q2;
	m6 -> q3;
	m6 -> q4;
	m6 -> q6;
	m6 -> q7;
}
RAFA size: 8 states

