Random target AFA:
digraph finite_state_machine {
	rankdir=LR;
	node [shape = circle];
	s0 [shape = point, style = invis, start="true" ];
	s1 [shape = point, style = invis, start="true" ];
	q0 [label = "q0"];
	q1 [label = "q1"];
	q2 [label = "q2"];
	q3 [label = "q3", shape = doublecircle, final="true" ];
	q4 [label = "q4"];
	q5 [label = "q5", shape = doublecircle, final="true" ];
	m0 [label = "", shape = square, style = filled, color=grey, fixedsize=true, width=.2];
	m1 [label = "", shape = square, style = filled, color=grey, fixedsize=true, width=.2];
	m2 [label = "", shape = square, style = filled, color=grey, fixedsize=true, width=.2];
	m3 [label = "", shape = square, style = filled, color=grey, fixedsize=true, width=.2];
	m4 [label = "", shape = square, style = filled, color=grey, fixedsize=true, width=.2];
	m5 [label = "", shape = square, style = filled, color=grey, fixedsize=true, width=.2];
	m6 [label = "", shape = square, style = filled, color=grey, fixedsize=true, width=.2];
	m7 [label = "", shape = square, style = filled, color=grey, fixedsize=true, width=.2];
	m8 [label = "", shape = square, style = filled, color=grey, fixedsize=true, width=.2];
	m9 [label = "", shape = square, style = filled, color=grey, fixedsize=true, width=.2];
	m10 [label = "", shape = square, style = filled, color=grey, fixedsize=true, width=.2];
	s0 -> q1
	s1 -> q0
	q5 -> q0 [label = "b"];
	q4 -> m6 [label = "a"];
	q2 -> m5 [label = "a"];
	q5 -> m4 [label = "c"];
	q1 -> m7 [label = "b"];
	q0 -> q1 [label = "b"];
	q2 -> q3 [label = "b"];
	q4 -> q0 [label = "a"];
	q3 -> q5 [label = "a"];
	q3 -> q2 [label = "a, c"];
	q5 -> q3 [label = "b"];
	q2 -> m9 [label = "c"];
	q5 -> q2 [label = "a"];
	q0 -> m1 [label = "a"];
	q3 -> m10 [label = "c"];
	q0 -> m2 [label = "a"];
	q1 -> q5 [label = "c"];
	q4 -> q1 [label = "c"];
	q4 -> m0 [label = "c"];
	q0 -> q2 [label = "c"];
	q5 -> q4 [label = "c"];
	q4 -> m8 [label = "b"];
	q2 -> m3 [label = "a, b"];
	q1 -> q3 [label = "a"];
	q1 -> q4 [label = "a, b, c"];
	q3 -> q3 [label = "b"];
	q0 -> m4 [label = "b"];
	q5 -> m3 [label = "a"];
	q0 -> m5 [label = "c"];
	q4 -> q3 [label = "b"];
	q2 -> q0 [label = "c"];
	m0 -> q2;
	m0 -> q3;
	m1 -> q0;
	m1 -> q2;
	m2 -> q0;
	m2 -> q4;
	m3 -> q1;
	m3 -> q2;
	m4 -> q0;
	m4 -> q3;
	m5 -> q4;
	m5 -> q5;
	m6 -> q0;
	m6 -> q1;
	m7 -> q1;
	m7 -> q4;
	m8 -> q0;
	m8 -> q5;
	m9 -> q3;
	m9 -> q4;
	m10 -> q2;
	m10 -> q5;
}

L* output after 14 EQ and 59502 MQ:
digraph finite_state_machine {
	rankdir=LR;
	node [shape = circle];
	s0 [shape = point, style = invis, start="true" ];
	q0 [label = "q0"];
	q1 [label = "q1"];
	q2 [label = "q2"];
	q3 [label = "q3"];
	q4 [label = "q4"];
	q5 [label = "q5", shape = doublecircle, final="true" ];
	q6 [label = "q6", shape = doublecircle, final="true" ];
	q7 [label = "q7", shape = doublecircle, final="true" ];
	q8 [label = "q8", shape = doublecircle, final="true" ];
	q9 [label = "q9", shape = doublecircle, final="true" ];
	q10 [label = "q10"];
	q11 [label = "q11", shape = doublecircle, final="true" ];
	q12 [label = "q12", shape = doublecircle, final="true" ];
	q13 [label = "q13", shape = doublecircle, final="true" ];
	q14 [label = "q14", shape = doublecircle, final="true" ];
	q15 [label = "q15", shape = doublecircle, final="true" ];
	q16 [label = "q16", shape = doublecircle, final="true" ];
	q17 [label = "q17", shape = doublecircle, final="true" ];
	q18 [label = "q18", shape = doublecircle, final="true" ];
	q19 [label = "q19", shape = doublecircle, final="true" ];
	q20 [label = "q20", shape = doublecircle, final="true" ];
	q21 [label = "q21", shape = doublecircle, final="true" ];
	q22 [label = "q22"];
	q23 [label = "q23", shape = doublecircle, final="true" ];
	q24 [label = "q24", shape = doublecircle, final="true" ];
	q25 [label = "q25"];
	q26 [label = "q26"];
	q27 [label = "q27"];
	q28 [label = "q28"];
	q29 [label = "q29"];
	q30 [label = "q30"];
	q31 [label = "q31"];
	q32 [label = "q32"];
	q33 [label = "q33"];
	q34 [label = "q34"];
	q35 [label = "q35"];
	q36 [label = "q36"];
	q37 [label = "q37"];
	q38 [label = "q38", shape = doublecircle, final="true" ];
	q39 [label = "q39"];
	q40 [label = "q40"];
	q41 [label = "q41", shape = doublecircle, final="true" ];
	q42 [label = "q42", shape = doublecircle, final="true" ];
	q43 [label = "q43"];
	q44 [label = "q44", shape = doublecircle, final="true" ];
	q45 [label = "q45", shape = doublecircle, final="true" ];
	q46 [label = "q46", shape = doublecircle, final="true" ];
	q47 [label = "q47"];
	q48 [label = "q48", shape = doublecircle, final="true" ];
	q49 [label = "q49"];
	q50 [label = "q50"];
	q51 [label = "q51"];
	q52 [label = "q52"];
	q53 [label = "q53"];
	q54 [label = "q54", shape = doublecircle, final="true" ];
	q55 [label = "q55", shape = doublecircle, final="true" ];
	q56 [label = "q56", shape = doublecircle, final="true" ];
	q57 [label = "q57", shape = doublecircle, final="true" ];
	q58 [label = "q58"];
	q59 [label = "q59"];
	q60 [label = "q60"];
	q61 [label = "q61", shape = doublecircle, final="true" ];
	q62 [label = "q62"];
	q63 [label = "q63"];
	q64 [label = "q64"];
	q65 [label = "q65", shape = doublecircle, final="true" ];
	q66 [label = "q66"];
	q67 [label = "q67", shape = doublecircle, final="true" ];
	q68 [label = "q68", shape = doublecircle, final="true" ];
	q69 [label = "q69", shape = doublecircle, final="true" ];
	q70 [label = "q70"];
	q71 [label = "q71", shape = doublecircle, final="true" ];
	q72 [label = "q72", shape = doublecircle, final="true" ];
	q73 [label = "q73", shape = doublecircle, final="true" ];
	q74 [label = "q74", shape = doublecircle, final="true" ];
	q75 [label = "q75", shape = doublecircle, final="true" ];
	q76 [label = "q76"];
	q77 [label = "q77"];
	q78 [label = "q78"];
	q79 [label = "q79"];
	q80 [label = "q80"];
	q81 [label = "q81"];
	q82 [label = "q82"];
	q83 [label = "q83"];
	q84 [label = "q84", shape = doublecircle, final="true" ];
	q85 [label = "q85"];
	q86 [label = "q86"];
	q87 [label = "q87"];
	q88 [label = "q88"];
	q89 [label = "q89"];
	q90 [label = "q90", shape = doublecircle, final="true" ];
	q91 [label = "q91"];
	q92 [label = "q92"];
	q93 [label = "q93"];
	q94 [label = "q94"];
	q95 [label = "q95"];
	q96 [label = "q96", shape = doublecircle, final="true" ];
	q97 [label = "q97"];
	q98 [label = "q98", shape = doublecircle, final="true" ];
	q99 [label = "q99"];
	q100 [label = "q100"];
	q101 [label = "q101"];
	q102 [label = "q102"];
	q103 [label = "q103", shape = doublecircle, final="true" ];
	q104 [label = "q104"];
	q105 [label = "q105", shape = doublecircle, final="true" ];
	q106 [label = "q106", shape = doublecircle, final="true" ];
	q107 [label = "q107", shape = doublecircle, final="true" ];
	q108 [label = "q108", shape = doublecircle, final="true" ];
	q109 [label = "q109"];
	q110 [label = "q110"];
	q111 [label = "q111"];
	q112 [label = "q112", shape = doublecircle, final="true" ];
	q113 [label = "q113", shape = doublecircle, final="true" ];
	q114 [label = "q114", shape = doublecircle, final="true" ];
	q115 [label = "q115"];
	q116 [label = "q116", shape = doublecircle, final="true" ];
	q117 [label = "q117"];
	q118 [label = "q118"];
	q119 [label = "q119"];
	q120 [label = "q120", shape = doublecircle, final="true" ];
	q121 [label = "q121", shape = doublecircle, final="true" ];
	q122 [label = "q122", shape = doublecircle, final="true" ];
	q123 [label = "q123"];
	q124 [label = "q124", shape = doublecircle, final="true" ];
	q125 [label = "q125"];
	q126 [label = "q126"];
	q127 [label = "q127", shape = doublecircle, final="true" ];
	q128 [label = "q128", shape = doublecircle, final="true" ];
	q129 [label = "q129", shape = doublecircle, final="true" ];
	q130 [label = "q130"];
	q131 [label = "q131"];
	q132 [label = "q132", shape = doublecircle, final="true" ];
	q133 [label = "q133"];
	q134 [label = "q134"];
	q135 [label = "q135"];
	q136 [label = "q136", shape = doublecircle, final="true" ];
	q137 [label = "q137"];
	q138 [label = "q138", shape = doublecircle, final="true" ];
	q139 [label = "q139", shape = doublecircle, final="true" ];
	q140 [label = "q140"];
	q141 [label = "q141", shape = doublecircle, final="true" ];
	q142 [label = "q142"];
	q143 [label = "q143"];
	q144 [label = "q144", shape = doublecircle, final="true" ];
	q145 [label = "q145", shape = doublecircle, final="true" ];
	q146 [label = "q146"];
	q147 [label = "q147"];
	q148 [label = "q148"];
	q149 [label = "q149", shape = doublecircle, final="true" ];
	q150 [label = "q150"];
	q151 [label = "q151"];
	q152 [label = "q152"];
	q153 [label = "q153"];
	q154 [label = "q154"];
	q155 [label = "q155", shape = doublecircle, final="true" ];
	q156 [label = "q156"];
	q157 [label = "q157"];
	q158 [label = "q158"];
	q159 [label = "q159"];
	q160 [label = "q160"];
	q161 [label = "q161"];
	q162 [label = "q162"];
	q163 [label = "q163"];
	q164 [label = "q164"];
	q165 [label = "q165"];
	q166 [label = "q166", shape = doublecircle, final="true" ];
	q167 [label = "q167"];
	q168 [label = "q168"];
	q169 [label = "q169", shape = doublecircle, final="true" ];
	q170 [label = "q170"];
	q171 [label = "q171"];
	q172 [label = "q172", shape = doublecircle, final="true" ];
	q173 [label = "q173", shape = doublecircle, final="true" ];
	q174 [label = "q174"];
	q175 [label = "q175", shape = doublecircle, final="true" ];
	q176 [label = "q176", shape = doublecircle, final="true" ];
	q177 [label = "q177", shape = doublecircle, final="true" ];
	q178 [label = "q178", shape = doublecircle, final="true" ];
	q179 [label = "q179", shape = doublecircle, final="true" ];
	q180 [label = "q180", shape = doublecircle, final="true" ];
	q181 [label = "q181", shape = doublecircle, final="true" ];
	q182 [label = "q182", shape = doublecircle, final="true" ];
	q183 [label = "q183"];
	q184 [label = "q184"];
	q185 [label = "q185", shape = doublecircle, final="true" ];
	q186 [label = "q186"];
	q187 [label = "q187"];
	q188 [label = "q188"];
	q189 [label = "q189"];
	q190 [label = "q190"];
	q191 [label = "q191"];
	q192 [label = "q192", shape = doublecircle, final="true" ];
	q193 [label = "q193"];
	q194 [label = "q194"];
	q195 [label = "q195"];
	q196 [label = "q196", shape = doublecircle, final="true" ];
	q197 [label = "q197", shape = doublecircle, final="true" ];
	q198 [label = "q198", shape = doublecircle, final="true" ];
	q199 [label = "q199", shape = doublecircle, final="true" ];
	q200 [label = "q200", shape = doublecircle, final="true" ];
	q201 [label = "q201", shape = doublecircle, final="true" ];
	s0 -> q117
	q179 -> q140 [label = "c"];
	q181 -> q19 [label = "b"];
	q183 -> q150 [label = "a"];
	q182 -> q120 [label = "a"];
	q181 -> q136 [label = "a"];
	q183 -> q54 [label = "b"];
	q179 -> q141 [label = "a"];
	q176 -> q108 [label = "c"];
	q182 -> q200 [label = "b"];
	q182 -> q140 [label = "c"];
	q176 -> q90 [label = "a"];
	q172 -> q179 [label = "b"];
	q180 -> q199 [label = "b"];
	q173 -> q113 [label = "a"];
	q169 -> q112 [label = "b"];
	q173 -> q160 [label = "c"];
	q171 -> q69 [label = "b"];
	q172 -> q119 [label = "a"];
	q168 -> q171 [label = "c"];
	q174 -> q121 [label = "c"];
	q168 -> q67 [label = "b"];
	q172 -> q147 [label = "c"];
	q167 -> q169 [label = "a"];
	q163 -> q60 [label = "c"];
	q166 -> q110 [label = "a"];
	q170 -> q159 [label = "c"];
	q164 -> q20 [label = "b"];
	q167 -> q170 [label = "b"];
	q165 -> q76 [label = "a"];
	q161 -> q142 [label = "c"];
	q167 -> q140 [label = "c"];
	q161 -> q167 [label = "b"];
	q165 -> q59 [label = "c"];
	q166 -> q107 [label = "b"];
	q24 -> q11 [label = "b"];
	q17 -> q7 [label = "b"];
	q110 -> q125 [label = "a"];
	q9 -> q192 [label = "b"];
	q10 -> q34 [label = "c"];
	q15 -> q142 [label = "c"];
	q8 -> q74 [label = "b"];
	q175 -> q197 [label = "b"];
	q83 -> q78 [label = "a"];
	q10 -> q52 [label = "a"];
	q8 -> q120 [label = "a"];
	q98 -> q112 [label = "b"];
	q99 -> q25 [label = "c"];
	q122 -> q71 [label = "b"];
	q120 -> q105 [label = "b"];
	q7 -> q142 [label = "c"];
	q62 -> q181 [label = "b"];
	q1 -> q112 [label = "b"];
	q1 -> q50 [label = "c"];
	q195 -> q84 [label = "b"];
	q78 -> q182 [label = "b"];
	q163 -> q67 [label = "b"];
	q157 -> q70 [label = "a"];
	q13 -> q141 [label = "a"];
	q77 -> q181 [label = "b"];
	q12 -> q201 [label = "b"];
	q122 -> q114 [label = "c"];
	q15 -> q141 [label = "a"];
	q180 -> q141 [label = "a"];
	q30 -> q137 [label = "c"];
	q192 -> q74 [label = "b"];
	q21 -> q22 [label = "c"];
	q19 -> q45 [label = "b"];
	q175 -> q114 [label = "c"];
	q16 -> q191 [label = "c"];
	q160 -> q65 [label = "b"];
	q21 -> q120 [label = "a"];
	q88 -> q82 [label = "c"];
	q18 -> q191 [label = "c"];
	q173 -> q196 [label = "b"];
	q27 -> q26 [label = "c"];
	q42 -> q160 [label = "c"];
	q61 -> q140 [label = "c"];
	q69 -> q46 [label = "b"];
	q33 -> q134 [label = "a"];
	q46 -> q141 [label = "a"];
	q19 -> q186 [label = "c"];
	q39 -> q78 [label = "a"];
	q194 -> q125 [label = "a"];
	q122 -> q128 [label = "a"];
	q130 -> q104 [label = "a"];
	q163 -> q2 [label = "a"];
	q48 -> q136 [label = "a"];
	q64 -> q68 [label = "b"];
	q36 -> q122 [label = "b"];
	q50 -> q54 [label = "b"];
	q47 -> q157 [label = "a"];
	q155 -> q141 [label = "a"];
	q14 -> q141 [label = "a"];
	q54 -> q87 [label = "c"];
	q3 -> q125 [label = "a"];
	q20 -> q141 [label = "a"];
	q0 -> q67 [label = "b"];
	q78 -> q125 [label = "a"];
	q1 -> q125 [label = "a"];
	q55 -> q17 [label = "b"];
	q51 -> q4 [label = "a"];
	q53 -> q4 [label = "a"];
	q59 -> q72 [label = "a"];
	q124 -> q75 [label = "c"];
	q50 -> q85 [label = "c"];
	q44 -> q136 [label = "a"];
	q120 -> q130 [label = "c"];
	q22 -> q152 [label = "c"];
	q22 -> q9 [label = "b"];
	q53 -> q67 [label = "b"];
	q80 -> q67 [label = "b"];
	q196 -> q198 [label = "b"];
	q57 -> q72 [label = "b"];
	q84 -> q87 [label = "c"];
	q36 -> q134 [label = "a"];
	q63 -> q32 [label = "c"];
	q60 -> q58 [label = "c"];
	q7 -> q199 [label = "b"];
	q72 -> q160 [label = "c"];
	q57 -> q75 [label = "c"];
	q88 -> q4 [label = "a"];
	q58 -> q65 [label = "b"];
	q108 -> q72 [label = "b"];
	q56 -> q174 [label = "c"];
	q185 -> q141 [label = "a"];
	q11 -> q5 [label = "b"];
	q41 -> q13 [label = "b"];
	q63 -> q181 [label = "b"];
	q60 -> q181 [label = "b"];
	q100 -> q97 [label = "b"];
	q168 -> q76 [label = "a"];
	q62 -> q3 [label = "a"];
	q108 -> q124 [label = "c"];
	q110 -> q95 [label = "c"];
	q107 -> q128 [label = "a"];
	q61 -> q139 [label = "b"];
	q22 -> q10 [label = "a"];
	q99 -> q178 [label = "b"];
	q87 -> q4 [label = "a"];
	q186 -> q61 [label = "b"];
	q71 -> q113 [label = "a"];
	q177 -> q160 [label = "c"];
	q201 -> q120 [label = "a"];
	q2 -> q125 [label = "a"];
	q186 -> q35 [label = "a"];
	q9 -> q120 [label = "a"];
	q199 -> q142 [label = "c"];
	q28 -> q82 [label = "c"];
	q184 -> q188 [label = "a"];
	q4 -> q179 [label = "b"];
	q187 -> q122 [label = "b"];
	q21 -> q8 [label = "b"];
	q189 -> q33 [label = "c"];
	q44 -> q18 [label = "b"];
	q67 -> q87 [label = "c"];
	q20 -> q149 [label = "b"];
	q193 -> q85 [label = "c"];
	q32 -> q122 [label = "b"];
	q191 -> q165 [label = "c"];
	q15 -> q45 [label = "b"];
	q190 -> q179 [label = "b"];
	q70 -> q112 [label = "b"];
	q190 -> q134 [label = "a"];
	q2 -> q66 [label = "c"];
	q134 -> q91 [label = "c"];
	q31 -> q58 [label = "c"];
	q189 -> q201 [label = "b"];
	q119 -> q125 [label = "a"];
	q191 -> q1 [label = "a"];
	q70 -> q70 [label = "a"];
	q23 -> q120 [label = "a"];
	q35 -> q112 [label = "b"];
	q0 -> q85 [label = "c"];
	q63 -> q4 [label = "a"];
	q174 -> q69 [label = "b"];
	q192 -> q120 [label = "a"];
	q54 -> q16 [label = "b"];
	q17 -> q136 [label = "a"];
	q31 -> q67 [label = "b"];
	q26 -> q59 [label = "c"];
	q75 -> q103 [label = "c"];
	q113 -> q107 [label = "b"];
	q67 -> q18 [label = "b"];
	q130 -> q174 [label = "c"];
	q162 -> q1 [label = "a"];
	q85 -> q79 [label = "c"];
	q6 -> q141 [label = "a"];
	q126 -> q122 [label = "b"];
	q62 -> q133 [label = "c"];
	q179 -> q55 [label = "b"];
	q41 -> q141 [label = "a"];
	q64 -> q150 [label = "a"];
	q52 -> q43 [label = "c"];
	q125 -> q70 [label = "a"];
	q194 -> q201 [label = "b"];
	q6 -> q142 [label = "c"];
	q57 -> q127 [label = "a"];
	q127 -> q123 [label = "c"];
	q101 -> q114 [label = "c"];
	q80 -> q137 [label = "c"];
	q97 -> q144 [label = "a"];
	q199 -> q74 [label = "b"];
	q17 -> q159 [label = "c"];
	q61 -> q141 [label = "a"];
	q66 -> q36 [label = "c"];
	q143 -> q23 [label = "b"];
	q11 -> q113 [label = "a"];
	q36 -> q28 [label = "c"];
	q56 -> q44 [label = "b"];
	q59 -> q124 [label = "c"];
	q140 -> q150 [label = "a"];
	q190 -> q51 [label = "c"];
	q56 -> q113 [label = "a"];
	q197 -> q178 [label = "b"];
	q191 -> q61 [label = "b"];
	q97 -> q145 [label = "b"];
	q178 -> q142 [label = "c"];
	q184 -> q23 [label = "b"];
	q5 -> q142 [label = "c"];
	q110 -> q122 [label = "b"];
	q201 -> q198 [label = "b"];
	q107 -> q129 [label = "b"];
	q14 -> q22 [label = "c"];
	q189 -> q70 [label = "a"];
	q200 -> q145 [label = "b"];
	q12 -> q113 [label = "a"];
	q31 -> q3 [label = "a"];
	q188 -> q112 [label = "b"];
	q88 -> q122 [label = "b"];
	q175 -> q128 [label = "a"];
	q200 -> q141 [label = "a"];
	q12 -> q49 [label = "c"];
	q5 -> q198 [label = "b"];
	q143 -> q153 [label = "c"];
	q72 -> q122 [label = "b"];
	q74 -> q141 [label = "a"];
	q40 -> q30 [label = "c"];
	q201 -> q186 [label = "c"];
	q81 -> q137 [label = "c"];
	q101 -> q99 [label = "b"];
	q145 -> q22 [label = "c"];
	q159 -> q165 [label = "c"];
	q49 -> q166 [label = "c"];
	q198 -> q149 [label = "b"];
	q147 -> q158 [label = "c"];
	q195 -> q157 [label = "a"];
	q128 -> q113 [label = "a"];
	q146 -> q156 [label = "c"];
	q9 -> q64 [label = "c"];
	q82 -> q133 [label = "c"];
	q103 -> q127 [label = "a"];
	q187 -> q134 [label = "a"];
	q196 -> q141 [label = "a"];
	q198 -> q141 [label = "a"];
	q77 -> q131 [label = "c"];
	q170 -> q172 [label = "a"];
	q140 -> q187 [label = "c"];
	q64 -> q187 [label = "c"];
	q52 -> q52 [label = "a"];
	q23 -> q140 [label = "c"];
	q16 -> q6 [label = "b"];
	q52 -> q112 [label = "b"];
	q29 -> q181 [label = "b"];
	q55 -> q136 [label = "a"];
	q16 -> q136 [label = "a"];
	q71 -> q174 [label = "c"];
	q121 -> q93 [label = "a"];
	q146 -> q155 [label = "b"];
	q117 -> q115 [label = "b"];
	q187 -> q53 [label = "c"];
	q119 -> q112 [label = "b"];
	q132 -> q107 [label = "b"];
	q197 -> q113 [label = "a"];
	q161 -> q102 [label = "a"];
	q86 -> q4 [label = "a"];
	q71 -> q48 [label = "b"];
	q154 -> q181 [label = "b"];
	q193 -> q68 [label = "b"];
	q145 -> q120 [label = "a"];
	q33 -> q51 [label = "c"];
	q85 -> q4 [label = "a"];
	q145 -> q145 [label = "b"];
	q154 -> q157 [label = "a"];
	q79 -> q67 [label = "b"];
	q95 -> q88 [label = "c"];
	q136 -> q109 [label = "c"];
	q177 -> q179 [label = "b"];
	q197 -> q25 [label = "c"];
	q123 -> q177 [label = "a"];
	q68 -> q140 [label = "c"];
	q185 -> q142 [label = "c"];
	q34 -> q161 [label = "a"];
	q34 -> q68 [label = "b"];
	q117 -> q116 [label = "a"];
	q81 -> q122 [label = "b"];
	q4 -> q0 [label = "c"];
	q135 -> q100 [label = "b"];
	q84 -> q136 [label = "a"];
	q109 -> q126 [label = "a"];
	q19 -> q141 [label = "a"];
	q81 -> q3 [label = "a"];
	q86 -> q80 [label = "c"];
	q75 -> q127 [label = "a"];
	q192 -> q186 [label = "c"];
	q164 -> q37 [label = "c"];
	q65 -> q113 [label = "a"];
	q82 -> q122 [label = "b"];
	q69 -> q160 [label = "c"];
	q23 -> q13 [label = "b"];
	q141 -> q119 [label = "a"];
	q20 -> q140 [label = "c"];
	q83 -> q181 [label = "b"];
	q198 -> q142 [label = "c"];
	q76 -> q175 [label = "b"];
	q74 -> q22 [label = "c"];
	q39 -> q29 [label = "c"];
	q51 -> q67 [label = "b"];
	q70 -> q47 [label = "c"];
	q156 -> q122 [label = "b"];
	q58 -> q103 [label = "c"];
	q77 -> q76 [label = "a"];
	q73 -> q49 [label = "c"];
	q0 -> q134 [label = "a"];
	q58 -> q72 [label = "a"];
	q162 -> q168 [label = "c"];
	q60 -> q3 [label = "a"];
	q86 -> q179 [label = "b"];
	q158 -> q2 [label = "a"];
	q79 -> q133 [label = "c"];
	q73 -> q112 [label = "b"];
	q49 -> q177 [label = "a"];
	q65 -> q44 [label = "b"];
	q93 -> q148 [label = "c"];
	q165 -> q122 [label = "b"];
	q75 -> q72 [label = "b"];
	q129 -> q138 [label = "b"];
	q73 -> q113 [label = "a"];
	q46 -> q55 [label = "b"];
	q84 -> q180 [label = "b"];
	q55 -> q191 [label = "c"];
	q4 -> q125 [label = "a"];
	q158 -> q62 [label = "c"];
	q74 -> q145 [label = "b"];
	q11 -> q174 [label = "c"];
	q49 -> q42 [label = "b"];
	q48 -> q191 [label = "c"];
	q114 -> q110 [label = "a"];
	q8 -> q142 [label = "c"];
	q72 -> q113 [label = "a"];
	q68 -> q45 [label = "b"];
	q26 -> q76 [label = "a"];
	q169 -> q119 [label = "a"];
	q90 -> q113 [label = "a"];
	q195 -> q163 [label = "c"];
	q109 -> q123 [label = "c"];
	q102 -> q102 [label = "a"];
	q148 -> q150 [label = "a"];
	q174 -> q73 [label = "a"];
	q68 -> q141 [label = "a"];
	q67 -> q136 [label = "a"];
	q6 -> q199 [label = "b"];
	q141 -> q105 [label = "b"];
	q148 -> q95 [label = "c"];
	q66 -> q150 [label = "a"];
	q42 -> q113 [label = "a"];
	q66 -> q67 [label = "b"];
	q153 -> q68 [label = "b"];
	q125 -> q92 [label = "c"];
	q186 -> q156 [label = "c"];
	q24 -> q114 [label = "c"];
	q48 -> q15 [label = "b"];
	q160 -> q166 [label = "c"];
	q28 -> q4 [label = "a"];
	q18 -> q16 [label = "b"];
	q118 -> q108 [label = "c"];
	q30 -> q181 [label = "b"];
	q171 -> q72 [label = "a"];
	q115 -> q108 [label = "c"];
	q138 -> q113 [label = "a"];
	q183 -> q36 [label = "c"];
	q196 -> q186 [label = "c"];
	q29 -> q59 [label = "c"];
	q27 -> q1 [label = "a"];
	q25 -> q121 [label = "c"];
	q29 -> q76 [label = "a"];
	q28 -> q67 [label = "b"];
	q32 -> q3 [label = "a"];
	q38 -> q108 [label = "c"];
	q181 -> q87 [label = "c"];
	q98 -> q142 [label = "a"];
	q24 -> q128 [label = "a"];
	q144 -> q179 [label = "b"];
	q38 -> q176 [label = "b"];
	q151 -> q126 [label = "a"];
	q85 -> q122 [label = "b"];
	q37 -> q36 [label = "c"];
	q152 -> q191 [label = "c"];
	q162 -> q61 [label = "b"];
	q33 -> q68 [label = "b"];
	q18 -> q136 [label = "a"];
	q102 -> q143 [label = "c"];
	q35 -> q70 [label = "a"];
	q96 -> q147 [label = "c"];
	q37 -> q150 [label = "a"];
	q39 -> q61 [label = "b"];
	q34 -> q27 [label = "c"];
	q76 -> q66 [label = "c"];
	q38 -> q90 [label = "a"];
	q37 -> q179 [label = "b"];
	q180 -> q186 [label = "c"];
	q188 -> q52 [label = "a"];
	q25 -> q12 [label = "a, b"];
	q149 -> q159 [label = "c"];
	q44 -> q191 [label = "c"];
	q42 -> q48 [label = "b"];
	q137 -> q124 [label = "c"];
	q40 -> q2 [label = "a"];
	q45 -> q191 [label = "c"];
	q82 -> q3 [label = "a"];
	q43 -> q41 [label = "b"];
	q47 -> q40 [label = "c"];
	q170 -> q21 [label = "b"];
	q50 -> q134 [label = "a"];
	q43 -> q135 [label = "a"];
	q46 -> q186 [label = "c"];
	q45 -> q136 [label = "a"];
	q131 -> q69 [label = "b"];
	q79 -> q3 [label = "a"];
	q118 -> q176 [label = "b"];
	q200 -> q146 [label = "c"];
	q41 -> q140 [label = "c"];
	q160 -> q177 [label = "a"];
	q157 -> q193 [label = "c"];
	q99 -> q96 [label = "a"];
	q193 -> q134 [label = "a"];
	q118 -> q72 [label = "a"];
	q94 -> q87 [label = "c"];
	q92 -> q134 [label = "a"];
	q94 -> q24 [label = "b"];
	q93 -> q175 [label = "b"];
	q89 -> q135 [label = "a"];
	q91 -> q179 [label = "b"];
	q89 -> q84 [label = "b"];
	q13 -> q74 [label = "b"];
	q91 -> q134 [label = "a"];
	q155 -> q192 [label = "b"];
	q89 -> q83 [label = "c"];
	q109 -> q122 [label = "b"];
	q138 -> q185 [label = "b"];
	q93 -> q125 [label = "a"];
	q95 -> q122 [label = "b"];
	q90 -> q107 [label = "b"];
	q101 -> q116 [label = "a"];
	q147 -> q157 [label = "a"];
	q142 -> q152 [label = "c"];
	q116 -> q112 [label = "b"];
	q43 -> q39 [label = "c"];
	q90 -> q133 [label = "c"];
	q156 -> q63 [label = "c"];
	q92 -> q68 [label = "b"];
	q136 -> q105 [label = "b"];
	q94 -> q134 [label = "a"];
	q91 -> q85 [label = "c"];
	q153 -> q161 [label = "a"];
	q95 -> q134 [label = "a"];
	q96 -> q119 [label = "a"];
	q100 -> q140 [label = "c"];
	q96 -> q122 [label = "b"];
	q87 -> q81 [label = "c"];
	q100 -> q98 [label = "a"];
	q102 -> q100 [label = "b"];
	q78 -> q183 [label = "c"];
	q125 -> q112 [label = "b"];
	q103 -> q103 [label = "c"];
	q97 -> q146 [label = "c"];
	q103 -> q38 [label = "b"];
	q116 -> q111 [label = "c"];
	q104 -> q102 [label = "a"];
	q177 -> q113 [label = "a"];
	q106 -> q122 [label = "b"];
	q104 -> q101 [label = "b"];
	q199 -> q141 [label = "a"];
	q59 -> q69 [label = "b"];
	q106 -> q113 [label = "a"];
	q104 -> q142 [label = "c"];
	q3 -> q122 [label = "b"];
	q112 -> q120 [label = "a"];
	q184 -> q152 [label = "c"];
	q108 -> q127 [label = "a"];
	q105 -> q141 [label = "a"];
	q98 -> q89 [label = "c"];
	q105 -> q175 [label = "b"];
	q69 -> q113 [label = "a"];
	q111 -> q121 [label = "c"];
	q30 -> q3 [label = "a"];
	q105 -> q140 [label = "c"];
	q194 -> q50 [label = "c"];
	q132 -> q110 [label = "a"];
	q10 -> q201 [label = "b"];
	q150 -> q179 [label = "b"];
	q111 -> q173 [label = "b"];
	q178 -> q120 [label = "a"];
	q185 -> q55 [label = "b"];
	q65 -> q160 [label = "c"];
	q106 -> q174 [label = "c"];
	q131 -> q72 [label = "a"];
	q111 -> q73 [label = "a"];
	q158 -> q122 [label = "b"];
	q139 -> q186 [label = "c"];
	q176 -> q56 [label = "b"];
	q7 -> q120 [label = "a"];
	q114 -> q105 [label = "b"];
	q35 -> q33 [label = "c"];
	q112 -> q139 [label = "b"];
	q124 -> q38 [label = "b"];
	q112 -> q140 [label = "c"];
	q116 -> q113 [label = "a"];
	q154 -> q163 [label = "c"];
	q127 -> q122 [label = "b"];
	q113 -> q119 [label = "a"];
	q178 -> q198 [label = "b"];
	q123 -> q176 [label = "b"];
	q115 -> q138 [label = "b"];
	q117 -> q114 [label = "c"];
	q51 -> q31 [label = "c"];
	q129 -> q90 [label = "a"];
	q87 -> q179 [label = "b"];
	q115 -> q106 [label = "a"];
	q119 -> q94 [label = "c"];
	q113 -> q109 [label = "c"];
	q114 -> q118 [label = "c"];
	q120 -> q142 [label = "a"];
	q126 -> q91 [label = "c"];
	q169 -> q195 [label = "c"];
	q121 -> q107 [label = "b"];
	q121 -> q131 [label = "c"];
	q14 -> q8 [label = "b"];
	q126 -> q70 [label = "a"];
	q123 -> q132 [label = "c"];
	q127 -> q113 [label = "a"];
	q83 -> q77 [label = "c"];
	q130 -> q122 [label = "b"];
	q107 -> q114 [label = "c"];
	q132 -> q133 [label = "c"];
	q142 -> q112 [label = "b"];
	q40 -> q179 [label = "b"];
	q128 -> q105 [label = "b"];
	q128 -> q133 [label = "c"];
	q134 -> q179 [label = "b"];
	q32 -> q58 [label = "c"];
	q133 -> q103 [label = "c"];
	q137 -> q72 [label = "a"];
	q135 -> q184 [label = "c"];
	q129 -> q108 [label = "c"];
	q149 -> q21 [label = "b"];
	q5 -> q141 [label = "a"];
	q134 -> q70 [label = "a"];
	q131 -> q103 [label = "c"];
	q164 -> q70 [label = "a"];
	q133 -> q176 [label = "b"];
	q135 -> q102 [label = "a"];
	q133 -> q72 [label = "a"];
	q136 -> q119 [label = "a"];
	q139 -> q149 [label = "b"];
	q141 -> q151 [label = "c"];
	q2 -> q20 [label = "b"];
	q137 -> q65 [label = "b"];
	q139 -> q141 [label = "a"];
	q138 -> q174 [label = "c"];
	q140 -> q179 [label = "b"];
	q142 -> q188 [label = "a"];
	q171 -> q57 [label = "c"];
	q143 -> q188 [label = "a"];
	q144 -> q119 [label = "a"];
	q144 -> q154 [label = "c"];
	q92 -> q86 [label = "c"];
	q47 -> q41 [label = "b"];
	q146 -> q189 [label = "a"];
	q150 -> q190 [label = "c"];
	q166 -> q58 [label = "c"];
	q147 -> q181 [label = "b"];
	q26 -> q67 [label = "b"];
	q76 -> q125 [label = "a"];
	q151 -> q160 [label = "c"];
	q148 -> q122 [label = "b"];
	q3 -> q0 [label = "c"];
	q188 -> q34 [label = "c"];
	q149 -> q136 [label = "a"];
	q80 -> q3 [label = "a"];
	q152 -> q24 [label = "b"];
	q151 -> q122 [label = "b"];
	q53 -> q32 [label = "c"];
	q150 -> q70 [label = "a"];
	q13 -> q186 [label = "c"];
	q152 -> q161 [label = "a"];
	q156 -> q164 [label = "a"];
	q45 -> q14 [label = "b"];
	q153 -> q162 [label = "c"];
	q54 -> q136 [label = "a"];
	q124 -> q127 [label = "a"];
	q159 -> q155 [label = "b"];
	q155 -> q64 [label = "c"];
	q27 -> q61 [label = "b"];
	q157 -> q112 [label = "b"];
	q159 -> q194 [label = "a"];
}
DFA size: 202 states

NL* output after 17 EQ and 25783 MQ:
digraph finite_state_machine {
	rankdir=LR;
	node [shape = circle];
	s0 [shape = point, style = invis, start="true" ];
	s1 [shape = point, style = invis, start="true" ];
	s2 [shape = point, style = invis, start="true" ];
	s3 [shape = point, style = invis, start="true" ];
	s4 [shape = point, style = invis, start="true" ];
	s5 [shape = point, style = invis, start="true" ];
	s6 [shape = point, style = invis, start="true" ];
	q0 [label = "q0", shape = doublecircle, final="true" ];
	q1 [label = "q1"];
	q2 [label = "q2"];
	q3 [label = "q3"];
	q4 [label = "q4"];
	q5 [label = "q5"];
	q6 [label = "q6", shape = doublecircle, final="true" ];
	q7 [label = "q7"];
	q8 [label = "q8"];
	q9 [label = "q9"];
	q10 [label = "q10"];
	q11 [label = "q11"];
	q12 [label = "q12"];
	q13 [label = "q13"];
	q14 [label = "q14", shape = doublecircle, final="true" ];
	q15 [label = "q15"];
	q16 [label = "q16", shape = doublecircle, final="true" ];
	q17 [label = "q17"];
	q18 [label = "q18"];
	q19 [label = "q19"];
	q20 [label = "q20", shape = doublecircle, final="true" ];
	q21 [label = "q21"];
	q22 [label = "q22", shape = doublecircle, final="true" ];
	q23 [label = "q23", shape = doublecircle, final="true" ];
	q24 [label = "q24"];
	q25 [label = "q25"];
	q26 [label = "q26"];
	q27 [label = "q27"];
	q28 [label = "q28"];
	q29 [label = "q29"];
	q30 [label = "q30"];
	q31 [label = "q31"];
	q32 [label = "q32", shape = doublecircle, final="true" ];
	q33 [label = "q33", shape = doublecircle, final="true" ];
	q34 [label = "q34"];
	q35 [label = "q35"];
	q36 [label = "q36"];
	q37 [label = "q37"];
	q38 [label = "q38"];
	q39 [label = "q39", shape = doublecircle, final="true" ];
	q40 [label = "q40", shape = doublecircle, final="true" ];
	q41 [label = "q41", shape = doublecircle, final="true" ];
	q42 [label = "q42"];
	q43 [label = "q43"];
	q44 [label = "q44"];
	q45 [label = "q45"];
	q46 [label = "q46"];
	q47 [label = "q47"];
	q48 [label = "q48", shape = doublecircle, final="true" ];
	q49 [label = "q49"];
	q50 [label = "q50"];
	q51 [label = "q51"];
	q52 [label = "q52", shape = doublecircle, final="true" ];
	s0 -> q25
	s1 -> q31
	s2 -> q36
	s3 -> q37
	s4 -> q42
	s5 -> q43
	s6 -> q47
	q41 -> q13 [label = "c"];
	q45 -> q26 [label = "a"];
	q45 -> q17 [label = "a"];
	q47 -> q43 [label = "b"];
	q41 -> q49 [label = "b"];
	q41 -> q47 [label = "b, c"];
	q41 -> q43 [label = "b"];
	q41 -> q31 [label = "b, c"];
	q41 -> q23 [label = "b"];
	q41 -> q22 [label = "b"];
	q41 -> q16 [label = "b"];
	q43 -> q48 [label = "a"];
	q47 -> q21 [label = "c"];
	q47 -> q15 [label = "c"];
	q41 -> q46 [label = "a"];
	q43 -> q49 [label = "b"];
	q45 -> q42 [label = "c"];
	q45 -> q38 [label = "c"];
	q45 -> q31 [label = "c"];
	q45 -> q28 [label = "c"];
	q45 -> q47 [label = "c"];
	q45 -> q13 [label = "c"];
	q45 -> q12 [label = "c"];
	q40 -> q50 [label = "c"];
	q41 -> q15 [label = "a"];
	q40 -> q38 [label = "c"];
	q40 -> q36 [label = "c"];
	q40 -> q35 [label = "c"];
	q40 -> q28 [label = "c"];
	q40 -> q13 [label = "c"];
	q40 -> q12 [label = "c"];
	q40 -> q5 [label = "c"];
	q40 -> q2 [label = "c"];
	q44 -> q46 [label = "a"];
	q44 -> q15 [label = "a"];
	q46 -> q52 [label = "b"];
	q46 -> q14 [label = "b"];
	q40 -> q43 [label = "b, c"];
	q40 -> q25 [label = "b, c"];
	q40 -> q23 [label = "b"];
	q40 -> q22 [label = "b"];
	q40 -> q20 [label = "b"];
	q40 -> q16 [label = "b"];
	q40 -> q46 [label = "a, c"];
	q40 -> q37 [label = "a, b, c"];
	q40 -> q34 [label = "a"];
	q46 -> q20 [label = "b"];
	q40 -> q31 [label = "a, b, c"];
	q42 -> q43 [label = "b"];
	q44 -> q42 [label = "c"];
	q44 -> q5 [label = "c"];
	q35 -> q45 [label = "c"];
	q35 -> q24 [label = "c"];
	q34 -> q31 [label = "c"];
	q34 -> q29 [label = "c"];
	q34 -> q27 [label = "c"];
	q34 -> q19 [label = "c"];
	q34 -> q11 [label = "c"];
	q34 -> q4 [label = "c"];
	q39 -> q47 [label = "a, b"];
	q39 -> q37 [label = "a, b"];
	q39 -> q20 [label = "b"];
	q39 -> q14 [label = "b"];
	q39 -> q5 [label = "b"];
	q46 -> q33 [label = "b"];
	q39 -> q49 [label = "b, c"];
	q39 -> q45 [label = "c"];
	q39 -> q44 [label = "b, c"];
	q39 -> q36 [label = "b, c"];
	q39 -> q31 [label = "a, b, c"];
	q39 -> q24 [label = "c"];
	q39 -> q18 [label = "b, c"];
	q39 -> q15 [label = "c"];
	q39 -> q13 [label = "c"];
	q39 -> q7 [label = "c"];
	q40 -> q30 [label = "a, c"];
	q39 -> q3 [label = "c"];
	q35 -> q37 [label = "a"];
	q33 -> q22 [label = "b"];
	q37 -> q15 [label = "c"];
	q35 -> q22 [label = "b"];
	q35 -> q6 [label = "b"];
	q33 -> q46 [label = "a"];
	q33 -> q41 [label = "a"];
	q33 -> q15 [label = "a"];
	q38 -> q52 [label = "b"];
	q38 -> q36 [label = "b"];
	q38 -> q33 [label = "b"];
	q38 -> q22 [label = "b"];
	q41 -> q14 [label = "b"];
	q39 -> q35 [label = "c"];
	q38 -> q20 [label = "b"];
	q38 -> q18 [label = "b"];
	q38 -> q14 [label = "b"];
	q40 -> q26 [label = "a, c"];
	q36 -> q35 [label = "a, b"];
	q36 -> q31 [label = "a"];
	q36 -> q16 [label = "a"];
	q36 -> q6 [label = "a"];
	q38 -> q51 [label = "c"];
	q38 -> q45 [label = "c"];
	q38 -> q44 [label = "c"];
	q45 -> q5 [label = "c"];
	q37 -> q36 [label = "b"];
	q38 -> q24 [label = "c"];
	q38 -> q21 [label = "c"];
	q38 -> q15 [label = "c"];
	q34 -> q42 [label = "a, c"];
	q34 -> q15 [label = "a, c"];
	q32 -> q43 [label = "b"];
	q32 -> q33 [label = "b"];
	q32 -> q25 [label = "b"];
	q32 -> q23 [label = "b"];
	q32 -> q14 [label = "b"];
	q32 -> q6 [label = "b"];
	q36 -> q51 [label = "c"];
	q36 -> q48 [label = "a, c"];
	q36 -> q42 [label = "a, c"];
	q36 -> q41 [label = "c"];
	q36 -> q40 [label = "c"];
	q36 -> q32 [label = "c"];
	q36 -> q29 [label = "c"];
	q36 -> q24 [label = "c"];
	q41 -> q37 [label = "b, c"];
	q36 -> q17 [label = "c"];
	q36 -> q15 [label = "c"];
	q34 -> q49 [label = "b"];
	q34 -> q43 [label = "b"];
	q34 -> q6 [label = "b"];
	q32 -> q46 [label = "a, c"];
	q32 -> q52 [label = "b"];
	q32 -> q42 [label = "a"];
	q32 -> q21 [label = "a"];
	q40 -> q3 [label = "c"];
	q35 -> q42 [label = "a"];
	q31 -> q42 [label = "a"];
	q29 -> q52 [label = "b"];
	q29 -> q49 [label = "b"];
	q29 -> q25 [label = "b"];
	q29 -> q23 [label = "b"];
	q29 -> q20 [label = "b"];
	q29 -> q6 [label = "b"];
	q27 -> q44 [label = "c"];
	q27 -> q29 [label = "c"];
	q32 -> q16 [label = "b"];
	q27 -> q21 [label = "c"];
	q40 -> q8 [label = "c"];
	q35 -> q7 [label = "c"];
	q27 -> q19 [label = "c"];
	q27 -> q17 [label = "c"];
	q30 -> q46 [label = "a"];
	q32 -> q44 [label = "a, c"];
	q30 -> q15 [label = "a"];
	q34 -> q23 [label = "b"];
	q28 -> q49 [label = "b"];
	q28 -> q43 [label = "b"];
	q28 -> q36 [label = "b"];
	q28 -> q33 [label = "b"];
	q28 -> q22 [label = "b"];
	q28 -> q18 [label = "b"];
	q28 -> q16 [label = "b"];
	q28 -> q14 [label = "b"];
	q26 -> q44 [label = "c"];
	q26 -> q24 [label = "c"];
	q26 -> q19 [label = "c"];
	q26 -> q5 [label = "c"];
	q34 -> q34 [label = "c"];
	q25 -> q44 [label = "c"];
	q41 -> q25 [label = "b"];
	q25 -> q29 [label = "c"];
	q25 -> q24 [label = "c"];
	q25 -> q19 [label = "c"];
	q31 -> q44 [label = "c"];
	q25 -> q49 [label = "b"];
	q29 -> q29 [label = "c"];
	q29 -> q17 [label = "c"];
	q29 -> q15 [label = "c"];
	q29 -> q8 [label = "c"];
	q40 -> q14 [label = "b"];
	q27 -> q25 [label = "b"];
	q34 -> q26 [label = "c"];
	q27 -> q22 [label = "b"];
	q46 -> q6 [label = "b"];
	q27 -> q16 [label = "b"];
	q25 -> q48 [label = "a"];
	q25 -> q46 [label = "a, c"];
	q30 -> q20 [label = "b"];
	q39 -> q23 [label = "b"];
	q30 -> q6 [label = "b"];
	q24 -> q50 [label = "c"];
	q24 -> q47 [label = "c"];
	q39 -> q33 [label = "b"];
	q24 -> q42 [label = "c"];
	q24 -> q31 [label = "c"];
	q24 -> q28 [label = "c"];
	q24 -> q13 [label = "c"];
	q24 -> q5 [label = "c"];
	q35 -> q32 [label = "a"];
	q30 -> q44 [label = "c"];
	q30 -> q19 [label = "c"];
	q34 -> q47 [label = "c"];
	q39 -> q42 [label = "a, b, c"];
	q26 -> q46 [label = "a"];
	q34 -> q22 [label = "b"];
	q26 -> q15 [label = "a"];
	q35 -> q47 [label = "a"];
	q24 -> q49 [label = "b"];
	q24 -> q33 [label = "b"];
	q24 -> q6 [label = "b"];
	q28 -> q45 [label = "c"];
	q28 -> q42 [label = "a, c"];
	q28 -> q21 [label = "c"];
	q28 -> q17 [label = "c"];
	q26 -> q50 [label = "c"];
	q28 -> q15 [label = "c"];
	q29 -> q46 [label = "a, c"];
	q28 -> q10 [label = "c"];
	q28 -> q3 [label = "c"];
	q26 -> q52 [label = "b"];
	q26 -> q33 [label = "b"];
	q26 -> q20 [label = "b"];
	q39 -> q27 [label = "a"];
	q26 -> q6 [label = "b"];
	q28 -> q44 [label = "c"];
	q24 -> q17 [label = "a"];
	q24 -> q15 [label = "a"];
	q23 -> q48 [label = "a"];
	q23 -> q42 [label = "a"];
	q23 -> q41 [label = "a"];
	q23 -> q32 [label = "a"];
	q23 -> q29 [label = "a"];
	q23 -> q17 [label = "a"];
	q21 -> q33 [label = "b"];
	q19 -> q50 [label = "c"];
	q47 -> q44 [label = "c"];
	q19 -> q26 [label = "c"];
	q19 -> q13 [label = "c"];
	q19 -> q5 [label = "c"];
	q9 -> q49 [label = "b"];
	q9 -> q43 [label = "b"];
	q19 -> q47 [label = "c"];
	q9 -> q36 [label = "b"];
	q38 -> q49 [label = "b"];
	q9 -> q22 [label = "b"];
	q37 -> q44 [label = "c"];
	q38 -> q50 [label = "c"];
	q9 -> q20 [label = "b"];
	q9 -> q14 [label = "b"];
	q9 -> q6 [label = "b"];
	q15 -> q50 [label = "c"];
	q11 -> q43 [label = "b"];
	q30 -> q43 [label = "b"];
	q11 -> q25 [label = "b"];
	q11 -> q23 [label = "b"];
	q11 -> q22 [label = "b"];
	q11 -> q20 [label = "b"];
	q9 -> q50 [label = "c"];
	q11 -> q49 [label = "b"];
	q9 -> q46 [label = "a, c"];
	q26 -> q8 [label = "c"];
	q28 -> q47 [label = "a"];
	q2 -> q6 [label = "b"];
	q27 -> q20 [label = "b"];
	q12 -> q1 [label = "c"];
	q15 -> q52 [label = "b"];
	q6 -> q46 [label = "a"];
	q9 -> q5 [label = "c"];
	q38 -> q6 [label = "b"];
	q7 -> q18 [label = "a, b"];
	q25 -> q15 [label = "c"];
	q15 -> q22 [label = "b"];
	q15 -> q20 [label = "b"];
	q9 -> q42 [label = "a, c"];
	q39 -> q17 [label = "c"];
	q9 -> q19 [label = "c"];
	q30 -> q42 [label = "a, c"];
	q5 -> q22 [label = "b"];
	q17 -> q5 [label = "c"];
	q4 -> q28 [label = "c"];
	q10 -> q50 [label = "c"];
	q21 -> q50 [label = "c"];
	q1 -> q31 [label = "a, c"];
	q10 -> q47 [label = "a, c"];
	q34 -> q17 [label = "c"];
	q0 -> q8 [label = "a, b, c"];
	q10 -> q15 [label = "a, c"];
	q10 -> q46 [label = "a, c"];
	q40 -> q21 [label = "a"];
	q25 -> q21 [label = "c"];
	q8 -> q29 [label = "a, c"];
	q40 -> q33 [label = "b"];
	q10 -> q44 [label = "a, c"];
	q10 -> q37 [label = "c"];
	q10 -> q30 [label = "a, c"];
	q19 -> q31 [label = "c"];
	q10 -> q26 [label = "a, c"];
	q9 -> q29 [label = "a, c"];
	q10 -> q17 [label = "a, c"];
	q10 -> q12 [label = "c"];
	q46 -> q22 [label = "b"];
	q29 -> q44 [label = "c"];
	q12 -> q18 [label = "b"];
	q50 -> q16 [label = "b"];
	q12 -> q16 [label = "b"];
	q0 -> q1 [label = "c"];
	q39 -> q10 [label = "c"];
	q14 -> q46 [label = "a"];
	q14 -> q41 [label = "a"];
	q11 -> q47 [label = "c"];
	q41 -> q21 [label = "a"];
	q11 -> q44 [label = "c"];
	q11 -> q31 [label = "c"];
	q11 -> q13 [label = "c"];
	q33 -> q6 [label = "b"];
	q10 -> q52 [label = "b"];
	q11 -> q9 [label = "c"];
	q19 -> q46 [label = "a, c"];
	q11 -> q8 [label = "c"];
	q9 -> q26 [label = "c"];
	q14 -> q48 [label = "a"];
	q40 -> q18 [label = "c"];
	q3 -> q20 [label = "b"];
	q45 -> q37 [label = "c"];
	q13 -> q14 [label = "b"];
	q28 -> q13 [label = "c"];
	q1 -> q33 [label = "a, b"];
	q12 -> q27 [label = "a"];
	q21 -> q6 [label = "b"];
	q13 -> q43 [label = "b"];
	q13 -> q33 [label = "b"];
	q0 -> q28 [label = "a, b"];
	q13 -> q18 [label = "b"];
	q2 -> q49 [label = "b"];
	q13 -> q16 [label = "b"];
	q0 -> q24 [label = "a, c"];
	q12 -> q14 [label = "b"];
	q0 -> q46 [label = "a, b, c"];
	q13 -> q6 [label = "b"];
	q20 -> q46 [label = "a, c"];
	q9 -> q31 [label = "a, c"];
	q13 -> q22 [label = "b"];
	q10 -> q29 [label = "a, c"];
	q51 -> q12 [label = "c"];
	q4 -> q13 [label = "c"];
	q38 -> q43 [label = "b"];
	q20 -> q24 [label = "c"];
	q16 -> q48 [label = "a"];
	q1 -> q1 [label = "c"];
	q47 -> q46 [label = "c"];
	q19 -> q44 [label = "c"];
	q16 -> q46 [label = "a"];
	q16 -> q42 [label = "a"];
	q41 -> q50 [label = "c"];
	q32 -> q15 [label = "a, c"];
	q9 -> q51 [label = "c"];
	q11 -> q46 [label = "a, c"];
	q49 -> q32 [label = "a"];
	q45 -> q2 [label = "c"];
	q16 -> q41 [label = "a"];
	q36 -> q19 [label = "c"];
	q13 -> q42 [label = "a"];
	q16 -> q32 [label = "a"];
	q12 -> q6 [label = "b"];
	q32 -> q49 [label = "b"];
	q16 -> q29 [label = "a"];
	q1 -> q22 [label = "a, b"];
	q36 -> q33 [label = "a"];
	q16 -> q17 [label = "a"];
	q46 -> q50 [label = "c"];
	q33 -> q44 [label = "a"];
	q48 -> q52 [label = "b"];
	q28 -> q24 [label = "c"];
	q0 -> q33 [label = "a, b"];
	q11 -> q26 [label = "c"];
	q9 -> q18 [label = "b"];
	q3 -> q22 [label = "b"];
	q38 -> q25 [label = "b"];
	q16 -> q6 [label = "b"];
	q36 -> q21 [label = "c"];
	q24 -> q14 [label = "b"];
	q2 -> q3 [label = "c"];
	q1 -> q47 [label = "a, c"];
	q18 -> q47 [label = "a"];
	q40 -> q44 [label = "a, c"];
	q40 -> q17 [label = "a, c"];
	q27 -> q43 [label = "b"];
	q18 -> q46 [label = "a"];
	q18 -> q42 [label = "a"];
	q18 -> q31 [label = "a"];
	q20 -> q44 [label = "a, c"];
	q12 -> q33 [label = "b"];
	q12 -> q22 [label = "b"];
	q17 -> q20 [label = "b"];
	q2 -> q42 [label = "a, c"];
	q46 -> q43 [label = "b"];
	q1 -> q12 [label = "c"];
	q12 -> q44 [label = "c"];
	q20 -> q48 [label = "a"];
	q1 -> q17 [label = "a, b, c"];
	q19 -> q20 [label = "b"];
	q16 -> q21 [label = "a, c"];
	q48 -> q6 [label = "b"];
	q15 -> q6 [label = "b"];
	q21 -> q42 [label = "c"];
	q10 -> q13 [label = "c"];
	q48 -> q50 [label = "c"];
	q2 -> q13 [label = "c"];
	q21 -> q37 [label = "c"];
	q26 -> q11 [label = "c"];
	q12 -> q3 [label = "c"];
	q8 -> q5 [label = "c"];
	q26 -> q42 [label = "a, c"];
	q45 -> q14 [label = "b"];
	q32 -> q22 [label = "b"];
	q49 -> q42 [label = "a"];
	q17 -> q50 [label = "c"];
	q7 -> q2 [label = "c"];
	q51 -> q30 [label = "a"];
	q9 -> q3 [label = "c"];
	q35 -> q31 [label = "a"];
	q11 -> q33 [label = "b"];
	q47 -> q42 [label = "a"];
	q9 -> q30 [label = "c"];
	q52 -> q22 [label = "b"];
	q38 -> q47 [label = "a"];
	q19 -> q29 [label = "a, c"];
	q15 -> q5 [label = "c"];
	q48 -> q21 [label = "a"];
	q0 -> q44 [label = "a, b, c"];
	q27 -> q49 [label = "b"];
	q2 -> q33 [label = "b"];
	q11 -> q28 [label = "c"];
	q0 -> q27 [label = "a, b, c"];
	q11 -> q18 [label = "b"];
	q50 -> q14 [label = "b"];
	q48 -> q20 [label = "b"];
	q18 -> q6 [label = "b"];
	q21 -> q47 [label = "c"];
	q48 -> q33 [label = "b"];
	q1 -> q46 [label = "a, c"];
	q23 -> q21 [label = "a, c"];
	q9 -> q24 [label = "c"];
	q10 -> q28 [label = "c"];
	q47 -> q25 [label = "b"];
	q10 -> q31 [label = "a, c"];
	q8 -> q20 [label = "b"];
	q32 -> q50 [label = "c"];
	q9 -> q16 [label = "b"];
	q11 -> q30 [label = "c"];
	q28 -> q27 [label = "a"];
	q0 -> q52 [label = "a, b"];
	q11 -> q17 [label = "a, c"];
	q9 -> q33 [label = "b"];
	q48 -> q22 [label = "b"];
	q48 -> q14 [label = "b"];
	q16 -> q44 [label = "a"];
	q45 -> q6 [label = "b"];
	q36 -> q18 [label = "a, b"];
	q8 -> q46 [label = "a, c"];
	q30 -> q22 [label = "b"];
	q4 -> q49 [label = "b"];
	q39 -> q1 [label = "c"];
	q1 -> q49 [label = "a, b, c"];
	q38 -> q3 [label = "c"];
	q22 -> q41 [label = "a"];
	q50 -> q31 [label = "a"];
	q10 -> q3 [label = "c"];
	q34 -> q21 [label = "c"];
	q19 -> q8 [label = "c"];
	q9 -> q13 [label = "c"];
	q5 -> q43 [label = "b"];
	q3 -> q31 [label = "a"];
	q51 -> q42 [label = "a, c"];
	q39 -> q22 [label = "b"];
	q51 -> q33 [label = "b"];
	q48 -> q13 [label = "c"];
	q33 -> q48 [label = "a"];
	q14 -> q21 [label = "a, c"];
	q32 -> q13 [label = "c"];
	q25 -> q17 [label = "c"];
	q12 -> q37 [label = "a"];
	q46 -> q46 [label = "a"];
	q6 -> q48 [label = "a"];
	q52 -> q48 [label = "a"];
	q41 -> q52 [label = "b"];
	q37 -> q25 [label = "b"];
	q11 -> q27 [label = "c"];
	q10 -> q51 [label = "c"];
	q10 -> q43 [label = "b"];
	q19 -> q30 [label = "c"];
	q0 -> q35 [label = "a, b, c"];
	q22 -> q16 [label = "b"];
	q51 -> q14 [label = "b"];
	q19 -> q6 [label = "b"];
	q50 -> q51 [label = "c"];
	q18 -> q45 [label = "c"];
	q43 -> q46 [label = "a, c"];
	q39 -> q51 [label = "c"];
	q8 -> q13 [label = "c"];
	q32 -> q20 [label = "b"];
	q50 -> q42 [label = "a"];
	q36 -> q44 [label = "c"];
	q10 -> q8 [label = "c"];
	q18 -> q33 [label = "b"];
	q0 -> q34 [label = "a"];
	q30 -> q21 [label = "c"];
	q23 -> q46 [label = "a, c"];
	q52 -> q41 [label = "a"];
	q17 -> q6 [label = "b"];
	q3 -> q44 [label = "a"];
	q29 -> q50 [label = "c"];
	q52 -> q23 [label = "b"];
	q14 -> q6 [label = "b"];
	q43 -> q42 [label = "c"];
	q11 -> q50 [label = "c"];
	q52 -> q6 [label = "b"];
	q34 -> q20 [label = "b"];
	q9 -> q21 [label = "c"];
	q39 -> q52 [label = "b"];
	q3 -> q6 [label = "b"];
	q39 -> q12 [label = "c"];
	q49 -> q46 [label = "a"];
	q37 -> q46 [label = "c"];
	q8 -> q43 [label = "b"];
	q1 -> q35 [label = "a, b, c"];
	q0 -> q12 [label = "c"];
	q15 -> q46 [label = "a"];
	q29 -> q42 [label = "a, c"];
	q51 -> q6 [label = "b"];
	q49 -> q21 [label = "c"];
	q17 -> q44 [label = "c"];
	q12 -> q52 [label = "b"];
	q17 -> q22 [label = "b"];
	q4 -> q16 [label = "b"];
	q51 -> q22 [label = "b"];
	q20 -> q21 [label = "a, c"];
	q51 -> q16 [label = "b"];
	q15 -> q42 [label = "c"];
	q13 -> q31 [label = "a"];
	q41 -> q33 [label = "b"];
	q0 -> q41 [label = "c"];
	q39 -> q21 [label = "c"];
	q51 -> q43 [label = "b"];
	q51 -> q20 [label = "b"];
	q5 -> q3 [label = "c"];
	q51 -> q49 [label = "b"];
	q49 -> q48 [label = "a"];
	q49 -> q24 [label = "c"];
	q1 -> q23 [label = "a"];
	q12 -> q43 [label = "b"];
	q9 -> q17 [label = "a, c"];
	q18 -> q32 [label = "a"];
	q50 -> q20 [label = "b"];
	q45 -> q16 [label = "b"];
	q10 -> q6 [label = "b"];
	q10 -> q42 [label = "a, c"];
	q9 -> q4 [label = "c"];
	q3 -> q5 [label = "c"];
	q41 -> q38 [label = "c"];
	q30 -> q24 [label = "c"];
	q52 -> q46 [label = "a, c"];
	q14 -> q20 [label = "b"];
	q45 -> q49 [label = "b"];
	q1 -> q0 [label = "c"];
	q21 -> q31 [label = "c"];
	q10 -> q38 [label = "c"];
	q40 -> q42 [label = "a, b, c"];
	q34 -> q24 [label = "c"];
	q38 -> q23 [label = "b"];
	q52 -> q16 [label = "b"];
	q43 -> q19 [label = "c"];
	q36 -> q5 [label = "c"];
	q50 -> q49 [label = "b"];
	q43 -> q29 [label = "c"];
	q20 -> q6 [label = "b"];
	q17 -> q46 [label = "a"];
	q12 -> q46 [label = "c"];
	q20 -> q41 [label = "a"];
	q23 -> q44 [label = "a, c"];
	q48 -> q46 [label = "a"];
	q27 -> q4 [label = "c"];
	q50 -> q43 [label = "b"];
	q43 -> q15 [label = "c"];
	q38 -> q16 [label = "b"];
	q1 -> q52 [label = "a, b"];
	q6 -> q15 [label = "a"];
	q9 -> q27 [label = "a, c"];
	q12 -> q7 [label = "c"];
	q5 -> q47 [label = "a"];
	q10 -> q33 [label = "b"];
	q36 -> q46 [label = "a, c"];
	q34 -> q16 [label = "b"];
	q44 -> q22 [label = "b"];
	q39 -> q25 [label = "b, c"];
	q14 -> q44 [label = "a, c"];
	q0 -> q36 [label = "c"];
	q44 -> q33 [label = "b"];
	q19 -> q37 [label = "c"];
	q6 -> q44 [label = "a"];
	q4 -> q27 [label = "c"];
	q50 -> q22 [label = "b"];
	q39 -> q30 [label = "a, c"];
	q19 -> q15 [label = "a, c"];
	q40 -> q47 [label = "a, b, c"];
	q43 -> q21 [label = "c"];
	q7 -> q17 [label = "a, b"];
	q2 -> q50 [label = "c"];
	q3 -> q15 [label = "a"];
	q24 -> q16 [label = "b"];
	q50 -> q33 [label = "b"];
	q0 -> q48 [label = "a, b, c"];
	q44 -> q43 [label = "b"];
	q39 -> q26 [label = "c"];
	q7 -> q5 [label = "c"];
	q1 -> q20 [label = "a, b"];
	q28 -> q52 [label = "b"];
	q26 -> q22 [label = "b"];
	q42 -> q44 [label = "c"];
	q30 -> q11 [label = "c"];
	q19 -> q33 [label = "b"];
	q13 -> q50 [label = "c"];
	q4 -> q52 [label = "b"];
	q44 -> q20 [label = "b"];
	q12 -> q20 [label = "b"];
	q23 -> q6 [label = "b"];
	q25 -> q42 [label = "a, c"];
	q6 -> q21 [label = "a, c"];
	q48 -> q44 [label = "a"];
	q4 -> q43 [label = "b"];
	q20 -> q16 [label = "b"];
	q10 -> q27 [label = "a, c"];
	q36 -> q49 [label = "a, b"];
	q2 -> q31 [label = "a"];
	q14 -> q22 [label = "b"];
	q5 -> q16 [label = "b"];
	q22 -> q21 [label = "a, c"];
	q9 -> q52 [label = "b"];
	q22 -> q46 [label = "a, c"];
	q9 -> q44 [label = "c"];
	q7 -> q12 [label = "c"];
	q23 -> q16 [label = "b"];
	q2 -> q1 [label = "c"];
	q8 -> q23 [label = "b"];
	q16 -> q15 [label = "a"];
	q3 -> q14 [label = "b"];
	q12 -> q30 [label = "a"];
	q17 -> q8 [label = "c"];
	q0 -> q11 [label = "a, c"];
	q22 -> q15 [label = "a, c"];
	q51 -> q13 [label = "c"];
	q39 -> q50 [label = "b, c"];
	q38 -> q13 [label = "c"];
	q0 -> q32 [label = "a, b, c"];
	q43 -> q44 [label = "c"];
	q11 -> q15 [label = "a, c"];
	q29 -> q33 [label = "b"];
	q28 -> q23 [label = "b"];
	q28 -> q46 [label = "c"];
	q19 -> q17 [label = "a, c"];
	q9 -> q15 [label = "a, c"];
	q23 -> q15 [label = "a, c"];
	q0 -> q0 [label = "c"];
	q23 -> q49 [label = "b"];
	q29 -> q14 [label = "b"];
	q17 -> q33 [label = "b"];
	q51 -> q50 [label = "c"];
	q52 -> q15 [label = "a, c"];
	q4 -> q44 [label = "c"];
	q8 -> q31 [label = "a"];
	q41 -> q42 [label = "b, c"];
	q18 -> q48 [label = "a"];
	q44 -> q14 [label = "b"];
	q19 -> q25 [label = "b"];
	q37 -> q42 [label = "a"];
	q1 -> q48 [label = "a, c"];
	q0 -> q22 [label = "a, b"];
	q52 -> q21 [label = "a, c"];
	q11 -> q6 [label = "b"];
	q19 -> q16 [label = "b"];
	q26 -> q21 [label = "c"];
	q1 -> q36 [label = "c"];
	q8 -> q27 [label = "a"];
	q7 -> q47 [label = "c"];
	q10 -> q18 [label = "b"];
	q48 -> q43 [label = "b"];
	q9 -> q10 [label = "c"];
	q2 -> q25 [label = "b"];
	q4 -> q37 [label = "c"];
	q19 -> q22 [label = "b"];
	q10 -> q2 [label = "c"];
	q28 -> q31 [label = "a"];
	q5 -> q44 [label = "c"];
	q27 -> q15 [label = "c"];
	q9 -> q47 [label = "a, c"];
	q0 -> q30 [label = "a, b, c"];
	q31 -> q21 [label = "c"];
	q12 -> q47 [label = "a"];
	q35 -> q33 [label = "b"];
	q5 -> q42 [label = "a"];
	q19 -> q23 [label = "b"];
	q19 -> q43 [label = "b"];
	q17 -> q52 [label = "b"];
	q38 -> q31 [label = "a"];
	q0 -> q13 [label = "a, b, c"];
	q37 -> q21 [label = "c"];
	q21 -> q5 [label = "c"];
	q10 -> q9 [label = "c"];
	q0 -> q47 [label = "a, b, c"];
	q4 -> q26 [label = "c"];
	q45 -> q50 [label = "c"];
	q44 -> q6 [label = "b"];
	q3 -> q2 [label = "c"];
	q8 -> q14 [label = "b"];
	q3 -> q50 [label = "c"];
	q22 -> q48 [label = "a"];
	q5 -> q6 [label = "b"];
	q5 -> q14 [label = "b"];
	q5 -> q20 [label = "b"];
	q0 -> q43 [label = "a, b, c"];
	q0 -> q9 [label = "a"];
	q5 -> q23 [label = "b"];
	q11 -> q37 [label = "c"];
	q1 -> q8 [label = "a, c"];
	q4 -> q23 [label = "b"];
	q39 -> q6 [label = "b"];
	q0 -> q31 [label = "a, b, c"];
	q5 -> q25 [label = "b"];
	q7 -> q51 [label = "c"];
	q0 -> q5 [label = "a, b, c"];
	q52 -> q44 [label = "a, c"];
	q5 -> q33 [label = "b"];
	q45 -> q15 [label = "a"];
	q5 -> q49 [label = "b"];
	q48 -> q15 [label = "a"];
	q0 -> q49 [label = "a, b, c"];
	q7 -> q6 [label = "a, b"];
	q10 -> q20 [label = "b"];
	q6 -> q41 [label = "a"];
	q39 -> q34 [label = "a"];
	q45 -> q33 [label = "b"];
	q7 -> q14 [label = "a, b"];
	q51 -> q31 [label = "a, c"];
	q7 -> q15 [label = "a, b"];
	q7 -> q16 [label = "a, b"];
	q3 -> q52 [label = "b"];
	q7 -> q26 [label = "a, b"];
	q7 -> q33 [label = "a, b"];
	q24 -> q37 [label = "c"];
	q49 -> q6 [label = "b"];
	q12 -> q13 [label = "c"];
	q2 -> q52 [label = "b"];
	q7 -> q35 [label = "a, b"];
	q2 -> q15 [label = "c"];
	q39 -> q43 [label = "b, c"];
	q0 -> q42 [label = "a, b, c"];
	q3 -> q42 [label = "a, c"];
	q2 -> q17 [label = "c"];
	q3 -> q43 [label = "b"];
	q8 -> q51 [label = "c"];
	q38 -> q42 [label = "a"];
	q27 -> q24 [label = "c"];
	q2 -> q51 [label = "c"];
	q1 -> q2 [label = "c"];
	q41 -> q44 [label = "a"];
	q1 -> q51 [label = "c"];
	q29 -> q5 [label = "c"];
	q4 -> q6 [label = "b"];
	q4 -> q14 [label = "b"];
	q2 -> q46 [label = "c"];
	q4 -> q20 [label = "b"];
	q4 -> q22 [label = "b"];
	q4 -> q17 [label = "a, c"];
	q27 -> q42 [label = "a, c"];
	q4 -> q25 [label = "b"];
	q41 -> q5 [label = "c"];
	q34 -> q37 [label = "c"];
	q8 -> q42 [label = "a, c"];
	q19 -> q49 [label = "b"];
	q4 -> q33 [label = "b"];
	q18 -> q24 [label = "c"];
	q3 -> q33 [label = "b"];
	q1 -> q3 [label = "c"];
	q0 -> q20 [label = "a, b"];
	q42 -> q42 [label = "a"];
	q1 -> q5 [label = "a, c"];
	q38 -> q37 [label = "a"];
	q1 -> q15 [label = "a, b, c"];
	q25 -> q18 [label = "b"];
	q1 -> q18 [label = "a, b, c"];
	q1 -> q25 [label = "a, c"];
	q39 -> q16 [label = "b"];
	q1 -> q26 [label = "a, b, c"];
	q35 -> q52 [label = "b"];
	q1 -> q27 [label = "a, c"];
	q35 -> q46 [label = "a"];
	q1 -> q29 [label = "a, c"];
	q1 -> q30 [label = "a, c"];
	q36 -> q45 [label = "c"];
	q17 -> q42 [label = "a, c"];
	q1 -> q32 [label = "a, c"];
	q40 -> q15 [label = "a, c"];
	q1 -> q43 [label = "a, b, c"];
	q0 -> q51 [label = "c"];
	q40 -> q27 [label = "a, c"];
	q1 -> q44 [label = "a, c"];
	q40 -> q6 [label = "b"];
	q43 -> q24 [label = "c"];
	q1 -> q50 [label = "a, c"];
	q5 -> q31 [label = "a"];
	q34 -> q46 [label = "a, c"];
	q7 -> q37 [label = "c"];
	q31 -> q43 [label = "b"];
	q14 -> q24 [label = "c"];
	q3 -> q17 [label = "a"];
	q3 -> q26 [label = "a"];
	q29 -> q16 [label = "b"];
	q3 -> q30 [label = "a"];
	q0 -> q29 [label = "a, b, c"];
	q3 -> q46 [label = "a"];
	q40 -> q49 [label = "b, c"];
	q1 -> q6 [label = "a, b"];
	q22 -> q6 [label = "b"];
	q22 -> q44 [label = "a, c"];
	q1 -> q14 [label = "a, b"];
	q12 -> q17 [label = "c"];
	q1 -> q42 [label = "a, c"];
	q8 -> q8 [label = "c"];
	q19 -> q28 [label = "c"];
	q1 -> q16 [label = "a, b"];
	q7 -> q13 [label = "c"];
	q7 -> q28 [label = "c"];
	q7 -> q31 [label = "c"];
	q14 -> q19 [label = "c"];
	q7 -> q38 [label = "c"];
	q19 -> q14 [label = "b"];
	q7 -> q39 [label = "c"];
	q11 -> q5 [label = "c"];
	q7 -> q42 [label = "c"];
	q7 -> q50 [label = "c"];
	q38 -> q46 [label = "c"];
	q3 -> q16 [label = "b"];
	q27 -> q23 [label = "b"];
	q3 -> q49 [label = "b"];
	q1 -> q37 [label = "a"];
	q51 -> q52 [label = "b"];
	q1 -> q38 [label = "a"];
	q5 -> q15 [label = "c"];
	q43 -> q17 [label = "c"];
	q8 -> q25 [label = "b"];
	q1 -> q28 [label = "a"];
	q5 -> q46 [label = "c"];
	q4 -> q15 [label = "a, c"];
	q29 -> q43 [label = "b"];
	q0 -> q50 [label = "a, b, c"];
	q36 -> q3 [label = "c"];
	q4 -> q29 [label = "a, c"];
	q4 -> q42 [label = "a, c"];
	q28 -> q50 [label = "c"];
	q12 -> q21 [label = "c"];
	q28 -> q20 [label = "b"];
	q4 -> q46 [label = "a, c"];
	q13 -> q20 [label = "b"];
	q0 -> q2 [label = "c"];
	q39 -> q46 [label = "c"];
	q10 -> q16 [label = "b"];
	q28 -> q25 [label = "b"];
	q0 -> q3 [label = "c"];
	q40 -> q52 [label = "b"];
	q37 -> q43 [label = "b"];
	q0 -> q4 [label = "a, c"];
	q29 -> q22 [label = "b"];
	q0 -> q7 [label = "c"];
	q4 -> q47 [label = "c"];
	q0 -> q10 [label = "c"];
	q0 -> q25 [label = "a, b, c"];
	q0 -> q6 [label = "a, b"];
	q0 -> q15 [label = "a, b, c"];
	q0 -> q38 [label = "a, b"];
	q0 -> q18 [label = "a, b, c"];
	q34 -> q30 [label = "c"];
	q0 -> q19 [label = "a, c"];
	q0 -> q21 [label = "a, c"];
	q20 -> q15 [label = "a, c"];
	q0 -> q26 [label = "a, b, c"];
	q9 -> q25 [label = "b"];
	q9 -> q11 [label = "c"];
	q0 -> q40 [label = "c"];
	q28 -> q51 [label = "c"];
	q13 -> q49 [label = "b"];
	q15 -> q33 [label = "b"];
	q0 -> q45 [label = "c"];
	q6 -> q6 [label = "b"];
	q12 -> q49 [label = "b"];
	q2 -> q27 [label = "a"];
	q40 -> q29 [label = "a, c"];
	q2 -> q30 [label = "a"];
	q21 -> q14 [label = "b"];
	q12 -> q50 [label = "c"];
	q35 -> q21 [label = "c"];
	q2 -> q37 [label = "a"];
	q7 -> q49 [label = "a, b"];
	q0 -> q23 [label = "a, b"];
	q34 -> q25 [label = "b"];
	q34 -> q18 [label = "b"];
	q9 -> q45 [label = "c"];
	q23 -> q18 [label = "b"];
	q2 -> q47 [label = "a"];
	q0 -> q14 [label = "a, b"];
	q0 -> q16 [label = "a, b"];
	q34 -> q44 [label = "c"];
	q28 -> q6 [label = "b"];
	q11 -> q29 [label = "a, c"];
	q2 -> q44 [label = "c"];
	q0 -> q37 [label = "a, b"];
	q2 -> q14 [label = "b"];
	q38 -> q7 [label = "c"];
	q9 -> q23 [label = "b"];
	q10 -> q5 [label = "c"];
	q2 -> q16 [label = "b"];
	q12 -> q10 [label = "c"];
	q11 -> q14 [label = "b"];
	q8 -> q47 [label = "a"];
	q2 -> q18 [label = "b"];
	q18 -> q21 [label = "c"];
	q3 -> q13 [label = "c"];
	q2 -> q20 [label = "b"];
	q2 -> q22 [label = "b"];
	q8 -> q16 [label = "b"];
	q26 -> q13 [label = "c"];
	q2 -> q23 [label = "b"];
	q9 -> q8 [label = "c"];
	q2 -> q43 [label = "b"];
	q50 -> q6 [label = "b"];
	q4 -> q5 [label = "c"];
	q4 -> q8 [label = "c"];
	q4 -> q9 [label = "c"];
	q4 -> q30 [label = "c"];
	q4 -> q31 [label = "c"];
	q41 -> q20 [label = "b"];
	q19 -> q42 [label = "a, c"];
	q14 -> q15 [label = "a"];
	q4 -> q50 [label = "c"];
	q12 -> q15 [label = "c"];
	q12 -> q24 [label = "c"];
	q12 -> q42 [label = "a, c"];
	q12 -> q45 [label = "c"];
	q35 -> q48 [label = "a"];
	q27 -> q46 [label = "a, c"];
	q12 -> q51 [label = "c"];
	q10 -> q14 [label = "b"];
	q10 -> q22 [label = "b"];
	q11 -> q42 [label = "a, c"];
	q10 -> q49 [label = "b"];
	q8 -> q50 [label = "c"];
	q0 -> q17 [label = "a, b, c"];
	q8 -> q17 [label = "a, c"];
	q41 -> q6 [label = "b"];
	q34 -> q36 [label = "b"];
	q21 -> q15 [label = "a"];
	q14 -> q42 [label = "c"];
	q33 -> q21 [label = "a, c"];
	q8 -> q6 [label = "b"];
	q8 -> q22 [label = "b"];
	q8 -> q33 [label = "b"];
	q8 -> q49 [label = "b"];
	q12 -> q31 [label = "a"];
	q8 -> q3 [label = "c"];
	q1 -> q13 [label = "a, c"];
	q8 -> q15 [label = "a, c"];
	q8 -> q44 [label = "c"];
	q27 -> q6 [label = "b"];
	q13 -> q13 [label = "c"];
	q13 -> q51 [label = "c"];
	q19 -> q27 [label = "c"];
	q11 -> q16 [label = "b"];
}
NFA size: 53 states

