Random target AFA:
digraph finite_state_machine {
	rankdir=LR;
	node [shape = circle];
	s0 [shape = point, style = invis, start="true" ];
	s1 [shape = point, style = invis, start="true" ];
	q0 [label = "q0", shape = doublecircle, final="true" ];
	q1 [label = "q1"];
	q2 [label = "q2"];
	q3 [label = "q3", shape = doublecircle, final="true" ];
	q4 [label = "q4"];
	q5 [label = "q5", shape = doublecircle, final="true" ];
	m0 [label = "", shape = square, style = filled, color=grey, fixedsize=true, width=.2];
	m1 [label = "", shape = square, style = filled, color=grey, fixedsize=true, width=.2];
	m2 [label = "", shape = square, style = filled, color=grey, fixedsize=true, width=.2];
	m3 [label = "", shape = square, style = filled, color=grey, fixedsize=true, width=.2];
	m4 [label = "", shape = square, style = filled, color=grey, fixedsize=true, width=.2];
	m5 [label = "", shape = square, style = filled, color=grey, fixedsize=true, width=.2];
	m6 [label = "", shape = square, style = filled, color=grey, fixedsize=true, width=.2];
	m7 [label = "", shape = square, style = filled, color=grey, fixedsize=true, width=.2];
	m8 [label = "", shape = square, style = filled, color=grey, fixedsize=true, width=.2];
	s0 -> q2
	s1 -> q2
	q3 -> q2 [label = "c"];
	q3 -> q5 [label = "c"];
	q5 -> q1 [label = "b"];
	q0 -> q3 [label = "c"];
	q2 -> q0 [label = "a"];
	q4 -> q3 [label = "a, b"];
	q0 -> q5 [label = "b"];
	q2 -> q1 [label = "b"];
	q4 -> q1 [label = "b"];
	q2 -> m1 [label = "a"];
	q1 -> q3 [label = "c"];
	q0 -> q0 [label = "a"];
	q0 -> q1 [label = "b, c"];
	q4 -> q0 [label = "c"];
	q5 -> q0 [label = "c"];
	q0 -> m0 [label = "a"];
	q5 -> m7 [label = "a"];
	q4 -> q5 [label = "a, c"];
	q1 -> q0 [label = "b"];
	q1 -> q5 [label = "b"];
	q3 -> m5 [label = "b"];
	q3 -> q1 [label = "b"];
	q1 -> m3 [label = "a"];
	q3 -> q3 [label = "a"];
	q5 -> m2 [label = "c"];
	q1 -> m4 [label = "a"];
	q5 -> m6 [label = "a"];
	q3 -> m1 [label = "a"];
	q1 -> m2 [label = "c"];
	q2 -> m8 [label = "c"];
	q2 -> q3 [label = "c"];
	q5 -> q2 [label = "b"];
	m0 -> q0;
	m0 -> q3;
	m1 -> q0;
	m1 -> q4;
	m2 -> q3;
	m2 -> q5;
	m3 -> q0;
	m3 -> q5;
	m4 -> q2;
	m4 -> q5;
	m5 -> q4;
	m5 -> q5;
	m6 -> q2;
	m6 -> q4;
	m7 -> q1;
	m7 -> q4;
	m8 -> q3;
	m8 -> q4;
}

L* output after 9 EQ and 9677 MQ:
digraph finite_state_machine {
	rankdir=LR;
	node [shape = circle];
	s0 [shape = point, style = invis, start="true" ];
	q0 [label = "q0", shape = doublecircle, final="true" ];
	q1 [label = "q1", shape = doublecircle, final="true" ];
	q2 [label = "q2", shape = doublecircle, final="true" ];
	q3 [label = "q3", shape = doublecircle, final="true" ];
	q4 [label = "q4", shape = doublecircle, final="true" ];
	q5 [label = "q5", shape = doublecircle, final="true" ];
	q6 [label = "q6", shape = doublecircle, final="true" ];
	q7 [label = "q7", shape = doublecircle, final="true" ];
	q8 [label = "q8", shape = doublecircle, final="true" ];
	q9 [label = "q9", shape = doublecircle, final="true" ];
	q10 [label = "q10", shape = doublecircle, final="true" ];
	q11 [label = "q11", shape = doublecircle, final="true" ];
	q12 [label = "q12", shape = doublecircle, final="true" ];
	q13 [label = "q13", shape = doublecircle, final="true" ];
	q14 [label = "q14", shape = doublecircle, final="true" ];
	q15 [label = "q15", shape = doublecircle, final="true" ];
	q16 [label = "q16", shape = doublecircle, final="true" ];
	q17 [label = "q17", shape = doublecircle, final="true" ];
	q18 [label = "q18", shape = doublecircle, final="true" ];
	q19 [label = "q19", shape = doublecircle, final="true" ];
	q20 [label = "q20", shape = doublecircle, final="true" ];
	q21 [label = "q21", shape = doublecircle, final="true" ];
	q22 [label = "q22"];
	q23 [label = "q23", shape = doublecircle, final="true" ];
	q24 [label = "q24", shape = doublecircle, final="true" ];
	q25 [label = "q25", shape = doublecircle, final="true" ];
	q26 [label = "q26", shape = doublecircle, final="true" ];
	q27 [label = "q27"];
	q28 [label = "q28", shape = doublecircle, final="true" ];
	q29 [label = "q29", shape = doublecircle, final="true" ];
	q30 [label = "q30", shape = doublecircle, final="true" ];
	q31 [label = "q31", shape = doublecircle, final="true" ];
	q32 [label = "q32"];
	q33 [label = "q33", shape = doublecircle, final="true" ];
	q34 [label = "q34", shape = doublecircle, final="true" ];
	q35 [label = "q35"];
	q36 [label = "q36", shape = doublecircle, final="true" ];
	q37 [label = "q37"];
	q38 [label = "q38", shape = doublecircle, final="true" ];
	q39 [label = "q39", shape = doublecircle, final="true" ];
	q40 [label = "q40"];
	q41 [label = "q41"];
	q42 [label = "q42"];
	q43 [label = "q43", shape = doublecircle, final="true" ];
	q44 [label = "q44", shape = doublecircle, final="true" ];
	q45 [label = "q45", shape = doublecircle, final="true" ];
	q46 [label = "q46"];
	q47 [label = "q47", shape = doublecircle, final="true" ];
	q48 [label = "q48", shape = doublecircle, final="true" ];
	q49 [label = "q49", shape = doublecircle, final="true" ];
	q50 [label = "q50", shape = doublecircle, final="true" ];
	q51 [label = "q51", shape = doublecircle, final="true" ];
	q52 [label = "q52", shape = doublecircle, final="true" ];
	q53 [label = "q53", shape = doublecircle, final="true" ];
	s0 -> q37
	q45 -> q36 [label = "a"];
	q45 -> q30 [label = "c"];
	q40 -> q53 [label = "c"];
	q44 -> q20 [label = "a"];
	q46 -> q19 [label = "b"];
	q40 -> q20 [label = "a"];
	q44 -> q26 [label = "c"];
	q35 -> q34 [label = "c"];
	q41 -> q34 [label = "c"];
	q38 -> q50 [label = "a"];
	q36 -> q31 [label = "b"];
	q34 -> q28 [label = "c"];
	q37 -> q36 [label = "a"];
	q35 -> q33 [label = "a"];
	q33 -> q41 [label = "b"];
	q37 -> q34 [label = "c"];
	q35 -> q43 [label = "b"];
	q33 -> q27 [label = "a"];
	q38 -> q42 [label = "b"];
	q4 -> q19 [label = "b"];
	q33 -> q26 [label = "c"];
	q10 -> q19 [label = "b"];
	q27 -> q47 [label = "a"];
	q7 -> q20 [label = "a"];
	q13 -> q20 [label = "a"];
	q26 -> q31 [label = "b"];
	q13 -> q16 [label = "b"];
	q1 -> q1 [label = "c"];
	q16 -> q45 [label = "a"];
	q37 -> q35 [label = "b"];
	q39 -> q52 [label = "c"];
	q18 -> q11 [label = "a"];
	q46 -> q34 [label = "c"];
	q5 -> q4 [label = "b"];
	q12 -> q51 [label = "c"];
	q20 -> q20 [label = "a"];
	q31 -> q44 [label = "a"];
	q20 -> q13 [label = "c"];
	q29 -> q29 [label = "a"];
	q16 -> q21 [label = "c"];
	q53 -> q21 [label = "a"];
	q36 -> q36 [label = "a"];
	q16 -> q19 [label = "b"];
	q4 -> q21 [label = "c"];
	q30 -> q19 [label = "b"];
	q19 -> q19 [label = "b"];
	q48 -> q24 [label = "a"];
	q52 -> q46 [label = "b"];
	q14 -> q19 [label = "b"];
	q23 -> q49 [label = "c"];
	q22 -> q21 [label = "c"];
	q23 -> q19 [label = "b"];
	q14 -> q8 [label = "c"];
	q48 -> q53 [label = "c"];
	q17 -> q30 [label = "c"];
	q22 -> q11 [label = "a"];
	q43 -> q16 [label = "b"];
	q25 -> q20 [label = "a"];
	q21 -> q21 [label = "a"];
	q42 -> q17 [label = "a"];
	q49 -> q2 [label = "c"];
	q52 -> q36 [label = "a"];
	q24 -> q20 [label = "a"];
	q12 -> q19 [label = "b"];
	q49 -> q42 [label = "b"];
	q21 -> q12 [label = "c"];
	q47 -> q22 [label = "b"];
	q18 -> q21 [label = "c"];
	q3 -> q16 [label = "b"];
	q26 -> q20 [label = "a"];
	q46 -> q36 [label = "a"];
	q4 -> q5 [label = "a"];
	q51 -> q50 [label = "a"];
	q2 -> q51 [label = "c"];
	q45 -> q14 [label = "b"];
	q17 -> q10 [label = "b"];
	q22 -> q19 [label = "b"];
	q53 -> q2 [label = "c"];
	q10 -> q21 [label = "c"];
	q18 -> q19 [label = "b"];
	q13 -> q49 [label = "c"];
	q36 -> q30 [label = "c"];
	q51 -> q1 [label = "c"];
	q47 -> q20 [label = "a"];
	q14 -> q9 [label = "a"];
	q50 -> q12 [label = "c"];
	q2 -> q16 [label = "b"];
	q11 -> q26 [label = "c"];
	q48 -> q19 [label = "b"];
	q11 -> q20 [label = "a"];
	q50 -> q21 [label = "a"];
	q0 -> q31 [label = "b"];
	q9 -> q13 [label = "c"];
	q29 -> q3 [label = "c"];
	q42 -> q21 [label = "c"];
	q43 -> q15 [label = "c"];
	q3 -> q8 [label = "c"];
	q20 -> q18 [label = "b"];
	q52 -> q0 [label = "c"];
	q39 -> q20 [label = "a"];
	q44 -> q23 [label = "b"];
	q6 -> q5 [label = "a"];
	q7 -> q19 [label = "b"];
	q3 -> q45 [label = "a"];
	q1 -> q19 [label = "b"];
	q7 -> q53 [label = "c"];
	q5 -> q20 [label = "a"];
	q1 -> q50 [label = "a"];
	q40 -> q19 [label = "b"];
	q2 -> q50 [label = "a"];
	q11 -> q7 [label = "b"];
	q17 -> q36 [label = "a"];
	q5 -> q13 [label = "c"];
	q41 -> q24 [label = "a"];
	q8 -> q21 [label = "a"];
	q0 -> q2 [label = "c"];
	q25 -> q26 [label = "c"];
	q32 -> q19 [label = "b"];
	q6 -> q19 [label = "b"];
	q6 -> q8 [label = "c"];
	q8 -> q16 [label = "b"];
	q12 -> q50 [label = "a"];
	q28 -> q45 [label = "a"];
	q8 -> q12 [label = "c"];
	q49 -> q21 [label = "a"];
	q9 -> q20 [label = "a"];
	q15 -> q12 [label = "c"];
	q41 -> q19 [label = "b"];
	q42 -> q19 [label = "b"];
	q15 -> q21 [label = "a"];
	q9 -> q6 [label = "b"];
	q0 -> q21 [label = "a"];
	q32 -> q25 [label = "a"];
	q19 -> q15 [label = "c"];
	q21 -> q31 [label = "b"];
	q23 -> q20 [label = "a"];
	q28 -> q21 [label = "c"];
	q43 -> q45 [label = "a"];
	q34 -> q32 [label = "b"];
	q47 -> q13 [label = "c"];
	q24 -> q48 [label = "b"];
	q15 -> q19 [label = "b"];
	q53 -> q22 [label = "b"];
	q10 -> q9 [label = "a"];
	q30 -> q38 [label = "c"];
	q24 -> q26 [label = "c"];
	q34 -> q29 [label = "a"];
	q27 -> q48 [label = "b"];
	q25 -> q40 [label = "b"];
	q39 -> q32 [label = "b"];
	q19 -> q45 [label = "a"];
	q31 -> q21 [label = "c"];
	q31 -> q19 [label = "b"];
	q51 -> q16 [label = "b"];
	q29 -> q18 [label = "b"];
	q50 -> q14 [label = "b"];
	q26 -> q49 [label = "c"];
	q28 -> q46 [label = "b"];
	q38 -> q51 [label = "c"];
	q30 -> q29 [label = "a"];
	q27 -> q39 [label = "c"];
	q32 -> q21 [label = "c"];
}
DFA size: 54 states

NL* output after 11 EQ and 2847 MQ:
digraph finite_state_machine {
	rankdir=LR;
	node [shape = circle];
	s0 [shape = point, style = invis, start="true" ];
	q0 [label = "q0", shape = doublecircle, final="true" ];
	q1 [label = "q1"];
	q2 [label = "q2", shape = doublecircle, final="true" ];
	q3 [label = "q3", shape = doublecircle, final="true" ];
	q4 [label = "q4", shape = doublecircle, final="true" ];
	q5 [label = "q5", shape = doublecircle, final="true" ];
	q6 [label = "q6"];
	q7 [label = "q7", shape = doublecircle, final="true" ];
	q8 [label = "q8"];
	q9 [label = "q9", shape = doublecircle, final="true" ];
	q10 [label = "q10", shape = doublecircle, final="true" ];
	q11 [label = "q11", shape = doublecircle, final="true" ];
	q12 [label = "q12"];
	q13 [label = "q13", shape = doublecircle, final="true" ];
	q14 [label = "q14", shape = doublecircle, final="true" ];
	q15 [label = "q15"];
	q16 [label = "q16", shape = doublecircle, final="true" ];
	q17 [label = "q17"];
	q18 [label = "q18", shape = doublecircle, final="true" ];
	s0 -> q6
	q9 -> q8 [label = "b"];
	q9 -> q15 [label = "a"];
	q9 -> q4 [label = "a"];
	q11 -> q17 [label = "b"];
	q11 -> q12 [label = "b"];
	q11 -> q11 [label = "b"];
	q13 -> q9 [label = "c"];
	q14 -> q12 [label = "b"];
	q8 -> q14 [label = "b"];
	q8 -> q13 [label = "b"];
	q8 -> q6 [label = "b"];
	q8 -> q4 [label = "b"];
	q8 -> q2 [label = "b"];
	q8 -> q0 [label = "b"];
	q14 -> q5 [label = "c"];
	q8 -> q10 [label = "a, b"];
	q10 -> q17 [label = "b"];
	q10 -> q8 [label = "b"];
	q12 -> q9 [label = "c"];
	q9 -> q12 [label = "b"];
	q4 -> q16 [label = "c"];
	q4 -> q14 [label = "c"];
	q4 -> q0 [label = "c"];
	q11 -> q1 [label = "b"];
	q6 -> q9 [label = "c"];
	q0 -> q18 [label = "b"];
	q0 -> q13 [label = "b"];
	q0 -> q8 [label = "b"];
	q0 -> q1 [label = "b"];
	q0 -> q16 [label = "c"];
	q0 -> q9 [label = "c"];
	q11 -> q5 [label = "a, b"];
	q0 -> q5 [label = "b, c"];
	q0 -> q2 [label = "b, c"];
	q5 -> q16 [label = "c"];
	q5 -> q14 [label = "c"];
	q3 -> q13 [label = "b"];
	q0 -> q15 [label = "a, b"];
	q3 -> q12 [label = "b"];
	q3 -> q11 [label = "b"];
	q3 -> q5 [label = "b"];
	q14 -> q16 [label = "c"];
	q3 -> q1 [label = "b"];
	q3 -> q0 [label = "b"];
	q7 -> q16 [label = "c"];
	q7 -> q14 [label = "c"];
	q7 -> q1 [label = "c"];
	q7 -> q0 [label = "c"];
	q1 -> q13 [label = "b"];
	q1 -> q11 [label = "b"];
	q8 -> q9 [label = "c"];
	q1 -> q8 [label = "b"];
	q1 -> q2 [label = "b"];
	q1 -> q1 [label = "b"];
	q12 -> q0 [label = "b"];
	q2 -> q17 [label = "b"];
	q4 -> q10 [label = "a"];
	q15 -> q8 [label = "b"];
	q14 -> q15 [label = "a"];
	q13 -> q17 [label = "b"];
	q5 -> q8 [label = "b"];
	q7 -> q6 [label = "a"];
	q17 -> q7 [label = "b"];
	q6 -> q16 [label = "c"];
	q7 -> q9 [label = "c"];
	q5 -> q15 [label = "a, b, c"];
	q1 -> q4 [label = "a, b, c"];
	q12 -> q5 [label = "a, b"];
	q11 -> q15 [label = "a, b, c"];
	q11 -> q4 [label = "b, c"];
	q11 -> q14 [label = "b, c"];
	q13 -> q15 [label = "a, b, c"];
	q6 -> q7 [label = "a"];
	q11 -> q10 [label = "a, b, c"];
	q14 -> q9 [label = "c"];
	q0 -> q6 [label = "b, c"];
	q3 -> q14 [label = "b"];
	q14 -> q4 [label = "a, c"];
	q4 -> q15 [label = "a, c"];
	q17 -> q13 [label = "b"];
	q15 -> q4 [label = "a"];
	q1 -> q5 [label = "b"];
	q16 -> q4 [label = "a"];
	q1 -> q12 [label = "b"];
	q17 -> q2 [label = "b"];
	q11 -> q7 [label = "b, c"];
	q1 -> q15 [label = "a, b"];
	q18 -> q8 [label = "b"];
	q3 -> q10 [label = "a, b, c"];
	q11 -> q2 [label = "b"];
	q17 -> q12 [label = "b"];
	q8 -> q7 [label = "b"];
	q17 -> q5 [label = "b"];
	q18 -> q0 [label = "b"];
	q7 -> q7 [label = "a"];
	q17 -> q3 [label = "b"];
	q1 -> q3 [label = "b"];
	q18 -> q16 [label = "b, c"];
	q17 -> q10 [label = "a, b"];
	q11 -> q13 [label = "b"];
	q3 -> q2 [label = "b"];
	q18 -> q15 [label = "a, b, c"];
	q11 -> q8 [label = "b"];
	q11 -> q16 [label = "b, c"];
	q9 -> q9 [label = "a"];
	q17 -> q18 [label = "b"];
	q16 -> q15 [label = "a"];
	q4 -> q12 [label = "b"];
	q9 -> q16 [label = "a"];
	q0 -> q3 [label = "b"];
	q17 -> q6 [label = "b"];
	q11 -> q6 [label = "b, c"];
	q17 -> q9 [label = "c"];
	q12 -> q16 [label = "b, c"];
	q18 -> q3 [label = "b"];
	q3 -> q18 [label = "b"];
	q13 -> q6 [label = "a, b, c"];
	q17 -> q1 [label = "b"];
	q12 -> q15 [label = "b, c"];
	q14 -> q6 [label = "c"];
	q1 -> q9 [label = "c"];
	q18 -> q17 [label = "b"];
	q16 -> q2 [label = "c"];
	q13 -> q4 [label = "a, c"];
	q0 -> q12 [label = "b"];
	q14 -> q10 [label = "a, b, c"];
	q12 -> q4 [label = "b, c"];
	q17 -> q14 [label = "b"];
	q6 -> q8 [label = "b"];
	q13 -> q10 [label = "a, c"];
	q2 -> q7 [label = "a"];
	q3 -> q8 [label = "b"];
	q11 -> q9 [label = "c"];
	q10 -> q15 [label = "a, c"];
	q1 -> q0 [label = "b"];
	q18 -> q1 [label = "b"];
	q8 -> q16 [label = "b, c"];
	q4 -> q8 [label = "b"];
	q11 -> q18 [label = "a, b"];
	q0 -> q4 [label = "a, c"];
	q18 -> q14 [label = "b, c"];
	q11 -> q0 [label = "b"];
	q5 -> q10 [label = "a"];
	q5 -> q17 [label = "b"];
	q17 -> q15 [label = "a, b"];
	q3 -> q17 [label = "b"];
	q5 -> q4 [label = "a"];
	q17 -> q4 [label = "b"];
	q13 -> q8 [label = "b"];
	q17 -> q0 [label = "b"];
	q3 -> q16 [label = "b, c"];
	q1 -> q7 [label = "b"];
	q17 -> q17 [label = "b"];
	q12 -> q7 [label = "b, c"];
	q15 -> q3 [label = "b"];
	q14 -> q3 [label = "b"];
	q17 -> q8 [label = "b"];
	q3 -> q6 [label = "b, c"];
	q12 -> q18 [label = "b"];
	q15 -> q10 [label = "a"];
	q7 -> q4 [label = "a"];
	q15 -> q16 [label = "c"];
	q17 -> q11 [label = "b"];
	q9 -> q13 [label = "c"];
	q14 -> q17 [label = "b"];
	q17 -> q16 [label = "b, c"];
	q16 -> q6 [label = "c"];
	q18 -> q10 [label = "a"];
	q16 -> q12 [label = "b"];
	q16 -> q8 [label = "b"];
	q7 -> q17 [label = "b, c"];
	q5 -> q1 [label = "b"];
	q12 -> q2 [label = "b"];
	q1 -> q18 [label = "b"];
	q12 -> q6 [label = "b, c"];
	q12 -> q11 [label = "b"];
	q2 -> q14 [label = "c"];
	q4 -> q17 [label = "b"];
	q12 -> q12 [label = "b"];
	q13 -> q16 [label = "c"];
	q12 -> q13 [label = "b"];
	q13 -> q14 [label = "c"];
	q12 -> q14 [label = "b, c"];
	q14 -> q8 [label = "b"];
	q18 -> q4 [label = "a"];
	q12 -> q17 [label = "b"];
	q10 -> q14 [label = "c"];
	q0 -> q11 [label = "b"];
	q10 -> q16 [label = "c"];
	q3 -> q15 [label = "a, b"];
	q7 -> q12 [label = "b"];
	q8 -> q15 [label = "b"];
	q8 -> q5 [label = "b"];
	q0 -> q10 [label = "a, b, c"];
	q15 -> q17 [label = "b"];
	q13 -> q7 [label = "a, c"];
	q2 -> q8 [label = "b"];
	q13 -> q18 [label = "a"];
	q9 -> q2 [label = "c"];
	q11 -> q3 [label = "b"];
	q12 -> q1 [label = "b"];
	q12 -> q10 [label = "a, b, c"];
	q2 -> q10 [label = "a, c"];
	q9 -> q6 [label = "c"];
	q16 -> q10 [label = "a, c"];
	q9 -> q10 [label = "a, c"];
	q3 -> q4 [label = "b, c"];
	q3 -> q9 [label = "c"];
	q7 -> q15 [label = "a, c"];
	q6 -> q4 [label = "a"];
	q3 -> q3 [label = "b"];
	q12 -> q8 [label = "b"];
	q2 -> q4 [label = "a, c"];
	q1 -> q14 [label = "b"];
	q2 -> q6 [label = "a, b, c"];
	q14 -> q11 [label = "b"];
	q2 -> q9 [label = "c"];
	q2 -> q15 [label = "a, b, c"];
	q14 -> q2 [label = "c"];
	q1 -> q17 [label = "b"];
	q2 -> q16 [label = "c"];
	q6 -> q6 [label = "a"];
	q4 -> q4 [label = "a"];
	q12 -> q3 [label = "b"];
	q6 -> q10 [label = "a"];
	q0 -> q17 [label = "b"];
	q6 -> q15 [label = "a"];
	q1 -> q6 [label = "b, c"];
	q1 -> q10 [label = "a, b, c"];
	q1 -> q16 [label = "b, c"];
	q7 -> q3 [label = "b, c"];
	q13 -> q5 [label = "a"];
	q7 -> q8 [label = "b, c"];
	q3 -> q7 [label = "b"];
	q7 -> q10 [label = "a, b"];
	q7 -> q11 [label = "b"];
}
NFA size: 19 states

AL* output after 15 EQ and 2660 MQ:
digraph finite_state_machine {
	rankdir=LR;
	node [shape = circle];
	s0 [shape = point, style = invis, start="true" ];
	q0 [label = "q0"];
	q1 [label = "q1", shape = doublecircle, final="true" ];
	q2 [label = "q2", shape = doublecircle, final="true" ];
	q3 [label = "q3"];
	q4 [label = "q4", shape = doublecircle, final="true" ];
	q5 [label = "q5", shape = doublecircle, final="true" ];
	q6 [label = "q6", shape = doublecircle, final="true" ];
	q7 [label = "q7"];
	q8 [label = "q8"];
	q9 [label = "q9", shape = doublecircle, final="true" ];
	m0 [label = "", shape = square, style = filled, color=grey, fixedsize=true, width=.2];
	m1 [label = "", shape = square, style = filled, color=grey, fixedsize=true, width=.2];
	m2 [label = "", shape = square, style = filled, color=grey, fixedsize=true, width=.2];
	m3 [label = "", shape = square, style = filled, color=grey, fixedsize=true, width=.2];
	m4 [label = "", shape = square, style = filled, color=grey, fixedsize=true, width=.2];
	m5 [label = "", shape = square, style = filled, color=grey, fixedsize=true, width=.2];
	m6 [label = "", shape = square, style = filled, color=grey, fixedsize=true, width=.2];
	m7 [label = "", shape = square, style = filled, color=grey, fixedsize=true, width=.2];
	m8 [label = "", shape = square, style = filled, color=grey, fixedsize=true, width=.2];
	m9 [label = "", shape = square, style = filled, color=grey, fixedsize=true, width=.2];
	m10 [label = "", shape = square, style = filled, color=grey, fixedsize=true, width=.2];
	m11 [label = "", shape = square, style = filled, color=grey, fixedsize=true, width=.2];
	m12 [label = "", shape = square, style = filled, color=grey, fixedsize=true, width=.2];
	m13 [label = "", shape = square, style = filled, color=grey, fixedsize=true, width=.2];
	m14 [label = "", shape = square, style = filled, color=grey, fixedsize=true, width=.2];
	s0 -> m0
	q9 -> m14 [label = "b"];
	q9 -> m12 [label = "a"];
	q9 -> m6 [label = "a"];
	q8 -> m5 [label = "b"];
	q2 -> m4 [label = "b"];
	q6 -> m5 [label = "c"];
	q0 -> m4 [label = "b"];
	q0 -> m9 [label = "b"];
	q2 -> m7 [label = "a"];
	q2 -> m6 [label = "a"];
	q0 -> m3 [label = "a, c"];
	q5 -> q6 [label = "c"];
	q1 -> m12 [label = "a"];
	q4 -> q6 [label = "c"];
	q0 -> m7 [label = "a"];
	q1 -> m8 [label = "a"];
	q3 -> m4 [label = "b"];
	q8 -> q6 [label = "c"];
	q3 -> m5 [label = "b"];
	q7 -> q4 [label = "a"];
	q5 -> m4 [label = "b"];
	q5 -> m0 [label = "b"];
	q4 -> m5 [label = "b"];
	q5 -> q4 [label = "a, c"];
	q7 -> q6 [label = "c"];
	q1 -> m7 [label = "a"];
	q2 -> m2 [label = "c"];
	q3 -> q4 [label = "b, c"];
	q5 -> m8 [label = "a"];
	q2 -> m1 [label = "b, c"];
	q8 -> q4 [label = "b"];
	q2 -> m3 [label = "a, b, c"];
	q3 -> m9 [label = "a"];
	q3 -> q6 [label = "c"];
	q4 -> m4 [label = "b, c"];
	q9 -> m3 [label = "c"];
	q6 -> m7 [label = "a"];
	q9 -> m1 [label = "c"];
	q6 -> m4 [label = "b"];
	q6 -> m6 [label = "a"];
	q1 -> m9 [label = "a"];
	q1 -> q4 [label = "b, c"];
	q9 -> m4 [label = "b"];
	q3 -> m11 [label = "a"];
	q6 -> q6 [label = "a"];
	q8 -> m7 [label = "a"];
	q8 -> m9 [label = "a"];
	q6 -> m13 [label = "b"];
	q3 -> m7 [label = "a"];
	q1 -> q6 [label = "c"];
	q6 -> m0 [label = "c"];
	q0 -> m1 [label = "b, c"];
	q7 -> m4 [label = "b"];
	q1 -> m4 [label = "b"];
	q3 -> m10 [label = "a"];
	q9 -> m2 [label = "c"];
	q3 -> m12 [label = "a"];
	q4 -> q4 [label = "a"];
	q1 -> m5 [label = "b"];
	m0 -> q4;
	m0 -> q5;
	m0 -> q7;
	m1 -> q1;
	m1 -> q3;
	m1 -> q5;
	m1 -> q6;
	m2 -> q1;
	m2 -> q3;
	m2 -> q4;
	m2 -> q8;
	m3 -> q4;
	m3 -> q6;
	m4 -> q1;
	m4 -> q3;
	m4 -> q8;
	m5 -> q1;
	m5 -> q5;
	m6 -> q0;
	m6 -> q1;
	m6 -> q2;
	m6 -> q3;
	m6 -> q4;
	m6 -> q8;
	m7 -> q1;
	m7 -> q2;
	m7 -> q3;
	m7 -> q4;
	m7 -> q5;
	m7 -> q9;
	m8 -> q1;
	m8 -> q2;
	m8 -> q3;
	m8 -> q8;
	m9 -> q1;
	m9 -> q2;
	m9 -> q4;
	m9 -> q5;
	m9 -> q6;
	m9 -> q9;
	m10 -> q1;
	m10 -> q2;
	m10 -> q3;
	m10 -> q5;
	m10 -> q8;
	m11 -> q0;
	m11 -> q1;
	m11 -> q2;
	m11 -> q3;
	m11 -> q4;
	m11 -> q6;
	m11 -> q8;
	m12 -> q0;
	m12 -> q2;
	m12 -> q4;
	m12 -> q5;
	m12 -> q6;
	m12 -> q7;
	m13 -> q1;
	m13 -> q3;
	m13 -> q5;
	m14 -> q1;
	m14 -> q2;
	m14 -> q4;
	m14 -> q5;
	m14 -> q6;
	m14 -> q7;
	m14 -> q9;
}
AFA size: 10 states

AL** output after 16 EQ and 2660 MQ:
digraph finite_state_machine {
	rankdir=LR;
	node [shape = circle];
	s0 [shape = point, style = invis, start="true" ];
	q0 [label = "q0"];
	q1 [label = "q1", shape = doublecircle, final="true" ];
	q2 [label = "q2", shape = doublecircle, final="true" ];
	q3 [label = "q3"];
	q4 [label = "q4", shape = doublecircle, final="true" ];
	q5 [label = "q5", shape = doublecircle, final="true" ];
	q6 [label = "q6", shape = doublecircle, final="true" ];
	q7 [label = "q7"];
	q8 [label = "q8"];
	q9 [label = "q9", shape = doublecircle, final="true" ];
	m0 [label = "", shape = square, style = filled, color=grey, fixedsize=true, width=.2];
	m1 [label = "", shape = square, style = filled, color=grey, fixedsize=true, width=.2];
	m2 [label = "", shape = square, style = filled, color=grey, fixedsize=true, width=.2];
	m3 [label = "", shape = square, style = filled, color=grey, fixedsize=true, width=.2];
	m4 [label = "", shape = square, style = filled, color=grey, fixedsize=true, width=.2];
	m5 [label = "", shape = square, style = filled, color=grey, fixedsize=true, width=.2];
	m6 [label = "", shape = square, style = filled, color=grey, fixedsize=true, width=.2];
	m7 [label = "", shape = square, style = filled, color=grey, fixedsize=true, width=.2];
	m8 [label = "", shape = square, style = filled, color=grey, fixedsize=true, width=.2];
	m9 [label = "", shape = square, style = filled, color=grey, fixedsize=true, width=.2];
	m10 [label = "", shape = square, style = filled, color=grey, fixedsize=true, width=.2];
	m11 [label = "", shape = square, style = filled, color=grey, fixedsize=true, width=.2];
	m12 [label = "", shape = square, style = filled, color=grey, fixedsize=true, width=.2];
	m13 [label = "", shape = square, style = filled, color=grey, fixedsize=true, width=.2];
	m14 [label = "", shape = square, style = filled, color=grey, fixedsize=true, width=.2];
	s0 -> m0
	q9 -> m14 [label = "b"];
	q9 -> m12 [label = "a"];
	q9 -> m6 [label = "a"];
	q8 -> m5 [label = "b"];
	q2 -> m4 [label = "b"];
	q6 -> m5 [label = "c"];
	q0 -> m4 [label = "b"];
	q0 -> m9 [label = "b"];
	q2 -> m7 [label = "a"];
	q2 -> m6 [label = "a"];
	q0 -> m3 [label = "a, c"];
	q5 -> q6 [label = "c"];
	q1 -> m12 [label = "a"];
	q4 -> q6 [label = "c"];
	q0 -> m7 [label = "a"];
	q1 -> m8 [label = "a"];
	q3 -> m4 [label = "b"];
	q8 -> q6 [label = "c"];
	q3 -> m5 [label = "b"];
	q7 -> q4 [label = "a"];
	q5 -> m4 [label = "b"];
	q5 -> m0 [label = "b"];
	q4 -> m5 [label = "b"];
	q5 -> q4 [label = "a, c"];
	q7 -> q6 [label = "c"];
	q1 -> m7 [label = "a"];
	q2 -> m2 [label = "c"];
	q3 -> q4 [label = "b, c"];
	q5 -> m8 [label = "a"];
	q2 -> m1 [label = "b, c"];
	q8 -> q4 [label = "b"];
	q2 -> m3 [label = "a, b, c"];
	q3 -> m9 [label = "a"];
	q3 -> q6 [label = "c"];
	q4 -> m4 [label = "b, c"];
	q9 -> m3 [label = "c"];
	q6 -> m7 [label = "a"];
	q9 -> m1 [label = "c"];
	q6 -> m4 [label = "b"];
	q6 -> m6 [label = "a"];
	q1 -> m9 [label = "a"];
	q1 -> q4 [label = "b, c"];
	q9 -> m4 [label = "b"];
	q3 -> m11 [label = "a"];
	q6 -> q6 [label = "a"];
	q8 -> m7 [label = "a"];
	q8 -> m9 [label = "a"];
	q6 -> m13 [label = "b"];
	q3 -> m7 [label = "a"];
	q1 -> q6 [label = "c"];
	q6 -> m0 [label = "c"];
	q0 -> m1 [label = "b, c"];
	q7 -> m4 [label = "b"];
	q1 -> m4 [label = "b"];
	q3 -> m10 [label = "a"];
	q9 -> m2 [label = "c"];
	q3 -> m12 [label = "a"];
	q4 -> q4 [label = "a"];
	q1 -> m5 [label = "b"];
	m0 -> q4;
	m0 -> q5;
	m0 -> q7;
	m1 -> q1;
	m1 -> q3;
	m1 -> q5;
	m1 -> q6;
	m2 -> q1;
	m2 -> q3;
	m2 -> q4;
	m2 -> q8;
	m3 -> q4;
	m3 -> q6;
	m4 -> q1;
	m4 -> q3;
	m4 -> q8;
	m5 -> q1;
	m5 -> q5;
	m6 -> q0;
	m6 -> q1;
	m6 -> q2;
	m6 -> q3;
	m6 -> q4;
	m6 -> q8;
	m7 -> q1;
	m7 -> q2;
	m7 -> q3;
	m7 -> q4;
	m7 -> q5;
	m7 -> q9;
	m8 -> q1;
	m8 -> q2;
	m8 -> q3;
	m8 -> q8;
	m9 -> q1;
	m9 -> q2;
	m9 -> q4;
	m9 -> q5;
	m9 -> q6;
	m9 -> q9;
	m10 -> q1;
	m10 -> q2;
	m10 -> q3;
	m10 -> q5;
	m10 -> q8;
	m11 -> q0;
	m11 -> q1;
	m11 -> q2;
	m11 -> q3;
	m11 -> q4;
	m11 -> q6;
	m11 -> q8;
	m12 -> q0;
	m12 -> q2;
	m12 -> q4;
	m12 -> q5;
	m12 -> q6;
	m12 -> q7;
	m13 -> q1;
	m13 -> q3;
	m13 -> q5;
	m14 -> q1;
	m14 -> q2;
	m14 -> q4;
	m14 -> q5;
	m14 -> q6;
	m14 -> q7;
	m14 -> q9;
}
RAFA size: 10 states

