Random target AFA:
digraph finite_state_machine {
	rankdir=LR;
	node [shape = circle];
	s0 [shape = point, style = invis, start="true" ];
	s1 [shape = point, style = invis, start="true" ];
	q0 [label = "q0"];
	q1 [label = "q1", shape = doublecircle, final="true" ];
	q2 [label = "q2"];
	q3 [label = "q3", shape = doublecircle, final="true" ];
	q4 [label = "q4", shape = doublecircle, final="true" ];
	q5 [label = "q5"];
	m0 [label = "", shape = square, style = filled, color=grey, fixedsize=true, width=.2];
	m1 [label = "", shape = square, style = filled, color=grey, fixedsize=true, width=.2];
	m2 [label = "", shape = square, style = filled, color=grey, fixedsize=true, width=.2];
	m3 [label = "", shape = square, style = filled, color=grey, fixedsize=true, width=.2];
	m4 [label = "", shape = square, style = filled, color=grey, fixedsize=true, width=.2];
	m5 [label = "", shape = square, style = filled, color=grey, fixedsize=true, width=.2];
	m6 [label = "", shape = square, style = filled, color=grey, fixedsize=true, width=.2];
	m7 [label = "", shape = square, style = filled, color=grey, fixedsize=true, width=.2];
	m8 [label = "", shape = square, style = filled, color=grey, fixedsize=true, width=.2];
	m9 [label = "", shape = square, style = filled, color=grey, fixedsize=true, width=.2];
	s0 -> q1
	s1 -> q2
	q3 -> q3 [label = "c"];
	q2 -> q3 [label = "a, c"];
	q1 -> m9 [label = "c"];
	q0 -> q3 [label = "c"];
	q5 -> m4 [label = "c"];
	q0 -> m3 [label = "b"];
	q3 -> q1 [label = "b, c"];
	q1 -> m7 [label = "b"];
	q2 -> m2 [label = "b"];
	q0 -> q0 [label = "c"];
	q2 -> m1 [label = "a"];
	q5 -> q2 [label = "b"];
	q0 -> m1 [label = "a"];
	q0 -> q2 [label = "b"];
	q4 -> m0 [label = "c"];
	q0 -> q5 [label = "a"];
	q5 -> q1 [label = "a, b"];
	q5 -> q0 [label = "c"];
	q1 -> q2 [label = "c"];
	q4 -> q4 [label = "a"];
	q1 -> m5 [label = "a"];
	q1 -> m6 [label = "a"];
	q3 -> m5 [label = "a"];
	q3 -> m6 [label = "a, b"];
	q4 -> q2 [label = "c"];
	q4 -> q0 [label = "a"];
	q1 -> m8 [label = "b"];
	q2 -> q4 [label = "b"];
	q4 -> q1 [label = "b"];
	q4 -> m7 [label = "b"];
	q2 -> m4 [label = "c"];
	m0 -> q0;
	m0 -> q1;
	m1 -> q2;
	m1 -> q4;
	m2 -> q1;
	m2 -> q4;
	m3 -> q1;
	m3 -> q2;
	m4 -> q0;
	m4 -> q2;
	m5 -> q2;
	m5 -> q5;
	m6 -> q0;
	m6 -> q3;
	m7 -> q1;
	m7 -> q5;
	m8 -> q0;
	m8 -> q4;
	m9 -> q3;
	m9 -> q4;
}

L* output after 9 EQ and 9126 MQ:
digraph finite_state_machine {
	rankdir=LR;
	node [shape = circle];
	s0 [shape = point, style = invis, start="true" ];
	q0 [label = "q0", shape = doublecircle, final="true" ];
	q1 [label = "q1", shape = doublecircle, final="true" ];
	q2 [label = "q2", shape = doublecircle, final="true" ];
	q3 [label = "q3"];
	q4 [label = "q4", shape = doublecircle, final="true" ];
	q5 [label = "q5", shape = doublecircle, final="true" ];
	q6 [label = "q6"];
	q7 [label = "q7", shape = doublecircle, final="true" ];
	q8 [label = "q8", shape = doublecircle, final="true" ];
	q9 [label = "q9", shape = doublecircle, final="true" ];
	q10 [label = "q10", shape = doublecircle, final="true" ];
	q11 [label = "q11", shape = doublecircle, final="true" ];
	q12 [label = "q12", shape = doublecircle, final="true" ];
	q13 [label = "q13"];
	q14 [label = "q14", shape = doublecircle, final="true" ];
	q15 [label = "q15", shape = doublecircle, final="true" ];
	q16 [label = "q16", shape = doublecircle, final="true" ];
	q17 [label = "q17", shape = doublecircle, final="true" ];
	q18 [label = "q18", shape = doublecircle, final="true" ];
	q19 [label = "q19", shape = doublecircle, final="true" ];
	q20 [label = "q20", shape = doublecircle, final="true" ];
	q21 [label = "q21", shape = doublecircle, final="true" ];
	q22 [label = "q22", shape = doublecircle, final="true" ];
	q23 [label = "q23"];
	q24 [label = "q24", shape = doublecircle, final="true" ];
	q25 [label = "q25", shape = doublecircle, final="true" ];
	q26 [label = "q26", shape = doublecircle, final="true" ];
	q27 [label = "q27", shape = doublecircle, final="true" ];
	q28 [label = "q28", shape = doublecircle, final="true" ];
	q29 [label = "q29"];
	q30 [label = "q30"];
	q31 [label = "q31"];
	q32 [label = "q32"];
	q33 [label = "q33"];
	q34 [label = "q34", shape = doublecircle, final="true" ];
	q35 [label = "q35"];
	q36 [label = "q36", shape = doublecircle, final="true" ];
	q37 [label = "q37", shape = doublecircle, final="true" ];
	q38 [label = "q38", shape = doublecircle, final="true" ];
	q39 [label = "q39", shape = doublecircle, final="true" ];
	q40 [label = "q40", shape = doublecircle, final="true" ];
	q41 [label = "q41", shape = doublecircle, final="true" ];
	q42 [label = "q42", shape = doublecircle, final="true" ];
	q43 [label = "q43", shape = doublecircle, final="true" ];
	q44 [label = "q44", shape = doublecircle, final="true" ];
	q45 [label = "q45", shape = doublecircle, final="true" ];
	q46 [label = "q46", shape = doublecircle, final="true" ];
	q47 [label = "q47", shape = doublecircle, final="true" ];
	q48 [label = "q48", shape = doublecircle, final="true" ];
	q49 [label = "q49", shape = doublecircle, final="true" ];
	q50 [label = "q50", shape = doublecircle, final="true" ];
	q51 [label = "q51", shape = doublecircle, final="true" ];
	q52 [label = "q52", shape = doublecircle, final="true" ];
	q53 [label = "q53", shape = doublecircle, final="true" ];
	q54 [label = "q54", shape = doublecircle, final="true" ];
	q55 [label = "q55", shape = doublecircle, final="true" ];
	q56 [label = "q56", shape = doublecircle, final="true" ];
	q57 [label = "q57", shape = doublecircle, final="true" ];
	q58 [label = "q58", shape = doublecircle, final="true" ];
	q59 [label = "q59", shape = doublecircle, final="true" ];
	q60 [label = "q60", shape = doublecircle, final="true" ];
	q61 [label = "q61", shape = doublecircle, final="true" ];
	q62 [label = "q62", shape = doublecircle, final="true" ];
	s0 -> q20
	q45 -> q45 [label = "a"];
	q47 -> q13 [label = "b"];
	q47 -> q41 [label = "c"];
	q41 -> q21 [label = "a"];
	q46 -> q56 [label = "b"];
	q42 -> q6 [label = "a"];
	q46 -> q41 [label = "c"];
	q39 -> q21 [label = "a"];
	q35 -> q14 [label = "c"];
	q38 -> q30 [label = "a"];
	q34 -> q10 [label = "c"];
	q37 -> q7 [label = "a"];
	q35 -> q61 [label = "a"];
	q37 -> q39 [label = "c"];
	q35 -> q20 [label = "b"];
	q38 -> q31 [label = "b"];
	q38 -> q23 [label = "c"];
	q36 -> q8 [label = "c"];
	q34 -> q43 [label = "b"];
	q40 -> q40 [label = "a"];
	q32 -> q6 [label = "a"];
	q31 -> q33 [label = "a"];
	q27 -> q41 [label = "c"];
	q31 -> q29 [label = "b"];
	q29 -> q30 [label = "a"];
	q27 -> q6 [label = "a"];
	q27 -> q29 [label = "b"];
	q25 -> q6 [label = "a"];
	q29 -> q31 [label = "b"];
	q30 -> q20 [label = "b"];
	q30 -> q14 [label = "c"];
	q17 -> q39 [label = "c"];
	q45 -> q15 [label = "c"];
	q29 -> q32 [label = "c"];
	q61 -> q1 [label = "b"];
	q20 -> q22 [label = "b"];
	q42 -> q60 [label = "c"];
	q44 -> q50 [label = "b"];
	q33 -> q28 [label = "c"];
	q19 -> q26 [label = "a"];
	q47 -> q3 [label = "a"];
	q40 -> q50 [label = "b"];
	q48 -> q2 [label = "a"];
	q48 -> q57 [label = "b"];
	q57 -> q3 [label = "a"];
	q54 -> q41 [label = "c"];
	q50 -> q56 [label = "b"];
	q23 -> q19 [label = "b"];
	q16 -> q21 [label = "a"];
	q0 -> q19 [label = "b"];
	q52 -> q7 [label = "a"];
	q37 -> q38 [label = "b"];
	q49 -> q2 [label = "a"];
	q50 -> q39 [label = "c"];
	q53 -> q39 [label = "c"];
	q56 -> q41 [label = "c"];
	q25 -> q17 [label = "b"];
	q17 -> q18 [label = "b"];
	q42 -> q55 [label = "b"];
	q23 -> q21 [label = "a"];
	q59 -> q43 [label = "b"];
	q26 -> q5 [label = "a"];
	q54 -> q47 [label = "b"];
	q28 -> q25 [label = "c"];
	q28 -> q24 [label = "b"];
	q61 -> q39 [label = "c"];
	q61 -> q40 [label = "a"];
	q41 -> q54 [label = "b"];
	q9 -> q59 [label = "a"];
	q52 -> q37 [label = "b"];
	q55 -> q56 [label = "b"];
	q33 -> q7 [label = "a"];
	q57 -> q39 [label = "c"];
	q7 -> q60 [label = "c"];
	q55 -> q7 [label = "a"];
	q10 -> q35 [label = "a"];
	q58 -> q10 [label = "c"];
	q11 -> q36 [label = "a"];
	q56 -> q30 [label = "a"];
	q6 -> q40 [label = "a"];
	q36 -> q62 [label = "a"];
	q21 -> q25 [label = "c"];
	q4 -> q37 [label = "b"];
	q36 -> q43 [label = "b"];
	q49 -> q47 [label = "b"];
	q62 -> q45 [label = "a"];
	q6 -> q28 [label = "c"];
	q46 -> q52 [label = "a"];
	q45 -> q51 [label = "b"];
	q59 -> q10 [label = "c"];
	q56 -> q13 [label = "b"];
	q25 -> q16 [label = "c"];
	q9 -> q53 [label = "b"];
	q60 -> q17 [label = "b"];
	q51 -> q39 [label = "c"];
	q5 -> q45 [label = "a"];
	q60 -> q6 [label = "a"];
	q32 -> q46 [label = "b"];
	q49 -> q39 [label = "c"];
	q26 -> q15 [label = "c"];
	q62 -> q15 [label = "c"];
	q40 -> q60 [label = "c"];
	q51 -> q59 [label = "a"];
	q57 -> q13 [label = "b"];
	q8 -> q8 [label = "c"];
	q33 -> q37 [label = "b"];
	q22 -> q26 [label = "a"];
	q19 -> q41 [label = "c"];
	q43 -> q21 [label = "a"];
	q0 -> q21 [label = "a"];
	q48 -> q39 [label = "c"];
	q21 -> q24 [label = "b"];
	q44 -> q40 [label = "a"];
	q60 -> q25 [label = "c"];
	q18 -> q39 [label = "c"];
	q39 -> q48 [label = "b"];
	q58 -> q9 [label = "b"];
	q58 -> q35 [label = "a"];
	q1 -> q56 [label = "b"];
	q28 -> q6 [label = "a"];
	q54 -> q2 [label = "a"];
	q50 -> q7 [label = "a"];
	q53 -> q26 [label = "a"];
	q23 -> q28 [label = "c"];
	q19 -> q47 [label = "b"];
	q30 -> q4 [label = "a"];
	q24 -> q39 [label = "c"];
	q17 -> q12 [label = "a"];
	q16 -> q16 [label = "c"];
	q20 -> q21 [label = "a"];
	q53 -> q47 [label = "b"];
	q22 -> q27 [label = "b"];
	q59 -> q44 [label = "a"];
	q24 -> q18 [label = "b"];
	q18 -> q30 [label = "a"];
	q16 -> q48 [label = "b"];
	q14 -> q35 [label = "a"];
	q22 -> q23 [label = "c"];
	q4 -> q40 [label = "a"];
	q31 -> q42 [label = "c"];
	q18 -> q13 [label = "b"];
	q20 -> q39 [label = "c"];
	q55 -> q41 [label = "c"];
	q15 -> q34 [label = "a"];
	q43 -> q53 [label = "b"];
	q21 -> q40 [label = "a"];
	q13 -> q13 [label = "b"];
	q34 -> q61 [label = "a"];
	q9 -> q39 [label = "c"];
	q51 -> q19 [label = "b"];
	q4 -> q39 [label = "c"];
	q32 -> q28 [label = "c"];
	q11 -> q39 [label = "c"];
	q12 -> q20 [label = "b"];
	q10 -> q8 [label = "c"];
	q2 -> q62 [label = "a"];
	q0 -> q39 [label = "c"];
	q15 -> q11 [label = "b"];
	q13 -> q30 [label = "a"];
	q5 -> q20 [label = "b"];
	q7 -> q40 [label = "a"];
	q62 -> q0 [label = "b"];
	q2 -> q15 [label = "c"];
	q52 -> q60 [label = "c"];
	q13 -> q42 [label = "c"];
	q43 -> q39 [label = "c"];
	q1 -> q39 [label = "c"];
	q3 -> q20 [label = "b"];
	q7 -> q37 [label = "b"];
	q41 -> q60 [label = "c"];
	q12 -> q58 [label = "c"];
	q3 -> q44 [label = "a"];
	q1 -> q12 [label = "a"];
	q5 -> q15 [label = "c"];
	q14 -> q10 [label = "c"];
	q3 -> q14 [label = "c"];
	q2 -> q20 [label = "b"];
	q44 -> q39 [label = "c"];
	q10 -> q9 [label = "b"];
	q8 -> q34 [label = "a"];
	q14 -> q43 [label = "b"];
	q12 -> q44 [label = "a"];
	q6 -> q37 [label = "b"];
	q11 -> q49 [label = "b"];
	q15 -> q10 [label = "c"];
	q8 -> q11 [label = "b"];
	q24 -> q7 [label = "a"];
	q39 -> q25 [label = "c"];
	q26 -> q20 [label = "b"];
}
DFA size: 63 states

NL* output after 8 EQ and 2179 MQ:
digraph finite_state_machine {
	rankdir=LR;
	node [shape = circle];
	s0 [shape = point, style = invis, start="true" ];
	s1 [shape = point, style = invis, start="true" ];
	s2 [shape = point, style = invis, start="true" ];
	s3 [shape = point, style = invis, start="true" ];
	q0 [label = "q0", shape = doublecircle, final="true" ];
	q1 [label = "q1"];
	q2 [label = "q2", shape = doublecircle, final="true" ];
	q3 [label = "q3", shape = doublecircle, final="true" ];
	q4 [label = "q4", shape = doublecircle, final="true" ];
	q5 [label = "q5"];
	q6 [label = "q6", shape = doublecircle, final="true" ];
	q7 [label = "q7", shape = doublecircle, final="true" ];
	q8 [label = "q8", shape = doublecircle, final="true" ];
	q9 [label = "q9", shape = doublecircle, final="true" ];
	q10 [label = "q10"];
	q11 [label = "q11", shape = doublecircle, final="true" ];
	q12 [label = "q12", shape = doublecircle, final="true" ];
	q13 [label = "q13"];
	q14 [label = "q14", shape = doublecircle, final="true" ];
	q15 [label = "q15", shape = doublecircle, final="true" ];
	q16 [label = "q16"];
	q17 [label = "q17"];
	q18 [label = "q18"];
	q19 [label = "q19", shape = doublecircle, final="true" ];
	q20 [label = "q20"];
	q21 [label = "q21", shape = doublecircle, final="true" ];
	s0 -> q8
	s1 -> q11
	s2 -> q14
	s3 -> q18
	q18 -> q9 [label = "c"];
	q20 -> q18 [label = "b"];
	q17 -> q21 [label = "c"];
	q18 -> q20 [label = "c"];
	q17 -> q16 [label = "c"];
	q17 -> q14 [label = "b"];
	q17 -> q8 [label = "b"];
	q19 -> q7 [label = "b"];
	q17 -> q10 [label = "a"];
	q21 -> q21 [label = "c"];
	q21 -> q16 [label = "c"];
	q21 -> q9 [label = "c"];
	q16 -> q20 [label = "c"];
	q20 -> q5 [label = "a"];
	q16 -> q17 [label = "a"];
	q15 -> q10 [label = "a"];
	q17 -> q3 [label = "a"];
	q15 -> q5 [label = "a"];
	q13 -> q7 [label = "b"];
	q13 -> q4 [label = "b"];
	q11 -> q18 [label = "c"];
	q11 -> q13 [label = "c"];
	q14 -> q10 [label = "a"];
	q20 -> q20 [label = "c"];
	q14 -> q5 [label = "a"];
	q12 -> q14 [label = "b"];
	q15 -> q4 [label = "b"];
	q20 -> q9 [label = "c"];
	q13 -> q5 [label = "a"];
	q9 -> q20 [label = "c"];
	q9 -> q15 [label = "c"];
	q17 -> q18 [label = "b"];
	q9 -> q9 [label = "c"];
	q3 -> q20 [label = "c"];
	q3 -> q15 [label = "c"];
	q3 -> q9 [label = "c"];
	q5 -> q14 [label = "b"];
	q5 -> q8 [label = "b"];
	q7 -> q17 [label = "a"];
	q2 -> q15 [label = "c"];
	q4 -> q16 [label = "b"];
	q5 -> q18 [label = "b"];
	q7 -> q5 [label = "a"];
	q4 -> q7 [label = "b"];
	q19 -> q0 [label = "b"];
	q1 -> q16 [label = "c"];
	q16 -> q5 [label = "a"];
	q5 -> q10 [label = "a"];
	q1 -> q15 [label = "c"];
	q5 -> q5 [label = "a"];
	q3 -> q10 [label = "a"];
	q3 -> q3 [label = "a"];
	q13 -> q3 [label = "a"];
	q1 -> q21 [label = "c"];
	q3 -> q5 [label = "a"];
	q7 -> q20 [label = "c"];
	q3 -> q18 [label = "b, c"];
	q10 -> q3 [label = "a"];
	q17 -> q20 [label = "c"];
	q15 -> q9 [label = "c"];
	q14 -> q16 [label = "b"];
	q0 -> q13 [label = "c"];
	q18 -> q5 [label = "a"];
	q12 -> q17 [label = "a"];
	q17 -> q5 [label = "a"];
	q8 -> q7 [label = "b"];
	q19 -> q9 [label = "c"];
	q13 -> q9 [label = "a, c"];
	q12 -> q7 [label = "a"];
	q21 -> q1 [label = "a"];
	q15 -> q15 [label = "c"];
	q12 -> q2 [label = "a"];
	q17 -> q9 [label = "c"];
	q10 -> q20 [label = "a, c"];
	q8 -> q20 [label = "c"];
	q8 -> q13 [label = "c"];
	q10 -> q10 [label = "a"];
	q8 -> q10 [label = "a, c"];
	q13 -> q20 [label = "a, c"];
	q11 -> q16 [label = "b"];
	q15 -> q19 [label = "b"];
	q10 -> q9 [label = "a, c"];
	q14 -> q13 [label = "c"];
	q9 -> q5 [label = "a"];
	q10 -> q5 [label = "a"];
	q12 -> q3 [label = "a"];
	q6 -> q10 [label = "a, c"];
	q11 -> q7 [label = "b"];
	q15 -> q20 [label = "c"];
	q21 -> q18 [label = "b, c"];
	q20 -> q15 [label = "c"];
	q19 -> q13 [label = "c"];
	q21 -> q20 [label = "b, c"];
	q1 -> q11 [label = "b"];
	q21 -> q19 [label = "b"];
	q17 -> q6 [label = "a"];
	q0 -> q3 [label = "c"];
	q21 -> q14 [label = "b, c"];
	q21 -> q10 [label = "a"];
	q15 -> q18 [label = "b, c"];
	q15 -> q8 [label = "b"];
	q2 -> q17 [label = "a"];
	q21 -> q13 [label = "b"];
	q12 -> q20 [label = "c"];
	q21 -> q17 [label = "a"];
	q13 -> q16 [label = "b"];
	q19 -> q10 [label = "a, c"];
	q12 -> q13 [label = "c"];
	q21 -> q11 [label = "b"];
	q16 -> q18 [label = "b"];
	q8 -> q5 [label = "a, c"];
	q0 -> q10 [label = "c"];
	q8 -> q15 [label = "c"];
	q6 -> q18 [label = "b, c"];
	q6 -> q20 [label = "a, c"];
	q21 -> q0 [label = "c"];
	q19 -> q3 [label = "a, c"];
	q20 -> q10 [label = "a"];
	q11 -> q12 [label = "b"];
	q13 -> q12 [label = "b"];
	q19 -> q5 [label = "a, c"];
	q21 -> q15 [label = "c"];
	q9 -> q4 [label = "b"];
	q0 -> q16 [label = "b"];
	q21 -> q4 [label = "b"];
	q10 -> q14 [label = "b"];
	q21 -> q7 [label = "c"];
	q8 -> q16 [label = "b"];
	q7 -> q18 [label = "b, c"];
	q1 -> q9 [label = "a, c"];
	q12 -> q12 [label = "a"];
	q2 -> q6 [label = "a"];
	q1 -> q14 [label = "a, b"];
	q8 -> q18 [label = "c"];
	q19 -> q15 [label = "c"];
	q5 -> q3 [label = "a"];
	q15 -> q14 [label = "b, c"];
	q19 -> q20 [label = "c"];
	q21 -> q8 [label = "b"];
	q11 -> q10 [label = "a, c"];
	q17 -> q11 [label = "b"];
	q14 -> q20 [label = "c"];
	q11 -> q20 [label = "a, c"];
	q14 -> q18 [label = "c"];
	q13 -> q18 [label = "b"];
	q2 -> q13 [label = "c"];
	q2 -> q8 [label = "b"];
	q12 -> q18 [label = "b, c"];
	q17 -> q15 [label = "c"];
	q4 -> q13 [label = "c"];
	q0 -> q5 [label = "a, c"];
	q11 -> q5 [label = "a, c"];
	q4 -> q18 [label = "b, c"];
	q9 -> q10 [label = "a"];
	q2 -> q11 [label = "b"];
	q7 -> q13 [label = "c"];
	q2 -> q14 [label = "b"];
	q12 -> q16 [label = "a"];
	q2 -> q18 [label = "b, c"];
	q11 -> q15 [label = "a, c"];
	q12 -> q5 [label = "a"];
	q6 -> q3 [label = "a, c"];
	q9 -> q14 [label = "b"];
	q1 -> q18 [label = "a, b"];
	q2 -> q5 [label = "a, c"];
	q10 -> q8 [label = "b"];
	q6 -> q5 [label = "a, c"];
	q6 -> q9 [label = "a, c"];
	q2 -> q9 [label = "c"];
	q1 -> q20 [label = "a, c"];
	q6 -> q13 [label = "c"];
	q0 -> q17 [label = "a"];
	q6 -> q15 [label = "c"];
	q0 -> q18 [label = "b, c"];
	q13 -> q15 [label = "a, c"];
	q2 -> q1 [label = "a"];
	q2 -> q2 [label = "a"];
	q1 -> q8 [label = "a, b"];
	q9 -> q18 [label = "b, c"];
	q8 -> q9 [label = "c"];
	q2 -> q3 [label = "a, c"];
	q11 -> q3 [label = "a, c"];
	q2 -> q10 [label = "a, c"];
	q2 -> q12 [label = "a"];
	q2 -> q16 [label = "a, c"];
	q13 -> q10 [label = "a"];
	q6 -> q8 [label = "b"];
	q5 -> q9 [label = "c"];
	q2 -> q21 [label = "c"];
	q1 -> q19 [label = "a"];
	q0 -> q9 [label = "c"];
	q0 -> q15 [label = "c"];
	q4 -> q9 [label = "c"];
	q0 -> q20 [label = "c"];
	q4 -> q20 [label = "c"];
	q4 -> q3 [label = "a"];
	q21 -> q5 [label = "a"];
	q4 -> q5 [label = "a"];
	q5 -> q15 [label = "c"];
	q20 -> q4 [label = "b"];
	q6 -> q14 [label = "b"];
	q1 -> q4 [label = "a"];
	q5 -> q20 [label = "c"];
	q18 -> q16 [label = "b"];
	q1 -> q3 [label = "a"];
	q10 -> q18 [label = "b"];
	q1 -> q5 [label = "a"];
	q1 -> q6 [label = "a"];
	q1 -> q10 [label = "a"];
	q10 -> q15 [label = "c"];
	q8 -> q3 [label = "a, c"];
	q11 -> q9 [label = "a, c"];
	q2 -> q7 [label = "a"];
	q3 -> q8 [label = "b"];
	q19 -> q16 [label = "b"];
	q2 -> q20 [label = "c"];
	q19 -> q18 [label = "b, c"];
	q14 -> q9 [label = "c"];
	q3 -> q14 [label = "b"];
}
NFA size: 22 states

AL* output after 12 EQ and 1710 MQ:
digraph finite_state_machine {
	rankdir=LR;
	node [shape = circle];
	s0 [shape = point, style = invis, start="true" ];
	s1 [shape = point, style = invis, start="true" ];
	q0 [label = "q0", shape = doublecircle, final="true" ];
	q1 [label = "q1"];
	q2 [label = "q2", shape = doublecircle, final="true" ];
	q3 [label = "q3", shape = doublecircle, final="true" ];
	q4 [label = "q4", shape = doublecircle, final="true" ];
	q5 [label = "q5"];
	q6 [label = "q6", shape = doublecircle, final="true" ];
	q7 [label = "q7", shape = doublecircle, final="true" ];
	q8 [label = "q8", shape = doublecircle, final="true" ];
	q9 [label = "q9"];
	q10 [label = "q10", shape = doublecircle, final="true" ];
	m0 [label = "", shape = square, style = filled, color=grey, fixedsize=true, width=.2];
	m1 [label = "", shape = square, style = filled, color=grey, fixedsize=true, width=.2];
	m2 [label = "", shape = square, style = filled, color=grey, fixedsize=true, width=.2];
	m3 [label = "", shape = square, style = filled, color=grey, fixedsize=true, width=.2];
	m4 [label = "", shape = square, style = filled, color=grey, fixedsize=true, width=.2];
	m5 [label = "", shape = square, style = filled, color=grey, fixedsize=true, width=.2];
	m6 [label = "", shape = square, style = filled, color=grey, fixedsize=true, width=.2];
	m7 [label = "", shape = square, style = filled, color=grey, fixedsize=true, width=.2];
	m8 [label = "", shape = square, style = filled, color=grey, fixedsize=true, width=.2];
	m9 [label = "", shape = square, style = filled, color=grey, fixedsize=true, width=.2];
	m10 [label = "", shape = square, style = filled, color=grey, fixedsize=true, width=.2];
	m11 [label = "", shape = square, style = filled, color=grey, fixedsize=true, width=.2];
	m12 [label = "", shape = square, style = filled, color=grey, fixedsize=true, width=.2];
	m13 [label = "", shape = square, style = filled, color=grey, fixedsize=true, width=.2];
	m14 [label = "", shape = square, style = filled, color=grey, fixedsize=true, width=.2];
	m15 [label = "", shape = square, style = filled, color=grey, fixedsize=true, width=.2];
	m16 [label = "", shape = square, style = filled, color=grey, fixedsize=true, width=.2];
	m17 [label = "", shape = square, style = filled, color=grey, fixedsize=true, width=.2];
	m18 [label = "", shape = square, style = filled, color=grey, fixedsize=true, width=.2];
	s0 -> m0
	s1 -> m1
	q9 -> m1 [label = "b"];
	q9 -> m14 [label = "a"];
	q9 -> m4 [label = "a"];
	q9 -> m10 [label = "a"];
	q8 -> m1 [label = "c"];
	q8 -> m5 [label = "b"];
	q10 -> m17 [label = "a"];
	q10 -> m16 [label = "a"];
	q10 -> m4 [label = "b"];
	q3 -> m10 [label = "a"];
	q0 -> m2 [label = "c"];
	q7 -> m11 [label = "b"];
	q3 -> m15 [label = "b"];
	q0 -> q9 [label = "a"];
	q9 -> m2 [label = "c"];
	q7 -> m0 [label = "b"];
	q0 -> m0 [label = "b"];
	q5 -> m2 [label = "a, c"];
	q3 -> m12 [label = "a"];
	q1 -> m4 [label = "b"];
	q7 -> m4 [label = "b"];
	q10 -> m1 [label = "c"];
	q0 -> m1 [label = "b, c"];
	q6 -> m0 [label = "b, c"];
	q6 -> m3 [label = "c"];
	q5 -> m10 [label = "a"];
	q1 -> m8 [label = "c"];
	q6 -> q9 [label = "a"];
	q3 -> m4 [label = "b, c"];
	q4 -> m6 [label = "b"];
	q3 -> m2 [label = "c"];
	q1 -> m9 [label = "c"];
	q10 -> m2 [label = "c"];
	q3 -> m0 [label = "b, c"];
	q7 -> m5 [label = "a"];
	q10 -> m6 [label = "b"];
	q7 -> m9 [label = "c"];
	q4 -> m13 [label = "a"];
	q3 -> m13 [label = "a, b"];
	q6 -> m1 [label = "b"];
	q2 -> m2 [label = "c"];
	q1 -> m7 [label = "c"];
	q3 -> m8 [label = "a"];
	q0 -> m5 [label = "a"];
	q5 -> m4 [label = "b"];
	q7 -> m3 [label = "a"];
	q2 -> m1 [label = "c"];
	q2 -> m18 [label = "b"];
	q7 -> m1 [label = "c"];
	q2 -> m0 [label = "b"];
	q1 -> m16 [label = "a"];
	q2 -> m6 [label = "b"];
	q9 -> m3 [label = "c"];
	q1 -> m17 [label = "a"];
	q9 -> m0 [label = "a, b"];
	q4 -> m10 [label = "a"];
	q8 -> m2 [label = "a, c"];
	q4 -> m14 [label = "a, c"];
	q8 -> m10 [label = "a"];
	q3 -> m14 [label = "a"];
	q0 -> m3 [label = "a, c"];
	q6 -> m13 [label = "b"];
	q5 -> m5 [label = "b"];
	q2 -> m12 [label = "a"];
	q2 -> m13 [label = "a"];
	q9 -> m13 [label = "a"];
	q2 -> m14 [label = "a"];
	q2 -> m10 [label = "a"];
	q6 -> m4 [label = "c"];
	q6 -> m2 [label = "c"];
	q2 -> m4 [label = "b"];
	q4 -> m12 [label = "c"];
	q4 -> m1 [label = "c"];
	m0 -> q0;
	m0 -> q2;
	m0 -> q4;
	m0 -> q7;
	m0 -> q8;
	m0 -> q10;
	m1 -> q5;
	m1 -> q8;
	m2 -> q3;
	m2 -> q6;
	m3 -> q0;
	m3 -> q6;
	m4 -> q2;
	m4 -> q4;
	m4 -> q5;
	m4 -> q8;
	m4 -> q10;
	m5 -> q0;
	m5 -> q7;
	m6 -> q0;
	m6 -> q1;
	m6 -> q6;
	m6 -> q7;
	m6 -> q10;
	m7 -> q0;
	m7 -> q3;
	m7 -> q5;
	m7 -> q6;
	m7 -> q8;
	m7 -> q9;
	m8 -> q2;
	m8 -> q3;
	m8 -> q4;
	m8 -> q5;
	m8 -> q6;
	m8 -> q8;
	m8 -> q10;
	m9 -> q0;
	m9 -> q1;
	m9 -> q2;
	m9 -> q3;
	m9 -> q5;
	m9 -> q6;
	m9 -> q7;
	m9 -> q9;
	m9 -> q10;
	m10 -> q3;
	m10 -> q5;
	m10 -> q8;
	m10 -> q9;
	m11 -> q0;
	m11 -> q2;
	m11 -> q3;
	m11 -> q4;
	m11 -> q5;
	m11 -> q6;
	m11 -> q8;
	m11 -> q9;
	m12 -> q0;
	m12 -> q2;
	m12 -> q3;
	m12 -> q4;
	m12 -> q6;
	m12 -> q7;
	m12 -> q8;
	m12 -> q10;
	m13 -> q0;
	m13 -> q2;
	m13 -> q3;
	m13 -> q6;
	m13 -> q9;
	m14 -> q0;
	m14 -> q3;
	m14 -> q6;
	m14 -> q7;
	m14 -> q9;
	m15 -> q0;
	m15 -> q2;
	m15 -> q3;
	m15 -> q5;
	m15 -> q7;
	m15 -> q8;
	m15 -> q9;
	m16 -> q0;
	m16 -> q7;
	m16 -> q9;
	m17 -> q0;
	m17 -> q6;
	m17 -> q9;
	m18 -> q0;
	m18 -> q2;
	m18 -> q3;
	m18 -> q5;
	m18 -> q6;
	m18 -> q8;
	m18 -> q9;
	m18 -> q10;
}
AFA size: 11 states

AL** output after 13 EQ and 1710 MQ:
digraph finite_state_machine {
	rankdir=LR;
	node [shape = circle];
	s0 [shape = point, style = invis, start="true" ];
	s1 [shape = point, style = invis, start="true" ];
	q0 [label = "q0", shape = doublecircle, final="true" ];
	q1 [label = "q1"];
	q2 [label = "q2", shape = doublecircle, final="true" ];
	q3 [label = "q3", shape = doublecircle, final="true" ];
	q4 [label = "q4", shape = doublecircle, final="true" ];
	q5 [label = "q5"];
	q6 [label = "q6", shape = doublecircle, final="true" ];
	q7 [label = "q7", shape = doublecircle, final="true" ];
	q8 [label = "q8", shape = doublecircle, final="true" ];
	q9 [label = "q9"];
	q10 [label = "q10", shape = doublecircle, final="true" ];
	m0 [label = "", shape = square, style = filled, color=grey, fixedsize=true, width=.2];
	m1 [label = "", shape = square, style = filled, color=grey, fixedsize=true, width=.2];
	m2 [label = "", shape = square, style = filled, color=grey, fixedsize=true, width=.2];
	m3 [label = "", shape = square, style = filled, color=grey, fixedsize=true, width=.2];
	m4 [label = "", shape = square, style = filled, color=grey, fixedsize=true, width=.2];
	m5 [label = "", shape = square, style = filled, color=grey, fixedsize=true, width=.2];
	m6 [label = "", shape = square, style = filled, color=grey, fixedsize=true, width=.2];
	m7 [label = "", shape = square, style = filled, color=grey, fixedsize=true, width=.2];
	m8 [label = "", shape = square, style = filled, color=grey, fixedsize=true, width=.2];
	m9 [label = "", shape = square, style = filled, color=grey, fixedsize=true, width=.2];
	m10 [label = "", shape = square, style = filled, color=grey, fixedsize=true, width=.2];
	m11 [label = "", shape = square, style = filled, color=grey, fixedsize=true, width=.2];
	m12 [label = "", shape = square, style = filled, color=grey, fixedsize=true, width=.2];
	m13 [label = "", shape = square, style = filled, color=grey, fixedsize=true, width=.2];
	m14 [label = "", shape = square, style = filled, color=grey, fixedsize=true, width=.2];
	m15 [label = "", shape = square, style = filled, color=grey, fixedsize=true, width=.2];
	m16 [label = "", shape = square, style = filled, color=grey, fixedsize=true, width=.2];
	m17 [label = "", shape = square, style = filled, color=grey, fixedsize=true, width=.2];
	m18 [label = "", shape = square, style = filled, color=grey, fixedsize=true, width=.2];
	s0 -> m0
	s1 -> m1
	q9 -> m1 [label = "b"];
	q9 -> m14 [label = "a"];
	q9 -> m4 [label = "a"];
	q9 -> m10 [label = "a"];
	q8 -> m1 [label = "c"];
	q8 -> m5 [label = "b"];
	q10 -> m17 [label = "a"];
	q10 -> m16 [label = "a"];
	q10 -> m4 [label = "b"];
	q3 -> m10 [label = "a"];
	q0 -> m2 [label = "c"];
	q7 -> m11 [label = "b"];
	q3 -> m15 [label = "b"];
	q0 -> q9 [label = "a"];
	q9 -> m2 [label = "c"];
	q7 -> m0 [label = "b"];
	q0 -> m0 [label = "b"];
	q5 -> m2 [label = "a, c"];
	q3 -> m12 [label = "a"];
	q1 -> m4 [label = "b"];
	q7 -> m4 [label = "b"];
	q10 -> m1 [label = "c"];
	q0 -> m1 [label = "b, c"];
	q6 -> m0 [label = "b, c"];
	q6 -> m3 [label = "c"];
	q5 -> m10 [label = "a"];
	q1 -> m8 [label = "c"];
	q6 -> q9 [label = "a"];
	q3 -> m4 [label = "b, c"];
	q4 -> m6 [label = "b"];
	q3 -> m2 [label = "c"];
	q1 -> m9 [label = "c"];
	q10 -> m2 [label = "c"];
	q3 -> m0 [label = "b, c"];
	q7 -> m5 [label = "a"];
	q10 -> m6 [label = "b"];
	q7 -> m9 [label = "c"];
	q4 -> m13 [label = "a"];
	q3 -> m13 [label = "a, b"];
	q6 -> m1 [label = "b"];
	q2 -> m2 [label = "c"];
	q1 -> m7 [label = "c"];
	q3 -> m8 [label = "a"];
	q0 -> m5 [label = "a"];
	q5 -> m4 [label = "b"];
	q7 -> m3 [label = "a"];
	q2 -> m1 [label = "c"];
	q2 -> m18 [label = "b"];
	q7 -> m1 [label = "c"];
	q2 -> m0 [label = "b"];
	q1 -> m16 [label = "a"];
	q2 -> m6 [label = "b"];
	q9 -> m3 [label = "c"];
	q1 -> m17 [label = "a"];
	q9 -> m0 [label = "a, b"];
	q4 -> m10 [label = "a"];
	q8 -> m2 [label = "a, c"];
	q4 -> m14 [label = "a, c"];
	q8 -> m10 [label = "a"];
	q3 -> m14 [label = "a"];
	q0 -> m3 [label = "a, c"];
	q6 -> m13 [label = "b"];
	q5 -> m5 [label = "b"];
	q2 -> m12 [label = "a"];
	q2 -> m13 [label = "a"];
	q9 -> m13 [label = "a"];
	q2 -> m14 [label = "a"];
	q2 -> m10 [label = "a"];
	q6 -> m4 [label = "c"];
	q6 -> m2 [label = "c"];
	q2 -> m4 [label = "b"];
	q4 -> m12 [label = "c"];
	q4 -> m1 [label = "c"];
	m0 -> q0;
	m0 -> q2;
	m0 -> q4;
	m0 -> q7;
	m0 -> q8;
	m0 -> q10;
	m1 -> q5;
	m1 -> q8;
	m2 -> q3;
	m2 -> q6;
	m3 -> q0;
	m3 -> q6;
	m4 -> q2;
	m4 -> q4;
	m4 -> q5;
	m4 -> q8;
	m4 -> q10;
	m5 -> q0;
	m5 -> q7;
	m6 -> q0;
	m6 -> q1;
	m6 -> q6;
	m6 -> q7;
	m6 -> q10;
	m7 -> q0;
	m7 -> q3;
	m7 -> q5;
	m7 -> q6;
	m7 -> q8;
	m7 -> q9;
	m8 -> q2;
	m8 -> q3;
	m8 -> q4;
	m8 -> q5;
	m8 -> q6;
	m8 -> q8;
	m8 -> q10;
	m9 -> q0;
	m9 -> q1;
	m9 -> q2;
	m9 -> q3;
	m9 -> q5;
	m9 -> q6;
	m9 -> q7;
	m9 -> q9;
	m9 -> q10;
	m10 -> q3;
	m10 -> q5;
	m10 -> q8;
	m10 -> q9;
	m11 -> q0;
	m11 -> q2;
	m11 -> q3;
	m11 -> q4;
	m11 -> q5;
	m11 -> q6;
	m11 -> q8;
	m11 -> q9;
	m12 -> q0;
	m12 -> q2;
	m12 -> q3;
	m12 -> q4;
	m12 -> q6;
	m12 -> q7;
	m12 -> q8;
	m12 -> q10;
	m13 -> q0;
	m13 -> q2;
	m13 -> q3;
	m13 -> q6;
	m13 -> q9;
	m14 -> q0;
	m14 -> q3;
	m14 -> q6;
	m14 -> q7;
	m14 -> q9;
	m15 -> q0;
	m15 -> q2;
	m15 -> q3;
	m15 -> q5;
	m15 -> q7;
	m15 -> q8;
	m15 -> q9;
	m16 -> q0;
	m16 -> q7;
	m16 -> q9;
	m17 -> q0;
	m17 -> q6;
	m17 -> q9;
	m18 -> q0;
	m18 -> q2;
	m18 -> q3;
	m18 -> q5;
	m18 -> q6;
	m18 -> q8;
	m18 -> q9;
	m18 -> q10;
}
RAFA size: 11 states

