Random target AFA:
digraph finite_state_machine {
	rankdir=LR;
	node [shape = circle];
	s0 [shape = point, style = invis, start="true" ];
	s1 [shape = point, style = invis, start="true" ];
	q0 [label = "q0", shape = doublecircle, final="true" ];
	q1 [label = "q1"];
	q2 [label = "q2", shape = doublecircle, final="true" ];
	q3 [label = "q3"];
	q4 [label = "q4", shape = doublecircle, final="true" ];
	q5 [label = "q5"];
	m0 [label = "", shape = square, style = filled, color=grey, fixedsize=true, width=.2];
	m1 [label = "", shape = square, style = filled, color=grey, fixedsize=true, width=.2];
	m2 [label = "", shape = square, style = filled, color=grey, fixedsize=true, width=.2];
	m3 [label = "", shape = square, style = filled, color=grey, fixedsize=true, width=.2];
	m4 [label = "", shape = square, style = filled, color=grey, fixedsize=true, width=.2];
	m5 [label = "", shape = square, style = filled, color=grey, fixedsize=true, width=.2];
	m6 [label = "", shape = square, style = filled, color=grey, fixedsize=true, width=.2];
	m7 [label = "", shape = square, style = filled, color=grey, fixedsize=true, width=.2];
	m8 [label = "", shape = square, style = filled, color=grey, fixedsize=true, width=.2];
	s0 -> q0
	s1 -> q0
	q2 -> q1 [label = "c"];
	q4 -> m7 [label = "b"];
	q1 -> q5 [label = "c"];
	q2 -> q5 [label = "c"];
	q5 -> q2 [label = "a"];
	q5 -> q3 [label = "a"];
	q3 -> q5 [label = "a"];
	q3 -> q4 [label = "a, b, c"];
	q1 -> m6 [label = "a"];
	q1 -> m5 [label = "a"];
	q1 -> q3 [label = "b"];
	q2 -> m1 [label = "b"];
	q0 -> q1 [label = "c"];
	q5 -> q0 [label = "b, c"];
	q0 -> q2 [label = "a, b"];
	q4 -> q1 [label = "a, c"];
	q0 -> m0 [label = "a"];
	q2 -> q0 [label = "a, b"];
	q2 -> m2 [label = "a"];
	q1 -> q0 [label = "b"];
	q4 -> q5 [label = "c"];
	q0 -> m3 [label = "c"];
	q4 -> q2 [label = "a, b"];
	q3 -> m8 [label = "c"];
	q1 -> m7 [label = "c"];
	q3 -> q0 [label = "b"];
	q0 -> q3 [label = "b"];
	q5 -> m4 [label = "c"];
	m0 -> q3;
	m0 -> q4;
	m1 -> q0;
	m1 -> q2;
	m2 -> q0;
	m2 -> q4;
	m3 -> q2;
	m3 -> q3;
	m4 -> q1;
	m4 -> q3;
	m5 -> q2;
	m5 -> q4;
	m6 -> q3;
	m6 -> q5;
	m7 -> q2;
	m7 -> q5;
	m8 -> q1;
	m8 -> q2;
}

L* output after 10 EQ and 7757 MQ:
digraph finite_state_machine {
	rankdir=LR;
	node [shape = circle];
	s0 [shape = point, style = invis, start="true" ];
	q0 [label = "q0", shape = doublecircle, final="true" ];
	q1 [label = "q1", shape = doublecircle, final="true" ];
	q2 [label = "q2", shape = doublecircle, final="true" ];
	q3 [label = "q3", shape = doublecircle, final="true" ];
	q4 [label = "q4", shape = doublecircle, final="true" ];
	q5 [label = "q5", shape = doublecircle, final="true" ];
	q6 [label = "q6", shape = doublecircle, final="true" ];
	q7 [label = "q7", shape = doublecircle, final="true" ];
	q8 [label = "q8", shape = doublecircle, final="true" ];
	q9 [label = "q9", shape = doublecircle, final="true" ];
	q10 [label = "q10", shape = doublecircle, final="true" ];
	q11 [label = "q11", shape = doublecircle, final="true" ];
	q12 [label = "q12", shape = doublecircle, final="true" ];
	q13 [label = "q13", shape = doublecircle, final="true" ];
	q14 [label = "q14", shape = doublecircle, final="true" ];
	q15 [label = "q15", shape = doublecircle, final="true" ];
	q16 [label = "q16"];
	q17 [label = "q17", shape = doublecircle, final="true" ];
	q18 [label = "q18", shape = doublecircle, final="true" ];
	q19 [label = "q19", shape = doublecircle, final="true" ];
	q20 [label = "q20", shape = doublecircle, final="true" ];
	q21 [label = "q21", shape = doublecircle, final="true" ];
	q22 [label = "q22", shape = doublecircle, final="true" ];
	q23 [label = "q23", shape = doublecircle, final="true" ];
	q24 [label = "q24", shape = doublecircle, final="true" ];
	q25 [label = "q25", shape = doublecircle, final="true" ];
	q26 [label = "q26"];
	q27 [label = "q27"];
	q28 [label = "q28", shape = doublecircle, final="true" ];
	q29 [label = "q29", shape = doublecircle, final="true" ];
	q30 [label = "q30", shape = doublecircle, final="true" ];
	q31 [label = "q31"];
	q32 [label = "q32", shape = doublecircle, final="true" ];
	q33 [label = "q33"];
	q34 [label = "q34", shape = doublecircle, final="true" ];
	q35 [label = "q35", shape = doublecircle, final="true" ];
	q36 [label = "q36", shape = doublecircle, final="true" ];
	q37 [label = "q37", shape = doublecircle, final="true" ];
	q38 [label = "q38", shape = doublecircle, final="true" ];
	q39 [label = "q39", shape = doublecircle, final="true" ];
	q40 [label = "q40", shape = doublecircle, final="true" ];
	q41 [label = "q41", shape = doublecircle, final="true" ];
	q42 [label = "q42", shape = doublecircle, final="true" ];
	q43 [label = "q43"];
	q44 [label = "q44", shape = doublecircle, final="true" ];
	q45 [label = "q45", shape = doublecircle, final="true" ];
	q46 [label = "q46", shape = doublecircle, final="true" ];
	q47 [label = "q47", shape = doublecircle, final="true" ];
	q48 [label = "q48", shape = doublecircle, final="true" ];
	s0 -> q32
	q45 -> q7 [label = "a"];
	q47 -> q26 [label = "c"];
	q44 -> q39 [label = "a"];
	q46 -> q39 [label = "b"];
	q42 -> q14 [label = "a"];
	q6 -> q2 [label = "c"];
	q40 -> q42 [label = "c"];
	q48 -> q15 [label = "c"];
	q2 -> q19 [label = "a"];
	q8 -> q18 [label = "c"];
	q41 -> q39 [label = "b"];
	q38 -> q15 [label = "c"];
	q3 -> q39 [label = "b"];
	q16 -> q18 [label = "c"];
	q1 -> q39 [label = "b"];
	q7 -> q39 [label = "b"];
	q6 -> q6 [label = "a"];
	q17 -> q39 [label = "b"];
	q5 -> q39 [label = "a, b"];
	q7 -> q45 [label = "a"];
	q8 -> q39 [label = "b"];
	q25 -> q45 [label = "a"];
	q14 -> q6 [label = "a"];
	q41 -> q19 [label = "a"];
	q38 -> q36 [label = "b"];
	q30 -> q25 [label = "a"];
	q4 -> q1 [label = "b"];
	q11 -> q33 [label = "c"];
	q11 -> q6 [label = "a"];
	q21 -> q48 [label = "a"];
	q7 -> q2 [label = "c"];
	q18 -> q41 [label = "c"];
	q26 -> q29 [label = "a"];
	q18 -> q29 [label = "a"];
	q28 -> q44 [label = "a"];
	q3 -> q46 [label = "c"];
	q17 -> q5 [label = "a"];
	q17 -> q8 [label = "c"];
	q20 -> q43 [label = "c"];
	q6 -> q39 [label = "b"];
	q14 -> q15 [label = "c"];
	q25 -> q33 [label = "c"];
	q31 -> q27 [label = "c"];
	q18 -> q39 [label = "b"];
	q39 -> q9 [label = "a"];
	q35 -> q16 [label = "c"];
	q45 -> q17 [label = "b"];
	q47 -> q7 [label = "a"];
	q20 -> q39 [label = "b"];
	q24 -> q29 [label = "b"];
	q37 -> q11 [label = "a"];
	q43 -> q26 [label = "c"];
	q12 -> q17 [label = "b"];
	q0 -> q39 [label = "b"];
	q22 -> q12 [label = "a"];
	q23 -> q33 [label = "c"];
	q3 -> q9 [label = "a"];
	q15 -> q39 [label = "b"];
	q43 -> q28 [label = "b"];
	q22 -> q39 [label = "b"];
	q19 -> q46 [label = "c"];
	q5 -> q18 [label = "c"];
	q24 -> q33 [label = "c"];
	q35 -> q11 [label = "a"];
	q9 -> q41 [label = "c"];
	q34 -> q17 [label = "b"];
	q23 -> q29 [label = "b"];
	q11 -> q39 [label = "b"];
	q21 -> q26 [label = "c"];
	q4 -> q22 [label = "a"];
	q48 -> q39 [label = "b"];
	q15 -> q29 [label = "a"];
	q20 -> q35 [label = "a"];
	q2 -> q18 [label = "c"];
	q12 -> q46 [label = "c"];
	q8 -> q3 [label = "a"];
	q10 -> q15 [label = "c"];
	q22 -> q41 [label = "c"];
	q43 -> q14 [label = "a"];
	q16 -> q29 [label = "a"];
	q48 -> q6 [label = "a"];
	q29 -> q46 [label = "c"];
	q16 -> q28 [label = "b"];
	q13 -> q39 [label = "b"];
	q2 -> q39 [label = "b"];
	q40 -> q39 [label = "b"];
	q0 -> q6 [label = "a"];
	q44 -> q36 [label = "b"];
	q10 -> q7 [label = "a"];
	q14 -> q37 [label = "b"];
	q30 -> q23 [label = "b"];
	q12 -> q22 [label = "a"];
	q15 -> q18 [label = "c"];
	q32 -> q31 [label = "c"];
	q21 -> q39 [label = "b"];
	q23 -> q34 [label = "a"];
	q26 -> q28 [label = "b"];
	q28 -> q21 [label = "c"];
	q13 -> q18 [label = "c"];
	q27 -> q20 [label = "b"];
	q45 -> q13 [label = "c"];
	q25 -> q39 [label = "b"];
	q36 -> q37 [label = "a"];
	q1 -> q0 [label = "a"];
	q27 -> q29 [label = "a"];
	q33 -> q28 [label = "b"];
	q9 -> q39 [label = "a, b"];
	q29 -> q22 [label = "a"];
	q42 -> q33 [label = "c"];
	q24 -> q47 [label = "a"];
	q31 -> q28 [label = "b"];
	q26 -> q40 [label = "c"];
	q47 -> q17 [label = "b"];
	q4 -> q46 [label = "c"];
	q19 -> q9 [label = "a"];
	q28 -> q39 [label = "b"];
	q13 -> q4 [label = "a"];
	q29 -> q24 [label = "b"];
	q31 -> q38 [label = "a"];
	q41 -> q41 [label = "c"];
	q35 -> q36 [label = "b"];
	q32 -> q30 [label = "a"];
	q36 -> q33 [label = "c"];
	q27 -> q40 [label = "c"];
	q32 -> q29 [label = "b"];
	q34 -> q25 [label = "a"];
	q46 -> q18 [label = "c"];
	q19 -> q37 [label = "b"];
	q39 -> q8 [label = "c"];
	q44 -> q18 [label = "c"];
	q46 -> q12 [label = "a"];
	q33 -> q19 [label = "a"];
	q37 -> q33 [label = "c"];
	q0 -> q16 [label = "c"];
	q33 -> q18 [label = "c"];
	q1 -> q33 [label = "c"];
	q39 -> q39 [label = "b"];
	q34 -> q26 [label = "c"];
	q30 -> q26 [label = "c"];
	q36 -> q39 [label = "b"];
	q40 -> q29 [label = "a"];
	q38 -> q10 [label = "a"];
	q42 -> q39 [label = "b"];
	q10 -> q17 [label = "b"];
	q37 -> q39 [label = "b"];
}
DFA size: 49 states

NL* output after 10 EQ and 2827 MQ:
digraph finite_state_machine {
	rankdir=LR;
	node [shape = circle];
	s0 [shape = point, style = invis, start="true" ];
	q0 [label = "q0", shape = doublecircle, final="true" ];
	q1 [label = "q1", shape = doublecircle, final="true" ];
	q2 [label = "q2", shape = doublecircle, final="true" ];
	q3 [label = "q3", shape = doublecircle, final="true" ];
	q4 [label = "q4", shape = doublecircle, final="true" ];
	q5 [label = "q5", shape = doublecircle, final="true" ];
	q6 [label = "q6", shape = doublecircle, final="true" ];
	q7 [label = "q7", shape = doublecircle, final="true" ];
	q8 [label = "q8"];
	q9 [label = "q9", shape = doublecircle, final="true" ];
	q10 [label = "q10", shape = doublecircle, final="true" ];
	q11 [label = "q11", shape = doublecircle, final="true" ];
	q12 [label = "q12", shape = doublecircle, final="true" ];
	q13 [label = "q13", shape = doublecircle, final="true" ];
	q14 [label = "q14", shape = doublecircle, final="true" ];
	q15 [label = "q15"];
	q16 [label = "q16"];
	q17 [label = "q17"];
	q18 [label = "q18", shape = doublecircle, final="true" ];
	q19 [label = "q19", shape = doublecircle, final="true" ];
	q20 [label = "q20", shape = doublecircle, final="true" ];
	q21 [label = "q21", shape = doublecircle, final="true" ];
	q22 [label = "q22", shape = doublecircle, final="true" ];
	q23 [label = "q23", shape = doublecircle, final="true" ];
	q24 [label = "q24"];
	s0 -> q12
	q20 -> q23 [label = "b"];
	q20 -> q21 [label = "b"];
	q20 -> q11 [label = "b"];
	q20 -> q9 [label = "b"];
	q20 -> q7 [label = "b"];
	q20 -> q6 [label = "b"];
	q20 -> q5 [label = "b"];
	q20 -> q2 [label = "b"];
	q21 -> q9 [label = "a"];
	q19 -> q9 [label = "a"];
	q19 -> q14 [label = "b"];
	q19 -> q13 [label = "a, b"];
	q17 -> q13 [label = "a"];
	q21 -> q24 [label = "c"];
	q16 -> q20 [label = "c"];
	q20 -> q14 [label = "a, b"];
	q22 -> q22 [label = "b"];
	q22 -> q21 [label = "b"];
	q22 -> q19 [label = "b"];
	q22 -> q18 [label = "b"];
	q22 -> q14 [label = "b"];
	q22 -> q13 [label = "a, b"];
	q22 -> q12 [label = "b"];
	q22 -> q10 [label = "b"];
	q22 -> q9 [label = "b"];
	q22 -> q7 [label = "b"];
	q22 -> q5 [label = "b"];
	q22 -> q4 [label = "b"];
	q22 -> q2 [label = "b"];
	q22 -> q0 [label = "b"];
	q18 -> q17 [label = "a"];
	q16 -> q12 [label = "b, c"];
	q22 -> q24 [label = "b, c"];
	q22 -> q15 [label = "b, c"];
	q18 -> q24 [label = "b, c"];
	q18 -> q23 [label = "a, b"];
	q18 -> q22 [label = "b"];
	q18 -> q21 [label = "b"];
	q20 -> q18 [label = "b"];
	q18 -> q19 [label = "b"];
	q22 -> q23 [label = "a, b"];
	q18 -> q18 [label = "b"];
	q18 -> q15 [label = "b, c"];
	q18 -> q14 [label = "b"];
	q18 -> q12 [label = "b"];
	q18 -> q11 [label = "a, b"];
	q18 -> q10 [label = "b"];
	q18 -> q9 [label = "b"];
	q18 -> q4 [label = "b"];
	q18 -> q2 [label = "b"];
	q16 -> q13 [label = "a"];
	q20 -> q15 [label = "b, c"];
	q20 -> q19 [label = "b"];
	q20 -> q12 [label = "b, c"];
	q11 -> q17 [label = "c"];
	q17 -> q14 [label = "a"];
	q11 -> q8 [label = "c"];
	q0 -> q17 [label = "a, c"];
	q10 -> q6 [label = "a"];
	q6 -> q7 [label = "b"];
	q6 -> q6 [label = "a, b"];
	q6 -> q5 [label = "b"];
	q5 -> q21 [label = "a, b"];
	q2 -> q24 [label = "b"];
	q0 -> q7 [label = "a"];
	q20 -> q0 [label = "b"];
	q2 -> q15 [label = "b"];
	q2 -> q11 [label = "a, b"];
	q0 -> q12 [label = "a, b"];
	q10 -> q12 [label = "a, b"];
	q6 -> q9 [label = "a, b"];
	q18 -> q13 [label = "a, b"];
	q7 -> q19 [label = "b"];
	q19 -> q24 [label = "c"];
	q24 -> q13 [label = "a"];
	q10 -> q16 [label = "c"];
	q0 -> q8 [label = "a, c"];
	q0 -> q1 [label = "a, c"];
	q9 -> q12 [label = "a, b"];
	q4 -> q8 [label = "c"];
	q9 -> q17 [label = "c"];
	q0 -> q19 [label = "a, b"];
	q14 -> q17 [label = "a, c"];
	q10 -> q19 [label = "a, b"];
	q0 -> q3 [label = "a, c"];
	q16 -> q18 [label = "b"];
	q9 -> q16 [label = "c"];
	q20 -> q22 [label = "b, c"];
	q14 -> q3 [label = "a, c"];
	q4 -> q19 [label = "a, b"];
	q1 -> q23 [label = "b"];
	q6 -> q11 [label = "a, b"];
	q14 -> q1 [label = "a, c"];
	q20 -> q24 [label = "b, c"];
	q10 -> q24 [label = "a"];
	q7 -> q12 [label = "b"];
	q10 -> q22 [label = "a, b"];
	q10 -> q21 [label = "a, b"];
	q2 -> q6 [label = "b"];
	q6 -> q13 [label = "a, b"];
	q10 -> q11 [label = "a"];
	q13 -> q12 [label = "a, b"];
	q24 -> q23 [label = "a"];
	q8 -> q13 [label = "a"];
	q6 -> q14 [label = "b"];
	q6 -> q12 [label = "b"];
	q1 -> q11 [label = "b"];
	q6 -> q17 [label = "c"];
	q11 -> q19 [label = "b"];
	q5 -> q13 [label = "a, b"];
	q1 -> q20 [label = "c"];
	q6 -> q10 [label = "a, b"];
	q5 -> q7 [label = "b"];
	q15 -> q11 [label = "a"];
	q23 -> q13 [label = "a"];
	q10 -> q10 [label = "a"];
	q2 -> q18 [label = "b"];
	q1 -> q14 [label = "a, b"];
	q8 -> q8 [label = "c"];
	q19 -> q8 [label = "c"];
	q18 -> q0 [label = "b"];
	q4 -> q15 [label = "b"];
	q19 -> q15 [label = "c"];
	q0 -> q21 [label = "a, b"];
	q23 -> q15 [label = "a"];
	q14 -> q16 [label = "a, c"];
	q24 -> q18 [label = "b"];
	q23 -> q24 [label = "a"];
	q6 -> q0 [label = "b"];
	q1 -> q4 [label = "b"];
	q23 -> q9 [label = "a"];
	q1 -> q18 [label = "b"];
	q9 -> q6 [label = "b"];
	q23 -> q22 [label = "a, b"];
	q8 -> q12 [label = "b, c"];
	q4 -> q3 [label = "c"];
	q5 -> q6 [label = "b"];
	q24 -> q17 [label = "c"];
	q24 -> q22 [label = "b"];
	q3 -> q12 [label = "b, c"];
	q4 -> q22 [label = "b"];
	q4 -> q17 [label = "c"];
	q23 -> q21 [label = "a"];
	q10 -> q7 [label = "a"];
	q14 -> q12 [label = "a, b"];
	q2 -> q19 [label = "a, b"];
	q17 -> q12 [label = "b, c"];
	q11 -> q12 [label = "b"];
	q8 -> q18 [label = "b"];
	q0 -> q22 [label = "b"];
	q1 -> q3 [label = "c"];
	q0 -> q20 [label = "a"];
	q14 -> q11 [label = "a, c"];
	q10 -> q13 [label = "a, b"];
	q3 -> q22 [label = "b"];
	q21 -> q17 [label = "c"];
	q20 -> q13 [label = "a, b"];
	q2 -> q8 [label = "c"];
	q14 -> q8 [label = "a, c"];
	q23 -> q19 [label = "a, b"];
	q23 -> q17 [label = "c"];
	q10 -> q15 [label = "a"];
	q11 -> q9 [label = "a"];
	q2 -> q7 [label = "a"];
	q3 -> q8 [label = "c"];
	q11 -> q22 [label = "b"];
	q10 -> q2 [label = "a"];
	q21 -> q13 [label = "a, b"];
	q10 -> q8 [label = "c"];
	q9 -> q22 [label = "b"];
	q23 -> q7 [label = "a"];
	q3 -> q4 [label = "b"];
	q24 -> q11 [label = "a"];
	q19 -> q16 [label = "c"];
	q3 -> q14 [label = "a, b"];
	q8 -> q16 [label = "c"];
	q23 -> q5 [label = "a, b"];
	q2 -> q22 [label = "b"];
	q24 -> q10 [label = "a"];
	q6 -> q15 [label = "a, b"];
	q9 -> q11 [label = "b"];
	q6 -> q2 [label = "b"];
	q18 -> q7 [label = "b"];
	q6 -> q4 [label = "a, b"];
	q7 -> q21 [label = "b"];
	q10 -> q9 [label = "a, b"];
	q15 -> q17 [label = "c"];
	q8 -> q22 [label = "b"];
	q7 -> q0 [label = "b"];
	q9 -> q15 [label = "b"];
	q18 -> q5 [label = "b"];
	q9 -> q18 [label = "b"];
	q1 -> q8 [label = "c"];
	q6 -> q16 [label = "c"];
	q5 -> q15 [label = "b, c"];
	q7 -> q9 [label = "a, b"];
	q21 -> q8 [label = "c"];
	q3 -> q6 [label = "b"];
	q9 -> q21 [label = "a, b"];
	q10 -> q3 [label = "c"];
	q9 -> q24 [label = "b"];
	q11 -> q13 [label = "a"];
	q16 -> q22 [label = "b"];
	q8 -> q14 [label = "a"];
	q3 -> q2 [label = "b"];
	q5 -> q23 [label = "a, b"];
	q1 -> q10 [label = "b"];
	q11 -> q4 [label = "a"];
	q8 -> q20 [label = "c"];
	q13 -> q17 [label = "c"];
	q22 -> q11 [label = "b"];
	q4 -> q18 [label = "b"];
	q8 -> q17 [label = "c"];
	q17 -> q22 [label = "b"];
	q4 -> q16 [label = "c"];
	q5 -> q16 [label = "c"];
	q0 -> q16 [label = "a, c"];
	q13 -> q16 [label = "c"];
	q12 -> q13 [label = "a, b"];
	q3 -> q19 [label = "b"];
	q2 -> q21 [label = "a, b"];
	q12 -> q15 [label = "c"];
	q18 -> q6 [label = "b, c"];
	q6 -> q22 [label = "b"];
	q14 -> q21 [label = "a, b"];
	q6 -> q18 [label = "b"];
	q23 -> q12 [label = "a, b"];
	q24 -> q12 [label = "b"];
	q23 -> q6 [label = "a"];
	q6 -> q21 [label = "b"];
	q19 -> q17 [label = "c"];
	q5 -> q2 [label = "b"];
	q6 -> q23 [label = "a, b"];
	q4 -> q7 [label = "a"];
	q5 -> q18 [label = "b"];
	q4 -> q11 [label = "a, b"];
	q3 -> q16 [label = "c"];
	q24 -> q16 [label = "c"];
	q11 -> q15 [label = "a"];
	q4 -> q12 [label = "a, b"];
	q4 -> q21 [label = "a, b"];
	q7 -> q5 [label = "b"];
	q5 -> q17 [label = "c"];
	q5 -> q19 [label = "a, b"];
	q7 -> q16 [label = "c"];
	q5 -> q10 [label = "b"];
	q5 -> q24 [label = "b, c"];
	q1 -> q0 [label = "a, b"];
	q1 -> q13 [label = "a, b"];
	q11 -> q16 [label = "c"];
	q3 -> q0 [label = "b"];
	q9 -> q19 [label = "a, b"];
	q5 -> q22 [label = "a, b"];
	q3 -> q5 [label = "b"];
	q1 -> q21 [label = "b"];
	q3 -> q7 [label = "b"];
	q7 -> q10 [label = "b"];
	q7 -> q11 [label = "b"];
	q6 -> q24 [label = "a, b"];
	q3 -> q9 [label = "b"];
	q7 -> q7 [label = "b"];
	q3 -> q10 [label = "b"];
	q3 -> q11 [label = "b"];
	q3 -> q13 [label = "a, b"];
	q5 -> q12 [label = "a, b"];
	q9 -> q7 [label = "a"];
	q3 -> q18 [label = "b"];
	q3 -> q21 [label = "b"];
	q3 -> q23 [label = "b"];
	q1 -> q5 [label = "b"];
	q2 -> q12 [label = "a, b"];
	q5 -> q8 [label = "c"];
	q3 -> q24 [label = "b"];
	q7 -> q8 [label = "c"];
	q7 -> q15 [label = "a, b, c"];
	q3 -> q15 [label = "b"];
	q7 -> q17 [label = "c"];
	q7 -> q24 [label = "b, c"];
	q1 -> q19 [label = "b"];
	q1 -> q2 [label = "b"];
	q1 -> q6 [label = "b"];
	q1 -> q9 [label = "b"];
	q23 -> q23 [label = "a"];
	q7 -> q18 [label = "b"];
	q17 -> q20 [label = "c"];
	q22 -> q6 [label = "b"];
	q1 -> q12 [label = "b, c"];
	q1 -> q15 [label = "b"];
	q5 -> q5 [label = "a, b"];
	q20 -> q10 [label = "b"];
	q1 -> q22 [label = "b"];
	q10 -> q5 [label = "a, b"];
	q1 -> q24 [label = "b"];
	q7 -> q2 [label = "a, b"];
	q21 -> q16 [label = "c"];
	q10 -> q4 [label = "a"];
	q2 -> q3 [label = "c"];
	q7 -> q4 [label = "a, b"];
	q7 -> q13 [label = "a, b"];
	q14 -> q19 [label = "a, b"];
	q7 -> q14 [label = "b"];
	q20 -> q4 [label = "b"];
	q16 -> q14 [label = "a"];
	q7 -> q22 [label = "b"];
	q7 -> q23 [label = "b"];
	q11 -> q5 [label = "b"];
	q5 -> q9 [label = "a, b"];
	q1 -> q16 [label = "c"];
	q1 -> q7 [label = "b"];
	q1 -> q17 [label = "c"];
	q2 -> q16 [label = "c"];
	q4 -> q6 [label = "b"];
	q8 -> q3 [label = "c"];
	q4 -> q24 [label = "b"];
	q23 -> q16 [label = "c"];
	q2 -> q1 [label = "c"];
	q5 -> q0 [label = "b"];
	q2 -> q17 [label = "c"];
	q5 -> q4 [label = "b"];
	q3 -> q17 [label = "c"];
	q6 -> q19 [label = "b"];
	q5 -> q11 [label = "b"];
	q5 -> q14 [label = "b"];
	q10 -> q23 [label = "a, b"];
	q3 -> q3 [label = "c"];
	q3 -> q20 [label = "c"];
	q13 -> q7 [label = "a"];
	q13 -> q19 [label = "a, b"];
	q13 -> q21 [label = "a"];
	q15 -> q12 [label = "b"];
	q7 -> q6 [label = "b"];
	q15 -> q18 [label = "b"];
	q0 -> q11 [label = "a, c"];
	q21 -> q14 [label = "b"];
	q15 -> q22 [label = "b"];
	q23 -> q8 [label = "c"];
	q10 -> q17 [label = "c"];
	q12 -> q14 [label = "b"];
	q14 -> q7 [label = "a"];
	q21 -> q15 [label = "a, c"];
	q14 -> q20 [label = "a"];
	q11 -> q3 [label = "c"];
}
NFA size: 25 states

