Random target AFA:
digraph finite_state_machine {
	rankdir=LR;
	node [shape = circle];
	s0 [shape = point, style = invis, start="true" ];
	s1 [shape = point, style = invis, start="true" ];
	q0 [label = "q0"];
	q1 [label = "q1"];
	q2 [label = "q2", shape = doublecircle, final="true" ];
	q3 [label = "q3"];
	q4 [label = "q4"];
	q5 [label = "q5"];
	m0 [label = "", shape = square, style = filled, color=grey, fixedsize=true, width=.2];
	m1 [label = "", shape = square, style = filled, color=grey, fixedsize=true, width=.2];
	m2 [label = "", shape = square, style = filled, color=grey, fixedsize=true, width=.2];
	m3 [label = "", shape = square, style = filled, color=grey, fixedsize=true, width=.2];
	m4 [label = "", shape = square, style = filled, color=grey, fixedsize=true, width=.2];
	m5 [label = "", shape = square, style = filled, color=grey, fixedsize=true, width=.2];
	m6 [label = "", shape = square, style = filled, color=grey, fixedsize=true, width=.2];
	m7 [label = "", shape = square, style = filled, color=grey, fixedsize=true, width=.2];
	m8 [label = "", shape = square, style = filled, color=grey, fixedsize=true, width=.2];
	m9 [label = "", shape = square, style = filled, color=grey, fixedsize=true, width=.2];
	m10 [label = "", shape = square, style = filled, color=grey, fixedsize=true, width=.2];
	s0 -> q1
	s1 -> q1
	q3 -> q0 [label = "c"];
	q5 -> m5 [label = "c"];
	q0 -> m3 [label = "c"];
	q1 -> q0 [label = "b"];
	q2 -> m2 [label = "a"];
	q2 -> q3 [label = "a, b, c"];
	q1 -> q5 [label = "b, c"];
	q4 -> m3 [label = "a"];
	q0 -> q4 [label = "b"];
	q0 -> q2 [label = "b"];
	q4 -> m0 [label = "c"];
	q0 -> q5 [label = "a"];
	q5 -> q1 [label = "b, c"];
	q1 -> q2 [label = "a"];
	q5 -> m7 [label = "a"];
	q5 -> m10 [label = "b"];
	q1 -> q3 [label = "a"];
	q3 -> q3 [label = "b"];
	q3 -> q2 [label = "c"];
	q3 -> q5 [label = "b"];
	q0 -> m4 [label = "c"];
	q3 -> m3 [label = "a"];
	q5 -> m2 [label = "a"];
	q4 -> q0 [label = "a"];
	q4 -> q2 [label = "c"];
	q1 -> m8 [label = "c"];
	q0 -> m1 [label = "a"];
	q4 -> m2 [label = "b"];
	q2 -> m0 [label = "b"];
	q4 -> q4 [label = "b"];
	q3 -> m6 [label = "a"];
	q2 -> m9 [label = "c"];
	m0 -> q1;
	m0 -> q5;
	m1 -> q2;
	m1 -> q4;
	m2 -> q3;
	m2 -> q4;
	m3 -> q0;
	m3 -> q3;
	m4 -> q0;
	m4 -> q2;
	m5 -> q2;
	m5 -> q3;
	m6 -> q1;
	m6 -> q3;
	m7 -> q1;
	m7 -> q4;
	m8 -> q0;
	m8 -> q1;
	m9 -> q2;
	m9 -> q5;
	m10 -> q3;
	m10 -> q5;
}

L* output after 15 EQ and 66802 MQ:
digraph finite_state_machine {
	rankdir=LR;
	node [shape = circle];
	s0 [shape = point, style = invis, start="true" ];
	q0 [label = "q0"];
	q1 [label = "q1"];
	q2 [label = "q2", shape = doublecircle, final="true" ];
	q3 [label = "q3", shape = doublecircle, final="true" ];
	q4 [label = "q4"];
	q5 [label = "q5"];
	q6 [label = "q6"];
	q7 [label = "q7"];
	q8 [label = "q8"];
	q9 [label = "q9"];
	q10 [label = "q10"];
	q11 [label = "q11"];
	q12 [label = "q12"];
	q13 [label = "q13"];
	q14 [label = "q14"];
	q15 [label = "q15", shape = doublecircle, final="true" ];
	q16 [label = "q16", shape = doublecircle, final="true" ];
	q17 [label = "q17"];
	q18 [label = "q18", shape = doublecircle, final="true" ];
	q19 [label = "q19"];
	q20 [label = "q20", shape = doublecircle, final="true" ];
	q21 [label = "q21", shape = doublecircle, final="true" ];
	q22 [label = "q22"];
	q23 [label = "q23", shape = doublecircle, final="true" ];
	q24 [label = "q24"];
	q25 [label = "q25"];
	q26 [label = "q26"];
	q27 [label = "q27"];
	q28 [label = "q28"];
	q29 [label = "q29"];
	q30 [label = "q30"];
	q31 [label = "q31"];
	q32 [label = "q32"];
	q33 [label = "q33"];
	q34 [label = "q34"];
	q35 [label = "q35"];
	q36 [label = "q36"];
	q37 [label = "q37"];
	q38 [label = "q38"];
	q39 [label = "q39"];
	q40 [label = "q40"];
	q41 [label = "q41"];
	q42 [label = "q42"];
	q43 [label = "q43"];
	q44 [label = "q44"];
	q45 [label = "q45"];
	q46 [label = "q46"];
	q47 [label = "q47"];
	q48 [label = "q48"];
	q49 [label = "q49"];
	q50 [label = "q50"];
	q51 [label = "q51"];
	q52 [label = "q52"];
	q53 [label = "q53"];
	q54 [label = "q54"];
	q55 [label = "q55"];
	q56 [label = "q56"];
	q57 [label = "q57"];
	q58 [label = "q58"];
	q59 [label = "q59"];
	q60 [label = "q60"];
	q61 [label = "q61"];
	q62 [label = "q62"];
	q63 [label = "q63"];
	q64 [label = "q64"];
	q65 [label = "q65"];
	q66 [label = "q66"];
	q67 [label = "q67"];
	q68 [label = "q68"];
	q69 [label = "q69", shape = doublecircle, final="true" ];
	q70 [label = "q70"];
	q71 [label = "q71"];
	q72 [label = "q72"];
	q73 [label = "q73"];
	q74 [label = "q74"];
	q75 [label = "q75"];
	q76 [label = "q76", shape = doublecircle, final="true" ];
	q77 [label = "q77"];
	q78 [label = "q78"];
	q79 [label = "q79"];
	q80 [label = "q80"];
	q81 [label = "q81"];
	q82 [label = "q82"];
	q83 [label = "q83", shape = doublecircle, final="true" ];
	q84 [label = "q84"];
	q85 [label = "q85"];
	q86 [label = "q86"];
	q87 [label = "q87"];
	q88 [label = "q88"];
	q89 [label = "q89"];
	q90 [label = "q90"];
	q91 [label = "q91"];
	q92 [label = "q92"];
	q93 [label = "q93", shape = doublecircle, final="true" ];
	q94 [label = "q94"];
	q95 [label = "q95", shape = doublecircle, final="true" ];
	q96 [label = "q96"];
	q97 [label = "q97", shape = doublecircle, final="true" ];
	q98 [label = "q98"];
	q99 [label = "q99"];
	q100 [label = "q100", shape = doublecircle, final="true" ];
	q101 [label = "q101", shape = doublecircle, final="true" ];
	q102 [label = "q102"];
	q103 [label = "q103"];
	q104 [label = "q104"];
	q105 [label = "q105"];
	q106 [label = "q106", shape = doublecircle, final="true" ];
	q107 [label = "q107", shape = doublecircle, final="true" ];
	q108 [label = "q108", shape = doublecircle, final="true" ];
	q109 [label = "q109"];
	q110 [label = "q110"];
	q111 [label = "q111"];
	q112 [label = "q112"];
	q113 [label = "q113"];
	q114 [label = "q114"];
	q115 [label = "q115"];
	q116 [label = "q116"];
	q117 [label = "q117"];
	q118 [label = "q118"];
	q119 [label = "q119", shape = doublecircle, final="true" ];
	q120 [label = "q120"];
	q121 [label = "q121"];
	q122 [label = "q122"];
	q123 [label = "q123"];
	q124 [label = "q124"];
	q125 [label = "q125"];
	q126 [label = "q126", shape = doublecircle, final="true" ];
	q127 [label = "q127", shape = doublecircle, final="true" ];
	q128 [label = "q128", shape = doublecircle, final="true" ];
	q129 [label = "q129", shape = doublecircle, final="true" ];
	q130 [label = "q130"];
	q131 [label = "q131"];
	q132 [label = "q132"];
	q133 [label = "q133"];
	q134 [label = "q134", shape = doublecircle, final="true" ];
	q135 [label = "q135"];
	q136 [label = "q136", shape = doublecircle, final="true" ];
	q137 [label = "q137", shape = doublecircle, final="true" ];
	q138 [label = "q138", shape = doublecircle, final="true" ];
	q139 [label = "q139"];
	q140 [label = "q140", shape = doublecircle, final="true" ];
	q141 [label = "q141"];
	q142 [label = "q142"];
	q143 [label = "q143", shape = doublecircle, final="true" ];
	q144 [label = "q144"];
	q145 [label = "q145", shape = doublecircle, final="true" ];
	q146 [label = "q146", shape = doublecircle, final="true" ];
	q147 [label = "q147"];
	q148 [label = "q148"];
	q149 [label = "q149", shape = doublecircle, final="true" ];
	q150 [label = "q150"];
	q151 [label = "q151"];
	q152 [label = "q152", shape = doublecircle, final="true" ];
	q153 [label = "q153"];
	q154 [label = "q154", shape = doublecircle, final="true" ];
	q155 [label = "q155", shape = doublecircle, final="true" ];
	q156 [label = "q156", shape = doublecircle, final="true" ];
	q157 [label = "q157", shape = doublecircle, final="true" ];
	q158 [label = "q158"];
	q159 [label = "q159"];
	q160 [label = "q160"];
	q161 [label = "q161"];
	q162 [label = "q162"];
	q163 [label = "q163"];
	q164 [label = "q164"];
	q165 [label = "q165", shape = doublecircle, final="true" ];
	q166 [label = "q166", shape = doublecircle, final="true" ];
	q167 [label = "q167", shape = doublecircle, final="true" ];
	q168 [label = "q168", shape = doublecircle, final="true" ];
	q169 [label = "q169"];
	q170 [label = "q170"];
	q171 [label = "q171"];
	q172 [label = "q172", shape = doublecircle, final="true" ];
	q173 [label = "q173", shape = doublecircle, final="true" ];
	q174 [label = "q174"];
	q175 [label = "q175"];
	q176 [label = "q176"];
	q177 [label = "q177"];
	q178 [label = "q178"];
	q179 [label = "q179"];
	q180 [label = "q180"];
	q181 [label = "q181"];
	q182 [label = "q182"];
	q183 [label = "q183"];
	q184 [label = "q184"];
	q185 [label = "q185"];
	q186 [label = "q186"];
	q187 [label = "q187"];
	q188 [label = "q188"];
	q189 [label = "q189", shape = doublecircle, final="true" ];
	q190 [label = "q190"];
	q191 [label = "q191"];
	q192 [label = "q192", shape = doublecircle, final="true" ];
	q193 [label = "q193"];
	q194 [label = "q194", shape = doublecircle, final="true" ];
	q195 [label = "q195"];
	q196 [label = "q196"];
	q197 [label = "q197"];
	q198 [label = "q198"];
	q199 [label = "q199"];
	q200 [label = "q200"];
	q201 [label = "q201"];
	q202 [label = "q202", shape = doublecircle, final="true" ];
	q203 [label = "q203", shape = doublecircle, final="true" ];
	q204 [label = "q204"];
	q205 [label = "q205"];
	q206 [label = "q206"];
	q207 [label = "q207"];
	q208 [label = "q208"];
	q209 [label = "q209"];
	q210 [label = "q210"];
	q211 [label = "q211"];
	q212 [label = "q212"];
	q213 [label = "q213"];
	q214 [label = "q214"];
	q215 [label = "q215"];
	q216 [label = "q216"];
	q217 [label = "q217"];
	q218 [label = "q218"];
	q219 [label = "q219", shape = doublecircle, final="true" ];
	q220 [label = "q220", shape = doublecircle, final="true" ];
	q221 [label = "q221", shape = doublecircle, final="true" ];
	q222 [label = "q222", shape = doublecircle, final="true" ];
	q223 [label = "q223"];
	q224 [label = "q224"];
	q225 [label = "q225"];
	q226 [label = "q226"];
	q227 [label = "q227", shape = doublecircle, final="true" ];
	q228 [label = "q228"];
	q229 [label = "q229", shape = doublecircle, final="true" ];
	q230 [label = "q230"];
	q231 [label = "q231"];
	q232 [label = "q232", shape = doublecircle, final="true" ];
	q233 [label = "q233"];
	q234 [label = "q234", shape = doublecircle, final="true" ];
	s0 -> q150
	q183 -> q230 [label = "a"];
	q178 -> q185 [label = "c"];
	q177 -> q19 [label = "c"];
	q179 -> q4 [label = "a"];
	q183 -> q221 [label = "c"];
	q177 -> q62 [label = "a"];
	q181 -> q205 [label = "c"];
	q178 -> q61 [label = "a"];
	q176 -> q183 [label = "b"];
	q182 -> q167 [label = "c"];
	q178 -> q191 [label = "b"];
	q175 -> q63 [label = "a"];
	q173 -> q180 [label = "b"];
	q171 -> q202 [label = "c"];
	q174 -> q64 [label = "a"];
	q172 -> q106 [label = "b"];
	q170 -> q165 [label = "c"];
	q169 -> q20 [label = "c"];
	q171 -> q178 [label = "a"];
	q169 -> q156 [label = "b"];
	q171 -> q179 [label = "b"];
	q170 -> q161 [label = "a"];
	q172 -> q224 [label = "c"];
	q168 -> q107 [label = "a"];
	q167 -> q227 [label = "a"];
	q166 -> q66 [label = "a"];
	q164 -> q120 [label = "b"];
	q176 -> q21 [label = "c"];
	q167 -> q131 [label = "c"];
	q163 -> q175 [label = "a"];
	q161 -> q122 [label = "b"];
	q165 -> q195 [label = "c"];
	q163 -> q137 [label = "b"];
	q166 -> q223 [label = "b"];
	q160 -> q197 [label = "a"];
	q159 -> q196 [label = "a"];
	q157 -> q156 [label = "b"];
	q157 -> q125 [label = "a"];
	q153 -> q143 [label = "c"];
	q155 -> q194 [label = "a"];
	q153 -> q154 [label = "b"];
	q155 -> q157 [label = "b"];
	q156 -> q220 [label = "a"];
	q152 -> q127 [label = "c"];
	q156 -> q126 [label = "c"];
	q149 -> q141 [label = "b"];
	q150 -> q149 [label = "a"];
	q146 -> q145 [label = "c"];
	q149 -> q147 [label = "a"];
	q145 -> q152 [label = "c"];
	q164 -> q222 [label = "a"];
	q151 -> q155 [label = "c"];
	q149 -> q140 [label = "c"];
	q145 -> q159 [label = "a"];
	q150 -> q148 [label = "b"];
	q148 -> q158 [label = "a"];
	q144 -> q143 [label = "c"];
	q150 -> q142 [label = "c"];
	q146 -> q140 [label = "a"];
	q144 -> q153 [label = "b"];
	q146 -> q151 [label = "b"];
	q144 -> q192 [label = "a"];
	q143 -> q219 [label = "a"];
	q139 -> q162 [label = "c"];
	q142 -> q160 [label = "a"];
	q138 -> q193 [label = "c"];
	q143 -> q154 [label = "b"];
	q141 -> q161 [label = "a"];
	q158 -> q165 [label = "c"];
	q137 -> q119 [label = "c"];
	q143 -> q131 [label = "c"];
	q141 -> q155 [label = "c"];
	q137 -> q220 [label = "a"];
	q142 -> q130 [label = "b"];
	q140 -> q141 [label = "a"];
	q142 -> q133 [label = "c"];
	q138 -> q141 [label = "a"];
	q136 -> q135 [label = "b"];
	q138 -> q128 [label = "b"];
	q133 -> q67 [label = "b"];
	q134 -> q225 [label = "a"];
	q132 -> q135 [label = "b"];
	q130 -> q116 [label = "c"];
	q135 -> q151 [label = "b"];
	q129 -> q152 [label = "c"];
	q183 -> q114 [label = "b"];
	q135 -> q134 [label = "c"];
	q131 -> q227 [label = "a"];
	q133 -> q132 [label = "c"];
	q129 -> q115 [label = "a"];
	q134 -> q156 [label = "b"];
	q199 -> q206 [label = "b"];
	q48 -> q173 [label = "c"];
	q44 -> q12 [label = "a"];
	q103 -> q97 [label = "c"];
	q55 -> q34 [label = "a"];
	q179 -> q203 [label = "c"];
	q56 -> q139 [label = "a"];
	q35 -> q29 [label = "a"];
	q60 -> q101 [label = "c"];
	q65 -> q144 [label = "b"];
	q60 -> q45 [label = "a"];
	q53 -> q8 [label = "a"];
	q20 -> q194 [label = "a"];
	q62 -> q173 [label = "c"];
	q84 -> q86 [label = "b"];
	q37 -> q214 [label = "a"];
	q57 -> q207 [label = "b"];
	q68 -> q162 [label = "c"];
	q57 -> q36 [label = "a"];
	q59 -> q184 [label = "b"];
	q75 -> q90 [label = "a"];
	q87 -> q213 [label = "c"];
	q64 -> q218 [label = "b"];
	q119 -> q126 [label = "c"];
	q67 -> q38 [label = "a"];
	q72 -> q92 [label = "a"];
	q74 -> q206 [label = "b"];
	q78 -> q172 [label = "c"];
	q141 -> q131 [label = "b"];
	q41 -> q173 [label = "c"];
	q78 -> q54 [label = "b"];
	q63 -> q173 [label = "c"];
	q66 -> q56 [label = "a"];
	q176 -> q196 [label = "a"];
	q216 -> q176 [label = "a"];
	q199 -> q94 [label = "a"];
	q108 -> q115 [label = "a"];
	q231 -> q85 [label = "b"];
	q15 -> q169 [label = "b"];
	q52 -> q124 [label = "b"];
	q68 -> q170 [label = "b"];
	q13 -> q7 [label = "a"];
	q79 -> q97 [label = "c"];
	q73 -> q97 [label = "c"];
	q202 -> q1 [label = "a"];
	q40 -> q7 [label = "a"];
	q77 -> q105 [label = "a"];
	q194 -> q131 [label = "b"];
	q18 -> q84 [label = "c"];
	q145 -> q144 [label = "b"];
	q64 -> q139 [label = "a"];
	q79 -> q206 [label = "b"];
	q61 -> q191 [label = "b"];
	q202 -> q104 [label = "c"];
	q128 -> q229 [label = "c"];
	q76 -> q206 [label = "b"];
	q214 -> q218 [label = "b"];
	q80 -> q92 [label = "a"];
	q85 -> q111 [label = "b"];
	q172 -> q141 [label = "a"];
	q82 -> q129 [label = "b"];
	q203 -> q224 [label = "c"];
	q84 -> q18 [label = "c"];
	q208 -> q211 [label = "b"];
	q75 -> q114 [label = "b"];
	q139 -> q139 [label = "a"];
	q86 -> q114 [label = "b"];
	q85 -> q16 [label = "c"];
	q18 -> q106 [label = "b"];
	q174 -> q141 [label = "b"];
	q83 -> q229 [label = "c"];
	q8 -> q218 [label = "b"];
	q69 -> q152 [label = "c"];
	q184 -> q117 [label = "b"];
	q140 -> q140 [label = "c"];
	q186 -> q234 [label = "c"];
	q179 -> q186 [label = "b"];
	q35 -> q21 [label = "c"];
	q190 -> q221 [label = "c"];
	q175 -> q221 [label = "c"];
	q56 -> q170 [label = "b"];
	q188 -> q59 [label = "a"];
	q190 -> q156 [label = "b"];
	q91 -> q204 [label = "a"];
	q189 -> q115 [label = "a"];
	q28 -> q54 [label = "b"];
	q187 -> q172 [label = "c"];
	q227 -> q124 [label = "b"];
	q175 -> q182 [label = "b"];
	q164 -> q136 [label = "c"];
	q135 -> q222 [label = "a"];
	q61 -> q185 [label = "c"];
	q162 -> q198 [label = "a"];
	q91 -> q206 [label = "b"];
	q77 -> q180 [label = "b"];
	q58 -> q35 [label = "a"];
	q34 -> q46 [label = "a"];
	q217 -> q105 [label = "a"];
	q153 -> q69 [label = "a"];
	q80 -> q55 [label = "b"];
	q227 -> q47 [label = "a"];
	q88 -> q21 [label = "c"];
	q84 -> q105 [label = "a"];
	q126 -> q219 [label = "a"];
	q185 -> q187 [label = "b"];
	q197 -> q95 [label = "c"];
	q106 -> q114 [label = "b"];
	q216 -> q144 [label = "b"];
	q85 -> q90 [label = "a"];
	q132 -> q176 [label = "a"];
	q66 -> q97 [label = "c"];
	q228 -> q59 [label = "a"];
	q159 -> q124 [label = "b"];
	q111 -> q151 [label = "b"];
	q216 -> q19 [label = "c"];
	q217 -> q17 [label = "c"];
	q193 -> q141 [label = "b"];
	q13 -> q101 [label = "c"];
	q15 -> q107 [label = "a"];
	q128 -> q228 [label = "a"];
	q221 -> q107 [label = "a"];
	q223 -> q114 [label = "b"];
	q131 -> q143 [label = "c"];
	q99 -> q11 [label = "a"];
	q214 -> q87 [label = "c"];
	q73 -> q39 [label = "a"];
	q224 -> q172 [label = "c"];
	q127 -> q152 [label = "c"];
	q83 -> q73 [label = "a"];
	q166 -> q224 [label = "c"];
	q195 -> q155 [label = "c"];
	q181 -> q204 [label = "a"];
	q226 -> q107 [label = "a"];
	q27 -> q57 [label = "a"];
	q220 -> q129 [label = "b"];
	q233 -> q169 [label = "b"];
	q190 -> q163 [label = "a"];
	q204 -> q56 [label = "a"];
	q89 -> q9 [label = "a"];
	q64 -> q3 [label = "c"];
	q7 -> q170 [label = "b"];
	q87 -> q105 [label = "a"];
	q29 -> q218 [label = "b"];
	q221 -> q169 [label = "b"];
	q222 -> q140 [label = "c"];
	q224 -> q86 [label = "b"];
	q228 -> q2 [label = "c"];
	q54 -> q155 [label = "c"];
	q72 -> q71 [label = "c"];
	q230 -> q173 [label = "c"];
	q232 -> q105 [label = "a"];
	q21 -> q105 [label = "a"];
	q211 -> q109 [label = "b"];
	q59 -> q19 [label = "c"];
	q1 -> q2 [label = "c"];
	q188 -> q101 [label = "c"];
	q194 -> q152 [label = "c"];
	q199 -> q2 [label = "c"];
	q230 -> q85 [label = "b"];
	q219 -> q52 [label = "a"];
	q225 -> q144 [label = "b"];
	q212 -> q67 [label = "b"];
	q210 -> q221 [label = "c"];
	q215 -> q54 [label = "b"];
	q118 -> q134 [label = "c"];
	q29 -> q3 [label = "c"];
	q223 -> q155 [label = "c"];
	q124 -> q114 [label = "b"];
	q208 -> q173 [label = "c"];
	q169 -> q65 [label = "a"];
	q33 -> q173 [label = "c"];
	q152 -> q194 [label = "a"];
	q232 -> q84 [label = "c"];
	q182 -> q153 [label = "b"];
	q21 -> q224 [label = "c"];
	q25 -> q6 [label = "a"];
	q28 -> q172 [label = "c"];
	q218 -> q131 [label = "b"];
	q233 -> q116 [label = "c"];
	q105 -> q44 [label = "b"];
	q17 -> q204 [label = "a"];
	q61 -> q36 [label = "a"];
	q209 -> q89 [label = "a"];
	q233 -> q107 [label = "a"];
	q78 -> q40 [label = "a"];
	q63 -> q183 [label = "b"];
	q212 -> q216 [label = "c"];
	q133 -> q149 [label = "a"];
	q81 -> q173 [label = "c"];
	q231 -> q101 [label = "c"];
	q229 -> q141 [label = "a"];
	q196 -> q170 [label = "b"];
	q225 -> q155 [label = "c"];
	q234 -> q141 [label = "a"];
	q151 -> q156 [label = "b"];
	q59 -> q161 [label = "a"];
	q228 -> q129 [label = "b"];
	q74 -> q41 [label = "a"];
	q82 -> q172 [label = "c"];
	q41 -> q214 [label = "a"];
	q186 -> q113 [label = "b"];
	q90 -> q206 [label = "b"];
	q56 -> q3 [label = "c"];
	q230 -> q46 [label = "a"];
	q68 -> q214 [label = "a"];
	q173 -> q104 [label = "c"];
	q58 -> q144 [label = "b"];
	q189 -> q100 [label = "c"];
	q189 -> q111 [label = "b"];
	q162 -> q174 [label = "c"];
	q21 -> q86 [label = "b"];
	q94 -> q77 [label = "c"];
	q160 -> q123 [label = "b"];
	q194 -> q96 [label = "a"];
	q23 -> q79 [label = "c"];
	q205 -> q92 [label = "a"];
	q222 -> q206 [label = "b"];
	q69 -> q65 [label = "a"];
	q229 -> q229 [label = "c"];
	q162 -> q121 [label = "b"];
	q16 -> q67 [label = "b"];
	q181 -> q102 [label = "b"];
	q44 -> q144 [label = "b"];
	q203 -> q195 [label = "b"];
	q67 -> q156 [label = "b"];
	q165 -> q149 [label = "a"];
	q185 -> q66 [label = "a"];
	q217 -> q206 [label = "b"];
	q219 -> q144 [label = "b"];
	q226 -> q134 [label = "c"];
	q225 -> q48 [label = "a"];
	q220 -> q51 [label = "a"];
	q168 -> q127 [label = "c"];
	q211 -> q221 [label = "c"];
	q33 -> q214 [label = "a"];
	q106 -> q152 [label = "c"];
	q134 -> q226 [label = "c"];
	q203 -> q1 [label = "a"];
	q196 -> q3 [label = "c"];
	q213 -> q64 [label = "a"];
	q202 -> q209 [label = "b"];
	q209 -> q172 [label = "c"];
	q174 -> q181 [label = "c"];
	q57 -> q95 [label = "c"];
	q55 -> q155 [label = "c"];
	q58 -> q155 [label = "c"];
	q215 -> q234 [label = "c"];
	q30 -> q26 [label = "b"];
	q89 -> q183 [label = "b"];
	q226 -> q169 [label = "b"];
	q209 -> q54 [label = "b"];
	q168 -> q169 [label = "b"];
	q232 -> q86 [label = "b"];
	q126 -> q154 [label = "b"];
	q46 -> q214 [label = "a"];
	q16 -> q149 [label = "a"];
	q212 -> q149 [label = "a"];
	q10 -> q138 [label = "c"];
	q88 -> q75 [label = "b"];
	q127 -> q225 [label = "a"];
	q192 -> q98 [label = "a"];
	q160 -> q166 [label = "c"];
	q51 -> q155 [label = "c"];
	q79 -> q204 [label = "a"];
	q167 -> q117 [label = "b"];
	q205 -> q55 [label = "b"];
	q54 -> q88 [label = "a"];
	q75 -> q15 [label = "c"];
	q107 -> q44 [label = "b"];
	q130 -> q190 [label = "b"];
	q198 -> q57 [label = "a"];
	q151 -> q163 [label = "a"];
	q8 -> q87 [label = "c"];
	q224 -> q204 [label = "a"];
	q102 -> q199 [label = "a"];
	q207 -> q0 [label = "a"];
	q26 -> q60 [label = "a"];
	q103 -> q206 [label = "b"];
	q62 -> q68 [label = "a"];
	q213 -> q141 [label = "b"];
	q234 -> q83 [label = "b"];
	q73 -> q129 [label = "b"];
	q187 -> q113 [label = "b"];
	q198 -> q166 [label = "c"];
	q147 -> q139 [label = "a"];
	q206 -> q90 [label = "a"];
	q210 -> q144 [label = "b"];
	q104 -> q92 [label = "a"];
	q184 -> q167 [label = "c"];
	q131 -> q117 [label = "b"];
	q113 -> q114 [label = "b"];
	q110 -> q108 [label = "b"];
	q108 -> q168 [label = "c"];
	q156 -> q153 [label = "b"];
	q50 -> q234 [label = "c"];
	q218 -> q161 [label = "a"];
	q62 -> q183 [label = "b"];
	q201 -> q134 [label = "c"];
	q207 -> q203 [label = "c"];
	q147 -> q138 [label = "c"];
	q82 -> q200 [label = "a"];
	q81 -> q210 [label = "b"];
	q200 -> q221 [label = "c"];
	q206 -> q20 [label = "c"];
	q122 -> q111 [label = "b"];
	q154 -> q154 [label = "b"];
	q192 -> q229 [label = "c"];
	q200 -> q184 [label = "b"];
	q71 -> q86 [label = "b"];
	q70 -> q204 [label = "a"];
	q49 -> q75 [label = "b"];
	q191 -> q21 [label = "c"];
	q182 -> q192 [label = "a"];
	q19 -> q216 [label = "c"];
	q204 -> q21 [label = "c"];
	q70 -> q71 [label = "c"];
	q17 -> q206 [label = "b"];
	q163 -> q221 [label = "c"];
	q86 -> q20 [label = "c"];
	q71 -> q105 [label = "a"];
	q37 -> q87 [label = "c"];
	q193 -> q97 [label = "c"];
	q103 -> q81 [label = "a"];
	q100 -> q149 [label = "a"];
	q99 -> q122 [label = "b"];
	q60 -> q75 [label = "b"];
	q195 -> q144 [label = "b"];
	q98 -> q234 [label = "c"];
	q200 -> q62 [label = "a"];
	q229 -> q106 [label = "b"];
	q86 -> q74 [label = "a"];
	q76 -> q105 [label = "a"];
	q26 -> q21 [label = "c"];
	q187 -> q60 [label = "a"];
	q52 -> q234 [label = "c"];
	q122 -> q165 [label = "c"];
	q3 -> q105 [label = "a"];
	q193 -> q64 [label = "a"];
	q198 -> q208 [label = "b"];
	q215 -> q53 [label = "a"];
	q111 -> q140 [label = "a"];
	q227 -> q229 [label = "c"];
	q192 -> q206 [label = "b"];
	q186 -> q188 [label = "a"];
	q41 -> q210 [label = "b"];
	q49 -> q21 [label = "c"];
	q148 -> q146 [label = "b"];
	q112 -> q221 [label = "c"];
	q51 -> q62 [label = "a"];
	q180 -> q113 [label = "b"];
	q53 -> q101 [label = "c"];
	q45 -> q43 [label = "a"];
	q107 -> q229 [label = "c"];
	q51 -> q131 [label = "b"];
	q66 -> q141 [label = "b"];
	q49 -> q33 [label = "a"];
	q32 -> q135 [label = "b"];
	q69 -> q156 [label = "b"];
	q54 -> q114 [label = "b"];
	q3 -> q102 [label = "b"];
	q157 -> q152 [label = "c"];
	q191 -> q58 [label = "b"];
	q115 -> q234 [label = "c"];
	q50 -> q43 [label = "a"];
	q48 -> q122 [label = "b"];
	q124 -> q155 [label = "c"];
	q161 -> q173 [label = "c"];
	q50 -> q44 [label = "b"];
	q48 -> q37 [label = "a"];
	q47 -> q214 [label = "a"];
	q129 -> q114 [label = "b"];
	q45 -> q32 [label = "b"];
	q158 -> q164 [label = "b"];
	q221 -> q195 [label = "c"];
	q231 -> q45 [label = "a"];
	q88 -> q41 [label = "a"];
	q42 -> q77 [label = "c"];
	q204 -> q210 [label = "b"];
	q38 -> q182 [label = "b"];
	q158 -> q171 [label = "a"];
	q20 -> q157 [label = "b"];
	q93 -> q10 [label = "a"];
	q22 -> q35 [label = "a"];
	q14 -> q159 [label = "a"];
	q47 -> q138 [label = "c"];
	q17 -> q217 [label = "c"];
	q53 -> q122 [label = "b"];
	q234 -> q104 [label = "c"];
	q31 -> q166 [label = "c"];
	q123 -> q173 [label = "c"];
	q170 -> q201 [label = "b"];
	q96 -> q68 [label = "a"];
	q218 -> q221 [label = "c"];
	q67 -> q155 [label = "c"];
	q23 -> q55 [label = "b"];
	q105 -> q56 [label = "a"];
	q19 -> q107 [label = "a"];
	q125 -> q156 [label = "b"];
	q22 -> q182 [label = "b"];
	q18 -> q141 [label = "a"];
	q140 -> q129 [label = "b"];
	q22 -> q221 [label = "c"];
	q136 -> q159 [label = "a"];
	q29 -> q214 [label = "a"];
	q220 -> q229 [label = "c"];
	q89 -> q76 [label = "c"];
	q20 -> q14 [label = "c"];
	q115 -> q129 [label = "b"];
	q13 -> q122 [label = "b"];
	q52 -> q37 [label = "a"];
	q11 -> q162 [label = "c"];
	q173 -> q105 [label = "a"];
	q195 -> q176 [label = "a"];
	q12 -> q122 [label = "b"];
	q117 -> q219 [label = "a"];
	q81 -> q43 [label = "a"];
	q9 -> q3 [label = "c"];
	q3 -> q193 [label = "c"];
	q5 -> q170 [label = "b"];
	q7 -> q43 [label = "a"];
	q2 -> q80 [label = "c"];
	q4 -> q85 [label = "b"];
	q6 -> q43 [label = "a"];
	q112 -> q109 [label = "b"];
	q80 -> q97 [label = "c"];
	q211 -> q88 [label = "a"];
	q109 -> q167 [label = "c"];
	q5 -> q214 [label = "a"];
	q98 -> q44 [label = "b"];
	q47 -> q141 [label = "b"];
	q136 -> q118 [label = "c"];
	q7 -> q87 [label = "c"];
	q11 -> q43 [label = "a"];
	q5 -> q87 [label = "c"];
	q139 -> q170 [label = "b"];
	q31 -> q28 [label = "b"];
	q16 -> q14 [label = "c"];
	q4 -> q45 [label = "a"];
	q72 -> q223 [label = "b"];
	q6 -> q218 [label = "b"];
	q2 -> q141 [label = "a"];
	q6 -> q3 [label = "c"];
	q115 -> q177 [label = "a"];
	q206 -> q114 [label = "b"];
	q2 -> q128 [label = "b"];
	q46 -> q77 [label = "c"];
	q0 -> q11 [label = "a"];
	q117 -> q154 [label = "b"];
	q4 -> q3 [label = "c"];
	q12 -> q173 [label = "c"];
	q185 -> q213 [label = "c"];
	q8 -> q43 [label = "a"];
	q10 -> q43 [label = "a"];
	q10 -> q141 [label = "b"];
	q14 -> q20 [label = "c"];
	q94 -> q210 [label = "b"];
	q12 -> q5 [label = "a"];
	q24 -> q173 [label = "c"];
	q11 -> q170 [label = "b"];
	q19 -> q169 [label = "b"];
	q9 -> q43 [label = "a"];
	q137 -> q153 [label = "b"];
	q15 -> q14 [label = "c"];
	q1 -> q141 [label = "b"];
	q9 -> q170 [label = "b"];
	q65 -> q155 [label = "c"];
	q23 -> q66 [label = "a"];
	q71 -> q70 [label = "c"];
	q208 -> q13 [label = "a"];
	q110 -> q200 [label = "a"];
	q24 -> q99 [label = "a"];
	q121 -> q113 [label = "b"];
	q26 -> q113 [label = "b"];
	q24 -> q22 [label = "b"];
	q188 -> q189 [label = "b"];
	q30 -> q174 [label = "c"];
	q0 -> q3 [label = "c"];
	q28 -> q25 [label = "a"];
	q27 -> q24 [label = "b"];
	q201 -> q125 [label = "b"];
	q25 -> q183 [label = "b"];
	q197 -> q207 [label = "b"];
	q205 -> q91 [label = "c"];
	q25 -> q76 [label = "c"];
	q102 -> q113 [label = "b"];
	q159 -> q172 [label = "c"];
	q207 -> q215 [label = "b"];
	q30 -> q27 [label = "a"];
	q196 -> q214 [label = "a"];
	q70 -> q86 [label = "b"];
	q34 -> q173 [label = "c"];
	q27 -> q23 [label = "c"];
	q114 -> q143 [label = "c"];
	q31 -> q99 [label = "a"];
	q32 -> q12 [label = "a"];
	q34 -> q75 [label = "b"];
	q184 -> q227 [label = "a"];
	q36 -> q30 [label = "c"];
	q38 -> q221 [label = "c"];
	q32 -> q165 [label = "c"];
	q104 -> q223 [label = "b"];
	q36 -> q36 [label = "a"];
	q35 -> q183 [label = "b"];
	q148 -> q133 [label = "c"];
	q223 -> q49 [label = "a"];
	q39 -> q221 [label = "c"];
	q180 -> q103 [label = "a"];
	q90 -> q234 [label = "c"];
	q36 -> q31 [label = "b"];
	q38 -> q48 [label = "a"];
	q125 -> q155 [label = "c"];
	q37 -> q218 [label = "b"];
	q40 -> q101 [label = "c"];
	q93 -> q140 [label = "c"];
	q113 -> q110 [label = "a"];
	q39 -> q161 [label = "a"];
	q39 -> q184 [label = "b"];
	q44 -> q155 [label = "c"];
	q42 -> q210 [label = "b"];
	q40 -> q183 [label = "b"];
	q87 -> q102 [label = "b"];
	q42 -> q214 [label = "a"];
	q97 -> q79 [label = "c"];
	q46 -> q32 [label = "b"];
	q63 -> q37 [label = "a"];
	q45 -> q77 [label = "c"];
	q43 -> q170 [label = "b"];
	q96 -> q124 [label = "b"];
	q43 -> q139 [label = "a"];
	q92 -> q76 [label = "c"];
	q90 -> q42 [label = "a"];
	q154 -> q69 [label = "a"];
	q92 -> q56 [label = "a"];
	q161 -> q68 [label = "a"];
	q214 -> q139 [label = "a"];
	q1 -> q139 [label = "a"];
	q95 -> q193 [label = "c"];
	q95 -> q78 [label = "b"];
	q96 -> q234 [label = "c"];
	q219 -> q152 [label = "c"];
	q92 -> q218 [label = "b"];
	q154 -> q126 [label = "c"];
	q147 -> q141 [label = "b"];
	q43 -> q87 [label = "c"];
	q94 -> q43 [label = "a"];
	q119 -> q227 [label = "a"];
	q91 -> q91 [label = "c"];
	q107 -> q147 [label = "a"];
	q210 -> q12 [label = "a"];
	q93 -> q124 [label = "b"];
	q177 -> q184 [label = "b"];
	q95 -> q1 [label = "a"];
	q100 -> q127 [label = "c"];
	q102 -> q18 [label = "c"];
	q97 -> q141 [label = "a"];
	q101 -> q80 [label = "c"];
	q33 -> q32 [label = "b"];
	q97 -> q129 [label = "b"];
	q101 -> q105 [label = "a"];
	q76 -> q79 [label = "c"];
	q222 -> q50 [label = "a"];
	q197 -> q61 [label = "a"];
	q100 -> q67 [label = "b"];
	q99 -> q101 [label = "c"];
	q213 -> q217 [label = "c"];
	q101 -> q102 [label = "b"];
	q106 -> q82 [label = "a"];
	q110 -> q21 [label = "c"];
	q104 -> q172 [label = "c"];
	q109 -> q153 [label = "b"];
	q111 -> q134 [label = "c"];
	q0 -> q122 [label = "b"];
	q105 -> q172 [label = "c"];
	q65 -> q63 [label = "a"];
	q109 -> q220 [label = "a"];
	q108 -> q114 [label = "b"];
	q130 -> q222 [label = "a"];
	q112 -> q110 [label = "a"];
	q155 -> q195 [label = "c"];
	q114 -> q153 [label = "b"];
	q116 -> q233 [label = "c"];
	q114 -> q220 [label = "a"];
	q152 -> q157 [label = "b"];
	q201 -> q93 [label = "a"];
	q116 -> q159 [label = "a"];
	q127 -> q156 [label = "b"];
	q98 -> q214 [label = "a"];
	q118 -> q67 [label = "b"];
	q117 -> q143 [label = "c"];
	q119 -> q117 [label = "b"];
	q191 -> q99 [label = "a"];
	q116 -> q144 [label = "b"];
	q165 -> q67 [label = "b"];
	q83 -> q113 [label = "b"];
	q118 -> q149 [label = "a"];
	q120 -> q163 [label = "a"];
	q122 -> q230 [label = "a"];
	q126 -> q126 [label = "c"];
	q14 -> q144 [label = "b"];
	q120 -> q221 [label = "c"];
	q124 -> q230 [label = "a"];
	q121 -> q199 [label = "a"];
	q77 -> q72 [label = "c"];
	q123 -> q112 [label = "b"];
	q123 -> q231 [label = "a"];
	q121 -> q232 [label = "c"];
	q74 -> q172 [label = "c"];
	q113 -> q155 [label = "c"];
	q125 -> q175 [label = "a"];
	q55 -> q114 [label = "b"];
	q132 -> q212 [label = "c"];
	q180 -> q18 [label = "c"];
	q120 -> q137 [label = "b"];
	q128 -> q113 [label = "b"];
}
DFA size: 235 states

NL* output after 20 EQ and 16486 MQ:
digraph finite_state_machine {
	rankdir=LR;
	node [shape = circle];
	s0 [shape = point, style = invis, start="true" ];
	q0 [label = "q0"];
	q1 [label = "q1"];
	q2 [label = "q2", shape = doublecircle, final="true" ];
	q3 [label = "q3"];
	q4 [label = "q4"];
	q5 [label = "q5"];
	q6 [label = "q6"];
	q7 [label = "q7"];
	q8 [label = "q8"];
	q9 [label = "q9"];
	q10 [label = "q10"];
	q11 [label = "q11"];
	q12 [label = "q12"];
	q13 [label = "q13"];
	q14 [label = "q14"];
	q15 [label = "q15"];
	q16 [label = "q16"];
	q17 [label = "q17"];
	q18 [label = "q18"];
	q19 [label = "q19", shape = doublecircle, final="true" ];
	q20 [label = "q20"];
	q21 [label = "q21"];
	q22 [label = "q22"];
	q23 [label = "q23"];
	q24 [label = "q24", shape = doublecircle, final="true" ];
	q25 [label = "q25"];
	q26 [label = "q26", shape = doublecircle, final="true" ];
	q27 [label = "q27"];
	q28 [label = "q28"];
	q29 [label = "q29"];
	q30 [label = "q30", shape = doublecircle, final="true" ];
	q31 [label = "q31"];
	q32 [label = "q32"];
	q33 [label = "q33"];
	q34 [label = "q34", shape = doublecircle, final="true" ];
	q35 [label = "q35"];
	q36 [label = "q36"];
	q37 [label = "q37"];
	q38 [label = "q38"];
	q39 [label = "q39"];
	q40 [label = "q40"];
	q41 [label = "q41"];
	q42 [label = "q42"];
	q43 [label = "q43"];
	q44 [label = "q44"];
	q45 [label = "q45"];
	q46 [label = "q46"];
	q47 [label = "q47"];
	q48 [label = "q48"];
	q49 [label = "q49"];
	q50 [label = "q50"];
	q51 [label = "q51"];
	q52 [label = "q52"];
	s0 -> q25
	q47 -> q49 [label = "b"];
	q47 -> q44 [label = "b"];
	q47 -> q42 [label = "b"];
	q47 -> q40 [label = "b"];
	q47 -> q33 [label = "b"];
	q47 -> q21 [label = "b"];
	q47 -> q16 [label = "b"];
	q47 -> q1 [label = "b"];
	q41 -> q45 [label = "b"];
	q41 -> q29 [label = "b"];
	q41 -> q15 [label = "b"];
	q41 -> q13 [label = "b"];
	q41 -> q5 [label = "b"];
	q41 -> q0 [label = "b"];
	q47 -> q12 [label = "b, c"];
	q47 -> q11 [label = "b, c"];
	q47 -> q7 [label = "b, c"];
	q41 -> q43 [label = "a, b"];
	q41 -> q9 [label = "a, b"];
	q43 -> q48 [label = "a, b"];
	q47 -> q31 [label = "b"];
	q43 -> q44 [label = "b"];
	q43 -> q43 [label = "b"];
	q43 -> q38 [label = "b"];
	q43 -> q15 [label = "b"];
	q43 -> q13 [label = "b"];
	q43 -> q9 [label = "b"];
	q43 -> q6 [label = "b"];
	q43 -> q3 [label = "b"];
	q40 -> q49 [label = "c"];
	q40 -> q47 [label = "c"];
	q40 -> q2 [label = "c"];
	q46 -> q50 [label = "b"];
	q46 -> q33 [label = "b"];
	q46 -> q21 [label = "b"];
	q46 -> q15 [label = "b"];
	q46 -> q5 [label = "b"];
	q46 -> q1 [label = "b"];
	q42 -> q43 [label = "a"];
	q40 -> q52 [label = "b, c"];
	q40 -> q51 [label = "b, c"];
	q40 -> q50 [label = "b"];
	q40 -> q44 [label = "b"];
	q40 -> q42 [label = "b"];
	q40 -> q39 [label = "b, c"];
	q47 -> q51 [label = "b, c"];
	q40 -> q33 [label = "b"];
	q40 -> q32 [label = "b"];
	q40 -> q31 [label = "b"];
	q40 -> q28 [label = "b"];
	q40 -> q21 [label = "b"];
	q46 -> q16 [label = "b"];
	q40 -> q16 [label = "b"];
	q40 -> q15 [label = "b, c"];
	q40 -> q14 [label = "b"];
	q40 -> q13 [label = "b"];
	q40 -> q8 [label = "b"];
	q40 -> q7 [label = "b, c"];
	q46 -> q41 [label = "c"];
	q46 -> q34 [label = "c"];
	q46 -> q12 [label = "c"];
	q40 -> q48 [label = "a, b, c"];
	q40 -> q43 [label = "a, b, c"];
	q40 -> q38 [label = "a, b, c"];
	q40 -> q29 [label = "a, b"];
	q40 -> q11 [label = "a, b, c"];
	q40 -> q6 [label = "a, b, c"];
	q40 -> q5 [label = "a, b"];
	q40 -> q1 [label = "a, b"];
	q40 -> q0 [label = "a, b, c"];
	q42 -> q46 [label = "b"];
	q42 -> q44 [label = "b"];
	q44 -> q12 [label = "c"];
	q44 -> q2 [label = "c"];
	q37 -> q50 [label = "b"];
	q37 -> q46 [label = "b"];
	q37 -> q31 [label = "b"];
	q37 -> q14 [label = "b"];
	q37 -> q13 [label = "b"];
	q37 -> q3 [label = "b"];
	q38 -> q38 [label = "a"];
	q36 -> q51 [label = "b"];
	q36 -> q45 [label = "b"];
	q36 -> q44 [label = "b"];
	q36 -> q43 [label = "b"];
	q36 -> q42 [label = "b"];
	q36 -> q36 [label = "b"];
	q36 -> q31 [label = "b"];
	q36 -> q28 [label = "b"];
	q36 -> q22 [label = "b"];
	q36 -> q16 [label = "b"];
	q36 -> q15 [label = "b"];
	q36 -> q13 [label = "b"];
	q36 -> q11 [label = "b"];
	q36 -> q8 [label = "b"];
	q36 -> q7 [label = "b"];
	q36 -> q4 [label = "b"];
	q36 -> q3 [label = "b"];
	q39 -> q44 [label = "b"];
	q39 -> q43 [label = "b"];
	q39 -> q42 [label = "b"];
	q1 -> q14 [label = "b"];
	q31 -> q21 [label = "b"];
	q36 -> q12 [label = "b, c"];
	q3 -> q6 [label = "a, b"];
	q7 -> q45 [label = "b"];
	q6 -> q39 [label = "c"];
	q7 -> q44 [label = "b"];
	q7 -> q18 [label = "b"];
	q1 -> q9 [label = "b"];
	q45 -> q11 [label = "b"];
	q7 -> q14 [label = "b"];
	q45 -> q33 [label = "a, b"];
	q7 -> q13 [label = "b"];
	q7 -> q3 [label = "b"];
	q7 -> q5 [label = "b"];
	q1 -> q52 [label = "c"];
	q51 -> q21 [label = "b"];
	q17 -> q21 [label = "b"];
	q4 -> q46 [label = "b"];
	q4 -> q45 [label = "b"];
	q26 -> q10 [label = "c"];
	q4 -> q18 [label = "b"];
	q3 -> q15 [label = "b"];
	q2 -> q51 [label = "b, c"];
	q42 -> q11 [label = "a"];
	q2 -> q48 [label = "a, b, c"];
	q3 -> q43 [label = "b"];
	q4 -> q42 [label = "b"];
	q2 -> q41 [label = "b, c"];
	q2 -> q11 [label = "b, c"];
	q36 -> q1 [label = "a, b"];
	q7 -> q43 [label = "a, b"];
	q50 -> q52 [label = "b, c"];
	q21 -> q52 [label = "b, c"];
	q45 -> q44 [label = "b"];
	q4 -> q32 [label = "b"];
	q49 -> q22 [label = "b"];
	q35 -> q3 [label = "b"];
	q40 -> q10 [label = "a, b"];
	q5 -> q48 [label = "a, b, c"];
	q41 -> q48 [label = "a, b, c"];
	q13 -> q52 [label = "b, c"];
	q5 -> q18 [label = "b"];
	q16 -> q49 [label = "c"];
	q5 -> q15 [label = "b"];
	q5 -> q13 [label = "b"];
	q4 -> q3 [label = "b"];
	q5 -> q6 [label = "b"];
	q2 -> q29 [label = "a, b, c"];
	q12 -> q45 [label = "b"];
	q3 -> q52 [label = "b, c"];
	q28 -> q12 [label = "b, c"];
	q51 -> q9 [label = "a, b"];
	q37 -> q15 [label = "a, b, c"];
	q3 -> q41 [label = "b, c"];
	q3 -> q0 [label = "b, c"];
	q8 -> q22 [label = "b"];
	q15 -> q45 [label = "b"];
	q7 -> q6 [label = "a, b"];
	q17 -> q43 [label = "a, b"];
	q20 -> q37 [label = "b"];
	q10 -> q52 [label = "c"];
	q7 -> q36 [label = "b"];
	q37 -> q51 [label = "b, c"];
	q10 -> q49 [label = "c"];
	q10 -> q39 [label = "c"];
	q12 -> q43 [label = "a, b"];
	q50 -> q50 [label = "b"];
	q50 -> q5 [label = "b"];
	q26 -> q3 [label = "b"];
	q26 -> q11 [label = "c"];
	q22 -> q43 [label = "a"];
	q13 -> q33 [label = "b"];
	q50 -> q21 [label = "b"];
	q13 -> q22 [label = "b"];
	q8 -> q10 [label = "a, b"];
	q13 -> q16 [label = "b"];
	q21 -> q10 [label = "a, b"];
	q5 -> q9 [label = "b"];
	q37 -> q4 [label = "a"];
	q40 -> q22 [label = "a, b"];
	q13 -> q14 [label = "b"];
	q13 -> q11 [label = "b"];
	q13 -> q10 [label = "a, b"];
	q13 -> q9 [label = "a, b"];
	q2 -> q13 [label = "b"];
	q41 -> q3 [label = "b"];
	q40 -> q45 [label = "b"];
	q13 -> q4 [label = "b"];
	q13 -> q1 [label = "a, b"];
	q30 -> q7 [label = "b, c"];
	q13 -> q0 [label = "b"];
	q6 -> q43 [label = "b"];
	q15 -> q48 [label = "a, b, c"];
	q11 -> q49 [label = "c"];
	q45 -> q51 [label = "b"];
	q15 -> q38 [label = "a"];
	q1 -> q8 [label = "b"];
	q47 -> q22 [label = "b"];
	q45 -> q3 [label = "b"];
	q1 -> q48 [label = "a, b, c"];
	q37 -> q42 [label = "a, b"];
	q31 -> q22 [label = "a"];
	q20 -> q52 [label = "c"];
	q23 -> q44 [label = "b"];
	q13 -> q31 [label = "b"];
	q18 -> q13 [label = "b"];
	q31 -> q38 [label = "c"];
	q16 -> q38 [label = "a, b"];
	q50 -> q49 [label = "c"];
	q16 -> q36 [label = "b"];
	q16 -> q31 [label = "b"];
	q40 -> q34 [label = "c"];
	q16 -> q13 [label = "b"];
	q16 -> q11 [label = "b"];
	q51 -> q13 [label = "b"];
	q5 -> q14 [label = "b"];
	q36 -> q38 [label = "a, b, c"];
	q2 -> q43 [label = "a, b, c"];
	q16 -> q9 [label = "a, b"];
	q43 -> q0 [label = "b"];
	q40 -> q4 [label = "a, b"];
	q20 -> q38 [label = "a"];
	q20 -> q36 [label = "a"];
	q16 -> q52 [label = "b, c"];
	q5 -> q5 [label = "b"];
	q2 -> q0 [label = "b, c"];
	q3 -> q38 [label = "a, b, c"];
	q44 -> q33 [label = "b"];
	q21 -> q49 [label = "c"];
	q40 -> q17 [label = "b, c"];
	q13 -> q12 [label = "b"];
	q21 -> q47 [label = "c"];
	q50 -> q38 [label = "a, b"];
	q21 -> q39 [label = "b, c"];
	q41 -> q52 [label = "c"];
	q30 -> q15 [label = "a, b"];
	q21 -> q34 [label = "c"];
	q21 -> q17 [label = "c"];
	q35 -> q31 [label = "a, b"];
	q15 -> q3 [label = "b"];
	q13 -> q15 [label = "b"];
	q16 -> q32 [label = "b"];
	q36 -> q52 [label = "b, c"];
	q37 -> q44 [label = "b"];
	q16 -> q47 [label = "c"];
	q50 -> q14 [label = "b"];
	q18 -> q48 [label = "c"];
	q28 -> q11 [label = "b"];
	q5 -> q44 [label = "b"];
	q20 -> q14 [label = "b"];
	q28 -> q31 [label = "a"];
	q30 -> q10 [label = "b"];
	q19 -> q21 [label = "b"];
	q47 -> q3 [label = "b"];
	q19 -> q18 [label = "b, c"];
	q27 -> q24 [label = "b"];
	q19 -> q14 [label = "b, c"];
	q7 -> q39 [label = "c"];
	q39 -> q48 [label = "b, c"];
	q49 -> q48 [label = "a, b, c"];
	q19 -> q3 [label = "b"];
	q23 -> q49 [label = "c"];
	q13 -> q13 [label = "b"];
	q27 -> q6 [label = "b"];
	q23 -> q47 [label = "c"];
	q17 -> q46 [label = "b"];
	q32 -> q12 [label = "c"];
	q17 -> q42 [label = "b"];
	q17 -> q40 [label = "b"];
	q6 -> q9 [label = "b"];
	q4 -> q44 [label = "b"];
	q16 -> q10 [label = "a, b"];
	q26 -> q30 [label = "c"];
	q17 -> q29 [label = "b"];
	q19 -> q13 [label = "b"];
	q17 -> q22 [label = "b"];
	q17 -> q14 [label = "a, b"];
	q41 -> q6 [label = "a, b"];
	q32 -> q41 [label = "c"];
	q17 -> q13 [label = "b"];
	q5 -> q36 [label = "b"];
	q11 -> q0 [label = "b"];
	q17 -> q7 [label = "b"];
	q52 -> q41 [label = "b, c"];
	q31 -> q12 [label = "c"];
	q14 -> q0 [label = "c"];
	q19 -> q43 [label = "a, b, c"];
	q32 -> q34 [label = "c"];
	q50 -> q20 [label = "a"];
	q19 -> q33 [label = "a, b, c"];
	q50 -> q3 [label = "b"];
	q19 -> q20 [label = "a"];
	q19 -> q15 [label = "a, b, c"];
	q20 -> q3 [label = "b"];
	q6 -> q49 [label = "c"];
	q2 -> q18 [label = "b, c"];
	q2 -> q9 [label = "a, b, c"];
	q50 -> q46 [label = "b"];
	q14 -> q34 [label = "c"];
	q13 -> q39 [label = "b, c"];
	q46 -> q43 [label = "b"];
	q19 -> q11 [label = "a, b, c"];
	q6 -> q48 [label = "a, b"];
	q34 -> q13 [label = "b"];
	q45 -> q12 [label = "b, c"];
	q52 -> q13 [label = "b"];
	q19 -> q5 [label = "a, b, c"];
	q23 -> q52 [label = "b, c"];
	q19 -> q16 [label = "b"];
	q23 -> q48 [label = "a, b, c"];
	q47 -> q46 [label = "b"];
	q3 -> q2 [label = "c"];
	q4 -> q31 [label = "b"];
	q44 -> q6 [label = "a, b"];
	q35 -> q9 [label = "a, b"];
	q16 -> q22 [label = "b"];
	q23 -> q42 [label = "b"];
	q30 -> q0 [label = "a, b, c"];
	q34 -> q38 [label = "a, b, c"];
	q23 -> q51 [label = "b, c"];
	q25 -> q0 [label = "a"];
	q18 -> q16 [label = "b"];
	q24 -> q20 [label = "a, b"];
	q23 -> q36 [label = "b, c"];
	q2 -> q6 [label = "a, b, c"];
	q30 -> q26 [label = "b"];
	q19 -> q52 [label = "b, c"];
	q35 -> q40 [label = "b"];
	q21 -> q36 [label = "b"];
	q23 -> q32 [label = "b"];
	q35 -> q4 [label = "a, b"];
	q17 -> q31 [label = "b"];
	q23 -> q31 [label = "b"];
	q13 -> q18 [label = "b"];
	q12 -> q14 [label = "b"];
	q8 -> q0 [label = "a, b, c"];
	q16 -> q18 [label = "b"];
	q42 -> q2 [label = "c"];
	q23 -> q27 [label = "b"];
	q32 -> q16 [label = "b"];
	q30 -> q11 [label = "b, c"];
	q23 -> q22 [label = "a, b"];
	q30 -> q40 [label = "b"];
	q23 -> q18 [label = "b"];
	q51 -> q41 [label = "b, c"];
	q25 -> q39 [label = "b"];
	q23 -> q17 [label = "b, c"];
	q4 -> q8 [label = "b"];
	q13 -> q38 [label = "a, b"];
	q16 -> q2 [label = "c"];
	q8 -> q12 [label = "b, c"];
	q17 -> q33 [label = "b"];
	q26 -> q29 [label = "a, b, c"];
	q19 -> q42 [label = "a, b, c"];
	q29 -> q3 [label = "b"];
	q50 -> q33 [label = "b"];
	q44 -> q13 [label = "b"];
	q44 -> q43 [label = "b"];
	q0 -> q48 [label = "a, b"];
	q24 -> q16 [label = "b, c"];
	q17 -> q9 [label = "a, b"];
	q50 -> q15 [label = "b"];
	q16 -> q42 [label = "b"];
	q3 -> q49 [label = "c"];
	q45 -> q10 [label = "a, b"];
	q27 -> q23 [label = "b"];
	q27 -> q48 [label = "b, c"];
	q17 -> q18 [label = "a, b"];
	q20 -> q18 [label = "b"];
	q49 -> q11 [label = "b, c"];
	q4 -> q0 [label = "a"];
	q45 -> q34 [label = "c"];
	q12 -> q9 [label = "b"];
	q0 -> q39 [label = "c"];
	q37 -> q11 [label = "a, b, c"];
	q37 -> q9 [label = "a, b"];
	q48 -> q43 [label = "b"];
	q16 -> q1 [label = "a, b"];
	q47 -> q41 [label = "b, c"];
	q39 -> q9 [label = "b"];
	q19 -> q25 [label = "b, c"];
	q1 -> q0 [label = "a"];
	q35 -> q51 [label = "b"];
	q1 -> q45 [label = "b"];
	q23 -> q20 [label = "b"];
	q48 -> q3 [label = "b"];
	q48 -> q18 [label = "b"];
	q47 -> q9 [label = "a, b"];
	q14 -> q48 [label = "c"];
	q50 -> q31 [label = "b"];
	q7 -> q0 [label = "b, c"];
	q24 -> q46 [label = "b"];
	q39 -> q46 [label = "b"];
	q50 -> q29 [label = "b"];
	q29 -> q14 [label = "b"];
	q17 -> q6 [label = "a, b"];
	q49 -> q21 [label = "b"];
	q19 -> q31 [label = "b, c"];
	q16 -> q16 [label = "b"];
	q16 -> q17 [label = "c"];
	q48 -> q52 [label = "c"];
	q33 -> q44 [label = "b"];
	q49 -> q10 [label = "b"];
	q51 -> q45 [label = "b"];
	q3 -> q48 [label = "a, b, c"];
	q19 -> q40 [label = "b"];
	q50 -> q12 [label = "a, b"];
	q47 -> q48 [label = "a, b, c"];
	q50 -> q7 [label = "b"];
	q50 -> q9 [label = "a, b"];
	q3 -> q14 [label = "b"];
	q30 -> q41 [label = "b, c"];
	q25 -> q29 [label = "a"];
	q45 -> q25 [label = "b, c"];
	q29 -> q13 [label = "b"];
	q33 -> q47 [label = "c"];
	q50 -> q22 [label = "a, b"];
	q17 -> q48 [label = "a, b, c"];
	q26 -> q4 [label = "c"];
	q23 -> q28 [label = "b, c"];
	q50 -> q4 [label = "a, b"];
	q30 -> q14 [label = "a, b, c"];
	q10 -> q45 [label = "b"];
	q4 -> q38 [label = "a"];
	q51 -> q3 [label = "b"];
	q47 -> q15 [label = "a, b, c"];
	q48 -> q48 [label = "a, b"];
	q21 -> q9 [label = "a, b"];
	q49 -> q46 [label = "b"];
	q39 -> q12 [label = "b, c"];
	q23 -> q33 [label = "b"];
	q49 -> q44 [label = "b"];
	q8 -> q1 [label = "a, b"];
	q7 -> q29 [label = "b"];
	q3 -> q1 [label = "a, b"];
	q2 -> q44 [label = "b"];
	q44 -> q34 [label = "c"];
	q4 -> q9 [label = "b"];
	q28 -> q6 [label = "b"];
	q34 -> q44 [label = "b"];
	q49 -> q38 [label = "a, b, c"];
	q49 -> q29 [label = "a, b"];
	q23 -> q4 [label = "a, b"];
	q2 -> q15 [label = "b, c"];
	q40 -> q3 [label = "b"];
	q20 -> q0 [label = "a"];
	q45 -> q2 [label = "c"];
	q51 -> q36 [label = "b"];
	q50 -> q18 [label = "b"];
	q8 -> q9 [label = "a, b"];
	q19 -> q23 [label = "b"];
	q21 -> q43 [label = "b"];
	q47 -> q10 [label = "b"];
	q35 -> q33 [label = "a, b"];
	q37 -> q23 [label = "b"];
	q49 -> q14 [label = "a, b"];
	q2 -> q38 [label = "a, b, c"];
	q51 -> q7 [label = "b"];
	q50 -> q43 [label = "b"];
	q5 -> q43 [label = "b"];
	q51 -> q5 [label = "b"];
	q50 -> q32 [label = "b"];
	q20 -> q15 [label = "a"];
	q17 -> q15 [label = "a, b"];
	q52 -> q7 [label = "b"];
	q12 -> q18 [label = "b"];
	q22 -> q44 [label = "b"];
	q29 -> q44 [label = "b"];
	q33 -> q17 [label = "c"];
	q52 -> q18 [label = "b"];
	q21 -> q6 [label = "a, b"];
	q13 -> q43 [label = "b"];
	q17 -> q5 [label = "b"];
	q26 -> q17 [label = "c"];
	q21 -> q18 [label = "b"];
	q16 -> q21 [label = "b"];
	q9 -> q48 [label = "a"];
	q51 -> q44 [label = "b"];
	q21 -> q2 [label = "c"];
	q36 -> q49 [label = "b, c"];
	q20 -> q44 [label = "b"];
	q44 -> q5 [label = "b"];
	q52 -> q16 [label = "b"];
	q7 -> q15 [label = "b"];
	q44 -> q29 [label = "b"];
	q52 -> q15 [label = "b"];
	q19 -> q29 [label = "a, b, c"];
	q52 -> q22 [label = "b"];
	q45 -> q43 [label = "b"];
	q30 -> q6 [label = "a, b, c"];
	q19 -> q46 [label = "b"];
	q51 -> q12 [label = "b, c"];
	q52 -> q9 [label = "b"];
	q52 -> q12 [label = "b, c"];
	q47 -> q29 [label = "a, b"];
	q51 -> q39 [label = "b, c"];
	q19 -> q38 [label = "a, b, c"];
	q43 -> q49 [label = "c"];
	q45 -> q52 [label = "b, c"];
	q30 -> q31 [label = "b"];
	q50 -> q47 [label = "c"];
	q45 -> q1 [label = "a, b"];
	q45 -> q5 [label = "b"];
	q19 -> q51 [label = "b, c"];
	q52 -> q10 [label = "b"];
	q52 -> q0 [label = "b, c"];
	q17 -> q16 [label = "b"];
	q34 -> q0 [label = "b, c"];
	q19 -> q6 [label = "a, b, c"];
	q20 -> q19 [label = "b"];
	q23 -> q7 [label = "a, b, c"];
	q51 -> q38 [label = "a, b, c"];
	q1 -> q3 [label = "b"];
	q49 -> q16 [label = "b"];
	q26 -> q36 [label = "b"];
	q13 -> q36 [label = "b"];
	q45 -> q15 [label = "b"];
	q39 -> q0 [label = "b, c"];
	q18 -> q49 [label = "c"];
	q52 -> q43 [label = "b"];
	q10 -> q9 [label = "b"];
	q19 -> q48 [label = "a, b, c"];
	q51 -> q52 [label = "b, c"];
	q1 -> q38 [label = "a"];
	q51 -> q46 [label = "b"];
	q51 -> q48 [label = "a, b, c"];
	q40 -> q41 [label = "b, c"];
	q30 -> q38 [label = "a, b, c"];
	q8 -> q40 [label = "b"];
	q48 -> q9 [label = "b"];
	q5 -> q3 [label = "b"];
	q20 -> q39 [label = "c"];
	q51 -> q43 [label = "a, b"];
	q15 -> q8 [label = "b"];
	q13 -> q17 [label = "c"];
	q49 -> q0 [label = "a, b, c"];
	q8 -> q41 [label = "b, c"];
	q19 -> q10 [label = "a, b, c"];
	q5 -> q30 [label = "c"];
	q52 -> q21 [label = "b"];
	q16 -> q39 [label = "b, c"];
	q2 -> q10 [label = "b, c"];
	q15 -> q44 [label = "b"];
	q45 -> q0 [label = "b, c"];
	q50 -> q6 [label = "a, b"];
	q51 -> q0 [label = "a, b, c"];
	q20 -> q42 [label = "b"];
	q17 -> q12 [label = "b, c"];
	q37 -> q21 [label = "b"];
	q0 -> q3 [label = "b"];
	q28 -> q25 [label = "b, c"];
	q18 -> q0 [label = "c"];
	q21 -> q4 [label = "a, b"];
	q52 -> q46 [label = "b"];
	q18 -> q2 [label = "c"];
	q52 -> q11 [label = "b"];
	q2 -> q52 [label = "b, c"];
	q34 -> q48 [label = "a, b, c"];
	q51 -> q6 [label = "a, b"];
	q33 -> q49 [label = "c"];
	q20 -> q11 [label = "b"];
	q27 -> q9 [label = "b"];
	q50 -> q39 [label = "b, c"];
	q51 -> q8 [label = "b"];
	q29 -> q52 [label = "c"];
	q49 -> q43 [label = "a, b, c"];
	q11 -> q48 [label = "a, b"];
	q49 -> q3 [label = "b"];
	q23 -> q16 [label = "b"];
	q35 -> q44 [label = "b"];
	q2 -> q12 [label = "b, c"];
	q51 -> q51 [label = "b"];
	q30 -> q22 [label = "b, c"];
	q49 -> q6 [label = "a, b, c"];
	q50 -> q48 [label = "a, b, c"];
	q51 -> q14 [label = "a, b"];
	q50 -> q11 [label = "b"];
	q24 -> q22 [label = "a, b, c"];
	q49 -> q41 [label = "b, c"];
	q45 -> q49 [label = "b, c"];
	q41 -> q17 [label = "c"];
	q27 -> q0 [label = "b, c"];
	q11 -> q38 [label = "b"];
	q19 -> q49 [label = "b, c"];
	q30 -> q18 [label = "a, b"];
	q41 -> q18 [label = "b"];
	q17 -> q44 [label = "b"];
	q36 -> q18 [label = "b"];
	q17 -> q52 [label = "c"];
	q19 -> q26 [label = "c"];
	q47 -> q6 [label = "a, b, c"];
	q31 -> q13 [label = "b"];
	q26 -> q12 [label = "c"];
	q4 -> q43 [label = "b"];
	q47 -> q5 [label = "a, b"];
	q3 -> q29 [label = "b"];
	q50 -> q13 [label = "b"];
	q30 -> q3 [label = "a, b"];
	q28 -> q0 [label = "b, c"];
	q27 -> q40 [label = "b"];
	q49 -> q7 [label = "b, c"];
	q51 -> q47 [label = "c"];
	q6 -> q38 [label = "a"];
	q20 -> q17 [label = "c"];
	q1 -> q18 [label = "b"];
	q44 -> q1 [label = "b"];
	q44 -> q10 [label = "a, b"];
	q23 -> q10 [label = "a, b"];
	q26 -> q14 [label = "b, c"];
	q23 -> q11 [label = "a, b, c"];
	q10 -> q46 [label = "b"];
	q50 -> q42 [label = "b"];
	q52 -> q48 [label = "b, c"];
	q24 -> q1 [label = "a, b, c"];
	q50 -> q1 [label = "a, b"];
	q15 -> q49 [label = "c"];
	q2 -> q7 [label = "b, c"];
	q51 -> q29 [label = "b"];
	q2 -> q1 [label = "b, c"];
	q14 -> q9 [label = "a"];
	q18 -> q52 [label = "c"];
	q45 -> q13 [label = "b"];
	q45 -> q31 [label = "b"];
	q47 -> q14 [label = "a, b"];
	q21 -> q48 [label = "a, b, c"];
	q13 -> q32 [label = "b"];
	q50 -> q8 [label = "b"];
	q19 -> q9 [label = "a, b, c"];
	q33 -> q2 [label = "c"];
	q4 -> q48 [label = "a, b"];
	q47 -> q18 [label = "a, b"];
	q23 -> q9 [label = "a, b"];
	q4 -> q15 [label = "a"];
	q27 -> q3 [label = "b"];
	q3 -> q10 [label = "a, b"];
	q50 -> q41 [label = "b"];
	q19 -> q50 [label = "b"];
	q23 -> q39 [label = "b, c"];
	q20 -> q49 [label = "c"];
	q13 -> q48 [label = "a, b, c"];
	q50 -> q0 [label = "a, b"];
	q47 -> q43 [label = "a, b, c"];
	q3 -> q51 [label = "b"];
	q8 -> q29 [label = "b"];
	q48 -> q14 [label = "b"];
	q35 -> q10 [label = "a, b"];
	q16 -> q15 [label = "b"];
	q45 -> q9 [label = "a, b"];
	q35 -> q34 [label = "c"];
	q51 -> q1 [label = "b"];
	q23 -> q45 [label = "b"];
	q16 -> q28 [label = "b"];
	q49 -> q13 [label = "b"];
	q12 -> q38 [label = "a"];
	q5 -> q38 [label = "a, b"];
	q52 -> q44 [label = "b"];
	q26 -> q48 [label = "a, b, c"];
	q45 -> q41 [label = "b, c"];
	q52 -> q14 [label = "a, b"];
	q45 -> q29 [label = "b"];
	q17 -> q11 [label = "b"];
	q15 -> q14 [label = "b"];
	q27 -> q52 [label = "b"];
	q19 -> q44 [label = "b"];
	q35 -> q0 [label = "a, b, c"];
	q23 -> q43 [label = "a, b, c"];
	q46 -> q6 [label = "a, b"];
	q5 -> q52 [label = "c"];
	q25 -> q48 [label = "a"];
	q27 -> q16 [label = "b"];
	q45 -> q42 [label = "b"];
	q47 -> q0 [label = "a, b, c"];
	q39 -> q14 [label = "a, b"];
	q46 -> q0 [label = "a, b, c"];
	q23 -> q3 [label = "b"];
	q40 -> q46 [label = "b"];
	q3 -> q13 [label = "b"];
	q29 -> q38 [label = "a, b"];
	q46 -> q9 [label = "a, b"];
	q37 -> q10 [label = "a, b"];
	q4 -> q11 [label = "b"];
	q46 -> q38 [label = "a, b, c"];
	q46 -> q48 [label = "a, b, c"];
	q34 -> q29 [label = "a, b, c"];
	q44 -> q0 [label = "b, c"];
	q20 -> q34 [label = "b, c"];
	q45 -> q48 [label = "a, b, c"];
	q12 -> q44 [label = "b"];
	q24 -> q48 [label = "a, b, c"];
	q50 -> q28 [label = "b"];
	q16 -> q14 [label = "b"];
	q8 -> q14 [label = "b"];
	q51 -> q15 [label = "b"];
	q50 -> q16 [label = "b"];
	q44 -> q15 [label = "b"];
	q44 -> q16 [label = "b"];
	q23 -> q38 [label = "a, b, c"];
	q2 -> q5 [label = "a, b, c"];
	q34 -> q9 [label = "a, b, c"];
	q44 -> q38 [label = "a, b, c"];
	q1 -> q49 [label = "c"];
	q18 -> q12 [label = "c"];
	q39 -> q1 [label = "b"];
	q27 -> q11 [label = "b"];
	q42 -> q48 [label = "a, c"];
	q46 -> q2 [label = "c"];
	q24 -> q52 [label = "a, b, c"];
	q30 -> q2 [label = "b"];
	q18 -> q41 [label = "c"];
	q23 -> q46 [label = "b"];
	q30 -> q21 [label = "b"];
	q3 -> q9 [label = "a, b"];
	q4 -> q22 [label = "b"];
	q33 -> q14 [label = "b"];
	q16 -> q48 [label = "a, b, c"];
	q20 -> q8 [label = "b"];
	q35 -> q41 [label = "b, c"];
	q20 -> q9 [label = "b"];
	q49 -> q5 [label = "a, b"];
	q2 -> q16 [label = "b"];
	q8 -> q52 [label = "b, c"];
	q23 -> q41 [label = "a, b, c"];
	q20 -> q22 [label = "b"];
	q51 -> q16 [label = "b"];
	q21 -> q12 [label = "b"];
	q50 -> q17 [label = "b, c"];
	q31 -> q9 [label = "a"];
	q43 -> q18 [label = "b"];
	q20 -> q32 [label = "b"];
	q20 -> q6 [label = "a"];
	q44 -> q48 [label = "a, b, c"];
	q11 -> q6 [label = "b"];
	q20 -> q45 [label = "b"];
	q9 -> q34 [label = "c"];
	q32 -> q9 [label = "a"];
	q47 -> q52 [label = "b, c"];
	q44 -> q9 [label = "a, b"];
	q23 -> q8 [label = "b"];
	q14 -> q41 [label = "c"];
	q20 -> q43 [label = "a, b"];
	q46 -> q4 [label = "a"];
	q47 -> q38 [label = "a, b, c"];
	q13 -> q28 [label = "b"];
	q35 -> q32 [label = "b"];
	q50 -> q34 [label = "c"];
	q20 -> q46 [label = "b"];
	q19 -> q1 [label = "a, b, c"];
	q42 -> q34 [label = "c"];
	q34 -> q10 [label = "b"];
	q32 -> q21 [label = "b"];
	q17 -> q0 [label = "a, b, c"];
	q17 -> q41 [label = "b, c"];
	q51 -> q22 [label = "b"];
	q7 -> q49 [label = "c"];
	q19 -> q0 [label = "a, b, c"];
	q18 -> q9 [label = "a"];
	q21 -> q0 [label = "a, b"];
	q3 -> q7 [label = "b"];
	q24 -> q21 [label = "b"];
	q27 -> q14 [label = "a, b"];
	q40 -> q36 [label = "b"];
	q21 -> q1 [label = "a, b"];
	q17 -> q10 [label = "b"];
	q39 -> q10 [label = "b"];
	q21 -> q38 [label = "a, b"];
	q27 -> q1 [label = "b"];
	q50 -> q35 [label = "b"];
	q23 -> q1 [label = "a, b"];
	q24 -> q32 [label = "b"];
	q46 -> q13 [label = "b"];
	q50 -> q30 [label = "c"];
	q25 -> q11 [label = "a"];
	q36 -> q14 [label = "b"];
	q23 -> q12 [label = "a, b, c"];
	q6 -> q3 [label = "b"];
	q17 -> q38 [label = "a, b, c"];
	q23 -> q6 [label = "a, b, c"];
	q16 -> q43 [label = "b"];
	q23 -> q35 [label = "b"];
	q3 -> q3 [label = "b"];
	q35 -> q25 [label = "b, c"];
	q23 -> q15 [label = "b, c"];
	q52 -> q1 [label = "b"];
	q23 -> q14 [label = "a, b"];
	q35 -> q49 [label = "b, c"];
	q41 -> q38 [label = "a, b"];
	q1 -> q43 [label = "b"];
	q34 -> q12 [label = "b, c"];
	q1 -> q44 [label = "b"];
	q25 -> q9 [label = "a"];
	q51 -> q10 [label = "b"];
	q7 -> q12 [label = "c"];
	q7 -> q17 [label = "c"];
	q7 -> q41 [label = "c"];
	q7 -> q52 [label = "c"];
	q25 -> q38 [label = "a"];
	q3 -> q34 [label = "c"];
	q3 -> q5 [label = "b"];
	q3 -> q16 [label = "b"];
	q45 -> q22 [label = "b"];
	q3 -> q18 [label = "b"];
	q29 -> q45 [label = "b"];
	q3 -> q22 [label = "b"];
	q1 -> q46 [label = "b"];
	q3 -> q31 [label = "b"];
	q13 -> q47 [label = "c"];
	q3 -> q33 [label = "b"];
	q36 -> q47 [label = "b, c"];
	q3 -> q42 [label = "b"];
	q15 -> q9 [label = "b"];
	q3 -> q44 [label = "b"];
	q23 -> q13 [label = "b"];
	q5 -> q17 [label = "c"];
	q5 -> q34 [label = "c"];
	q37 -> q40 [label = "b"];
	q5 -> q39 [label = "c"];
	q36 -> q32 [label = "b"];
	q15 -> q43 [label = "b"];
	q4 -> q6 [label = "a"];
	q25 -> q22 [label = "a"];
	q29 -> q5 [label = "b"];
	q49 -> q12 [label = "b, c"];
	q0 -> q52 [label = "c"];
	q6 -> q14 [label = "b"];
	q6 -> q18 [label = "b"];
	q6 -> q44 [label = "b"];
	q40 -> q12 [label = "a, b, c"];
	q31 -> q34 [label = "c"];
	q6 -> q45 [label = "b"];
	q33 -> q43 [label = "b"];
	q0 -> q9 [label = "b"];
	q0 -> q14 [label = "b"];
	q19 -> q12 [label = "a, b, c"];
	q0 -> q18 [label = "b"];
	q0 -> q43 [label = "b"];
	q0 -> q44 [label = "b"];
	q13 -> q49 [label = "c"];
	q6 -> q52 [label = "c"];
	q0 -> q45 [label = "b"];
	q2 -> q3 [label = "b"];
	q31 -> q2 [label = "c"];
	q35 -> q38 [label = "a, b, c"];
	q13 -> q42 [label = "b"];
	q0 -> q6 [label = "a"];
	q35 -> q2 [label = "c"];
	q36 -> q33 [label = "a, b"];
	q0 -> q38 [label = "a"];
	q7 -> q9 [label = "a, b"];
	q26 -> q0 [label = "b, c"];
	q11 -> q43 [label = "a, b"];
	q4 -> q52 [label = "c"];
	q12 -> q39 [label = "c"];
	q33 -> q45 [label = "b"];
	q12 -> q52 [label = "c"];
	q23 -> q21 [label = "b"];
	q10 -> q3 [label = "b"];
	q10 -> q34 [label = "c"];
	q10 -> q8 [label = "b"];
	q10 -> q14 [label = "b"];
	q10 -> q18 [label = "b"];
	q10 -> q43 [label = "b"];
	q10 -> q44 [label = "b"];
	q10 -> q48 [label = "a, b"];
	q32 -> q22 [label = "a"];
	q8 -> q6 [label = "a, b"];
	q8 -> q15 [label = "a, b"];
	q37 -> q49 [label = "b, c"];
	q43 -> q52 [label = "c"];
	q8 -> q44 [label = "b"];
	q8 -> q33 [label = "a, b"];
	q50 -> q2 [label = "c"];
	q8 -> q38 [label = "a, b, c"];
	q8 -> q48 [label = "a, b, c"];
	q24 -> q5 [label = "a, b, c"];
	q24 -> q35 [label = "b"];
	q38 -> q48 [label = "a, b"];
	q37 -> q34 [label = "c"];
	q14 -> q12 [label = "c"];
	q14 -> q38 [label = "c"];
	q14 -> q49 [label = "c"];
	q52 -> q6 [label = "b"];
	q14 -> q52 [label = "c"];
	q7 -> q48 [label = "a, b, c"];
	q27 -> q21 [label = "b"];
	q50 -> q10 [label = "a, b"];
	q10 -> q0 [label = "a"];
	q1 -> q34 [label = "c"];
	q10 -> q38 [label = "a"];
	q2 -> q22 [label = "b, c"];
	q8 -> q3 [label = "b"];
	q8 -> q5 [label = "b"];
	q16 -> q34 [label = "c"];
	q8 -> q7 [label = "b"];
	q8 -> q11 [label = "b"];
	q8 -> q18 [label = "b"];
	q15 -> q6 [label = "a"];
	q20 -> q48 [label = "a, b, c"];
	q8 -> q21 [label = "b"];
	q40 -> q35 [label = "b"];
	q52 -> q3 [label = "b"];
	q21 -> q14 [label = "b"];
	q24 -> q8 [label = "b, c"];
	q45 -> q16 [label = "b"];
	q8 -> q23 [label = "b"];
	q26 -> q1 [label = "c"];
	q8 -> q25 [label = "b, c"];
	q8 -> q31 [label = "b"];
	q17 -> q3 [label = "b"];
	q8 -> q42 [label = "b"];
	q8 -> q43 [label = "b"];
	q8 -> q46 [label = "b"];
	q8 -> q49 [label = "b, c"];
	q8 -> q51 [label = "b"];
	q14 -> q13 [label = "b"];
	q19 -> q7 [label = "b, c"];
	q12 -> q6 [label = "a"];
	q8 -> q2 [label = "c"];
	q41 -> q36 [label = "b"];
	q25 -> q12 [label = "a"];
	q8 -> q34 [label = "c"];
	q22 -> q48 [label = "a"];
	q20 -> q2 [label = "b"];
	q13 -> q2 [label = "c"];
	q31 -> q48 [label = "c"];
	q13 -> q34 [label = "c"];
	q28 -> q14 [label = "a"];
	q11 -> q3 [label = "b"];
	q26 -> q9 [label = "a, b, c"];
	q33 -> q8 [label = "b"];
	q18 -> q34 [label = "c"];
	q11 -> q9 [label = "b"];
	q11 -> q13 [label = "b"];
	q29 -> q49 [label = "c"];
	q11 -> q14 [label = "b"];
	q24 -> q10 [label = "a, b, c"];
	q30 -> q9 [label = "a, b, c"];
	q35 -> q12 [label = "a, b, c"];
	q11 -> q15 [label = "b"];
	q11 -> q18 [label = "b"];
	q11 -> q44 [label = "b"];
	q18 -> q38 [label = "c"];
	q15 -> q17 [label = "c"];
	q15 -> q39 [label = "c"];
	q15 -> q47 [label = "c"];
	q19 -> q2 [label = "c"];
	q19 -> q34 [label = "c"];
	q4 -> q14 [label = "b"];
	q21 -> q11 [label = "b"];
	q21 -> q16 [label = "b"];
	q21 -> q21 [label = "b"];
	q47 -> q13 [label = "b"];
	q21 -> q22 [label = "b"];
	q21 -> q31 [label = "b"];
	q21 -> q33 [label = "b"];
	q21 -> q35 [label = "b"];
	q21 -> q42 [label = "b"];
	q4 -> q34 [label = "c"];
	q23 -> q5 [label = "a"];
	q34 -> q18 [label = "b"];
	q51 -> q11 [label = "b"];
	q23 -> q26 [label = "a"];
	q19 -> q41 [label = "b, c"];
	q3 -> q11 [label = "b"];
	q23 -> q29 [label = "a"];
	q46 -> q29 [label = "b"];
	q3 -> q12 [label = "b, c"];
	q24 -> q11 [label = "a, b, c"];
	q16 -> q6 [label = "a, b"];
	q24 -> q0 [label = "a, b, c"];
	q21 -> q32 [label = "b"];
	q36 -> q9 [label = "a, b"];
	q26 -> q5 [label = "b, c"];
	q51 -> q17 [label = "b, c"];
	q24 -> q4 [label = "a, b, c"];
	q24 -> q6 [label = "a, b, c"];
	q24 -> q7 [label = "a, b, c"];
	q24 -> q12 [label = "a, b, c"];
	q45 -> q18 [label = "b"];
	q24 -> q17 [label = "a, b, c"];
	q21 -> q15 [label = "b"];
	q24 -> q26 [label = "a, c"];
	q26 -> q13 [label = "b"];
	q35 -> q36 [label = "b"];
	q27 -> q10 [label = "b"];
	q24 -> q9 [label = "a, b, c"];
	q23 -> q34 [label = "a"];
	q26 -> q49 [label = "c"];
	q24 -> q30 [label = "a"];
	q22 -> q34 [label = "c"];
	q24 -> q38 [label = "a, b, c"];
	q49 -> q15 [label = "b"];
	q45 -> q6 [label = "a, b"];
	q24 -> q39 [label = "a, b, c"];
	q24 -> q41 [label = "a, b, c"];
	q24 -> q43 [label = "a, b, c"];
	q24 -> q49 [label = "a, c"];
	q35 -> q47 [label = "b, c"];
	q26 -> q15 [label = "b"];
	q34 -> q22 [label = "b, c"];
	q20 -> q31 [label = "b"];
	q26 -> q18 [label = "b"];
	q26 -> q38 [label = "a, b, c"];
	q33 -> q48 [label = "a, b, c"];
	q26 -> q43 [label = "a, b, c"];
	q24 -> q13 [label = "b, c"];
	q26 -> q44 [label = "b"];
	q26 -> q45 [label = "b"];
	q28 -> q38 [label = "b, c"];
	q28 -> q41 [label = "c"];
	q25 -> q41 [label = "a"];
	q24 -> q3 [label = "b, c"];
	q24 -> q18 [label = "b, c"];
	q24 -> q27 [label = "b"];
	q34 -> q3 [label = "b"];
	q24 -> q28 [label = "b, c"];
	q8 -> q16 [label = "b"];
	q24 -> q33 [label = "b"];
	q51 -> q28 [label = "b"];
	q2 -> q14 [label = "b, c"];
	q24 -> q36 [label = "b, c"];
	q24 -> q42 [label = "b"];
	q39 -> q33 [label = "b"];
	q24 -> q44 [label = "b, c"];
	q27 -> q13 [label = "b"];
	q36 -> q17 [label = "b, c"];
	q24 -> q45 [label = "b, c"];
	q37 -> q43 [label = "a, b, c"];
	q24 -> q50 [label = "b"];
	q25 -> q52 [label = "b"];
	q33 -> q3 [label = "b"];
	q24 -> q51 [label = "b, c"];
	q30 -> q5 [label = "a, b, c"];
	q26 -> q52 [label = "c"];
	q30 -> q29 [label = "a, b, c"];
	q26 -> q6 [label = "a, b, c"];
	q11 -> q52 [label = "c"];
	q30 -> q12 [label = "b, c"];
	q30 -> q43 [label = "a, b, c"];
	q40 -> q9 [label = "a, b"];
	q30 -> q48 [label = "a, b, c"];
	q24 -> q2 [label = "c"];
	q12 -> q3 [label = "b"];
	q24 -> q47 [label = "c"];
	q25 -> q7 [label = "a"];
	q28 -> q18 [label = "a"];
	q35 -> q13 [label = "b"];
	q30 -> q1 [label = "b"];
	q30 -> q13 [label = "a, b"];
	q30 -> q16 [label = "b"];
	q30 -> q50 [label = "b"];
	q24 -> q31 [label = "b"];
	q30 -> q33 [label = "b"];
	q5 -> q45 [label = "b"];
	q49 -> q1 [label = "b"];
	q8 -> q13 [label = "b"];
	q30 -> q34 [label = "b"];
	q30 -> q42 [label = "b"];
	q50 -> q44 [label = "b"];
	q30 -> q46 [label = "b"];
	q25 -> q5 [label = "a"];
	q26 -> q39 [label = "c"];
	q39 -> q7 [label = "b"];
	q12 -> q48 [label = "a, b"];
	q25 -> q14 [label = "a"];
	q25 -> q26 [label = "a"];
	q25 -> q43 [label = "a"];
	q44 -> q41 [label = "c"];
	q27 -> q2 [label = "b"];
	q35 -> q18 [label = "a, b"];
	q27 -> q12 [label = "b, c"];
	q29 -> q48 [label = "a, b"];
	q27 -> q15 [label = "b"];
	q27 -> q18 [label = "a, b"];
	q37 -> q16 [label = "b"];
	q27 -> q22 [label = "b"];
	q51 -> q18 [label = "b"];
	q27 -> q31 [label = "a, b"];
	q27 -> q33 [label = "b"];
	q38 -> q18 [label = "b"];
	q27 -> q34 [label = "b"];
	q41 -> q14 [label = "b"];
	q39 -> q21 [label = "b"];
	q27 -> q38 [label = "b, c"];
	q27 -> q41 [label = "b, c"];
	q27 -> q42 [label = "b"];
	q37 -> q33 [label = "a, b"];
	q27 -> q43 [label = "b"];
	q7 -> q38 [label = "a, b, c"];
	q27 -> q44 [label = "b"];
	q29 -> q36 [label = "b"];
	q21 -> q28 [label = "b"];
	q27 -> q46 [label = "b"];
	q35 -> q48 [label = "a, b, c"];
	q46 -> q10 [label = "a, b"];
	q30 -> q44 [label = "a, b"];
	q27 -> q49 [label = "b"];
	q27 -> q51 [label = "b"];
	q29 -> q30 [label = "c"];
	q29 -> q34 [label = "c"];
	q29 -> q39 [label = "c"];
	q16 -> q4 [label = "b"];
	q25 -> q27 [label = "b"];
	q27 -> q32 [label = "a"];
	q37 -> q7 [label = "b, c"];
	q31 -> q0 [label = "c"];
	q31 -> q41 [label = "c"];
	q1 -> q17 [label = "c"];
	q19 -> q22 [label = "a, b, c"];
	q31 -> q49 [label = "c"];
	q31 -> q52 [label = "c"];
	q31 -> q16 [label = "b"];
	q16 -> q0 [label = "a, b"];
	q21 -> q13 [label = "b"];
	q26 -> q7 [label = "c"];
	q26 -> q20 [label = "c"];
	q35 -> q14 [label = "a, b"];
	q49 -> q9 [label = "a, b"];
	q26 -> q22 [label = "c"];
	q28 -> q52 [label = "b"];
	q5 -> q29 [label = "b"];
	q26 -> q26 [label = "c"];
	q26 -> q34 [label = "c"];
	q26 -> q41 [label = "c"];
	q36 -> q48 [label = "a, b, c"];
	q25 -> q6 [label = "a"];
	q28 -> q15 [label = "b"];
	q28 -> q23 [label = "b"];
	q28 -> q43 [label = "b"];
	q30 -> q36 [label = "a"];
	q30 -> q45 [label = "a"];
	q29 -> q0 [label = "b"];
	q38 -> q43 [label = "b"];
	q29 -> q6 [label = "b"];
	q29 -> q9 [label = "b"];
	q29 -> q15 [label = "b"];
	q29 -> q18 [label = "b"];
	q29 -> q29 [label = "b"];
	q29 -> q43 [label = "b"];
	q32 -> q42 [label = "a"];
	q32 -> q52 [label = "c"];
	q51 -> q4 [label = "b"];
	q34 -> q5 [label = "a, b, c"];
	q34 -> q6 [label = "a, b, c"];
	q34 -> q7 [label = "b, c"];
	q34 -> q11 [label = "b, c"];
	q4 -> q49 [label = "c"];
	q34 -> q14 [label = "b, c"];
	q4 -> q37 [label = "b"];
	q34 -> q16 [label = "b"];
	q34 -> q15 [label = "b"];
	q34 -> q1 [label = "b"];
	q34 -> q41 [label = "b, c"];
	q45 -> q38 [label = "a, b, c"];
	q34 -> q43 [label = "a, b, c"];
	q36 -> q0 [label = "b, c"];
	q36 -> q25 [label = "b, c"];
	q36 -> q39 [label = "b, c"];
	q28 -> q48 [label = "b, c"];
	q36 -> q41 [label = "b, c"];
	q32 -> q13 [label = "b"];
	q32 -> q25 [label = "b, c"];
	q50 -> q51 [label = "b"];
	q24 -> q34 [label = "a, c"];
	q38 -> q52 [label = "c"];
	q25 -> q28 [label = "b, c"];
	q32 -> q0 [label = "c"];
	q37 -> q18 [label = "b"];
	q32 -> q2 [label = "c"];
	q32 -> q38 [label = "c"];
	q32 -> q48 [label = "c"];
	q32 -> q49 [label = "c"];
	q36 -> q6 [label = "a, b"];
	q36 -> q10 [label = "a, b"];
	q27 -> q25 [label = "b, c"];
	q38 -> q3 [label = "b"];
	q52 -> q38 [label = "b, c"];
	q5 -> q0 [label = "b"];
	q37 -> q2 [label = "c"];
	q38 -> q9 [label = "b"];
	q50 -> q36 [label = "b"];
	q37 -> q29 [label = "a, b"];
	q38 -> q14 [label = "b"];
	q38 -> q44 [label = "b"];
	q38 -> q45 [label = "b"];
	q33 -> q0 [label = "a"];
	q33 -> q12 [label = "a"];
	q41 -> q44 [label = "b"];
	q33 -> q38 [label = "a"];
	q45 -> q14 [label = "b"];
	q35 -> q1 [label = "a, b"];
	q43 -> q14 [label = "b"];
	q35 -> q6 [label = "a, b"];
	q51 -> q49 [label = "c"];
	q35 -> q7 [label = "b"];
	q35 -> q8 [label = "b"];
	q5 -> q49 [label = "c"];
	q37 -> q0 [label = "a, b, c"];
	q40 -> q18 [label = "b"];
	q27 -> q7 [label = "b"];
	q35 -> q11 [label = "a, b"];
	q35 -> q20 [label = "a"];
	q35 -> q15 [label = "a, b"];
	q35 -> q16 [label = "b"];
	q35 -> q17 [label = "b, c"];
	q17 -> q1 [label = "b"];
	q35 -> q21 [label = "b"];
	q13 -> q6 [label = "a, b"];
	q35 -> q22 [label = "a, b"];
	q49 -> q18 [label = "b"];
	q35 -> q23 [label = "b"];
	q48 -> q44 [label = "b"];
	q35 -> q28 [label = "b"];
	q35 -> q35 [label = "b"];
	q39 -> q18 [label = "a, b"];
	q41 -> q39 [label = "c"];
	q23 -> q0 [label = "a, b, c"];
	q50 -> q45 [label = "b"];
	q35 -> q37 [label = "b"];
	q35 -> q39 [label = "a, b, c"];
	q35 -> q42 [label = "a, b"];
	q15 -> q52 [label = "c"];
	q38 -> q39 [label = "c"];
	q33 -> q9 [label = "b"];
	q35 -> q43 [label = "a, b"];
	q35 -> q45 [label = "b"];
	q15 -> q18 [label = "b"];
	q35 -> q46 [label = "b"];
	q35 -> q52 [label = "a, b, c"];
	q16 -> q33 [label = "b"];
	q37 -> q6 [label = "a, b, c"];
	q37 -> q12 [label = "a, b, c"];
	q39 -> q22 [label = "b"];
	q37 -> q25 [label = "b, c"];
	q37 -> q38 [label = "a, b, c"];
	q16 -> q12 [label = "b"];
	q37 -> q41 [label = "b, c"];
	q1 -> q39 [label = "c"];
	q4 -> q39 [label = "c"];
	q37 -> q48 [label = "a, b, c"];
	q37 -> q5 [label = "a, b"];
	q37 -> q52 [label = "b, c"];
	q9 -> q44 [label = "b"];
	q33 -> q18 [label = "b"];
	q33 -> q46 [label = "b"];
	q39 -> q38 [label = "b, c"];
	q39 -> q41 [label = "b, c"];
	q33 -> q34 [label = "c"];
	q33 -> q39 [label = "c"];
	q45 -> q7 [label = "b"];
	q33 -> q52 [label = "c"];
	q37 -> q1 [label = "a, b"];
	q37 -> q22 [label = "a, b"];
	q39 -> q3 [label = "b"];
	q24 -> q14 [label = "a, b, c"];
	q39 -> q6 [label = "b"];
	q19 -> q4 [label = "a"];
	q39 -> q11 [label = "b"];
	q24 -> q29 [label = "a, b, c"];
	q39 -> q13 [label = "b"];
	q24 -> q15 [label = "b, c"];
	q39 -> q15 [label = "b"];
	q39 -> q16 [label = "b"];
	q39 -> q31 [label = "b"];
	q39 -> q40 [label = "b"];
}
NFA size: 53 states

