Random target AFA:
digraph finite_state_machine {
	rankdir=LR;
	node [shape = circle];
	s0 [shape = point, style = invis, start="true" ];
	s1 [shape = point, style = invis, start="true" ];
	q0 [label = "q0"];
	q1 [label = "q1", shape = doublecircle, final="true" ];
	q2 [label = "q2"];
	q3 [label = "q3"];
	q4 [label = "q4", shape = doublecircle, final="true" ];
	q5 [label = "q5"];
	m0 [label = "", shape = square, style = filled, color=grey, fixedsize=true, width=.2];
	m1 [label = "", shape = square, style = filled, color=grey, fixedsize=true, width=.2];
	m2 [label = "", shape = square, style = filled, color=grey, fixedsize=true, width=.2];
	m3 [label = "", shape = square, style = filled, color=grey, fixedsize=true, width=.2];
	m4 [label = "", shape = square, style = filled, color=grey, fixedsize=true, width=.2];
	m5 [label = "", shape = square, style = filled, color=grey, fixedsize=true, width=.2];
	m6 [label = "", shape = square, style = filled, color=grey, fixedsize=true, width=.2];
	s0 -> q0
	s1 -> q0
	q3 -> q2 [label = "c"];
	q5 -> q5 [label = "c"];
	q5 -> m5 [label = "a"];
	q0 -> q3 [label = "c"];
	q1 -> q1 [label = "a"];
	q3 -> q0 [label = "b"];
	q2 -> q1 [label = "a"];
	q1 -> q2 [label = "b"];
	q0 -> m2 [label = "c"];
	q2 -> q2 [label = "a"];
	q4 -> m0 [label = "c"];
	q0 -> q0 [label = "b"];
	q5 -> q3 [label = "b, c"];
	q2 -> m1 [label = "b"];
	q1 -> q3 [label = "c"];
	q4 -> q4 [label = "a"];
	q2 -> q5 [label = "b"];
	q0 -> q4 [label = "a, b"];
	q4 -> q3 [label = "c"];
	q1 -> q0 [label = "a"];
	q4 -> q2 [label = "b"];
	q3 -> m3 [label = "b"];
	q1 -> m1 [label = "b"];
	q3 -> m4 [label = "a"];
	q3 -> q1 [label = "a"];
	q2 -> q4 [label = "c"];
	q5 -> q1 [label = "a, b"];
	q1 -> q4 [label = "c"];
	q4 -> m6 [label = "b"];
	q2 -> q0 [label = "c"];
	m0 -> q4;
	m0 -> q5;
	m1 -> q1;
	m1 -> q2;
	m2 -> q3;
	m2 -> q5;
	m3 -> q2;
	m3 -> q4;
	m4 -> q2;
	m4 -> q5;
	m5 -> q0;
	m5 -> q2;
	m6 -> q0;
	m6 -> q3;
}

L* output after 9 EQ and 6728 MQ:
digraph finite_state_machine {
	rankdir=LR;
	node [shape = circle];
	s0 [shape = point, style = invis, start="true" ];
	q0 [label = "q0", shape = doublecircle, final="true" ];
	q1 [label = "q1"];
	q2 [label = "q2", shape = doublecircle, final="true" ];
	q3 [label = "q3"];
	q4 [label = "q4", shape = doublecircle, final="true" ];
	q5 [label = "q5", shape = doublecircle, final="true" ];
	q6 [label = "q6"];
	q7 [label = "q7", shape = doublecircle, final="true" ];
	q8 [label = "q8"];
	q9 [label = "q9"];
	q10 [label = "q10", shape = doublecircle, final="true" ];
	q11 [label = "q11", shape = doublecircle, final="true" ];
	q12 [label = "q12", shape = doublecircle, final="true" ];
	q13 [label = "q13", shape = doublecircle, final="true" ];
	q14 [label = "q14", shape = doublecircle, final="true" ];
	q15 [label = "q15", shape = doublecircle, final="true" ];
	q16 [label = "q16"];
	q17 [label = "q17"];
	q18 [label = "q18", shape = doublecircle, final="true" ];
	q19 [label = "q19"];
	q20 [label = "q20", shape = doublecircle, final="true" ];
	q21 [label = "q21"];
	q22 [label = "q22"];
	q23 [label = "q23", shape = doublecircle, final="true" ];
	q24 [label = "q24"];
	q25 [label = "q25", shape = doublecircle, final="true" ];
	q26 [label = "q26", shape = doublecircle, final="true" ];
	q27 [label = "q27"];
	q28 [label = "q28"];
	q29 [label = "q29"];
	q30 [label = "q30", shape = doublecircle, final="true" ];
	q31 [label = "q31", shape = doublecircle, final="true" ];
	q32 [label = "q32"];
	q33 [label = "q33"];
	q34 [label = "q34"];
	q35 [label = "q35", shape = doublecircle, final="true" ];
	q36 [label = "q36", shape = doublecircle, final="true" ];
	q37 [label = "q37", shape = doublecircle, final="true" ];
	q38 [label = "q38"];
	q39 [label = "q39", shape = doublecircle, final="true" ];
	q40 [label = "q40", shape = doublecircle, final="true" ];
	q41 [label = "q41"];
	q42 [label = "q42", shape = doublecircle, final="true" ];
	q43 [label = "q43", shape = doublecircle, final="true" ];
	q44 [label = "q44", shape = doublecircle, final="true" ];
	q45 [label = "q45"];
	q46 [label = "q46", shape = doublecircle, final="true" ];
	q47 [label = "q47", shape = doublecircle, final="true" ];
	q48 [label = "q48", shape = doublecircle, final="true" ];
	s0 -> q32
	q41 -> q15 [label = "c"];
	q47 -> q6 [label = "b"];
	q41 -> q8 [label = "b"];
	q43 -> q25 [label = "a"];
	q41 -> q23 [label = "a"];
	q43 -> q26 [label = "b"];
	q45 -> q37 [label = "c"];
	q40 -> q43 [label = "c"];
	q46 -> q7 [label = "b"];
	q40 -> q42 [label = "b"];
	q46 -> q15 [label = "c"];
	q44 -> q43 [label = "c"];
	q39 -> q25 [label = "a"];
	q0 -> q37 [label = "c"];
	q33 -> q47 [label = "b"];
	q4 -> q48 [label = "a"];
	q5 -> q4 [label = "c"];
	q1 -> q0 [label = "b"];
	q19 -> q43 [label = "c"];
	q36 -> q19 [label = "b"];
	q7 -> q42 [label = "b"];
	q1 -> q43 [label = "c"];
	q16 -> q48 [label = "a"];
	q6 -> q23 [label = "a"];
	q4 -> q7 [label = "b"];
	q2 -> q41 [label = "c"];
	q47 -> q12 [label = "a"];
	q7 -> q23 [label = "a"];
	q13 -> q12 [label = "a"];
	q35 -> q2 [label = "c"];
	q10 -> q10 [label = "c"];
	q18 -> q15 [label = "c"];
	q11 -> q37 [label = "c"];
	q22 -> q46 [label = "b"];
	q30 -> q27 [label = "c"];
	q44 -> q36 [label = "a"];
	q15 -> q23 [label = "a"];
	q46 -> q12 [label = "a"];
	q9 -> q4 [label = "c"];
	q20 -> q38 [label = "c"];
	q15 -> q42 [label = "b"];
	q22 -> q36 [label = "a"];
	q23 -> q45 [label = "b"];
	q6 -> q11 [label = "b"];
	q48 -> q43 [label = "c"];
	q12 -> q43 [label = "c"];
	q17 -> q10 [label = "c"];
	q3 -> q11 [label = "b"];
	q34 -> q39 [label = "c"];
	q45 -> q23 [label = "a"];
	q43 -> q41 [label = "c"];
	q20 -> q26 [label = "b"];
	q5 -> q7 [label = "b"];
	q14 -> q40 [label = "a"];
	q48 -> q35 [label = "a"];
	q11 -> q18 [label = "b"];
	q34 -> q44 [label = "b"];
	q32 -> q30 [label = "b"];
	q44 -> q7 [label = "b"];
	q3 -> q23 [label = "a"];
	q19 -> q23 [label = "a"];
	q42 -> q23 [label = "a"];
	q16 -> q43 [label = "c"];
	q42 -> q37 [label = "c"];
	q48 -> q6 [label = "b"];
	q18 -> q40 [label = "a"];
	q45 -> q13 [label = "b"];
	q29 -> q21 [label = "c"];
	q17 -> q13 [label = "b"];
	q42 -> q14 [label = "b"];
	q0 -> q18 [label = "b"];
	q40 -> q40 [label = "a"];
	q1 -> q23 [label = "a"];
	q47 -> q15 [label = "c"];
	q18 -> q42 [label = "b"];
	q21 -> q30 [label = "c"];
	q21 -> q23 [label = "a"];
	q2 -> q25 [label = "a"];
	q33 -> q37 [label = "c"];
	q12 -> q7 [label = "b"];
	q20 -> q25 [label = "a"];
	q6 -> q4 [label = "c"];
	q36 -> q2 [label = "c"];
	q24 -> q31 [label = "a"];
	q2 -> q1 [label = "b"];
	q32 -> q29 [label = "c"];
	q0 -> q36 [label = "a"];
	q4 -> q3 [label = "c"];
	q28 -> q23 [label = "a"];
	q19 -> q11 [label = "b"];
	q10 -> q14 [label = "b"];
	q8 -> q48 [label = "a"];
	q14 -> q10 [label = "c"];
	q3 -> q15 [label = "c"];
	q10 -> q23 [label = "a"];
	q16 -> q5 [label = "b"];
	q8 -> q46 [label = "b"];
	q14 -> q14 [label = "b"];
	q12 -> q35 [label = "a"];
	q13 -> q10 [label = "c"];
	q21 -> q33 [label = "b"];
	q9 -> q23 [label = "a"];
	q34 -> q48 [label = "a"];
	q8 -> q37 [label = "c"];
	q15 -> q15 [label = "c"];
	q11 -> q48 [label = "a"];
	q9 -> q8 [label = "b"];
	q31 -> q27 [label = "c"];
	q38 -> q41 [label = "c"];
	q37 -> q18 [label = "b"];
	q5 -> q48 [label = "a"];
	q27 -> q25 [label = "a"];
	q39 -> q19 [label = "b"];
	q23 -> q40 [label = "a"];
	q26 -> q42 [label = "b"];
	q25 -> q9 [label = "b"];
	q29 -> q25 [label = "a"];
	q23 -> q43 [label = "c"];
	q28 -> q20 [label = "c"];
	q30 -> q26 [label = "b"];
	q24 -> q44 [label = "b"];
	q28 -> q22 [label = "b"];
	q22 -> q37 [label = "c"];
	q26 -> q23 [label = "a"];
	q24 -> q27 [label = "c"];
	q33 -> q36 [label = "a"];
	q27 -> q34 [label = "b"];
	q17 -> q23 [label = "a"];
	q32 -> q31 [label = "a"];
	q36 -> q35 [label = "a"];
	q13 -> q18 [label = "b"];
	q25 -> q35 [label = "a"];
	q25 -> q43 [label = "c"];
	q26 -> q43 [label = "c"];
	q31 -> q28 [label = "b"];
	q30 -> q31 [label = "a"];
	q31 -> q31 [label = "a"];
	q38 -> q16 [label = "b"];
	q35 -> q26 [label = "b"];
	q37 -> q17 [label = "c"];
	q35 -> q35 [label = "a"];
	q7 -> q4 [label = "c"];
	q39 -> q41 [label = "c"];
	q27 -> q41 [label = "c"];
	q29 -> q24 [label = "b"];
	q37 -> q48 [label = "a"];
	q38 -> q25 [label = "a"];
}
DFA size: 49 states

NL* output after 11 EQ and 2565 MQ:
digraph finite_state_machine {
	rankdir=LR;
	node [shape = circle];
	s0 [shape = point, style = invis, start="true" ];
	q0 [label = "q0", shape = doublecircle, final="true" ];
	q1 [label = "q1"];
	q2 [label = "q2", shape = doublecircle, final="true" ];
	q3 [label = "q3"];
	q4 [label = "q4"];
	q5 [label = "q5"];
	q6 [label = "q6"];
	q7 [label = "q7", shape = doublecircle, final="true" ];
	q8 [label = "q8"];
	q9 [label = "q9", shape = doublecircle, final="true" ];
	q10 [label = "q10"];
	q11 [label = "q11", shape = doublecircle, final="true" ];
	q12 [label = "q12"];
	q13 [label = "q13", shape = doublecircle, final="true" ];
	q14 [label = "q14", shape = doublecircle, final="true" ];
	q15 [label = "q15"];
	q16 [label = "q16"];
	q17 [label = "q17"];
	q18 [label = "q18", shape = doublecircle, final="true" ];
	s0 -> q8
	q9 -> q4 [label = "b"];
	q11 -> q7 [label = "a"];
	q15 -> q15 [label = "c"];
	q15 -> q12 [label = "c"];
	q11 -> q17 [label = "b"];
	q11 -> q12 [label = "b"];
	q11 -> q4 [label = "b"];
	q8 -> q10 [label = "c"];
	q12 -> q12 [label = "a"];
	q12 -> q7 [label = "a"];
	q14 -> q13 [label = "b"];
	q14 -> q0 [label = "b"];
	q8 -> q8 [label = "b"];
	q10 -> q9 [label = "a"];
	q14 -> q16 [label = "b, c"];
	q14 -> q15 [label = "b, c"];
	q14 -> q12 [label = "b, c"];
	q14 -> q5 [label = "b, c"];
	q15 -> q6 [label = "c"];
	q12 -> q9 [label = "a, c"];
	q9 -> q12 [label = "b"];
	q4 -> q16 [label = "c"];
	q8 -> q16 [label = "b"];
	q4 -> q8 [label = "c"];
	q10 -> q16 [label = "b"];
	q0 -> q11 [label = "a"];
	q13 -> q15 [label = "c"];
	q2 -> q1 [label = "b"];
	q2 -> q0 [label = "b"];
	q6 -> q17 [label = "c"];
	q14 -> q18 [label = "b"];
	q6 -> q6 [label = "c"];
	q6 -> q4 [label = "c"];
	q12 -> q4 [label = "a"];
	q14 -> q10 [label = "b, c"];
	q0 -> q12 [label = "b"];
	q0 -> q5 [label = "b"];
	q0 -> q4 [label = "b"];
	q0 -> q2 [label = "b"];
	q0 -> q1 [label = "b"];
	q0 -> q0 [label = "b"];
	q13 -> q10 [label = "c"];
	q6 -> q8 [label = "b"];
	q10 -> q8 [label = "b"];
	q2 -> q5 [label = "b"];
	q6 -> q5 [label = "b"];
	q6 -> q15 [label = "c"];
	q0 -> q17 [label = "b"];
	q6 -> q1 [label = "b"];
	q0 -> q18 [label = "c"];
	q0 -> q16 [label = "b, c"];
	q0 -> q15 [label = "c"];
	q15 -> q17 [label = "c"];
	q0 -> q10 [label = "c"];
	q0 -> q9 [label = "a, b, c"];
	q0 -> q8 [label = "b, c"];
	q7 -> q15 [label = "c"];
	q14 -> q7 [label = "a, b"];
	q11 -> q15 [label = "c"];
	q0 -> q13 [label = "b, c"];
	q13 -> q1 [label = "b"];
	q11 -> q10 [label = "c"];
	q13 -> q9 [label = "a, b"];
	q5 -> q11 [label = "a"];
	q13 -> q4 [label = "b"];
	q5 -> q10 [label = "c"];
	q12 -> q13 [label = "c"];
	q13 -> q16 [label = "b"];
	q18 -> q6 [label = "c"];
	q1 -> q1 [label = "b"];
	q2 -> q12 [label = "b"];
	q15 -> q11 [label = "a"];
	q18 -> q2 [label = "b"];
	q18 -> q13 [label = "b"];
	q16 -> q16 [label = "b"];
	q13 -> q2 [label = "b"];
	q10 -> q4 [label = "c"];
	q16 -> q8 [label = "b"];
	q18 -> q7 [label = "a"];
	q10 -> q11 [label = "a"];
	q13 -> q12 [label = "b"];
	q18 -> q11 [label = "a"];
	q11 -> q6 [label = "c"];
	q16 -> q2 [label = "b"];
	q18 -> q17 [label = "b, c"];
	q1 -> q5 [label = "b"];
	q17 -> q9 [label = "a, c"];
	q12 -> q16 [label = "b, c"];
	q9 -> q9 [label = "a"];
	q17 -> q18 [label = "c"];
	q18 -> q12 [label = "b, c"];
	q2 -> q10 [label = "c"];
	q1 -> q7 [label = "a"];
	q1 -> q0 [label = "b"];
	q18 -> q1 [label = "b, c"];
	q0 -> q7 [label = "a"];
	q18 -> q16 [label = "b, c"];
	q17 -> q10 [label = "c"];
	q14 -> q17 [label = "b, c"];
	q17 -> q16 [label = "b, c"];
	q3 -> q11 [label = "b"];
	q18 -> q10 [label = "c"];
	q1 -> q15 [label = "c"];
	q18 -> q8 [label = "b, c"];
	q3 -> q10 [label = "b, c"];
	q11 -> q8 [label = "a, c"];
	q11 -> q16 [label = "a, c"];
	q8 -> q9 [label = "a, b"];
	q1 -> q8 [label = "b, c"];
	q17 -> q6 [label = "c"];
	q16 -> q15 [label = "c"];
	q7 -> q1 [label = "b"];
	q4 -> q12 [label = "a"];
	q14 -> q6 [label = "b, c"];
	q1 -> q9 [label = "a, b, c"];
	q14 -> q3 [label = "c"];
	q17 -> q8 [label = "b, c"];
	q15 -> q10 [label = "c"];
	q7 -> q4 [label = "b"];
	q14 -> q8 [label = "b, c"];
	q18 -> q4 [label = "b, c"];
	q18 -> q5 [label = "b, c"];
	q17 -> q5 [label = "b"];
	q17 -> q15 [label = "c"];
	q13 -> q13 [label = "b"];
	q18 -> q0 [label = "b"];
	q4 -> q3 [label = "b"];
	q7 -> q7 [label = "a"];
	q13 -> q8 [label = "b"];
	q17 -> q4 [label = "a"];
	q15 -> q9 [label = "a"];
	q3 -> q9 [label = "a, b, c"];
	q17 -> q7 [label = "a"];
	q1 -> q2 [label = "b"];
	q6 -> q16 [label = "b"];
	q7 -> q9 [label = "a, c"];
	q5 -> q15 [label = "c"];
	q13 -> q11 [label = "a"];
	q5 -> q16 [label = "b"];
	q18 -> q15 [label = "c"];
	q11 -> q13 [label = "c"];
	q15 -> q4 [label = "c"];
	q17 -> q13 [label = "c"];
	q2 -> q4 [label = "b"];
	q12 -> q8 [label = "b, c"];
	q18 -> q9 [label = "a, b"];
	q17 -> q3 [label = "b"];
	q15 -> q5 [label = "b"];
	q17 -> q11 [label = "a"];
	q15 -> q16 [label = "b"];
	q2 -> q17 [label = "b"];
	q15 -> q8 [label = "b"];
	q16 -> q10 [label = "c"];
	q9 -> q10 [label = "c"];
	q9 -> q15 [label = "c"];
	q14 -> q2 [label = "b"];
	q2 -> q16 [label = "b, c"];
	q2 -> q7 [label = "a"];
	q11 -> q9 [label = "a, c"];
	q3 -> q8 [label = "c"];
	q3 -> q13 [label = "c"];
	q7 -> q16 [label = "a, b"];
	q7 -> q12 [label = "b"];
	q3 -> q15 [label = "b, c"];
	q5 -> q9 [label = "a, b, c"];
	q13 -> q6 [label = "c"];
	q17 -> q1 [label = "b"];
	q3 -> q18 [label = "c"];
	q17 -> q12 [label = "a"];
	q5 -> q2 [label = "b"];
	q4 -> q7 [label = "a"];
	q7 -> q5 [label = "b"];
	q6 -> q12 [label = "c"];
	q1 -> q11 [label = "a"];
	q5 -> q8 [label = "b"];
	q12 -> q11 [label = "a"];
	q5 -> q6 [label = "c"];
	q13 -> q5 [label = "b"];
	q7 -> q8 [label = "a, b"];
	q2 -> q6 [label = "c"];
	q14 -> q11 [label = "a, b"];
	q2 -> q9 [label = "a, b, c"];
	q14 -> q1 [label = "b, c"];
	q2 -> q8 [label = "b, c"];
	q2 -> q13 [label = "b, c"];
	q2 -> q15 [label = "c"];
	q6 -> q9 [label = "a"];
	q1 -> q16 [label = "b, c"];
	q3 -> q6 [label = "b, c"];
	q6 -> q11 [label = "a"];
	q1 -> q6 [label = "c"];
	q1 -> q10 [label = "c"];
	q1 -> q13 [label = "b, c"];
	q5 -> q7 [label = "a"];
	q7 -> q10 [label = "c"];
	q3 -> q7 [label = "a, b"];
	q6 -> q10 [label = "c"];
	q12 -> q3 [label = "b"];
	q4 -> q4 [label = "a"];
	q4 -> q9 [label = "a, c"];
	q2 -> q2 [label = "b"];
	q16 -> q9 [label = "a, b"];
	q3 -> q16 [label = "c"];
	q4 -> q11 [label = "a"];
	q14 -> q4 [label = "b, c"];
	q14 -> q9 [label = "a, b"];
	q3 -> q14 [label = "c"];
	q0 -> q6 [label = "c"];
}
NFA size: 19 states

AL* output after 10 EQ and 1253 MQ:
digraph finite_state_machine {
	rankdir=LR;
	node [shape = circle];
	s0 [shape = point, style = invis, start="true" ];
	s1 [shape = point, style = invis, start="true" ];
	q0 [label = "q0", shape = doublecircle, final="true" ];
	q1 [label = "q1", shape = doublecircle, final="true" ];
	q2 [label = "q2"];
	q3 [label = "q3", shape = doublecircle, final="true" ];
	q4 [label = "q4"];
	q5 [label = "q5"];
	q6 [label = "q6"];
	q7 [label = "q7", shape = doublecircle, final="true" ];
	q8 [label = "q8"];
	m0 [label = "", shape = square, style = filled, color=grey, fixedsize=true, width=.2];
	m1 [label = "", shape = square, style = filled, color=grey, fixedsize=true, width=.2];
	m2 [label = "", shape = square, style = filled, color=grey, fixedsize=true, width=.2];
	m3 [label = "", shape = square, style = filled, color=grey, fixedsize=true, width=.2];
	m4 [label = "", shape = square, style = filled, color=grey, fixedsize=true, width=.2];
	m5 [label = "", shape = square, style = filled, color=grey, fixedsize=true, width=.2];
	m6 [label = "", shape = square, style = filled, color=grey, fixedsize=true, width=.2];
	m7 [label = "", shape = square, style = filled, color=grey, fixedsize=true, width=.2];
	m8 [label = "", shape = square, style = filled, color=grey, fixedsize=true, width=.2];
	m9 [label = "", shape = square, style = filled, color=grey, fixedsize=true, width=.2];
	m10 [label = "", shape = square, style = filled, color=grey, fixedsize=true, width=.2];
	m11 [label = "", shape = square, style = filled, color=grey, fixedsize=true, width=.2];
	m12 [label = "", shape = square, style = filled, color=grey, fixedsize=true, width=.2];
	s0 -> m0
	s1 -> m1
	q5 -> m4 [label = "b"];
	q7 -> m8 [label = "a"];
	q2 -> q6 [label = "c"];
	q2 -> m5 [label = "c"];
	q4 -> m0 [label = "b"];
	q6 -> q6 [label = "a"];
	q7 -> q6 [label = "b"];
	q3 -> m1 [label = "a"];
	q1 -> q6 [label = "b, c"];
	q1 -> m0 [label = "b"];
	q7 -> m10 [label = "c"];
	q7 -> m5 [label = "c"];
	q3 -> m10 [label = "b"];
	q3 -> q6 [label = "b"];
	q3 -> m0 [label = "a, b"];
	q1 -> m4 [label = "a"];
	q1 -> m3 [label = "a, b"];
	q1 -> m1 [label = "a"];
	q2 -> m7 [label = "b"];
	q5 -> m11 [label = "c"];
	q0 -> m3 [label = "a"];
	q4 -> m5 [label = "c"];
	q8 -> m4 [label = "a"];
	q2 -> m6 [label = "b"];
	q8 -> m0 [label = "b"];
	q8 -> m3 [label = "a"];
	q8 -> m1 [label = "b"];
	q3 -> m5 [label = "c"];
	q0 -> q6 [label = "b"];
	q8 -> q6 [label = "c"];
	q7 -> m12 [label = "b"];
	q1 -> m5 [label = "b, c"];
	q2 -> m0 [label = "b"];
	q0 -> m0 [label = "a, c"];
	q6 -> m3 [label = "a"];
	q0 -> m1 [label = "a"];
	q6 -> m0 [label = "c"];
	q6 -> m11 [label = "b"];
	q6 -> m1 [label = "c"];
	q4 -> m1 [label = "b"];
	q1 -> m11 [label = "c"];
	q6 -> m8 [label = "c"];
	q5 -> m3 [label = "a, b"];
	q3 -> m3 [label = "a"];
	q0 -> m9 [label = "b"];
	q5 -> m1 [label = "a"];
	q5 -> m8 [label = "c"];
	q8 -> m2 [label = "b"];
	q0 -> m10 [label = "b"];
	q2 -> m3 [label = "a"];
	q2 -> m4 [label = "a"];
	q4 -> m8 [label = "a, b"];
	q6 -> m6 [label = "b"];
	q3 -> m8 [label = "c"];
	q2 -> m10 [label = "c"];
	q0 -> m5 [label = "c"];
	q0 -> m8 [label = "c"];
	q5 -> m5 [label = "b, c"];
	m0 -> q1;
	m0 -> q4;
	m0 -> q5;
	m1 -> q1;
	m1 -> q2;
	m1 -> q3;
	m1 -> q4;
	m1 -> q6;
	m1 -> q8;
	m2 -> q0;
	m2 -> q1;
	m2 -> q3;
	m2 -> q5;
	m2 -> q6;
	m2 -> q7;
	m3 -> q0;
	m3 -> q3;
	m4 -> q0;
	m4 -> q1;
	m4 -> q5;
	m4 -> q6;
	m5 -> q1;
	m5 -> q2;
	m5 -> q8;
	m6 -> q0;
	m6 -> q3;
	m6 -> q5;
	m6 -> q6;
	m7 -> q1;
	m7 -> q2;
	m7 -> q6;
	m7 -> q8;
	m8 -> q0;
	m8 -> q1;
	m8 -> q3;
	m8 -> q7;
	m9 -> q1;
	m9 -> q2;
	m9 -> q5;
	m9 -> q8;
	m10 -> q0;
	m10 -> q1;
	m10 -> q2;
	m10 -> q3;
	m10 -> q5;
	m10 -> q7;
	m11 -> q1;
	m11 -> q5;
	m12 -> q0;
	m12 -> q1;
	m12 -> q2;
	m12 -> q3;
	m12 -> q4;
	m12 -> q5;
	m12 -> q7;
	m12 -> q8;
}
AFA size: 9 states

AL** output after 11 EQ and 1253 MQ:
digraph finite_state_machine {
	rankdir=LR;
	node [shape = circle];
	s0 [shape = point, style = invis, start="true" ];
	s1 [shape = point, style = invis, start="true" ];
	q0 [label = "q0", shape = doublecircle, final="true" ];
	q1 [label = "q1", shape = doublecircle, final="true" ];
	q2 [label = "q2"];
	q3 [label = "q3", shape = doublecircle, final="true" ];
	q4 [label = "q4"];
	q5 [label = "q5"];
	q6 [label = "q6"];
	q7 [label = "q7", shape = doublecircle, final="true" ];
	q8 [label = "q8"];
	m0 [label = "", shape = square, style = filled, color=grey, fixedsize=true, width=.2];
	m1 [label = "", shape = square, style = filled, color=grey, fixedsize=true, width=.2];
	m2 [label = "", shape = square, style = filled, color=grey, fixedsize=true, width=.2];
	m3 [label = "", shape = square, style = filled, color=grey, fixedsize=true, width=.2];
	m4 [label = "", shape = square, style = filled, color=grey, fixedsize=true, width=.2];
	m5 [label = "", shape = square, style = filled, color=grey, fixedsize=true, width=.2];
	m6 [label = "", shape = square, style = filled, color=grey, fixedsize=true, width=.2];
	m7 [label = "", shape = square, style = filled, color=grey, fixedsize=true, width=.2];
	m8 [label = "", shape = square, style = filled, color=grey, fixedsize=true, width=.2];
	m9 [label = "", shape = square, style = filled, color=grey, fixedsize=true, width=.2];
	m10 [label = "", shape = square, style = filled, color=grey, fixedsize=true, width=.2];
	m11 [label = "", shape = square, style = filled, color=grey, fixedsize=true, width=.2];
	m12 [label = "", shape = square, style = filled, color=grey, fixedsize=true, width=.2];
	s0 -> m0
	s1 -> m1
	q5 -> m4 [label = "b"];
	q7 -> m8 [label = "a"];
	q2 -> q6 [label = "c"];
	q2 -> m5 [label = "c"];
	q4 -> m0 [label = "b"];
	q6 -> q6 [label = "a"];
	q7 -> q6 [label = "b"];
	q3 -> m1 [label = "a"];
	q1 -> q6 [label = "b, c"];
	q1 -> m0 [label = "b"];
	q7 -> m10 [label = "c"];
	q7 -> m5 [label = "c"];
	q3 -> m10 [label = "b"];
	q3 -> q6 [label = "b"];
	q3 -> m0 [label = "a, b"];
	q1 -> m4 [label = "a"];
	q1 -> m3 [label = "a, b"];
	q1 -> m1 [label = "a"];
	q2 -> m7 [label = "b"];
	q5 -> m11 [label = "c"];
	q0 -> m3 [label = "a"];
	q4 -> m5 [label = "c"];
	q8 -> m4 [label = "a"];
	q2 -> m6 [label = "b"];
	q8 -> m0 [label = "b"];
	q8 -> m3 [label = "a"];
	q8 -> m1 [label = "b"];
	q3 -> m5 [label = "c"];
	q0 -> q6 [label = "b"];
	q8 -> q6 [label = "c"];
	q7 -> m12 [label = "b"];
	q1 -> m5 [label = "b, c"];
	q2 -> m0 [label = "b"];
	q0 -> m0 [label = "a, c"];
	q6 -> m3 [label = "a"];
	q0 -> m1 [label = "a"];
	q6 -> m0 [label = "c"];
	q6 -> m11 [label = "b"];
	q6 -> m1 [label = "c"];
	q4 -> m1 [label = "b"];
	q1 -> m11 [label = "c"];
	q6 -> m8 [label = "c"];
	q5 -> m3 [label = "a, b"];
	q3 -> m3 [label = "a"];
	q0 -> m9 [label = "b"];
	q5 -> m1 [label = "a"];
	q5 -> m8 [label = "c"];
	q8 -> m2 [label = "b"];
	q0 -> m10 [label = "b"];
	q2 -> m3 [label = "a"];
	q2 -> m4 [label = "a"];
	q4 -> m8 [label = "a, b"];
	q6 -> m6 [label = "b"];
	q3 -> m8 [label = "c"];
	q2 -> m10 [label = "c"];
	q0 -> m5 [label = "c"];
	q0 -> m8 [label = "c"];
	q5 -> m5 [label = "b, c"];
	m0 -> q1;
	m0 -> q4;
	m0 -> q5;
	m1 -> q1;
	m1 -> q2;
	m1 -> q3;
	m1 -> q4;
	m1 -> q6;
	m1 -> q8;
	m2 -> q0;
	m2 -> q1;
	m2 -> q3;
	m2 -> q5;
	m2 -> q6;
	m2 -> q7;
	m3 -> q0;
	m3 -> q3;
	m4 -> q0;
	m4 -> q1;
	m4 -> q5;
	m4 -> q6;
	m5 -> q1;
	m5 -> q2;
	m5 -> q8;
	m6 -> q0;
	m6 -> q3;
	m6 -> q5;
	m6 -> q6;
	m7 -> q1;
	m7 -> q2;
	m7 -> q6;
	m7 -> q8;
	m8 -> q0;
	m8 -> q1;
	m8 -> q3;
	m8 -> q7;
	m9 -> q1;
	m9 -> q2;
	m9 -> q5;
	m9 -> q8;
	m10 -> q0;
	m10 -> q1;
	m10 -> q2;
	m10 -> q3;
	m10 -> q5;
	m10 -> q7;
	m11 -> q1;
	m11 -> q5;
	m12 -> q0;
	m12 -> q1;
	m12 -> q2;
	m12 -> q3;
	m12 -> q4;
	m12 -> q5;
	m12 -> q7;
	m12 -> q8;
}
RAFA size: 9 states

