Random target AFA:
digraph finite_state_machine {
	rankdir=LR;
	node [shape = circle];
	s0 [shape = point, style = invis, start="true" ];
	s1 [shape = point, style = invis, start="true" ];
	q0 [label = "q0", shape = doublecircle, final="true" ];
	q1 [label = "q1"];
	q2 [label = "q2", shape = doublecircle, final="true" ];
	q3 [label = "q3"];
	q4 [label = "q4", shape = doublecircle, final="true" ];
	q5 [label = "q5"];
	m0 [label = "", shape = square, style = filled, color=grey, fixedsize=true, width=.2];
	m1 [label = "", shape = square, style = filled, color=grey, fixedsize=true, width=.2];
	m2 [label = "", shape = square, style = filled, color=grey, fixedsize=true, width=.2];
	m3 [label = "", shape = square, style = filled, color=grey, fixedsize=true, width=.2];
	m4 [label = "", shape = square, style = filled, color=grey, fixedsize=true, width=.2];
	m5 [label = "", shape = square, style = filled, color=grey, fixedsize=true, width=.2];
	s0 -> q1
	s1 -> q0
	q3 -> q3 [label = "c"];
	q1 -> q4 [label = "a"];
	q5 -> m1 [label = "a"];
	q5 -> q3 [label = "c"];
	q5 -> q5 [label = "b"];
	q2 -> q0 [label = "c"];
	q0 -> m0 [label = "c"];
	q2 -> q3 [label = "a"];
	q2 -> q1 [label = "a"];
	q2 -> q2 [label = "b"];
	q5 -> q0 [label = "a"];
	q1 -> q2 [label = "c"];
	q4 -> q4 [label = "a"];
	q1 -> m2 [label = "b"];
	q0 -> m1 [label = "c"];
	q0 -> q0 [label = "a, b"];
	q0 -> q5 [label = "b"];
	q4 -> q3 [label = "c"];
	q1 -> q1 [label = "a"];
	q3 -> m3 [label = "b"];
	q5 -> q4 [label = "b"];
	q3 -> q2 [label = "a"];
	q3 -> q5 [label = "b"];
	q5 -> m2 [label = "c"];
	q1 -> m4 [label = "b"];
	q3 -> m5 [label = "a"];
	q1 -> q3 [label = "c"];
	q4 -> q0 [label = "a, b, c"];
	q4 -> q2 [label = "b"];
	q3 -> q4 [label = "c"];
	m0 -> q2;
	m0 -> q5;
	m1 -> q0;
	m1 -> q2;
	m2 -> q0;
	m2 -> q1;
	m3 -> q2;
	m3 -> q3;
	m4 -> q3;
	m4 -> q5;
	m5 -> q0;
	m5 -> q4;
}

L* output after 9 EQ and 7888 MQ:
digraph finite_state_machine {
	rankdir=LR;
	node [shape = circle];
	s0 [shape = point, style = invis, start="true" ];
	q0 [label = "q0", shape = doublecircle, final="true" ];
	q1 [label = "q1", shape = doublecircle, final="true" ];
	q2 [label = "q2", shape = doublecircle, final="true" ];
	q3 [label = "q3", shape = doublecircle, final="true" ];
	q4 [label = "q4", shape = doublecircle, final="true" ];
	q5 [label = "q5", shape = doublecircle, final="true" ];
	q6 [label = "q6", shape = doublecircle, final="true" ];
	q7 [label = "q7", shape = doublecircle, final="true" ];
	q8 [label = "q8", shape = doublecircle, final="true" ];
	q9 [label = "q9", shape = doublecircle, final="true" ];
	q10 [label = "q10", shape = doublecircle, final="true" ];
	q11 [label = "q11", shape = doublecircle, final="true" ];
	q12 [label = "q12", shape = doublecircle, final="true" ];
	q13 [label = "q13"];
	q14 [label = "q14"];
	q15 [label = "q15"];
	q16 [label = "q16", shape = doublecircle, final="true" ];
	q17 [label = "q17"];
	q18 [label = "q18", shape = doublecircle, final="true" ];
	q19 [label = "q19", shape = doublecircle, final="true" ];
	q20 [label = "q20", shape = doublecircle, final="true" ];
	q21 [label = "q21", shape = doublecircle, final="true" ];
	q22 [label = "q22", shape = doublecircle, final="true" ];
	q23 [label = "q23", shape = doublecircle, final="true" ];
	q24 [label = "q24", shape = doublecircle, final="true" ];
	q25 [label = "q25", shape = doublecircle, final="true" ];
	q26 [label = "q26", shape = doublecircle, final="true" ];
	q27 [label = "q27", shape = doublecircle, final="true" ];
	q28 [label = "q28", shape = doublecircle, final="true" ];
	q29 [label = "q29", shape = doublecircle, final="true" ];
	q30 [label = "q30", shape = doublecircle, final="true" ];
	q31 [label = "q31", shape = doublecircle, final="true" ];
	q32 [label = "q32", shape = doublecircle, final="true" ];
	q33 [label = "q33", shape = doublecircle, final="true" ];
	q34 [label = "q34", shape = doublecircle, final="true" ];
	q35 [label = "q35", shape = doublecircle, final="true" ];
	q36 [label = "q36", shape = doublecircle, final="true" ];
	q37 [label = "q37"];
	q38 [label = "q38", shape = doublecircle, final="true" ];
	s0 -> q22
	q18 -> q19 [label = "c"];
	q20 -> q11 [label = "b"];
	q22 -> q21 [label = "a"];
	q17 -> q18 [label = "c"];
	q21 -> q21 [label = "a"];
	q19 -> q20 [label = "b"];
	q17 -> q6 [label = "a"];
	q20 -> q19 [label = "a"];
	q18 -> q17 [label = "a"];
	q16 -> q32 [label = "b"];
	q18 -> q16 [label = "b"];
	q16 -> q14 [label = "a"];
	q20 -> q10 [label = "c"];
	q21 -> q7 [label = "c"];
	q15 -> q19 [label = "a"];
	q23 -> q26 [label = "b"];
	q15 -> q11 [label = "b"];
	q13 -> q23 [label = "a"];
	q9 -> q10 [label = "c"];
	q3 -> q10 [label = "c"];
	q5 -> q12 [label = "b"];
	q7 -> q21 [label = "a"];
	q6 -> q19 [label = "a"];
	q13 -> q2 [label = "b"];
	q5 -> q5 [label = "a"];
	q7 -> q12 [label = "b"];
	q11 -> q10 [label = "c"];
	q3 -> q19 [label = "a"];
	q1 -> q0 [label = "a"];
	q16 -> q19 [label = "c"];
	q4 -> q21 [label = "a"];
	q0 -> q10 [label = "c"];
	q6 -> q3 [label = "b"];
	q0 -> q26 [label = "b"];
	q6 -> q18 [label = "c"];
	q2 -> q34 [label = "b"];
	q1 -> q34 [label = "b"];
	q0 -> q5 [label = "a"];
	q7 -> q36 [label = "c"];
	q12 -> q10 [label = "c"];
	q4 -> q38 [label = "b"];
	q8 -> q21 [label = "a"];
	q14 -> q10 [label = "c"];
	q11 -> q5 [label = "a"];
	q29 -> q24 [label = "a"];
	q37 -> q13 [label = "b"];
	q28 -> q29 [label = "b"];
	q1 -> q10 [label = "c"];
	q31 -> q26 [label = "b"];
	q31 -> q36 [label = "c"];
	q31 -> q25 [label = "a"];
	q8 -> q10 [label = "c"];
	q34 -> q34 [label = "b"];
	q36 -> q36 [label = "c"];
	q33 -> q5 [label = "a"];
	q38 -> q10 [label = "c"];
	q32 -> q19 [label = "c"];
	q23 -> q27 [label = "c"];
	q32 -> q32 [label = "b"];
	q24 -> q26 [label = "b"];
	q12 -> q34 [label = "b"];
	q21 -> q12 [label = "b"];
	q26 -> q10 [label = "c"];
	q38 -> q24 [label = "a"];
	q25 -> q27 [label = "c"];
	q33 -> q10 [label = "c"];
	q2 -> q10 [label = "c"];
	q35 -> q9 [label = "a"];
	q10 -> q36 [label = "c"];
	q36 -> q12 [label = "b"];
	q14 -> q13 [label = "b"];
	q22 -> q20 [label = "b"];
	q26 -> q2 [label = "b"];
	q37 -> q4 [label = "a"];
	q36 -> q8 [label = "a"];
	q15 -> q10 [label = "c"];
	q8 -> q12 [label = "b"];
	q32 -> q37 [label = "a"];
	q30 -> q21 [label = "a"];
	q34 -> q10 [label = "c"];
	q3 -> q1 [label = "b"];
	q24 -> q21 [label = "a"];
	q37 -> q7 [label = "c"];
	q35 -> q10 [label = "c"];
	q33 -> q38 [label = "b"];
	q25 -> q12 [label = "b"];
	q13 -> q10 [label = "c"];
	q35 -> q34 [label = "b"];
	q12 -> q24 [label = "a"];
	q38 -> q12 [label = "b"];
	q2 -> q8 [label = "a"];
	q4 -> q7 [label = "c"];
	q29 -> q30 [label = "b"];
	q27 -> q19 [label = "a"];
	q29 -> q31 [label = "c"];
	q10 -> q35 [label = "b"];
	q9 -> q21 [label = "a"];
	q27 -> q1 [label = "b"];
	q17 -> q15 [label = "b"];
	q25 -> q24 [label = "a"];
	q22 -> q28 [label = "c"];
	q30 -> q34 [label = "b"];
	q5 -> q10 [label = "c"];
	q27 -> q27 [label = "c"];
	q30 -> q31 [label = "c"];
	q26 -> q23 [label = "a"];
	q14 -> q33 [label = "a"];
	q24 -> q7 [label = "c"];
	q28 -> q36 [label = "c"];
	q34 -> q21 [label = "a"];
	q23 -> q24 [label = "a"];
	q19 -> q18 [label = "c"];
	q19 -> q19 [label = "a"];
	q9 -> q26 [label = "b"];
	q28 -> q21 [label = "a"];
	q11 -> q34 [label = "b"];
	q10 -> q25 [label = "a"];
}
DFA size: 39 states

NL* output after 9 EQ and 5590 MQ:
digraph finite_state_machine {
	rankdir=LR;
	node [shape = circle];
	s0 [shape = point, style = invis, start="true" ];
	s1 [shape = point, style = invis, start="true" ];
	s2 [shape = point, style = invis, start="true" ];
	q0 [label = "q0", shape = doublecircle, final="true" ];
	q1 [label = "q1", shape = doublecircle, final="true" ];
	q2 [label = "q2", shape = doublecircle, final="true" ];
	q3 [label = "q3", shape = doublecircle, final="true" ];
	q4 [label = "q4"];
	q5 [label = "q5", shape = doublecircle, final="true" ];
	q6 [label = "q6", shape = doublecircle, final="true" ];
	q7 [label = "q7", shape = doublecircle, final="true" ];
	q8 [label = "q8", shape = doublecircle, final="true" ];
	q9 [label = "q9", shape = doublecircle, final="true" ];
	q10 [label = "q10", shape = doublecircle, final="true" ];
	q11 [label = "q11"];
	q12 [label = "q12", shape = doublecircle, final="true" ];
	q13 [label = "q13"];
	q14 [label = "q14"];
	q15 [label = "q15"];
	q16 [label = "q16", shape = doublecircle, final="true" ];
	q17 [label = "q17", shape = doublecircle, final="true" ];
	s0 -> q3
	s1 -> q9
	s2 -> q11
	q9 -> q13 [label = "b"];
	q15 -> q6 [label = "c"];
	q9 -> q14 [label = "a"];
	q9 -> q11 [label = "a, b"];
	q9 -> q9 [label = "a"];
	q9 -> q6 [label = "a"];
	q9 -> q4 [label = "a"];
	q9 -> q3 [label = "a, b"];
	q9 -> q2 [label = "a"];
	q9 -> q0 [label = "a, b"];
	q11 -> q13 [label = "b"];
	q11 -> q11 [label = "b"];
	q14 -> q15 [label = "b"];
	q14 -> q13 [label = "b"];
	q8 -> q10 [label = "b"];
	q8 -> q8 [label = "b"];
	q14 -> q0 [label = "c"];
	q8 -> q14 [label = "a"];
	q8 -> q6 [label = "a, c"];
	q8 -> q4 [label = "a"];
	q8 -> q3 [label = "a, c"];
	q10 -> q10 [label = "b"];
	q8 -> q12 [label = "b"];
	q12 -> q11 [label = "a, c"];
	q4 -> q14 [label = "c"];
	q4 -> q0 [label = "c"];
	q6 -> q6 [label = "c"];
	q6 -> q2 [label = "c"];
	q0 -> q13 [label = "b"];
	q6 -> q15 [label = "b"];
	q14 -> q11 [label = "b, c"];
	q6 -> q13 [label = "b"];
	q3 -> q10 [label = "b, c"];
	q8 -> q16 [label = "a"];
	q9 -> q17 [label = "a, c"];
	q9 -> q5 [label = "a, c"];
	q12 -> q3 [label = "c"];
	q6 -> q10 [label = "a, b, c"];
	q4 -> q16 [label = "c"];
	q9 -> q12 [label = "a, c"];
	q6 -> q0 [label = "b, c"];
	q12 -> q14 [label = "a"];
	q13 -> q14 [label = "b"];
	q15 -> q12 [label = "b"];
	q15 -> q2 [label = "b"];
	q15 -> q0 [label = "b, c"];
	q1 -> q0 [label = "a, b, c"];
	q8 -> q9 [label = "a"];
	q2 -> q3 [label = "a, b, c"];
	q14 -> q12 [label = "a"];
	q13 -> q10 [label = "b, c"];
	q17 -> q14 [label = "a, c"];
	q13 -> q3 [label = "a, b, c"];
	q3 -> q0 [label = "b"];
	q4 -> q6 [label = "c"];
	q15 -> q15 [label = "b"];
	q13 -> q13 [label = "b"];
	q17 -> q4 [label = "a"];
	q13 -> q6 [label = "c"];
	q17 -> q1 [label = "a"];
	q14 -> q6 [label = "c"];
	q1 -> q9 [label = "a"];
	q8 -> q7 [label = "b"];
	q17 -> q5 [label = "a, b"];
	q14 -> q3 [label = "a, c"];
	q17 -> q8 [label = "b"];
	q15 -> q10 [label = "b, c"];
	q7 -> q4 [label = "a"];
	q17 -> q10 [label = "a, b, c"];
	q11 -> q10 [label = "c"];
	q7 -> q2 [label = "a, b"];
	q3 -> q11 [label = "a, b"];
	q17 -> q3 [label = "a, c"];
	q16 -> q0 [label = "b"];
	q5 -> q12 [label = "b"];
	q13 -> q11 [label = "a, b, c"];
	q4 -> q13 [label = "b"];
	q9 -> q1 [label = "a"];
	q8 -> q11 [label = "a, c"];
	q15 -> q14 [label = "b"];
	q5 -> q3 [label = "c"];
	q17 -> q12 [label = "a, b, c"];
	q10 -> q12 [label = "b"];
	q0 -> q12 [label = "b"];
	q14 -> q10 [label = "a, c"];
	q1 -> q2 [label = "a, c"];
	q6 -> q14 [label = "c"];
	q1 -> q4 [label = "a"];
	q2 -> q2 [label = "a"];
	q4 -> q11 [label = "b, c"];
	q16 -> q9 [label = "a"];
	q17 -> q0 [label = "a, c"];
	q4 -> q17 [label = "c"];
	q12 -> q12 [label = "b"];
	q2 -> q14 [label = "a"];
	q7 -> q13 [label = "b"];
	q17 -> q11 [label = "a, c"];
	q15 -> q16 [label = "a"];
	q2 -> q5 [label = "b"];
	q6 -> q5 [label = "a"];
	q10 -> q11 [label = "a, c"];
	q13 -> q12 [label = "b"];
	q16 -> q3 [label = "a, b, c"];
	q17 -> q17 [label = "a"];
	q15 -> q3 [label = "a, b, c"];
	q1 -> q1 [label = "a"];
	q4 -> q5 [label = "a, c"];
	q13 -> q2 [label = "b"];
	q5 -> q5 [label = "b"];
	q7 -> q15 [label = "b"];
	q2 -> q12 [label = "a, b"];
	q15 -> q11 [label = "a, b, c"];
	q16 -> q11 [label = "a, b, c"];
	q9 -> q16 [label = "a"];
	q0 -> q3 [label = "a, b, c"];
	q17 -> q6 [label = "a, c"];
	q16 -> q15 [label = "b"];
	q10 -> q3 [label = "c"];
	q16 -> q13 [label = "b"];
	q7 -> q1 [label = "a"];
	q4 -> q12 [label = "a, c"];
	q16 -> q14 [label = "a"];
	q13 -> q0 [label = "b, c"];
	q17 -> q16 [label = "a"];
	q16 -> q6 [label = "a"];
	q5 -> q10 [label = "b"];
	q7 -> q14 [label = "a, b"];
	q16 -> q16 [label = "a"];
	q7 -> q0 [label = "a, b"];
	q7 -> q3 [label = "a, b, c"];
	q7 -> q5 [label = "a, b"];
	q7 -> q6 [label = "a, c"];
	q16 -> q4 [label = "a"];
	q1 -> q5 [label = "a, b, c"];
	q15 -> q13 [label = "b"];
	q7 -> q10 [label = "a, b"];
	q7 -> q11 [label = "a, b, c"];
	q7 -> q12 [label = "a, b"];
	q7 -> q16 [label = "a, b"];
	q0 -> q0 [label = "b, c"];
	q7 -> q17 [label = "a"];
	q2 -> q0 [label = "a, b, c"];
	q1 -> q14 [label = "a, c"];
	q2 -> q6 [label = "c"];
	q11 -> q3 [label = "a"];
	q12 -> q10 [label = "b"];
	q2 -> q10 [label = "a, b, c"];
	q9 -> q10 [label = "a, b, c"];
	q16 -> q10 [label = "b, c"];
	q2 -> q11 [label = "a, b, c"];
	q4 -> q15 [label = "b"];
	q12 -> q5 [label = "b"];
	q6 -> q3 [label = "a, b, c"];
	q6 -> q11 [label = "a, b, c"];
	q1 -> q3 [label = "a, b, c"];
	q1 -> q11 [label = "a, b, c"];
	q6 -> q12 [label = "a, c"];
	q7 -> q9 [label = "a"];
	q6 -> q16 [label = "a"];
	q1 -> q6 [label = "a, c"];
	q1 -> q10 [label = "a, b, c"];
	q17 -> q2 [label = "a, c"];
	q1 -> q12 [label = "a, b, c"];
	q1 -> q16 [label = "a, b, c"];
	q0 -> q11 [label = "a, b, c"];
	q2 -> q16 [label = "b"];
	q14 -> q2 [label = "a"];
	q1 -> q17 [label = "a, c"];
	q5 -> q4 [label = "a"];
	q5 -> q11 [label = "a, c"];
	q5 -> q14 [label = "a"];
	q7 -> q8 [label = "b"];
	q3 -> q3 [label = "a, b"];
	q17 -> q9 [label = "a"];
	q4 -> q1 [label = "a"];
	q4 -> q2 [label = "a, c"];
	q7 -> q7 [label = "b"];
	q4 -> q3 [label = "a, c"];
	q4 -> q10 [label = "a, c"];
	q0 -> q6 [label = "c"];
	q8 -> q5 [label = "b"];
	q0 -> q10 [label = "b, c"];
}
NFA size: 18 states

