Random target AFA:
digraph finite_state_machine {
	rankdir=LR;
	node [shape = circle];
	s0 [shape = point, style = invis, start="true" ];
	s1 [shape = point, style = invis, start="true" ];
	q0 [label = "q0"];
	q1 [label = "q1"];
	q2 [label = "q2", shape = doublecircle, final="true" ];
	q3 [label = "q3", shape = doublecircle, final="true" ];
	q4 [label = "q4", shape = doublecircle, final="true" ];
	q5 [label = "q5", shape = doublecircle, final="true" ];
	m0 [label = "", shape = square, style = filled, color=grey, fixedsize=true, width=.2];
	m1 [label = "", shape = square, style = filled, color=grey, fixedsize=true, width=.2];
	m2 [label = "", shape = square, style = filled, color=grey, fixedsize=true, width=.2];
	m3 [label = "", shape = square, style = filled, color=grey, fixedsize=true, width=.2];
	m4 [label = "", shape = square, style = filled, color=grey, fixedsize=true, width=.2];
	m5 [label = "", shape = square, style = filled, color=grey, fixedsize=true, width=.2];
	m6 [label = "", shape = square, style = filled, color=grey, fixedsize=true, width=.2];
	m7 [label = "", shape = square, style = filled, color=grey, fixedsize=true, width=.2];
	m8 [label = "", shape = square, style = filled, color=grey, fixedsize=true, width=.2];
	s0 -> q0
	s1 -> q0
	q3 -> q4 [label = "c"];
	q5 -> m8 [label = "b"];
	q2 -> q0 [label = "c"];
	q3 -> q5 [label = "a"];
	q1 -> q4 [label = "b"];
	q3 -> m7 [label = "b"];
	q3 -> q1 [label = "b"];
	q1 -> q2 [label = "a"];
	q4 -> m5 [label = "b"];
	q1 -> q1 [label = "a, c"];
	q1 -> m1 [label = "b, c"];
	q5 -> m6 [label = "c"];
	q5 -> q2 [label = "a, b"];
	q2 -> m3 [label = "b"];
	q0 -> m0 [label = "a"];
	q0 -> m1 [label = "a"];
	q4 -> q4 [label = "a"];
	q2 -> m2 [label = "b"];
	q0 -> q2 [label = "b, c"];
	q4 -> m0 [label = "a"];
	q5 -> m0 [label = "a"];
	q2 -> m4 [label = "a"];
	q0 -> q0 [label = "b"];
	q0 -> q1 [label = "c"];
	q3 -> q2 [label = "a"];
	q4 -> q0 [label = "b, c"];
	q5 -> m5 [label = "c"];
	q2 -> q3 [label = "a, c"];
	m0 -> q4;
	m0 -> q5;
	m1 -> q0;
	m1 -> q3;
	m2 -> q1;
	m2 -> q4;
	m3 -> q2;
	m3 -> q4;
	m4 -> q0;
	m4 -> q4;
	m5 -> q1;
	m5 -> q5;
	m6 -> q1;
	m6 -> q3;
	m7 -> q0;
	m7 -> q5;
	m8 -> q2;
	m8 -> q3;
}

L* output after 13 EQ and 21440 MQ:
digraph finite_state_machine {
	rankdir=LR;
	node [shape = circle];
	s0 [shape = point, style = invis, start="true" ];
	q0 [label = "q0", shape = doublecircle, final="true" ];
	q1 [label = "q1", shape = doublecircle, final="true" ];
	q2 [label = "q2", shape = doublecircle, final="true" ];
	q3 [label = "q3", shape = doublecircle, final="true" ];
	q4 [label = "q4", shape = doublecircle, final="true" ];
	q5 [label = "q5", shape = doublecircle, final="true" ];
	q6 [label = "q6", shape = doublecircle, final="true" ];
	q7 [label = "q7", shape = doublecircle, final="true" ];
	q8 [label = "q8", shape = doublecircle, final="true" ];
	q9 [label = "q9", shape = doublecircle, final="true" ];
	q10 [label = "q10", shape = doublecircle, final="true" ];
	q11 [label = "q11", shape = doublecircle, final="true" ];
	q12 [label = "q12"];
	q13 [label = "q13", shape = doublecircle, final="true" ];
	q14 [label = "q14", shape = doublecircle, final="true" ];
	q15 [label = "q15", shape = doublecircle, final="true" ];
	q16 [label = "q16", shape = doublecircle, final="true" ];
	q17 [label = "q17", shape = doublecircle, final="true" ];
	q18 [label = "q18", shape = doublecircle, final="true" ];
	q19 [label = "q19", shape = doublecircle, final="true" ];
	q20 [label = "q20"];
	q21 [label = "q21", shape = doublecircle, final="true" ];
	q22 [label = "q22", shape = doublecircle, final="true" ];
	q23 [label = "q23", shape = doublecircle, final="true" ];
	q24 [label = "q24", shape = doublecircle, final="true" ];
	q25 [label = "q25", shape = doublecircle, final="true" ];
	q26 [label = "q26", shape = doublecircle, final="true" ];
	q27 [label = "q27", shape = doublecircle, final="true" ];
	q28 [label = "q28", shape = doublecircle, final="true" ];
	q29 [label = "q29", shape = doublecircle, final="true" ];
	q30 [label = "q30", shape = doublecircle, final="true" ];
	q31 [label = "q31", shape = doublecircle, final="true" ];
	q32 [label = "q32", shape = doublecircle, final="true" ];
	q33 [label = "q33", shape = doublecircle, final="true" ];
	q34 [label = "q34", shape = doublecircle, final="true" ];
	q35 [label = "q35"];
	q36 [label = "q36", shape = doublecircle, final="true" ];
	q37 [label = "q37", shape = doublecircle, final="true" ];
	q38 [label = "q38", shape = doublecircle, final="true" ];
	q39 [label = "q39", shape = doublecircle, final="true" ];
	q40 [label = "q40", shape = doublecircle, final="true" ];
	q41 [label = "q41", shape = doublecircle, final="true" ];
	q42 [label = "q42", shape = doublecircle, final="true" ];
	q43 [label = "q43", shape = doublecircle, final="true" ];
	q44 [label = "q44", shape = doublecircle, final="true" ];
	q45 [label = "q45", shape = doublecircle, final="true" ];
	q46 [label = "q46", shape = doublecircle, final="true" ];
	q47 [label = "q47", shape = doublecircle, final="true" ];
	q48 [label = "q48"];
	q49 [label = "q49", shape = doublecircle, final="true" ];
	q50 [label = "q50", shape = doublecircle, final="true" ];
	q51 [label = "q51"];
	q52 [label = "q52", shape = doublecircle, final="true" ];
	q53 [label = "q53", shape = doublecircle, final="true" ];
	q54 [label = "q54", shape = doublecircle, final="true" ];
	q55 [label = "q55", shape = doublecircle, final="true" ];
	q56 [label = "q56"];
	q57 [label = "q57", shape = doublecircle, final="true" ];
	q58 [label = "q58"];
	q59 [label = "q59", shape = doublecircle, final="true" ];
	q60 [label = "q60", shape = doublecircle, final="true" ];
	q61 [label = "q61", shape = doublecircle, final="true" ];
	q62 [label = "q62", shape = doublecircle, final="true" ];
	q63 [label = "q63"];
	q64 [label = "q64", shape = doublecircle, final="true" ];
	q65 [label = "q65", shape = doublecircle, final="true" ];
	q66 [label = "q66", shape = doublecircle, final="true" ];
	q67 [label = "q67", shape = doublecircle, final="true" ];
	q68 [label = "q68", shape = doublecircle, final="true" ];
	q69 [label = "q69", shape = doublecircle, final="true" ];
	q70 [label = "q70", shape = doublecircle, final="true" ];
	q71 [label = "q71", shape = doublecircle, final="true" ];
	q72 [label = "q72", shape = doublecircle, final="true" ];
	q73 [label = "q73", shape = doublecircle, final="true" ];
	q74 [label = "q74", shape = doublecircle, final="true" ];
	q75 [label = "q75"];
	q76 [label = "q76", shape = doublecircle, final="true" ];
	q77 [label = "q77", shape = doublecircle, final="true" ];
	q78 [label = "q78", shape = doublecircle, final="true" ];
	q79 [label = "q79", shape = doublecircle, final="true" ];
	q80 [label = "q80", shape = doublecircle, final="true" ];
	q81 [label = "q81", shape = doublecircle, final="true" ];
	q82 [label = "q82", shape = doublecircle, final="true" ];
	q83 [label = "q83", shape = doublecircle, final="true" ];
	q84 [label = "q84", shape = doublecircle, final="true" ];
	q85 [label = "q85", shape = doublecircle, final="true" ];
	q86 [label = "q86", shape = doublecircle, final="true" ];
	q87 [label = "q87", shape = doublecircle, final="true" ];
	q88 [label = "q88", shape = doublecircle, final="true" ];
	q89 [label = "q89", shape = doublecircle, final="true" ];
	q90 [label = "q90", shape = doublecircle, final="true" ];
	q91 [label = "q91", shape = doublecircle, final="true" ];
	q92 [label = "q92", shape = doublecircle, final="true" ];
	q93 [label = "q93", shape = doublecircle, final="true" ];
	s0 -> q51
	q84 -> q79 [label = "b"];
	q82 -> q30 [label = "c"];
	q85 -> q17 [label = "a"];
	q83 -> q37 [label = "a"];
	q81 -> q46 [label = "b"];
	q83 -> q79 [label = "b"];
	q80 -> q86 [label = "c"];
	q80 -> q88 [label = "b"];
	q84 -> q88 [label = "c"];
	q82 -> q84 [label = "b"];
	q80 -> q31 [label = "a"];
	q3 -> q10 [label = "c"];
	q4 -> q28 [label = "b"];
	q30 -> q28 [label = "b"];
	q62 -> q61 [label = "c"];
	q82 -> q89 [label = "a"];
	q4 -> q89 [label = "a"];
	q39 -> q64 [label = "a"];
	q0 -> q8 [label = "c"];
	q13 -> q68 [label = "b"];
	q70 -> q73 [label = "b"];
	q6 -> q2 [label = "b"];
	q3 -> q28 [label = "b"];
	q2 -> q24 [label = "a"];
	q28 -> q79 [label = "b"];
	q2 -> q79 [label = "b"];
	q4 -> q86 [label = "c"];
	q51 -> q54 [label = "c"];
	q14 -> q4 [label = "c"];
	q8 -> q83 [label = "b"];
	q89 -> q27 [label = "b"];
	q5 -> q10 [label = "c"];
	q12 -> q41 [label = "a"];
	q9 -> q85 [label = "a"];
	q40 -> q78 [label = "c"];
	q19 -> q6 [label = "c"];
	q36 -> q46 [label = "b"];
	q7 -> q36 [label = "c"];
	q28 -> q60 [label = "c"];
	q3 -> q85 [label = "a"];
	q51 -> q53 [label = "b"];
	q78 -> q32 [label = "a"];
	q24 -> q18 [label = "c"];
	q0 -> q79 [label = "b"];
	q25 -> q77 [label = "a"];
	q92 -> q79 [label = "b"];
	q22 -> q69 [label = "a"];
	q59 -> q75 [label = "b"];
	q72 -> q49 [label = "c"];
	q27 -> q25 [label = "a"];
	q74 -> q82 [label = "c"];
	q76 -> q68 [label = "b"];
	q8 -> q89 [label = "a"];
	q24 -> q63 [label = "b"];
	q30 -> q1 [label = "a"];
	q19 -> q79 [label = "b"];
	q29 -> q28 [label = "b"];
	q31 -> q77 [label = "a"];
	q74 -> q21 [label = "a"];
	q32 -> q77 [label = "a"];
	q29 -> q89 [label = "a"];
	q13 -> q4 [label = "c"];
	q44 -> q15 [label = "a"];
	q5 -> q37 [label = "a"];
	q88 -> q83 [label = "b"];
	q26 -> q73 [label = "b"];
	q7 -> q66 [label = "a"];
	q28 -> q77 [label = "a"];
	q45 -> q66 [label = "a"];
	q43 -> q90 [label = "a"];
	q6 -> q85 [label = "a"];
	q30 -> q89 [label = "c"];
	q91 -> q46 [label = "b"];
	q9 -> q44 [label = "c"];
	q86 -> q85 [label = "a"];
	q43 -> q50 [label = "c"];
	q2 -> q88 [label = "c"];
	q21 -> q80 [label = "c"];
	q27 -> q79 [label = "b"];
	q17 -> q10 [label = "c"];
	q37 -> q75 [label = "b"];
	q64 -> q63 [label = "b"];
	q12 -> q76 [label = "c"];
	q67 -> q93 [label = "b"];
	q66 -> q66 [label = "a"];
	q47 -> q46 [label = "b"];
	q41 -> q18 [label = "c"];
	q72 -> q23 [label = "a"];
	q40 -> q70 [label = "b"];
	q18 -> q45 [label = "a"];
	q88 -> q85 [label = "a"];
	q65 -> q12 [label = "b"];
	q41 -> q35 [label = "b"];
	q11 -> q46 [label = "b"];
	q73 -> q37 [label = "a"];
	q31 -> q80 [label = "c"];
	q50 -> q45 [label = "a"];
	q38 -> q91 [label = "b"];
	q22 -> q19 [label = "c"];
	q20 -> q73 [label = "b"];
	q27 -> q88 [label = "c"];
	q67 -> q77 [label = "a"];
	q90 -> q77 [label = "a"];
	q42 -> q68 [label = "b"];
	q65 -> q36 [label = "c"];
	q93 -> q46 [label = "b"];
	q18 -> q79 [label = "b"];
	q1 -> q85 [label = "a"];
	q83 -> q60 [label = "c"];
	q36 -> q45 [label = "a"];
	q38 -> q37 [label = "a"];
	q60 -> q86 [label = "b"];
	q1 -> q10 [label = "c"];
	q33 -> q33 [label = "a"];
	q53 -> q60 [label = "c"];
	q24 -> q69 [label = "a"];
	q90 -> q78 [label = "c"];
	q39 -> q88 [label = "c"];
	q49 -> q39 [label = "b"];
	q9 -> q84 [label = "b"];
	q70 -> q44 [label = "c"];
	q46 -> q37 [label = "a"];
	q61 -> q49 [label = "c"];
	q34 -> q88 [label = "c"];
	q64 -> q18 [label = "c"];
	q69 -> q91 [label = "b"];
	q58 -> q41 [label = "a"];
	q90 -> q26 [label = "b"];
	q86 -> q60 [label = "c"];
	q39 -> q79 [label = "b"];
	q89 -> q85 [label = "a"];
	q93 -> q24 [label = "a"];
	q89 -> q10 [label = "c"];
	q16 -> q37 [label = "a"];
	q93 -> q8 [label = "c"];
	q46 -> q46 [label = "b"];
	q31 -> q79 [label = "b"];
	q87 -> q89 [label = "c"];
	q26 -> q24 [label = "a"];
	q45 -> q63 [label = "b"];
	q91 -> q25 [label = "a"];
	q25 -> q80 [label = "c"];
	q46 -> q60 [label = "c"];
	q91 -> q88 [label = "c"];
	q1 -> q0 [label = "b"];
	q41 -> q69 [label = "a"];
	q44 -> q89 [label = "c"];
	q35 -> q13 [label = "c"];
	q40 -> q77 [label = "a"];
	q81 -> q34 [label = "c"];
	q11 -> q88 [label = "c"];
	q20 -> q41 [label = "a"];
	q48 -> q46 [label = "b"];
	q37 -> q92 [label = "a"];
	q72 -> q79 [label = "b"];
	q53 -> q59 [label = "a"];
	q34 -> q83 [label = "b"];
	q33 -> q80 [label = "c"];
	q5 -> q79 [label = "b"];
	q35 -> q41 [label = "a"];
	q85 -> q29 [label = "b"];
	q25 -> q91 [label = "b"];
	q8 -> q86 [label = "c"];
	q21 -> q77 [label = "a"];
	q23 -> q66 [label = "a"];
	q42 -> q1 [label = "a"];
	q35 -> q46 [label = "b"];
	q10 -> q86 [label = "b, c"];
	q38 -> q80 [label = "c"];
	q11 -> q24 [label = "a"];
	q15 -> q10 [label = "c"];
	q6 -> q10 [label = "c"];
	q73 -> q11 [label = "b"];
	q69 -> q78 [label = "c"];
	q7 -> q35 [label = "b"];
	q77 -> q80 [label = "c"];
	q32 -> q70 [label = "b"];
	q36 -> q88 [label = "c"];
	q92 -> q77 [label = "a"];
	q13 -> q89 [label = "a"];
	q75 -> q83 [label = "b"];
	q12 -> q46 [label = "b"];
	q61 -> q46 [label = "b"];
	q16 -> q93 [label = "b"];
	q14 -> q89 [label = "a"];
	q15 -> q85 [label = "a"];
	q43 -> q35 [label = "b"];
	q20 -> q42 [label = "c"];
	q22 -> q63 [label = "b"];
	q16 -> q80 [label = "c"];
	q84 -> q38 [label = "a"];
	q23 -> q36 [label = "c"];
	q15 -> q5 [label = "b"];
	q29 -> q88 [label = "c"];
	q19 -> q7 [label = "a"];
	q23 -> q20 [label = "b"];
	q54 -> q45 [label = "b"];
	q18 -> q88 [label = "c"];
	q78 -> q9 [label = "c"];
	q32 -> q80 [label = "c"];
	q42 -> q14 [label = "c"];
	q81 -> q22 [label = "a"];
	q86 -> q28 [label = "b"];
	q44 -> q86 [label = "b"];
	q85 -> q10 [label = "c"];
	q75 -> q76 [label = "c"];
	q47 -> q38 [label = "a"];
	q48 -> q16 [label = "a"];
	q50 -> q47 [label = "b"];
	q52 -> q57 [label = "c"];
	q54 -> q44 [label = "c"];
	q48 -> q76 [label = "c"];
	q56 -> q73 [label = "b"];
	q74 -> q81 [label = "b"];
	q52 -> q55 [label = "a"];
	q49 -> q85 [label = "a"];
	q51 -> q52 [label = "a"];
	q55 -> q61 [label = "c"];
	q49 -> q44 [label = "c"];
	q37 -> q18 [label = "c"];
	q55 -> q58 [label = "b"];
	q50 -> q87 [label = "c"];
	q52 -> q56 [label = "b"];
	q54 -> q85 [label = "a"];
	q14 -> q27 [label = "b"];
	q79 -> q60 [label = "c"];
	q53 -> q46 [label = "b"];
	q55 -> q66 [label = "a"];
	q56 -> q43 [label = "a"];
	q60 -> q60 [label = "c"];
	q77 -> q34 [label = "b"];
	q56 -> q42 [label = "c"];
	q60 -> q17 [label = "a"];
	q57 -> q63 [label = "c"];
	q69 -> q77 [label = "a"];
	q57 -> q62 [label = "a"];
	q33 -> q88 [label = "b"];
	q57 -> q65 [label = "b"];
	q34 -> q89 [label = "a"];
	q62 -> q66 [label = "a"];
	q88 -> q60 [label = "c"];
	q76 -> q10 [label = "c"];
	q59 -> q40 [label = "a"];
	q45 -> q36 [label = "c"];
	q63 -> q76 [label = "c"];
	q58 -> q74 [label = "c"];
	q47 -> q88 [label = "c"];
	q61 -> q23 [label = "a"];
	q21 -> q26 [label = "b"];
	q63 -> q46 [label = "b"];
	q0 -> q24 [label = "a"];
	q66 -> q63 [label = "b"];
	q64 -> q71 [label = "a"];
	q68 -> q34 [label = "c"];
	q79 -> q77 [label = "a"];
	q68 -> q22 [label = "a"];
	q65 -> q66 [label = "a"];
	q62 -> q48 [label = "b"];
	q71 -> q72 [label = "c"];
	q87 -> q1 [label = "a"];
	q75 -> q1 [label = "a"];
	q17 -> q86 [label = "b"];
	q71 -> q63 [label = "b"];
	q26 -> q87 [label = "c"];
	q66 -> q61 [label = "c"];
	q87 -> q83 [label = "b"];
	q92 -> q78 [label = "c"];
	q68 -> q79 [label = "b"];
	q63 -> q67 [label = "a"];
	q70 -> q37 [label = "a"];
	q10 -> q3 [label = "a"];
	q67 -> q80 [label = "c"];
	q76 -> q85 [label = "a"];
	q17 -> q17 [label = "a"];
	q71 -> q69 [label = "a"];
	q59 -> q50 [label = "c"];
	q78 -> q88 [label = "b"];
	q73 -> q80 [label = "c"];
	q58 -> q65 [label = "b"];
	q77 -> q33 [label = "a"];
	q79 -> q46 [label = "b"];
}
DFA size: 94 states

NL* output after 19 EQ and 11845 MQ:
digraph finite_state_machine {
	rankdir=LR;
	node [shape = circle];
	s0 [shape = point, style = invis, start="true" ];
	q0 [label = "q0", shape = doublecircle, final="true" ];
	q1 [label = "q1", shape = doublecircle, final="true" ];
	q2 [label = "q2", shape = doublecircle, final="true" ];
	q3 [label = "q3", shape = doublecircle, final="true" ];
	q4 [label = "q4"];
	q5 [label = "q5", shape = doublecircle, final="true" ];
	q6 [label = "q6", shape = doublecircle, final="true" ];
	q7 [label = "q7", shape = doublecircle, final="true" ];
	q8 [label = "q8", shape = doublecircle, final="true" ];
	q9 [label = "q9", shape = doublecircle, final="true" ];
	q10 [label = "q10", shape = doublecircle, final="true" ];
	q11 [label = "q11", shape = doublecircle, final="true" ];
	q12 [label = "q12", shape = doublecircle, final="true" ];
	q13 [label = "q13"];
	q14 [label = "q14", shape = doublecircle, final="true" ];
	q15 [label = "q15", shape = doublecircle, final="true" ];
	q16 [label = "q16"];
	q17 [label = "q17", shape = doublecircle, final="true" ];
	q18 [label = "q18", shape = doublecircle, final="true" ];
	q19 [label = "q19", shape = doublecircle, final="true" ];
	q20 [label = "q20"];
	q21 [label = "q21", shape = doublecircle, final="true" ];
	q22 [label = "q22", shape = doublecircle, final="true" ];
	q23 [label = "q23", shape = doublecircle, final="true" ];
	q24 [label = "q24", shape = doublecircle, final="true" ];
	q25 [label = "q25", shape = doublecircle, final="true" ];
	q26 [label = "q26"];
	q27 [label = "q27", shape = doublecircle, final="true" ];
	q28 [label = "q28", shape = doublecircle, final="true" ];
	q29 [label = "q29", shape = doublecircle, final="true" ];
	q30 [label = "q30"];
	q31 [label = "q31", shape = doublecircle, final="true" ];
	q32 [label = "q32", shape = doublecircle, final="true" ];
	s0 -> q20
	q10 -> q30 [label = "b"];
	q10 -> q25 [label = "b, c"];
	q10 -> q23 [label = "b"];
	q10 -> q21 [label = "b"];
	q15 -> q17 [label = "b"];
	q10 -> q7 [label = "b"];
	q21 -> q16 [label = "b, c"];
	q7 -> q4 [label = "c"];
	q17 -> q19 [label = "c"];
	q29 -> q32 [label = "a, b"];
	q21 -> q3 [label = "b, c"];
	q8 -> q9 [label = "a"];
	q10 -> q15 [label = "b, c"];
	q23 -> q17 [label = "a, b"];
	q8 -> q3 [label = "a"];
	q4 -> q24 [label = "c"];
	q2 -> q4 [label = "b"];
	q10 -> q9 [label = "b, c"];
	q10 -> q19 [label = "a, b, c"];
	q29 -> q27 [label = "a, b"];
	q8 -> q5 [label = "a"];
	q12 -> q3 [label = "b"];
	q18 -> q2 [label = "a, b"];
	q14 -> q16 [label = "b"];
	q24 -> q18 [label = "a"];
	q12 -> q17 [label = "a, b, c"];
	q8 -> q11 [label = "a"];
	q6 -> q12 [label = "b, c"];
	q8 -> q23 [label = "c"];
	q23 -> q16 [label = "b"];
	q31 -> q19 [label = "a, b, c"];
	q6 -> q18 [label = "c"];
	q11 -> q4 [label = "b"];
	q15 -> q30 [label = "c"];
	q11 -> q20 [label = "b, c"];
	q14 -> q15 [label = "c"];
	q29 -> q3 [label = "a"];
	q15 -> q16 [label = "c"];
	q16 -> q24 [label = "c"];
	q15 -> q4 [label = "c"];
	q11 -> q13 [label = "a, b"];
	q11 -> q1 [label = "a"];
	q21 -> q21 [label = "b, c"];
	q21 -> q17 [label = "b, c"];
	q20 -> q13 [label = "c"];
	q16 -> q19 [label = "a, b"];
	q12 -> q27 [label = "a"];
	q15 -> q13 [label = "c"];
	q3 -> q5 [label = "a, c"];
	q21 -> q15 [label = "b, c"];
	q26 -> q0 [label = "b"];
	q8 -> q16 [label = "b"];
	q31 -> q4 [label = "c"];
	q31 -> q1 [label = "a"];
	q21 -> q2 [label = "b, c"];
	q29 -> q20 [label = "b, c"];
	q22 -> q20 [label = "b"];
	q13 -> q28 [label = "c"];
	q7 -> q28 [label = "c"];
	q24 -> q3 [label = "a"];
	q26 -> q20 [label = "b"];
	q11 -> q17 [label = "a"];
	q14 -> q32 [label = "c"];
	q8 -> q27 [label = "a"];
	q26 -> q21 [label = "b"];
	q26 -> q9 [label = "b"];
	q26 -> q6 [label = "b"];
	q32 -> q30 [label = "b, c"];
	q26 -> q5 [label = "b"];
	q24 -> q25 [label = "a"];
	q23 -> q2 [label = "b"];
	q28 -> q31 [label = "c"];
	q28 -> q27 [label = "c"];
	q21 -> q31 [label = "c"];
	q26 -> q25 [label = "a"];
	q22 -> q17 [label = "a"];
	q26 -> q19 [label = "a, b"];
	q21 -> q20 [label = "b, c"];
	q10 -> q18 [label = "c"];
	q12 -> q11 [label = "a"];
	q19 -> q16 [label = "b"];
	q26 -> q3 [label = "a, b"];
	q10 -> q13 [label = "b, c"];
	q13 -> q9 [label = "b"];
	q2 -> q13 [label = "b"];
	q18 -> q20 [label = "c"];
	q26 -> q32 [label = "b"];
	q21 -> q22 [label = "a, c"];
	q30 -> q24 [label = "c"];
	q17 -> q23 [label = "c"];
	q24 -> q31 [label = "c"];
	q24 -> q28 [label = "a, c"];
	q24 -> q24 [label = "a, c"];
	q10 -> q28 [label = "b, c"];
	q8 -> q20 [label = "c"];
	q24 -> q27 [label = "b, c"];
	q9 -> q19 [label = "c"];
	q11 -> q27 [label = "a"];
	q29 -> q2 [label = "a, b"];
	q24 -> q19 [label = "a, b, c"];
	q24 -> q17 [label = "a, b, c"];
	q10 -> q16 [label = "b"];
	q0 -> q2 [label = "b"];
	q8 -> q19 [label = "a, c"];
	q24 -> q13 [label = "a, c"];
	q21 -> q29 [label = "c"];
	q10 -> q20 [label = "b"];
	q21 -> q4 [label = "b, c"];
	q24 -> q9 [label = "b, c"];
	q6 -> q17 [label = "a, b, c"];
	q28 -> q9 [label = "b"];
	q29 -> q0 [label = "b, c"];
	q31 -> q3 [label = "a"];
	q5 -> q27 [label = "a, c"];
	q21 -> q13 [label = "b, c"];
	q7 -> q2 [label = "a, b"];
	q21 -> q23 [label = "b, c"];
	q7 -> q27 [label = "a"];
	q28 -> q2 [label = "b"];
	q30 -> q15 [label = "a, b, c"];
	q20 -> q16 [label = "b"];
	q27 -> q19 [label = "c"];
	q29 -> q23 [label = "b, c"];
	q2 -> q27 [label = "a"];
	q12 -> q1 [label = "a"];
	q27 -> q20 [label = "b, c"];
	q32 -> q15 [label = "b"];
	q25 -> q3 [label = "a"];
	q21 -> q1 [label = "c"];
	q9 -> q13 [label = "b"];
	q21 -> q7 [label = "b, c"];
	q27 -> q17 [label = "a"];
	q10 -> q14 [label = "b, c"];
	q30 -> q12 [label = "b"];
	q16 -> q2 [label = "b"];
	q1 -> q17 [label = "a"];
	q8 -> q1 [label = "a"];
	q29 -> q10 [label = "b, c"];
	q32 -> q28 [label = "c"];
	q31 -> q29 [label = "a"];
	q2 -> q2 [label = "c"];
	q23 -> q18 [label = "c"];
	q29 -> q17 [label = "a, b"];
	q31 -> q9 [label = "a, b"];
	q21 -> q12 [label = "b, c"];
	q0 -> q18 [label = "c"];
	q30 -> q4 [label = "b"];
	q25 -> q19 [label = "a, c"];
	q2 -> q15 [label = "c"];
	q15 -> q20 [label = "c"];
	q30 -> q2 [label = "a, b"];
	q31 -> q10 [label = "b, c"];
	q31 -> q32 [label = "a, b"];
	q8 -> q2 [label = "a"];
	q31 -> q26 [label = "c"];
	q18 -> q30 [label = "c"];
	q25 -> q14 [label = "a, c"];
	q31 -> q24 [label = "a, c"];
	q25 -> q27 [label = "a"];
	q8 -> q25 [label = "a"];
	q5 -> q15 [label = "c"];
	q24 -> q14 [label = "a, c"];
	q31 -> q2 [label = "a, b"];
	q29 -> q13 [label = "a, c"];
	q14 -> q27 [label = "c"];
	q25 -> q13 [label = "a, b"];
	q32 -> q19 [label = "a, b, c"];
	q1 -> q0 [label = "c"];
	q30 -> q17 [label = "a, b"];
	q29 -> q5 [label = "a"];
	q29 -> q9 [label = "a, b"];
	q17 -> q27 [label = "a"];
	q31 -> q25 [label = "a"];
	q28 -> q12 [label = "b"];
	q28 -> q17 [label = "a, b"];
	q32 -> q2 [label = "a, b"];
	q8 -> q7 [label = "b"];
	q31 -> q30 [label = "b, c"];
	q24 -> q15 [label = "a, b, c"];
	q10 -> q17 [label = "a, b, c"];
	q29 -> q18 [label = "a"];
	q13 -> q19 [label = "a, b"];
	q24 -> q12 [label = "b"];
	q32 -> q17 [label = "a, b"];
	q6 -> q21 [label = "b, c"];
	q21 -> q10 [label = "c"];
	q25 -> q22 [label = "a, c"];
	q25 -> q17 [label = "a, b"];
	q32 -> q13 [label = "c"];
	q2 -> q9 [label = "c"];
	q11 -> q30 [label = "b"];
	q9 -> q16 [label = "b"];
	q14 -> q13 [label = "b"];
	q26 -> q27 [label = "b"];
	q29 -> q15 [label = "a, b"];
	q18 -> q5 [label = "a"];
	q22 -> q27 [label = "c"];
	q32 -> q23 [label = "b, c"];
	q31 -> q16 [label = "c"];
	q23 -> q15 [label = "b, c"];
	q21 -> q24 [label = "c"];
	q27 -> q23 [label = "c"];
	q18 -> q15 [label = "a"];
	q31 -> q18 [label = "a"];
	q11 -> q25 [label = "a"];
	q30 -> q3 [label = "a, b"];
	q22 -> q15 [label = "c"];
	q25 -> q1 [label = "a"];
	q8 -> q28 [label = "c"];
	q21 -> q9 [label = "b, c"];
	q25 -> q5 [label = "a"];
	q12 -> q23 [label = "b, c"];
	q20 -> q15 [label = "c"];
	q27 -> q30 [label = "b"];
	q30 -> q23 [label = "b"];
	q30 -> q9 [label = "b"];
	q31 -> q27 [label = "a, b"];
	q6 -> q26 [label = "c"];
	q6 -> q30 [label = "b, c"];
	q31 -> q17 [label = "a, b"];
	q8 -> q14 [label = "a, c"];
	q31 -> q0 [label = "b, c"];
	q26 -> q15 [label = "a, b, c"];
	q26 -> q23 [label = "b"];
	q21 -> q14 [label = "a, c"];
	q26 -> q12 [label = "b"];
	q31 -> q13 [label = "a, c"];
	q32 -> q4 [label = "c"];
	q10 -> q4 [label = "b"];
	q17 -> q17 [label = "a"];
	q31 -> q20 [label = "b, c"];
	q6 -> q5 [label = "a"];
	q8 -> q13 [label = "a, b"];
	q19 -> q15 [label = "c"];
	q7 -> q1 [label = "a"];
	q7 -> q19 [label = "a, b, c"];
	q18 -> q13 [label = "a, c"];
	q7 -> q22 [label = "a, c"];
	q10 -> q3 [label = "b, c"];
	q25 -> q20 [label = "c"];
	q26 -> q24 [label = "a, c"];
	q28 -> q19 [label = "a, b"];
	q10 -> q2 [label = "a, b, c"];
	q0 -> q30 [label = "b"];
	q31 -> q6 [label = "b"];
	q29 -> q28 [label = "a, c"];
	q5 -> q20 [label = "b, c"];
	q26 -> q18 [label = "a, c"];
	q29 -> q4 [label = "c"];
	q23 -> q19 [label = "a, b"];
	q31 -> q5 [label = "a"];
	q21 -> q18 [label = "c"];
	q29 -> q14 [label = "a, c"];
	q29 -> q24 [label = "a, c"];
	q7 -> q0 [label = "c"];
	q28 -> q13 [label = "c"];
	q30 -> q13 [label = "a, b, c"];
	q25 -> q15 [label = "a, b"];
	q32 -> q27 [label = "a"];
	q11 -> q16 [label = "b"];
	q8 -> q22 [label = "a, c"];
	q3 -> q0 [label = "c"];
	q29 -> q29 [label = "a"];
	q0 -> q23 [label = "b"];
	q24 -> q11 [label = "c"];
	q23 -> q29 [label = "c"];
	q5 -> q4 [label = "b"];
	q32 -> q14 [label = "c"];
	q32 -> q24 [label = "c"];
	q14 -> q4 [label = "b"];
	q27 -> q27 [label = "a"];
	q24 -> q2 [label = "a, b, c"];
	q21 -> q19 [label = "a, b, c"];
	q32 -> q20 [label = "b, c"];
	q24 -> q1 [label = "c"];
	q31 -> q15 [label = "a, b"];
	q6 -> q4 [label = "b, c"];
	q21 -> q27 [label = "c"];
	q8 -> q0 [label = "c"];
	q31 -> q31 [label = "a"];
	q31 -> q23 [label = "b, c"];
	q30 -> q7 [label = "b"];
	q21 -> q0 [label = "c"];
	q10 -> q8 [label = "b"];
	q0 -> q29 [label = "c"];
	q26 -> q2 [label = "a, b"];
	q25 -> q2 [label = "a"];
	q25 -> q23 [label = "c"];
	q6 -> q13 [label = "b, c"];
	q25 -> q9 [label = "a"];
	q29 -> q6 [label = "b"];
	q16 -> q28 [label = "c"];
	q24 -> q32 [label = "c"];
	q25 -> q11 [label = "a"];
	q17 -> q20 [label = "c"];
	q25 -> q25 [label = "a"];
	q1 -> q25 [label = "a"];
	q26 -> q4 [label = "b"];
	q29 -> q31 [label = "a"];
	q30 -> q20 [label = "b"];
	q6 -> q9 [label = "a, b, c"];
	q30 -> q18 [label = "c"];
	q0 -> q14 [label = "b"];
	q6 -> q25 [label = "b, c"];
	q26 -> q7 [label = "b"];
	q12 -> q2 [label = "b, c"];
	q12 -> q4 [label = "b, c"];
	q16 -> q9 [label = "b"];
	q12 -> q9 [label = "b, c"];
	q31 -> q28 [label = "a, c"];
	q12 -> q12 [label = "b, c"];
	q32 -> q9 [label = "a, b"];
	q3 -> q27 [label = "a, c"];
	q12 -> q13 [label = "b, c"];
	q12 -> q15 [label = "b, c"];
	q12 -> q16 [label = "b, c"];
	q12 -> q19 [label = "b, c"];
	q20 -> q21 [label = "b"];
	q12 -> q20 [label = "b, c"];
	q12 -> q21 [label = "b"];
	q4 -> q13 [label = "b, c"];
	q10 -> q29 [label = "c"];
	q26 -> q10 [label = "b"];
	q16 -> q14 [label = "a"];
	q18 -> q3 [label = "a"];
	q18 -> q0 [label = "c"];
	q4 -> q28 [label = "c"];
	q8 -> q17 [label = "a, b"];
	q0 -> q17 [label = "a, b"];
	q0 -> q20 [label = "b"];
	q6 -> q2 [label = "a, b, c"];
	q6 -> q3 [label = "b, c"];
	q29 -> q22 [label = "a, c"];
	q0 -> q7 [label = "b"];
	q21 -> q11 [label = "c"];
	q6 -> q8 [label = "b, c"];
	q6 -> q14 [label = "b, c"];
	q13 -> q2 [label = "a, b"];
	q6 -> q16 [label = "b, c"];
	q6 -> q19 [label = "a, b, c"];
	q6 -> q20 [label = "b, c"];
	q6 -> q23 [label = "b, c"];
	q6 -> q24 [label = "c"];
	q3 -> q9 [label = "a, b, c"];
	q30 -> q21 [label = "b"];
	q6 -> q28 [label = "b, c"];
	q1 -> q1 [label = "a"];
	q28 -> q25 [label = "a"];
	q0 -> q3 [label = "b"];
	q21 -> q28 [label = "c"];
	q0 -> q4 [label = "b"];
	q29 -> q30 [label = "c"];
	q0 -> q8 [label = "b"];
	q0 -> q12 [label = "b"];
	q0 -> q13 [label = "b, c"];
	q0 -> q16 [label = "b"];
	q0 -> q21 [label = "b"];
	q28 -> q32 [label = "c"];
	q0 -> q25 [label = "b"];
	q0 -> q28 [label = "b"];
	q2 -> q17 [label = "a, c"];
	q31 -> q14 [label = "a, c"];
	q4 -> q2 [label = "a, b"];
	q25 -> q16 [label = "b"];
	q4 -> q14 [label = "a"];
	q4 -> q17 [label = "a, b"];
	q10 -> q12 [label = "b"];
	q4 -> q19 [label = "a, b"];
	q5 -> q0 [label = "c"];
	q5 -> q2 [label = "c"];
	q19 -> q17 [label = "a"];
	q31 -> q11 [label = "a"];
	q5 -> q9 [label = "c"];
	q13 -> q14 [label = "a"];
	q30 -> q16 [label = "b"];
	q5 -> q19 [label = "c"];
	q21 -> q25 [label = "c"];
	q7 -> q16 [label = "c"];
	q5 -> q17 [label = "a, c"];
	q9 -> q17 [label = "a, c"];
	q18 -> q32 [label = "a"];
	q0 -> q9 [label = "b"];
	q5 -> q23 [label = "c"];
	q4 -> q23 [label = "b"];
	q1 -> q27 [label = "a"];
	q0 -> q15 [label = "b, c"];
	q3 -> q4 [label = "b, c"];
	q3 -> q12 [label = "b, c"];
	q7 -> q17 [label = "a, b"];
	q3 -> q16 [label = "b, c"];
	q4 -> q9 [label = "b"];
	q3 -> q19 [label = "a, b, c"];
	q7 -> q10 [label = "c"];
	q7 -> q3 [label = "b"];
	q7 -> q13 [label = "b, c"];
	q7 -> q14 [label = "a, c"];
	q7 -> q20 [label = "c"];
	q3 -> q17 [label = "a, b, c"];
	q18 -> q29 [label = "a"];
	q18 -> q10 [label = "c"];
	q7 -> q23 [label = "c"];
	q26 -> q16 [label = "b"];
	q28 -> q15 [label = "b, c"];
	q7 -> q24 [label = "c"];
	q7 -> q26 [label = "c"];
	q7 -> q30 [label = "c"];
	q1 -> q4 [label = "b"];
	q4 -> q15 [label = "b, c"];
	q23 -> q9 [label = "b"];
	q1 -> q16 [label = "b"];
	q15 -> q27 [label = "a"];
	q6 -> q29 [label = "c"];
	q7 -> q5 [label = "a"];
	q1 -> q20 [label = "b, c"];
	q1 -> q30 [label = "b"];
	q25 -> q0 [label = "c"];
	q3 -> q1 [label = "a, c"];
	q30 -> q28 [label = "c"];
	q18 -> q16 [label = "c"];
	q3 -> q2 [label = "a, b, c"];
	q3 -> q11 [label = "a, c"];
	q3 -> q22 [label = "a, c"];
	q12 -> q30 [label = "c"];
	q3 -> q14 [label = "a, c"];
	q16 -> q15 [label = "b"];
	q29 -> q26 [label = "c"];
	q12 -> q26 [label = "c"];
	q7 -> q9 [label = "a, b"];
	q7 -> q15 [label = "b"];
	q9 -> q4 [label = "b"];
	q22 -> q8 [label = "a"];
	q5 -> q1 [label = "a"];
	q3 -> q15 [label = "b, c"];
	q1 -> q19 [label = "c"];
	q2 -> q19 [label = "c"];
	q1 -> q23 [label = "c"];
	q6 -> q27 [label = "a"];
	q0 -> q19 [label = "a, b"];
	q4 -> q3 [label = "b"];
	q4 -> q4 [label = "b"];
	q4 -> q7 [label = "b"];
	q4 -> q12 [label = "b"];
	q4 -> q16 [label = "b"];
	q5 -> q16 [label = "b"];
	q4 -> q20 [label = "b"];
	q32 -> q16 [label = "c"];
	q4 -> q21 [label = "b"];
	q26 -> q13 [label = "a, b, c"];
	q2 -> q23 [label = "c"];
	q24 -> q5 [label = "c"];
	q7 -> q11 [label = "a"];
	q5 -> q13 [label = "b"];
	q5 -> q30 [label = "b"];
	q29 -> q19 [label = "a, b, c"];
	q21 -> q30 [label = "c"];
	q3 -> q6 [label = "c"];
	q21 -> q8 [label = "c"];
	q9 -> q20 [label = "b, c"];
	q3 -> q10 [label = "c"];
	q29 -> q11 [label = "a"];
	q21 -> q5 [label = "c"];
	q3 -> q20 [label = "c"];
	q6 -> q7 [label = "b, c"];
	q3 -> q23 [label = "c"];
	q3 -> q28 [label = "c"];
	q18 -> q28 [label = "a, c"];
	q23 -> q12 [label = "b"];
	q29 -> q16 [label = "c"];
	q3 -> q30 [label = "c"];
	q3 -> q32 [label = "c"];
	q9 -> q2 [label = "c"];
	q9 -> q9 [label = "c"];
	q23 -> q20 [label = "b"];
	q9 -> q15 [label = "c"];
	q2 -> q16 [label = "b"];
	q9 -> q23 [label = "c"];
	q13 -> q17 [label = "a, b"];
	q11 -> q10 [label = "c"];
	q22 -> q4 [label = "b"];
	q15 -> q2 [label = "b"];
	q15 -> q9 [label = "b"];
	q15 -> q19 [label = "b"];
	q10 -> q24 [label = "c"];
	q9 -> q27 [label = "a"];
	q6 -> q15 [label = "b, c"];
	q12 -> q7 [label = "b"];
	q14 -> q17 [label = "a"];
	q32 -> q26 [label = "c"];
	q14 -> q25 [label = "a"];
	q5 -> q10 [label = "c"];
	q11 -> q0 [label = "c"];
	q11 -> q19 [label = "c"];
	q11 -> q23 [label = "c"];
	q30 -> q19 [label = "a, b"];
	q20 -> q18 [label = "c"];
	q18 -> q19 [label = "a, b, c"];
	q18 -> q9 [label = "a, b"];
	q18 -> q17 [label = "a, b"];
	q18 -> q27 [label = "a, b"];
	q22 -> q32 [label = "c"];
	q16 -> q3 [label = "b"];
	q16 -> q13 [label = "b, c"];
	q16 -> q17 [label = "b"];
	q29 -> q1 [label = "a"];
	q29 -> q25 [label = "a"];
	q18 -> q1 [label = "a"];
	q18 -> q11 [label = "a"];
	q26 -> q28 [label = "a, c"];
	q18 -> q14 [label = "a, c"];
	q18 -> q22 [label = "a, c"];
	q18 -> q24 [label = "a, c"];
	q18 -> q25 [label = "a"];
	q18 -> q18 [label = "a"];
	q18 -> q31 [label = "a"];
	q18 -> q26 [label = "c"];
	q22 -> q13 [label = "b"];
	q22 -> q26 [label = "b"];
	q8 -> q15 [label = "a, b"];
	q1 -> q13 [label = "a, b"];
	q22 -> q30 [label = "b"];
	q26 -> q17 [label = "a, b"];
	q21 -> q6 [label = "c"];
	q21 -> q26 [label = "c"];
	q23 -> q13 [label = "b, c"];
	q25 -> q28 [label = "c"];
	q17 -> q13 [label = "b"];
	q2 -> q20 [label = "c"];
	q3 -> q13 [label = "b, c"];
	q23 -> q3 [label = "b"];
	q21 -> q32 [label = "c"];
	q23 -> q4 [label = "b"];
	q20 -> q19 [label = "a"];
	q23 -> q7 [label = "b"];
	q23 -> q21 [label = "b"];
	q22 -> q16 [label = "b"];
	q5 -> q32 [label = "c"];
	q23 -> q23 [label = "b"];
	q22 -> q25 [label = "a"];
	q26 -> q14 [label = "a"];
	q20 -> q20 [label = "b"];
	q18 -> q4 [label = "c"];
	q18 -> q23 [label = "c"];
}
NFA size: 33 states

AL* output after 20 EQ and 4066 MQ:
digraph finite_state_machine {
	rankdir=LR;
	node [shape = circle];
	s0 [shape = point, style = invis, start="true" ];
	q0 [label = "q0", shape = doublecircle, final="true" ];
	q1 [label = "q1", shape = doublecircle, final="true" ];
	q2 [label = "q2", shape = doublecircle, final="true" ];
	q3 [label = "q3"];
	q4 [label = "q4", shape = doublecircle, final="true" ];
	q5 [label = "q5", shape = doublecircle, final="true" ];
	q6 [label = "q6", shape = doublecircle, final="true" ];
	q7 [label = "q7", shape = doublecircle, final="true" ];
	q8 [label = "q8"];
	q9 [label = "q9", shape = doublecircle, final="true" ];
	q10 [label = "q10", shape = doublecircle, final="true" ];
	q11 [label = "q11"];
	q12 [label = "q12", shape = doublecircle, final="true" ];
	q13 [label = "q13"];
	m0 [label = "", shape = square, style = filled, color=grey, fixedsize=true, width=.2];
	m1 [label = "", shape = square, style = filled, color=grey, fixedsize=true, width=.2];
	m2 [label = "", shape = square, style = filled, color=grey, fixedsize=true, width=.2];
	m3 [label = "", shape = square, style = filled, color=grey, fixedsize=true, width=.2];
	m4 [label = "", shape = square, style = filled, color=grey, fixedsize=true, width=.2];
	m5 [label = "", shape = square, style = filled, color=grey, fixedsize=true, width=.2];
	m6 [label = "", shape = square, style = filled, color=grey, fixedsize=true, width=.2];
	m7 [label = "", shape = square, style = filled, color=grey, fixedsize=true, width=.2];
	m8 [label = "", shape = square, style = filled, color=grey, fixedsize=true, width=.2];
	m9 [label = "", shape = square, style = filled, color=grey, fixedsize=true, width=.2];
	m10 [label = "", shape = square, style = filled, color=grey, fixedsize=true, width=.2];
	m11 [label = "", shape = square, style = filled, color=grey, fixedsize=true, width=.2];
	m12 [label = "", shape = square, style = filled, color=grey, fixedsize=true, width=.2];
	m13 [label = "", shape = square, style = filled, color=grey, fixedsize=true, width=.2];
	m14 [label = "", shape = square, style = filled, color=grey, fixedsize=true, width=.2];
	m15 [label = "", shape = square, style = filled, color=grey, fixedsize=true, width=.2];
	m16 [label = "", shape = square, style = filled, color=grey, fixedsize=true, width=.2];
	m17 [label = "", shape = square, style = filled, color=grey, fixedsize=true, width=.2];
	m18 [label = "", shape = square, style = filled, color=grey, fixedsize=true, width=.2];
	m19 [label = "", shape = square, style = filled, color=grey, fixedsize=true, width=.2];
	m20 [label = "", shape = square, style = filled, color=grey, fixedsize=true, width=.2];
	m21 [label = "", shape = square, style = filled, color=grey, fixedsize=true, width=.2];
	m22 [label = "", shape = square, style = filled, color=grey, fixedsize=true, width=.2];
	s0 -> m0
	q9 -> m7 [label = "b"];
	q9 -> m15 [label = "b"];
	q11 -> m9 [label = "a"];
	q9 -> m16 [label = "a"];
	q9 -> m14 [label = "a"];
	q11 -> m0 [label = "b"];
	q8 -> m4 [label = "c"];
	q12 -> m13 [label = "a"];
	q8 -> m18 [label = "b"];
	q8 -> m1 [label = "b"];
	q8 -> m9 [label = "a"];
	q8 -> m3 [label = "a, b, c"];
	q12 -> m10 [label = "c"];
	q4 -> m13 [label = "c"];
	q4 -> m5 [label = "c"];
	q6 -> m8 [label = "c"];
	q11 -> m16 [label = "b"];
	q0 -> m12 [label = "b"];
	q0 -> m6 [label = "b"];
	q2 -> m15 [label = "a, b"];
	q2 -> m16 [label = "a"];
	q9 -> m13 [label = "a"];
	q8 -> m20 [label = "a, c"];
	q2 -> m14 [label = "a"];
	q6 -> m21 [label = "c"];
	q6 -> m12 [label = "b"];
	q6 -> m11 [label = "b"];
	q6 -> m5 [label = "b"];
	q0 -> m13 [label = "b, c"];
	q6 -> m6 [label = "b"];
	q0 -> m4 [label = "a, c"];
	q0 -> m20 [label = "c"];
	q0 -> m3 [label = "a, b, c"];
	q4 -> m2 [label = "a"];
	q4 -> m12 [label = "a"];
	q4 -> m19 [label = "a"];
	q4 -> m15 [label = "a"];
	q7 -> m2 [label = "a"];
	q3 -> m2 [label = "b, c"];
	q5 -> m1 [label = "b"];
	q2 -> m20 [label = "a"];
	q1 -> m18 [label = "b"];
	q5 -> m2 [label = "a, b"];
	q12 -> m16 [label = "a"];
	q12 -> m14 [label = "a"];
	q3 -> m4 [label = "c"];
	q8 -> m15 [label = "a"];
	q10 -> q4 [label = "a, c"];
	q1 -> m7 [label = "c"];
	q13 -> m9 [label = "a"];
	q2 -> m2 [label = "b"];
	q6 -> m22 [label = "c"];
	q13 -> m3 [label = "a, c"];
	q13 -> m8 [label = "a"];
	q10 -> m2 [label = "b, c"];
	q5 -> m12 [label = "b"];
	q5 -> m11 [label = "b"];
	q13 -> m0 [label = "b"];
	q11 -> m4 [label = "a, c"];
	q10 -> m4 [label = "c"];
	q1 -> m3 [label = "b"];
	q0 -> m16 [label = "b, c"];
	q7 -> m13 [label = "b"];
	q6 -> m13 [label = "a, c"];
	q7 -> m4 [label = "a, c"];
	q4 -> m11 [label = "c"];
	q13 -> m2 [label = "a, b, c"];
	q2 -> m13 [label = "a, c"];
	q9 -> m10 [label = "c"];
	q11 -> m3 [label = "a, c"];
	q12 -> m8 [label = "b"];
	q0 -> m2 [label = "a"];
	q13 -> m1 [label = "a, b"];
	q0 -> m11 [label = "b"];
	q6 -> m7 [label = "b"];
	q9 -> m1 [label = "c"];
	q13 -> m4 [label = "c"];
	q11 -> m2 [label = "a, b, c"];
	q12 -> m7 [label = "b"];
	q10 -> m0 [label = "b, c"];
	q2 -> m21 [label = "a"];
	q7 -> q4 [label = "a, c"];
	q12 -> m0 [label = "c"];
	q4 -> m0 [label = "b"];
	q2 -> m4 [label = "c"];
	q9 -> m0 [label = "b, c"];
	q12 -> m1 [label = "b, c"];
	q7 -> m16 [label = "b"];
	q8 -> m8 [label = "a"];
	q6 -> m9 [label = "a"];
	q4 -> m4 [label = "b"];
	q6 -> m14 [label = "a"];
	q1 -> m16 [label = "a"];
	q4 -> m16 [label = "c"];
	q0 -> m9 [label = "a"];
	q6 -> m1 [label = "a, c"];
	q1 -> m0 [label = "c"];
	q2 -> m0 [label = "b, c"];
	q1 -> m6 [label = "c"];
	q3 -> m3 [label = "a"];
	q1 -> m15 [label = "c"];
	q5 -> q4 [label = "a, c"];
	q7 -> m3 [label = "b"];
	q3 -> m17 [label = "a"];
	q12 -> m5 [label = "b"];
	q3 -> m1 [label = "a"];
	q8 -> m2 [label = "b"];
	q3 -> m9 [label = "a"];
	q1 -> m1 [label = "b"];
	q1 -> m13 [label = "a, b"];
	q7 -> m0 [label = "c"];
	q12 -> m6 [label = "b"];
	q3 -> m0 [label = "b"];
	q10 -> m1 [label = "b"];
	q5 -> m0 [label = "c"];
	m0 -> q3;
	m0 -> q10;
	m0 -> q11;
	m0 -> q13;
	m1 -> q0;
	m1 -> q1;
	m1 -> q2;
	m1 -> q4;
	m1 -> q5;
	m1 -> q6;
	m1 -> q7;
	m1 -> q9;
	m1 -> q11;
	m1 -> q12;
	m1 -> q13;
	m2 -> q5;
	m2 -> q7;
	m2 -> q10;
	m3 -> q0;
	m3 -> q2;
	m3 -> q3;
	m3 -> q4;
	m3 -> q6;
	m3 -> q10;
	m3 -> q11;
	m3 -> q13;
	m4 -> q0;
	m4 -> q7;
	m4 -> q11;
	m5 -> q0;
	m5 -> q3;
	m5 -> q5;
	m5 -> q7;
	m5 -> q8;
	m5 -> q10;
	m5 -> q11;
	m5 -> q13;
	m6 -> q0;
	m6 -> q2;
	m6 -> q4;
	m6 -> q5;
	m6 -> q7;
	m6 -> q8;
	m6 -> q10;
	m6 -> q11;
	m7 -> q0;
	m7 -> q1;
	m7 -> q2;
	m7 -> q5;
	m7 -> q7;
	m7 -> q8;
	m7 -> q9;
	m7 -> q10;
	m7 -> q11;
	m7 -> q12;
	m7 -> q13;
	m8 -> q0;
	m8 -> q1;
	m8 -> q2;
	m8 -> q3;
	m8 -> q4;
	m8 -> q7;
	m8 -> q8;
	m8 -> q9;
	m8 -> q10;
	m8 -> q11;
	m8 -> q13;
	m9 -> q2;
	m9 -> q3;
	m9 -> q4;
	m9 -> q5;
	m9 -> q6;
	m9 -> q8;
	m9 -> q9;
	m9 -> q10;
	m9 -> q11;
	m9 -> q12;
	m9 -> q13;
	m10 -> q0;
	m10 -> q1;
	m10 -> q2;
	m10 -> q4;
	m10 -> q5;
	m10 -> q7;
	m10 -> q9;
	m10 -> q10;
	m10 -> q12;
	m11 -> q0;
	m11 -> q2;
	m11 -> q3;
	m11 -> q7;
	m11 -> q8;
	m11 -> q10;
	m11 -> q11;
	m11 -> q13;
	m12 -> q2;
	m12 -> q3;
	m12 -> q5;
	m12 -> q8;
	m12 -> q10;
	m12 -> q11;
	m12 -> q13;
	m13 -> q1;
	m13 -> q2;
	m13 -> q5;
	m13 -> q7;
	m13 -> q9;
	m13 -> q10;
	m13 -> q12;
	m14 -> q0;
	m14 -> q2;
	m14 -> q3;
	m14 -> q4;
	m14 -> q5;
	m14 -> q6;
	m14 -> q8;
	m14 -> q10;
	m14 -> q11;
	m14 -> q12;
	m14 -> q13;
	m15 -> q0;
	m15 -> q4;
	m15 -> q5;
	m15 -> q7;
	m15 -> q11;
	m15 -> q13;
	m16 -> q2;
	m16 -> q4;
	m16 -> q9;
	m17 -> q0;
	m17 -> q1;
	m17 -> q2;
	m17 -> q4;
	m17 -> q5;
	m17 -> q6;
	m17 -> q7;
	m17 -> q9;
	m17 -> q10;
	m17 -> q12;
	m18 -> q2;
	m18 -> q3;
	m18 -> q4;
	m18 -> q9;
	m18 -> q10;
	m18 -> q11;
	m18 -> q13;
	m19 -> q0;
	m19 -> q2;
	m19 -> q3;
	m19 -> q4;
	m19 -> q5;
	m19 -> q6;
	m19 -> q9;
	m19 -> q10;
	m19 -> q11;
	m19 -> q13;
	m20 -> q0;
	m20 -> q4;
	m20 -> q5;
	m20 -> q7;
	m20 -> q10;
	m21 -> q0;
	m21 -> q1;
	m21 -> q2;
	m21 -> q3;
	m21 -> q4;
	m21 -> q6;
	m21 -> q7;
	m21 -> q8;
	m21 -> q10;
	m21 -> q11;
	m21 -> q13;
	m22 -> q0;
	m22 -> q1;
	m22 -> q2;
	m22 -> q3;
	m22 -> q5;
	m22 -> q7;
	m22 -> q8;
	m22 -> q10;
	m22 -> q11;
	m22 -> q13;
}
AFA size: 14 states

