Random target AFA:
digraph finite_state_machine {
	rankdir=LR;
	node [shape = circle];
	s0 [shape = point, style = invis, start="true" ];
	s1 [shape = point, style = invis, start="true" ];
	q0 [label = "q0"];
	q1 [label = "q1"];
	q2 [label = "q2", shape = doublecircle, final="true" ];
	q3 [label = "q3", shape = doublecircle, final="true" ];
	q4 [label = "q4", shape = doublecircle, final="true" ];
	q5 [label = "q5"];
	m0 [label = "", shape = square, style = filled, color=grey, fixedsize=true, width=.2];
	m1 [label = "", shape = square, style = filled, color=grey, fixedsize=true, width=.2];
	m2 [label = "", shape = square, style = filled, color=grey, fixedsize=true, width=.2];
	m3 [label = "", shape = square, style = filled, color=grey, fixedsize=true, width=.2];
	m4 [label = "", shape = square, style = filled, color=grey, fixedsize=true, width=.2];
	m5 [label = "", shape = square, style = filled, color=grey, fixedsize=true, width=.2];
	m6 [label = "", shape = square, style = filled, color=grey, fixedsize=true, width=.2];
	m7 [label = "", shape = square, style = filled, color=grey, fixedsize=true, width=.2];
	m8 [label = "", shape = square, style = filled, color=grey, fixedsize=true, width=.2];
	m9 [label = "", shape = square, style = filled, color=grey, fixedsize=true, width=.2];
	s0 -> q0
	s1 -> q1
	q3 -> q2 [label = "a, c"];
	q4 -> m4 [label = "a"];
	q1 -> q2 [label = "a, b"];
	q3 -> m9 [label = "c"];
	q2 -> m3 [label = "a"];
	q2 -> q5 [label = "b"];
	q5 -> q2 [label = "a"];
	q0 -> m1 [label = "a, b"];
	q5 -> q4 [label = "c"];
	q4 -> m5 [label = "a"];
	q3 -> q0 [label = "b"];
	q2 -> m2 [label = "b"];
	q1 -> m7 [label = "c"];
	q2 -> q2 [label = "a"];
	q0 -> q2 [label = "a, b, c"];
	q4 -> m0 [label = "c"];
	q5 -> q5 [label = "b, c"];
	q0 -> q1 [label = "c"];
	q4 -> q5 [label = "c"];
	q1 -> q0 [label = "a"];
	q3 -> q1 [label = "b"];
	q1 -> q4 [label = "b"];
	q3 -> m5 [label = "a"];
	q5 -> m6 [label = "a"];
	q4 -> q0 [label = "b"];
	q1 -> m8 [label = "c"];
	q5 -> q0 [label = "b"];
	q4 -> m3 [label = "b"];
	q2 -> q3 [label = "c"];
	q2 -> q0 [label = "c"];
	m0 -> q2;
	m0 -> q3;
	m1 -> q0;
	m1 -> q1;
	m2 -> q1;
	m2 -> q4;
	m3 -> q1;
	m3 -> q5;
	m4 -> q1;
	m4 -> q2;
	m5 -> q0;
	m5 -> q2;
	m6 -> q2;
	m6 -> q4;
	m7 -> q0;
	m7 -> q4;
	m8 -> q0;
	m8 -> q5;
	m9 -> q3;
	m9 -> q5;
}

L* output after 6 EQ and 1955 MQ:
digraph finite_state_machine {
	rankdir=LR;
	node [shape = circle];
	s0 [shape = point, style = invis, start="true" ];
	q0 [label = "q0", shape = doublecircle, final="true" ];
	q1 [label = "q1", shape = doublecircle, final="true" ];
	q2 [label = "q2", shape = doublecircle, final="true" ];
	q3 [label = "q3", shape = doublecircle, final="true" ];
	q4 [label = "q4"];
	q5 [label = "q5", shape = doublecircle, final="true" ];
	q6 [label = "q6", shape = doublecircle, final="true" ];
	q7 [label = "q7", shape = doublecircle, final="true" ];
	q8 [label = "q8", shape = doublecircle, final="true" ];
	q9 [label = "q9", shape = doublecircle, final="true" ];
	q10 [label = "q10"];
	q11 [label = "q11"];
	q12 [label = "q12", shape = doublecircle, final="true" ];
	q13 [label = "q13", shape = doublecircle, final="true" ];
	q14 [label = "q14", shape = doublecircle, final="true" ];
	q15 [label = "q15", shape = doublecircle, final="true" ];
	q16 [label = "q16", shape = doublecircle, final="true" ];
	s0 -> q4
	q9 -> q11 [label = "b"];
	q13 -> q13 [label = "c"];
	q8 -> q14 [label = "c"];
	q14 -> q3 [label = "b"];
	q8 -> q10 [label = "b"];
	q15 -> q14 [label = "c"];
	q10 -> q7 [label = "a"];
	q14 -> q15 [label = "c"];
	q10 -> q16 [label = "b"];
	q12 -> q14 [label = "c"];
	q2 -> q16 [label = "b"];
	q0 -> q12 [label = "b"];
	q2 -> q7 [label = "a"];
	q6 -> q12 [label = "b"];
	q10 -> q15 [label = "c"];
	q16 -> q7 [label = "a"];
	q12 -> q16 [label = "b"];
	q3 -> q13 [label = "c"];
	q16 -> q16 [label = "b"];
	q14 -> q7 [label = "a"];
	q9 -> q9 [label = "a"];
	q11 -> q2 [label = "c"];
	q5 -> q12 [label = "b"];
	q13 -> q3 [label = "b"];
	q15 -> q5 [label = "a"];
	q15 -> q16 [label = "b"];
	q7 -> q7 [label = "a"];
	q13 -> q5 [label = "a"];
	q16 -> q13 [label = "c"];
	q2 -> q2 [label = "c"];
	q4 -> q6 [label = "c"];
	q6 -> q14 [label = "c"];
	q4 -> q12 [label = "b"];
	q8 -> q9 [label = "a"];
	q0 -> q5 [label = "a"];
	q3 -> q16 [label = "b"];
	q5 -> q13 [label = "c"];
	q0 -> q13 [label = "c"];
	q12 -> q7 [label = "a"];
	q6 -> q5 [label = "a"];
	q1 -> q15 [label = "c"];
	q5 -> q7 [label = "a"];
	q7 -> q8 [label = "b"];
	q3 -> q5 [label = "a"];
	q11 -> q10 [label = "b"];
	q1 -> q0 [label = "b"];
	q9 -> q1 [label = "c"];
	q4 -> q5 [label = "a"];
	q7 -> q1 [label = "c"];
	q11 -> q9 [label = "a"];
	q1 -> q7 [label = "a"];
}
DFA size: 17 states

NL* output after 7 EQ and 1006 MQ:
digraph finite_state_machine {
	rankdir=LR;
	node [shape = circle];
	s0 [shape = point, style = invis, start="true" ];
	q0 [label = "q0", shape = doublecircle, final="true" ];
	q1 [label = "q1", shape = doublecircle, final="true" ];
	q2 [label = "q2", shape = doublecircle, final="true" ];
	q3 [label = "q3"];
	q4 [label = "q4"];
	q5 [label = "q5", shape = doublecircle, final="true" ];
	q6 [label = "q6", shape = doublecircle, final="true" ];
	q7 [label = "q7", shape = doublecircle, final="true" ];
	q8 [label = "q8"];
	s0 -> q8
	q3 -> q0 [label = "c"];
	q5 -> q3 [label = "b"];
	q2 -> q4 [label = "c"];
	q1 -> q0 [label = "c"];
	q5 -> q5 [label = "a"];
	q3 -> q5 [label = "a"];
	q2 -> q1 [label = "c"];
	q1 -> q8 [label = "b"];
	q1 -> q2 [label = "b, c"];
	q7 -> q7 [label = "c"];
	q7 -> q6 [label = "a, b, c"];
	q7 -> q5 [label = "a, b, c"];
	q7 -> q4 [label = "c"];
	q7 -> q3 [label = "b, c"];
	q7 -> q2 [label = "c"];
	q7 -> q1 [label = "c"];
	q7 -> q0 [label = "b, c"];
	q3 -> q4 [label = "b"];
	q4 -> q3 [label = "b, c"];
	q0 -> q5 [label = "a, b"];
	q8 -> q6 [label = "a, b, c"];
	q0 -> q6 [label = "a, b"];
	q8 -> q5 [label = "a, b, c"];
	q6 -> q6 [label = "a"];
	q4 -> q5 [label = "a, b, c"];
	q0 -> q3 [label = "b, c"];
	q4 -> q2 [label = "c"];
	q4 -> q6 [label = "a, b, c"];
	q4 -> q0 [label = "b, c"];
	q7 -> q8 [label = "c"];
	q8 -> q3 [label = "b"];
	q8 -> q0 [label = "b"];
	q1 -> q7 [label = "b"];
	q2 -> q6 [label = "a, b"];
	q2 -> q0 [label = "b, c"];
	q2 -> q3 [label = "b, c"];
	q4 -> q4 [label = "b"];
	q8 -> q2 [label = "c"];
	q2 -> q5 [label = "a, b"];
	q0 -> q4 [label = "b"];
	q1 -> q3 [label = "c"];
	q0 -> q7 [label = "b"];
	q5 -> q1 [label = "c"];
	q2 -> q7 [label = "a"];
	q6 -> q1 [label = "c"];
	q3 -> q3 [label = "b, c"];
	q8 -> q7 [label = "a"];
	q6 -> q5 [label = "a, b"];
	q4 -> q7 [label = "b"];
	q6 -> q3 [label = "b"];
	q1 -> q5 [label = "a, b, c"];
	q0 -> q0 [label = "b, c"];
	q1 -> q6 [label = "a, b, c"];
}
NFA size: 9 states

AL* output after 6 EQ and 588 MQ:
digraph finite_state_machine {
	rankdir=LR;
	node [shape = circle];
	s0 [shape = point, style = invis, start="true" ];
	s1 [shape = point, style = invis, start="true" ];
	q0 [label = "q0", shape = doublecircle, final="true" ];
	q1 [label = "q1"];
	q2 [label = "q2", shape = doublecircle, final="true" ];
	q3 [label = "q3", shape = doublecircle, final="true" ];
	q4 [label = "q4", shape = doublecircle, final="true" ];
	q5 [label = "q5"];
	m0 [label = "", shape = square, style = filled, color=grey, fixedsize=true, width=.2];
	m1 [label = "", shape = square, style = filled, color=grey, fixedsize=true, width=.2];
	m2 [label = "", shape = square, style = filled, color=grey, fixedsize=true, width=.2];
	m3 [label = "", shape = square, style = filled, color=grey, fixedsize=true, width=.2];
	m4 [label = "", shape = square, style = filled, color=grey, fixedsize=true, width=.2];
	m5 [label = "", shape = square, style = filled, color=grey, fixedsize=true, width=.2];
	s0 -> m0
	s1 -> m1
	q3 -> m4 [label = "c"];
	q0 -> q3 [label = "c"];
	q4 -> m5 [label = "a"];
	q5 -> m4 [label = "b, c"];
	q0 -> m3 [label = "c"];
	q0 -> m4 [label = "b"];
	q2 -> m2 [label = "a"];
	q1 -> m0 [label = "c"];
	q1 -> m2 [label = "a, b, c"];
	q2 -> m4 [label = "b"];
	q5 -> m0 [label = "c"];
	q2 -> m3 [label = "b, c"];
	q2 -> m1 [label = "b"];
	q0 -> m2 [label = "a, b"];
	q4 -> m2 [label = "a, b"];
	q0 -> m1 [label = "a"];
	q0 -> m5 [label = "b"];
	q4 -> q3 [label = "c"];
	q4 -> m4 [label = "b"];
	q1 -> m1 [label = "a"];
	q1 -> m5 [label = "b"];
	q3 -> m0 [label = "b, c"];
	q3 -> m1 [label = "b"];
	q5 -> m2 [label = "a, b, c"];
	q1 -> m4 [label = "b"];
	q3 -> m5 [label = "a"];
	q5 -> m5 [label = "a"];
	q2 -> q3 [label = "c"];
	q3 -> m2 [label = "a, b, c"];
	q5 -> m1 [label = "b"];
	m0 -> q0;
	m0 -> q1;
	m1 -> q1;
	m1 -> q3;
	m1 -> q5;
	m2 -> q0;
	m2 -> q2;
	m2 -> q4;
	m3 -> q0;
	m3 -> q1;
	m3 -> q2;
	m3 -> q4;
	m3 -> q5;
	m4 -> q2;
	m4 -> q3;
	m4 -> q5;
	m5 -> q0;
	m5 -> q1;
	m5 -> q3;
	m5 -> q4;
	m5 -> q5;
}
AFA size: 6 states

AL** output after 7 EQ and 588 MQ:
digraph finite_state_machine {
	rankdir=LR;
	node [shape = circle];
	s0 [shape = point, style = invis, start="true" ];
	s1 [shape = point, style = invis, start="true" ];
	q0 [label = "q0", shape = doublecircle, final="true" ];
	q1 [label = "q1"];
	q2 [label = "q2", shape = doublecircle, final="true" ];
	q3 [label = "q3", shape = doublecircle, final="true" ];
	q4 [label = "q4", shape = doublecircle, final="true" ];
	q5 [label = "q5"];
	m0 [label = "", shape = square, style = filled, color=grey, fixedsize=true, width=.2];
	m1 [label = "", shape = square, style = filled, color=grey, fixedsize=true, width=.2];
	m2 [label = "", shape = square, style = filled, color=grey, fixedsize=true, width=.2];
	m3 [label = "", shape = square, style = filled, color=grey, fixedsize=true, width=.2];
	m4 [label = "", shape = square, style = filled, color=grey, fixedsize=true, width=.2];
	m5 [label = "", shape = square, style = filled, color=grey, fixedsize=true, width=.2];
	s0 -> m0
	s1 -> m1
	q3 -> m4 [label = "c"];
	q0 -> q3 [label = "c"];
	q4 -> m5 [label = "a"];
	q5 -> m4 [label = "b, c"];
	q0 -> m3 [label = "c"];
	q0 -> m4 [label = "b"];
	q2 -> m2 [label = "a"];
	q1 -> m0 [label = "c"];
	q1 -> m2 [label = "a, b, c"];
	q2 -> m4 [label = "b"];
	q5 -> m0 [label = "c"];
	q2 -> m3 [label = "b, c"];
	q2 -> m1 [label = "b"];
	q0 -> m2 [label = "a, b"];
	q4 -> m2 [label = "a, b"];
	q0 -> m1 [label = "a"];
	q0 -> m5 [label = "b"];
	q4 -> q3 [label = "c"];
	q4 -> m4 [label = "b"];
	q1 -> m1 [label = "a"];
	q1 -> m5 [label = "b"];
	q3 -> m0 [label = "b, c"];
	q3 -> m1 [label = "b"];
	q5 -> m2 [label = "a, b, c"];
	q1 -> m4 [label = "b"];
	q3 -> m5 [label = "a"];
	q5 -> m5 [label = "a"];
	q2 -> q3 [label = "c"];
	q3 -> m2 [label = "a, b, c"];
	q5 -> m1 [label = "b"];
	m0 -> q0;
	m0 -> q1;
	m1 -> q1;
	m1 -> q3;
	m1 -> q5;
	m2 -> q0;
	m2 -> q2;
	m2 -> q4;
	m3 -> q0;
	m3 -> q1;
	m3 -> q2;
	m3 -> q4;
	m3 -> q5;
	m4 -> q2;
	m4 -> q3;
	m4 -> q5;
	m5 -> q0;
	m5 -> q1;
	m5 -> q3;
	m5 -> q4;
	m5 -> q5;
}
RAFA size: 6 states

