Random target AFA:
digraph finite_state_machine {
	rankdir=LR;
	node [shape = circle];
	s0 [shape = point, style = invis, start="true" ];
	s1 [shape = point, style = invis, start="true" ];
	q0 [label = "q0", shape = doublecircle, final="true" ];
	q1 [label = "q1"];
	q2 [label = "q2", shape = doublecircle, final="true" ];
	q3 [label = "q3"];
	q4 [label = "q4"];
	q5 [label = "q5", shape = doublecircle, final="true" ];
	m0 [label = "", shape = square, style = filled, color=grey, fixedsize=true, width=.2];
	m1 [label = "", shape = square, style = filled, color=grey, fixedsize=true, width=.2];
	m2 [label = "", shape = square, style = filled, color=grey, fixedsize=true, width=.2];
	m3 [label = "", shape = square, style = filled, color=grey, fixedsize=true, width=.2];
	m4 [label = "", shape = square, style = filled, color=grey, fixedsize=true, width=.2];
	m5 [label = "", shape = square, style = filled, color=grey, fixedsize=true, width=.2];
	s0 -> q0
	s1 -> q0
	q3 -> q5 [label = "c"];
	q1 -> m2 [label = "a"];
	q2 -> q2 [label = "c"];
	q0 -> q2 [label = "c"];
	q0 -> q3 [label = "c"];
	q3 -> q0 [label = "b"];
	q1 -> q1 [label = "b"];
	q2 -> q3 [label = "a"];
	q2 -> q0 [label = "b"];
	q5 -> m2 [label = "c"];
	q0 -> m0 [label = "a"];
	q4 -> q1 [label = "c"];
	q5 -> q0 [label = "b"];
	q4 -> m3 [label = "b"];
	q4 -> q2 [label = "a"];
	q1 -> q0 [label = "c"];
	q4 -> q5 [label = "b"];
	q2 -> q1 [label = "b"];
	q0 -> q5 [label = "a"];
	q1 -> q4 [label = "a"];
	q5 -> q1 [label = "a"];
	q0 -> q0 [label = "b"];
	q4 -> m2 [label = "a"];
	q0 -> m1 [label = "b"];
	q1 -> q5 [label = "b"];
	q5 -> q4 [label = "c"];
	q3 -> m3 [label = "b"];
	q3 -> m4 [label = "a"];
	q3 -> q3 [label = "a, c"];
	q2 -> q5 [label = "c"];
	q4 -> q4 [label = "c"];
	q1 -> m5 [label = "c"];
	q5 -> q3 [label = "a, b"];
	m0 -> q0;
	m0 -> q3;
	m1 -> q0;
	m1 -> q1;
	m2 -> q0;
	m2 -> q4;
	m3 -> q4;
	m3 -> q5;
	m4 -> q3;
	m4 -> q5;
	m5 -> q0;
	m5 -> q5;
}

L* output after 11 EQ and 14671 MQ:
digraph finite_state_machine {
	rankdir=LR;
	node [shape = circle];
	s0 [shape = point, style = invis, start="true" ];
	q0 [label = "q0", shape = doublecircle, final="true" ];
	q1 [label = "q1", shape = doublecircle, final="true" ];
	q2 [label = "q2"];
	q3 [label = "q3", shape = doublecircle, final="true" ];
	q4 [label = "q4", shape = doublecircle, final="true" ];
	q5 [label = "q5", shape = doublecircle, final="true" ];
	q6 [label = "q6", shape = doublecircle, final="true" ];
	q7 [label = "q7", shape = doublecircle, final="true" ];
	q8 [label = "q8", shape = doublecircle, final="true" ];
	q9 [label = "q9", shape = doublecircle, final="true" ];
	q10 [label = "q10", shape = doublecircle, final="true" ];
	q11 [label = "q11", shape = doublecircle, final="true" ];
	q12 [label = "q12", shape = doublecircle, final="true" ];
	q13 [label = "q13", shape = doublecircle, final="true" ];
	q14 [label = "q14", shape = doublecircle, final="true" ];
	q15 [label = "q15", shape = doublecircle, final="true" ];
	q16 [label = "q16", shape = doublecircle, final="true" ];
	q17 [label = "q17"];
	q18 [label = "q18"];
	q19 [label = "q19", shape = doublecircle, final="true" ];
	q20 [label = "q20", shape = doublecircle, final="true" ];
	q21 [label = "q21", shape = doublecircle, final="true" ];
	q22 [label = "q22", shape = doublecircle, final="true" ];
	q23 [label = "q23", shape = doublecircle, final="true" ];
	q24 [label = "q24", shape = doublecircle, final="true" ];
	q25 [label = "q25"];
	q26 [label = "q26", shape = doublecircle, final="true" ];
	q27 [label = "q27", shape = doublecircle, final="true" ];
	q28 [label = "q28", shape = doublecircle, final="true" ];
	q29 [label = "q29"];
	q30 [label = "q30", shape = doublecircle, final="true" ];
	q31 [label = "q31"];
	q32 [label = "q32", shape = doublecircle, final="true" ];
	q33 [label = "q33", shape = doublecircle, final="true" ];
	q34 [label = "q34", shape = doublecircle, final="true" ];
	q35 [label = "q35"];
	q36 [label = "q36", shape = doublecircle, final="true" ];
	q37 [label = "q37", shape = doublecircle, final="true" ];
	q38 [label = "q38", shape = doublecircle, final="true" ];
	q39 [label = "q39", shape = doublecircle, final="true" ];
	q40 [label = "q40", shape = doublecircle, final="true" ];
	q41 [label = "q41", shape = doublecircle, final="true" ];
	q42 [label = "q42", shape = doublecircle, final="true" ];
	q43 [label = "q43", shape = doublecircle, final="true" ];
	q44 [label = "q44", shape = doublecircle, final="true" ];
	q45 [label = "q45", shape = doublecircle, final="true" ];
	q46 [label = "q46", shape = doublecircle, final="true" ];
	q47 [label = "q47", shape = doublecircle, final="true" ];
	q48 [label = "q48"];
	q49 [label = "q49", shape = doublecircle, final="true" ];
	q50 [label = "q50", shape = doublecircle, final="true" ];
	q51 [label = "q51", shape = doublecircle, final="true" ];
	q52 [label = "q52", shape = doublecircle, final="true" ];
	q53 [label = "q53"];
	q54 [label = "q54", shape = doublecircle, final="true" ];
	q55 [label = "q55"];
	q56 [label = "q56"];
	q57 [label = "q57"];
	q58 [label = "q58", shape = doublecircle, final="true" ];
	q59 [label = "q59", shape = doublecircle, final="true" ];
	q60 [label = "q60", shape = doublecircle, final="true" ];
	q61 [label = "q61", shape = doublecircle, final="true" ];
	q62 [label = "q62", shape = doublecircle, final="true" ];
	q63 [label = "q63", shape = doublecircle, final="true" ];
	q64 [label = "q64", shape = doublecircle, final="true" ];
	q65 [label = "q65", shape = doublecircle, final="true" ];
	q66 [label = "q66"];
	q67 [label = "q67", shape = doublecircle, final="true" ];
	q68 [label = "q68", shape = doublecircle, final="true" ];
	q69 [label = "q69", shape = doublecircle, final="true" ];
	s0 -> q27
	q41 -> q37 [label = "b"];
	q43 -> q62 [label = "a"];
	q41 -> q38 [label = "a"];
	q43 -> q34 [label = "b"];
	q45 -> q15 [label = "c"];
	q42 -> q29 [label = "a"];
	q46 -> q8 [label = "c"];
	q44 -> q10 [label = "c"];
	q35 -> q22 [label = "c"];
	q38 -> q24 [label = "a"];
	q36 -> q13 [label = "b"];
	q34 -> q10 [label = "c"];
	q39 -> q9 [label = "b"];
	q47 -> q9 [label = "b"];
	q39 -> q10 [label = "c"];
	q35 -> q35 [label = "a"];
	q33 -> q26 [label = "b"];
	q45 -> q49 [label = "a"];
	q35 -> q26 [label = "b"];
	q38 -> q69 [label = "b"];
	q36 -> q25 [label = "a"];
	q32 -> q69 [label = "b"];
	q36 -> q12 [label = "c"];
	q34 -> q21 [label = "b"];
	q29 -> q37 [label = "b"];
	q27 -> q32 [label = "c"];
	q26 -> q41 [label = "c"];
	q31 -> q23 [label = "b"];
	q29 -> q31 [label = "a"];
	q31 -> q15 [label = "c"];
	q25 -> q37 [label = "b"];
	q27 -> q27 [label = "b"];
	q25 -> q41 [label = "a"];
	q24 -> q42 [label = "c"];
	q37 -> q11 [label = "c"];
	q28 -> q29 [label = "a"];
	q30 -> q15 [label = "c"];
	q26 -> q40 [label = "a"];
	q24 -> q14 [label = "b"];
	q39 -> q29 [label = "a"];
	q26 -> q20 [label = "b"];
	q24 -> q55 [label = "a"];
	q21 -> q59 [label = "b"];
	q9 -> q37 [label = "b"];
	q30 -> q38 [label = "a"];
	q11 -> q47 [label = "a"];
	q15 -> q8 [label = "c"];
	q11 -> q37 [label = "b"];
	q13 -> q7 [label = "c"];
	q40 -> q43 [label = "c"];
	q8 -> q8 [label = "c"];
	q14 -> q59 [label = "b"];
	q14 -> q45 [label = "c"];
	q49 -> q52 [label = "a"];
	q49 -> q69 [label = "b"];
	q5 -> q10 [label = "c"];
	q53 -> q4 [label = "b"];
	q37 -> q15 [label = "a"];
	q56 -> q38 [label = "a"];
	q54 -> q5 [label = "b"];
	q6 -> q46 [label = "a"];
	q55 -> q14 [label = "b"];
	q20 -> q19 [label = "c"];
	q62 -> q37 [label = "b"];
	q8 -> q15 [label = "a"];
	q57 -> q57 [label = "a"];
	q59 -> q20 [label = "b"];
	q32 -> q35 [label = "a"];
	q22 -> q43 [label = "c"];
	q57 -> q59 [label = "b"];
	q51 -> q5 [label = "b"];
	q69 -> q37 [label = "b"];
	q59 -> q58 [label = "a"];
	q62 -> q65 [label = "c"];
	q61 -> q37 [label = "b"];
	q28 -> q33 [label = "b"];
	q56 -> q15 [label = "c"];
	q65 -> q36 [label = "a"];
	q65 -> q9 [label = "b"];
	q54 -> q63 [label = "a"];
	q10 -> q62 [label = "a"];
	q64 -> q29 [label = "a"];
	q37 -> q13 [label = "b"];
	q51 -> q36 [label = "a"];
	q14 -> q58 [label = "a"];
	q69 -> q10 [label = "a"];
	q63 -> q12 [label = "c"];
	q33 -> q39 [label = "c"];
	q12 -> q6 [label = "a"];
	q22 -> q29 [label = "a"];
	q44 -> q21 [label = "b"];
	q16 -> q36 [label = "a"];
	q32 -> q39 [label = "c"];
	q67 -> q59 [label = "b"];
	q47 -> q10 [label = "c"];
	q64 -> q67 [label = "b"];
	q1 -> q34 [label = "b"];
	q61 -> q65 [label = "c"];
	q68 -> q5 [label = "b"];
	q66 -> q38 [label = "a"];
	q62 -> q30 [label = "a"];
	q19 -> q18 [label = "a"];
	q68 -> q43 [label = "c"];
	q48 -> q37 [label = "b"];
	q7 -> q6 [label = "a"];
	q63 -> q66 [label = "a"];
	q41 -> q15 [label = "c"];
	q51 -> q10 [label = "c"];
	q60 -> q19 [label = "c"];
	q55 -> q44 [label = "c"];
	q31 -> q38 [label = "a"];
	q30 -> q16 [label = "b"];
	q69 -> q11 [label = "c"];
	q9 -> q10 [label = "a"];
	q23 -> q41 [label = "c"];
	q55 -> q57 [label = "a"];
	q13 -> q13 [label = "b"];
	q40 -> q61 [label = "b"];
	q66 -> q15 [label = "c"];
	q38 -> q39 [label = "c"];
	q65 -> q10 [label = "c"];
	q12 -> q15 [label = "c"];
	q49 -> q47 [label = "c"];
	q58 -> q48 [label = "a"];
	q8 -> q13 [label = "b"];
	q60 -> q60 [label = "b"];
	q63 -> q37 [label = "b"];
	q45 -> q37 [label = "b"];
	q58 -> q43 [label = "c"];
	q23 -> q36 [label = "a"];
	q11 -> q15 [label = "c"];
	q61 -> q43 [label = "a"];
	q57 -> q44 [label = "c"];
	q48 -> q51 [label = "c"];
	q21 -> q58 [label = "a"];
	q53 -> q39 [label = "c"];
	q59 -> q41 [label = "c"];
	q5 -> q14 [label = "b"];
	q54 -> q10 [label = "c"];
	q25 -> q8 [label = "c"];
	q50 -> q56 [label = "a"];
	q50 -> q37 [label = "b"];
	q48 -> q56 [label = "a"];
	q67 -> q47 [label = "c"];
	q15 -> q13 [label = "b"];
	q40 -> q48 [label = "a"];
	q47 -> q50 [label = "a"];
	q43 -> q15 [label = "c"];
	q52 -> q54 [label = "c"];
	q6 -> q7 [label = "c"];
	q19 -> q10 [label = "c"];
	q64 -> q43 [label = "c"];
	q46 -> q41 [label = "a"];
	q42 -> q10 [label = "c"];
	q18 -> q44 [label = "c"];
	q17 -> q55 [label = "a"];
	q20 -> q60 [label = "b"];
	q23 -> q33 [label = "b"];
	q17 -> q59 [label = "b"];
	q29 -> q34 [label = "c"];
	q2 -> q37 [label = "b"];
	q28 -> q30 [label = "c"];
	q3 -> q13 [label = "b"];
	q19 -> q69 [label = "b"];
	q50 -> q51 [label = "c"];
	q21 -> q10 [label = "c"];
	q44 -> q29 [label = "a"];
	q27 -> q28 [label = "a"];
	q52 -> q16 [label = "b"];
	q16 -> q45 [label = "c"];
	q22 -> q21 [label = "b"];
	q18 -> q17 [label = "a"];
	q67 -> q68 [label = "a"];
	q16 -> q21 [label = "b"];
	q20 -> q22 [label = "a"];
	q10 -> q15 [label = "c"];
	q18 -> q69 [label = "b"];
	q2 -> q30 [label = "a"];
	q15 -> q46 [label = "a"];
	q33 -> q22 [label = "a"];
	q53 -> q24 [label = "a"];
	q4 -> q14 [label = "b"];
	q12 -> q34 [label = "b"];
	q4 -> q3 [label = "a"];
	q46 -> q37 [label = "b"];
	q10 -> q13 [label = "b"];
	q52 -> q53 [label = "a"];
	q56 -> q16 [label = "b"];
	q9 -> q7 [label = "c"];
	q66 -> q37 [label = "b"];
	q3 -> q1 [label = "c"];
	q42 -> q5 [label = "b"];
	q2 -> q65 [label = "c"];
	q6 -> q13 [label = "b"];
	q60 -> q64 [label = "a"];
	q17 -> q42 [label = "c"];
	q1 -> q15 [label = "c"];
	q5 -> q3 [label = "a"];
	q7 -> q13 [label = "b"];
	q68 -> q48 [label = "a"];
	q3 -> q2 [label = "a"];
	q7 -> q15 [label = "c"];
	q1 -> q0 [label = "a"];
	q34 -> q36 [label = "a"];
	q0 -> q7 [label = "c"];
	q0 -> q37 [label = "b"];
	q58 -> q9 [label = "b"];
	q13 -> q15 [label = "a"];
	q0 -> q41 [label = "a"];
	q4 -> q45 [label = "c"];
}
DFA size: 70 states

NL* output after 14 EQ and 6581 MQ:
digraph finite_state_machine {
	rankdir=LR;
	node [shape = circle];
	s0 [shape = point, style = invis, start="true" ];
	q0 [label = "q0", shape = doublecircle, final="true" ];
	q1 [label = "q1", shape = doublecircle, final="true" ];
	q2 [label = "q2", shape = doublecircle, final="true" ];
	q3 [label = "q3", shape = doublecircle, final="true" ];
	q4 [label = "q4", shape = doublecircle, final="true" ];
	q5 [label = "q5", shape = doublecircle, final="true" ];
	q6 [label = "q6"];
	q7 [label = "q7", shape = doublecircle, final="true" ];
	q8 [label = "q8", shape = doublecircle, final="true" ];
	q9 [label = "q9", shape = doublecircle, final="true" ];
	q10 [label = "q10"];
	q11 [label = "q11", shape = doublecircle, final="true" ];
	q12 [label = "q12"];
	q13 [label = "q13"];
	q14 [label = "q14", shape = doublecircle, final="true" ];
	q15 [label = "q15", shape = doublecircle, final="true" ];
	q16 [label = "q16", shape = doublecircle, final="true" ];
	q17 [label = "q17", shape = doublecircle, final="true" ];
	q18 [label = "q18"];
	q19 [label = "q19", shape = doublecircle, final="true" ];
	q20 [label = "q20", shape = doublecircle, final="true" ];
	q21 [label = "q21", shape = doublecircle, final="true" ];
	q22 [label = "q22"];
	q23 [label = "q23", shape = doublecircle, final="true" ];
	q24 [label = "q24", shape = doublecircle, final="true" ];
	q25 [label = "q25", shape = doublecircle, final="true" ];
	q26 [label = "q26"];
	q27 [label = "q27", shape = doublecircle, final="true" ];
	q28 [label = "q28"];
	q29 [label = "q29", shape = doublecircle, final="true" ];
	s0 -> q15
	q18 -> q23 [label = "c"];
	q18 -> q19 [label = "c"];
	q18 -> q18 [label = "c"];
	q18 -> q4 [label = "c"];
	q20 -> q27 [label = "b"];
	q17 -> q26 [label = "c"];
	q17 -> q21 [label = "c"];
	q17 -> q11 [label = "c"];
	q17 -> q7 [label = "c"];
	q23 -> q17 [label = "b"];
	q23 -> q8 [label = "b"];
	q23 -> q5 [label = "b"];
	q23 -> q3 [label = "b"];
	q12 -> q10 [label = "a, c"];
	q2 -> q9 [label = "b"];
	q9 -> q14 [label = "a"];
	q21 -> q16 [label = "a, c"];
	q27 -> q5 [label = "b"];
	q20 -> q9 [label = "b, c"];
	q0 -> q18 [label = "a, c"];
	q4 -> q26 [label = "c"];
	q7 -> q7 [label = "c"];
	q3 -> q10 [label = "a, c"];
	q4 -> q22 [label = "a, c"];
	q4 -> q19 [label = "c"];
	q4 -> q12 [label = "c"];
	q11 -> q15 [label = "b"];
	q24 -> q16 [label = "a, c"];
	q2 -> q17 [label = "b"];
	q4 -> q10 [label = "a, b, c"];
	q4 -> q2 [label = "c"];
	q12 -> q24 [label = "c"];
	q0 -> q22 [label = "a, c"];
	q19 -> q25 [label = "c"];
	q28 -> q9 [label = "b"];
	q26 -> q7 [label = "c"];
	q12 -> q2 [label = "c"];
	q12 -> q0 [label = "c"];
	q8 -> q14 [label = "a"];
	q16 -> q22 [label = "a, c"];
	q8 -> q4 [label = "a"];
	q14 -> q22 [label = "a, c"];
	q14 -> q26 [label = "c"];
	q1 -> q17 [label = "b"];
	q14 -> q25 [label = "c"];
	q6 -> q15 [label = "b"];
	q12 -> q7 [label = "c"];
	q14 -> q16 [label = "c"];
	q28 -> q22 [label = "c"];
	q24 -> q18 [label = "a, c"];
	q10 -> q10 [label = "a, c"];
	q2 -> q18 [label = "a, b, c"];
	q19 -> q12 [label = "c"];
	q28 -> q28 [label = "a, c"];
	q8 -> q5 [label = "b"];
	q0 -> q12 [label = "a, c"];
	q23 -> q25 [label = "c"];
	q12 -> q4 [label = "c"];
	q14 -> q10 [label = "a, b, c"];
	q2 -> q8 [label = "b"];
	q21 -> q17 [label = "b"];
	q16 -> q19 [label = "c"];
	q14 -> q5 [label = "b"];
	q12 -> q21 [label = "c"];
	q12 -> q22 [label = "a, c"];
	q12 -> q16 [label = "a, c"];
	q0 -> q9 [label = "b, c"];
	q0 -> q1 [label = "c"];
	q0 -> q25 [label = "c"];
	q2 -> q10 [label = "a, b, c"];
	q9 -> q8 [label = "b"];
	q8 -> q18 [label = "a, c"];
	q8 -> q16 [label = "a, c"];
	q24 -> q4 [label = "c"];
	q13 -> q28 [label = "a, c"];
	q12 -> q12 [label = "c"];
	q13 -> q3 [label = "c"];
	q13 -> q27 [label = "b, c"];
	q13 -> q19 [label = "c"];
	q1 -> q7 [label = "c"];
	q29 -> q18 [label = "a, b, c"];
	q21 -> q1 [label = "c"];
	q2 -> q22 [label = "a, b, c"];
	q13 -> q17 [label = "b, c"];
	q27 -> q22 [label = "a, c"];
	q11 -> q10 [label = "a, c"];
	q12 -> q14 [label = "b, c"];
	q23 -> q28 [label = "a, b, c"];
	q13 -> q14 [label = "b, c"];
	q6 -> q22 [label = "c"];
	q11 -> q7 [label = "c"];
	q11 -> q20 [label = "b"];
	q12 -> q29 [label = "c"];
	q24 -> q27 [label = "b"];
	q5 -> q22 [label = "c"];
	q11 -> q8 [label = "b"];
	q18 -> q14 [label = "c"];
	q26 -> q28 [label = "a, c"];
	q17 -> q14 [label = "a"];
	q4 -> q4 [label = "c"];
	q9 -> q29 [label = "a"];
	q12 -> q6 [label = "a, c"];
	q15 -> q11 [label = "c"];
	q2 -> q26 [label = "c"];
	q15 -> q10 [label = "c"];
	q6 -> q10 [label = "a, c"];
	q9 -> q5 [label = "b"];
	q7 -> q18 [label = "c"];
	q9 -> q15 [label = "b"];
	q28 -> q14 [label = "c"];
	q19 -> q29 [label = "c"];
	q7 -> q19 [label = "c"];
	q19 -> q14 [label = "c"];
	q24 -> q2 [label = "c"];
	q26 -> q4 [label = "c"];
	q24 -> q25 [label = "a"];
	q23 -> q2 [label = "c"];
	q2 -> q16 [label = "b, c"];
	q10 -> q5 [label = "b"];
	q1 -> q24 [label = "c"];
	q27 -> q2 [label = "a"];
	q29 -> q25 [label = "b, c"];
	q25 -> q14 [label = "b, c"];
	q8 -> q22 [label = "a, c"];
	q26 -> q19 [label = "c"];
	q27 -> q29 [label = "a"];
	q20 -> q22 [label = "a, c"];
	q7 -> q20 [label = "b"];
	q18 -> q10 [label = "a, c"];
	q26 -> q22 [label = "a, c"];
	q1 -> q2 [label = "c"];
	q2 -> q28 [label = "a, b, c"];
	q7 -> q27 [label = "b"];
	q21 -> q23 [label = "c"];
	q26 -> q5 [label = "b"];
	q8 -> q15 [label = "b"];
	q1 -> q13 [label = "a"];
	q2 -> q5 [label = "b"];
	q13 -> q4 [label = "c"];
	q29 -> q24 [label = "b"];
	q25 -> q15 [label = "b"];
	q4 -> q25 [label = "c"];
	q26 -> q23 [label = "c"];
	q7 -> q4 [label = "c"];
	q19 -> q5 [label = "b"];
	q10 -> q15 [label = "b"];
	q11 -> q9 [label = "b"];
	q12 -> q15 [label = "b"];
	q25 -> q9 [label = "b"];
	q29 -> q19 [label = "c"];
	q19 -> q19 [label = "c"];
	q4 -> q28 [label = "a, b, c"];
	q17 -> q5 [label = "b"];
	q27 -> q9 [label = "b"];
	q10 -> q9 [label = "b"];
	q25 -> q10 [label = "a, c"];
	q23 -> q13 [label = "a"];
	q0 -> q5 [label = "b, c"];
	q17 -> q12 [label = "c"];
	q25 -> q4 [label = "c"];
	q11 -> q17 [label = "b"];
	q19 -> q23 [label = "c"];
	q23 -> q24 [label = "c"];
	q27 -> q25 [label = "a, c"];
	q21 -> q5 [label = "b"];
	q29 -> q11 [label = "b"];
	q14 -> q12 [label = "c"];
	q12 -> q28 [label = "a, c"];
	q21 -> q0 [label = "c"];
	q27 -> q14 [label = "a"];
	q3 -> q7 [label = "c"];
	q19 -> q18 [label = "b, c"];
	q21 -> q20 [label = "b"];
	q10 -> q18 [label = "c"];
	q24 -> q15 [label = "b"];
	q23 -> q14 [label = "c"];
	q25 -> q22 [label = "a, c"];
	q26 -> q11 [label = "c"];
	q25 -> q1 [label = "c"];
	q8 -> q28 [label = "a, c"];
	q22 -> q9 [label = "b"];
	q21 -> q9 [label = "b"];
	q25 -> q5 [label = "b"];
	q29 -> q28 [label = "a, b, c"];
	q19 -> q22 [label = "a, c"];
	q4 -> q23 [label = "c"];
	q1 -> q8 [label = "b"];
	q10 -> q14 [label = "c"];
	q27 -> q4 [label = "a"];
	q12 -> q18 [label = "a, c"];
	q27 -> q12 [label = "c"];
	q25 -> q28 [label = "a, c"];
	q1 -> q0 [label = "a"];
	q25 -> q19 [label = "c"];
	q2 -> q15 [label = "b"];
	q27 -> q18 [label = "a, c"];
	q12 -> q1 [label = "c"];
	q29 -> q12 [label = "c"];
	q25 -> q23 [label = "c"];
	q28 -> q19 [label = "c"];
	q23 -> q27 [label = "b"];
	q27 -> q21 [label = "c"];
	q27 -> q26 [label = "c"];
	q29 -> q22 [label = "a, b, c"];
	q25 -> q16 [label = "c"];
	q4 -> q14 [label = "c"];
	q27 -> q16 [label = "a, c"];
	q9 -> q26 [label = "c"];
	q28 -> q5 [label = "b"];
	q20 -> q29 [label = "a"];
	q29 -> q3 [label = "b"];
	q14 -> q15 [label = "b"];
	q2 -> q4 [label = "c"];
	q17 -> q10 [label = "a, c"];
	q25 -> q26 [label = "a, c"];
	q25 -> q17 [label = "b"];
	q21 -> q21 [label = "c"];
	q21 -> q27 [label = "b"];
	q6 -> q4 [label = "c"];
	q12 -> q19 [label = "c"];
	q20 -> q21 [label = "a, c"];
	q19 -> q4 [label = "c"];
	q27 -> q17 [label = "b"];
	q21 -> q7 [label = "c"];
	q25 -> q27 [label = "b"];
	q23 -> q23 [label = "c"];
	q22 -> q16 [label = "c"];
	q27 -> q7 [label = "c"];
	q19 -> q26 [label = "c"];
	q7 -> q28 [label = "a, c"];
	q20 -> q26 [label = "a, c"];
	q26 -> q18 [label = "a, c"];
	q29 -> q4 [label = "c"];
	q14 -> q28 [label = "a, c"];
	q28 -> q18 [label = "c"];
	q21 -> q29 [label = "c"];
	q29 -> q23 [label = "c"];
	q2 -> q27 [label = "b"];
	q26 -> q15 [label = "b"];
	q16 -> q28 [label = "a, c"];
	q21 -> q8 [label = "b"];
	q3 -> q6 [label = "c"];
	q27 -> q15 [label = "b"];
	q13 -> q15 [label = "b, c"];
	q1 -> q4 [label = "c"];
	q8 -> q7 [label = "c"];
	q8 -> q11 [label = "c"];
	q24 -> q7 [label = "c"];
	q11 -> q14 [label = "c"];
	q24 -> q10 [label = "a, c"];
	q2 -> q3 [label = "b"];
	q24 -> q14 [label = "c"];
	q13 -> q20 [label = "b"];
	q0 -> q2 [label = "c"];
	q19 -> q11 [label = "c"];
	q10 -> q16 [label = "c"];
	q8 -> q10 [label = "a, c"];
	q13 -> q22 [label = "c"];
	q11 -> q27 [label = "b"];
	q29 -> q2 [label = "c"];
	q24 -> q19 [label = "c"];
	q23 -> q11 [label = "c"];
	q24 -> q23 [label = "c"];
	q24 -> q28 [label = "a, c"];
	q24 -> q24 [label = "c"];
	q10 -> q28 [label = "c"];
	q24 -> q6 [label = "c"];
	q11 -> q5 [label = "b"];
	q27 -> q10 [label = "a, c"];
	q24 -> q29 [label = "c"];
	q20 -> q17 [label = "b, c"];
	q29 -> q15 [label = "b"];
	q14 -> q13 [label = "a"];
	q26 -> q27 [label = "b"];
	q20 -> q11 [label = "a, c"];
	q29 -> q10 [label = "a, b, c"];
	q21 -> q14 [label = "b, c"];
	q24 -> q8 [label = "b"];
	q13 -> q5 [label = "b, c"];
	q24 -> q26 [label = "c"];
	q2 -> q23 [label = "c"];
	q24 -> q9 [label = "b"];
	q24 -> q22 [label = "a, c"];
	q20 -> q25 [label = "a, c"];
	q24 -> q17 [label = "b"];
	q18 -> q16 [label = "c"];
	q24 -> q20 [label = "b"];
	q6 -> q17 [label = "b"];
	q12 -> q25 [label = "c"];
	q4 -> q8 [label = "b"];
	q28 -> q8 [label = "b"];
	q26 -> q9 [label = "b"];
	q19 -> q21 [label = "c"];
	q23 -> q6 [label = "a, c"];
	q29 -> q16 [label = "b, c"];
	q23 -> q12 [label = "c"];
	q20 -> q20 [label = "b"];
	q26 -> q14 [label = "c"];
	q23 -> q10 [label = "a, b, c"];
	q25 -> q18 [label = "a, c"];
	q1 -> q18 [label = "a, b, c"];
	q19 -> q16 [label = "c"];
	q12 -> q11 [label = "a, c"];
	q23 -> q22 [label = "a, b, c"];
	q3 -> q5 [label = "b"];
	q27 -> q11 [label = "c"];
	q28 -> q16 [label = "c"];
	q21 -> q15 [label = "b"];
	q22 -> q5 [label = "b"];
	q12 -> q13 [label = "c"];
	q21 -> q10 [label = "a, c"];
	q13 -> q16 [label = "c"];
	q19 -> q10 [label = "a, b, c"];
	q19 -> q8 [label = "b"];
	q4 -> q16 [label = "c"];
	q5 -> q16 [label = "c"];
	q17 -> q22 [label = "a, c"];
	q6 -> q14 [label = "c"];
	q6 -> q16 [label = "c"];
	q6 -> q18 [label = "a, c"];
	q14 -> q18 [label = "c"];
	q6 -> q19 [label = "c"];
	q6 -> q28 [label = "a, c"];
	q20 -> q8 [label = "b, c"];
	q0 -> q8 [label = "b, c"];
	q0 -> q14 [label = "b, c"];
	q0 -> q17 [label = "b, c"];
	q0 -> q20 [label = "b"];
	q1 -> q3 [label = "b"];
	q0 -> q27 [label = "b, c"];
	q11 -> q28 [label = "c"];
	q26 -> q8 [label = "b"];
	q2 -> q6 [label = "a"];
	q13 -> q9 [label = "b, c"];
	q2 -> q13 [label = "a"];
	q6 -> q5 [label = "b"];
	q6 -> q8 [label = "b"];
	q27 -> q6 [label = "a, c"];
	q6 -> q20 [label = "b"];
	q6 -> q27 [label = "b"];
	q0 -> q3 [label = "c"];
	q13 -> q8 [label = "b, c"];
	q21 -> q28 [label = "a, c"];
	q0 -> q4 [label = "c"];
	q0 -> q16 [label = "c"];
	q4 -> q3 [label = "b"];
	q0 -> q19 [label = "c"];
	q0 -> q23 [label = "c"];
	q19 -> q24 [label = "c"];
	q29 -> q5 [label = "b"];
	q4 -> q6 [label = "a"];
	q13 -> q10 [label = "a, c"];
	q5 -> q7 [label = "c"];
	q5 -> q10 [label = "c"];
	q21 -> q25 [label = "c"];
	q7 -> q16 [label = "c"];
	q5 -> q18 [label = "c"];
	q5 -> q28 [label = "c"];
	q12 -> q26 [label = "a, c"];
	q29 -> q26 [label = "b, c"];
	q7 -> q9 [label = "b"];
	q1 -> q6 [label = "a, c"];
	q11 -> q4 [label = "c"];
	q19 -> q28 [label = "a, b, c"];
	q1 -> q16 [label = "a, b, c"];
	q6 -> q9 [label = "b"];
	q22 -> q28 [label = "a, c"];
	q1 -> q22 [label = "a, b, c"];
	q20 -> q10 [label = "a, c"];
	q1 -> q25 [label = "a, c"];
	q0 -> q28 [label = "a, c"];
	q20 -> q7 [label = "a, c"];
	q1 -> q28 [label = "a, b, c"];
	q20 -> q23 [label = "a"];
	q3 -> q8 [label = "b"];
	q3 -> q9 [label = "b"];
	q4 -> q18 [label = "b, c"];
	q1 -> q19 [label = "c"];
	q3 -> q15 [label = "b"];
	q7 -> q17 [label = "b"];
	q7 -> q6 [label = "a, c"];
	q12 -> q8 [label = "b"];
	q25 -> q8 [label = "b"];
	q7 -> q10 [label = "a, c"];
	q7 -> q12 [label = "c"];
	q7 -> q14 [label = "c"];
	q7 -> q21 [label = "c"];
	q7 -> q22 [label = "a, c"];
	q20 -> q4 [label = "a"];
	q26 -> q10 [label = "a, c"];
	q16 -> q14 [label = "c"];
	q7 -> q23 [label = "c"];
	q23 -> q26 [label = "c"];
	q28 -> q15 [label = "b"];
	q26 -> q16 [label = "a, c"];
	q7 -> q24 [label = "c"];
	q7 -> q25 [label = "c"];
	q17 -> q25 [label = "c"];
	q2 -> q12 [label = "c"];
	q3 -> q24 [label = "c"];
	q28 -> q4 [label = "c"];
	q7 -> q26 [label = "c"];
	q7 -> q29 [label = "c"];
	q1 -> q5 [label = "b"];
	q1 -> q9 [label = "b"];
	q1 -> q15 [label = "b"];
	q1 -> q27 [label = "b"];
	q0 -> q6 [label = "a"];
	q0 -> q15 [label = "b, c"];
	q3 -> q4 [label = "a, c"];
	q3 -> q16 [label = "a, c"];
	q3 -> q18 [label = "a, c"];
	q9 -> q7 [label = "c"];
	q3 -> q14 [label = "a, c"];
	q16 -> q15 [label = "b"];
	q13 -> q18 [label = "a, c"];
	q3 -> q28 [label = "a, c"];
	q18 -> q28 [label = "a, c"];
	q7 -> q5 [label = "b"];
	q11 -> q18 [label = "c"];
	q20 -> q28 [label = "a, c"];
	q7 -> q8 [label = "b"];
	q7 -> q15 [label = "b"];
	q29 -> q13 [label = "a, b"];
	q5 -> q14 [label = "a"];
	q1 -> q12 [label = "c"];
	q1 -> q14 [label = "c"];
	q1 -> q21 [label = "c"];
	q2 -> q19 [label = "c"];
	q1 -> q23 [label = "c"];
	q1 -> q26 [label = "c"];
	q1 -> q29 [label = "c"];
	q4 -> q5 [label = "b"];
	q23 -> q9 [label = "b"];
	q16 -> q5 [label = "b"];
	q4 -> q15 [label = "b"];
	q2 -> q2 [label = "c"];
	q2 -> q14 [label = "c"];
	q9 -> q10 [label = "c"];
	q2 -> q25 [label = "c"];
	q12 -> q9 [label = "b"];
	q4 -> q13 [label = "a"];
	q20 -> q5 [label = "b, c"];
	q5 -> q5 [label = "b"];
	q17 -> q2 [label = "a"];
	q5 -> q15 [label = "b"];
	q3 -> q2 [label = "a, c"];
	q3 -> q11 [label = "c"];
	q14 -> q8 [label = "b"];
	q3 -> q19 [label = "c"];
	q3 -> q23 [label = "c"];
	q16 -> q9 [label = "b"];
	q3 -> q26 [label = "c"];
	q3 -> q29 [label = "c"];
	q9 -> q16 [label = "c"];
	q16 -> q18 [label = "c"];
	q24 -> q11 [label = "c"];
	q5 -> q4 [label = "a"];
	q23 -> q29 [label = "c"];
	q19 -> q2 [label = "c"];
	q9 -> q6 [label = "c"];
	q24 -> q5 [label = "b"];
	q27 -> q28 [label = "a, c"];
	q7 -> q11 [label = "c"];
	q9 -> q12 [label = "c"];
	q3 -> q22 [label = "a, c"];
	q9 -> q18 [label = "c"];
	q18 -> q5 [label = "b"];
	q9 -> q22 [label = "c"];
	q9 -> q11 [label = "c"];
	q9 -> q25 [label = "c"];
	q9 -> q28 [label = "c"];
	q19 -> q7 [label = "c"];
	q15 -> q15 [label = "b"];
	q22 -> q10 [label = "a, c"];
	q13 -> q12 [label = "a"];
	q10 -> q22 [label = "c"];
	q12 -> q5 [label = "b"];
	q14 -> q6 [label = "a"];
	q28 -> q10 [label = "a, c"];
	q11 -> q11 [label = "c"];
	q5 -> q11 [label = "c"];
	q11 -> q16 [label = "c"];
	q11 -> q19 [label = "c"];
	q11 -> q22 [label = "c"];
	q11 -> q23 [label = "c"];
	q17 -> q4 [label = "a"];
	q29 -> q6 [label = "a, b"];
	q22 -> q18 [label = "c"];
	q20 -> q6 [label = "a, c"];
	q20 -> q12 [label = "a, c"];
	q23 -> q7 [label = "c"];
	q20 -> q19 [label = "a"];
	q20 -> q16 [label = "a, c"];
	q27 -> q8 [label = "b"];
	q22 -> q4 [label = "c"];
	q29 -> q14 [label = "c"];
	q16 -> q10 [label = "a, c"];
	q18 -> q8 [label = "b"];
	q18 -> q9 [label = "b"];
	q15 -> q14 [label = "a"];
	q18 -> q15 [label = "b"];
	q22 -> q14 [label = "c"];
	q21 -> q4 [label = "c"];
	q25 -> q2 [label = "c"];
	q19 -> q6 [label = "a, c"];
	q22 -> q19 [label = "c"];
	q22 -> q22 [label = "c"];
	q16 -> q8 [label = "b"];
	q16 -> q17 [label = "b"];
	q16 -> q16 [label = "c"];
	q18 -> q22 [label = "a, c"];
	q9 -> q4 [label = "a"];
	q22 -> q8 [label = "b"];
	q7 -> q2 [label = "c"];
	q21 -> q13 [label = "c"];
	q22 -> q15 [label = "b"];
	q29 -> q8 [label = "b"];
	q22 -> q17 [label = "b"];
	q20 -> q14 [label = "a, b"];
	q20 -> q24 [label = "a"];
	q16 -> q4 [label = "c"];
	q16 -> q23 [label = "c"];
	q21 -> q2 [label = "c"];
	q26 -> q17 [label = "b"];
	q21 -> q6 [label = "a, c"];
	q21 -> q11 [label = "a, c"];
	q21 -> q12 [label = "c"];
	q20 -> q2 [label = "a"];
	q21 -> q18 [label = "a, c"];
	q21 -> q19 [label = "c"];
	q0 -> q10 [label = "a, c"];
	q21 -> q22 [label = "a, c"];
	q23 -> q15 [label = "b"];
	q21 -> q24 [label = "a, c"];
	q21 -> q26 [label = "a, c"];
	q17 -> q6 [label = "a, c"];
	q17 -> q16 [label = "a, c"];
	q20 -> q18 [label = "a, c"];
	q1 -> q10 [label = "a, b, c"];
	q17 -> q18 [label = "a, c"];
	q17 -> q28 [label = "a, c"];
	q19 -> q13 [label = "a"];
	q17 -> q29 [label = "a"];
	q19 -> q3 [label = "b"];
	q19 -> q9 [label = "b"];
	q20 -> q3 [label = "c"];
	q19 -> q15 [label = "b"];
	q19 -> q17 [label = "b"];
	q23 -> q4 [label = "c"];
	q0 -> q26 [label = "a, c"];
	q1 -> q11 [label = "c"];
	q20 -> q15 [label = "b, c"];
	q12 -> q23 [label = "c"];
	q17 -> q15 [label = "b"];
	q23 -> q16 [label = "b, c"];
	q23 -> q18 [label = "b, c"];
	q23 -> q19 [label = "c"];
	q23 -> q21 [label = "c"];
	q10 -> q4 [label = "c"];
	q17 -> q8 [label = "b"];
	q17 -> q9 [label = "b"];
}
NFA size: 30 states

AL* output after 16 EQ and 1682 MQ:
digraph finite_state_machine {
	rankdir=LR;
	node [shape = circle];
	s0 [shape = point, style = invis, start="true" ];
	q0 [label = "q0", shape = doublecircle, final="true" ];
	q1 [label = "q1", shape = doublecircle, final="true" ];
	q2 [label = "q2", shape = doublecircle, final="true" ];
	q3 [label = "q3"];
	q4 [label = "q4"];
	q5 [label = "q5"];
	q6 [label = "q6", shape = doublecircle, final="true" ];
	q7 [label = "q7", shape = doublecircle, final="true" ];
	q8 [label = "q8", shape = doublecircle, final="true" ];
	m0 [label = "", shape = square, style = filled, color=grey, fixedsize=true, width=.2];
	m1 [label = "", shape = square, style = filled, color=grey, fixedsize=true, width=.2];
	m2 [label = "", shape = square, style = filled, color=grey, fixedsize=true, width=.2];
	m3 [label = "", shape = square, style = filled, color=grey, fixedsize=true, width=.2];
	m4 [label = "", shape = square, style = filled, color=grey, fixedsize=true, width=.2];
	m5 [label = "", shape = square, style = filled, color=grey, fixedsize=true, width=.2];
	m6 [label = "", shape = square, style = filled, color=grey, fixedsize=true, width=.2];
	m7 [label = "", shape = square, style = filled, color=grey, fixedsize=true, width=.2];
	m8 [label = "", shape = square, style = filled, color=grey, fixedsize=true, width=.2];
	m9 [label = "", shape = square, style = filled, color=grey, fixedsize=true, width=.2];
	m10 [label = "", shape = square, style = filled, color=grey, fixedsize=true, width=.2];
	m11 [label = "", shape = square, style = filled, color=grey, fixedsize=true, width=.2];
	m12 [label = "", shape = square, style = filled, color=grey, fixedsize=true, width=.2];
	m13 [label = "", shape = square, style = filled, color=grey, fixedsize=true, width=.2];
	s0 -> m0
	q5 -> m0 [label = "b"];
	q2 -> m3 [label = "c"];
	q0 -> q5 [label = "c"];
	q7 -> m4 [label = "a, c"];
	q2 -> q5 [label = "a, c"];
	q6 -> m0 [label = "b"];
	q2 -> m8 [label = "a, b"];
	q0 -> m0 [label = "b"];
	q7 -> m0 [label = "b"];
	q6 -> m1 [label = "c"];
	q0 -> m6 [label = "c"];
	q2 -> m4 [label = "b"];
	q0 -> m8 [label = "a, b"];
	q3 -> m11 [label = "b"];
	q8 -> m2 [label = "c"];
	q7 -> m2 [label = "c"];
	q8 -> m3 [label = "c"];
	q8 -> m1 [label = "c"];
	q0 -> m7 [label = "a"];
	q8 -> m4 [label = "c"];
	q7 -> m3 [label = "c"];
	q6 -> m4 [label = "a, b"];
	q3 -> m6 [label = "c"];
	q2 -> m6 [label = "a, b"];
	q7 -> m11 [label = "b"];
	q6 -> m5 [label = "b"];
	q1 -> m0 [label = "b"];
	q6 -> q5 [label = "c"];
	q8 -> m6 [label = "a"];
	q7 -> m8 [label = "b"];
	q3 -> m5 [label = "a, c"];
	q4 -> m6 [label = "b, c"];
	q6 -> m9 [label = "c"];
	q4 -> m4 [label = "c"];
	q4 -> m5 [label = "c"];
	q4 -> m0 [label = "b, c"];
	q5 -> m1 [label = "a"];
	q4 -> q5 [label = "a"];
	q0 -> m4 [label = "a, b"];
	q5 -> m3 [label = "a"];
	q1 -> m4 [label = "a"];
	q5 -> q5 [label = "c"];
	q1 -> m3 [label = "a, c"];
	q1 -> m10 [label = "a"];
	q8 -> m0 [label = "b"];
	q3 -> m0 [label = "b"];
	q7 -> m5 [label = "a, c"];
	q8 -> m5 [label = "c"];
	q5 -> m8 [label = "c"];
	q5 -> m6 [label = "b, c"];
	q7 -> m6 [label = "c"];
	q1 -> m12 [label = "b"];
	q3 -> m4 [label = "a, c"];
	q2 -> m0 [label = "b, c"];
	q1 -> m6 [label = "a"];
	q5 -> m13 [label = "a"];
	q6 -> m8 [label = "a"];
	q5 -> m4 [label = "a"];
	q5 -> m5 [label = "a"];
	q1 -> m1 [label = "c"];
	q1 -> q5 [label = "c"];
	q4 -> m8 [label = "b"];
	m0 -> q1;
	m0 -> q2;
	m0 -> q8;
	m1 -> q0;
	m1 -> q1;
	m1 -> q2;
	m1 -> q6;
	m1 -> q7;
	m1 -> q8;
	m2 -> q1;
	m2 -> q2;
	m2 -> q5;
	m2 -> q7;
	m2 -> q8;
	m3 -> q0;
	m3 -> q2;
	m3 -> q4;
	m3 -> q7;
	m4 -> q0;
	m4 -> q3;
	m4 -> q4;
	m4 -> q5;
	m4 -> q7;
	m5 -> q2;
	m5 -> q3;
	m5 -> q4;
	m5 -> q5;
	m5 -> q7;
	m6 -> q0;
	m6 -> q2;
	m6 -> q6;
	m7 -> q0;
	m7 -> q1;
	m7 -> q2;
	m7 -> q5;
	m7 -> q6;
	m7 -> q8;
	m8 -> q2;
	m8 -> q4;
	m9 -> q0;
	m9 -> q2;
	m9 -> q4;
	m9 -> q6;
	m9 -> q7;
	m10 -> q0;
	m10 -> q1;
	m10 -> q2;
	m10 -> q4;
	m10 -> q5;
	m10 -> q8;
	m11 -> q0;
	m11 -> q1;
	m11 -> q2;
	m11 -> q5;
	m11 -> q6;
	m12 -> q0;
	m12 -> q2;
	m12 -> q3;
	m12 -> q4;
	m12 -> q5;
	m12 -> q6;
	m12 -> q7;
	m13 -> q1;
	m13 -> q2;
	m13 -> q5;
	m13 -> q8;
}
AFA size: 9 states

AL** output after 17 EQ and 1682 MQ:
digraph finite_state_machine {
	rankdir=LR;
	node [shape = circle];
	s0 [shape = point, style = invis, start="true" ];
	q0 [label = "q0", shape = doublecircle, final="true" ];
	q1 [label = "q1", shape = doublecircle, final="true" ];
	q2 [label = "q2", shape = doublecircle, final="true" ];
	q3 [label = "q3"];
	q4 [label = "q4"];
	q5 [label = "q5"];
	q6 [label = "q6", shape = doublecircle, final="true" ];
	q7 [label = "q7", shape = doublecircle, final="true" ];
	q8 [label = "q8", shape = doublecircle, final="true" ];
	m0 [label = "", shape = square, style = filled, color=grey, fixedsize=true, width=.2];
	m1 [label = "", shape = square, style = filled, color=grey, fixedsize=true, width=.2];
	m2 [label = "", shape = square, style = filled, color=grey, fixedsize=true, width=.2];
	m3 [label = "", shape = square, style = filled, color=grey, fixedsize=true, width=.2];
	m4 [label = "", shape = square, style = filled, color=grey, fixedsize=true, width=.2];
	m5 [label = "", shape = square, style = filled, color=grey, fixedsize=true, width=.2];
	m6 [label = "", shape = square, style = filled, color=grey, fixedsize=true, width=.2];
	m7 [label = "", shape = square, style = filled, color=grey, fixedsize=true, width=.2];
	m8 [label = "", shape = square, style = filled, color=grey, fixedsize=true, width=.2];
	m9 [label = "", shape = square, style = filled, color=grey, fixedsize=true, width=.2];
	m10 [label = "", shape = square, style = filled, color=grey, fixedsize=true, width=.2];
	m11 [label = "", shape = square, style = filled, color=grey, fixedsize=true, width=.2];
	m12 [label = "", shape = square, style = filled, color=grey, fixedsize=true, width=.2];
	m13 [label = "", shape = square, style = filled, color=grey, fixedsize=true, width=.2];
	s0 -> m0
	q5 -> m0 [label = "b"];
	q2 -> m3 [label = "c"];
	q0 -> q5 [label = "c"];
	q7 -> m4 [label = "a, c"];
	q2 -> q5 [label = "a, c"];
	q6 -> m0 [label = "b"];
	q2 -> m8 [label = "a, b"];
	q0 -> m0 [label = "b"];
	q7 -> m0 [label = "b"];
	q6 -> m1 [label = "c"];
	q0 -> m6 [label = "c"];
	q2 -> m4 [label = "b"];
	q0 -> m8 [label = "a, b"];
	q3 -> m11 [label = "b"];
	q8 -> m2 [label = "c"];
	q7 -> m2 [label = "c"];
	q8 -> m3 [label = "c"];
	q8 -> m1 [label = "c"];
	q0 -> m7 [label = "a"];
	q8 -> m4 [label = "c"];
	q7 -> m3 [label = "c"];
	q6 -> m4 [label = "a, b"];
	q3 -> m6 [label = "c"];
	q2 -> m6 [label = "a, b"];
	q7 -> m11 [label = "b"];
	q6 -> m5 [label = "b"];
	q1 -> m0 [label = "b"];
	q6 -> q5 [label = "c"];
	q8 -> m6 [label = "a"];
	q7 -> m8 [label = "b"];
	q3 -> m5 [label = "a, c"];
	q4 -> m6 [label = "b, c"];
	q6 -> m9 [label = "c"];
	q4 -> m4 [label = "c"];
	q4 -> m5 [label = "c"];
	q4 -> m0 [label = "b, c"];
	q5 -> m1 [label = "a"];
	q4 -> q5 [label = "a"];
	q0 -> m4 [label = "a, b"];
	q5 -> m3 [label = "a"];
	q1 -> m4 [label = "a"];
	q5 -> q5 [label = "c"];
	q1 -> m3 [label = "a, c"];
	q1 -> m10 [label = "a"];
	q8 -> m0 [label = "b"];
	q3 -> m0 [label = "b"];
	q7 -> m5 [label = "a, c"];
	q8 -> m5 [label = "c"];
	q5 -> m8 [label = "c"];
	q5 -> m6 [label = "b, c"];
	q7 -> m6 [label = "c"];
	q1 -> m12 [label = "b"];
	q3 -> m4 [label = "a, c"];
	q2 -> m0 [label = "b, c"];
	q1 -> m6 [label = "a"];
	q5 -> m13 [label = "a"];
	q6 -> m8 [label = "a"];
	q5 -> m4 [label = "a"];
	q5 -> m5 [label = "a"];
	q1 -> m1 [label = "c"];
	q1 -> q5 [label = "c"];
	q4 -> m8 [label = "b"];
	m0 -> q1;
	m0 -> q2;
	m0 -> q8;
	m1 -> q0;
	m1 -> q1;
	m1 -> q2;
	m1 -> q6;
	m1 -> q7;
	m1 -> q8;
	m2 -> q1;
	m2 -> q2;
	m2 -> q5;
	m2 -> q7;
	m2 -> q8;
	m3 -> q0;
	m3 -> q2;
	m3 -> q4;
	m3 -> q7;
	m4 -> q0;
	m4 -> q3;
	m4 -> q4;
	m4 -> q5;
	m4 -> q7;
	m5 -> q2;
	m5 -> q3;
	m5 -> q4;
	m5 -> q5;
	m5 -> q7;
	m6 -> q0;
	m6 -> q2;
	m6 -> q6;
	m7 -> q0;
	m7 -> q1;
	m7 -> q2;
	m7 -> q5;
	m7 -> q6;
	m7 -> q8;
	m8 -> q2;
	m8 -> q4;
	m9 -> q0;
	m9 -> q2;
	m9 -> q4;
	m9 -> q6;
	m9 -> q7;
	m10 -> q0;
	m10 -> q1;
	m10 -> q2;
	m10 -> q4;
	m10 -> q5;
	m10 -> q8;
	m11 -> q0;
	m11 -> q1;
	m11 -> q2;
	m11 -> q5;
	m11 -> q6;
	m12 -> q0;
	m12 -> q2;
	m12 -> q3;
	m12 -> q4;
	m12 -> q5;
	m12 -> q6;
	m12 -> q7;
	m13 -> q1;
	m13 -> q2;
	m13 -> q5;
	m13 -> q8;
}
RAFA size: 9 states

