Random target AFA:
digraph finite_state_machine {
	rankdir=LR;
	node [shape = circle];
	s0 [shape = point, style = invis, start="true" ];
	s1 [shape = point, style = invis, start="true" ];
	q0 [label = "q0"];
	q1 [label = "q1"];
	q2 [label = "q2", shape = doublecircle, final="true" ];
	q3 [label = "q3"];
	q4 [label = "q4", shape = doublecircle, final="true" ];
	q5 [label = "q5"];
	m0 [label = "", shape = square, style = filled, color=grey, fixedsize=true, width=.2];
	m1 [label = "", shape = square, style = filled, color=grey, fixedsize=true, width=.2];
	m2 [label = "", shape = square, style = filled, color=grey, fixedsize=true, width=.2];
	m3 [label = "", shape = square, style = filled, color=grey, fixedsize=true, width=.2];
	m4 [label = "", shape = square, style = filled, color=grey, fixedsize=true, width=.2];
	m5 [label = "", shape = square, style = filled, color=grey, fixedsize=true, width=.2];
	m6 [label = "", shape = square, style = filled, color=grey, fixedsize=true, width=.2];
	s0 -> q2
	s1 -> q0
	q5 -> q0 [label = "b"];
	q2 -> q2 [label = "c"];
	q1 -> q5 [label = "c"];
	q5 -> m6 [label = "a"];
	q3 -> m5 [label = "a"];
	q1 -> m0 [label = "b"];
	q1 -> m4 [label = "b"];
	q3 -> q0 [label = "b"];
	q4 -> q1 [label = "b"];
	q3 -> m0 [label = "b"];
	q4 -> q3 [label = "c"];
	q2 -> q5 [label = "b"];
	q0 -> q2 [label = "c"];
	q0 -> q1 [label = "a, b"];
	q2 -> m1 [label = "b"];
	q4 -> m0 [label = "a, c"];
	q0 -> m2 [label = "c"];
	q4 -> q4 [label = "a, b"];
	q5 -> m1 [label = "a"];
	q1 -> q4 [label = "a"];
	q0 -> q5 [label = "b"];
	q3 -> q1 [label = "a, c"];
	q2 -> q4 [label = "a"];
	q5 -> q4 [label = "b, c"];
	q5 -> m3 [label = "c"];
	q1 -> q0 [label = "a, c"];
	m0 -> q0;
	m0 -> q2;
	m1 -> q3;
	m1 -> q4;
	m2 -> q4;
	m2 -> q5;
	m3 -> q0;
	m3 -> q3;
	m4 -> q1;
	m4 -> q4;
	m5 -> q1;
	m5 -> q2;
	m6 -> q0;
	m6 -> q4;
}

L* output after 14 EQ and 19938 MQ:
digraph finite_state_machine {
	rankdir=LR;
	node [shape = circle];
	s0 [shape = point, style = invis, start="true" ];
	q0 [label = "q0", shape = doublecircle, final="true" ];
	q1 [label = "q1", shape = doublecircle, final="true" ];
	q2 [label = "q2", shape = doublecircle, final="true" ];
	q3 [label = "q3", shape = doublecircle, final="true" ];
	q4 [label = "q4", shape = doublecircle, final="true" ];
	q5 [label = "q5", shape = doublecircle, final="true" ];
	q6 [label = "q6", shape = doublecircle, final="true" ];
	q7 [label = "q7", shape = doublecircle, final="true" ];
	q8 [label = "q8", shape = doublecircle, final="true" ];
	q9 [label = "q9", shape = doublecircle, final="true" ];
	q10 [label = "q10", shape = doublecircle, final="true" ];
	q11 [label = "q11"];
	q12 [label = "q12", shape = doublecircle, final="true" ];
	q13 [label = "q13", shape = doublecircle, final="true" ];
	q14 [label = "q14", shape = doublecircle, final="true" ];
	q15 [label = "q15", shape = doublecircle, final="true" ];
	q16 [label = "q16", shape = doublecircle, final="true" ];
	q17 [label = "q17", shape = doublecircle, final="true" ];
	q18 [label = "q18", shape = doublecircle, final="true" ];
	q19 [label = "q19", shape = doublecircle, final="true" ];
	q20 [label = "q20"];
	q21 [label = "q21"];
	q22 [label = "q22", shape = doublecircle, final="true" ];
	q23 [label = "q23", shape = doublecircle, final="true" ];
	q24 [label = "q24", shape = doublecircle, final="true" ];
	q25 [label = "q25", shape = doublecircle, final="true" ];
	q26 [label = "q26", shape = doublecircle, final="true" ];
	q27 [label = "q27", shape = doublecircle, final="true" ];
	q28 [label = "q28"];
	q29 [label = "q29", shape = doublecircle, final="true" ];
	q30 [label = "q30", shape = doublecircle, final="true" ];
	q31 [label = "q31", shape = doublecircle, final="true" ];
	q32 [label = "q32", shape = doublecircle, final="true" ];
	q33 [label = "q33", shape = doublecircle, final="true" ];
	q34 [label = "q34"];
	q35 [label = "q35", shape = doublecircle, final="true" ];
	q36 [label = "q36", shape = doublecircle, final="true" ];
	q37 [label = "q37", shape = doublecircle, final="true" ];
	q38 [label = "q38"];
	q39 [label = "q39", shape = doublecircle, final="true" ];
	q40 [label = "q40"];
	q41 [label = "q41"];
	q42 [label = "q42", shape = doublecircle, final="true" ];
	q43 [label = "q43"];
	q44 [label = "q44", shape = doublecircle, final="true" ];
	q45 [label = "q45"];
	q46 [label = "q46"];
	q47 [label = "q47", shape = doublecircle, final="true" ];
	q48 [label = "q48"];
	q49 [label = "q49", shape = doublecircle, final="true" ];
	q50 [label = "q50"];
	q51 [label = "q51"];
	q52 [label = "q52", shape = doublecircle, final="true" ];
	q53 [label = "q53", shape = doublecircle, final="true" ];
	q54 [label = "q54", shape = doublecircle, final="true" ];
	q55 [label = "q55", shape = doublecircle, final="true" ];
	q56 [label = "q56", shape = doublecircle, final="true" ];
	q57 [label = "q57"];
	q58 [label = "q58", shape = doublecircle, final="true" ];
	q59 [label = "q59", shape = doublecircle, final="true" ];
	q60 [label = "q60"];
	q61 [label = "q61", shape = doublecircle, final="true" ];
	q62 [label = "q62"];
	q63 [label = "q63", shape = doublecircle, final="true" ];
	q64 [label = "q64"];
	q65 [label = "q65", shape = doublecircle, final="true" ];
	q66 [label = "q66"];
	q67 [label = "q67", shape = doublecircle, final="true" ];
	q68 [label = "q68", shape = doublecircle, final="true" ];
	q69 [label = "q69", shape = doublecircle, final="true" ];
	q70 [label = "q70", shape = doublecircle, final="true" ];
	q71 [label = "q71", shape = doublecircle, final="true" ];
	q72 [label = "q72", shape = doublecircle, final="true" ];
	q73 [label = "q73", shape = doublecircle, final="true" ];
	q74 [label = "q74", shape = doublecircle, final="true" ];
	q75 [label = "q75", shape = doublecircle, final="true" ];
	q76 [label = "q76", shape = doublecircle, final="true" ];
	q77 [label = "q77"];
	q78 [label = "q78"];
	q79 [label = "q79", shape = doublecircle, final="true" ];
	q80 [label = "q80", shape = doublecircle, final="true" ];
	q81 [label = "q81"];
	q82 [label = "q82", shape = doublecircle, final="true" ];
	q83 [label = "q83", shape = doublecircle, final="true" ];
	q84 [label = "q84", shape = doublecircle, final="true" ];
	q85 [label = "q85", shape = doublecircle, final="true" ];
	q86 [label = "q86", shape = doublecircle, final="true" ];
	q87 [label = "q87", shape = doublecircle, final="true" ];
	q88 [label = "q88", shape = doublecircle, final="true" ];
	q89 [label = "q89", shape = doublecircle, final="true" ];
	s0 -> q47
	q85 -> q19 [label = "b"];
	q83 -> q85 [label = "c"];
	q84 -> q28 [label = "b"];
	q87 -> q19 [label = "b"];
	q83 -> q72 [label = "a"];
	q81 -> q12 [label = "b"];
	q20 -> q76 [label = "c"];
	q42 -> q21 [label = "b"];
	q14 -> q88 [label = "a"];
	q4 -> q38 [label = "b"];
	q7 -> q49 [label = "a"];
	q2 -> q75 [label = "c"];
	q48 -> q53 [label = "a, b"];
	q50 -> q19 [label = "b"];
	q13 -> q19 [label = "b"];
	q7 -> q19 [label = "b"];
	q81 -> q44 [label = "a"];
	q7 -> q30 [label = "c"];
	q65 -> q74 [label = "b"];
	q18 -> q19 [label = "b"];
	q5 -> q27 [label = "c"];
	q4 -> q72 [label = "a"];
	q82 -> q88 [label = "c"];
	q2 -> q88 [label = "a"];
	q14 -> q28 [label = "b"];
	q0 -> q19 [label = "b, c"];
	q6 -> q58 [label = "c"];
	q28 -> q72 [label = "a"];
	q16 -> q19 [label = "b"];
	q1 -> q88 [label = "a"];
	q3 -> q1 [label = "c"];
	q0 -> q88 [label = "a"];
	q14 -> q2 [label = "c"];
	q19 -> q3 [label = "c"];
	q59 -> q18 [label = "c"];
	q12 -> q6 [label = "c"];
	q85 -> q16 [label = "c"];
	q12 -> q72 [label = "a"];
	q86 -> q28 [label = "b"];
	q8 -> q4 [label = "c"];
	q13 -> q59 [label = "c"];
	q9 -> q49 [label = "a"];
	q15 -> q88 [label = "a"];
	q79 -> q72 [label = "b"];
	q11 -> q51 [label = "a"];
	q53 -> q56 [label = "c"];
	q82 -> q49 [label = "a"];
	q54 -> q57 [label = "c"];
	q24 -> q38 [label = "b"];
	q16 -> q72 [label = "a"];
	q55 -> q42 [label = "c"];
	q64 -> q51 [label = "a"];
	q56 -> q49 [label = "a"];
	q30 -> q25 [label = "c"];
	q29 -> q74 [label = "b"];
	q35 -> q39 [label = "c"];
	q80 -> q84 [label = "c"];
	q28 -> q76 [label = "c"];
	q33 -> q63 [label = "c"];
	q17 -> q19 [label = "b"];
	q44 -> q35 [label = "c"];
	q8 -> q28 [label = "b"];
	q43 -> q88 [label = "b"];
	q10 -> q25 [label = "c"];
	q84 -> q86 [label = "c"];
	q31 -> q49 [label = "a"];
	q33 -> q89 [label = "b"];
	q30 -> q72 [label = "a"];
	q46 -> q89 [label = "b"];
	q46 -> q36 [label = "c"];
	q21 -> q44 [label = "a"];
	q59 -> q19 [label = "b"];
	q1 -> q19 [label = "b"];
	q45 -> q51 [label = "a"];
	q88 -> q88 [label = "a"];
	q57 -> q39 [label = "c"];
	q41 -> q11 [label = "c"];
	q6 -> q49 [label = "a"];
	q22 -> q88 [label = "a"];
	q72 -> q89 [label = "b"];
	q12 -> q89 [label = "b"];
	q69 -> q36 [label = "c"];
	q86 -> q87 [label = "c"];
	q22 -> q38 [label = "b"];
	q43 -> q34 [label = "a"];
	q23 -> q20 [label = "b"];
	q2 -> q19 [label = "b"];
	q56 -> q75 [label = "b"];
	q74 -> q3 [label = "c"];
	q11 -> q19 [label = "b"];
	q62 -> q51 [label = "a"];
	q42 -> q32 [label = "a"];
	q40 -> q19 [label = "b"];
	q51 -> q53 [label = "a"];
	q15 -> q19 [label = "b"];
	q34 -> q62 [label = "c"];
	q4 -> q8 [label = "c"];
	q39 -> q61 [label = "c"];
	q25 -> q28 [label = "b"];
	q1 -> q0 [label = "c"];
	q23 -> q72 [label = "a"];
	q27 -> q38 [label = "b"];
	q40 -> q30 [label = "c"];
	q36 -> q19 [label = "b"];
	q89 -> q3 [label = "c"];
	q85 -> q88 [label = "a"];
	q24 -> q49 [label = "a"];
	q29 -> q56 [label = "c"];
	q5 -> q49 [label = "a"];
	q45 -> q19 [label = "b"];
	q73 -> q88 [label = "b"];
	q50 -> q88 [label = "c"];
	q78 -> q36 [label = "c"];
	q76 -> q19 [label = "b"];
	q65 -> q27 [label = "c"];
	q38 -> q19 [label = "b"];
	q36 -> q33 [label = "c"];
	q38 -> q76 [label = "c"];
	q22 -> q7 [label = "c"];
	q89 -> q19 [label = "b"];
	q44 -> q44 [label = "a"];
	q72 -> q53 [label = "a"];
	q10 -> q72 [label = "a"];
	q39 -> q53 [label = "a"];
	q5 -> q89 [label = "b"];
	q69 -> q89 [label = "b"];
	q77 -> q51 [label = "a"];
	q32 -> q29 [label = "a"];
	q40 -> q51 [label = "a"];
	q3 -> q72 [label = "a"];
	q51 -> q45 [label = "c"];
	q54 -> q44 [label = "a"];
	q11 -> q10 [label = "c"];
	q47 -> q52 [label = "c"];
	q52 -> q55 [label = "c"];
	q3 -> q19 [label = "b"];
	q21 -> q75 [label = "b"];
	q68 -> q38 [label = "b"];
	q27 -> q49 [label = "a"];
	q69 -> q88 [label = "a"];
	q50 -> q51 [label = "a"];
	q67 -> q77 [label = "b"];
	q9 -> q38 [label = "b"];
	q37 -> q19 [label = "b"];
	q88 -> q89 [label = "b"];
	q44 -> q74 [label = "b"];
	q38 -> q29 [label = "a"];
	q41 -> q53 [label = "a"];
	q30 -> q89 [label = "b"];
	q39 -> q21 [label = "b"];
	q37 -> q49 [label = "a"];
	q57 -> q40 [label = "b"];
	q28 -> q19 [label = "b"];
	q9 -> q5 [label = "c"];
	q32 -> q64 [label = "c"];
	q68 -> q71 [label = "c"];
	q25 -> q49 [label = "a"];
	q75 -> q19 [label = "b"];
	q64 -> q58 [label = "c"];
	q37 -> q12 [label = "c"];
	q35 -> q77 [label = "b"];
	q24 -> q9 [label = "c"];
	q45 -> q12 [label = "c"];
	q18 -> q72 [label = "a"];
	q35 -> q49 [label = "a"];
	q53 -> q72 [label = "a"];
	q87 -> q80 [label = "c"];
	q31 -> q38 [label = "b"];
	q34 -> q29 [label = "a"];
	q76 -> q72 [label = "a"];
	q31 -> q65 [label = "c"];
	q26 -> q23 [label = "c"];
	q32 -> q79 [label = "b"];
	q27 -> q24 [label = "c"];
	q6 -> q19 [label = "b"];
	q8 -> q49 [label = "a"];
	q41 -> q60 [label = "b"];
	q20 -> q29 [label = "a"];
	q49 -> q72 [label = "b"];
	q58 -> q38 [label = "b"];
	q70 -> q81 [label = "b"];
	q16 -> q76 [label = "c"];
	q34 -> q78 [label = "b"];
	q64 -> q75 [label = "b"];
	q57 -> q41 [label = "a"];
	q21 -> q76 [label = "c"];
	q17 -> q72 [label = "a"];
	q19 -> q19 [label = "b"];
	q88 -> q82 [label = "c"];
	q23 -> q8 [label = "c"];
	q19 -> q88 [label = "a"];
	q10 -> q74 [label = "b"];
	q20 -> q88 [label = "b"];
	q18 -> q15 [label = "c"];
	q26 -> q28 [label = "b"];
	q17 -> q14 [label = "c"];
	q42 -> q31 [label = "c"];
	q47 -> q49 [label = "a"];
	q51 -> q46 [label = "b"];
	q33 -> q72 [label = "a"];
	q70 -> q26 [label = "c"];
	q81 -> q76 [label = "c"];
	q48 -> q59 [label = "c"];
	q52 -> q54 [label = "a"];
	q54 -> q49 [label = "b"];
	q84 -> q72 [label = "a"];
	q49 -> q53 [label = "a"];
	q76 -> q83 [label = "c"];
	q15 -> q13 [label = "c"];
	q70 -> q29 [label = "a"];
	q49 -> q50 [label = "c"];
	q55 -> q43 [label = "b"];
	q26 -> q49 [label = "a"];
	q52 -> q73 [label = "b"];
	q53 -> q74 [label = "b"];
	q71 -> q19 [label = "b"];
	q29 -> q29 [label = "a"];
	q55 -> q49 [label = "a"];
	q68 -> q72 [label = "a"];
	q77 -> q33 [label = "c"];
	q60 -> q67 [label = "c"];
	q74 -> q88 [label = "b"];
	q58 -> q88 [label = "a"];
	q75 -> q72 [label = "a"];
	q62 -> q68 [label = "c"];
	q56 -> q58 [label = "c"];
	q25 -> q22 [label = "c"];
	q60 -> q44 [label = "a"];
	q62 -> q75 [label = "b"];
	q61 -> q10 [label = "c"];
	q59 -> q72 [label = "a"];
	q63 -> q69 [label = "c"];
	q61 -> q49 [label = "a"];
	q63 -> q28 [label = "b"];
	q58 -> q37 [label = "c"];
	q60 -> q66 [label = "b"];
	q13 -> q88 [label = "a"];
	q79 -> q82 [label = "c"];
	q61 -> q19 [label = "b"];
	q63 -> q49 [label = "a"];
	q47 -> q48 [label = "b"];
	q66 -> q12 [label = "b"];
	q89 -> q53 [label = "a"];
	q66 -> q44 [label = "a"];
	q65 -> q49 [label = "a"];
	q67 -> q70 [label = "c"];
	q67 -> q49 [label = "a"];
	q36 -> q49 [label = "a"];
	q66 -> q80 [label = "c"];
	q86 -> q88 [label = "a"];
	q71 -> q49 [label = "a"];
	q74 -> q53 [label = "a"];
	q72 -> q82 [label = "c"];
	q78 -> q72 [label = "b"];
	q73 -> q29 [label = "a"];
	q87 -> q72 [label = "a"];
	q71 -> q68 [label = "c"];
	q73 -> q17 [label = "c"];
	q78 -> q53 [label = "a"];
	q46 -> q53 [label = "a"];
	q75 -> q17 [label = "c"];
	q43 -> q33 [label = "c"];
	q77 -> q19 [label = "b"];
	q79 -> q53 [label = "a"];
	q80 -> q72 [label = "a"];
	q82 -> q19 [label = "b"];
	q80 -> q19 [label = "b"];
	q83 -> q28 [label = "b"];
}
DFA size: 90 states

NL* output after 15 EQ and 6793 MQ:
digraph finite_state_machine {
	rankdir=LR;
	node [shape = circle];
	s0 [shape = point, style = invis, start="true" ];
	q0 [label = "q0", shape = doublecircle, final="true" ];
	q1 [label = "q1", shape = doublecircle, final="true" ];
	q2 [label = "q2", shape = doublecircle, final="true" ];
	q3 [label = "q3", shape = doublecircle, final="true" ];
	q4 [label = "q4"];
	q5 [label = "q5", shape = doublecircle, final="true" ];
	q6 [label = "q6", shape = doublecircle, final="true" ];
	q7 [label = "q7", shape = doublecircle, final="true" ];
	q8 [label = "q8", shape = doublecircle, final="true" ];
	q9 [label = "q9"];
	q10 [label = "q10"];
	q11 [label = "q11"];
	q12 [label = "q12"];
	q13 [label = "q13", shape = doublecircle, final="true" ];
	q14 [label = "q14", shape = doublecircle, final="true" ];
	q15 [label = "q15", shape = doublecircle, final="true" ];
	q16 [label = "q16"];
	q17 [label = "q17", shape = doublecircle, final="true" ];
	q18 [label = "q18"];
	q19 [label = "q19", shape = doublecircle, final="true" ];
	q20 [label = "q20"];
	q21 [label = "q21"];
	q22 [label = "q22"];
	q23 [label = "q23", shape = doublecircle, final="true" ];
	q24 [label = "q24"];
	q25 [label = "q25", shape = doublecircle, final="true" ];
	q26 [label = "q26"];
	q27 [label = "q27", shape = doublecircle, final="true" ];
	q28 [label = "q28", shape = doublecircle, final="true" ];
	s0 -> q17
	q20 -> q27 [label = "b"];
	q20 -> q20 [label = "b"];
	q20 -> q19 [label = "b"];
	q20 -> q17 [label = "b"];
	q20 -> q6 [label = "b"];
	q20 -> q3 [label = "b"];
	q20 -> q2 [label = "b"];
	q22 -> q25 [label = "a"];
	q22 -> q15 [label = "a"];
	q22 -> q13 [label = "a"];
	q22 -> q5 [label = "a"];
	q17 -> q15 [label = "c"];
	q23 -> q24 [label = "b"];
	q23 -> q11 [label = "b"];
	q23 -> q9 [label = "b"];
	q19 -> q10 [label = "a"];
	q17 -> q16 [label = "b"];
	q23 -> q25 [label = "c"];
	q20 -> q26 [label = "b"];
	q19 -> q26 [label = "b"];
	q19 -> q9 [label = "b"];
	q21 -> q13 [label = "a, c"];
	q21 -> q11 [label = "c"];
	q21 -> q8 [label = "c"];
	q21 -> q6 [label = "c"];
	q22 -> q14 [label = "a"];
	q21 -> q4 [label = "c"];
	q21 -> q2 [label = "c"];
	q21 -> q1 [label = "c"];
	q16 -> q23 [label = "c"];
	q16 -> q20 [label = "c"];
	q16 -> q11 [label = "c"];
	q16 -> q7 [label = "c"];
	q16 -> q6 [label = "c"];
	q16 -> q4 [label = "c"];
	q16 -> q3 [label = "c"];
	q16 -> q2 [label = "c"];
	q16 -> q1 [label = "c"];
	q20 -> q7 [label = "b"];
	q16 -> q0 [label = "c"];
	q18 -> q22 [label = "a"];
	q20 -> q16 [label = "b"];
	q22 -> q4 [label = "c"];
	q18 -> q27 [label = "b"];
	q18 -> q24 [label = "b, c"];
	q18 -> q23 [label = "b, c"];
	q18 -> q17 [label = "b"];
	q18 -> q15 [label = "b"];
	q18 -> q14 [label = "b"];
	q19 -> q24 [label = "b"];
	q18 -> q13 [label = "b, c"];
	q18 -> q11 [label = "b"];
	q18 -> q10 [label = "a, b"];
	q18 -> q9 [label = "b"];
	q18 -> q8 [label = "b, c"];
	q18 -> q4 [label = "b"];
	q18 -> q2 [label = "b"];
	q18 -> q1 [label = "b"];
	q16 -> q28 [label = "a, b, c"];
	q16 -> q24 [label = "a, b, c"];
	q16 -> q17 [label = "a, b, c"];
	q16 -> q13 [label = "a, b, c"];
	q16 -> q10 [label = "a, b, c"];
	q16 -> q5 [label = "a, b, c"];
	q20 -> q28 [label = "b, c"];
	q20 -> q25 [label = "b, c"];
	q20 -> q15 [label = "b, c"];
	q4 -> q14 [label = "b, c"];
	q6 -> q26 [label = "b"];
	q4 -> q5 [label = "b, c"];
	q10 -> q21 [label = "b"];
	q8 -> q14 [label = "a"];
	q0 -> q19 [label = "a"];
	q14 -> q12 [label = "c"];
	q10 -> q15 [label = "a"];
	q21 -> q22 [label = "b"];
	q14 -> q22 [label = "b"];
	q14 -> q14 [label = "a, b"];
	q14 -> q10 [label = "b"];
	q16 -> q9 [label = "c"];
	q12 -> q4 [label = "b"];
	q12 -> q22 [label = "a, c"];
	q2 -> q0 [label = "c"];
	q18 -> q3 [label = "b, c"];
	q18 -> q0 [label = "b, c"];
	q4 -> q15 [label = "b, c"];
	q8 -> q19 [label = "c"];
	q8 -> q7 [label = "c"];
	q20 -> q24 [label = "b, c"];
	q10 -> q24 [label = "a"];
	q13 -> q19 [label = "c"];
	q7 -> q3 [label = "c"];
	q1 -> q14 [label = "a, b"];
	q8 -> q26 [label = "b"];
	q11 -> q21 [label = "b"];
	q9 -> q27 [label = "c"];
	q14 -> q24 [label = "a"];
	q11 -> q17 [label = "b"];
	q9 -> q24 [label = "a, b, c"];
	q10 -> q28 [label = "a"];
	q11 -> q15 [label = "b, c"];
	q1 -> q26 [label = "b"];
	q11 -> q14 [label = "b, c"];
	q11 -> q13 [label = "b, c"];
	q11 -> q25 [label = "b, c"];
	q11 -> q3 [label = "b"];
	q2 -> q10 [label = "a, b"];
	q11 -> q0 [label = "b, c"];
	q15 -> q13 [label = "c"];
	q7 -> q10 [label = "a, b"];
	q7 -> q11 [label = "b"];
	q25 -> q11 [label = "b"];
	q8 -> q11 [label = "b"];
	q9 -> q1 [label = "b, c"];
	q15 -> q14 [label = "a, b"];
	q9 -> q23 [label = "b"];
	q4 -> q25 [label = "b, c"];
	q3 -> q25 [label = "c"];
	q8 -> q22 [label = "a"];
	q26 -> q17 [label = "b"];
	q9 -> q8 [label = "b, c"];
	q19 -> q23 [label = "c"];
	q15 -> q26 [label = "b"];
	q11 -> q23 [label = "b"];
	q25 -> q22 [label = "a, b"];
	q20 -> q10 [label = "a, b"];
	q1 -> q22 [label = "a, b"];
	q2 -> q20 [label = "b"];
	q0 -> q6 [label = "c"];
	q3 -> q14 [label = "a"];
	q21 -> q27 [label = "c"];
	q25 -> q16 [label = "b"];
	q9 -> q25 [label = "b, c"];
	q9 -> q0 [label = "b, c"];
	q25 -> q13 [label = "c"];
	q28 -> q9 [label = "b"];
	q0 -> q22 [label = "a"];
	q9 -> q3 [label = "b"];
	q25 -> q8 [label = "c"];
	q5 -> q10 [label = "a, b"];
	q5 -> q19 [label = "a"];
	q16 -> q18 [label = "c"];
	q3 -> q26 [label = "b"];
	q27 -> q4 [label = "b"];
	q22 -> q17 [label = "a"];
	q26 -> q25 [label = "b, c"];
	q1 -> q15 [label = "b"];
	q23 -> q22 [label = "a"];
	q26 -> q24 [label = "a, b, c"];
	q21 -> q28 [label = "a, b"];
	q11 -> q24 [label = "b, c"];
	q15 -> q9 [label = "b"];
	q9 -> q5 [label = "b, c"];
	q19 -> q14 [label = "a"];
	q20 -> q1 [label = "b, c"];
	q28 -> q26 [label = "b"];
	q4 -> q6 [label = "b"];
	q25 -> q14 [label = "a, b"];
	q21 -> q15 [label = "a, b, c"];
	q26 -> q0 [label = "b, c"];
	q4 -> q24 [label = "b, c"];
	q25 -> q9 [label = "b"];
	q17 -> q14 [label = "a"];
	q26 -> q28 [label = "b, c"];
	q11 -> q8 [label = "b, c"];
	q2 -> q22 [label = "a"];
	q28 -> q15 [label = "a"];
	q26 -> q1 [label = "b, c"];
	q26 -> q8 [label = "b, c"];
	q21 -> q23 [label = "c"];
	q2 -> q28 [label = "c"];
	q22 -> q10 [label = "a"];
	q9 -> q28 [label = "b, c"];
	q26 -> q6 [label = "c"];
	q20 -> q22 [label = "a, b"];
	q27 -> q20 [label = "b"];
	q23 -> q15 [label = "c"];
	q21 -> q21 [label = "b"];
	q2 -> q11 [label = "b"];
	q0 -> q28 [label = "a"];
	q10 -> q22 [label = "b"];
	q27 -> q10 [label = "a"];
	q24 -> q24 [label = "a"];
	q8 -> q9 [label = "b"];
	q1 -> q8 [label = "c"];
	q18 -> q5 [label = "b, c"];
	q9 -> q18 [label = "c"];
	q11 -> q22 [label = "b"];
	q9 -> q17 [label = "b"];
	q4 -> q8 [label = "b"];
	q27 -> q11 [label = "b"];
	q9 -> q10 [label = "b"];
	q4 -> q28 [label = "b, c"];
	q25 -> q10 [label = "a, b"];
	q26 -> q2 [label = "c"];
	q8 -> q24 [label = "b"];
	q6 -> q5 [label = "c"];
	q5 -> q21 [label = "a"];
	q20 -> q18 [label = "b"];
	q2 -> q5 [label = "c"];
	q20 -> q11 [label = "b"];
	q26 -> q27 [label = "c"];
	q21 -> q24 [label = "a, b"];
	q27 -> q28 [label = "c"];
	q0 -> q21 [label = "a"];
	q28 -> q6 [label = "c"];
	q26 -> q14 [label = "a, b, c"];
	q0 -> q10 [label = "a, b"];
	q28 -> q28 [label = "a"];
	q21 -> q17 [label = "a, c"];
	q16 -> q19 [label = "c"];
	q20 -> q13 [label = "b, c"];
	q12 -> q28 [label = "c"];
	q1 -> q10 [label = "a, b"];
	q25 -> q26 [label = "b"];
	q27 -> q14 [label = "a"];
	q6 -> q14 [label = "a"];
	q20 -> q0 [label = "b, c"];
	q28 -> q10 [label = "a"];
	q26 -> q10 [label = "b"];
	q18 -> q28 [label = "b, c"];
	q2 -> q24 [label = "b, c"];
	q11 -> q1 [label = "b, c"];
	q6 -> q9 [label = "b"];
	q9 -> q15 [label = "a, b, c"];
	q28 -> q14 [label = "a"];
	q11 -> q10 [label = "a, b"];
	q27 -> q22 [label = "a"];
	q28 -> q24 [label = "a"];
	q21 -> q19 [label = "b"];
	q21 -> q3 [label = "c"];
	q1 -> q11 [label = "b"];
	q26 -> q15 [label = "a, b, c"];
	q21 -> q10 [label = "a, b"];
	q24 -> q15 [label = "a"];
	q23 -> q14 [label = "a"];
	q16 -> q8 [label = "c"];
	q13 -> q11 [label = "b"];
	q9 -> q2 [label = "c"];
	q10 -> q10 [label = "a"];
	q28 -> q27 [label = "c"];
	q24 -> q26 [label = "b"];
	q10 -> q14 [label = "a"];
	q18 -> q20 [label = "b"];
	q26 -> q3 [label = "b"];
	q4 -> q9 [label = "b"];
	q23 -> q10 [label = "a, b"];
	q11 -> q19 [label = "b, c"];
	q9 -> q13 [label = "b, c"];
	q20 -> q21 [label = "b"];
	q12 -> q19 [label = "c"];
	q6 -> q4 [label = "b"];
	q12 -> q24 [label = "c"];
	q0 -> q14 [label = "a"];
	q23 -> q26 [label = "b"];
	q7 -> q23 [label = "c"];
	q5 -> q26 [label = "b"];
	q0 -> q15 [label = "a"];
	q0 -> q24 [label = "a, b"];
	q17 -> q10 [label = "a"];
	q14 -> q15 [label = "a"];
	q2 -> q4 [label = "b"];
	q9 -> q14 [label = "a, b, c"];
	q2 -> q9 [label = "b"];
	q0 -> q9 [label = "b"];
	q21 -> q14 [label = "a, b"];
	q26 -> q23 [label = "b"];
	q0 -> q11 [label = "b"];
	q20 -> q9 [label = "b"];
	q0 -> q26 [label = "b"];
	q2 -> q14 [label = "a"];
	q4 -> q18 [label = "b"];
	q4 -> q4 [label = "b"];
	q4 -> q13 [label = "b, c"];
	q13 -> q22 [label = "a"];
	q6 -> q11 [label = "b"];
	q6 -> q20 [label = "b"];
	q24 -> q14 [label = "a"];
	q0 -> q2 [label = "c"];
	q4 -> q10 [label = "a, b"];
	q5 -> q2 [label = "c"];
	q8 -> q10 [label = "a, b"];
	q5 -> q27 [label = "c"];
	q3 -> q24 [label = "b"];
	q6 -> q24 [label = "b, c"];
	q3 -> q9 [label = "b"];
	q3 -> q11 [label = "b"];
	q1 -> q9 [label = "b"];
	q22 -> q28 [label = "a"];
	q1 -> q16 [label = "b"];
	q1 -> q19 [label = "b"];
	q18 -> q25 [label = "b"];
	q1 -> q21 [label = "b"];
	q1 -> q24 [label = "b"];
	q20 -> q23 [label = "b"];
	q16 -> q25 [label = "a, b, c"];
	q1 -> q28 [label = "b"];
	q16 -> q15 [label = "a, b, c"];
	q3 -> q22 [label = "a"];
	q9 -> q7 [label = "c"];
	q18 -> q26 [label = "b"];
	q5 -> q28 [label = "a"];
	q7 -> q9 [label = "b"];
	q5 -> q15 [label = "a"];
	q7 -> q24 [label = "b"];
	q6 -> q28 [label = "c"];
	q20 -> q8 [label = "b, c"];
	q7 -> q26 [label = "b"];
	q5 -> q14 [label = "a"];
	q9 -> q19 [label = "c"];
	q24 -> q27 [label = "c"];
	q5 -> q22 [label = "a"];
	q5 -> q24 [label = "a"];
	q26 -> q5 [label = "b, c"];
	q1 -> q13 [label = "c"];
	q4 -> q0 [label = "b"];
	q4 -> q1 [label = "b"];
	q20 -> q4 [label = "b"];
	q16 -> q26 [label = "c"];
	q16 -> q14 [label = "a, b, c"];
	q26 -> q13 [label = "b, c"];
	q7 -> q22 [label = "a"];
	q22 -> q24 [label = "a, b"];
	q4 -> q2 [label = "b"];
	q5 -> q6 [label = "c"];
	q4 -> q3 [label = "b"];
	q20 -> q14 [label = "b, c"];
	q4 -> q20 [label = "b"];
	q11 -> q28 [label = "b, c"];
	q0 -> q27 [label = "c"];
	q4 -> q7 [label = "b"];
	q4 -> q11 [label = "b"];
	q17 -> q22 [label = "a, b"];
	q25 -> q21 [label = "b"];
	q4 -> q16 [label = "b"];
	q4 -> q22 [label = "a, b"];
	q4 -> q17 [label = "b"];
	q4 -> q19 [label = "b"];
	q4 -> q21 [label = "b"];
	q16 -> q27 [label = "c"];
	q4 -> q23 [label = "b"];
	q21 -> q5 [label = "a"];
	q3 -> q10 [label = "a, b"];
	q4 -> q26 [label = "b"];
	q4 -> q27 [label = "b"];
	q7 -> q14 [label = "a"];
	q5 -> q11 [label = "b"];
	q3 -> q1 [label = "c"];
	q3 -> q15 [label = "c"];
	q27 -> q24 [label = "c"];
	q9 -> q6 [label = "c"];
	q18 -> q6 [label = "b"];
	q11 -> q7 [label = "b, c"];
	q6 -> q22 [label = "a"];
	q13 -> q10 [label = "a"];
	q21 -> q25 [label = "a, c"];
	q11 -> q5 [label = "b, c"];
	q5 -> q9 [label = "b"];
	q13 -> q14 [label = "a"];
	q6 -> q10 [label = "a, b"];
	q15 -> q10 [label = "b"];
	q2 -> q26 [label = "b"];
	q15 -> q11 [label = "b"];
	q21 -> q20 [label = "c"];
	q10 -> q18 [label = "c"];
	q12 -> q20 [label = "b"];
	q20 -> q5 [label = "b, c"];
}
NFA size: 29 states

AL* output after 19 EQ and 3574 MQ:
digraph finite_state_machine {
	rankdir=LR;
	node [shape = circle];
	s0 [shape = point, style = invis, start="true" ];
	s1 [shape = point, style = invis, start="true" ];
	s2 [shape = point, style = invis, start="true" ];
	s3 [shape = point, style = invis, start="true" ];
	q0 [label = "q0"];
	q1 [label = "q1", shape = doublecircle, final="true" ];
	q2 [label = "q2", shape = doublecircle, final="true" ];
	q3 [label = "q3"];
	q4 [label = "q4"];
	q5 [label = "q5", shape = doublecircle, final="true" ];
	q6 [label = "q6"];
	q7 [label = "q7", shape = doublecircle, final="true" ];
	q8 [label = "q8"];
	q9 [label = "q9"];
	q10 [label = "q10", shape = doublecircle, final="true" ];
	m0 [label = "", shape = square, style = filled, color=grey, fixedsize=true, width=.2];
	m1 [label = "", shape = square, style = filled, color=grey, fixedsize=true, width=.2];
	m2 [label = "", shape = square, style = filled, color=grey, fixedsize=true, width=.2];
	m3 [label = "", shape = square, style = filled, color=grey, fixedsize=true, width=.2];
	m4 [label = "", shape = square, style = filled, color=grey, fixedsize=true, width=.2];
	m5 [label = "", shape = square, style = filled, color=grey, fixedsize=true, width=.2];
	m6 [label = "", shape = square, style = filled, color=grey, fixedsize=true, width=.2];
	m7 [label = "", shape = square, style = filled, color=grey, fixedsize=true, width=.2];
	m8 [label = "", shape = square, style = filled, color=grey, fixedsize=true, width=.2];
	m9 [label = "", shape = square, style = filled, color=grey, fixedsize=true, width=.2];
	m10 [label = "", shape = square, style = filled, color=grey, fixedsize=true, width=.2];
	m11 [label = "", shape = square, style = filled, color=grey, fixedsize=true, width=.2];
	m12 [label = "", shape = square, style = filled, color=grey, fixedsize=true, width=.2];
	m13 [label = "", shape = square, style = filled, color=grey, fixedsize=true, width=.2];
	m14 [label = "", shape = square, style = filled, color=grey, fixedsize=true, width=.2];
	m15 [label = "", shape = square, style = filled, color=grey, fixedsize=true, width=.2];
	m16 [label = "", shape = square, style = filled, color=grey, fixedsize=true, width=.2];
	s0 -> m0
	s1 -> m1
	s2 -> m2
	s3 -> m3
	q9 -> m12 [label = "b"];
	q9 -> m1 [label = "a"];
	q8 -> m0 [label = "c"];
	q8 -> m5 [label = "b"];
	q8 -> m3 [label = "b"];
	q8 -> m2 [label = "b"];
	q8 -> m7 [label = "a, c"];
	q10 -> m5 [label = "b"];
	q10 -> m14 [label = "b"];
	q0 -> q5 [label = "a"];
	q2 -> m14 [label = "b"];
	q2 -> m4 [label = "b"];
	q5 -> m9 [label = "a"];
	q1 -> m10 [label = "c"];
	q3 -> m5 [label = "c"];
	q4 -> m5 [label = "b"];
	q4 -> q5 [label = "b, c"];
	q2 -> m9 [label = "c"];
	q6 -> q5 [label = "a, b, c"];
	q2 -> m5 [label = "b"];
	q3 -> m6 [label = "c"];
	q2 -> m6 [label = "c"];
	q2 -> m0 [label = "c"];
	q2 -> m8 [label = "c"];
	q2 -> q5 [label = "a"];
	q0 -> m2 [label = "b, c"];
	q10 -> m4 [label = "c"];
	q1 -> m3 [label = "c"];
	q1 -> q5 [label = "a"];
	q9 -> m3 [label = "a, c"];
	q9 -> m5 [label = "c"];
	q1 -> m0 [label = "c"];
	q6 -> m5 [label = "b"];
	q10 -> m3 [label = "c"];
	q9 -> m2 [label = "c"];
	q6 -> m15 [label = "c"];
	q1 -> m11 [label = "c"];
	q5 -> q5 [label = "a, b"];
	q8 -> m9 [label = "c"];
	q7 -> m7 [label = "a, b"];
	q6 -> m6 [label = "c"];
	q3 -> m3 [label = "a, b, c"];
	q0 -> m9 [label = "b"];
	q9 -> m9 [label = "b"];
	q3 -> q5 [label = "a, b, c"];
	q4 -> m3 [label = "b, c"];
	q4 -> m7 [label = "a, b"];
	q7 -> q5 [label = "a"];
	q5 -> m7 [label = "b"];
	q7 -> m0 [label = "c"];
	q4 -> m2 [label = "a"];
	q10 -> m0 [label = "c"];
	q6 -> m3 [label = "b, c"];
	q7 -> m5 [label = "b"];
	q1 -> m4 [label = "b"];
	q1 -> m12 [label = "b"];
	q8 -> m16 [label = "b"];
	q1 -> m9 [label = "b"];
	q7 -> m13 [label = "c"];
	q5 -> q8 [label = "c"];
	q1 -> m1 [label = "a"];
	q9 -> q5 [label = "a"];
	q10 -> q5 [label = "a, b"];
	q2 -> m7 [label = "a"];
	q7 -> m4 [label = "b"];
	q1 -> m14 [label = "a"];
	q6 -> m9 [label = "a"];
	q4 -> m4 [label = "a"];
	q0 -> m6 [label = "c"];
	q0 -> m3 [label = "a, c"];
	q0 -> m5 [label = "c"];
	q7 -> m9 [label = "c"];
	q0 -> m13 [label = "b"];
	q0 -> m1 [label = "a"];
	q1 -> m5 [label = "b"];
	q3 -> m1 [label = "a, b"];
	q0 -> m7 [label = "b"];
	q2 -> m2 [label = "b"];
	m0 -> q1;
	m0 -> q2;
	m0 -> q5;
	m0 -> q7;
	m0 -> q10;
	m1 -> q0;
	m1 -> q3;
	m1 -> q4;
	m1 -> q6;
	m1 -> q7;
	m1 -> q9;
	m2 -> q0;
	m2 -> q4;
	m2 -> q5;
	m2 -> q7;
	m3 -> q2;
	m3 -> q4;
	m3 -> q7;
	m3 -> q8;
	m4 -> q0;
	m4 -> q2;
	m4 -> q3;
	m4 -> q5;
	m4 -> q6;
	m4 -> q8;
	m5 -> q3;
	m5 -> q4;
	m5 -> q6;
	m6 -> q0;
	m6 -> q1;
	m6 -> q3;
	m6 -> q8;
	m6 -> q9;
	m7 -> q0;
	m7 -> q3;
	m7 -> q9;
	m8 -> q0;
	m8 -> q1;
	m8 -> q3;
	m8 -> q4;
	m8 -> q5;
	m8 -> q6;
	m8 -> q9;
	m8 -> q10;
	m9 -> q1;
	m9 -> q2;
	m9 -> q4;
	m9 -> q6;
	m9 -> q7;
	m9 -> q8;
	m9 -> q10;
	m10 -> q0;
	m10 -> q3;
	m10 -> q4;
	m10 -> q6;
	m10 -> q9;
	m11 -> q0;
	m11 -> q2;
	m11 -> q3;
	m11 -> q4;
	m11 -> q5;
	m11 -> q6;
	m11 -> q8;
	m11 -> q10;
	m12 -> q0;
	m12 -> q3;
	m12 -> q5;
	m12 -> q6;
	m12 -> q9;
	m13 -> q3;
	m13 -> q4;
	m13 -> q5;
	m13 -> q6;
	m13 -> q10;
	m14 -> q0;
	m14 -> q1;
	m14 -> q2;
	m14 -> q3;
	m14 -> q4;
	m14 -> q7;
	m14 -> q8;
	m14 -> q9;
	m15 -> q3;
	m15 -> q4;
	m15 -> q6;
	m15 -> q8;
	m16 -> q0;
	m16 -> q1;
	m16 -> q2;
	m16 -> q3;
	m16 -> q5;
	m16 -> q6;
	m16 -> q8;
	m16 -> q9;
}
AFA size: 11 states

