Random target AFA:
digraph finite_state_machine {
	rankdir=LR;
	node [shape = circle];
	s0 [shape = point, style = invis, start="true" ];
	s1 [shape = point, style = invis, start="true" ];
	q0 [label = "q0"];
	q1 [label = "q1"];
	q2 [label = "q2", shape = doublecircle, final="true" ];
	q3 [label = "q3"];
	q4 [label = "q4", shape = doublecircle, final="true" ];
	q5 [label = "q5", shape = doublecircle, final="true" ];
	m0 [label = "", shape = square, style = filled, color=grey, fixedsize=true, width=.2];
	m1 [label = "", shape = square, style = filled, color=grey, fixedsize=true, width=.2];
	m2 [label = "", shape = square, style = filled, color=grey, fixedsize=true, width=.2];
	m3 [label = "", shape = square, style = filled, color=grey, fixedsize=true, width=.2];
	m4 [label = "", shape = square, style = filled, color=grey, fixedsize=true, width=.2];
	m5 [label = "", shape = square, style = filled, color=grey, fixedsize=true, width=.2];
	m6 [label = "", shape = square, style = filled, color=grey, fixedsize=true, width=.2];
	s0 -> q2
	s1 -> q0
	q3 -> q5 [label = "c"];
	q4 -> q0 [label = "b"];
	q2 -> m4 [label = "c"];
	q5 -> q4 [label = "a"];
	q3 -> m6 [label = "a"];
	q1 -> q0 [label = "b, c"];
	q3 -> q4 [label = "a, b"];
	q3 -> m5 [label = "b"];
	q1 -> q2 [label = "a, c"];
	q5 -> q0 [label = "b, c"];
	q4 -> m4 [label = "a"];
	q0 -> q4 [label = "a"];
	q4 -> q1 [label = "c"];
	q1 -> q3 [label = "a"];
	q2 -> m1 [label = "b"];
	q4 -> m0 [label = "b, c"];
	q0 -> m2 [label = "b"];
	q4 -> q4 [label = "a"];
	q0 -> q0 [label = "c"];
	q0 -> q1 [label = "a"];
	q1 -> q4 [label = "b"];
	q0 -> q5 [label = "b"];
	q5 -> q2 [label = "a, b, c"];
	q2 -> q5 [label = "b, c"];
	q2 -> m3 [label = "a"];
	q2 -> q3 [label = "a"];
	q0 -> q3 [label = "c"];
	m0 -> q0;
	m0 -> q4;
	m1 -> q3;
	m1 -> q5;
	m2 -> q4;
	m2 -> q5;
	m3 -> q2;
	m3 -> q3;
	m4 -> q0;
	m4 -> q2;
	m5 -> q2;
	m5 -> q4;
	m6 -> q3;
	m6 -> q4;
}

L* output after 5 EQ and 863 MQ:
digraph finite_state_machine {
	rankdir=LR;
	node [shape = circle];
	s0 [shape = point, style = invis, start="true" ];
	q0 [label = "q0", shape = doublecircle, final="true" ];
	q1 [label = "q1", shape = doublecircle, final="true" ];
	q2 [label = "q2", shape = doublecircle, final="true" ];
	q3 [label = "q3", shape = doublecircle, final="true" ];
	q4 [label = "q4", shape = doublecircle, final="true" ];
	q5 [label = "q5", shape = doublecircle, final="true" ];
	q6 [label = "q6", shape = doublecircle, final="true" ];
	q7 [label = "q7", shape = doublecircle, final="true" ];
	q8 [label = "q8"];
	q9 [label = "q9", shape = doublecircle, final="true" ];
	q10 [label = "q10", shape = doublecircle, final="true" ];
	q11 [label = "q11", shape = doublecircle, final="true" ];
	q12 [label = "q12", shape = doublecircle, final="true" ];
	s0 -> q12
	q11 -> q6 [label = "a"];
	q9 -> q5 [label = "a"];
	q12 -> q11 [label = "a"];
	q8 -> q7 [label = "b, c"];
	q12 -> q7 [label = "c"];
	q5 -> q6 [label = "a"];
	q5 -> q7 [label = "b, c"];
	q9 -> q8 [label = "c"];
	q10 -> q12 [label = "b, c"];
	q6 -> q3 [label = "c"];
	q4 -> q7 [label = "b"];
	q2 -> q3 [label = "c"];
	q12 -> q10 [label = "b"];
	q0 -> q12 [label = "b"];
	q3 -> q1 [label = "c"];
	q4 -> q1 [label = "c"];
	q2 -> q4 [label = "b"];
	q11 -> q7 [label = "c"];
	q3 -> q6 [label = "a"];
	q1 -> q0 [label = "b"];
	q6 -> q6 [label = "a"];
	q4 -> q5 [label = "a"];
	q8 -> q5 [label = "a"];
	q7 -> q7 [label = "b, c"];
	q3 -> q7 [label = "b"];
	q7 -> q5 [label = "a"];
	q0 -> q2 [label = "a"];
	q10 -> q2 [label = "a"];
	q1 -> q11 [label = "a"];
	q9 -> q4 [label = "b"];
	q0 -> q7 [label = "c"];
	q6 -> q7 [label = "b"];
	q11 -> q9 [label = "b"];
	q1 -> q7 [label = "c"];
	q2 -> q6 [label = "a"];
}
DFA size: 13 states

NL* output after 4 EQ and 539 MQ:
digraph finite_state_machine {
	rankdir=LR;
	node [shape = circle];
	s0 [shape = point, style = invis, start="true" ];
	q0 [label = "q0", shape = doublecircle, final="true" ];
	q1 [label = "q1", shape = doublecircle, final="true" ];
	q2 [label = "q2", shape = doublecircle, final="true" ];
	q3 [label = "q3", shape = doublecircle, final="true" ];
	q4 [label = "q4", shape = doublecircle, final="true" ];
	q5 [label = "q5", shape = doublecircle, final="true" ];
	q6 [label = "q6", shape = doublecircle, final="true" ];
	q7 [label = "q7"];
	q8 [label = "q8", shape = doublecircle, final="true" ];
	q9 [label = "q9", shape = doublecircle, final="true" ];
	q10 [label = "q10", shape = doublecircle, final="true" ];
	s0 -> q10
	q8 -> q4 [label = "b"];
	q8 -> q9 [label = "a"];
	q8 -> q5 [label = "a"];
	q8 -> q6 [label = "a, b"];
	q8 -> q3 [label = "a"];
	q8 -> q2 [label = "a, b"];
	q8 -> q0 [label = "a"];
	q2 -> q9 [label = "b"];
	q2 -> q7 [label = "b"];
	q2 -> q6 [label = "b"];
	q2 -> q4 [label = "b"];
	q2 -> q0 [label = "b"];
	q2 -> q5 [label = "a, b"];
	q2 -> q3 [label = "a, b"];
	q0 -> q9 [label = "c"];
	q0 -> q8 [label = "c"];
	q0 -> q6 [label = "c"];
	q0 -> q4 [label = "c"];
	q0 -> q3 [label = "a, c"];
	q0 -> q7 [label = "c"];
	q0 -> q1 [label = "c"];
	q3 -> q4 [label = "b"];
	q3 -> q3 [label = "a"];
	q7 -> q8 [label = "b, c"];
	q2 -> q2 [label = "b"];
	q7 -> q7 [label = "b, c"];
	q1 -> q9 [label = "a, c"];
	q1 -> q8 [label = "c"];
	q1 -> q6 [label = "b, c"];
	q7 -> q10 [label = "b, c"];
	q1 -> q5 [label = "c"];
	q5 -> q3 [label = "a, b"];
	q0 -> q10 [label = "b, c"];
	q3 -> q2 [label = "b, c"];
	q9 -> q10 [label = "c"];
	q4 -> q0 [label = "a, b"];
	q4 -> q2 [label = "a, b"];
	q1 -> q10 [label = "c"];
	q4 -> q6 [label = "a, b"];
	q0 -> q0 [label = "c"];
	q9 -> q9 [label = "c"];
	q9 -> q6 [label = "c"];
	q5 -> q0 [label = "b"];
	q9 -> q4 [label = "c"];
	q1 -> q3 [label = "c"];
	q5 -> q4 [label = "b"];
	q9 -> q3 [label = "a, c"];
	q6 -> q10 [label = "b, c"];
	q9 -> q5 [label = "a, c"];
	q10 -> q5 [label = "c"];
	q7 -> q2 [label = "a, b, c"];
	q10 -> q0 [label = "c"];
	q9 -> q7 [label = "c"];
	q10 -> q3 [label = "c"];
	q10 -> q1 [label = "c"];
	q7 -> q4 [label = "b, c"];
	q10 -> q6 [label = "b, c"];
	q0 -> q5 [label = "c"];
	q7 -> q1 [label = "b, c"];
	q3 -> q6 [label = "b, c"];
	q10 -> q2 [label = "c"];
	q10 -> q4 [label = "c"];
	q10 -> q7 [label = "c"];
	q10 -> q8 [label = "c"];
	q10 -> q10 [label = "c"];
	q7 -> q5 [label = "a, b, c"];
	q5 -> q2 [label = "b, c"];
	q9 -> q0 [label = "c"];
	q5 -> q1 [label = "b"];
	q1 -> q1 [label = "c"];
	q4 -> q5 [label = "a, b"];
	q5 -> q5 [label = "a, b"];
	q4 -> q8 [label = "b"];
	q3 -> q5 [label = "a"];
	q5 -> q7 [label = "b"];
	q2 -> q1 [label = "b, c"];
	q7 -> q6 [label = "a, b, c"];
	q5 -> q6 [label = "b, c"];
	q5 -> q8 [label = "b"];
	q5 -> q9 [label = "b"];
	q5 -> q10 [label = "b"];
	q4 -> q10 [label = "b, c"];
	q7 -> q0 [label = "a, b, c"];
	q7 -> q9 [label = "a, b, c"];
	q4 -> q1 [label = "b, c"];
	q1 -> q7 [label = "c"];
	q9 -> q8 [label = "b, c"];
	q9 -> q2 [label = "c"];
	q2 -> q10 [label = "b, c"];
	q4 -> q3 [label = "a, b"];
	q4 -> q4 [label = "b"];
	q2 -> q8 [label = "b"];
	q4 -> q7 [label = "b"];
	q0 -> q2 [label = "c"];
	q6 -> q3 [label = "a"];
	q10 -> q9 [label = "a, c"];
	q9 -> q1 [label = "c"];
	q7 -> q3 [label = "a, b, c"];
	q4 -> q9 [label = "a, b"];
	q8 -> q7 [label = "c"];
	q1 -> q0 [label = "b, c"];
	q1 -> q4 [label = "c"];
	q1 -> q2 [label = "c"];
}
NFA size: 11 states

