Random target AFA:
digraph finite_state_machine {
	rankdir=LR;
	node [shape = circle];
	s0 [shape = point, style = invis, start="true" ];
	s1 [shape = point, style = invis, start="true" ];
	q0 [label = "q0"];
	q1 [label = "q1"];
	q2 [label = "q2", shape = doublecircle, final="true" ];
	q3 [label = "q3"];
	q4 [label = "q4"];
	q5 [label = "q5", shape = doublecircle, final="true" ];
	m0 [label = "", shape = square, style = filled, color=grey, fixedsize=true, width=.2];
	m1 [label = "", shape = square, style = filled, color=grey, fixedsize=true, width=.2];
	m2 [label = "", shape = square, style = filled, color=grey, fixedsize=true, width=.2];
	m3 [label = "", shape = square, style = filled, color=grey, fixedsize=true, width=.2];
	m4 [label = "", shape = square, style = filled, color=grey, fixedsize=true, width=.2];
	m5 [label = "", shape = square, style = filled, color=grey, fixedsize=true, width=.2];
	s0 -> q1
	s1 -> q1
	q3 -> q5 [label = "c"];
	q2 -> m5 [label = "c"];
	q1 -> q1 [label = "c"];
	q3 -> q1 [label = "a"];
	q3 -> q3 [label = "c"];
	q3 -> m4 [label = "a"];
	q1 -> m1 [label = "a, b, c"];
	q1 -> q3 [label = "a"];
	q4 -> q0 [label = "c"];
	q4 -> m2 [label = "a"];
	q3 -> m3 [label = "b"];
	q5 -> q4 [label = "a, b, c"];
	q0 -> q1 [label = "a, c"];
	q3 -> m0 [label = "b"];
	q0 -> m0 [label = "a"];
	q2 -> q0 [label = "b"];
	q5 -> q0 [label = "a"];
	q1 -> q2 [label = "b"];
	q2 -> q2 [label = "b"];
	q5 -> q1 [label = "b, c"];
	q0 -> q5 [label = "c"];
	q0 -> q4 [label = "b"];
	q2 -> q5 [label = "a"];
	q0 -> m1 [label = "b"];
	q2 -> q3 [label = "a, c"];
	q4 -> q3 [label = "a, b"];
	m0 -> q1;
	m0 -> q3;
	m1 -> q2;
	m1 -> q5;
	m2 -> q0;
	m2 -> q4;
	m3 -> q1;
	m3 -> q5;
	m4 -> q2;
	m4 -> q4;
	m5 -> q3;
	m5 -> q4;
}

L* output after 12 EQ and 11535 MQ:
digraph finite_state_machine {
	rankdir=LR;
	node [shape = circle];
	s0 [shape = point, style = invis, start="true" ];
	q0 [label = "q0", shape = doublecircle, final="true" ];
	q1 [label = "q1", shape = doublecircle, final="true" ];
	q2 [label = "q2", shape = doublecircle, final="true" ];
	q3 [label = "q3", shape = doublecircle, final="true" ];
	q4 [label = "q4", shape = doublecircle, final="true" ];
	q5 [label = "q5", shape = doublecircle, final="true" ];
	q6 [label = "q6", shape = doublecircle, final="true" ];
	q7 [label = "q7", shape = doublecircle, final="true" ];
	q8 [label = "q8", shape = doublecircle, final="true" ];
	q9 [label = "q9", shape = doublecircle, final="true" ];
	q10 [label = "q10"];
	q11 [label = "q11", shape = doublecircle, final="true" ];
	q12 [label = "q12", shape = doublecircle, final="true" ];
	q13 [label = "q13", shape = doublecircle, final="true" ];
	q14 [label = "q14", shape = doublecircle, final="true" ];
	q15 [label = "q15", shape = doublecircle, final="true" ];
	q16 [label = "q16"];
	q17 [label = "q17", shape = doublecircle, final="true" ];
	q18 [label = "q18", shape = doublecircle, final="true" ];
	q19 [label = "q19", shape = doublecircle, final="true" ];
	q20 [label = "q20", shape = doublecircle, final="true" ];
	q21 [label = "q21"];
	q22 [label = "q22", shape = doublecircle, final="true" ];
	q23 [label = "q23"];
	q24 [label = "q24", shape = doublecircle, final="true" ];
	q25 [label = "q25", shape = doublecircle, final="true" ];
	q26 [label = "q26", shape = doublecircle, final="true" ];
	q27 [label = "q27", shape = doublecircle, final="true" ];
	q28 [label = "q28"];
	q29 [label = "q29"];
	q30 [label = "q30", shape = doublecircle, final="true" ];
	q31 [label = "q31", shape = doublecircle, final="true" ];
	q32 [label = "q32"];
	q33 [label = "q33"];
	q34 [label = "q34", shape = doublecircle, final="true" ];
	q35 [label = "q35"];
	q36 [label = "q36"];
	q37 [label = "q37", shape = doublecircle, final="true" ];
	q38 [label = "q38"];
	q39 [label = "q39"];
	q40 [label = "q40", shape = doublecircle, final="true" ];
	q41 [label = "q41", shape = doublecircle, final="true" ];
	q42 [label = "q42", shape = doublecircle, final="true" ];
	q43 [label = "q43"];
	q44 [label = "q44"];
	q45 [label = "q45"];
	q46 [label = "q46", shape = doublecircle, final="true" ];
	q47 [label = "q47", shape = doublecircle, final="true" ];
	q48 [label = "q48", shape = doublecircle, final="true" ];
	q49 [label = "q49", shape = doublecircle, final="true" ];
	q50 [label = "q50", shape = doublecircle, final="true" ];
	q51 [label = "q51", shape = doublecircle, final="true" ];
	q52 [label = "q52"];
	q53 [label = "q53", shape = doublecircle, final="true" ];
	q54 [label = "q54", shape = doublecircle, final="true" ];
	q55 [label = "q55"];
	q56 [label = "q56", shape = doublecircle, final="true" ];
	q57 [label = "q57", shape = doublecircle, final="true" ];
	q58 [label = "q58", shape = doublecircle, final="true" ];
	q59 [label = "q59"];
	q60 [label = "q60"];
	q61 [label = "q61", shape = doublecircle, final="true" ];
	q62 [label = "q62", shape = doublecircle, final="true" ];
	q63 [label = "q63", shape = doublecircle, final="true" ];
	q64 [label = "q64", shape = doublecircle, final="true" ];
	q65 [label = "q65", shape = doublecircle, final="true" ];
	q66 [label = "q66", shape = doublecircle, final="true" ];
	q67 [label = "q67", shape = doublecircle, final="true" ];
	q68 [label = "q68", shape = doublecircle, final="true" ];
	q69 [label = "q69", shape = doublecircle, final="true" ];
	q70 [label = "q70"];
	q71 [label = "q71", shape = doublecircle, final="true" ];
	s0 -> q29
	q47 -> q24 [label = "b"];
	q47 -> q50 [label = "c"];
	q43 -> q46 [label = "b"];
	q40 -> q19 [label = "c"];
	q40 -> q59 [label = "a"];
	q44 -> q57 [label = "c"];
	q39 -> q53 [label = "a"];
	q37 -> q58 [label = "b"];
	q36 -> q26 [label = "b"];
	q33 -> q34 [label = "c"];
	q39 -> q20 [label = "c"];
	q35 -> q27 [label = "a"];
	q35 -> q41 [label = "b"];
	q43 -> q45 [label = "a"];
	q38 -> q21 [label = "a"];
	q33 -> q38 [label = "a"];
	q36 -> q22 [label = "a"];
	q32 -> q40 [label = "c"];
	q34 -> q56 [label = "a"];
	q42 -> q54 [label = "a"];
	q32 -> q33 [label = "b"];
	q32 -> q52 [label = "a"];
	q31 -> q40 [label = "a"];
	q29 -> q31 [label = "b"];
	q30 -> q36 [label = "a"];
	q31 -> q37 [label = "b"];
	q29 -> q30 [label = "a"];
	q41 -> q37 [label = "b"];
	q44 -> q6 [label = "a"];
	q25 -> q17 [label = "c"];
	q38 -> q49 [label = "c"];
	q31 -> q32 [label = "c"];
	q27 -> q36 [label = "a"];
	q30 -> q40 [label = "c"];
	q34 -> q47 [label = "c"];
	q30 -> q39 [label = "b"];
	q24 -> q37 [label = "b"];
	q23 -> q16 [label = "a"];
	q21 -> q14 [label = "b"];
	q19 -> q19 [label = "c"];
	q9 -> q64 [label = "b"];
	q11 -> q65 [label = "a"];
	q13 -> q57 [label = "c"];
	q8 -> q17 [label = "c"];
	q14 -> q37 [label = "b"];
	q9 -> q63 [label = "a"];
	q8 -> q24 [label = "b"];
	q25 -> q62 [label = "b"];
	q10 -> q22 [label = "a"];
	q14 -> q68 [label = "c"];
	q8 -> q9 [label = "a"];
	q10 -> q0 [label = "b"];
	q4 -> q57 [label = "c"];
	q0 -> q54 [label = "a"];
	q49 -> q60 [label = "b"];
	q49 -> q51 [label = "c"];
	q26 -> q18 [label = "c"];
	q3 -> q36 [label = "a"];
	q20 -> q17 [label = "c"];
	q51 -> q67 [label = "c"];
	q61 -> q57 [label = "c"];
	q40 -> q60 [label = "b"];
	q70 -> q3 [label = "a"];
	q60 -> q12 [label = "b"];
	q48 -> q64 [label = "b"];
	q12 -> q11 [label = "a"];
	q56 -> q36 [label = "a"];
	q50 -> q57 [label = "c"];
	q68 -> q57 [label = "c"];
	q60 -> q20 [label = "c"];
	q56 -> q57 [label = "c"];
	q12 -> q40 [label = "c"];
	q55 -> q50 [label = "c"];
	q60 -> q53 [label = "a"];
	q47 -> q69 [label = "a"];
	q39 -> q41 [label = "b"];
	q7 -> q4 [label = "b"];
	q63 -> q5 [label = "b"];
	q55 -> q2 [label = "b"];
	q23 -> q33 [label = "b"];
	q33 -> q35 [label = "b"];
	q0 -> q61 [label = "b"];
	q11 -> q5 [label = "b"];
	q54 -> q59 [label = "a"];
	q65 -> q66 [label = "b"];
	q63 -> q63 [label = "a"];
	q66 -> q11 [label = "a"];
	q63 -> q57 [label = "c"];
	q62 -> q69 [label = "a"];
	q26 -> q61 [label = "b"];
	q70 -> q4 [label = "b"];
	q71 -> q18 [label = "c"];
	q58 -> q57 [label = "a, c"];
	q10 -> q48 [label = "c"];
	q53 -> q36 [label = "a"];
	q57 -> q64 [label = "b"];
	q69 -> q36 [label = "a"];
	q28 -> q41 [label = "b"];
	q53 -> q55 [label = "b"];
	q27 -> q39 [label = "b"];
	q55 -> q3 [label = "a"];
	q25 -> q10 [label = "a"];
	q68 -> q36 [label = "a"];
	q61 -> q11 [label = "a"];
	q45 -> q24 [label = "b"];
	q45 -> q6 [label = "a"];
	q69 -> q70 [label = "b"];
	q59 -> q22 [label = "a"];
	q71 -> q11 [label = "a"];
	q51 -> q66 [label = "b"];
	q28 -> q25 [label = "c"];
	q51 -> q13 [label = "a"];
	q19 -> q65 [label = "a"];
	q68 -> q62 [label = "b"];
	q67 -> q66 [label = "b"];
	q45 -> q57 [label = "c"];
	q57 -> q19 [label = "c"];
	q12 -> q37 [label = "b"];
	q67 -> q9 [label = "a"];
	q65 -> q57 [label = "c"];
	q61 -> q58 [label = "b"];
	q58 -> q1 [label = "b"];
	q62 -> q50 [label = "c"];
	q1 -> q1 [label = "b"];
	q57 -> q65 [label = "a"];
	q65 -> q63 [label = "a"];
	q41 -> q40 [label = "c"];
	q16 -> q27 [label = "a"];
	q67 -> q57 [label = "c"];
	q64 -> q9 [label = "c"];
	q41 -> q57 [label = "a"];
	q66 -> q61 [label = "b"];
	q59 -> q71 [label = "b"];
	q17 -> q13 [label = "a"];
	q70 -> q50 [label = "c"];
	q54 -> q19 [label = "c"];
	q37 -> q57 [label = "a, c"];
	q19 -> q66 [label = "b"];
	q7 -> q63 [label = "a"];
	q59 -> q48 [label = "c"];
	q53 -> q18 [label = "c"];
	q26 -> q57 [label = "a"];
	q54 -> q70 [label = "b"];
	q69 -> q57 [label = "c"];
	q49 -> q59 [label = "a"];
	q15 -> q67 [label = "c"];
	q52 -> q41 [label = "b"];
	q4 -> q37 [label = "b"];
	q52 -> q27 [label = "a"];
	q71 -> q61 [label = "b"];
	q18 -> q19 [label = "c"];
	q13 -> q44 [label = "a"];
	q50 -> q9 [label = "a"];
	q6 -> q57 [label = "c"];
	q52 -> q8 [label = "c"];
	q24 -> q9 [label = "c"];
	q50 -> q64 [label = "b"];
	q48 -> q65 [label = "a"];
	q46 -> q4 [label = "b"];
	q21 -> q22 [label = "a"];
	q38 -> q28 [label = "b"];
	q43 -> q48 [label = "c"];
	q46 -> q63 [label = "a"];
	q16 -> q42 [label = "b"];
	q44 -> q5 [label = "b"];
	q42 -> q56 [label = "c"];
	q22 -> q63 [label = "a"];
	q56 -> q60 [label = "b"];
	q17 -> q67 [label = "c"];
	q17 -> q64 [label = "b"];
	q21 -> q48 [label = "c"];
	q22 -> q57 [label = "c"];
	q42 -> q37 [label = "b"];
	q23 -> q15 [label = "c"];
	q16 -> q8 [label = "c"];
	q20 -> q9 [label = "a"];
	q20 -> q64 [label = "b"];
	q22 -> q24 [label = "b"];
	q0 -> q68 [label = "c"];
	q18 -> q59 [label = "a"];
	q64 -> q61 [label = "b"];
	q15 -> q43 [label = "a"];
	q13 -> q7 [label = "b"];
	q64 -> q54 [label = "a"];
	q11 -> q19 [label = "c"];
	q3 -> q57 [label = "c"];
	q1 -> q11 [label = "a"];
	q27 -> q18 [label = "c"];
	q66 -> q57 [label = "c"];
	q14 -> q54 [label = "a"];
	q46 -> q18 [label = "c"];
	q36 -> q48 [label = "c"];
	q15 -> q60 [label = "b"];
	q9 -> q57 [label = "c"];
	q34 -> q24 [label = "b"];
	q5 -> q61 [label = "b"];
	q28 -> q53 [label = "a"];
	q2 -> q57 [label = "a, c"];
	q62 -> q4 [label = "b"];
	q4 -> q11 [label = "a"];
	q6 -> q63 [label = "a"];
	q1 -> q57 [label = "c"];
	q24 -> q54 [label = "a"];
	q5 -> q57 [label = "a, c"];
	q7 -> q57 [label = "c"];
	q35 -> q23 [label = "c"];
	q48 -> q51 [label = "c"];
	q18 -> q62 [label = "b"];
	q3 -> q55 [label = "b"];
	q6 -> q2 [label = "b"];
	q29 -> q34 [label = "c"];
	q2 -> q37 [label = "b"];
}
DFA size: 72 states

NL* output after 12 EQ and 4100 MQ:
digraph finite_state_machine {
	rankdir=LR;
	node [shape = circle];
	s0 [shape = point, style = invis, start="true" ];
	s1 [shape = point, style = invis, start="true" ];
	q0 [label = "q0", shape = doublecircle, final="true" ];
	q1 [label = "q1"];
	q2 [label = "q2"];
	q3 [label = "q3", shape = doublecircle, final="true" ];
	q4 [label = "q4"];
	q5 [label = "q5", shape = doublecircle, final="true" ];
	q6 [label = "q6"];
	q7 [label = "q7"];
	q8 [label = "q8"];
	q9 [label = "q9", shape = doublecircle, final="true" ];
	q10 [label = "q10", shape = doublecircle, final="true" ];
	q11 [label = "q11"];
	q12 [label = "q12"];
	q13 [label = "q13", shape = doublecircle, final="true" ];
	q14 [label = "q14", shape = doublecircle, final="true" ];
	q15 [label = "q15", shape = doublecircle, final="true" ];
	q16 [label = "q16", shape = doublecircle, final="true" ];
	q17 [label = "q17"];
	q18 [label = "q18", shape = doublecircle, final="true" ];
	q19 [label = "q19", shape = doublecircle, final="true" ];
	q20 [label = "q20"];
	q21 [label = "q21"];
	q22 [label = "q22", shape = doublecircle, final="true" ];
	q23 [label = "q23", shape = doublecircle, final="true" ];
	q24 [label = "q24"];
	s0 -> q7
	s1 -> q11
	q20 -> q20 [label = "b"];
	q20 -> q9 [label = "b"];
	q20 -> q6 [label = "b"];
	q22 -> q24 [label = "a"];
	q17 -> q11 [label = "c"];
	q17 -> q7 [label = "c"];
	q21 -> q19 [label = "a"];
	q23 -> q21 [label = "b"];
	q17 -> q18 [label = "b"];
	q17 -> q9 [label = "b"];
	q17 -> q6 [label = "b"];
	q23 -> q19 [label = "c"];
	q23 -> q15 [label = "c"];
	q23 -> q10 [label = "c"];
	q23 -> q4 [label = "c"];
	q23 -> q3 [label = "c"];
	q19 -> q20 [label = "b"];
	q19 -> q6 [label = "a, b"];
	q17 -> q4 [label = "a, c"];
	q21 -> q15 [label = "c"];
	q21 -> q11 [label = "c"];
	q16 -> q15 [label = "c"];
	q20 -> q12 [label = "b"];
	q20 -> q19 [label = "a"];
	q20 -> q14 [label = "a"];
	q20 -> q8 [label = "a"];
	q22 -> q18 [label = "b"];
	q22 -> q17 [label = "a, b"];
	q22 -> q12 [label = "a, b"];
	q22 -> q11 [label = "a, b"];
	q22 -> q9 [label = "b"];
	q18 -> q23 [label = "a, c"];
	q20 -> q18 [label = "b"];
	q18 -> q19 [label = "a"];
	q18 -> q14 [label = "a, c"];
	q19 -> q24 [label = "a"];
	q18 -> q13 [label = "a"];
	q18 -> q10 [label = "a, c"];
	q18 -> q8 [label = "a, c"];
	q18 -> q3 [label = "a"];
	q16 -> q20 [label = "b"];
	q16 -> q17 [label = "b, c"];
	q16 -> q16 [label = "b, c"];
	q16 -> q11 [label = "b, c"];
	q22 -> q19 [label = "a, b, c"];
	q22 -> q15 [label = "a, c"];
	q22 -> q13 [label = "c"];
	q22 -> q10 [label = "a, b, c"];
	q22 -> q8 [label = "a, b, c"];
	q22 -> q7 [label = "a, b, c"];
	q22 -> q3 [label = "c"];
	q22 -> q2 [label = "a, b, c"];
	q18 -> q24 [label = "b"];
	q22 -> q23 [label = "a, c"];
	q18 -> q18 [label = "b"];
	q18 -> q17 [label = "b"];
	q18 -> q15 [label = "b"];
	q18 -> q12 [label = "b"];
	q18 -> q11 [label = "b"];
	q18 -> q9 [label = "b"];
	q18 -> q2 [label = "a, b, c"];
	q16 -> q23 [label = "a"];
	q12 -> q15 [label = "c"];
	q14 -> q4 [label = "c"];
	q0 -> q6 [label = "b"];
	q8 -> q7 [label = "a, b, c"];
	q19 -> q11 [label = "a, b"];
	q24 -> q2 [label = "a"];
	q10 -> q11 [label = "a, b"];
	q13 -> q12 [label = "a, b, c"];
	q10 -> q6 [label = "a, b"];
	q0 -> q17 [label = "b"];
	q10 -> q2 [label = "a, c"];
	q19 -> q23 [label = "c"];
	q14 -> q17 [label = "a, b"];
	q23 -> q14 [label = "c"];
	q24 -> q15 [label = "c"];
	q19 -> q13 [label = "c"];
	q12 -> q14 [label = "a"];
	q12 -> q10 [label = "a"];
	q12 -> q2 [label = "a, b"];
	q0 -> q19 [label = "a, b, c"];
	q8 -> q13 [label = "c"];
	q13 -> q21 [label = "a, b, c"];
	q5 -> q20 [label = "b"];
	q8 -> q2 [label = "c"];
	q0 -> q23 [label = "a, b, c"];
	q13 -> q6 [label = "a, b, c"];
	q13 -> q3 [label = "c"];
	q8 -> q11 [label = "a"];
	q22 -> q5 [label = "a, b"];
	q24 -> q7 [label = "a, c"];
	q23 -> q16 [label = "c"];
	q14 -> q2 [label = "a, c"];
	q8 -> q23 [label = "c"];
	q17 -> q8 [label = "a"];
	q9 -> q23 [label = "a"];
	q12 -> q6 [label = "b"];
	q15 -> q17 [label = "a, b, c"];
	q0 -> q10 [label = "a, b, c"];
	q16 -> q9 [label = "b"];
	q12 -> q4 [label = "a, b, c"];
	q14 -> q10 [label = "c"];
	q0 -> q12 [label = "b"];
	q9 -> q7 [label = "a, b"];
	q12 -> q7 [label = "c"];
	q8 -> q10 [label = "c"];
	q7 -> q2 [label = "a"];
	q8 -> q6 [label = "a"];
	q8 -> q3 [label = "c"];
	q11 -> q9 [label = "b"];
	q2 -> q7 [label = "a, c"];
	q17 -> q14 [label = "a"];
	q11 -> q8 [label = "a"];
	q21 -> q2 [label = "a, b"];
	q14 -> q19 [label = "c"];
	q14 -> q7 [label = "a, b, c"];
	q14 -> q24 [label = "a"];
	q11 -> q11 [label = "c"];
	q9 -> q6 [label = "b"];
	q9 -> q9 [label = "b"];
	q8 -> q17 [label = "a"];
	q5 -> q16 [label = "b, c"];
	q17 -> q10 [label = "a"];
	q2 -> q4 [label = "c"];
	q14 -> q15 [label = "c"];
	q11 -> q10 [label = "a"];
	q13 -> q17 [label = "a, b, c"];
	q11 -> q2 [label = "a"];
	q9 -> q20 [label = "b"];
	q19 -> q17 [label = "a, b"];
	q5 -> q2 [label = "a"];
	q23 -> q17 [label = "a, b, c"];
	q23 -> q7 [label = "a, b, c"];
	q18 -> q6 [label = "b"];
	q11 -> q7 [label = "c"];
	q17 -> q5 [label = "c"];
	q9 -> q10 [label = "a"];
	q24 -> q16 [label = "a"];
	q6 -> q10 [label = "a"];
	q10 -> q24 [label = "a"];
	q20 -> q24 [label = "c"];
	q15 -> q5 [label = "b, c"];
	q23 -> q2 [label = "a, c"];
	q19 -> q7 [label = "a, b, c"];
	q12 -> q19 [label = "a"];
	q21 -> q7 [label = "c"];
	q19 -> q4 [label = "c"];
	q18 -> q7 [label = "a, b, c"];
	q6 -> q4 [label = "a, b, c"];
	q6 -> q2 [label = "a, b"];
	q24 -> q10 [label = "a"];
	q9 -> q14 [label = "a"];
	q9 -> q11 [label = "b"];
	q21 -> q6 [label = "b"];
	q24 -> q0 [label = "b"];
	q16 -> q24 [label = "c"];
	q15 -> q16 [label = "b, c"];
	q13 -> q5 [label = "c"];
	q10 -> q7 [label = "a, b, c"];
	q14 -> q12 [label = "a, b"];
	q23 -> q5 [label = "c"];
	q24 -> q5 [label = "a, c"];
	q24 -> q4 [label = "a, c"];
	q18 -> q5 [label = "b"];
	q9 -> q18 [label = "b"];
	q1 -> q8 [label = "a, b"];
	q16 -> q5 [label = "b, c"];
	q3 -> q4 [label = "c"];
	q24 -> q17 [label = "a"];
	q0 -> q15 [label = "b, c"];
	q3 -> q12 [label = "b, c"];
	q9 -> q8 [label = "a, c"];
	q16 -> q6 [label = "b"];
	q10 -> q4 [label = "c"];
	q9 -> q2 [label = "a, b"];
	q9 -> q3 [label = "a"];
	q19 -> q2 [label = "a, c"];
	q24 -> q13 [label = "c"];
	q21 -> q14 [label = "a"];
	q0 -> q11 [label = "b"];
	q14 -> q6 [label = "a, b"];
	q24 -> q19 [label = "a"];
	q23 -> q11 [label = "a, b, c"];
	q13 -> q24 [label = "a"];
	q24 -> q18 [label = "b"];
	q8 -> q4 [label = "c"];
	q24 -> q11 [label = "a, c"];
	q24 -> q6 [label = "b"];
	q15 -> q2 [label = "a"];
	q19 -> q19 [label = "c"];
	q23 -> q24 [label = "a, c"];
	q24 -> q8 [label = "a"];
	q16 -> q8 [label = "a"];
	q13 -> q11 [label = "a, b, c"];
	q21 -> q9 [label = "b"];
	q15 -> q7 [label = "a, b, c"];
	q19 -> q14 [label = "c"];
	q22 -> q14 [label = "a, b, c"];
	q21 -> q4 [label = "a, b, c"];
	q0 -> q16 [label = "b"];
	q23 -> q13 [label = "c"];
	q15 -> q11 [label = "a, b, c"];
	q16 -> q2 [label = "a, c"];
	q24 -> q9 [label = "b"];
	q24 -> q12 [label = "b"];
	q23 -> q12 [label = "a, b"];
	q23 -> q6 [label = "a, b"];
	q21 -> q10 [label = "a, b"];
	q21 -> q18 [label = "b"];
	q3 -> q11 [label = "b, c"];
	q23 -> q8 [label = "c"];
	q10 -> q17 [label = "a, b"];
	q13 -> q7 [label = "a, b, c"];
	q19 -> q3 [label = "c"];
	q19 -> q15 [label = "c"];
	q19 -> q10 [label = "c"];
	q19 -> q8 [label = "c"];
	q11 -> q6 [label = "b"];
	q3 -> q5 [label = "c"];
	q9 -> q4 [label = "a, b, c"];
	q16 -> q18 [label = "b"];
	q9 -> q16 [label = "b"];
	q0 -> q3 [label = "a"];
	q23 -> q23 [label = "c"];
	q9 -> q5 [label = "b"];
	q9 -> q15 [label = "b"];
	q9 -> q12 [label = "b"];
	q9 -> q24 [label = "b"];
	q2 -> q11 [label = "a"];
	q13 -> q20 [label = "c"];
	q1 -> q10 [label = "b"];
	q11 -> q4 [label = "a"];
	q21 -> q5 [label = "c"];
	q7 -> q7 [label = "c"];
	q20 -> q11 [label = "b, c"];
	q4 -> q7 [label = "a, b, c"];
	q9 -> q13 [label = "a"];
	q5 -> q18 [label = "b"];
	q24 -> q14 [label = "a"];
	q0 -> q2 [label = "a, b, c"];
	q0 -> q4 [label = "a, b, c"];
	q0 -> q7 [label = "a, b, c"];
	q0 -> q8 [label = "a, b, c"];
	q16 -> q10 [label = "a"];
	q0 -> q13 [label = "a"];
	q9 -> q17 [label = "b"];
	q13 -> q1 [label = "a"];
	q16 -> q12 [label = "b"];
	q0 -> q14 [label = "a, b, c"];
	q2 -> q6 [label = "b"];
	q8 -> q8 [label = "c"];
	q1 -> q14 [label = "b"];
	q0 -> q5 [label = "b"];
	q0 -> q9 [label = "b"];
	q14 -> q3 [label = "c"];
	q14 -> q13 [label = "c"];
	q0 -> q18 [label = "b"];
	q20 -> q2 [label = "a, b, c"];
	q0 -> q20 [label = "b"];
	q13 -> q16 [label = "c"];
	q0 -> q24 [label = "b"];
	q2 -> q2 [label = "a"];
	q4 -> q11 [label = "a"];
	q3 -> q16 [label = "c"];
	q2 -> q17 [label = "a"];
	q6 -> q6 [label = "b"];
	q6 -> q9 [label = "b"];
	q6 -> q18 [label = "b"];
	q4 -> q17 [label = "a"];
	q17 -> q2 [label = "a"];
	q5 -> q5 [label = "b, c"];
	q1 -> q15 [label = "c"];
	q5 -> q7 [label = "a, b, c"];
	q15 -> q3 [label = "c"];
	q14 -> q23 [label = "c"];
	q5 -> q11 [label = "b, c"];
	q7 -> q5 [label = "c"];
	q5 -> q17 [label = "b, c"];
	q5 -> q10 [label = "a"];
	q1 -> q4 [label = "a, b, c"];
	q13 -> q2 [label = "a"];
	q6 -> q14 [label = "a"];
	q16 -> q14 [label = "a"];
	q20 -> q4 [label = "a, b, c"];
	q1 -> q17 [label = "a"];
	q1 -> q7 [label = "a, c"];
	q22 -> q20 [label = "a, b"];
	q1 -> q11 [label = "a, c"];
	q21 -> q8 [label = "a, b"];
	q3 -> q6 [label = "b, c"];
	q10 -> q12 [label = "a, b"];
	q14 -> q14 [label = "c"];
	q12 -> q18 [label = "b"];
	q22 -> q16 [label = "a, b"];
	q3 -> q7 [label = "a, b, c"];
	q7 -> q11 [label = "c"];
	q3 -> q17 [label = "b, c"];
	q5 -> q4 [label = "a"];
	q3 -> q21 [label = "b, c"];
	q1 -> q6 [label = "b"];
	q22 -> q6 [label = "a, b"];
	q1 -> q12 [label = "b"];
	q1 -> q2 [label = "a, b"];
	q1 -> q19 [label = "b"];
	q20 -> q10 [label = "a"];
	q1 -> q22 [label = "b"];
	q18 -> q16 [label = "b"];
	q3 -> q1 [label = "a, c"];
	q14 -> q8 [label = "c"];
	q16 -> q19 [label = "a"];
	q8 -> q14 [label = "c"];
	q3 -> q2 [label = "a, c"];
	q5 -> q23 [label = "a"];
	q12 -> q8 [label = "a"];
	q7 -> q6 [label = "b"];
	q5 -> q14 [label = "a"];
	q1 -> q5 [label = "c"];
	q16 -> q4 [label = "a, c"];
	q1 -> q13 [label = "c"];
	q6 -> q8 [label = "a"];
	q18 -> q20 [label = "b"];
	q10 -> q13 [label = "c"];
	q14 -> q11 [label = "a, b"];
	q2 -> q13 [label = "c"];
	q4 -> q3 [label = "c"];
	q5 -> q6 [label = "b"];
	q11 -> q5 [label = "c"];
	q5 -> q9 [label = "b"];
	q5 -> q12 [label = "b"];
	q20 -> q7 [label = "a, b, c"];
	q3 -> q15 [label = "c"];
	q15 -> q21 [label = "b"];
	q10 -> q23 [label = "c"];
	q3 -> q20 [label = "c"];
	q2 -> q12 [label = "b"];
	q5 -> q8 [label = "a"];
	q3 -> q24 [label = "c"];
	q18 -> q4 [label = "a, b, c"];
	q15 -> q6 [label = "b"];
	q20 -> q5 [label = "b, c"];
	q12 -> q9 [label = "b"];
	q15 -> q12 [label = "b"];
	q10 -> q14 [label = "c"];
	q15 -> q20 [label = "b"];
	q10 -> q3 [label = "c"];
	q10 -> q8 [label = "c"];
	q19 -> q12 [label = "a, b"];
	q10 -> q10 [label = "c"];
	q20 -> q15 [label = "c"];
	q15 -> q24 [label = "a"];
	q22 -> q4 [label = "a, b, c"];
	q20 -> q16 [label = "b, c"];
	q20 -> q17 [label = "b, c"];
	q16 -> q7 [label = "a, b, c"];
}
NFA size: 25 states

