Random target AFA:
digraph finite_state_machine {
	rankdir=LR;
	node [shape = circle];
	s0 [shape = point, style = invis, start="true" ];
	s1 [shape = point, style = invis, start="true" ];
	q0 [label = "q0", shape = doublecircle, final="true" ];
	q1 [label = "q1", shape = doublecircle, final="true" ];
	q2 [label = "q2"];
	q3 [label = "q3"];
	q4 [label = "q4", shape = doublecircle, final="true" ];
	q5 [label = "q5"];
	m0 [label = "", shape = square, style = filled, color=grey, fixedsize=true, width=.2];
	m1 [label = "", shape = square, style = filled, color=grey, fixedsize=true, width=.2];
	m2 [label = "", shape = square, style = filled, color=grey, fixedsize=true, width=.2];
	m3 [label = "", shape = square, style = filled, color=grey, fixedsize=true, width=.2];
	m4 [label = "", shape = square, style = filled, color=grey, fixedsize=true, width=.2];
	m5 [label = "", shape = square, style = filled, color=grey, fixedsize=true, width=.2];
	m6 [label = "", shape = square, style = filled, color=grey, fixedsize=true, width=.2];
	m7 [label = "", shape = square, style = filled, color=grey, fixedsize=true, width=.2];
	m8 [label = "", shape = square, style = filled, color=grey, fixedsize=true, width=.2];
	m9 [label = "", shape = square, style = filled, color=grey, fixedsize=true, width=.2];
	s0 -> q1
	s1 -> q2
	q3 -> m1 [label = "c"];
	q5 -> q5 [label = "b"];
	q2 -> m9 [label = "c"];
	q2 -> q5 [label = "a"];
	q2 -> m0 [label = "c"];
	q5 -> q2 [label = "a, c"];
	q0 -> m1 [label = "a"];
	q2 -> q1 [label = "a"];
	q0 -> q0 [label = "c"];
	q3 -> m7 [label = "b"];
	q1 -> q4 [label = "c"];
	q4 -> q3 [label = "a, b"];
	q0 -> q5 [label = "a, b"];
	q0 -> m5 [label = "c"];
	q4 -> m0 [label = "c"];
	q0 -> m4 [label = "b"];
	q4 -> q5 [label = "c"];
	q1 -> q0 [label = "c"];
	q5 -> m6 [label = "c"];
	q2 -> m3 [label = "b"];
	q1 -> q3 [label = "a"];
	q3 -> q1 [label = "a, b"];
	q4 -> q0 [label = "a"];
	q1 -> m8 [label = "b"];
	q1 -> q2 [label = "b"];
	q2 -> m2 [label = "b"];
	q3 -> q4 [label = "a"];
	q4 -> q1 [label = "b"];
	q5 -> q4 [label = "b"];
	q3 -> q0 [label = "c"];
	m0 -> q0;
	m0 -> q3;
	m1 -> q2;
	m1 -> q4;
	m2 -> q3;
	m2 -> q5;
	m3 -> q2;
	m3 -> q5;
	m4 -> q0;
	m4 -> q4;
	m5 -> q0;
	m5 -> q5;
	m6 -> q1;
	m6 -> q2;
	m7 -> q2;
	m7 -> q3;
	m8 -> q1;
	m8 -> q5;
	m9 -> q1;
	m9 -> q3;
}

L* output after 15 EQ and 29761 MQ:
digraph finite_state_machine {
	rankdir=LR;
	node [shape = circle];
	s0 [shape = point, style = invis, start="true" ];
	q0 [label = "q0"];
	q1 [label = "q1", shape = doublecircle, final="true" ];
	q2 [label = "q2"];
	q3 [label = "q3", shape = doublecircle, final="true" ];
	q4 [label = "q4", shape = doublecircle, final="true" ];
	q5 [label = "q5", shape = doublecircle, final="true" ];
	q6 [label = "q6", shape = doublecircle, final="true" ];
	q7 [label = "q7", shape = doublecircle, final="true" ];
	q8 [label = "q8", shape = doublecircle, final="true" ];
	q9 [label = "q9"];
	q10 [label = "q10", shape = doublecircle, final="true" ];
	q11 [label = "q11", shape = doublecircle, final="true" ];
	q12 [label = "q12"];
	q13 [label = "q13", shape = doublecircle, final="true" ];
	q14 [label = "q14", shape = doublecircle, final="true" ];
	q15 [label = "q15"];
	q16 [label = "q16"];
	q17 [label = "q17", shape = doublecircle, final="true" ];
	q18 [label = "q18", shape = doublecircle, final="true" ];
	q19 [label = "q19", shape = doublecircle, final="true" ];
	q20 [label = "q20", shape = doublecircle, final="true" ];
	q21 [label = "q21"];
	q22 [label = "q22", shape = doublecircle, final="true" ];
	q23 [label = "q23", shape = doublecircle, final="true" ];
	q24 [label = "q24", shape = doublecircle, final="true" ];
	q25 [label = "q25", shape = doublecircle, final="true" ];
	q26 [label = "q26", shape = doublecircle, final="true" ];
	q27 [label = "q27", shape = doublecircle, final="true" ];
	q28 [label = "q28", shape = doublecircle, final="true" ];
	q29 [label = "q29", shape = doublecircle, final="true" ];
	q30 [label = "q30", shape = doublecircle, final="true" ];
	q31 [label = "q31", shape = doublecircle, final="true" ];
	q32 [label = "q32", shape = doublecircle, final="true" ];
	q33 [label = "q33", shape = doublecircle, final="true" ];
	q34 [label = "q34"];
	q35 [label = "q35", shape = doublecircle, final="true" ];
	q36 [label = "q36", shape = doublecircle, final="true" ];
	q37 [label = "q37"];
	q38 [label = "q38", shape = doublecircle, final="true" ];
	q39 [label = "q39", shape = doublecircle, final="true" ];
	q40 [label = "q40", shape = doublecircle, final="true" ];
	q41 [label = "q41", shape = doublecircle, final="true" ];
	q42 [label = "q42", shape = doublecircle, final="true" ];
	q43 [label = "q43", shape = doublecircle, final="true" ];
	q44 [label = "q44", shape = doublecircle, final="true" ];
	q45 [label = "q45", shape = doublecircle, final="true" ];
	q46 [label = "q46", shape = doublecircle, final="true" ];
	q47 [label = "q47", shape = doublecircle, final="true" ];
	q48 [label = "q48", shape = doublecircle, final="true" ];
	q49 [label = "q49", shape = doublecircle, final="true" ];
	q50 [label = "q50", shape = doublecircle, final="true" ];
	q51 [label = "q51"];
	q52 [label = "q52", shape = doublecircle, final="true" ];
	q53 [label = "q53", shape = doublecircle, final="true" ];
	q54 [label = "q54", shape = doublecircle, final="true" ];
	q55 [label = "q55", shape = doublecircle, final="true" ];
	q56 [label = "q56", shape = doublecircle, final="true" ];
	q57 [label = "q57", shape = doublecircle, final="true" ];
	q58 [label = "q58"];
	q59 [label = "q59", shape = doublecircle, final="true" ];
	q60 [label = "q60"];
	q61 [label = "q61", shape = doublecircle, final="true" ];
	q62 [label = "q62"];
	q63 [label = "q63", shape = doublecircle, final="true" ];
	q64 [label = "q64", shape = doublecircle, final="true" ];
	q65 [label = "q65", shape = doublecircle, final="true" ];
	q66 [label = "q66", shape = doublecircle, final="true" ];
	q67 [label = "q67"];
	q68 [label = "q68", shape = doublecircle, final="true" ];
	q69 [label = "q69", shape = doublecircle, final="true" ];
	q70 [label = "q70", shape = doublecircle, final="true" ];
	q71 [label = "q71"];
	q72 [label = "q72", shape = doublecircle, final="true" ];
	q73 [label = "q73", shape = doublecircle, final="true" ];
	q74 [label = "q74"];
	q75 [label = "q75", shape = doublecircle, final="true" ];
	q76 [label = "q76", shape = doublecircle, final="true" ];
	q77 [label = "q77", shape = doublecircle, final="true" ];
	q78 [label = "q78", shape = doublecircle, final="true" ];
	q79 [label = "q79", shape = doublecircle, final="true" ];
	q80 [label = "q80", shape = doublecircle, final="true" ];
	q81 [label = "q81", shape = doublecircle, final="true" ];
	q82 [label = "q82", shape = doublecircle, final="true" ];
	q83 [label = "q83", shape = doublecircle, final="true" ];
	q84 [label = "q84"];
	q85 [label = "q85"];
	q86 [label = "q86", shape = doublecircle, final="true" ];
	q87 [label = "q87", shape = doublecircle, final="true" ];
	q88 [label = "q88"];
	q89 [label = "q89", shape = doublecircle, final="true" ];
	q90 [label = "q90", shape = doublecircle, final="true" ];
	q91 [label = "q91"];
	q92 [label = "q92", shape = doublecircle, final="true" ];
	q93 [label = "q93", shape = doublecircle, final="true" ];
	q94 [label = "q94"];
	q95 [label = "q95", shape = doublecircle, final="true" ];
	q96 [label = "q96"];
	q97 [label = "q97"];
	q98 [label = "q98", shape = doublecircle, final="true" ];
	q99 [label = "q99", shape = doublecircle, final="true" ];
	q100 [label = "q100", shape = doublecircle, final="true" ];
	q101 [label = "q101", shape = doublecircle, final="true" ];
	q102 [label = "q102", shape = doublecircle, final="true" ];
	q103 [label = "q103", shape = doublecircle, final="true" ];
	q104 [label = "q104", shape = doublecircle, final="true" ];
	q105 [label = "q105", shape = doublecircle, final="true" ];
	q106 [label = "q106", shape = doublecircle, final="true" ];
	q107 [label = "q107", shape = doublecircle, final="true" ];
	q108 [label = "q108", shape = doublecircle, final="true" ];
	s0 -> q66
	q83 -> q6 [label = "c"];
	q86 -> q44 [label = "a"];
	q81 -> q91 [label = "c"];
	q81 -> q49 [label = "a"];
	q85 -> q89 [label = "c"];
	q84 -> q52 [label = "a"];
	q80 -> q50 [label = "c"];
	q87 -> q19 [label = "c"];
	q82 -> q101 [label = "a"];
	q80 -> q90 [label = "b"];
	q84 -> q93 [label = "c"];
	q80 -> q107 [label = "a"];
	q75 -> q75 [label = "c"];
	q78 -> q32 [label = "a"];
	q76 -> q81 [label = "b"];
	q87 -> q56 [label = "b"];
	q74 -> q8 [label = "c"];
	q77 -> q105 [label = "a"];
	q73 -> q50 [label = "c"];
	q79 -> q89 [label = "c"];
	q75 -> q104 [label = "a"];
	q77 -> q82 [label = "c"];
	q75 -> q76 [label = "b"];
	q73 -> q103 [label = "a"];
	q78 -> q38 [label = "b"];
	q81 -> q108 [label = "b"];
	q76 -> q80 [label = "a"];
	q72 -> q51 [label = "c"];
	q78 -> q61 [label = "c"];
	q74 -> q79 [label = "a"];
	q76 -> q62 [label = "c"];
	q74 -> q63 [label = "b"];
	q72 -> q32 [label = "a"];
	q71 -> q52 [label = "a"];
	q70 -> q73 [label = "a"];
	q87 -> q104 [label = "a"];
	q68 -> q54 [label = "b"];
	q66 -> q77 [label = "c"];
	q83 -> q92 [label = "b"];
	q65 -> q84 [label = "c"];
	q67 -> q69 [label = "a"];
	q65 -> q83 [label = "a"];
	q70 -> q53 [label = "b"];
	q64 -> q78 [label = "c"];
	q66 -> q68 [label = "a"];
	q68 -> q55 [label = "a"];
	q64 -> q72 [label = "b"];
	q26 -> q25 [label = "a"];
	q56 -> q81 [label = "b"];
	q29 -> q100 [label = "c"];
	q49 -> q64 [label = "b"];
	q25 -> q46 [label = "c"];
	q26 -> q98 [label = "c"];
	q48 -> q51 [label = "c"];
	q18 -> q56 [label = "b"];
	q30 -> q54 [label = "b"];
	q91 -> q81 [label = "b"];
	q30 -> q32 [label = "a"];
	q57 -> q106 [label = "a"];
	q104 -> q89 [label = "c"];
	q69 -> q72 [label = "b"];
	q36 -> q49 [label = "a"];
	q33 -> q107 [label = "a"];
	q24 -> q100 [label = "c"];
	q34 -> q56 [label = "b"];
	q90 -> q39 [label = "a"];
	q7 -> q2 [label = "a"];
	q35 -> q54 [label = "a"];
	q85 -> q28 [label = "a"];
	q37 -> q106 [label = "a"];
	q89 -> q106 [label = "a"];
	q73 -> q64 [label = "b"];
	q36 -> q48 [label = "b"];
	q21 -> q95 [label = "b"];
	q56 -> q37 [label = "a"];
	q38 -> q25 [label = "a"];
	q37 -> q36 [label = "b"];
	q25 -> q29 [label = "a"];
	q27 -> q89 [label = "c"];
	q86 -> q94 [label = "c"];
	q17 -> q18 [label = "c"];
	q38 -> q54 [label = "b"];
	q40 -> q47 [label = "a"];
	q90 -> q48 [label = "b"];
	q94 -> q86 [label = "b"];
	q31 -> q39 [label = "a"];
	q92 -> q88 [label = "c"];
	q69 -> q98 [label = "c"];
	q42 -> q26 [label = "a"];
	q31 -> q100 [label = "c"];
	q39 -> q30 [label = "b"];
	q35 -> q33 [label = "c"];
	q91 -> q33 [label = "c"];
	q34 -> q20 [label = "c"];
	q41 -> q26 [label = "a"];
	q29 -> q29 [label = "a, b"];
	q104 -> q28 [label = "a"];
	q47 -> q98 [label = "c"];
	q60 -> q47 [label = "a"];
	q47 -> q72 [label = "b"];
	q19 -> q76 [label = "b"];
	q25 -> q32 [label = "b"];
	q101 -> q33 [label = "c"];
	q32 -> q54 [label = "b"];
	q45 -> q25 [label = "a"];
	q16 -> q80 [label = "a"];
	q27 -> q31 [label = "b"];
	q13 -> q11 [label = "a"];
	q41 -> q88 [label = "c"];
	q13 -> q50 [label = "c"];
	q52 -> q31 [label = "b"];
	q19 -> q18 [label = "c"];
	q88 -> q27 [label = "a"];
	q52 -> q89 [label = "c"];
	q66 -> q67 [label = "b"];
	q88 -> q95 [label = "b"];
	q42 -> q77 [label = "c"];
	q28 -> q50 [label = "c"];
	q99 -> q42 [label = "b"];
	q35 -> q31 [label = "b"];
	q99 -> q108 [label = "a"];
	q71 -> q65 [label = "b"];
	q31 -> q29 [label = "b"];
	q103 -> q32 [label = "b"];
	q27 -> q30 [label = "a"];
	q42 -> q41 [label = "b"];
	q103 -> q46 [label = "c"];
	q54 -> q29 [label = "b"];
	q58 -> q30 [label = "a"];
	q101 -> q30 [label = "a"];
	q108 -> q25 [label = "a"];
	q106 -> q72 [label = "b"];
	q102 -> q45 [label = "a"];
	q98 -> q43 [label = "c"];
	q26 -> q54 [label = "b"];
	q101 -> q48 [label = "b"];
	q33 -> q86 [label = "b"];
	q97 -> q48 [label = "b"];
	q44 -> q32 [label = "a"];
	q53 -> q53 [label = "b"];
	q107 -> q98 [label = "c"];
	q11 -> q6 [label = "c"];
	q32 -> q29 [label = "a"];
	q34 -> q106 [label = "a"];
	q106 -> q49 [label = "a"];
	q56 -> q34 [label = "c"];
	q64 -> q39 [label = "a"];
	q77 -> q38 [label = "b"];
	q108 -> q29 [label = "b"];
	q46 -> q108 [label = "b"];
	q0 -> q33 [label = "c"];
	q100 -> q101 [label = "c"];
	q55 -> q99 [label = "b"];
	q94 -> q59 [label = "c"];
	q86 -> q81 [label = "b"];
	q82 -> q81 [label = "b"];
	q100 -> q108 [label = "b"];
	q5 -> q1 [label = "a"];
	q12 -> q93 [label = "c"];
	q22 -> q33 [label = "c"];
	q14 -> q13 [label = "a"];
	q95 -> q96 [label = "c"];
	q38 -> q78 [label = "c"];
	q93 -> q76 [label = "b"];
	q4 -> q87 [label = "c"];
	q6 -> q82 [label = "c"];
	q105 -> q31 [label = "b"];
	q65 -> q70 [label = "b"];
	q1 -> q33 [label = "c"];
	q106 -> q98 [label = "c"];
	q97 -> q28 [label = "a"];
	q11 -> q30 [label = "b"];
	q100 -> q32 [label = "a"];
	q33 -> q50 [label = "c"];
	q40 -> q81 [label = "b"];
	q103 -> q49 [label = "a"];
	q105 -> q54 [label = "a"];
	q3 -> q28 [label = "a"];
	q51 -> q48 [label = "b"];
	q82 -> q89 [label = "c"];
	q96 -> q95 [label = "b"];
	q43 -> q89 [label = "c"];
	q84 -> q86 [label = "b"];
	q2 -> q33 [label = "c"];
	q93 -> q87 [label = "c"];
	q30 -> q98 [label = "c"];
	q94 -> q107 [label = "a"];
	q44 -> q6 [label = "c"];
	q46 -> q40 [label = "c"];
	q50 -> q52 [label = "a"];
	q92 -> q102 [label = "b"];
	q88 -> q8 [label = "c"];
	q70 -> q74 [label = "c"];
	q39 -> q29 [label = "a"];
	q91 -> q47 [label = "a"];
	q90 -> q96 [label = "c"];
	q102 -> q41 [label = "b"];
	q39 -> q6 [label = "c"];
	q95 -> q31 [label = "b"];
	q92 -> q26 [label = "a"];
	q93 -> q97 [label = "a"];
	q98 -> q32 [label = "a"];
	q72 -> q108 [label = "b"];
	q89 -> q50 [label = "c"];
	q14 -> q12 [label = "c"];
	q23 -> q21 [label = "c"];
	q54 -> q100 [label = "c"];
	q32 -> q98 [label = "c"];
	q37 -> q71 [label = "c"];
	q43 -> q48 [label = "b"];
	q41 -> q53 [label = "b"];
	q50 -> q86 [label = "b"];
	q89 -> q76 [label = "b"];
	q24 -> q49 [label = "a"];
	q58 -> q33 [label = "c"];
	q48 -> q108 [label = "b"];
	q23 -> q32 [label = "a"];
	q9 -> q95 [label = "b"];
	q79 -> q48 [label = "b"];
	q20 -> q18 [label = "c"];
	q11 -> q49 [label = "a"];
	q15 -> q50 [label = "c"];
	q4 -> q76 [label = "b"];
	q8 -> q75 [label = "c"];
	q97 -> q89 [label = "c"];
	q43 -> q22 [label = "a"];
	q12 -> q104 [label = "a"];
	q14 -> q70 [label = "b"];
	q8 -> q76 [label = "b"];
	q28 -> q64 [label = "b"];
	q102 -> q77 [label = "c"];
	q10 -> q45 [label = "a"];
	q8 -> q3 [label = "a"];
	q10 -> q53 [label = "b"];
	q108 -> q100 [label = "c"];
	q0 -> q28 [label = "a"];
	q2 -> q31 [label = "b"];
	q0 -> q48 [label = "b"];
	q3 -> q33 [label = "c"];
	q57 -> q56 [label = "b"];
	q60 -> q7 [label = "c"];
	q28 -> q107 [label = "a"];
	q24 -> q29 [label = "b"];
	q6 -> q38 [label = "b"];
	q59 -> q85 [label = "a"];
	q4 -> q0 [label = "a"];
	q36 -> q60 [label = "c"];
	q5 -> q75 [label = "c"];
	q1 -> q28 [label = "a"];
	q3 -> q48 [label = "b"];
	q7 -> q87 [label = "c"];
	q12 -> q76 [label = "b"];
	q45 -> q6 [label = "c"];
	q7 -> q86 [label = "b"];
	q6 -> q35 [label = "a"];
	q21 -> q30 [label = "a"];
	q47 -> q32 [label = "a"];
	q5 -> q86 [label = "b"];
	q9 -> q4 [label = "c"];
	q15 -> q14 [label = "b"];
	q10 -> q9 [label = "c"];
	q13 -> q10 [label = "b"];
	q15 -> q106 [label = "a"];
	q105 -> q89 [label = "c"];
	q16 -> q81 [label = "b"];
	q59 -> q86 [label = "b"];
	q61 -> q58 [label = "a"];
	q79 -> q30 [label = "a"];
	q18 -> q104 [label = "a"];
	q22 -> q31 [label = "b"];
	q104 -> q48 [label = "b"];
	q51 -> q33 [label = "c"];
	q67 -> q70 [label = "b"];
	q20 -> q85 [label = "a"];
	q96 -> q30 [label = "a"];
	q16 -> q15 [label = "c"];
	q96 -> q7 [label = "c"];
	q98 -> q38 [label = "b"];
	q17 -> q16 [label = "a"];
	q71 -> q75 [label = "c"];
	q59 -> q87 [label = "c"];
	q17 -> q76 [label = "b"];
	q19 -> q97 [label = "a"];
	q23 -> q31 [label = "b"];
	q22 -> q30 [label = "a"];
	q20 -> q86 [label = "b"];
	q18 -> q17 [label = "c"];
	q85 -> q31 [label = "b"];
	q44 -> q23 [label = "b"];
	q46 -> q35 [label = "a"];
	q2 -> q28 [label = "a"];
	q45 -> q30 [label = "b"];
	q107 -> q49 [label = "a"];
	q99 -> q77 [label = "c"];
	q48 -> q39 [label = "a"];
	q67 -> q71 [label = "c"];
	q21 -> q5 [label = "c"];
	q55 -> q29 [label = "a"];
	q52 -> q28 [label = "a"];
	q49 -> q24 [label = "a"];
	q53 -> q88 [label = "c"];
	q63 -> q60 [label = "c"];
	q51 -> q30 [label = "a"];
	q55 -> q46 [label = "c"];
	q49 -> q50 [label = "c"];
	q83 -> q39 [label = "a"];
	q53 -> q45 [label = "a"];
	q40 -> q33 [label = "c"];
	q50 -> q75 [label = "c"];
	q54 -> q32 [label = "a"];
	q9 -> q27 [label = "a"];
	q1 -> q31 [label = "b"];
	q62 -> q59 [label = "c"];
	q69 -> q39 [label = "a"];
	q95 -> q39 [label = "a"];
	q62 -> q106 [label = "a"];
	q68 -> q78 [label = "c"];
	q107 -> q54 [label = "b"];
	q62 -> q76 [label = "b"];
	q58 -> q31 [label = "b"];
	q61 -> q57 [label = "c"];
	q57 -> q20 [label = "c"];
	q63 -> q31 [label = "b"];
	q60 -> q63 [label = "b"];
	q61 -> q48 [label = "b"];
	q63 -> q49 [label = "a"];
}
DFA size: 109 states

NL* output after 13 EQ and 11782 MQ:
digraph finite_state_machine {
	rankdir=LR;
	node [shape = circle];
	s0 [shape = point, style = invis, start="true" ];
	q0 [label = "q0"];
	q1 [label = "q1", shape = doublecircle, final="true" ];
	q2 [label = "q2"];
	q3 [label = "q3", shape = doublecircle, final="true" ];
	q4 [label = "q4", shape = doublecircle, final="true" ];
	q5 [label = "q5"];
	q6 [label = "q6", shape = doublecircle, final="true" ];
	q7 [label = "q7", shape = doublecircle, final="true" ];
	q8 [label = "q8", shape = doublecircle, final="true" ];
	q9 [label = "q9", shape = doublecircle, final="true" ];
	q10 [label = "q10", shape = doublecircle, final="true" ];
	q11 [label = "q11", shape = doublecircle, final="true" ];
	q12 [label = "q12", shape = doublecircle, final="true" ];
	q13 [label = "q13"];
	q14 [label = "q14"];
	q15 [label = "q15", shape = doublecircle, final="true" ];
	q16 [label = "q16", shape = doublecircle, final="true" ];
	q17 [label = "q17"];
	q18 [label = "q18", shape = doublecircle, final="true" ];
	q19 [label = "q19"];
	q20 [label = "q20", shape = doublecircle, final="true" ];
	q21 [label = "q21"];
	q22 [label = "q22", shape = doublecircle, final="true" ];
	q23 [label = "q23", shape = doublecircle, final="true" ];
	q24 [label = "q24", shape = doublecircle, final="true" ];
	q25 [label = "q25", shape = doublecircle, final="true" ];
	q26 [label = "q26", shape = doublecircle, final="true" ];
	q27 [label = "q27", shape = doublecircle, final="true" ];
	q28 [label = "q28", shape = doublecircle, final="true" ];
	q29 [label = "q29", shape = doublecircle, final="true" ];
	q30 [label = "q30"];
	q31 [label = "q31"];
	q32 [label = "q32", shape = doublecircle, final="true" ];
	q33 [label = "q33", shape = doublecircle, final="true" ];
	q34 [label = "q34", shape = doublecircle, final="true" ];
	q35 [label = "q35", shape = doublecircle, final="true" ];
	q36 [label = "q36", shape = doublecircle, final="true" ];
	q37 [label = "q37", shape = doublecircle, final="true" ];
	q38 [label = "q38"];
	q39 [label = "q39", shape = doublecircle, final="true" ];
	q40 [label = "q40", shape = doublecircle, final="true" ];
	q41 [label = "q41", shape = doublecircle, final="true" ];
	q42 [label = "q42"];
	q43 [label = "q43"];
	q44 [label = "q44", shape = doublecircle, final="true" ];
	q45 [label = "q45", shape = doublecircle, final="true" ];
	q46 [label = "q46"];
	s0 -> q15
	q41 -> q40 [label = "c"];
	q45 -> q18 [label = "a"];
	q41 -> q44 [label = "b"];
	q43 -> q42 [label = "a"];
	q43 -> q44 [label = "a, b"];
	q45 -> q41 [label = "c"];
	q45 -> q39 [label = "c"];
	q41 -> q11 [label = "b"];
	q45 -> q12 [label = "c"];
	q45 -> q8 [label = "c"];
	q40 -> q41 [label = "c"];
	q42 -> q45 [label = "a"];
	q42 -> q39 [label = "a"];
	q42 -> q37 [label = "a"];
	q42 -> q12 [label = "a"];
	q42 -> q1 [label = "a"];
	q40 -> q30 [label = "a"];
	q42 -> q42 [label = "b"];
	q42 -> q32 [label = "b"];
	q42 -> q11 [label = "b"];
	q44 -> q46 [label = "c"];
	q38 -> q37 [label = "a"];
	q38 -> q19 [label = "a"];
	q38 -> q14 [label = "a"];
	q36 -> q23 [label = "b"];
	q39 -> q44 [label = "b"];
	q37 -> q42 [label = "a"];
	q37 -> q38 [label = "a"];
	q33 -> q46 [label = "c"];
	q33 -> q19 [label = "c"];
	q33 -> q8 [label = "c"];
	q33 -> q2 [label = "c"];
	q35 -> q46 [label = "a, c"];
	q35 -> q37 [label = "a"];
	q35 -> q29 [label = "a"];
	q35 -> q28 [label = "a"];
	q35 -> q22 [label = "a"];
	q35 -> q19 [label = "a"];
	q35 -> q17 [label = "a"];
	q35 -> q15 [label = "a"];
	q35 -> q13 [label = "a"];
	q35 -> q12 [label = "a, c"];
	q35 -> q5 [label = "a"];
	q35 -> q45 [label = "a, b"];
	q35 -> q44 [label = "a, b"];
	q35 -> q30 [label = "a, b"];
	q35 -> q10 [label = "a, b"];
	q35 -> q6 [label = "a, b"];
	q35 -> q4 [label = "a, b"];
	q35 -> q0 [label = "a, b"];
	q33 -> q33 [label = "a"];
	q33 -> q23 [label = "a, b"];
	q33 -> q18 [label = "a, b"];
	q33 -> q4 [label = "a"];
	q38 -> q45 [label = "a, b"];
	q38 -> q44 [label = "b"];
	q38 -> q33 [label = "b"];
	q38 -> q30 [label = "b"];
	q38 -> q11 [label = "b"];
	q38 -> q10 [label = "b"];
	q38 -> q4 [label = "b"];
	q36 -> q32 [label = "a, b"];
	q36 -> q25 [label = "a"];
	q36 -> q18 [label = "a"];
	q38 -> q36 [label = "a"];
	q36 -> q11 [label = "a, b"];
	q37 -> q40 [label = "c"];
	q36 -> q4 [label = "a"];
	q36 -> q0 [label = "a"];
	q38 -> q46 [label = "a, c"];
	q38 -> q41 [label = "a, c"];
	q38 -> q40 [label = "a, c"];
	q39 -> q40 [label = "c"];
	q38 -> q12 [label = "a, c"];
	q38 -> q1 [label = "a, c"];
	q34 -> q43 [label = "a, c"];
	q34 -> q40 [label = "a"];
	q34 -> q39 [label = "a"];
	q34 -> q31 [label = "a, c"];
	q34 -> q19 [label = "a"];
	q32 -> q42 [label = "b"];
	q32 -> q32 [label = "b"];
	q32 -> q25 [label = "b"];
	q32 -> q23 [label = "b"];
	q32 -> q18 [label = "b"];
	q33 -> q44 [label = "a, b"];
	q32 -> q11 [label = "b"];
	q32 -> q3 [label = "b"];
	q36 -> q41 [label = "c"];
	q36 -> q40 [label = "c"];
	q36 -> q39 [label = "c"];
	q36 -> q14 [label = "c"];
	q36 -> q12 [label = "c"];
	q37 -> q11 [label = "b"];
	q34 -> q42 [label = "b, c"];
	q34 -> q38 [label = "b"];
	q34 -> q33 [label = "b"];
	q34 -> q32 [label = "b"];
	q36 -> q46 [label = "c"];
	q34 -> q16 [label = "b"];
	q34 -> q11 [label = "b"];
	q42 -> q34 [label = "b"];
	q34 -> q10 [label = "b"];
	q37 -> q23 [label = "b"];
	q32 -> q46 [label = "a, c"];
	q32 -> q43 [label = "a"];
	q32 -> q40 [label = "a"];
	q32 -> q39 [label = "a"];
	q32 -> q37 [label = "a"];
	q32 -> q19 [label = "a"];
	q32 -> q14 [label = "a"];
	q32 -> q5 [label = "a"];
	q32 -> q1 [label = "a"];
	q31 -> q32 [label = "a"];
	q31 -> q30 [label = "a"];
	q31 -> q0 [label = "a"];
	q29 -> q34 [label = "b"];
	q27 -> q46 [label = "c"];
	q27 -> q19 [label = "c"];
	q27 -> q2 [label = "c"];
	q30 -> q45 [label = "a"];
	q33 -> q37 [label = "c"];
	q30 -> q37 [label = "a"];
	q30 -> q36 [label = "a"];
	q30 -> q5 [label = "a"];
	q28 -> q3 [label = "b"];
	q39 -> q42 [label = "a"];
	q26 -> q46 [label = "c"];
	q26 -> q41 [label = "c"];
	q26 -> q28 [label = "c"];
	q26 -> q14 [label = "c"];
	q43 -> q32 [label = "a"];
	q26 -> q12 [label = "c"];
	q26 -> q8 [label = "c"];
	q43 -> q0 [label = "a"];
	q33 -> q17 [label = "b"];
	q31 -> q18 [label = "a"];
	q29 -> q44 [label = "a, b"];
	q29 -> q42 [label = "a, b"];
	q29 -> q37 [label = "a"];
	q32 -> q36 [label = "a"];
	q29 -> q32 [label = "a, b"];
	q29 -> q29 [label = "a"];
	q29 -> q24 [label = "a"];
	q29 -> q23 [label = "a, b"];
	q38 -> q9 [label = "b"];
	q32 -> q8 [label = "a"];
	q29 -> q21 [label = "a"];
	q29 -> q17 [label = "a"];
	q29 -> q15 [label = "a"];
	q29 -> q13 [label = "a"];
	q29 -> q11 [label = "a, b"];
	q29 -> q9 [label = "a"];
	q31 -> q41 [label = "c"];
	q31 -> q39 [label = "c"];
	q35 -> q39 [label = "a, c"];
	q31 -> q37 [label = "c"];
	q27 -> q38 [label = "a"];
	q27 -> q32 [label = "a"];
	q26 -> q39 [label = "c"];
	q27 -> q30 [label = "a"];
	q27 -> q25 [label = "a"];
	q38 -> q42 [label = "b"];
	q27 -> q24 [label = "a"];
	q27 -> q16 [label = "a"];
	q28 -> q16 [label = "b"];
	q27 -> q11 [label = "a"];
	q27 -> q4 [label = "a"];
	q38 -> q8 [label = "a, c"];
	q34 -> q34 [label = "b"];
	q25 -> q44 [label = "b"];
	q25 -> q34 [label = "b"];
	q25 -> q32 [label = "b"];
	q25 -> q25 [label = "b"];
	q25 -> q24 [label = "b"];
	q25 -> q18 [label = "b"];
	q25 -> q10 [label = "b"];
	q25 -> q4 [label = "b"];
	q25 -> q3 [label = "b"];
	q25 -> q0 [label = "b"];
	q29 -> q43 [label = "a, c"];
	q29 -> q41 [label = "a, c"];
	q29 -> q40 [label = "a, c"];
	q29 -> q39 [label = "a, c"];
	q30 -> q14 [label = "a"];
	q27 -> q20 [label = "a"];
	q29 -> q12 [label = "a, c"];
	q27 -> q45 [label = "a, b"];
	q29 -> q36 [label = "a"];
	q27 -> q44 [label = "a, b"];
	q27 -> q23 [label = "a, b"];
	q27 -> q18 [label = "a, b"];
	q34 -> q14 [label = "a"];
	q25 -> q46 [label = "a, c"];
	q25 -> q43 [label = "a"];
	q25 -> q40 [label = "a"];
	q25 -> q20 [label = "a"];
	q25 -> q19 [label = "a"];
	q35 -> q24 [label = "a, b"];
	q25 -> q14 [label = "a"];
	q25 -> q5 [label = "a"];
	q34 -> q4 [label = "b"];
	q25 -> q1 [label = "a"];
	q35 -> q32 [label = "a, b"];
	q30 -> q44 [label = "b"];
	q30 -> q42 [label = "b"];
	q30 -> q34 [label = "b"];
	q30 -> q25 [label = "b"];
	q30 -> q23 [label = "b"];
	q30 -> q11 [label = "b"];
	q28 -> q38 [label = "a"];
	q26 -> q40 [label = "c"];
	q28 -> q35 [label = "a"];
	q28 -> q29 [label = "a"];
	q28 -> q14 [label = "a"];
	q28 -> q2 [label = "a"];
	q42 -> q14 [label = "a"];
	q24 -> q22 [label = "c"];
	q28 -> q30 [label = "a"];
	q30 -> q46 [label = "a, c"];
	q34 -> q12 [label = "a"];
	q30 -> q41 [label = "a, c"];
	q30 -> q40 [label = "a, c"];
	q30 -> q39 [label = "a, c"];
	q30 -> q31 [label = "a, c"];
	q30 -> q8 [label = "a, c"];
	q30 -> q1 [label = "a, c"];
	q26 -> q38 [label = "a"];
	q26 -> q34 [label = "a"];
	q26 -> q32 [label = "a"];
	q26 -> q25 [label = "a"];
	q26 -> q24 [label = "a"];
	q42 -> q8 [label = "a"];
	q35 -> q14 [label = "a"];
	q26 -> q20 [label = "a"];
	q26 -> q11 [label = "a"];
	q26 -> q21 [label = "c"];
	q26 -> q9 [label = "a"];
	q26 -> q6 [label = "a"];
	q29 -> q31 [label = "a, c"];
	q26 -> q4 [label = "a"];
	q26 -> q0 [label = "a"];
	q33 -> q3 [label = "a, b"];
	q24 -> q42 [label = "b"];
	q24 -> q34 [label = "b"];
	q25 -> q11 [label = "b"];
	q24 -> q32 [label = "b"];
	q24 -> q11 [label = "b"];
	q28 -> q23 [label = "b"];
	q29 -> q33 [label = "a"];
	q28 -> q46 [label = "a, c"];
	q28 -> q42 [label = "a, c"];
	q28 -> q41 [label = "a, c"];
	q28 -> q21 [label = "a, c"];
	q28 -> q12 [label = "a, c"];
	q41 -> q42 [label = "a"];
	q28 -> q11 [label = "a, b, c"];
	q28 -> q1 [label = "a, c"];
	q29 -> q27 [label = "a"];
	q26 -> q45 [label = "a, b"];
	q26 -> q44 [label = "a, b"];
	q33 -> q12 [label = "c"];
	q26 -> q33 [label = "a, b"];
	q26 -> q23 [label = "a, b"];
	q26 -> q19 [label = "b, c"];
	q29 -> q4 [label = "a"];
	q26 -> q18 [label = "a, b"];
	q26 -> q15 [label = "b"];
	q26 -> q3 [label = "a, b"];
	q24 -> q45 [label = "a"];
	q24 -> q44 [label = "a, b"];
	q24 -> q43 [label = "a"];
	q24 -> q41 [label = "a"];
	q24 -> q31 [label = "a, c"];
	q34 -> q3 [label = "b"];
	q24 -> q27 [label = "a, b"];
	q28 -> q37 [label = "a"];
	q24 -> q23 [label = "a, b"];
	q27 -> q14 [label = "c"];
	q24 -> q21 [label = "a"];
	q24 -> q20 [label = "a"];
	q24 -> q18 [label = "a, b"];
	q28 -> q44 [label = "a, b, c"];
	q24 -> q17 [label = "a, b"];
	q26 -> q43 [label = "b"];
	q24 -> q13 [label = "a, c"];
	q28 -> q40 [label = "a, c"];
	q24 -> q12 [label = "a"];
	q40 -> q11 [label = "a, b"];
	q34 -> q23 [label = "b"];
	q9 -> q40 [label = "a, c"];
	q46 -> q11 [label = "a, b"];
	q35 -> q42 [label = "a, b"];
	q31 -> q42 [label = "a"];
	q9 -> q28 [label = "c"];
	q25 -> q37 [label = "a"];
	q5 -> q18 [label = "a"];
	q9 -> q5 [label = "a, b, c"];
	q38 -> q6 [label = "b"];
	q7 -> q18 [label = "a, b, c"];
	q13 -> q46 [label = "a"];
	q42 -> q44 [label = "b"];
	q13 -> q40 [label = "a"];
	q13 -> q39 [label = "a, c"];
	q24 -> q2 [label = "a, c"];
	q13 -> q31 [label = "a"];
	q36 -> q42 [label = "a"];
	q7 -> q19 [label = "a, b, c"];
	q13 -> q18 [label = "a"];
	q21 -> q1 [label = "a, c"];
	q46 -> q12 [label = "c"];
	q13 -> q15 [label = "a"];
	q22 -> q31 [label = "a"];
	q45 -> q37 [label = "c"];
	q13 -> q14 [label = "a"];
	q31 -> q11 [label = "a, b"];
	q5 -> q9 [label = "a"];
	q13 -> q9 [label = "a"];
	q22 -> q20 [label = "a"];
	q1 -> q11 [label = "b"];
	q13 -> q6 [label = "a"];
	q20 -> q46 [label = "c"];
	q13 -> q3 [label = "a"];
	q9 -> q8 [label = "a, c"];
	q13 -> q2 [label = "a"];
	q6 -> q14 [label = "a, c"];
	q13 -> q19 [label = "a"];
	q10 -> q44 [label = "b, c"];
	q44 -> q44 [label = "b"];
	q24 -> q40 [label = "a, c"];
	q10 -> q41 [label = "a, b, c"];
	q34 -> q41 [label = "a"];
	q10 -> q37 [label = "a, b, c"];
	q13 -> q24 [label = "a"];
	q7 -> q31 [label = "a"];
	q12 -> q44 [label = "b"];
	q12 -> q11 [label = "b"];
	q2 -> q42 [label = "a"];
	q9 -> q39 [label = "a, c"];
	q35 -> q8 [label = "a, c"];
	q34 -> q20 [label = "a, b"];
	q9 -> q21 [label = "c"];
	q38 -> q18 [label = "b"];
	q27 -> q33 [label = "a, b"];
	q21 -> q8 [label = "a, c"];
	q3 -> q6 [label = "a"];
	q14 -> q30 [label = "a"];
	q28 -> q24 [label = "b"];
	q18 -> q20 [label = "a"];
	q21 -> q42 [label = "a"];
	q10 -> q13 [label = "b"];
	q10 -> q39 [label = "a, b, c"];
	q13 -> q44 [label = "a, b"];
	q13 -> q25 [label = "b"];
	q15 -> q44 [label = "a"];
	q29 -> q2 [label = "a"];
	q24 -> q19 [label = "a"];
	q43 -> q12 [label = "c"];
	q40 -> q42 [label = "a"];
	q38 -> q23 [label = "b"];
	q34 -> q24 [label = "b"];
	q20 -> q40 [label = "c"];
	q35 -> q2 [label = "a"];
	q25 -> q41 [label = "a"];
	q4 -> q30 [label = "b"];
	q35 -> q25 [label = "a, b"];
	q3 -> q3 [label = "a, b"];
	q38 -> q24 [label = "b"];
	q14 -> q11 [label = "a, b"];
	q10 -> q23 [label = "b"];
	q4 -> q43 [label = "a, b"];
	q20 -> q12 [label = "c"];
	q20 -> q19 [label = "c"];
	q35 -> q41 [label = "a, c"];
	q20 -> q8 [label = "c"];
	q18 -> q44 [label = "b"];
	q21 -> q29 [label = "a"];
	q9 -> q3 [label = "b"];
	q18 -> q18 [label = "b"];
	q16 -> q42 [label = "b"];
	q36 -> q19 [label = "c"];
	q13 -> q42 [label = "a"];
	q21 -> q11 [label = "a, b"];
	q16 -> q32 [label = "b"];
	q16 -> q30 [label = "b"];
	q20 -> q23 [label = "b"];
	q10 -> q46 [label = "a, b, c"];
	q16 -> q33 [label = "a, b"];
	q16 -> q23 [label = "a, b"];
	q16 -> q21 [label = "b"];
	q22 -> q9 [label = "a"];
	q35 -> q43 [label = "a, c"];
	q16 -> q19 [label = "a, b"];
	q2 -> q8 [label = "a"];
	q11 -> q42 [label = "b"];
	q16 -> q17 [label = "a, b"];
	q17 -> q42 [label = "a"];
	q36 -> q44 [label = "a, b"];
	q10 -> q8 [label = "a, b, c"];
	q0 -> q34 [label = "b"];
	q16 -> q12 [label = "b"];
	q0 -> q14 [label = "a, c"];
	q13 -> q45 [label = "a"];
	q13 -> q33 [label = "a"];
	q9 -> q19 [label = "a, c"];
	q6 -> q33 [label = "a"];
	q45 -> q23 [label = "b"];
	q16 -> q41 [label = "b"];
	q3 -> q4 [label = "a"];
	q10 -> q18 [label = "b, c"];
	q16 -> q4 [label = "b"];
	q1 -> q30 [label = "a"];
	q10 -> q40 [label = "a, b, c"];
	q22 -> q13 [label = "a"];
	q24 -> q4 [label = "a"];
	q22 -> q27 [label = "a"];
	q17 -> q6 [label = "a"];
	q3 -> q44 [label = "a, b"];
	q9 -> q37 [label = "a, c"];
	q22 -> q1 [label = "a, c"];
	q15 -> q37 [label = "c"];
	q13 -> q21 [label = "a"];
	q16 -> q22 [label = "b, c"];
	q35 -> q9 [label = "a, b"];
	q3 -> q2 [label = "c"];
	q15 -> q14 [label = "c"];
	q21 -> q21 [label = "a"];
	q22 -> q6 [label = "a"];
	q22 -> q44 [label = "a, b"];
	q13 -> q41 [label = "a, c"];
	q22 -> q21 [label = "a"];
	q22 -> q14 [label = "a"];
	q16 -> q24 [label = "b"];
	q15 -> q16 [label = "a"];
	q45 -> q46 [label = "c"];
	q35 -> q23 [label = "a, b"];
	q22 -> q24 [label = "a, b"];
	q4 -> q2 [label = "b, c"];
	q15 -> q8 [label = "c"];
	q29 -> q6 [label = "a"];
	q22 -> q18 [label = "a"];
	q42 -> q31 [label = "a"];
	q39 -> q30 [label = "a"];
	q34 -> q45 [label = "a, b"];
	q20 -> q3 [label = "b"];
	q33 -> q21 [label = "c"];
	q9 -> q2 [label = "c"];
	q45 -> q3 [label = "b"];
	q16 -> q25 [label = "b"];
	q7 -> q7 [label = "a"];
	q17 -> q3 [label = "a"];
	q26 -> q17 [label = "b"];
	q13 -> q43 [label = "a"];
	q25 -> q12 [label = "a"];
	q22 -> q33 [label = "a"];
	q22 -> q12 [label = "a, c"];
	q6 -> q27 [label = "a, b"];
	q20 -> q11 [label = "b"];
	q21 -> q37 [label = "a"];
	q45 -> q19 [label = "c"];
	q14 -> q38 [label = "a"];
	q17 -> q30 [label = "a"];
	q6 -> q8 [label = "a, c"];
	q7 -> q28 [label = "a, c"];
	q16 -> q38 [label = "b"];
	q22 -> q3 [label = "a, b"];
	q22 -> q42 [label = "a"];
	q37 -> q30 [label = "a"];
	q10 -> q32 [label = "b, c"];
	q38 -> q38 [label = "b"];
	q0 -> q45 [label = "a"];
	q43 -> q46 [label = "c"];
	q34 -> q5 [label = "a, c"];
	q18 -> q45 [label = "a"];
	q22 -> q43 [label = "a"];
	q20 -> q4 [label = "a"];
	q16 -> q26 [label = "a"];
	q7 -> q22 [label = "a"];
	q9 -> q36 [label = "a, c"];
	q11 -> q31 [label = "c"];
	q24 -> q33 [label = "a"];
	q22 -> q37 [label = "a, c"];
	q38 -> q25 [label = "b"];
	q16 -> q6 [label = "a, b"];
	q7 -> q4 [label = "a"];
	q35 -> q38 [label = "a, b"];
	q24 -> q14 [label = "a, c"];
	q2 -> q3 [label = "b"];
	q10 -> q4 [label = "b"];
	q9 -> q14 [label = "a, c"];
	q16 -> q29 [label = "b"];
	q20 -> q10 [label = "a"];
	q42 -> q19 [label = "a"];
	q22 -> q29 [label = "a"];
	q27 -> q0 [label = "a"];
	q43 -> q14 [label = "c"];
	q20 -> q32 [label = "b"];
	q38 -> q31 [label = "a, c"];
	q19 -> q12 [label = "c"];
	q16 -> q40 [label = "b, c"];
	q4 -> q39 [label = "a, b, c"];
	q22 -> q45 [label = "a"];
	q7 -> q44 [label = "a, b, c"];
	q30 -> q19 [label = "a"];
	q44 -> q18 [label = "b"];
	q17 -> q18 [label = "a, b"];
	q20 -> q18 [label = "a"];
	q46 -> q41 [label = "c"];
	q13 -> q1 [label = "a, c"];
	q13 -> q17 [label = "a"];
	q43 -> q39 [label = "c"];
	q46 -> q42 [label = "a"];
	q13 -> q11 [label = "a, b"];
	q16 -> q8 [label = "b, c"];
	q35 -> q1 [label = "a, c"];
	q43 -> q8 [label = "c"];
	q33 -> q41 [label = "c"];
	q16 -> q36 [label = "b"];
	q16 -> q0 [label = "b"];
	q10 -> q21 [label = "b, c"];
	q0 -> q39 [label = "a, c"];
	q13 -> q12 [label = "a, c"];
	q10 -> q38 [label = "b, c"];
	q35 -> q11 [label = "a, b"];
	q10 -> q11 [label = "b, c"];
	q26 -> q37 [label = "c"];
	q4 -> q8 [label = "a, b, c"];
	q43 -> q19 [label = "c"];
	q29 -> q45 [label = "a"];
	q3 -> q18 [label = "a, b"];
	q34 -> q36 [label = "a"];
	q14 -> q42 [label = "a"];
	q46 -> q30 [label = "a"];
	q38 -> q5 [label = "a"];
	q33 -> q39 [label = "c"];
	q32 -> q45 [label = "a"];
	q0 -> q42 [label = "b"];
	q17 -> q19 [label = "c"];
	q22 -> q11 [label = "a, b, c"];
	q4 -> q4 [label = "b"];
	q43 -> q30 [label = "a"];
	q4 -> q18 [label = "b"];
	q16 -> q43 [label = "a, b"];
	q19 -> q30 [label = "a"];
	q7 -> q15 [label = "a, b"];
	q33 -> q45 [label = "a"];
	q16 -> q3 [label = "a, b"];
	q24 -> q37 [label = "a"];
	q22 -> q5 [label = "a"];
	q22 -> q25 [label = "a, b"];
	q36 -> q37 [label = "c"];
	q15 -> q46 [label = "c"];
	q13 -> q29 [label = "a"];
	q38 -> q0 [label = "b"];
	q21 -> q19 [label = "a"];
	q39 -> q11 [label = "b"];
	q33 -> q20 [label = "a"];
	q10 -> q28 [label = "c"];
	q43 -> q40 [label = "c"];
	q42 -> q43 [label = "a, c"];
	q16 -> q13 [label = "b, c"];
	q31 -> q9 [label = "a"];
	q21 -> q12 [label = "a, c"];
	q37 -> q44 [label = "b"];
	q32 -> q31 [label = "a, c"];
	q9 -> q20 [label = "a"];
	q32 -> q13 [label = "c"];
	q46 -> q44 [label = "a, b"];
	q4 -> q40 [label = "a, b, c"];
	q10 -> q42 [label = "b, c"];
	q22 -> q8 [label = "a"];
	q21 -> q40 [label = "a, c"];
	q22 -> q19 [label = "a"];
	q16 -> q1 [label = "b"];
	q10 -> q25 [label = "b, c"];
	q16 -> q45 [label = "a, b"];
	q0 -> q44 [label = "b"];
	q9 -> q46 [label = "a, c"];
	q20 -> q41 [label = "c"];
	q23 -> q44 [label = "a, b"];
	q16 -> q39 [label = "b"];
	q19 -> q44 [label = "a, b"];
	q16 -> q46 [label = "b, c"];
	q40 -> q44 [label = "a"];
	q22 -> q26 [label = "a"];
	q18 -> q46 [label = "c"];
	q29 -> q14 [label = "a"];
	q26 -> q30 [label = "a"];
	q16 -> q10 [label = "b"];
	q17 -> q33 [label = "a"];
	q4 -> q44 [label = "b"];
	q38 -> q34 [label = "b"];
	q9 -> q31 [label = "a, c"];
	q38 -> q43 [label = "a, c"];
	q29 -> q0 [label = "a"];
	q20 -> q24 [label = "b"];
	q35 -> q18 [label = "a, b"];
	q7 -> q41 [label = "a, c"];
	q33 -> q40 [label = "c"];
	q10 -> q24 [label = "b"];
	q42 -> q40 [label = "a"];
	q13 -> q37 [label = "a, c"];
	q27 -> q3 [label = "a, b"];
	q16 -> q5 [label = "b"];
	q4 -> q15 [label = "b"];
	q22 -> q38 [label = "a"];
	q7 -> q33 [label = "a, b"];
	q16 -> q28 [label = "b"];
	q23 -> q45 [label = "a"];
	q17 -> q11 [label = "a"];
	q6 -> q44 [label = "a, b"];
	q4 -> q27 [label = "b"];
	q11 -> q44 [label = "b"];
	q22 -> q39 [label = "a, c"];
	q13 -> q8 [label = "a"];
	q17 -> q24 [label = "a"];
	q22 -> q40 [label = "a"];
	q9 -> q18 [label = "b"];
	q38 -> q3 [label = "b"];
	q22 -> q41 [label = "a, c"];
	q7 -> q8 [label = "a, c"];
	q17 -> q32 [label = "a"];
	q24 -> q15 [label = "a"];
	q43 -> q37 [label = "c"];
	q30 -> q3 [label = "b"];
	q20 -> q39 [label = "c"];
	q22 -> q46 [label = "a"];
	q16 -> q34 [label = "b"];
	q16 -> q31 [label = "b, c"];
	q15 -> q17 [label = "b"];
	q10 -> q19 [label = "a, b, c"];
	q10 -> q9 [label = "b"];
	q16 -> q18 [label = "a, b"];
	q35 -> q31 [label = "a, c"];
	q21 -> q2 [label = "a"];
	q25 -> q38 [label = "b"];
	q22 -> q36 [label = "a"];
	q13 -> q32 [label = "a, b"];
	q34 -> q0 [label = "b"];
	q21 -> q41 [label = "a, c"];
	q24 -> q3 [label = "a, b"];
	q4 -> q1 [label = "a, b, c"];
	q29 -> q19 [label = "a"];
	q22 -> q23 [label = "a, b"];
	q22 -> q0 [label = "a"];
	q21 -> q30 [label = "a"];
	q25 -> q6 [label = "b"];
	q5 -> q30 [label = "a"];
	q38 -> q39 [label = "a, c"];
	q22 -> q2 [label = "a"];
	q0 -> q46 [label = "a, c"];
	q21 -> q44 [label = "a, b"];
	q46 -> q39 [label = "c"];
	q2 -> q11 [label = "a, b"];
	q36 -> q38 [label = "a"];
	q16 -> q11 [label = "b"];
	q0 -> q11 [label = "b"];
	q22 -> q15 [label = "a"];
	q28 -> q8 [label = "a, c"];
	q9 -> q17 [label = "b"];
	q19 -> q38 [label = "a"];
	q32 -> q34 [label = "b"];
	q4 -> q12 [label = "a, b, c"];
	q29 -> q3 [label = "a, b"];
	q13 -> q23 [label = "a"];
	q19 -> q42 [label = "a"];
	q6 -> q46 [label = "a, c"];
	q7 -> q46 [label = "a, c"];
	q0 -> q31 [label = "a, c"];
	q16 -> q44 [label = "a, b"];
	q23 -> q14 [label = "c"];
	q33 -> q14 [label = "c"];
	q6 -> q28 [label = "c"];
	q8 -> q39 [label = "c"];
	q23 -> q46 [label = "c"];
	q28 -> q19 [label = "a"];
	q16 -> q7 [label = "a"];
	q10 -> q2 [label = "b, c"];
	q20 -> q14 [label = "c"];
	q5 -> q44 [label = "a, b"];
	q35 -> q33 [label = "a, b"];
	q5 -> q42 [label = "a"];
	q19 -> q23 [label = "b"];
	q7 -> q30 [label = "a, c"];
	q16 -> q9 [label = "b"];
	q17 -> q0 [label = "a"];
	q27 -> q9 [label = "a"];
	q21 -> q46 [label = "a, c"];
	q32 -> q44 [label = "b"];
	q21 -> q39 [label = "a, c"];
	q17 -> q23 [label = "a"];
	q44 -> q45 [label = "a"];
	q17 -> q9 [label = "a"];
	q43 -> q18 [label = "a"];
	q30 -> q12 [label = "a, c"];
	q10 -> q14 [label = "a, b, c"];
	q32 -> q41 [label = "a"];
	q17 -> q45 [label = "a"];
	q16 -> q2 [label = "b, c"];
	q9 -> q43 [label = "a, c"];
	q34 -> q25 [label = "b"];
	q34 -> q18 [label = "b"];
	q25 -> q39 [label = "a"];
	q23 -> q18 [label = "a, b"];
	q9 -> q45 [label = "a, c"];
	q24 -> q6 [label = "a"];
	q38 -> q32 [label = "b"];
	q26 -> q2 [label = "c"];
	q3 -> q46 [label = "c"];
	q5 -> q11 [label = "a, b"];
	q6 -> q19 [label = "a, c"];
	q14 -> q23 [label = "b"];
	q23 -> q23 [label = "a"];
	q22 -> q16 [label = "a, b"];
	q5 -> q32 [label = "a, b"];
	q2 -> q40 [label = "a"];
	q24 -> q46 [label = "a, c"];
	q7 -> q0 [label = "a"];
	q9 -> q34 [label = "b"];
	q7 -> q1 [label = "a, c"];
	q7 -> q2 [label = "a, c"];
	q7 -> q5 [label = "a"];
	q43 -> q9 [label = "a"];
	q11 -> q18 [label = "b"];
	q25 -> q13 [label = "c"];
	q15 -> q23 [label = "a"];
	q20 -> q37 [label = "c"];
	q7 -> q6 [label = "a"];
	q10 -> q20 [label = "a, b"];
	q6 -> q41 [label = "a, c"];
	q12 -> q8 [label = "c"];
	q45 -> q44 [label = "a, b"];
	q7 -> q9 [label = "a"];
	q25 -> q8 [label = "a"];
	q10 -> q34 [label = "c"];
	q7 -> q10 [label = "a"];
	q45 -> q4 [label = "a"];
	q9 -> q12 [label = "a, c"];
	q24 -> q5 [label = "a, b"];
	q7 -> q11 [label = "a, c"];
	q7 -> q3 [label = "a, b"];
	q7 -> q13 [label = "a"];
	q7 -> q14 [label = "a, c"];
	q21 -> q25 [label = "b"];
	q7 -> q16 [label = "a"];
	q5 -> q19 [label = "c"];
	q2 -> q29 [label = "a"];
	q43 -> q41 [label = "c"];
	q7 -> q17 [label = "a, b"];
	q7 -> q20 [label = "a"];
	q7 -> q23 [label = "a, b"];
	q26 -> q16 [label = "a"];
	q7 -> q24 [label = "a"];
	q7 -> q25 [label = "a, c"];
	q42 -> q25 [label = "b"];
	q2 -> q12 [label = "a, c"];
	q7 -> q32 [label = "a, c"];
	q7 -> q26 [label = "a, b"];
	q35 -> q34 [label = "a, b"];
	q7 -> q27 [label = "a, b"];
	q2 -> q19 [label = "a"];
	q31 -> q44 [label = "a"];
	q7 -> q34 [label = "a, c"];
	q22 -> q32 [label = "a, b"];
	q7 -> q35 [label = "a"];
	q7 -> q36 [label = "a"];
	q34 -> q46 [label = "a, c"];
	q7 -> q37 [label = "a, c"];
	q19 -> q39 [label = "c"];
	q7 -> q38 [label = "a, c"];
	q8 -> q41 [label = "c"];
	q7 -> q39 [label = "a, c"];
	q7 -> q40 [label = "a, c"];
	q11 -> q5 [label = "a"];
	q7 -> q42 [label = "a, c"];
	q7 -> q43 [label = "a, b"];
	q3 -> q20 [label = "a"];
	q9 -> q22 [label = "c"];
	q10 -> q45 [label = "a, b"];
	q18 -> q23 [label = "b"];
	q6 -> q39 [label = "a, c"];
	q7 -> q45 [label = "a, b"];
	q2 -> q1 [label = "a, c"];
	q16 -> q15 [label = "a, b"];
	q3 -> q14 [label = "c"];
	q12 -> q30 [label = "a"];
	q2 -> q39 [label = "a, c"];
	q2 -> q41 [label = "a, c"];
	q42 -> q46 [label = "a"];
	q32 -> q12 [label = "a"];
	q4 -> q42 [label = "b"];
	q4 -> q0 [label = "b"];
	q4 -> q5 [label = "a, b"];
	q36 -> q9 [label = "a"];
	q34 -> q1 [label = "a"];
	q29 -> q5 [label = "a"];
	q4 -> q6 [label = "b"];
	q4 -> q11 [label = "b"];
	q4 -> q13 [label = "b"];
	q7 -> q21 [label = "a, c"];
	q10 -> q29 [label = "b"];
	q35 -> q40 [label = "a, c"];
	q4 -> q14 [label = "a, b, c"];
	q9 -> q1 [label = "a, c"];
	q2 -> q38 [label = "a"];
	q23 -> q33 [label = "a"];
	q4 -> q17 [label = "b"];
	q10 -> q12 [label = "a, b, c"];
	q4 -> q19 [label = "a, b, c"];
	q27 -> q21 [label = "c"];
	q4 -> q21 [label = "b, c"];
	q4 -> q24 [label = "b"];
	q27 -> q42 [label = "a"];
	q16 -> q37 [label = "b"];
	q4 -> q25 [label = "b"];
	q34 -> q37 [label = "a"];
	q8 -> q42 [label = "a"];
	q36 -> q3 [label = "b"];
	q4 -> q29 [label = "b"];
	q4 -> q31 [label = "a, b"];
	q22 -> q4 [label = "a"];
	q15 -> q2 [label = "c"];
	q35 -> q3 [label = "a, b"];
	q4 -> q32 [label = "b"];
	q14 -> q44 [label = "a, b"];
	q0 -> q36 [label = "a"];
	q30 -> q18 [label = "b"];
	q28 -> q39 [label = "a, c"];
	q4 -> q33 [label = "b"];
	q35 -> q27 [label = "a"];
	q3 -> q33 [label = "a"];
	q12 -> q40 [label = "c"];
	q4 -> q37 [label = "a, b, c"];
	q2 -> q25 [label = "b"];
	q9 -> q41 [label = "a, c"];
	q4 -> q9 [label = "b"];
	q4 -> q38 [label = "b"];
	q4 -> q41 [label = "a, b, c"];
	q26 -> q10 [label = "a"];
	q16 -> q14 [label = "b, c"];
	q18 -> q3 [label = "b"];
	q4 -> q45 [label = "a, b"];
	q4 -> q46 [label = "a, b, c"];
	q0 -> q41 [label = "a, c"];
	q6 -> q1 [label = "a, c"];
	q6 -> q2 [label = "a, c"];
	q14 -> q39 [label = "c"];
	q6 -> q3 [label = "a, b"];
	q45 -> q40 [label = "c"];
	q36 -> q24 [label = "b"];
	q6 -> q4 [label = "a"];
	q25 -> q45 [label = "a, b"];
	q6 -> q5 [label = "a"];
	q24 -> q39 [label = "a"];
	q2 -> q30 [label = "a"];
	q6 -> q6 [label = "a"];
	q6 -> q12 [label = "a, c"];
	q8 -> q11 [label = "a, b"];
	q33 -> q6 [label = "a"];
	q25 -> q23 [label = "b"];
	q6 -> q13 [label = "a"];
	q25 -> q30 [label = "b"];
	q6 -> q18 [label = "a, b"];
	q27 -> q6 [label = "a"];
	q13 -> q13 [label = "a"];
	q6 -> q20 [label = "a"];
	q25 -> q42 [label = "b"];
	q6 -> q21 [label = "a, c"];
	q23 -> q6 [label = "a"];
	q34 -> q9 [label = "b"];
	q6 -> q23 [label = "a, b"];
	q6 -> q26 [label = "a"];
	q6 -> q31 [label = "a"];
	q6 -> q36 [label = "a"];
	q17 -> q44 [label = "a, b"];
	q6 -> q37 [label = "a, c"];
	q6 -> q40 [label = "a, c"];
	q45 -> q14 [label = "c"];
	q26 -> q42 [label = "a"];
	q13 -> q0 [label = "a"];
	q6 -> q43 [label = "a"];
	q13 -> q30 [label = "a"];
	q10 -> q0 [label = "b"];
	q15 -> q19 [label = "c"];
	q6 -> q45 [label = "a"];
	q4 -> q23 [label = "b"];
	q1 -> q8 [label = "c"];
	q6 -> q17 [label = "a, b"];
	q1 -> q40 [label = "c"];
	q30 -> q32 [label = "b"];
	q4 -> q20 [label = "a"];
	q2 -> q46 [label = "a"];
	q5 -> q0 [label = "a"];
	q24 -> q36 [label = "a"];
	q10 -> q1 [label = "a, b, c"];
	q3 -> q23 [label = "a, b"];
	q29 -> q25 [label = "a, b"];
	q29 -> q1 [label = "a, c"];
	q16 -> q27 [label = "a, b"];
	q3 -> q45 [label = "a"];
	q25 -> q9 [label = "b"];
	q1 -> q44 [label = "b"];
	q4 -> q36 [label = "a, b"];
	q1 -> q0 [label = "a"];
	q1 -> q42 [label = "a"];
	q0 -> q1 [label = "a, c"];
	q43 -> q11 [label = "a"];
	q34 -> q17 [label = "c"];
	q29 -> q30 [label = "a"];
	q0 -> q8 [label = "a, c"];
	q0 -> q12 [label = "a, c"];
	q34 -> q30 [label = "b"];
	q4 -> q3 [label = "b"];
	q0 -> q19 [label = "a, c"];
	q36 -> q8 [label = "c"];
	q0 -> q43 [label = "a, c"];
	q2 -> q2 [label = "a"];
	q2 -> q14 [label = "a"];
	q2 -> q21 [label = "a"];
	q35 -> q21 [label = "a"];
	q15 -> q21 [label = "c"];
	q2 -> q37 [label = "a"];
	q0 -> q23 [label = "b"];
	q34 -> q44 [label = "b"];
	q8 -> q30 [label = "a"];
	q0 -> q37 [label = "a, c"];
	q7 -> q29 [label = "a"];
	q2 -> q44 [label = "a, b"];
	q28 -> q25 [label = "b"];
	q0 -> q3 [label = "b"];
	q34 -> q8 [label = "a"];
	q0 -> q18 [label = "b"];
	q28 -> q32 [label = "b"];
	q25 -> q33 [label = "b"];
	q25 -> q36 [label = "a"];
	q0 -> q25 [label = "b"];
	q0 -> q32 [label = "b"];
	q35 -> q36 [label = "a"];
	q24 -> q26 [label = "a"];
	q13 -> q5 [label = "a"];
	q2 -> q23 [label = "b"];
	q22 -> q35 [label = "a"];
	q21 -> q14 [label = "a"];
	q24 -> q8 [label = "a, c"];
	q24 -> q25 [label = "b"];
	q2 -> q32 [label = "b"];
	q0 -> q5 [label = "a"];
	q4 -> q28 [label = "c"];
	q10 -> q3 [label = "b"];
	q10 -> q35 [label = "b"];
	q10 -> q6 [label = "b"];
	q10 -> q15 [label = "b"];
	q7 -> q12 [label = "a, c"];
	q9 -> q44 [label = "b"];
	q34 -> q13 [label = "c"];
	q19 -> q11 [label = "a"];
	q10 -> q16 [label = "b"];
	q29 -> q18 [label = "a, b"];
	q10 -> q17 [label = "b"];
	q10 -> q27 [label = "b"];
	q36 -> q30 [label = "a"];
	q10 -> q31 [label = "a, b"];
	q21 -> q32 [label = "b"];
	q10 -> q33 [label = "b"];
	q10 -> q36 [label = "a, b"];
	q10 -> q43 [label = "a, b"];
	q22 -> q30 [label = "a"];
	q8 -> q44 [label = "a"];
	q42 -> q5 [label = "a"];
	q14 -> q12 [label = "c"];
	q14 -> q41 [label = "c"];
	q25 -> q31 [label = "a, c"];
	q12 -> q42 [label = "a"];
	q29 -> q46 [label = "a, c"];
	q11 -> q11 [label = "b"];
	q30 -> q43 [label = "a, c"];
	q11 -> q25 [label = "b"];
	q34 -> q6 [label = "b"];
	q11 -> q32 [label = "b"];
	q20 -> q44 [label = "a, b"];
	q11 -> q34 [label = "b"];
	q10 -> q26 [label = "b"];
	q15 -> q12 [label = "c"];
	q15 -> q28 [label = "c"];
	q10 -> q30 [label = "b, c"];
	q15 -> q39 [label = "c"];
	q15 -> q40 [label = "c"];
	q15 -> q41 [label = "c"];
	q42 -> q41 [label = "a"];
	q10 -> q5 [label = "a, b"];
	q9 -> q23 [label = "b"];
	q42 -> q18 [label = "b"];
	q9 -> q11 [label = "b"];
	q0 -> q40 [label = "a, c"];
	q9 -> q25 [label = "b"];
	q6 -> q15 [label = "a"];
	q9 -> q27 [label = "b"];
	q9 -> q32 [label = "b"];
	q9 -> q42 [label = "b"];
	q34 -> q21 [label = "c"];
	q9 -> q13 [label = "c"];
	q19 -> q8 [label = "c"];
	q19 -> q40 [label = "c"];
	q29 -> q8 [label = "a, c"];
	q22 -> q17 [label = "a"];
	q19 -> q41 [label = "c"];
	q19 -> q46 [label = "c"];
	q33 -> q28 [label = "c"];
	q29 -> q38 [label = "a"];
	q18 -> q21 [label = "c"];
	q23 -> q3 [label = "a"];
	q32 -> q20 [label = "a"];
	q24 -> q1 [label = "a"];
}
NFA size: 47 states

