Random target AFA:
digraph finite_state_machine {
	rankdir=LR;
	node [shape = circle];
	s0 [shape = point, style = invis, start="true" ];
	s1 [shape = point, style = invis, start="true" ];
	q0 [label = "q0"];
	q1 [label = "q1", shape = doublecircle, final="true" ];
	q2 [label = "q2"];
	q3 [label = "q3"];
	q4 [label = "q4"];
	q5 [label = "q5", shape = doublecircle, final="true" ];
	m0 [label = "", shape = square, style = filled, color=grey, fixedsize=true, width=.2];
	m1 [label = "", shape = square, style = filled, color=grey, fixedsize=true, width=.2];
	m2 [label = "", shape = square, style = filled, color=grey, fixedsize=true, width=.2];
	m3 [label = "", shape = square, style = filled, color=grey, fixedsize=true, width=.2];
	m4 [label = "", shape = square, style = filled, color=grey, fixedsize=true, width=.2];
	m5 [label = "", shape = square, style = filled, color=grey, fixedsize=true, width=.2];
	m6 [label = "", shape = square, style = filled, color=grey, fixedsize=true, width=.2];
	s0 -> q2
	s1 -> q2
	q3 -> q1 [label = "c"];
	q5 -> q5 [label = "b"];
	q5 -> q3 [label = "a"];
	q2 -> m5 [label = "c"];
	q3 -> q0 [label = "a"];
	q5 -> m6 [label = "b"];
	q1 -> m1 [label = "c"];
	q3 -> q3 [label = "b"];
	q3 -> q5 [label = "b"];
	q4 -> m0 [label = "a, c"];
	q0 -> q2 [label = "a, b, c"];
	q4 -> m4 [label = "b"];
	q4 -> q3 [label = "c"];
	q0 -> q1 [label = "a, c"];
	q5 -> q0 [label = "c"];
	q2 -> q3 [label = "b, c"];
	q1 -> q3 [label = "b, c"];
	q2 -> m1 [label = "b"];
	q2 -> m2 [label = "a"];
	q5 -> q2 [label = "a"];
	q2 -> m3 [label = "a"];
	q5 -> q1 [label = "c"];
	q1 -> m4 [label = "a"];
	q4 -> q5 [label = "b"];
	q1 -> q0 [label = "b"];
	q4 -> q2 [label = "a"];
	q1 -> q5 [label = "a"];
	m0 -> q0;
	m0 -> q3;
	m1 -> q0;
	m1 -> q1;
	m2 -> q0;
	m2 -> q4;
	m3 -> q1;
	m3 -> q3;
	m4 -> q1;
	m4 -> q5;
	m5 -> q0;
	m5 -> q5;
	m6 -> q0;
	m6 -> q2;
}

L* output after 10 EQ and 10014 MQ:
digraph finite_state_machine {
	rankdir=LR;
	node [shape = circle];
	s0 [shape = point, style = invis, start="true" ];
	q0 [label = "q0", shape = doublecircle, final="true" ];
	q1 [label = "q1", shape = doublecircle, final="true" ];
	q2 [label = "q2", shape = doublecircle, final="true" ];
	q3 [label = "q3", shape = doublecircle, final="true" ];
	q4 [label = "q4", shape = doublecircle, final="true" ];
	q5 [label = "q5", shape = doublecircle, final="true" ];
	q6 [label = "q6", shape = doublecircle, final="true" ];
	q7 [label = "q7", shape = doublecircle, final="true" ];
	q8 [label = "q8"];
	q9 [label = "q9", shape = doublecircle, final="true" ];
	q10 [label = "q10", shape = doublecircle, final="true" ];
	q11 [label = "q11"];
	q12 [label = "q12"];
	q13 [label = "q13", shape = doublecircle, final="true" ];
	q14 [label = "q14", shape = doublecircle, final="true" ];
	q15 [label = "q15", shape = doublecircle, final="true" ];
	q16 [label = "q16"];
	q17 [label = "q17", shape = doublecircle, final="true" ];
	q18 [label = "q18", shape = doublecircle, final="true" ];
	q19 [label = "q19"];
	q20 [label = "q20"];
	q21 [label = "q21"];
	q22 [label = "q22"];
	q23 [label = "q23", shape = doublecircle, final="true" ];
	q24 [label = "q24"];
	q25 [label = "q25", shape = doublecircle, final="true" ];
	q26 [label = "q26", shape = doublecircle, final="true" ];
	q27 [label = "q27"];
	q28 [label = "q28"];
	q29 [label = "q29"];
	q30 [label = "q30", shape = doublecircle, final="true" ];
	q31 [label = "q31", shape = doublecircle, final="true" ];
	q32 [label = "q32", shape = doublecircle, final="true" ];
	q33 [label = "q33"];
	q34 [label = "q34"];
	q35 [label = "q35"];
	q36 [label = "q36", shape = doublecircle, final="true" ];
	q37 [label = "q37"];
	q38 [label = "q38"];
	q39 [label = "q39", shape = doublecircle, final="true" ];
	q40 [label = "q40", shape = doublecircle, final="true" ];
	q41 [label = "q41"];
	q42 [label = "q42"];
	q43 [label = "q43"];
	q44 [label = "q44"];
	q45 [label = "q45", shape = doublecircle, final="true" ];
	q46 [label = "q46", shape = doublecircle, final="true" ];
	q47 [label = "q47"];
	q48 [label = "q48"];
	q49 [label = "q49", shape = doublecircle, final="true" ];
	q50 [label = "q50"];
	q51 [label = "q51"];
	q52 [label = "q52", shape = doublecircle, final="true" ];
	q53 [label = "q53", shape = doublecircle, final="true" ];
	q54 [label = "q54", shape = doublecircle, final="true" ];
	q55 [label = "q55"];
	q56 [label = "q56"];
	q57 [label = "q57", shape = doublecircle, final="true" ];
	q58 [label = "q58"];
	q59 [label = "q59", shape = doublecircle, final="true" ];
	q60 [label = "q60", shape = doublecircle, final="true" ];
	q61 [label = "q61", shape = doublecircle, final="true" ];
	q62 [label = "q62", shape = doublecircle, final="true" ];
	q63 [label = "q63", shape = doublecircle, final="true" ];
	q64 [label = "q64", shape = doublecircle, final="true" ];
	q65 [label = "q65", shape = doublecircle, final="true" ];
	q66 [label = "q66", shape = doublecircle, final="true" ];
	q67 [label = "q67", shape = doublecircle, final="true" ];
	q68 [label = "q68", shape = doublecircle, final="true" ];
	q69 [label = "q69", shape = doublecircle, final="true" ];
	s0 -> q27
	q41 -> q23 [label = "c"];
	q41 -> q25 [label = "b"];
	q43 -> q43 [label = "a"];
	q41 -> q5 [label = "a"];
	q45 -> q55 [label = "a"];
	q45 -> q2 [label = "c"];
	q39 -> q48 [label = "a"];
	q37 -> q14 [label = "b"];
	q35 -> q35 [label = "c"];
	q38 -> q13 [label = "a"];
	q36 -> q26 [label = "b"];
	q34 -> q57 [label = "c"];
	q37 -> q22 [label = "a"];
	q33 -> q59 [label = "c"];
	q35 -> q39 [label = "a"];
	q37 -> q4 [label = "c"];
	q33 -> q5 [label = "a"];
	q40 -> q64 [label = "a"];
	q38 -> q12 [label = "b"];
	q36 -> q60 [label = "a"];
	q32 -> q29 [label = "c"];
	q34 -> q31 [label = "b"];
	q32 -> q17 [label = "a"];
	q31 -> q33 [label = "a"];
	q47 -> q55 [label = "b"];
	q30 -> q36 [label = "a"];
	q31 -> q31 [label = "b"];
	q29 -> q30 [label = "a"];
	q25 -> q2 [label = "c"];
	q39 -> q3 [label = "c"];
	q27 -> q28 [label = "a"];
	q38 -> q59 [label = "c"];
	q25 -> q14 [label = "b"];
	q35 -> q34 [label = "b"];
	q29 -> q32 [label = "c"];
	q27 -> q29 [label = "b"];
	q30 -> q37 [label = "b"];
	q24 -> q4 [label = "c"];
	q24 -> q19 [label = "b"];
	q44 -> q4 [label = "c"];
	q26 -> q25 [label = "b"];
	q23 -> q49 [label = "a"];
	q28 -> q35 [label = "c"];
	q19 -> q3 [label = "c"];
	q9 -> q26 [label = "b"];
	q11 -> q22 [label = "a"];
	q15 -> q2 [label = "c"];
	q13 -> q4 [label = "c"];
	q12 -> q63 [label = "a"];
	q14 -> q31 [label = "b"];
	q40 -> q65 [label = "b"];
	q8 -> q15 [label = "b"];
	q52 -> q67 [label = "a"];
	q48 -> q4 [label = "c"];
	q33 -> q15 [label = "b"];
	q26 -> q5 [label = "c"];
	q13 -> q45 [label = "a"];
	q53 -> q68 [label = "a"];
	q49 -> q2 [label = "c"];
	q8 -> q23 [label = "a"];
	q15 -> q14 [label = "b"];
	q52 -> q23 [label = "c"];
	q55 -> q38 [label = "a"];
	q56 -> q20 [label = "b"];
	q50 -> q3 [label = "c"];
	q58 -> q52 [label = "a"];
	q68 -> q5 [label = "c"];
	q13 -> q41 [label = "b"];
	q53 -> q26 [label = "b"];
	q51 -> q57 [label = "c"];
	q0 -> q0 [label = "c"];
	q60 -> q12 [label = "a"];
	q4 -> q0 [label = "c"];
	q9 -> q65 [label = "a"];
	q58 -> q31 [label = "b"];
	q68 -> q59 [label = "a"];
	q68 -> q25 [label = "b"];
	q60 -> q18 [label = "c"];
	q67 -> q26 [label = "b"];
	q63 -> q12 [label = "b"];
	q63 -> q67 [label = "a"];
	q34 -> q38 [label = "a"];
	q5 -> q61 [label = "a"];
	q60 -> q31 [label = "b"];
	q12 -> q14 [label = "b"];
	q47 -> q13 [label = "a"];
	q55 -> q14 [label = "b"];
	q12 -> q4 [label = "c"];
	q23 -> q4 [label = "c"];
	q59 -> q69 [label = "a"];
	q48 -> q14 [label = "b"];
	q14 -> q62 [label = "a"];
	q54 -> q55 [label = "a"];
	q67 -> q7 [label = "a"];
	q69 -> q59 [label = "a"];
	q63 -> q59 [label = "c"];
	q66 -> q8 [label = "a"];
	q17 -> q44 [label = "a"];
	q56 -> q42 [label = "a"];
	q51 -> q31 [label = "b"];
	q5 -> q59 [label = "c"];
	q55 -> q4 [label = "c"];
	q64 -> q9 [label = "a"];
	q30 -> q23 [label = "c"];
	q61 -> q25 [label = "a"];
	q21 -> q43 [label = "a"];
	q11 -> q31 [label = "b"];
	q62 -> q15 [label = "b"];
	q20 -> q31 [label = "b"];
	q29 -> q31 [label = "b"];
	q69 -> q40 [label = "c"];
	q20 -> q3 [label = "c"];
	q66 -> q4 [label = "c"];
	q28 -> q20 [label = "b"];
	q22 -> q4 [label = "c"];
	q43 -> q4 [label = "c"];
	q67 -> q4 [label = "c"];
	q32 -> q16 [label = "b"];
	q5 -> q33 [label = "b"];
	q62 -> q10 [label = "a"];
	q57 -> q54 [label = "a"];
	q61 -> q26 [label = "b"];
	q59 -> q26 [label = "b"];
	q7 -> q2 [label = "c"];
	q52 -> q55 [label = "b"];
	q47 -> q23 [label = "c"];
	q54 -> q31 [label = "b"];
	q42 -> q46 [label = "a"];
	q58 -> q57 [label = "c"];
	q64 -> q65 [label = "b"];
	q16 -> q5 [label = "a"];
	q15 -> q62 [label = "a"];
	q54 -> q18 [label = "c"];
	q19 -> q31 [label = "b"];
	q46 -> q4 [label = "c"];
	q50 -> q63 [label = "a"];
	q0 -> q68 [label = "a"];
	q9 -> q2 [label = "c"];
	q25 -> q33 [label = "a"];
	q50 -> q31 [label = "b"];
	q10 -> q65 [label = "b"];
	q48 -> q56 [label = "a"];
	q45 -> q14 [label = "b"];
	q53 -> q4 [label = "c"];
	q44 -> q14 [label = "b"];
	q46 -> q37 [label = "a"];
	q42 -> q4 [label = "c"];
	q66 -> q14 [label = "b"];
	q23 -> q41 [label = "b"];
	q40 -> q59 [label = "c"];
	q39 -> q11 [label = "b"];
	q18 -> q53 [label = "c"];
	q22 -> q42 [label = "a"];
	q17 -> q18 [label = "c"];
	q19 -> q52 [label = "a"];
	q17 -> q54 [label = "b"];
	q36 -> q4 [label = "c"];
	q51 -> q63 [label = "a"];
	q64 -> q40 [label = "c"];
	q21 -> q51 [label = "c"];
	q44 -> q47 [label = "a"];
	q14 -> q18 [label = "c"];
	q49 -> q66 [label = "a"];
	q16 -> q1 [label = "c"];
	q20 -> q38 [label = "a"];
	q43 -> q50 [label = "b"];
	q22 -> q50 [label = "b"];
	q18 -> q61 [label = "a"];
	q42 -> q50 [label = "b"];
	q16 -> q25 [label = "b"];
	q11 -> q3 [label = "c"];
	q10 -> q59 [label = "c"];
	q3 -> q0 [label = "c"];
	q4 -> q69 [label = "a"];
	q24 -> q21 [label = "a"];
	q65 -> q40 [label = "a, c"];
	q7 -> q12 [label = "a"];
	q59 -> q4 [label = "c"];
	q2 -> q53 [label = "c"];
	q57 -> q16 [label = "b"];
	q65 -> q15 [label = "b"];
	q49 -> q14 [label = "b"];
	q0 -> q26 [label = "b"];
	q26 -> q40 [label = "a"];
	q69 -> q15 [label = "b"];
	q4 -> q26 [label = "b"];
	q10 -> q6 [label = "a"];
	q61 -> q2 [label = "c"];
	q6 -> q15 [label = "a"];
	q1 -> q51 [label = "c"];
	q27 -> q34 [label = "c"];
	q7 -> q14 [label = "b"];
	q46 -> q50 [label = "b"];
	q62 -> q59 [label = "c"];
	q56 -> q3 [label = "c"];
	q3 -> q49 [label = "a"];
	q21 -> q50 [label = "b"];
	q1 -> q16 [label = "b"];
	q1 -> q54 [label = "a"];
	q31 -> q18 [label = "c"];
	q18 -> q33 [label = "b"];
	q3 -> q41 [label = "b"];
	q6 -> q26 [label = "b"];
	q2 -> q64 [label = "a"];
	q57 -> q58 [label = "c"];
	q6 -> q2 [label = "c"];
	q28 -> q24 [label = "a"];
	q8 -> q59 [label = "c"];
	q2 -> q65 [label = "b"];
}
DFA size: 70 states

NL* output after 10 EQ and 3017 MQ:
digraph finite_state_machine {
	rankdir=LR;
	node [shape = circle];
	s0 [shape = point, style = invis, start="true" ];
	q0 [label = "q0"];
	q1 [label = "q1", shape = doublecircle, final="true" ];
	q2 [label = "q2", shape = doublecircle, final="true" ];
	q3 [label = "q3", shape = doublecircle, final="true" ];
	q4 [label = "q4"];
	q5 [label = "q5"];
	q6 [label = "q6"];
	q7 [label = "q7"];
	q8 [label = "q8"];
	q9 [label = "q9"];
	q10 [label = "q10"];
	q11 [label = "q11", shape = doublecircle, final="true" ];
	q12 [label = "q12"];
	q13 [label = "q13"];
	q14 [label = "q14", shape = doublecircle, final="true" ];
	q15 [label = "q15"];
	q16 [label = "q16"];
	q17 [label = "q17", shape = doublecircle, final="true" ];
	q18 [label = "q18"];
	q19 [label = "q19"];
	q20 [label = "q20", shape = doublecircle, final="true" ];
	s0 -> q12
	q18 -> q17 [label = "c"];
	q19 -> q20 [label = "a"];
	q17 -> q19 [label = "b, c"];
	q17 -> q15 [label = "b"];
	q17 -> q5 [label = "b"];
	q18 -> q2 [label = "c"];
	q19 -> q15 [label = "b"];
	q20 -> q8 [label = "a"];
	q18 -> q16 [label = "a, c"];
	q18 -> q12 [label = "a"];
	q16 -> q15 [label = "b"];
	q18 -> q19 [label = "b, c"];
	q18 -> q9 [label = "b"];
	q18 -> q0 [label = "b, c"];
	q17 -> q20 [label = "a"];
	q16 -> q12 [label = "a"];
	q20 -> q16 [label = "b, c"];
	q20 -> q2 [label = "c"];
	q20 -> q1 [label = "c"];
	q15 -> q18 [label = "a"];
	q15 -> q12 [label = "a"];
	q13 -> q15 [label = "b"];
	q13 -> q11 [label = "b"];
	q13 -> q10 [label = "b"];
	q11 -> q17 [label = "c"];
	q11 -> q1 [label = "c"];
	q10 -> q17 [label = "c"];
	q10 -> q2 [label = "c"];
	q10 -> q1 [label = "c"];
	q15 -> q20 [label = "b"];
	q15 -> q6 [label = "a, b"];
	q13 -> q20 [label = "a, b"];
	q13 -> q14 [label = "a"];
	q9 -> q2 [label = "c"];
	q5 -> q11 [label = "b"];
	q5 -> q8 [label = "b"];
	q5 -> q7 [label = "b"];
	q15 -> q10 [label = "b"];
	q7 -> q4 [label = "a"];
	q17 -> q13 [label = "b, c"];
	q15 -> q4 [label = "a"];
	q4 -> q15 [label = "b"];
	q4 -> q10 [label = "b"];
	q6 -> q18 [label = "a"];
	q1 -> q2 [label = "c"];
	q5 -> q20 [label = "a, b"];
	q4 -> q7 [label = "b"];
	q5 -> q18 [label = "a, b"];
	q5 -> q14 [label = "a"];
	q5 -> q6 [label = "a, b"];
	q15 -> q11 [label = "b"];
	q5 -> q1 [label = "a"];
	q7 -> q6 [label = "a, b"];
	q3 -> q20 [label = "a"];
	q5 -> q4 [label = "a"];
	q3 -> q17 [label = "a, c"];
	q3 -> q11 [label = "a"];
	q18 -> q15 [label = "c"];
	q3 -> q2 [label = "a, c"];
	q1 -> q15 [label = "b"];
	q1 -> q13 [label = "b, c"];
	q1 -> q6 [label = "b"];
	q18 -> q13 [label = "b, c"];
	q1 -> q4 [label = "b"];
	q18 -> q1 [label = "c"];
	q1 -> q0 [label = "b, c"];
	q4 -> q1 [label = "c"];
	q10 -> q20 [label = "b"];
	q10 -> q11 [label = "b"];
	q5 -> q19 [label = "a, c"];
	q7 -> q20 [label = "b"];
	q3 -> q5 [label = "b"];
	q17 -> q16 [label = "b"];
	q16 -> q6 [label = "b"];
	q10 -> q19 [label = "c"];
	q14 -> q17 [label = "a, c"];
	q10 -> q10 [label = "b"];
	q8 -> q13 [label = "b, c"];
	q9 -> q1 [label = "c"];
	q5 -> q3 [label = "a"];
	q8 -> q11 [label = "b"];
	q8 -> q10 [label = "b"];
	q8 -> q6 [label = "a, b"];
	q15 -> q2 [label = "c"];
	q11 -> q16 [label = "b, c"];
	q11 -> q8 [label = "a"];
	q16 -> q19 [label = "c"];
	q14 -> q16 [label = "b, c"];
	q16 -> q16 [label = "b"];
	q7 -> q0 [label = "b, c"];
	q14 -> q12 [label = "a, b, c"];
	q14 -> q8 [label = "a, b"];
	q12 -> q15 [label = "c"];
	q9 -> q17 [label = "c"];
	q4 -> q8 [label = "b"];
	q8 -> q16 [label = "a, b, c"];
	q15 -> q19 [label = "a, c"];
	q1 -> q5 [label = "b"];
	q10 -> q18 [label = "a"];
	q6 -> q10 [label = "b"];
	q11 -> q7 [label = "a"];
	q7 -> q11 [label = "b"];
	q7 -> q10 [label = "b"];
	q3 -> q7 [label = "b, c"];
	q1 -> q9 [label = "b"];
	q14 -> q6 [label = "c"];
	q8 -> q2 [label = "c"];
	q1 -> q8 [label = "a"];
	q8 -> q9 [label = "b"];
	q14 -> q10 [label = "b"];
	q10 -> q12 [label = "a"];
	q0 -> q19 [label = "a, c"];
	q5 -> q15 [label = "b"];
	q7 -> q9 [label = "b"];
	q6 -> q16 [label = "a, b, c"];
	q19 -> q19 [label = "c"];
	q11 -> q11 [label = "b"];
	q12 -> q19 [label = "b"];
	q6 -> q2 [label = "c"];
	q1 -> q20 [label = "a"];
	q13 -> q16 [label = "b"];
	q12 -> q13 [label = "b"];
	q3 -> q19 [label = "a, b, c"];
	q15 -> q15 [label = "b"];
	q4 -> q6 [label = "b, c"];
	q1 -> q10 [label = "a, b"];
	q20 -> q12 [label = "a"];
	q9 -> q11 [label = "b"];
	q8 -> q0 [label = "b, c"];
	q9 -> q6 [label = "a, b"];
	q13 -> q19 [label = "c"];
	q13 -> q6 [label = "b"];
	q3 -> q18 [label = "a, b"];
	q17 -> q11 [label = "a"];
	q15 -> q16 [label = "a, b"];
	q14 -> q20 [label = "c"];
	q11 -> q20 [label = "b"];
	q0 -> q16 [label = "a, b"];
	q7 -> q15 [label = "b, c"];
	q9 -> q16 [label = "a, b, c"];
	q9 -> q4 [label = "a"];
	q9 -> q15 [label = "b"];
	q1 -> q17 [label = "c"];
	q14 -> q2 [label = "a, c"];
	q2 -> q16 [label = "a, b"];
	q8 -> q20 [label = "b"];
	q13 -> q17 [label = "c"];
	q5 -> q16 [label = "a, b"];
	q4 -> q2 [label = "a, c"];
	q8 -> q17 [label = "c"];
	q12 -> q16 [label = "a, c"];
	q4 -> q12 [label = "a, b, c"];
	q3 -> q6 [label = "b"];
	q7 -> q1 [label = "c"];
	q4 -> q16 [label = "a, b, c"];
	q4 -> q17 [label = "a, c"];
	q11 -> q10 [label = "b"];
	q7 -> q2 [label = "c"];
	q4 -> q18 [label = "a, b, c"];
	q4 -> q19 [label = "a, c"];
	q14 -> q19 [label = "a, c"];
	q2 -> q0 [label = "b, c"];
	q4 -> q20 [label = "a, c"];
	q0 -> q4 [label = "a"];
	q0 -> q14 [label = "a"];
	q20 -> q19 [label = "c"];
	q0 -> q20 [label = "a, b"];
	q8 -> q19 [label = "b, c"];
	q3 -> q10 [label = "a, b"];
	q2 -> q5 [label = "b"];
	q14 -> q1 [label = "c"];
	q8 -> q1 [label = "c"];
	q2 -> q13 [label = "b, c"];
	q0 -> q2 [label = "c"];
	q9 -> q14 [label = "a"];
	q1 -> q18 [label = "a"];
	q2 -> q15 [label = "b"];
	q20 -> q10 [label = "b"];
	q11 -> q12 [label = "a"];
	q2 -> q19 [label = "b, c"];
	q11 -> q19 [label = "c"];
	q6 -> q17 [label = "c"];
	q6 -> q19 [label = "a, c"];
	q16 -> q18 [label = "a"];
	q8 -> q15 [label = "b, c"];
	q15 -> q17 [label = "c"];
	q0 -> q10 [label = "b"];
	q10 -> q16 [label = "a, b, c"];
	q0 -> q11 [label = "b"];
	q1 -> q16 [label = "a, b"];
	q11 -> q3 [label = "c"];
	q2 -> q10 [label = "a"];
	q16 -> q10 [label = "b"];
	q9 -> q19 [label = "a, c"];
	q9 -> q10 [label = "b"];
	q2 -> q11 [label = "a"];
	q19 -> q16 [label = "b"];
	q0 -> q6 [label = "a, b"];
	q2 -> q20 [label = "a"];
	q0 -> q17 [label = "c"];
	q7 -> q19 [label = "a, b, c"];
	q10 -> q6 [label = "a, b"];
	q6 -> q1 [label = "c"];
	q6 -> q15 [label = "b"];
	q14 -> q18 [label = "b, c"];
	q6 -> q6 [label = "b"];
	q11 -> q2 [label = "c"];
	q9 -> q20 [label = "a, b"];
	q5 -> q2 [label = "a, c"];
	q6 -> q12 [label = "a"];
	q1 -> q11 [label = "a"];
	q5 -> q10 [label = "b"];
	q5 -> q17 [label = "a, c"];
	q1 -> q12 [label = "a"];
	q1 -> q19 [label = "a, b, c"];
	q3 -> q0 [label = "b, c"];
	q3 -> q4 [label = "b"];
	q10 -> q15 [label = "b"];
	q3 -> q8 [label = "a, b, c"];
	q3 -> q9 [label = "b, c"];
	q0 -> q15 [label = "b"];
	q3 -> q12 [label = "a, b, c"];
	q5 -> q12 [label = "a, b, c"];
	q3 -> q13 [label = "b, c"];
	q7 -> q16 [label = "a, b, c"];
	q3 -> q15 [label = "b"];
	q17 -> q0 [label = "b"];
	q3 -> q16 [label = "a, b"];
	q7 -> q13 [label = "b, c"];
	q20 -> q17 [label = "c"];
	q7 -> q17 [label = "c"];
}
NFA size: 21 states

AL* output after 13 EQ and 1224 MQ:
digraph finite_state_machine {
	rankdir=LR;
	node [shape = circle];
	s0 [shape = point, style = invis, start="true" ];
	s1 [shape = point, style = invis, start="true" ];
	q0 [label = "q0"];
	q1 [label = "q1"];
	q2 [label = "q2"];
	q3 [label = "q3", shape = doublecircle, final="true" ];
	q4 [label = "q4"];
	q5 [label = "q5"];
	q6 [label = "q6"];
	q7 [label = "q7", shape = doublecircle, final="true" ];
	q8 [label = "q8", shape = doublecircle, final="true" ];
	m0 [label = "", shape = square, style = filled, color=grey, fixedsize=true, width=.2];
	m1 [label = "", shape = square, style = filled, color=grey, fixedsize=true, width=.2];
	m2 [label = "", shape = square, style = filled, color=grey, fixedsize=true, width=.2];
	m3 [label = "", shape = square, style = filled, color=grey, fixedsize=true, width=.2];
	m4 [label = "", shape = square, style = filled, color=grey, fixedsize=true, width=.2];
	m5 [label = "", shape = square, style = filled, color=grey, fixedsize=true, width=.2];
	m6 [label = "", shape = square, style = filled, color=grey, fixedsize=true, width=.2];
	m7 [label = "", shape = square, style = filled, color=grey, fixedsize=true, width=.2];
	m8 [label = "", shape = square, style = filled, color=grey, fixedsize=true, width=.2];
	m9 [label = "", shape = square, style = filled, color=grey, fixedsize=true, width=.2];
	m10 [label = "", shape = square, style = filled, color=grey, fixedsize=true, width=.2];
	m11 [label = "", shape = square, style = filled, color=grey, fixedsize=true, width=.2];
	m12 [label = "", shape = square, style = filled, color=grey, fixedsize=true, width=.2];
	s0 -> m0
	s1 -> m1
	q4 -> m3 [label = "b"];
	q6 -> m4 [label = "a"];
	q6 -> m1 [label = "a"];
	q6 -> m11 [label = "a"];
	q5 -> m5 [label = "a"];
	q3 -> q8 [label = "a, c"];
	q1 -> m3 [label = "b, c"];
	q1 -> m2 [label = "b"];
	q7 -> q8 [label = "c"];
	q3 -> m12 [label = "c"];
	q7 -> q7 [label = "b"];
	q3 -> m1 [label = "a, b, c"];
	q3 -> m7 [label = "b, c"];
	q3 -> m10 [label = "a, b"];
	q3 -> m0 [label = "b"];
	q1 -> m1 [label = "a, b"];
	q1 -> m7 [label = "a, c"];
	q1 -> m9 [label = "a"];
	q1 -> m0 [label = "a"];
	q6 -> q8 [label = "c"];
	q0 -> m3 [label = "b"];
	q7 -> m4 [label = "c"];
	q4 -> m2 [label = "c"];
	q6 -> m3 [label = "b"];
	q0 -> m1 [label = "a"];
	q7 -> m1 [label = "a"];
	q2 -> m0 [label = "b"];
	q7 -> m5 [label = "b"];
	q2 -> q8 [label = "a, c"];
	q4 -> m5 [label = "c"];
	q8 -> q7 [label = "a"];
	q7 -> m3 [label = "a"];
	q5 -> m9 [label = "a"];
	q8 -> m4 [label = "b"];
	q8 -> m2 [label = "c"];
	q2 -> q7 [label = "b"];
	q5 -> m2 [label = "b"];
	q5 -> m6 [label = "c"];
	q2 -> m3 [label = "b"];
	q0 -> q7 [label = "b"];
	q8 -> m3 [label = "b, c"];
	q2 -> m1 [label = "a, c"];
	q1 -> q8 [label = "c"];
	q0 -> m6 [label = "c"];
	q4 -> m8 [label = "a"];
	q7 -> m0 [label = "a"];
	q0 -> m0 [label = "a"];
	q5 -> m7 [label = "a, c"];
	q0 -> q8 [label = "c"];
	q1 -> m6 [label = "c"];
	q0 -> m4 [label = "a"];
	q5 -> m3 [label = "b, c"];
	q4 -> m0 [label = "a"];
	q6 -> q7 [label = "b"];
	q2 -> m4 [label = "a"];
	q4 -> m7 [label = "a, b"];
	q4 -> m1 [label = "a, b"];
	m0 -> q1;
	m0 -> q5;
	m0 -> q8;
	m1 -> q1;
	m1 -> q3;
	m1 -> q5;
	m1 -> q7;
	m2 -> q2;
	m2 -> q3;
	m2 -> q6;
	m2 -> q8;
	m3 -> q0;
	m3 -> q2;
	m3 -> q6;
	m4 -> q2;
	m4 -> q3;
	m5 -> q0;
	m5 -> q1;
	m5 -> q2;
	m5 -> q4;
	m5 -> q5;
	m5 -> q6;
	m5 -> q8;
	m6 -> q0;
	m6 -> q1;
	m6 -> q2;
	m6 -> q3;
	m6 -> q5;
	m6 -> q7;
	m7 -> q0;
	m7 -> q1;
	m7 -> q2;
	m7 -> q3;
	m7 -> q4;
	m7 -> q7;
	m8 -> q0;
	m8 -> q1;
	m8 -> q2;
	m8 -> q3;
	m8 -> q6;
	m8 -> q7;
	m9 -> q0;
	m9 -> q2;
	m9 -> q3;
	m9 -> q4;
	m9 -> q6;
	m9 -> q7;
	m9 -> q8;
	m10 -> q0;
	m10 -> q2;
	m10 -> q6;
	m10 -> q7;
	m11 -> q3;
	m11 -> q7;
	m11 -> q8;
	m12 -> q0;
	m12 -> q2;
	m12 -> q3;
	m12 -> q6;
}
AFA size: 9 states

AL** output after 14 EQ and 1224 MQ:
digraph finite_state_machine {
	rankdir=LR;
	node [shape = circle];
	s0 [shape = point, style = invis, start="true" ];
	s1 [shape = point, style = invis, start="true" ];
	q0 [label = "q0"];
	q1 [label = "q1"];
	q2 [label = "q2"];
	q3 [label = "q3", shape = doublecircle, final="true" ];
	q4 [label = "q4"];
	q5 [label = "q5"];
	q6 [label = "q6"];
	q7 [label = "q7", shape = doublecircle, final="true" ];
	q8 [label = "q8", shape = doublecircle, final="true" ];
	m0 [label = "", shape = square, style = filled, color=grey, fixedsize=true, width=.2];
	m1 [label = "", shape = square, style = filled, color=grey, fixedsize=true, width=.2];
	m2 [label = "", shape = square, style = filled, color=grey, fixedsize=true, width=.2];
	m3 [label = "", shape = square, style = filled, color=grey, fixedsize=true, width=.2];
	m4 [label = "", shape = square, style = filled, color=grey, fixedsize=true, width=.2];
	m5 [label = "", shape = square, style = filled, color=grey, fixedsize=true, width=.2];
	m6 [label = "", shape = square, style = filled, color=grey, fixedsize=true, width=.2];
	m7 [label = "", shape = square, style = filled, color=grey, fixedsize=true, width=.2];
	m8 [label = "", shape = square, style = filled, color=grey, fixedsize=true, width=.2];
	m9 [label = "", shape = square, style = filled, color=grey, fixedsize=true, width=.2];
	m10 [label = "", shape = square, style = filled, color=grey, fixedsize=true, width=.2];
	m11 [label = "", shape = square, style = filled, color=grey, fixedsize=true, width=.2];
	m12 [label = "", shape = square, style = filled, color=grey, fixedsize=true, width=.2];
	s0 -> m0
	s1 -> m1
	q4 -> m3 [label = "b"];
	q6 -> m4 [label = "a"];
	q6 -> m1 [label = "a"];
	q6 -> m11 [label = "a"];
	q5 -> m5 [label = "a"];
	q3 -> q8 [label = "a, c"];
	q1 -> m3 [label = "b, c"];
	q1 -> m2 [label = "b"];
	q7 -> q8 [label = "c"];
	q3 -> m12 [label = "c"];
	q7 -> q7 [label = "b"];
	q3 -> m1 [label = "a, b, c"];
	q3 -> m7 [label = "b, c"];
	q3 -> m10 [label = "a, b"];
	q3 -> m0 [label = "b"];
	q1 -> m1 [label = "a, b"];
	q1 -> m7 [label = "a, c"];
	q1 -> m9 [label = "a"];
	q1 -> m0 [label = "a"];
	q6 -> q8 [label = "c"];
	q0 -> m3 [label = "b"];
	q7 -> m4 [label = "c"];
	q4 -> m2 [label = "c"];
	q6 -> m3 [label = "b"];
	q0 -> m1 [label = "a"];
	q7 -> m1 [label = "a"];
	q2 -> m0 [label = "b"];
	q7 -> m5 [label = "b"];
	q2 -> q8 [label = "a, c"];
	q4 -> m5 [label = "c"];
	q8 -> q7 [label = "a"];
	q7 -> m3 [label = "a"];
	q5 -> m9 [label = "a"];
	q8 -> m4 [label = "b"];
	q8 -> m2 [label = "c"];
	q2 -> q7 [label = "b"];
	q5 -> m2 [label = "b"];
	q5 -> m6 [label = "c"];
	q2 -> m3 [label = "b"];
	q0 -> q7 [label = "b"];
	q8 -> m3 [label = "b, c"];
	q2 -> m1 [label = "a, c"];
	q1 -> q8 [label = "c"];
	q0 -> m6 [label = "c"];
	q4 -> m8 [label = "a"];
	q7 -> m0 [label = "a"];
	q0 -> m0 [label = "a"];
	q5 -> m7 [label = "a, c"];
	q0 -> q8 [label = "c"];
	q1 -> m6 [label = "c"];
	q0 -> m4 [label = "a"];
	q5 -> m3 [label = "b, c"];
	q4 -> m0 [label = "a"];
	q6 -> q7 [label = "b"];
	q2 -> m4 [label = "a"];
	q4 -> m7 [label = "a, b"];
	q4 -> m1 [label = "a, b"];
	m0 -> q1;
	m0 -> q5;
	m0 -> q8;
	m1 -> q1;
	m1 -> q3;
	m1 -> q5;
	m1 -> q7;
	m2 -> q2;
	m2 -> q3;
	m2 -> q6;
	m2 -> q8;
	m3 -> q0;
	m3 -> q2;
	m3 -> q6;
	m4 -> q2;
	m4 -> q3;
	m5 -> q0;
	m5 -> q1;
	m5 -> q2;
	m5 -> q4;
	m5 -> q5;
	m5 -> q6;
	m5 -> q8;
	m6 -> q0;
	m6 -> q1;
	m6 -> q2;
	m6 -> q3;
	m6 -> q5;
	m6 -> q7;
	m7 -> q0;
	m7 -> q1;
	m7 -> q2;
	m7 -> q3;
	m7 -> q4;
	m7 -> q7;
	m8 -> q0;
	m8 -> q1;
	m8 -> q2;
	m8 -> q3;
	m8 -> q6;
	m8 -> q7;
	m9 -> q0;
	m9 -> q2;
	m9 -> q3;
	m9 -> q4;
	m9 -> q6;
	m9 -> q7;
	m9 -> q8;
	m10 -> q0;
	m10 -> q2;
	m10 -> q6;
	m10 -> q7;
	m11 -> q3;
	m11 -> q7;
	m11 -> q8;
	m12 -> q0;
	m12 -> q2;
	m12 -> q3;
	m12 -> q6;
}
RAFA size: 9 states

