Random target AFA:
digraph finite_state_machine {
	rankdir=LR;
	node [shape = circle];
	s0 [shape = point, style = invis, start="true" ];
	s1 [shape = point, style = invis, start="true" ];
	q0 [label = "q0"];
	q1 [label = "q1", shape = doublecircle, final="true" ];
	q2 [label = "q2", shape = doublecircle, final="true" ];
	q3 [label = "q3"];
	q4 [label = "q4"];
	q5 [label = "q5"];
	m0 [label = "", shape = square, style = filled, color=grey, fixedsize=true, width=.2];
	m1 [label = "", shape = square, style = filled, color=grey, fixedsize=true, width=.2];
	m2 [label = "", shape = square, style = filled, color=grey, fixedsize=true, width=.2];
	m3 [label = "", shape = square, style = filled, color=grey, fixedsize=true, width=.2];
	m4 [label = "", shape = square, style = filled, color=grey, fixedsize=true, width=.2];
	m5 [label = "", shape = square, style = filled, color=grey, fixedsize=true, width=.2];
	m6 [label = "", shape = square, style = filled, color=grey, fixedsize=true, width=.2];
	m7 [label = "", shape = square, style = filled, color=grey, fixedsize=true, width=.2];
	m8 [label = "", shape = square, style = filled, color=grey, fixedsize=true, width=.2];
	m9 [label = "", shape = square, style = filled, color=grey, fixedsize=true, width=.2];
	s0 -> q0
	s1 -> q2
	q3 -> q5 [label = "c"];
	q3 -> q3 [label = "c"];
	q5 -> q4 [label = "b"];
	q5 -> m8 [label = "a, b"];
	q5 -> q0 [label = "a"];
	q1 -> q2 [label = "a"];
	q4 -> q5 [label = "b"];
	q1 -> q0 [label = "a, b, c"];
	q5 -> m5 [label = "c"];
	q4 -> q0 [label = "c"];
	q4 -> m2 [label = "a"];
	q4 -> m0 [label = "c"];
	q2 -> m9 [label = "c"];
	q2 -> q5 [label = "a, c"];
	q0 -> q2 [label = "c"];
	q4 -> m3 [label = "a"];
	q0 -> q0 [label = "a"];
	q1 -> q5 [label = "c"];
	q0 -> m1 [label = "a"];
	q3 -> q1 [label = "a"];
	q2 -> q4 [label = "b"];
	q3 -> m6 [label = "b"];
	q2 -> q1 [label = "b"];
	q0 -> q5 [label = "b"];
	q1 -> m7 [label = "b"];
	q3 -> q0 [label = "b"];
	q0 -> q3 [label = "c"];
	q5 -> m4 [label = "c"];
	m0 -> q3;
	m0 -> q4;
	m1 -> q0;
	m1 -> q2;
	m2 -> q2;
	m2 -> q4;
	m3 -> q0;
	m3 -> q5;
	m4 -> q0;
	m4 -> q3;
	m5 -> q0;
	m5 -> q1;
	m6 -> q2;
	m6 -> q5;
	m7 -> q1;
	m7 -> q5;
	m8 -> q1;
	m8 -> q3;
	m9 -> q2;
	m9 -> q3;
}

L* output after 6 EQ and 1579 MQ:
digraph finite_state_machine {
	rankdir=LR;
	node [shape = circle];
	s0 [shape = point, style = invis, start="true" ];
	q0 [label = "q0"];
	q1 [label = "q1"];
	q2 [label = "q2"];
	q3 [label = "q3"];
	q4 [label = "q4", shape = doublecircle, final="true" ];
	q5 [label = "q5", shape = doublecircle, final="true" ];
	q6 [label = "q6", shape = doublecircle, final="true" ];
	q7 [label = "q7", shape = doublecircle, final="true" ];
	q8 [label = "q8"];
	q9 [label = "q9"];
	q10 [label = "q10"];
	q11 [label = "q11", shape = doublecircle, final="true" ];
	q12 [label = "q12"];
	q13 [label = "q13", shape = doublecircle, final="true" ];
	q14 [label = "q14"];
	q15 [label = "q15"];
	q16 [label = "q16", shape = doublecircle, final="true" ];
	q17 [label = "q17", shape = doublecircle, final="true" ];
	q18 [label = "q18", shape = doublecircle, final="true" ];
	q19 [label = "q19", shape = doublecircle, final="true" ];
	q20 [label = "q20"];
	q21 [label = "q21"];
	q22 [label = "q22", shape = doublecircle, final="true" ];
	q23 [label = "q23", shape = doublecircle, final="true" ];
	s0 -> q11
	q20 -> q20 [label = "b"];
	q22 -> q8 [label = "a"];
	q17 -> q18 [label = "c"];
	q18 -> q10 [label = "c"];
	q21 -> q14 [label = "a"];
	q23 -> q20 [label = "b"];
	q23 -> q5 [label = "c"];
	q19 -> q23 [label = "b"];
	q21 -> q9 [label = "c"];
	q5 -> q18 [label = "c"];
	q15 -> q17 [label = "a"];
	q0 -> q18 [label = "c"];
	q15 -> q20 [label = "b"];
	q20 -> q5 [label = "c"];
	q2 -> q16 [label = "a"];
	q20 -> q17 [label = "a"];
	q1 -> q1 [label = "a"];
	q4 -> q5 [label = "c"];
	q0 -> q20 [label = "b"];
	q7 -> q5 [label = "c"];
	q17 -> q22 [label = "a"];
	q10 -> q3 [label = "b"];
	q9 -> q2 [label = "b"];
	q6 -> q18 [label = "c"];
	q16 -> q21 [label = "b"];
	q14 -> q18 [label = "c"];
	q17 -> q12 [label = "b"];
	q10 -> q4 [label = "a"];
	q23 -> q19 [label = "a"];
	q21 -> q15 [label = "b"];
	q19 -> q18 [label = "c"];
	q13 -> q20 [label = "b"];
	q11 -> q13 [label = "b"];
	q12 -> q18 [label = "c"];
	q6 -> q15 [label = "b"];
	q2 -> q20 [label = "b"];
	q3 -> q5 [label = "c"];
	q14 -> q16 [label = "a"];
	q0 -> q16 [label = "a"];
	q11 -> q12 [label = "a"];
	q4 -> q11 [label = "a"];
	q9 -> q14 [label = "a"];
	q15 -> q12 [label = "c"];
	q8 -> q18 [label = "c"];
	q1 -> q18 [label = "c"];
	q14 -> q12 [label = "b"];
	q8 -> q1 [label = "a"];
	q7 -> q20 [label = "b"];
	q13 -> q12 [label = "c"];
	q12 -> q14 [label = "a"];
	q8 -> q15 [label = "b"];
	q3 -> q16 [label = "a"];
	q3 -> q20 [label = "b"];
	q16 -> q18 [label = "c"];
	q1 -> q21 [label = "b"];
	q7 -> q11 [label = "a"];
	q6 -> q0 [label = "a"];
	q5 -> q23 [label = "a, b"];
	q4 -> q12 [label = "b"];
	q19 -> q6 [label = "a"];
	q9 -> q10 [label = "c"];
	q2 -> q12 [label = "c"];
	q13 -> q19 [label = "a"];
	q22 -> q18 [label = "c"];
	q10 -> q10 [label = "c"];
	q12 -> q15 [label = "b"];
	q11 -> q18 [label = "c"];
	q18 -> q7 [label = "b"];
	q16 -> q8 [label = "a"];
	q18 -> q23 [label = "a"];
	q22 -> q15 [label = "b"];
}
DFA size: 24 states

NL* output after 11 EQ and 2196 MQ:
digraph finite_state_machine {
	rankdir=LR;
	node [shape = circle];
	s0 [shape = point, style = invis, start="true" ];
	s1 [shape = point, style = invis, start="true" ];
	s2 [shape = point, style = invis, start="true" ];
	s3 [shape = point, style = invis, start="true" ];
	q0 [label = "q0"];
	q1 [label = "q1"];
	q2 [label = "q2", shape = doublecircle, final="true" ];
	q3 [label = "q3", shape = doublecircle, final="true" ];
	q4 [label = "q4", shape = doublecircle, final="true" ];
	q5 [label = "q5"];
	q6 [label = "q6", shape = doublecircle, final="true" ];
	q7 [label = "q7", shape = doublecircle, final="true" ];
	q8 [label = "q8"];
	q9 [label = "q9"];
	q10 [label = "q10"];
	q11 [label = "q11"];
	s0 -> q3
	s1 -> q7
	s2 -> q8
	s3 -> q10
	q9 -> q0 [label = "b"];
	q9 -> q10 [label = "a"];
	q11 -> q5 [label = "a, b"];
	q11 -> q0 [label = "b"];
	q8 -> q11 [label = "c"];
	q11 -> q8 [label = "b"];
	q8 -> q6 [label = "c"];
	q8 -> q1 [label = "c"];
	q8 -> q9 [label = "b"];
	q8 -> q0 [label = "b"];
	q10 -> q10 [label = "a"];
	q8 -> q10 [label = "a"];
	q6 -> q11 [label = "c"];
	q9 -> q9 [label = "b"];
	q0 -> q0 [label = "b"];
	q0 -> q10 [label = "a, b, c"];
	q0 -> q9 [label = "b, c"];
	q0 -> q8 [label = "b, c"];
	q4 -> q8 [label = "a, b, c"];
	q0 -> q7 [label = "a"];
	q0 -> q1 [label = "b, c"];
	q2 -> q9 [label = "b, c"];
	q6 -> q0 [label = "a, b"];
	q6 -> q7 [label = "a, b"];
	q3 -> q10 [label = "a"];
	q2 -> q6 [label = "c"];
	q2 -> q11 [label = "c"];
	q2 -> q5 [label = "c"];
	q10 -> q11 [label = "c"];
	q2 -> q3 [label = "a, c"];
	q5 -> q9 [label = "b"];
	q6 -> q8 [label = "a, b"];
	q4 -> q1 [label = "b, c"];
	q7 -> q9 [label = "b"];
	q10 -> q6 [label = "c"];
	q7 -> q8 [label = "a"];
	q2 -> q7 [label = "a, c"];
	q11 -> q7 [label = "a"];
	q10 -> q1 [label = "c"];
	q3 -> q11 [label = "c"];
	q11 -> q1 [label = "c"];
	q3 -> q4 [label = "b"];
	q1 -> q1 [label = "c"];
	q5 -> q1 [label = "b, c"];
	q4 -> q5 [label = "a, b"];
	q10 -> q9 [label = "b"];
	q4 -> q9 [label = "b, c"];
	q9 -> q1 [label = "c"];
	q0 -> q5 [label = "b"];
	q7 -> q1 [label = "c"];
	q3 -> q6 [label = "c"];
	q2 -> q1 [label = "b, c"];
	q5 -> q7 [label = "a"];
	q5 -> q10 [label = "a, b"];
	q4 -> q10 [label = "a, b, c"];
	q3 -> q1 [label = "a, c"];
	q2 -> q10 [label = "a, b, c"];
	q3 -> q9 [label = "a, b"];
	q4 -> q3 [label = "a"];
	q4 -> q0 [label = "b"];
	q11 -> q10 [label = "a, b"];
	q6 -> q1 [label = "a, c"];
	q11 -> q11 [label = "c"];
	q6 -> q2 [label = "a, b"];
	q6 -> q4 [label = "a"];
	q7 -> q11 [label = "c"];
	q1 -> q10 [label = "a"];
	q6 -> q5 [label = "a, b"];
	q6 -> q9 [label = "a"];
	q9 -> q5 [label = "a"];
	q6 -> q10 [label = "a, b"];
	q5 -> q11 [label = "c"];
	q1 -> q11 [label = "c"];
	q3 -> q8 [label = "a"];
	q1 -> q0 [label = "b"];
	q3 -> q0 [label = "b"];
	q7 -> q10 [label = "a"];
	q1 -> q5 [label = "a"];
	q2 -> q8 [label = "a, b, c"];
	q4 -> q7 [label = "a"];
	q11 -> q2 [label = "a"];
	q7 -> q6 [label = "c"];
	q5 -> q8 [label = "b"];
	q5 -> q6 [label = "c"];
}
NFA size: 12 states

AL* output after 9 EQ and 718 MQ:
digraph finite_state_machine {
	rankdir=LR;
	node [shape = circle];
	s0 [shape = point, style = invis, start="true" ];
	s1 [shape = point, style = invis, start="true" ];
	q0 [label = "q0"];
	q1 [label = "q1", shape = doublecircle, final="true" ];
	q2 [label = "q2"];
	q3 [label = "q3", shape = doublecircle, final="true" ];
	q4 [label = "q4", shape = doublecircle, final="true" ];
	q5 [label = "q5", shape = doublecircle, final="true" ];
	q6 [label = "q6"];
	m0 [label = "", shape = square, style = filled, color=grey, fixedsize=true, width=.2];
	m1 [label = "", shape = square, style = filled, color=grey, fixedsize=true, width=.2];
	m2 [label = "", shape = square, style = filled, color=grey, fixedsize=true, width=.2];
	m3 [label = "", shape = square, style = filled, color=grey, fixedsize=true, width=.2];
	m4 [label = "", shape = square, style = filled, color=grey, fixedsize=true, width=.2];
	m5 [label = "", shape = square, style = filled, color=grey, fixedsize=true, width=.2];
	m6 [label = "", shape = square, style = filled, color=grey, fixedsize=true, width=.2];
	m7 [label = "", shape = square, style = filled, color=grey, fixedsize=true, width=.2];
	m8 [label = "", shape = square, style = filled, color=grey, fixedsize=true, width=.2];
	s0 -> m0
	s1 -> m1
	q3 -> m7 [label = "c"];
	q3 -> m1 [label = "c"];
	q5 -> m4 [label = "b"];
	q4 -> m5 [label = "b"];
	q0 -> m2 [label = "b"];
	q4 -> m0 [label = "a, b, c"];
	q6 -> m2 [label = "b, c"];
	q2 -> m6 [label = "a"];
	q1 -> m7 [label = "c"];
	q2 -> m4 [label = "b"];
	q2 -> m5 [label = "b"];
	q5 -> m0 [label = "a, b"];
	q2 -> m0 [label = "a, b"];
	q4 -> m3 [label = "a"];
	q3 -> m0 [label = "a"];
	q0 -> m3 [label = "a"];
	q0 -> m5 [label = "b"];
	q1 -> m2 [label = "b"];
	q0 -> m1 [label = "c"];
	q6 -> m0 [label = "a, b, c"];
	q4 -> m2 [label = "b, c"];
	q6 -> m3 [label = "a"];
	q0 -> m7 [label = "c"];
	q6 -> m8 [label = "a"];
	q4 -> m1 [label = "a"];
	q0 -> m0 [label = "a"];
	q5 -> m7 [label = "c"];
	q6 -> m5 [label = "b"];
	q1 -> m0 [label = "a, b, c"];
	q2 -> m7 [label = "c"];
	q1 -> m1 [label = "a, c"];
	q3 -> m2 [label = "a, b"];
	q3 -> m6 [label = "b"];
	q5 -> m6 [label = "a, b"];
	q5 -> m2 [label = "a"];
	m0 -> q0;
	m0 -> q1;
	m0 -> q3;
	m1 -> q3;
	m1 -> q5;
	m2 -> q0;
	m2 -> q2;
	m2 -> q4;
	m2 -> q5;
	m2 -> q6;
	m3 -> q1;
	m3 -> q2;
	m3 -> q4;
	m3 -> q5;
	m3 -> q6;
	m4 -> q0;
	m4 -> q2;
	m4 -> q3;
	m4 -> q4;
	m4 -> q5;
	m4 -> q6;
	m5 -> q1;
	m5 -> q4;
	m5 -> q6;
	m6 -> q1;
	m6 -> q4;
	m7 -> q2;
	m7 -> q5;
	m8 -> q1;
	m8 -> q3;
	m8 -> q4;
	m8 -> q5;
}
AFA size: 7 states

AL** output after 12 EQ and 1029 MQ:
digraph finite_state_machine {
	rankdir=LR;
	node [shape = circle];
	s0 [shape = point, style = invis, start="true" ];
	s1 [shape = point, style = invis, start="true" ];
	q0 [label = "q0"];
	q1 [label = "q1", shape = doublecircle, final="true" ];
	q2 [label = "q2"];
	q3 [label = "q3", shape = doublecircle, final="true" ];
	q4 [label = "q4", shape = doublecircle, final="true" ];
	q5 [label = "q5", shape = doublecircle, final="true" ];
	q6 [label = "q6"];
	m0 [label = "", shape = square, style = filled, color=grey, fixedsize=true, width=.2];
	m1 [label = "", shape = square, style = filled, color=grey, fixedsize=true, width=.2];
	m2 [label = "", shape = square, style = filled, color=grey, fixedsize=true, width=.2];
	m3 [label = "", shape = square, style = filled, color=grey, fixedsize=true, width=.2];
	m4 [label = "", shape = square, style = filled, color=grey, fixedsize=true, width=.2];
	m5 [label = "", shape = square, style = filled, color=grey, fixedsize=true, width=.2];
	m6 [label = "", shape = square, style = filled, color=grey, fixedsize=true, width=.2];
	m7 [label = "", shape = square, style = filled, color=grey, fixedsize=true, width=.2];
	m8 [label = "", shape = square, style = filled, color=grey, fixedsize=true, width=.2];
	s0 -> m0
	s1 -> m1
	q3 -> m7 [label = "c"];
	q3 -> m1 [label = "c"];
	q5 -> m4 [label = "b"];
	q4 -> m5 [label = "b"];
	q0 -> m2 [label = "b"];
	q4 -> m0 [label = "a, b, c"];
	q6 -> m2 [label = "b, c"];
	q2 -> m6 [label = "a"];
	q1 -> m7 [label = "c"];
	q2 -> m4 [label = "b"];
	q2 -> m5 [label = "b"];
	q5 -> m0 [label = "a, b"];
	q2 -> m0 [label = "a, b"];
	q4 -> m3 [label = "a"];
	q3 -> m0 [label = "a"];
	q0 -> m3 [label = "a"];
	q0 -> m5 [label = "b"];
	q1 -> m2 [label = "b"];
	q0 -> m1 [label = "c"];
	q6 -> m0 [label = "a, b, c"];
	q4 -> m2 [label = "b, c"];
	q6 -> m3 [label = "a"];
	q0 -> m7 [label = "c"];
	q6 -> m8 [label = "a"];
	q4 -> m1 [label = "a"];
	q0 -> m0 [label = "a"];
	q5 -> m7 [label = "c"];
	q6 -> m5 [label = "b"];
	q1 -> m0 [label = "a, b, c"];
	q2 -> m7 [label = "c"];
	q1 -> m1 [label = "a, c"];
	q3 -> m2 [label = "a, b"];
	q3 -> m6 [label = "b"];
	q5 -> m6 [label = "a, b"];
	q5 -> m2 [label = "a"];
	m0 -> q0;
	m0 -> q1;
	m0 -> q3;
	m1 -> q3;
	m1 -> q5;
	m2 -> q0;
	m2 -> q2;
	m2 -> q4;
	m2 -> q5;
	m2 -> q6;
	m3 -> q1;
	m3 -> q2;
	m3 -> q4;
	m3 -> q5;
	m3 -> q6;
	m4 -> q0;
	m4 -> q2;
	m4 -> q3;
	m4 -> q4;
	m4 -> q5;
	m4 -> q6;
	m5 -> q1;
	m5 -> q4;
	m5 -> q6;
	m6 -> q1;
	m6 -> q4;
	m7 -> q2;
	m7 -> q5;
	m8 -> q1;
	m8 -> q3;
	m8 -> q4;
	m8 -> q5;
}
RAFA size: 7 states

