Random target AFA:
digraph finite_state_machine {
	rankdir=LR;
	node [shape = circle];
	s0 [shape = point, style = invis, start="true" ];
	s1 [shape = point, style = invis, start="true" ];
	q0 [label = "q0"];
	q1 [label = "q1", shape = doublecircle, final="true" ];
	q2 [label = "q2"];
	q3 [label = "q3"];
	q4 [label = "q4"];
	q5 [label = "q5"];
	m0 [label = "", shape = square, style = filled, color=grey, fixedsize=true, width=.2];
	m1 [label = "", shape = square, style = filled, color=grey, fixedsize=true, width=.2];
	m2 [label = "", shape = square, style = filled, color=grey, fixedsize=true, width=.2];
	m3 [label = "", shape = square, style = filled, color=grey, fixedsize=true, width=.2];
	m4 [label = "", shape = square, style = filled, color=grey, fixedsize=true, width=.2];
	m5 [label = "", shape = square, style = filled, color=grey, fixedsize=true, width=.2];
	s0 -> q0
	s1 -> q1
	q5 -> q2 [label = "b"];
	q2 -> q0 [label = "c"];
	q3 -> q4 [label = "a"];
	q3 -> q5 [label = "b"];
	q3 -> q3 [label = "a"];
	q3 -> m4 [label = "b"];
	q1 -> m1 [label = "a"];
	q5 -> q4 [label = "a, b, c"];
	q4 -> q2 [label = "b"];
	q1 -> q0 [label = "a, b"];
	q4 -> q5 [label = "c"];
	q0 -> q1 [label = "a"];
	q4 -> m0 [label = "c"];
	q0 -> q4 [label = "b"];
	q5 -> m1 [label = "c"];
	q0 -> q5 [label = "a, c"];
	q2 -> q2 [label = "b"];
	q3 -> q1 [label = "c"];
	q2 -> q4 [label = "b"];
	q4 -> q1 [label = "b"];
	q4 -> m3 [label = "a"];
	q0 -> m0 [label = "b"];
	q1 -> q3 [label = "c"];
	q2 -> m1 [label = "a"];
	q2 -> m2 [label = "a"];
	q2 -> m5 [label = "c"];
	q1 -> q1 [label = "c"];
	q0 -> q3 [label = "c"];
	q4 -> q3 [label = "a"];
	m0 -> q1;
	m0 -> q2;
	m1 -> q1;
	m1 -> q3;
	m2 -> q0;
	m2 -> q5;
	m3 -> q0;
	m3 -> q4;
	m4 -> q0;
	m4 -> q3;
	m5 -> q2;
	m5 -> q3;
}

L* output after 7 EQ and 4126 MQ:
digraph finite_state_machine {
	rankdir=LR;
	node [shape = circle];
	s0 [shape = point, style = invis, start="true" ];
	q0 [label = "q0"];
	q1 [label = "q1", shape = doublecircle, final="true" ];
	q2 [label = "q2"];
	q3 [label = "q3"];
	q4 [label = "q4"];
	q5 [label = "q5", shape = doublecircle, final="true" ];
	q6 [label = "q6"];
	q7 [label = "q7"];
	q8 [label = "q8", shape = doublecircle, final="true" ];
	q9 [label = "q9", shape = doublecircle, final="true" ];
	q10 [label = "q10", shape = doublecircle, final="true" ];
	q11 [label = "q11"];
	q12 [label = "q12"];
	q13 [label = "q13", shape = doublecircle, final="true" ];
	q14 [label = "q14"];
	q15 [label = "q15", shape = doublecircle, final="true" ];
	q16 [label = "q16"];
	q17 [label = "q17", shape = doublecircle, final="true" ];
	q18 [label = "q18"];
	q19 [label = "q19"];
	q20 [label = "q20", shape = doublecircle, final="true" ];
	q21 [label = "q21", shape = doublecircle, final="true" ];
	q22 [label = "q22"];
	q23 [label = "q23", shape = doublecircle, final="true" ];
	q24 [label = "q24", shape = doublecircle, final="true" ];
	q25 [label = "q25"];
	q26 [label = "q26", shape = doublecircle, final="true" ];
	q27 [label = "q27", shape = doublecircle, final="true" ];
	q28 [label = "q28", shape = doublecircle, final="true" ];
	q29 [label = "q29", shape = doublecircle, final="true" ];
	q30 [label = "q30"];
	q31 [label = "q31"];
	q32 [label = "q32"];
	q33 [label = "q33", shape = doublecircle, final="true" ];
	q34 [label = "q34"];
	q35 [label = "q35", shape = doublecircle, final="true" ];
	q36 [label = "q36"];
	q37 [label = "q37", shape = doublecircle, final="true" ];
	q38 [label = "q38"];
	q39 [label = "q39"];
	s0 -> q23
	q18 -> q30 [label = "c"];
	q20 -> q17 [label = "b"];
	q21 -> q14 [label = "a"];
	q17 -> q17 [label = "b"];
	q17 -> q28 [label = "a, c"];
	q21 -> q13 [label = "c"];
	q20 -> q12 [label = "a"];
	q16 -> q20 [label = "b"];
	q23 -> q21 [label = "c"];
	q22 -> q19 [label = "c"];
	q22 -> q37 [label = "a"];
	q18 -> q29 [label = "a"];
	q18 -> q20 [label = "b"];
	q20 -> q28 [label = "c"];
	q15 -> q24 [label = "a"];
	q11 -> q21 [label = "c"];
	q12 -> q32 [label = "b"];
	q15 -> q25 [label = "b"];
	q5 -> q35 [label = "b"];
	q2 -> q30 [label = "c"];
	q6 -> q29 [label = "a"];
	q7 -> q20 [label = "b"];
	q3 -> q29 [label = "a, c"];
	q22 -> q20 [label = "b"];
	q1 -> q17 [label = "b"];
	q1 -> q0 [label = "a"];
	q4 -> q37 [label = "a"];
	q6 -> q1 [label = "b"];
	q2 -> q11 [label = "a"];
	q0 -> q2 [label = "b"];
	q1 -> q28 [label = "c"];
	q2 -> q20 [label = "b"];
	q13 -> q27 [label = "b"];
	q3 -> q2 [label = "b"];
	q4 -> q21 [label = "c"];
	q10 -> q7 [label = "b"];
	q25 -> q37 [label = "a"];
	q31 -> q29 [label = "a, c"];
	q6 -> q21 [label = "c"];
	q36 -> q29 [label = "c"];
	q11 -> q11 [label = "a"];
	q16 -> q31 [label = "c"];
	q7 -> q3 [label = "c"];
	q32 -> q20 [label = "b"];
	q32 -> q38 [label = "a"];
	q19 -> q13 [label = "c"];
	q32 -> q36 [label = "c"];
	q16 -> q38 [label = "a"];
	q14 -> q26 [label = "b"];
	q39 -> q39 [label = "a"];
	q8 -> q4 [label = "a"];
	q30 -> q29 [label = "a, c"];
	q10 -> q13 [label = "c"];
	q10 -> q14 [label = "a"];
	q0 -> q21 [label = "c"];
	q34 -> q16 [label = "b"];
	q13 -> q14 [label = "a"];
	q24 -> q17 [label = "b"];
	q37 -> q14 [label = "a"];
	q26 -> q33 [label = "c"];
	q31 -> q1 [label = "b"];
	q39 -> q8 [label = "c"];
	q37 -> q29 [label = "c"];
	q35 -> q33 [label = "a, c"];
	q4 -> q1 [label = "b"];
	q34 -> q29 [label = "a, c"];
	q26 -> q17 [label = "b"];
	q27 -> q33 [label = "c"];
	q30 -> q26 [label = "b"];
	q0 -> q29 [label = "a"];
	q29 -> q35 [label = "b"];
	q21 -> q18 [label = "b"];
	q14 -> q29 [label = "a"];
	q33 -> q33 [label = "a"];
	q23 -> q22 [label = "b"];
	q38 -> q39 [label = "a"];
	q25 -> q34 [label = "c"];
	q12 -> q21 [label = "c"];
	q33 -> q35 [label = "b"];
	q9 -> q25 [label = "b"];
	q14 -> q21 [label = "c"];
	q28 -> q18 [label = "b"];
	q25 -> q20 [label = "b"];
	q37 -> q18 [label = "b"];
	q35 -> q17 [label = "b"];
	q24 -> q33 [label = "a"];
	q36 -> q11 [label = "a"];
	q39 -> q9 [label = "b"];
	q9 -> q5 [label = "c"];
	q5 -> q21 [label = "c"];
	q33 -> q29 [label = "c"];
	q29 -> q14 [label = "a"];
	q28 -> q29 [label = "c"];
	q38 -> q10 [label = "c"];
	q12 -> q29 [label = "a"];
	q27 -> q24 [label = "a"];
	q29 -> q29 [label = "c"];
	q19 -> q11 [label = "a"];
	q27 -> q25 [label = "b"];
	q28 -> q33 [label = "a"];
	q36 -> q1 [label = "b"];
	q26 -> q14 [label = "a"];
	q23 -> q15 [label = "a"];
	q15 -> q29 [label = "c"];
	q9 -> q6 [label = "a"];
	q19 -> q16 [label = "b"];
	q24 -> q29 [label = "c"];
	q11 -> q26 [label = "b"];
	q7 -> q37 [label = "a"];
	q13 -> q21 [label = "c"];
	q8 -> q13 [label = "c"];
	q5 -> q33 [label = "a"];
	q38 -> q26 [label = "b"];
	q8 -> q25 [label = "b"];
}
DFA size: 40 states

NL* output after 10 EQ and 2408 MQ:
digraph finite_state_machine {
	rankdir=LR;
	node [shape = circle];
	s0 [shape = point, style = invis, start="true" ];
	q0 [label = "q0"];
	q1 [label = "q1"];
	q2 [label = "q2"];
	q3 [label = "q3"];
	q4 [label = "q4"];
	q5 [label = "q5", shape = doublecircle, final="true" ];
	q6 [label = "q6", shape = doublecircle, final="true" ];
	q7 [label = "q7", shape = doublecircle, final="true" ];
	q8 [label = "q8"];
	q9 [label = "q9"];
	q10 [label = "q10"];
	q11 [label = "q11", shape = doublecircle, final="true" ];
	q12 [label = "q12", shape = doublecircle, final="true" ];
	q13 [label = "q13", shape = doublecircle, final="true" ];
	q14 [label = "q14"];
	q15 [label = "q15", shape = doublecircle, final="true" ];
	q16 [label = "q16"];
	q17 [label = "q17"];
	q18 [label = "q18"];
	q19 [label = "q19"];
	q20 [label = "q20"];
	q21 [label = "q21"];
	q22 [label = "q22", shape = doublecircle, final="true" ];
	s0 -> q13
	q18 -> q11 [label = "c"];
	q17 -> q19 [label = "c"];
	q17 -> q17 [label = "c"];
	q17 -> q15 [label = "b"];
	q17 -> q10 [label = "a"];
	q21 -> q18 [label = "a, c"];
	q20 -> q8 [label = "a"];
	q22 -> q15 [label = "b"];
	q22 -> q14 [label = "b"];
	q22 -> q3 [label = "b"];
	q22 -> q0 [label = "b"];
	q18 -> q10 [label = "a"];
	q22 -> q18 [label = "c"];
	q22 -> q13 [label = "b, c"];
	q22 -> q12 [label = "c"];
	q22 -> q7 [label = "c"];
	q16 -> q19 [label = "a"];
	q16 -> q17 [label = "a, b"];
	q16 -> q11 [label = "a"];
	q16 -> q8 [label = "a"];
	q16 -> q7 [label = "a, c"];
	q16 -> q5 [label = "a, c"];
	q18 -> q17 [label = "b"];
	q16 -> q2 [label = "a"];
	q20 -> q17 [label = "c"];
	q20 -> q3 [label = "c"];
	q11 -> q18 [label = "c"];
	q11 -> q7 [label = "c"];
	q14 -> q12 [label = "a"];
	q20 -> q15 [label = "b"];
	q14 -> q7 [label = "a"];
	q14 -> q5 [label = "a"];
	q21 -> q12 [label = "a"];
	q12 -> q20 [label = "b"];
	q20 -> q19 [label = "c"];
	q12 -> q0 [label = "b"];
	q15 -> q21 [label = "b"];
	q15 -> q15 [label = "b"];
	q15 -> q3 [label = "b"];
	q15 -> q0 [label = "b"];
	q13 -> q13 [label = "a"];
	q7 -> q16 [label = "a"];
	q7 -> q4 [label = "a"];
	q7 -> q3 [label = "a"];
	q19 -> q15 [label = "b"];
	q18 -> q2 [label = "a"];
	q4 -> q22 [label = "b"];
	q1 -> q19 [label = "c"];
	q1 -> q18 [label = "c"];
	q1 -> q17 [label = "c"];
	q1 -> q16 [label = "c"];
	q1 -> q9 [label = "c"];
	q5 -> q14 [label = "a, b"];
	q7 -> q0 [label = "b"];
	q3 -> q18 [label = "a, c"];
	q10 -> q1 [label = "b"];
	q14 -> q18 [label = "a, c"];
	q4 -> q7 [label = "a, c"];
	q14 -> q15 [label = "b"];
	q5 -> q8 [label = "c"];
	q13 -> q14 [label = "b"];
	q12 -> q14 [label = "a, b"];
	q10 -> q7 [label = "b, c"];
	q20 -> q4 [label = "c"];
	q1 -> q4 [label = "c"];
	q6 -> q14 [label = "a, b, c"];
	q12 -> q9 [label = "a"];
	q19 -> q2 [label = "a, c"];
	q2 -> q18 [label = "c"];
	q12 -> q16 [label = "a"];
	q1 -> q3 [label = "c"];
	q0 -> q7 [label = "a"];
	q12 -> q2 [label = "a, c"];
	q12 -> q21 [label = "b"];
	q10 -> q20 [label = "b"];
	q16 -> q18 [label = "a, c"];
	q8 -> q5 [label = "b, c"];
	q2 -> q8 [label = "a"];
	q13 -> q18 [label = "c"];
	q19 -> q22 [label = "b"];
	q11 -> q6 [label = "b"];
	q7 -> q9 [label = "a"];
	q6 -> q16 [label = "c"];
	q8 -> q8 [label = "a"];
	q13 -> q7 [label = "c"];
	q9 -> q12 [label = "a"];
	q9 -> q11 [label = "a"];
	q16 -> q10 [label = "a"];
	q9 -> q19 [label = "a"];
	q9 -> q10 [label = "a"];
	q9 -> q8 [label = "a"];
	q9 -> q2 [label = "a"];
	q12 -> q8 [label = "a, c"];
	q11 -> q14 [label = "a"];
	q15 -> q22 [label = "b"];
	q9 -> q5 [label = "a, c"];
	q10 -> q5 [label = "b, c"];
	q12 -> q3 [label = "a"];
	q6 -> q10 [label = "c"];
	q12 -> q1 [label = "b"];
	q2 -> q10 [label = "a"];
	q12 -> q10 [label = "a, c"];
	q11 -> q3 [label = "a"];
	q15 -> q16 [label = "a, c"];
	q0 -> q12 [label = "a"];
	q12 -> q4 [label = "a"];
	q19 -> q10 [label = "a, c"];
	q5 -> q11 [label = "c"];
	q19 -> q5 [label = "c"];
	q19 -> q12 [label = "c"];
	q21 -> q15 [label = "b"];
	q19 -> q19 [label = "c"];
	q3 -> q5 [label = "a, c"];
	q20 -> q14 [label = "c"];
	q7 -> q2 [label = "a"];
	q11 -> q10 [label = "a"];
	q11 -> q4 [label = "a"];
	q11 -> q13 [label = "b"];
	q8 -> q6 [label = "b"];
	q22 -> q9 [label = "a, c"];
	q15 -> q14 [label = "b"];
	q5 -> q3 [label = "a"];
	q9 -> q1 [label = "b"];
	q9 -> q18 [label = "a, c"];
	q1 -> q8 [label = "a, c"];
	q7 -> q14 [label = "a, b"];
	q15 -> q7 [label = "c"];
	q15 -> q18 [label = "c"];
	q2 -> q17 [label = "b"];
	q4 -> q10 [label = "a"];
	q4 -> q15 [label = "b"];
	q19 -> q8 [label = "a, c"];
	q10 -> q17 [label = "b"];
	q16 -> q12 [label = "a"];
	q15 -> q9 [label = "c"];
	q19 -> q11 [label = "c"];
	q15 -> q12 [label = "c"];
	q12 -> q17 [label = "b, c"];
	q10 -> q6 [label = "b"];
	q18 -> q20 [label = "b"];
	q10 -> q19 [label = "b"];
	q6 -> q13 [label = "c"];
	q17 -> q8 [label = "a"];
	q22 -> q5 [label = "c"];
	q4 -> q19 [label = "a"];
	q19 -> q7 [label = "c"];
	q10 -> q22 [label = "b"];
	q11 -> q2 [label = "a"];
	q9 -> q20 [label = "b"];
	q6 -> q21 [label = "b"];
	q12 -> q7 [label = "c"];
	q12 -> q11 [label = "c"];
	q21 -> q5 [label = "a"];
	q4 -> q5 [label = "a, c"];
	q11 -> q5 [label = "b, c"];
	q4 -> q18 [label = "a, c"];
	q0 -> q5 [label = "a"];
	q4 -> q12 [label = "a"];
	q22 -> q21 [label = "b"];
	q0 -> q18 [label = "a, c"];
	q2 -> q1 [label = "b"];
	q5 -> q21 [label = "b"];
	q10 -> q8 [label = "a"];
	q2 -> q5 [label = "b, c"];
	q1 -> q14 [label = "c"];
	q2 -> q6 [label = "b"];
	q11 -> q9 [label = "a"];
	q10 -> q15 [label = "b"];
	q2 -> q7 [label = "b, c"];
	q2 -> q15 [label = "b"];
	q20 -> q10 [label = "a"];
	q2 -> q19 [label = "b"];
	q19 -> q18 [label = "c"];
	q2 -> q20 [label = "b"];
	q11 -> q8 [label = "a"];
	q11 -> q16 [label = "a"];
	q2 -> q22 [label = "b"];
	q12 -> q5 [label = "c"];
	q19 -> q17 [label = "c"];
	q6 -> q3 [label = "a, c"];
	q7 -> q21 [label = "b"];
	q6 -> q2 [label = "c"];
	q12 -> q19 [label = "c"];
	q6 -> q4 [label = "a, c"];
	q0 -> q16 [label = "c"];
	q6 -> q8 [label = "c"];
	q22 -> q22 [label = "b"];
	q3 -> q15 [label = "b"];
	q6 -> q9 [label = "c"];
	q12 -> q18 [label = "c"];
	q6 -> q11 [label = "c"];
	q3 -> q12 [label = "a"];
	q0 -> q15 [label = "b"];
	q4 -> q11 [label = "a"];
	q2 -> q2 [label = "a"];
	q22 -> q16 [label = "a, c"];
	q0 -> q9 [label = "c"];
	q4 -> q2 [label = "a"];
	q21 -> q7 [label = "a"];
	q9 -> q17 [label = "a, b"];
	q4 -> q8 [label = "a"];
	q12 -> q12 [label = "c"];
	q4 -> q17 [label = "a"];
	q1 -> q2 [label = "a, c"];
	q1 -> q10 [label = "a, c"];
	q9 -> q7 [label = "a, c"];
	q15 -> q5 [label = "c"];
	q3 -> q22 [label = "b"];
	q18 -> q8 [label = "a, c"];
	q1 -> q15 [label = "b"];
	q13 -> q5 [label = "a, c"];
	q7 -> q8 [label = "a, c"];
	q21 -> q16 [label = "c"];
	q7 -> q10 [label = "a"];
	q3 -> q7 [label = "a, c"];
	q15 -> q13 [label = "b, c"];
	q7 -> q11 [label = "c"];
}
NFA size: 23 states

AL* output after 12 EQ and 2528 MQ:
digraph finite_state_machine {
	rankdir=LR;
	node [shape = circle];
	s0 [shape = point, style = invis, start="true" ];
	s1 [shape = point, style = invis, start="true" ];
	q0 [label = "q0", shape = doublecircle, final="true" ];
	q1 [label = "q1", shape = doublecircle, final="true" ];
	q2 [label = "q2"];
	q3 [label = "q3"];
	q4 [label = "q4", shape = doublecircle, final="true" ];
	q5 [label = "q5", shape = doublecircle, final="true" ];
	q6 [label = "q6"];
	q7 [label = "q7"];
	q8 [label = "q8"];
	q9 [label = "q9"];
	q10 [label = "q10", shape = doublecircle, final="true" ];
	m0 [label = "", shape = square, style = filled, color=grey, fixedsize=true, width=.2];
	m1 [label = "", shape = square, style = filled, color=grey, fixedsize=true, width=.2];
	m2 [label = "", shape = square, style = filled, color=grey, fixedsize=true, width=.2];
	m3 [label = "", shape = square, style = filled, color=grey, fixedsize=true, width=.2];
	m4 [label = "", shape = square, style = filled, color=grey, fixedsize=true, width=.2];
	m5 [label = "", shape = square, style = filled, color=grey, fixedsize=true, width=.2];
	m6 [label = "", shape = square, style = filled, color=grey, fixedsize=true, width=.2];
	m7 [label = "", shape = square, style = filled, color=grey, fixedsize=true, width=.2];
	m8 [label = "", shape = square, style = filled, color=grey, fixedsize=true, width=.2];
	m9 [label = "", shape = square, style = filled, color=grey, fixedsize=true, width=.2];
	m10 [label = "", shape = square, style = filled, color=grey, fixedsize=true, width=.2];
	m11 [label = "", shape = square, style = filled, color=grey, fixedsize=true, width=.2];
	s0 -> m0
	s1 -> m1
	q9 -> m5 [label = "b"];
	q9 -> m6 [label = "a, b"];
	q9 -> m3 [label = "a"];
	q8 -> m2 [label = "b, c"];
	q8 -> m6 [label = "a"];
	q8 -> m3 [label = "a"];
	q4 -> m2 [label = "c"];
	q6 -> m9 [label = "a"];
	q4 -> m6 [label = "b"];
	q7 -> m2 [label = "a, c"];
	q3 -> m2 [label = "a, b, c"];
	q10 -> m6 [label = "b"];
	q4 -> m0 [label = "b, c"];
	q4 -> m5 [label = "b"];
	q7 -> m3 [label = "a, c"];
	q7 -> m7 [label = "a"];
	q6 -> m6 [label = "a, b, c"];
	q2 -> m1 [label = "c"];
	q6 -> m3 [label = "a, c"];
	q10 -> m0 [label = "a, c"];
	q0 -> m2 [label = "b, c"];
	q3 -> m3 [label = "a, c"];
	q5 -> m3 [label = "c"];
	q1 -> m0 [label = "c"];
	q6 -> m5 [label = "b"];
	q6 -> m0 [label = "c"];
	q2 -> m8 [label = "c"];
	q0 -> m1 [label = "a, b"];
	q1 -> m5 [label = "b"];
	q5 -> m1 [label = "a, b"];
	q7 -> m1 [label = "c"];
	q1 -> m6 [label = "a, b, c"];
	q2 -> m0 [label = "b"];
	q2 -> m2 [label = "c"];
	q9 -> m0 [label = "b, c"];
	q10 -> m3 [label = "c"];
	q5 -> m5 [label = "b"];
	q9 -> m4 [label = "c"];
	q9 -> m2 [label = "b, c"];
	q8 -> m0 [label = "b, c"];
	q3 -> m0 [label = "a, c"];
	q6 -> m10 [label = "a"];
	q1 -> m11 [label = "a"];
	q7 -> m0 [label = "a, b"];
	q0 -> m0 [label = "b, c"];
	q1 -> m1 [label = "a, b, c"];
	q1 -> m3 [label = "c"];
	q7 -> m5 [label = "b"];
	q8 -> m5 [label = "b"];
	q5 -> m8 [label = "a"];
	q5 -> m6 [label = "a, b, c"];
	q7 -> m6 [label = "b"];
	q2 -> m9 [label = "a"];
	q1 -> m8 [label = "a"];
	q10 -> m1 [label = "a, b"];
	q5 -> m0 [label = "c"];
	q2 -> m6 [label = "a, b, c"];
	q3 -> m6 [label = "a, b"];
	q2 -> m5 [label = "b"];
	q4 -> m3 [label = "a, c"];
	q0 -> m3 [label = "a, c"];
	q6 -> m2 [label = "b"];
	q10 -> m2 [label = "a, c"];
	q2 -> m3 [label = "a"];
	q0 -> m5 [label = "b"];
	q4 -> m1 [label = "a, b, c"];
	q0 -> m6 [label = "a"];
	m0 -> q0;
	m0 -> q1;
	m0 -> q4;
	m0 -> q5;
	m0 -> q10;
	m1 -> q3;
	m1 -> q7;
	m1 -> q10;
	m2 -> q1;
	m2 -> q2;
	m2 -> q5;
	m2 -> q6;
	m3 -> q0;
	m3 -> q3;
	m3 -> q6;
	m3 -> q8;
	m3 -> q9;
	m4 -> q0;
	m4 -> q2;
	m4 -> q3;
	m4 -> q4;
	m4 -> q6;
	m4 -> q7;
	m4 -> q8;
	m4 -> q9;
	m5 -> q1;
	m5 -> q2;
	m5 -> q4;
	m5 -> q7;
	m6 -> q0;
	m6 -> q2;
	m6 -> q4;
	m6 -> q7;
	m6 -> q8;
	m6 -> q9;
	m7 -> q0;
	m7 -> q2;
	m7 -> q3;
	m7 -> q4;
	m7 -> q7;
	m7 -> q8;
	m7 -> q9;
	m7 -> q10;
	m8 -> q0;
	m8 -> q1;
	m8 -> q3;
	m8 -> q4;
	m8 -> q5;
	m8 -> q6;
	m8 -> q8;
	m8 -> q9;
	m8 -> q10;
	m9 -> q1;
	m9 -> q2;
	m9 -> q3;
	m9 -> q4;
	m9 -> q5;
	m9 -> q6;
	m9 -> q7;
	m9 -> q9;
	m9 -> q10;
	m10 -> q0;
	m10 -> q1;
	m10 -> q3;
	m10 -> q4;
	m10 -> q5;
	m10 -> q6;
	m10 -> q7;
	m10 -> q10;
	m11 -> q0;
	m11 -> q1;
	m11 -> q2;
	m11 -> q3;
	m11 -> q5;
	m11 -> q6;
	m11 -> q8;
	m11 -> q9;
}
AFA size: 11 states

