Random target AFA:
digraph finite_state_machine {
	rankdir=LR;
	node [shape = circle];
	s0 [shape = point, style = invis, start="true" ];
	s1 [shape = point, style = invis, start="true" ];
	q0 [label = "q0"];
	q1 [label = "q1"];
	q2 [label = "q2", shape = doublecircle, final="true" ];
	q3 [label = "q3", shape = doublecircle, final="true" ];
	q4 [label = "q4"];
	q5 [label = "q5", shape = doublecircle, final="true" ];
	m0 [label = "", shape = square, style = filled, color=grey, fixedsize=true, width=.2];
	m1 [label = "", shape = square, style = filled, color=grey, fixedsize=true, width=.2];
	m2 [label = "", shape = square, style = filled, color=grey, fixedsize=true, width=.2];
	m3 [label = "", shape = square, style = filled, color=grey, fixedsize=true, width=.2];
	m4 [label = "", shape = square, style = filled, color=grey, fixedsize=true, width=.2];
	m5 [label = "", shape = square, style = filled, color=grey, fixedsize=true, width=.2];
	m6 [label = "", shape = square, style = filled, color=grey, fixedsize=true, width=.2];
	m7 [label = "", shape = square, style = filled, color=grey, fixedsize=true, width=.2];
	s0 -> q1
	s1 -> q2
	q3 -> q0 [label = "c"];
	q2 -> q0 [label = "c"];
	q2 -> q1 [label = "a"];
	q4 -> q4 [label = "a"];
	q2 -> m0 [label = "a"];
	q5 -> q5 [label = "b"];
	q0 -> q1 [label = "a"];
	q0 -> q0 [label = "b"];
	q0 -> q3 [label = "b"];
	q4 -> m5 [label = "b"];
	q2 -> q3 [label = "b"];
	q3 -> q1 [label = "b, c"];
	q0 -> q4 [label = "a, c"];
	q4 -> q3 [label = "c"];
	q1 -> q5 [label = "a"];
	q2 -> q4 [label = "b"];
	q4 -> q1 [label = "c"];
	q3 -> m0 [label = "b"];
	q5 -> q0 [label = "c"];
	q1 -> q3 [label = "a"];
	q1 -> q0 [label = "b, c"];
	q4 -> q2 [label = "b"];
	q1 -> m4 [label = "b"];
	q3 -> m5 [label = "a"];
	q5 -> m3 [label = "c"];
	q1 -> m6 [label = "c"];
	q3 -> q3 [label = "a"];
	q5 -> q1 [label = "a, b"];
	q4 -> m2 [label = "a"];
	q0 -> m1 [label = "c"];
	q5 -> q2 [label = "a"];
	q2 -> m7 [label = "c"];
	m0 -> q1;
	m0 -> q3;
	m1 -> q1;
	m1 -> q4;
	m2 -> q0;
	m2 -> q3;
	m3 -> q3;
	m3 -> q5;
	m4 -> q0;
	m4 -> q5;
	m5 -> q0;
	m5 -> q4;
	m6 -> q2;
	m6 -> q4;
	m7 -> q2;
	m7 -> q5;
}

L* output after 10 EQ and 9155 MQ:
digraph finite_state_machine {
	rankdir=LR;
	node [shape = circle];
	s0 [shape = point, style = invis, start="true" ];
	q0 [label = "q0", shape = doublecircle, final="true" ];
	q1 [label = "q1", shape = doublecircle, final="true" ];
	q2 [label = "q2", shape = doublecircle, final="true" ];
	q3 [label = "q3", shape = doublecircle, final="true" ];
	q4 [label = "q4", shape = doublecircle, final="true" ];
	q5 [label = "q5", shape = doublecircle, final="true" ];
	q6 [label = "q6", shape = doublecircle, final="true" ];
	q7 [label = "q7", shape = doublecircle, final="true" ];
	q8 [label = "q8", shape = doublecircle, final="true" ];
	q9 [label = "q9", shape = doublecircle, final="true" ];
	q10 [label = "q10", shape = doublecircle, final="true" ];
	q11 [label = "q11", shape = doublecircle, final="true" ];
	q12 [label = "q12", shape = doublecircle, final="true" ];
	q13 [label = "q13", shape = doublecircle, final="true" ];
	q14 [label = "q14", shape = doublecircle, final="true" ];
	q15 [label = "q15", shape = doublecircle, final="true" ];
	q16 [label = "q16", shape = doublecircle, final="true" ];
	q17 [label = "q17", shape = doublecircle, final="true" ];
	q18 [label = "q18", shape = doublecircle, final="true" ];
	q19 [label = "q19", shape = doublecircle, final="true" ];
	q20 [label = "q20", shape = doublecircle, final="true" ];
	q21 [label = "q21", shape = doublecircle, final="true" ];
	q22 [label = "q22", shape = doublecircle, final="true" ];
	q23 [label = "q23", shape = doublecircle, final="true" ];
	q24 [label = "q24", shape = doublecircle, final="true" ];
	q25 [label = "q25"];
	q26 [label = "q26", shape = doublecircle, final="true" ];
	q27 [label = "q27", shape = doublecircle, final="true" ];
	q28 [label = "q28", shape = doublecircle, final="true" ];
	q29 [label = "q29"];
	q30 [label = "q30", shape = doublecircle, final="true" ];
	q31 [label = "q31"];
	q32 [label = "q32", shape = doublecircle, final="true" ];
	q33 [label = "q33", shape = doublecircle, final="true" ];
	q34 [label = "q34", shape = doublecircle, final="true" ];
	q35 [label = "q35", shape = doublecircle, final="true" ];
	q36 [label = "q36", shape = doublecircle, final="true" ];
	q37 [label = "q37", shape = doublecircle, final="true" ];
	q38 [label = "q38", shape = doublecircle, final="true" ];
	q39 [label = "q39", shape = doublecircle, final="true" ];
	q40 [label = "q40", shape = doublecircle, final="true" ];
	q41 [label = "q41", shape = doublecircle, final="true" ];
	q42 [label = "q42", shape = doublecircle, final="true" ];
	q43 [label = "q43", shape = doublecircle, final="true" ];
	q44 [label = "q44", shape = doublecircle, final="true" ];
	s0 -> q28
	q41 -> q13 [label = "c"];
	q43 -> q37 [label = "a"];
	q43 -> q6 [label = "b"];
	q40 -> q40 [label = "c"];
	q42 -> q40 [label = "c"];
	q2 -> q2 [label = "b"];
	q7 -> q7 [label = "b"];
	q6 -> q40 [label = "c"];
	q4 -> q0 [label = "c"];
	q2 -> q37 [label = "a"];
	q0 -> q40 [label = "c"];
	q7 -> q40 [label = "c"];
	q10 -> q37 [label = "a"];
	q37 -> q4 [label = "b"];
	q6 -> q37 [label = "a"];
	q34 -> q40 [label = "c"];
	q3 -> q10 [label = "c"];
	q9 -> q40 [label = "c"];
	q31 -> q32 [label = "b"];
	q7 -> q8 [label = "a"];
	q13 -> q37 [label = "a"];
	q15 -> q42 [label = "b"];
	q23 -> q40 [label = "c"];
	q41 -> q37 [label = "a"];
	q17 -> q18 [label = "c"];
	q12 -> q35 [label = "c"];
	q39 -> q40 [label = "b"];
	q17 -> q30 [label = "b"];
	q30 -> q23 [label = "b"];
	q42 -> q3 [label = "b"];
	q14 -> q31 [label = "a"];
	q13 -> q40 [label = "c"];
	q41 -> q40 [label = "b"];
	q13 -> q11 [label = "b"];
	q1 -> q8 [label = "a"];
	q18 -> q35 [label = "c"];
	q23 -> q41 [label = "b"];
	q10 -> q5 [label = "b"];
	q6 -> q43 [label = "b"];
	q28 -> q26 [label = "c"];
	q35 -> q40 [label = "c"];
	q39 -> q17 [label = "a"];
	q43 -> q35 [label = "c"];
	q16 -> q29 [label = "c"];
	q12 -> q6 [label = "b"];
	q8 -> q8 [label = "a"];
	q1 -> q10 [label = "c"];
	q20 -> q18 [label = "b"];
	q33 -> q41 [label = "b"];
	q17 -> q19 [label = "a"];
	q24 -> q31 [label = "a"];
	q0 -> q36 [label = "a"];
	q18 -> q37 [label = "a"];
	q25 -> q38 [label = "b"];
	q30 -> q37 [label = "a"];
	q16 -> q16 [label = "b"];
	q21 -> q33 [label = "c"];
	q22 -> q42 [label = "b"];
	q37 -> q18 [label = "c"];
	q20 -> q37 [label = "a"];
	q5 -> q10 [label = "b, c"];
	q19 -> q16 [label = "c"];
	q44 -> q2 [label = "b"];
	q0 -> q5 [label = "b"];
	q24 -> q40 [label = "c"];
	q2 -> q10 [label = "c"];
	q22 -> q43 [label = "c"];
	q31 -> q18 [label = "c"];
	q32 -> q23 [label = "b"];
	q20 -> q34 [label = "c"];
	q4 -> q42 [label = "b"];
	q27 -> q22 [label = "a"];
	q15 -> q8 [label = "a"];
	q3 -> q42 [label = "b"];
	q8 -> q1 [label = "b"];
	q27 -> q20 [label = "c"];
	q36 -> q32 [label = "b"];
	q18 -> q18 [label = "b"];
	q21 -> q8 [label = "a"];
	q11 -> q10 [label = "b, c"];
	q14 -> q40 [label = "c"];
	q14 -> q11 [label = "b"];
	q19 -> q44 [label = "a"];
	q29 -> q39 [label = "b"];
	q10 -> q40 [label = "c"];
	q8 -> q43 [label = "c"];
	q4 -> q8 [label = "a"];
	q21 -> q7 [label = "b"];
	q9 -> q17 [label = "a"];
	q9 -> q43 [label = "b"];
	q35 -> q39 [label = "b"];
	q11 -> q17 [label = "a"];
	q23 -> q17 [label = "a"];
	q26 -> q9 [label = "b"];
	q26 -> q25 [label = "a"];
	q30 -> q14 [label = "c"];
	q28 -> q27 [label = "a"];
	q34 -> q36 [label = "a"];
	q24 -> q39 [label = "b"];
	q25 -> q19 [label = "a"];
	q27 -> q21 [label = "b"];
	q3 -> q8 [label = "a"];
	q25 -> q18 [label = "c"];
	q40 -> q41 [label = "b"];
	q29 -> q37 [label = "a"];
	q29 -> q40 [label = "c"];
	q38 -> q25 [label = "a"];
	q26 -> q24 [label = "c"];
	q5 -> q37 [label = "a"];
	q15 -> q12 [label = "c"];
	q28 -> q23 [label = "b"];
	q32 -> q14 [label = "c"];
	q31 -> q19 [label = "a"];
	q32 -> q17 [label = "a"];
	q38 -> q14 [label = "c"];
	q34 -> q39 [label = "b"];
	q36 -> q18 [label = "c"];
	q33 -> q36 [label = "a"];
	q22 -> q8 [label = "a"];
	q16 -> q37 [label = "a"];
	q38 -> q23 [label = "b"];
	q44 -> q37 [label = "a"];
	q12 -> q36 [label = "a"];
	q35 -> q37 [label = "a"];
	q1 -> q1 [label = "b"];
	q33 -> q40 [label = "c"];
	q39 -> q13 [label = "c"];
	q37 -> q8 [label = "a"];
	q19 -> q15 [label = "b"];
	q44 -> q43 [label = "c"];
	q40 -> q37 [label = "a"];
	q36 -> q19 [label = "a"];
	q42 -> q8 [label = "a"];
}
DFA size: 45 states

NL* output after 10 EQ and 4033 MQ:
digraph finite_state_machine {
	rankdir=LR;
	node [shape = circle];
	s0 [shape = point, style = invis, start="true" ];
	q0 [label = "q0", shape = doublecircle, final="true" ];
	q1 [label = "q1", shape = doublecircle, final="true" ];
	q2 [label = "q2", shape = doublecircle, final="true" ];
	q3 [label = "q3", shape = doublecircle, final="true" ];
	q4 [label = "q4", shape = doublecircle, final="true" ];
	q5 [label = "q5", shape = doublecircle, final="true" ];
	q6 [label = "q6", shape = doublecircle, final="true" ];
	q7 [label = "q7", shape = doublecircle, final="true" ];
	q8 [label = "q8", shape = doublecircle, final="true" ];
	q9 [label = "q9", shape = doublecircle, final="true" ];
	q10 [label = "q10", shape = doublecircle, final="true" ];
	q11 [label = "q11"];
	q12 [label = "q12", shape = doublecircle, final="true" ];
	q13 [label = "q13", shape = doublecircle, final="true" ];
	q14 [label = "q14", shape = doublecircle, final="true" ];
	q15 [label = "q15", shape = doublecircle, final="true" ];
	q16 [label = "q16", shape = doublecircle, final="true" ];
	q17 [label = "q17", shape = doublecircle, final="true" ];
	q18 [label = "q18"];
	q19 [label = "q19"];
	s0 -> q8
	q18 -> q17 [label = "c"];
	q18 -> q12 [label = "c"];
	q18 -> q6 [label = "c"];
	q18 -> q0 [label = "c"];
	q19 -> q15 [label = "a"];
	q19 -> q7 [label = "b"];
	q19 -> q3 [label = "b"];
	q17 -> q19 [label = "a, c"];
	q17 -> q15 [label = "a"];
	q17 -> q5 [label = "a"];
	q16 -> q17 [label = "c"];
	q18 -> q19 [label = "a, c"];
	q18 -> q15 [label = "a"];
	q18 -> q11 [label = "a, c"];
	q18 -> q9 [label = "a"];
	q16 -> q8 [label = "b"];
	q16 -> q7 [label = "b"];
	q17 -> q17 [label = "b"];
	q16 -> q3 [label = "b"];
	q18 -> q10 [label = "b"];
	q18 -> q3 [label = "b"];
	q18 -> q1 [label = "b"];
	q16 -> q15 [label = "a"];
	q15 -> q19 [label = "a"];
	q17 -> q11 [label = "a, c"];
	q15 -> q16 [label = "a"];
	q15 -> q5 [label = "a"];
	q13 -> q17 [label = "b"];
	q13 -> q13 [label = "b"];
	q13 -> q10 [label = "b"];
	q13 -> q4 [label = "b"];
	q13 -> q1 [label = "b"];
	q11 -> q17 [label = "c"];
	q11 -> q14 [label = "c"];
	q14 -> q16 [label = "a"];
	q14 -> q15 [label = "a"];
	q14 -> q5 [label = "a"];
	q12 -> q7 [label = "b"];
	q18 -> q7 [label = "b"];
	q15 -> q2 [label = "b"];
	q13 -> q19 [label = "a"];
	q19 -> q10 [label = "b"];
	q13 -> q16 [label = "a"];
	q13 -> q11 [label = "a"];
	q13 -> q8 [label = "a"];
	q13 -> q5 [label = "a"];
	q3 -> q10 [label = "c"];
	q5 -> q7 [label = "b"];
	q14 -> q11 [label = "a"];
	q2 -> q9 [label = "a, b"];
	q2 -> q4 [label = "b"];
	q0 -> q18 [label = "c"];
	q13 -> q15 [label = "a"];
	q2 -> q1 [label = "b, c"];
	q1 -> q12 [label = "c"];
	q0 -> q11 [label = "a, c"];
	q4 -> q19 [label = "a, c"];
	q14 -> q19 [label = "a"];
	q2 -> q0 [label = "b"];
	q4 -> q14 [label = "b, c"];
	q7 -> q4 [label = "b"];
	q18 -> q4 [label = "c"];
	q18 -> q5 [label = "a, c"];
	q12 -> q17 [label = "c"];
	q0 -> q1 [label = "b"];
	q18 -> q16 [label = "a, c"];
	q0 -> q7 [label = "b"];
	q13 -> q14 [label = "b"];
	q12 -> q14 [label = "c"];
	q1 -> q19 [label = "a, c"];
	q2 -> q6 [label = "b"];
	q1 -> q14 [label = "b"];
	q12 -> q0 [label = "c"];
	q13 -> q0 [label = "c"];
	q11 -> q10 [label = "b"];
	q9 -> q2 [label = "a"];
	q12 -> q10 [label = "b"];
	q12 -> q1 [label = "b"];
	q11 -> q3 [label = "b"];
	q2 -> q10 [label = "b, c"];
	q17 -> q18 [label = "c"];
	q9 -> q9 [label = "a"];
	q4 -> q16 [label = "a, c"];
	q0 -> q0 [label = "c"];
	q0 -> q19 [label = "a, c"];
	q0 -> q10 [label = "b"];
	q15 -> q17 [label = "c"];
	q6 -> q12 [label = "c"];
	q1 -> q11 [label = "a, c"];
	q7 -> q5 [label = "a"];
	q13 -> q2 [label = "a"];
	q9 -> q8 [label = "a"];
	q10 -> q4 [label = "b"];
	q8 -> q10 [label = "c"];
	q4 -> q12 [label = "c"];
	q4 -> q18 [label = "c"];
	q0 -> q5 [label = "a, c"];
	q4 -> q6 [label = "c"];
	q4 -> q0 [label = "c"];
	q9 -> q13 [label = "b"];
	q5 -> q3 [label = "b"];
	q4 -> q5 [label = "a, c"];
	q13 -> q6 [label = "c"];
	q12 -> q12 [label = "c"];
	q4 -> q17 [label = "b, c"];
	q3 -> q11 [label = "a"];
	q19 -> q14 [label = "c"];
	q12 -> q19 [label = "a, c"];
	q6 -> q4 [label = "c"];
	q0 -> q16 [label = "c"];
	q14 -> q14 [label = "b"];
	q1 -> q6 [label = "c"];
	q8 -> q6 [label = "b"];
	q17 -> q16 [label = "a"];
	q14 -> q17 [label = "b"];
	q8 -> q12 [label = "b"];
	q12 -> q11 [label = "a, c"];
	q2 -> q14 [label = "b"];
	q8 -> q0 [label = "b"];
	q8 -> q4 [label = "b"];
	q6 -> q5 [label = "a, c"];
	q2 -> q5 [label = "a, b"];
	q5 -> q10 [label = "b"];
	q5 -> q17 [label = "c"];
	q14 -> q6 [label = "c"];
	q13 -> q12 [label = "c"];
	q10 -> q11 [label = "a"];
	q14 -> q12 [label = "c"];
	q8 -> q9 [label = "a"];
	q6 -> q18 [label = "c"];
	q16 -> q10 [label = "b"];
	q9 -> q10 [label = "b"];
	q2 -> q11 [label = "a, b"];
	q15 -> q11 [label = "a"];
	q2 -> q12 [label = "b"];
	q12 -> q5 [label = "c"];
	q11 -> q15 [label = "a"];
	q19 -> q17 [label = "c"];
	q6 -> q3 [label = "b"];
	q9 -> q14 [label = "b, c"];
	q12 -> q6 [label = "c"];
	q1 -> q18 [label = "c"];
	q16 -> q14 [label = "c"];
	q2 -> q15 [label = "a, b"];
	q12 -> q16 [label = "c"];
	q2 -> q18 [label = "b"];
	q2 -> q19 [label = "a, b"];
	q13 -> q9 [label = "a, b"];
	q6 -> q0 [label = "c"];
	q6 -> q6 [label = "c"];
	q12 -> q18 [label = "c"];
	q3 -> q6 [label = "b"];
	q6 -> q11 [label = "a, c"];
	q6 -> q17 [label = "c"];
	q6 -> q19 [label = "a, c"];
	q10 -> q12 [label = "c"];
	q12 -> q4 [label = "c"];
	q0 -> q12 [label = "c"];
	q0 -> q3 [label = "b"];
	q0 -> q14 [label = "b, c"];
	q18 -> q14 [label = "c"];
	q0 -> q4 [label = "c"];
	q0 -> q8 [label = "b"];
	q4 -> q11 [label = "a, c"];
	q2 -> q2 [label = "a"];
	q2 -> q13 [label = "b"];
	q2 -> q8 [label = "a"];
	q6 -> q7 [label = "b"];
	q12 -> q3 [label = "b"];
	q4 -> q4 [label = "c"];
	q6 -> q10 [label = "b"];
	q14 -> q9 [label = "a"];
	q0 -> q6 [label = "c"];
	q5 -> q14 [label = "c"];
	q1 -> q5 [label = "a, c"];
	q3 -> q0 [label = "b"];
	q3 -> q4 [label = "b"];
	q3 -> q12 [label = "b, c"];
	q18 -> q18 [label = "c"];
	q7 -> q12 [label = "b, c"];
	q6 -> q14 [label = "c"];
	q1 -> q4 [label = "b"];
	q6 -> q16 [label = "c"];
	q5 -> q15 [label = "a"];
	q6 -> q1 [label = "b"];
	q0 -> q17 [label = "b, c"];
	q7 -> q19 [label = "a"];
	q2 -> q16 [label = "a, b"];
	q1 -> q17 [label = "b"];
	q7 -> q0 [label = "b"];
	q7 -> q6 [label = "b"];
	q17 -> q9 [label = "a"];
	q4 -> q1 [label = "b"];
	q15 -> q8 [label = "a, b"];
	q2 -> q17 [label = "b"];
	q4 -> q10 [label = "b"];
	q7 -> q10 [label = "c"];
	q7 -> q11 [label = "a"];
	q7 -> q16 [label = "a"];
}
NFA size: 20 states

