Random target AFA:
digraph finite_state_machine {
	rankdir=LR;
	node [shape = circle];
	s0 [shape = point, style = invis, start="true" ];
	s1 [shape = point, style = invis, start="true" ];
	q0 [label = "q0", shape = doublecircle, final="true" ];
	q1 [label = "q1"];
	q2 [label = "q2"];
	q3 [label = "q3", shape = doublecircle, final="true" ];
	q4 [label = "q4"];
	q5 [label = "q5"];
	m0 [label = "", shape = square, style = filled, color=grey, fixedsize=true, width=.2];
	m1 [label = "", shape = square, style = filled, color=grey, fixedsize=true, width=.2];
	m2 [label = "", shape = square, style = filled, color=grey, fixedsize=true, width=.2];
	m3 [label = "", shape = square, style = filled, color=grey, fixedsize=true, width=.2];
	m4 [label = "", shape = square, style = filled, color=grey, fixedsize=true, width=.2];
	m5 [label = "", shape = square, style = filled, color=grey, fixedsize=true, width=.2];
	m6 [label = "", shape = square, style = filled, color=grey, fixedsize=true, width=.2];
	m7 [label = "", shape = square, style = filled, color=grey, fixedsize=true, width=.2];
	m8 [label = "", shape = square, style = filled, color=grey, fixedsize=true, width=.2];
	m9 [label = "", shape = square, style = filled, color=grey, fixedsize=true, width=.2];
	m10 [label = "", shape = square, style = filled, color=grey, fixedsize=true, width=.2];
	s0 -> q2
	s1 -> q2
	q5 -> q1 [label = "b"];
	q5 -> q5 [label = "b"];
	q5 -> m6 [label = "c"];
	q3 -> q3 [label = "b, c"];
	q0 -> m3 [label = "b"];
	q2 -> m5 [label = "a"];
	q3 -> m8 [label = "a"];
	q1 -> q1 [label = "c"];
	q2 -> m2 [label = "b"];
	q0 -> q0 [label = "a, c"];
	q0 -> m1 [label = "a"];
	q2 -> q4 [label = "b"];
	q4 -> q1 [label = "c"];
	q0 -> q4 [label = "b"];
	q4 -> m0 [label = "c"];
	q5 -> m7 [label = "c"];
	q1 -> q2 [label = "c"];
	q4 -> q0 [label = "a"];
	q4 -> q2 [label = "a"];
	q1 -> m8 [label = "a"];
	q1 -> q3 [label = "a"];
	q5 -> m10 [label = "a"];
	q3 -> q2 [label = "a"];
	q3 -> q5 [label = "b"];
	q3 -> m2 [label = "c"];
	q5 -> m1 [label = "a"];
	q1 -> q4 [label = "b"];
	q1 -> m9 [label = "b"];
	q2 -> m4 [label = "a"];
	q4 -> m7 [label = "b"];
	q2 -> m0 [label = "c"];
	q4 -> q4 [label = "b"];
	q2 -> q5 [label = "c"];
	m0 -> q2;
	m0 -> q5;
	m1 -> q3;
	m1 -> q5;
	m2 -> q2;
	m2 -> q3;
	m3 -> q0;
	m3 -> q5;
	m4 -> q1;
	m4 -> q3;
	m5 -> q0;
	m5 -> q4;
	m6 -> q1;
	m6 -> q5;
	m7 -> q1;
	m7 -> q2;
	m8 -> q2;
	m8 -> q4;
	m9 -> q1;
	m9 -> q4;
	m10 -> q4;
	m10 -> q5;
}

L* output after 14 EQ and 57862 MQ:
digraph finite_state_machine {
	rankdir=LR;
	node [shape = circle];
	s0 [shape = point, style = invis, start="true" ];
	q0 [label = "q0"];
	q1 [label = "q1"];
	q2 [label = "q2"];
	q3 [label = "q3"];
	q4 [label = "q4"];
	q5 [label = "q5"];
	q6 [label = "q6"];
	q7 [label = "q7"];
	q8 [label = "q8", shape = doublecircle, final="true" ];
	q9 [label = "q9", shape = doublecircle, final="true" ];
	q10 [label = "q10"];
	q11 [label = "q11"];
	q12 [label = "q12", shape = doublecircle, final="true" ];
	q13 [label = "q13", shape = doublecircle, final="true" ];
	q14 [label = "q14"];
	q15 [label = "q15"];
	q16 [label = "q16"];
	q17 [label = "q17", shape = doublecircle, final="true" ];
	q18 [label = "q18"];
	q19 [label = "q19"];
	q20 [label = "q20"];
	q21 [label = "q21"];
	q22 [label = "q22"];
	q23 [label = "q23", shape = doublecircle, final="true" ];
	q24 [label = "q24", shape = doublecircle, final="true" ];
	q25 [label = "q25"];
	q26 [label = "q26", shape = doublecircle, final="true" ];
	q27 [label = "q27"];
	q28 [label = "q28"];
	q29 [label = "q29"];
	q30 [label = "q30", shape = doublecircle, final="true" ];
	q31 [label = "q31", shape = doublecircle, final="true" ];
	q32 [label = "q32", shape = doublecircle, final="true" ];
	q33 [label = "q33", shape = doublecircle, final="true" ];
	q34 [label = "q34"];
	q35 [label = "q35"];
	q36 [label = "q36", shape = doublecircle, final="true" ];
	q37 [label = "q37", shape = doublecircle, final="true" ];
	q38 [label = "q38"];
	q39 [label = "q39"];
	q40 [label = "q40", shape = doublecircle, final="true" ];
	q41 [label = "q41", shape = doublecircle, final="true" ];
	q42 [label = "q42"];
	q43 [label = "q43"];
	q44 [label = "q44"];
	q45 [label = "q45", shape = doublecircle, final="true" ];
	q46 [label = "q46", shape = doublecircle, final="true" ];
	q47 [label = "q47"];
	q48 [label = "q48", shape = doublecircle, final="true" ];
	q49 [label = "q49", shape = doublecircle, final="true" ];
	q50 [label = "q50"];
	q51 [label = "q51", shape = doublecircle, final="true" ];
	q52 [label = "q52"];
	q53 [label = "q53"];
	q54 [label = "q54", shape = doublecircle, final="true" ];
	q55 [label = "q55", shape = doublecircle, final="true" ];
	q56 [label = "q56", shape = doublecircle, final="true" ];
	q57 [label = "q57", shape = doublecircle, final="true" ];
	q58 [label = "q58", shape = doublecircle, final="true" ];
	q59 [label = "q59", shape = doublecircle, final="true" ];
	q60 [label = "q60", shape = doublecircle, final="true" ];
	q61 [label = "q61", shape = doublecircle, final="true" ];
	q62 [label = "q62"];
	q63 [label = "q63", shape = doublecircle, final="true" ];
	q64 [label = "q64", shape = doublecircle, final="true" ];
	q65 [label = "q65", shape = doublecircle, final="true" ];
	q66 [label = "q66"];
	q67 [label = "q67", shape = doublecircle, final="true" ];
	q68 [label = "q68", shape = doublecircle, final="true" ];
	q69 [label = "q69", shape = doublecircle, final="true" ];
	q70 [label = "q70", shape = doublecircle, final="true" ];
	q71 [label = "q71"];
	q72 [label = "q72", shape = doublecircle, final="true" ];
	q73 [label = "q73", shape = doublecircle, final="true" ];
	q74 [label = "q74", shape = doublecircle, final="true" ];
	q75 [label = "q75", shape = doublecircle, final="true" ];
	q76 [label = "q76", shape = doublecircle, final="true" ];
	q77 [label = "q77", shape = doublecircle, final="true" ];
	q78 [label = "q78"];
	q79 [label = "q79"];
	q80 [label = "q80"];
	q81 [label = "q81"];
	q82 [label = "q82"];
	q83 [label = "q83"];
	q84 [label = "q84", shape = doublecircle, final="true" ];
	q85 [label = "q85"];
	q86 [label = "q86"];
	q87 [label = "q87"];
	q88 [label = "q88"];
	q89 [label = "q89", shape = doublecircle, final="true" ];
	q90 [label = "q90"];
	q91 [label = "q91"];
	q92 [label = "q92", shape = doublecircle, final="true" ];
	q93 [label = "q93"];
	q94 [label = "q94"];
	q95 [label = "q95"];
	q96 [label = "q96"];
	q97 [label = "q97", shape = doublecircle, final="true" ];
	q98 [label = "q98", shape = doublecircle, final="true" ];
	q99 [label = "q99", shape = doublecircle, final="true" ];
	q100 [label = "q100", shape = doublecircle, final="true" ];
	q101 [label = "q101", shape = doublecircle, final="true" ];
	q102 [label = "q102", shape = doublecircle, final="true" ];
	q103 [label = "q103", shape = doublecircle, final="true" ];
	q104 [label = "q104", shape = doublecircle, final="true" ];
	q105 [label = "q105"];
	q106 [label = "q106"];
	q107 [label = "q107", shape = doublecircle, final="true" ];
	q108 [label = "q108", shape = doublecircle, final="true" ];
	q109 [label = "q109", shape = doublecircle, final="true" ];
	q110 [label = "q110", shape = doublecircle, final="true" ];
	q111 [label = "q111", shape = doublecircle, final="true" ];
	q112 [label = "q112"];
	q113 [label = "q113"];
	q114 [label = "q114"];
	q115 [label = "q115"];
	q116 [label = "q116"];
	q117 [label = "q117", shape = doublecircle, final="true" ];
	q118 [label = "q118", shape = doublecircle, final="true" ];
	q119 [label = "q119"];
	q120 [label = "q120", shape = doublecircle, final="true" ];
	q121 [label = "q121"];
	q122 [label = "q122"];
	q123 [label = "q123"];
	q124 [label = "q124"];
	q125 [label = "q125"];
	q126 [label = "q126", shape = doublecircle, final="true" ];
	q127 [label = "q127"];
	q128 [label = "q128"];
	q129 [label = "q129", shape = doublecircle, final="true" ];
	q130 [label = "q130", shape = doublecircle, final="true" ];
	q131 [label = "q131", shape = doublecircle, final="true" ];
	q132 [label = "q132", shape = doublecircle, final="true" ];
	q133 [label = "q133"];
	q134 [label = "q134", shape = doublecircle, final="true" ];
	q135 [label = "q135", shape = doublecircle, final="true" ];
	q136 [label = "q136", shape = doublecircle, final="true" ];
	q137 [label = "q137", shape = doublecircle, final="true" ];
	q138 [label = "q138", shape = doublecircle, final="true" ];
	q139 [label = "q139", shape = doublecircle, final="true" ];
	q140 [label = "q140"];
	q141 [label = "q141"];
	q142 [label = "q142"];
	q143 [label = "q143"];
	q144 [label = "q144"];
	q145 [label = "q145"];
	q146 [label = "q146", shape = doublecircle, final="true" ];
	q147 [label = "q147", shape = doublecircle, final="true" ];
	q148 [label = "q148", shape = doublecircle, final="true" ];
	q149 [label = "q149", shape = doublecircle, final="true" ];
	q150 [label = "q150"];
	q151 [label = "q151"];
	q152 [label = "q152"];
	q153 [label = "q153", shape = doublecircle, final="true" ];
	q154 [label = "q154", shape = doublecircle, final="true" ];
	q155 [label = "q155"];
	q156 [label = "q156", shape = doublecircle, final="true" ];
	q157 [label = "q157", shape = doublecircle, final="true" ];
	q158 [label = "q158", shape = doublecircle, final="true" ];
	q159 [label = "q159", shape = doublecircle, final="true" ];
	q160 [label = "q160"];
	q161 [label = "q161"];
	q162 [label = "q162"];
	q163 [label = "q163", shape = doublecircle, final="true" ];
	q164 [label = "q164", shape = doublecircle, final="true" ];
	q165 [label = "q165", shape = doublecircle, final="true" ];
	q166 [label = "q166", shape = doublecircle, final="true" ];
	q167 [label = "q167"];
	q168 [label = "q168"];
	q169 [label = "q169"];
	q170 [label = "q170"];
	q171 [label = "q171"];
	q172 [label = "q172"];
	q173 [label = "q173"];
	q174 [label = "q174"];
	q175 [label = "q175"];
	q176 [label = "q176", shape = doublecircle, final="true" ];
	q177 [label = "q177", shape = doublecircle, final="true" ];
	q178 [label = "q178"];
	q179 [label = "q179"];
	q180 [label = "q180"];
	q181 [label = "q181"];
	q182 [label = "q182"];
	q183 [label = "q183", shape = doublecircle, final="true" ];
	q184 [label = "q184"];
	q185 [label = "q185"];
	q186 [label = "q186", shape = doublecircle, final="true" ];
	q187 [label = "q187", shape = doublecircle, final="true" ];
	q188 [label = "q188", shape = doublecircle, final="true" ];
	q189 [label = "q189", shape = doublecircle, final="true" ];
	q190 [label = "q190"];
	q191 [label = "q191"];
	q192 [label = "q192"];
	q193 [label = "q193"];
	q194 [label = "q194", shape = doublecircle, final="true" ];
	q195 [label = "q195"];
	q196 [label = "q196"];
	q197 [label = "q197"];
	q198 [label = "q198"];
	q199 [label = "q199", shape = doublecircle, final="true" ];
	q200 [label = "q200"];
	q201 [label = "q201"];
	q202 [label = "q202"];
	q203 [label = "q203", shape = doublecircle, final="true" ];
	q204 [label = "q204", shape = doublecircle, final="true" ];
	q205 [label = "q205"];
	q206 [label = "q206"];
	q207 [label = "q207"];
	s0 -> q123
	q179 -> q201 [label = "c"];
	q180 -> q180 [label = "b"];
	q182 -> q178 [label = "a"];
	q177 -> q199 [label = "c"];
	q181 -> q76 [label = "a"];
	q179 -> q185 [label = "a"];
	q179 -> q114 [label = "b"];
	q181 -> q125 [label = "c"];
	q180 -> q75 [label = "a"];
	q182 -> q114 [label = "b"];
	q178 -> q40 [label = "a"];
	q176 -> q9 [label = "a"];
	q180 -> q181 [label = "c"];
	q175 -> q7 [label = "a"];
	q173 -> q151 [label = "b"];
	q174 -> q198 [label = "a"];
	q173 -> q29 [label = "a"];
	q169 -> q170 [label = "c"];
	q169 -> q169 [label = "b"];
	q171 -> q171 [label = "b"];
	q169 -> q164 [label = "a"];
	q174 -> q42 [label = "b"];
	q172 -> q67 [label = "a"];
	q174 -> q142 [label = "c"];
	q168 -> q155 [label = "b"];
	q167 -> q30 [label = "a"];
	q165 -> q172 [label = "b"];
	q166 -> q187 [label = "a"];
	q162 -> q192 [label = "c"];
	q167 -> q91 [label = "b"];
	q165 -> q92 [label = "a"];
	q161 -> q191 [label = "c"];
	q167 -> q195 [label = "c"];
	q163 -> q90 [label = "a"];
	q161 -> q30 [label = "a"];
	q164 -> q188 [label = "a"];
	q160 -> q91 [label = "b"];
	q162 -> q155 [label = "b"];
	q160 -> q166 [label = "a"];
	q156 -> q172 [label = "b"];
	q159 -> q172 [label = "b"];
	q155 -> q157 [label = "a"];
	q8 -> q187 [label = "a"];
	q58 -> q204 [label = "c"];
	q37 -> q151 [label = "b"];
	q12 -> q40 [label = "c"];
	q4 -> q175 [label = "c"];
	q2 -> q0 [label = "b"];
	q0 -> q171 [label = "b"];
	q2 -> q66 [label = "a"];
	q140 -> q36 [label = "a"];
	q142 -> q35 [label = "a"];
	q1 -> q175 [label = "c"];
	q43 -> q140 [label = "c"];
	q6 -> q178 [label = "a"];
	q23 -> q120 [label = "a"];
	q10 -> q10 [label = "c"];
	q86 -> q93 [label = "b"];
	q195 -> q205 [label = "c"];
	q171 -> q75 [label = "a"];
	q38 -> q151 [label = "b"];
	q6 -> q2 [label = "c"];
	q136 -> q158 [label = "b"];
	q154 -> q65 [label = "c"];
	q124 -> q125 [label = "c"];
	q15 -> q25 [label = "a"];
	q31 -> q91 [label = "b"];
	q89 -> q173 [label = "a"];
	q172 -> q180 [label = "b"];
	q102 -> q164 [label = "a"];
	q16 -> q198 [label = "a"];
	q51 -> q154 [label = "a"];
	q18 -> q43 [label = "a"];
	q16 -> q10 [label = "c"];
	q23 -> q203 [label = "c"];
	q19 -> q90 [label = "a"];
	q9 -> q159 [label = "c"];
	q22 -> q21 [label = "a"];
	q1 -> q42 [label = "b"];
	q153 -> q186 [label = "c"];
	q18 -> q196 [label = "c"];
	q47 -> q19 [label = "a"];
	q188 -> q187 [label = "a"];
	q50 -> q161 [label = "a"];
	q182 -> q202 [label = "c"];
	q14 -> q106 [label = "c"];
	q85 -> q133 [label = "c"];
	q48 -> q45 [label = "c"];
	q105 -> q83 [label = "c"];
	q173 -> q197 [label = "c"];
	q54 -> q151 [label = "b"];
	q116 -> q96 [label = "c"];
	q49 -> q114 [label = "b"];
	q77 -> q159 [label = "c"];
	q78 -> q6 [label = "a"];
	q55 -> q172 [label = "b"];
	q50 -> q47 [label = "c"];
	q51 -> q159 [label = "c"];
	q45 -> q152 [label = "b"];
	q147 -> q158 [label = "b"];
	q109 -> q72 [label = "a"];
	q17 -> q172 [label = "b"];
	q61 -> q51 [label = "c"];
	q88 -> q174 [label = "c"];
	q155 -> q127 [label = "c"];
	q7 -> q185 [label = "a"];
	q70 -> q56 [label = "c"];
	q59 -> q103 [label = "c"];
	q59 -> q49 [label = "a"];
	q61 -> q41 [label = "a"];
	q89 -> q89 [label = "c"];
	q63 -> q114 [label = "b"];
	q23 -> q114 [label = "b"];
	q15 -> q93 [label = "b"];
	q166 -> q63 [label = "c"];
	q91 -> q67 [label = "a"];
	q132 -> q84 [label = "a"];
	q61 -> q155 [label = "b"];
	q112 -> q153 [label = "a"];
	q64 -> q41 [label = "a"];
	q190 -> q152 [label = "b"];
	q29 -> q200 [label = "c"];
	q64 -> q172 [label = "b"];
	q191 -> q205 [label = "c"];
	q64 -> q159 [label = "c"];
	q10 -> q42 [label = "b"];
	q12 -> q172 [label = "b"];
	q5 -> q1 [label = "c"];
	q20 -> q193 [label = "b"];
	q52 -> q91 [label = "b"];
	q74 -> q59 [label = "c"];
	q56 -> q89 [label = "c"];
	q65 -> q187 [label = "a"];
	q5 -> q90 [label = "a"];
	q41 -> q41 [label = "a"];
	q71 -> q175 [label = "c"];
	q32 -> q176 [label = "c"];
	q187 -> q41 [label = "a"];
	q86 -> q85 [label = "c"];
	q7 -> q151 [label = "b"];
	q22 -> q151 [label = "b"];
	q57 -> q103 [label = "c"];
	q192 -> q175 [label = "c"];
	q170 -> q76 [label = "a"];
	q166 -> q91 [label = "b"];
	q3 -> q142 [label = "c"];
	q90 -> q172 [label = "b"];
	q17 -> q64 [label = "c"];
	q110 -> q161 [label = "a"];
	q102 -> q158 [label = "b"];
	q196 -> q175 [label = "c"];
	q34 -> q172 [label = "b"];
	q190 -> q205 [label = "c"];
	q17 -> q41 [label = "a"];
	q160 -> q190 [label = "c"];
	q66 -> q114 [label = "b"];
	q193 -> q124 [label = "b"];
	q199 -> q91 [label = "b"];
	q97 -> q152 [label = "b"];
	q127 -> q76 [label = "a"];
	q195 -> q114 [label = "b"];
	q134 -> q159 [label = "c"];
	q55 -> q89 [label = "c"];
	q142 -> q42 [label = "b"];
	q207 -> q22 [label = "a"];
	q44 -> q29 [label = "a"];
	q197 -> q81 [label = "c"];
	q195 -> q118 [label = "a"];
	q129 -> q157 [label = "a"];
	q142 -> q142 [label = "c"];
	q54 -> q89 [label = "c"];
	q99 -> q135 [label = "b"];
	q196 -> q7 [label = "a"];
	q89 -> q172 [label = "b"];
	q13 -> q187 [label = "a"];
	q194 -> q61 [label = "a"];
	q4 -> q151 [label = "b"];
	q198 -> q151 [label = "b"];
	q32 -> q91 [label = "b"];
	q112 -> q124 [label = "b"];
	q120 -> q92 [label = "a"];
	q52 -> q179 [label = "a"];
	q185 -> q200 [label = "c"];
	q197 -> q25 [label = "a"];
	q79 -> q181 [label = "c"];
	q42 -> q84 [label = "a"];
	q22 -> q3 [label = "c"];
	q47 -> q124 [label = "b"];
	q16 -> q42 [label = "b"];
	q194 -> q204 [label = "c"];
	q187 -> q77 [label = "c"];
	q60 -> q158 [label = "b"];
	q48 -> q155 [label = "b"];
	q39 -> q141 [label = "b"];
	q90 -> q140 [label = "c"];
	q144 -> q146 [label = "a"];
	q204 -> q114 [label = "b"];
	q69 -> q55 [label = "c"];
	q205 -> q205 [label = "c"];
	q194 -> q152 [label = "b"];
	q107 -> q71 [label = "a"];
	q104 -> q147 [label = "c"];
	q152 -> q152 [label = "b"];
	q162 -> q161 [label = "a"];
	q201 -> q114 [label = "b"];
	q153 -> q185 [label = "a"];
	q51 -> q151 [label = "b"];
	q128 -> q91 [label = "b"];
	q67 -> q114 [label = "b"];
	q157 -> q188 [label = "a"];
	q200 -> q83 [label = "c"];
	q178 -> q28 [label = "b"];
	q100 -> q166 [label = "a"];
	q14 -> q118 [label = "a"];
	q177 -> q120 [label = "a"];
	q53 -> q5 [label = "a"];
	q157 -> q155 [label = "b"];
	q205 -> q114 [label = "b"];
	q201 -> q81 [label = "c"];
	q80 -> q152 [label = "b"];
	q87 -> q38 [label = "a"];
	q70 -> q161 [label = "a"];
	q104 -> q157 [label = "a"];
	q205 -> q23 [label = "a"];
	q87 -> q175 [label = "c"];
	q138 -> q102 [label = "a"];
	q35 -> q151 [label = "b"];
	q62 -> q52 [label = "c"];
	q197 -> q91 [label = "b"];
	q60 -> q50 [label = "a"];
	q164 -> q91 [label = "b"];
	q189 -> q8 [label = "a"];
	q83 -> q177 [label = "a"];
	q199 -> q149 [label = "c"];
	q198 -> q206 [label = "a"];
	q103 -> q103 [label = "c"];
	q189 -> q152 [label = "b"];
	q119 -> q93 [label = "b"];
	q206 -> q150 [label = "b"];
	q116 -> q112 [label = "b"];
	q120 -> q91 [label = "b"];
	q145 -> q114 [label = "b"];
	q19 -> q193 [label = "b"];
	q188 -> q114 [label = "b"];
	q91 -> q170 [label = "c"];
	q97 -> q68 [label = "a"];
	q6 -> q151 [label = "b"];
	q58 -> q91 [label = "b"];
	q192 -> q62 [label = "a"];
	q79 -> q184 [label = "b"];
	q158 -> q126 [label = "a"];
	q201 -> q25 [label = "a"];
	q62 -> q193 [label = "b"];
	q151 -> q124 [label = "b"];
	q63 -> q204 [label = "c"];
	q84 -> q37 [label = "a"];
	q148 -> q148 [label = "c"];
	q172 -> q181 [label = "c"];
	q8 -> q204 [label = "c"];
	q206 -> q140 [label = "c"];
	q200 -> q36 [label = "a"];
	q78 -> q172 [label = "b"];
	q196 -> q151 [label = "b"];
	q30 -> q41 [label = "a"];
	q187 -> q114 [label = "b"];
	q96 -> q142 [label = "c"];
	q77 -> q151 [label = "b"];
	q163 -> q193 [label = "b"];
	q42 -> q181 [label = "c"];
	q73 -> q187 [label = "a"];
	q49 -> q46 [label = "c"];
	q136 -> q139 [label = "a"];
	q199 -> q24 [label = "a"];
	q79 -> q146 [label = "a"];
	q202 -> q66 [label = "a"];
	q52 -> q81 [label = "c"];
	q21 -> q11 [label = "c"];
	q68 -> q54 [label = "c"];
	q54 -> q173 [label = "a"];
	q170 -> q125 [label = "c"];
	q189 -> q204 [label = "c"];
	q135 -> q138 [label = "c"];
	q141 -> q118 [label = "a"];
	q206 -> q40 [label = "a"];
	q75 -> q188 [label = "a"];
	q170 -> q151 [label = "b"];
	q159 -> q159 [label = "c"];
	q184 -> q164 [label = "a"];
	q186 -> q27 [label = "a"];
	q184 -> q184 [label = "b"];
	q188 -> q63 [label = "c"];
	q3 -> q172 [label = "b"];
	q98 -> q69 [label = "a"];
	q104 -> q135 [label = "b"];
	q73 -> q193 [label = "b"];
	q85 -> q114 [label = "b"];
	q21 -> q12 [label = "a"];
	q83 -> q83 [label = "c"];
	q86 -> q76 [label = "a"];
	q20 -> q29 [label = "a"];
	q28 -> q170 [label = "c"];
	q57 -> q48 [label = "a"];
	q57 -> q135 [label = "b"];
	q82 -> q143 [label = "c"];
	q186 -> q186 [label = "c"];
	q115 -> q125 [label = "c"];
	q85 -> q132 [label = "a"];
	q67 -> q154 [label = "a"];
	q26 -> q155 [label = "b"];
	q150 -> q32 [label = "a"];
	q81 -> q114 [label = "b"];
	q38 -> q90 [label = "a"];
	q1 -> q38 [label = "a"];
	q198 -> q207 [label = "c"];
	q50 -> q114 [label = "b"];
	q83 -> q172 [label = "b"];
	q146 -> q91 [label = "b"];
	q204 -> q204 [label = "c"];
	q66 -> q53 [label = "c"];
	q80 -> q127 [label = "c"];
	q18 -> q155 [label = "b"];
	q193 -> q86 [label = "c"];
	q202 -> q80 [label = "b"];
	q12 -> q92 [label = "a"];
	q82 -> q151 [label = "b"];
	q0 -> q110 [label = "a"];
	q80 -> q70 [label = "a"];
	q76 -> q158 [label = "b"];
	q48 -> q167 [label = "a"];
	q66 -> q21 [label = "a"];
	q145 -> q182 [label = "a"];
	q190 -> q26 [label = "a"];
	q75 -> q194 [label = "c"];
	q108 -> q162 [label = "a"];
	q72 -> q164 [label = "a"];
	q121 -> q115 [label = "b"];
	q5 -> q151 [label = "b"];
	q183 -> q203 [label = "c"];
	q77 -> q41 [label = "a"];
	q72 -> q57 [label = "c"];
	q191 -> q91 [label = "b"];
	q49 -> q167 [label = "a"];
	q103 -> q158 [label = "b"];
	q185 -> q40 [label = "a"];
	q73 -> q58 [label = "c"];
	q133 -> q74 [label = "a"];
	q69 -> q43 [label = "a"];
	q76 -> q128 [label = "a"];
	q71 -> q43 [label = "a"];
	q0 -> q170 [label = "c"];
	q74 -> q84 [label = "a"];
	q151 -> q86 [label = "c"];
	q84 -> q176 [label = "c"];
	q46 -> q18 [label = "a"];
	q70 -> q155 [label = "b"];
	q163 -> q89 [label = "c"];
	q56 -> q124 [label = "b"];
	q202 -> q145 [label = "c"];
	q72 -> q129 [label = "b"];
	q88 -> q141 [label = "b"];
	q158 -> q135 [label = "b"];
	q74 -> q129 [label = "b"];
	q203 -> q24 [label = "a"];
	q67 -> q176 [label = "c"];
	q69 -> q151 [label = "b"];
	q53 -> q142 [label = "c"];
	q71 -> q193 [label = "b"];
	q156 -> q31 [label = "c"];
	q63 -> q187 [label = "a"];
	q13 -> q13 [label = "c"];
	q11 -> q42 [label = "b"];
	q34 -> q30 [label = "a"];
	q41 -> q64 [label = "c"];
	q4 -> q38 [label = "a"];
	q82 -> q178 [label = "a"];
	q9 -> q41 [label = "a"];
	q37 -> q31 [label = "c"];
	q44 -> q155 [label = "b"];
	q15 -> q81 [label = "c"];
	q11 -> q36 [label = "a"];
	q113 -> q151 [label = "b"];
	q9 -> q193 [label = "b"];
	q113 -> q87 [label = "c"];
	q203 -> q149 [label = "c"];
	q19 -> q175 [label = "c"];
	q21 -> q172 [label = "b"];
	q168 -> q196 [label = "c"];
	q38 -> q87 [label = "c"];
	q24 -> q43 [label = "a"];
	q24 -> q114 [label = "b"];
	q152 -> q131 [label = "a"];
	q30 -> q77 [label = "c"];
	q24 -> q117 [label = "c"];
	q28 -> q32 [label = "a"];
	q30 -> q91 [label = "b"];
	q125 -> q133 [label = "c"];
	q139 -> q108 [label = "c"];
	q25 -> q114 [label = "b"];
	q112 -> q86 [label = "c"];
	q122 -> q119 [label = "c"];
	q25 -> q4 [label = "c"];
	q26 -> q54 [label = "c"];
	q165 -> q64 [label = "c"];
	q101 -> q98 [label = "c"];
	q29 -> q91 [label = "b"];
	q31 -> q187 [label = "a"];
	q95 -> q94 [label = "c"];
	q36 -> q55 [label = "c"];
	q121 -> q116 [label = "a"];
	q65 -> q204 [label = "c"];
	q36 -> q90 [label = "a"];
	q176 -> q124 [label = "b"];
	q191 -> q118 [label = "a"];
	q109 -> q135 [label = "b"];
	q131 -> q129 [label = "b"];
	q123 -> q93 [label = "b"];
	q118 -> q117 [label = "c"];
	q33 -> q151 [label = "b"];
	q35 -> q185 [label = "a"];
	q171 -> q170 [label = "c"];
	q39 -> q16 [label = "c"];
	q33 -> q199 [label = "c"];
	q185 -> q91 [label = "b"];
	q37 -> q187 [label = "a"];
	q34 -> q14 [label = "c"];
	q128 -> q156 [label = "a"];
	q35 -> q15 [label = "c"];
	q154 -> q151 [label = "b"];
	q39 -> q39 [label = "a"];
	q14 -> q91 [label = "b"];
	q44 -> q81 [label = "c"];
	q42 -> q184 [label = "b"];
	q20 -> q52 [label = "c"];
	q118 -> q90 [label = "a"];
	q150 -> q184 [label = "b"];
	q84 -> q91 [label = "b"];
	q40 -> q41 [label = "a"];
	q31 -> q13 [label = "c"];
	q46 -> q186 [label = "c"];
	q40 -> q172 [label = "b"];
	q40 -> q40 [label = "c"];
	q55 -> q113 [label = "a"];
	q204 -> q188 [label = "a"];
	q93 -> q84 [label = "a"];
	q137 -> q158 [label = "b"];
	q29 -> q17 [label = "a"];
	q137 -> q103 [label = "c"];
	q130 -> q158 [label = "b"];
	q25 -> q90 [label = "a"];
	q45 -> q186 [label = "c"];
	q43 -> q172 [label = "b"];
	q193 -> q157 [label = "a"];
	q47 -> q175 [label = "c"];
	q76 -> q60 [label = "c"];
	q41 -> q151 [label = "b"];
	q45 -> q44 [label = "a"];
	q88 -> q39 [label = "a"];
	q3 -> q5 [label = "a"];
	q11 -> q83 [label = "c"];
	q155 -> q152 [label = "b"];
	q92 -> q40 [label = "c"];
	q90 -> q40 [label = "a"];
	q119 -> q106 [label = "c"];
	q94 -> q152 [label = "b"];
	q10 -> q5 [label = "a"];
	q106 -> q106 [label = "c"];
	q177 -> q151 [label = "b"];
	q94 -> q81 [label = "c"];
	q92 -> q41 [label = "a"];
	q181 -> q42 [label = "b"];
	q95 -> q114 [label = "b"];
	q92 -> q151 [label = "b"];
	q94 -> q168 [label = "a"];
	q95 -> q167 [label = "a"];
	q96 -> q82 [label = "a"];
	q13 -> q114 [label = "b"];
	q114 -> q127 [label = "c"];
	q98 -> q151 [label = "b"];
	q27 -> q114 [label = "b"];
	q153 -> q155 [label = "b"];
	q100 -> q97 [label = "c"];
	q33 -> q30 [label = "a"];
	q105 -> q124 [label = "b"];
	q96 -> q42 [label = "b"];
	q139 -> q158 [label = "b"];
	q60 -> q130 [label = "c"];
	q102 -> q99 [label = "c"];
	q59 -> q158 [label = "b"];
	q121 -> q96 [label = "c"];
	q99 -> q70 [label = "a"];
	q97 -> q149 [label = "c"];
	q122 -> q150 [label = "b"];
	q81 -> q179 [label = "a"];
	q101 -> q165 [label = "a"];
	q176 -> q159 [label = "c"];
	q98 -> q148 [label = "c"];
	q100 -> q114 [label = "b"];
	q99 -> q103 [label = "c"];
	q192 -> q124 [label = "b"];
	q101 -> q114 [label = "b"];
	q126 -> q134 [label = "c"];
	q68 -> q43 [label = "a"];
	q7 -> q197 [label = "c"];
	q103 -> q100 [label = "a"];
	q106 -> q114 [label = "b"];
	q108 -> q130 [label = "c"];
	q207 -> q78 [label = "c"];
	q124 -> q124 [label = "b"];
	q106 -> q101 [label = "a"];
	q144 -> q170 [label = "c"];
	q110 -> q107 [label = "c"];
	q186 -> q114 [label = "b"];
	q110 -> q114 [label = "b"];
	q58 -> q188 [label = "a"];
	q111 -> q130 [label = "c"];
	q141 -> q181 [label = "c"];
	q53 -> q151 [label = "b"];
	q107 -> q124 [label = "b"];
	q131 -> q75 [label = "a"];
	q27 -> q201 [label = "c"];
	q109 -> q109 [label = "c"];
	q111 -> q129 [label = "b"];
	q146 -> q34 [label = "a"];
	q108 -> q135 [label = "b"];
	q75 -> q114 [label = "b"];
	q8 -> q155 [label = "b"];
	q107 -> q89 [label = "c"];
	q135 -> q135 [label = "b"];
	q137 -> q110 [label = "a"];
	q111 -> q128 [label = "a"];
	q65 -> q91 [label = "b"];
	q114 -> q152 [label = "b"];
	q159 -> q154 [label = "a"];
	q68 -> q155 [label = "b"];
	q105 -> q163 [label = "a"];
	q117 -> q113 [label = "a"];
	q2 -> q145 [label = "c"];
	q32 -> q154 [label = "a"];
	q114 -> q126 [label = "a"];
	q116 -> q88 [label = "a"];
	q178 -> q200 [label = "c"];
	q118 -> q114 [label = "b"];
	q113 -> q43 [label = "a"];
	q115 -> q124 [label = "b"];
	q175 -> q175 [label = "c"];
	q117 -> q89 [label = "c"];
	q117 -> q151 [label = "b"];
	q119 -> q118 [label = "a"];
	q124 -> q131 [label = "a"];
	q122 -> q120 [label = "a"];
	q120 -> q77 [label = "c"];
	q156 -> q187 [label = "a"];
	q183 -> q30 [label = "a"];
	q126 -> q155 [label = "b"];
	q87 -> q172 [label = "b"];
	q139 -> q160 [label = "a"];
	q123 -> q122 [label = "a"];
	q168 -> q90 [label = "a"];
	q164 -> q194 [label = "c"];
	q136 -> q138 [label = "c"];
	q183 -> q114 [label = "b"];
	q93 -> q169 [label = "b"];
	q127 -> q85 [label = "c"];
	q36 -> q151 [label = "b"];
	q125 -> q132 [label = "a"];
	q127 -> q114 [label = "b"];
	q27 -> q29 [label = "a"];
	q126 -> q154 [label = "a"];
	q123 -> q121 [label = "c"];
	q175 -> q172 [label = "b"];
	q125 -> q93 [label = "b"];
	q149 -> q149 [label = "c"];
	q78 -> q175 [label = "c"];
	q132 -> q137 [label = "c"];
	q207 -> q79 [label = "b"];
	q130 -> q95 [label = "a"];
	q128 -> q105 [label = "c"];
	q134 -> q124 [label = "b"];
	q133 -> q133 [label = "c"];
	q203 -> q114 [label = "b"];
	q184 -> q181 [label = "c"];
	q129 -> q135 [label = "b"];
	q46 -> q152 [label = "b"];
	q129 -> q136 [label = "c"];
	q93 -> q170 [label = "c"];
	q134 -> q73 [label = "a"];
	q131 -> q104 [label = "c"];
	q133 -> q152 [label = "b"];
	q43 -> q17 [label = "a"];
	q148 -> q33 [label = "a"];
	q161 -> q172 [label = "b"];
	q135 -> q131 [label = "a"];
	q62 -> q185 [label = "a"];
	q138 -> q158 [label = "b"];
	q91 -> q171 [label = "b"];
	q130 -> q130 [label = "c"];
	q140 -> q83 [label = "c"];
	q143 -> q145 [label = "c"];
	q56 -> q20 [label = "a"];
	q143 -> q144 [label = "b"];
	q140 -> q172 [label = "b"];
	q138 -> q109 [label = "c"];
	q141 -> q180 [label = "b"];
	q115 -> q111 [label = "a"];
	q143 -> q66 [label = "a"];
	q144 -> q169 [label = "b"];
	q150 -> q181 [label = "c"];
	q147 -> q75 [label = "a"];
	q200 -> q151 [label = "b"];
	q145 -> q81 [label = "c"];
	q149 -> q183 [label = "a"];
	q146 -> q107 [label = "c"];
	q148 -> q172 [label = "b"];
	q147 -> q147 [label = "c"];
	q149 -> q114 [label = "b"];
	q151 -> q126 [label = "a"];
	q154 -> q187 [label = "a"];
	q28 -> q169 [label = "b"];
	q81 -> q81 [label = "c"];
	q26 -> q90 [label = "a"];
	q158 -> q136 [label = "c"];
	q132 -> q158 [label = "b"];
	q152 -> q85 [label = "c"];
	q157 -> q189 [label = "c"];
}
DFA size: 208 states

NL* output after 19 EQ and 17191 MQ:
digraph finite_state_machine {
	rankdir=LR;
	node [shape = circle];
	s0 [shape = point, style = invis, start="true" ];
	q0 [label = "q0"];
	q1 [label = "q1"];
	q2 [label = "q2"];
	q3 [label = "q3"];
	q4 [label = "q4", shape = doublecircle, final="true" ];
	q5 [label = "q5"];
	q6 [label = "q6"];
	q7 [label = "q7"];
	q8 [label = "q8"];
	q9 [label = "q9", shape = doublecircle, final="true" ];
	q10 [label = "q10"];
	q11 [label = "q11"];
	q12 [label = "q12"];
	q13 [label = "q13"];
	q14 [label = "q14"];
	q15 [label = "q15"];
	q16 [label = "q16"];
	q17 [label = "q17"];
	q18 [label = "q18"];
	q19 [label = "q19"];
	q20 [label = "q20"];
	q21 [label = "q21"];
	q22 [label = "q22"];
	q23 [label = "q23"];
	q24 [label = "q24"];
	q25 [label = "q25", shape = doublecircle, final="true" ];
	q26 [label = "q26"];
	q27 [label = "q27"];
	q28 [label = "q28"];
	q29 [label = "q29"];
	q30 [label = "q30"];
	q31 [label = "q31"];
	q32 [label = "q32"];
	q33 [label = "q33", shape = doublecircle, final="true" ];
	q34 [label = "q34"];
	q35 [label = "q35"];
	q36 [label = "q36"];
	q37 [label = "q37", shape = doublecircle, final="true" ];
	q38 [label = "q38"];
	q39 [label = "q39"];
	q40 [label = "q40", shape = doublecircle, final="true" ];
	q41 [label = "q41", shape = doublecircle, final="true" ];
	q42 [label = "q42"];
	q43 [label = "q43"];
	q44 [label = "q44"];
	q45 [label = "q45"];
	q46 [label = "q46"];
	s0 -> q17
	q45 -> q45 [label = "a"];
	q45 -> q35 [label = "a"];
	q41 -> q46 [label = "b"];
	q41 -> q41 [label = "b, c"];
	q41 -> q40 [label = "b"];
	q41 -> q38 [label = "b"];
	q41 -> q23 [label = "b"];
	q41 -> q18 [label = "b"];
	q41 -> q12 [label = "b, c"];
	q41 -> q11 [label = "b"];
	q41 -> q3 [label = "b, c"];
	q41 -> q2 [label = "b, c"];
	q41 -> q0 [label = "b, c"];
	q41 -> q22 [label = "a, b"];
	q43 -> q35 [label = "a"];
	q41 -> q7 [label = "a, b, c"];
	q43 -> q46 [label = "b"];
	q43 -> q38 [label = "b"];
	q43 -> q26 [label = "b"];
	q43 -> q23 [label = "b"];
	q43 -> q20 [label = "b"];
	q43 -> q14 [label = "b"];
	q43 -> q3 [label = "b"];
	q43 -> q1 [label = "b"];
	q44 -> q5 [label = "a"];
	q46 -> q38 [label = "b"];
	q46 -> q8 [label = "b"];
	q42 -> q4 [label = "a"];
	q40 -> q46 [label = "b"];
	q40 -> q37 [label = "b, c"];
	q43 -> q32 [label = "b"];
	q40 -> q36 [label = "b, c"];
	q40 -> q33 [label = "b"];
	q40 -> q32 [label = "b"];
	q40 -> q29 [label = "b"];
	q40 -> q26 [label = "b, c"];
	q40 -> q18 [label = "b"];
	q40 -> q13 [label = "b"];
	q40 -> q12 [label = "b, c"];
	q40 -> q6 [label = "b"];
	q40 -> q5 [label = "b"];
	q40 -> q0 [label = "b, c"];
	q46 -> q27 [label = "c"];
	q40 -> q11 [label = "b"];
	q46 -> q26 [label = "c"];
	q41 -> q39 [label = "c"];
	q44 -> q32 [label = "a"];
	q46 -> q3 [label = "c"];
	q40 -> q42 [label = "a, b"];
	q40 -> q28 [label = "a, b"];
	q40 -> q15 [label = "a, b, c"];
	q42 -> q46 [label = "b"];
	q42 -> q14 [label = "b"];
	q42 -> q8 [label = "b"];
	q44 -> q44 [label = "c"];
	q44 -> q36 [label = "c"];
	q44 -> q26 [label = "c"];
	q44 -> q16 [label = "c"];
	q44 -> q7 [label = "a, c"];
	q44 -> q2 [label = "c"];
	q39 -> q32 [label = "a"];
	q39 -> q13 [label = "a"];
	q37 -> q46 [label = "b"];
	q37 -> q38 [label = "b"];
	q37 -> q14 [label = "b"];
	q37 -> q8 [label = "b"];
	q35 -> q26 [label = "c"];
	q41 -> q15 [label = "a, b, c"];
	q40 -> q38 [label = "b"];
	q35 -> q15 [label = "c"];
	q34 -> q44 [label = "c"];
	q39 -> q14 [label = "b"];
	q42 -> q15 [label = "b"];
	q37 -> q22 [label = "a"];
	q33 -> q36 [label = "c"];
	q41 -> q30 [label = "b"];
	q44 -> q15 [label = "a, c"];
	q39 -> q39 [label = "c"];
	q39 -> q36 [label = "c"];
	q39 -> q15 [label = "b, c"];
	q40 -> q30 [label = "b"];
	q39 -> q3 [label = "b, c"];
	q35 -> q4 [label = "a"];
	q35 -> q2 [label = "a, c"];
	q33 -> q46 [label = "b"];
	q33 -> q38 [label = "b"];
	q33 -> q26 [label = "b, c"];
	q33 -> q23 [label = "b"];
	q33 -> q18 [label = "b"];
	q33 -> q13 [label = "b"];
	q43 -> q28 [label = "a"];
	q33 -> q2 [label = "b, c"];
	q37 -> q39 [label = "c"];
	q37 -> q37 [label = "c"];
	q37 -> q16 [label = "c"];
	q37 -> q15 [label = "a, b, c"];
	q37 -> q7 [label = "a, b, c"];
	q35 -> q46 [label = "b"];
	q35 -> q8 [label = "b"];
	q33 -> q42 [label = "a, b"];
	q33 -> q15 [label = "a, b, c"];
	q33 -> q7 [label = "a, b, c"];
	q38 -> q46 [label = "b"];
	q38 -> q38 [label = "b"];
	q38 -> q31 [label = "b"];
	q34 -> q34 [label = "c"];
	q38 -> q8 [label = "b"];
	q36 -> q15 [label = "a"];
	q36 -> q7 [label = "a"];
	q38 -> q16 [label = "c"];
	q37 -> q2 [label = "b, c"];
	q38 -> q3 [label = "c"];
	q38 -> q2 [label = "c"];
	q34 -> q42 [label = "a"];
	q40 -> q22 [label = "b"];
	q34 -> q32 [label = "a"];
	q34 -> q18 [label = "a"];
	q34 -> q5 [label = "a"];
	q32 -> q46 [label = "b"];
	q32 -> q42 [label = "b"];
	q32 -> q38 [label = "b"];
	q32 -> q32 [label = "b"];
	q40 -> q23 [label = "b"];
	q32 -> q26 [label = "b"];
	q32 -> q23 [label = "b"];
	q32 -> q18 [label = "b"];
	q32 -> q15 [label = "b"];
	q32 -> q14 [label = "b"];
	q32 -> q13 [label = "b"];
	q38 -> q9 [label = "a"];
	q32 -> q8 [label = "b"];
	q43 -> q13 [label = "b"];
	q36 -> q39 [label = "c"];
	q36 -> q16 [label = "c"];
	q34 -> q46 [label = "b"];
	q34 -> q26 [label = "b, c"];
	q34 -> q15 [label = "a, b, c"];
	q34 -> q8 [label = "b"];
	q34 -> q7 [label = "a, b, c"];
	q34 -> q2 [label = "b, c"];
	q32 -> q35 [label = "a"];
	q40 -> q3 [label = "b, c"];
	q31 -> q42 [label = "a"];
	q31 -> q35 [label = "a"];
	q31 -> q28 [label = "a"];
	q31 -> q18 [label = "a"];
	q6 -> q14 [label = "b"];
	q13 -> q2 [label = "b"];
	q6 -> q8 [label = "b"];
	q13 -> q26 [label = "b"];
	q21 -> q46 [label = "b"];
	q27 -> q5 [label = "a"];
	q44 -> q39 [label = "c"];
	q0 -> q3 [label = "b, c"];
	q44 -> q33 [label = "a"];
	q3 -> q38 [label = "b"];
	q30 -> q23 [label = "b"];
	q1 -> q38 [label = "b"];
	q1 -> q32 [label = "a, b"];
	q7 -> q3 [label = "b, c"];
	q39 -> q26 [label = "b, c"];
	q1 -> q20 [label = "b"];
	q44 -> q3 [label = "c"];
	q1 -> q14 [label = "b"];
	q8 -> q26 [label = "c"];
	q28 -> q3 [label = "a, c"];
	q7 -> q15 [label = "b"];
	q46 -> q35 [label = "a"];
	q1 -> q16 [label = "c"];
	q39 -> q2 [label = "b, c"];
	q1 -> q3 [label = "b, c"];
	q24 -> q31 [label = "b"];
	q1 -> q2 [label = "b, c"];
	q40 -> q20 [label = "b"];
	q21 -> q0 [label = "b"];
	q21 -> q26 [label = "b"];
	q33 -> q14 [label = "b"];
	q6 -> q28 [label = "a"];
	q1 -> q1 [label = "b"];
	q9 -> q14 [label = "b"];
	q13 -> q42 [label = "b"];
	q21 -> q11 [label = "b"];
	q6 -> q4 [label = "a"];
	q0 -> q20 [label = "b"];
	q6 -> q2 [label = "a, b, c"];
	q4 -> q46 [label = "b"];
	q4 -> q26 [label = "b"];
	q7 -> q7 [label = "a, b"];
	q45 -> q3 [label = "a, b, c"];
	q4 -> q14 [label = "b"];
	q4 -> q2 [label = "a, b, c"];
	q2 -> q2 [label = "c"];
	q4 -> q3 [label = "a, b, c"];
	q30 -> q14 [label = "b"];
	q29 -> q12 [label = "b"];
	q0 -> q15 [label = "a, b"];
	q0 -> q38 [label = "b"];
	q31 -> q31 [label = "b"];
	q5 -> q15 [label = "a, b, c"];
	q5 -> q8 [label = "b"];
	q13 -> q12 [label = "c"];
	q0 -> q39 [label = "c"];
	q14 -> q7 [label = "a, b"];
	q9 -> q36 [label = "c"];
	q9 -> q26 [label = "b, c"];
	q27 -> q16 [label = "c"];
	q3 -> q32 [label = "a"];
	q9 -> q3 [label = "b, c"];
	q21 -> q29 [label = "a, b"];
	q24 -> q13 [label = "a, b"];
	q7 -> q26 [label = "b"];
	q28 -> q4 [label = "a"];
	q34 -> q43 [label = "a"];
	q13 -> q35 [label = "a"];
	q6 -> q46 [label = "b"];
	q41 -> q10 [label = "c"];
	q22 -> q2 [label = "b, c"];
	q5 -> q3 [label = "b, c"];
	q45 -> q38 [label = "b"];
	q33 -> q1 [label = "b"];
	q23 -> q7 [label = "a, b"];
	q10 -> q26 [label = "b, c"];
	q4 -> q7 [label = "a, b, c"];
	q41 -> q29 [label = "a, b"];
	q2 -> q7 [label = "a"];
	q29 -> q45 [label = "b"];
	q10 -> q15 [label = "b, c"];
	q39 -> q38 [label = "b"];
	q10 -> q12 [label = "b, c"];
	q31 -> q17 [label = "a"];
	q10 -> q39 [label = "c"];
	q30 -> q30 [label = "b"];
	q38 -> q17 [label = "a"];
	q10 -> q10 [label = "c"];
	q24 -> q46 [label = "b"];
	q42 -> q36 [label = "c"];
	q10 -> q0 [label = "b, c"];
	q12 -> q38 [label = "b"];
	q12 -> q11 [label = "b"];
	q10 -> q2 [label = "b, c"];
	q19 -> q21 [label = "c"];
	q9 -> q11 [label = "b"];
	q14 -> q32 [label = "a"];
	q6 -> q42 [label = "a"];
	q14 -> q29 [label = "a"];
	q15 -> q7 [label = "a, b"];
	q11 -> q27 [label = "c"];
	q10 -> q43 [label = "a, b"];
	q37 -> q32 [label = "a"];
	q11 -> q16 [label = "c"];
	q8 -> q35 [label = "a"];
	q39 -> q16 [label = "c"];
	q1 -> q26 [label = "b, c"];
	q6 -> q3 [label = "a, b, c"];
	q5 -> q2 [label = "b, c"];
	q9 -> q20 [label = "c"];
	q5 -> q38 [label = "b"];
	q11 -> q2 [label = "c"];
	q4 -> q8 [label = "b"];
	q41 -> q26 [label = "b, c"];
	q0 -> q2 [label = "b"];
	q13 -> q20 [label = "b"];
	q43 -> q7 [label = "b, c"];
	q28 -> q44 [label = "c"];
	q13 -> q18 [label = "b"];
	q25 -> q3 [label = "a, b, c"];
	q17 -> q11 [label = "b"];
	q27 -> q38 [label = "b"];
	q29 -> q1 [label = "b, c"];
	q18 -> q3 [label = "c"];
	q46 -> q9 [label = "a"];
	q1 -> q8 [label = "b"];
	q31 -> q45 [label = "a"];
	q16 -> q16 [label = "c"];
	q22 -> q42 [label = "a, b"];
	q11 -> q15 [label = "a, c"];
	q22 -> q7 [label = "a, b, c"];
	q32 -> q1 [label = "b"];
	q9 -> q15 [label = "b, c"];
	q25 -> q45 [label = "a"];
	q19 -> q29 [label = "a"];
	q25 -> q2 [label = "a, b, c"];
	q18 -> q7 [label = "a"];
	q21 -> q32 [label = "a, b"];
	q29 -> q8 [label = "b"];
	q41 -> q43 [label = "b"];
	q4 -> q4 [label = "a, c"];
	q41 -> q1 [label = "b, c"];
	q29 -> q0 [label = "b"];
	q20 -> q24 [label = "b"];
	q19 -> q32 [label = "a"];
	q22 -> q45 [label = "a"];
	q13 -> q46 [label = "b"];
	q40 -> q35 [label = "a, b"];
	q17 -> q7 [label = "c"];
	q26 -> q38 [label = "b"];
	q41 -> q45 [label = "b"];
	q15 -> q15 [label = "b"];
	q19 -> q7 [label = "a, c"];
	q45 -> q14 [label = "b"];
	q34 -> q33 [label = "a"];
	q31 -> q3 [label = "a, c"];
	q20 -> q14 [label = "b"];
	q20 -> q23 [label = "a, b"];
	q5 -> q46 [label = "b"];
	q41 -> q33 [label = "b"];
	q14 -> q5 [label = "a"];
	q20 -> q20 [label = "b"];
	q35 -> q3 [label = "a, c"];
	q43 -> q36 [label = "c"];
	q15 -> q2 [label = "b"];
	q42 -> q2 [label = "b, c"];
	q6 -> q45 [label = "a"];
	q20 -> q16 [label = "b, c"];
	q30 -> q15 [label = "b, c"];
	q39 -> q46 [label = "b"];
	q34 -> q13 [label = "a"];
	q10 -> q16 [label = "c"];
	q19 -> q11 [label = "b"];
	q24 -> q2 [label = "b, c"];
	q0 -> q26 [label = "b, c"];
	q17 -> q15 [label = "c"];
	q20 -> q15 [label = "a, b"];
	q39 -> q7 [label = "b, c"];
	q25 -> q5 [label = "a"];
	q21 -> q2 [label = "b, c"];
	q33 -> q37 [label = "c"];
	q29 -> q20 [label = "b"];
	q8 -> q8 [label = "b"];
	q1 -> q42 [label = "b"];
	q42 -> q7 [label = "a, b"];
	q33 -> q32 [label = "b"];
	q0 -> q10 [label = "c"];
	q21 -> q22 [label = "b"];
	q38 -> q15 [label = "a"];
	q26 -> q32 [label = "a"];
	q39 -> q8 [label = "b"];
	q20 -> q7 [label = "a, b"];
	q43 -> q2 [label = "b"];
	q17 -> q20 [label = "c"];
	q25 -> q25 [label = "a"];
	q41 -> q6 [label = "b"];
	q34 -> q36 [label = "c"];
	q21 -> q15 [label = "a, b"];
	q6 -> q35 [label = "a"];
	q25 -> q35 [label = "a"];
	q41 -> q35 [label = "b"];
	q15 -> q26 [label = "b, c"];
	q0 -> q0 [label = "b"];
	q23 -> q15 [label = "a, b"];
	q46 -> q28 [label = "a"];
	q21 -> q21 [label = "c"];
	q21 -> q42 [label = "a, b"];
	q10 -> q13 [label = "a, b"];
	q32 -> q7 [label = "b"];
	q26 -> q3 [label = "c"];
	q4 -> q25 [label = "a"];
	q41 -> q5 [label = "a, b"];
	q40 -> q45 [label = "b"];
	q8 -> q42 [label = "a"];
	q21 -> q33 [label = "a"];
	q40 -> q40 [label = "b"];
	q46 -> q4 [label = "a"];
	q30 -> q28 [label = "a, b"];
	q24 -> q20 [label = "b"];
	q18 -> q19 [label = "c"];
	q34 -> q16 [label = "c"];
	q44 -> q38 [label = "b"];
	q33 -> q8 [label = "b"];
	q11 -> q3 [label = "c"];
	q29 -> q42 [label = "a, b"];
	q40 -> q2 [label = "b, c"];
	q18 -> q28 [label = "a"];
	q20 -> q26 [label = "b, c"];
	q29 -> q35 [label = "b"];
	q25 -> q8 [label = "b"];
	q43 -> q15 [label = "b, c"];
	q6 -> q15 [label = "a, b"];
	q12 -> q7 [label = "a"];
	q11 -> q17 [label = "a"];
	q42 -> q26 [label = "b, c"];
	q25 -> q42 [label = "a, b"];
	q36 -> q5 [label = "a"];
	q22 -> q3 [label = "b, c"];
	q16 -> q38 [label = "b"];
	q5 -> q7 [label = "a, b, c"];
	q45 -> q46 [label = "b"];
	q1 -> q46 [label = "b"];
	q28 -> q36 [label = "c"];
	q30 -> q3 [label = "b"];
	q46 -> q16 [label = "c"];
	q44 -> q34 [label = "c"];
	q13 -> q36 [label = "c"];
	q45 -> q15 [label = "a, b, c"];
	q45 -> q26 [label = "b, c"];
	q38 -> q27 [label = "c"];
	q13 -> q13 [label = "b"];
	q9 -> q2 [label = "b, c"];
	q46 -> q42 [label = "a"];
	q30 -> q7 [label = "b, c"];
	q13 -> q1 [label = "b"];
	q10 -> q30 [label = "a, b"];
	q20 -> q3 [label = "b, c"];
	q19 -> q15 [label = "a"];
	q18 -> q2 [label = "c"];
	q33 -> q3 [label = "b, c"];
	q24 -> q42 [label = "b"];
	q5 -> q32 [label = "b"];
	q27 -> q7 [label = "a"];
	q23 -> q23 [label = "b"];
	q8 -> q15 [label = "a"];
	q1 -> q13 [label = "b"];
	q45 -> q2 [label = "a, b, c"];
	q0 -> q5 [label = "a"];
	q30 -> q42 [label = "b"];
	q17 -> q46 [label = "b"];
	q46 -> q15 [label = "a"];
	q45 -> q36 [label = "c"];
	q16 -> q32 [label = "a"];
	q21 -> q5 [label = "a, b"];
	q29 -> q11 [label = "b"];
	q45 -> q7 [label = "a, b, c"];
	q15 -> q3 [label = "b, c"];
	q6 -> q19 [label = "c"];
	q17 -> q23 [label = "c"];
	q41 -> q13 [label = "b"];
	q23 -> q1 [label = "b"];
	q24 -> q32 [label = "a, b"];
	q27 -> q29 [label = "a"];
	q6 -> q38 [label = "b"];
	q24 -> q29 [label = "a"];
	q41 -> q28 [label = "b"];
	q36 -> q26 [label = "c"];
	q24 -> q43 [label = "a"];
	q43 -> q8 [label = "b"];
	q18 -> q42 [label = "a"];
	q22 -> q38 [label = "b"];
	q13 -> q14 [label = "b"];
	q42 -> q3 [label = "b, c"];
	q11 -> q1 [label = "c"];
	q44 -> q46 [label = "b"];
	q17 -> q38 [label = "b"];
	q24 -> q12 [label = "c"];
	q20 -> q1 [label = "b"];
	q42 -> q44 [label = "c"];
	q19 -> q5 [label = "a"];
	q10 -> q1 [label = "b, c"];
	q6 -> q7 [label = "a, b, c"];
	q24 -> q36 [label = "c"];
	q14 -> q33 [label = "a"];
	q28 -> q46 [label = "b"];
	q18 -> q4 [label = "a"];
	q22 -> q13 [label = "b"];
	q29 -> q38 [label = "b"];
	q23 -> q3 [label = "b, c"];
	q13 -> q38 [label = "b"];
	q16 -> q2 [label = "c"];
	q10 -> q36 [label = "b, c"];
	q11 -> q46 [label = "b"];
	q24 -> q15 [label = "a, b"];
	q1 -> q23 [label = "b"];
	q35 -> q44 [label = "c"];
	q23 -> q16 [label = "b, c"];
	q14 -> q2 [label = "b, c"];
	q34 -> q38 [label = "b"];
	q30 -> q0 [label = "b, c"];
	q23 -> q20 [label = "b"];
	q40 -> q14 [label = "b"];
	q23 -> q24 [label = "b"];
	q19 -> q19 [label = "c"];
	q0 -> q16 [label = "c"];
	q13 -> q32 [label = "b"];
	q5 -> q18 [label = "b"];
	q19 -> q46 [label = "b"];
	q11 -> q9 [label = "a"];
	q36 -> q3 [label = "c"];
	q24 -> q30 [label = "a"];
	q29 -> q30 [label = "b"];
	q21 -> q12 [label = "b"];
	q31 -> q9 [label = "a"];
	q11 -> q26 [label = "c"];
	q17 -> q18 [label = "a"];
	q9 -> q37 [label = "c"];
	q7 -> q2 [label = "b"];
	q21 -> q13 [label = "b"];
	q21 -> q3 [label = "b, c"];
	q13 -> q28 [label = "a"];
	q22 -> q20 [label = "b"];
	q8 -> q27 [label = "c"];
	q32 -> q36 [label = "c"];
	q29 -> q32 [label = "b"];
	q22 -> q32 [label = "b"];
	q21 -> q19 [label = "c"];
	q14 -> q26 [label = "b, c"];
	q21 -> q7 [label = "a, b, c"];
	q27 -> q17 [label = "c"];
	q16 -> q26 [label = "c"];
	q30 -> q46 [label = "b"];
	q22 -> q1 [label = "b"];
	q3 -> q2 [label = "c"];
	q8 -> q16 [label = "c"];
	q45 -> q4 [label = "a"];
	q40 -> q7 [label = "a, b, c"];
	q24 -> q5 [label = "a"];
	q46 -> q31 [label = "b"];
	q22 -> q14 [label = "b"];
	q10 -> q20 [label = "b"];
	q9 -> q7 [label = "a, b, c"];
	q3 -> q3 [label = "c"];
	q22 -> q46 [label = "b"];
	q31 -> q15 [label = "a"];
	q34 -> q39 [label = "c"];
	q5 -> q23 [label = "b"];
	q15 -> q14 [label = "b"];
	q18 -> q15 [label = "a"];
	q5 -> q20 [label = "b"];
	q8 -> q9 [label = "a"];
	q16 -> q46 [label = "b"];
	q45 -> q42 [label = "a"];
	q27 -> q26 [label = "c"];
	q1 -> q15 [label = "a, b"];
	q10 -> q3 [label = "b, c"];
	q45 -> q8 [label = "b"];
	q16 -> q13 [label = "a"];
	q24 -> q33 [label = "a"];
	q28 -> q1 [label = "c"];
	q7 -> q14 [label = "b"];
	q41 -> q36 [label = "b, c"];
	q13 -> q3 [label = "b"];
	q5 -> q13 [label = "b"];
	q31 -> q7 [label = "a"];
	q21 -> q28 [label = "b"];
	q13 -> q8 [label = "b"];
	q25 -> q33 [label = "a"];
	q38 -> q26 [label = "c"];
	q2 -> q15 [label = "a"];
	q40 -> q1 [label = "b, c"];
	q23 -> q2 [label = "b"];
	q2 -> q32 [label = "a"];
	q0 -> q1 [label = "b"];
	q12 -> q16 [label = "c"];
	q36 -> q38 [label = "b"];
	q22 -> q15 [label = "a, b, c"];
	q0 -> q11 [label = "b"];
	q24 -> q8 [label = "b"];
	q22 -> q35 [label = "a"];
	q21 -> q14 [label = "b"];
	q0 -> q12 [label = "b"];
	q0 -> q14 [label = "b"];
	q46 -> q2 [label = "c"];
	q0 -> q23 [label = "b"];
	q11 -> q7 [label = "a, c"];
	q29 -> q29 [label = "b"];
	q0 -> q36 [label = "b"];
	q12 -> q3 [label = "c"];
	q12 -> q10 [label = "c"];
	q5 -> q26 [label = "b, c"];
	q16 -> q3 [label = "c"];
	q12 -> q39 [label = "c"];
	q38 -> q7 [label = "a"];
	q9 -> q23 [label = "c"];
	q10 -> q5 [label = "b"];
	q10 -> q8 [label = "b"];
	q46 -> q46 [label = "b"];
	q10 -> q11 [label = "b"];
	q41 -> q20 [label = "b"];
	q13 -> q23 [label = "b"];
	q14 -> q15 [label = "a, b"];
	q29 -> q3 [label = "b, c"];
	q43 -> q18 [label = "b"];
	q30 -> q12 [label = "b, c"];
	q10 -> q14 [label = "b"];
	q35 -> q36 [label = "c"];
	q24 -> q26 [label = "b, c"];
	q10 -> q18 [label = "b"];
	q21 -> q20 [label = "b"];
	q10 -> q22 [label = "b"];
	q30 -> q22 [label = "b"];
	q30 -> q38 [label = "b"];
	q10 -> q29 [label = "b"];
	q10 -> q32 [label = "a, b"];
	q25 -> q14 [label = "b"];
	q10 -> q6 [label = "b"];
	q10 -> q35 [label = "b"];
	q10 -> q38 [label = "b"];
	q5 -> q1 [label = "b"];
	q22 -> q8 [label = "b"];
	q10 -> q42 [label = "b"];
	q10 -> q45 [label = "b"];
	q27 -> q27 [label = "c"];
	q10 -> q46 [label = "b"];
	q8 -> q2 [label = "a, c"];
	q31 -> q26 [label = "c"];
	q8 -> q3 [label = "a, c"];
	q37 -> q3 [label = "b, c"];
	q27 -> q40 [label = "a"];
	q37 -> q36 [label = "c"];
	q10 -> q23 [label = "b"];
	q8 -> q4 [label = "a"];
	q8 -> q7 [label = "a"];
	q33 -> q35 [label = "a"];
	q8 -> q17 [label = "a"];
	q27 -> q46 [label = "b"];
	q41 -> q32 [label = "a, b"];
	q13 -> q7 [label = "b"];
	q8 -> q45 [label = "a"];
	q14 -> q3 [label = "b, c"];
	q14 -> q16 [label = "b, c"];
	q24 -> q18 [label = "b"];
	q14 -> q27 [label = "c"];
	q8 -> q31 [label = "b"];
	q8 -> q38 [label = "b"];
	q33 -> q20 [label = "b"];
	q24 -> q24 [label = "b"];
	q10 -> q28 [label = "b"];
	q27 -> q36 [label = "c"];
	q27 -> q32 [label = "a"];
	q29 -> q28 [label = "b"];
	q8 -> q46 [label = "b"];
	q4 -> q38 [label = "b"];
	q14 -> q8 [label = "b"];
	q30 -> q5 [label = "b"];
	q31 -> q4 [label = "a"];
	q14 -> q31 [label = "b"];
	q14 -> q38 [label = "b"];
	q21 -> q1 [label = "b"];
	q14 -> q46 [label = "b"];
	q12 -> q5 [label = "a"];
	q25 -> q13 [label = "b"];
	q29 -> q7 [label = "a, b, c"];
	q4 -> q15 [label = "b"];
	q27 -> q3 [label = "c"];
	q12 -> q15 [label = "a"];
	q1 -> q18 [label = "b"];
	q25 -> q18 [label = "b"];
	q32 -> q2 [label = "b"];
	q12 -> q29 [label = "a"];
	q34 -> q3 [label = "b, c"];
	q24 -> q27 [label = "b, c"];
	q42 -> q38 [label = "b"];
	q11 -> q8 [label = "b"];
	q11 -> q31 [label = "b"];
	q11 -> q38 [label = "b"];
	q19 -> q2 [label = "c"];
	q9 -> q6 [label = "a"];
	q9 -> q18 [label = "a"];
	q9 -> q8 [label = "b"];
	q39 -> q43 [label = "a"];
	q9 -> q38 [label = "b"];
	q9 -> q46 [label = "b"];
	q41 -> q16 [label = "c"];
	q19 -> q3 [label = "c"];
	q41 -> q17 [label = "a"];
	q21 -> q6 [label = "b"];
	q20 -> q2 [label = "b"];
	q21 -> q18 [label = "b"];
	q21 -> q23 [label = "b"];
	q21 -> q35 [label = "b"];
	q2 -> q38 [label = "b"];
	q9 -> q1 [label = "c"];
	q21 -> q36 [label = "b"];
	q40 -> q41 [label = "b, c"];
	q10 -> q7 [label = "b, c"];
	q21 -> q38 [label = "b"];
	q5 -> q42 [label = "a, b"];
	q21 -> q43 [label = "b"];
	q24 -> q3 [label = "b, c"];
	q22 -> q23 [label = "b"];
	q21 -> q30 [label = "b"];
	q21 -> q45 [label = "b"];
	q24 -> q7 [label = "a, b"];
	q24 -> q23 [label = "a, b"];
	q26 -> q46 [label = "b"];
	q28 -> q2 [label = "a, c"];
	q20 -> q27 [label = "b"];
	q28 -> q7 [label = "a, c"];
	q28 -> q26 [label = "c"];
	q32 -> q20 [label = "b"];
	q24 -> q1 [label = "b"];
	q24 -> q38 [label = "b"];
	q14 -> q14 [label = "b"];
	q24 -> q16 [label = "b, c"];
	q25 -> q20 [label = "b"];
	q30 -> q36 [label = "b, c"];
	q43 -> q12 [label = "c"];
	q29 -> q2 [label = "b, c"];
	q24 -> q19 [label = "c"];
	q41 -> q37 [label = "b, c"];
	q31 -> q19 [label = "a"];
	q27 -> q13 [label = "a"];
	q24 -> q44 [label = "c"];
	q30 -> q1 [label = "b"];
	q18 -> q38 [label = "b"];
	q30 -> q2 [label = "b"];
	q18 -> q35 [label = "a"];
	q30 -> q6 [label = "b"];
	q30 -> q8 [label = "b"];
	q37 -> q5 [label = "a"];
	q19 -> q33 [label = "a"];
	q30 -> q11 [label = "b"];
	q30 -> q13 [label = "b"];
	q25 -> q15 [label = "a, b"];
	q45 -> q44 [label = "c"];
	q12 -> q26 [label = "c"];
	q29 -> q26 [label = "b, c"];
	q30 -> q18 [label = "b"];
	q30 -> q20 [label = "b"];
	q30 -> q26 [label = "b"];
	q30 -> q29 [label = "b"];
	q23 -> q26 [label = "b, c"];
	q2 -> q46 [label = "b"];
	q30 -> q32 [label = "b"];
	q30 -> q35 [label = "a, b"];
	q46 -> q17 [label = "a"];
	q30 -> q43 [label = "b"];
	q30 -> q45 [label = "b"];
	q25 -> q4 [label = "a, c"];
	q25 -> q7 [label = "a, b, c"];
	q23 -> q14 [label = "b"];
	q25 -> q22 [label = "a"];
	q25 -> q32 [label = "a, b"];
	q29 -> q15 [label = "a, b, c"];
	q41 -> q8 [label = "b"];
	q8 -> q28 [label = "a"];
	q25 -> q1 [label = "b"];
	q25 -> q23 [label = "b"];
	q25 -> q26 [label = "b"];
	q22 -> q36 [label = "c"];
	q25 -> q38 [label = "b"];
	q34 -> q14 [label = "b"];
	q25 -> q46 [label = "b"];
	q27 -> q15 [label = "a"];
	q27 -> q30 [label = "a"];
	q21 -> q8 [label = "b"];
	q27 -> q33 [label = "a"];
	q40 -> q17 [label = "a"];
	q18 -> q46 [label = "b"];
	q22 -> q26 [label = "b, c"];
	q27 -> q43 [label = "a"];
	q35 -> q38 [label = "b"];
	q24 -> q14 [label = "b"];
	q2 -> q3 [label = "c"];
	q31 -> q2 [label = "a, c"];
	q5 -> q14 [label = "b"];
	q29 -> q13 [label = "b"];
	q31 -> q16 [label = "c"];
	q6 -> q26 [label = "b"];
	q31 -> q27 [label = "c"];
	q43 -> q42 [label = "b"];
	q31 -> q8 [label = "b"];
	q41 -> q14 [label = "b"];
	q13 -> q15 [label = "b"];
	q31 -> q38 [label = "b"];
	q3 -> q46 [label = "b"];
	q0 -> q29 [label = "a"];
	q26 -> q2 [label = "c"];
	q28 -> q15 [label = "c"];
	q26 -> q16 [label = "c"];
	q26 -> q26 [label = "c"];
	q1 -> q7 [label = "a, b"];
	q29 -> q18 [label = "b"];
	q19 -> q38 [label = "b"];
	q28 -> q8 [label = "b"];
	q41 -> q42 [label = "b"];
	q28 -> q11 [label = "b"];
	q31 -> q46 [label = "b"];
	q28 -> q38 [label = "b"];
	q40 -> q43 [label = "b"];
	q27 -> q2 [label = "c"];
	q32 -> q3 [label = "b"];
	q27 -> q12 [label = "c"];
	q40 -> q8 [label = "b"];
	q35 -> q7 [label = "a, c"];
	q27 -> q19 [label = "c"];
	q29 -> q5 [label = "b"];
	q37 -> q26 [label = "b, c"];
	q22 -> q18 [label = "b"];
	q46 -> q7 [label = "a"];
	q29 -> q6 [label = "b"];
	q29 -> q14 [label = "b"];
	q0 -> q7 [label = "a, b"];
	q29 -> q22 [label = "b"];
	q29 -> q23 [label = "b"];
	q27 -> q44 [label = "c"];
	q29 -> q36 [label = "b"];
	q29 -> q43 [label = "b"];
	q11 -> q11 [label = "b"];
	q29 -> q46 [label = "b"];
	q18 -> q8 [label = "b"];
	q31 -> q6 [label = "a"];
}
NFA size: 47 states

