Random target AFA:
digraph finite_state_machine {
	rankdir=LR;
	node [shape = circle];
	s0 [shape = point, style = invis, start="true" ];
	s1 [shape = point, style = invis, start="true" ];
	q0 [label = "q0"];
	q1 [label = "q1"];
	q2 [label = "q2", shape = doublecircle, final="true" ];
	q3 [label = "q3"];
	q4 [label = "q4"];
	q5 [label = "q5"];
	m0 [label = "", shape = square, style = filled, color=grey, fixedsize=true, width=.2];
	m1 [label = "", shape = square, style = filled, color=grey, fixedsize=true, width=.2];
	m2 [label = "", shape = square, style = filled, color=grey, fixedsize=true, width=.2];
	m3 [label = "", shape = square, style = filled, color=grey, fixedsize=true, width=.2];
	m4 [label = "", shape = square, style = filled, color=grey, fixedsize=true, width=.2];
	m5 [label = "", shape = square, style = filled, color=grey, fixedsize=true, width=.2];
	m6 [label = "", shape = square, style = filled, color=grey, fixedsize=true, width=.2];
	m7 [label = "", shape = square, style = filled, color=grey, fixedsize=true, width=.2];
	s0 -> q1
	s1 -> q1
	q3 -> q4 [label = "c"];
	q2 -> q3 [label = "c"];
	q2 -> q0 [label = "c"];
	q5 -> q4 [label = "a, b"];
	q3 -> q5 [label = "a"];
	q1 -> q2 [label = "b"];
	q1 -> m5 [label = "b"];
	q3 -> q3 [label = "b"];
	q1 -> m2 [label = "a"];
	q1 -> q3 [label = "a, c"];
	q4 -> m1 [label = "b"];
	q5 -> m1 [label = "c"];
	q4 -> q1 [label = "c"];
	q0 -> m1 [label = "a"];
	q0 -> q0 [label = "a"];
	q4 -> m0 [label = "c"];
	q0 -> q2 [label = "b, c"];
	q0 -> q4 [label = "b"];
	q2 -> m2 [label = "b"];
	q5 -> q2 [label = "b"];
	q2 -> m3 [label = "b"];
	q4 -> q0 [label = "a"];
	q3 -> m6 [label = "a"];
	q2 -> q1 [label = "a"];
	q4 -> q2 [label = "b"];
	q4 -> q5 [label = "a"];
	q1 -> m7 [label = "c"];
	q0 -> q3 [label = "c"];
	q5 -> m4 [label = "a, c"];
	m0 -> q1;
	m0 -> q3;
	m1 -> q0;
	m1 -> q1;
	m2 -> q0;
	m2 -> q4;
	m3 -> q0;
	m3 -> q2;
	m4 -> q2;
	m4 -> q3;
	m5 -> q4;
	m5 -> q5;
	m6 -> q3;
	m6 -> q5;
	m7 -> q1;
	m7 -> q2;
}

L* output after 11 EQ and 9560 MQ:
digraph finite_state_machine {
	rankdir=LR;
	node [shape = circle];
	s0 [shape = point, style = invis, start="true" ];
	q0 [label = "q0"];
	q1 [label = "q1"];
	q2 [label = "q2"];
	q3 [label = "q3"];
	q4 [label = "q4"];
	q5 [label = "q5", shape = doublecircle, final="true" ];
	q6 [label = "q6", shape = doublecircle, final="true" ];
	q7 [label = "q7"];
	q8 [label = "q8", shape = doublecircle, final="true" ];
	q9 [label = "q9", shape = doublecircle, final="true" ];
	q10 [label = "q10", shape = doublecircle, final="true" ];
	q11 [label = "q11", shape = doublecircle, final="true" ];
	q12 [label = "q12"];
	q13 [label = "q13"];
	q14 [label = "q14"];
	q15 [label = "q15", shape = doublecircle, final="true" ];
	q16 [label = "q16"];
	q17 [label = "q17"];
	q18 [label = "q18"];
	q19 [label = "q19"];
	q20 [label = "q20", shape = doublecircle, final="true" ];
	q21 [label = "q21"];
	q22 [label = "q22"];
	q23 [label = "q23", shape = doublecircle, final="true" ];
	q24 [label = "q24"];
	q25 [label = "q25"];
	q26 [label = "q26"];
	q27 [label = "q27", shape = doublecircle, final="true" ];
	q28 [label = "q28"];
	q29 [label = "q29"];
	q30 [label = "q30"];
	q31 [label = "q31"];
	q32 [label = "q32"];
	q33 [label = "q33", shape = doublecircle, final="true" ];
	q34 [label = "q34"];
	q35 [label = "q35"];
	q36 [label = "q36", shape = doublecircle, final="true" ];
	q37 [label = "q37"];
	q38 [label = "q38"];
	q39 [label = "q39"];
	q40 [label = "q40", shape = doublecircle, final="true" ];
	q41 [label = "q41"];
	q42 [label = "q42"];
	q43 [label = "q43", shape = doublecircle, final="true" ];
	q44 [label = "q44"];
	q45 [label = "q45"];
	q46 [label = "q46"];
	q47 [label = "q47"];
	q48 [label = "q48"];
	q49 [label = "q49"];
	q50 [label = "q50", shape = doublecircle, final="true" ];
	q51 [label = "q51"];
	q52 [label = "q52"];
	q53 [label = "q53"];
	q54 [label = "q54", shape = doublecircle, final="true" ];
	q55 [label = "q55"];
	q56 [label = "q56"];
	q57 [label = "q57"];
	q58 [label = "q58", shape = doublecircle, final="true" ];
	q59 [label = "q59"];
	q60 [label = "q60"];
	q61 [label = "q61", shape = doublecircle, final="true" ];
	s0 -> q19
	q41 -> q47 [label = "c"];
	q45 -> q24 [label = "a"];
	q47 -> q11 [label = "b"];
	q41 -> q9 [label = "b"];
	q43 -> q35 [label = "a"];
	q47 -> q7 [label = "c"];
	q45 -> q11 [label = "c"];
	q40 -> q24 [label = "c"];
	q40 -> q23 [label = "b"];
	q39 -> q53 [label = "a"];
	q37 -> q11 [label = "b"];
	q46 -> q1 [label = "c"];
	q38 -> q53 [label = "a"];
	q36 -> q40 [label = "b"];
	q34 -> q44 [label = "c"];
	q37 -> q29 [label = "a"];
	q33 -> q33 [label = "b"];
	q33 -> q52 [label = "a"];
	q36 -> q41 [label = "a"];
	q38 -> q43 [label = "c"];
	q32 -> q10 [label = "b"];
	q36 -> q24 [label = "c"];
	q31 -> q12 [label = "a"];
	q27 -> q32 [label = "c"];
	q39 -> q10 [label = "b, c"];
	q30 -> q29 [label = "a"];
	q35 -> q10 [label = "b, c"];
	q28 -> q6 [label = "b"];
	q26 -> q27 [label = "c"];
	q25 -> q14 [label = "c"];
	q25 -> q9 [label = "b"];
	q29 -> q9 [label = "b"];
	q27 -> q13 [label = "b"];
	q25 -> q3 [label = "a"];
	q21 -> q30 [label = "c"];
	q61 -> q24 [label = "c"];
	q17 -> q16 [label = "a"];
	q17 -> q10 [label = "b"];
	q19 -> q20 [label = "b"];
	q23 -> q23 [label = "b"];
	q3 -> q42 [label = "c"];
	q21 -> q29 [label = "a"];
	q48 -> q50 [label = "b"];
	q38 -> q10 [label = "b"];
	q53 -> q16 [label = "a"];
	q3 -> q54 [label = "b"];
	q27 -> q46 [label = "a"];
	q44 -> q33 [label = "b"];
	q46 -> q56 [label = "a"];
	q43 -> q38 [label = "c"];
	q44 -> q44 [label = "c"];
	q22 -> q25 [label = "a"];
	q48 -> q15 [label = "c"];
	q52 -> q9 [label = "b"];
	q37 -> q7 [label = "c"];
	q49 -> q57 [label = "c"];
	q49 -> q29 [label = "a"];
	q34 -> q33 [label = "b"];
	q60 -> q24 [label = "a"];
	q61 -> q8 [label = "b"];
	q32 -> q29 [label = "a"];
	q0 -> q36 [label = "b"];
	q14 -> q37 [label = "c"];
	q46 -> q9 [label = "b"];
	q49 -> q36 [label = "b"];
	q2 -> q48 [label = "a"];
	q29 -> q48 [label = "a"];
	q59 -> q53 [label = "a"];
	q58 -> q24 [label = "c"];
	q30 -> q18 [label = "c"];
	q52 -> q32 [label = "a"];
	q57 -> q11 [label = "b"];
	q23 -> q24 [label = "c"];
	q5 -> q24 [label = "c"];
	q42 -> q1 [label = "c"];
	q50 -> q39 [label = "c"];
	q57 -> q7 [label = "c"];
	q6 -> q41 [label = "a"];
	q61 -> q51 [label = "a"];
	q54 -> q51 [label = "a"];
	q14 -> q2 [label = "a"];
	q59 -> q18 [label = "c"];
	q56 -> q59 [label = "c"];
	q52 -> q11 [label = "c"];
	q10 -> q38 [label = "c"];
	q16 -> q50 [label = "b"];
	q57 -> q53 [label = "a"];
	q60 -> q61 [label = "b"];
	q58 -> q45 [label = "a"];
	q60 -> q47 [label = "c"];
	q47 -> q12 [label = "a"];
	q50 -> q58 [label = "b"];
	q43 -> q33 [label = "b"];
	q42 -> q53 [label = "a"];
	q6 -> q23 [label = "b"];
	q56 -> q11 [label = "b"];
	q56 -> q29 [label = "a"];
	q55 -> q16 [label = "a"];
	q58 -> q40 [label = "b"];
	q9 -> q52 [label = "a"];
	q18 -> q7 [label = "c"];
	q24 -> q29 [label = "a"];
	q51 -> q47 [label = "c"];
	q34 -> q29 [label = "a"];
	q31 -> q33 [label = "b"];
	q51 -> q9 [label = "b"];
	q55 -> q43 [label = "c"];
	q50 -> q52 [label = "a"];
	q54 -> q58 [label = "b"];
	q2 -> q0 [label = "c"];
	q20 -> q28 [label = "a"];
	q16 -> q15 [label = "c"];
	q0 -> q37 [label = "c"];
	q41 -> q24 [label = "a"];
	q22 -> q31 [label = "b"];
	q19 -> q21 [label = "a"];
	q18 -> q17 [label = "a"];
	q10 -> q33 [label = "b"];
	q48 -> q29 [label = "a"];
	q11 -> q33 [label = "b"];
	q45 -> q9 [label = "b"];
	q16 -> q16 [label = "a"];
	q22 -> q7 [label = "c"];
	q15 -> q35 [label = "a"];
	q13 -> q33 [label = "b"];
	q5 -> q60 [label = "a"];
	q11 -> q32 [label = "c"];
	q32 -> q43 [label = "c"];
	q12 -> q9 [label = "b"];
	q55 -> q10 [label = "b"];
	q18 -> q11 [label = "b"];
	q15 -> q33 [label = "b"];
	q53 -> q10 [label = "b, c"];
	q13 -> q29 [label = "a"];
	q3 -> q29 [label = "a"];
	q9 -> q39 [label = "c"];
	q5 -> q40 [label = "b"];
	q24 -> q10 [label = "b, c"];
	q6 -> q24 [label = "c"];
	q7 -> q29 [label = "a"];
	q44 -> q53 [label = "a"];
	q29 -> q11 [label = "c"];
	q8 -> q40 [label = "b"];
	q54 -> q24 [label = "c"];
	q8 -> q26 [label = "a"];
	q23 -> q26 [label = "a"];
	q33 -> q32 [label = "c"];
	q4 -> q11 [label = "b"];
	q1 -> q7 [label = "c"];
	q9 -> q8 [label = "b"];
	q7 -> q11 [label = "b"];
	q7 -> q4 [label = "c"];
	q15 -> q32 [label = "c"];
	q1 -> q2 [label = "a"];
	q35 -> q55 [label = "a"];
	q12 -> q48 [label = "a"];
	q2 -> q9 [label = "b"];
	q0 -> q12 [label = "a"];
	q17 -> q49 [label = "c"];
	q20 -> q24 [label = "c"];
	q4 -> q4 [label = "c"];
	q12 -> q47 [label = "c"];
	q59 -> q5 [label = "b"];
	q10 -> q52 [label = "a"];
	q8 -> q24 [label = "c"];
	q13 -> q34 [label = "c"];
	q51 -> q32 [label = "a"];
	q11 -> q51 [label = "a"];
	q4 -> q53 [label = "a"];
	q19 -> q22 [label = "c"];
	q31 -> q34 [label = "c"];
	q21 -> q11 [label = "b"];
	q26 -> q9 [label = "b"];
	q40 -> q45 [label = "a"];
	q14 -> q36 [label = "b"];
	q28 -> q47 [label = "c"];
	q26 -> q24 [label = "a"];
	q42 -> q5 [label = "b"];
	q1 -> q11 [label = "b"];
	q28 -> q24 [label = "a"];
	q20 -> q23 [label = "b"];
	q30 -> q5 [label = "b"];
}
DFA size: 62 states

NL* output after 15 EQ and 4904 MQ:
digraph finite_state_machine {
	rankdir=LR;
	node [shape = circle];
	s0 [shape = point, style = invis, start="true" ];
	q0 [label = "q0"];
	q1 [label = "q1"];
	q2 [label = "q2", shape = doublecircle, final="true" ];
	q3 [label = "q3"];
	q4 [label = "q4", shape = doublecircle, final="true" ];
	q5 [label = "q5", shape = doublecircle, final="true" ];
	q6 [label = "q6", shape = doublecircle, final="true" ];
	q7 [label = "q7"];
	q8 [label = "q8"];
	q9 [label = "q9"];
	q10 [label = "q10", shape = doublecircle, final="true" ];
	q11 [label = "q11"];
	q12 [label = "q12"];
	q13 [label = "q13"];
	q14 [label = "q14"];
	q15 [label = "q15"];
	q16 [label = "q16", shape = doublecircle, final="true" ];
	q17 [label = "q17"];
	q18 [label = "q18"];
	q19 [label = "q19"];
	q20 [label = "q20"];
	q21 [label = "q21"];
	q22 [label = "q22"];
	q23 [label = "q23"];
	q24 [label = "q24"];
	q25 [label = "q25", shape = doublecircle, final="true" ];
	q26 [label = "q26", shape = doublecircle, final="true" ];
	s0 -> q15
	q20 -> q26 [label = "b"];
	q20 -> q16 [label = "b"];
	q22 -> q23 [label = "a"];
	q22 -> q21 [label = "a"];
	q22 -> q7 [label = "a"];
	q21 -> q22 [label = "a"];
	q21 -> q14 [label = "a"];
	q21 -> q9 [label = "a"];
	q23 -> q26 [label = "b"];
	q23 -> q25 [label = "b"];
	q23 -> q2 [label = "b"];
	q17 -> q16 [label = "b"];
	q17 -> q2 [label = "b"];
	q17 -> q0 [label = "b"];
	q17 -> q23 [label = "a"];
	q17 -> q7 [label = "a"];
	q17 -> q1 [label = "a"];
	q21 -> q24 [label = "c"];
	q21 -> q19 [label = "c"];
	q16 -> q17 [label = "c"];
	q16 -> q8 [label = "c"];
	q20 -> q17 [label = "a"];
	q22 -> q16 [label = "b"];
	q18 -> q21 [label = "a"];
	q18 -> q1 [label = "a"];
	q16 -> q25 [label = "b"];
	q17 -> q21 [label = "a"];
	q22 -> q19 [label = "c"];
	q22 -> q15 [label = "c"];
	q22 -> q8 [label = "c"];
	q6 -> q17 [label = "c"];
	q11 -> q19 [label = "a, c"];
	q0 -> q17 [label = "c"];
	q19 -> q24 [label = "b"];
	q7 -> q19 [label = "c"];
	q6 -> q1 [label = "a"];
	q6 -> q11 [label = "c"];
	q12 -> q18 [label = "a"];
	q19 -> q17 [label = "c"];
	q1 -> q26 [label = "b"];
	q2 -> q25 [label = "b"];
	q6 -> q3 [label = "a, c"];
	q0 -> q7 [label = "a"];
	q2 -> q24 [label = "c"];
	q18 -> q16 [label = "b, c"];
	q4 -> q17 [label = "c"];
	q6 -> q8 [label = "c"];
	q13 -> q26 [label = "b"];
	q20 -> q24 [label = "a"];
	q10 -> q24 [label = "b, c"];
	q24 -> q2 [label = "b"];
	q6 -> q13 [label = "a, c"];
	q4 -> q19 [label = "c"];
	q10 -> q19 [label = "b, c"];
	q8 -> q1 [label = "a"];
	q13 -> q18 [label = "a"];
	q19 -> q23 [label = "a"];
	q14 -> q1 [label = "a"];
	q10 -> q15 [label = "a"];
	q25 -> q18 [label = "c"];
	q2 -> q7 [label = "a"];
	q3 -> q8 [label = "a, c"];
	q9 -> q17 [label = "c"];
	q8 -> q5 [label = "b"];
	q16 -> q19 [label = "c"];
	q2 -> q8 [label = "c"];
	q14 -> q8 [label = "b"];
	q18 -> q5 [label = "b, c"];
	q18 -> q4 [label = "b, c"];
	q12 -> q0 [label = "a, c"];
	q14 -> q11 [label = "c"];
	q26 -> q3 [label = "a"];
	q20 -> q19 [label = "a, c"];
	q17 -> q10 [label = "b"];
	q2 -> q4 [label = "b"];
	q14 -> q15 [label = "c"];
	q8 -> q17 [label = "c"];
	q4 -> q18 [label = "c"];
	q9 -> q26 [label = "b, c"];
	q17 -> q8 [label = "b"];
	q9 -> q23 [label = "a"];
	q12 -> q6 [label = "b"];
	q21 -> q8 [label = "a, c"];
	q9 -> q21 [label = "a"];
	q26 -> q18 [label = "c"];
	q15 -> q17 [label = "a"];
	q10 -> q9 [label = "c"];
	q0 -> q23 [label = "a"];
	q11 -> q8 [label = "a, c"];
	q11 -> q23 [label = "a"];
	q12 -> q8 [label = "a, c"];
	q7 -> q6 [label = "b"];
	q11 -> q21 [label = "a"];
	q19 -> q19 [label = "b, c"];
	q9 -> q24 [label = "c"];
	q13 -> q24 [label = "a"];
	q14 -> q16 [label = "b"];
	q11 -> q1 [label = "a"];
	q18 -> q14 [label = "b, c"];
	q11 -> q0 [label = "a"];
	q15 -> q19 [label = "c"];
	q10 -> q0 [label = "b, c"];
	q11 -> q18 [label = "a"];
	q5 -> q17 [label = "c"];
	q11 -> q17 [label = "a"];
	q26 -> q20 [label = "a"];
	q4 -> q13 [label = "a"];
	q13 -> q25 [label = "b"];
	q9 -> q1 [label = "a"];
	q22 -> q5 [label = "b"];
	q24 -> q7 [label = "a"];
	q5 -> q3 [label = "a"];
	q26 -> q15 [label = "a"];
	q24 -> q1 [label = "a"];
	q6 -> q12 [label = "a, c"];
	q26 -> q12 [label = "a"];
	q26 -> q8 [label = "c"];
	q14 -> q0 [label = "b"];
	q25 -> q15 [label = "a"];
	q24 -> q19 [label = "b, c"];
	q12 -> q19 [label = "a, c"];
	q18 -> q7 [label = "a"];
	q6 -> q4 [label = "b"];
	q24 -> q14 [label = "c"];
	q2 -> q23 [label = "a"];
	q24 -> q8 [label = "b, c"];
	q17 -> q24 [label = "b"];
	q13 -> q8 [label = "a"];
	q18 -> q25 [label = "b, c"];
	q24 -> q0 [label = "b, c"];
	q21 -> q6 [label = "b"];
	q26 -> q24 [label = "c"];
	q24 -> q16 [label = "b"];
	q26 -> q0 [label = "c"];
	q24 -> q23 [label = "a"];
	q24 -> q10 [label = "b"];
	q6 -> q15 [label = "a, c"];
	q9 -> q11 [label = "c"];
	q24 -> q17 [label = "b, c"];
	q24 -> q22 [label = "c"];
	q26 -> q17 [label = "c"];
	q7 -> q0 [label = "a, c"];
	q10 -> q23 [label = "a"];
	q25 -> q8 [label = "c"];
	q21 -> q26 [label = "b, c"];
	q10 -> q18 [label = "c"];
	q26 -> q25 [label = "b"];
	q18 -> q8 [label = "b, c"];
	q16 -> q0 [label = "c"];
	q1 -> q25 [label = "b"];
	q25 -> q25 [label = "b"];
	q25 -> q17 [label = "c"];
	q4 -> q24 [label = "c"];
	q9 -> q7 [label = "a"];
	q3 -> q18 [label = "a"];
	q13 -> q6 [label = "b"];
	q8 -> q16 [label = "b"];
	q24 -> q5 [label = "b"];
	q24 -> q4 [label = "b"];
	q18 -> q23 [label = "a"];
	q25 -> q24 [label = "c"];
	q26 -> q19 [label = "c"];
	q16 -> q15 [label = "a"];
	q16 -> q20 [label = "a"];
	q24 -> q25 [label = "b"];
	q1 -> q0 [label = "a, c"];
	q12 -> q17 [label = "a"];
	q8 -> q8 [label = "c"];
	q1 -> q14 [label = "a"];
	q8 -> q26 [label = "b"];
	q0 -> q16 [label = "b"];
	q9 -> q2 [label = "b, c"];
	q14 -> q26 [label = "b"];
	q17 -> q26 [label = "b"];
	q21 -> q0 [label = "a, c"];
	q19 -> q0 [label = "b, c"];
	q1 -> q16 [label = "b"];
	q12 -> q24 [label = "a"];
	q23 -> q14 [label = "a"];
	q9 -> q8 [label = "b, c"];
	q13 -> q2 [label = "b"];
	q21 -> q2 [label = "b, c"];
	q13 -> q19 [label = "a, c"];
	q9 -> q6 [label = "b"];
	q17 -> q19 [label = "b"];
	q2 -> q3 [label = "a"];
	q21 -> q16 [label = "b, c"];
	q11 -> q5 [label = "b"];
	q21 -> q25 [label = "b"];
	q23 -> q8 [label = "c"];
	q10 -> q17 [label = "b, c"];
	q14 -> q5 [label = "b"];
	q19 -> q8 [label = "b, c"];
	q19 -> q14 [label = "c"];
	q7 -> q14 [label = "a"];
	q4 -> q0 [label = "c"];
	q1 -> q8 [label = "a, c"];
	q19 -> q22 [label = "c"];
	q25 -> q13 [label = "a"];
	q12 -> q2 [label = "b"];
	q9 -> q0 [label = "b, c"];
	q9 -> q4 [label = "b, c"];
	q11 -> q24 [label = "a"];
	q10 -> q8 [label = "b, c"];
	q9 -> q22 [label = "b"];
	q9 -> q5 [label = "b, c"];
	q23 -> q6 [label = "b"];
	q21 -> q10 [label = "c"];
	q6 -> q21 [label = "a"];
	q9 -> q20 [label = "c"];
	q9 -> q25 [label = "b, c"];
	q8 -> q19 [label = "c"];
	q14 -> q21 [label = "a"];
	q6 -> q18 [label = "c"];
	q14 -> q23 [label = "a"];
	q6 -> q19 [label = "c"];
	q6 -> q20 [label = "a, c"];
	q6 -> q24 [label = "c"];
	q6 -> q0 [label = "c"];
	q2 -> q20 [label = "a"];
	q0 -> q26 [label = "b"];
	q23 -> q16 [label = "b"];
	q8 -> q23 [label = "a"];
	q14 -> q2 [label = "b"];
	q2 -> q1 [label = "a"];
	q5 -> q0 [label = "c"];
	q6 -> q25 [label = "b"];
	q0 -> q8 [label = "c"];
	q0 -> q19 [label = "c"];
	q5 -> q18 [label = "c"];
	q5 -> q24 [label = "c"];
	q1 -> q9 [label = "a"];
	q1 -> q22 [label = "a"];
	q22 -> q1 [label = "a"];
	q3 -> q2 [label = "b"];
	q3 -> q16 [label = "b"];
	q16 -> q18 [label = "c"];
	q9 -> q16 [label = "b, c"];
	q3 -> q26 [label = "b"];
	q7 -> q8 [label = "a, c"];
	q1 -> q2 [label = "b"];
	q1 -> q6 [label = "b"];
	q11 -> q16 [label = "b"];
	q3 -> q0 [label = "a, c"];
	q3 -> q17 [label = "a"];
	q3 -> q19 [label = "a, c"];
	q13 -> q16 [label = "b"];
	q7 -> q2 [label = "b"];
	q5 -> q19 [label = "c"];
	q7 -> q16 [label = "b"];
	q2 -> q12 [label = "a"];
	q5 -> q8 [label = "c"];
	q3 -> q24 [label = "a"];
	q7 -> q25 [label = "b"];
	q7 -> q26 [label = "b"];
	q13 -> q10 [label = "c"];
	q11 -> q7 [label = "a"];
	q18 -> q6 [label = "b, c"];
	q5 -> q15 [label = "a"];
	q18 -> q26 [label = "b, c"];
	q7 -> q9 [label = "a"];
	q24 -> q24 [label = "b, c"];
	q5 -> q20 [label = "a"];
	q6 -> q7 [label = "a"];
	q6 -> q23 [label = "a"];
	q17 -> q22 [label = "c"];
	q5 -> q16 [label = "b"];
	q4 -> q16 [label = "b"];
	q4 -> q25 [label = "b"];
	q21 -> q5 [label = "c"];
	q4 -> q26 [label = "b"];
	q2 -> q0 [label = "c"];
	q2 -> q17 [label = "c"];
	q2 -> q18 [label = "c"];
	q0 -> q1 [label = "a"];
	q12 -> q16 [label = "b"];
	q2 -> q19 [label = "c"];
	q7 -> q22 [label = "a"];
	q0 -> q5 [label = "b"];
	q5 -> q25 [label = "b"];
	q14 -> q7 [label = "a"];
	q5 -> q26 [label = "b"];
	q9 -> q3 [label = "c"];
	q17 -> q5 [label = "b"];
	q9 -> q10 [label = "c"];
	q9 -> q19 [label = "c"];
	q0 -> q0 [label = "c"];
	q9 -> q15 [label = "c"];
	q13 -> q0 [label = "a"];
	q13 -> q17 [label = "a"];
	q18 -> q24 [label = "b, c"];
	q16 -> q24 [label = "c"];
	q15 -> q16 [label = "b"];
	q24 -> q26 [label = "b"];
	q10 -> q14 [label = "c"];
	q10 -> q22 [label = "c"];
	q4 -> q8 [label = "c"];
	q8 -> q0 [label = "c"];
	q12 -> q25 [label = "b"];
	q12 -> q26 [label = "b"];
	q2 -> q15 [label = "a"];
	q25 -> q19 [label = "c"];
	q20 -> q0 [label = "a, c"];
	q20 -> q8 [label = "a, c"];
	q4 -> q15 [label = "a"];
	q18 -> q0 [label = "b, c"];
	q25 -> q0 [label = "c"];
	q18 -> q2 [label = "b, c"];
	q18 -> q10 [label = "b, c"];
	q18 -> q17 [label = "b, c"];
	q20 -> q18 [label = "a"];
	q18 -> q19 [label = "b, c"];
	q18 -> q22 [label = "b, c"];
}
NFA size: 27 states

AL* output after 15 EQ and 2484 MQ:
digraph finite_state_machine {
	rankdir=LR;
	node [shape = circle];
	s0 [shape = point, style = invis, start="true" ];
	q0 [label = "q0", shape = doublecircle, final="true" ];
	q1 [label = "q1"];
	q2 [label = "q2"];
	q3 [label = "q3"];
	q4 [label = "q4"];
	q5 [label = "q5", shape = doublecircle, final="true" ];
	q6 [label = "q6", shape = doublecircle, final="true" ];
	q7 [label = "q7"];
	q8 [label = "q8", shape = doublecircle, final="true" ];
	q9 [label = "q9"];
	q10 [label = "q10"];
	q11 [label = "q11"];
	m0 [label = "", shape = square, style = filled, color=grey, fixedsize=true, width=.2];
	m1 [label = "", shape = square, style = filled, color=grey, fixedsize=true, width=.2];
	m2 [label = "", shape = square, style = filled, color=grey, fixedsize=true, width=.2];
	m3 [label = "", shape = square, style = filled, color=grey, fixedsize=true, width=.2];
	m4 [label = "", shape = square, style = filled, color=grey, fixedsize=true, width=.2];
	m5 [label = "", shape = square, style = filled, color=grey, fixedsize=true, width=.2];
	m6 [label = "", shape = square, style = filled, color=grey, fixedsize=true, width=.2];
	m7 [label = "", shape = square, style = filled, color=grey, fixedsize=true, width=.2];
	m8 [label = "", shape = square, style = filled, color=grey, fixedsize=true, width=.2];
	m9 [label = "", shape = square, style = filled, color=grey, fixedsize=true, width=.2];
	m10 [label = "", shape = square, style = filled, color=grey, fixedsize=true, width=.2];
	m11 [label = "", shape = square, style = filled, color=grey, fixedsize=true, width=.2];
	m12 [label = "", shape = square, style = filled, color=grey, fixedsize=true, width=.2];
	m13 [label = "", shape = square, style = filled, color=grey, fixedsize=true, width=.2];
	m14 [label = "", shape = square, style = filled, color=grey, fixedsize=true, width=.2];
	m15 [label = "", shape = square, style = filled, color=grey, fixedsize=true, width=.2];
	s0 -> m0
	q9 -> m14 [label = "b"];
	q11 -> m15 [label = "a"];
	q9 -> m8 [label = "a"];
	q9 -> m11 [label = "b"];
	q11 -> m7 [label = "a, b"];
	q8 -> m6 [label = "c"];
	q8 -> m14 [label = "b"];
	q2 -> m11 [label = "b"];
	q2 -> m1 [label = "b"];
	q6 -> m6 [label = "c"];
	q1 -> m6 [label = "b, c"];
	q11 -> m11 [label = "b"];
	q11 -> m5 [label = "c"];
	q0 -> q11 [label = "a"];
	q3 -> m3 [label = "b"];
	q6 -> m13 [label = "a"];
	q6 -> m0 [label = "a"];
	q7 -> m4 [label = "b, c"];
	q4 -> m11 [label = "b, c"];
	q3 -> q11 [label = "a"];
	q2 -> m3 [label = "c"];
	q5 -> m10 [label = "c"];
	q7 -> m10 [label = "a"];
	q10 -> m9 [label = "b"];
	q11 -> m4 [label = "c"];
	q10 -> q11 [label = "a"];
	q10 -> m7 [label = "c"];
	q7 -> q11 [label = "a"];
	q9 -> m5 [label = "c"];
	q11 -> m1 [label = "c"];
	q1 -> m7 [label = "b, c"];
	q6 -> m12 [label = "a"];
	q10 -> m1 [label = "b"];
	q5 -> m0 [label = "a"];
	q3 -> m1 [label = "b"];
	q2 -> q11 [label = "a"];
	q11 -> m2 [label = "a, c"];
	q5 -> m9 [label = "b"];
	q7 -> m3 [label = "b"];
	q11 -> m3 [label = "c"];
	q4 -> m10 [label = "a"];
	q9 -> m6 [label = "a, c"];
	q10 -> m5 [label = "c"];
	q8 -> m0 [label = "a"];
	q3 -> m0 [label = "c"];
	q10 -> m6 [label = "b, c"];
	q5 -> m6 [label = "b, c"];
	q5 -> m8 [label = "b"];
	q8 -> m8 [label = "b"];
	q4 -> m6 [label = "a, c"];
	q0 -> m10 [label = "a, c"];
	q4 -> m7 [label = "b"];
	q2 -> m6 [label = "b"];
	q2 -> m5 [label = "c"];
	q3 -> m6 [label = "c"];
	q2 -> m7 [label = "c"];
	q1 -> m11 [label = "b, c"];
	q6 -> m10 [label = "c"];
	q5 -> q11 [label = "a"];
	q7 -> m11 [label = "b"];
	q7 -> m1 [label = "b"];
	q3 -> m10 [label = "a"];
	q7 -> m8 [label = "c"];
	q7 -> m0 [label = "c"];
	q5 -> m7 [label = "c"];
	q0 -> m0 [label = "a, c"];
	q3 -> m11 [label = "b"];
	q0 -> m8 [label = "b"];
	q1 -> m10 [label = "a"];
	q8 -> m11 [label = "b"];
	q6 -> m8 [label = "a, b"];
	q1 -> q11 [label = "a"];
	q0 -> m6 [label = "c"];
	q6 -> m11 [label = "b"];
	q2 -> m10 [label = "a"];
	q9 -> m1 [label = "b"];
	q0 -> m11 [label = "b"];
	q8 -> m10 [label = "a, c"];
	q3 -> m14 [label = "b"];
	q0 -> m3 [label = "b"];
	m0 -> q4;
	m0 -> q9;
	m1 -> q0;
	m1 -> q1;
	m1 -> q2;
	m1 -> q3;
	m1 -> q4;
	m1 -> q6;
	m1 -> q7;
	m1 -> q8;
	m1 -> q9;
	m1 -> q11;
	m2 -> q0;
	m2 -> q1;
	m2 -> q2;
	m2 -> q5;
	m2 -> q6;
	m2 -> q7;
	m2 -> q8;
	m2 -> q10;
	m3 -> q1;
	m3 -> q2;
	m3 -> q3;
	m3 -> q4;
	m3 -> q5;
	m3 -> q7;
	m3 -> q8;
	m3 -> q9;
	m3 -> q10;
	m3 -> q11;
	m4 -> q0;
	m4 -> q1;
	m4 -> q2;
	m4 -> q3;
	m4 -> q5;
	m4 -> q7;
	m4 -> q10;
	m5 -> q0;
	m5 -> q1;
	m5 -> q3;
	m5 -> q4;
	m5 -> q5;
	m5 -> q6;
	m5 -> q8;
	m5 -> q9;
	m5 -> q10;
	m6 -> q1;
	m6 -> q2;
	m6 -> q5;
	m6 -> q10;
	m7 -> q0;
	m7 -> q3;
	m7 -> q7;
	m8 -> q0;
	m8 -> q1;
	m8 -> q2;
	m8 -> q3;
	m8 -> q4;
	m8 -> q7;
	m8 -> q8;
	m9 -> q0;
	m9 -> q1;
	m9 -> q4;
	m9 -> q5;
	m9 -> q6;
	m9 -> q8;
	m10 -> q1;
	m10 -> q4;
	m11 -> q0;
	m11 -> q5;
	m11 -> q6;
	m11 -> q8;
	m12 -> q0;
	m12 -> q1;
	m12 -> q2;
	m12 -> q3;
	m12 -> q5;
	m12 -> q6;
	m12 -> q7;
	m12 -> q8;
	m12 -> q10;
	m12 -> q11;
	m13 -> q0;
	m13 -> q1;
	m13 -> q2;
	m13 -> q4;
	m13 -> q5;
	m13 -> q6;
	m13 -> q7;
	m13 -> q8;
	m13 -> q10;
	m14 -> q0;
	m14 -> q1;
	m14 -> q2;
	m14 -> q3;
	m14 -> q4;
	m14 -> q5;
	m14 -> q6;
	m14 -> q7;
	m14 -> q9;
	m14 -> q10;
	m14 -> q11;
	m15 -> q1;
	m15 -> q2;
	m15 -> q4;
	m15 -> q5;
	m15 -> q7;
	m15 -> q10;
	m15 -> q11;
}
AFA size: 12 states

AL** output after 16 EQ and 2484 MQ:
digraph finite_state_machine {
	rankdir=LR;
	node [shape = circle];
	s0 [shape = point, style = invis, start="true" ];
	q0 [label = "q0", shape = doublecircle, final="true" ];
	q1 [label = "q1"];
	q2 [label = "q2"];
	q3 [label = "q3"];
	q4 [label = "q4"];
	q5 [label = "q5", shape = doublecircle, final="true" ];
	q6 [label = "q6", shape = doublecircle, final="true" ];
	q7 [label = "q7"];
	q8 [label = "q8", shape = doublecircle, final="true" ];
	q9 [label = "q9"];
	q10 [label = "q10"];
	q11 [label = "q11"];
	m0 [label = "", shape = square, style = filled, color=grey, fixedsize=true, width=.2];
	m1 [label = "", shape = square, style = filled, color=grey, fixedsize=true, width=.2];
	m2 [label = "", shape = square, style = filled, color=grey, fixedsize=true, width=.2];
	m3 [label = "", shape = square, style = filled, color=grey, fixedsize=true, width=.2];
	m4 [label = "", shape = square, style = filled, color=grey, fixedsize=true, width=.2];
	m5 [label = "", shape = square, style = filled, color=grey, fixedsize=true, width=.2];
	m6 [label = "", shape = square, style = filled, color=grey, fixedsize=true, width=.2];
	m7 [label = "", shape = square, style = filled, color=grey, fixedsize=true, width=.2];
	m8 [label = "", shape = square, style = filled, color=grey, fixedsize=true, width=.2];
	m9 [label = "", shape = square, style = filled, color=grey, fixedsize=true, width=.2];
	m10 [label = "", shape = square, style = filled, color=grey, fixedsize=true, width=.2];
	m11 [label = "", shape = square, style = filled, color=grey, fixedsize=true, width=.2];
	m12 [label = "", shape = square, style = filled, color=grey, fixedsize=true, width=.2];
	m13 [label = "", shape = square, style = filled, color=grey, fixedsize=true, width=.2];
	m14 [label = "", shape = square, style = filled, color=grey, fixedsize=true, width=.2];
	m15 [label = "", shape = square, style = filled, color=grey, fixedsize=true, width=.2];
	s0 -> m0
	q9 -> m14 [label = "b"];
	q11 -> m15 [label = "a"];
	q9 -> m8 [label = "a"];
	q9 -> m11 [label = "b"];
	q11 -> m7 [label = "a, b"];
	q8 -> m6 [label = "c"];
	q8 -> m14 [label = "b"];
	q2 -> m11 [label = "b"];
	q2 -> m1 [label = "b"];
	q6 -> m6 [label = "c"];
	q1 -> m6 [label = "b, c"];
	q11 -> m11 [label = "b"];
	q11 -> m5 [label = "c"];
	q0 -> q11 [label = "a"];
	q3 -> m3 [label = "b"];
	q6 -> m13 [label = "a"];
	q6 -> m0 [label = "a"];
	q7 -> m4 [label = "b, c"];
	q4 -> m11 [label = "b, c"];
	q3 -> q11 [label = "a"];
	q2 -> m3 [label = "c"];
	q5 -> m10 [label = "c"];
	q7 -> m10 [label = "a"];
	q10 -> m9 [label = "b"];
	q11 -> m4 [label = "c"];
	q10 -> q11 [label = "a"];
	q10 -> m7 [label = "c"];
	q7 -> q11 [label = "a"];
	q9 -> m5 [label = "c"];
	q11 -> m1 [label = "c"];
	q1 -> m7 [label = "b, c"];
	q6 -> m12 [label = "a"];
	q10 -> m1 [label = "b"];
	q5 -> m0 [label = "a"];
	q3 -> m1 [label = "b"];
	q2 -> q11 [label = "a"];
	q11 -> m2 [label = "a, c"];
	q5 -> m9 [label = "b"];
	q7 -> m3 [label = "b"];
	q11 -> m3 [label = "c"];
	q4 -> m10 [label = "a"];
	q9 -> m6 [label = "a, c"];
	q10 -> m5 [label = "c"];
	q8 -> m0 [label = "a"];
	q3 -> m0 [label = "c"];
	q10 -> m6 [label = "b, c"];
	q5 -> m6 [label = "b, c"];
	q5 -> m8 [label = "b"];
	q8 -> m8 [label = "b"];
	q4 -> m6 [label = "a, c"];
	q0 -> m10 [label = "a, c"];
	q4 -> m7 [label = "b"];
	q2 -> m6 [label = "b"];
	q2 -> m5 [label = "c"];
	q3 -> m6 [label = "c"];
	q2 -> m7 [label = "c"];
	q1 -> m11 [label = "b, c"];
	q6 -> m10 [label = "c"];
	q5 -> q11 [label = "a"];
	q7 -> m11 [label = "b"];
	q7 -> m1 [label = "b"];
	q3 -> m10 [label = "a"];
	q7 -> m8 [label = "c"];
	q7 -> m0 [label = "c"];
	q5 -> m7 [label = "c"];
	q0 -> m0 [label = "a, c"];
	q3 -> m11 [label = "b"];
	q0 -> m8 [label = "b"];
	q1 -> m10 [label = "a"];
	q8 -> m11 [label = "b"];
	q6 -> m8 [label = "a, b"];
	q1 -> q11 [label = "a"];
	q0 -> m6 [label = "c"];
	q6 -> m11 [label = "b"];
	q2 -> m10 [label = "a"];
	q9 -> m1 [label = "b"];
	q0 -> m11 [label = "b"];
	q8 -> m10 [label = "a, c"];
	q3 -> m14 [label = "b"];
	q0 -> m3 [label = "b"];
	m0 -> q4;
	m0 -> q9;
	m1 -> q0;
	m1 -> q1;
	m1 -> q2;
	m1 -> q3;
	m1 -> q4;
	m1 -> q6;
	m1 -> q7;
	m1 -> q8;
	m1 -> q9;
	m1 -> q11;
	m2 -> q0;
	m2 -> q1;
	m2 -> q2;
	m2 -> q5;
	m2 -> q6;
	m2 -> q7;
	m2 -> q8;
	m2 -> q10;
	m3 -> q1;
	m3 -> q2;
	m3 -> q3;
	m3 -> q4;
	m3 -> q5;
	m3 -> q7;
	m3 -> q8;
	m3 -> q9;
	m3 -> q10;
	m3 -> q11;
	m4 -> q0;
	m4 -> q1;
	m4 -> q2;
	m4 -> q3;
	m4 -> q5;
	m4 -> q7;
	m4 -> q10;
	m5 -> q0;
	m5 -> q1;
	m5 -> q3;
	m5 -> q4;
	m5 -> q5;
	m5 -> q6;
	m5 -> q8;
	m5 -> q9;
	m5 -> q10;
	m6 -> q1;
	m6 -> q2;
	m6 -> q5;
	m6 -> q10;
	m7 -> q0;
	m7 -> q3;
	m7 -> q7;
	m8 -> q0;
	m8 -> q1;
	m8 -> q2;
	m8 -> q3;
	m8 -> q4;
	m8 -> q7;
	m8 -> q8;
	m9 -> q0;
	m9 -> q1;
	m9 -> q4;
	m9 -> q5;
	m9 -> q6;
	m9 -> q8;
	m10 -> q1;
	m10 -> q4;
	m11 -> q0;
	m11 -> q5;
	m11 -> q6;
	m11 -> q8;
	m12 -> q0;
	m12 -> q1;
	m12 -> q2;
	m12 -> q3;
	m12 -> q5;
	m12 -> q6;
	m12 -> q7;
	m12 -> q8;
	m12 -> q10;
	m12 -> q11;
	m13 -> q0;
	m13 -> q1;
	m13 -> q2;
	m13 -> q4;
	m13 -> q5;
	m13 -> q6;
	m13 -> q7;
	m13 -> q8;
	m13 -> q10;
	m14 -> q0;
	m14 -> q1;
	m14 -> q2;
	m14 -> q3;
	m14 -> q4;
	m14 -> q5;
	m14 -> q6;
	m14 -> q7;
	m14 -> q9;
	m14 -> q10;
	m14 -> q11;
	m15 -> q1;
	m15 -> q2;
	m15 -> q4;
	m15 -> q5;
	m15 -> q7;
	m15 -> q10;
	m15 -> q11;
}
RAFA size: 12 states

