Random target AFA:
digraph finite_state_machine {
	rankdir=LR;
	node [shape = circle];
	s0 [shape = point, style = invis, start="true" ];
	s1 [shape = point, style = invis, start="true" ];
	q0 [label = "q0"];
	q1 [label = "q1"];
	q2 [label = "q2", shape = doublecircle, final="true" ];
	q3 [label = "q3"];
	q4 [label = "q4"];
	q5 [label = "q5"];
	m0 [label = "", shape = square, style = filled, color=grey, fixedsize=true, width=.2];
	m1 [label = "", shape = square, style = filled, color=grey, fixedsize=true, width=.2];
	m2 [label = "", shape = square, style = filled, color=grey, fixedsize=true, width=.2];
	m3 [label = "", shape = square, style = filled, color=grey, fixedsize=true, width=.2];
	m4 [label = "", shape = square, style = filled, color=grey, fixedsize=true, width=.2];
	m5 [label = "", shape = square, style = filled, color=grey, fixedsize=true, width=.2];
	m6 [label = "", shape = square, style = filled, color=grey, fixedsize=true, width=.2];
	m7 [label = "", shape = square, style = filled, color=grey, fixedsize=true, width=.2];
	m8 [label = "", shape = square, style = filled, color=grey, fixedsize=true, width=.2];
	s0 -> q1
	s1 -> q0
	q5 -> m8 [label = "b"];
	q2 -> q1 [label = "c"];
	q4 -> m7 [label = "b"];
	q1 -> m6 [label = "c"];
	q1 -> m5 [label = "b"];
	q3 -> m4 [label = "b"];
	q2 -> m1 [label = "a"];
	q3 -> m0 [label = "c"];
	q4 -> q1 [label = "a"];
	q1 -> q0 [label = "a"];
	q4 -> q5 [label = "c"];
	q3 -> q0 [label = "c"];
	q1 -> q1 [label = "c"];
	q5 -> m4 [label = "a"];
	q0 -> q3 [label = "a"];
	q5 -> q5 [label = "a, b"];
	q3 -> q2 [label = "a"];
	q5 -> q3 [label = "c"];
	q2 -> q5 [label = "b"];
	q0 -> q2 [label = "b"];
	q3 -> q1 [label = "a"];
	q2 -> q4 [label = "b, c"];
	q2 -> m0 [label = "a"];
	q1 -> q4 [label = "a, b"];
	q0 -> q5 [label = "c"];
	q4 -> q4 [label = "b, c"];
	q4 -> m2 [label = "a"];
	q3 -> m3 [label = "b"];
	q5 -> q4 [label = "c"];
	m0 -> q1;
	m0 -> q3;
	m1 -> q2;
	m1 -> q4;
	m2 -> q0;
	m2 -> q4;
	m3 -> q0;
	m3 -> q3;
	m4 -> q4;
	m4 -> q5;
	m5 -> q1;
	m5 -> q5;
	m6 -> q3;
	m6 -> q5;
	m7 -> q0;
	m7 -> q1;
	m8 -> q0;
	m8 -> q2;
}

L* output after 7 EQ and 3496 MQ:
digraph finite_state_machine {
	rankdir=LR;
	node [shape = circle];
	s0 [shape = point, style = invis, start="true" ];
	q0 [label = "q0"];
	q1 [label = "q1"];
	q2 [label = "q2"];
	q3 [label = "q3", shape = doublecircle, final="true" ];
	q4 [label = "q4"];
	q5 [label = "q5"];
	q6 [label = "q6"];
	q7 [label = "q7"];
	q8 [label = "q8", shape = doublecircle, final="true" ];
	q9 [label = "q9"];
	q10 [label = "q10"];
	q11 [label = "q11"];
	q12 [label = "q12"];
	q13 [label = "q13", shape = doublecircle, final="true" ];
	q14 [label = "q14"];
	q15 [label = "q15", shape = doublecircle, final="true" ];
	q16 [label = "q16"];
	q17 [label = "q17"];
	q18 [label = "q18"];
	q19 [label = "q19"];
	q20 [label = "q20"];
	q21 [label = "q21"];
	q22 [label = "q22", shape = doublecircle, final="true" ];
	q23 [label = "q23"];
	q24 [label = "q24", shape = doublecircle, final="true" ];
	q25 [label = "q25"];
	q26 [label = "q26"];
	q27 [label = "q27", shape = doublecircle, final="true" ];
	q28 [label = "q28"];
	q29 [label = "q29", shape = doublecircle, final="true" ];
	q30 [label = "q30", shape = doublecircle, final="true" ];
	q31 [label = "q31"];
	q32 [label = "q32"];
	q33 [label = "q33", shape = doublecircle, final="true" ];
	q34 [label = "q34"];
	q35 [label = "q35"];
	q36 [label = "q36"];
	q37 [label = "q37"];
	q38 [label = "q38"];
	q39 [label = "q39"];
	q40 [label = "q40", shape = doublecircle, final="true" ];
	q41 [label = "q41", shape = doublecircle, final="true" ];
	q42 [label = "q42", shape = doublecircle, final="true" ];
	q43 [label = "q43"];
	q44 [label = "q44"];
	s0 -> q28
	q41 -> q35 [label = "c"];
	q41 -> q33 [label = "b"];
	q43 -> q15 [label = "a"];
	q41 -> q41 [label = "a"];
	q43 -> q12 [label = "b"];
	q40 -> q34 [label = "c"];
	q16 -> q21 [label = "b"];
	q31 -> q37 [label = "a"];
	q44 -> q20 [label = "c"];
	q12 -> q16 [label = "c"];
	q2 -> q0 [label = "b"];
	q0 -> q32 [label = "b"];
	q2 -> q1 [label = "a"];
	q16 -> q30 [label = "a"];
	q6 -> q9 [label = "c"];
	q20 -> q21 [label = "b"];
	q26 -> q19 [label = "c"];
	q15 -> q20 [label = "c"];
	q3 -> q21 [label = "b"];
	q7 -> q16 [label = "c"];
	q3 -> q39 [label = "a"];
	q5 -> q11 [label = "a"];
	q1 -> q20 [label = "c"];
	q9 -> q36 [label = "c"];
	q0 -> q6 [label = "c"];
	q2 -> q20 [label = "c"];
	q0 -> q31 [label = "a"];
	q9 -> q21 [label = "b"];
	q39 -> q20 [label = "c"];
	q6 -> q4 [label = "a"];
	q22 -> q33 [label = "b"];
	q15 -> q33 [label = "b"];
	q19 -> q33 [label = "b"];
	q44 -> q14 [label = "a"];
	q4 -> q19 [label = "a"];
	q32 -> q6 [label = "c"];
	q28 -> q27 [label = "b"];
	q20 -> q18 [label = "a"];
	q19 -> q10 [label = "a"];
	q21 -> q11 [label = "a"];
	q30 -> q19 [label = "a"];
	q20 -> q34 [label = "c"];
	q7 -> q10 [label = "a"];
	q21 -> q16 [label = "c"];
	q22 -> q20 [label = "c"];
	q1 -> q17 [label = "a"];
	q26 -> q13 [label = "b"];
	q40 -> q35 [label = "a"];
	q14 -> q18 [label = "c"];
	q13 -> q21 [label = "b"];
	q17 -> q18 [label = "c"];
	q10 -> q40 [label = "a"];
	q38 -> q21 [label = "b"];
	q18 -> q34 [label = "c"];
	q43 -> q18 [label = "c"];
	q42 -> q35 [label = "c"];
	q15 -> q14 [label = "a"];
	q39 -> q38 [label = "b"];
	q17 -> q29 [label = "a"];
	q29 -> q29 [label = "a"];
	q18 -> q33 [label = "b"];
	q10 -> q35 [label = "c"];
	q22 -> q17 [label = "a"];
	q6 -> q21 [label = "b"];
	q34 -> q21 [label = "b"];
	q4 -> q34 [label = "c"];
	q44 -> q3 [label = "b"];
	q16 -> q36 [label = "c"];
	q3 -> q20 [label = "c"];
	q30 -> q12 [label = "b"];
	q23 -> q32 [label = "b"];
	q7 -> q33 [label = "b"];
	q18 -> q35 [label = "a"];
	q11 -> q12 [label = "b"];
	q36 -> q42 [label = "a"];
	q42 -> q12 [label = "b"];
	q11 -> q34 [label = "c"];
	q23 -> q22 [label = "a"];
	q8 -> q12 [label = "b"];
	q27 -> q20 [label = "c"];
	q39 -> q44 [label = "a"];
	q10 -> q12 [label = "b"];
	q12 -> q4 [label = "a"];
	q8 -> q34 [label = "c"];
	q35 -> q33 [label = "b"];
	q13 -> q20 [label = "c"];
	q34 -> q40 [label = "a"];
	q13 -> q2 [label = "a"];
	q37 -> q43 [label = "a"];
	q9 -> q8 [label = "a"];
	q11 -> q18 [label = "a"];
	q19 -> q9 [label = "c"];
	q24 -> q12 [label = "b"];
	q29 -> q18 [label = "c"];
	q28 -> q26 [label = "a"];
	q40 -> q33 [label = "b"];
	q21 -> q21 [label = "b"];
	q27 -> q31 [label = "a"];
	q24 -> q22 [label = "a"];
	q23 -> q18 [label = "c"];
	q17 -> q3 [label = "b"];
	q28 -> q25 [label = "c"];
	q26 -> q24 [label = "a"];
	q30 -> q34 [label = "c"];
	q4 -> q12 [label = "b"];
	q25 -> q7 [label = "a"];
	q1 -> q3 [label = "b"];
	q38 -> q31 [label = "a"];
	q25 -> q12 [label = "b"];
	q5 -> q9 [label = "c"];
	q31 -> q20 [label = "c"];
	q33 -> q21 [label = "b"];
	q27 -> q21 [label = "b"];
	q25 -> q23 [label = "c"];
	q33 -> q34 [label = "c"];
	q31 -> q38 [label = "b"];
	q42 -> q40 [label = "a"];
	q8 -> q18 [label = "a"];
	q29 -> q33 [label = "b"];
	q14 -> q29 [label = "a"];
	q5 -> q21 [label = "b"];
	q32 -> q39 [label = "a"];
	q36 -> q36 [label = "c"];
	q32 -> q32 [label = "b"];
	q14 -> q33 [label = "b"];
	q38 -> q6 [label = "c"];
	q24 -> q18 [label = "c"];
	q33 -> q11 [label = "a"];
	q37 -> q5 [label = "c"];
	q37 -> q3 [label = "b"];
	q34 -> q35 [label = "c"];
	q35 -> q41 [label = "a"];
	q36 -> q33 [label = "b"];
	q12 -> q21 [label = "b"];
	q35 -> q35 [label = "c"];
}
DFA size: 45 states

NL* output after 11 EQ and 1699 MQ:
digraph finite_state_machine {
	rankdir=LR;
	node [shape = circle];
	s0 [shape = point, style = invis, start="true" ];
	q0 [label = "q0"];
	q1 [label = "q1"];
	q2 [label = "q2"];
	q3 [label = "q3"];
	q4 [label = "q4", shape = doublecircle, final="true" ];
	q5 [label = "q5"];
	q6 [label = "q6"];
	q7 [label = "q7"];
	q8 [label = "q8"];
	q9 [label = "q9", shape = doublecircle, final="true" ];
	q10 [label = "q10"];
	q11 [label = "q11", shape = doublecircle, final="true" ];
	q12 [label = "q12"];
	q13 [label = "q13"];
	q14 [label = "q14"];
	q15 [label = "q15", shape = doublecircle, final="true" ];
	q16 [label = "q16"];
	q17 [label = "q17"];
	q18 [label = "q18"];
	s0 -> q8
	q15 -> q16 [label = "c"];
	q15 -> q12 [label = "c"];
	q15 -> q3 [label = "c"];
	q13 -> q7 [label = "c"];
	q13 -> q1 [label = "c"];
	q13 -> q0 [label = "c"];
	q8 -> q9 [label = "b"];
	q8 -> q6 [label = "b"];
	q8 -> q2 [label = "b"];
	q13 -> q12 [label = "c"];
	q10 -> q11 [label = "a"];
	q10 -> q3 [label = "a"];
	q14 -> q14 [label = "c"];
	q14 -> q7 [label = "b, c"];
	q13 -> q18 [label = "c"];
	q14 -> q1 [label = "c"];
	q14 -> q0 [label = "c"];
	q8 -> q10 [label = "a"];
	q12 -> q3 [label = "c"];
	q4 -> q12 [label = "c"];
	q4 -> q0 [label = "c"];
	q0 -> q16 [label = "a"];
	q14 -> q10 [label = "c"];
	q0 -> q12 [label = "a"];
	q2 -> q17 [label = "b"];
	q6 -> q7 [label = "b, c"];
	q14 -> q18 [label = "c"];
	q6 -> q6 [label = "b, c"];
	q6 -> q2 [label = "b, c"];
	q0 -> q14 [label = "c"];
	q0 -> q6 [label = "b, c"];
	q10 -> q17 [label = "c"];
	q14 -> q2 [label = "b, c"];
	q2 -> q16 [label = "a"];
	q1 -> q17 [label = "b"];
	q6 -> q17 [label = "b"];
	q10 -> q7 [label = "c"];
	q10 -> q1 [label = "c"];
	q11 -> q7 [label = "b, c"];
	q15 -> q13 [label = "c"];
	q3 -> q7 [label = "c"];
	q14 -> q16 [label = "a"];
	q11 -> q1 [label = "c"];
	q14 -> q12 [label = "a"];
	q11 -> q12 [label = "c"];
	q10 -> q4 [label = "b"];
	q13 -> q2 [label = "a, b, c"];
	q16 -> q17 [label = "a, c"];
	q11 -> q6 [label = "a, b, c"];
	q12 -> q1 [label = "a"];
	q11 -> q3 [label = "a, c"];
	q11 -> q18 [label = "c"];
	q14 -> q15 [label = "a"];
	q13 -> q17 [label = "a, b, c"];
	q8 -> q12 [label = "c"];
	q5 -> q6 [label = "a, b, c"];
	q5 -> q8 [label = "a, c"];
	q7 -> q6 [label = "b, c"];
	q15 -> q18 [label = "a"];
	q0 -> q17 [label = "b, c"];
	q10 -> q6 [label = "c"];
	q11 -> q17 [label = "a, c"];
	q4 -> q17 [label = "b, c"];
	q7 -> q2 [label = "b, c"];
	q12 -> q7 [label = "a, b"];
	q3 -> q12 [label = "c"];
	q16 -> q0 [label = "c"];
	q5 -> q12 [label = "c"];
	q1 -> q5 [label = "a"];
	q10 -> q18 [label = "c"];
	q15 -> q2 [label = "a, b, c"];
	q18 -> q7 [label = "c"];
	q17 -> q7 [label = "c"];
	q1 -> q2 [label = "b, c"];
	q1 -> q4 [label = "b"];
	q11 -> q8 [label = "a, c"];
	q11 -> q16 [label = "a, c"];
	q18 -> q17 [label = "b, c"];
	q16 -> q2 [label = "a, b, c"];
	q13 -> q4 [label = "a"];
	q15 -> q7 [label = "a, b, c"];
	q7 -> q14 [label = "c"];
	q18 -> q6 [label = "b, c"];
	q12 -> q13 [label = "c"];
	q13 -> q16 [label = "a, c"];
	q5 -> q1 [label = "c"];
	q18 -> q0 [label = "c"];
	q18 -> q2 [label = "b, c"];
	q7 -> q12 [label = "a"];
	q16 -> q7 [label = "c"];
	q12 -> q2 [label = "a, b, c"];
	q16 -> q12 [label = "c"];
	q14 -> q17 [label = "b, c"];
	q17 -> q16 [label = "a"];
	q16 -> q6 [label = "b, c"];
	q15 -> q6 [label = "a, b, c"];
	q12 -> q6 [label = "a, b"];
	q18 -> q3 [label = "a"];
	q14 -> q6 [label = "b, c"];
	q1 -> q9 [label = "b"];
	q10 -> q2 [label = "c"];
	q3 -> q6 [label = "c"];
	q7 -> q0 [label = "c"];
	q16 -> q16 [label = "c"];
	q12 -> q17 [label = "a, c"];
	q18 -> q5 [label = "a"];
	q18 -> q4 [label = "b"];
	q15 -> q0 [label = "a, c"];
	q6 -> q0 [label = "c"];
	q13 -> q9 [label = "a"];
	q1 -> q0 [label = "b, c"];
	q18 -> q9 [label = "b"];
	q5 -> q9 [label = "a"];
	q15 -> q17 [label = "a, c"];
	q16 -> q18 [label = "a"];
	q15 -> q1 [label = "a"];
	q13 -> q3 [label = "a, c"];
	q3 -> q0 [label = "c"];
	q13 -> q6 [label = "a, c"];
	q13 -> q8 [label = "a, c"];
	q2 -> q2 [label = "b, c"];
	q17 -> q0 [label = "c"];
	q3 -> q16 [label = "a, c"];
	q7 -> q7 [label = "b, c"];
	q4 -> q3 [label = "a, c"];
	q11 -> q4 [label = "a"];
	q9 -> q0 [label = "c"];
	q9 -> q2 [label = "b, c"];
	q16 -> q3 [label = "c"];
	q17 -> q17 [label = "b"];
	q1 -> q7 [label = "b, c"];
	q9 -> q3 [label = "c"];
	q9 -> q6 [label = "b, c"];
	q15 -> q5 [label = "c"];
	q17 -> q3 [label = "a"];
	q9 -> q7 [label = "b, c"];
	q4 -> q16 [label = "c"];
	q9 -> q12 [label = "c"];
	q17 -> q6 [label = "c"];
	q9 -> q16 [label = "a, c"];
	q9 -> q17 [label = "b, c"];
	q3 -> q2 [label = "a, b, c"];
	q3 -> q3 [label = "a, c"];
	q11 -> q2 [label = "a, b, c"];
	q5 -> q2 [label = "a, b, c"];
	q5 -> q7 [label = "b, c"];
	q7 -> q16 [label = "a"];
	q2 -> q0 [label = "c"];
	q1 -> q14 [label = "c"];
	q2 -> q6 [label = "c"];
	q4 -> q6 [label = "b, c"];
	q6 -> q16 [label = "a"];
	q1 -> q6 [label = "b, c"];
	q15 -> q14 [label = "c"];
	q5 -> q3 [label = "a, c"];
	q4 -> q2 [label = "b, c"];
	q5 -> q16 [label = "a, c"];
	q3 -> q17 [label = "a, c"];
	q5 -> q4 [label = "a"];
	q11 -> q0 [label = "c"];
	q10 -> q0 [label = "c"];
	q5 -> q17 [label = "a, c"];
	q4 -> q7 [label = "b, c"];
	q5 -> q18 [label = "a, c"];
	q17 -> q2 [label = "b, c"];
	q1 -> q12 [label = "a"];
	q11 -> q9 [label = "a"];
	q2 -> q7 [label = "c"];
	q3 -> q8 [label = "a"];
	q0 -> q7 [label = "b, c"];
	q18 -> q16 [label = "a"];
	q1 -> q3 [label = "a"];
	q1 -> q16 [label = "a"];
	q5 -> q0 [label = "c"];
	q7 -> q17 [label = "b"];
	q0 -> q0 [label = "c"];
	q0 -> q2 [label = "b, c"];
}
NFA size: 19 states

AL* output after 10 EQ and 1478 MQ:
digraph finite_state_machine {
	rankdir=LR;
	node [shape = circle];
	s0 [shape = point, style = invis, start="true" ];
	s1 [shape = point, style = invis, start="true" ];
	q0 [label = "q0", shape = doublecircle, final="true" ];
	q1 [label = "q1", shape = doublecircle, final="true" ];
	q2 [label = "q2", shape = doublecircle, final="true" ];
	q3 [label = "q3"];
	q4 [label = "q4"];
	q5 [label = "q5"];
	q6 [label = "q6"];
	q7 [label = "q7", shape = doublecircle, final="true" ];
	q8 [label = "q8"];
	q9 [label = "q9"];
	m0 [label = "", shape = square, style = filled, color=grey, fixedsize=true, width=.2];
	m1 [label = "", shape = square, style = filled, color=grey, fixedsize=true, width=.2];
	m2 [label = "", shape = square, style = filled, color=grey, fixedsize=true, width=.2];
	m3 [label = "", shape = square, style = filled, color=grey, fixedsize=true, width=.2];
	m4 [label = "", shape = square, style = filled, color=grey, fixedsize=true, width=.2];
	m5 [label = "", shape = square, style = filled, color=grey, fixedsize=true, width=.2];
	m6 [label = "", shape = square, style = filled, color=grey, fixedsize=true, width=.2];
	m7 [label = "", shape = square, style = filled, color=grey, fixedsize=true, width=.2];
	m8 [label = "", shape = square, style = filled, color=grey, fixedsize=true, width=.2];
	m9 [label = "", shape = square, style = filled, color=grey, fixedsize=true, width=.2];
	m10 [label = "", shape = square, style = filled, color=grey, fixedsize=true, width=.2];
	m11 [label = "", shape = square, style = filled, color=grey, fixedsize=true, width=.2];
	m12 [label = "", shape = square, style = filled, color=grey, fixedsize=true, width=.2];
	s0 -> m0
	s1 -> m1
	q9 -> m6 [label = "b"];
	q9 -> m0 [label = "a"];
	q9 -> m8 [label = "a"];
	q1 -> m0 [label = "c"];
	q7 -> m4 [label = "b, c"];
	q6 -> m3 [label = "b, c"];
	q1 -> m4 [label = "a, b, c"];
	q5 -> m2 [label = "c"];
	q1 -> m2 [label = "c"];
	q1 -> m3 [label = "a, b, c"];
	q9 -> m3 [label = "b, c"];
	q6 -> m2 [label = "a"];
	q2 -> m4 [label = "b, c"];
	q7 -> m6 [label = "b"];
	q5 -> m1 [label = "a"];
	q3 -> m2 [label = "a, c"];
	q0 -> m10 [label = "a"];
	q8 -> m2 [label = "a"];
	q4 -> m7 [label = "b"];
	q4 -> m3 [label = "a, b, c"];
	q8 -> m3 [label = "a, b"];
	q8 -> m1 [label = "a"];
	q2 -> m0 [label = "a, c"];
	q6 -> m0 [label = "a"];
	q2 -> m8 [label = "a"];
	q9 -> m2 [label = "c"];
	q5 -> m3 [label = "a, b, c"];
	q3 -> m3 [label = "b, c"];
	q6 -> m8 [label = "a, b"];
	q9 -> m4 [label = "a, b, c"];
	q3 -> m4 [label = "a, b, c"];
	q7 -> m5 [label = "a"];
	q7 -> m3 [label = "b, c"];
	q8 -> m4 [label = "c"];
	q5 -> m4 [label = "a, b"];
	q7 -> m0 [label = "a, c"];
	q0 -> m0 [label = "a, c"];
	q2 -> m3 [label = "a, b, c"];
	q8 -> m0 [label = "c"];
	q3 -> m0 [label = "a"];
	q0 -> m12 [label = "a"];
	q3 -> m8 [label = "b"];
	q9 -> m1 [label = "c"];
	q0 -> m11 [label = "a"];
	q3 -> m6 [label = "b"];
	q1 -> m1 [label = "a"];
	q1 -> m9 [label = "a"];
	q5 -> m0 [label = "c"];
	q4 -> m8 [label = "a"];
	q4 -> m0 [label = "a, c"];
	q0 -> m3 [label = "b, c"];
	q2 -> m1 [label = "a, c"];
	q0 -> m4 [label = "b, c"];
	q6 -> m6 [label = "b"];
	q6 -> m4 [label = "c"];
	q4 -> m1 [label = "a, c"];
	q0 -> m6 [label = "b"];
	q6 -> m1 [label = "c"];
	q8 -> m8 [label = "b"];
	q4 -> m6 [label = "b"];
	q6 -> m9 [label = "c"];
	q4 -> m4 [label = "c"];
	q8 -> m7 [label = "b"];
	m0 -> q1;
	m0 -> q2;
	m0 -> q4;
	m0 -> q5;
	m0 -> q8;
	m1 -> q3;
	m1 -> q6;
	m1 -> q8;
	m2 -> q2;
	m2 -> q4;
	m2 -> q6;
	m2 -> q9;
	m3 -> q0;
	m3 -> q3;
	m3 -> q4;
	m3 -> q6;
	m3 -> q7;
	m3 -> q9;
	m4 -> q1;
	m4 -> q3;
	m4 -> q5;
	m4 -> q9;
	m5 -> q0;
	m5 -> q2;
	m5 -> q3;
	m5 -> q4;
	m5 -> q6;
	m5 -> q7;
	m5 -> q9;
	m6 -> q1;
	m6 -> q2;
	m6 -> q3;
	m6 -> q4;
	m6 -> q5;
	m6 -> q6;
	m6 -> q7;
	m6 -> q8;
	m7 -> q0;
	m7 -> q1;
	m7 -> q2;
	m7 -> q3;
	m7 -> q4;
	m7 -> q5;
	m7 -> q8;
	m7 -> q9;
	m8 -> q0;
	m8 -> q1;
	m8 -> q2;
	m8 -> q7;
	m9 -> q0;
	m9 -> q1;
	m9 -> q2;
	m9 -> q4;
	m9 -> q5;
	m9 -> q6;
	m9 -> q7;
	m9 -> q8;
	m9 -> q9;
	m10 -> q0;
	m10 -> q1;
	m10 -> q2;
	m10 -> q3;
	m10 -> q4;
	m10 -> q6;
	m10 -> q7;
	m10 -> q8;
	m10 -> q9;
	m11 -> q0;
	m11 -> q1;
	m11 -> q2;
	m11 -> q3;
	m11 -> q4;
	m11 -> q5;
	m11 -> q6;
	m11 -> q7;
	m11 -> q9;
	m12 -> q1;
	m12 -> q3;
	m12 -> q5;
	m12 -> q6;
	m12 -> q8;
	m12 -> q9;
}
AFA size: 10 states

AL** output after 11 EQ and 1478 MQ:
digraph finite_state_machine {
	rankdir=LR;
	node [shape = circle];
	s0 [shape = point, style = invis, start="true" ];
	s1 [shape = point, style = invis, start="true" ];
	q0 [label = "q0", shape = doublecircle, final="true" ];
	q1 [label = "q1", shape = doublecircle, final="true" ];
	q2 [label = "q2", shape = doublecircle, final="true" ];
	q3 [label = "q3"];
	q4 [label = "q4"];
	q5 [label = "q5"];
	q6 [label = "q6"];
	q7 [label = "q7", shape = doublecircle, final="true" ];
	q8 [label = "q8"];
	q9 [label = "q9"];
	m0 [label = "", shape = square, style = filled, color=grey, fixedsize=true, width=.2];
	m1 [label = "", shape = square, style = filled, color=grey, fixedsize=true, width=.2];
	m2 [label = "", shape = square, style = filled, color=grey, fixedsize=true, width=.2];
	m3 [label = "", shape = square, style = filled, color=grey, fixedsize=true, width=.2];
	m4 [label = "", shape = square, style = filled, color=grey, fixedsize=true, width=.2];
	m5 [label = "", shape = square, style = filled, color=grey, fixedsize=true, width=.2];
	m6 [label = "", shape = square, style = filled, color=grey, fixedsize=true, width=.2];
	m7 [label = "", shape = square, style = filled, color=grey, fixedsize=true, width=.2];
	m8 [label = "", shape = square, style = filled, color=grey, fixedsize=true, width=.2];
	m9 [label = "", shape = square, style = filled, color=grey, fixedsize=true, width=.2];
	m10 [label = "", shape = square, style = filled, color=grey, fixedsize=true, width=.2];
	m11 [label = "", shape = square, style = filled, color=grey, fixedsize=true, width=.2];
	m12 [label = "", shape = square, style = filled, color=grey, fixedsize=true, width=.2];
	s0 -> m0
	s1 -> m1
	q9 -> m6 [label = "b"];
	q9 -> m0 [label = "a"];
	q9 -> m8 [label = "a"];
	q1 -> m0 [label = "c"];
	q7 -> m4 [label = "b, c"];
	q6 -> m3 [label = "b, c"];
	q1 -> m4 [label = "a, b, c"];
	q5 -> m2 [label = "c"];
	q1 -> m2 [label = "c"];
	q1 -> m3 [label = "a, b, c"];
	q9 -> m3 [label = "b, c"];
	q6 -> m2 [label = "a"];
	q2 -> m4 [label = "b, c"];
	q7 -> m6 [label = "b"];
	q5 -> m1 [label = "a"];
	q3 -> m2 [label = "a, c"];
	q0 -> m10 [label = "a"];
	q8 -> m2 [label = "a"];
	q4 -> m7 [label = "b"];
	q4 -> m3 [label = "a, b, c"];
	q8 -> m3 [label = "a, b"];
	q8 -> m1 [label = "a"];
	q2 -> m0 [label = "a, c"];
	q6 -> m0 [label = "a"];
	q2 -> m8 [label = "a"];
	q9 -> m2 [label = "c"];
	q5 -> m3 [label = "a, b, c"];
	q3 -> m3 [label = "b, c"];
	q6 -> m8 [label = "a, b"];
	q9 -> m4 [label = "a, b, c"];
	q3 -> m4 [label = "a, b, c"];
	q7 -> m5 [label = "a"];
	q7 -> m3 [label = "b, c"];
	q8 -> m4 [label = "c"];
	q5 -> m4 [label = "a, b"];
	q7 -> m0 [label = "a, c"];
	q0 -> m0 [label = "a, c"];
	q2 -> m3 [label = "a, b, c"];
	q8 -> m0 [label = "c"];
	q3 -> m0 [label = "a"];
	q0 -> m12 [label = "a"];
	q3 -> m8 [label = "b"];
	q9 -> m1 [label = "c"];
	q0 -> m11 [label = "a"];
	q3 -> m6 [label = "b"];
	q1 -> m1 [label = "a"];
	q1 -> m9 [label = "a"];
	q5 -> m0 [label = "c"];
	q4 -> m8 [label = "a"];
	q4 -> m0 [label = "a, c"];
	q0 -> m3 [label = "b, c"];
	q2 -> m1 [label = "a, c"];
	q0 -> m4 [label = "b, c"];
	q6 -> m6 [label = "b"];
	q6 -> m4 [label = "c"];
	q4 -> m1 [label = "a, c"];
	q0 -> m6 [label = "b"];
	q6 -> m1 [label = "c"];
	q8 -> m8 [label = "b"];
	q4 -> m6 [label = "b"];
	q6 -> m9 [label = "c"];
	q4 -> m4 [label = "c"];
	q8 -> m7 [label = "b"];
	m0 -> q1;
	m0 -> q2;
	m0 -> q4;
	m0 -> q5;
	m0 -> q8;
	m1 -> q3;
	m1 -> q6;
	m1 -> q8;
	m2 -> q2;
	m2 -> q4;
	m2 -> q6;
	m2 -> q9;
	m3 -> q0;
	m3 -> q3;
	m3 -> q4;
	m3 -> q6;
	m3 -> q7;
	m3 -> q9;
	m4 -> q1;
	m4 -> q3;
	m4 -> q5;
	m4 -> q9;
	m5 -> q0;
	m5 -> q2;
	m5 -> q3;
	m5 -> q4;
	m5 -> q6;
	m5 -> q7;
	m5 -> q9;
	m6 -> q1;
	m6 -> q2;
	m6 -> q3;
	m6 -> q4;
	m6 -> q5;
	m6 -> q6;
	m6 -> q7;
	m6 -> q8;
	m7 -> q0;
	m7 -> q1;
	m7 -> q2;
	m7 -> q3;
	m7 -> q4;
	m7 -> q5;
	m7 -> q8;
	m7 -> q9;
	m8 -> q0;
	m8 -> q1;
	m8 -> q2;
	m8 -> q7;
	m9 -> q0;
	m9 -> q1;
	m9 -> q2;
	m9 -> q4;
	m9 -> q5;
	m9 -> q6;
	m9 -> q7;
	m9 -> q8;
	m9 -> q9;
	m10 -> q0;
	m10 -> q1;
	m10 -> q2;
	m10 -> q3;
	m10 -> q4;
	m10 -> q6;
	m10 -> q7;
	m10 -> q8;
	m10 -> q9;
	m11 -> q0;
	m11 -> q1;
	m11 -> q2;
	m11 -> q3;
	m11 -> q4;
	m11 -> q5;
	m11 -> q6;
	m11 -> q7;
	m11 -> q9;
	m12 -> q1;
	m12 -> q3;
	m12 -> q5;
	m12 -> q6;
	m12 -> q8;
	m12 -> q9;
}
RAFA size: 10 states

