Random target AFA:
digraph finite_state_machine {
	rankdir=LR;
	node [shape = circle];
	s0 [shape = point, style = invis, start="true" ];
	s1 [shape = point, style = invis, start="true" ];
	q0 [label = "q0"];
	q1 [label = "q1"];
	q2 [label = "q2", shape = doublecircle, final="true" ];
	q3 [label = "q3"];
	q4 [label = "q4"];
	q5 [label = "q5"];
	m0 [label = "", shape = square, style = filled, color=grey, fixedsize=true, width=.2];
	m1 [label = "", shape = square, style = filled, color=grey, fixedsize=true, width=.2];
	m2 [label = "", shape = square, style = filled, color=grey, fixedsize=true, width=.2];
	m3 [label = "", shape = square, style = filled, color=grey, fixedsize=true, width=.2];
	s0 -> q2
	s1 -> q1
	q3 -> q5 [label = "c"];
	q5 -> m3 [label = "b"];
	q4 -> q5 [label = "b"];
	q1 -> q3 [label = "c"];
	q2 -> q2 [label = "c"];
	q5 -> q0 [label = "a"];
	q3 -> q3 [label = "a"];
	q3 -> q4 [label = "b"];
	q5 -> q4 [label = "a, b, c"];
	q4 -> q3 [label = "c"];
	q3 -> q2 [label = "a, b"];
	q4 -> q0 [label = "c"];
	q1 -> q1 [label = "b"];
	q0 -> q3 [label = "a, b"];
	q2 -> q4 [label = "a, b"];
	q0 -> q1 [label = "a"];
	q2 -> m0 [label = "b"];
	q5 -> m2 [label = "c"];
	q0 -> q4 [label = "b"];
	q2 -> q3 [label = "a, c"];
	q1 -> q5 [label = "a, c"];
	q0 -> m1 [label = "c"];
	q4 -> q1 [label = "a"];
	q1 -> q4 [label = "a, b"];
	q4 -> m1 [label = "a"];
	q0 -> q5 [label = "c"];
	m0 -> q1;
	m0 -> q5;
	m1 -> q0;
	m1 -> q2;
	m2 -> q3;
	m2 -> q4;
	m3 -> q1;
	m3 -> q4;
}

L* output after 5 EQ and 1745 MQ:
digraph finite_state_machine {
	rankdir=LR;
	node [shape = circle];
	s0 [shape = point, style = invis, start="true" ];
	q0 [label = "q0", shape = doublecircle, final="true" ];
	q1 [label = "q1"];
	q2 [label = "q2", shape = doublecircle, final="true" ];
	q3 [label = "q3", shape = doublecircle, final="true" ];
	q4 [label = "q4"];
	q5 [label = "q5"];
	q6 [label = "q6", shape = doublecircle, final="true" ];
	q7 [label = "q7"];
	q8 [label = "q8"];
	q9 [label = "q9"];
	q10 [label = "q10"];
	q11 [label = "q11", shape = doublecircle, final="true" ];
	q12 [label = "q12"];
	q13 [label = "q13"];
	q14 [label = "q14", shape = doublecircle, final="true" ];
	q15 [label = "q15", shape = doublecircle, final="true" ];
	q16 [label = "q16"];
	q17 [label = "q17"];
	q18 [label = "q18", shape = doublecircle, final="true" ];
	q19 [label = "q19", shape = doublecircle, final="true" ];
	q20 [label = "q20", shape = doublecircle, final="true" ];
	q21 [label = "q21", shape = doublecircle, final="true" ];
	q22 [label = "q22", shape = doublecircle, final="true" ];
	q23 [label = "q23"];
	q24 [label = "q24"];
	q25 [label = "q25", shape = doublecircle, final="true" ];
	q26 [label = "q26"];
	q27 [label = "q27"];
	q28 [label = "q28", shape = doublecircle, final="true" ];
	q29 [label = "q29"];
	q30 [label = "q30", shape = doublecircle, final="true" ];
	q31 [label = "q31", shape = doublecircle, final="true" ];
	q32 [label = "q32", shape = doublecircle, final="true" ];
	q33 [label = "q33", shape = doublecircle, final="true" ];
	q34 [label = "q34"];
	s0 -> q18
	q18 -> q15 [label = "c"];
	q20 -> q11 [label = "b"];
	q17 -> q13 [label = "c"];
	q19 -> q29 [label = "a"];
	q17 -> q11 [label = "b"];
	q23 -> q13 [label = "c"];
	q21 -> q32 [label = "a"];
	q20 -> q14 [label = "a"];
	q16 -> q10 [label = "b"];
	q23 -> q21 [label = "b"];
	q18 -> q16 [label = "b"];
	q13 -> q20 [label = "b"];
	q18 -> q17 [label = "a"];
	q11 -> q6 [label = "c"];
	q12 -> q10 [label = "b"];
	q15 -> q19 [label = "b"];
	q13 -> q14 [label = "a"];
	q9 -> q26 [label = "c"];
	q3 -> q20 [label = "c"];
	q5 -> q20 [label = "b"];
	q2 -> q15 [label = "c"];
	q10 -> q13 [label = "c"];
	q4 -> q20 [label = "b"];
	q16 -> q12 [label = "a"];
	q15 -> q6 [label = "a"];
	q6 -> q28 [label = "a"];
	q22 -> q14 [label = "a"];
	q22 -> q20 [label = "c"];
	q1 -> q17 [label = "c"];
	q5 -> q2 [label = "a"];
	q7 -> q27 [label = "b"];
	q3 -> q14 [label = "a"];
	q1 -> q25 [label = "b"];
	q3 -> q19 [label = "b"];
	q24 -> q24 [label = "b"];
	q22 -> q25 [label = "b"];
	q24 -> q5 [label = "c"];
	q27 -> q33 [label = "b"];
	q4 -> q1 [label = "c"];
	q7 -> q23 [label = "a"];
	q29 -> q21 [label = "a"];
	q26 -> q4 [label = "c"];
	q20 -> q31 [label = "c"];
	q28 -> q21 [label = "a"];
	q0 -> q27 [label = "a"];
	q11 -> q24 [label = "b"];
	q2 -> q0 [label = "b"];
	q34 -> q9 [label = "c"];
	q28 -> q33 [label = "b"];
	q33 -> q10 [label = "b"];
	q10 -> q7 [label = "a"];
	q31 -> q20 [label = "b"];
	q25 -> q22 [label = "c"];
	q26 -> q8 [label = "a"];
	q33 -> q31 [label = "c"];
	q6 -> q20 [label = "b"];
	q27 -> q32 [label = "a"];
	q33 -> q23 [label = "a"];
	q0 -> q10 [label = "b"];
	q25 -> q28 [label = "a"];
	q29 -> q33 [label = "b"];
	q7 -> q13 [label = "c"];
	q1 -> q14 [label = "a"];
	q32 -> q21 [label = "b"];
	q32 -> q31 [label = "c"];
	q30 -> q3 [label = "c"];
	q29 -> q9 [label = "c"];
	q31 -> q31 [label = "c"];
	q32 -> q32 [label = "a"];
	q8 -> q21 [label = "a, b"];
	q31 -> q14 [label = "a"];
	q27 -> q13 [label = "c"];
	q16 -> q9 [label = "c"];
	q30 -> q28 [label = "a"];
	q12 -> q13 [label = "c"];
	q26 -> q24 [label = "b"];
	q15 -> q20 [label = "c"];
	q24 -> q34 [label = "a"];
	q17 -> q14 [label = "a"];
	q34 -> q27 [label = "a, b"];
	q23 -> q32 [label = "a"];
	q21 -> q33 [label = "b"];
	q19 -> q30 [label = "c"];
	q11 -> q8 [label = "a"];
	q19 -> q24 [label = "b"];
	q9 -> q14 [label = "a"];
	q13 -> q13 [label = "c"];
	q8 -> q9 [label = "c"];
	q28 -> q22 [label = "c"];
	q12 -> q23 [label = "a"];
	q25 -> q11 [label = "b"];
	q9 -> q25 [label = "b"];
	q14 -> q21 [label = "a, b"];
	q5 -> q9 [label = "c"];
	q30 -> q25 [label = "b"];
	q4 -> q28 [label = "a"];
	q10 -> q10 [label = "b"];
	q2 -> q20 [label = "a"];
	q21 -> q31 [label = "c"];
	q6 -> q22 [label = "c"];
	q14 -> q22 [label = "c"];
	q0 -> q22 [label = "c"];
}
DFA size: 35 states

NL* output after 7 EQ and 1305 MQ:
digraph finite_state_machine {
	rankdir=LR;
	node [shape = circle];
	s0 [shape = point, style = invis, start="true" ];
	q0 [label = "q0", shape = doublecircle, final="true" ];
	q1 [label = "q1"];
	q2 [label = "q2", shape = doublecircle, final="true" ];
	q3 [label = "q3"];
	q4 [label = "q4"];
	q5 [label = "q5", shape = doublecircle, final="true" ];
	q6 [label = "q6"];
	q7 [label = "q7"];
	q8 [label = "q8"];
	q9 [label = "q9", shape = doublecircle, final="true" ];
	q10 [label = "q10", shape = doublecircle, final="true" ];
	q11 [label = "q11"];
	q12 [label = "q12"];
	q13 [label = "q13"];
	q14 [label = "q14", shape = doublecircle, final="true" ];
	q15 [label = "q15", shape = doublecircle, final="true" ];
	q16 [label = "q16"];
	s0 -> q10
	q9 -> q8 [label = "b"];
	q11 -> q14 [label = "a"];
	q11 -> q12 [label = "a"];
	q11 -> q6 [label = "a"];
	q11 -> q5 [label = "a"];
	q11 -> q4 [label = "a"];
	q15 -> q16 [label = "c"];
	q15 -> q8 [label = "c"];
	q15 -> q2 [label = "c"];
	q9 -> q6 [label = "a"];
	q13 -> q8 [label = "c"];
	q12 -> q16 [label = "a"];
	q14 -> q8 [label = "b"];
	q8 -> q8 [label = "b"];
	q14 -> q15 [label = "c"];
	q14 -> q5 [label = "c"];
	q14 -> q3 [label = "c"];
	q4 -> q8 [label = "a, b"];
	q15 -> q15 [label = "c"];
	q4 -> q6 [label = "a, b"];
	q1 -> q10 [label = "a"];
	q2 -> q15 [label = "c"];
	q8 -> q1 [label = "c"];
	q2 -> q8 [label = "c"];
	q13 -> q6 [label = "a"];
	q7 -> q0 [label = "a"];
	q5 -> q9 [label = "a, b"];
	q7 -> q6 [label = "a"];
	q8 -> q12 [label = "a"];
	q5 -> q6 [label = "a"];
	q3 -> q11 [label = "c"];
	q11 -> q10 [label = "a"];
	q7 -> q2 [label = "b"];
	q9 -> q5 [label = "c"];
	q6 -> q10 [label = "a, b"];
	q13 -> q1 [label = "a"];
	q13 -> q4 [label = "a"];
	q11 -> q0 [label = "a"];
	q5 -> q10 [label = "a"];
	q13 -> q0 [label = "a"];
	q6 -> q8 [label = "a, b"];
	q13 -> q10 [label = "a"];
	q0 -> q8 [label = "a"];
	q3 -> q9 [label = "a, b"];
	q7 -> q14 [label = "a, b"];
	q15 -> q7 [label = "a"];
	q15 -> q5 [label = "a"];
	q11 -> q7 [label = "a, c"];
	q16 -> q4 [label = "a"];
	q15 -> q9 [label = "a, b, c"];
	q16 -> q12 [label = "a"];
	q16 -> q6 [label = "a"];
	q10 -> q8 [label = "a"];
	q2 -> q5 [label = "a"];
	q2 -> q11 [label = "c"];
	q16 -> q8 [label = "b"];
	q1 -> q15 [label = "b"];
	q7 -> q3 [label = "c"];
	q1 -> q0 [label = "a"];
	q7 -> q12 [label = "a"];
	q10 -> q11 [label = "a"];
	q13 -> q12 [label = "a"];
	q13 -> q14 [label = "a, b"];
	q15 -> q14 [label = "a, c"];
	q13 -> q16 [label = "c"];
	q12 -> q13 [label = "c"];
	q16 -> q7 [label = "c"];
	q11 -> q11 [label = "c"];
	q6 -> q2 [label = "a"];
	q11 -> q13 [label = "c"];
	q11 -> q8 [label = "b, c"];
	q11 -> q16 [label = "b, c"];
	q1 -> q8 [label = "b"];
	q14 -> q0 [label = "a"];
	q3 -> q16 [label = "c"];
	q2 -> q2 [label = "c"];
	q4 -> q11 [label = "a, b"];
	q14 -> q2 [label = "c"];
	q2 -> q16 [label = "c"];
	q1 -> q2 [label = "b"];
	q14 -> q12 [label = "a"];
	q5 -> q14 [label = "a, b"];
	q13 -> q7 [label = "a"];
	q14 -> q13 [label = "c"];
	q14 -> q14 [label = "a"];
	q12 -> q12 [label = "a, b"];
	q2 -> q14 [label = "a, c"];
	q7 -> q13 [label = "c"];
	q4 -> q12 [label = "a, b"];
	q9 -> q12 [label = "a"];
	q4 -> q16 [label = "a, b"];
	q13 -> q9 [label = "a, b"];
	q6 -> q0 [label = "a"];
	q16 -> q1 [label = "a, c"];
	q6 -> q6 [label = "a"];
	q14 -> q9 [label = "a, b"];
	q3 -> q14 [label = "a, b"];
	q11 -> q1 [label = "a, c"];
	q6 -> q9 [label = "a, b"];
	q1 -> q16 [label = "b"];
	q10 -> q16 [label = "a"];
	q0 -> q11 [label = "a"];
	q3 -> q6 [label = "a"];
	q6 -> q11 [label = "a"];
	q6 -> q14 [label = "a"];
	q6 -> q15 [label = "a"];
	q7 -> q9 [label = "a, b"];
	q5 -> q15 [label = "c"];
	q6 -> q16 [label = "a, b"];
	q1 -> q13 [label = "c"];
	q5 -> q12 [label = "a"];
	q13 -> q5 [label = "a"];
	q7 -> q8 [label = "b"];
	q7 -> q10 [label = "a"];
	q3 -> q7 [label = "a"];
	q7 -> q11 [label = "b"];
	q7 -> q15 [label = "b"];
	q0 -> q16 [label = "a"];
	q7 -> q16 [label = "b"];
	q3 -> q0 [label = "a"];
	q14 -> q16 [label = "b"];
	q3 -> q1 [label = "a"];
	q3 -> q4 [label = "a"];
	q3 -> q5 [label = "a"];
	q3 -> q10 [label = "a"];
	q14 -> q6 [label = "a"];
	q1 -> q9 [label = "b"];
	q6 -> q12 [label = "a, b"];
	q1 -> q11 [label = "b"];
	q5 -> q2 [label = "c"];
	q3 -> q12 [label = "a"];
	q0 -> q15 [label = "a, c"];
	q2 -> q0 [label = "a"];
	q2 -> q9 [label = "a, b, c"];
	q6 -> q13 [label = "c"];
	q5 -> q0 [label = "a"];
	q2 -> q1 [label = "a"];
	q12 -> q8 [label = "a, b"];
	q2 -> q4 [label = "a"];
	q1 -> q14 [label = "b"];
	q2 -> q6 [label = "a"];
	q11 -> q9 [label = "a, b"];
	q3 -> q8 [label = "c"];
	q10 -> q15 [label = "c"];
	q2 -> q7 [label = "a"];
	q11 -> q3 [label = "c"];
	q2 -> q10 [label = "a"];
	q15 -> q11 [label = "c"];
	q2 -> q12 [label = "a"];
	q0 -> q9 [label = "a, b"];
	q15 -> q1 [label = "a"];
	q0 -> q10 [label = "b"];
	q0 -> q2 [label = "a"];
	q0 -> q14 [label = "a"];
	q4 -> q13 [label = "c"];
	q14 -> q10 [label = "a"];
	q0 -> q12 [label = "b"];
	q10 -> q12 [label = "b"];
	q8 -> q4 [label = "a"];
}
NFA size: 17 states

AL* output after 11 EQ and 1421 MQ:
digraph finite_state_machine {
	rankdir=LR;
	node [shape = circle];
	s0 [shape = point, style = invis, start="true" ];
	s1 [shape = point, style = invis, start="true" ];
	q0 [label = "q0"];
	q1 [label = "q1", shape = doublecircle, final="true" ];
	q2 [label = "q2", shape = doublecircle, final="true" ];
	q3 [label = "q3"];
	q4 [label = "q4"];
	q5 [label = "q5"];
	q6 [label = "q6", shape = doublecircle, final="true" ];
	q7 [label = "q7", shape = doublecircle, final="true" ];
	q8 [label = "q8"];
	m0 [label = "", shape = square, style = filled, color=grey, fixedsize=true, width=.2];
	m1 [label = "", shape = square, style = filled, color=grey, fixedsize=true, width=.2];
	m2 [label = "", shape = square, style = filled, color=grey, fixedsize=true, width=.2];
	m3 [label = "", shape = square, style = filled, color=grey, fixedsize=true, width=.2];
	m4 [label = "", shape = square, style = filled, color=grey, fixedsize=true, width=.2];
	m5 [label = "", shape = square, style = filled, color=grey, fixedsize=true, width=.2];
	m6 [label = "", shape = square, style = filled, color=grey, fixedsize=true, width=.2];
	s0 -> m0
	s1 -> m1
	q3 -> m4 [label = "c"];
	q4 -> m3 [label = "b"];
	q5 -> m4 [label = "a"];
	q3 -> m1 [label = "a"];
	q1 -> m1 [label = "b"];
	q7 -> m5 [label = "a, b, c"];
	q7 -> m0 [label = "a, b, c"];
	q3 -> m5 [label = "b"];
	q3 -> m0 [label = "a, b"];
	q2 -> m0 [label = "c"];
	q1 -> m5 [label = "a, b"];
	q1 -> m3 [label = "a, c"];
	q1 -> m2 [label = "a, c"];
	q0 -> m3 [label = "a, b, c"];
	q0 -> m2 [label = "a, b, c"];
	q4 -> m5 [label = "a, b, c"];
	q5 -> m0 [label = "a, b"];
	q2 -> m5 [label = "a, b, c"];
	q4 -> m4 [label = "a, c"];
	q8 -> m6 [label = "a"];
	q0 -> m5 [label = "a, b, c"];
	q8 -> m5 [label = "a, b"];
	q3 -> m3 [label = "b, c"];
	q0 -> m4 [label = "a, c"];
	q5 -> m3 [label = "c"];
	q7 -> m3 [label = "c"];
	q8 -> m4 [label = "c"];
	q5 -> m1 [label = "a"];
	q7 -> m2 [label = "a, c"];
	q3 -> m2 [label = "a, b, c"];
	q8 -> m2 [label = "c"];
	q6 -> m2 [label = "a, c"];
	q2 -> m3 [label = "b"];
	q7 -> m4 [label = "a"];
	q4 -> m2 [label = "c"];
	q6 -> m3 [label = "a, c"];
	q0 -> m1 [label = "a, b"];
	q6 -> m0 [label = "c"];
	q2 -> m2 [label = "a, c"];
	q6 -> m1 [label = "b"];
	q6 -> m5 [label = "a, b"];
	q1 -> m0 [label = "a, b, c"];
	q2 -> m4 [label = "a, c"];
	q8 -> m1 [label = "a, b"];
	q8 -> m3 [label = "a, b, c"];
	q2 -> m1 [label = "a"];
	q4 -> m1 [label = "a"];
	q5 -> m2 [label = "a, b"];
	q5 -> m6 [label = "c"];
	q5 -> m5 [label = "a, b, c"];
	m0 -> q1;
	m0 -> q2;
	m0 -> q6;
	m0 -> q7;
	m1 -> q0;
	m1 -> q1;
	m1 -> q6;
	m1 -> q8;
	m2 -> q1;
	m2 -> q3;
	m2 -> q5;
	m2 -> q7;
	m3 -> q0;
	m3 -> q2;
	m3 -> q4;
	m3 -> q5;
	m3 -> q7;
	m4 -> q0;
	m4 -> q3;
	m4 -> q5;
	m5 -> q0;
	m5 -> q2;
	m5 -> q3;
	m5 -> q4;
	m5 -> q8;
	m6 -> q0;
	m6 -> q1;
	m6 -> q2;
	m6 -> q3;
	m6 -> q5;
	m6 -> q6;
	m6 -> q7;
}
AFA size: 9 states

