Random target AFA:
digraph finite_state_machine {
	rankdir=LR;
	node [shape = circle];
	s0 [shape = point, style = invis, start="true" ];
	s1 [shape = point, style = invis, start="true" ];
	q0 [label = "q0"];
	q1 [label = "q1"];
	q2 [label = "q2"];
	q3 [label = "q3"];
	q4 [label = "q4", shape = doublecircle, final="true" ];
	q5 [label = "q5", shape = doublecircle, final="true" ];
	m0 [label = "", shape = square, style = filled, color=grey, fixedsize=true, width=.2];
	m1 [label = "", shape = square, style = filled, color=grey, fixedsize=true, width=.2];
	m2 [label = "", shape = square, style = filled, color=grey, fixedsize=true, width=.2];
	m3 [label = "", shape = square, style = filled, color=grey, fixedsize=true, width=.2];
	m4 [label = "", shape = square, style = filled, color=grey, fixedsize=true, width=.2];
	m5 [label = "", shape = square, style = filled, color=grey, fixedsize=true, width=.2];
	m6 [label = "", shape = square, style = filled, color=grey, fixedsize=true, width=.2];
	s0 -> q2
	s1 -> q0
	q3 -> m6 [label = "c"];
	q5 -> q3 [label = "c"];
	q0 -> q4 [label = "c"];
	q4 -> q0 [label = "c"];
	q4 -> q2 [label = "a"];
	q1 -> q0 [label = "b"];
	q4 -> q5 [label = "b"];
	q2 -> q1 [label = "a"];
	q2 -> q3 [label = "a"];
	q5 -> q5 [label = "a"];
	q0 -> q1 [label = "b"];
	q2 -> q4 [label = "b, c"];
	q4 -> q1 [label = "a"];
	q0 -> m0 [label = "a"];
	q0 -> m2 [label = "b, c"];
	q1 -> q5 [label = "a, c"];
	q5 -> q4 [label = "c"];
	q1 -> m3 [label = "a"];
	q3 -> q3 [label = "b"];
	q3 -> m4 [label = "b"];
	q1 -> q2 [label = "b"];
	q5 -> q0 [label = "b"];
	q3 -> q0 [label = "a"];
	q1 -> q1 [label = "c"];
	q3 -> q4 [label = "a"];
	q0 -> m1 [label = "a"];
	q5 -> q2 [label = "a"];
	q4 -> q3 [label = "b"];
	q5 -> m1 [label = "b"];
	q3 -> m5 [label = "c"];
	m0 -> q0;
	m0 -> q2;
	m1 -> q2;
	m1 -> q3;
	m2 -> q3;
	m2 -> q5;
	m3 -> q1;
	m3 -> q4;
	m4 -> q0;
	m4 -> q5;
	m5 -> q0;
	m5 -> q1;
	m6 -> q2;
	m6 -> q4;
}

L* output after 10 EQ and 9978 MQ:
digraph finite_state_machine {
	rankdir=LR;
	node [shape = circle];
	s0 [shape = point, style = invis, start="true" ];
	q0 [label = "q0"];
	q1 [label = "q1", shape = doublecircle, final="true" ];
	q2 [label = "q2"];
	q3 [label = "q3", shape = doublecircle, final="true" ];
	q4 [label = "q4", shape = doublecircle, final="true" ];
	q5 [label = "q5", shape = doublecircle, final="true" ];
	q6 [label = "q6", shape = doublecircle, final="true" ];
	q7 [label = "q7", shape = doublecircle, final="true" ];
	q8 [label = "q8", shape = doublecircle, final="true" ];
	q9 [label = "q9", shape = doublecircle, final="true" ];
	q10 [label = "q10", shape = doublecircle, final="true" ];
	q11 [label = "q11", shape = doublecircle, final="true" ];
	q12 [label = "q12", shape = doublecircle, final="true" ];
	q13 [label = "q13", shape = doublecircle, final="true" ];
	q14 [label = "q14", shape = doublecircle, final="true" ];
	q15 [label = "q15", shape = doublecircle, final="true" ];
	q16 [label = "q16", shape = doublecircle, final="true" ];
	q17 [label = "q17", shape = doublecircle, final="true" ];
	q18 [label = "q18"];
	q19 [label = "q19", shape = doublecircle, final="true" ];
	q20 [label = "q20"];
	q21 [label = "q21", shape = doublecircle, final="true" ];
	q22 [label = "q22"];
	q23 [label = "q23", shape = doublecircle, final="true" ];
	q24 [label = "q24", shape = doublecircle, final="true" ];
	q25 [label = "q25", shape = doublecircle, final="true" ];
	q26 [label = "q26", shape = doublecircle, final="true" ];
	q27 [label = "q27", shape = doublecircle, final="true" ];
	q28 [label = "q28"];
	q29 [label = "q29", shape = doublecircle, final="true" ];
	q30 [label = "q30"];
	q31 [label = "q31", shape = doublecircle, final="true" ];
	q32 [label = "q32", shape = doublecircle, final="true" ];
	q33 [label = "q33"];
	q34 [label = "q34", shape = doublecircle, final="true" ];
	q35 [label = "q35"];
	q36 [label = "q36", shape = doublecircle, final="true" ];
	q37 [label = "q37"];
	q38 [label = "q38", shape = doublecircle, final="true" ];
	q39 [label = "q39", shape = doublecircle, final="true" ];
	q40 [label = "q40", shape = doublecircle, final="true" ];
	q41 [label = "q41", shape = doublecircle, final="true" ];
	q42 [label = "q42", shape = doublecircle, final="true" ];
	q43 [label = "q43", shape = doublecircle, final="true" ];
	q44 [label = "q44"];
	q45 [label = "q45", shape = doublecircle, final="true" ];
	q46 [label = "q46", shape = doublecircle, final="true" ];
	q47 [label = "q47", shape = doublecircle, final="true" ];
	q48 [label = "q48", shape = doublecircle, final="true" ];
	q49 [label = "q49", shape = doublecircle, final="true" ];
	q50 [label = "q50", shape = doublecircle, final="true" ];
	q51 [label = "q51", shape = doublecircle, final="true" ];
	q52 [label = "q52"];
	q53 [label = "q53", shape = doublecircle, final="true" ];
	q54 [label = "q54"];
	q55 [label = "q55", shape = doublecircle, final="true" ];
	q56 [label = "q56"];
	q57 [label = "q57", shape = doublecircle, final="true" ];
	q58 [label = "q58", shape = doublecircle, final="true" ];
	q59 [label = "q59", shape = doublecircle, final="true" ];
	q60 [label = "q60", shape = doublecircle, final="true" ];
	q61 [label = "q61", shape = doublecircle, final="true" ];
	q62 [label = "q62", shape = doublecircle, final="true" ];
	q63 [label = "q63", shape = doublecircle, final="true" ];
	q64 [label = "q64"];
	q65 [label = "q65"];
	q66 [label = "q66", shape = doublecircle, final="true" ];
	q67 [label = "q67", shape = doublecircle, final="true" ];
	q68 [label = "q68", shape = doublecircle, final="true" ];
	q69 [label = "q69", shape = doublecircle, final="true" ];
	q70 [label = "q70", shape = doublecircle, final="true" ];
	s0 -> q28
	q47 -> q14 [label = "b"];
	q43 -> q50 [label = "a"];
	q43 -> q40 [label = "b"];
	q45 -> q43 [label = "c"];
	q44 -> q68 [label = "a"];
	q46 -> q45 [label = "b"];
	q46 -> q46 [label = "c"];
	q40 -> q48 [label = "a"];
	q42 -> q16 [label = "b"];
	q44 -> q13 [label = "c"];
	q39 -> q47 [label = "a"];
	q38 -> q44 [label = "a"];
	q36 -> q20 [label = "b"];
	q34 -> q42 [label = "c"];
	q39 -> q19 [label = "b"];
	q37 -> q38 [label = "a"];
	q39 -> q43 [label = "c"];
	q35 -> q22 [label = "a"];
	q33 -> q12 [label = "b"];
	q38 -> q46 [label = "c"];
	q34 -> q41 [label = "a"];
	q32 -> q36 [label = "b"];
	q34 -> q37 [label = "b"];
	q32 -> q17 [label = "a"];
	q31 -> q26 [label = "a"];
	q29 -> q40 [label = "b"];
	q27 -> q43 [label = "c"];
	q30 -> q32 [label = "a"];
	q28 -> q29 [label = "b"];
	q32 -> q25 [label = "c"];
	q26 -> q13 [label = "c"];
	q31 -> q34 [label = "b"];
	q25 -> q45 [label = "b"];
	q29 -> q27 [label = "c"];
	q25 -> q58 [label = "a"];
	q33 -> q24 [label = "a"];
	q30 -> q33 [label = "b"];
	q30 -> q13 [label = "c"];
	q26 -> q47 [label = "a"];
	q24 -> q59 [label = "b"];
	q28 -> q31 [label = "c"];
	q24 -> q50 [label = "a"];
	q23 -> q26 [label = "a"];
	q21 -> q2 [label = "b"];
	q11 -> q17 [label = "a"];
	q37 -> q3 [label = "c"];
	q15 -> q1 [label = "c"];
	q12 -> q50 [label = "a"];
	q14 -> q43 [label = "b"];
	q29 -> q39 [label = "a"];
	q10 -> q47 [label = "a"];
	q8 -> q17 [label = "a"];
	q10 -> q24 [label = "b"];
	q12 -> q60 [label = "c"];
	q31 -> q35 [label = "c"];
	q51 -> q54 [label = "b"];
	q69 -> q58 [label = "a"];
	q37 -> q0 [label = "b"];
	q58 -> q47 [label = "a"];
	q53 -> q47 [label = "a"];
	q55 -> q70 [label = "b"];
	q50 -> q62 [label = "c"];
	q52 -> q14 [label = "b"];
	q51 -> q1 [label = "c"];
	q57 -> q48 [label = "a"];
	q56 -> q11 [label = "a"];
	q47 -> q48 [label = "a"];
	q41 -> q47 [label = "a"];
	q60 -> q39 [label = "a"];
	q10 -> q3 [label = "c"];
	q51 -> q53 [label = "a"];
	q13 -> q39 [label = "a"];
	q27 -> q49 [label = "b"];
	q63 -> q60 [label = "c"];
	q52 -> q13 [label = "c"];
	q35 -> q31 [label = "c"];
	q33 -> q23 [label = "c"];
	q5 -> q13 [label = "c"];
	q57 -> q24 [label = "b"];
	q64 -> q9 [label = "b"];
	q18 -> q64 [label = "a"];
	q2 -> q24 [label = "a"];
	q62 -> q62 [label = "c"];
	q67 -> q5 [label = "b"];
	q60 -> q62 [label = "c"];
	q0 -> q32 [label = "a"];
	q18 -> q23 [label = "c"];
	q3 -> q26 [label = "a"];
	q61 -> q43 [label = "c"];
	q68 -> q50 [label = "a"];
	q41 -> q25 [label = "c"];
	q47 -> q43 [label = "c"];
	q9 -> q23 [label = "c"];
	q65 -> q7 [label = "b"];
	q12 -> q40 [label = "b"];
	q65 -> q3 [label = "c"];
	q40 -> q42 [label = "c"];
	q48 -> q62 [label = "c"];
	q1 -> q46 [label = "c"];
	q36 -> q41 [label = "a"];
	q59 -> q48 [label = "a"];
	q18 -> q12 [label = "b"];
	q70 -> q50 [label = "a"];
	q66 -> q46 [label = "c"];
	q21 -> q61 [label = "c"];
	q63 -> q48 [label = "a, b"];
	q45 -> q41 [label = "a"];
	q56 -> q57 [label = "b"];
	q58 -> q60 [label = "c"];
	q7 -> q57 [label = "b"];
	q46 -> q26 [label = "a"];
	q59 -> q63 [label = "b"];
	q7 -> q13 [label = "c"];
	q36 -> q43 [label = "c"];
	q49 -> q47 [label = "a"];
	q67 -> q26 [label = "a"];
	q58 -> q48 [label = "b"];
	q64 -> q13 [label = "c"];
	q67 -> q23 [label = "c"];
	q68 -> q9 [label = "b"];
	q60 -> q59 [label = "b"];
	q69 -> q6 [label = "b"];
	q4 -> q63 [label = "b"];
	q70 -> q43 [label = "c"];
	q66 -> q44 [label = "a"];
	q6 -> q57 [label = "b"];
	q66 -> q6 [label = "b"];
	q53 -> q69 [label = "b"];
	q19 -> q43 [label = "b"];
	q55 -> q17 [label = "a"];
	q56 -> q13 [label = "c"];
	q48 -> q48 [label = "a, b"];
	q1 -> q16 [label = "b"];
	q64 -> q11 [label = "a"];
	q22 -> q51 [label = "a"];
	q55 -> q46 [label = "c"];
	q61 -> q10 [label = "b"];
	q17 -> q43 [label = "c"];
	q25 -> q46 [label = "c"];
	q70 -> q4 [label = "b"];
	q1 -> q58 [label = "a"];
	q54 -> q55 [label = "a"];
	q26 -> q19 [label = "b"];
	q6 -> q50 [label = "a"];
	q8 -> q59 [label = "b"];
	q61 -> q39 [label = "a"];
	q57 -> q3 [label = "c"];
	q24 -> q60 [label = "c"];
	q52 -> q62 [label = "a"];
	q16 -> q42 [label = "c"];
	q50 -> q47 [label = "a"];
	q28 -> q30 [label = "a"];
	q13 -> q40 [label = "b"];
	q19 -> q46 [label = "c"];
	q50 -> q48 [label = "b"];
	q59 -> q43 [label = "c"];
	q45 -> q2 [label = "b"];
	q42 -> q67 [label = "c"];
	q20 -> q63 [label = "b"];
	q65 -> q8 [label = "a"];
	q43 -> q62 [label = "c"];
	q15 -> q47 [label = "a"];
	q21 -> q15 [label = "a"];
	q13 -> q62 [label = "c"];
	q44 -> q14 [label = "b"];
	q23 -> q16 [label = "b"];
	q9 -> q12 [label = "b"];
	q19 -> q52 [label = "a"];
	q27 -> q39 [label = "a"];
	q53 -> q1 [label = "c"];
	q20 -> q62 [label = "a"];
	q38 -> q45 [label = "b"];
	q62 -> q59 [label = "b"];
	q20 -> q13 [label = "c"];
	q9 -> q63 [label = "a"];
	q23 -> q46 [label = "c"];
	q2 -> q3 [label = "c"];
	q17 -> q47 [label = "a"];
	q16 -> q41 [label = "a"];
	q8 -> q60 [label = "c"];
	q5 -> q53 [label = "a"];
	q54 -> q3 [label = "c"];
	q22 -> q18 [label = "b"];
	q54 -> q56 [label = "b"];
	q16 -> q65 [label = "b"];
	q62 -> q50 [label = "a"];
	q22 -> q13 [label = "c"];
	q69 -> q46 [label = "c"];
	q11 -> q62 [label = "c"];
	q14 -> q63 [label = "a"];
	q17 -> q14 [label = "b"];
	q15 -> q66 [label = "b"];
	q40 -> q24 [label = "b"];
	q49 -> q63 [label = "b"];
	q3 -> q67 [label = "c"];
	q35 -> q21 [label = "b"];
	q49 -> q13 [label = "c"];
	q5 -> q2 [label = "b"];
	q7 -> q50 [label = "a"];
	q41 -> q62 [label = "b"];
	q3 -> q16 [label = "b"];
	q11 -> q59 [label = "b"];
	q4 -> q48 [label = "a"];
	q42 -> q58 [label = "a"];
	q0 -> q13 [label = "c"];
	q0 -> q2 [label = "b"];
	q14 -> q46 [label = "c"];
	q6 -> q43 [label = "c"];
	q68 -> q43 [label = "c"];
	q2 -> q12 [label = "b"];
	q4 -> q13 [label = "c"];
}
DFA size: 71 states

NL* output after 13 EQ and 5337 MQ:
digraph finite_state_machine {
	rankdir=LR;
	node [shape = circle];
	s0 [shape = point, style = invis, start="true" ];
	s1 [shape = point, style = invis, start="true" ];
	q0 [label = "q0", shape = doublecircle, final="true" ];
	q1 [label = "q1"];
	q2 [label = "q2"];
	q3 [label = "q3", shape = doublecircle, final="true" ];
	q4 [label = "q4", shape = doublecircle, final="true" ];
	q5 [label = "q5"];
	q6 [label = "q6"];
	q7 [label = "q7", shape = doublecircle, final="true" ];
	q8 [label = "q8"];
	q9 [label = "q9", shape = doublecircle, final="true" ];
	q10 [label = "q10"];
	q11 [label = "q11", shape = doublecircle, final="true" ];
	q12 [label = "q12", shape = doublecircle, final="true" ];
	q13 [label = "q13"];
	q14 [label = "q14", shape = doublecircle, final="true" ];
	q15 [label = "q15"];
	q16 [label = "q16", shape = doublecircle, final="true" ];
	q17 [label = "q17"];
	q18 [label = "q18", shape = doublecircle, final="true" ];
	q19 [label = "q19", shape = doublecircle, final="true" ];
	q20 [label = "q20", shape = doublecircle, final="true" ];
	q21 [label = "q21", shape = doublecircle, final="true" ];
	q22 [label = "q22", shape = doublecircle, final="true" ];
	q23 [label = "q23"];
	q24 [label = "q24", shape = doublecircle, final="true" ];
	q25 [label = "q25", shape = doublecircle, final="true" ];
	q26 [label = "q26", shape = doublecircle, final="true" ];
	s0 -> q8
	s1 -> q13
	q18 -> q22 [label = "c"];
	q18 -> q21 [label = "c"];
	q18 -> q12 [label = "c"];
	q20 -> q0 [label = "b"];
	q22 -> q18 [label = "a"];
	q21 -> q18 [label = "a"];
	q23 -> q17 [label = "b"];
	q23 -> q10 [label = "b"];
	q19 -> q18 [label = "a"];
	q19 -> q15 [label = "a"];
	q19 -> q12 [label = "a"];
	q19 -> q9 [label = "a"];
	q19 -> q6 [label = "a"];
	q19 -> q5 [label = "a"];
	q17 -> q2 [label = "b"];
	q19 -> q3 [label = "b"];
	q17 -> q25 [label = "a"];
	q17 -> q24 [label = "a"];
	q17 -> q9 [label = "a"];
	q17 -> q8 [label = "a"];
	q17 -> q7 [label = "a, c"];
	q21 -> q22 [label = "c"];
	q21 -> q19 [label = "c"];
	q19 -> q4 [label = "a"];
	q21 -> q7 [label = "c"];
	q21 -> q4 [label = "c"];
	q21 -> q2 [label = "c"];
	q19 -> q0 [label = "a"];
	q21 -> q0 [label = "c"];
	q16 -> q22 [label = "c"];
	q16 -> q7 [label = "c"];
	q22 -> q11 [label = "b"];
	q18 -> q23 [label = "a"];
	q18 -> q18 [label = "a"];
	q18 -> q16 [label = "a"];
	q18 -> q14 [label = "a"];
	q18 -> q11 [label = "a"];
	q18 -> q5 [label = "a"];
	q18 -> q4 [label = "a, c"];
	q18 -> q1 [label = "a"];
	q18 -> q3 [label = "a"];
	q18 -> q0 [label = "a"];
	q16 -> q9 [label = "b"];
	q16 -> q8 [label = "b"];
	q22 -> q22 [label = "c"];
	q21 -> q3 [label = "c"];
	q22 -> q20 [label = "c"];
	q22 -> q12 [label = "c"];
	q23 -> q13 [label = "b"];
	q2 -> q26 [label = "b"];
	q16 -> q19 [label = "c"];
	q2 -> q8 [label = "a, b"];
	q2 -> q10 [label = "b"];
	q16 -> q12 [label = "c"];
	q0 -> q14 [label = "a"];
	q4 -> q21 [label = "c"];
	q8 -> q5 [label = "a"];
	q0 -> q10 [label = "b"];
	q15 -> q1 [label = "a, b"];
	q14 -> q19 [label = "c"];
	q2 -> q0 [label = "a"];
	q14 -> q7 [label = "c"];
	q11 -> q25 [label = "a"];
	q26 -> q2 [label = "b"];
	q20 -> q18 [label = "a"];
	q2 -> q5 [label = "a"];
	q5 -> q21 [label = "c"];
	q6 -> q5 [label = "a"];
	q14 -> q10 [label = "b"];
	q8 -> q12 [label = "c"];
	q22 -> q3 [label = "b"];
	q23 -> q22 [label = "a, c"];
	q12 -> q11 [label = "b"];
	q13 -> q12 [label = "b, c"];
	q11 -> q10 [label = "b"];
	q21 -> q8 [label = "b"];
	q25 -> q11 [label = "b"];
	q9 -> q6 [label = "a"];
	q11 -> q24 [label = "a"];
	q10 -> q8 [label = "a"];
	q9 -> q22 [label = "c"];
	q11 -> q22 [label = "a"];
	q11 -> q14 [label = "a"];
	q18 -> q7 [label = "c"];
	q6 -> q4 [label = "a, c"];
	q0 -> q16 [label = "a"];
	q17 -> q12 [label = "a, c"];
	q11 -> q12 [label = "a, c"];
	q11 -> q8 [label = "a"];
	q11 -> q16 [label = "a"];
	q25 -> q16 [label = "a"];
	q23 -> q7 [label = "a, c"];
	q15 -> q12 [label = "b, c"];
	q20 -> q12 [label = "c"];
	q9 -> q4 [label = "b"];
	q23 -> q8 [label = "a, b"];
	q10 -> q9 [label = "a"];
	q25 -> q10 [label = "b"];
	q15 -> q19 [label = "b"];
	q9 -> q1 [label = "b"];
	q22 -> q5 [label = "a"];
	q24 -> q7 [label = "c"];
	q2 -> q17 [label = "b"];
	q4 -> q10 [label = "b"];
	q11 -> q9 [label = "a"];
	q25 -> q18 [label = "a"];
	q3 -> q8 [label = "a, b"];
	q20 -> q22 [label = "c"];
	q9 -> q0 [label = "b"];
	q19 -> q20 [label = "a, c"];
	q21 -> q26 [label = "b"];
	q16 -> q4 [label = "a"];
	q23 -> q24 [label = "a"];
	q19 -> q13 [label = "a"];
	q23 -> q14 [label = "a"];
	q26 -> q1 [label = "a, b"];
	q24 -> q8 [label = "c"];
	q25 -> q6 [label = "a"];
	q6 -> q9 [label = "b"];
	q24 -> q20 [label = "c"];
	q12 -> q8 [label = "c"];
	q21 -> q1 [label = "c"];
	q25 -> q3 [label = "b"];
	q2 -> q4 [label = "a, c"];
	q12 -> q5 [label = "a"];
	q11 -> q15 [label = "a"];
	q17 -> q1 [label = "b"];
	q25 -> q23 [label = "b"];
	q25 -> q4 [label = "a, b"];
	q23 -> q15 [label = "b"];
	q21 -> q21 [label = "c"];
	q25 -> q17 [label = "b"];
	q26 -> q7 [label = "b, c"];
	q23 -> q20 [label = "a, b"];
	q23 -> q21 [label = "a, c"];
	q26 -> q14 [label = "a"];
	q14 -> q17 [label = "b"];
	q21 -> q16 [label = "a"];
	q16 -> q6 [label = "a"];
	q25 -> q20 [label = "b, c"];
	q26 -> q24 [label = "b"];
	q26 -> q11 [label = "a"];
	q24 -> q3 [label = "b"];
	q25 -> q22 [label = "c"];
	q1 -> q22 [label = "a, c"];
	q9 -> q3 [label = "b"];
	q25 -> q8 [label = "b, c"];
	q0 -> q13 [label = "b"];
	q13 -> q1 [label = "a"];
	q26 -> q12 [label = "b, c"];
	q13 -> q7 [label = "b"];
	q22 -> q8 [label = "c"];
	q21 -> q13 [label = "b"];
	q24 -> q21 [label = "b"];
	q3 -> q15 [label = "a"];
	q26 -> q6 [label = "a"];
	q25 -> q7 [label = "c"];
	q25 -> q0 [label = "a, b"];
	q19 -> q11 [label = "b"];
	q24 -> q2 [label = "b"];
	q6 -> q11 [label = "a"];
	q25 -> q1 [label = "b"];
	q2 -> q21 [label = "a, c"];
	q11 -> q20 [label = "a"];
	q24 -> q1 [label = "b"];
	q6 -> q12 [label = "b, c"];
	q26 -> q10 [label = "b"];
	q2 -> q24 [label = "a"];
	q6 -> q3 [label = "a"];
	q0 -> q7 [label = "c"];
	q23 -> q4 [label = "a, c"];
	q7 -> q5 [label = "a"];
	q25 -> q5 [label = "a, b"];
	q5 -> q22 [label = "c"];
	q25 -> q14 [label = "a, b"];
	q26 -> q0 [label = "a, b"];
	q15 -> q7 [label = "b, c"];
	q2 -> q13 [label = "b"];
	q26 -> q3 [label = "a"];
	q26 -> q17 [label = "b"];
	q16 -> q16 [label = "a"];
	q21 -> q14 [label = "c"];
	q15 -> q22 [label = "b, c"];
	q26 -> q23 [label = "a, b"];
	q26 -> q16 [label = "a"];
	q11 -> q13 [label = "a"];
	q18 -> q15 [label = "b"];
	q24 -> q0 [label = "b"];
	q24 -> q14 [label = "b"];
	q19 -> q8 [label = "a, c"];
	q15 -> q4 [label = "b"];
	q0 -> q12 [label = "c"];
	q23 -> q25 [label = "a"];
	q16 -> q11 [label = "a"];
	q26 -> q18 [label = "a"];
	q26 -> q8 [label = "b"];
	q26 -> q20 [label = "b"];
	q4 -> q13 [label = "b"];
	q26 -> q9 [label = "b"];
	q24 -> q22 [label = "c"];
	q3 -> q12 [label = "a, c"];
	q24 -> q6 [label = "a"];
	q19 -> q26 [label = "a"];
	q15 -> q2 [label = "b"];
	q10 -> q1 [label = "b"];
	q26 -> q22 [label = "b"];
	q16 -> q1 [label = "a"];
	q26 -> q19 [label = "b"];
	q21 -> q11 [label = "c"];
	q6 -> q7 [label = "b, c"];
	q25 -> q12 [label = "c"];
	q26 -> q25 [label = "b"];
	q18 -> q8 [label = "b"];
	q14 -> q22 [label = "c"];
	q8 -> q4 [label = "b"];
	q24 -> q11 [label = "b"];
	q1 -> q10 [label = "b"];
	q2 -> q22 [label = "a, c"];
	q23 -> q5 [label = "a"];
	q24 -> q4 [label = "b"];
	q24 -> q5 [label = "a"];
	q16 -> q23 [label = "a"];
	q23 -> q0 [label = "a"];
	q23 -> q12 [label = "a, c"];
	q24 -> q12 [label = "c"];
	q6 -> q21 [label = "c"];
	q21 -> q12 [label = "c"];
	q9 -> q20 [label = "c"];
	q18 -> q6 [label = "a"];
	q11 -> q7 [label = "a, c"];
	q6 -> q22 [label = "b, c"];
	q0 -> q8 [label = "b"];
	q0 -> q17 [label = "b"];
	q6 -> q1 [label = "a"];
	q9 -> q14 [label = "b"];
	q9 -> q11 [label = "b"];
	q6 -> q15 [label = "b"];
	q2 -> q9 [label = "a"];
	q25 -> q2 [label = "b"];
	q6 -> q13 [label = "b"];
	q2 -> q14 [label = "a"];
	q3 -> q14 [label = "a"];
	q20 -> q5 [label = "a"];
	q2 -> q25 [label = "a"];
	q19 -> q22 [label = "a"];
	q1 -> q8 [label = "a, b"];
	q6 -> q8 [label = "b"];
	q1 -> q20 [label = "a"];
	q6 -> q10 [label = "b"];
	q6 -> q17 [label = "b"];
	q5 -> q13 [label = "b"];
	q14 -> q12 [label = "c"];
	q10 -> q7 [label = "c"];
	q11 -> q19 [label = "c"];
	q15 -> q23 [label = "a"];
	q6 -> q19 [label = "b"];
	q6 -> q20 [label = "b"];
	q5 -> q12 [label = "c"];
	q3 -> q13 [label = "a"];
	q0 -> q4 [label = "c"];
	q0 -> q21 [label = "c"];
	q19 -> q25 [label = "a"];
	q0 -> q22 [label = "c"];
	q17 -> q22 [label = "a"];
	q25 -> q21 [label = "b"];
	q4 -> q16 [label = "a"];
	q9 -> q12 [label = "c"];
	q5 -> q4 [label = "c"];
	q3 -> q17 [label = "b"];
	q5 -> q7 [label = "c"];
	q16 -> q3 [label = "a"];
	q1 -> q9 [label = "a"];
	q9 -> q5 [label = "a"];
	q7 -> q18 [label = "a"];
	q17 -> q20 [label = "a"];
	q1 -> q12 [label = "a, c"];
	q16 -> q18 [label = "a"];
	q3 -> q26 [label = "a"];
	q1 -> q14 [label = "a"];
	q21 -> q5 [label = "a"];
	q3 -> q10 [label = "b"];
	q7 -> q8 [label = "c"];
	q16 -> q24 [label = "b"];
	q13 -> q5 [label = "a"];
	q7 -> q20 [label = "c"];
	q1 -> q21 [label = "c"];
	q26 -> q5 [label = "a, b"];
	q1 -> q13 [label = "b"];
	q1 -> q7 [label = "a, c"];
	q1 -> q17 [label = "b"];
	q3 -> q7 [label = "a, c"];
	q7 -> q11 [label = "b"];
	q6 -> q24 [label = "b"];
	q3 -> q9 [label = "a"];
	q3 -> q16 [label = "a"];
	q3 -> q20 [label = "a"];
	q11 -> q26 [label = "a"];
	q3 -> q22 [label = "a"];
	q9 -> q7 [label = "c"];
	q19 -> q7 [label = "a"];
	q26 -> q4 [label = "a, b"];
	q15 -> q5 [label = "a"];
	q3 -> q25 [label = "a"];
	q7 -> q3 [label = "b"];
	q5 -> q14 [label = "a"];
	q23 -> q9 [label = "a"];
	q1 -> q4 [label = "c"];
	q6 -> q14 [label = "a"];
	q19 -> q24 [label = "a"];
	q18 -> q13 [label = "b"];
	q2 -> q20 [label = "a"];
	q6 -> q0 [label = "a"];
	q6 -> q23 [label = "a"];
	q4 -> q8 [label = "b"];
	q4 -> q17 [label = "b"];
	q2 -> q12 [label = "a, c"];
	q3 -> q24 [label = "a"];
	q5 -> q8 [label = "b"];
	q5 -> q15 [label = "b"];
	q3 -> q19 [label = "c"];
	q9 -> q8 [label = "c"];
	q2 -> q7 [label = "a, c"];
	q15 -> q0 [label = "b"];
	q10 -> q12 [label = "c"];
	q12 -> q18 [label = "a"];
	q14 -> q14 [label = "a"];
	q14 -> q16 [label = "a"];
	q13 -> q4 [label = "b"];
	q20 -> q7 [label = "c"];
	q16 -> q0 [label = "a"];
	q16 -> q5 [label = "a"];
	q20 -> q4 [label = "b"];
	q16 -> q14 [label = "a"];
	q18 -> q9 [label = "b"];
	q18 -> q24 [label = "b"];
	q22 -> q7 [label = "c"];
}
NFA size: 27 states

AL* output after 15 EQ and 1883 MQ:
digraph finite_state_machine {
	rankdir=LR;
	node [shape = circle];
	s0 [shape = point, style = invis, start="true" ];
	s1 [shape = point, style = invis, start="true" ];
	q0 [label = "q0", shape = doublecircle, final="true" ];
	q1 [label = "q1", shape = doublecircle, final="true" ];
	q2 [label = "q2", shape = doublecircle, final="true" ];
	q3 [label = "q3", shape = doublecircle, final="true" ];
	q4 [label = "q4", shape = doublecircle, final="true" ];
	q5 [label = "q5"];
	q6 [label = "q6", shape = doublecircle, final="true" ];
	q7 [label = "q7"];
	q8 [label = "q8"];
	q9 [label = "q9", shape = doublecircle, final="true" ];
	q10 [label = "q10"];
	m0 [label = "", shape = square, style = filled, color=grey, fixedsize=true, width=.2];
	m1 [label = "", shape = square, style = filled, color=grey, fixedsize=true, width=.2];
	m2 [label = "", shape = square, style = filled, color=grey, fixedsize=true, width=.2];
	m3 [label = "", shape = square, style = filled, color=grey, fixedsize=true, width=.2];
	m4 [label = "", shape = square, style = filled, color=grey, fixedsize=true, width=.2];
	m5 [label = "", shape = square, style = filled, color=grey, fixedsize=true, width=.2];
	m6 [label = "", shape = square, style = filled, color=grey, fixedsize=true, width=.2];
	m7 [label = "", shape = square, style = filled, color=grey, fixedsize=true, width=.2];
	m8 [label = "", shape = square, style = filled, color=grey, fixedsize=true, width=.2];
	m9 [label = "", shape = square, style = filled, color=grey, fixedsize=true, width=.2];
	m10 [label = "", shape = square, style = filled, color=grey, fixedsize=true, width=.2];
	m11 [label = "", shape = square, style = filled, color=grey, fixedsize=true, width=.2];
	m12 [label = "", shape = square, style = filled, color=grey, fixedsize=true, width=.2];
	m13 [label = "", shape = square, style = filled, color=grey, fixedsize=true, width=.2];
	m14 [label = "", shape = square, style = filled, color=grey, fixedsize=true, width=.2];
	m15 [label = "", shape = square, style = filled, color=grey, fixedsize=true, width=.2];
	s0 -> m0
	s1 -> m1
	q9 -> m6 [label = "b"];
	q9 -> m5 [label = "a"];
	q9 -> m14 [label = "a"];
	q8 -> m3 [label = "c"];
	q8 -> m5 [label = "c"];
	q8 -> m1 [label = "b"];
	q10 -> m10 [label = "a"];
	q10 -> m8 [label = "a"];
	q8 -> m6 [label = "a, c"];
	q8 -> m12 [label = "a"];
	q10 -> m13 [label = "b"];
	q10 -> m5 [label = "a, b"];
	q8 -> m13 [label = "a, b"];
	q10 -> m14 [label = "b"];
	q4 -> m15 [label = "c"];
	q5 -> m10 [label = "a"];
	q5 -> m7 [label = "a"];
	q7 -> m0 [label = "a"];
	q1 -> m3 [label = "c"];
	q7 -> m7 [label = "b"];
	q1 -> m2 [label = "c"];
	q6 -> m3 [label = "a, c"];
	q6 -> m0 [label = "a, b"];
	q4 -> m2 [label = "c"];
	q7 -> m2 [label = "c"];
	q0 -> m0 [label = "b, c"];
	q7 -> m12 [label = "c"];
	q10 -> m2 [label = "c"];
	q2 -> m4 [label = "c"];
	q3 -> m3 [label = "b, c"];
	q5 -> m3 [label = "b, c"];
	q2 -> m0 [label = "b, c"];
	q1 -> m6 [label = "b"];
	q1 -> m0 [label = "c"];
	q6 -> m1 [label = "a"];
	q10 -> m3 [label = "c"];
	q9 -> m7 [label = "b"];
	q7 -> m8 [label = "a"];
	q1 -> m13 [label = "a"];
	q8 -> m15 [label = "a, b"];
	q9 -> m4 [label = "c"];
	q3 -> m5 [label = "a, c"];
	q7 -> m3 [label = "a, c"];
	q9 -> m0 [label = "c"];
	q4 -> m9 [label = "b"];
	q1 -> m7 [label = "b"];
	q5 -> m5 [label = "a, b"];
	q3 -> m6 [label = "a, c"];
	q2 -> m5 [label = "a, c"];
	q2 -> m6 [label = "a, b, c"];
	q7 -> m5 [label = "b"];
	q7 -> m11 [label = "b"];
	q8 -> m0 [label = "b"];
	q3 -> m0 [label = "b"];
	q3 -> m7 [label = "a, c"];
	q1 -> m1 [label = "a"];
	q2 -> m7 [label = "b"];
	q5 -> m2 [label = "c"];
	q4 -> m5 [label = "a"];
	q4 -> m0 [label = "a, c"];
	q4 -> m7 [label = "b"];
	q4 -> m3 [label = "a"];
	q0 -> m5 [label = "a, c"];
	q0 -> m3 [label = "c"];
	q4 -> m1 [label = "a"];
	q0 -> m6 [label = "a, b, c"];
	q0 -> m1 [label = "a, b"];
	q1 -> m5 [label = "a, b"];
	q3 -> m1 [label = "a, b"];
	q0 -> m7 [label = "b, c"];
	q9 -> m1 [label = "a"];
	q6 -> m7 [label = "b, c"];
	q6 -> m6 [label = "a"];
	q2 -> m1 [label = "a, b"];
	q6 -> m12 [label = "c"];
	q4 -> m14 [label = "c"];
	q8 -> m8 [label = "a"];
	q4 -> m6 [label = "b"];
	q4 -> m4 [label = "c"];
	m0 -> q1;
	m0 -> q5;
	m0 -> q7;
	m0 -> q10;
	m1 -> q3;
	m1 -> q5;
	m2 -> q0;
	m2 -> q2;
	m2 -> q3;
	m2 -> q4;
	m2 -> q6;
	m2 -> q7;
	m2 -> q8;
	m2 -> q9;
	m3 -> q0;
	m3 -> q1;
	m3 -> q2;
	m3 -> q4;
	m3 -> q9;
	m4 -> q0;
	m4 -> q1;
	m4 -> q2;
	m4 -> q3;
	m4 -> q4;
	m4 -> q5;
	m4 -> q9;
	m4 -> q10;
	m5 -> q0;
	m5 -> q2;
	m5 -> q3;
	m5 -> q8;
	m6 -> q0;
	m6 -> q3;
	m6 -> q6;
	m7 -> q4;
	m7 -> q6;
	m7 -> q7;
	m8 -> q1;
	m8 -> q3;
	m8 -> q4;
	m8 -> q5;
	m8 -> q6;
	m8 -> q7;
	m8 -> q8;
	m9 -> q0;
	m9 -> q2;
	m9 -> q3;
	m9 -> q5;
	m9 -> q8;
	m10 -> q1;
	m10 -> q3;
	m10 -> q5;
	m10 -> q7;
	m10 -> q8;
	m10 -> q10;
	m11 -> q0;
	m11 -> q1;
	m11 -> q3;
	m11 -> q5;
	m11 -> q6;
	m11 -> q7;
	m11 -> q8;
	m11 -> q10;
	m12 -> q0;
	m12 -> q1;
	m12 -> q2;
	m12 -> q3;
	m12 -> q4;
	m12 -> q5;
	m12 -> q7;
	m12 -> q8;
	m12 -> q10;
	m13 -> q0;
	m13 -> q1;
	m13 -> q2;
	m13 -> q4;
	m13 -> q6;
	m13 -> q7;
	m13 -> q9;
	m14 -> q0;
	m14 -> q1;
	m14 -> q2;
	m14 -> q3;
	m14 -> q4;
	m14 -> q6;
	m14 -> q9;
	m15 -> q0;
	m15 -> q1;
	m15 -> q2;
	m15 -> q3;
	m15 -> q4;
	m15 -> q8;
	m15 -> q9;
}
AFA size: 11 states

AL** output after 16 EQ and 1883 MQ:
digraph finite_state_machine {
	rankdir=LR;
	node [shape = circle];
	s0 [shape = point, style = invis, start="true" ];
	s1 [shape = point, style = invis, start="true" ];
	q0 [label = "q0", shape = doublecircle, final="true" ];
	q1 [label = "q1", shape = doublecircle, final="true" ];
	q2 [label = "q2", shape = doublecircle, final="true" ];
	q3 [label = "q3", shape = doublecircle, final="true" ];
	q4 [label = "q4", shape = doublecircle, final="true" ];
	q5 [label = "q5"];
	q6 [label = "q6", shape = doublecircle, final="true" ];
	q7 [label = "q7"];
	q8 [label = "q8"];
	q9 [label = "q9", shape = doublecircle, final="true" ];
	q10 [label = "q10"];
	m0 [label = "", shape = square, style = filled, color=grey, fixedsize=true, width=.2];
	m1 [label = "", shape = square, style = filled, color=grey, fixedsize=true, width=.2];
	m2 [label = "", shape = square, style = filled, color=grey, fixedsize=true, width=.2];
	m3 [label = "", shape = square, style = filled, color=grey, fixedsize=true, width=.2];
	m4 [label = "", shape = square, style = filled, color=grey, fixedsize=true, width=.2];
	m5 [label = "", shape = square, style = filled, color=grey, fixedsize=true, width=.2];
	m6 [label = "", shape = square, style = filled, color=grey, fixedsize=true, width=.2];
	m7 [label = "", shape = square, style = filled, color=grey, fixedsize=true, width=.2];
	m8 [label = "", shape = square, style = filled, color=grey, fixedsize=true, width=.2];
	m9 [label = "", shape = square, style = filled, color=grey, fixedsize=true, width=.2];
	m10 [label = "", shape = square, style = filled, color=grey, fixedsize=true, width=.2];
	m11 [label = "", shape = square, style = filled, color=grey, fixedsize=true, width=.2];
	m12 [label = "", shape = square, style = filled, color=grey, fixedsize=true, width=.2];
	m13 [label = "", shape = square, style = filled, color=grey, fixedsize=true, width=.2];
	m14 [label = "", shape = square, style = filled, color=grey, fixedsize=true, width=.2];
	m15 [label = "", shape = square, style = filled, color=grey, fixedsize=true, width=.2];
	s0 -> m0
	s1 -> m1
	q9 -> m6 [label = "b"];
	q9 -> m5 [label = "a"];
	q9 -> m14 [label = "a"];
	q8 -> m3 [label = "c"];
	q8 -> m5 [label = "c"];
	q8 -> m1 [label = "b"];
	q10 -> m10 [label = "a"];
	q10 -> m8 [label = "a"];
	q8 -> m6 [label = "a, c"];
	q8 -> m12 [label = "a"];
	q10 -> m13 [label = "b"];
	q10 -> m5 [label = "a, b"];
	q8 -> m13 [label = "a, b"];
	q10 -> m14 [label = "b"];
	q4 -> m15 [label = "c"];
	q5 -> m10 [label = "a"];
	q5 -> m7 [label = "a"];
	q7 -> m0 [label = "a"];
	q1 -> m3 [label = "c"];
	q7 -> m7 [label = "b"];
	q1 -> m2 [label = "c"];
	q6 -> m3 [label = "a, c"];
	q6 -> m0 [label = "a, b"];
	q4 -> m2 [label = "c"];
	q7 -> m2 [label = "c"];
	q0 -> m0 [label = "b, c"];
	q7 -> m12 [label = "c"];
	q10 -> m2 [label = "c"];
	q2 -> m4 [label = "c"];
	q3 -> m3 [label = "b, c"];
	q5 -> m3 [label = "b, c"];
	q2 -> m0 [label = "b, c"];
	q1 -> m6 [label = "b"];
	q1 -> m0 [label = "c"];
	q6 -> m1 [label = "a"];
	q10 -> m3 [label = "c"];
	q9 -> m7 [label = "b"];
	q7 -> m8 [label = "a"];
	q1 -> m13 [label = "a"];
	q8 -> m15 [label = "a, b"];
	q9 -> m4 [label = "c"];
	q3 -> m5 [label = "a, c"];
	q7 -> m3 [label = "a, c"];
	q9 -> m0 [label = "c"];
	q4 -> m9 [label = "b"];
	q1 -> m7 [label = "b"];
	q5 -> m5 [label = "a, b"];
	q3 -> m6 [label = "a, c"];
	q2 -> m5 [label = "a, c"];
	q2 -> m6 [label = "a, b, c"];
	q7 -> m5 [label = "b"];
	q7 -> m11 [label = "b"];
	q8 -> m0 [label = "b"];
	q3 -> m0 [label = "b"];
	q3 -> m7 [label = "a, c"];
	q1 -> m1 [label = "a"];
	q2 -> m7 [label = "b"];
	q5 -> m2 [label = "c"];
	q4 -> m5 [label = "a"];
	q4 -> m0 [label = "a, c"];
	q4 -> m7 [label = "b"];
	q4 -> m3 [label = "a"];
	q0 -> m5 [label = "a, c"];
	q0 -> m3 [label = "c"];
	q4 -> m1 [label = "a"];
	q0 -> m6 [label = "a, b, c"];
	q0 -> m1 [label = "a, b"];
	q1 -> m5 [label = "a, b"];
	q3 -> m1 [label = "a, b"];
	q0 -> m7 [label = "b, c"];
	q9 -> m1 [label = "a"];
	q6 -> m7 [label = "b, c"];
	q6 -> m6 [label = "a"];
	q2 -> m1 [label = "a, b"];
	q6 -> m12 [label = "c"];
	q4 -> m14 [label = "c"];
	q8 -> m8 [label = "a"];
	q4 -> m6 [label = "b"];
	q4 -> m4 [label = "c"];
	m0 -> q1;
	m0 -> q5;
	m0 -> q7;
	m0 -> q10;
	m1 -> q3;
	m1 -> q5;
	m2 -> q0;
	m2 -> q2;
	m2 -> q3;
	m2 -> q4;
	m2 -> q6;
	m2 -> q7;
	m2 -> q8;
	m2 -> q9;
	m3 -> q0;
	m3 -> q1;
	m3 -> q2;
	m3 -> q4;
	m3 -> q9;
	m4 -> q0;
	m4 -> q1;
	m4 -> q2;
	m4 -> q3;
	m4 -> q4;
	m4 -> q5;
	m4 -> q9;
	m4 -> q10;
	m5 -> q0;
	m5 -> q2;
	m5 -> q3;
	m5 -> q8;
	m6 -> q0;
	m6 -> q3;
	m6 -> q6;
	m7 -> q4;
	m7 -> q6;
	m7 -> q7;
	m8 -> q1;
	m8 -> q3;
	m8 -> q4;
	m8 -> q5;
	m8 -> q6;
	m8 -> q7;
	m8 -> q8;
	m9 -> q0;
	m9 -> q2;
	m9 -> q3;
	m9 -> q5;
	m9 -> q8;
	m10 -> q1;
	m10 -> q3;
	m10 -> q5;
	m10 -> q7;
	m10 -> q8;
	m10 -> q10;
	m11 -> q0;
	m11 -> q1;
	m11 -> q3;
	m11 -> q5;
	m11 -> q6;
	m11 -> q7;
	m11 -> q8;
	m11 -> q10;
	m12 -> q0;
	m12 -> q1;
	m12 -> q2;
	m12 -> q3;
	m12 -> q4;
	m12 -> q5;
	m12 -> q7;
	m12 -> q8;
	m12 -> q10;
	m13 -> q0;
	m13 -> q1;
	m13 -> q2;
	m13 -> q4;
	m13 -> q6;
	m13 -> q7;
	m13 -> q9;
	m14 -> q0;
	m14 -> q1;
	m14 -> q2;
	m14 -> q3;
	m14 -> q4;
	m14 -> q6;
	m14 -> q9;
	m15 -> q0;
	m15 -> q1;
	m15 -> q2;
	m15 -> q3;
	m15 -> q4;
	m15 -> q8;
	m15 -> q9;
}
RAFA size: 11 states

