Random target AFA:
digraph finite_state_machine {
	rankdir=LR;
	node [shape = circle];
	s0 [shape = point, style = invis, start="true" ];
	s1 [shape = point, style = invis, start="true" ];
	q0 [label = "q0"];
	q1 [label = "q1"];
	q2 [label = "q2"];
	q3 [label = "q3"];
	q4 [label = "q4", shape = doublecircle, final="true" ];
	q5 [label = "q5", shape = doublecircle, final="true" ];
	m0 [label = "", shape = square, style = filled, color=grey, fixedsize=true, width=.2];
	m1 [label = "", shape = square, style = filled, color=grey, fixedsize=true, width=.2];
	m2 [label = "", shape = square, style = filled, color=grey, fixedsize=true, width=.2];
	m3 [label = "", shape = square, style = filled, color=grey, fixedsize=true, width=.2];
	m4 [label = "", shape = square, style = filled, color=grey, fixedsize=true, width=.2];
	m5 [label = "", shape = square, style = filled, color=grey, fixedsize=true, width=.2];
	m6 [label = "", shape = square, style = filled, color=grey, fixedsize=true, width=.2];
	m7 [label = "", shape = square, style = filled, color=grey, fixedsize=true, width=.2];
	s0 -> q1
	s1 -> q2
	q3 -> q3 [label = "c"];
	q5 -> m7 [label = "b"];
	q2 -> q1 [label = "c"];
	q2 -> m4 [label = "a"];
	q5 -> m1 [label = "c"];
	q5 -> q1 [label = "c"];
	q1 -> q4 [label = "b, c"];
	q1 -> q2 [label = "b"];
	q5 -> q0 [label = "a"];
	q0 -> q3 [label = "b"];
	q4 -> q0 [label = "a"];
	q5 -> q3 [label = "a"];
	q2 -> m3 [label = "b"];
	q0 -> q0 [label = "c"];
	q0 -> m1 [label = "a"];
	q0 -> m2 [label = "a"];
	q1 -> q5 [label = "c"];
	q4 -> q1 [label = "c"];
	q2 -> q2 [label = "a"];
	q4 -> m0 [label = "c"];
	q0 -> q2 [label = "b"];
	q4 -> q5 [label = "a, b"];
	q1 -> q0 [label = "a"];
	q2 -> q5 [label = "b"];
	q1 -> m5 [label = "a"];
	q3 -> m4 [label = "b"];
	q3 -> m6 [label = "b"];
	q3 -> q5 [label = "a"];
	q3 -> q1 [label = "a, c"];
	q0 -> q5 [label = "c"];
	q4 -> q3 [label = "b"];
	q2 -> q0 [label = "c"];
	m0 -> q2;
	m0 -> q4;
	m1 -> q1;
	m1 -> q2;
	m2 -> q4;
	m2 -> q5;
	m3 -> q3;
	m3 -> q5;
	m4 -> q3;
	m4 -> q4;
	m5 -> q0;
	m5 -> q4;
	m6 -> q1;
	m6 -> q5;
	m7 -> q1;
	m7 -> q4;
}

L* output after 9 EQ and 9092 MQ:
digraph finite_state_machine {
	rankdir=LR;
	node [shape = circle];
	s0 [shape = point, style = invis, start="true" ];
	q0 [label = "q0", shape = doublecircle, final="true" ];
	q1 [label = "q1", shape = doublecircle, final="true" ];
	q2 [label = "q2", shape = doublecircle, final="true" ];
	q3 [label = "q3", shape = doublecircle, final="true" ];
	q4 [label = "q4", shape = doublecircle, final="true" ];
	q5 [label = "q5", shape = doublecircle, final="true" ];
	q6 [label = "q6", shape = doublecircle, final="true" ];
	q7 [label = "q7", shape = doublecircle, final="true" ];
	q8 [label = "q8"];
	q9 [label = "q9", shape = doublecircle, final="true" ];
	q10 [label = "q10"];
	q11 [label = "q11"];
	q12 [label = "q12", shape = doublecircle, final="true" ];
	q13 [label = "q13"];
	q14 [label = "q14"];
	q15 [label = "q15", shape = doublecircle, final="true" ];
	q16 [label = "q16"];
	q17 [label = "q17"];
	q18 [label = "q18", shape = doublecircle, final="true" ];
	q19 [label = "q19"];
	q20 [label = "q20", shape = doublecircle, final="true" ];
	q21 [label = "q21"];
	q22 [label = "q22", shape = doublecircle, final="true" ];
	q23 [label = "q23", shape = doublecircle, final="true" ];
	q24 [label = "q24", shape = doublecircle, final="true" ];
	q25 [label = "q25", shape = doublecircle, final="true" ];
	q26 [label = "q26"];
	q27 [label = "q27", shape = doublecircle, final="true" ];
	q28 [label = "q28", shape = doublecircle, final="true" ];
	q29 [label = "q29", shape = doublecircle, final="true" ];
	q30 [label = "q30", shape = doublecircle, final="true" ];
	q31 [label = "q31", shape = doublecircle, final="true" ];
	q32 [label = "q32", shape = doublecircle, final="true" ];
	q33 [label = "q33", shape = doublecircle, final="true" ];
	q34 [label = "q34", shape = doublecircle, final="true" ];
	q35 [label = "q35", shape = doublecircle, final="true" ];
	q36 [label = "q36", shape = doublecircle, final="true" ];
	q37 [label = "q37", shape = doublecircle, final="true" ];
	q38 [label = "q38", shape = doublecircle, final="true" ];
	q39 [label = "q39"];
	q40 [label = "q40", shape = doublecircle, final="true" ];
	q41 [label = "q41"];
	q42 [label = "q42", shape = doublecircle, final="true" ];
	q43 [label = "q43", shape = doublecircle, final="true" ];
	q44 [label = "q44", shape = doublecircle, final="true" ];
	q45 [label = "q45", shape = doublecircle, final="true" ];
	q46 [label = "q46", shape = doublecircle, final="true" ];
	q47 [label = "q47", shape = doublecircle, final="true" ];
	q48 [label = "q48"];
	q49 [label = "q49", shape = doublecircle, final="true" ];
	q50 [label = "q50"];
	q51 [label = "q51"];
	q52 [label = "q52", shape = doublecircle, final="true" ];
	q53 [label = "q53", shape = doublecircle, final="true" ];
	q54 [label = "q54", shape = doublecircle, final="true" ];
	q55 [label = "q55", shape = doublecircle, final="true" ];
	q56 [label = "q56", shape = doublecircle, final="true" ];
	q57 [label = "q57", shape = doublecircle, final="true" ];
	q58 [label = "q58"];
	q59 [label = "q59"];
	s0 -> q17
	q41 -> q54 [label = "c"];
	q45 -> q57 [label = "a"];
	q47 -> q52 [label = "b"];
	q41 -> q18 [label = "b"];
	q43 -> q47 [label = "a"];
	q41 -> q5 [label = "a"];
	q43 -> q25 [label = "b"];
	q45 -> q58 [label = "c"];
	q40 -> q55 [label = "c"];
	q46 -> q58 [label = "c"];
	q40 -> q30 [label = "a"];
	q42 -> q46 [label = "b"];
	q39 -> q24 [label = "a"];
	q37 -> q1 [label = "b"];
	q38 -> q40 [label = "a"];
	q36 -> q25 [label = "b"];
	q35 -> q58 [label = "c"];
	q34 -> q54 [label = "c"];
	q39 -> q44 [label = "b"];
	q37 -> q53 [label = "a"];
	q33 -> q58 [label = "c"];
	q39 -> q20 [label = "c"];
	q35 -> q57 [label = "a"];
	q33 -> q3 [label = "b"];
	q33 -> q34 [label = "a"];
	q32 -> q56 [label = "c"];
	q34 -> q34 [label = "a"];
	q31 -> q56 [label = "a"];
	q29 -> q14 [label = "b"];
	q27 -> q56 [label = "c"];
	q30 -> q5 [label = "a"];
	q28 -> q15 [label = "b"];
	q31 -> q51 [label = "c"];
	q16 -> q18 [label = "b"];
	q22 -> q25 [label = "b"];
	q44 -> q21 [label = "c"];
	q20 -> q53 [label = "a"];
	q18 -> q21 [label = "c"];
	q36 -> q57 [label = "a"];
	q19 -> q22 [label = "b"];
	q21 -> q24 [label = "a"];
	q48 -> q12 [label = "c"];
	q27 -> q55 [label = "a"];
	q23 -> q20 [label = "c"];
	q6 -> q40 [label = "a"];
	q23 -> q35 [label = "b"];
	q17 -> q19 [label = "a"];
	q18 -> q3 [label = "b"];
	q42 -> q23 [label = "c"];
	q43 -> q59 [label = "c"];
	q3 -> q56 [label = "a"];
	q22 -> q34 [label = "a"];
	q2 -> q32 [label = "a"];
	q47 -> q55 [label = "c"];
	q30 -> q36 [label = "b"];
	q19 -> q2 [label = "a"];
	q52 -> q58 [label = "c"];
	q11 -> q9 [label = "a"];
	q10 -> q15 [label = "b"];
	q18 -> q32 [label = "a"];
	q19 -> q23 [label = "c"];
	q56 -> q56 [label = "a"];
	q59 -> q35 [label = "b"];
	q38 -> q23 [label = "c"];
	q58 -> q5 [label = "a"];
	q46 -> q57 [label = "a"];
	q8 -> q57 [label = "a"];
	q56 -> q54 [label = "c"];
	q49 -> q32 [label = "a"];
	q44 -> q0 [label = "a"];
	q34 -> q33 [label = "b"];
	q11 -> q1 [label = "b"];
	q25 -> q16 [label = "c"];
	q57 -> q33 [label = "b"];
	q48 -> q13 [label = "a"];
	q3 -> q1 [label = "b"];
	q30 -> q56 [label = "c"];
	q38 -> q43 [label = "b"];
	q32 -> q52 [label = "b"];
	q16 -> q12 [label = "c"];
	q17 -> q20 [label = "c"];
	q21 -> q20 [label = "c"];
	q59 -> q20 [label = "c"];
	q20 -> q33 [label = "b"];
	q51 -> q44 [label = "b"];
	q24 -> q5 [label = "c"];
	q54 -> q33 [label = "b"];
	q26 -> q54 [label = "c"];
	q58 -> q33 [label = "b"];
	q57 -> q20 [label = "c"];
	q58 -> q54 [label = "c"];
	q3 -> q41 [label = "c"];
	q48 -> q44 [label = "b"];
	q2 -> q49 [label = "b"];
	q22 -> q26 [label = "c"];
	q50 -> q18 [label = "b"];
	q53 -> q46 [label = "b"];
	q49 -> q37 [label = "b"];
	q7 -> q11 [label = "b"];
	q4 -> q58 [label = "c"];
	q9 -> q30 [label = "a"];
	q50 -> q20 [label = "c"];
	q17 -> q18 [label = "b"];
	q55 -> q35 [label = "b"];
	q28 -> q26 [label = "c"];
	q47 -> q32 [label = "a"];
	q55 -> q53 [label = "a"];
	q46 -> q37 [label = "b"];
	q45 -> q7 [label = "b"];
	q8 -> q58 [label = "c"];
	q53 -> q56 [label = "a, c"];
	q32 -> q34 [label = "a"];
	q12 -> q12 [label = "c"];
	q44 -> q3 [label = "b"];
	q49 -> q21 [label = "c"];
	q51 -> q5 [label = "a"];
	q55 -> q20 [label = "c"];
	q40 -> q45 [label = "b"];
	q57 -> q32 [label = "a"];
	q15 -> q48 [label = "c"];
	q56 -> q35 [label = "b"];
	q9 -> q5 [label = "c"];
	q50 -> q24 [label = "a"];
	q54 -> q56 [label = "a"];
	q52 -> q34 [label = "a"];
	q20 -> q20 [label = "c"];
	q13 -> q38 [label = "a"];
	q16 -> q13 [label = "a"];
	q15 -> q29 [label = "a"];
	q13 -> q10 [label = "b"];
	q21 -> q33 [label = "b"];
	q12 -> q29 [label = "a"];
	q11 -> q16 [label = "c"];
	q52 -> q37 [label = "b"];
	q0 -> q23 [label = "c"];
	q14 -> q37 [label = "b"];
	q14 -> q57 [label = "a"];
	q5 -> q30 [label = "a"];
	q12 -> q33 [label = "b"];
	q5 -> q4 [label = "b"];
	q10 -> q26 [label = "c"];
	q14 -> q58 [label = "c"];
	q6 -> q36 [label = "b"];
	q15 -> q11 [label = "b"];
	q7 -> q53 [label = "a"];
	q59 -> q24 [label = "a"];
	q2 -> q23 [label = "c"];
	q31 -> q11 [label = "b"];
	q4 -> q31 [label = "b"];
	q37 -> q50 [label = "c"];
	q1 -> q1 [label = "b"];
	q7 -> q39 [label = "c"];
	q1 -> q50 [label = "c"];
	q5 -> q20 [label = "c"];
	q4 -> q57 [label = "a"];
	q0 -> q52 [label = "b"];
	q42 -> q53 [label = "a"];
	q35 -> q3 [label = "b"];
	q6 -> q23 [label = "c"];
	q0 -> q32 [label = "a"];
	q26 -> q5 [label = "a"];
	q10 -> q57 [label = "a"];
	q8 -> q7 [label = "b"];
	q13 -> q5 [label = "c"];
	q9 -> q8 [label = "b"];
	q26 -> q35 [label = "b"];
	q23 -> q27 [label = "a"];
	q24 -> q6 [label = "a"];
	q1 -> q42 [label = "a"];
	q24 -> q28 [label = "b"];
	q28 -> q57 [label = "a"];
	q25 -> q29 [label = "a"];
	q27 -> q36 [label = "b"];
	q36 -> q26 [label = "c"];
	q54 -> q54 [label = "c"];
	q51 -> q54 [label = "c"];
	q29 -> q56 [label = "a, c"];
	q25 -> q1 [label = "b"];
}
DFA size: 60 states

NL* output after 12 EQ and 7525 MQ:
digraph finite_state_machine {
	rankdir=LR;
	node [shape = circle];
	s0 [shape = point, style = invis, start="true" ];
	s1 [shape = point, style = invis, start="true" ];
	s2 [shape = point, style = invis, start="true" ];
	q0 [label = "q0"];
	q1 [label = "q1"];
	q2 [label = "q2", shape = doublecircle, final="true" ];
	q3 [label = "q3"];
	q4 [label = "q4", shape = doublecircle, final="true" ];
	q5 [label = "q5", shape = doublecircle, final="true" ];
	q6 [label = "q6", shape = doublecircle, final="true" ];
	q7 [label = "q7", shape = doublecircle, final="true" ];
	q8 [label = "q8"];
	q9 [label = "q9", shape = doublecircle, final="true" ];
	q10 [label = "q10", shape = doublecircle, final="true" ];
	q11 [label = "q11"];
	q12 [label = "q12"];
	q13 [label = "q13"];
	q14 [label = "q14"];
	q15 [label = "q15"];
	q16 [label = "q16", shape = doublecircle, final="true" ];
	q17 [label = "q17"];
	q18 [label = "q18", shape = doublecircle, final="true" ];
	q19 [label = "q19", shape = doublecircle, final="true" ];
	q20 [label = "q20", shape = doublecircle, final="true" ];
	q21 [label = "q21", shape = doublecircle, final="true" ];
	q22 [label = "q22", shape = doublecircle, final="true" ];
	q23 [label = "q23", shape = doublecircle, final="true" ];
	q24 [label = "q24", shape = doublecircle, final="true" ];
	q25 [label = "q25"];
	q26 [label = "q26", shape = doublecircle, final="true" ];
	s0 -> q1
	s1 -> q8
	s2 -> q12
	q18 -> q1 [label = "c"];
	q20 -> q17 [label = "b"];
	q21 -> q24 [label = "a"];
	q21 -> q19 [label = "a"];
	q21 -> q18 [label = "a"];
	q21 -> q13 [label = "a"];
	q21 -> q7 [label = "a"];
	q23 -> q26 [label = "b"];
	q23 -> q21 [label = "b"];
	q23 -> q9 [label = "b"];
	q21 -> q10 [label = "a"];
	q23 -> q6 [label = "b"];
	q23 -> q8 [label = "c"];
	q19 -> q9 [label = "b"];
	q19 -> q6 [label = "b"];
	q17 -> q25 [label = "a, c"];
	q17 -> q24 [label = "a"];
	q17 -> q23 [label = "a"];
	q17 -> q18 [label = "a, b"];
	q17 -> q16 [label = "a"];
	q17 -> q14 [label = "a, c"];
	q17 -> q13 [label = "a"];
	q17 -> q12 [label = "a"];
	q17 -> q11 [label = "a"];
	q17 -> q10 [label = "a"];
	q17 -> q7 [label = "a, b"];
	q17 -> q6 [label = "a"];
	q17 -> q2 [label = "a"];
	q17 -> q0 [label = "a, c"];
	q21 -> q25 [label = "c"];
	q21 -> q1 [label = "c"];
	q16 -> q20 [label = "c"];
	q16 -> q13 [label = "c"];
	q22 -> q15 [label = "b"];
	q22 -> q9 [label = "b"];
	q17 -> q20 [label = "a"];
	q22 -> q6 [label = "b"];
	q18 -> q24 [label = "a"];
	q18 -> q22 [label = "a"];
	q18 -> q18 [label = "a"];
	q18 -> q13 [label = "a"];
	q18 -> q10 [label = "a"];
	q18 -> q7 [label = "a"];
	q16 -> q16 [label = "c"];
	q16 -> q17 [label = "b"];
	q22 -> q25 [label = "c"];
	q22 -> q22 [label = "c"];
	q22 -> q20 [label = "a, c"];
	q17 -> q21 [label = "a"];
	q22 -> q19 [label = "c"];
	q22 -> q18 [label = "c"];
	q22 -> q13 [label = "a, c"];
	q22 -> q10 [label = "a, c"];
	q22 -> q7 [label = "c"];
	q22 -> q3 [label = "c"];
	q22 -> q0 [label = "c"];
	q18 -> q14 [label = "b"];
	q20 -> q25 [label = "c"];
	q20 -> q23 [label = "c"];
	q20 -> q20 [label = "c"];
	q20 -> q19 [label = "a, c"];
	q18 -> q19 [label = "a"];
	q20 -> q18 [label = "c"];
	q22 -> q4 [label = "c"];
	q20 -> q16 [label = "c"];
	q20 -> q10 [label = "c"];
	q20 -> q2 [label = "c"];
	q20 -> q1 [label = "c"];
	q15 -> q23 [label = "a"];
	q15 -> q20 [label = "a"];
	q15 -> q19 [label = "a"];
	q16 -> q24 [label = "a"];
	q15 -> q16 [label = "a"];
	q15 -> q13 [label = "a"];
	q15 -> q12 [label = "a"];
	q20 -> q26 [label = "b"];
	q15 -> q2 [label = "a"];
	q11 -> q25 [label = "c"];
	q11 -> q20 [label = "c"];
	q11 -> q13 [label = "c"];
	q11 -> q10 [label = "c"];
	q11 -> q2 [label = "c"];
	q11 -> q1 [label = "c"];
	q11 -> q0 [label = "c"];
	q12 -> q6 [label = "b"];
	q22 -> q14 [label = "c"];
	q10 -> q20 [label = "c"];
	q10 -> q2 [label = "c"];
	q15 -> q7 [label = "a, b"];
	q14 -> q16 [label = "a"];
	q13 -> q24 [label = "a"];
	q2 -> q10 [label = "c"];
	q12 -> q2 [label = "c"];
	q12 -> q5 [label = "b"];
	q25 -> q13 [label = "a, c"];
	q18 -> q4 [label = "a"];
	q15 -> q6 [label = "a"];
	q12 -> q0 [label = "c"];
	q0 -> q20 [label = "c"];
	q23 -> q17 [label = "b"];
	q10 -> q15 [label = "b"];
	q11 -> q9 [label = "b"];
	q25 -> q18 [label = "c"];
	q3 -> q8 [label = "c"];
	q8 -> q13 [label = "a"];
	q16 -> q19 [label = "a"];
	q20 -> q13 [label = "c"];
	q14 -> q8 [label = "c"];
	q14 -> q1 [label = "c"];
	q8 -> q1 [label = "c"];
	q10 -> q13 [label = "c"];
	q26 -> q3 [label = "c"];
	q2 -> q13 [label = "c"];
	q20 -> q24 [label = "a, c"];
	q10 -> q24 [label = "a"];
	q8 -> q7 [label = "b, c"];
	q24 -> q2 [label = "a, c"];
	q10 -> q19 [label = "a"];
	q8 -> q21 [label = "b"];
	q6 -> q6 [label = "a"];
	q8 -> q6 [label = "b"];
	q12 -> q11 [label = "a"];
	q8 -> q5 [label = "b"];
	q15 -> q1 [label = "a, c"];
	q0 -> q19 [label = "c"];
	q12 -> q13 [label = "a, c"];
	q3 -> q19 [label = "c"];
	q13 -> q13 [label = "c"];
	q5 -> q24 [label = "a"];
	q17 -> q8 [label = "a, c"];
	q9 -> q23 [label = "a"];
	q21 -> q8 [label = "c"];
	q9 -> q21 [label = "a"];
	q16 -> q2 [label = "c"];
	q26 -> q18 [label = "a, b"];
	q9 -> q16 [label = "a"];
	q24 -> q10 [label = "a, c"];
	q9 -> q6 [label = "a"];
	q12 -> q1 [label = "c"];
	q9 -> q8 [label = "a"];
	q9 -> q2 [label = "a"];
	q9 -> q14 [label = "a, c"];
	q9 -> q11 [label = "a"];
	q2 -> q9 [label = "b"];
	q9 -> q1 [label = "a, c"];
	q12 -> q7 [label = "b, c"];
	q20 -> q7 [label = "c"];
	q25 -> q25 [label = "c"];
	q10 -> q9 [label = "b"];
	q2 -> q7 [label = "c"];
	q15 -> q0 [label = "a, c"];
	q11 -> q24 [label = "a"];
	q11 -> q18 [label = "a, b"];
	q13 -> q10 [label = "c"];
	q11 -> q7 [label = "a, b"];
	q15 -> q14 [label = "a, c"];
	q23 -> q7 [label = "a, b, c"];
	q23 -> q18 [label = "a, b"];
	q16 -> q15 [label = "b"];
	q3 -> q22 [label = "c"];
	q19 -> q25 [label = "c"];
	q19 -> q16 [label = "a, c"];
	q0 -> q6 [label = "b"];
	q3 -> q14 [label = "b, c"];
	q6 -> q24 [label = "a"];
	q9 -> q24 [label = "a"];
	q19 -> q20 [label = "c"];
	q23 -> q14 [label = "b, c"];
	q19 -> q13 [label = "a, c"];
	q23 -> q1 [label = "c"];
	q9 -> q20 [label = "a"];
	q9 -> q12 [label = "a"];
	q18 -> q2 [label = "a"];
	q25 -> q0 [label = "c"];
	q13 -> q15 [label = "b"];
	q25 -> q24 [label = "c"];
	q15 -> q18 [label = "a"];
	q12 -> q8 [label = "c"];
	q15 -> q21 [label = "a"];
	q3 -> q3 [label = "c"];
	q17 -> q1 [label = "a, c"];
	q25 -> q23 [label = "c"];
	q25 -> q20 [label = "c"];
	q26 -> q24 [label = "a"];
	q26 -> q21 [label = "a"];
	q5 -> q4 [label = "b"];
	q24 -> q6 [label = "b"];
	q4 -> q25 [label = "a, c"];
	q3 -> q25 [label = "c"];
	q9 -> q19 [label = "a"];
	q17 -> q5 [label = "a"];
	q9 -> q10 [label = "a"];
	q25 -> q16 [label = "c"];
	q15 -> q11 [label = "a"];
	q23 -> q13 [label = "a"];
	q0 -> q10 [label = "a, c"];
	q0 -> q25 [label = "c"];
	q11 -> q15 [label = "b"];
	q24 -> q16 [label = "a, c"];
	q15 -> q10 [label = "a"];
	q6 -> q10 [label = "a"];
	q25 -> q14 [label = "b, c"];
	q26 -> q0 [label = "a, c"];
	q13 -> q20 [label = "c"];
	q11 -> q4 [label = "b"];
	q9 -> q0 [label = "a, c"];
	q24 -> q0 [label = "c"];
	q4 -> q19 [label = "a"];
	q1 -> q23 [label = "c"];
	q26 -> q20 [label = "a"];
	q4 -> q13 [label = "a"];
	q22 -> q21 [label = "c"];
	q26 -> q14 [label = "a, c"];
	q8 -> q18 [label = "b"];
	q24 -> q1 [label = "c"];
	q25 -> q1 [label = "c"];
	q2 -> q21 [label = "c"];
	q23 -> q15 [label = "b"];
	q21 -> q21 [label = "b"];
	q26 -> q25 [label = "a, c"];
	q24 -> q20 [label = "c"];
	q26 -> q8 [label = "a, c"];
	q9 -> q18 [label = "a"];
	q1 -> q8 [label = "c"];
	q2 -> q25 [label = "c"];
	q6 -> q13 [label = "a"];
	q25 -> q2 [label = "c"];
	q26 -> q2 [label = "a"];
	q5 -> q21 [label = "b"];
	q15 -> q5 [label = "a"];
	q26 -> q4 [label = "b"];
	q26 -> q10 [label = "a"];
	q2 -> q24 [label = "a, c"];
	q0 -> q7 [label = "c"];
	q16 -> q10 [label = "c"];
	q0 -> q13 [label = "a, c"];
	q26 -> q11 [label = "a"];
	q12 -> q20 [label = "c"];
	q3 -> q4 [label = "c"];
	q19 -> q10 [label = "a, c"];
	q11 -> q6 [label = "a, b"];
	q26 -> q12 [label = "a"];
	q26 -> q13 [label = "a"];
	q0 -> q21 [label = "b, c"];
	q4 -> q22 [label = "a"];
	q26 -> q16 [label = "a"];
	q21 -> q14 [label = "b"];
	q26 -> q23 [label = "a"];
	q22 -> q2 [label = "a, c"];
	q24 -> q25 [label = "c"];
	q26 -> q19 [label = "a"];
	q20 -> q15 [label = "b"];
	q15 -> q24 [label = "a"];
	q25 -> q5 [label = "b"];
	q11 -> q16 [label = "c"];
	q3 -> q0 [label = "c"];
	q23 -> q4 [label = "a, b"];
	q9 -> q13 [label = "a"];
	q5 -> q18 [label = "a, b"];
	q12 -> q14 [label = "b, c"];
	q19 -> q0 [label = "c"];
	q25 -> q7 [label = "c"];
	q26 -> q6 [label = "a"];
	q4 -> q7 [label = "a"];
	q19 -> q1 [label = "c"];
	q9 -> q25 [label = "a, c"];
	q9 -> q3 [label = "c"];
	q24 -> q13 [label = "a, c"];
	q19 -> q2 [label = "a, c"];
	q10 -> q10 [label = "c"];
	q2 -> q18 [label = "c"];
	q14 -> q14 [label = "b"];
	q12 -> q18 [label = "b, c"];
	q6 -> q11 [label = "a"];
	q20 -> q21 [label = "c"];
	q12 -> q19 [label = "c"];
	q25 -> q8 [label = "c"];
	q6 -> q2 [label = "a"];
	q12 -> q21 [label = "b, c"];
	q4 -> q1 [label = "a, c"];
	q12 -> q23 [label = "c"];
	q3 -> q5 [label = "b"];
	q18 -> q25 [label = "c"];
	q1 -> q21 [label = "b"];
	q17 -> q3 [label = "c"];
	q12 -> q24 [label = "c"];
	q3 -> q21 [label = "b, c"];
	q12 -> q25 [label = "c"];
	q5 -> q6 [label = "a"];
	q4 -> q3 [label = "a, c"];
	q20 -> q14 [label = "c"];
	q4 -> q20 [label = "a"];
	q4 -> q14 [label = "a, b, c"];
	q20 -> q0 [label = "c"];
	q25 -> q19 [label = "c"];
	q2 -> q15 [label = "b"];
	q2 -> q17 [label = "b"];
	q2 -> q20 [label = "c"];
	q6 -> q0 [label = "c"];
	q6 -> q1 [label = "c"];
	q0 -> q17 [label = "b"];
	q6 -> q25 [label = "c"];
	q25 -> q10 [label = "a, c"];
	q5 -> q25 [label = "c"];
	q0 -> q5 [label = "b"];
	q4 -> q4 [label = "a"];
	q4 -> q18 [label = "a"];
	q0 -> q1 [label = "c"];
	q12 -> q16 [label = "c"];
	q0 -> q9 [label = "b"];
	q0 -> q14 [label = "b, c"];
	q0 -> q15 [label = "b"];
	q20 -> q9 [label = "b"];
	q26 -> q7 [label = "a, b"];
	q0 -> q26 [label = "b"];
	q2 -> q19 [label = "a, c"];
	q23 -> q5 [label = "b"];
	q2 -> q22 [label = "a"];
	q6 -> q7 [label = "a, b"];
	q13 -> q2 [label = "c"];
	q6 -> q14 [label = "b"];
	q0 -> q0 [label = "c"];
	q10 -> q16 [label = "c"];
	q0 -> q2 [label = "c"];
	q0 -> q8 [label = "c"];
	q0 -> q16 [label = "c"];
	q20 -> q22 [label = "a"];
	q14 -> q13 [label = "a"];
	q0 -> q18 [label = "c"];
	q0 -> q23 [label = "c"];
	q13 -> q16 [label = "c"];
	q0 -> q24 [label = "c"];
	q4 -> q0 [label = "a"];
	q22 -> q24 [label = "c"];
	q15 -> q8 [label = "a"];
	q4 -> q2 [label = "a"];
	q4 -> q16 [label = "a"];
	q25 -> q21 [label = "b, c"];
	q5 -> q16 [label = "a"];
	q4 -> q21 [label = "a"];
	q4 -> q24 [label = "a"];
	q4 -> q10 [label = "a"];
	q5 -> q0 [label = "c"];
	q8 -> q23 [label = "c"];
	q23 -> q16 [label = "a"];
	q2 -> q1 [label = "c"];
	q5 -> q1 [label = "c"];
	q26 -> q5 [label = "a"];
	q1 -> q13 [label = "a"];
	q19 -> q15 [label = "b"];
	q7 -> q1 [label = "c"];
	q5 -> q8 [label = "c"];
	q3 -> q24 [label = "c"];
	q26 -> q1 [label = "a, c"];
	q1 -> q5 [label = "b"];
	q3 -> q23 [label = "c"];
	q8 -> q8 [label = "c"];
	q1 -> q14 [label = "b, c"];
	q22 -> q1 [label = "c"];
	q16 -> q22 [label = "a"];
	q8 -> q14 [label = "b, c"];
	q15 -> q25 [label = "a, c"];
	q3 -> q2 [label = "a, c"];
	q7 -> q7 [label = "a"];
	q3 -> q10 [label = "a, c"];
	q3 -> q13 [label = "a, c"];
	q3 -> q16 [label = "a, c"];
	q2 -> q2 [label = "c"];
	q3 -> q20 [label = "a, c"];
	q7 -> q14 [label = "b"];
	q5 -> q7 [label = "a, b"];
	q5 -> q13 [label = "a"];
	q20 -> q8 [label = "c"];
	q1 -> q1 [label = "c"];
	q1 -> q7 [label = "c"];
	q6 -> q16 [label = "a"];
	q14 -> q21 [label = "b"];
	q6 -> q18 [label = "a"];
	q15 -> q3 [label = "c"];
	q5 -> q11 [label = "a"];
	q6 -> q19 [label = "a"];
	q2 -> q0 [label = "c"];
	q2 -> q14 [label = "c"];
	q7 -> q13 [label = "a"];
	q12 -> q10 [label = "c"];
	q2 -> q16 [label = "c"];
	q21 -> q16 [label = "a"];
	q17 -> q19 [label = "a"];
	q7 -> q4 [label = "a"];
	q5 -> q19 [label = "a"];
	q5 -> q10 [label = "a"];
	q7 -> q16 [label = "a"];
	q23 -> q23 [label = "c"];
	q9 -> q5 [label = "a"];
	q7 -> q18 [label = "a"];
	q5 -> q14 [label = "b"];
	q18 -> q16 [label = "a"];
	q3 -> q1 [label = "c"];
	q22 -> q16 [label = "a, c"];
	q3 -> q7 [label = "c"];
	q9 -> q7 [label = "a, b"];
	q3 -> q18 [label = "c"];
}
NFA size: 27 states

