Random target AFA:
digraph finite_state_machine {
	rankdir=LR;
	node [shape = circle];
	s0 [shape = point, style = invis, start="true" ];
	s1 [shape = point, style = invis, start="true" ];
	q0 [label = "q0", shape = doublecircle, final="true" ];
	q1 [label = "q1"];
	q2 [label = "q2", shape = doublecircle, final="true" ];
	q3 [label = "q3", shape = doublecircle, final="true" ];
	q4 [label = "q4"];
	q5 [label = "q5"];
	m0 [label = "", shape = square, style = filled, color=grey, fixedsize=true, width=.2];
	m1 [label = "", shape = square, style = filled, color=grey, fixedsize=true, width=.2];
	m2 [label = "", shape = square, style = filled, color=grey, fixedsize=true, width=.2];
	m3 [label = "", shape = square, style = filled, color=grey, fixedsize=true, width=.2];
	m4 [label = "", shape = square, style = filled, color=grey, fixedsize=true, width=.2];
	m5 [label = "", shape = square, style = filled, color=grey, fixedsize=true, width=.2];
	m6 [label = "", shape = square, style = filled, color=grey, fixedsize=true, width=.2];
	m7 [label = "", shape = square, style = filled, color=grey, fixedsize=true, width=.2];
	s0 -> q2
	s1 -> q1
	q4 -> q5 [label = "b"];
	q2 -> q0 [label = "a"];
	q2 -> m1 [label = "b"];
	q2 -> m3 [label = "a"];
	q1 -> q3 [label = "a, b"];
	q3 -> m7 [label = "c"];
	q0 -> q0 [label = "a"];
	q0 -> q4 [label = "b"];
	q0 -> q2 [label = "a"];
	q4 -> m0 [label = "a, c"];
	q5 -> q1 [label = "b, c"];
	q1 -> q4 [label = "c"];
	q5 -> q2 [label = "c"];
	q4 -> m2 [label = "a"];
	q4 -> q0 [label = "c"];
	q5 -> m5 [label = "a"];
	q1 -> m1 [label = "a"];
	q2 -> m0 [label = "c"];
	q1 -> m5 [label = "b"];
	q3 -> q3 [label = "a"];
	q3 -> q2 [label = "b"];
	q3 -> q5 [label = "b"];
	q3 -> q0 [label = "a"];
	q5 -> q4 [label = "a, b"];
	q0 -> m4 [label = "c"];
	q1 -> m6 [label = "c"];
	q4 -> q1 [label = "b"];
	q2 -> q3 [label = "c"];
	q2 -> m2 [label = "b"];
	q3 -> q4 [label = "c"];
	m0 -> q0;
	m0 -> q3;
	m1 -> q0;
	m1 -> q1;
	m2 -> q3;
	m2 -> q5;
	m3 -> q0;
	m3 -> q2;
	m4 -> q2;
	m4 -> q5;
	m5 -> q2;
	m5 -> q3;
	m6 -> q2;
	m6 -> q4;
	m7 -> q0;
	m7 -> q5;
}

L* output after 9 EQ and 12421 MQ:
digraph finite_state_machine {
	rankdir=LR;
	node [shape = circle];
	s0 [shape = point, style = invis, start="true" ];
	q0 [label = "q0", shape = doublecircle, final="true" ];
	q1 [label = "q1", shape = doublecircle, final="true" ];
	q2 [label = "q2", shape = doublecircle, final="true" ];
	q3 [label = "q3", shape = doublecircle, final="true" ];
	q4 [label = "q4", shape = doublecircle, final="true" ];
	q5 [label = "q5", shape = doublecircle, final="true" ];
	q6 [label = "q6", shape = doublecircle, final="true" ];
	q7 [label = "q7", shape = doublecircle, final="true" ];
	q8 [label = "q8", shape = doublecircle, final="true" ];
	q9 [label = "q9"];
	q10 [label = "q10"];
	q11 [label = "q11", shape = doublecircle, final="true" ];
	q12 [label = "q12", shape = doublecircle, final="true" ];
	q13 [label = "q13"];
	q14 [label = "q14", shape = doublecircle, final="true" ];
	q15 [label = "q15", shape = doublecircle, final="true" ];
	q16 [label = "q16", shape = doublecircle, final="true" ];
	q17 [label = "q17"];
	q18 [label = "q18"];
	q19 [label = "q19", shape = doublecircle, final="true" ];
	q20 [label = "q20", shape = doublecircle, final="true" ];
	q21 [label = "q21", shape = doublecircle, final="true" ];
	q22 [label = "q22", shape = doublecircle, final="true" ];
	q23 [label = "q23", shape = doublecircle, final="true" ];
	q24 [label = "q24"];
	q25 [label = "q25", shape = doublecircle, final="true" ];
	q26 [label = "q26", shape = doublecircle, final="true" ];
	q27 [label = "q27", shape = doublecircle, final="true" ];
	q28 [label = "q28", shape = doublecircle, final="true" ];
	q29 [label = "q29", shape = doublecircle, final="true" ];
	q30 [label = "q30", shape = doublecircle, final="true" ];
	q31 [label = "q31", shape = doublecircle, final="true" ];
	q32 [label = "q32", shape = doublecircle, final="true" ];
	q33 [label = "q33", shape = doublecircle, final="true" ];
	q34 [label = "q34", shape = doublecircle, final="true" ];
	q35 [label = "q35", shape = doublecircle, final="true" ];
	q36 [label = "q36", shape = doublecircle, final="true" ];
	q37 [label = "q37", shape = doublecircle, final="true" ];
	q38 [label = "q38"];
	q39 [label = "q39", shape = doublecircle, final="true" ];
	q40 [label = "q40", shape = doublecircle, final="true" ];
	q41 [label = "q41", shape = doublecircle, final="true" ];
	q42 [label = "q42"];
	q43 [label = "q43", shape = doublecircle, final="true" ];
	q44 [label = "q44", shape = doublecircle, final="true" ];
	q45 [label = "q45", shape = doublecircle, final="true" ];
	q46 [label = "q46", shape = doublecircle, final="true" ];
	q47 [label = "q47"];
	q48 [label = "q48", shape = doublecircle, final="true" ];
	q49 [label = "q49"];
	q50 [label = "q50", shape = doublecircle, final="true" ];
	q51 [label = "q51", shape = doublecircle, final="true" ];
	q52 [label = "q52", shape = doublecircle, final="true" ];
	q53 [label = "q53"];
	q54 [label = "q54", shape = doublecircle, final="true" ];
	q55 [label = "q55"];
	q56 [label = "q56"];
	q57 [label = "q57", shape = doublecircle, final="true" ];
	q58 [label = "q58", shape = doublecircle, final="true" ];
	q59 [label = "q59", shape = doublecircle, final="true" ];
	q60 [label = "q60", shape = doublecircle, final="true" ];
	q61 [label = "q61", shape = doublecircle, final="true" ];
	q62 [label = "q62", shape = doublecircle, final="true" ];
	q63 [label = "q63"];
	q64 [label = "q64", shape = doublecircle, final="true" ];
	q65 [label = "q65", shape = doublecircle, final="true" ];
	q66 [label = "q66", shape = doublecircle, final="true" ];
	q67 [label = "q67"];
	q68 [label = "q68", shape = doublecircle, final="true" ];
	q69 [label = "q69", shape = doublecircle, final="true" ];
	q70 [label = "q70", shape = doublecircle, final="true" ];
	q71 [label = "q71"];
	q72 [label = "q72", shape = doublecircle, final="true" ];
	q73 [label = "q73", shape = doublecircle, final="true" ];
	q74 [label = "q74", shape = doublecircle, final="true" ];
	q75 [label = "q75", shape = doublecircle, final="true" ];
	q76 [label = "q76"];
	q77 [label = "q77", shape = doublecircle, final="true" ];
	q78 [label = "q78", shape = doublecircle, final="true" ];
	q79 [label = "q79", shape = doublecircle, final="true" ];
	q80 [label = "q80"];
	q81 [label = "q81", shape = doublecircle, final="true" ];
	q82 [label = "q82", shape = doublecircle, final="true" ];
	q83 [label = "q83", shape = doublecircle, final="true" ];
	q84 [label = "q84", shape = doublecircle, final="true" ];
	q85 [label = "q85", shape = doublecircle, final="true" ];
	q86 [label = "q86"];
	q87 [label = "q87", shape = doublecircle, final="true" ];
	q88 [label = "q88", shape = doublecircle, final="true" ];
	q89 [label = "q89", shape = doublecircle, final="true" ];
	q90 [label = "q90"];
	q91 [label = "q91", shape = doublecircle, final="true" ];
	q92 [label = "q92", shape = doublecircle, final="true" ];
	q93 [label = "q93", shape = doublecircle, final="true" ];
	q94 [label = "q94"];
	q95 [label = "q95", shape = doublecircle, final="true" ];
	q96 [label = "q96", shape = doublecircle, final="true" ];
	q97 [label = "q97", shape = doublecircle, final="true" ];
	q98 [label = "q98"];
	q99 [label = "q99"];
	q100 [label = "q100", shape = doublecircle, final="true" ];
	q101 [label = "q101", shape = doublecircle, final="true" ];
	s0 -> q59
	q85 -> q96 [label = "b"];
	q83 -> q52 [label = "c"];
	q84 -> q71 [label = "b"];
	q82 -> q87 [label = "c"];
	q87 -> q9 [label = "b"];
	q81 -> q86 [label = "b"];
	q83 -> q29 [label = "b"];
	q81 -> q73 [label = "a"];
	q85 -> q88 [label = "c"];
	q80 -> q85 [label = "c"];
	q82 -> q72 [label = "a"];
	q80 -> q94 [label = "b"];
	q86 -> q39 [label = "c"];
	q84 -> q24 [label = "c"];
	q80 -> q84 [label = "a"];
	q79 -> q60 [label = "a"];
	q75 -> q81 [label = "c"];
	q78 -> q22 [label = "a"];
	q84 -> q70 [label = "a"];
	q76 -> q94 [label = "b"];
	q79 -> q74 [label = "b"];
	q77 -> q27 [label = "a"];
	q73 -> q80 [label = "c"];
	q79 -> q43 [label = "c"];
	q75 -> q22 [label = "a"];
	q73 -> q10 [label = "b"];
	q73 -> q23 [label = "a"];
	q72 -> q39 [label = "c"];
	q78 -> q83 [label = "c"];
	q72 -> q10 [label = "b"];
	q74 -> q32 [label = "b"];
	q72 -> q23 [label = "a"];
	q12 -> q85 [label = "c"];
	q75 -> q76 [label = "b"];
	q10 -> q94 [label = "b"];
	q67 -> q93 [label = "c"];
	q10 -> q54 [label = "a"];
	q18 -> q67 [label = "b"];
	q0 -> q3 [label = "c"];
	q69 -> q43 [label = "a"];
	q8 -> q5 [label = "c"];
	q34 -> q35 [label = "c"];
	q57 -> q57 [label = "a"];
	q13 -> q85 [label = "c"];
	q36 -> q35 [label = "c"];
	q11 -> q7 [label = "a"];
	q10 -> q36 [label = "c"];
	q19 -> q12 [label = "c"];
	q13 -> q84 [label = "a"];
	q54 -> q98 [label = "b"];
	q4 -> q97 [label = "c"];
	q33 -> q69 [label = "b"];
	q101 -> q78 [label = "c"];
	q63 -> q67 [label = "b"];
	q24 -> q84 [label = "a"];
	q46 -> q62 [label = "a"];
	q26 -> q67 [label = "b"];
	q28 -> q50 [label = "c"];
	q15 -> q33 [label = "c"];
	q28 -> q22 [label = "a"];
	q91 -> q68 [label = "a"];
	q64 -> q67 [label = "b"];
	q25 -> q98 [label = "b"];
	q51 -> q50 [label = "c"];
	q26 -> q78 [label = "c"];
	q2 -> q49 [label = "b"];
	q34 -> q67 [label = "b"];
	q88 -> q37 [label = "c"];
	q93 -> q62 [label = "a"];
	q29 -> q42 [label = "b"];
	q32 -> q100 [label = "b"];
	q37 -> q62 [label = "a"];
	q34 -> q19 [label = "a"];
	q32 -> q26 [label = "c"];
	q25 -> q17 [label = "c"];
	q62 -> q62 [label = "a"];
	q70 -> q55 [label = "c"];
	q37 -> q88 [label = "c"];
	q1 -> q0 [label = "c"];
	q12 -> q73 [label = "a"];
	q65 -> q45 [label = "a"];
	q35 -> q75 [label = "a"];
	q12 -> q94 [label = "b"];
	q54 -> q99 [label = "c"];
	q33 -> q40 [label = "c"];
	q85 -> q45 [label = "a"];
	q56 -> q67 [label = "b"];
	q46 -> q79 [label = "c"];
	q9 -> q54 [label = "a"];
	q50 -> q48 [label = "c"];
	q70 -> q56 [label = "b"];
	q39 -> q100 [label = "b"];
	q25 -> q73 [label = "a"];
	q30 -> q100 [label = "b"];
	q36 -> q67 [label = "b"];
	q19 -> q10 [label = "b"];
	q9 -> q53 [label = "b"];
	q39 -> q60 [label = "a"];
	q87 -> q89 [label = "c"];
	q69 -> q69 [label = "b"];
	q92 -> q69 [label = "b"];
	q96 -> q94 [label = "b"];
	q68 -> q57 [label = "a"];
	q20 -> q22 [label = "a"];
	q98 -> q96 [label = "a"];
	q14 -> q56 [label = "b"];
	q100 -> q65 [label = "c"];
	q24 -> q94 [label = "b"];
	q39 -> q33 [label = "c"];
	q38 -> q100 [label = "b"];
	q93 -> q69 [label = "b"];
	q95 -> q65 [label = "c"];
	q8 -> q73 [label = "a"];
	q44 -> q97 [label = "c"];
	q28 -> q76 [label = "b"];
	q1 -> q71 [label = "b"];
	q101 -> q67 [label = "b"];
	q9 -> q6 [label = "c"];
	q94 -> q32 [label = "a"];
	q99 -> q35 [label = "c"];
	q100 -> q43 [label = "a"];
	q30 -> q60 [label = "a"];
	q88 -> q90 [label = "b"];
	q83 -> q60 [label = "a"];
	q100 -> q69 [label = "b"];
	q14 -> q72 [label = "a"];
	q58 -> q51 [label = "c"];
	q3 -> q9 [label = "b"];
	q63 -> q66 [label = "a"];
	q29 -> q24 [label = "c"];
	q95 -> q45 [label = "a"];
	q98 -> q67 [label = "b"];
	q27 -> q18 [label = "c"];
	q31 -> q73 [label = "a"];
	q97 -> q79 [label = "c"];
	q47 -> q78 [label = "c"];
	q97 -> q96 [label = "b"];
	q88 -> q73 [label = "a"];
	q11 -> q38 [label = "b"];
	q61 -> q91 [label = "b"];
	q91 -> q67 [label = "b"];
	q32 -> q60 [label = "a"];
	q53 -> q61 [label = "a"];
	q45 -> q62 [label = "a"];
	q41 -> q46 [label = "c"];
	q18 -> q97 [label = "c"];
	q99 -> q67 [label = "b"];
	q23 -> q72 [label = "a"];
	q97 -> q45 [label = "a"];
	q59 -> q60 [label = "a"];
	q89 -> q29 [label = "b"];
	q45 -> q41 [label = "c"];
	q89 -> q60 [label = "a"];
	q92 -> q62 [label = "a"];
	q31 -> q28 [label = "c"];
	q5 -> q87 [label = "c"];
	q61 -> q60 [label = "a"];
	q90 -> q30 [label = "c"];
	q33 -> q45 [label = "a"];
	q96 -> q36 [label = "c"];
	q58 -> q73 [label = "a"];
	q81 -> q85 [label = "c"];
	q46 -> q96 [label = "b"];
	q52 -> q60 [label = "a"];
	q94 -> q65 [label = "c"];
	q53 -> q101 [label = "c"];
	q14 -> q35 [label = "c"];
	q35 -> q83 [label = "c"];
	q15 -> q60 [label = "a"];
	q42 -> q54 [label = "a"];
	q8 -> q90 [label = "b"];
	q17 -> q35 [label = "c"];
	q0 -> q73 [label = "a"];
	q44 -> q67 [label = "b"];
	q41 -> q19 [label = "a"];
	q31 -> q90 [label = "b"];
	q99 -> q66 [label = "a"];
	q23 -> q56 [label = "b"];
	q78 -> q76 [label = "b"];
	q98 -> q95 [label = "c"];
	q36 -> q72 [label = "a"];
	q52 -> q74 [label = "b"];
	q76 -> q82 [label = "c"];
	q68 -> q67 [label = "b"];
	q101 -> q19 [label = "a"];
	q93 -> q93 [label = "c"];
	q43 -> q62 [label = "a"];
	q48 -> q31 [label = "c"];
	q4 -> q72 [label = "a"];
	q27 -> q56 [label = "b"];
	q47 -> q67 [label = "b"];
	q52 -> q26 [label = "c"];
	q38 -> q61 [label = "a"];
	q71 -> q54 [label = "a"];
	q42 -> q94 [label = "b"];
	q51 -> q75 [label = "a"];
	q94 -> q69 [label = "b"];
	q38 -> q26 [label = "c"];
	q55 -> q66 [label = "a"];
	q69 -> q93 [label = "c"];
	q29 -> q70 [label = "a"];
	q40 -> q72 [label = "a"];
	q6 -> q3 [label = "c"];
	q0 -> q71 [label = "b"];
	q6 -> q53 [label = "b"];
	q87 -> q20 [label = "a"];
	q1 -> q73 [label = "a"];
	q40 -> q46 [label = "c"];
	q7 -> q4 [label = "c"];
	q3 -> q20 [label = "a"];
	q7 -> q67 [label = "b"];
	q11 -> q39 [label = "c"];
	q5 -> q72 [label = "a"];
	q13 -> q86 [label = "b"];
	q6 -> q73 [label = "a"];
	q91 -> q95 [label = "c"];
	q24 -> q51 [label = "c"];
	q4 -> q56 [label = "b"];
	q86 -> q21 [label = "a"];
	q82 -> q38 [label = "b"];
	q7 -> q72 [label = "a"];
	q26 -> q72 [label = "a"];
	q66 -> q70 [label = "a"];
	q21 -> q94 [label = "b"];
	q5 -> q10 [label = "b"];
	q3 -> q2 [label = "c"];
	q92 -> q65 [label = "c"];
	q15 -> q11 [label = "b"];
	q20 -> q13 [label = "c"];
	q95 -> q69 [label = "b"];
	q16 -> q45 [label = "a"];
	q90 -> q32 [label = "a, b"];
	q22 -> q15 [label = "c"];
	q16 -> q64 [label = "b"];
	q18 -> q66 [label = "a"];
	q74 -> q30 [label = "c"];
	q22 -> q76 [label = "b"];
	q16 -> q65 [label = "c"];
	q21 -> q14 [label = "c"];
	q17 -> q66 [label = "a"];
	q77 -> q53 [label = "b"];
	q2 -> q1 [label = "c"];
	q23 -> q16 [label = "c"];
	q17 -> q56 [label = "b"];
	q19 -> q23 [label = "a"];
	q59 -> q52 [label = "c"];
	q41 -> q67 [label = "b"];
	q21 -> q73 [label = "a"];
	q44 -> q72 [label = "a"];
	q22 -> q22 [label = "a"];
	q20 -> q76 [label = "b"];
	q42 -> q34 [label = "c"];
	q57 -> q95 [label = "c"];
	q35 -> q76 [label = "b"];
	q43 -> q40 [label = "c"];
	q70 -> q72 [label = "a"];
	q45 -> q64 [label = "b"];
	q89 -> q8 [label = "c"];
	q47 -> q66 [label = "a"];
	q48 -> q60 [label = "a"];
	q50 -> q49 [label = "b"];
	q76 -> q54 [label = "a"];
	q48 -> q77 [label = "b"];
	q50 -> q73 [label = "a"];
	q96 -> q27 [label = "a"];
	q40 -> q67 [label = "b"];
	q49 -> q25 [label = "a"];
	q51 -> q76 [label = "b"];
	q27 -> q57 [label = "a"];
	q49 -> q42 [label = "b"];
	q55 -> q97 [label = "c"];
	q68 -> q44 [label = "c"];
	q49 -> q24 [label = "c"];
	q55 -> q56 [label = "b"];
	q54 -> q27 [label = "a"];
	q86 -> q38 [label = "b"];
	q37 -> q96 [label = "b"];
	q53 -> q100 [label = "b"];
	q56 -> q96 [label = "a"];
	q77 -> q58 [label = "c"];
	q67 -> q32 [label = "a"];
	q58 -> q94 [label = "b"];
	q60 -> q63 [label = "c"];
	q2 -> q73 [label = "a"];
	q62 -> q65 [label = "c"];
	q43 -> q69 [label = "b"];
	q56 -> q92 [label = "c"];
	q66 -> q58 [label = "c"];
	q60 -> q62 [label = "a"];
	q62 -> q64 [label = "b"];
	q60 -> q64 [label = "b"];
	q59 -> q61 [label = "b"];
	q61 -> q47 [label = "c"];
	q57 -> q56 [label = "b"];
	q63 -> q46 [label = "c"];
	q64 -> q68 [label = "a"];
	q64 -> q92 [label = "c"];
	q66 -> q71 [label = "b"];
	q67 -> q69 [label = "b"];
	q74 -> q43 [label = "a"];
	q65 -> q69 [label = "b"];
	q30 -> q43 [label = "c"];
	q71 -> q58 [label = "c"];
	q65 -> q93 [label = "c"];
	q71 -> q53 [label = "b"];
}
DFA size: 102 states

NL* output after 11 EQ and 7149 MQ:
digraph finite_state_machine {
	rankdir=LR;
	node [shape = circle];
	s0 [shape = point, style = invis, start="true" ];
	s1 [shape = point, style = invis, start="true" ];
	s2 [shape = point, style = invis, start="true" ];
	s3 [shape = point, style = invis, start="true" ];
	q0 [label = "q0", shape = doublecircle, final="true" ];
	q1 [label = "q1", shape = doublecircle, final="true" ];
	q2 [label = "q2", shape = doublecircle, final="true" ];
	q3 [label = "q3", shape = doublecircle, final="true" ];
	q4 [label = "q4", shape = doublecircle, final="true" ];
	q5 [label = "q5"];
	q6 [label = "q6", shape = doublecircle, final="true" ];
	q7 [label = "q7", shape = doublecircle, final="true" ];
	q8 [label = "q8", shape = doublecircle, final="true" ];
	q9 [label = "q9"];
	q10 [label = "q10"];
	q11 [label = "q11", shape = doublecircle, final="true" ];
	q12 [label = "q12", shape = doublecircle, final="true" ];
	q13 [label = "q13", shape = doublecircle, final="true" ];
	q14 [label = "q14"];
	q15 [label = "q15"];
	q16 [label = "q16"];
	q17 [label = "q17", shape = doublecircle, final="true" ];
	q18 [label = "q18", shape = doublecircle, final="true" ];
	q19 [label = "q19", shape = doublecircle, final="true" ];
	q20 [label = "q20", shape = doublecircle, final="true" ];
	q21 [label = "q21", shape = doublecircle, final="true" ];
	q22 [label = "q22", shape = doublecircle, final="true" ];
	q23 [label = "q23"];
	q24 [label = "q24"];
	q25 [label = "q25", shape = doublecircle, final="true" ];
	q26 [label = "q26", shape = doublecircle, final="true" ];
	q27 [label = "q27"];
	q28 [label = "q28", shape = doublecircle, final="true" ];
	q29 [label = "q29"];
	q30 [label = "q30"];
	s0 -> q2
	s1 -> q11
	s2 -> q22
	s3 -> q26
	q20 -> q27 [label = "b"];
	q20 -> q5 [label = "b"];
	q17 -> q25 [label = "c"];
	q17 -> q3 [label = "c"];
	q23 -> q26 [label = "b"];
	q23 -> q22 [label = "b"];
	q23 -> q19 [label = "b"];
	q21 -> q21 [label = "a"];
	q23 -> q15 [label = "b"];
	q23 -> q9 [label = "b"];
	q23 -> q3 [label = "b"];
	q21 -> q12 [label = "a"];
	q23 -> q1 [label = "b"];
	q23 -> q24 [label = "c"];
	q23 -> q17 [label = "c"];
	q17 -> q15 [label = "b"];
	q23 -> q4 [label = "b, c"];
	q19 -> q20 [label = "b"];
	q19 -> q18 [label = "a, b"];
	q19 -> q5 [label = "b"];
	q17 -> q18 [label = "a"];
	q21 -> q24 [label = "c"];
	q16 -> q29 [label = "c"];
	q16 -> q21 [label = "c"];
	q16 -> q20 [label = "c"];
	q16 -> q13 [label = "c"];
	q16 -> q11 [label = "c"];
	q19 -> q27 [label = "a, b"];
	q16 -> q10 [label = "c"];
	q16 -> q4 [label = "c"];
	q16 -> q3 [label = "c"];
	q23 -> q11 [label = "b"];
	q15 -> q23 [label = "a, b, c"];
	q15 -> q20 [label = "a, b, c"];
	q22 -> q18 [label = "a, b, c"];
	q21 -> q10 [label = "b"];
	q15 -> q17 [label = "c"];
	q15 -> q1 [label = "a, b, c"];
	q15 -> q10 [label = "c"];
	q15 -> q4 [label = "c"];
	q15 -> q14 [label = "a, b, c"];
	q11 -> q27 [label = "a, b"];
	q23 -> q13 [label = "b"];
	q15 -> q11 [label = "c"];
	q2 -> q12 [label = "a"];
	q30 -> q18 [label = "a"];
	q17 -> q12 [label = "a"];
	q11 -> q12 [label = "a"];
	q9 -> q29 [label = "b, c"];
	q9 -> q27 [label = "a, b"];
	q11 -> q21 [label = "a"];
	q17 -> q8 [label = "c"];
	q9 -> q23 [label = "b"];
	q23 -> q10 [label = "b"];
	q1 -> q18 [label = "a"];
	q23 -> q29 [label = "b, c"];
	q16 -> q18 [label = "c"];
	q9 -> q16 [label = "b"];
	q26 -> q27 [label = "a, b"];
	q15 -> q22 [label = "c"];
	q19 -> q17 [label = "c"];
	q6 -> q3 [label = "a, c"];
	q12 -> q5 [label = "b"];
	q15 -> q2 [label = "c"];
	q24 -> q29 [label = "b"];
	q0 -> q3 [label = "c"];
	q21 -> q28 [label = "a, b"];
	q23 -> q27 [label = "a, b"];
	q15 -> q26 [label = "c"];
	q21 -> q26 [label = "b"];
	q26 -> q1 [label = "c"];
	q1 -> q5 [label = "b"];
	q10 -> q18 [label = "a"];
	q21 -> q20 [label = "b"];
	q21 -> q13 [label = "b"];
	q9 -> q15 [label = "b"];
	q21 -> q9 [label = "b"];
	q25 -> q5 [label = "b"];
	q21 -> q4 [label = "b"];
	q24 -> q15 [label = "b"];
	q14 -> q9 [label = "b"];
	q14 -> q4 [label = "c"];
	q21 -> q2 [label = "b"];
	q23 -> q21 [label = "a, b"];
	q15 -> q21 [label = "a, b, c"];
	q24 -> q20 [label = "a"];
	q24 -> q24 [label = "b"];
	q24 -> q10 [label = "b"];
	q20 -> q12 [label = "a"];
	q25 -> q14 [label = "b"];
	q18 -> q29 [label = "c"];
	q27 -> q29 [label = "c"];
	q24 -> q25 [label = "c"];
	q1 -> q0 [label = "c"];
	q15 -> q7 [label = "a, b, c"];
	q14 -> q29 [label = "b"];
	q6 -> q5 [label = "b"];
	q28 -> q16 [label = "b"];
	q27 -> q28 [label = "a"];
	q13 -> q12 [label = "a"];
	q25 -> q8 [label = "a"];
	q25 -> q26 [label = "c"];
	q14 -> q15 [label = "b"];
	q28 -> q30 [label = "b, c"];
	q6 -> q20 [label = "a"];
	q23 -> q30 [label = "b, c"];
	q15 -> q9 [label = "a, b, c"];
	q14 -> q23 [label = "b"];
	q15 -> q3 [label = "c"];
	q28 -> q10 [label = "b"];
	q28 -> q9 [label = "b"];
	q17 -> q5 [label = "b"];
	q9 -> q10 [label = "b"];
	q24 -> q9 [label = "b"];
	q29 -> q5 [label = "b"];
	q15 -> q29 [label = "c"];
	q8 -> q5 [label = "b"];
	q12 -> q3 [label = "a"];
	q21 -> q1 [label = "b"];
	q25 -> q3 [label = "a"];
	q21 -> q3 [label = "b"];
	q22 -> q20 [label = "c"];
	q29 -> q25 [label = "c"];
	q21 -> q27 [label = "a, b"];
	q25 -> q12 [label = "a"];
	q26 -> q12 [label = "a"];
	q30 -> q25 [label = "c"];
	q21 -> q18 [label = "a, b"];
	q17 -> q27 [label = "a, b"];
	q29 -> q9 [label = "b"];
	q10 -> q11 [label = "c"];
	q29 -> q3 [label = "c"];
	q21 -> q16 [label = "b"];
	q15 -> q13 [label = "c"];
	q15 -> q0 [label = "c"];
	q29 -> q18 [label = "a"];
	q20 -> q0 [label = "c"];
	q16 -> q26 [label = "c"];
	q16 -> q14 [label = "b"];
	q20 -> q4 [label = "c"];
	q29 -> q27 [label = "b"];
	q8 -> q25 [label = "a"];
	q30 -> q14 [label = "b"];
	q20 -> q28 [label = "a"];
	q11 -> q18 [label = "a, b"];
	q7 -> q5 [label = "b"];
	q5 -> q18 [label = "a"];
	q29 -> q29 [label = "b"];
	q23 -> q18 [label = "a, b"];
	q23 -> q2 [label = "b"];
	q15 -> q5 [label = "a, b, c"];
	q16 -> q19 [label = "c"];
	q30 -> q5 [label = "b"];
	q6 -> q8 [label = "a"];
	q23 -> q20 [label = "b"];
	q9 -> q9 [label = "b"];
	q20 -> q29 [label = "c"];
	q28 -> q5 [label = "b"];
	q24 -> q27 [label = "b"];
	q13 -> q11 [label = "c"];
	q30 -> q10 [label = "b"];
	q27 -> q5 [label = "b"];
	q9 -> q4 [label = "c"];
	q3 -> q5 [label = "b"];
	q27 -> q9 [label = "b"];
	q16 -> q0 [label = "c"];
	q25 -> q25 [label = "a"];
	q30 -> q29 [label = "b"];
	q23 -> q5 [label = "b"];
	q24 -> q5 [label = "b"];
	q30 -> q9 [label = "b"];
	q8 -> q13 [label = "a"];
	q24 -> q23 [label = "b"];
	q29 -> q10 [label = "b"];
	q24 -> q8 [label = "c"];
	q30 -> q16 [label = "b"];
	q19 -> q28 [label = "a"];
	q21 -> q0 [label = "b"];
	q29 -> q16 [label = "b"];
	q19 -> q0 [label = "c"];
	q30 -> q24 [label = "b"];
	q30 -> q27 [label = "b"];
	q23 -> q28 [label = "a, b"];
	q21 -> q30 [label = "b, c"];
	q12 -> q14 [label = "b"];
	q27 -> q27 [label = "b"];
	q14 -> q18 [label = "a"];
	q21 -> q5 [label = "b"];
	q4 -> q5 [label = "b"];
	q29 -> q30 [label = "b"];
	q24 -> q30 [label = "b"];
	q16 -> q2 [label = "c"];
	q26 -> q18 [label = "a"];
	q10 -> q3 [label = "c"];
	q17 -> q16 [label = "b"];
	q24 -> q3 [label = "c"];
	q1 -> q27 [label = "a, b"];
	q28 -> q18 [label = "a"];
	q21 -> q29 [label = "b, c"];
	q24 -> q13 [label = "c"];
	q24 -> q14 [label = "b"];
	q10 -> q16 [label = "b"];
	q30 -> q3 [label = "c"];
	q7 -> q27 [label = "a, b"];
	q9 -> q30 [label = "b, c"];
	q22 -> q28 [label = "a, b"];
	q15 -> q27 [label = "a, b, c"];
	q15 -> q28 [label = "a, b, c"];
	q9 -> q28 [label = "a"];
	q6 -> q14 [label = "b"];
	q13 -> q2 [label = "c"];
	q8 -> q2 [label = "c"];
	q12 -> q12 [label = "a"];
	q30 -> q30 [label = "b"];
	q12 -> q13 [label = "a"];
	q29 -> q23 [label = "b"];
	q2 -> q27 [label = "a, b"];
	q12 -> q25 [label = "a"];
	q14 -> q5 [label = "b"];
	q14 -> q10 [label = "b"];
	q23 -> q25 [label = "b"];
	q0 -> q12 [label = "a"];
	q24 -> q18 [label = "a"];
	q14 -> q16 [label = "b"];
	q14 -> q27 [label = "a, b"];
	q14 -> q30 [label = "b"];
	q7 -> q15 [label = "b"];
	q30 -> q13 [label = "c"];
	q14 -> q0 [label = "c"];
	q14 -> q6 [label = "c"];
	q23 -> q23 [label = "b"];
	q9 -> q5 [label = "b"];
	q7 -> q18 [label = "a"];
	q8 -> q3 [label = "a"];
	q8 -> q26 [label = "c"];
	q8 -> q8 [label = "a"];
	q8 -> q12 [label = "a"];
	q10 -> q27 [label = "b"];
	q0 -> q18 [label = "a"];
	q22 -> q21 [label = "a, b"];
	q12 -> q10 [label = "c"];
	q4 -> q3 [label = "c"];
	q19 -> q1 [label = "b"];
	q11 -> q28 [label = "a"];
	q0 -> q27 [label = "a, b"];
	q25 -> q2 [label = "c"];
	q6 -> q13 [label = "a, c"];
	q0 -> q5 [label = "b"];
	q4 -> q18 [label = "a"];
	q19 -> q12 [label = "a"];
	q2 -> q18 [label = "a"];
	q30 -> q20 [label = "a"];
	q6 -> q9 [label = "b"];
	q11 -> q1 [label = "c"];
	q22 -> q12 [label = "a"];
	q6 -> q27 [label = "a, b"];
	q24 -> q16 [label = "b"];
	q4 -> q12 [label = "a"];
	q4 -> q27 [label = "a, b"];
	q5 -> q0 [label = "c"];
	q23 -> q16 [label = "b"];
	q2 -> q1 [label = "c"];
	q28 -> q29 [label = "b"];
	q5 -> q4 [label = "c"];
	q1 -> q12 [label = "a"];
	q7 -> q0 [label = "c"];
	q15 -> q18 [label = "a, b, c"];
	q12 -> q8 [label = "a"];
	q28 -> q27 [label = "a, b"];
	q7 -> q6 [label = "c"];
	q3 -> q12 [label = "a"];
	q7 -> q16 [label = "b"];
	q5 -> q27 [label = "a, b"];
	q5 -> q28 [label = "a"];
	q6 -> q12 [label = "a"];
	q6 -> q18 [label = "a"];
	q6 -> q25 [label = "a"];
	q26 -> q19 [label = "c"];
	q4 -> q9 [label = "b"];
	q18 -> q27 [label = "b"];
	q7 -> q12 [label = "a"];
	q5 -> q5 [label = "b"];
	q21 -> q25 [label = "b"];
	q5 -> q9 [label = "b"];
	q16 -> q27 [label = "b, c"];
	q4 -> q23 [label = "b"];
	q5 -> q23 [label = "b"];
	q9 -> q0 [label = "c"];
	q15 -> q19 [label = "a, b, c"];
	q10 -> q0 [label = "c"];
	q16 -> q5 [label = "b, c"];
	q10 -> q1 [label = "c"];
	q19 -> q21 [label = "a"];
	q10 -> q2 [label = "c"];
	q10 -> q19 [label = "c"];
	q22 -> q19 [label = "c"];
	q10 -> q25 [label = "c"];
	q14 -> q28 [label = "a"];
	q11 -> q7 [label = "c"];
	q13 -> q5 [label = "b"];
	q16 -> q7 [label = "a"];
	q16 -> q28 [label = "a, c"];
	q28 -> q12 [label = "a"];
	q9 -> q18 [label = "a"];
	q18 -> q5 [label = "b"];
	q16 -> q22 [label = "c"];
	q8 -> q14 [label = "b"];
	q3 -> q2 [label = "c"];
	q22 -> q1 [label = "c"];
	q22 -> q7 [label = "c"];
	q18 -> q12 [label = "a"];
	q16 -> q9 [label = "b, c"];
	q23 -> q0 [label = "b, c"];
	q16 -> q23 [label = "b, c"];
	q18 -> q28 [label = "a"];
	q29 -> q15 [label = "b"];
	q16 -> q1 [label = "a, c"];
	q22 -> q27 [label = "a, b"];
}
NFA size: 31 states

