Random target AFA:
digraph finite_state_machine {
	rankdir=LR;
	node [shape = circle];
	s0 [shape = point, style = invis, start="true" ];
	s1 [shape = point, style = invis, start="true" ];
	q0 [label = "q0"];
	q1 [label = "q1", shape = doublecircle, final="true" ];
	q2 [label = "q2"];
	q3 [label = "q3", shape = doublecircle, final="true" ];
	q4 [label = "q4"];
	q5 [label = "q5", shape = doublecircle, final="true" ];
	m0 [label = "", shape = square, style = filled, color=grey, fixedsize=true, width=.2];
	m1 [label = "", shape = square, style = filled, color=grey, fixedsize=true, width=.2];
	m2 [label = "", shape = square, style = filled, color=grey, fixedsize=true, width=.2];
	m3 [label = "", shape = square, style = filled, color=grey, fixedsize=true, width=.2];
	m4 [label = "", shape = square, style = filled, color=grey, fixedsize=true, width=.2];
	m5 [label = "", shape = square, style = filled, color=grey, fixedsize=true, width=.2];
	m6 [label = "", shape = square, style = filled, color=grey, fixedsize=true, width=.2];
	m7 [label = "", shape = square, style = filled, color=grey, fixedsize=true, width=.2];
	m8 [label = "", shape = square, style = filled, color=grey, fixedsize=true, width=.2];
	m9 [label = "", shape = square, style = filled, color=grey, fixedsize=true, width=.2];
	m10 [label = "", shape = square, style = filled, color=grey, fixedsize=true, width=.2];
	s0 -> q1
	s1 -> q0
	q4 -> q2 [label = "a"];
	q0 -> m3 [label = "b"];
	q5 -> q0 [label = "c"];
	q1 -> q2 [label = "b"];
	q5 -> m5 [label = "c"];
	q3 -> q5 [label = "c"];
	q3 -> q2 [label = "a, b, c"];
	q5 -> q3 [label = "a"];
	q5 -> q5 [label = "a"];
	q0 -> q3 [label = "b"];
	q2 -> m5 [label = "c"];
	q2 -> q0 [label = "a, b"];
	q4 -> q1 [label = "a"];
	q4 -> m0 [label = "c"];
	q0 -> q0 [label = "a"];
	q4 -> m1 [label = "c"];
	q1 -> q4 [label = "a, c"];
	q0 -> m2 [label = "c"];
	q1 -> q5 [label = "a"];
	q2 -> m2 [label = "a, b"];
	q3 -> q4 [label = "b"];
	q0 -> m4 [label = "c"];
	q1 -> m6 [label = "b"];
	q3 -> q1 [label = "a"];
	q2 -> m8 [label = "c"];
	q4 -> q4 [label = "b"];
	q4 -> m7 [label = "b"];
	q5 -> m9 [label = "b"];
	q1 -> q3 [label = "c"];
	q5 -> m10 [label = "b"];
	m0 -> q1;
	m0 -> q3;
	m1 -> q0;
	m1 -> q5;
	m2 -> q1;
	m2 -> q2;
	m3 -> q3;
	m3 -> q5;
	m4 -> q2;
	m4 -> q5;
	m5 -> q2;
	m5 -> q4;
	m6 -> q1;
	m6 -> q4;
	m7 -> q0;
	m7 -> q1;
	m8 -> q0;
	m8 -> q2;
	m9 -> q1;
	m9 -> q5;
	m10 -> q0;
	m10 -> q4;
}

L* output after 13 EQ and 37878 MQ:
digraph finite_state_machine {
	rankdir=LR;
	node [shape = circle];
	s0 [shape = point, style = invis, start="true" ];
	q0 [label = "q0", shape = doublecircle, final="true" ];
	q1 [label = "q1"];
	q2 [label = "q2", shape = doublecircle, final="true" ];
	q3 [label = "q3"];
	q4 [label = "q4"];
	q5 [label = "q5"];
	q6 [label = "q6"];
	q7 [label = "q7"];
	q8 [label = "q8", shape = doublecircle, final="true" ];
	q9 [label = "q9"];
	q10 [label = "q10", shape = doublecircle, final="true" ];
	q11 [label = "q11"];
	q12 [label = "q12"];
	q13 [label = "q13", shape = doublecircle, final="true" ];
	q14 [label = "q14", shape = doublecircle, final="true" ];
	q15 [label = "q15", shape = doublecircle, final="true" ];
	q16 [label = "q16", shape = doublecircle, final="true" ];
	q17 [label = "q17"];
	q18 [label = "q18"];
	q19 [label = "q19", shape = doublecircle, final="true" ];
	q20 [label = "q20", shape = doublecircle, final="true" ];
	q21 [label = "q21"];
	q22 [label = "q22", shape = doublecircle, final="true" ];
	q23 [label = "q23", shape = doublecircle, final="true" ];
	q24 [label = "q24", shape = doublecircle, final="true" ];
	q25 [label = "q25", shape = doublecircle, final="true" ];
	q26 [label = "q26", shape = doublecircle, final="true" ];
	q27 [label = "q27"];
	q28 [label = "q28"];
	q29 [label = "q29", shape = doublecircle, final="true" ];
	q30 [label = "q30", shape = doublecircle, final="true" ];
	q31 [label = "q31", shape = doublecircle, final="true" ];
	q32 [label = "q32", shape = doublecircle, final="true" ];
	q33 [label = "q33"];
	q34 [label = "q34"];
	q35 [label = "q35"];
	q36 [label = "q36"];
	q37 [label = "q37", shape = doublecircle, final="true" ];
	q38 [label = "q38", shape = doublecircle, final="true" ];
	q39 [label = "q39", shape = doublecircle, final="true" ];
	q40 [label = "q40", shape = doublecircle, final="true" ];
	q41 [label = "q41", shape = doublecircle, final="true" ];
	q42 [label = "q42", shape = doublecircle, final="true" ];
	q43 [label = "q43", shape = doublecircle, final="true" ];
	q44 [label = "q44", shape = doublecircle, final="true" ];
	q45 [label = "q45", shape = doublecircle, final="true" ];
	q46 [label = "q46"];
	q47 [label = "q47", shape = doublecircle, final="true" ];
	q48 [label = "q48", shape = doublecircle, final="true" ];
	q49 [label = "q49", shape = doublecircle, final="true" ];
	q50 [label = "q50", shape = doublecircle, final="true" ];
	q51 [label = "q51"];
	q52 [label = "q52", shape = doublecircle, final="true" ];
	q53 [label = "q53"];
	q54 [label = "q54"];
	q55 [label = "q55", shape = doublecircle, final="true" ];
	q56 [label = "q56", shape = doublecircle, final="true" ];
	q57 [label = "q57", shape = doublecircle, final="true" ];
	q58 [label = "q58", shape = doublecircle, final="true" ];
	q59 [label = "q59", shape = doublecircle, final="true" ];
	q60 [label = "q60", shape = doublecircle, final="true" ];
	q61 [label = "q61", shape = doublecircle, final="true" ];
	q62 [label = "q62", shape = doublecircle, final="true" ];
	q63 [label = "q63"];
	q64 [label = "q64", shape = doublecircle, final="true" ];
	q65 [label = "q65", shape = doublecircle, final="true" ];
	q66 [label = "q66", shape = doublecircle, final="true" ];
	q67 [label = "q67", shape = doublecircle, final="true" ];
	q68 [label = "q68", shape = doublecircle, final="true" ];
	q69 [label = "q69", shape = doublecircle, final="true" ];
	q70 [label = "q70"];
	q71 [label = "q71"];
	q72 [label = "q72"];
	q73 [label = "q73", shape = doublecircle, final="true" ];
	q74 [label = "q74", shape = doublecircle, final="true" ];
	q75 [label = "q75", shape = doublecircle, final="true" ];
	q76 [label = "q76", shape = doublecircle, final="true" ];
	q77 [label = "q77", shape = doublecircle, final="true" ];
	q78 [label = "q78", shape = doublecircle, final="true" ];
	q79 [label = "q79"];
	q80 [label = "q80", shape = doublecircle, final="true" ];
	q81 [label = "q81", shape = doublecircle, final="true" ];
	q82 [label = "q82", shape = doublecircle, final="true" ];
	q83 [label = "q83", shape = doublecircle, final="true" ];
	q84 [label = "q84", shape = doublecircle, final="true" ];
	q85 [label = "q85", shape = doublecircle, final="true" ];
	q86 [label = "q86"];
	q87 [label = "q87"];
	q88 [label = "q88", shape = doublecircle, final="true" ];
	q89 [label = "q89"];
	q90 [label = "q90", shape = doublecircle, final="true" ];
	q91 [label = "q91", shape = doublecircle, final="true" ];
	q92 [label = "q92", shape = doublecircle, final="true" ];
	q93 [label = "q93", shape = doublecircle, final="true" ];
	q94 [label = "q94"];
	q95 [label = "q95", shape = doublecircle, final="true" ];
	q96 [label = "q96"];
	q97 [label = "q97"];
	q98 [label = "q98", shape = doublecircle, final="true" ];
	q99 [label = "q99"];
	q100 [label = "q100", shape = doublecircle, final="true" ];
	q101 [label = "q101", shape = doublecircle, final="true" ];
	q102 [label = "q102", shape = doublecircle, final="true" ];
	q103 [label = "q103"];
	q104 [label = "q104"];
	q105 [label = "q105", shape = doublecircle, final="true" ];
	q106 [label = "q106"];
	q107 [label = "q107"];
	q108 [label = "q108", shape = doublecircle, final="true" ];
	s0 -> q66
	q85 -> q51 [label = "b"];
	q87 -> q86 [label = "a"];
	q84 -> q71 [label = "b"];
	q82 -> q58 [label = "c"];
	q85 -> q56 [label = "a"];
	q81 -> q83 [label = "c"];
	q87 -> q89 [label = "b"];
	q83 -> q92 [label = "a"];
	q87 -> q99 [label = "c"];
	q85 -> q54 [label = "c"];
	q86 -> q35 [label = "c"];
	q84 -> q58 [label = "c"];
	q82 -> q67 [label = "b"];
	q74 -> q60 [label = "c"];
	q79 -> q79 [label = "b"];
	q77 -> q59 [label = "a"];
	q73 -> q82 [label = "c"];
	q73 -> q78 [label = "b"];
	q77 -> q58 [label = "c"];
	q75 -> q75 [label = "b"];
	q73 -> q62 [label = "a"];
	q76 -> q69 [label = "a"];
	q72 -> q91 [label = "b"];
	q76 -> q74 [label = "c"];
	q74 -> q61 [label = "b"];
	q72 -> q69 [label = "a"];
	q75 -> q69 [label = "a"];
	q67 -> q74 [label = "c"];
	q66 -> q68 [label = "c"];
	q71 -> q72 [label = "b"];
	q69 -> q30 [label = "a"];
	q65 -> q64 [label = "c"];
	q69 -> q91 [label = "c"];
	q82 -> q59 [label = "a"];
	q67 -> q70 [label = "b"];
	q65 -> q59 [label = "a"];
	q70 -> q77 [label = "c"];
	q66 -> q73 [label = "a"];
	q64 -> q63 [label = "b"];
	q28 -> q35 [label = "c"];
	q24 -> q20 [label = "c"];
	q28 -> q28 [label = "a"];
	q21 -> q20 [label = "c"];
	q31 -> q79 [label = "b"];
	q27 -> q35 [label = "c"];
	q37 -> q36 [label = "c"];
	q32 -> q30 [label = "a"];
	q94 -> q7 [label = "c"];
	q89 -> q21 [label = "b"];
	q59 -> q30 [label = "a"];
	q32 -> q37 [label = "c"];
	q31 -> q77 [label = "c"];
	q50 -> q62 [label = "a"];
	q26 -> q83 [label = "c"];
	q52 -> q50 [label = "a"];
	q33 -> q32 [label = "a"];
	q14 -> q51 [label = "b"];
	q33 -> q17 [label = "c"];
	q62 -> q62 [label = "a"];
	q80 -> q29 [label = "a"];
	q36 -> q18 [label = "b"];
	q7 -> q46 [label = "a"];
	q35 -> q99 [label = "c"];
	q98 -> q105 [label = "c"];
	q107 -> q6 [label = "b"];
	q44 -> q101 [label = "c"];
	q14 -> q96 [label = "c"];
	q46 -> q35 [label = "c"];
	q40 -> q19 [label = "b"];
	q97 -> q87 [label = "c"];
	q27 -> q28 [label = "a"];
	q42 -> q50 [label = "a"];
	q46 -> q48 [label = "b"];
	q32 -> q31 [label = "b"];
	q106 -> q27 [label = "a"];
	q79 -> q69 [label = "a"];
	q78 -> q83 [label = "c"];
	q45 -> q77 [label = "c"];
	q39 -> q49 [label = "c"];
	q43 -> q67 [label = "b"];
	q74 -> q92 [label = "a"];
	q96 -> q104 [label = "b"];
	q17 -> q18 [label = "b"];
	q41 -> q95 [label = "a"];
	q40 -> q36 [label = "c"];
	q45 -> q69 [label = "a"];
	q90 -> q100 [label = "b"];
	q93 -> q62 [label = "a"];
	q41 -> q40 [label = "c"];
	q43 -> q95 [label = "a"];
	q84 -> q59 [label = "a"];
	q34 -> q86 [label = "a"];
	q3 -> q1 [label = "c"];
	q88 -> q43 [label = "b"];
	q68 -> q90 [label = "a"];
	q10 -> q78 [label = "b"];
	q70 -> q76 [label = "b"];
	q101 -> q60 [label = "c"];
	q102 -> q79 [label = "b"];
	q47 -> q77 [label = "c"];
	q96 -> q103 [label = "a"];
	q22 -> q71 [label = "b"];
	q99 -> q86 [label = "a"];
	q16 -> q12 [label = "c"];
	q80 -> q23 [label = "b"];
	q70 -> q69 [label = "a"];
	q100 -> q77 [label = "c"];
	q24 -> q79 [label = "b"];
	q88 -> q97 [label = "c"];
	q27 -> q24 [label = "b"];
	q33 -> q51 [label = "b"];
	q103 -> q48 [label = "b"];
	q57 -> q75 [label = "b"];
	q29 -> q91 [label = "b"];
	q63 -> q72 [label = "b"];
	q101 -> q57 [label = "b"];
	q14 -> q38 [label = "a"];
	q59 -> q91 [label = "b"];
	q104 -> q59 [label = "a"];
	q25 -> q71 [label = "b"];
	q2 -> q0 [label = "a"];
	q18 -> q51 [label = "b"];
	q105 -> q58 [label = "c"];
	q48 -> q79 [label = "b"];
	q93 -> q98 [label = "b"];
	q101 -> q92 [label = "a"];
	q80 -> q36 [label = "c"];
	q106 -> q35 [label = "c"];
	q36 -> q86 [label = "a"];
	q71 -> q69 [label = "a"];
	q8 -> q29 [label = "a"];
	q92 -> q62 [label = "a"];
	q29 -> q37 [label = "c"];
	q107 -> q107 [label = "c"];
	q49 -> q53 [label = "b"];
	q100 -> q76 [label = "b"];
	q29 -> q30 [label = "a"];
	q11 -> q59 [label = "a"];
	q22 -> q69 [label = "a"];
	q107 -> q46 [label = "a"];
	q86 -> q28 [label = "a"];
	q15 -> q29 [label = "a"];
	q49 -> q29 [label = "a"];
	q94 -> q86 [label = "a"];
	q13 -> q10 [label = "a"];
	q35 -> q89 [label = "b"];
	q108 -> q45 [label = "b"];
	q44 -> q62 [label = "a"];
	q106 -> q21 [label = "b"];
	q34 -> q107 [label = "c"];
	q105 -> q59 [label = "a"];
	q91 -> q69 [label = "a"];
	q30 -> q62 [label = "a"];
	q52 -> q29 [label = "b"];
	q43 -> q42 [label = "c"];
	q78 -> q71 [label = "b"];
	q105 -> q47 [label = "b"];
	q99 -> q106 [label = "b"];
	q38 -> q30 [label = "a"];
	q63 -> q64 [label = "c"];
	q95 -> q57 [label = "b"];
	q61 -> q84 [label = "c"];
	q39 -> q59 [label = "a"];
	q15 -> q11 [label = "b"];
	q56 -> q30 [label = "a"];
	q53 -> q51 [label = "b"];
	q104 -> q49 [label = "c"];
	q108 -> q84 [label = "c"];
	q77 -> q65 [label = "b"];
	q67 -> q69 [label = "a"];
	q4 -> q2 [label = "c"];
	q103 -> q28 [label = "a"];
	q71 -> q77 [label = "c"];
	q0 -> q45 [label = "b"];
	q25 -> q16 [label = "c"];
	q47 -> q69 [label = "a"];
	q26 -> q95 [label = "a"];
	q23 -> q15 [label = "c"];
	q90 -> q91 [label = "c"];
	q89 -> q35 [label = "c"];
	q55 -> q52 [label = "c"];
	q40 -> q29 [label = "a"];
	q97 -> q86 [label = "a"];
	q83 -> q60 [label = "c"];
	q38 -> q37 [label = "c"];
	q100 -> q69 [label = "a"];
	q2 -> q34 [label = "c"];
	q58 -> q53 [label = "b"];
	q30 -> q26 [label = "b"];
	q6 -> q3 [label = "c"];
	q81 -> q95 [label = "a"];
	q11 -> q15 [label = "c"];
	q35 -> q103 [label = "a"];
	q92 -> q101 [label = "c"];
	q7 -> q5 [label = "b"];
	q50 -> q81 [label = "b"];
	q52 -> q97 [label = "c"];
	q48 -> q69 [label = "a"];
	q95 -> q76 [label = "c"];
	q60 -> q55 [label = "b"];
	q39 -> q79 [label = "b"];
	q96 -> q87 [label = "c"];
	q51 -> q80 [label = "c"];
	q55 -> q69 [label = "a"];
	q91 -> q71 [label = "b"];
	q78 -> q93 [label = "a"];
	q102 -> q49 [label = "c"];
	q31 -> q90 [label = "a"];
	q51 -> q79 [label = "b"];
	q97 -> q22 [label = "b"];
	q34 -> q33 [label = "b"];
	q103 -> q35 [label = "c"];
	q94 -> q102 [label = "b"];
	q98 -> q76 [label = "b"];
	q72 -> q77 [label = "c"];
	q88 -> q50 [label = "a"];
	q92 -> q81 [label = "b"];
	q37 -> q29 [label = "a"];
	q42 -> q41 [label = "b"];
	q66 -> q67 [label = "b"];
	q10 -> q62 [label = "a"];
	q93 -> q76 [label = "c"];
	q86 -> q22 [label = "b"];
	q26 -> q71 [label = "b"];
	q15 -> q36 [label = "c"];
	q61 -> q30 [label = "a"];
	q83 -> q98 [label = "b"];
	q24 -> q90 [label = "a"];
	q102 -> q108 [label = "a"];
	q23 -> q59 [label = "a"];
	q89 -> q28 [label = "a"];
	q1 -> q106 [label = "b"];
	q30 -> q82 [label = "c"];
	q9 -> q21 [label = "b"];
	q16 -> q13 [label = "b"];
	q48 -> q20 [label = "c"];
	q9 -> q103 [label = "a"];
	q16 -> q50 [label = "a"];
	q79 -> q77 [label = "c"];
	q11 -> q79 [label = "b"];
	q64 -> q58 [label = "c"];
	q17 -> q103 [label = "a"];
	q41 -> q91 [label = "b"];
	q13 -> q9 [label = "c"];
	q57 -> q95 [label = "a"];
	q8 -> q36 [label = "c"];
	q54 -> q87 [label = "c"];
	q12 -> q86 [label = "a"];
	q55 -> q71 [label = "b"];
	q8 -> q55 [label = "b"];
	q51 -> q69 [label = "a"];
	q3 -> q103 [label = "a"];
	q81 -> q70 [label = "b"];
	q12 -> q7 [label = "c"];
	q0 -> q30 [label = "a"];
	q56 -> q67 [label = "b"];
	q98 -> q95 [label = "a"];
	q13 -> q55 [label = "b"];
	q2 -> q14 [label = "b"];
	q6 -> q4 [label = "b"];
	q0 -> q37 [label = "c"];
	q4 -> q69 [label = "a"];
	q50 -> q88 [label = "c"];
	q54 -> q86 [label = "a"];
	q5 -> q3 [label = "c"];
	q76 -> q67 [label = "b"];
	q36 -> q99 [label = "c"];
	q7 -> q99 [label = "c"];
	q108 -> q30 [label = "a"];
	q1 -> q103 [label = "a"];
	q75 -> q74 [label = "c"];
	q3 -> q89 [label = "b"];
	q65 -> q72 [label = "b"];
	q47 -> q72 [label = "b"];
	q44 -> q57 [label = "b"];
	q1 -> q107 [label = "c"];
	q25 -> q90 [label = "a"];
	q6 -> q27 [label = "a"];
	q4 -> q79 [label = "b"];
	q28 -> q25 [label = "b"];
	q5 -> q4 [label = "b"];
	q58 -> q94 [label = "c"];
	q9 -> q87 [label = "c"];
	q60 -> q54 [label = "c"];
	q10 -> q8 [label = "c"];
	q12 -> q25 [label = "b"];
	q68 -> q74 [label = "c"];
	q45 -> q79 [label = "b"];
	q49 -> q34 [label = "c"];
	q20 -> q34 [label = "c"];
	q69 -> q75 [label = "b"];
	q22 -> q16 [label = "c"];
	q37 -> q51 [label = "b"];
	q18 -> q38 [label = "a"];
	q20 -> q29 [label = "a"];
	q42 -> q97 [label = "c"];
	q5 -> q28 [label = "a"];
	q19 -> q79 [label = "b"];
	q19 -> q69 [label = "a"];
	q38 -> q68 [label = "b"];
	q23 -> q79 [label = "b"];
	q17 -> q99 [label = "c"];
	q20 -> q14 [label = "b"];
	q18 -> q17 [label = "c"];
	q46 -> q27 [label = "a"];
	q54 -> q39 [label = "b"];
	q68 -> q71 [label = "b"];
	q19 -> q80 [label = "c"];
	q53 -> q96 [label = "c"];
	q53 -> q38 [label = "a"];
	q58 -> q56 [label = "a"];
	q62 -> q44 [label = "c"];
	q90 -> q30 [label = "a"];
	q95 -> q62 [label = "a"];
	q56 -> q85 [label = "c"];
	q60 -> q56 [label = "a"];
	q62 -> q57 [label = "b"];
	q91 -> q74 [label = "c"];
	q21 -> q79 [label = "b"];
	q57 -> q83 [label = "c"];
	q59 -> q84 [label = "c"];
	q61 -> q76 [label = "b"];
	q99 -> q107 [label = "c"];
	q104 -> q79 [label = "b"];
	q63 -> q59 [label = "a"];
	q21 -> q69 [label = "a"];
	q64 -> q59 [label = "a"];
}
DFA size: 109 states

NL* output after 14 EQ and 17577 MQ:
digraph finite_state_machine {
	rankdir=LR;
	node [shape = circle];
	s0 [shape = point, style = invis, start="true" ];
	s1 [shape = point, style = invis, start="true" ];
	s2 [shape = point, style = invis, start="true" ];
	s3 [shape = point, style = invis, start="true" ];
	s4 [shape = point, style = invis, start="true" ];
	s5 [shape = point, style = invis, start="true" ];
	s6 [shape = point, style = invis, start="true" ];
	s7 [shape = point, style = invis, start="true" ];
	s8 [shape = point, style = invis, start="true" ];
	s9 [shape = point, style = invis, start="true" ];
	s10 [shape = point, style = invis, start="true" ];
	q0 [label = "q0"];
	q1 [label = "q1", shape = doublecircle, final="true" ];
	q2 [label = "q2"];
	q3 [label = "q3"];
	q4 [label = "q4"];
	q5 [label = "q5"];
	q6 [label = "q6"];
	q7 [label = "q7"];
	q8 [label = "q8"];
	q9 [label = "q9", shape = doublecircle, final="true" ];
	q10 [label = "q10", shape = doublecircle, final="true" ];
	q11 [label = "q11", shape = doublecircle, final="true" ];
	q12 [label = "q12"];
	q13 [label = "q13"];
	q14 [label = "q14"];
	q15 [label = "q15", shape = doublecircle, final="true" ];
	q16 [label = "q16", shape = doublecircle, final="true" ];
	q17 [label = "q17"];
	q18 [label = "q18", shape = doublecircle, final="true" ];
	q19 [label = "q19", shape = doublecircle, final="true" ];
	q20 [label = "q20", shape = doublecircle, final="true" ];
	q21 [label = "q21", shape = doublecircle, final="true" ];
	q22 [label = "q22"];
	q23 [label = "q23"];
	q24 [label = "q24"];
	q25 [label = "q25", shape = doublecircle, final="true" ];
	q26 [label = "q26", shape = doublecircle, final="true" ];
	q27 [label = "q27", shape = doublecircle, final="true" ];
	q28 [label = "q28", shape = doublecircle, final="true" ];
	q29 [label = "q29"];
	q30 [label = "q30"];
	q31 [label = "q31", shape = doublecircle, final="true" ];
	q32 [label = "q32", shape = doublecircle, final="true" ];
	q33 [label = "q33"];
	q34 [label = "q34", shape = doublecircle, final="true" ];
	q35 [label = "q35"];
	q36 [label = "q36", shape = doublecircle, final="true" ];
	q37 [label = "q37"];
	q38 [label = "q38"];
	q39 [label = "q39"];
	s0 -> q4
	s1 -> q5
	s2 -> q12
	s3 -> q14
	s4 -> q19
	s5 -> q23
	s6 -> q27
	s7 -> q35
	s8 -> q36
	s9 -> q38
	s10 -> q39
	q22 -> q39 [label = "a"];
	q21 -> q34 [label = "a"];
	q21 -> q28 [label = "a"];
	q21 -> q25 [label = "a"];
	q23 -> q22 [label = "b"];
	q23 -> q5 [label = "b"];
	q19 -> q39 [label = "a"];
	q19 -> q29 [label = "a"];
	q19 -> q20 [label = "a"];
	q19 -> q7 [label = "a"];
	q17 -> q3 [label = "b"];
	q23 -> q6 [label = "b, c"];
	q19 -> q18 [label = "b"];
	q19 -> q16 [label = "b"];
	q19 -> q9 [label = "b"];
	q19 -> q4 [label = "b"];
	q19 -> q3 [label = "b"];
	q17 -> q39 [label = "a"];
	q17 -> q38 [label = "a"];
	q17 -> q37 [label = "a, b, c"];
	q17 -> q35 [label = "a, b"];
	q17 -> q32 [label = "a"];
	q19 -> q13 [label = "a, b"];
	q17 -> q29 [label = "a, c"];
	q17 -> q27 [label = "a"];
	q17 -> q24 [label = "a, b"];
	q17 -> q23 [label = "a, b"];
	q17 -> q22 [label = "a, b, c"];
	q17 -> q14 [label = "a, b"];
	q17 -> q9 [label = "a, c"];
	q17 -> q30 [label = "a, b, c"];
	q17 -> q7 [label = "a"];
	q17 -> q4 [label = "a, b"];
	q17 -> q2 [label = "a, b, c"];
	q17 -> q0 [label = "a, b, c"];
	q21 -> q11 [label = "c"];
	q20 -> q36 [label = "a"];
	q20 -> q34 [label = "a"];
	q20 -> q25 [label = "a"];
	q20 -> q21 [label = "a"];
	q20 -> q19 [label = "a"];
	q20 -> q18 [label = "a"];
	q20 -> q10 [label = "a, b"];
	q20 -> q8 [label = "a"];
	q22 -> q13 [label = "b"];
	q18 -> q39 [label = "a"];
	q18 -> q38 [label = "a"];
	q18 -> q25 [label = "a"];
	q18 -> q16 [label = "a"];
	q18 -> q13 [label = "a, c"];
	q18 -> q12 [label = "a"];
	q18 -> q2 [label = "a"];
	q18 -> q0 [label = "a, c"];
	q18 -> q23 [label = "a, b"];
	q18 -> q5 [label = "a, b"];
	q18 -> q4 [label = "a, b"];
	q16 -> q37 [label = "a, c"];
	q16 -> q35 [label = "a, b"];
	q16 -> q33 [label = "a, c"];
	q16 -> q32 [label = "a"];
	q16 -> q30 [label = "a"];
	q16 -> q29 [label = "a"];
	q18 -> q1 [label = "a"];
	q16 -> q27 [label = "a"];
	q16 -> q25 [label = "a"];
	q16 -> q24 [label = "a"];
	q16 -> q23 [label = "a, b"];
	q16 -> q16 [label = "a"];
	q16 -> q13 [label = "a, c"];
	q16 -> q12 [label = "a"];
	q16 -> q6 [label = "a"];
	q16 -> q36 [label = "a"];
	q16 -> q0 [label = "a, c"];
	q20 -> q38 [label = "a, c"];
	q20 -> q35 [label = "a, b, c"];
	q20 -> q32 [label = "a, b, c"];
	q20 -> q30 [label = "a, b, c"];
	q20 -> q23 [label = "a, b, c"];
	q20 -> q22 [label = "a, b, c"];
	q20 -> q16 [label = "a, c"];
	q20 -> q13 [label = "a, c"];
	q20 -> q12 [label = "a, c"];
	q20 -> q9 [label = "a, c"];
	q20 -> q7 [label = "a, c"];
	q20 -> q6 [label = "a, b, c"];
	q20 -> q4 [label = "a, c"];
	q15 -> q10 [label = "a"];
	q13 -> q23 [label = "b"];
	q15 -> q31 [label = "a"];
	q11 -> q26 [label = "c"];
	q11 -> q18 [label = "c"];
	q14 -> q39 [label = "a"];
	q14 -> q38 [label = "a"];
	q14 -> q29 [label = "a"];
	q14 -> q25 [label = "a"];
	q14 -> q7 [label = "a"];
	q12 -> q33 [label = "b"];
	q12 -> q24 [label = "b"];
	q20 -> q15 [label = "a, b"];
	q12 -> q23 [label = "b"];
	q12 -> q16 [label = "b"];
	q12 -> q10 [label = "b"];
	q12 -> q5 [label = "b"];
	q15 -> q17 [label = "a, b"];
	q15 -> q8 [label = "a, b"];
	q15 -> q3 [label = "a, b"];
	q13 -> q39 [label = "a"];
	q16 -> q2 [label = "a"];
	q13 -> q38 [label = "a"];
	q13 -> q35 [label = "a, b"];
	q5 -> q35 [label = "b"];
	q5 -> q13 [label = "b"];
	q5 -> q3 [label = "b"];
	q19 -> q14 [label = "b"];
	q7 -> q39 [label = "a"];
	q7 -> q38 [label = "a"];
	q7 -> q12 [label = "a"];
	q15 -> q21 [label = "a"];
	q2 -> q37 [label = "c"];
	q4 -> q35 [label = "b"];
	q20 -> q5 [label = "a, b, c"];
	q4 -> q13 [label = "b"];
	q4 -> q5 [label = "b"];
	q4 -> q4 [label = "b"];
	q6 -> q12 [label = "a"];
	q5 -> q39 [label = "a"];
	q7 -> q35 [label = "a, b"];
	q7 -> q30 [label = "b"];
	q7 -> q23 [label = "b"];
	q7 -> q22 [label = "b"];
	q7 -> q5 [label = "a, b"];
	q20 -> q28 [label = "a"];
	q7 -> q0 [label = "b"];
	q3 -> q39 [label = "a"];
	q18 -> q27 [label = "a"];
	q2 -> q0 [label = "c"];
	q3 -> q38 [label = "a"];
	q3 -> q36 [label = "a"];
	q3 -> q29 [label = "a"];
	q3 -> q27 [label = "a"];
	q3 -> q21 [label = "a"];
	q3 -> q16 [label = "a"];
	q3 -> q12 [label = "a"];
	q3 -> q9 [label = "a"];
	q3 -> q8 [label = "a"];
	q20 -> q17 [label = "a"];
	q7 -> q37 [label = "b, c"];
	q3 -> q37 [label = "a, b, c"];
	q3 -> q35 [label = "a, b"];
	q18 -> q24 [label = "a"];
	q20 -> q29 [label = "a, c"];
	q3 -> q33 [label = "a, b"];
	q3 -> q24 [label = "a, b"];
	q9 -> q18 [label = "c"];
	q3 -> q22 [label = "a, b"];
	q18 -> q29 [label = "a, c"];
	q3 -> q17 [label = "b"];
	q12 -> q30 [label = "b"];
	q3 -> q14 [label = "a, b"];
	q3 -> q6 [label = "a, b, c"];
	q3 -> q5 [label = "a, b"];
	q3 -> q4 [label = "a, b"];
	q3 -> q2 [label = "a, b, c"];
	q1 -> q39 [label = "a"];
	q1 -> q35 [label = "a, b"];
	q1 -> q32 [label = "a"];
	q1 -> q30 [label = "a"];
	q1 -> q29 [label = "a"];
	q1 -> q25 [label = "a"];
	q1 -> q24 [label = "a"];
	q1 -> q23 [label = "a, b"];
	q1 -> q22 [label = "a"];
	q22 -> q6 [label = "b, c"];
	q1 -> q14 [label = "a, b"];
	q22 -> q30 [label = "b"];
	q1 -> q13 [label = "a, c"];
	q1 -> q12 [label = "a"];
	q1 -> q5 [label = "a, b"];
	q1 -> q1 [label = "a"];
	q1 -> q0 [label = "a, c"];
	q17 -> q19 [label = "a"];
	q5 -> q37 [label = "b, c"];
	q5 -> q2 [label = "b, c"];
	q5 -> q0 [label = "b, c"];
	q4 -> q39 [label = "a"];
	q3 -> q19 [label = "a"];
	q4 -> q38 [label = "a"];
	q6 -> q5 [label = "a, b"];
	q17 -> q25 [label = "a"];
	q2 -> q12 [label = "a"];
	q6 -> q37 [label = "c"];
	q6 -> q33 [label = "c"];
	q13 -> q4 [label = "a"];
	q6 -> q0 [label = "c"];
	q2 -> q35 [label = "a, b"];
	q2 -> q4 [label = "a, b"];
	q0 -> q12 [label = "a"];
	q0 -> q4 [label = "a"];
	q4 -> q37 [label = "b, c"];
	q12 -> q6 [label = "b, c"];
	q12 -> q0 [label = "b, c"];
	q10 -> q17 [label = "b"];
	q10 -> q3 [label = "b"];
	q8 -> q34 [label = "a"];
	q8 -> q32 [label = "a"];
	q34 -> q31 [label = "a, b"];
	q10 -> q32 [label = "a"];
	q27 -> q24 [label = "b"];
	q26 -> q35 [label = "a, b"];
	q27 -> q38 [label = "a"];
	q27 -> q29 [label = "a"];
	q18 -> q33 [label = "a, c"];
	q25 -> q37 [label = "a, b, c"];
	q6 -> q35 [label = "a"];
	q25 -> q35 [label = "a, b, c"];
	q26 -> q0 [label = "a, c"];
	q25 -> q23 [label = "a, b, c"];
	q38 -> q6 [label = "b, c"];
	q23 -> q14 [label = "b"];
	q25 -> q22 [label = "a, b, c"];
	q25 -> q34 [label = "a"];
	q16 -> q5 [label = "a, b"];
	q27 -> q3 [label = "b"];
	q3 -> q1 [label = "a, c"];
	q25 -> q0 [label = "a, b, c"];
	q36 -> q23 [label = "b"];
	q27 -> q9 [label = "b"];
	q25 -> q30 [label = "a, b, c"];
	q11 -> q0 [label = "a, b, c"];
	q35 -> q22 [label = "b"];
	q12 -> q2 [label = "b, c"];
	q26 -> q7 [label = "a, c"];
	q27 -> q5 [label = "b, c"];
	q1 -> q4 [label = "a, b"];
	q39 -> q35 [label = "b"];
	q20 -> q14 [label = "a"];
	q28 -> q31 [label = "a, b"];
	q28 -> q30 [label = "a, b, c"];
	q11 -> q36 [label = "a"];
	q19 -> q17 [label = "b"];
	q28 -> q23 [label = "a, b, c"];
	q7 -> q4 [label = "a"];
	q19 -> q5 [label = "b, c"];
	q19 -> q25 [label = "a"];
	q28 -> q11 [label = "a, b"];
	q9 -> q27 [label = "a"];
	q28 -> q5 [label = "a, b, c"];
	q28 -> q2 [label = "a, b, c"];
	q28 -> q0 [label = "a, b, c"];
	q29 -> q12 [label = "a"];
	q27 -> q0 [label = "a, b, c"];
	q27 -> q18 [label = "b"];
	q27 -> q22 [label = "b, c"];
	q26 -> q37 [label = "a, c"];
	q29 -> q37 [label = "b, c"];
	q11 -> q25 [label = "a"];
	q8 -> q38 [label = "a, b"];
	q27 -> q2 [label = "b, c"];
	q20 -> q26 [label = "a"];
	q29 -> q35 [label = "a, b"];
	q21 -> q3 [label = "a, b, c"];
	q23 -> q3 [label = "b"];
	q3 -> q13 [label = "a, b"];
	q29 -> q38 [label = "a"];
	q36 -> q30 [label = "b, c"];
	q29 -> q23 [label = "b"];
	q8 -> q37 [label = "a, b, c"];
	q29 -> q22 [label = "b"];
	q30 -> q5 [label = "a, b"];
	q4 -> q3 [label = "b"];
	q34 -> q30 [label = "a, b, c"];
	q21 -> q17 [label = "a, b, c"];
	q29 -> q6 [label = "b, c"];
	q23 -> q23 [label = "b"];
	q27 -> q7 [label = "a"];
	q22 -> q4 [label = "a, b"];
	q15 -> q2 [label = "a, b, c"];
	q29 -> q2 [label = "b"];
	q33 -> q35 [label = "a, b"];
	q8 -> q17 [label = "b"];
	q30 -> q4 [label = "a, b"];
	q31 -> q39 [label = "a"];
	q24 -> q2 [label = "a, b, c"];
	q16 -> q22 [label = "a"];
	q15 -> q37 [label = "a, b, c"];
	q31 -> q34 [label = "a"];
	q21 -> q4 [label = "a, b, c"];
	q31 -> q32 [label = "a"];
	q38 -> q35 [label = "b"];
	q31 -> q29 [label = "a, c"];
	q25 -> q27 [label = "a"];
	q24 -> q30 [label = "a, b, c"];
	q36 -> q3 [label = "b"];
	q4 -> q2 [label = "b, c"];
	q31 -> q14 [label = "a, b"];
	q17 -> q6 [label = "a, b, c"];
	q31 -> q12 [label = "a"];
	q31 -> q8 [label = "a"];
	q30 -> q39 [label = "a"];
	q34 -> q22 [label = "a, b, c"];
	q31 -> q6 [label = "a, b, c"];
	q38 -> q37 [label = "b, c"];
	q20 -> q2 [label = "a, b, c"];
	q20 -> q0 [label = "a, b, c"];
	q21 -> q18 [label = "a, b, c"];
	q29 -> q39 [label = "a"];
	q34 -> q10 [label = "a, b"];
	q31 -> q4 [label = "a, b"];
	q31 -> q1 [label = "a, c"];
	q21 -> q7 [label = "a, b"];
	q34 -> q36 [label = "a, b"];
	q27 -> q23 [label = "b"];
	q31 -> q36 [label = "a"];
	q9 -> q37 [label = "a, b, c"];
	q29 -> q32 [label = "b"];
	q32 -> q36 [label = "a"];
	q27 -> q16 [label = "b"];
	q36 -> q2 [label = "b, c"];
	q9 -> q5 [label = "a, b"];
	q32 -> q34 [label = "a"];
	q36 -> q0 [label = "a, b, c"];
	q32 -> q32 [label = "a"];
	q11 -> q9 [label = "a"];
	q36 -> q25 [label = "a"];
	q28 -> q10 [label = "a, b"];
	q31 -> q16 [label = "a, c"];
	q34 -> q35 [label = "a, b, c"];
	q32 -> q23 [label = "a, b"];
	q21 -> q24 [label = "a, b, c"];
	q26 -> q4 [label = "a, b"];
	q15 -> q5 [label = "a, b, c"];
	q19 -> q28 [label = "a"];
	q1 -> q16 [label = "a"];
	q37 -> q35 [label = "a"];
	q30 -> q37 [label = "c"];
	q33 -> q37 [label = "c"];
	q18 -> q9 [label = "a"];
	q16 -> q39 [label = "a"];
	q28 -> q26 [label = "a"];
	q19 -> q24 [label = "b"];
	q29 -> q5 [label = "a, b"];
	q34 -> q1 [label = "a"];
	q31 -> q21 [label = "a"];
	q11 -> q6 [label = "a, b, c"];
	q39 -> q32 [label = "b"];
	q22 -> q24 [label = "b"];
	q12 -> q32 [label = "b"];
	q35 -> q23 [label = "b"];
	q33 -> q4 [label = "a"];
	q25 -> q24 [label = "a"];
	q35 -> q2 [label = "b, c"];
	q34 -> q27 [label = "a"];
	q28 -> q35 [label = "a, b, c"];
	q19 -> q33 [label = "a, b"];
	q3 -> q34 [label = "a"];
	q37 -> q5 [label = "a, b"];
	q20 -> q24 [label = "a, c"];
	q29 -> q0 [label = "b"];
	q17 -> q16 [label = "a, c"];
	q34 -> q0 [label = "a, b, c"];
	q13 -> q5 [label = "a, b"];
	q26 -> q13 [label = "a, c"];
	q32 -> q25 [label = "a"];
	q7 -> q2 [label = "b"];
	q21 -> q13 [label = "a, b, c"];
	q18 -> q35 [label = "a, b"];
	q39 -> q23 [label = "b"];
	q14 -> q4 [label = "b"];
	q10 -> q22 [label = "a, b"];
	q26 -> q29 [label = "a, c"];
	q39 -> q22 [label = "b"];
	q37 -> q12 [label = "a"];
	q12 -> q4 [label = "b"];
	q32 -> q12 [label = "a"];
	q2 -> q39 [label = "a"];
	q36 -> q35 [label = "b"];
	q16 -> q7 [label = "a"];
	q28 -> q19 [label = "a"];
	q10 -> q2 [label = "a, b, c"];
	q39 -> q6 [label = "b, c"];
	q34 -> q37 [label = "a, b, c"];
	q8 -> q3 [label = "b"];
	q23 -> q24 [label = "b"];
	q27 -> q25 [label = "a"];
	q0 -> q5 [label = "a, b"];
	q23 -> q13 [label = "a, b"];
	q20 -> q3 [label = "a"];
	q39 -> q30 [label = "b"];
	q38 -> q0 [label = "b, c"];
	q38 -> q10 [label = "b"];
	q30 -> q35 [label = "a, b"];
	q26 -> q24 [label = "a"];
	q25 -> q16 [label = "a, c"];
	q34 -> q20 [label = "a"];
	q31 -> q35 [label = "a, b"];
	q36 -> q39 [label = "a"];
	q31 -> q23 [label = "a, b"];
	q25 -> q1 [label = "a"];
	q34 -> q4 [label = "a, b, c"];
	q17 -> q36 [label = "a"];
	q19 -> q10 [label = "b, c"];
	q25 -> q6 [label = "a, b, c"];
	q31 -> q3 [label = "b"];
	q34 -> q33 [label = "a, b, c"];
	q7 -> q10 [label = "b"];
	q10 -> q34 [label = "a"];
	q21 -> q9 [label = "c"];
	q25 -> q31 [label = "a, b"];
	q35 -> q0 [label = "b, c"];
	q8 -> q25 [label = "a"];
	q35 -> q37 [label = "b, c"];
	q24 -> q6 [label = "a, b, c"];
	q22 -> q12 [label = "a"];
	q32 -> q33 [label = "a, b, c"];
	q1 -> q6 [label = "a"];
	q25 -> q38 [label = "a"];
	q38 -> q11 [label = "b"];
	q39 -> q5 [label = "b"];
	q34 -> q23 [label = "a, b, c"];
	q10 -> q36 [label = "a"];
	q36 -> q14 [label = "b"];
	q21 -> q27 [label = "a"];
	q6 -> q4 [label = "b"];
	q36 -> q24 [label = "b"];
	q25 -> q3 [label = "a"];
	q39 -> q10 [label = "b"];
	q21 -> q1 [label = "a, b"];
	q27 -> q32 [label = "b"];
	q20 -> q39 [label = "a, c"];
	q28 -> q36 [label = "a"];
	q10 -> q0 [label = "a, b, c"];
	q28 -> q22 [label = "a, b, c"];
	q39 -> q39 [label = "a"];
	q18 -> q14 [label = "a, b"];
	q26 -> q28 [label = "a"];
	q11 -> q8 [label = "a, b"];
	q11 -> q39 [label = "a"];
	q21 -> q37 [label = "a, b, c"];
	q8 -> q5 [label = "a, b"];
	q36 -> q4 [label = "b"];
	q24 -> q38 [label = "a"];
	q22 -> q2 [label = "b, c"];
	q38 -> q39 [label = "a"];
	q10 -> q12 [label = "a"];
	q39 -> q38 [label = "a"];
	q8 -> q36 [label = "a"];
	q32 -> q3 [label = "b"];
	q36 -> q37 [label = "a, b, c"];
	q34 -> q2 [label = "a, b, c"];
	q11 -> q22 [label = "a, b"];
	q16 -> q38 [label = "a"];
	q36 -> q5 [label = "b"];
	q28 -> q25 [label = "a"];
	q28 -> q29 [label = "a, c"];
	q36 -> q6 [label = "b, c"];
	q35 -> q4 [label = "b"];
	q37 -> q37 [label = "c"];
	q17 -> q5 [label = "a, b"];
	q11 -> q21 [label = "a"];
	q14 -> q0 [label = "a, b, c"];
	q33 -> q38 [label = "a"];
	q14 -> q30 [label = "b, c"];
	q36 -> q13 [label = "a, b"];
	q4 -> q23 [label = "b"];
	q11 -> q37 [label = "a, b, c"];
	q27 -> q4 [label = "b"];
	q10 -> q14 [label = "a, b"];
	q30 -> q12 [label = "a"];
	q34 -> q34 [label = "a"];
	q27 -> q6 [label = "b, c"];
	q17 -> q12 [label = "a"];
	q25 -> q4 [label = "a, c"];
	q34 -> q32 [label = "a, b, c"];
	q34 -> q14 [label = "a, b"];
	q3 -> q25 [label = "a"];
	q34 -> q5 [label = "a, b, c"];
	q15 -> q34 [label = "a"];
	q34 -> q16 [label = "a, b, c"];
	q28 -> q24 [label = "a"];
	q28 -> q18 [label = "a"];
	q35 -> q13 [label = "b"];
	q18 -> q30 [label = "a"];
	q25 -> q14 [label = "a"];
	q31 -> q24 [label = "a, b"];
	q35 -> q24 [label = "b"];
	q31 -> q25 [label = "a"];
	q32 -> q0 [label = "a, b, c"];
	q39 -> q0 [label = "b, c"];
	q20 -> q11 [label = "a, b"];
	q28 -> q34 [label = "a"];
	q31 -> q37 [label = "a, b, c"];
	q35 -> q39 [label = "a"];
	q19 -> q23 [label = "b, c"];
	q35 -> q33 [label = "b"];
	q35 -> q35 [label = "b"];
	q35 -> q3 [label = "b"];
	q31 -> q5 [label = "a, b"];
	q32 -> q37 [label = "a, b, c"];
	q11 -> q32 [label = "a"];
	q34 -> q6 [label = "a, b, c"];
	q26 -> q33 [label = "a, c"];
	q33 -> q12 [label = "a"];
	q34 -> q28 [label = "a"];
	q32 -> q17 [label = "b"];
	q24 -> q12 [label = "a"];
	q21 -> q10 [label = "a, b, c"];
	q25 -> q5 [label = "a, b, c"];
	q35 -> q6 [label = "b, c"];
	q15 -> q24 [label = "a, b, c"];
	q1 -> q37 [label = "a, c"];
	q36 -> q7 [label = "a"];
	q20 -> q1 [label = "a, c"];
	q31 -> q30 [label = "a, b, c"];
	q28 -> q32 [label = "a, b"];
	q25 -> q33 [label = "a, c"];
	q25 -> q36 [label = "a"];
	q2 -> q5 [label = "a, b"];
	q34 -> q9 [label = "c"];
	q38 -> q2 [label = "b, c"];
	q26 -> q2 [label = "a"];
	q38 -> q32 [label = "b"];
	q23 -> q39 [label = "a"];
	q21 -> q5 [label = "a, b, c"];
	q17 -> q13 [label = "a, b, c"];
	q39 -> q37 [label = "b, c"];
	q25 -> q28 [label = "a"];
	q23 -> q4 [label = "b"];
	q18 -> q7 [label = "a"];
	q21 -> q32 [label = "a, b, c"];
	q14 -> q35 [label = "b"];
	q36 -> q22 [label = "b, c"];
	q34 -> q24 [label = "a, b, c"];
	q38 -> q23 [label = "b"];
	q23 -> q25 [label = "a"];
	q36 -> q38 [label = "a"];
	q24 -> q17 [label = "b"];
	q25 -> q7 [label = "a"];
	q18 -> q36 [label = "a"];
	q4 -> q0 [label = "b, c"];
	q32 -> q30 [label = "a, b, c"];
	q17 -> q21 [label = "a"];
	q26 -> q6 [label = "a"];
	q32 -> q24 [label = "a, b"];
	q32 -> q14 [label = "a, b"];
	q4 -> q33 [label = "b"];
	q28 -> q39 [label = "a, c"];
	q32 -> q2 [label = "a, b, c"];
	q20 -> q33 [label = "a, c"];
	q35 -> q30 [label = "b"];
	q8 -> q7 [label = "a, b"];
	q32 -> q6 [label = "a, b, c"];
	q10 -> q9 [label = "a"];
	q12 -> q37 [label = "b, c"];
	q25 -> q17 [label = "a"];
	q32 -> q13 [label = "a, b, c"];
	q25 -> q10 [label = "a, b"];
	q5 -> q23 [label = "b"];
	q34 -> q39 [label = "a"];
	q32 -> q16 [label = "a, c"];
	q34 -> q7 [label = "a"];
	q31 -> q0 [label = "a, b, c"];
	q19 -> q35 [label = "b, c"];
	q27 -> q13 [label = "a, b"];
	q27 -> q35 [label = "b, c"];
	q31 -> q13 [label = "a, b, c"];
	q32 -> q5 [label = "a, b"];
	q26 -> q25 [label = "a"];
	q21 -> q31 [label = "a, b, c"];
	q25 -> q29 [label = "a"];
	q34 -> q12 [label = "a"];
	q8 -> q1 [label = "a"];
	q29 -> q30 [label = "b"];
	q34 -> q17 [label = "a, b"];
	q31 -> q33 [label = "a, b, c"];
	q32 -> q4 [label = "a, b"];
	q8 -> q29 [label = "a, b"];
	q32 -> q22 [label = "a, b"];
	q36 -> q33 [label = "a, b"];
	q15 -> q1 [label = "a, c"];
	q38 -> q30 [label = "b"];
	q32 -> q1 [label = "a"];
	q34 -> q18 [label = "a, b"];
	q34 -> q25 [label = "a"];
	q25 -> q39 [label = "a"];
	q30 -> q23 [label = "b"];
	q28 -> q1 [label = "a, c"];
	q22 -> q37 [label = "b, c"];
	q24 -> q33 [label = "a, b, c"];
	q28 -> q3 [label = "a"];
	q7 -> q32 [label = "b"];
	q28 -> q4 [label = "a, c"];
	q28 -> q20 [label = "a"];
	q17 -> q34 [label = "a"];
	q24 -> q13 [label = "a, b, c"];
	q21 -> q29 [label = "a, b"];
	q9 -> q6 [label = "a, b, c"];
	q19 -> q2 [label = "b, c"];
	q20 -> q27 [label = "a"];
	q28 -> q7 [label = "a, c"];
	q23 -> q0 [label = "a, b, c"];
	q28 -> q9 [label = "a"];
	q28 -> q12 [label = "a, c"];
	q1 -> q33 [label = "a, c"];
	q28 -> q13 [label = "a, c"];
	q28 -> q14 [label = "a"];
	q39 -> q2 [label = "b, c"];
	q26 -> q36 [label = "a, b"];
	q28 -> q17 [label = "a"];
	q28 -> q21 [label = "a"];
	q28 -> q27 [label = "a"];
	q25 -> q32 [label = "a, b"];
	q28 -> q33 [label = "a, c"];
	q22 -> q22 [label = "b"];
	q28 -> q38 [label = "a, c"];
	q14 -> q14 [label = "b"];
	q25 -> q20 [label = "a"];
	q24 -> q16 [label = "a, c"];
	q22 -> q5 [label = "a, b"];
	q12 -> q13 [label = "b"];
	q24 -> q37 [label = "a, b, c"];
	q34 -> q38 [label = "a"];
	q30 -> q0 [label = "c"];
	q16 -> q4 [label = "a, b"];
	q14 -> q2 [label = "b, c"];
	q26 -> q1 [label = "a"];
	q8 -> q23 [label = "a, b"];
	q26 -> q3 [label = "a"];
	q10 -> q13 [label = "a, b, c"];
	q24 -> q0 [label = "a, b, c"];
	q26 -> q5 [label = "a, b"];
	q1 -> q36 [label = "a, b"];
	q8 -> q27 [label = "a"];
	q26 -> q9 [label = "a"];
	q16 -> q14 [label = "a, b"];
	q26 -> q10 [label = "a"];
	q12 -> q3 [label = "b"];
	q26 -> q11 [label = "a"];
	q9 -> q36 [label = "a"];
	q26 -> q12 [label = "a, b"];
	q38 -> q38 [label = "a"];
	q15 -> q33 [label = "a, b, c"];
	q20 -> q20 [label = "a"];
	q36 -> q29 [label = "a"];
	q26 -> q14 [label = "a, b"];
	q28 -> q15 [label = "a, b"];
	q26 -> q16 [label = "a"];
	q29 -> q4 [label = "a"];
	q26 -> q18 [label = "a"];
	q26 -> q22 [label = "a"];
	q5 -> q33 [label = "b"];
	q26 -> q23 [label = "a, b"];
	q22 -> q35 [label = "a, b"];
	q21 -> q14 [label = "a, b, c"];
	q30 -> q33 [label = "c"];
	q15 -> q22 [label = "a, b, c"];
	q17 -> q33 [label = "a, b, c"];
	q18 -> q37 [label = "a, c"];
	q26 -> q30 [label = "a"];
	q26 -> q32 [label = "a"];
	q21 -> q22 [label = "a, b, c"];
	q26 -> q38 [label = "a, b"];
	q18 -> q6 [label = "a"];
	q27 -> q30 [label = "b, c"];
	q26 -> q39 [label = "a, b"];
	q24 -> q3 [label = "b"];
	q24 -> q4 [label = "a, b"];
	q8 -> q16 [label = "a, c"];
	q31 -> q2 [label = "a, b, c"];
	q24 -> q14 [label = "a, b"];
	q34 -> q13 [label = "a, b, c"];
	q19 -> q11 [label = "b, c"];
	q10 -> q16 [label = "a, c"];
	q24 -> q22 [label = "a, b"];
	q28 -> q37 [label = "a, b, c"];
	q34 -> q29 [label = "a"];
	q24 -> q23 [label = "a, b"];
	q8 -> q13 [label = "a, b, c"];
	q27 -> q36 [label = "b"];
	q24 -> q24 [label = "a, b"];
	q9 -> q33 [label = "a, b, c"];
	q15 -> q32 [label = "a, c"];
	q8 -> q9 [label = "c"];
	q24 -> q1 [label = "a"];
	q24 -> q7 [label = "a"];
	q23 -> q2 [label = "b, c"];
	q15 -> q6 [label = "a, b, c"];
	q31 -> q22 [label = "a, b, c"];
	q24 -> q25 [label = "a"];
	q34 -> q3 [label = "a, b"];
	q24 -> q27 [label = "a"];
	q24 -> q32 [label = "a"];
	q24 -> q34 [label = "a"];
	q9 -> q29 [label = "a"];
	q1 -> q2 [label = "a"];
	q8 -> q24 [label = "a, b"];
	q3 -> q23 [label = "a, b"];
	q33 -> q5 [label = "a, b"];
	q10 -> q1 [label = "a, c"];
	q24 -> q36 [label = "a"];
	q24 -> q39 [label = "a"];
	q5 -> q4 [label = "b"];
	q23 -> q29 [label = "a"];
	q5 -> q5 [label = "b"];
	q23 -> q33 [label = "a, b"];
	q32 -> q35 [label = "a, b"];
	q23 -> q37 [label = "a, b, c"];
	q3 -> q7 [label = "a"];
	q27 -> q14 [label = "b"];
	q21 -> q0 [label = "a, b, c"];
	q19 -> q0 [label = "a, b, c"];
	q21 -> q6 [label = "a, b, c"];
	q27 -> q33 [label = "a, b"];
	q21 -> q8 [label = "b"];
	q21 -> q20 [label = "a"];
	q9 -> q39 [label = "a"];
	q20 -> q31 [label = "a, b"];
	q31 -> q9 [label = "a, c"];
	q21 -> q12 [label = "a, b"];
	q21 -> q16 [label = "a, b, c"];
	q17 -> q17 [label = "b"];
	q17 -> q8 [label = "a"];
	q10 -> q4 [label = "a, b"];
	q21 -> q23 [label = "a, b, c"];
	q22 -> q23 [label = "b"];
	q22 -> q0 [label = "b, c"];
	q21 -> q30 [label = "a, b, c"];
	q21 -> q33 [label = "a, b, c"];
	q21 -> q35 [label = "a, b, c"];
	q27 -> q37 [label = "a, b, c"];
	q9 -> q1 [label = "a"];
	q21 -> q36 [label = "a, b, c"];
	q21 -> q38 [label = "a, b"];
	q23 -> q30 [label = "b, c"];
	q15 -> q36 [label = "a, c"];
	q21 -> q39 [label = "a, b"];
	q25 -> q2 [label = "a, b, c"];
	q19 -> q6 [label = "b, c"];
	q19 -> q22 [label = "b, c"];
	q0 -> q35 [label = "a, b"];
	q19 -> q30 [label = "b, c"];
	q32 -> q39 [label = "a"];
	q8 -> q33 [label = "a, b, c"];
	q19 -> q32 [label = "b, c"];
	q10 -> q24 [label = "a, b"];
	q19 -> q37 [label = "a, b, c"];
	q23 -> q35 [label = "b"];
	q19 -> q36 [label = "b"];
	q3 -> q3 [label = "b"];
	q9 -> q7 [label = "a"];
	q9 -> q0 [label = "a, b, c"];
	q9 -> q4 [label = "a, b"];
	q33 -> q39 [label = "a"];
	q38 -> q5 [label = "b"];
	q9 -> q38 [label = "a"];
	q9 -> q8 [label = "b"];
	q19 -> q8 [label = "b"];
	q17 -> q1 [label = "a, c"];
	q9 -> q13 [label = "a, b, c"];
	q9 -> q14 [label = "a, b"];
	q9 -> q22 [label = "a, b"];
	q10 -> q8 [label = "a"];
	q10 -> q5 [label = "a, b"];
	q9 -> q23 [label = "a, b"];
	q9 -> q24 [label = "a, b"];
	q9 -> q30 [label = "a, b, c"];
	q9 -> q35 [label = "a, b"];
	q11 -> q1 [label = "a, c"];
	q11 -> q2 [label = "a, b, c"];
	q15 -> q13 [label = "a, b, c"];
	q8 -> q12 [label = "a, b"];
	q11 -> q4 [label = "a, b"];
	q9 -> q16 [label = "a, c"];
	q11 -> q30 [label = "a, b, c"];
	q27 -> q10 [label = "b"];
	q24 -> q29 [label = "a"];
	q11 -> q5 [label = "a, b"];
	q12 -> q35 [label = "b"];
	q25 -> q18 [label = "a"];
	q11 -> q12 [label = "a"];
	q0 -> q37 [label = "c"];
	q28 -> q6 [label = "a, b, c"];
	q11 -> q29 [label = "a"];
	q8 -> q30 [label = "a, b, c"];
	q32 -> q29 [label = "a"];
	q11 -> q13 [label = "a, b, c"];
	q11 -> q14 [label = "a, b"];
	q11 -> q16 [label = "a, c"];
	q8 -> q35 [label = "a, b"];
	q11 -> q23 [label = "a, b"];
	q11 -> q24 [label = "a, b"];
	q21 -> q2 [label = "a, b, c"];
	q11 -> q33 [label = "a, b, c"];
	q11 -> q34 [label = "a"];
	q11 -> q35 [label = "a, b"];
	q3 -> q32 [label = "a"];
	q14 -> q6 [label = "b, c"];
	q15 -> q0 [label = "a, b, c"];
	q15 -> q4 [label = "a, b, c"];
	q15 -> q9 [label = "a, c"];
	q19 -> q31 [label = "b, c"];
	q15 -> q12 [label = "a, c"];
	q15 -> q14 [label = "a, b, c"];
	q15 -> q16 [label = "a, c"];
	q20 -> q37 [label = "a, b, c"];
	q7 -> q6 [label = "b, c"];
	q25 -> q13 [label = "a, c"];
	q15 -> q23 [label = "a, b, c"];
	q12 -> q22 [label = "b"];
	q25 -> q25 [label = "a"];
	q15 -> q25 [label = "a, c"];
	q8 -> q14 [label = "a, b"];
	q27 -> q11 [label = "b"];
	q27 -> q39 [label = "a"];
	q28 -> q16 [label = "a, c"];
	q15 -> q26 [label = "a, c"];
	q19 -> q38 [label = "a"];
	q18 -> q32 [label = "a"];
	q28 -> q8 [label = "a"];
	q15 -> q29 [label = "a, c"];
	q15 -> q30 [label = "a, b, c"];
	q3 -> q30 [label = "a, b, c"];
	q15 -> q35 [label = "a, b, c"];
	q10 -> q30 [label = "a, b, c"];
	q15 -> q39 [label = "a, c"];
	q14 -> q5 [label = "b"];
	q7 -> q11 [label = "b"];
	q27 -> q28 [label = "a"];
	q24 -> q5 [label = "a, b"];
	q24 -> q35 [label = "a, b"];
	q9 -> q12 [label = "a"];
	q9 -> q25 [label = "a"];
	q9 -> q32 [label = "a"];
	q9 -> q34 [label = "a"];
	q11 -> q3 [label = "b"];
	q11 -> q17 [label = "b"];
	q13 -> q37 [label = "c"];
	q8 -> q0 [label = "a, b, c"];
	q22 -> q33 [label = "b, c"];
	q25 -> q12 [label = "a"];
	q8 -> q2 [label = "a, b, c"];
	q9 -> q2 [label = "a, b, c"];
	q8 -> q6 [label = "a, b, c"];
	q3 -> q0 [label = "a, b, c"];
	q8 -> q22 [label = "a, b, c"];
	q12 -> q39 [label = "a"];
	q15 -> q18 [label = "a, c"];
	q14 -> q3 [label = "b"];
	q26 -> q27 [label = "a, b"];
	q14 -> q13 [label = "a, b"];
	q14 -> q22 [label = "b, c"];
	q14 -> q23 [label = "b"];
	q35 -> q5 [label = "b"];
	q14 -> q24 [label = "b"];
	q38 -> q22 [label = "b"];
	q14 -> q33 [label = "a, b"];
	q18 -> q22 [label = "a"];
	q14 -> q37 [label = "a, b, c"];
	q8 -> q39 [label = "a, b"];
	q13 -> q12 [label = "a"];
	q0 -> q39 [label = "a"];
	q10 -> q21 [label = "a"];
	q8 -> q4 [label = "a, b"];
	q10 -> q23 [label = "a, b"];
	q16 -> q1 [label = "a"];
	q10 -> q25 [label = "a"];
	q10 -> q29 [label = "a"];
	q10 -> q33 [label = "a, b, c"];
	q10 -> q6 [label = "a, b, c"];
	q10 -> q35 [label = "a, b"];
	q10 -> q37 [label = "a, b, c"];
	q31 -> q17 [label = "b"];
	q28 -> q28 [label = "a"];
	q10 -> q39 [label = "a"];
}
NFA size: 40 states

