Random target AFA:
digraph finite_state_machine {
	rankdir=LR;
	node [shape = circle];
	s0 [shape = point, style = invis, start="true" ];
	s1 [shape = point, style = invis, start="true" ];
	q0 [label = "q0", shape = doublecircle, final="true" ];
	q1 [label = "q1", shape = doublecircle, final="true" ];
	q2 [label = "q2", shape = doublecircle, final="true" ];
	q3 [label = "q3"];
	q4 [label = "q4", shape = doublecircle, final="true" ];
	q5 [label = "q5"];
	m0 [label = "", shape = square, style = filled, color=grey, fixedsize=true, width=.2];
	m1 [label = "", shape = square, style = filled, color=grey, fixedsize=true, width=.2];
	m2 [label = "", shape = square, style = filled, color=grey, fixedsize=true, width=.2];
	m3 [label = "", shape = square, style = filled, color=grey, fixedsize=true, width=.2];
	m4 [label = "", shape = square, style = filled, color=grey, fixedsize=true, width=.2];
	m5 [label = "", shape = square, style = filled, color=grey, fixedsize=true, width=.2];
	m6 [label = "", shape = square, style = filled, color=grey, fixedsize=true, width=.2];
	s0 -> q1
	s1 -> q0
	q3 -> q4 [label = "c"];
	q2 -> m6 [label = "c"];
	q5 -> m4 [label = "b"];
	q4 -> m5 [label = "b"];
	q5 -> m3 [label = "a"];
	q3 -> m0 [label = "a"];
	q1 -> q3 [label = "b, c"];
	q3 -> q3 [label = "a, b, c"];
	q1 -> q4 [label = "a, c"];
	q4 -> m0 [label = "a, c"];
	q2 -> q5 [label = "b"];
	q0 -> q4 [label = "b, c"];
	q4 -> q4 [label = "c"];
	q0 -> m1 [label = "a"];
	q0 -> q1 [label = "a, b"];
	q2 -> m2 [label = "b"];
	q2 -> q3 [label = "a, c"];
	q1 -> q2 [label = "b"];
	q5 -> q0 [label = "a, c"];
	q2 -> q2 [label = "a"];
	q1 -> q0 [label = "a"];
	q0 -> m3 [label = "c"];
	q4 -> m4 [label = "a"];
	q5 -> q3 [label = "b"];
	q4 -> q0 [label = "b"];
	q5 -> q5 [label = "c"];
	m0 -> q0;
	m0 -> q2;
	m1 -> q3;
	m1 -> q4;
	m2 -> q4;
	m2 -> q5;
	m3 -> q3;
	m3 -> q5;
	m4 -> q0;
	m4 -> q3;
	m5 -> q1;
	m5 -> q5;
	m6 -> q0;
	m6 -> q4;
}

L* output after 4 EQ and 1133 MQ:
digraph finite_state_machine {
	rankdir=LR;
	node [shape = circle];
	s0 [shape = point, style = invis, start="true" ];
	q0 [label = "q0", shape = doublecircle, final="true" ];
	q1 [label = "q1", shape = doublecircle, final="true" ];
	q2 [label = "q2", shape = doublecircle, final="true" ];
	q3 [label = "q3", shape = doublecircle, final="true" ];
	q4 [label = "q4", shape = doublecircle, final="true" ];
	q5 [label = "q5", shape = doublecircle, final="true" ];
	q6 [label = "q6", shape = doublecircle, final="true" ];
	q7 [label = "q7", shape = doublecircle, final="true" ];
	q8 [label = "q8", shape = doublecircle, final="true" ];
	q9 [label = "q9", shape = doublecircle, final="true" ];
	q10 [label = "q10", shape = doublecircle, final="true" ];
	q11 [label = "q11", shape = doublecircle, final="true" ];
	q12 [label = "q12"];
	q13 [label = "q13", shape = doublecircle, final="true" ];
	q14 [label = "q14", shape = doublecircle, final="true" ];
	q15 [label = "q15", shape = doublecircle, final="true" ];
	q16 [label = "q16", shape = doublecircle, final="true" ];
	q17 [label = "q17"];
	q18 [label = "q18"];
	q19 [label = "q19", shape = doublecircle, final="true" ];
	q20 [label = "q20", shape = doublecircle, final="true" ];
	q21 [label = "q21", shape = doublecircle, final="true" ];
	q22 [label = "q22", shape = doublecircle, final="true" ];
	q23 [label = "q23", shape = doublecircle, final="true" ];
	q24 [label = "q24", shape = doublecircle, final="true" ];
	q25 [label = "q25", shape = doublecircle, final="true" ];
	q26 [label = "q26", shape = doublecircle, final="true" ];
	s0 -> q14
	q18 -> q15 [label = "c"];
	q20 -> q23 [label = "b"];
	q17 -> q15 [label = "c"];
	q19 -> q10 [label = "b"];
	q17 -> q21 [label = "a"];
	q18 -> q16 [label = "a"];
	q16 -> q16 [label = "a"];
	q20 -> q15 [label = "c"];
	q18 -> q18 [label = "b"];
	q15 -> q16 [label = "a"];
	q25 -> q10 [label = "b"];
	q7 -> q0 [label = "b"];
	q16 -> q15 [label = "c"];
	q10 -> q2 [label = "b"];
	q2 -> q2 [label = "b"];
	q5 -> q15 [label = "c"];
	q22 -> q15 [label = "c"];
	q14 -> q15 [label = "c"];
	q23 -> q26 [label = "b"];
	q23 -> q6 [label = "c"];
	q15 -> q11 [label = "b"];
	q12 -> q6 [label = "c"];
	q4 -> q15 [label = "c"];
	q11 -> q9 [label = "b"];
	q10 -> q10 [label = "a"];
	q8 -> q1 [label = "b"];
	q21 -> q15 [label = "c"];
	q19 -> q15 [label = "c"];
	q1 -> q6 [label = "c"];
	q0 -> q22 [label = "a"];
	q3 -> q15 [label = "c"];
	q13 -> q15 [label = "c"];
	q11 -> q14 [label = "a"];
	q22 -> q25 [label = "b"];
	q24 -> q15 [label = "c"];
	q24 -> q5 [label = "a"];
	q3 -> q26 [label = "b"];
	q9 -> q5 [label = "a"];
	q16 -> q17 [label = "b"];
	q7 -> q15 [label = "c"];
	q22 -> q8 [label = "a"];
	q17 -> q18 [label = "b"];
	q26 -> q5 [label = "a"];
	q21 -> q24 [label = "a"];
	q25 -> q6 [label = "c"];
	q13 -> q12 [label = "b"];
	q15 -> q15 [label = "c"];
	q24 -> q13 [label = "b"];
	q25 -> q19 [label = "a"];
	q26 -> q4 [label = "b"];
	q3 -> q8 [label = "a"];
	q2 -> q6 [label = "c"];
	q23 -> q7 [label = "a"];
	q8 -> q15 [label = "c"];
	q2 -> q10 [label = "a"];
	q21 -> q9 [label = "b"];
	q9 -> q4 [label = "b"];
	q1 -> q3 [label = "a"];
	q6 -> q6 [label = "c"];
	q14 -> q20 [label = "b"];
	q0 -> q23 [label = "b"];
	q6 -> q19 [label = "b"];
	q1 -> q12 [label = "b"];
	q26 -> q6 [label = "c"];
	q0 -> q6 [label = "c"];
	q12 -> q21 [label = "a"];
	q4 -> q7 [label = "a"];
	q4 -> q26 [label = "b"];
	q5 -> q24 [label = "a"];
	q6 -> q14 [label = "a"];
	q7 -> q10 [label = "a"];
	q5 -> q19 [label = "b"];
	q20 -> q22 [label = "a"];
	q11 -> q15 [label = "c"];
	q8 -> q22 [label = "a"];
	q9 -> q15 [label = "c"];
	q13 -> q3 [label = "a"];
	q10 -> q15 [label = "c"];
	q12 -> q18 [label = "b"];
	q19 -> q19 [label = "a"];
	q14 -> q19 [label = "a"];
}
DFA size: 27 states

NL* output after 5 EQ and 1082 MQ:
digraph finite_state_machine {
	rankdir=LR;
	node [shape = circle];
	s0 [shape = point, style = invis, start="true" ];
	s1 [shape = point, style = invis, start="true" ];
	s2 [shape = point, style = invis, start="true" ];
	s3 [shape = point, style = invis, start="true" ];
	s4 [shape = point, style = invis, start="true" ];
	q0 [label = "q0"];
	q1 [label = "q1"];
	q2 [label = "q2", shape = doublecircle, final="true" ];
	q3 [label = "q3", shape = doublecircle, final="true" ];
	q4 [label = "q4", shape = doublecircle, final="true" ];
	q5 [label = "q5", shape = doublecircle, final="true" ];
	q6 [label = "q6"];
	q7 [label = "q7", shape = doublecircle, final="true" ];
	q8 [label = "q8", shape = doublecircle, final="true" ];
	s0 -> q0
	s1 -> q4
	s2 -> q5
	s3 -> q6
	s4 -> q7
	q3 -> q8 [label = "c"];
	q4 -> q3 [label = "b"];
	q5 -> q6 [label = "a, b"];
	q5 -> q4 [label = "a, b"];
	q3 -> q5 [label = "a"];
	q3 -> q2 [label = "a"];
	q7 -> q8 [label = "c"];
	q3 -> q7 [label = "a, c"];
	q7 -> q7 [label = "a, c"];
	q7 -> q0 [label = "a, b, c"];
	q2 -> q4 [label = "a, b"];
	q3 -> q6 [label = "b"];
	q2 -> q0 [label = "a, b, c"];
	q4 -> q8 [label = "a, c"];
	q4 -> q6 [label = "b"];
	q4 -> q0 [label = "a, b, c"];
	q8 -> q6 [label = "b"];
	q8 -> q5 [label = "b"];
	q4 -> q5 [label = "a"];
	q1 -> q0 [label = "a, b, c"];
	q1 -> q8 [label = "c"];
	q5 -> q7 [label = "a, b, c"];
	q2 -> q1 [label = "b"];
	q1 -> q6 [label = "c"];
	q0 -> q0 [label = "a, b, c"];
	q8 -> q8 [label = "c"];
	q0 -> q7 [label = "a, c"];
	q6 -> q5 [label = "a"];
	q8 -> q7 [label = "a, b, c"];
	q3 -> q0 [label = "a, b, c"];
	q8 -> q0 [label = "a, b, c"];
	q2 -> q7 [label = "a, b, c"];
	q1 -> q1 [label = "c"];
	q2 -> q8 [label = "b, c"];
	q6 -> q0 [label = "a, b, c"];
	q6 -> q7 [label = "a, c"];
	q6 -> q8 [label = "c"];
	q2 -> q3 [label = "a"];
	q0 -> q8 [label = "c"];
	q7 -> q6 [label = "b"];
	q5 -> q0 [label = "a, b, c"];
	q3 -> q1 [label = "b"];
	q5 -> q8 [label = "b, c"];
	q4 -> q7 [label = "a, b, c"];
	q1 -> q5 [label = "a, c"];
	q2 -> q6 [label = "a, b"];
	q1 -> q7 [label = "a, c"];
}
NFA size: 9 states

AL* output after 6 EQ and 909 MQ:
digraph finite_state_machine {
	rankdir=LR;
	node [shape = circle];
	s0 [shape = point, style = invis, start="true" ];
	s1 [shape = point, style = invis, start="true" ];
	q0 [label = "q0", shape = doublecircle, final="true" ];
	q1 [label = "q1", shape = doublecircle, final="true" ];
	q2 [label = "q2", shape = doublecircle, final="true" ];
	q3 [label = "q3", shape = doublecircle, final="true" ];
	q4 [label = "q4", shape = doublecircle, final="true" ];
	q5 [label = "q5"];
	m0 [label = "", shape = square, style = filled, color=grey, fixedsize=true, width=.2];
	m1 [label = "", shape = square, style = filled, color=grey, fixedsize=true, width=.2];
	m2 [label = "", shape = square, style = filled, color=grey, fixedsize=true, width=.2];
	m3 [label = "", shape = square, style = filled, color=grey, fixedsize=true, width=.2];
	m4 [label = "", shape = square, style = filled, color=grey, fixedsize=true, width=.2];
	m5 [label = "", shape = square, style = filled, color=grey, fixedsize=true, width=.2];
	s0 -> m0
	s1 -> q3
	q2 -> m1 [label = "c"];
	q4 -> m0 [label = "b"];
	q4 -> q5 [label = "b"];
	q3 -> m0 [label = "a"];
	q1 -> m1 [label = "c"];
	q3 -> m4 [label = "b"];
	q3 -> m1 [label = "a, c"];
	q3 -> m2 [label = "b"];
	q0 -> q3 [label = "a, b"];
	q2 -> m0 [label = "b"];
	q5 -> m5 [label = "b"];
	q5 -> q5 [label = "c"];
	q1 -> q5 [label = "b"];
	q0 -> m1 [label = "b, c"];
	q4 -> m1 [label = "b, c"];
	q5 -> m1 [label = "c"];
	q2 -> m3 [label = "a"];
	q1 -> m4 [label = "a"];
	q4 -> m4 [label = "a"];
	q4 -> q3 [label = "a, b"];
	q5 -> m0 [label = "a, c"];
	q2 -> m2 [label = "b"];
	q1 -> m0 [label = "a"];
	m0 -> q0;
	m0 -> q4;
	m1 -> q2;
	m1 -> q4;
	m2 -> q1;
	m2 -> q3;
	m2 -> q5;
	m3 -> q0;
	m3 -> q1;
	m3 -> q2;
	m3 -> q3;
	m3 -> q4;
	m4 -> q1;
	m4 -> q4;
	m5 -> q0;
	m5 -> q1;
	m5 -> q2;
	m5 -> q3;
	m5 -> q4;
	m5 -> q5;
}
AFA size: 6 states

AL** output after 7 EQ and 909 MQ:
digraph finite_state_machine {
	rankdir=LR;
	node [shape = circle];
	s0 [shape = point, style = invis, start="true" ];
	s1 [shape = point, style = invis, start="true" ];
	q0 [label = "q0", shape = doublecircle, final="true" ];
	q1 [label = "q1", shape = doublecircle, final="true" ];
	q2 [label = "q2", shape = doublecircle, final="true" ];
	q3 [label = "q3", shape = doublecircle, final="true" ];
	q4 [label = "q4", shape = doublecircle, final="true" ];
	q5 [label = "q5"];
	m0 [label = "", shape = square, style = filled, color=grey, fixedsize=true, width=.2];
	m1 [label = "", shape = square, style = filled, color=grey, fixedsize=true, width=.2];
	m2 [label = "", shape = square, style = filled, color=grey, fixedsize=true, width=.2];
	m3 [label = "", shape = square, style = filled, color=grey, fixedsize=true, width=.2];
	m4 [label = "", shape = square, style = filled, color=grey, fixedsize=true, width=.2];
	m5 [label = "", shape = square, style = filled, color=grey, fixedsize=true, width=.2];
	s0 -> m0
	s1 -> q3
	q2 -> m1 [label = "c"];
	q4 -> m0 [label = "b"];
	q4 -> q5 [label = "b"];
	q3 -> m0 [label = "a"];
	q1 -> m1 [label = "c"];
	q3 -> m4 [label = "b"];
	q3 -> m1 [label = "a, c"];
	q3 -> m2 [label = "b"];
	q0 -> q3 [label = "a, b"];
	q2 -> m0 [label = "b"];
	q5 -> m5 [label = "b"];
	q5 -> q5 [label = "c"];
	q1 -> q5 [label = "b"];
	q0 -> m1 [label = "b, c"];
	q4 -> m1 [label = "b, c"];
	q5 -> m1 [label = "c"];
	q2 -> m3 [label = "a"];
	q1 -> m4 [label = "a"];
	q4 -> m4 [label = "a"];
	q4 -> q3 [label = "a, b"];
	q5 -> m0 [label = "a, c"];
	q2 -> m2 [label = "b"];
	q1 -> m0 [label = "a"];
	m0 -> q0;
	m0 -> q4;
	m1 -> q2;
	m1 -> q4;
	m2 -> q1;
	m2 -> q3;
	m2 -> q5;
	m3 -> q0;
	m3 -> q1;
	m3 -> q2;
	m3 -> q3;
	m3 -> q4;
	m4 -> q1;
	m4 -> q4;
	m5 -> q0;
	m5 -> q1;
	m5 -> q2;
	m5 -> q3;
	m5 -> q4;
	m5 -> q5;
}
RAFA size: 6 states

