Random target AFA:
digraph finite_state_machine {
	rankdir=LR;
	node [shape = circle];
	s0 [shape = point, style = invis, start="true" ];
	s1 [shape = point, style = invis, start="true" ];
	q0 [label = "q0", shape = doublecircle, final="true" ];
	q1 [label = "q1"];
	q2 [label = "q2"];
	q3 [label = "q3"];
	q4 [label = "q4", shape = doublecircle, final="true" ];
	q5 [label = "q5"];
	m0 [label = "", shape = square, style = filled, color=grey, fixedsize=true, width=.2];
	m1 [label = "", shape = square, style = filled, color=grey, fixedsize=true, width=.2];
	m2 [label = "", shape = square, style = filled, color=grey, fixedsize=true, width=.2];
	m3 [label = "", shape = square, style = filled, color=grey, fixedsize=true, width=.2];
	m4 [label = "", shape = square, style = filled, color=grey, fixedsize=true, width=.2];
	m5 [label = "", shape = square, style = filled, color=grey, fixedsize=true, width=.2];
	m6 [label = "", shape = square, style = filled, color=grey, fixedsize=true, width=.2];
	m7 [label = "", shape = square, style = filled, color=grey, fixedsize=true, width=.2];
	m8 [label = "", shape = square, style = filled, color=grey, fixedsize=true, width=.2];
	s0 -> q0
	s1 -> q0
	q3 -> m6 [label = "c"];
	q5 -> m2 [label = "b"];
	q5 -> m4 [label = "c"];
	q0 -> q3 [label = "a"];
	q3 -> q0 [label = "b"];
	q1 -> q1 [label = "c"];
	q0 -> q5 [label = "b"];
	q5 -> q1 [label = "c"];
	q1 -> q4 [label = "a"];
	q4 -> m1 [label = "b"];
	q2 -> q3 [label = "a, b"];
	q4 -> m2 [label = "a"];
	q0 -> m1 [label = "c"];
	q0 -> q0 [label = "a, c"];
	q4 -> m3 [label = "a"];
	q0 -> q4 [label = "b"];
	q2 -> m3 [label = "c"];
	q2 -> q2 [label = "a"];
	q4 -> m0 [label = "c"];
	q4 -> q4 [label = "c"];
	q2 -> q5 [label = "b"];
	q1 -> m5 [label = "a"];
	q1 -> m7 [label = "b"];
	q3 -> q4 [label = "a, b"];
	q1 -> m6 [label = "b"];
	q3 -> q2 [label = "a, c"];
	q5 -> q5 [label = "a"];
	q5 -> q3 [label = "a"];
	q1 -> m8 [label = "c"];
	q4 -> q2 [label = "b"];
	q2 -> q1 [label = "c"];
	m0 -> q3;
	m0 -> q5;
	m1 -> q2;
	m1 -> q5;
	m2 -> q1;
	m2 -> q5;
	m3 -> q0;
	m3 -> q1;
	m4 -> q1;
	m4 -> q2;
	m5 -> q1;
	m5 -> q4;
	m6 -> q0;
	m6 -> q2;
	m7 -> q2;
	m7 -> q4;
	m8 -> q0;
	m8 -> q5;
}

L* output after 10 EQ and 10650 MQ:
digraph finite_state_machine {
	rankdir=LR;
	node [shape = circle];
	s0 [shape = point, style = invis, start="true" ];
	q0 [label = "q0", shape = doublecircle, final="true" ];
	q1 [label = "q1", shape = doublecircle, final="true" ];
	q2 [label = "q2", shape = doublecircle, final="true" ];
	q3 [label = "q3", shape = doublecircle, final="true" ];
	q4 [label = "q4", shape = doublecircle, final="true" ];
	q5 [label = "q5", shape = doublecircle, final="true" ];
	q6 [label = "q6"];
	q7 [label = "q7", shape = doublecircle, final="true" ];
	q8 [label = "q8", shape = doublecircle, final="true" ];
	q9 [label = "q9", shape = doublecircle, final="true" ];
	q10 [label = "q10", shape = doublecircle, final="true" ];
	q11 [label = "q11", shape = doublecircle, final="true" ];
	q12 [label = "q12"];
	q13 [label = "q13"];
	q14 [label = "q14", shape = doublecircle, final="true" ];
	q15 [label = "q15"];
	q16 [label = "q16", shape = doublecircle, final="true" ];
	q17 [label = "q17", shape = doublecircle, final="true" ];
	q18 [label = "q18"];
	q19 [label = "q19"];
	q20 [label = "q20", shape = doublecircle, final="true" ];
	q21 [label = "q21"];
	q22 [label = "q22"];
	q23 [label = "q23"];
	q24 [label = "q24", shape = doublecircle, final="true" ];
	q25 [label = "q25", shape = doublecircle, final="true" ];
	q26 [label = "q26", shape = doublecircle, final="true" ];
	q27 [label = "q27", shape = doublecircle, final="true" ];
	q28 [label = "q28", shape = doublecircle, final="true" ];
	q29 [label = "q29"];
	q30 [label = "q30"];
	q31 [label = "q31"];
	q32 [label = "q32"];
	q33 [label = "q33", shape = doublecircle, final="true" ];
	q34 [label = "q34", shape = doublecircle, final="true" ];
	q35 [label = "q35", shape = doublecircle, final="true" ];
	q36 [label = "q36"];
	q37 [label = "q37", shape = doublecircle, final="true" ];
	q38 [label = "q38"];
	q39 [label = "q39"];
	q40 [label = "q40"];
	q41 [label = "q41"];
	q42 [label = "q42", shape = doublecircle, final="true" ];
	q43 [label = "q43"];
	q44 [label = "q44", shape = doublecircle, final="true" ];
	q45 [label = "q45"];
	q46 [label = "q46", shape = doublecircle, final="true" ];
	q47 [label = "q47", shape = doublecircle, final="true" ];
	q48 [label = "q48"];
	q49 [label = "q49", shape = doublecircle, final="true" ];
	q50 [label = "q50"];
	q51 [label = "q51", shape = doublecircle, final="true" ];
	q52 [label = "q52", shape = doublecircle, final="true" ];
	q53 [label = "q53", shape = doublecircle, final="true" ];
	q54 [label = "q54", shape = doublecircle, final="true" ];
	q55 [label = "q55", shape = doublecircle, final="true" ];
	q56 [label = "q56"];
	q57 [label = "q57", shape = doublecircle, final="true" ];
	q58 [label = "q58", shape = doublecircle, final="true" ];
	q59 [label = "q59", shape = doublecircle, final="true" ];
	q60 [label = "q60", shape = doublecircle, final="true" ];
	q61 [label = "q61", shape = doublecircle, final="true" ];
	q62 [label = "q62"];
	q63 [label = "q63", shape = doublecircle, final="true" ];
	q64 [label = "q64", shape = doublecircle, final="true" ];
	q65 [label = "q65"];
	q66 [label = "q66"];
	q67 [label = "q67"];
	q68 [label = "q68", shape = doublecircle, final="true" ];
	s0 -> q26
	q45 -> q29 [label = "a"];
	q47 -> q30 [label = "b"];
	q47 -> q49 [label = "c"];
	q41 -> q17 [label = "a"];
	q43 -> q32 [label = "b"];
	q40 -> q41 [label = "b"];
	q40 -> q23 [label = "a"];
	q44 -> q44 [label = "c"];
	q35 -> q61 [label = "c"];
	q38 -> q52 [label = "a"];
	q36 -> q62 [label = "b"];
	q34 -> q46 [label = "c"];
	q39 -> q40 [label = "b"];
	q37 -> q52 [label = "a"];
	q33 -> q14 [label = "c"];
	q35 -> q25 [label = "b"];
	q33 -> q51 [label = "a"];
	q38 -> q60 [label = "b"];
	q36 -> q35 [label = "a"];
	q32 -> q43 [label = "c"];
	q38 -> q21 [label = "c"];
	q31 -> q16 [label = "a"];
	q29 -> q24 [label = "b"];
	q30 -> q23 [label = "a"];
	q26 -> q42 [label = "c"];
	q31 -> q32 [label = "b"];
	q27 -> q33 [label = "c"];
	q31 -> q15 [label = "c"];
	q34 -> q30 [label = "b"];
	q27 -> q25 [label = "a"];
	q25 -> q53 [label = "c"];
	q29 -> q36 [label = "c"];
	q25 -> q25 [label = "a, b"];
	q24 -> q44 [label = "c"];
	q26 -> q27 [label = "a"];
	q41 -> q21 [label = "c"];
	q32 -> q29 [label = "a"];
	q24 -> q20 [label = "b"];
	q28 -> q34 [label = "c"];
	q23 -> q35 [label = "a"];
	q40 -> q31 [label = "c"];
	q9 -> q35 [label = "b"];
	q45 -> q31 [label = "c"];
	q46 -> q46 [label = "c"];
	q11 -> q29 [label = "a"];
	q9 -> q51 [label = "a"];
	q13 -> q15 [label = "c"];
	q12 -> q10 [label = "a"];
	q52 -> q35 [label = "a"];
	q58 -> q45 [label = "b"];
	q42 -> q2 [label = "a"];
	q54 -> q62 [label = "b"];
	q4 -> q46 [label = "c"];
	q49 -> q56 [label = "a"];
	q15 -> q15 [label = "c"];
	q68 -> q60 [label = "b"];
	q52 -> q63 [label = "b"];
	q56 -> q52 [label = "a"];
	q26 -> q28 [label = "b"];
	q55 -> q48 [label = "a"];
	q54 -> q57 [label = "c"];
	q9 -> q44 [label = "c"];
	q56 -> q65 [label = "b"];
	q28 -> q30 [label = "b"];
	q63 -> q9 [label = "b"];
	q60 -> q35 [label = "a"];
	q62 -> q8 [label = "b"];
	q45 -> q22 [label = "b"];
	q24 -> q2 [label = "a"];
	q6 -> q52 [label = "a"];
	q59 -> q57 [label = "c"];
	q2 -> q24 [label = "b"];
	q55 -> q66 [label = "b"];
	q50 -> q15 [label = "c"];
	q49 -> q34 [label = "c"];
	q53 -> q44 [label = "c"];
	q62 -> q35 [label = "a"];
	q7 -> q52 [label = "a"];
	q66 -> q23 [label = "a"];
	q67 -> q62 [label = "b"];
	q37 -> q38 [label = "b"];
	q55 -> q58 [label = "c"];
	q30 -> q29 [label = "b"];
	q51 -> q68 [label = "c"];
	q57 -> q45 [label = "b"];
	q18 -> q23 [label = "a"];
	q51 -> q25 [label = "a"];
	q57 -> q60 [label = "a"];
	q32 -> q22 [label = "b"];
	q53 -> q35 [label = "b"];
	q0 -> q46 [label = "c"];
	q5 -> q52 [label = "a"];
	q30 -> q31 [label = "c"];
	q66 -> q6 [label = "b"];
	q67 -> q23 [label = "a"];
	q29 -> q35 [label = "a"];
	q16 -> q47 [label = "c"];
	q43 -> q10 [label = "a"];
	q33 -> q60 [label = "b"];
	q16 -> q12 [label = "a"];
	q65 -> q21 [label = "c"];
	q63 -> q53 [label = "c"];
	q53 -> q25 [label = "a"];
	q14 -> q14 [label = "c"];
	q1 -> q9 [label = "b"];
	q12 -> q15 [label = "c"];
	q63 -> q25 [label = "a"];
	q35 -> q35 [label = "a"];
	q48 -> q50 [label = "c"];
	q17 -> q24 [label = "b"];
	q61 -> q23 [label = "b"];
	q42 -> q28 [label = "b"];
	q14 -> q11 [label = "b"];
	q0 -> q52 [label = "a"];
	q11 -> q67 [label = "b"];
	q61 -> q35 [label = "a"];
	q61 -> q46 [label = "c"];
	q49 -> q30 [label = "b"];
	q62 -> q36 [label = "c"];
	q60 -> q9 [label = "b"];
	q39 -> q29 [label = "a"];
	q58 -> q56 [label = "a"];
	q51 -> q63 [label = "b"];
	q18 -> q13 [label = "c"];
	q64 -> q38 [label = "b"];
	q64 -> q23 [label = "a"];
	q66 -> q31 [label = "c"];
	q42 -> q14 [label = "c"];
	q65 -> q52 [label = "a"];
	q54 -> q35 [label = "a"];
	q59 -> q45 [label = "b"];
	q27 -> q24 [label = "b"];
	q59 -> q37 [label = "a"];
	q39 -> q43 [label = "c"];
	q58 -> q59 [label = "c"];
	q48 -> q19 [label = "b"];
	q34 -> q37 [label = "a"];
	q52 -> q54 [label = "c"];
	q5 -> q35 [label = "b"];
	q20 -> q23 [label = "a, b"];
	q47 -> q48 [label = "a"];
	q19 -> q21 [label = "c"];
	q44 -> q20 [label = "b"];
	q17 -> q54 [label = "c"];
	q4 -> q60 [label = "a"];
	q10 -> q12 [label = "a"];
	q65 -> q7 [label = "b"];
	q22 -> q23 [label = "a"];
	q44 -> q63 [label = "a"];
	q17 -> q35 [label = "a"];
	q28 -> q29 [label = "a"];
	q21 -> q60 [label = "a"];
	q41 -> q11 [label = "b"];
	q36 -> q15 [label = "c"];
	q23 -> q63 [label = "b"];
	q21 -> q18 [label = "b"];
	q18 -> q65 [label = "b"];
	q19 -> q64 [label = "b"];
	q21 -> q15 [label = "c"];
	q22 -> q19 [label = "b"];
	q16 -> q30 [label = "b"];
	q37 -> q46 [label = "c"];
	q20 -> q34 [label = "c"];
	q8 -> q5 [label = "b"];
	q57 -> q57 [label = "c"];
	q15 -> q1 [label = "a"];
	q43 -> q15 [label = "c"];
	q60 -> q61 [label = "c"];
	q13 -> q66 [label = "b"];
	q11 -> q34 [label = "c"];
	q14 -> q63 [label = "a"];
	q12 -> q39 [label = "b"];
	q50 -> q60 [label = "a"];
	q1 -> q35 [label = "a"];
	q10 -> q55 [label = "c"];
	q15 -> q45 [label = "b"];
	q13 -> q37 [label = "a"];
	q67 -> q13 [label = "c"];
	q8 -> q51 [label = "a"];
	q3 -> q4 [label = "c"];
	q68 -> q25 [label = "a"];
	q2 -> q68 [label = "c"];
	q4 -> q67 [label = "b"];
	q64 -> q34 [label = "c"];
	q3 -> q17 [label = "a"];
	q5 -> q4 [label = "c"];
	q48 -> q52 [label = "a"];
	q1 -> q0 [label = "c"];
	q56 -> q50 [label = "c"];
	q7 -> q5 [label = "b"];
	q46 -> q30 [label = "b"];
	q46 -> q60 [label = "a"];
	q7 -> q4 [label = "c"];
	q3 -> q20 [label = "b"];
	q8 -> q44 [label = "c"];
	q22 -> q13 [label = "c"];
	q68 -> q14 [label = "c"];
	q10 -> q45 [label = "b"];
	q19 -> q17 [label = "a"];
	q23 -> q36 [label = "c"];
	q6 -> q3 [label = "b"];
	q2 -> q25 [label = "a"];
	q50 -> q66 [label = "b"];
	q0 -> q23 [label = "b"];
	q6 -> q21 [label = "c"];
}
DFA size: 69 states

NL* output after 12 EQ and 2058 MQ:
digraph finite_state_machine {
	rankdir=LR;
	node [shape = circle];
	s0 [shape = point, style = invis, start="true" ];
	q0 [label = "q0", shape = doublecircle, final="true" ];
	q1 [label = "q1", shape = doublecircle, final="true" ];
	q2 [label = "q2"];
	q3 [label = "q3"];
	q4 [label = "q4"];
	q5 [label = "q5"];
	q6 [label = "q6"];
	q7 [label = "q7", shape = doublecircle, final="true" ];
	q8 [label = "q8", shape = doublecircle, final="true" ];
	q9 [label = "q9"];
	q10 [label = "q10"];
	q11 [label = "q11", shape = doublecircle, final="true" ];
	q12 [label = "q12", shape = doublecircle, final="true" ];
	q13 [label = "q13", shape = doublecircle, final="true" ];
	q14 [label = "q14"];
	q15 [label = "q15"];
	q16 [label = "q16"];
	q17 [label = "q17"];
	q18 [label = "q18"];
	q19 [label = "q19"];
	q20 [label = "q20", shape = doublecircle, final="true" ];
	q21 [label = "q21", shape = doublecircle, final="true" ];
	s0 -> q11
	q20 -> q17 [label = "b"];
	q20 -> q2 [label = "b"];
	q21 -> q6 [label = "a"];
	q19 -> q20 [label = "a"];
	q19 -> q17 [label = "b"];
	q19 -> q5 [label = "b"];
	q2 -> q6 [label = "a, c"];
	q10 -> q21 [label = "a"];
	q1 -> q8 [label = "b"];
	q0 -> q11 [label = "b"];
	q6 -> q6 [label = "c"];
	q0 -> q21 [label = "a, b, c"];
	q18 -> q2 [label = "a, b"];
	q3 -> q3 [label = "a"];
	q0 -> q17 [label = "a, b, c"];
	q7 -> q19 [label = "a, c"];
	q10 -> q6 [label = "c"];
	q0 -> q15 [label = "a, b, c"];
	q0 -> q8 [label = "a, b, c"];
	q0 -> q6 [label = "a, b, c"];
	q14 -> q9 [label = "a, c"];
	q14 -> q4 [label = "a, c"];
	q3 -> q14 [label = "a"];
	q10 -> q16 [label = "c"];
	q0 -> q2 [label = "a, b, c"];
	q4 -> q19 [label = "a, b, c"];
	q0 -> q0 [label = "a"];
	q7 -> q17 [label = "a, b"];
	q4 -> q6 [label = "a, b, c"];
	q0 -> q5 [label = "a, b, c"];
	q10 -> q2 [label = "b"];
	q18 -> q10 [label = "a"];
	q8 -> q18 [label = "a"];
	q14 -> q16 [label = "a, c"];
	q14 -> q10 [label = "a, c"];
	q12 -> q4 [label = "a, c"];
	q10 -> q8 [label = "a"];
	q6 -> q5 [label = "b"];
	q8 -> q17 [label = "b"];
	q4 -> q2 [label = "a"];
	q4 -> q16 [label = "a, c"];
	q5 -> q16 [label = "a"];
	q0 -> q10 [label = "a"];
	q15 -> q17 [label = "a"];
	q8 -> q4 [label = "a, b"];
	q8 -> q2 [label = "b"];
	q11 -> q20 [label = "a, b"];
	q14 -> q17 [label = "a, b, c"];
	q10 -> q19 [label = "c"];
	q17 -> q16 [label = "a"];
	q0 -> q18 [label = "a, b, c"];
	q14 -> q3 [label = "a, b"];
	q14 -> q13 [label = "a, b"];
	q1 -> q14 [label = "a"];
	q12 -> q17 [label = "a, b, c"];
	q9 -> q18 [label = "a"];
	q18 -> q5 [label = "a, b"];
	q14 -> q6 [label = "a, b, c"];
	q10 -> q17 [label = "a, b"];
	q14 -> q5 [label = "a, b, c"];
	q0 -> q14 [label = "a"];
	q0 -> q4 [label = "a, b, c"];
	q18 -> q14 [label = "a"];
	q0 -> q3 [label = "a, b"];
	q9 -> q16 [label = "c"];
	q17 -> q6 [label = "a, c"];
	q14 -> q1 [label = "b"];
	q13 -> q18 [label = "a"];
	q12 -> q21 [label = "a, b"];
	q12 -> q19 [label = "a, b, c"];
	q8 -> q6 [label = "a"];
	q4 -> q17 [label = "a"];
	q10 -> q0 [label = "a"];
	q15 -> q19 [label = "a, b, c"];
	q20 -> q5 [label = "b"];
	q12 -> q9 [label = "a"];
	q0 -> q16 [label = "a"];
	q10 -> q20 [label = "a"];
	q21 -> q4 [label = "b"];
	q14 -> q11 [label = "b"];
	q11 -> q12 [label = "a"];
	q2 -> q19 [label = "a, c"];
	q14 -> q20 [label = "a, b"];
	q21 -> q15 [label = "b"];
	q11 -> q11 [label = "a, c"];
	q19 -> q19 [label = "c"];
	q11 -> q21 [label = "b"];
	q21 -> q2 [label = "b"];
	q14 -> q19 [label = "a, b, c"];
	q18 -> q4 [label = "a"];
	q15 -> q6 [label = "a, b, c"];
	q12 -> q0 [label = "a"];
	q4 -> q9 [label = "a"];
	q15 -> q5 [label = "a"];
	q17 -> q3 [label = "a"];
	q6 -> q16 [label = "c"];
	q0 -> q19 [label = "a, b, c"];
	q9 -> q19 [label = "a, c"];
	q9 -> q10 [label = "c"];
	q0 -> q13 [label = "a, b, c"];
	q16 -> q10 [label = "c"];
	q14 -> q2 [label = "a, b, c"];
	q2 -> q16 [label = "a, c"];
	q12 -> q10 [label = "a"];
	q16 -> q19 [label = "c"];
	q14 -> q8 [label = "a, b"];
	q21 -> q17 [label = "b"];
	q13 -> q16 [label = "a, c"];
	q12 -> q13 [label = "a, b"];
	q3 -> q19 [label = "a, c"];
	q12 -> q20 [label = "a, b"];
	q16 -> q5 [label = "b"];
	q3 -> q4 [label = "a"];
	q19 -> q6 [label = "c"];
	q10 -> q5 [label = "a, b"];
	q9 -> q6 [label = "a, c"];
	q13 -> q19 [label = "a, c"];
	q12 -> q2 [label = "a, b, c"];
	q12 -> q16 [label = "a"];
	q0 -> q9 [label = "a"];
	q0 -> q1 [label = "b"];
	q0 -> q7 [label = "a, b, c"];
	q0 -> q20 [label = "a, b, c"];
	q1 -> q3 [label = "a"];
	q18 -> q16 [label = "a, c"];
	q4 -> q5 [label = "a"];
	q14 -> q14 [label = "a"];
	q12 -> q18 [label = "a"];
	q9 -> q20 [label = "a"];
	q13 -> q6 [label = "a, c"];
	q9 -> q7 [label = "a"];
	q3 -> q18 [label = "a"];
	q9 -> q17 [label = "a, b"];
	q8 -> q5 [label = "b"];
	q12 -> q3 [label = "a, b"];
	q4 -> q18 [label = "a"];
	q4 -> q4 [label = "a"];
	q7 -> q18 [label = "a"];
	q9 -> q5 [label = "a, b"];
	q12 -> q1 [label = "a, b, c"];
	q9 -> q8 [label = "a"];
	q13 -> q2 [label = "b"];
	q9 -> q2 [label = "a, b"];
	q13 -> q7 [label = "c"];
	q13 -> q8 [label = "c"];
	q17 -> q4 [label = "a, b"];
	q11 -> q13 [label = "b"];
	q3 -> q2 [label = "b, c"];
	q18 -> q15 [label = "a"];
	q13 -> q20 [label = "c"];
	q2 -> q10 [label = "a"];
	q13 -> q21 [label = "c"];
	q8 -> q7 [label = "c"];
	q12 -> q7 [label = "a, c"];
	q15 -> q15 [label = "a"];
	q14 -> q21 [label = "a, b"];
	q8 -> q19 [label = "a"];
	q12 -> q6 [label = "a, b, c"];
	q1 -> q18 [label = "a"];
	q12 -> q5 [label = "a, b, c"];
	q2 -> q14 [label = "a"];
	q12 -> q11 [label = "a, b, c"];
	q12 -> q14 [label = "a"];
	q11 -> q5 [label = "b"];
	q13 -> q14 [label = "a"];
	q12 -> q15 [label = "a, c"];
	q5 -> q6 [label = "a, c"];
	q4 -> q3 [label = "a, b"];
	q21 -> q5 [label = "b"];
	q3 -> q10 [label = "a, c"];
	q7 -> q7 [label = "c"];
	q4 -> q10 [label = "a"];
	q4 -> q14 [label = "a"];
	q15 -> q4 [label = "a, b"];
	q1 -> q4 [label = "a"];
	q1 -> q6 [label = "a, c"];
	q1 -> q7 [label = "a, c"];
	q1 -> q10 [label = "a, c"];
	q13 -> q9 [label = "c"];
	q1 -> q11 [label = "a, c"];
	q1 -> q12 [label = "a"];
	q1 -> q16 [label = "a, c"];
	q1 -> q19 [label = "a, c"];
	q14 -> q0 [label = "a"];
	q9 -> q4 [label = "a, b"];
	q3 -> q5 [label = "b, c"];
	q1 -> q21 [label = "b"];
	q12 -> q12 [label = "a"];
	q13 -> q3 [label = "a"];
	q3 -> q8 [label = "b"];
	q3 -> q13 [label = "b"];
	q6 -> q20 [label = "a"];
	q3 -> q17 [label = "b, c"];
	q5 -> q4 [label = "a, b"];
	q3 -> q20 [label = "a, b"];
	q3 -> q21 [label = "b"];
	q5 -> q19 [label = "a, c"];
	q5 -> q10 [label = "a"];
	q7 -> q16 [label = "c"];
	q1 -> q5 [label = "b"];
	q1 -> q13 [label = "b"];
	q3 -> q7 [label = "a"];
	q3 -> q16 [label = "a, c"];
	q7 -> q2 [label = "a, b"];
	q9 -> q21 [label = "a"];
	q3 -> q6 [label = "a, c"];
	q21 -> q8 [label = "c"];
	q7 -> q5 [label = "a, b"];
	q9 -> q13 [label = "a"];
	q5 -> q18 [label = "a"];
	q5 -> q3 [label = "a"];
	q15 -> q14 [label = "a, b"];
	q5 -> q14 [label = "a"];
	q1 -> q20 [label = "a, b"];
	q6 -> q10 [label = "c"];
	q15 -> q10 [label = "a, b"];
	q3 -> q9 [label = "c"];
	q13 -> q4 [label = "a, b"];
	q6 -> q19 [label = "c"];
	q15 -> q3 [label = "a, b"];
	q12 -> q8 [label = "a, b, c"];
	q7 -> q6 [label = "a, c"];
	q15 -> q18 [label = "a, b"];
	q2 -> q18 [label = "a, b"];
	q10 -> q10 [label = "c"];
	q14 -> q7 [label = "a"];
	q11 -> q1 [label = "c"];
	q19 -> q10 [label = "c"];
	q11 -> q6 [label = "c"];
	q15 -> q16 [label = "a, b, c"];
	q13 -> q5 [label = "b"];
	q14 -> q18 [label = "a"];
	q13 -> q15 [label = "b"];
	q13 -> q17 [label = "b"];
	q15 -> q2 [label = "a"];
	q15 -> q9 [label = "a"];
	q1 -> q1 [label = "a, c"];
	q20 -> q8 [label = "c"];
	q16 -> q20 [label = "a"];
	q16 -> q21 [label = "a"];
	q4 -> q15 [label = "a"];
	q18 -> q3 [label = "a, b"];
	q13 -> q10 [label = "a"];
	q18 -> q6 [label = "a, b, c"];
	q18 -> q17 [label = "a, b"];
	q18 -> q19 [label = "a, b, c"];
	q18 -> q9 [label = "a, c"];
	q18 -> q18 [label = "a"];
	q20 -> q6 [label = "a"];
	q16 -> q17 [label = "b"];
	q16 -> q16 [label = "c"];
	q19 -> q16 [label = "c"];
	q21 -> q20 [label = "c"];
	q21 -> q21 [label = "c"];
	q2 -> q4 [label = "a, b"];
	q14 -> q15 [label = "a, c"];
	q17 -> q10 [label = "a"];
	q11 -> q8 [label = "b"];
	q17 -> q14 [label = "a"];
	q17 -> q18 [label = "a, b"];
	q2 -> q3 [label = "a"];
	q16 -> q6 [label = "c"];
	q7 -> q4 [label = "a"];
	q17 -> q19 [label = "a, c"];
}
NFA size: 22 states

AL* output after 14 EQ and 1726 MQ:
digraph finite_state_machine {
	rankdir=LR;
	node [shape = circle];
	s0 [shape = point, style = invis, start="true" ];
	q0 [label = "q0", shape = doublecircle, final="true" ];
	q1 [label = "q1", shape = doublecircle, final="true" ];
	q2 [label = "q2", shape = doublecircle, final="true" ];
	q3 [label = "q3", shape = doublecircle, final="true" ];
	q4 [label = "q4"];
	q5 [label = "q5"];
	q6 [label = "q6", shape = doublecircle, final="true" ];
	q7 [label = "q7"];
	q8 [label = "q8", shape = doublecircle, final="true" ];
	m0 [label = "", shape = square, style = filled, color=grey, fixedsize=true, width=.2];
	m1 [label = "", shape = square, style = filled, color=grey, fixedsize=true, width=.2];
	m2 [label = "", shape = square, style = filled, color=grey, fixedsize=true, width=.2];
	m3 [label = "", shape = square, style = filled, color=grey, fixedsize=true, width=.2];
	m4 [label = "", shape = square, style = filled, color=grey, fixedsize=true, width=.2];
	m5 [label = "", shape = square, style = filled, color=grey, fixedsize=true, width=.2];
	m6 [label = "", shape = square, style = filled, color=grey, fixedsize=true, width=.2];
	m7 [label = "", shape = square, style = filled, color=grey, fixedsize=true, width=.2];
	m8 [label = "", shape = square, style = filled, color=grey, fixedsize=true, width=.2];
	m9 [label = "", shape = square, style = filled, color=grey, fixedsize=true, width=.2];
	m10 [label = "", shape = square, style = filled, color=grey, fixedsize=true, width=.2];
	m11 [label = "", shape = square, style = filled, color=grey, fixedsize=true, width=.2];
	m12 [label = "", shape = square, style = filled, color=grey, fixedsize=true, width=.2];
	m13 [label = "", shape = square, style = filled, color=grey, fixedsize=true, width=.2];
	m14 [label = "", shape = square, style = filled, color=grey, fixedsize=true, width=.2];
	s0 -> m0
	q2 -> m12 [label = "c"];
	q4 -> m4 [label = "b"];
	q4 -> m0 [label = "b"];
	q6 -> m7 [label = "a"];
	q3 -> m4 [label = "a, c"];
	q3 -> m7 [label = "a"];
	q1 -> m3 [label = "b"];
	q7 -> m6 [label = "c"];
	q3 -> m1 [label = "c"];
	q7 -> q7 [label = "a"];
	q3 -> q7 [label = "b"];
	q1 -> m7 [label = "a"];
	q0 -> m3 [label = "a, b"];
	q3 -> m3 [label = "c"];
	q1 -> m6 [label = "c"];
	q5 -> m3 [label = "a"];
	q0 -> m4 [label = "b"];
	q0 -> m0 [label = "a, b, c"];
	q4 -> m3 [label = "a, b"];
	q5 -> m14 [label = "b"];
	q8 -> m4 [label = "a"];
	q1 -> m8 [label = "c"];
	q0 -> m7 [label = "a"];
	q5 -> m11 [label = "c"];
	q4 -> m6 [label = "c"];
	q8 -> m2 [label = "c"];
	q2 -> q7 [label = "b"];
	q1 -> m4 [label = "a, b, c"];
	q5 -> m6 [label = "c"];
	q4 -> q7 [label = "a, c"];
	q2 -> m3 [label = "c"];
	q0 -> q7 [label = "a, c"];
	q5 -> m13 [label = "b"];
	q1 -> m11 [label = "b"];
	q6 -> m8 [label = "c"];
	q2 -> m10 [label = "a"];
	q8 -> m5 [label = "a"];
	q2 -> m5 [label = "a"];
	q5 -> m4 [label = "c"];
	q2 -> m1 [label = "c"];
	q8 -> m3 [label = "c"];
	q8 -> m1 [label = "c"];
	q7 -> m4 [label = "b, c"];
	q6 -> m3 [label = "b"];
	q6 -> m0 [label = "a, c"];
	q6 -> m11 [label = "b"];
	q7 -> m7 [label = "a, b"];
	q6 -> m4 [label = "b, c"];
	q3 -> m6 [label = "c"];
	q8 -> q7 [label = "b"];
	q2 -> m9 [label = "a"];
	q2 -> m4 [label = "a, c"];
	q4 -> m7 [label = "a"];
	q1 -> m0 [label = "a, c"];
	m0 -> q0;
	m0 -> q1;
	m0 -> q6;
	m1 -> q0;
	m1 -> q1;
	m1 -> q2;
	m1 -> q3;
	m1 -> q4;
	m1 -> q6;
	m1 -> q7;
	m2 -> q0;
	m2 -> q1;
	m2 -> q2;
	m2 -> q3;
	m2 -> q4;
	m2 -> q5;
	m2 -> q7;
	m3 -> q2;
	m3 -> q3;
	m3 -> q8;
	m4 -> q1;
	m4 -> q3;
	m4 -> q4;
	m4 -> q5;
	m4 -> q7;
	m5 -> q0;
	m5 -> q1;
	m5 -> q4;
	m5 -> q5;
	m5 -> q6;
	m6 -> q0;
	m6 -> q4;
	m6 -> q5;
	m7 -> q0;
	m7 -> q4;
	m8 -> q0;
	m8 -> q1;
	m8 -> q2;
	m8 -> q3;
	m8 -> q4;
	m8 -> q7;
	m8 -> q8;
	m9 -> q0;
	m9 -> q4;
	m9 -> q7;
	m10 -> q0;
	m10 -> q2;
	m10 -> q3;
	m10 -> q4;
	m10 -> q8;
	m11 -> q0;
	m11 -> q1;
	m11 -> q3;
	m11 -> q4;
	m11 -> q6;
	m11 -> q7;
	m12 -> q0;
	m12 -> q4;
	m12 -> q5;
	m12 -> q7;
	m13 -> q2;
	m13 -> q3;
	m13 -> q7;
	m13 -> q8;
	m14 -> q0;
	m14 -> q1;
	m14 -> q4;
	m14 -> q6;
	m14 -> q7;
}
AFA size: 9 states

AL** output after 15 EQ and 1726 MQ:
digraph finite_state_machine {
	rankdir=LR;
	node [shape = circle];
	s0 [shape = point, style = invis, start="true" ];
	q0 [label = "q0", shape = doublecircle, final="true" ];
	q1 [label = "q1", shape = doublecircle, final="true" ];
	q2 [label = "q2", shape = doublecircle, final="true" ];
	q3 [label = "q3", shape = doublecircle, final="true" ];
	q4 [label = "q4"];
	q5 [label = "q5"];
	q6 [label = "q6", shape = doublecircle, final="true" ];
	q7 [label = "q7"];
	q8 [label = "q8", shape = doublecircle, final="true" ];
	m0 [label = "", shape = square, style = filled, color=grey, fixedsize=true, width=.2];
	m1 [label = "", shape = square, style = filled, color=grey, fixedsize=true, width=.2];
	m2 [label = "", shape = square, style = filled, color=grey, fixedsize=true, width=.2];
	m3 [label = "", shape = square, style = filled, color=grey, fixedsize=true, width=.2];
	m4 [label = "", shape = square, style = filled, color=grey, fixedsize=true, width=.2];
	m5 [label = "", shape = square, style = filled, color=grey, fixedsize=true, width=.2];
	m6 [label = "", shape = square, style = filled, color=grey, fixedsize=true, width=.2];
	m7 [label = "", shape = square, style = filled, color=grey, fixedsize=true, width=.2];
	m8 [label = "", shape = square, style = filled, color=grey, fixedsize=true, width=.2];
	m9 [label = "", shape = square, style = filled, color=grey, fixedsize=true, width=.2];
	m10 [label = "", shape = square, style = filled, color=grey, fixedsize=true, width=.2];
	m11 [label = "", shape = square, style = filled, color=grey, fixedsize=true, width=.2];
	m12 [label = "", shape = square, style = filled, color=grey, fixedsize=true, width=.2];
	m13 [label = "", shape = square, style = filled, color=grey, fixedsize=true, width=.2];
	m14 [label = "", shape = square, style = filled, color=grey, fixedsize=true, width=.2];
	s0 -> m0
	q2 -> m12 [label = "c"];
	q4 -> m4 [label = "b"];
	q4 -> m0 [label = "b"];
	q6 -> m7 [label = "a"];
	q3 -> m4 [label = "a, c"];
	q3 -> m7 [label = "a"];
	q1 -> m3 [label = "b"];
	q7 -> m6 [label = "c"];
	q3 -> m1 [label = "c"];
	q7 -> q7 [label = "a"];
	q3 -> q7 [label = "b"];
	q1 -> m7 [label = "a"];
	q0 -> m3 [label = "a, b"];
	q3 -> m3 [label = "c"];
	q1 -> m6 [label = "c"];
	q5 -> m3 [label = "a"];
	q0 -> m4 [label = "b"];
	q0 -> m0 [label = "a, b, c"];
	q4 -> m3 [label = "a, b"];
	q5 -> m14 [label = "b"];
	q8 -> m4 [label = "a"];
	q1 -> m8 [label = "c"];
	q0 -> m7 [label = "a"];
	q5 -> m11 [label = "c"];
	q4 -> m6 [label = "c"];
	q8 -> m2 [label = "c"];
	q2 -> q7 [label = "b"];
	q1 -> m4 [label = "a, b, c"];
	q5 -> m6 [label = "c"];
	q4 -> q7 [label = "a, c"];
	q2 -> m3 [label = "c"];
	q0 -> q7 [label = "a, c"];
	q5 -> m13 [label = "b"];
	q1 -> m11 [label = "b"];
	q6 -> m8 [label = "c"];
	q2 -> m10 [label = "a"];
	q8 -> m5 [label = "a"];
	q2 -> m5 [label = "a"];
	q5 -> m4 [label = "c"];
	q2 -> m1 [label = "c"];
	q8 -> m3 [label = "c"];
	q8 -> m1 [label = "c"];
	q7 -> m4 [label = "b, c"];
	q6 -> m3 [label = "b"];
	q6 -> m0 [label = "a, c"];
	q6 -> m11 [label = "b"];
	q7 -> m7 [label = "a, b"];
	q6 -> m4 [label = "b, c"];
	q3 -> m6 [label = "c"];
	q8 -> q7 [label = "b"];
	q2 -> m9 [label = "a"];
	q2 -> m4 [label = "a, c"];
	q4 -> m7 [label = "a"];
	q1 -> m0 [label = "a, c"];
	m0 -> q0;
	m0 -> q1;
	m0 -> q6;
	m1 -> q0;
	m1 -> q1;
	m1 -> q2;
	m1 -> q3;
	m1 -> q4;
	m1 -> q6;
	m1 -> q7;
	m2 -> q0;
	m2 -> q1;
	m2 -> q2;
	m2 -> q3;
	m2 -> q4;
	m2 -> q5;
	m2 -> q7;
	m3 -> q2;
	m3 -> q3;
	m3 -> q8;
	m4 -> q1;
	m4 -> q3;
	m4 -> q4;
	m4 -> q5;
	m4 -> q7;
	m5 -> q0;
	m5 -> q1;
	m5 -> q4;
	m5 -> q5;
	m5 -> q6;
	m6 -> q0;
	m6 -> q4;
	m6 -> q5;
	m7 -> q0;
	m7 -> q4;
	m8 -> q0;
	m8 -> q1;
	m8 -> q2;
	m8 -> q3;
	m8 -> q4;
	m8 -> q7;
	m8 -> q8;
	m9 -> q0;
	m9 -> q4;
	m9 -> q7;
	m10 -> q0;
	m10 -> q2;
	m10 -> q3;
	m10 -> q4;
	m10 -> q8;
	m11 -> q0;
	m11 -> q1;
	m11 -> q3;
	m11 -> q4;
	m11 -> q6;
	m11 -> q7;
	m12 -> q0;
	m12 -> q4;
	m12 -> q5;
	m12 -> q7;
	m13 -> q2;
	m13 -> q3;
	m13 -> q7;
	m13 -> q8;
	m14 -> q0;
	m14 -> q1;
	m14 -> q4;
	m14 -> q6;
	m14 -> q7;
}
RAFA size: 9 states

