Random target AFA:
digraph finite_state_machine {
	rankdir=LR;
	node [shape = circle];
	s0 [shape = point, style = invis, start="true" ];
	s1 [shape = point, style = invis, start="true" ];
	q0 [label = "q0"];
	q1 [label = "q1", shape = doublecircle, final="true" ];
	q2 [label = "q2"];
	q3 [label = "q3", shape = doublecircle, final="true" ];
	q4 [label = "q4"];
	q5 [label = "q5"];
	m0 [label = "", shape = square, style = filled, color=grey, fixedsize=true, width=.2];
	m1 [label = "", shape = square, style = filled, color=grey, fixedsize=true, width=.2];
	m2 [label = "", shape = square, style = filled, color=grey, fixedsize=true, width=.2];
	m3 [label = "", shape = square, style = filled, color=grey, fixedsize=true, width=.2];
	m4 [label = "", shape = square, style = filled, color=grey, fixedsize=true, width=.2];
	m5 [label = "", shape = square, style = filled, color=grey, fixedsize=true, width=.2];
	m6 [label = "", shape = square, style = filled, color=grey, fixedsize=true, width=.2];
	m7 [label = "", shape = square, style = filled, color=grey, fixedsize=true, width=.2];
	s0 -> q1
	s1 -> q0
	q3 -> m4 [label = "c"];
	q3 -> m5 [label = "c"];
	q5 -> q1 [label = "c"];
	q5 -> m1 [label = "c"];
	q4 -> q0 [label = "a"];
	q3 -> q2 [label = "a"];
	q0 -> q4 [label = "c"];
	q2 -> q2 [label = "a"];
	q1 -> q2 [label = "a, c"];
	q5 -> m7 [label = "b"];
	q0 -> m0 [label = "b"];
	q2 -> q3 [label = "b"];
	q2 -> q0 [label = "b"];
	q0 -> q3 [label = "a"];
	q3 -> q0 [label = "b"];
	q1 -> q1 [label = "b"];
	q5 -> m4 [label = "a"];
	q0 -> q1 [label = "a, c"];
	q0 -> q5 [label = "b"];
	q4 -> q3 [label = "a, c"];
	q1 -> m2 [label = "a"];
	q3 -> m3 [label = "b"];
	q5 -> q4 [label = "a, b"];
	q1 -> q3 [label = "b"];
	q3 -> q3 [label = "a"];
	q2 -> q5 [label = "a"];
	q4 -> q4 [label = "b, c"];
	q1 -> m5 [label = "c"];
	q4 -> q5 [label = "b"];
	q2 -> m6 [label = "c"];
	q2 -> q4 [label = "c"];
	m0 -> q0;
	m0 -> q3;
	m1 -> q1;
	m1 -> q3;
	m2 -> q1;
	m2 -> q2;
	m3 -> q1;
	m3 -> q4;
	m4 -> q2;
	m4 -> q5;
	m5 -> q0;
	m5 -> q1;
	m6 -> q0;
	m6 -> q5;
	m7 -> q0;
	m7 -> q2;
}

L* output after 9 EQ and 7491 MQ:
digraph finite_state_machine {
	rankdir=LR;
	node [shape = circle];
	s0 [shape = point, style = invis, start="true" ];
	q0 [label = "q0", shape = doublecircle, final="true" ];
	q1 [label = "q1", shape = doublecircle, final="true" ];
	q2 [label = "q2", shape = doublecircle, final="true" ];
	q3 [label = "q3", shape = doublecircle, final="true" ];
	q4 [label = "q4", shape = doublecircle, final="true" ];
	q5 [label = "q5", shape = doublecircle, final="true" ];
	q6 [label = "q6", shape = doublecircle, final="true" ];
	q7 [label = "q7", shape = doublecircle, final="true" ];
	q8 [label = "q8", shape = doublecircle, final="true" ];
	q9 [label = "q9", shape = doublecircle, final="true" ];
	q10 [label = "q10", shape = doublecircle, final="true" ];
	q11 [label = "q11", shape = doublecircle, final="true" ];
	q12 [label = "q12", shape = doublecircle, final="true" ];
	q13 [label = "q13", shape = doublecircle, final="true" ];
	q14 [label = "q14", shape = doublecircle, final="true" ];
	q15 [label = "q15", shape = doublecircle, final="true" ];
	q16 [label = "q16", shape = doublecircle, final="true" ];
	q17 [label = "q17", shape = doublecircle, final="true" ];
	q18 [label = "q18", shape = doublecircle, final="true" ];
	q19 [label = "q19", shape = doublecircle, final="true" ];
	q20 [label = "q20", shape = doublecircle, final="true" ];
	q21 [label = "q21", shape = doublecircle, final="true" ];
	q22 [label = "q22", shape = doublecircle, final="true" ];
	q23 [label = "q23", shape = doublecircle, final="true" ];
	q24 [label = "q24", shape = doublecircle, final="true" ];
	q25 [label = "q25", shape = doublecircle, final="true" ];
	q26 [label = "q26"];
	q27 [label = "q27", shape = doublecircle, final="true" ];
	q28 [label = "q28", shape = doublecircle, final="true" ];
	q29 [label = "q29", shape = doublecircle, final="true" ];
	q30 [label = "q30"];
	q31 [label = "q31", shape = doublecircle, final="true" ];
	q32 [label = "q32", shape = doublecircle, final="true" ];
	q33 [label = "q33", shape = doublecircle, final="true" ];
	q34 [label = "q34", shape = doublecircle, final="true" ];
	q35 [label = "q35", shape = doublecircle, final="true" ];
	q36 [label = "q36"];
	q37 [label = "q37"];
	q38 [label = "q38", shape = doublecircle, final="true" ];
	q39 [label = "q39", shape = doublecircle, final="true" ];
	q40 [label = "q40", shape = doublecircle, final="true" ];
	q41 [label = "q41", shape = doublecircle, final="true" ];
	q42 [label = "q42"];
	q43 [label = "q43", shape = doublecircle, final="true" ];
	q44 [label = "q44", shape = doublecircle, final="true" ];
	q45 [label = "q45", shape = doublecircle, final="true" ];
	q46 [label = "q46", shape = doublecircle, final="true" ];
	q47 [label = "q47", shape = doublecircle, final="true" ];
	q48 [label = "q48", shape = doublecircle, final="true" ];
	q49 [label = "q49", shape = doublecircle, final="true" ];
	s0 -> q33
	q41 -> q29 [label = "c"];
	q45 -> q20 [label = "a"];
	q45 -> q14 [label = "c"];
	q40 -> q29 [label = "c"];
	q46 -> q41 [label = "b"];
	q40 -> q41 [label = "b"];
	q46 -> q14 [label = "c"];
	q40 -> q3 [label = "a"];
	q42 -> q21 [label = "b"];
	q44 -> q7 [label = "c"];
	q39 -> q22 [label = "a"];
	q37 -> q37 [label = "b"];
	q35 -> q15 [label = "c"];
	q38 -> q4 [label = "a"];
	q4 -> q0 [label = "a"];
	q42 -> q40 [label = "c"];
	q47 -> q19 [label = "a"];
	q5 -> q11 [label = "c"];
	q3 -> q20 [label = "a"];
	q1 -> q15 [label = "c"];
	q1 -> q29 [label = "a"];
	q1 -> q36 [label = "b"];
	q42 -> q49 [label = "a"];
	q36 -> q37 [label = "b"];
	q6 -> q41 [label = "b"];
	q4 -> q41 [label = "b"];
	q7 -> q41 [label = "b"];
	q12 -> q21 [label = "b"];
	q33 -> q32 [label = "a"];
	q6 -> q4 [label = "a"];
	q44 -> q49 [label = "a"];
	q19 -> q14 [label = "c"];
	q3 -> q7 [label = "c"];
	q7 -> q48 [label = "a"];
	q13 -> q10 [label = "a"];
	q9 -> q15 [label = "c"];
	q26 -> q42 [label = "a"];
	q10 -> q7 [label = "c"];
	q11 -> q9 [label = "c"];
	q15 -> q12 [label = "a"];
	q8 -> q29 [label = "c"];
	q11 -> q17 [label = "a"];
	q16 -> q3 [label = "a"];
	q17 -> q8 [label = "c"];
	q32 -> q28 [label = "b"];
	q48 -> q7 [label = "c"];
	q47 -> q41 [label = "b"];
	q45 -> q34 [label = "b"];
	q13 -> q29 [label = "c"];
	q48 -> q21 [label = "b"];
	q49 -> q18 [label = "a"];
	q17 -> q21 [label = "b"];
	q43 -> q15 [label = "c"];
	q23 -> q45 [label = "a"];
	q27 -> q28 [label = "b"];
	q26 -> q16 [label = "c"];
	q15 -> q41 [label = "b"];
	q22 -> q46 [label = "a"];
	q48 -> q0 [label = "a"];
	q34 -> q29 [label = "a, c"];
	q5 -> q2 [label = "a"];
	q49 -> q21 [label = "b"];
	q27 -> q26 [label = "a"];
	q22 -> q21 [label = "b"];
	q30 -> q21 [label = "b"];
	q18 -> q14 [label = "c"];
	q28 -> q29 [label = "c"];
	q20 -> q14 [label = "c"];
	q20 -> q23 [label = "b"];
	q13 -> q41 [label = "b"];
	q24 -> q17 [label = "a"];
	q32 -> q30 [label = "c"];
	q44 -> q21 [label = "b"];
	q16 -> q29 [label = "c"];
	q27 -> q30 [label = "c"];
	q21 -> q47 [label = "a"];
	q23 -> q41 [label = "b"];
	q20 -> q44 [label = "a"];
	q3 -> q1 [label = "b"];
	q23 -> q29 [label = "c"];
	q18 -> q41 [label = "b"];
	q19 -> q46 [label = "a"];
	q22 -> q7 [label = "c"];
	q25 -> q44 [label = "a"];
	q17 -> q46 [label = "a"];
	q21 -> q15 [label = "c"];
	q35 -> q48 [label = "a"];
	q5 -> q41 [label = "b"];
	q19 -> q41 [label = "b"];
	q24 -> q21 [label = "b"];
	q18 -> q18 [label = "a"];
	q49 -> q7 [label = "c"];
	q33 -> q29 [label = "c"];
	q36 -> q6 [label = "a"];
	q7 -> q29 [label = "c"];
	q2 -> q20 [label = "a"];
	q6 -> q29 [label = "c"];
	q0 -> q41 [label = "b"];
	q2 -> q1 [label = "b"];
	q14 -> q22 [label = "a"];
	q0 -> q44 [label = "a"];
	q4 -> q14 [label = "c"];
	q12 -> q8 [label = "c"];
	q10 -> q21 [label = "b"];
	q29 -> q39 [label = "c"];
	q39 -> q7 [label = "c"];
	q11 -> q21 [label = "b"];
	q8 -> q48 [label = "a"];
	q14 -> q14 [label = "c"];
	q10 -> q19 [label = "a"];
	q36 -> q5 [label = "c"];
	q43 -> q36 [label = "b"];
	q8 -> q13 [label = "b"];
	q12 -> q0 [label = "a"];
	q41 -> q47 [label = "a"];
	q16 -> q13 [label = "b"];
	q9 -> q21 [label = "b"];
	q21 -> q36 [label = "b"];
	q34 -> q41 [label = "b"];
	q26 -> q43 [label = "b"];
	q2 -> q8 [label = "c"];
	q25 -> q43 [label = "b"];
	q41 -> q41 [label = "b"];
	q47 -> q14 [label = "c"];
	q35 -> q36 [label = "b"];
	q30 -> q40 [label = "c"];
	q0 -> q14 [label = "c"];
	q24 -> q35 [label = "c"];
	q25 -> q8 [label = "c"];
	q14 -> q41 [label = "b"];
	q37 -> q38 [label = "a"];
	q31 -> q27 [label = "c"];
	q29 -> q17 [label = "a"];
	q28 -> q34 [label = "b"];
	q15 -> q11 [label = "c"];
	q30 -> q22 [label = "a"];
	q29 -> q41 [label = "b"];
	q31 -> q24 [label = "a"];
	q28 -> q32 [label = "a"];
	q32 -> q25 [label = "a"];
	q38 -> q15 [label = "c"];
	q43 -> q45 [label = "a"];
	q9 -> q48 [label = "a"];
	q38 -> q21 [label = "b"];
	q46 -> q49 [label = "a"];
	q33 -> q31 [label = "b"];
	q31 -> q23 [label = "b"];
	q37 -> q5 [label = "c"];
	q39 -> q21 [label = "b"];
}
DFA size: 50 states

NL* output after 9 EQ and 3770 MQ:
digraph finite_state_machine {
	rankdir=LR;
	node [shape = circle];
	s0 [shape = point, style = invis, start="true" ];
	q0 [label = "q0", shape = doublecircle, final="true" ];
	q1 [label = "q1", shape = doublecircle, final="true" ];
	q2 [label = "q2"];
	q3 [label = "q3"];
	q4 [label = "q4", shape = doublecircle, final="true" ];
	q5 [label = "q5"];
	q6 [label = "q6", shape = doublecircle, final="true" ];
	q7 [label = "q7", shape = doublecircle, final="true" ];
	q8 [label = "q8", shape = doublecircle, final="true" ];
	q9 [label = "q9"];
	q10 [label = "q10", shape = doublecircle, final="true" ];
	q11 [label = "q11", shape = doublecircle, final="true" ];
	q12 [label = "q12", shape = doublecircle, final="true" ];
	q13 [label = "q13", shape = doublecircle, final="true" ];
	q14 [label = "q14", shape = doublecircle, final="true" ];
	q15 [label = "q15", shape = doublecircle, final="true" ];
	q16 [label = "q16", shape = doublecircle, final="true" ];
	q17 [label = "q17", shape = doublecircle, final="true" ];
	q18 [label = "q18", shape = doublecircle, final="true" ];
	q19 [label = "q19", shape = doublecircle, final="true" ];
	q20 [label = "q20", shape = doublecircle, final="true" ];
	q21 [label = "q21", shape = doublecircle, final="true" ];
	q22 [label = "q22", shape = doublecircle, final="true" ];
	q23 [label = "q23", shape = doublecircle, final="true" ];
	s0 -> q11
	q18 -> q19 [label = "c"];
	q20 -> q17 [label = "b"];
	q20 -> q16 [label = "b"];
	q20 -> q12 [label = "b"];
	q20 -> q8 [label = "b"];
	q20 -> q2 [label = "b"];
	q22 -> q8 [label = "a"];
	q22 -> q6 [label = "a"];
	q22 -> q4 [label = "a"];
	q17 -> q14 [label = "c"];
	q17 -> q1 [label = "c"];
	q21 -> q4 [label = "a"];
	q17 -> q19 [label = "b"];
	q17 -> q15 [label = "b"];
	q19 -> q19 [label = "b"];
	q19 -> q17 [label = "b"];
	q19 -> q12 [label = "b"];
	q17 -> q22 [label = "a"];
	q21 -> q14 [label = "a, c"];
	q21 -> q9 [label = "a, c"];
	q21 -> q6 [label = "c"];
	q21 -> q1 [label = "a, c"];
	q16 -> q20 [label = "c"];
	q16 -> q13 [label = "c"];
	q22 -> q0 [label = "b"];
	q18 -> q21 [label = "a"];
	q19 -> q23 [label = "a"];
	q18 -> q10 [label = "a"];
	q18 -> q6 [label = "a"];
	q18 -> q5 [label = "a"];
	q18 -> q4 [label = "a"];
	q17 -> q17 [label = "b"];
	q16 -> q3 [label = "b"];
	q22 -> q20 [label = "c"];
	q22 -> q19 [label = "c"];
	q17 -> q10 [label = "c"];
	q22 -> q17 [label = "c"];
	q22 -> q15 [label = "c"];
	q22 -> q13 [label = "c"];
	q18 -> q12 [label = "b"];
	q18 -> q3 [label = "b"];
	q19 -> q15 [label = "b"];
	q18 -> q2 [label = "b"];
	q18 -> q0 [label = "b"];
	q16 -> q23 [label = "a"];
	q16 -> q11 [label = "a"];
	q23 -> q0 [label = "b"];
	q16 -> q10 [label = "a"];
	q16 -> q7 [label = "a"];
	q16 -> q6 [label = "a"];
	q21 -> q10 [label = "c"];
	q15 -> q18 [label = "a"];
	q13 -> q20 [label = "b"];
	q13 -> q19 [label = "b"];
	q13 -> q15 [label = "b"];
	q13 -> q13 [label = "b"];
	q13 -> q11 [label = "b"];
	q13 -> q8 [label = "b"];
	q13 -> q7 [label = "b"];
	q13 -> q0 [label = "b"];
	q11 -> q14 [label = "c"];
	q14 -> q23 [label = "a"];
	q14 -> q18 [label = "a"];
	q20 -> q20 [label = "b"];
	q14 -> q5 [label = "a"];
	q12 -> q2 [label = "b"];
	q10 -> q9 [label = "c"];
	q11 -> q20 [label = "c"];
	q15 -> q16 [label = "b"];
	q15 -> q12 [label = "b"];
	q17 -> q23 [label = "a"];
	q15 -> q3 [label = "b"];
	q15 -> q2 [label = "b"];
	q15 -> q0 [label = "b"];
	q13 -> q23 [label = "a"];
	q14 -> q15 [label = "c"];
	q7 -> q6 [label = "a, c"];
	q13 -> q17 [label = "b"];
	q8 -> q20 [label = "b"];
	q13 -> q2 [label = "b"];
	q10 -> q4 [label = "a"];
	q8 -> q7 [label = "b"];
	q1 -> q0 [label = "b"];
	q14 -> q12 [label = "b, c"];
	q9 -> q18 [label = "a"];
	q13 -> q18 [label = "a"];
	q8 -> q1 [label = "a"];
	q14 -> q0 [label = "b"];
	q12 -> q22 [label = "a"];
	q17 -> q20 [label = "b, c"];
	q9 -> q22 [label = "a"];
	q15 -> q20 [label = "c"];
	q19 -> q22 [label = "a"];
	q11 -> q6 [label = "a, c"];
	q1 -> q5 [label = "a"];
	q23 -> q17 [label = "c"];
	q21 -> q13 [label = "b, c"];
	q4 -> q12 [label = "a"];
	q7 -> q1 [label = "c"];
	q12 -> q20 [label = "c"];
	q21 -> q12 [label = "a, b, c"];
	q11 -> q8 [label = "b"];
	q8 -> q6 [label = "c"];
	q13 -> q16 [label = "b"];
	q3 -> q19 [label = "a"];
	q21 -> q17 [label = "b, c"];
	q19 -> q10 [label = "c"];
	q12 -> q13 [label = "c"];
	q21 -> q11 [label = "b"];
	q0 -> q10 [label = "a"];
	q11 -> q13 [label = "c"];
	q3 -> q2 [label = "b"];
	q19 -> q20 [label = "b, c"];
	q20 -> q23 [label = "a"];
	q20 -> q14 [label = "c"];
	q11 -> q10 [label = "a, c"];
	q21 -> q8 [label = "b"];
	q8 -> q11 [label = "b"];
	q17 -> q13 [label = "b, c"];
	q19 -> q8 [label = "b"];
	q4 -> q15 [label = "a"];
	q19 -> q2 [label = "b"];
	q21 -> q2 [label = "a, b"];
	q21 -> q0 [label = "b"];
	q0 -> q2 [label = "b"];
	q9 -> q23 [label = "a"];
	q1 -> q18 [label = "a"];
	q20 -> q13 [label = "b"];
	q21 -> q20 [label = "b, c"];
	q21 -> q19 [label = "b, c"];
	q0 -> q14 [label = "a"];
	q22 -> q10 [label = "a"];
	q12 -> q3 [label = "b"];
	q4 -> q4 [label = "a"];
	q5 -> q17 [label = "c"];
	q20 -> q1 [label = "c"];
	q15 -> q22 [label = "a"];
	q9 -> q5 [label = "a"];
	q19 -> q1 [label = "c"];
	q18 -> q8 [label = "a"];
	q5 -> q5 [label = "a"];
	q4 -> q16 [label = "b"];
	q9 -> q12 [label = "b"];
	q13 -> q14 [label = "c"];
	q14 -> q16 [label = "b"];
	q23 -> q19 [label = "c"];
	q13 -> q1 [label = "c"];
	q0 -> q13 [label = "a, c"];
	q7 -> q0 [label = "b"];
	q17 -> q6 [label = "c"];
	q0 -> q3 [label = "b"];
	q9 -> q16 [label = "b"];
	q20 -> q3 [label = "b"];
	q23 -> q5 [label = "a"];
	q23 -> q4 [label = "a"];
	q6 -> q5 [label = "a"];
	q23 -> q8 [label = "a"];
	q9 -> q4 [label = "a"];
	q21 -> q15 [label = "a, b, c"];
	q18 -> q17 [label = "c"];
	q16 -> q2 [label = "b"];
	q23 -> q6 [label = "a"];
	q9 -> q3 [label = "b"];
	q7 -> q13 [label = "c"];
	q10 -> q5 [label = "a"];
	q19 -> q6 [label = "c"];
	q20 -> q15 [label = "b"];
	q19 -> q13 [label = "b, c"];
	q9 -> q0 [label = "a, b"];
	q9 -> q2 [label = "b"];
	q15 -> q23 [label = "a"];
	q23 -> q10 [label = "a"];
	q10 -> q7 [label = "b"];
	q13 -> q12 [label = "b"];
	q10 -> q11 [label = "b"];
	q3 -> q20 [label = "a, c"];
	q4 -> q17 [label = "c"];
	q3 -> q11 [label = "a"];
	q22 -> q5 [label = "a"];
	q17 -> q8 [label = "b"];
	q14 -> q3 [label = "b"];
	q1 -> q23 [label = "a"];
	q4 -> q19 [label = "c"];
	q0 -> q1 [label = "a"];
	q3 -> q16 [label = "a"];
	q2 -> q2 [label = "b"];
	q20 -> q11 [label = "b"];
	q7 -> q7 [label = "b"];
	q11 -> q1 [label = "c"];
	q6 -> q9 [label = "c"];
	q1 -> q16 [label = "b"];
	q22 -> q12 [label = "c"];
	q2 -> q12 [label = "a"];
	q2 -> q15 [label = "a"];
	q14 -> q2 [label = "b"];
	q2 -> q16 [label = "a"];
	q6 -> q7 [label = "b"];
	q12 -> q18 [label = "a"];
	q6 -> q11 [label = "b"];
	q18 -> q16 [label = "b"];
	q1 -> q3 [label = "b"];
	q4 -> q1 [label = "a"];
	q4 -> q14 [label = "a"];
	q21 -> q5 [label = "a"];
	q4 -> q5 [label = "a"];
	q20 -> q19 [label = "b"];
	q0 -> q20 [label = "a, c"];
	q4 -> q9 [label = "a"];
	q20 -> q0 [label = "b"];
	q1 -> q4 [label = "a"];
	q1 -> q2 [label = "b"];
	q19 -> q14 [label = "c"];
	q7 -> q14 [label = "c"];
	q13 -> q3 [label = "b"];
	q12 -> q23 [label = "a"];
	q7 -> q20 [label = "c"];
	q17 -> q2 [label = "b"];
	q16 -> q22 [label = "a"];
	q1 -> q12 [label = "b, c"];
	q7 -> q11 [label = "b"];
	q7 -> q10 [label = "a, c"];
	q21 -> q16 [label = "b"];
	q15 -> q13 [label = "c"];
	q3 -> q7 [label = "a"];
	q3 -> q12 [label = "a"];
	q20 -> q7 [label = "b"];
	q3 -> q13 [label = "a"];
	q3 -> q15 [label = "a"];
	q5 -> q9 [label = "a"];
	q3 -> q17 [label = "a"];
	q7 -> q8 [label = "b"];
	q17 -> q12 [label = "b"];
	q9 -> q20 [label = "c"];
	q5 -> q2 [label = "a"];
	q19 -> q18 [label = "a"];
	q14 -> q4 [label = "a"];
	q21 -> q3 [label = "b"];
	q0 -> q6 [label = "a"];
	q2 -> q20 [label = "c"];
	q8 -> q17 [label = "b"];
	q4 -> q2 [label = "a"];
	q5 -> q16 [label = "b"];
	q8 -> q16 [label = "b"];
	q21 -> q7 [label = "b"];
	q9 -> q17 [label = "c"];
}
NFA size: 24 states

AL* output after 10 EQ and 1436 MQ:
digraph finite_state_machine {
	rankdir=LR;
	node [shape = circle];
	s0 [shape = point, style = invis, start="true" ];
	s1 [shape = point, style = invis, start="true" ];
	q0 [label = "q0", shape = doublecircle, final="true" ];
	q1 [label = "q1", shape = doublecircle, final="true" ];
	q2 [label = "q2", shape = doublecircle, final="true" ];
	q3 [label = "q3", shape = doublecircle, final="true" ];
	q4 [label = "q4"];
	q5 [label = "q5", shape = doublecircle, final="true" ];
	q6 [label = "q6", shape = doublecircle, final="true" ];
	q7 [label = "q7"];
	q8 [label = "q8", shape = doublecircle, final="true" ];
	q9 [label = "q9", shape = doublecircle, final="true" ];
	q10 [label = "q10", shape = doublecircle, final="true" ];
	m0 [label = "", shape = square, style = filled, color=grey, fixedsize=true, width=.2];
	m1 [label = "", shape = square, style = filled, color=grey, fixedsize=true, width=.2];
	m2 [label = "", shape = square, style = filled, color=grey, fixedsize=true, width=.2];
	m3 [label = "", shape = square, style = filled, color=grey, fixedsize=true, width=.2];
	m4 [label = "", shape = square, style = filled, color=grey, fixedsize=true, width=.2];
	m5 [label = "", shape = square, style = filled, color=grey, fixedsize=true, width=.2];
	m6 [label = "", shape = square, style = filled, color=grey, fixedsize=true, width=.2];
	m7 [label = "", shape = square, style = filled, color=grey, fixedsize=true, width=.2];
	m8 [label = "", shape = square, style = filled, color=grey, fixedsize=true, width=.2];
	m9 [label = "", shape = square, style = filled, color=grey, fixedsize=true, width=.2];
	m10 [label = "", shape = square, style = filled, color=grey, fixedsize=true, width=.2];
	s0 -> m0
	s1 -> m1
	q9 -> m8 [label = "b"];
	q9 -> m10 [label = "a"];
	q9 -> m0 [label = "a, b"];
	q9 -> m6 [label = "a"];
	q8 -> m4 [label = "c"];
	q8 -> m2 [label = "c"];
	q8 -> m7 [label = "b"];
	q8 -> m1 [label = "b"];
	q8 -> m3 [label = "a, c"];
	q10 -> m8 [label = "b"];
	q10 -> m7 [label = "b"];
	q10 -> m9 [label = "a, b"];
	q0 -> m8 [label = "a"];
	q4 -> m1 [label = "c"];
	q0 -> m6 [label = "a"];
	q4 -> m0 [label = "b"];
	q4 -> m2 [label = "a, b, c"];
	q6 -> m3 [label = "a, c"];
	q2 -> m8 [label = "b"];
	q6 -> m0 [label = "b"];
	q8 -> m8 [label = "a"];
	q4 -> m4 [label = "c"];
	q4 -> m6 [label = "b"];
	q7 -> m2 [label = "a, b, c"];
	q3 -> m2 [label = "a, b, c"];
	q7 -> m1 [label = "a, c"];
	q2 -> m0 [label = "b"];
	q7 -> m0 [label = "a"];
	q5 -> m7 [label = "b, c"];
	q0 -> m0 [label = "b"];
	q6 -> m2 [label = "a, b"];
	q7 -> m7 [label = "a, c"];
	q9 -> m3 [label = "a, c"];
	q1 -> m3 [label = "a"];
	q2 -> m2 [label = "c"];
	q10 -> m3 [label = "a, c"];
	q9 -> m7 [label = "b"];
	q7 -> m8 [label = "b"];
	q2 -> m3 [label = "a, c"];
	q10 -> m2 [label = "c"];
	q9 -> m2 [label = "b, c"];
	q3 -> m5 [label = "c"];
	q2 -> m7 [label = "b"];
	q5 -> m2 [label = "b, c"];
	q5 -> m8 [label = "a, b"];
	q5 -> m6 [label = "a, b, c"];
	q3 -> m4 [label = "c"];
	q7 -> m5 [label = "a"];
	q10 -> m1 [label = "a, b, c"];
	q5 -> m0 [label = "a, b"];
	q1 -> m2 [label = "a, b, c"];
	q5 -> m3 [label = "a"];
	q3 -> m3 [label = "a"];
	q2 -> m1 [label = "a, b, c"];
	q6 -> m6 [label = "a"];
	q0 -> m4 [label = "c"];
	q3 -> m8 [label = "a, b"];
	q1 -> m0 [label = "a, b"];
	q1 -> m8 [label = "b"];
	q0 -> m1 [label = "b"];
	q1 -> m5 [label = "c"];
	q3 -> m1 [label = "a, c"];
	q0 -> m7 [label = "b"];
	q3 -> m6 [label = "b"];
	q2 -> m9 [label = "a"];
	q8 -> m0 [label = "b"];
	q3 -> m0 [label = "b"];
	q1 -> m1 [label = "a, c"];
	q3 -> m7 [label = "b"];
	q5 -> m4 [label = "c"];
	q5 -> m5 [label = "c"];
	q4 -> m7 [label = "b"];
	q4 -> m3 [label = "a"];
	q1 -> m7 [label = "c"];
	q4 -> m8 [label = "a"];
	q0 -> m2 [label = "c"];
	q0 -> m3 [label = "a, c"];
	q0 -> m9 [label = "a"];
	q6 -> m1 [label = "b, c"];
	q9 -> m1 [label = "b, c"];
	q6 -> m7 [label = "b"];
	m0 -> q1;
	m0 -> q2;
	m0 -> q3;
	m0 -> q7;
	m0 -> q10;
	m1 -> q0;
	m1 -> q2;
	m1 -> q6;
	m1 -> q8;
	m1 -> q9;
	m1 -> q10;
	m2 -> q1;
	m2 -> q5;
	m2 -> q7;
	m2 -> q9;
	m3 -> q0;
	m3 -> q3;
	m3 -> q4;
	m3 -> q5;
	m3 -> q8;
	m4 -> q1;
	m4 -> q2;
	m4 -> q3;
	m4 -> q4;
	m4 -> q6;
	m4 -> q7;
	m4 -> q9;
	m4 -> q10;
	m5 -> q0;
	m5 -> q1;
	m5 -> q3;
	m5 -> q4;
	m5 -> q5;
	m5 -> q6;
	m5 -> q7;
	m5 -> q8;
	m6 -> q0;
	m6 -> q1;
	m6 -> q2;
	m6 -> q3;
	m6 -> q5;
	m6 -> q6;
	m6 -> q8;
	m6 -> q9;
	m6 -> q10;
	m7 -> q0;
	m7 -> q1;
	m7 -> q2;
	m7 -> q3;
	m7 -> q4;
	m7 -> q5;
	m7 -> q6;
	m7 -> q8;
	m7 -> q9;
	m8 -> q1;
	m8 -> q3;
	m8 -> q4;
	m8 -> q6;
	m8 -> q7;
	m9 -> q0;
	m9 -> q1;
	m9 -> q2;
	m9 -> q3;
	m9 -> q5;
	m9 -> q6;
	m9 -> q7;
	m9 -> q9;
	m9 -> q10;
	m10 -> q0;
	m10 -> q1;
	m10 -> q2;
	m10 -> q5;
	m10 -> q6;
	m10 -> q7;
	m10 -> q8;
	m10 -> q9;
	m10 -> q10;
}
AFA size: 11 states

