Random target AFA:
digraph finite_state_machine {
	rankdir=LR;
	node [shape = circle];
	s0 [shape = point, style = invis, start="true" ];
	s1 [shape = point, style = invis, start="true" ];
	q0 [label = "q0", shape = doublecircle, final="true" ];
	q1 [label = "q1"];
	q2 [label = "q2", shape = doublecircle, final="true" ];
	q3 [label = "q3"];
	q4 [label = "q4"];
	q5 [label = "q5"];
	m0 [label = "", shape = square, style = filled, color=grey, fixedsize=true, width=.2];
	m1 [label = "", shape = square, style = filled, color=grey, fixedsize=true, width=.2];
	m2 [label = "", shape = square, style = filled, color=grey, fixedsize=true, width=.2];
	m3 [label = "", shape = square, style = filled, color=grey, fixedsize=true, width=.2];
	m4 [label = "", shape = square, style = filled, color=grey, fixedsize=true, width=.2];
	m5 [label = "", shape = square, style = filled, color=grey, fixedsize=true, width=.2];
	m6 [label = "", shape = square, style = filled, color=grey, fixedsize=true, width=.2];
	s0 -> q1
	s1 -> q2
	q5 -> q3 [label = "b"];
	q3 -> q1 [label = "c"];
	q2 -> m6 [label = "c"];
	q4 -> m3 [label = "b"];
	q4 -> q4 [label = "b"];
	q5 -> m4 [label = "a"];
	q3 -> q0 [label = "a"];
	q3 -> q5 [label = "b"];
	q3 -> m4 [label = "c"];
	q1 -> m5 [label = "c"];
	q3 -> q3 [label = "b"];
	q4 -> m0 [label = "c"];
	q5 -> q2 [label = "a"];
	q2 -> q5 [label = "b"];
	q4 -> m1 [label = "a"];
	q0 -> q5 [label = "a"];
	q1 -> q2 [label = "c"];
	q2 -> q2 [label = "b"];
	q2 -> q3 [label = "a, c"];
	q0 -> q1 [label = "a, b, c"];
	q0 -> q0 [label = "c"];
	q5 -> q4 [label = "b, c"];
	q5 -> m2 [label = "c"];
	q1 -> m3 [label = "b"];
	q1 -> q5 [label = "a, b"];
	q4 -> q5 [label = "a, c"];
	q1 -> q0 [label = "a"];
	m0 -> q0;
	m0 -> q2;
	m1 -> q0;
	m1 -> q1;
	m2 -> q0;
	m2 -> q5;
	m3 -> q2;
	m3 -> q3;
	m4 -> q0;
	m4 -> q4;
	m5 -> q1;
	m5 -> q2;
	m6 -> q1;
	m6 -> q4;
}

L* output after 10 EQ and 7524 MQ:
digraph finite_state_machine {
	rankdir=LR;
	node [shape = circle];
	s0 [shape = point, style = invis, start="true" ];
	q0 [label = "q0", shape = doublecircle, final="true" ];
	q1 [label = "q1", shape = doublecircle, final="true" ];
	q2 [label = "q2", shape = doublecircle, final="true" ];
	q3 [label = "q3", shape = doublecircle, final="true" ];
	q4 [label = "q4", shape = doublecircle, final="true" ];
	q5 [label = "q5", shape = doublecircle, final="true" ];
	q6 [label = "q6", shape = doublecircle, final="true" ];
	q7 [label = "q7", shape = doublecircle, final="true" ];
	q8 [label = "q8", shape = doublecircle, final="true" ];
	q9 [label = "q9", shape = doublecircle, final="true" ];
	q10 [label = "q10", shape = doublecircle, final="true" ];
	q11 [label = "q11", shape = doublecircle, final="true" ];
	q12 [label = "q12", shape = doublecircle, final="true" ];
	q13 [label = "q13"];
	q14 [label = "q14", shape = doublecircle, final="true" ];
	q15 [label = "q15", shape = doublecircle, final="true" ];
	q16 [label = "q16", shape = doublecircle, final="true" ];
	q17 [label = "q17", shape = doublecircle, final="true" ];
	q18 [label = "q18", shape = doublecircle, final="true" ];
	q19 [label = "q19", shape = doublecircle, final="true" ];
	q20 [label = "q20", shape = doublecircle, final="true" ];
	q21 [label = "q21"];
	q22 [label = "q22", shape = doublecircle, final="true" ];
	q23 [label = "q23"];
	q24 [label = "q24", shape = doublecircle, final="true" ];
	q25 [label = "q25", shape = doublecircle, final="true" ];
	q26 [label = "q26", shape = doublecircle, final="true" ];
	q27 [label = "q27"];
	q28 [label = "q28", shape = doublecircle, final="true" ];
	q29 [label = "q29", shape = doublecircle, final="true" ];
	q30 [label = "q30"];
	q31 [label = "q31", shape = doublecircle, final="true" ];
	q32 [label = "q32", shape = doublecircle, final="true" ];
	q33 [label = "q33"];
	q34 [label = "q34", shape = doublecircle, final="true" ];
	q35 [label = "q35", shape = doublecircle, final="true" ];
	q36 [label = "q36", shape = doublecircle, final="true" ];
	q37 [label = "q37", shape = doublecircle, final="true" ];
	q38 [label = "q38", shape = doublecircle, final="true" ];
	q39 [label = "q39", shape = doublecircle, final="true" ];
	q40 [label = "q40"];
	q41 [label = "q41", shape = doublecircle, final="true" ];
	q42 [label = "q42", shape = doublecircle, final="true" ];
	q43 [label = "q43", shape = doublecircle, final="true" ];
	q44 [label = "q44", shape = doublecircle, final="true" ];
	q45 [label = "q45", shape = doublecircle, final="true" ];
	q46 [label = "q46", shape = doublecircle, final="true" ];
	q47 [label = "q47", shape = doublecircle, final="true" ];
	q48 [label = "q48", shape = doublecircle, final="true" ];
	q49 [label = "q49", shape = doublecircle, final="true" ];
	q50 [label = "q50", shape = doublecircle, final="true" ];
	q51 [label = "q51", shape = doublecircle, final="true" ];
	q52 [label = "q52"];
	q53 [label = "q53", shape = doublecircle, final="true" ];
	q54 [label = "q54"];
	q55 [label = "q55", shape = doublecircle, final="true" ];
	q56 [label = "q56", shape = doublecircle, final="true" ];
	q57 [label = "q57", shape = doublecircle, final="true" ];
	q58 [label = "q58", shape = doublecircle, final="true" ];
	q59 [label = "q59", shape = doublecircle, final="true" ];
	q60 [label = "q60", shape = doublecircle, final="true" ];
	s0 -> q18
	q41 -> q51 [label = "c"];
	q47 -> q52 [label = "b"];
	q41 -> q56 [label = "b"];
	q43 -> q19 [label = "a"];
	q47 -> q57 [label = "c"];
	q45 -> q48 [label = "c"];
	q40 -> q43 [label = "c"];
	q46 -> q28 [label = "b"];
	q42 -> q19 [label = "a"];
	q40 -> q27 [label = "b"];
	q46 -> q24 [label = "c"];
	q40 -> q11 [label = "a"];
	q42 -> q27 [label = "b"];
	q35 -> q42 [label = "c"];
	q36 -> q27 [label = "b"];
	q34 -> q41 [label = "c"];
	q33 -> q27 [label = "b"];
	q35 -> q26 [label = "b"];
	q36 -> q45 [label = "a"];
	q32 -> q38 [label = "c"];
	q38 -> q32 [label = "c"];
	q34 -> q29 [label = "a"];
	q32 -> q26 [label = "b"];
	q36 -> q38 [label = "c"];
	q32 -> q45 [label = "a"];
	q45 -> q24 [label = "a"];
	q31 -> q45 [label = "a"];
	q29 -> q21 [label = "b"];
	q29 -> q24 [label = "a"];
	q25 -> q9 [label = "c"];
	q31 -> q37 [label = "c"];
	q38 -> q19 [label = "a"];
	q26 -> q8 [label = "c"];
	q25 -> q15 [label = "b"];
	q29 -> q46 [label = "c"];
	q27 -> q27 [label = "b"];
	q39 -> q27 [label = "b"];
	q52 -> q27 [label = "b"];
	q17 -> q45 [label = "a"];
	q48 -> q29 [label = "a"];
	q23 -> q17 [label = "c"];
	q17 -> q27 [label = "b"];
	q5 -> q19 [label = "a"];
	q10 -> q45 [label = "a"];
	q8 -> q27 [label = "b"];
	q57 -> q59 [label = "b"];
	q10 -> q26 [label = "b"];
	q47 -> q19 [label = "a"];
	q53 -> q19 [label = "a"];
	q52 -> q11 [label = "a"];
	q43 -> q31 [label = "c"];
	q1 -> q19 [label = "a"];
	q18 -> q25 [label = "c"];
	q54 -> q27 [label = "b"];
	q27 -> q4 [label = "c"];
	q49 -> q19 [label = "a"];
	q48 -> q21 [label = "b"];
	q2 -> q50 [label = "c"];
	q24 -> q24 [label = "a"];
	q46 -> q29 [label = "a"];
	q37 -> q27 [label = "b"];
	q9 -> q5 [label = "c"];
	q28 -> q26 [label = "b, c"];
	q22 -> q30 [label = "b"];
	q7 -> q32 [label = "b"];
	q19 -> q24 [label = "a"];
	q42 -> q36 [label = "c"];
	q60 -> q27 [label = "b"];
	q30 -> q11 [label = "a"];
	q57 -> q49 [label = "c"];
	q45 -> q10 [label = "b"];
	q2 -> q45 [label = "a"];
	q60 -> q0 [label = "c"];
	q53 -> q31 [label = "c"];
	q0 -> q14 [label = "b"];
	q58 -> q26 [label = "b"];
	q37 -> q19 [label = "a"];
	q57 -> q19 [label = "a"];
	q60 -> q45 [label = "a"];
	q58 -> q60 [label = "c"];
	q55 -> q6 [label = "c"];
	q54 -> q55 [label = "c"];
	q24 -> q16 [label = "c"];
	q3 -> q36 [label = "c"];
	q59 -> q26 [label = "b"];
	q26 -> q26 [label = "b"];
	q54 -> q11 [label = "a"];
	q8 -> q10 [label = "c"];
	q0 -> q32 [label = "c"];
	q17 -> q3 [label = "c"];
	q52 -> q53 [label = "c"];
	q19 -> q21 [label = "b"];
	q58 -> q19 [label = "a"];
	q26 -> q45 [label = "a"];
	q1 -> q60 [label = "c"];
	q50 -> q26 [label = "b"];
	q10 -> q10 [label = "c"];
	q13 -> q44 [label = "a"];
	q35 -> q45 [label = "a"];
	q53 -> q54 [label = "b"];
	q49 -> q31 [label = "b"];
	q56 -> q58 [label = "c"];
	q4 -> q45 [label = "a"];
	q56 -> q45 [label = "a"];
	q34 -> q40 [label = "b"];
	q13 -> q2 [label = "c"];
	q50 -> q36 [label = "c"];
	q30 -> q14 [label = "c"];
	q44 -> q32 [label = "a"];
	q49 -> q49 [label = "c"];
	q56 -> q26 [label = "b"];
	q59 -> q45 [label = "a"];
	q59 -> q1 [label = "c"];
	q55 -> q27 [label = "b"];
	q13 -> q27 [label = "b"];
	q4 -> q27 [label = "b"];
	q4 -> q26 [label = "c"];
	q48 -> q24 [label = "c"];
	q1 -> q27 [label = "b"];
	q38 -> q26 [label = "b"];
	q50 -> q19 [label = "a"];
	q51 -> q29 [label = "a"];
	q55 -> q45 [label = "a"];
	q8 -> q45 [label = "a"];
	q18 -> q19 [label = "a"];
	q16 -> q24 [label = "c"];
	q22 -> q24 [label = "c"];
	q39 -> q31 [label = "c"];
	q11 -> q48 [label = "c"];
	q51 -> q32 [label = "b"];
	q25 -> q19 [label = "a"];
	q39 -> q19 [label = "a"];
	q18 -> q20 [label = "b"];
	q43 -> q14 [label = "b"];
	q33 -> q39 [label = "c"];
	q44 -> q21 [label = "b"];
	q22 -> q29 [label = "a"];
	q16 -> q29 [label = "a"];
	q15 -> q13 [label = "c"];
	q15 -> q7 [label = "a"];
	q20 -> q26 [label = "b"];
	q14 -> q45 [label = "a"];
	q12 -> q31 [label = "b"];
	q33 -> q11 [label = "a"];
	q21 -> q28 [label = "c"];
	q23 -> q27 [label = "b"];
	q15 -> q26 [label = "b"];
	q6 -> q27 [label = "b"];
	q6 -> q45 [label = "a"];
	q51 -> q51 [label = "c"];
	q21 -> q11 [label = "a"];
	q3 -> q19 [label = "a"];
	q20 -> q23 [label = "c"];
	q11 -> q10 [label = "b"];
	q7 -> q34 [label = "c"];
	q44 -> q22 [label = "c"];
	q37 -> q32 [label = "c"];
	q12 -> q19 [label = "a"];
	q31 -> q26 [label = "b"];
	q7 -> q29 [label = "a"];
	q3 -> q14 [label = "b"];
	q27 -> q11 [label = "a"];
	q5 -> q49 [label = "c"];
	q5 -> q35 [label = "b"];
	q6 -> q8 [label = "c"];
	q41 -> q29 [label = "a"];
	q2 -> q26 [label = "b"];
	q0 -> q19 [label = "a"];
	q16 -> q10 [label = "b"];
	q9 -> q19 [label = "a"];
	q12 -> q47 [label = "c"];
	q14 -> q6 [label = "c"];
	q14 -> q26 [label = "b"];
	q11 -> q32 [label = "a"];
	q9 -> q33 [label = "b"];
	q19 -> q22 [label = "c"];
	q21 -> q27 [label = "b"];
	q23 -> q44 [label = "a"];
	q20 -> q12 [label = "a"];
	q24 -> q10 [label = "b"];
	q28 -> q45 [label = "a"];
	q30 -> q27 [label = "b"];
}
DFA size: 61 states

NL* output after 10 EQ and 3727 MQ:
digraph finite_state_machine {
	rankdir=LR;
	node [shape = circle];
	s0 [shape = point, style = invis, start="true" ];
	q0 [label = "q0", shape = doublecircle, final="true" ];
	q1 [label = "q1", shape = doublecircle, final="true" ];
	q2 [label = "q2", shape = doublecircle, final="true" ];
	q3 [label = "q3", shape = doublecircle, final="true" ];
	q4 [label = "q4"];
	q5 [label = "q5", shape = doublecircle, final="true" ];
	q6 [label = "q6"];
	q7 [label = "q7", shape = doublecircle, final="true" ];
	q8 [label = "q8", shape = doublecircle, final="true" ];
	q9 [label = "q9"];
	q10 [label = "q10", shape = doublecircle, final="true" ];
	q11 [label = "q11", shape = doublecircle, final="true" ];
	q12 [label = "q12", shape = doublecircle, final="true" ];
	q13 [label = "q13", shape = doublecircle, final="true" ];
	q14 [label = "q14"];
	q15 [label = "q15", shape = doublecircle, final="true" ];
	q16 [label = "q16", shape = doublecircle, final="true" ];
	q17 [label = "q17", shape = doublecircle, final="true" ];
	q18 [label = "q18"];
	q19 [label = "q19", shape = doublecircle, final="true" ];
	q20 [label = "q20", shape = doublecircle, final="true" ];
	q21 [label = "q21", shape = doublecircle, final="true" ];
	q22 [label = "q22", shape = doublecircle, final="true" ];
	q23 [label = "q23", shape = doublecircle, final="true" ];
	q24 [label = "q24"];
	q25 [label = "q25", shape = doublecircle, final="true" ];
	q26 [label = "q26", shape = doublecircle, final="true" ];
	q27 [label = "q27", shape = doublecircle, final="true" ];
	q28 [label = "q28"];
	q29 [label = "q29", shape = doublecircle, final="true" ];
	s0 -> q17
	q18 -> q25 [label = "c"];
	q18 -> q1 [label = "c"];
	q20 -> q25 [label = "b"];
	q20 -> q15 [label = "b"];
	q20 -> q3 [label = "b"];
	q17 -> q13 [label = "c"];
	q21 -> q6 [label = "a"];
	q23 -> q21 [label = "b"];
	q23 -> q19 [label = "b"];
	q23 -> q13 [label = "b"];
	q23 -> q10 [label = "b"];
	q23 -> q2 [label = "b"];
	q23 -> q1 [label = "b"];
	q19 -> q23 [label = "a"];
	q17 -> q15 [label = "b"];
	q19 -> q20 [label = "b"];
	q19 -> q19 [label = "b"];
	q19 -> q15 [label = "b"];
	q19 -> q9 [label = "b"];
	q19 -> q6 [label = "b"];
	q19 -> q1 [label = "b"];
	q19 -> q0 [label = "b"];
	q17 -> q8 [label = "a"];
	q17 -> q6 [label = "a"];
	q23 -> q15 [label = "b"];
	q21 -> q21 [label = "c"];
	q22 -> q8 [label = "a"];
	q21 -> q13 [label = "c"];
	q21 -> q11 [label = "c"];
	q19 -> q4 [label = "b"];
	q21 -> q7 [label = "c"];
	q21 -> q2 [label = "c"];
	q16 -> q29 [label = "c"];
	q16 -> q25 [label = "c"];
	q16 -> q23 [label = "c"];
	q16 -> q17 [label = "c"];
	q16 -> q15 [label = "c"];
	q16 -> q13 [label = "c"];
	q19 -> q27 [label = "b"];
	q16 -> q10 [label = "c"];
	q16 -> q2 [label = "c"];
	q22 -> q14 [label = "b"];
	q22 -> q4 [label = "b"];
	q18 -> q15 [label = "a, c"];
	q18 -> q8 [label = "a"];
	q16 -> q18 [label = "b"];
	q16 -> q4 [label = "b"];
	q22 -> q25 [label = "c"];
	q22 -> q15 [label = "c"];
	q22 -> q13 [label = "c"];
	q22 -> q10 [label = "c"];
	q18 -> q14 [label = "b"];
	q18 -> q9 [label = "b"];
	q18 -> q6 [label = "b"];
	q8 -> q13 [label = "a"];
	q28 -> q15 [label = "a"];
	q3 -> q27 [label = "c"];
	q8 -> q2 [label = "a"];
	q8 -> q1 [label = "a"];
	q8 -> q24 [label = "b"];
	q26 -> q2 [label = "c"];
	q6 -> q5 [label = "c"];
	q14 -> q4 [label = "b"];
	q14 -> q9 [label = "b"];
	q19 -> q13 [label = "b"];
	q24 -> q15 [label = "c"];
	q0 -> q6 [label = "a, b, c"];
	q3 -> q14 [label = "b, c"];
	q12 -> q10 [label = "a"];
	q2 -> q10 [label = "c"];
	q12 -> q6 [label = "a, b"];
	q8 -> q5 [label = "c"];
	q15 -> q1 [label = "b"];
	q28 -> q14 [label = "b"];
	q9 -> q15 [label = "a"];
	q9 -> q6 [label = "b"];
	q9 -> q4 [label = "b"];
	q21 -> q15 [label = "b"];
	q23 -> q8 [label = "a"];
	q19 -> q24 [label = "c"];
	q0 -> q11 [label = "c"];
	q4 -> q6 [label = "b"];
	q13 -> q7 [label = "c"];
	q12 -> q23 [label = "a"];
	q14 -> q6 [label = "b"];
	q1 -> q9 [label = "a, b"];
	q23 -> q11 [label = "a, b"];
	q8 -> q15 [label = "a"];
	q25 -> q0 [label = "b, c"];
	q23 -> q26 [label = "a, c"];
	q22 -> q6 [label = "a, b, c"];
	q29 -> q1 [label = "b"];
	q24 -> q8 [label = "a"];
	q27 -> q8 [label = "a"];
	q29 -> q10 [label = "c"];
	q28 -> q17 [label = "c"];
	q9 -> q9 [label = "b"];
	q28 -> q5 [label = "c"];
	q4 -> q14 [label = "b"];
	q12 -> q19 [label = "a"];
	q25 -> q27 [label = "b, c"];
	q6 -> q4 [label = "b"];
	q14 -> q14 [label = "b"];
	q24 -> q9 [label = "b"];
	q25 -> q14 [label = "b, c"];
	q29 -> q28 [label = "a"];
	q29 -> q8 [label = "a"];
	q19 -> q10 [label = "a, b"];
	q11 -> q6 [label = "a, b"];
	q21 -> q1 [label = "b"];
	q25 -> q3 [label = "b"];
	q3 -> q3 [label = "c"];
	q25 -> q23 [label = "a"];
	q20 -> q28 [label = "c"];
	q12 -> q9 [label = "a, b"];
	q18 -> q4 [label = "b, c"];
	q15 -> q6 [label = "b"];
	q13 -> q8 [label = "a"];
	q29 -> q17 [label = "b, c"];
	q29 -> q13 [label = "c"];
	q25 -> q8 [label = "a"];
	q5 -> q25 [label = "c"];
	q25 -> q10 [label = "a, b"];
	q10 -> q9 [label = "b"];
	q15 -> q19 [label = "b"];
	q26 -> q11 [label = "a"];
	q21 -> q10 [label = "c"];
	q23 -> q12 [label = "a, b"];
	q23 -> q6 [label = "a, b"];
	q24 -> q12 [label = "c"];
	q19 -> q3 [label = "b"];
	q12 -> q20 [label = "c"];
	q3 -> q4 [label = "b, c"];
	q16 -> q21 [label = "c"];
	q22 -> q9 [label = "b, c"];
	q8 -> q28 [label = "a, b"];
	q3 -> q0 [label = "c"];
	q27 -> q7 [label = "c"];
	q3 -> q23 [label = "a"];
	q27 -> q4 [label = "b"];
	q12 -> q13 [label = "a"];
	q3 -> q19 [label = "a"];
	q24 -> q6 [label = "b"];
	q28 -> q6 [label = "b"];
	q19 -> q25 [label = "b"];
	q28 -> q9 [label = "b"];
	q16 -> q1 [label = "c"];
	q29 -> q15 [label = "b"];
	q8 -> q9 [label = "a, b"];
	q1 -> q8 [label = "a"];
	q27 -> q9 [label = "b, c"];
	q27 -> q11 [label = "c"];
	q27 -> q6 [label = "a, b, c"];
	q25 -> q4 [label = "b"];
	q8 -> q10 [label = "a"];
	q7 -> q2 [label = "c"];
	q25 -> q1 [label = "a, b"];
	q11 -> q21 [label = "c"];
	q2 -> q21 [label = "c"];
	q8 -> q18 [label = "b"];
	q24 -> q1 [label = "c"];
	q27 -> q28 [label = "c"];
	q29 -> q23 [label = "c"];
	q8 -> q4 [label = "b"];
	q29 -> q11 [label = "a, c"];
	q12 -> q1 [label = "a"];
	q9 -> q8 [label = "a"];
	q24 -> q14 [label = "b"];
	q29 -> q7 [label = "a, c"];
	q29 -> q29 [label = "c"];
	q26 -> q28 [label = "a, b"];
	q11 -> q8 [label = "a"];
	q20 -> q1 [label = "b"];
	q19 -> q14 [label = "b, c"];
	q26 -> q29 [label = "c"];
	q28 -> q4 [label = "b"];
	q22 -> q19 [label = "c"];
	q10 -> q25 [label = "b"];
	q26 -> q17 [label = "c"];
	q25 -> q6 [label = "a, b"];
	q6 -> q9 [label = "b"];
	q10 -> q6 [label = "a, b"];
	q9 -> q14 [label = "b"];
	q6 -> q15 [label = "a"];
	q25 -> q9 [label = "a, b"];
	q11 -> q9 [label = "b"];
	q23 -> q17 [label = "b"];
	q10 -> q15 [label = "b"];
	q3 -> q8 [label = "a"];
	q25 -> q13 [label = "a, b"];
	q21 -> q8 [label = "a"];
	q3 -> q6 [label = "a, b, c"];
	q29 -> q26 [label = "a, c"];
	q25 -> q15 [label = "a, b"];
	q26 -> q8 [label = "a"];
	q25 -> q20 [label = "b"];
	q12 -> q15 [label = "a"];
	q8 -> q11 [label = "a"];
	q23 -> q7 [label = "a, b, c"];
	q15 -> q14 [label = "b, c"];
	q11 -> q2 [label = "c"];
	q8 -> q12 [label = "a"];
	q28 -> q8 [label = "a"];
	q24 -> q25 [label = "c"];
	q24 -> q4 [label = "b"];
	q8 -> q16 [label = "c"];
	q12 -> q25 [label = "a"];
	q4 -> q8 [label = "a"];
	q29 -> q21 [label = "c"];
	q18 -> q3 [label = "c"];
	q4 -> q15 [label = "a"];
	q15 -> q4 [label = "b"];
	q27 -> q14 [label = "b"];
	q6 -> q14 [label = "b"];
	q23 -> q9 [label = "b"];
	q1 -> q4 [label = "b"];
	q8 -> q6 [label = "a, b"];
	q8 -> q7 [label = "a"];
	q24 -> q17 [label = "c"];
	q29 -> q2 [label = "c"];
	q8 -> q17 [label = "a"];
	q15 -> q15 [label = "b"];
	q8 -> q19 [label = "a"];
	q3 -> q10 [label = "a"];
	q8 -> q21 [label = "a"];
	q6 -> q6 [label = "b"];
	q5 -> q15 [label = "c"];
	q8 -> q25 [label = "a"];
	q1 -> q19 [label = "a, b"];
	q10 -> q1 [label = "b"];
	q10 -> q10 [label = "b"];
	q2 -> q13 [label = "c"];
	q10 -> q13 [label = "b"];
	q10 -> q19 [label = "b"];
	q16 -> q6 [label = "a, c"];
	q29 -> q12 [label = "a"];
	q5 -> q6 [label = "a, c"];
	q4 -> q3 [label = "c"];
	q20 -> q11 [label = "c"];
	q4 -> q4 [label = "b, c"];
	q0 -> q8 [label = "a"];
	q2 -> q1 [label = "b"];
	q13 -> q15 [label = "b"];
	q25 -> q19 [label = "a, b"];
	q2 -> q15 [label = "b"];
	q0 -> q4 [label = "b"];
	q0 -> q9 [label = "b"];
	q2 -> q6 [label = "a"];
	q1 -> q14 [label = "b, c"];
	q0 -> q7 [label = "c"];
	q1 -> q3 [label = "b"];
	q23 -> q25 [label = "b"];
	q0 -> q12 [label = "c"];
	q16 -> q9 [label = "c"];
	q12 -> q4 [label = "b"];
	q2 -> q11 [label = "c"];
	q0 -> q28 [label = "c"];
	q5 -> q1 [label = "c"];
	q21 -> q25 [label = "b"];
	q5 -> q9 [label = "c"];
	q5 -> q19 [label = "c"];
	q5 -> q10 [label = "c"];
	q5 -> q13 [label = "c"];
	q14 -> q12 [label = "c"];
	q10 -> q7 [label = "c"];
	q20 -> q8 [label = "a"];
	q1 -> q1 [label = "a, b"];
	q26 -> q6 [label = "a, b"];
	q1 -> q6 [label = "a, b"];
	q1 -> q10 [label = "a, b"];
	q1 -> q13 [label = "a, b"];
	q1 -> q15 [label = "a, b"];
	q1 -> q23 [label = "a"];
	q3 -> q9 [label = "a, b, c"];
	q22 -> q1 [label = "c"];
	q8 -> q14 [label = "b"];
	q15 -> q25 [label = "b"];
	q1 -> q27 [label = "b"];
	q3 -> q1 [label = "a"];
	q3 -> q13 [label = "a"];
	q25 -> q25 [label = "a, b"];
	q1 -> q25 [label = "a, b"];
	q20 -> q7 [label = "c"];
	q7 -> q17 [label = "c"];
	q3 -> q15 [label = "a"];
	q27 -> q12 [label = "c"];
	q1 -> q0 [label = "b, c"];
	q3 -> q25 [label = "a"];
	q12 -> q8 [label = "a"];
	q7 -> q6 [label = "a, b"];
	q5 -> q8 [label = "a"];
	q6 -> q8 [label = "a"];
	q4 -> q9 [label = "b"];
	q2 -> q2 [label = "c"];
	q2 -> q17 [label = "c"];
	q7 -> q8 [label = "a"];
	q26 -> q7 [label = "a"];
	q20 -> q9 [label = "c"];
	q5 -> q4 [label = "b"];
	q9 -> q5 [label = "c"];
	q10 -> q8 [label = "a"];
	q9 -> q22 [label = "c"];
	q15 -> q9 [label = "b"];
	q0 -> q14 [label = "b"];
	q16 -> q12 [label = "a, c"];
	q13 -> q6 [label = "a"];
	q2 -> q7 [label = "c"];
	q15 -> q0 [label = "b"];
	q26 -> q12 [label = "a"];
	q20 -> q6 [label = "a, c"];
	q15 -> q3 [label = "b"];
	q1 -> q20 [label = "b"];
	q15 -> q10 [label = "a, b"];
	q15 -> q13 [label = "b"];
	q15 -> q20 [label = "b"];
	q15 -> q27 [label = "b"];
	q23 -> q28 [label = "a, b"];
	q12 -> q14 [label = "b"];
	q21 -> q17 [label = "c"];
	q16 -> q19 [label = "c"];
	q2 -> q8 [label = "a"];
	q14 -> q8 [label = "a"];
	q11 -> q17 [label = "c"];
	q26 -> q26 [label = "a"];
	q13 -> q19 [label = "b"];
	q20 -> q12 [label = "c"];
	q16 -> q7 [label = "a, c"];
	q13 -> q11 [label = "c"];
	q16 -> q8 [label = "a, c"];
	q16 -> q11 [label = "a, c"];
	q20 -> q4 [label = "b"];
	q16 -> q26 [label = "a, c"];
	q29 -> q6 [label = "a"];
	q16 -> q28 [label = "a, c"];
}
NFA size: 30 states

