Random target AFA:
digraph finite_state_machine {
	rankdir=LR;
	node [shape = circle];
	s0 [shape = point, style = invis, start="true" ];
	s1 [shape = point, style = invis, start="true" ];
	q0 [label = "q0", shape = doublecircle, final="true" ];
	q1 [label = "q1"];
	q2 [label = "q2", shape = doublecircle, final="true" ];
	q3 [label = "q3", shape = doublecircle, final="true" ];
	q4 [label = "q4"];
	q5 [label = "q5"];
	m0 [label = "", shape = square, style = filled, color=grey, fixedsize=true, width=.2];
	m1 [label = "", shape = square, style = filled, color=grey, fixedsize=true, width=.2];
	m2 [label = "", shape = square, style = filled, color=grey, fixedsize=true, width=.2];
	m3 [label = "", shape = square, style = filled, color=grey, fixedsize=true, width=.2];
	m4 [label = "", shape = square, style = filled, color=grey, fixedsize=true, width=.2];
	m5 [label = "", shape = square, style = filled, color=grey, fixedsize=true, width=.2];
	m6 [label = "", shape = square, style = filled, color=grey, fixedsize=true, width=.2];
	m7 [label = "", shape = square, style = filled, color=grey, fixedsize=true, width=.2];
	m8 [label = "", shape = square, style = filled, color=grey, fixedsize=true, width=.2];
	s0 -> q0
	s1 -> q1
	q3 -> q2 [label = "c"];
	q5 -> q3 [label = "b"];
	q4 -> q0 [label = "b"];
	q1 -> m8 [label = "c"];
	q3 -> m4 [label = "c"];
	q1 -> m5 [label = "c"];
	q1 -> q5 [label = "b"];
	q4 -> m6 [label = "b"];
	q3 -> q5 [label = "a, b"];
	q2 -> q4 [label = "c"];
	q3 -> q1 [label = "b"];
	q1 -> m6 [label = "a"];
	q5 -> q4 [label = "c"];
	q4 -> q3 [label = "a, c"];
	q0 -> q0 [label = "a"];
	q2 -> m1 [label = "b"];
	q0 -> m2 [label = "b"];
	q4 -> q1 [label = "c"];
	q0 -> m0 [label = "a"];
	q2 -> q1 [label = "b"];
	q1 -> q4 [label = "a, b"];
	q0 -> q5 [label = "b, c"];
	q5 -> q0 [label = "a, b"];
	q5 -> m7 [label = "a"];
	q2 -> q2 [label = "a, c"];
	q0 -> m4 [label = "c"];
	q2 -> m3 [label = "a"];
	q5 -> q2 [label = "c"];
	q4 -> m5 [label = "a"];
	m0 -> q1;
	m0 -> q3;
	m1 -> q0;
	m1 -> q5;
	m2 -> q0;
	m2 -> q1;
	m3 -> q1;
	m3 -> q4;
	m4 -> q3;
	m4 -> q4;
	m5 -> q1;
	m5 -> q5;
	m6 -> q0;
	m6 -> q4;
	m7 -> q2;
	m7 -> q5;
	m8 -> q0;
	m8 -> q3;
}

L* output after 11 EQ and 9775 MQ:
digraph finite_state_machine {
	rankdir=LR;
	node [shape = circle];
	s0 [shape = point, style = invis, start="true" ];
	q0 [label = "q0", shape = doublecircle, final="true" ];
	q1 [label = "q1", shape = doublecircle, final="true" ];
	q2 [label = "q2"];
	q3 [label = "q3", shape = doublecircle, final="true" ];
	q4 [label = "q4", shape = doublecircle, final="true" ];
	q5 [label = "q5", shape = doublecircle, final="true" ];
	q6 [label = "q6", shape = doublecircle, final="true" ];
	q7 [label = "q7", shape = doublecircle, final="true" ];
	q8 [label = "q8", shape = doublecircle, final="true" ];
	q9 [label = "q9", shape = doublecircle, final="true" ];
	q10 [label = "q10", shape = doublecircle, final="true" ];
	q11 [label = "q11", shape = doublecircle, final="true" ];
	q12 [label = "q12", shape = doublecircle, final="true" ];
	q13 [label = "q13", shape = doublecircle, final="true" ];
	q14 [label = "q14"];
	q15 [label = "q15", shape = doublecircle, final="true" ];
	q16 [label = "q16", shape = doublecircle, final="true" ];
	q17 [label = "q17", shape = doublecircle, final="true" ];
	q18 [label = "q18", shape = doublecircle, final="true" ];
	q19 [label = "q19", shape = doublecircle, final="true" ];
	q20 [label = "q20", shape = doublecircle, final="true" ];
	q21 [label = "q21", shape = doublecircle, final="true" ];
	q22 [label = "q22", shape = doublecircle, final="true" ];
	q23 [label = "q23", shape = doublecircle, final="true" ];
	q24 [label = "q24", shape = doublecircle, final="true" ];
	q25 [label = "q25", shape = doublecircle, final="true" ];
	q26 [label = "q26", shape = doublecircle, final="true" ];
	q27 [label = "q27", shape = doublecircle, final="true" ];
	q28 [label = "q28"];
	q29 [label = "q29", shape = doublecircle, final="true" ];
	q30 [label = "q30", shape = doublecircle, final="true" ];
	q31 [label = "q31", shape = doublecircle, final="true" ];
	q32 [label = "q32", shape = doublecircle, final="true" ];
	q33 [label = "q33"];
	q34 [label = "q34", shape = doublecircle, final="true" ];
	q35 [label = "q35", shape = doublecircle, final="true" ];
	q36 [label = "q36", shape = doublecircle, final="true" ];
	q37 [label = "q37"];
	q38 [label = "q38", shape = doublecircle, final="true" ];
	q39 [label = "q39", shape = doublecircle, final="true" ];
	q40 [label = "q40", shape = doublecircle, final="true" ];
	q41 [label = "q41", shape = doublecircle, final="true" ];
	q42 [label = "q42", shape = doublecircle, final="true" ];
	q43 [label = "q43", shape = doublecircle, final="true" ];
	q44 [label = "q44", shape = doublecircle, final="true" ];
	q45 [label = "q45", shape = doublecircle, final="true" ];
	q46 [label = "q46", shape = doublecircle, final="true" ];
	q47 [label = "q47", shape = doublecircle, final="true" ];
	q48 [label = "q48", shape = doublecircle, final="true" ];
	q49 [label = "q49", shape = doublecircle, final="true" ];
	q50 [label = "q50"];
	q51 [label = "q51", shape = doublecircle, final="true" ];
	q52 [label = "q52", shape = doublecircle, final="true" ];
	q53 [label = "q53"];
	q54 [label = "q54", shape = doublecircle, final="true" ];
	s0 -> q38
	q41 -> q43 [label = "b"];
	q43 -> q10 [label = "a"];
	q41 -> q42 [label = "a"];
	q43 -> q50 [label = "b"];
	q40 -> q16 [label = "b"];
	q46 -> q47 [label = "c"];
	q39 -> q12 [label = "a"];
	q37 -> q31 [label = "b"];
	q39 -> q17 [label = "b"];
	q44 -> q22 [label = "a"];
	q37 -> q32 [label = "a"];
	q33 -> q13 [label = "c"];
	q39 -> q41 [label = "c"];
	q35 -> q34 [label = "a"];
	q33 -> q45 [label = "b"];
	q47 -> q46 [label = "b"];
	q37 -> q26 [label = "c"];
	q36 -> q39 [label = "a"];
	q38 -> q35 [label = "c"];
	q35 -> q29 [label = "c"];
	q9 -> q47 [label = "c"];
	q22 -> q17 [label = "b"];
	q13 -> q4 [label = "b"];
	q49 -> q11 [label = "c"];
	q30 -> q31 [label = "b"];
	q13 -> q1 [label = "a"];
	q15 -> q45 [label = "b"];
	q20 -> q21 [label = "c"];
	q18 -> q46 [label = "b"];
	q53 -> q11 [label = "c"];
	q21 -> q26 [label = "c"];
	q16 -> q7 [label = "c"];
	q0 -> q46 [label = "b"];
	q34 -> q51 [label = "a"];
	q13 -> q26 [label = "c"];
	q40 -> q11 [label = "c"];
	q42 -> q28 [label = "b"];
	q14 -> q11 [label = "c"];
	q23 -> q7 [label = "c"];
	q11 -> q26 [label = "c"];
	q17 -> q18 [label = "b"];
	q12 -> q45 [label = "b"];
	q19 -> q14 [label = "b"];
	q23 -> q31 [label = "b"];
	q22 -> q22 [label = "a"];
	q44 -> q47 [label = "c"];
	q8 -> q21 [label = "c"];
	q47 -> q26 [label = "c"];
	q51 -> q53 [label = "b"];
	q45 -> q46 [label = "b"];
	q17 -> q47 [label = "c"];
	q22 -> q47 [label = "c"];
	q21 -> q43 [label = "b"];
	q34 -> q21 [label = "c"];
	q50 -> q6 [label = "a"];
	q14 -> q20 [label = "a"];
	q5 -> q46 [label = "b"];
	q20 -> q20 [label = "a"];
	q48 -> q15 [label = "b"];
	q52 -> q46 [label = "b"];
	q18 -> q31 [label = "a"];
	q46 -> q16 [label = "b"];
	q5 -> q47 [label = "c"];
	q10 -> q8 [label = "a"];
	q15 -> q20 [label = "a"];
	q42 -> q47 [label = "c"];
	q29 -> q27 [label = "a"];
	q3 -> q22 [label = "a"];
	q32 -> q12 [label = "a"];
	q48 -> q8 [label = "a"];
	q16 -> q18 [label = "a"];
	q53 -> q54 [label = "a"];
	q50 -> q26 [label = "c"];
	q54 -> q12 [label = "b"];
	q2 -> q26 [label = "c"];
	q47 -> q9 [label = "a"];
	q12 -> q20 [label = "a"];
	q44 -> q28 [label = "b"];
	q53 -> q45 [label = "b"];
	q52 -> q42 [label = "a"];
	q32 -> q21 [label = "c"];
	q24 -> q18 [label = "b"];
	q20 -> q15 [label = "b"];
	q51 -> q20 [label = "a"];
	q54 -> q19 [label = "a"];
	q48 -> q7 [label = "c"];
	q54 -> q21 [label = "c"];
	q4 -> q52 [label = "c"];
	q52 -> q29 [label = "c"];
	q41 -> q11 [label = "c"];
	q49 -> q44 [label = "a"];
	q8 -> q12 [label = "a"];
	q50 -> q18 [label = "b"];
	q46 -> q10 [label = "a"];
	q27 -> q49 [label = "a"];
	q10 -> q45 [label = "b"];
	q1 -> q11 [label = "c"];
	q7 -> q16 [label = "b"];
	q1 -> q28 [label = "b"];
	q7 -> q26 [label = "c"];
	q3 -> q46 [label = "b"];
	q30 -> q19 [label = "a"];
	q0 -> q7 [label = "c"];
	q1 -> q3 [label = "a"];
	q4 -> q48 [label = "a"];
	q35 -> q31 [label = "b"];
	q10 -> q7 [label = "c"];
	q6 -> q17 [label = "b"];
	q12 -> q21 [label = "c"];
	q6 -> q7 [label = "c"];
	q26 -> q24 [label = "b"];
	q27 -> q28 [label = "b"];
	q3 -> q47 [label = "c"];
	q2 -> q45 [label = "b"];
	q0 -> q5 [label = "a"];
	q40 -> q23 [label = "a"];
	q38 -> q37 [label = "b"];
	q4 -> q2 [label = "b"];
	q8 -> q17 [label = "b"];
	q11 -> q17 [label = "b"];
	q9 -> q3 [label = "a"];
	q15 -> q47 [label = "c"];
	q9 -> q28 [label = "b"];
	q19 -> q21 [label = "c"];
	q6 -> q31 [label = "a"];
	q23 -> q32 [label = "a"];
	q18 -> q7 [label = "c"];
	q24 -> q6 [label = "a"];
	q45 -> q12 [label = "a"];
	q42 -> q44 [label = "a"];
	q19 -> q20 [label = "a"];
	q28 -> q11 [label = "c"];
	q31 -> q21 [label = "c"];
	q32 -> q28 [label = "b"];
	q43 -> q52 [label = "c"];
	q26 -> q25 [label = "a"];
	q16 -> q16 [label = "b"];
	q7 -> q0 [label = "a"];
	q30 -> q47 [label = "c"];
	q5 -> q3 [label = "a"];
	q17 -> q48 [label = "a"];
	q24 -> q7 [label = "c"];
	q27 -> q11 [label = "c"];
	q28 -> q48 [label = "a"];
	q45 -> q47 [label = "c"];
	q36 -> q30 [label = "b"];
	q21 -> q9 [label = "a"];
	q51 -> q21 [label = "c"];
	q25 -> q5 [label = "a"];
	q29 -> q26 [label = "c"];
	q2 -> q8 [label = "a"];
	q25 -> q46 [label = "b"];
	q49 -> q43 [label = "b"];
	q14 -> q45 [label = "b"];
	q25 -> q26 [label = "c"];
	q31 -> q46 [label = "b"];
	q26 -> q26 [label = "c"];
	q28 -> q18 [label = "b"];
	q29 -> q38 [label = "b"];
	q38 -> q36 [label = "a"];
	q31 -> q12 [label = "a"];
	q33 -> q20 [label = "a"];
	q11 -> q1 [label = "a"];
	q34 -> q33 [label = "b"];
	q36 -> q40 [label = "c"];
}
DFA size: 55 states

NL* output after 13 EQ and 5879 MQ:
digraph finite_state_machine {
	rankdir=LR;
	node [shape = circle];
	s0 [shape = point, style = invis, start="true" ];
	q0 [label = "q0", shape = doublecircle, final="true" ];
	q1 [label = "q1", shape = doublecircle, final="true" ];
	q2 [label = "q2", shape = doublecircle, final="true" ];
	q3 [label = "q3", shape = doublecircle, final="true" ];
	q4 [label = "q4", shape = doublecircle, final="true" ];
	q5 [label = "q5", shape = doublecircle, final="true" ];
	q6 [label = "q6", shape = doublecircle, final="true" ];
	q7 [label = "q7"];
	q8 [label = "q8", shape = doublecircle, final="true" ];
	q9 [label = "q9", shape = doublecircle, final="true" ];
	q10 [label = "q10", shape = doublecircle, final="true" ];
	q11 [label = "q11"];
	q12 [label = "q12", shape = doublecircle, final="true" ];
	q13 [label = "q13", shape = doublecircle, final="true" ];
	q14 [label = "q14", shape = doublecircle, final="true" ];
	q15 [label = "q15"];
	q16 [label = "q16", shape = doublecircle, final="true" ];
	q17 [label = "q17", shape = doublecircle, final="true" ];
	q18 [label = "q18"];
	q19 [label = "q19", shape = doublecircle, final="true" ];
	q20 [label = "q20", shape = doublecircle, final="true" ];
	q21 [label = "q21", shape = doublecircle, final="true" ];
	q22 [label = "q22", shape = doublecircle, final="true" ];
	q23 [label = "q23", shape = doublecircle, final="true" ];
	q24 [label = "q24", shape = doublecircle, final="true" ];
	q25 [label = "q25", shape = doublecircle, final="true" ];
	s0 -> q13
	q18 -> q22 [label = "c"];
	q18 -> q4 [label = "c"];
	q20 -> q21 [label = "b"];
	q20 -> q20 [label = "b"];
	q20 -> q14 [label = "b"];
	q20 -> q19 [label = "b"];
	q20 -> q12 [label = "b"];
	q20 -> q11 [label = "b"];
	q20 -> q9 [label = "b"];
	q20 -> q0 [label = "b"];
	q17 -> q23 [label = "c"];
	q17 -> q4 [label = "c"];
	q21 -> q9 [label = "a"];
	q21 -> q2 [label = "a"];
	q23 -> q13 [label = "b"];
	q23 -> q0 [label = "b"];
	q17 -> q18 [label = "b"];
	q23 -> q4 [label = "c"];
	q23 -> q3 [label = "c"];
	q19 -> q18 [label = "a, b"];
	q1 -> q2 [label = "a"];
	q5 -> q22 [label = "a, c"];
	q5 -> q4 [label = "a, c"];
	q3 -> q17 [label = "b"];
	q5 -> q3 [label = "a, c"];
	q8 -> q11 [label = "b"];
	q0 -> q8 [label = "c"];
	q6 -> q17 [label = "a, b"];
	q11 -> q19 [label = "b"];
	q5 -> q13 [label = "b"];
	q6 -> q9 [label = "a, b"];
	q7 -> q21 [label = "b"];
	q0 -> q15 [label = "b"];
	q24 -> q22 [label = "c"];
	q4 -> q1 [label = "a"];
	q17 -> q9 [label = "a"];
	q6 -> q23 [label = "c"];
	q0 -> q17 [label = "a"];
	q7 -> q19 [label = "b"];
	q6 -> q10 [label = "c"];
	q4 -> q4 [label = "c"];
	q5 -> q5 [label = "c"];
	q0 -> q16 [label = "c"];
	q21 -> q4 [label = "c"];
	q6 -> q15 [label = "c"];
	q2 -> q9 [label = "a, b"];
	q2 -> q2 [label = "b"];
	q3 -> q16 [label = "b"];
	q16 -> q9 [label = "b"];
	q0 -> q14 [label = "a"];
	q5 -> q24 [label = "a, c"];
	q25 -> q4 [label = "c"];
	q11 -> q15 [label = "b"];
	q5 -> q2 [label = "b"];
	q19 -> q17 [label = "a, b"];
	q0 -> q2 [label = "a"];
	q7 -> q7 [label = "b"];
	q10 -> q13 [label = "b"];
	q3 -> q22 [label = "c"];
	q11 -> q22 [label = "c"];
	q25 -> q10 [label = "c"];
	q8 -> q20 [label = "b"];
	q4 -> q22 [label = "c"];
	q18 -> q2 [label = "a, b"];
	q11 -> q2 [label = "a, b"];
	q8 -> q12 [label = "b"];
	q4 -> q3 [label = "c"];
	q5 -> q6 [label = "b"];
	q12 -> q11 [label = "b"];
	q8 -> q7 [label = "b"];
	q8 -> q6 [label = "b"];
	q8 -> q2 [label = "b"];
	q8 -> q0 [label = "b"];
	q24 -> q10 [label = "a"];
	q14 -> q17 [label = "b"];
	q20 -> q13 [label = "b"];
	q21 -> q17 [label = "a"];
	q16 -> q19 [label = "b"];
	q14 -> q2 [label = "b"];
	q21 -> q7 [label = "b"];
	q9 -> q17 [label = "a"];
	q14 -> q6 [label = "b"];
	q1 -> q9 [label = "a"];
	q7 -> q18 [label = "b"];
	q14 -> q16 [label = "b, c"];
	q24 -> q18 [label = "b"];
	q2 -> q18 [label = "b"];
	q0 -> q9 [label = "a"];
	q12 -> q16 [label = "a, c"];
	q8 -> q18 [label = "b"];
	q23 -> q17 [label = "a"];
	q8 -> q13 [label = "b"];
	q24 -> q23 [label = "a"];
	q24 -> q11 [label = "b"];
	q19 -> q13 [label = "b"];
	q11 -> q17 [label = "a, b"];
	q21 -> q11 [label = "b"];
	q13 -> q16 [label = "c"];
	q25 -> q3 [label = "c"];
	q17 -> q10 [label = "c"];
	q2 -> q4 [label = "c"];
	q15 -> q22 [label = "c"];
	q6 -> q2 [label = "b"];
	q25 -> q8 [label = "c"];
	q14 -> q20 [label = "c"];
	q15 -> q16 [label = "b"];
	q3 -> q0 [label = "b"];
	q11 -> q16 [label = "b"];
	q8 -> q16 [label = "b"];
	q24 -> q4 [label = "c"];
	q2 -> q22 [label = "c"];
	q25 -> q22 [label = "c"];
	q1 -> q22 [label = "c"];
	q20 -> q2 [label = "a, b"];
	q20 -> q7 [label = "b"];
	q1 -> q25 [label = "a"];
	q25 -> q25 [label = "a"];
	q12 -> q7 [label = "a, b"];
	q12 -> q17 [label = "a"];
	q25 -> q23 [label = "c"];
	q20 -> q3 [label = "c"];
	q10 -> q17 [label = "a"];
	q23 -> q25 [label = "a"];
	q12 -> q6 [label = "a"];
	q1 -> q18 [label = "a, b"];
	q9 -> q23 [label = "c"];
	q2 -> q23 [label = "c"];
	q6 -> q16 [label = "b, c"];
	q7 -> q9 [label = "b"];
	q8 -> q25 [label = "a"];
	q5 -> q15 [label = "a, b"];
	q25 -> q16 [label = "c"];
	q11 -> q6 [label = "b"];
	q19 -> q23 [label = "c"];
	q15 -> q19 [label = "b"];
	q10 -> q0 [label = "b"];
	q25 -> q17 [label = "a"];
	q9 -> q9 [label = "a"];
	q5 -> q17 [label = "b"];
	q11 -> q18 [label = "b"];
	q24 -> q3 [label = "c"];
	q11 -> q21 [label = "b"];
	q8 -> q17 [label = "a, b"];
	q17 -> q22 [label = "c"];
	q5 -> q16 [label = "a, b"];
	q2 -> q17 [label = "a, b"];
	q11 -> q9 [label = "a, b"];
	q12 -> q15 [label = "a, b"];
	q25 -> q18 [label = "b"];
	q0 -> q18 [label = "b"];
	q20 -> q22 [label = "c"];
	q10 -> q25 [label = "a"];
	q8 -> q22 [label = "c"];
	q2 -> q16 [label = "b"];
	q11 -> q14 [label = "a, b"];
	q20 -> q15 [label = "a, b"];
	q15 -> q24 [label = "c"];
	q15 -> q4 [label = "c"];
	q6 -> q8 [label = "c"];
	q9 -> q2 [label = "a"];
	q8 -> q19 [label = "b"];
	q6 -> q18 [label = "b"];
	q8 -> q9 [label = "b"];
	q1 -> q8 [label = "a"];
	q21 -> q18 [label = "a, b"];
	q3 -> q11 [label = "b"];
	q4 -> q5 [label = "c"];
	q12 -> q2 [label = "a"];
	q6 -> q3 [label = "c"];
	q0 -> q7 [label = "b"];
	q1 -> q3 [label = "c"];
	q3 -> q1 [label = "a"];
	q18 -> q16 [label = "b"];
	q8 -> q21 [label = "b"];
	q25 -> q11 [label = "b"];
	q7 -> q2 [label = "a, b"];
	q12 -> q9 [label = "a"];
	q25 -> q15 [label = "c"];
	q12 -> q14 [label = "a"];
	q4 -> q24 [label = "a, c"];
	q25 -> q9 [label = "a"];
	q10 -> q12 [label = "b"];
	q12 -> q18 [label = "a, b"];
	q3 -> q6 [label = "b"];
	q25 -> q7 [label = "b"];
	q1 -> q6 [label = "a"];
	q1 -> q17 [label = "a"];
	q1 -> q7 [label = "a, b"];
	q1 -> q16 [label = "a"];
	q19 -> q0 [label = "b"];
	q1 -> q23 [label = "a"];
	q24 -> q7 [label = "b"];
	q22 -> q5 [label = "c"];
	q5 -> q23 [label = "a"];
	q3 -> q7 [label = "b"];
	q3 -> q9 [label = "b"];
	q3 -> q13 [label = "b"];
	q9 -> q7 [label = "b"];
	q3 -> q18 [label = "b"];
	q7 -> q3 [label = "c"];
	q1 -> q11 [label = "b"];
	q5 -> q10 [label = "a"];
	q7 -> q16 [label = "b"];
	q7 -> q17 [label = "a, b"];
	q20 -> q17 [label = "a, b"];
	q14 -> q7 [label = "c"];
	q5 -> q1 [label = "a"];
	q5 -> q7 [label = "a, b"];
	q19 -> q6 [label = "b"];
	q3 -> q24 [label = "a, c"];
	q5 -> q8 [label = "a"];
	q5 -> q18 [label = "a, b"];
	q1 -> q4 [label = "c"];
	q7 -> q22 [label = "c"];
	q20 -> q4 [label = "c"];
	q4 -> q0 [label = "b"];
	q4 -> q13 [label = "b"];
	q2 -> q10 [label = "c"];
	q11 -> q3 [label = "c"];
	q5 -> q0 [label = "b"];
	q13 -> q15 [label = "b"];
	q13 -> q14 [label = "a"];
	q5 -> q9 [label = "b"];
	q6 -> q19 [label = "b"];
	q15 -> q3 [label = "c"];
	q5 -> q11 [label = "b"];
	q5 -> q14 [label = "b"];
	q3 -> q4 [label = "c"];
	q3 -> q5 [label = "c"];
	q9 -> q4 [label = "c"];
	q9 -> q10 [label = "c"];
	q9 -> q22 [label = "c"];
	q15 -> q9 [label = "a, b"];
	q15 -> q2 [label = "b"];
	q6 -> q4 [label = "c"];
	q18 -> q7 [label = "b"];
	q10 -> q9 [label = "a"];
	q15 -> q17 [label = "a, b"];
	q16 -> q18 [label = "b"];
	q12 -> q8 [label = "c"];
	q7 -> q6 [label = "b"];
	q15 -> q18 [label = "b"];
	q23 -> q12 [label = "b"];
	q6 -> q21 [label = "b"];
	q21 -> q10 [label = "c"];
	q3 -> q3 [label = "c"];
	q15 -> q21 [label = "a, b"];
	q10 -> q3 [label = "c"];
	q21 -> q16 [label = "a"];
	q7 -> q4 [label = "c"];
	q10 -> q4 [label = "c"];
	q10 -> q22 [label = "c"];
	q15 -> q5 [label = "c"];
	q19 -> q7 [label = "b"];
	q14 -> q19 [label = "a"];
	q1 -> q10 [label = "a"];
	q11 -> q4 [label = "c"];
	q16 -> q16 [label = "b"];
	q16 -> q17 [label = "a, b"];
	q11 -> q7 [label = "b"];
	q6 -> q22 [label = "c"];
	q18 -> q6 [label = "b"];
	q18 -> q9 [label = "a, b"];
	q18 -> q17 [label = "a, b"];
	q16 -> q2 [label = "b"];
	q18 -> q18 [label = "b"];
	q22 -> q22 [label = "c"];
	q20 -> q18 [label = "b"];
	q18 -> q19 [label = "b"];
	q18 -> q21 [label = "b"];
	q23 -> q22 [label = "c"];
	q22 -> q3 [label = "c"];
	q20 -> q16 [label = "a, b"];
	q22 -> q4 [label = "c"];
	q22 -> q24 [label = "a, c"];
	q16 -> q21 [label = "b"];
	q22 -> q13 [label = "b"];
	q20 -> q6 [label = "a, b"];
	q3 -> q2 [label = "b"];
	q16 -> q22 [label = "c"];
	q21 -> q22 [label = "c"];
	q21 -> q23 [label = "c"];
	q19 -> q2 [label = "a, b"];
	q19 -> q9 [label = "a, b"];
	q19 -> q11 [label = "b"];
	q19 -> q16 [label = "a, b"];
}
NFA size: 26 states

