Random target AFA:
digraph finite_state_machine {
	rankdir=LR;
	node [shape = circle];
	s0 [shape = point, style = invis, start="true" ];
	s1 [shape = point, style = invis, start="true" ];
	q0 [label = "q0"];
	q1 [label = "q1"];
	q2 [label = "q2"];
	q3 [label = "q3", shape = doublecircle, final="true" ];
	q4 [label = "q4"];
	q5 [label = "q5", shape = doublecircle, final="true" ];
	m0 [label = "", shape = square, style = filled, color=grey, fixedsize=true, width=.2];
	m1 [label = "", shape = square, style = filled, color=grey, fixedsize=true, width=.2];
	m2 [label = "", shape = square, style = filled, color=grey, fixedsize=true, width=.2];
	m3 [label = "", shape = square, style = filled, color=grey, fixedsize=true, width=.2];
	m4 [label = "", shape = square, style = filled, color=grey, fixedsize=true, width=.2];
	m5 [label = "", shape = square, style = filled, color=grey, fixedsize=true, width=.2];
	m6 [label = "", shape = square, style = filled, color=grey, fixedsize=true, width=.2];
	m7 [label = "", shape = square, style = filled, color=grey, fixedsize=true, width=.2];
	m8 [label = "", shape = square, style = filled, color=grey, fixedsize=true, width=.2];
	m9 [label = "", shape = square, style = filled, color=grey, fixedsize=true, width=.2];
	m10 [label = "", shape = square, style = filled, color=grey, fixedsize=true, width=.2];
	s0 -> q0
	s1 -> q1
	q3 -> q1 [label = "c"];
	q5 -> q4 [label = "a, c"];
	q0 -> m3 [label = "b"];
	q2 -> q2 [label = "a"];
	q4 -> m8 [label = "b"];
	q0 -> q3 [label = "c"];
	q3 -> q0 [label = "a, c"];
	q0 -> q4 [label = "c"];
	q2 -> q3 [label = "b"];
	q0 -> m1 [label = "a"];
	q0 -> m2 [label = "b"];
	q1 -> q5 [label = "a, c"];
	q0 -> m0 [label = "a"];
	q5 -> q0 [label = "a, b, c"];
	q4 -> m3 [label = "a"];
	q4 -> q3 [label = "c"];
	q4 -> q2 [label = "a"];
	q4 -> q0 [label = "c"];
	q1 -> m4 [label = "a"];
	q5 -> m10 [label = "b"];
	q3 -> q5 [label = "b"];
	q1 -> q4 [label = "b"];
	q2 -> m9 [label = "c"];
	q3 -> m6 [label = "a"];
	q2 -> m4 [label = "a"];
	q4 -> m7 [label = "b"];
	q1 -> m6 [label = "c"];
	q2 -> q5 [label = "b"];
	q1 -> m5 [label = "b"];
	q2 -> m0 [label = "c"];
	m0 -> q0;
	m0 -> q5;
	m1 -> q0;
	m1 -> q1;
	m2 -> q1;
	m2 -> q5;
	m3 -> q1;
	m3 -> q4;
	m4 -> q1;
	m4 -> q3;
	m5 -> q0;
	m5 -> q4;
	m6 -> q0;
	m6 -> q3;
	m7 -> q4;
	m7 -> q5;
	m8 -> q2;
	m8 -> q3;
	m9 -> q0;
	m9 -> q2;
	m10 -> q1;
	m10 -> q2;
}

L* output after 14 EQ and 31496 MQ:
digraph finite_state_machine {
	rankdir=LR;
	node [shape = circle];
	s0 [shape = point, style = invis, start="true" ];
	q0 [label = "q0", shape = doublecircle, final="true" ];
	q1 [label = "q1", shape = doublecircle, final="true" ];
	q2 [label = "q2", shape = doublecircle, final="true" ];
	q3 [label = "q3", shape = doublecircle, final="true" ];
	q4 [label = "q4"];
	q5 [label = "q5"];
	q6 [label = "q6"];
	q7 [label = "q7"];
	q8 [label = "q8", shape = doublecircle, final="true" ];
	q9 [label = "q9"];
	q10 [label = "q10"];
	q11 [label = "q11"];
	q12 [label = "q12"];
	q13 [label = "q13", shape = doublecircle, final="true" ];
	q14 [label = "q14"];
	q15 [label = "q15"];
	q16 [label = "q16"];
	q17 [label = "q17", shape = doublecircle, final="true" ];
	q18 [label = "q18"];
	q19 [label = "q19", shape = doublecircle, final="true" ];
	q20 [label = "q20"];
	q21 [label = "q21"];
	q22 [label = "q22", shape = doublecircle, final="true" ];
	q23 [label = "q23"];
	q24 [label = "q24"];
	q25 [label = "q25"];
	q26 [label = "q26"];
	q27 [label = "q27"];
	q28 [label = "q28"];
	q29 [label = "q29"];
	q30 [label = "q30"];
	q31 [label = "q31"];
	q32 [label = "q32"];
	q33 [label = "q33"];
	q34 [label = "q34"];
	q35 [label = "q35", shape = doublecircle, final="true" ];
	q36 [label = "q36", shape = doublecircle, final="true" ];
	q37 [label = "q37"];
	q38 [label = "q38", shape = doublecircle, final="true" ];
	q39 [label = "q39"];
	q40 [label = "q40"];
	q41 [label = "q41"];
	q42 [label = "q42"];
	q43 [label = "q43"];
	q44 [label = "q44", shape = doublecircle, final="true" ];
	q45 [label = "q45"];
	q46 [label = "q46"];
	q47 [label = "q47"];
	q48 [label = "q48", shape = doublecircle, final="true" ];
	q49 [label = "q49"];
	q50 [label = "q50"];
	q51 [label = "q51"];
	q52 [label = "q52"];
	q53 [label = "q53"];
	q54 [label = "q54"];
	q55 [label = "q55"];
	q56 [label = "q56"];
	q57 [label = "q57"];
	q58 [label = "q58"];
	q59 [label = "q59"];
	q60 [label = "q60"];
	q61 [label = "q61", shape = doublecircle, final="true" ];
	q62 [label = "q62"];
	q63 [label = "q63", shape = doublecircle, final="true" ];
	q64 [label = "q64"];
	q65 [label = "q65", shape = doublecircle, final="true" ];
	q66 [label = "q66", shape = doublecircle, final="true" ];
	q67 [label = "q67", shape = doublecircle, final="true" ];
	q68 [label = "q68", shape = doublecircle, final="true" ];
	q69 [label = "q69"];
	q70 [label = "q70", shape = doublecircle, final="true" ];
	q71 [label = "q71", shape = doublecircle, final="true" ];
	q72 [label = "q72", shape = doublecircle, final="true" ];
	q73 [label = "q73"];
	q74 [label = "q74"];
	q75 [label = "q75"];
	q76 [label = "q76", shape = doublecircle, final="true" ];
	q77 [label = "q77"];
	q78 [label = "q78"];
	q79 [label = "q79"];
	q80 [label = "q80"];
	q81 [label = "q81", shape = doublecircle, final="true" ];
	q82 [label = "q82"];
	q83 [label = "q83"];
	q84 [label = "q84", shape = doublecircle, final="true" ];
	q85 [label = "q85"];
	q86 [label = "q86", shape = doublecircle, final="true" ];
	q87 [label = "q87", shape = doublecircle, final="true" ];
	q88 [label = "q88"];
	q89 [label = "q89"];
	q90 [label = "q90", shape = doublecircle, final="true" ];
	q91 [label = "q91", shape = doublecircle, final="true" ];
	q92 [label = "q92"];
	q93 [label = "q93", shape = doublecircle, final="true" ];
	q94 [label = "q94"];
	q95 [label = "q95", shape = doublecircle, final="true" ];
	q96 [label = "q96"];
	q97 [label = "q97"];
	q98 [label = "q98"];
	q99 [label = "q99", shape = doublecircle, final="true" ];
	q100 [label = "q100"];
	q101 [label = "q101"];
	q102 [label = "q102"];
	q103 [label = "q103", shape = doublecircle, final="true" ];
	q104 [label = "q104", shape = doublecircle, final="true" ];
	q105 [label = "q105"];
	q106 [label = "q106"];
	q107 [label = "q107", shape = doublecircle, final="true" ];
	q108 [label = "q108"];
	q109 [label = "q109", shape = doublecircle, final="true" ];
	q110 [label = "q110"];
	q111 [label = "q111", shape = doublecircle, final="true" ];
	q112 [label = "q112", shape = doublecircle, final="true" ];
	q113 [label = "q113"];
	q114 [label = "q114"];
	q115 [label = "q115"];
	q116 [label = "q116", shape = doublecircle, final="true" ];
	q117 [label = "q117"];
	q118 [label = "q118", shape = doublecircle, final="true" ];
	q119 [label = "q119", shape = doublecircle, final="true" ];
	q120 [label = "q120"];
	q121 [label = "q121", shape = doublecircle, final="true" ];
	q122 [label = "q122", shape = doublecircle, final="true" ];
	q123 [label = "q123"];
	q124 [label = "q124"];
	q125 [label = "q125"];
	s0 -> q83
	q84 -> q94 [label = "b"];
	q82 -> q109 [label = "c"];
	q86 -> q82 [label = "a"];
	q85 -> q88 [label = "a"];
	q87 -> q77 [label = "b"];
	q81 -> q114 [label = "b"];
	q84 -> q78 [label = "a"];
	q80 -> q116 [label = "b"];
	q86 -> q90 [label = "c"];
	q82 -> q91 [label = "b"];
	q79 -> q57 [label = "a"];
	q76 -> q18 [label = "b"];
	q77 -> q19 [label = "b"];
	q79 -> q117 [label = "b"];
	q73 -> q119 [label = "c"];
	q79 -> q118 [label = "c"];
	q75 -> q110 [label = "a"];
	q73 -> q19 [label = "b"];
	q81 -> q109 [label = "c"];
	q77 -> q109 [label = "c"];
	q75 -> q91 [label = "b"];
	q78 -> q73 [label = "b"];
	q74 -> q88 [label = "a"];
	q72 -> q81 [label = "b"];
	q76 -> q78 [label = "a, c"];
	q74 -> q56 [label = "b"];
	q71 -> q120 [label = "a"];
	q83 -> q85 [label = "b"];
	q67 -> q58 [label = "c"];
	q70 -> q82 [label = "a"];
	q66 -> q58 [label = "c"];
	q71 -> q121 [label = "b"];
	q69 -> q88 [label = "a"];
	q65 -> q1 [label = "c"];
	q67 -> q123 [label = "a"];
	q65 -> q15 [label = "b"];
	q69 -> q109 [label = "c"];
	q64 -> q78 [label = "c"];
	q66 -> q78 [label = "a"];
	q64 -> q14 [label = "b"];
	q59 -> q109 [label = "c"];
	q62 -> q101 [label = "a"];
	q63 -> q81 [label = "b"];
	q61 -> q82 [label = "a"];
	q57 -> q111 [label = "c"];
	q59 -> q88 [label = "a"];
	q61 -> q13 [label = "c"];
	q62 -> q60 [label = "b"];
	q60 -> q54 [label = "a"];
	q62 -> q66 [label = "c"];
	q58 -> q88 [label = "a"];
	q56 -> q19 [label = "b"];
	q56 -> q57 [label = "a"];
	q56 -> q48 [label = "c"];
	q53 -> q46 [label = "b"];
	q54 -> q47 [label = "a"];
	q50 -> q109 [label = "c"];
	q55 -> q79 [label = "b"];
	q53 -> q75 [label = "a"];
	q49 -> q109 [label = "c"];
	q55 -> q48 [label = "c"];
	q51 -> q57 [label = "a"];
	q49 -> q49 [label = "b"];
	q53 -> q67 [label = "c"];
	q87 -> q82 [label = "a"];
	q51 -> q24 [label = "b"];
	q54 -> q80 [label = "b"];
	q52 -> q57 [label = "a"];
	q54 -> q3 [label = "c"];
	q50 -> q74 [label = "a"];
	q48 -> q27 [label = "b"];
	q68 -> q96 [label = "a"];
	q52 -> q111 [label = "c"];
	q50 -> q117 [label = "b"];
	q48 -> q82 [label = "a"];
	q41 -> q37 [label = "b"];
	q114 -> q109 [label = "c"];
	q64 -> q115 [label = "a"];
	q105 -> q107 [label = "c"];
	q29 -> q57 [label = "a"];
	q23 -> q115 [label = "a"];
	q45 -> q110 [label = "a"];
	q121 -> q90 [label = "c"];
	q44 -> q17 [label = "b"];
	q85 -> q89 [label = "b"];
	q40 -> q119 [label = "c"];
	q101 -> q78 [label = "c"];
	q90 -> q70 [label = "b"];
	q47 -> q44 [label = "b"];
	q88 -> q111 [label = "c"];
	q28 -> q64 [label = "b"];
	q22 -> q114 [label = "b"];
	q83 -> q86 [label = "c"];
	q111 -> q82 [label = "a"];
	q95 -> q90 [label = "c"];
	q95 -> q112 [label = "b"];
	q65 -> q78 [label = "a"];
	q92 -> q67 [label = "c"];
	q125 -> q111 [label = "c"];
	q82 -> q110 [label = "a"];
	q91 -> q93 [label = "c"];
	q81 -> q113 [label = "a"];
	q115 -> q73 [label = "b"];
	q104 -> q35 [label = "b"];
	q95 -> q78 [label = "a"];
	q57 -> q88 [label = "a"];
	q96 -> q124 [label = "a"];
	q98 -> q101 [label = "a"];
	q96 -> q99 [label = "c"];
	q90 -> q2 [label = "c"];
	q100 -> q105 [label = "b"];
	q99 -> q82 [label = "a"];
	q96 -> q98 [label = "b"];
	q99 -> q104 [label = "c"];
	q17 -> q50 [label = "b"];
	q101 -> q55 [label = "b"];
	q51 -> q119 [label = "c"];
	q103 -> q78 [label = "a, c"];
	q19 -> q59 [label = "a"];
	q106 -> q16 [label = "b"];
	q108 -> q109 [label = "c"];
	q92 -> q80 [label = "b"];
	q74 -> q87 [label = "c"];
	q6 -> q21 [label = "b"];
	q45 -> q91 [label = "b"];
	q110 -> q87 [label = "c"];
	q104 -> q2 [label = "c"];
	q108 -> q51 [label = "b"];
	q100 -> q57 [label = "a"];
	q116 -> q50 [label = "b"];
	q52 -> q24 [label = "b"];
	q43 -> q40 [label = "b"];
	q39 -> q95 [label = "c"];
	q97 -> q100 [label = "b"];
	q113 -> q56 [label = "b"];
	q99 -> q103 [label = "b"];
	q15 -> q109 [label = "c"];
	q124 -> q61 [label = "c"];
	q107 -> q1 [label = "c"];
	q89 -> q92 [label = "a"];
	q115 -> q111 [label = "c"];
	q32 -> q125 [label = "a"];
	q93 -> q71 [label = "a"];
	q94 -> q109 [label = "c"];
	q30 -> q117 [label = "b"];
	q118 -> q78 [label = "a"];
	q44 -> q78 [label = "a"];
	q43 -> q23 [label = "a"];
	q66 -> q32 [label = "b"];
	q13 -> q8 [label = "b"];
	q113 -> q1 [label = "c"];
	q22 -> q59 [label = "a"];
	q41 -> q86 [label = "c"];
	q117 -> q57 [label = "a"];
	q97 -> q111 [label = "c"];
	q109 -> q82 [label = "a"];
	q20 -> q57 [label = "a"];
	q124 -> q62 [label = "b"];
	q122 -> q109 [label = "c"];
	q120 -> q110 [label = "a"];
	q63 -> q59 [label = "a"];
	q42 -> q88 [label = "a"];
	q122 -> q81 [label = "b"];
	q94 -> q74 [label = "a"];
	q31 -> q109 [label = "c"];
	q112 -> q50 [label = "b"];
	q60 -> q106 [label = "b"];
	q119 -> q33 [label = "b"];
	q120 -> q1 [label = "c"];
	q27 -> q111 [label = "c"];
	q120 -> q91 [label = "b"];
	q117 -> q95 [label = "c"];
	q93 -> q69 [label = "b"];
	q78 -> q88 [label = "a"];
	q43 -> q58 [label = "c"];
	q80 -> q115 [label = "a"];
	q124 -> q124 [label = "a"];
	q32 -> q29 [label = "b"];
	q92 -> q75 [label = "a"];
	q24 -> q20 [label = "b"];
	q114 -> q74 [label = "a"];
	q73 -> q57 [label = "a"];
	q102 -> q106 [label = "b"];
	q111 -> q109 [label = "c"];
	q115 -> q88 [label = "a"];
	q25 -> q78 [label = "c"];
	q12 -> q7 [label = "b"];
	q97 -> q125 [label = "a"];
	q102 -> q68 [label = "c"];
	q112 -> q59 [label = "a"];
	q101 -> q115 [label = "a"];
	q125 -> q115 [label = "a"];
	q89 -> q76 [label = "b"];
	q80 -> q58 [label = "c"];
	q3 -> q97 [label = "b"];
	q49 -> q57 [label = "a"];
	q103 -> q17 [label = "b"];
	q77 -> q57 [label = "a"];
	q105 -> q64 [label = "b"];
	q125 -> q55 [label = "b"];
	q121 -> q81 [label = "b"];
	q123 -> q115 [label = "a"];
	q106 -> q53 [label = "a"];
	q15 -> q74 [label = "a"];
	q121 -> q113 [label = "a"];
	q110 -> q91 [label = "b"];
	q48 -> q1 [label = "c"];
	q100 -> q95 [label = "c"];
	q67 -> q97 [label = "b"];
	q94 -> q79 [label = "b"];
	q107 -> q96 [label = "a"];
	q78 -> q109 [label = "c"];
	q33 -> q111 [label = "c"];
	q61 -> q25 [label = "b"];
	q119 -> q109 [label = "c"];
	q88 -> q110 [label = "a"];
	q31 -> q74 [label = "a"];
	q5 -> q109 [label = "c"];
	q27 -> q19 [label = "b"];
	q24 -> q57 [label = "a"];
	q98 -> q102 [label = "b"];
	q6 -> q57 [label = "a"];
	q104 -> q65 [label = "a"];
	q109 -> q63 [label = "b"];
	q68 -> q90 [label = "c"];
	q27 -> q57 [label = "a"];
	q110 -> q110 [label = "a"];
	q41 -> q38 [label = "a"];
	q46 -> q115 [label = "a"];
	q112 -> q111 [label = "c"];
	q85 -> q95 [label = "c"];
	q118 -> q1 [label = "c"];
	q13 -> q90 [label = "c"];
	q23 -> q111 [label = "c"];
	q12 -> q115 [label = "a"];
	q5 -> q4 [label = "b"];
	q113 -> q88 [label = "a"];
	q35 -> q31 [label = "b"];
	q88 -> q91 [label = "b"];
	q89 -> q68 [label = "c"];
	q98 -> q66 [label = "c"];
	q46 -> q116 [label = "b"];
	q57 -> q56 [label = "b"];
	q2 -> q71 [label = "a"];
	q69 -> q122 [label = "b"];
	q45 -> q42 [label = "c"];
	q38 -> q121 [label = "b"];
	q23 -> q26 [label = "b"];
	q108 -> q34 [label = "a"];
	q72 -> q109 [label = "c"];
	q63 -> q111 [label = "c"];
	q111 -> q27 [label = "b"];
	q109 -> q90 [label = "c"];
	q107 -> q52 [label = "b"];
	q3 -> q58 [label = "c"];
	q40 -> q100 [label = "b"];
	q46 -> q12 [label = "c"];
	q44 -> q41 [label = "c"];
	q28 -> q68 [label = "c"];
	q21 -> q95 [label = "c"];
	q39 -> q57 [label = "a"];
	q116 -> q59 [label = "a"];
	q37 -> q122 [label = "b"];
	q26 -> q119 [label = "c"];
	q114 -> q49 [label = "b"];
	q35 -> q109 [label = "c"];
	q38 -> q120 [label = "a"];
	q36 -> q11 [label = "b"];
	q70 -> q72 [label = "b"];
	q34 -> q61 [label = "c"];
	q35 -> q82 [label = "a"];
	q14 -> q30 [label = "b"];
	q39 -> q19 [label = "b"];
	q33 -> q30 [label = "b"];
	q75 -> q78 [label = "c"];
	q37 -> q95 [label = "c"];
	q34 -> q98 [label = "b"];
	q26 -> q21 [label = "b"];
	q33 -> q57 [label = "a"];
	q29 -> q28 [label = "b"];
	q21 -> q117 [label = "b"];
	q83 -> q84 [label = "a"];
	q18 -> q30 [label = "b"];
	q32 -> q111 [label = "c"];
	q2 -> q2 [label = "c"];
	q38 -> q87 [label = "c"];
	q123 -> q26 [label = "b"];
	q36 -> q111 [label = "c"];
	q86 -> q72 [label = "b"];
	q84 -> q87 [label = "c"];
	q60 -> q107 [label = "c"];
	q30 -> q57 [label = "a"];
	q5 -> q74 [label = "a"];
	q31 -> q22 [label = "b"];
	q36 -> q59 [label = "a"];
	q25 -> q115 [label = "a"];
	q72 -> q113 [label = "a"];
	q28 -> q92 [label = "a"];
	q0 -> q109 [label = "c"];
	q25 -> q116 [label = "b"];
	q20 -> q118 [label = "c"];
	q24 -> q109 [label = "c"];
	q30 -> q109 [label = "c"];
	q68 -> q36 [label = "b"];
	q90 -> q71 [label = "a"];
	q4 -> q57 [label = "a"];
	q26 -> q57 [label = "a"];
	q123 -> q109 [label = "c"];
	q19 -> q109 [label = "c"];
	q122 -> q59 [label = "a"];
	q9 -> q6 [label = "b"];
	q15 -> q21 [label = "b"];
	q71 -> q1 [label = "c"];
	q59 -> q56 [label = "b"];
	q11 -> q74 [label = "a"];
	q11 -> q20 [label = "b"];
	q47 -> q43 [label = "c"];
	q116 -> q109 [label = "c"];
	q119 -> q78 [label = "a"];
	q20 -> q49 [label = "b"];
	q91 -> q81 [label = "b"];
	q118 -> q33 [label = "b"];
	q12 -> q109 [label = "c"];
	q8 -> q111 [label = "c"];
	q8 -> q5 [label = "b"];
	q34 -> q124 [label = "a"];
	q10 -> q57 [label = "a"];
	q91 -> q59 [label = "a"];
	q93 -> q86 [label = "c"];
	q14 -> q109 [label = "c"];
	q11 -> q109 [label = "c"];
	q58 -> q1 [label = "c"];
	q8 -> q59 [label = "a"];
	q105 -> q92 [label = "a"];
	q10 -> q21 [label = "b"];
	q40 -> q125 [label = "a"];
	q4 -> q48 [label = "c"];
	q55 -> q57 [label = "a"];
	q0 -> q120 [label = "a"];
	q42 -> q39 [label = "b"];
	q2 -> q0 [label = "b"];
	q117 -> q49 [label = "b"];
	q9 -> q115 [label = "a"];
	q6 -> q48 [label = "c"];
	q0 -> q72 [label = "b"];
	q7 -> q119 [label = "c"];
	q1 -> q82 [label = "a"];
	q1 -> q122 [label = "b"];
	q3 -> q96 [label = "a"];
	q7 -> q30 [label = "b"];
	q1 -> q90 [label = "c"];
	q37 -> q88 [label = "a"];
	q4 -> q49 [label = "b"];
	q7 -> q57 [label = "a"];
	q9 -> q109 [label = "c"];
	q58 -> q73 [label = "b"];
	q13 -> q9 [label = "a"];
	q10 -> q109 [label = "c"];
	q14 -> q57 [label = "a"];
	q16 -> q115 [label = "a"];
	q22 -> q48 [label = "c"];
	q87 -> q109 [label = "c"];
	q16 -> q10 [label = "b"];
	q18 -> q74 [label = "a"];
	q70 -> q109 [label = "c"];
	q17 -> q113 [label = "a"];
	q19 -> q114 [label = "b"];
	q21 -> q57 [label = "a"];
	q17 -> q109 [label = "c"];
	q106 -> q108 [label = "c"];
	q18 -> q109 [label = "c"];
	q29 -> q95 [label = "c"];
	q42 -> q109 [label = "c"];
	q102 -> q54 [label = "a"];
	q16 -> q78 [label = "c"];
	q47 -> q45 [label = "a"];
}
DFA size: 126 states

NL* output after 18 EQ and 8870 MQ:
digraph finite_state_machine {
	rankdir=LR;
	node [shape = circle];
	s0 [shape = point, style = invis, start="true" ];
	s1 [shape = point, style = invis, start="true" ];
	s2 [shape = point, style = invis, start="true" ];
	s3 [shape = point, style = invis, start="true" ];
	s4 [shape = point, style = invis, start="true" ];
	s5 [shape = point, style = invis, start="true" ];
	s6 [shape = point, style = invis, start="true" ];
	q0 [label = "q0", shape = doublecircle, final="true" ];
	q1 [label = "q1", shape = doublecircle, final="true" ];
	q2 [label = "q2", shape = doublecircle, final="true" ];
	q3 [label = "q3", shape = doublecircle, final="true" ];
	q4 [label = "q4"];
	q5 [label = "q5"];
	q6 [label = "q6"];
	q7 [label = "q7", shape = doublecircle, final="true" ];
	q8 [label = "q8", shape = doublecircle, final="true" ];
	q9 [label = "q9"];
	q10 [label = "q10"];
	q11 [label = "q11"];
	q12 [label = "q12"];
	q13 [label = "q13"];
	q14 [label = "q14"];
	q15 [label = "q15"];
	q16 [label = "q16", shape = doublecircle, final="true" ];
	q17 [label = "q17"];
	q18 [label = "q18"];
	q19 [label = "q19", shape = doublecircle, final="true" ];
	q20 [label = "q20"];
	q21 [label = "q21", shape = doublecircle, final="true" ];
	q22 [label = "q22"];
	q23 [label = "q23", shape = doublecircle, final="true" ];
	q24 [label = "q24"];
	q25 [label = "q25"];
	q26 [label = "q26", shape = doublecircle, final="true" ];
	q27 [label = "q27"];
	q28 [label = "q28"];
	q29 [label = "q29"];
	q30 [label = "q30"];
	q31 [label = "q31"];
	q32 [label = "q32"];
	q33 [label = "q33"];
	q34 [label = "q34"];
	q35 [label = "q35"];
	q36 [label = "q36", shape = doublecircle, final="true" ];
	q37 [label = "q37"];
	q38 [label = "q38"];
	s0 -> q11
	s1 -> q20
	s2 -> q27
	s3 -> q29
	s4 -> q34
	s5 -> q35
	s6 -> q38
	q20 -> q35 [label = "b"];
	q22 -> q18 [label = "a"];
	q23 -> q30 [label = "b"];
	q23 -> q29 [label = "b"];
	q23 -> q13 [label = "b"];
	q23 -> q11 [label = "b"];
	q23 -> q5 [label = "b"];
	q19 -> q37 [label = "a"];
	q19 -> q24 [label = "a"];
	q19 -> q22 [label = "a"];
	q19 -> q17 [label = "a"];
	q19 -> q14 [label = "a"];
	q17 -> q23 [label = "b"];
	q17 -> q16 [label = "b"];
	q17 -> q10 [label = "b"];
	q17 -> q3 [label = "b"];
	q17 -> q2 [label = "b"];
	q19 -> q23 [label = "b"];
	q19 -> q4 [label = "b"];
	q17 -> q32 [label = "a, b"];
	q17 -> q30 [label = "a, b"];
	q17 -> q6 [label = "a"];
	q21 -> q38 [label = "a, c"];
	q21 -> q37 [label = "c"];
	q23 -> q4 [label = "b"];
	q21 -> q32 [label = "c"];
	q21 -> q28 [label = "c"];
	q21 -> q25 [label = "c"];
	q21 -> q21 [label = "c"];
	q21 -> q20 [label = "a, c"];
	q21 -> q19 [label = "c"];
	q21 -> q18 [label = "c"];
	q21 -> q10 [label = "c"];
	q21 -> q7 [label = "c"];
	q21 -> q5 [label = "c"];
	q21 -> q4 [label = "c"];
	q21 -> q3 [label = "c"];
	q21 -> q1 [label = "c"];
	q16 -> q27 [label = "c"];
	q16 -> q9 [label = "c"];
	q21 -> q14 [label = "c"];
	q22 -> q35 [label = "a, b"];
	q22 -> q5 [label = "b"];
	q18 -> q17 [label = "a"];
	q16 -> q35 [label = "b, c"];
	q16 -> q30 [label = "b"];
	q16 -> q29 [label = "b, c"];
	q16 -> q13 [label = "b"];
	q16 -> q8 [label = "b"];
	q16 -> q4 [label = "b"];
	q16 -> q3 [label = "b"];
	q22 -> q38 [label = "a, c"];
	q22 -> q21 [label = "c"];
	q22 -> q14 [label = "a, c"];
	q22 -> q9 [label = "c"];
	q22 -> q2 [label = "c"];
	q22 -> q1 [label = "c"];
	q18 -> q10 [label = "b"];
	q18 -> q4 [label = "b"];
	q22 -> q3 [label = "c"];
	q16 -> q38 [label = "a, b, c"];
	q16 -> q37 [label = "a, c"];
	q16 -> q34 [label = "a, b, c"];
	q16 -> q33 [label = "a, c"];
	q16 -> q31 [label = "a, c"];
	q18 -> q3 [label = "c"];
	q16 -> q14 [label = "a, c"];
	q16 -> q12 [label = "a, b, c"];
	q20 -> q37 [label = "c"];
	q20 -> q36 [label = "c"];
	q20 -> q32 [label = "c"];
	q21 -> q12 [label = "c"];
	q20 -> q31 [label = "c"];
	q20 -> q24 [label = "c"];
	q13 -> q37 [label = "b"];
	q13 -> q31 [label = "b"];
	q11 -> q38 [label = "c"];
	q21 -> q2 [label = "c"];
	q11 -> q33 [label = "c"];
	q11 -> q34 [label = "a, c"];
	q3 -> q9 [label = "c"];
	q11 -> q30 [label = "a"];
	q1 -> q10 [label = "c"];
	q22 -> q28 [label = "a"];
	q9 -> q32 [label = "a, b, c"];
	q24 -> q34 [label = "c"];
	q9 -> q10 [label = "b, c"];
	q9 -> q5 [label = "b, c"];
	q7 -> q18 [label = "c"];
	q22 -> q7 [label = "c"];
	q11 -> q15 [label = "c"];
	q19 -> q21 [label = "c"];
	q36 -> q35 [label = "a"];
	q10 -> q2 [label = "b"];
	q19 -> q11 [label = "c"];
	q16 -> q22 [label = "b, c"];
	q15 -> q37 [label = "c"];
	q19 -> q1 [label = "c"];
	q4 -> q38 [label = "a, b, c"];
	q21 -> q34 [label = "a, b, c"];
	q19 -> q29 [label = "c"];
	q22 -> q19 [label = "c"];
	q25 -> q2 [label = "c"];
	q6 -> q13 [label = "b"];
	q21 -> q29 [label = "b, c"];
	q28 -> q20 [label = "c"];
	q16 -> q20 [label = "a, b, c"];
	q9 -> q3 [label = "c"];
	q23 -> q37 [label = "a, c"];
	q23 -> q14 [label = "a, c"];
	q15 -> q35 [label = "b"];
	q23 -> q12 [label = "a, b, c"];
	q26 -> q22 [label = "b"];
	q1 -> q2 [label = "c"];
	q28 -> q36 [label = "c"];
	q27 -> q32 [label = "c"];
	q19 -> q15 [label = "a, c"];
	q7 -> q1 [label = "c"];
	q20 -> q14 [label = "c"];
	q28 -> q31 [label = "c"];
	q28 -> q29 [label = "b, c"];
	q7 -> q36 [label = "c"];
	q28 -> q2 [label = "c"];
	q24 -> q32 [label = "b"];
	q23 -> q20 [label = "a, b, c"];
	q9 -> q9 [label = "c"];
	q24 -> q4 [label = "b"];
	q25 -> q20 [label = "c"];
	q24 -> q7 [label = "c"];
	q24 -> q3 [label = "c"];
	q28 -> q18 [label = "a, c"];
	q9 -> q15 [label = "c"];
	q30 -> q35 [label = "b"];
	q34 -> q31 [label = "c"];
	q12 -> q15 [label = "c"];
	q21 -> q24 [label = "c"];
	q23 -> q15 [label = "a, b, c"];
	q18 -> q30 [label = "b"];
	q25 -> q14 [label = "a"];
	q29 -> q15 [label = "c"];
	q3 -> q34 [label = "a, b, c"];
	q19 -> q33 [label = "a, c"];
	q21 -> q11 [label = "b, c"];
	q31 -> q34 [label = "c"];
	q10 -> q20 [label = "b, c"];
	q5 -> q33 [label = "c"];
	q23 -> q38 [label = "a, b, c"];
	q31 -> q7 [label = "c"];
	q13 -> q3 [label = "c"];
	q12 -> q12 [label = "a, c"];
	q31 -> q3 [label = "c"];
	q21 -> q13 [label = "b, c"];
	q7 -> q2 [label = "c"];
	q36 -> q22 [label = "a"];
	q26 -> q34 [label = "a, b, c"];
	q27 -> q9 [label = "c"];
	q31 -> q20 [label = "c"];
	q6 -> q5 [label = "b, c"];
	q22 -> q36 [label = "c"];
	q25 -> q38 [label = "a, c"];
	q22 -> q12 [label = "a, c"];
	q32 -> q33 [label = "c"];
	q25 -> q17 [label = "a"];
	q12 -> q37 [label = "c"];
	q25 -> q34 [label = "a, c"];
	q28 -> q33 [label = "c"];
	q25 -> q32 [label = "a, b, c"];
	q6 -> q23 [label = "b"];
	q25 -> q21 [label = "c"];
	q29 -> q30 [label = "a"];
	q31 -> q32 [label = "b"];
	q38 -> q35 [label = "b"];
	q26 -> q32 [label = "c"];
	q22 -> q37 [label = "b, c"];
	q24 -> q33 [label = "c"];
	q26 -> q20 [label = "a, b, c"];
	q26 -> q31 [label = "a, c"];
	q3 -> q20 [label = "a, c"];
	q26 -> q15 [label = "a, b, c"];
	q26 -> q14 [label = "a, c"];
	q9 -> q36 [label = "c"];
	q26 -> q3 [label = "c"];
	q33 -> q33 [label = "c"];
	q10 -> q13 [label = "b"];
	q21 -> q33 [label = "c"];
	q6 -> q34 [label = "a, b, c"];
	q28 -> q38 [label = "a, b, c"];
	q19 -> q3 [label = "c"];
	q12 -> q20 [label = "c"];
	q28 -> q35 [label = "a, b, c"];
	q28 -> q34 [label = "a, b, c"];
	q35 -> q30 [label = "a"];
	q25 -> q33 [label = "c"];
	q28 -> q32 [label = "a, b, c"];
	q7 -> q19 [label = "c"];
	q30 -> q15 [label = "b, c"];
	q21 -> q9 [label = "c"];
	q25 -> q31 [label = "b"];
	q36 -> q33 [label = "a, c"];
	q22 -> q34 [label = "a, c"];
	q6 -> q3 [label = "b"];
	q25 -> q15 [label = "c"];
	q30 -> q33 [label = "c"];
	q7 -> q14 [label = "c"];
	q33 -> q24 [label = "c"];
	q28 -> q37 [label = "b, c"];
	q24 -> q23 [label = "b"];
	q26 -> q38 [label = "a, b, c"];
	q6 -> q14 [label = "a, c"];
	q9 -> q13 [label = "b, c"];
	q25 -> q37 [label = "b"];
	q5 -> q18 [label = "a"];
	q3 -> q31 [label = "c"];
	q26 -> q37 [label = "a, c"];
	q0 -> q31 [label = "a, b, c"];
	q29 -> q37 [label = "b"];
	q10 -> q11 [label = "b"];
	q11 -> q20 [label = "c"];
	q36 -> q17 [label = "a"];
	q27 -> q13 [label = "c"];
	q26 -> q30 [label = "c"];
	q35 -> q37 [label = "b"];
	q30 -> q31 [label = "c"];
	q0 -> q22 [label = "b"];
	q26 -> q5 [label = "c"];
	q33 -> q15 [label = "c"];
	q35 -> q15 [label = "c"];
	q27 -> q19 [label = "c"];
	q28 -> q30 [label = "a, b, c"];
	q33 -> q13 [label = "b"];
	q21 -> q30 [label = "b, c"];
	q12 -> q14 [label = "a, c"];
	q19 -> q10 [label = "b"];
	q5 -> q30 [label = "a"];
	q6 -> q30 [label = "a, b"];
	q12 -> q5 [label = "b"];
	q33 -> q11 [label = "b"];
	q24 -> q18 [label = "a"];
	q33 -> q29 [label = "b"];
	q30 -> q34 [label = "a, b, c"];
	q26 -> q35 [label = "b, c"];
	q27 -> q23 [label = "c"];
	q30 -> q37 [label = "c"];
	q33 -> q37 [label = "c"];
	q27 -> q26 [label = "a, c"];
	q28 -> q4 [label = "b, c"];
	q7 -> q32 [label = "c"];
	q36 -> q18 [label = "a"];
	q1 -> q0 [label = "b"];
	q33 -> q34 [label = "a, c"];
	q16 -> q25 [label = "c"];
	q7 -> q7 [label = "c"];
	q36 -> q32 [label = "a, b"];
	q20 -> q19 [label = "c"];
	q33 -> q1 [label = "c"];
	q3 -> q12 [label = "c"];
	q22 -> q11 [label = "b"];
	q5 -> q37 [label = "b"];
	q14 -> q3 [label = "c"];
	q0 -> q18 [label = "a"];
	q28 -> q17 [label = "a"];
	q9 -> q35 [label = "a, b, c"];
	q36 -> q15 [label = "a, c"];
	q9 -> q21 [label = "c"];
	q27 -> q20 [label = "c"];
	q30 -> q14 [label = "a, c"];
	q36 -> q14 [label = "a"];
	q37 -> q20 [label = "c"];
	q27 -> q8 [label = "c"];
	q4 -> q14 [label = "a, c"];
	q21 -> q36 [label = "c"];
	q9 -> q1 [label = "c"];
	q27 -> q37 [label = "b, c"];
	q2 -> q38 [label = "a, b, c"];
	q34 -> q14 [label = "c"];
	q19 -> q20 [label = "a, c"];
	q28 -> q11 [label = "b, c"];
	q25 -> q3 [label = "c"];
	q24 -> q38 [label = "c"];
	q36 -> q4 [label = "b"];
	q21 -> q31 [label = "c"];
	q26 -> q25 [label = "c"];
	q26 -> q29 [label = "c"];
	q37 -> q34 [label = "c"];
	q30 -> q20 [label = "c"];
	q19 -> q12 [label = "a"];
	q38 -> q31 [label = "c"];
	q21 -> q15 [label = "c"];
	q34 -> q36 [label = "c"];
	q7 -> q38 [label = "a, c"];
	q33 -> q38 [label = "a, c"];
	q5 -> q14 [label = "a"];
	q14 -> q30 [label = "a"];
	q34 -> q32 [label = "c"];
	q33 -> q19 [label = "c"];
	q15 -> q9 [label = "c"];
	q32 -> q30 [label = "b"];
	q25 -> q7 [label = "c"];
	q31 -> q18 [label = "a"];
	q36 -> q10 [label = "b"];
	q7 -> q28 [label = "c"];
	q30 -> q38 [label = "a, b, c"];
	q33 -> q2 [label = "c"];
	q9 -> q14 [label = "a, c"];
	q6 -> q15 [label = "b, c"];
	q35 -> q2 [label = "c"];
	q27 -> q18 [label = "c"];
	q27 -> q0 [label = "c"];
	q33 -> q7 [label = "c"];
	q1 -> q25 [label = "c"];
	q33 -> q31 [label = "c"];
	q26 -> q33 [label = "a, c"];
	q33 -> q12 [label = "c"];
	q11 -> q31 [label = "b"];
	q0 -> q30 [label = "a, b"];
	q27 -> q15 [label = "c"];
	q31 -> q38 [label = "c"];
	q13 -> q15 [label = "b, c"];
	q1 -> q4 [label = "c"];
	q37 -> q38 [label = "c"];
	q22 -> q31 [label = "c"];
	q15 -> q20 [label = "c"];
	q25 -> q24 [label = "b"];
	q27 -> q31 [label = "b, c"];
	q13 -> q18 [label = "a"];
	q23 -> q31 [label = "a, c"];
	q6 -> q16 [label = "b"];
	q9 -> q29 [label = "b, c"];
	q27 -> q34 [label = "a, c"];
	q36 -> q37 [label = "a"];
	q27 -> q5 [label = "c"];
	q16 -> q11 [label = "b, c"];
	q22 -> q15 [label = "c"];
	q36 -> q38 [label = "a, c"];
	q4 -> q12 [label = "a, b, c"];
	q32 -> q34 [label = "c"];
	q35 -> q3 [label = "c"];
	q27 -> q21 [label = "c"];
	q32 -> q38 [label = "c"];
	q38 -> q14 [label = "c"];
	q21 -> q22 [label = "c"];
	q33 -> q32 [label = "c"];
	q26 -> q2 [label = "c"];
	q38 -> q32 [label = "c"];
	q1 -> q19 [label = "c"];
	q36 -> q20 [label = "a, c"];
	q3 -> q15 [label = "c"];
	q26 -> q12 [label = "a, b, c"];
	q15 -> q33 [label = "c"];
	q37 -> q33 [label = "c"];
	q32 -> q4 [label = "b"];
	q24 -> q20 [label = "c"];
	q2 -> q9 [label = "c"];
	q36 -> q1 [label = "c"];
	q2 -> q14 [label = "a, c"];
	q23 -> q22 [label = "b"];
	q33 -> q36 [label = "c"];
	q38 -> q29 [label = "b"];
	q13 -> q35 [label = "a, b"];
	q12 -> q2 [label = "c"];
	q36 -> q34 [label = "a, c"];
	q1 -> q37 [label = "c"];
	q36 -> q7 [label = "c"];
	q24 -> q14 [label = "a"];
	q36 -> q21 [label = "c"];
	q32 -> q14 [label = "a"];
	q19 -> q34 [label = "a, c"];
	q27 -> q38 [label = "c"];
	q27 -> q4 [label = "c"];
	q37 -> q3 [label = "c"];
	q34 -> q35 [label = "b"];
	q27 -> q1 [label = "c"];
	q6 -> q20 [label = "c"];
	q29 -> q2 [label = "c"];
	q32 -> q20 [label = "c"];
	q15 -> q34 [label = "a, c"];
	q7 -> q33 [label = "c"];
	q12 -> q38 [label = "a, c"];
	q19 -> q30 [label = "a, b"];
	q0 -> q35 [label = "a, b"];
	q19 -> q35 [label = "a, c"];
	q33 -> q3 [label = "c"];
	q27 -> q11 [label = "c"];
	q27 -> q10 [label = "c"];
	q24 -> q21 [label = "c"];
	q27 -> q14 [label = "c"];
	q33 -> q35 [label = "b"];
	q28 -> q10 [label = "b"];
	q26 -> q4 [label = "c"];
	q29 -> q31 [label = "b"];
	q37 -> q7 [label = "c"];
	q27 -> q24 [label = "c"];
	q37 -> q18 [label = "a"];
	q27 -> q25 [label = "b, c"];
	q8 -> q18 [label = "a"];
	q7 -> q30 [label = "b, c"];
	q28 -> q3 [label = "c"];
	q6 -> q38 [label = "a, b, c"];
	q27 -> q29 [label = "b, c"];
	q7 -> q20 [label = "a, c"];
	q21 -> q8 [label = "b"];
	q27 -> q33 [label = "c"];
	q6 -> q17 [label = "a"];
	q23 -> q34 [label = "a, b, c"];
	q27 -> q2 [label = "c"];
	q33 -> q20 [label = "c"];
	q27 -> q36 [label = "c"];
	q8 -> q38 [label = "a, b, c"];
	q34 -> q34 [label = "a"];
	q1 -> q7 [label = "c"];
	q27 -> q16 [label = "c"];
	q28 -> q5 [label = "b, c"];
	q34 -> q37 [label = "c"];
	q8 -> q3 [label = "c"];
	q12 -> q31 [label = "c"];
	q28 -> q12 [label = "a, b, c"];
	q9 -> q18 [label = "a, c"];
	q27 -> q12 [label = "c"];
	q8 -> q36 [label = "c"];
	q19 -> q31 [label = "a"];
	q15 -> q12 [label = "a, c"];
	q18 -> q15 [label = "b"];
	q15 -> q14 [label = "c"];
	q19 -> q7 [label = "c"];
	q15 -> q15 [label = "c"];
	q25 -> q30 [label = "a"];
	q6 -> q18 [label = "a"];
	q15 -> q31 [label = "c"];
	q9 -> q30 [label = "a, c"];
	q9 -> q34 [label = "a, c"];
	q9 -> q38 [label = "a, c"];
	q9 -> q4 [label = "c"];
	q11 -> q35 [label = "b"];
	q13 -> q12 [label = "a, b, c"];
	q28 -> q14 [label = "a, c"];
	q13 -> q34 [label = "a, b, c"];
	q0 -> q2 [label = "c"];
	q13 -> q20 [label = "b, c"];
	q2 -> q11 [label = "b"];
	q13 -> q32 [label = "a, c"];
	q13 -> q33 [label = "b, c"];
	q16 -> q2 [label = "b"];
	q13 -> q38 [label = "a, b, c"];
	q22 -> q33 [label = "c"];
	q25 -> q12 [label = "a, c"];
	q8 -> q2 [label = "c"];
	q8 -> q12 [label = "a, b, c"];
	q5 -> q38 [label = "a, c"];
	q11 -> q2 [label = "c"];
	q8 -> q14 [label = "a, c"];
	q22 -> q30 [label = "a"];
	q1 -> q13 [label = "b, c"];
	q8 -> q15 [label = "a, b, c"];
	q31 -> q33 [label = "c"];
	q8 -> q31 [label = "a, b, c"];
	q8 -> q32 [label = "a, c"];
	q19 -> q32 [label = "a, b"];
	q8 -> q33 [label = "a, b, c"];
	q8 -> q34 [label = "a, b, c"];
	q33 -> q21 [label = "c"];
	q9 -> q2 [label = "c"];
	q7 -> q31 [label = "c"];
	q8 -> q37 [label = "a, b, c"];
	q21 -> q35 [label = "b, c"];
	q12 -> q34 [label = "a, c"];
	q14 -> q10 [label = "b"];
	q8 -> q22 [label = "b"];
	q8 -> q35 [label = "a, b"];
	q5 -> q35 [label = "a, b"];
	q10 -> q12 [label = "a, b, c"];
	q30 -> q12 [label = "a, b, c"];
	q10 -> q14 [label = "a"];
	q29 -> q3 [label = "c"];
	q14 -> q15 [label = "c"];
	q10 -> q30 [label = "b"];
	q10 -> q3 [label = "b"];
	q17 -> q17 [label = "a"];
	q10 -> q4 [label = "b"];
	q7 -> q4 [label = "c"];
	q10 -> q5 [label = "b"];
	q4 -> q31 [label = "c"];
	q1 -> q24 [label = "c"];
	q10 -> q8 [label = "b"];
	q0 -> q34 [label = "a, b, c"];
	q10 -> q15 [label = "b, c"];
	q7 -> q21 [label = "c"];
	q10 -> q29 [label = "b"];
	q10 -> q35 [label = "b"];
	q28 -> q15 [label = "b, c"];
	q7 -> q24 [label = "c"];
	q26 -> q11 [label = "c"];
	q12 -> q3 [label = "c"];
	q22 -> q24 [label = "c"];
	q12 -> q32 [label = "c"];
	q12 -> q33 [label = "c"];
	q27 -> q30 [label = "a, c"];
	q12 -> q36 [label = "c"];
	q16 -> q5 [label = "b, c"];
	q27 -> q3 [label = "c"];
	q4 -> q15 [label = "b, c"];
	q4 -> q20 [label = "b, c"];
	q4 -> q33 [label = "c"];
	q20 -> q29 [label = "b"];
	q3 -> q33 [label = "c"];
	q4 -> q34 [label = "a, b, c"];
	q4 -> q37 [label = "c"];
	q0 -> q12 [label = "a, b, c"];
	q1 -> q35 [label = "b, c"];
	q0 -> q14 [label = "a, c"];
	q0 -> q15 [label = "a, b, c"];
	q0 -> q38 [label = "a, b, c"];
	q27 -> q7 [label = "c"];
	q5 -> q32 [label = "a, c"];
	q26 -> q36 [label = "c"];
	q1 -> q3 [label = "c"];
	q0 -> q32 [label = "a, b, c"];
	q0 -> q33 [label = "a, b, c"];
	q2 -> q29 [label = "b"];
	q36 -> q30 [label = "a, b"];
	q8 -> q20 [label = "a, b, c"];
	q2 -> q34 [label = "a, b, c"];
	q2 -> q35 [label = "b"];
	q38 -> q36 [label = "c"];
	q1 -> q21 [label = "c"];
	q38 -> q34 [label = "a"];
	q9 -> q31 [label = "c"];
	q26 -> q13 [label = "c"];
	q6 -> q11 [label = "b, c"];
	q6 -> q12 [label = "a, b, c"];
	q19 -> q18 [label = "a"];
	q6 -> q25 [label = "c"];
	q6 -> q31 [label = "c"];
	q6 -> q26 [label = "b"];
	q3 -> q38 [label = "a, c"];
	q6 -> q33 [label = "c"];
	q9 -> q19 [label = "c"];
	q12 -> q29 [label = "b"];
	q25 -> q35 [label = "a"];
	q6 -> q35 [label = "a, b, c"];
	q6 -> q37 [label = "b, c"];
	q2 -> q12 [label = "a, c"];
	q7 -> q25 [label = "c"];
	q2 -> q15 [label = "a, c"];
	q2 -> q20 [label = "a, c"];
	q6 -> q0 [label = "b"];
	q2 -> q31 [label = "a, c"];
	q2 -> q33 [label = "a, c"];
	q2 -> q37 [label = "a, c"];
	q0 -> q20 [label = "a, b, c"];
	q6 -> q2 [label = "b"];
	q21 -> q27 [label = "c"];
	q36 -> q24 [label = "a"];
	q6 -> q4 [label = "b"];
	q20 -> q34 [label = "a"];
	q6 -> q8 [label = "b"];
	q13 -> q2 [label = "c"];
	q6 -> q10 [label = "b"];
	q28 -> q25 [label = "c"];
	q0 -> q3 [label = "c"];
	q27 -> q35 [label = "b, c"];
	q0 -> q36 [label = "c"];
	q5 -> q2 [label = "c"];
	q5 -> q3 [label = "c"];
	q22 -> q29 [label = "b"];
	q5 -> q12 [label = "a, c"];
	q5 -> q15 [label = "c"];
	q26 -> q18 [label = "c"];
	q5 -> q20 [label = "c"];
	q9 -> q33 [label = "c"];
	q5 -> q34 [label = "a, c"];
	q1 -> q12 [label = "a, c"];
	q38 -> q37 [label = "c"];
	q1 -> q15 [label = "a, c"];
	q1 -> q30 [label = "a, b, c"];
	q1 -> q34 [label = "a, b, c"];
	q1 -> q38 [label = "a, c"];
	q3 -> q11 [label = "b"];
	q3 -> q29 [label = "b"];
	q3 -> q35 [label = "b"];
	q1 -> q32 [label = "c"];
	q6 -> q29 [label = "b, c"];
	q1 -> q20 [label = "a, c"];
	q7 -> q5 [label = "c"];
	q7 -> q9 [label = "c"];
	q10 -> q34 [label = "a, b, c"];
	q7 -> q10 [label = "c"];
	q27 -> q28 [label = "c"];
	q9 -> q12 [label = "a, c"];
	q7 -> q11 [label = "b, c"];
	q7 -> q12 [label = "c"];
	q7 -> q3 [label = "c"];
	q7 -> q13 [label = "b, c"];
	q7 -> q15 [label = "c"];
	q8 -> q30 [label = "a"];
	q0 -> q37 [label = "a, b, c"];
	q7 -> q29 [label = "b, c"];
	q9 -> q24 [label = "c"];
	q7 -> q34 [label = "a, b, c"];
	q18 -> q32 [label = "b"];
	q19 -> q38 [label = "a, c"];
	q9 -> q17 [label = "a"];
	q15 -> q29 [label = "b"];
	q22 -> q32 [label = "a, c"];
	q7 -> q35 [label = "b, c"];
	q7 -> q37 [label = "c"];
	q22 -> q20 [label = "c"];
	q5 -> q31 [label = "b"];
	q15 -> q38 [label = "a, c"];
	q11 -> q37 [label = "b"];
	q1 -> q8 [label = "b"];
	q17 -> q15 [label = "b, c"];
	q1 -> q11 [label = "b, c"];
	q1 -> q29 [label = "b, c"];
	q1 -> q1 [label = "c"];
	q33 -> q14 [label = "c"];
	q6 -> q28 [label = "a"];
	q1 -> q5 [label = "c"];
	q36 -> q12 [label = "a"];
	q31 -> q21 [label = "c"];
	q1 -> q9 [label = "c"];
	q1 -> q14 [label = "c"];
	q1 -> q22 [label = "c"];
	q1 -> q27 [label = "c"];
	q1 -> q28 [label = "c"];
	q28 -> q13 [label = "b, c"];
	q1 -> q33 [label = "c"];
	q13 -> q14 [label = "a"];
	q1 -> q36 [label = "c"];
	q6 -> q6 [label = "a"];
	q4 -> q5 [label = "b"];
	q4 -> q11 [label = "b"];
	q24 -> q30 [label = "b"];
	q36 -> q3 [label = "c"];
	q4 -> q29 [label = "b"];
	q10 -> q38 [label = "a, b, c"];
	q4 -> q35 [label = "b"];
	q25 -> q18 [label = "a"];
	q11 -> q12 [label = "c"];
	q1 -> q18 [label = "c"];
	q12 -> q35 [label = "b"];
	q23 -> q33 [label = "a, c"];
	q5 -> q5 [label = "b"];
	q19 -> q27 [label = "c"];
	q37 -> q32 [label = "b"];
	q6 -> q32 [label = "a, b"];
	q5 -> q11 [label = "b"];
	q17 -> q4 [label = "b"];
	q1 -> q31 [label = "c"];
	q5 -> q29 [label = "b"];
	q16 -> q15 [label = "a, b, c"];
	q3 -> q14 [label = "c"];
	q3 -> q37 [label = "c"];
	q23 -> q35 [label = "b"];
	q9 -> q7 [label = "c"];
	q9 -> q20 [label = "c"];
	q14 -> q32 [label = "a, b"];
	q9 -> q11 [label = "b, c"];
	q9 -> q25 [label = "c"];
	q33 -> q9 [label = "c"];
	q9 -> q28 [label = "c"];
	q9 -> q37 [label = "c"];
	q13 -> q30 [label = "a"];
	q36 -> q31 [label = "a"];
	q15 -> q11 [label = "b"];
	q10 -> q33 [label = "c"];
	q12 -> q11 [label = "b"];
	q14 -> q17 [label = "a"];
	q11 -> q3 [label = "c"];
	q11 -> q32 [label = "c"];
}
NFA size: 39 states

