Random target AFA:
digraph finite_state_machine {
	rankdir=LR;
	node [shape = circle];
	s0 [shape = point, style = invis, start="true" ];
	s1 [shape = point, style = invis, start="true" ];
	q0 [label = "q0"];
	q1 [label = "q1"];
	q2 [label = "q2", shape = doublecircle, final="true" ];
	q3 [label = "q3"];
	q4 [label = "q4"];
	q5 [label = "q5", shape = doublecircle, final="true" ];
	m0 [label = "", shape = square, style = filled, color=grey, fixedsize=true, width=.2];
	m1 [label = "", shape = square, style = filled, color=grey, fixedsize=true, width=.2];
	m2 [label = "", shape = square, style = filled, color=grey, fixedsize=true, width=.2];
	m3 [label = "", shape = square, style = filled, color=grey, fixedsize=true, width=.2];
	m4 [label = "", shape = square, style = filled, color=grey, fixedsize=true, width=.2];
	m5 [label = "", shape = square, style = filled, color=grey, fixedsize=true, width=.2];
	s0 -> q1
	s1 -> q1
	q3 -> m5 [label = "c"];
	q2 -> q0 [label = "c"];
	q1 -> q2 [label = "c"];
	q5 -> q0 [label = "a"];
	q5 -> m4 [label = "b"];
	q1 -> q1 [label = "b"];
	q1 -> m1 [label = "b"];
	q3 -> q3 [label = "b"];
	q3 -> q4 [label = "a, b, c"];
	q4 -> q2 [label = "b"];
	q1 -> q0 [label = "a, c"];
	q0 -> q5 [label = "a, b"];
	q2 -> q1 [label = "a, c"];
	q0 -> q1 [label = "a"];
	q2 -> q4 [label = "b"];
	q5 -> q2 [label = "b"];
	q2 -> q5 [label = "a"];
	q3 -> m2 [label = "a"];
	q0 -> q2 [label = "c"];
	q4 -> m3 [label = "b"];
	q0 -> m0 [label = "c"];
	q1 -> q5 [label = "a"];
	q4 -> q3 [label = "a"];
	q4 -> q4 [label = "a"];
	q4 -> q0 [label = "c"];
	q5 -> q5 [label = "c"];
	q5 -> q3 [label = "c"];
	m0 -> q0;
	m0 -> q2;
	m1 -> q2;
	m1 -> q3;
	m2 -> q0;
	m2 -> q5;
	m3 -> q0;
	m3 -> q4;
	m4 -> q3;
	m4 -> q5;
	m5 -> q0;
	m5 -> q3;
}

L* output after 10 EQ and 8490 MQ:
digraph finite_state_machine {
	rankdir=LR;
	node [shape = circle];
	s0 [shape = point, style = invis, start="true" ];
	q0 [label = "q0", shape = doublecircle, final="true" ];
	q1 [label = "q1", shape = doublecircle, final="true" ];
	q2 [label = "q2", shape = doublecircle, final="true" ];
	q3 [label = "q3", shape = doublecircle, final="true" ];
	q4 [label = "q4", shape = doublecircle, final="true" ];
	q5 [label = "q5", shape = doublecircle, final="true" ];
	q6 [label = "q6", shape = doublecircle, final="true" ];
	q7 [label = "q7", shape = doublecircle, final="true" ];
	q8 [label = "q8", shape = doublecircle, final="true" ];
	q9 [label = "q9", shape = doublecircle, final="true" ];
	q10 [label = "q10", shape = doublecircle, final="true" ];
	q11 [label = "q11"];
	q12 [label = "q12", shape = doublecircle, final="true" ];
	q13 [label = "q13", shape = doublecircle, final="true" ];
	q14 [label = "q14", shape = doublecircle, final="true" ];
	q15 [label = "q15", shape = doublecircle, final="true" ];
	q16 [label = "q16", shape = doublecircle, final="true" ];
	q17 [label = "q17", shape = doublecircle, final="true" ];
	q18 [label = "q18"];
	q19 [label = "q19"];
	q20 [label = "q20", shape = doublecircle, final="true" ];
	q21 [label = "q21"];
	q22 [label = "q22", shape = doublecircle, final="true" ];
	q23 [label = "q23", shape = doublecircle, final="true" ];
	q24 [label = "q24"];
	q25 [label = "q25"];
	q26 [label = "q26"];
	q27 [label = "q27", shape = doublecircle, final="true" ];
	q28 [label = "q28", shape = doublecircle, final="true" ];
	q29 [label = "q29", shape = doublecircle, final="true" ];
	q30 [label = "q30", shape = doublecircle, final="true" ];
	q31 [label = "q31", shape = doublecircle, final="true" ];
	q32 [label = "q32", shape = doublecircle, final="true" ];
	q33 [label = "q33", shape = doublecircle, final="true" ];
	q34 [label = "q34"];
	q35 [label = "q35", shape = doublecircle, final="true" ];
	q36 [label = "q36", shape = doublecircle, final="true" ];
	q37 [label = "q37", shape = doublecircle, final="true" ];
	s0 -> q21
	q21 -> q20 [label = "a"];
	q23 -> q9 [label = "b"];
	q17 -> q31 [label = "c"];
	q19 -> q28 [label = "a"];
	q17 -> q15 [label = "b"];
	q19 -> q18 [label = "b"];
	q20 -> q13 [label = "a"];
	q18 -> q28 [label = "a"];
	q21 -> q17 [label = "c"];
	q20 -> q12 [label = "b, c"];
	q23 -> q26 [label = "c"];
	q15 -> q11 [label = "a"];
	q11 -> q37 [label = "c"];
	q14 -> q13 [label = "a"];
	q13 -> q13 [label = "a"];
	q16 -> q20 [label = "a"];
	q9 -> q24 [label = "c"];
	q3 -> q35 [label = "c"];
	q5 -> q36 [label = "b"];
	q4 -> q3 [label = "b"];
	q2 -> q0 [label = "c"];
	q6 -> q13 [label = "a"];
	q1 -> q31 [label = "c"];
	q22 -> q8 [label = "b"];
	q7 -> q9 [label = "b"];
	q3 -> q13 [label = "a"];
	q22 -> q32 [label = "c"];
	q1 -> q33 [label = "b"];
	q7 -> q5 [label = "c"];
	q3 -> q2 [label = "b"];
	q5 -> q1 [label = "c"];
	q6 -> q36 [label = "b"];
	q2 -> q28 [label = "a"];
	q6 -> q6 [label = "c"];
	q16 -> q32 [label = "c"];
	q0 -> q13 [label = "a"];
	q27 -> q28 [label = "a"];
	q30 -> q31 [label = "c"];
	q25 -> q7 [label = "b"];
	q2 -> q8 [label = "b"];
	q29 -> q31 [label = "c"];
	q17 -> q16 [label = "a"];
	q32 -> q13 [label = "a"];
	q24 -> q36 [label = "b"];
	q34 -> q8 [label = "b"];
	q5 -> q13 [label = "a"];
	q25 -> q37 [label = "c"];
	q28 -> q13 [label = "a"];
	q11 -> q22 [label = "a"];
	q35 -> q36 [label = "b"];
	q35 -> q31 [label = "c"];
	q33 -> q9 [label = "b"];
	q26 -> q17 [label = "c"];
	q31 -> q13 [label = "a"];
	q31 -> q31 [label = "c"];
	q37 -> q31 [label = "c"];
	q34 -> q37 [label = "c"];
	q35 -> q13 [label = "a"];
	q15 -> q10 [label = "b"];
	q36 -> q8 [label = "b"];
	q27 -> q32 [label = "c"];
	q37 -> q22 [label = "a"];
	q27 -> q7 [label = "b"];
	q14 -> q35 [label = "c"];
	q32 -> q12 [label = "b"];
	q31 -> q22 [label = "b"];
	q30 -> q13 [label = "a"];
	q0 -> q31 [label = "c"];
	q28 -> q12 [label = "b"];
	q10 -> q24 [label = "c"];
	q29 -> q22 [label = "a"];
	q19 -> q29 [label = "c"];
	q18 -> q29 [label = "c"];
	q36 -> q13 [label = "a"];
	q16 -> q14 [label = "b"];
	q37 -> q12 [label = "b"];
	q9 -> q9 [label = "b"];
	q7 -> q13 [label = "a"];
	q10 -> q23 [label = "b"];
	q36 -> q6 [label = "c"];
	q1 -> q13 [label = "a"];
	q29 -> q33 [label = "b"];
	q33 -> q28 [label = "a, c"];
	q24 -> q17 [label = "c"];
	q32 -> q6 [label = "c"];
	q30 -> q30 [label = "b"];
	q28 -> q32 [label = "c"];
	q26 -> q12 [label = "b"];
	q25 -> q27 [label = "a"];
	q12 -> q13 [label = "a, c"];
	q12 -> q9 [label = "b"];
	q24 -> q13 [label = "a"];
	q9 -> q22 [label = "a"];
	q23 -> q25 [label = "a"];
	q34 -> q28 [label = "a"];
	q21 -> q19 [label = "b"];
	q18 -> q30 [label = "b"];
	q14 -> q34 [label = "b"];
	q15 -> q20 [label = "c"];
	q26 -> q13 [label = "a"];
	q11 -> q12 [label = "b"];
	q13 -> q32 [label = "c"];
	q0 -> q12 [label = "b"];
	q8 -> q35 [label = "c"];
	q22 -> q28 [label = "a"];
	q8 -> q8 [label = "b"];
	q4 -> q28 [label = "a"];
	q8 -> q13 [label = "a"];
	q13 -> q36 [label = "b"];
	q10 -> q4 [label = "a"];
	q4 -> q32 [label = "c"];
}
DFA size: 38 states

NL* output after 13 EQ and 4039 MQ:
digraph finite_state_machine {
	rankdir=LR;
	node [shape = circle];
	s0 [shape = point, style = invis, start="true" ];
	q0 [label = "q0", shape = doublecircle, final="true" ];
	q1 [label = "q1", shape = doublecircle, final="true" ];
	q2 [label = "q2", shape = doublecircle, final="true" ];
	q3 [label = "q3", shape = doublecircle, final="true" ];
	q4 [label = "q4", shape = doublecircle, final="true" ];
	q5 [label = "q5", shape = doublecircle, final="true" ];
	q6 [label = "q6", shape = doublecircle, final="true" ];
	q7 [label = "q7"];
	q8 [label = "q8"];
	q9 [label = "q9"];
	q10 [label = "q10", shape = doublecircle, final="true" ];
	q11 [label = "q11"];
	q12 [label = "q12"];
	q13 [label = "q13", shape = doublecircle, final="true" ];
	q14 [label = "q14", shape = doublecircle, final="true" ];
	q15 [label = "q15", shape = doublecircle, final="true" ];
	q16 [label = "q16", shape = doublecircle, final="true" ];
	q17 [label = "q17"];
	q18 [label = "q18", shape = doublecircle, final="true" ];
	q19 [label = "q19", shape = doublecircle, final="true" ];
	s0 -> q9
	q18 -> q7 [label = "c"];
	q17 -> q4 [label = "c"];
	q17 -> q19 [label = "a, b"];
	q17 -> q14 [label = "a"];
	q17 -> q12 [label = "a"];
	q17 -> q11 [label = "a"];
	q17 -> q9 [label = "a"];
	q17 -> q3 [label = "a, b"];
	q16 -> q0 [label = "c"];
	q18 -> q14 [label = "a"];
	q18 -> q9 [label = "a, c"];
	q18 -> q19 [label = "b"];
	q16 -> q17 [label = "a"];
	q16 -> q15 [label = "a"];
	q16 -> q12 [label = "a, b, c"];
	q16 -> q11 [label = "a, b, c"];
	q16 -> q8 [label = "a, b"];
	q16 -> q7 [label = "a, c"];
	q18 -> q15 [label = "a"];
	q11 -> q13 [label = "c"];
	q11 -> q6 [label = "c"];
	q12 -> q12 [label = "b"];
	q12 -> q9 [label = "b"];
	q15 -> q18 [label = "b"];
	q13 -> q14 [label = "a"];
	q9 -> q13 [label = "c"];
	q7 -> q14 [label = "a"];
	q7 -> q8 [label = "a"];
	q7 -> q1 [label = "a"];
	q4 -> q18 [label = "b"];
	q4 -> q2 [label = "b"];
	q6 -> q14 [label = "a"];
	q6 -> q8 [label = "a"];
	q1 -> q13 [label = "c"];
	q1 -> q6 [label = "c"];
	q1 -> q0 [label = "c"];
	q7 -> q9 [label = "a"];
	q5 -> q15 [label = "a"];
	q5 -> q14 [label = "a"];
	q5 -> q12 [label = "a, b"];
	q16 -> q5 [label = "c"];
	q5 -> q17 [label = "a"];
	q5 -> q10 [label = "a"];
	q5 -> q8 [label = "a"];
	q5 -> q7 [label = "a"];
	q5 -> q3 [label = "a"];
	q7 -> q15 [label = "a, b"];
	q7 -> q3 [label = "a, b"];
	q3 -> q17 [label = "a, c"];
	q7 -> q12 [label = "a"];
	q3 -> q15 [label = "a, c"];
	q7 -> q11 [label = "a"];
	q7 -> q10 [label = "a"];
	q3 -> q7 [label = "a, c"];
	q1 -> q16 [label = "b"];
	q1 -> q2 [label = "b"];
	q5 -> q5 [label = "b"];
	q1 -> q15 [label = "a, b"];
	q1 -> q14 [label = "a, b"];
	q17 -> q2 [label = "b"];
	q1 -> q12 [label = "a, b"];
	q14 -> q15 [label = "c"];
	q12 -> q11 [label = "b"];
	q5 -> q6 [label = "c"];
	q14 -> q13 [label = "c"];
	q10 -> q9 [label = "a"];
	q4 -> q9 [label = "a, c"];
	q14 -> q7 [label = "c"];
	q11 -> q17 [label = "a"];
	q7 -> q13 [label = "c"];
	q2 -> q14 [label = "a"];
	q1 -> q19 [label = "a, b"];
	q14 -> q0 [label = "c"];
	q7 -> q2 [label = "b"];
	q11 -> q10 [label = "a"];
	q10 -> q17 [label = "a"];
	q10 -> q14 [label = "a"];
	q10 -> q11 [label = "a"];
	q10 -> q8 [label = "a"];
	q16 -> q13 [label = "c"];
	q10 -> q3 [label = "a, b, c"];
	q11 -> q7 [label = "a"];
	q16 -> q6 [label = "c"];
	q14 -> q17 [label = "c"];
	q10 -> q19 [label = "a, b, c"];
	q16 -> q19 [label = "a"];
	q14 -> q16 [label = "b"];
	q5 -> q19 [label = "a"];
	q0 -> q13 [label = "c"];
	q2 -> q8 [label = "a"];
	q12 -> q19 [label = "a"];
	q6 -> q12 [label = "a"];
	q1 -> q11 [label = "a, b"];
	q19 -> q7 [label = "c"];
	q15 -> q8 [label = "a"];
	q2 -> q17 [label = "a"];
	q8 -> q2 [label = "b"];
	q3 -> q3 [label = "a, c"];
	q12 -> q8 [label = "a"];
	q8 -> q18 [label = "b"];
	q13 -> q13 [label = "c"];
	q11 -> q12 [label = "b"];
	q2 -> q19 [label = "a, b"];
	q1 -> q17 [label = "a"];
	q14 -> q2 [label = "c"];
	q11 -> q8 [label = "a"];
	q8 -> q6 [label = "c"];
	q3 -> q18 [label = "b"];
	q13 -> q6 [label = "c"];
	q12 -> q3 [label = "a"];
	q9 -> q11 [label = "b"];
	q19 -> q19 [label = "b"];
	q11 -> q11 [label = "b"];
	q0 -> q19 [label = "a, b"];
	q17 -> q8 [label = "a"];
	q4 -> q19 [label = "a, b"];
	q14 -> q3 [label = "c"];
	q17 -> q6 [label = "c"];
	q0 -> q3 [label = "a, b"];
	q0 -> q14 [label = "a"];
	q8 -> q13 [label = "c"];
	q10 -> q10 [label = "a"];
	q3 -> q10 [label = "a, c"];
	q8 -> q19 [label = "a, b"];
	q1 -> q18 [label = "b"];
	q12 -> q6 [label = "c"];
	q17 -> q13 [label = "c"];
	q19 -> q8 [label = "a"];
	q4 -> q15 [label = "a, b"];
	q12 -> q15 [label = "a"];
	q7 -> q18 [label = "b"];
	q14 -> q6 [label = "c"];
	q1 -> q9 [label = "a, b"];
	q15 -> q10 [label = "c"];
	q13 -> q0 [label = "c"];
	q17 -> q18 [label = "b"];
	q9 -> q9 [label = "b"];
	q7 -> q17 [label = "a"];
	q0 -> q0 [label = "c"];
	q13 -> q11 [label = "c"];
	q17 -> q15 [label = "a, b"];
	q4 -> q13 [label = "c"];
	q8 -> q4 [label = "c"];
	q12 -> q7 [label = "a"];
	q14 -> q8 [label = "c"];
	q12 -> q17 [label = "a"];
	q16 -> q9 [label = "a, b, c"];
	q4 -> q11 [label = "a, c"];
	q14 -> q19 [label = "c"];
	q8 -> q8 [label = "a"];
	q2 -> q18 [label = "b"];
	q10 -> q2 [label = "b, c"];
	q4 -> q12 [label = "a"];
	q16 -> q4 [label = "c"];
	q1 -> q5 [label = "b"];
	q10 -> q18 [label = "b, c"];
	q3 -> q19 [label = "a, b, c"];
	q12 -> q13 [label = "c"];
	q5 -> q11 [label = "a, b, c"];
	q4 -> q0 [label = "c"];
	q4 -> q6 [label = "c"];
	q1 -> q10 [label = "a"];
	q10 -> q1 [label = "a"];
	q0 -> q1 [label = "a"];
	q10 -> q7 [label = "a"];
	q11 -> q19 [label = "a"];
	q5 -> q13 [label = "c"];
	q0 -> q8 [label = "a"];
	q0 -> q9 [label = "a, c"];
	q15 -> q17 [label = "a"];
	q8 -> q15 [label = "a"];
	q0 -> q10 [label = "a"];
	q0 -> q11 [label = "a, c"];
	q6 -> q9 [label = "a, c"];
	q10 -> q12 [label = "a"];
	q14 -> q10 [label = "a, c"];
	q0 -> q12 [label = "a"];
	q6 -> q19 [label = "a, b"];
	q0 -> q15 [label = "a, b"];
	q13 -> q9 [label = "a, c"];
	q6 -> q0 [label = "c"];
	q16 -> q1 [label = "a, c"];
	q14 -> q18 [label = "c"];
	q6 -> q6 [label = "c"];
	q6 -> q11 [label = "a, c"];
	q0 -> q7 [label = "a"];
	q1 -> q3 [label = "a, b"];
	q3 -> q8 [label = "a, c"];
	q10 -> q15 [label = "a, b, c"];
	q11 -> q9 [label = "b"];
	q8 -> q3 [label = "a"];
	q2 -> q7 [label = "a, c"];
	q6 -> q13 [label = "c"];
	q14 -> q11 [label = "b"];
	q2 -> q9 [label = "a, c"];
	q12 -> q10 [label = "a"];
	q11 -> q3 [label = "a"];
	q2 -> q10 [label = "a"];
	q16 -> q3 [label = "a"];
	q1 -> q7 [label = "a"];
	q16 -> q10 [label = "a"];
	q9 -> q10 [label = "a"];
	q2 -> q11 [label = "a, c"];
	q5 -> q1 [label = "a"];
	q2 -> q12 [label = "a, c"];
	q16 -> q14 [label = "a"];
	q2 -> q15 [label = "a"];
	q12 -> q5 [label = "b"];
	q11 -> q15 [label = "a"];
	q6 -> q3 [label = "a, b"];
	q7 -> q19 [label = "a, b"];
	q0 -> q17 [label = "a"];
	q6 -> q15 [label = "a, b"];
	q13 -> q15 [label = "b"];
	q2 -> q1 [label = "a, c"];
	q5 -> q0 [label = "c"];
	q19 -> q18 [label = "b"];
	q14 -> q9 [label = "b"];
	q14 -> q4 [label = "c"];
	q0 -> q6 [label = "c"];
	q7 -> q7 [label = "a"];
	q4 -> q3 [label = "a, b"];
	q4 -> q8 [label = "a"];
	q4 -> q14 [label = "a"];
	q5 -> q9 [label = "a, b, c"];
	q1 -> q1 [label = "a"];
	q2 -> q3 [label = "a"];
	q1 -> q8 [label = "a, b"];
}
NFA size: 20 states

