Random target AFA:
digraph finite_state_machine {
	rankdir=LR;
	node [shape = circle];
	s0 [shape = point, style = invis, start="true" ];
	s1 [shape = point, style = invis, start="true" ];
	q0 [label = "q0"];
	q1 [label = "q1"];
	q2 [label = "q2"];
	q3 [label = "q3", shape = doublecircle, final="true" ];
	q4 [label = "q4", shape = doublecircle, final="true" ];
	q5 [label = "q5"];
	m0 [label = "", shape = square, style = filled, color=grey, fixedsize=true, width=.2];
	m1 [label = "", shape = square, style = filled, color=grey, fixedsize=true, width=.2];
	m2 [label = "", shape = square, style = filled, color=grey, fixedsize=true, width=.2];
	m3 [label = "", shape = square, style = filled, color=grey, fixedsize=true, width=.2];
	m4 [label = "", shape = square, style = filled, color=grey, fixedsize=true, width=.2];
	m5 [label = "", shape = square, style = filled, color=grey, fixedsize=true, width=.2];
	m6 [label = "", shape = square, style = filled, color=grey, fixedsize=true, width=.2];
	m7 [label = "", shape = square, style = filled, color=grey, fixedsize=true, width=.2];
	m8 [label = "", shape = square, style = filled, color=grey, fixedsize=true, width=.2];
	s0 -> q0
	s1 -> q1
	q3 -> m0 [label = "c"];
	q3 -> m4 [label = "c"];
	q5 -> m5 [label = "b"];
	q5 -> q2 [label = "b"];
	q4 -> m2 [label = "a"];
	q0 -> q3 [label = "b"];
	q3 -> q0 [label = "a"];
	q1 -> q1 [label = "c"];
	q0 -> q1 [label = "b"];
	q2 -> m2 [label = "b"];
	q0 -> m0 [label = "a"];
	q4 -> q1 [label = "a, c"];
	q0 -> q4 [label = "c"];
	q0 -> q2 [label = "a"];
	q2 -> m8 [label = "c"];
	q4 -> q4 [label = "b"];
	q2 -> q5 [label = "a"];
	q0 -> q5 [label = "c"];
	q1 -> q4 [label = "b"];
	q2 -> q1 [label = "a"];
	q4 -> m7 [label = "b"];
	q4 -> q2 [label = "c"];
	q1 -> q0 [label = "a"];
	q5 -> m3 [label = "c"];
	q3 -> q3 [label = "b"];
	q5 -> m2 [label = "c"];
	q1 -> m4 [label = "a"];
	q5 -> m6 [label = "a"];
	q3 -> q2 [label = "b"];
	q2 -> m1 [label = "b, c"];
	q5 -> q3 [label = "a"];
	q1 -> q2 [label = "b"];
	q3 -> m5 [label = "a"];
	q1 -> q5 [label = "c"];
	m0 -> q4;
	m0 -> q5;
	m1 -> q0;
	m1 -> q3;
	m2 -> q0;
	m2 -> q5;
	m3 -> q1;
	m3 -> q5;
	m4 -> q0;
	m4 -> q1;
	m5 -> q2;
	m5 -> q4;
	m6 -> q0;
	m6 -> q2;
	m7 -> q3;
	m7 -> q4;
	m8 -> q2;
	m8 -> q3;
}

L* output after 7 EQ and 5362 MQ:
digraph finite_state_machine {
	rankdir=LR;
	node [shape = circle];
	s0 [shape = point, style = invis, start="true" ];
	q0 [label = "q0", shape = doublecircle, final="true" ];
	q1 [label = "q1"];
	q2 [label = "q2", shape = doublecircle, final="true" ];
	q3 [label = "q3", shape = doublecircle, final="true" ];
	q4 [label = "q4", shape = doublecircle, final="true" ];
	q5 [label = "q5"];
	q6 [label = "q6", shape = doublecircle, final="true" ];
	q7 [label = "q7", shape = doublecircle, final="true" ];
	q8 [label = "q8", shape = doublecircle, final="true" ];
	q9 [label = "q9"];
	q10 [label = "q10", shape = doublecircle, final="true" ];
	q11 [label = "q11"];
	q12 [label = "q12", shape = doublecircle, final="true" ];
	q13 [label = "q13"];
	q14 [label = "q14", shape = doublecircle, final="true" ];
	q15 [label = "q15"];
	q16 [label = "q16"];
	q17 [label = "q17", shape = doublecircle, final="true" ];
	q18 [label = "q18", shape = doublecircle, final="true" ];
	q19 [label = "q19", shape = doublecircle, final="true" ];
	q20 [label = "q20", shape = doublecircle, final="true" ];
	q21 [label = "q21", shape = doublecircle, final="true" ];
	q22 [label = "q22", shape = doublecircle, final="true" ];
	q23 [label = "q23"];
	q24 [label = "q24", shape = doublecircle, final="true" ];
	q25 [label = "q25", shape = doublecircle, final="true" ];
	q26 [label = "q26"];
	q27 [label = "q27"];
	q28 [label = "q28", shape = doublecircle, final="true" ];
	q29 [label = "q29"];
	q30 [label = "q30", shape = doublecircle, final="true" ];
	q31 [label = "q31", shape = doublecircle, final="true" ];
	q32 [label = "q32"];
	q33 [label = "q33"];
	q34 [label = "q34"];
	q35 [label = "q35", shape = doublecircle, final="true" ];
	q36 [label = "q36", shape = doublecircle, final="true" ];
	q37 [label = "q37"];
	q38 [label = "q38", shape = doublecircle, final="true" ];
	q39 [label = "q39"];
	q40 [label = "q40"];
	q41 [label = "q41"];
	q42 [label = "q42", shape = doublecircle, final="true" ];
	q43 [label = "q43", shape = doublecircle, final="true" ];
	q44 [label = "q44", shape = doublecircle, final="true" ];
	q45 [label = "q45"];
	q46 [label = "q46", shape = doublecircle, final="true" ];
	q47 [label = "q47"];
	q48 [label = "q48", shape = doublecircle, final="true" ];
	s0 -> q32
	q41 -> q33 [label = "c"];
	q47 -> q44 [label = "b"];
	q41 -> q44 [label = "b"];
	q43 -> q47 [label = "a"];
	q47 -> q40 [label = "c"];
	q45 -> q38 [label = "c"];
	q40 -> q5 [label = "c"];
	q42 -> q45 [label = "a"];
	q40 -> q44 [label = "b"];
	q40 -> q17 [label = "a"];
	q44 -> q23 [label = "c"];
	q39 -> q45 [label = "a"];
	q37 -> q44 [label = "b"];
	q6 -> q44 [label = "b"];
	q36 -> q43 [label = "b"];
	q9 -> q46 [label = "c"];
	q7 -> q33 [label = "c"];
	q19 -> q31 [label = "b"];
	q1 -> q22 [label = "b"];
	q5 -> q3 [label = "a"];
	q16 -> q12 [label = "a"];
	q29 -> q24 [label = "a"];
	q5 -> q36 [label = "b"];
	q15 -> q44 [label = "b"];
	q15 -> q40 [label = "c"];
	q10 -> q30 [label = "c"];
	q3 -> q7 [label = "b"];
	q11 -> q7 [label = "b"];
	q11 -> q8 [label = "c"];
	q37 -> q19 [label = "a"];
	q1 -> q0 [label = "c"];
	q15 -> q10 [label = "a"];
	q20 -> q6 [label = "c"];
	q3 -> q27 [label = "a"];
	q14 -> q5 [label = "c"];
	q20 -> q31 [label = "b"];
	q11 -> q34 [label = "a"];
	q1 -> q41 [label = "a"];
	q23 -> q28 [label = "b"];
	q28 -> q28 [label = "b"];
	q5 -> q5 [label = "c"];
	q18 -> q6 [label = "c"];
	q2 -> q5 [label = "c"];
	q4 -> q36 [label = "b"];
	q13 -> q30 [label = "c"];
	q23 -> q33 [label = "c"];
	q0 -> q44 [label = "b"];
	q12 -> q7 [label = "b"];
	q22 -> q39 [label = "a"];
	q24 -> q34 [label = "a"];
	q42 -> q46 [label = "c"];
	q45 -> q31 [label = "b"];
	q13 -> q31 [label = "b"];
	q42 -> q7 [label = "b"];
	q43 -> q41 [label = "c"];
	q47 -> q13 [label = "a"];
	q2 -> q28 [label = "b"];
	q7 -> q28 [label = "b"];
	q8 -> q37 [label = "c"];
	q22 -> q40 [label = "c"];
	q17 -> q4 [label = "c"];
	q21 -> q28 [label = "b"];
	q48 -> q39 [label = "a"];
	q39 -> q31 [label = "b"];
	q48 -> q41 [label = "c"];
	q13 -> q11 [label = "a"];
	q36 -> q23 [label = "c"];
	q3 -> q4 [label = "c"];
	q16 -> q31 [label = "b"];
	q17 -> q7 [label = "b"];
	q46 -> q44 [label = "b"];
	q27 -> q37 [label = "a"];
	q22 -> q28 [label = "b"];
	q48 -> q28 [label = "b"];
	q2 -> q1 [label = "a"];
	q0 -> q41 [label = "c"];
	q24 -> q31 [label = "b"];
	q20 -> q24 [label = "a"];
	q6 -> q10 [label = "a"];
	q21 -> q22 [label = "a"];
	q16 -> q30 [label = "c"];
	q27 -> q22 [label = "b"];
	q34 -> q38 [label = "c"];
	q44 -> q48 [label = "b"];
	q43 -> q48 [label = "b"];
	q17 -> q11 [label = "a"];
	q38 -> q28 [label = "b"];
	q21 -> q41 [label = "c"];
	q6 -> q37 [label = "c"];
	q0 -> q14 [label = "a"];
	q14 -> q28 [label = "b"];
	q19 -> q12 [label = "a"];
	q31 -> q29 [label = "a"];
	q35 -> q38 [label = "c"];
	q4 -> q37 [label = "c"];
	q12 -> q8 [label = "c"];
	q10 -> q31 [label = "b"];
	q8 -> q22 [label = "a"];
	q10 -> q11 [label = "a"];
	q8 -> q28 [label = "b"];
	q26 -> q20 [label = "a"];
	q26 -> q33 [label = "c"];
	q33 -> q28 [label = "b"];
	q9 -> q45 [label = "a"];
	q46 -> q37 [label = "c"];
	q9 -> q7 [label = "b"];
	q19 -> q30 [label = "c"];
	q23 -> q29 [label = "a"];
	q26 -> q28 [label = "b"];
	q28 -> q23 [label = "c"];
	q28 -> q29 [label = "a"];
	q29 -> q6 [label = "c"];
	q45 -> q34 [label = "a"];
	q30 -> q37 [label = "c"];
	q46 -> q14 [label = "a"];
	q24 -> q38 [label = "c"];
	q30 -> q36 [label = "b"];
	q25 -> q27 [label = "a"];
	q25 -> q31 [label = "b"];
	q18 -> q31 [label = "b"];
	q31 -> q28 [label = "b"];
	q30 -> q25 [label = "a"];
	q41 -> q16 [label = "a"];
	q29 -> q31 [label = "b"];
	q27 -> q21 [label = "c"];
	q32 -> q27 [label = "a"];
	q34 -> q31 [label = "b"];
	q12 -> q34 [label = "a"];
	q32 -> q31 [label = "b"];
	q18 -> q45 [label = "a"];
	q34 -> q35 [label = "a"];
	q38 -> q18 [label = "a"];
	q4 -> q2 [label = "a"];
	q38 -> q37 [label = "c"];
	q36 -> q5 [label = "a"];
	q32 -> q30 [label = "c"];
	q33 -> q42 [label = "a"];
	q35 -> q31 [label = "b"];
	q25 -> q30 [label = "c"];
	q37 -> q33 [label = "c"];
	q35 -> q35 [label = "a"];
	q7 -> q29 [label = "a"];
	q14 -> q9 [label = "a"];
	q31 -> q26 [label = "c"];
	q39 -> q6 [label = "c"];
	q44 -> q15 [label = "a"];
	q33 -> q5 [label = "c"];
}
DFA size: 49 states

NL* output after 10 EQ and 2503 MQ:
digraph finite_state_machine {
	rankdir=LR;
	node [shape = circle];
	s0 [shape = point, style = invis, start="true" ];
	q0 [label = "q0", shape = doublecircle, final="true" ];
	q1 [label = "q1"];
	q2 [label = "q2", shape = doublecircle, final="true" ];
	q3 [label = "q3", shape = doublecircle, final="true" ];
	q4 [label = "q4"];
	q5 [label = "q5", shape = doublecircle, final="true" ];
	q6 [label = "q6"];
	q7 [label = "q7"];
	q8 [label = "q8"];
	q9 [label = "q9", shape = doublecircle, final="true" ];
	q10 [label = "q10"];
	q11 [label = "q11"];
	q12 [label = "q12"];
	q13 [label = "q13"];
	q14 [label = "q14", shape = doublecircle, final="true" ];
	q15 [label = "q15", shape = doublecircle, final="true" ];
	q16 [label = "q16"];
	q17 [label = "q17", shape = doublecircle, final="true" ];
	q18 [label = "q18"];
	q19 [label = "q19", shape = doublecircle, final="true" ];
	s0 -> q8
	q18 -> q11 [label = "c"];
	q17 -> q4 [label = "c"];
	q19 -> q2 [label = "a"];
	q17 -> q17 [label = "b"];
	q17 -> q9 [label = "b"];
	q17 -> q16 [label = "a"];
	q17 -> q13 [label = "a"];
	q17 -> q10 [label = "a, c"];
	q17 -> q8 [label = "a"];
	q17 -> q1 [label = "a"];
	q16 -> q0 [label = "c"];
	q18 -> q3 [label = "a"];
	q16 -> q15 [label = "b"];
	q16 -> q2 [label = "b"];
	q18 -> q9 [label = "b"];
	q3 -> q2 [label = "b"];
	q0 -> q9 [label = "b"];
	q2 -> q9 [label = "b"];
	q0 -> q2 [label = "a"];
	q10 -> q5 [label = "b"];
	q15 -> q16 [label = "a"];
	q17 -> q5 [label = "b"];
	q8 -> q7 [label = "a"];
	q1 -> q0 [label = "c"];
	q13 -> q9 [label = "b"];
	q14 -> q12 [label = "b"];
	q14 -> q19 [label = "c"];
	q18 -> q14 [label = "a"];
	q0 -> q4 [label = "c"];
	q2 -> q17 [label = "b"];
	q8 -> q10 [label = "b"];
	q6 -> q17 [label = "b"];
	q16 -> q13 [label = "a"];
	q8 -> q9 [label = "b"];
	q4 -> q6 [label = "a, c"];
	q1 -> q10 [label = "a, b"];
	q13 -> q19 [label = "c"];
	q12 -> q16 [label = "a"];
	q8 -> q17 [label = "b"];
	q14 -> q15 [label = "b"];
	q13 -> q17 [label = "b"];
	q4 -> q18 [label = "a, c"];
	q0 -> q5 [label = "b"];
	q11 -> q5 [label = "b"];
	q12 -> q1 [label = "a"];
	q12 -> q10 [label = "a"];
	q14 -> q2 [label = "b"];
	q8 -> q12 [label = "b"];
	q12 -> q11 [label = "a, c"];
	q14 -> q7 [label = "a"];
	q8 -> q11 [label = "c"];
	q12 -> q6 [label = "a, c"];
	q6 -> q9 [label = "b"];
	q9 -> q9 [label = "b"];
	q10 -> q9 [label = "b"];
	q4 -> q9 [label = "b"];
	q14 -> q4 [label = "b"];
	q19 -> q18 [label = "c"];
	q19 -> q11 [label = "c"];
	q5 -> q11 [label = "a"];
	q13 -> q5 [label = "b"];
	q19 -> q4 [label = "c"];
	q8 -> q1 [label = "a"];
	q14 -> q1 [label = "a"];
	q15 -> q5 [label = "b"];
	q10 -> q13 [label = "a"];
	q15 -> q11 [label = "c"];
	q6 -> q11 [label = "c"];
	q12 -> q18 [label = "a, c"];
	q7 -> q4 [label = "a"];
	q13 -> q11 [label = "c"];
	q4 -> q13 [label = "a"];
	q14 -> q10 [label = "b"];
	q1 -> q2 [label = "b"];
	q6 -> q5 [label = "b"];
	q10 -> q8 [label = "a"];
	q2 -> q5 [label = "b"];
	q18 -> q5 [label = "b"];
	q12 -> q17 [label = "b"];
	q12 -> q8 [label = "a"];
	q6 -> q3 [label = "a"];
	q12 -> q5 [label = "b"];
	q11 -> q14 [label = "a"];
	q8 -> q2 [label = "b"];
	q8 -> q4 [label = "b"];
	q9 -> q17 [label = "b"];
	q4 -> q8 [label = "a"];
	q5 -> q4 [label = "c"];
	q5 -> q10 [label = "c"];
	q13 -> q4 [label = "b"];
	q5 -> q12 [label = "c"];
	q3 -> q4 [label = "b"];
	q8 -> q19 [label = "c"];
	q3 -> q10 [label = "b"];
	q0 -> q15 [label = "a"];
	q3 -> q12 [label = "b"];
	q3 -> q15 [label = "b"];
	q5 -> q9 [label = "b"];
	q16 -> q16 [label = "a"];
	q7 -> q0 [label = "c"];
	q6 -> q16 [label = "a"];
	q7 -> q9 [label = "c"];
	q1 -> q15 [label = "b"];
	q16 -> q8 [label = "a"];
	q16 -> q19 [label = "c"];
	q3 -> q1 [label = "a"];
	q10 -> q18 [label = "c"];
	q16 -> q4 [label = "a, b"];
	q4 -> q11 [label = "a, c"];
	q3 -> q16 [label = "a"];
	q7 -> q2 [label = "b"];
	q7 -> q15 [label = "b"];
	q13 -> q2 [label = "b"];
	q6 -> q1 [label = "a"];
	q1 -> q4 [label = "a"];
	q6 -> q14 [label = "a"];
	q4 -> q5 [label = "b"];
	q19 -> q10 [label = "c"];
	q12 -> q13 [label = "a"];
	q3 -> q19 [label = "c"];
	q13 -> q16 [label = "a"];
	q9 -> q10 [label = "a, c"];
	q16 -> q10 [label = "a, b"];
	q2 -> q11 [label = "c"];
	q3 -> q7 [label = "a"];
	q7 -> q10 [label = "a, b"];
	q7 -> q11 [label = "a"];
	q7 -> q18 [label = "a"];
	q9 -> q4 [label = "c"];
	q13 -> q1 [label = "a"];
	q13 -> q7 [label = "a"];
	q16 -> q12 [label = "a, b"];
	q15 -> q9 [label = "b"];
	q0 -> q10 [label = "c"];
	q8 -> q15 [label = "b"];
	q8 -> q5 [label = "b"];
	q15 -> q1 [label = "a"];
	q15 -> q17 [label = "b"];
	q19 -> q5 [label = "b"];
	q13 -> q12 [label = "b"];
	q10 -> q11 [label = "c"];
	q12 -> q9 [label = "b"];
	q11 -> q11 [label = "c"];
	q13 -> q10 [label = "b"];
	q2 -> q1 [label = "a"];
	q13 -> q15 [label = "b"];
	q16 -> q1 [label = "a"];
	q16 -> q7 [label = "a"];
}
NFA size: 20 states

AL* output after 12 EQ and 1325 MQ:
digraph finite_state_machine {
	rankdir=LR;
	node [shape = circle];
	s0 [shape = point, style = invis, start="true" ];
	s1 [shape = point, style = invis, start="true" ];
	s2 [shape = point, style = invis, start="true" ];
	q0 [label = "q0"];
	q1 [label = "q1", shape = doublecircle, final="true" ];
	q2 [label = "q2", shape = doublecircle, final="true" ];
	q3 [label = "q3", shape = doublecircle, final="true" ];
	q4 [label = "q4", shape = doublecircle, final="true" ];
	q5 [label = "q5", shape = doublecircle, final="true" ];
	q6 [label = "q6", shape = doublecircle, final="true" ];
	q7 [label = "q7", shape = doublecircle, final="true" ];
	q8 [label = "q8"];
	q9 [label = "q9"];
	m0 [label = "", shape = square, style = filled, color=grey, fixedsize=true, width=.2];
	m1 [label = "", shape = square, style = filled, color=grey, fixedsize=true, width=.2];
	m2 [label = "", shape = square, style = filled, color=grey, fixedsize=true, width=.2];
	m3 [label = "", shape = square, style = filled, color=grey, fixedsize=true, width=.2];
	m4 [label = "", shape = square, style = filled, color=grey, fixedsize=true, width=.2];
	m5 [label = "", shape = square, style = filled, color=grey, fixedsize=true, width=.2];
	m6 [label = "", shape = square, style = filled, color=grey, fixedsize=true, width=.2];
	m7 [label = "", shape = square, style = filled, color=grey, fixedsize=true, width=.2];
	m8 [label = "", shape = square, style = filled, color=grey, fixedsize=true, width=.2];
	m9 [label = "", shape = square, style = filled, color=grey, fixedsize=true, width=.2];
	m10 [label = "", shape = square, style = filled, color=grey, fixedsize=true, width=.2];
	s0 -> m0
	s1 -> m1
	s2 -> m2
	q9 -> m5 [label = "b"];
	q9 -> m8 [label = "a"];
	q8 -> m7 [label = "c"];
	q8 -> m2 [label = "b"];
	q8 -> m6 [label = "b, c"];
	q8 -> m3 [label = "a, c"];
	q0 -> m9 [label = "a"];
	q0 -> m8 [label = "a"];
	q6 -> m2 [label = "c"];
	q6 -> m5 [label = "c"];
	q8 -> m4 [label = "a, b"];
	q0 -> m5 [label = "b"];
	q1 -> m4 [label = "c"];
	q1 -> m0 [label = "a, b, c"];
	q6 -> m4 [label = "a, c"];
	q8 -> m9 [label = "b"];
	q7 -> m7 [label = "c"];
	q6 -> m0 [label = "a, c"];
	q6 -> m3 [label = "a"];
	q7 -> m4 [label = "b, c"];
	q4 -> m2 [label = "a"];
	q1 -> m2 [label = "c"];
	q4 -> m0 [label = "a, b, c"];
	q8 -> m8 [label = "b"];
	q4 -> m4 [label = "c"];
	q4 -> m6 [label = "b"];
	q7 -> m2 [label = "b"];
	q3 -> m2 [label = "a"];
	q4 -> m5 [label = "b"];
	q7 -> m1 [label = "a"];
	q5 -> m2 [label = "a, c"];
	q2 -> m7 [label = "b, c"];
	q2 -> m3 [label = "c"];
	q9 -> m3 [label = "c"];
	q1 -> m3 [label = "a"];
	q9 -> m4 [label = "c"];
	q2 -> m0 [label = "b, c"];
	q1 -> m6 [label = "b, c"];
	q3 -> m3 [label = "c"];
	q3 -> m5 [label = "b, c"];
	q4 -> m3 [label = "c"];
	q4 -> m7 [label = "b"];
	q2 -> m4 [label = "b, c"];
	q8 -> m0 [label = "a, b"];
	q3 -> m0 [label = "a, c"];
	q4 -> m10 [label = "c"];
	q9 -> m0 [label = "a, c"];
	q5 -> m5 [label = "b, c"];
	q3 -> m4 [label = "c"];
	q5 -> m7 [label = "b"];
	q7 -> m0 [label = "b"];
	q0 -> m0 [label = "a, b, c"];
	q7 -> m5 [label = "a, b"];
	q5 -> m0 [label = "a, b, c"];
	q2 -> m6 [label = "b"];
	q2 -> m5 [label = "a, b"];
	q5 -> m4 [label = "a, c"];
	q5 -> m9 [label = "a"];
	q7 -> m3 [label = "c"];
	q9 -> m7 [label = "b"];
	q7 -> m8 [label = "b"];
	q8 -> m5 [label = "a"];
	q5 -> m6 [label = "a, b"];
	q5 -> m8 [label = "a"];
	q7 -> m6 [label = "b"];
	q3 -> m8 [label = "a"];
	q0 -> m1 [label = "a"];
	q0 -> m7 [label = "b"];
	q1 -> m5 [label = "b, c"];
	q3 -> m1 [label = "a"];
	q1 -> m1 [label = "a"];
	q3 -> m7 [label = "b"];
	q1 -> m9 [label = "a"];
	q1 -> m7 [label = "b"];
	q4 -> m9 [label = "a"];
	q0 -> m3 [label = "a, c"];
	q4 -> m1 [label = "a"];
	q0 -> m6 [label = "b, c"];
	q9 -> m1 [label = "a"];
	q6 -> m7 [label = "b"];
	q6 -> m6 [label = "b, c"];
	q0 -> m4 [label = "c"];
	q2 -> m1 [label = "a"];
	m0 -> q0;
	m0 -> q1;
	m0 -> q2;
	m0 -> q3;
	m0 -> q4;
	m0 -> q7;
	m0 -> q9;
	m1 -> q2;
	m1 -> q7;
	m1 -> q8;
	m2 -> q0;
	m2 -> q1;
	m2 -> q2;
	m2 -> q3;
	m2 -> q4;
	m2 -> q5;
	m2 -> q6;
	m2 -> q9;
	m3 -> q0;
	m3 -> q3;
	m3 -> q5;
	m3 -> q9;
	m4 -> q0;
	m4 -> q2;
	m4 -> q3;
	m4 -> q4;
	m4 -> q7;
	m4 -> q8;
	m4 -> q9;
	m5 -> q0;
	m5 -> q1;
	m5 -> q6;
	m5 -> q8;
	m6 -> q0;
	m6 -> q1;
	m6 -> q2;
	m6 -> q4;
	m6 -> q5;
	m6 -> q7;
	m6 -> q8;
	m7 -> q1;
	m7 -> q3;
	m7 -> q5;
	m7 -> q6;
	m8 -> q1;
	m8 -> q2;
	m8 -> q3;
	m8 -> q4;
	m8 -> q5;
	m8 -> q6;
	m8 -> q7;
	m9 -> q0;
	m9 -> q1;
	m9 -> q3;
	m9 -> q4;
	m9 -> q5;
	m9 -> q6;
	m9 -> q8;
	m10 -> q0;
	m10 -> q1;
	m10 -> q2;
	m10 -> q4;
	m10 -> q5;
	m10 -> q6;
	m10 -> q7;
	m10 -> q8;
}
AFA size: 10 states

