Random target AFA:
digraph finite_state_machine {
	rankdir=LR;
	node [shape = circle];
	s0 [shape = point, style = invis, start="true" ];
	s1 [shape = point, style = invis, start="true" ];
	q0 [label = "q0", shape = doublecircle, final="true" ];
	q1 [label = "q1"];
	q2 [label = "q2", shape = doublecircle, final="true" ];
	q3 [label = "q3", shape = doublecircle, final="true" ];
	q4 [label = "q4"];
	q5 [label = "q5"];
	m0 [label = "", shape = square, style = filled, color=grey, fixedsize=true, width=.2];
	m1 [label = "", shape = square, style = filled, color=grey, fixedsize=true, width=.2];
	m2 [label = "", shape = square, style = filled, color=grey, fixedsize=true, width=.2];
	m3 [label = "", shape = square, style = filled, color=grey, fixedsize=true, width=.2];
	m4 [label = "", shape = square, style = filled, color=grey, fixedsize=true, width=.2];
	m5 [label = "", shape = square, style = filled, color=grey, fixedsize=true, width=.2];
	m6 [label = "", shape = square, style = filled, color=grey, fixedsize=true, width=.2];
	m7 [label = "", shape = square, style = filled, color=grey, fixedsize=true, width=.2];
	m8 [label = "", shape = square, style = filled, color=grey, fixedsize=true, width=.2];
	s0 -> q2
	s1 -> q2
	q5 -> m8 [label = "b"];
	q0 -> q1 [label = "b"];
	q0 -> q0 [label = "c"];
	q4 -> q1 [label = "a"];
	q2 -> m1 [label = "b"];
	q3 -> m8 [label = "c"];
	q0 -> q5 [label = "c"];
	q5 -> q1 [label = "a"];
	q5 -> q0 [label = "c"];
	q1 -> q2 [label = "a"];
	q0 -> m0 [label = "b"];
	q5 -> m7 [label = "b"];
	q2 -> q1 [label = "b"];
	q0 -> q3 [label = "a"];
	q4 -> m5 [label = "b"];
	q4 -> m2 [label = "a"];
	q2 -> q2 [label = "a, c"];
	q0 -> q2 [label = "a"];
	q4 -> m0 [label = "c"];
	q5 -> m3 [label = "c"];
	q1 -> q5 [label = "a, c"];
	q3 -> m4 [label = "b"];
	q5 -> m6 [label = "a"];
	q1 -> m5 [label = "c"];
	q3 -> q4 [label = "b, c"];
	q1 -> q0 [label = "b"];
	q4 -> q0 [label = "c"];
	q4 -> q2 [label = "b"];
	q3 -> q1 [label = "a"];
	q2 -> m6 [label = "c"];
	q3 -> m5 [label = "a"];
	m0 -> q0;
	m0 -> q5;
	m1 -> q1;
	m1 -> q3;
	m2 -> q3;
	m2 -> q5;
	m3 -> q0;
	m3 -> q4;
	m4 -> q2;
	m4 -> q3;
	m5 -> q2;
	m5 -> q5;
	m6 -> q1;
	m6 -> q4;
	m7 -> q3;
	m7 -> q4;
	m8 -> q1;
	m8 -> q2;
}

L* output after 10 EQ and 13260 MQ:
digraph finite_state_machine {
	rankdir=LR;
	node [shape = circle];
	s0 [shape = point, style = invis, start="true" ];
	q0 [label = "q0", shape = doublecircle, final="true" ];
	q1 [label = "q1", shape = doublecircle, final="true" ];
	q2 [label = "q2", shape = doublecircle, final="true" ];
	q3 [label = "q3", shape = doublecircle, final="true" ];
	q4 [label = "q4", shape = doublecircle, final="true" ];
	q5 [label = "q5", shape = doublecircle, final="true" ];
	q6 [label = "q6", shape = doublecircle, final="true" ];
	q7 [label = "q7", shape = doublecircle, final="true" ];
	q8 [label = "q8", shape = doublecircle, final="true" ];
	q9 [label = "q9", shape = doublecircle, final="true" ];
	q10 [label = "q10", shape = doublecircle, final="true" ];
	q11 [label = "q11", shape = doublecircle, final="true" ];
	q12 [label = "q12", shape = doublecircle, final="true" ];
	q13 [label = "q13", shape = doublecircle, final="true" ];
	q14 [label = "q14", shape = doublecircle, final="true" ];
	q15 [label = "q15", shape = doublecircle, final="true" ];
	q16 [label = "q16", shape = doublecircle, final="true" ];
	q17 [label = "q17"];
	q18 [label = "q18", shape = doublecircle, final="true" ];
	q19 [label = "q19", shape = doublecircle, final="true" ];
	q20 [label = "q20", shape = doublecircle, final="true" ];
	q21 [label = "q21", shape = doublecircle, final="true" ];
	q22 [label = "q22", shape = doublecircle, final="true" ];
	q23 [label = "q23"];
	q24 [label = "q24", shape = doublecircle, final="true" ];
	q25 [label = "q25"];
	q26 [label = "q26", shape = doublecircle, final="true" ];
	q27 [label = "q27"];
	q28 [label = "q28", shape = doublecircle, final="true" ];
	q29 [label = "q29"];
	q30 [label = "q30", shape = doublecircle, final="true" ];
	q31 [label = "q31"];
	q32 [label = "q32", shape = doublecircle, final="true" ];
	q33 [label = "q33", shape = doublecircle, final="true" ];
	q34 [label = "q34"];
	q35 [label = "q35", shape = doublecircle, final="true" ];
	q36 [label = "q36", shape = doublecircle, final="true" ];
	q37 [label = "q37", shape = doublecircle, final="true" ];
	q38 [label = "q38", shape = doublecircle, final="true" ];
	q39 [label = "q39"];
	q40 [label = "q40"];
	q41 [label = "q41", shape = doublecircle, final="true" ];
	q42 [label = "q42", shape = doublecircle, final="true" ];
	q43 [label = "q43", shape = doublecircle, final="true" ];
	q44 [label = "q44", shape = doublecircle, final="true" ];
	q45 [label = "q45", shape = doublecircle, final="true" ];
	q46 [label = "q46"];
	q47 [label = "q47", shape = doublecircle, final="true" ];
	q48 [label = "q48", shape = doublecircle, final="true" ];
	q49 [label = "q49", shape = doublecircle, final="true" ];
	q50 [label = "q50"];
	q51 [label = "q51", shape = doublecircle, final="true" ];
	q52 [label = "q52", shape = doublecircle, final="true" ];
	q53 [label = "q53", shape = doublecircle, final="true" ];
	q54 [label = "q54", shape = doublecircle, final="true" ];
	q55 [label = "q55", shape = doublecircle, final="true" ];
	q56 [label = "q56", shape = doublecircle, final="true" ];
	q57 [label = "q57", shape = doublecircle, final="true" ];
	q58 [label = "q58", shape = doublecircle, final="true" ];
	q59 [label = "q59", shape = doublecircle, final="true" ];
	q60 [label = "q60", shape = doublecircle, final="true" ];
	q61 [label = "q61", shape = doublecircle, final="true" ];
	q62 [label = "q62", shape = doublecircle, final="true" ];
	q63 [label = "q63", shape = doublecircle, final="true" ];
	q64 [label = "q64", shape = doublecircle, final="true" ];
	q65 [label = "q65", shape = doublecircle, final="true" ];
	q66 [label = "q66", shape = doublecircle, final="true" ];
	q67 [label = "q67", shape = doublecircle, final="true" ];
	q68 [label = "q68", shape = doublecircle, final="true" ];
	q69 [label = "q69", shape = doublecircle, final="true" ];
	q70 [label = "q70", shape = doublecircle, final="true" ];
	q71 [label = "q71"];
	q72 [label = "q72", shape = doublecircle, final="true" ];
	s0 -> q30
	q47 -> q54 [label = "b"];
	q43 -> q72 [label = "a"];
	q41 -> q56 [label = "a"];
	q43 -> q13 [label = "b"];
	q45 -> q22 [label = "c"];
	q46 -> q5 [label = "b"];
	q40 -> q28 [label = "a"];
	q44 -> q14 [label = "c"];
	q37 -> q44 [label = "b"];
	q35 -> q14 [label = "c"];
	q34 -> q33 [label = "c"];
	q39 -> q45 [label = "b"];
	q37 -> q21 [label = "a"];
	q41 -> q41 [label = "b"];
	q35 -> q36 [label = "a"];
	q33 -> q39 [label = "b"];
	q41 -> q22 [label = "c"];
	q38 -> q20 [label = "b"];
	q32 -> q37 [label = "c"];
	q34 -> q31 [label = "a"];
	q32 -> q35 [label = "b"];
	q36 -> q43 [label = "c"];
	q37 -> q43 [label = "c"];
	q34 -> q40 [label = "b"];
	q32 -> q66 [label = "a"];
	q29 -> q25 [label = "b"];
	q27 -> q23 [label = "c"];
	q30 -> q30 [label = "a"];
	q26 -> q43 [label = "c"];
	q31 -> q33 [label = "b"];
	q25 -> q14 [label = "c"];
	q31 -> q34 [label = "c"];
	q27 -> q47 [label = "a"];
	q29 -> q58 [label = "c"];
	q27 -> q24 [label = "b"];
	q25 -> q66 [label = "a"];
	q30 -> q31 [label = "b"];
	q29 -> q21 [label = "a"];
	q28 -> q36 [label = "a"];
	q30 -> q32 [label = "c"];
	q42 -> q46 [label = "b"];
	q28 -> q18 [label = "c"];
	q26 -> q28 [label = "b"];
	q24 -> q38 [label = "a"];
	q36 -> q27 [label = "b"];
	q21 -> q15 [label = "b"];
	q19 -> q58 [label = "c"];
	q11 -> q16 [label = "a"];
	q15 -> q22 [label = "c"];
	q11 -> q13 [label = "b"];
	q13 -> q22 [label = "c"];
	q8 -> q18 [label = "c"];
	q12 -> q47 [label = "a"];
	q10 -> q68 [label = "a"];
	q24 -> q49 [label = "c"];
	q14 -> q58 [label = "c"];
	q8 -> q67 [label = "a"];
	q40 -> q42 [label = "b"];
	q6 -> q22 [label = "c"];
	q0 -> q13 [label = "b"];
	q26 -> q68 [label = "a"];
	q6 -> q1 [label = "b"];
	q0 -> q22 [label = "c"];
	q40 -> q29 [label = "c"];
	q53 -> q16 [label = "a"];
	q55 -> q41 [label = "b"];
	q38 -> q28 [label = "a"];
	q20 -> q49 [label = "c"];
	q36 -> q28 [label = "a"];
	q12 -> q9 [label = "c"];
	q52 -> q64 [label = "b"];
	q54 -> q12 [label = "a"];
	q53 -> q3 [label = "b"];
	q28 -> q41 [label = "b"];
	q19 -> q68 [label = "a"];
	q55 -> q56 [label = "a"];
	q60 -> q21 [label = "a"];
	q44 -> q67 [label = "a"];
	q25 -> q48 [label = "b"];
	q65 -> q56 [label = "a"];
	q39 -> q67 [label = "a"];
	q56 -> q28 [label = "a"];
	q56 -> q20 [label = "b"];
	q72 -> q10 [label = "c"];
	q14 -> q68 [label = "a"];
	q45 -> q72 [label = "a"];
	q4 -> q22 [label = "c"];
	q0 -> q21 [label = "a"];
	q50 -> q22 [label = "c"];
	q56 -> q59 [label = "c"];
	q54 -> q22 [label = "c"];
	q62 -> q4 [label = "b"];
	q58 -> q72 [label = "a"];
	q21 -> q69 [label = "c"];
	q61 -> q53 [label = "c"];
	q63 -> q49 [label = "c"];
	q58 -> q22 [label = "c"];
	q68 -> q47 [label = "a"];
	q1 -> q13 [label = "b"];
	q20 -> q43 [label = "b"];
	q59 -> q53 [label = "c"];
	q66 -> q37 [label = "c"];
	q69 -> q68 [label = "a"];
	q33 -> q22 [label = "c"];
	q71 -> q2 [label = "b"];
	q58 -> q39 [label = "b"];
	q65 -> q49 [label = "c"];
	q63 -> q72 [label = "a"];
	q60 -> q43 [label = "c"];
	q47 -> q47 [label = "a"];
	q39 -> q22 [label = "c"];
	q61 -> q67 [label = "a"];
	q70 -> q47 [label = "a"];
	q5 -> q22 [label = "c"];
	q14 -> q71 [label = "b"];
	q3 -> q65 [label = "b"];
	q59 -> q16 [label = "a"];
	q8 -> q41 [label = "b"];
	q57 -> q27 [label = "b"];
	q67 -> q28 [label = "a"];
	q57 -> q28 [label = "a"];
	q72 -> q28 [label = "a"];
	q64 -> q47 [label = "a"];
	q23 -> q68 [label = "a"];
	q22 -> q22 [label = "c"];
	q71 -> q14 [label = "c"];
	q23 -> q17 [label = "b"];
	q71 -> q47 [label = "a"];
	q68 -> q18 [label = "c"];
	q63 -> q13 [label = "b"];
	q68 -> q54 [label = "b"];
	q61 -> q41 [label = "b"];
	q53 -> q53 [label = "c"];
	q72 -> q20 [label = "b"];
	q12 -> q51 [label = "b"];
	q62 -> q21 [label = "a"];
	q65 -> q41 [label = "b"];
	q47 -> q53 [label = "c"];
	q67 -> q15 [label = "b"];
	q66 -> q27 [label = "b"];
	q48 -> q22 [label = "c"];
	q11 -> q53 [label = "c"];
	q70 -> q65 [label = "b"];
	q46 -> q21 [label = "a"];
	q59 -> q61 [label = "b"];
	q24 -> q39 [label = "b"];
	q54 -> q65 [label = "b"];
	q46 -> q22 [label = "c"];
	q9 -> q7 [label = "b"];
	q3 -> q22 [label = "c"];
	q70 -> q14 [label = "c"];
	q64 -> q18 [label = "c"];
	q67 -> q11 [label = "c"];
	q16 -> q52 [label = "c"];
	q3 -> q47 [label = "a"];
	q64 -> q65 [label = "b"];
	q49 -> q22 [label = "c"];
	q38 -> q26 [label = "c"];
	q55 -> q53 [label = "c"];
	q69 -> q44 [label = "b"];
	q49 -> q16 [label = "a"];
	q33 -> q38 [label = "a"];
	q43 -> q53 [label = "c"];
	q17 -> q68 [label = "a"];
	q51 -> q12 [label = "a"];
	q22 -> q16 [label = "a"];
	q49 -> q3 [label = "b"];
	q19 -> q70 [label = "b"];
	q52 -> q68 [label = "a"];
	q16 -> q47 [label = "a"];
	q50 -> q47 [label = "a"];
	q48 -> q4 [label = "b"];
	q51 -> q49 [label = "c"];
	q5 -> q6 [label = "b"];
	q18 -> q68 [label = "a"];
	q35 -> q41 [label = "b"];
	q52 -> q43 [label = "c"];
	q50 -> q2 [label = "b"];
	q9 -> q53 [label = "c"];
	q57 -> q60 [label = "c"];
	q13 -> q67 [label = "a"];
	q48 -> q21 [label = "a"];
	q45 -> q6 [label = "b"];
	q42 -> q57 [label = "a"];
	q2 -> q6 [label = "b"];
	q20 -> q47 [label = "a"];
	q42 -> q19 [label = "c"];
	q7 -> q53 [label = "c"];
	q17 -> q14 [label = "c"];
	q60 -> q35 [label = "b"];
	q21 -> q28 [label = "a"];
	q17 -> q62 [label = "b"];
	q22 -> q50 [label = "b"];
	q51 -> q55 [label = "b"];
	q16 -> q51 [label = "b"];
	q18 -> q70 [label = "b"];
	q15 -> q47 [label = "a"];
	q66 -> q28 [label = "a"];
	q13 -> q41 [label = "b"];
	q4 -> q21 [label = "a"];
	q18 -> q43 [label = "c"];
	q10 -> q43 [label = "c"];
	q44 -> q41 [label = "b"];
	q15 -> q63 [label = "b"];
	q62 -> q49 [label = "c"];
	q7 -> q47 [label = "a"];
	q2 -> q72 [label = "a"];
	q1 -> q22 [label = "c"];
	q2 -> q49 [label = "c"];
	q4 -> q0 [label = "b"];
	q9 -> q16 [label = "a"];
	q69 -> q43 [label = "c"];
	q23 -> q58 [label = "c"];
	q6 -> q67 [label = "a"];
	q31 -> q36 [label = "a"];
	q10 -> q8 [label = "b"];
	q1 -> q72 [label = "a"];
	q5 -> q21 [label = "a"];
	q7 -> q65 [label = "b"];
}
DFA size: 73 states

NL* output after 13 EQ and 4462 MQ:
digraph finite_state_machine {
	rankdir=LR;
	node [shape = circle];
	s0 [shape = point, style = invis, start="true" ];
	q0 [label = "q0", shape = doublecircle, final="true" ];
	q1 [label = "q1"];
	q2 [label = "q2", shape = doublecircle, final="true" ];
	q3 [label = "q3", shape = doublecircle, final="true" ];
	q4 [label = "q4", shape = doublecircle, final="true" ];
	q5 [label = "q5", shape = doublecircle, final="true" ];
	q6 [label = "q6", shape = doublecircle, final="true" ];
	q7 [label = "q7", shape = doublecircle, final="true" ];
	q8 [label = "q8", shape = doublecircle, final="true" ];
	q9 [label = "q9", shape = doublecircle, final="true" ];
	q10 [label = "q10", shape = doublecircle, final="true" ];
	q11 [label = "q11", shape = doublecircle, final="true" ];
	q12 [label = "q12"];
	q13 [label = "q13"];
	q14 [label = "q14", shape = doublecircle, final="true" ];
	q15 [label = "q15", shape = doublecircle, final="true" ];
	q16 [label = "q16"];
	q17 [label = "q17", shape = doublecircle, final="true" ];
	q18 [label = "q18"];
	q19 [label = "q19"];
	q20 [label = "q20", shape = doublecircle, final="true" ];
	q21 [label = "q21", shape = doublecircle, final="true" ];
	q22 [label = "q22", shape = doublecircle, final="true" ];
	q23 [label = "q23", shape = doublecircle, final="true" ];
	s0 -> q11
	q18 -> q18 [label = "c"];
	q18 -> q15 [label = "c"];
	q7 -> q3 [label = "c"];
	q3 -> q12 [label = "b"];
	q0 -> q15 [label = "c"];
	q1 -> q21 [label = "a"];
	q7 -> q20 [label = "a, b"];
	q21 -> q19 [label = "a"];
	q1 -> q5 [label = "a"];
	q5 -> q18 [label = "c"];
	q23 -> q4 [label = "b"];
	q4 -> q21 [label = "a"];
	q22 -> q8 [label = "a"];
	q4 -> q8 [label = "a"];
	q8 -> q16 [label = "b"];
	q9 -> q17 [label = "a, b, c"];
	q4 -> q5 [label = "a"];
	q7 -> q0 [label = "c"];
	q0 -> q13 [label = "c"];
	q23 -> q19 [label = "a, b"];
	q5 -> q19 [label = "a"];
	q6 -> q20 [label = "b"];
	q5 -> q12 [label = "a, b"];
	q6 -> q6 [label = "b"];
	q3 -> q19 [label = "b, c"];
	q12 -> q13 [label = "a, c"];
	q13 -> q16 [label = "b"];
	q21 -> q11 [label = "a, c"];
	q10 -> q6 [label = "a"];
	q7 -> q19 [label = "a, b, c"];
	q2 -> q17 [label = "a"];
	q10 -> q8 [label = "a"];
	q6 -> q5 [label = "a"];
	q22 -> q21 [label = "a"];
	q0 -> q22 [label = "c"];
	q6 -> q22 [label = "c"];
	q14 -> q5 [label = "a"];
	q20 -> q20 [label = "b"];
	q19 -> q18 [label = "b, c"];
	q3 -> q14 [label = "c"];
	q2 -> q12 [label = "a, b"];
	q15 -> q11 [label = "a"];
	q22 -> q12 [label = "a, b"];
	q2 -> q6 [label = "a, b"];
	q10 -> q21 [label = "a"];
	q0 -> q8 [label = "a"];
	q4 -> q22 [label = "c"];
	q0 -> q21 [label = "a"];
	q0 -> q5 [label = "a"];
	q4 -> q13 [label = "c"];
	q8 -> q17 [label = "a"];
	q22 -> q15 [label = "c"];
	q0 -> q4 [label = "b"];
	q4 -> q19 [label = "b"];
	q23 -> q16 [label = "b, c"];
	q22 -> q5 [label = "a"];
	q10 -> q22 [label = "a, c"];
	q12 -> q21 [label = "a"];
	q4 -> q1 [label = "b"];
	q6 -> q13 [label = "a, c"];
	q10 -> q19 [label = "a, b, c"];
	q8 -> q3 [label = "c"];
	q3 -> q8 [label = "a"];
	q0 -> q18 [label = "b, c"];
	q14 -> q3 [label = "c"];
	q20 -> q22 [label = "c"];
	q6 -> q4 [label = "b"];
	q7 -> q21 [label = "a"];
	q19 -> q4 [label = "b"];
	q11 -> q12 [label = "b"];
	q2 -> q19 [label = "a, b"];
	q8 -> q4 [label = "b"];
	q9 -> q6 [label = "a"];
	q0 -> q1 [label = "b"];
	q14 -> q18 [label = "c"];
	q13 -> q15 [label = "c"];
	q15 -> q13 [label = "c"];
	q7 -> q11 [label = "a, c"];
	q0 -> q12 [label = "b"];
	q14 -> q14 [label = "c"];
	q10 -> q12 [label = "a"];
	q20 -> q15 [label = "b"];
	q3 -> q4 [label = "c"];
	q4 -> q11 [label = "a"];
	q9 -> q8 [label = "a"];
	q22 -> q19 [label = "a, b"];
	q10 -> q3 [label = "a, b"];
	q20 -> q1 [label = "b"];
	q8 -> q20 [label = "a"];
	q19 -> q13 [label = "c"];
	q23 -> q14 [label = "a, c"];
	q0 -> q19 [label = "b"];
	q8 -> q14 [label = "a, c"];
	q9 -> q19 [label = "a, b, c"];
	q2 -> q11 [label = "a"];
	q8 -> q1 [label = "b"];
	q23 -> q20 [label = "a"];
	q3 -> q20 [label = "b"];
	q10 -> q11 [label = "a, b"];
	q13 -> q12 [label = "a"];
	q19 -> q5 [label = "a"];
	q11 -> q11 [label = "a, c"];
	q19 -> q19 [label = "b"];
	q6 -> q15 [label = "b"];
	q9 -> q14 [label = "a, b, c"];
	q9 -> q11 [label = "a, b, c"];
	q2 -> q20 [label = "a, b"];
	q6 -> q0 [label = "b"];
	q23 -> q12 [label = "a, b"];
	q6 -> q21 [label = "a"];
	q9 -> q12 [label = "a, b"];
	q14 -> q12 [label = "b"];
	q10 -> q7 [label = "a"];
	q23 -> q11 [label = "a, c"];
	q15 -> q23 [label = "a"];
	q1 -> q18 [label = "b, c"];
	q23 -> q10 [label = "b"];
	q8 -> q7 [label = "c"];
	q17 -> q5 [label = "a"];
	q6 -> q12 [label = "b"];
	q8 -> q11 [label = "a, c"];
	q9 -> q1 [label = "c"];
	q5 -> q14 [label = "a, c"];
	q10 -> q15 [label = "b, c"];
	q23 -> q17 [label = "a, b"];
	q8 -> q18 [label = "b, c"];
	q12 -> q5 [label = "a"];
	q2 -> q14 [label = "a"];
	q12 -> q11 [label = "a"];
	q8 -> q12 [label = "a, b"];
	q6 -> q19 [label = "b"];
	q5 -> q11 [label = "a, c"];
	q2 -> q21 [label = "a"];
	q10 -> q1 [label = "a, b, c"];
	q1 -> q19 [label = "b"];
	q10 -> q14 [label = "a, b"];
	q15 -> q12 [label = "b"];
	q19 -> q11 [label = "a"];
	q14 -> q11 [label = "a, c"];
	q10 -> q13 [label = "a, c"];
	q15 -> q5 [label = "a"];
	q23 -> q18 [label = "b, c"];
	q19 -> q22 [label = "c"];
	q1 -> q8 [label = "a"];
	q14 -> q20 [label = "b"];
	q15 -> q16 [label = "a"];
	q17 -> q11 [label = "a"];
	q4 -> q15 [label = "c"];
	q17 -> q13 [label = "c"];
	q14 -> q21 [label = "a"];
	q15 -> q15 [label = "c"];
	q6 -> q18 [label = "b, c"];
	q8 -> q19 [label = "a, b"];
	q7 -> q5 [label = "a"];
	q5 -> q17 [label = "a"];
	q7 -> q1 [label = "c"];
	q9 -> q21 [label = "a"];
	q3 -> q6 [label = "b"];
	q6 -> q11 [label = "a"];
	q6 -> q1 [label = "b"];
	q10 -> q5 [label = "a"];
	q10 -> q17 [label = "a, b"];
	q22 -> q6 [label = "a"];
	q14 -> q19 [label = "b"];
	q7 -> q14 [label = "a, c"];
	q7 -> q15 [label = "c"];
	q9 -> q5 [label = "a"];
	q7 -> q18 [label = "c"];
	q1 -> q0 [label = "b"];
	q23 -> q9 [label = "c"];
	q1 -> q4 [label = "b"];
	q3 -> q11 [label = "a, c"];
	q21 -> q18 [label = "c"];
	q3 -> q21 [label = "a"];
	q21 -> q12 [label = "a, b"];
	q9 -> q20 [label = "a, b"];
	q23 -> q1 [label = "b"];
	q15 -> q18 [label = "b, c"];
	q7 -> q6 [label = "a, b"];
	q7 -> q12 [label = "a, b"];
	q7 -> q17 [label = "a, c"];
	q3 -> q15 [label = "c"];
	q5 -> q20 [label = "a"];
	q1 -> q13 [label = "c"];
	q5 -> q16 [label = "b"];
	q17 -> q22 [label = "c"];
	q1 -> q15 [label = "c"];
	q18 -> q8 [label = "a"];
	q1 -> q22 [label = "c"];
	q6 -> q8 [label = "a"];
	q20 -> q0 [label = "b"];
	q2 -> q15 [label = "c"];
	q20 -> q4 [label = "b"];
	q16 -> q14 [label = "a"];
	q2 -> q18 [label = "c"];
	q7 -> q8 [label = "a"];
	q3 -> q0 [label = "c"];
	q3 -> q1 [label = "c"];
	q3 -> q3 [label = "c"];
	q1 -> q11 [label = "a"];
	q21 -> q3 [label = "c"];
	q22 -> q20 [label = "a"];
	q3 -> q17 [label = "c"];
	q3 -> q18 [label = "c"];
	q17 -> q1 [label = "b"];
	q9 -> q0 [label = "c"];
	q9 -> q3 [label = "c"];
	q3 -> q5 [label = "a"];
	q9 -> q4 [label = "c"];
	q9 -> q15 [label = "c"];
	q15 -> q1 [label = "b"];
	q16 -> q18 [label = "c"];
	q10 -> q0 [label = "a, b, c"];
	q15 -> q19 [label = "b"];
	q12 -> q15 [label = "b"];
	q2 -> q16 [label = "b"];
	q11 -> q14 [label = "c"];
	q21 -> q17 [label = "a"];
	q2 -> q8 [label = "a"];
	q16 -> q19 [label = "a"];
	q20 -> q13 [label = "a, c"];
	q10 -> q18 [label = "a, b, c"];
	q21 -> q20 [label = "a"];
	q16 -> q11 [label = "a"];
	q16 -> q12 [label = "a"];
	q16 -> q17 [label = "a, b"];
	q16 -> q20 [label = "a"];
	q2 -> q5 [label = "a"];
	q20 -> q18 [label = "b, c"];
	q18 -> q19 [label = "b"];
	q22 -> q18 [label = "c"];
	q9 -> q18 [label = "c"];
	q18 -> q5 [label = "a"];
	q18 -> q11 [label = "a"];
	q18 -> q21 [label = "a"];
	q22 -> q16 [label = "b"];
	q20 -> q5 [label = "a"];
	q20 -> q11 [label = "a"];
	q20 -> q21 [label = "a"];
	q0 -> q11 [label = "a"];
	q15 -> q22 [label = "c"];
	q21 -> q14 [label = "a, c"];
	q17 -> q18 [label = "b, c"];
	q21 -> q16 [label = "b"];
	q10 -> q4 [label = "a, b, c"];
	q7 -> q4 [label = "c"];
	q17 -> q19 [label = "b"];
	q10 -> q2 [label = "a, c"];
	q19 -> q21 [label = "a"];
	q17 -> q2 [label = "c"];
	q4 -> q18 [label = "b, c"];
	q4 -> q4 [label = "b"];
	q22 -> q11 [label = "a"];
	q10 -> q20 [label = "a"];
	q22 -> q14 [label = "a"];
	q22 -> q17 [label = "a"];
	q20 -> q6 [label = "b"];
	q20 -> q12 [label = "b"];
	q20 -> q19 [label = "b"];
}
NFA size: 24 states

AL* output after 14 EQ and 1534 MQ:
digraph finite_state_machine {
	rankdir=LR;
	node [shape = circle];
	s0 [shape = point, style = invis, start="true" ];
	q0 [label = "q0", shape = doublecircle, final="true" ];
	q1 [label = "q1", shape = doublecircle, final="true" ];
	q2 [label = "q2", shape = doublecircle, final="true" ];
	q3 [label = "q3", shape = doublecircle, final="true" ];
	q4 [label = "q4"];
	q5 [label = "q5", shape = doublecircle, final="true" ];
	q6 [label = "q6"];
	q7 [label = "q7"];
	m0 [label = "", shape = square, style = filled, color=grey, fixedsize=true, width=.2];
	m1 [label = "", shape = square, style = filled, color=grey, fixedsize=true, width=.2];
	m2 [label = "", shape = square, style = filled, color=grey, fixedsize=true, width=.2];
	m3 [label = "", shape = square, style = filled, color=grey, fixedsize=true, width=.2];
	m4 [label = "", shape = square, style = filled, color=grey, fixedsize=true, width=.2];
	m5 [label = "", shape = square, style = filled, color=grey, fixedsize=true, width=.2];
	m6 [label = "", shape = square, style = filled, color=grey, fixedsize=true, width=.2];
	m7 [label = "", shape = square, style = filled, color=grey, fixedsize=true, width=.2];
	m8 [label = "", shape = square, style = filled, color=grey, fixedsize=true, width=.2];
	m9 [label = "", shape = square, style = filled, color=grey, fixedsize=true, width=.2];
	m10 [label = "", shape = square, style = filled, color=grey, fixedsize=true, width=.2];
	s0 -> m0
	q3 -> m1 [label = "c"];
	q7 -> m3 [label = "a"];
	q4 -> m1 [label = "a, c"];
	q2 -> m4 [label = "b, c"];
	q5 -> m0 [label = "a, c"];
	q5 -> m3 [label = "b"];
	q3 -> m3 [label = "b"];
	q0 -> q3 [label = "b, c"];
	q0 -> m3 [label = "a"];
	q7 -> m10 [label = "b"];
	q7 -> m0 [label = "a"];
	q0 -> m0 [label = "a, b"];
	q6 -> q3 [label = "c"];
	q0 -> m2 [label = "a"];
	q4 -> m0 [label = "a"];
	q7 -> m9 [label = "b"];
	q3 -> q3 [label = "c"];
	q1 -> m3 [label = "a, b"];
	q6 -> m3 [label = "a"];
	q0 -> m1 [label = "a, c"];
	q4 -> m2 [label = "a, c"];
	q4 -> q3 [label = "b"];
	q0 -> m5 [label = "b, c"];
	q5 -> m5 [label = "c"];
	q3 -> q2 [label = "a"];
	q1 -> m1 [label = "a"];
	q7 -> m8 [label = "c"];
	q2 -> m0 [label = "a, c"];
	q1 -> m5 [label = "c"];
	q1 -> m0 [label = "a, b, c"];
	q6 -> m6 [label = "b"];
	q7 -> m7 [label = "c"];
	q3 -> m2 [label = "b"];
	q7 -> m2 [label = "c"];
	q2 -> m3 [label = "a, b"];
	q1 -> q3 [label = "c"];
	m0 -> q1;
	m0 -> q2;
	m0 -> q5;
	m1 -> q2;
	m1 -> q6;
	m2 -> q0;
	m2 -> q1;
	m2 -> q3;
	m2 -> q6;
	m3 -> q0;
	m3 -> q4;
	m4 -> q0;
	m4 -> q1;
	m5 -> q0;
	m5 -> q1;
	m5 -> q4;
	m6 -> q0;
	m6 -> q1;
	m6 -> q2;
	m6 -> q7;
	m7 -> q0;
	m7 -> q1;
	m7 -> q3;
	m7 -> q4;
	m8 -> q0;
	m8 -> q1;
	m8 -> q2;
	m8 -> q4;
	m8 -> q6;
	m8 -> q7;
	m9 -> q0;
	m9 -> q1;
	m9 -> q2;
	m9 -> q5;
	m10 -> q0;
	m10 -> q3;
	m10 -> q4;
}
AFA size: 8 states

AL** output after 15 EQ and 1534 MQ:
digraph finite_state_machine {
	rankdir=LR;
	node [shape = circle];
	s0 [shape = point, style = invis, start="true" ];
	q0 [label = "q0", shape = doublecircle, final="true" ];
	q1 [label = "q1", shape = doublecircle, final="true" ];
	q2 [label = "q2", shape = doublecircle, final="true" ];
	q3 [label = "q3", shape = doublecircle, final="true" ];
	q4 [label = "q4"];
	q5 [label = "q5", shape = doublecircle, final="true" ];
	q6 [label = "q6"];
	q7 [label = "q7"];
	m0 [label = "", shape = square, style = filled, color=grey, fixedsize=true, width=.2];
	m1 [label = "", shape = square, style = filled, color=grey, fixedsize=true, width=.2];
	m2 [label = "", shape = square, style = filled, color=grey, fixedsize=true, width=.2];
	m3 [label = "", shape = square, style = filled, color=grey, fixedsize=true, width=.2];
	m4 [label = "", shape = square, style = filled, color=grey, fixedsize=true, width=.2];
	m5 [label = "", shape = square, style = filled, color=grey, fixedsize=true, width=.2];
	m6 [label = "", shape = square, style = filled, color=grey, fixedsize=true, width=.2];
	m7 [label = "", shape = square, style = filled, color=grey, fixedsize=true, width=.2];
	m8 [label = "", shape = square, style = filled, color=grey, fixedsize=true, width=.2];
	m9 [label = "", shape = square, style = filled, color=grey, fixedsize=true, width=.2];
	m10 [label = "", shape = square, style = filled, color=grey, fixedsize=true, width=.2];
	s0 -> m0
	q3 -> m1 [label = "c"];
	q7 -> m3 [label = "a"];
	q4 -> m1 [label = "a, c"];
	q2 -> m4 [label = "b, c"];
	q5 -> m0 [label = "a, c"];
	q5 -> m3 [label = "b"];
	q3 -> m3 [label = "b"];
	q0 -> q3 [label = "b, c"];
	q0 -> m3 [label = "a"];
	q7 -> m10 [label = "b"];
	q7 -> m0 [label = "a"];
	q0 -> m0 [label = "a, b"];
	q6 -> q3 [label = "c"];
	q0 -> m2 [label = "a"];
	q4 -> m0 [label = "a"];
	q7 -> m9 [label = "b"];
	q3 -> q3 [label = "c"];
	q1 -> m3 [label = "a, b"];
	q6 -> m3 [label = "a"];
	q0 -> m1 [label = "a, c"];
	q4 -> m2 [label = "a, c"];
	q4 -> q3 [label = "b"];
	q0 -> m5 [label = "b, c"];
	q5 -> m5 [label = "c"];
	q3 -> q2 [label = "a"];
	q1 -> m1 [label = "a"];
	q7 -> m8 [label = "c"];
	q2 -> m0 [label = "a, c"];
	q1 -> m5 [label = "c"];
	q1 -> m0 [label = "a, b, c"];
	q6 -> m6 [label = "b"];
	q7 -> m7 [label = "c"];
	q3 -> m2 [label = "b"];
	q7 -> m2 [label = "c"];
	q2 -> m3 [label = "a, b"];
	q1 -> q3 [label = "c"];
	m0 -> q1;
	m0 -> q2;
	m0 -> q5;
	m1 -> q2;
	m1 -> q6;
	m2 -> q0;
	m2 -> q1;
	m2 -> q3;
	m2 -> q6;
	m3 -> q0;
	m3 -> q4;
	m4 -> q0;
	m4 -> q1;
	m5 -> q0;
	m5 -> q1;
	m5 -> q4;
	m6 -> q0;
	m6 -> q1;
	m6 -> q2;
	m6 -> q7;
	m7 -> q0;
	m7 -> q1;
	m7 -> q3;
	m7 -> q4;
	m8 -> q0;
	m8 -> q1;
	m8 -> q2;
	m8 -> q4;
	m8 -> q6;
	m8 -> q7;
	m9 -> q0;
	m9 -> q1;
	m9 -> q2;
	m9 -> q5;
	m10 -> q0;
	m10 -> q3;
	m10 -> q4;
}
RAFA size: 8 states

