Random target AFA:
digraph finite_state_machine {
	rankdir=LR;
	node [shape = circle];
	s0 [shape = point, style = invis, start="true" ];
	s1 [shape = point, style = invis, start="true" ];
	q0 [label = "q0", shape = doublecircle, final="true" ];
	q1 [label = "q1"];
	q2 [label = "q2"];
	q3 [label = "q3"];
	q4 [label = "q4", shape = doublecircle, final="true" ];
	q5 [label = "q5"];
	m0 [label = "", shape = square, style = filled, color=grey, fixedsize=true, width=.2];
	m1 [label = "", shape = square, style = filled, color=grey, fixedsize=true, width=.2];
	m2 [label = "", shape = square, style = filled, color=grey, fixedsize=true, width=.2];
	m3 [label = "", shape = square, style = filled, color=grey, fixedsize=true, width=.2];
	m4 [label = "", shape = square, style = filled, color=grey, fixedsize=true, width=.2];
	m5 [label = "", shape = square, style = filled, color=grey, fixedsize=true, width=.2];
	m6 [label = "", shape = square, style = filled, color=grey, fixedsize=true, width=.2];
	m7 [label = "", shape = square, style = filled, color=grey, fixedsize=true, width=.2];
	m8 [label = "", shape = square, style = filled, color=grey, fixedsize=true, width=.2];
	m9 [label = "", shape = square, style = filled, color=grey, fixedsize=true, width=.2];
	s0 -> q1
	s1 -> q1
	q4 -> q5 [label = "a"];
	q0 -> m3 [label = "c"];
	q1 -> q0 [label = "a, b"];
	q2 -> q0 [label = "a"];
	q4 -> m4 [label = "a"];
	q0 -> q3 [label = "b"];
	q3 -> q0 [label = "b"];
	q4 -> q3 [label = "b, c"];
	q3 -> m8 [label = "c"];
	q0 -> q0 [label = "a"];
	q2 -> q2 [label = "b"];
	q0 -> q2 [label = "a"];
	q2 -> m1 [label = "a"];
	q3 -> m9 [label = "c"];
	q1 -> q3 [label = "c"];
	q2 -> m0 [label = "b"];
	q4 -> q4 [label = "c"];
	q5 -> q5 [label = "c"];
	q5 -> m5 [label = "a"];
	q0 -> m2 [label = "c"];
	q1 -> q5 [label = "a, b"];
	q3 -> q3 [label = "a, b"];
	q5 -> m6 [label = "a"];
	q4 -> q1 [label = "b"];
	q2 -> q1 [label = "c"];
	q1 -> m1 [label = "c"];
	q2 -> m7 [label = "c"];
	q5 -> q1 [label = "b"];
	q3 -> m2 [label = "a"];
	q5 -> m1 [label = "b"];
	m0 -> q1;
	m0 -> q3;
	m1 -> q2;
	m1 -> q4;
	m2 -> q0;
	m2 -> q3;
	m3 -> q1;
	m3 -> q5;
	m4 -> q0;
	m4 -> q4;
	m5 -> q2;
	m5 -> q5;
	m6 -> q0;
	m6 -> q2;
	m7 -> q3;
	m7 -> q4;
	m8 -> q1;
	m8 -> q4;
	m9 -> q0;
	m9 -> q5;
}

L* output after 10 EQ and 14136 MQ:
digraph finite_state_machine {
	rankdir=LR;
	node [shape = circle];
	s0 [shape = point, style = invis, start="true" ];
	q0 [label = "q0", shape = doublecircle, final="true" ];
	q1 [label = "q1"];
	q2 [label = "q2"];
	q3 [label = "q3", shape = doublecircle, final="true" ];
	q4 [label = "q4", shape = doublecircle, final="true" ];
	q5 [label = "q5"];
	q6 [label = "q6"];
	q7 [label = "q7"];
	q8 [label = "q8", shape = doublecircle, final="true" ];
	q9 [label = "q9", shape = doublecircle, final="true" ];
	q10 [label = "q10", shape = doublecircle, final="true" ];
	q11 [label = "q11"];
	q12 [label = "q12", shape = doublecircle, final="true" ];
	q13 [label = "q13"];
	q14 [label = "q14", shape = doublecircle, final="true" ];
	q15 [label = "q15", shape = doublecircle, final="true" ];
	q16 [label = "q16"];
	q17 [label = "q17"];
	q18 [label = "q18", shape = doublecircle, final="true" ];
	q19 [label = "q19", shape = doublecircle, final="true" ];
	q20 [label = "q20", shape = doublecircle, final="true" ];
	q21 [label = "q21"];
	q22 [label = "q22"];
	q23 [label = "q23"];
	q24 [label = "q24", shape = doublecircle, final="true" ];
	q25 [label = "q25", shape = doublecircle, final="true" ];
	q26 [label = "q26"];
	q27 [label = "q27"];
	q28 [label = "q28"];
	q29 [label = "q29", shape = doublecircle, final="true" ];
	q30 [label = "q30"];
	q31 [label = "q31", shape = doublecircle, final="true" ];
	q32 [label = "q32", shape = doublecircle, final="true" ];
	q33 [label = "q33"];
	q34 [label = "q34", shape = doublecircle, final="true" ];
	q35 [label = "q35"];
	q36 [label = "q36"];
	q37 [label = "q37", shape = doublecircle, final="true" ];
	q38 [label = "q38"];
	q39 [label = "q39"];
	q40 [label = "q40", shape = doublecircle, final="true" ];
	q41 [label = "q41"];
	q42 [label = "q42", shape = doublecircle, final="true" ];
	q43 [label = "q43"];
	q44 [label = "q44"];
	q45 [label = "q45"];
	q46 [label = "q46"];
	q47 [label = "q47", shape = doublecircle, final="true" ];
	q48 [label = "q48"];
	q49 [label = "q49"];
	q50 [label = "q50"];
	q51 [label = "q51"];
	q52 [label = "q52"];
	q53 [label = "q53"];
	q54 [label = "q54", shape = doublecircle, final="true" ];
	q55 [label = "q55"];
	q56 [label = "q56"];
	q57 [label = "q57"];
	q58 [label = "q58"];
	q59 [label = "q59"];
	q60 [label = "q60"];
	q61 [label = "q61"];
	q62 [label = "q62", shape = doublecircle, final="true" ];
	q63 [label = "q63"];
	q64 [label = "q64"];
	q65 [label = "q65", shape = doublecircle, final="true" ];
	q66 [label = "q66"];
	q67 [label = "q67", shape = doublecircle, final="true" ];
	q68 [label = "q68", shape = doublecircle, final="true" ];
	q69 [label = "q69"];
	q70 [label = "q70"];
	q71 [label = "q71"];
	q72 [label = "q72", shape = doublecircle, final="true" ];
	q73 [label = "q73"];
	q74 [label = "q74"];
	q75 [label = "q75"];
	q76 [label = "q76"];
	q77 [label = "q77"];
	q78 [label = "q78"];
	q79 [label = "q79"];
	q80 [label = "q80"];
	q81 [label = "q81"];
	s0 -> q39
	q45 -> q34 [label = "a"];
	q41 -> q37 [label = "b"];
	q47 -> q50 [label = "c"];
	q41 -> q47 [label = "a"];
	q43 -> q46 [label = "b"];
	q42 -> q42 [label = "a"];
	q42 -> q36 [label = "b"];
	q44 -> q44 [label = "c"];
	q37 -> q12 [label = "b"];
	q36 -> q68 [label = "b"];
	q35 -> q31 [label = "b"];
	q38 -> q25 [label = "b"];
	q32 -> q55 [label = "c"];
	q34 -> q42 [label = "a"];
	q32 -> q54 [label = "b"];
	q36 -> q23 [label = "c"];
	q34 -> q52 [label = "b"];
	q29 -> q64 [label = "b"];
	q31 -> q54 [label = "b"];
	q32 -> q68 [label = "a"];
	q29 -> q42 [label = "a"];
	q25 -> q70 [label = "c"];
	q27 -> q67 [label = "a"];
	q27 -> q57 [label = "c"];
	q29 -> q55 [label = "c"];
	q27 -> q19 [label = "b"];
	q30 -> q20 [label = "b"];
	q28 -> q56 [label = "c"];
	q24 -> q68 [label = "a"];
	q23 -> q40 [label = "a"];
	q9 -> q3 [label = "b"];
	q19 -> q17 [label = "c"];
	q11 -> q15 [label = "a"];
	q11 -> q18 [label = "b"];
	q46 -> q30 [label = "c"];
	q39 -> q41 [label = "c"];
	q8 -> q77 [label = "c"];
	q12 -> q68 [label = "a"];
	q14 -> q46 [label = "b"];
	q40 -> q43 [label = "c"];
	q8 -> q8 [label = "b"];
	q10 -> q8 [label = "a"];
	q28 -> q19 [label = "b"];
	q12 -> q50 [label = "c"];
	q40 -> q46 [label = "b"];
	q4 -> q11 [label = "c"];
	q2 -> q0 [label = "b"];
	q6 -> q13 [label = "c"];
	q0 -> q73 [label = "c"];
	q4 -> q42 [label = "a"];
	q7 -> q18 [label = "b"];
	q31 -> q68 [label = "a"];
	q5 -> q12 [label = "a"];
	q1 -> q78 [label = "c"];
	q6 -> q29 [label = "a"];
	q33 -> q28 [label = "b"];
	q4 -> q16 [label = "b"];
	q2 -> q73 [label = "c"];
	q35 -> q30 [label = "c"];
	q7 -> q14 [label = "a"];
	q5 -> q19 [label = "b"];
	q9 -> q68 [label = "a"];
	q13 -> q10 [label = "a"];
	q10 -> q55 [label = "c"];
	q14 -> q4 [label = "a"];
	q28 -> q12 [label = "a"];
	q59 -> q12 [label = "a"];
	q22 -> q78 [label = "c"];
	q26 -> q57 [label = "c"];
	q21 -> q72 [label = "a"];
	q35 -> q29 [label = "a"];
	q8 -> q68 [label = "a"];
	q61 -> q8 [label = "b"];
	q71 -> q67 [label = "a"];
	q61 -> q65 [label = "a"];
	q64 -> q31 [label = "a, b"];
	q68 -> q6 [label = "c"];
	q64 -> q78 [label = "c"];
	q46 -> q31 [label = "b"];
	q15 -> q55 [label = "c"];
	q70 -> q5 [label = "b"];
	q57 -> q78 [label = "c"];
	q62 -> q42 [label = "a"];
	q44 -> q45 [label = "a"];
	q59 -> q18 [label = "b"];
	q7 -> q13 [label = "c"];
	q65 -> q68 [label = "a"];
	q80 -> q19 [label = "b"];
	q33 -> q63 [label = "a"];
	q17 -> q19 [label = "b"];
	q21 -> q60 [label = "c"];
	q68 -> q68 [label = "a, b"];
	q52 -> q12 [label = "b"];
	q1 -> q32 [label = "a"];
	q65 -> q50 [label = "c"];
	q67 -> q50 [label = "c"];
	q66 -> q7 [label = "c"];
	q69 -> q54 [label = "b"];
	q49 -> q16 [label = "b"];
	q37 -> q68 [label = "a"];
	q58 -> q60 [label = "c"];
	q60 -> q20 [label = "b"];
	q30 -> q78 [label = "c"];
	q10 -> q54 [label = "b"];
	q76 -> q20 [label = "b"];
	q38 -> q13 [label = "c"];
	q25 -> q18 [label = "b"];
	q78 -> q10 [label = "a"];
	q36 -> q24 [label = "a"];
	q9 -> q2 [label = "c"];
	q77 -> q18 [label = "b"];
	q51 -> q26 [label = "c"];
	q41 -> q38 [label = "c"];
	q13 -> q30 [label = "c"];
	q55 -> q46 [label = "b"];
	q12 -> q8 [label = "b"];
	q76 -> q30 [label = "c"];
	q79 -> q81 [label = "c"];
	q66 -> q12 [label = "b"];
	q3 -> q1 [label = "c"];
	q15 -> q64 [label = "b"];
	q67 -> q8 [label = "a, b"];
	q74 -> q54 [label = "b"];
	q65 -> q37 [label = "b"];
	q80 -> q22 [label = "c"];
	q24 -> q37 [label = "b"];
	q56 -> q80 [label = "c"];
	q1 -> q31 [label = "b"];
	q81 -> q21 [label = "b"];
	q63 -> q61 [label = "b"];
	q79 -> q58 [label = "b"];
	q60 -> q15 [label = "a"];
	q71 -> q74 [label = "c"];
	q75 -> q77 [label = "c"];
	q77 -> q15 [label = "a"];
	q55 -> q71 [label = "c"];
	q31 -> q69 [label = "c"];
	q71 -> q54 [label = "b"];
	q47 -> q67 [label = "a"];
	q79 -> q45 [label = "a"];
	q53 -> q58 [label = "b"];
	q37 -> q77 [label = "c"];
	q2 -> q29 [label = "a"];
	q11 -> q76 [label = "c"];
	q43 -> q44 [label = "c"];
	q70 -> q80 [label = "c"];
	q73 -> q54 [label = "b"];
	q40 -> q42 [label = "a"];
	q63 -> q62 [label = "a"];
	q78 -> q78 [label = "c"];
	q70 -> q15 [label = "a"];
	q18 -> q70 [label = "c"];
	q51 -> q28 [label = "b"];
	q45 -> q33 [label = "c"];
	q49 -> q62 [label = "a"];
	q24 -> q77 [label = "c"];
	q73 -> q10 [label = "a"];
	q74 -> q14 [label = "a"];
	q19 -> q19 [label = "b"];
	q23 -> q32 [label = "b"];
	q72 -> q50 [label = "c"];
	q69 -> q73 [label = "c"];
	q72 -> q75 [label = "b"];
	q72 -> q42 [label = "a"];
	q80 -> q67 [label = "a"];
	q45 -> q61 [label = "b"];
	q16 -> q24 [label = "a"];
	q63 -> q33 [label = "c"];
	q57 -> q20 [label = "b"];
	q74 -> q73 [label = "c"];
	q61 -> q38 [label = "c"];
	q39 -> q40 [label = "a, b"];
	q49 -> q51 [label = "c"];
	q14 -> q43 [label = "c"];
	q54 -> q31 [label = "b"];
	q57 -> q14 [label = "a"];
	q69 -> q15 [label = "a"];
	q76 -> q10 [label = "a"];
	q62 -> q66 [label = "b"];
	q30 -> q10 [label = "a"];
	q5 -> q60 [label = "c"];
	q46 -> q32 [label = "a"];
	q62 -> q11 [label = "c"];
	q50 -> q27 [label = "c"];
	q58 -> q72 [label = "a"];
	q6 -> q32 [label = "b"];
	q56 -> q59 [label = "b"];
	q47 -> q37 [label = "b"];
	q16 -> q8 [label = "b"];
	q60 -> q78 [label = "c"];
	q21 -> q19 [label = "b"];
	q48 -> q76 [label = "c"];
	q81 -> q45 [label = "a"];
	q55 -> q15 [label = "a"];
	q3 -> q9 [label = "a, b"];
	q53 -> q79 [label = "c"];
	q50 -> q15 [label = "a"];
	q0 -> q9 [label = "a"];
	q81 -> q81 [label = "c"];
	q56 -> q15 [label = "a"];
	q51 -> q14 [label = "a"];
	q38 -> q14 [label = "a"];
	q52 -> q65 [label = "a"];
	q54 -> q78 [label = "c"];
	q33 -> q53 [label = "c"];
	q73 -> q73 [label = "c"];
	q48 -> q32 [label = "b"];
	q25 -> q68 [label = "a"];
	q75 -> q8 [label = "a, b"];
	q78 -> q19 [label = "b"];
	q54 -> q9 [label = "a"];
	q20 -> q68 [label = "a"];
	q34 -> q11 [label = "c"];
	q26 -> q67 [label = "a"];
	q52 -> q38 [label = "c"];
	q50 -> q28 [label = "b"];
	q58 -> q18 [label = "b"];
	q19 -> q68 [label = "a"];
	q23 -> q13 [label = "c"];
	q48 -> q29 [label = "a"];
	q15 -> q4 [label = "a"];
	q53 -> q45 [label = "a"];
	q44 -> q35 [label = "b"];
	q42 -> q48 [label = "c"];
	q26 -> q20 [label = "b"];
	q17 -> q15 [label = "a"];
	q20 -> q18 [label = "b"];
	q66 -> q24 [label = "a"];
	q22 -> q14 [label = "a"];
	q17 -> q78 [label = "c"];
	q77 -> q13 [label = "c"];
	q13 -> q19 [label = "b"];
	q59 -> q60 [label = "c"];
	q16 -> q7 [label = "c"];
	q43 -> q49 [label = "a"];
	q22 -> q19 [label = "b"];
	q18 -> q68 [label = "a"];
	q18 -> q19 [label = "b"];
	q0 -> q0 [label = "b"];
	q20 -> q17 [label = "c"];
}
DFA size: 82 states

NL* output after 17 EQ and 9914 MQ:
digraph finite_state_machine {
	rankdir=LR;
	node [shape = circle];
	s0 [shape = point, style = invis, start="true" ];
	q0 [label = "q0", shape = doublecircle, final="true" ];
	q1 [label = "q1"];
	q2 [label = "q2"];
	q3 [label = "q3"];
	q4 [label = "q4"];
	q5 [label = "q5", shape = doublecircle, final="true" ];
	q6 [label = "q6"];
	q7 [label = "q7", shape = doublecircle, final="true" ];
	q8 [label = "q8"];
	q9 [label = "q9", shape = doublecircle, final="true" ];
	q10 [label = "q10"];
	q11 [label = "q11", shape = doublecircle, final="true" ];
	q12 [label = "q12"];
	q13 [label = "q13"];
	q14 [label = "q14"];
	q15 [label = "q15"];
	q16 [label = "q16"];
	q17 [label = "q17"];
	q18 [label = "q18", shape = doublecircle, final="true" ];
	q19 [label = "q19"];
	q20 [label = "q20", shape = doublecircle, final="true" ];
	q21 [label = "q21"];
	q22 [label = "q22", shape = doublecircle, final="true" ];
	q23 [label = "q23"];
	q24 [label = "q24", shape = doublecircle, final="true" ];
	q25 [label = "q25"];
	q26 [label = "q26"];
	q27 [label = "q27"];
	q28 [label = "q28"];
	q29 [label = "q29"];
	q30 [label = "q30"];
	q31 [label = "q31"];
	q32 [label = "q32", shape = doublecircle, final="true" ];
	s0 -> q21
	q18 -> q23 [label = "c"];
	q18 -> q21 [label = "c"];
	q18 -> q1 [label = "c"];
	q20 -> q27 [label = "b"];
	q20 -> q14 [label = "b"];
	q20 -> q10 [label = "b"];
	q20 -> q1 [label = "b"];
	q22 -> q22 [label = "a"];
	q20 -> q3 [label = "b"];
	q22 -> q18 [label = "a"];
	q22 -> q13 [label = "a"];
	q23 -> q10 [label = "b"];
	q17 -> q30 [label = "b"];
	q17 -> q29 [label = "b, c"];
	q17 -> q27 [label = "b"];
	q17 -> q21 [label = "b"];
	q17 -> q14 [label = "b"];
	q19 -> q9 [label = "b"];
	q19 -> q3 [label = "b"];
	q17 -> q13 [label = "a"];
	q21 -> q19 [label = "c"];
	q20 -> q5 [label = "a"];
	q22 -> q3 [label = "b"];
	q18 -> q22 [label = "a"];
	q16 -> q28 [label = "b"];
	q16 -> q16 [label = "b"];
	q16 -> q13 [label = "b"];
	q16 -> q4 [label = "b"];
	q16 -> q3 [label = "b"];
	q18 -> q18 [label = "a"];
	q22 -> q23 [label = "c"];
	q18 -> q28 [label = "b"];
	q18 -> q16 [label = "a, b"];
	q18 -> q3 [label = "b"];
	q22 -> q1 [label = "c"];
	q16 -> q22 [label = "a"];
	q20 -> q31 [label = "c"];
	q20 -> q23 [label = "b, c"];
	q20 -> q15 [label = "c"];
	q13 -> q19 [label = "b"];
	q13 -> q3 [label = "b"];
	q17 -> q4 [label = "a"];
	q11 -> q23 [label = "c"];
	q11 -> q25 [label = "c"];
	q14 -> q31 [label = "a"];
	q14 -> q17 [label = "a"];
	q20 -> q22 [label = "a"];
	q14 -> q13 [label = "a"];
	q17 -> q3 [label = "b"];
	q12 -> q24 [label = "b"];
	q15 -> q30 [label = "b"];
	q15 -> q14 [label = "b"];
	q13 -> q5 [label = "a"];
	q9 -> q25 [label = "c"];
	q17 -> q8 [label = "c"];
	q9 -> q23 [label = "c"];
	q9 -> q12 [label = "c"];
	q9 -> q1 [label = "c"];
	q3 -> q12 [label = "c"];
	q5 -> q3 [label = "b"];
	q7 -> q16 [label = "a"];
	q7 -> q13 [label = "a"];
	q7 -> q11 [label = "a"];
	q7 -> q7 [label = "a"];
	q7 -> q5 [label = "a"];
	q7 -> q2 [label = "a"];
	q2 -> q21 [label = "c"];
	q2 -> q14 [label = "c"];
	q4 -> q19 [label = "b"];
	q1 -> q27 [label = "c"];
	q1 -> q19 [label = "c"];
	q5 -> q16 [label = "a"];
	q5 -> q13 [label = "a"];
	q5 -> q5 [label = "a"];
	q5 -> q4 [label = "a"];
	q7 -> q9 [label = "a, b"];
	q7 -> q3 [label = "a, b"];
	q1 -> q32 [label = "b"];
	q1 -> q11 [label = "b"];
	q2 -> q12 [label = "c"];
	q7 -> q25 [label = "c"];
	q7 -> q23 [label = "c"];
	q3 -> q32 [label = "b"];
	q3 -> q16 [label = "b"];
	q3 -> q13 [label = "b"];
	q3 -> q11 [label = "a, b"];
	q22 -> q16 [label = "a"];
	q3 -> q7 [label = "a, b"];
	q16 -> q5 [label = "a"];
	q10 -> q26 [label = "c"];
	q3 -> q4 [label = "b"];
	q1 -> q29 [label = "a, b, c"];
	q1 -> q23 [label = "a, b"];
	q22 -> q28 [label = "b"];
	q1 -> q16 [label = "a, b"];
	q1 -> q15 [label = "a"];
	q1 -> q13 [label = "a, b"];
	q1 -> q8 [label = "a, b"];
	q5 -> q14 [label = "c"];
	q5 -> q1 [label = "c"];
	q4 -> q22 [label = "a"];
	q28 -> q16 [label = "b"];
	q9 -> q4 [label = "a, b"];
	q19 -> q28 [label = "b"];
	q21 -> q0 [label = "a, b"];
	q17 -> q15 [label = "c"];
	q23 -> q4 [label = "a"];
	q15 -> q23 [label = "b"];
	q24 -> q19 [label = "a"];
	q24 -> q9 [label = "a"];
	q17 -> q16 [label = "a"];
	q24 -> q3 [label = "a"];
	q28 -> q23 [label = "c"];
	q28 -> q14 [label = "c"];
	q6 -> q7 [label = "a, b"];
	q24 -> q24 [label = "b"];
	q24 -> q28 [label = "a"];
	q10 -> q28 [label = "b"];
	q24 -> q16 [label = "a, b"];
	q17 -> q23 [label = "b"];
	q24 -> q32 [label = "a, b"];
	q15 -> q29 [label = "b, c"];
	q24 -> q10 [label = "b"];
	q22 -> q5 [label = "a"];
	q24 -> q7 [label = "a, b"];
	q8 -> q23 [label = "b"];
	q26 -> q15 [label = "a"];
	q26 -> q23 [label = "a, b, c"];
	q21 -> q15 [label = "a, b"];
	q26 -> q0 [label = "a"];
	q30 -> q26 [label = "c"];
	q18 -> q14 [label = "c"];
	q27 -> q26 [label = "c"];
	q6 -> q3 [label = "a, b"];
	q24 -> q26 [label = "c"];
	q9 -> q2 [label = "a"];
	q10 -> q16 [label = "a, b"];
	q24 -> q14 [label = "c"];
	q2 -> q23 [label = "c"];
	q24 -> q8 [label = "b, c"];
	q27 -> q8 [label = "a"];
	q7 -> q32 [label = "a"];
	q24 -> q11 [label = "a, b"];
	q30 -> q29 [label = "b, c"];
	q26 -> q4 [label = "a"];
	q30 -> q11 [label = "b"];
	q24 -> q31 [label = "b, c"];
	q30 -> q10 [label = "b"];
	q25 -> q17 [label = "a"];
	q9 -> q9 [label = "a"];
	q25 -> q16 [label = "a"];
	q0 -> q1 [label = "b"];
	q20 -> q30 [label = "b"];
	q25 -> q8 [label = "a"];
	q29 -> q13 [label = "a"];
	q0 -> q13 [label = "a"];
	q25 -> q4 [label = "a"];
	q18 -> q2 [label = "b"];
	q25 -> q0 [label = "a"];
	q10 -> q11 [label = "a, b"];
	q20 -> q19 [label = "b"];
	q26 -> q30 [label = "b"];
	q25 -> q29 [label = "a, b, c"];
	q26 -> q8 [label = "a, c"];
	q30 -> q16 [label = "a, b"];
	q31 -> q30 [label = "b"];
	q27 -> q16 [label = "a"];
	q20 -> q29 [label = "b, c"];
	q28 -> q5 [label = "a"];
	q30 -> q23 [label = "b"];
	q7 -> q14 [label = "c"];
	q14 -> q19 [label = "c"];
	q27 -> q30 [label = "b"];
	q14 -> q0 [label = "a"];
	q25 -> q15 [label = "a"];
	q30 -> q13 [label = "a, b"];
	q9 -> q7 [label = "a, b"];
	q2 -> q6 [label = "b"];
	q30 -> q4 [label = "a, b"];
	q25 -> q19 [label = "c"];
	q17 -> q31 [label = "c"];
	q9 -> q32 [label = "a, b"];
	q6 -> q11 [label = "a, b"];
	q8 -> q29 [label = "b, c"];
	q32 -> q4 [label = "a, b"];
	q27 -> q13 [label = "a"];
	q31 -> q13 [label = "a"];
	q30 -> q24 [label = "b"];
	q24 -> q22 [label = "a"];
	q0 -> q15 [label = "c"];
	q10 -> q24 [label = "b"];
	q27 -> q29 [label = "a, c"];
	q7 -> q28 [label = "a, b"];
	q24 -> q25 [label = "c"];
	q20 -> q17 [label = "c"];
	q24 -> q29 [label = "b, c"];
	q24 -> q6 [label = "a"];
	q0 -> q22 [label = "a"];
	q30 -> q31 [label = "b, c"];
	q19 -> q11 [label = "a"];
	q24 -> q2 [label = "a"];
	q27 -> q27 [label = "c"];
	q6 -> q6 [label = "a, b"];
	q23 -> q13 [label = "a"];
	q15 -> q1 [label = "b"];
	q32 -> q22 [label = "a"];
	q30 -> q32 [label = "a, b"];
	q22 -> q14 [label = "c"];
	q21 -> q4 [label = "a, b"];
	q27 -> q31 [label = "a, c"];
	q0 -> q16 [label = "a"];
	q18 -> q4 [label = "a, b"];
	q12 -> q0 [label = "a"];
	q31 -> q23 [label = "b"];
	q6 -> q16 [label = "a, b"];
	q21 -> q8 [label = "a, b"];
	q1 -> q4 [label = "a, b"];
	q27 -> q15 [label = "a"];
	q32 -> q18 [label = "a"];
	q30 -> q7 [label = "b"];
	q31 -> q31 [label = "c"];
	q16 -> q23 [label = "c"];
	q28 -> q7 [label = "a, b"];
	q29 -> q30 [label = "b"];
	q15 -> q13 [label = "a"];
	q25 -> q31 [label = "a"];
	q28 -> q13 [label = "b"];
	q1 -> q31 [label = "a, b"];
	q28 -> q11 [label = "a, b"];
	q32 -> q28 [label = "b"];
	q23 -> q23 [label = "b"];
	q7 -> q18 [label = "a"];
	q9 -> q5 [label = "a"];
	q18 -> q13 [label = "a, b"];
	q7 -> q19 [label = "a"];
	q28 -> q32 [label = "b"];
	q16 -> q14 [label = "c"];
	q20 -> q4 [label = "a"];
	q7 -> q22 [label = "a"];
	q26 -> q13 [label = "a"];
	q21 -> q13 [label = "a, b"];
	q32 -> q25 [label = "c"];
	q27 -> q28 [label = "b"];
	q0 -> q21 [label = "b"];
	q4 -> q3 [label = "b"];
	q27 -> q0 [label = "a"];
	q26 -> q19 [label = "c"];
	q26 -> q17 [label = "a"];
	q32 -> q14 [label = "c"];
	q26 -> q29 [label = "a, c"];
	q8 -> q31 [label = "c"];
	q32 -> q6 [label = "b"];
	q10 -> q9 [label = "b"];
	q25 -> q13 [label = "a"];
	q27 -> q3 [label = "b"];
	q24 -> q23 [label = "b, c"];
	q8 -> q13 [label = "a"];
	q1 -> q0 [label = "a"];
	q27 -> q12 [label = "c"];
	q32 -> q19 [label = "b"];
	q14 -> q23 [label = "a, b"];
	q6 -> q19 [label = "a, b"];
	q27 -> q4 [label = "a"];
	q26 -> q31 [label = "a, c"];
	q10 -> q3 [label = "b"];
	q32 -> q23 [label = "c"];
	q23 -> q29 [label = "b, c"];
	q9 -> q16 [label = "a, b"];
	q0 -> q3 [label = "b"];
	q17 -> q1 [label = "b"];
	q28 -> q19 [label = "a"];
	q25 -> q23 [label = "a, b, c"];
	q29 -> q31 [label = "c"];
	q27 -> q10 [label = "a"];
	q27 -> q9 [label = "b"];
	q1 -> q7 [label = "b"];
	q1 -> q17 [label = "a"];
	q30 -> q12 [label = "c"];
	q27 -> q17 [label = "a"];
	q24 -> q18 [label = "a"];
	q28 -> q22 [label = "a"];
	q6 -> q32 [label = "a, b"];
	q27 -> q11 [label = "a"];
	q27 -> q19 [label = "c"];
	q29 -> q23 [label = "b"];
	q31 -> q8 [label = "c"];
	q26 -> q16 [label = "a"];
	q15 -> q31 [label = "c"];
	q32 -> q16 [label = "a, b"];
	q27 -> q23 [label = "a, b"];
	q11 -> q16 [label = "a"];
	q24 -> q5 [label = "a"];
	q24 -> q4 [label = "a, b"];
	q2 -> q22 [label = "a, b"];
	q20 -> q13 [label = "a"];
	q16 -> q19 [label = "b"];
	q14 -> q8 [label = "a"];
	q21 -> q17 [label = "a, b"];
	q12 -> q13 [label = "a"];
	q21 -> q20 [label = "a, b"];
	q32 -> q5 [label = "a"];
	q21 -> q31 [label = "a, b"];
	q6 -> q23 [label = "c"];
	q5 -> q18 [label = "a"];
	q9 -> q13 [label = "a, b"];
	q1 -> q10 [label = "b"];
	q11 -> q4 [label = "a"];
	q11 -> q11 [label = "a"];
	q11 -> q13 [label = "a"];
	q15 -> q8 [label = "c"];
	q15 -> q15 [label = "c"];
	q24 -> q13 [label = "a, b"];
	q28 -> q4 [label = "b"];
	q21 -> q29 [label = "a, b"];
	q9 -> q3 [label = "a"];
	q27 -> q24 [label = "b"];
	q9 -> q6 [label = "a"];
	q18 -> q5 [label = "a"];
	q28 -> q12 [label = "c"];
	q9 -> q18 [label = "a"];
	q5 -> q22 [label = "a"];
	q12 -> q29 [label = "a, c"];
	q9 -> q19 [label = "a"];
	q2 -> q11 [label = "a, b"];
	q9 -> q28 [label = "a"];
	q11 -> q3 [label = "b"];
	q12 -> q1 [label = "c"];
	q11 -> q9 [label = "b"];
	q2 -> q7 [label = "a, b"];
	q12 -> q4 [label = "a"];
	q14 -> q10 [label = "b"];
	q7 -> q6 [label = "a"];
	q12 -> q8 [label = "a"];
	q17 -> q10 [label = "b"];
	q14 -> q15 [label = "a"];
	q2 -> q4 [label = "b"];
	q12 -> q15 [label = "a"];
	q8 -> q8 [label = "c"];
	q12 -> q17 [label = "a"];
	q12 -> q23 [label = "a, b, c"];
	q12 -> q31 [label = "a"];
	q20 -> q8 [label = "c"];
	q6 -> q28 [label = "a, b"];
	q14 -> q29 [label = "a, b, c"];
	q9 -> q22 [label = "a"];
	q10 -> q8 [label = "b"];
	q20 -> q18 [label = "a"];
	q18 -> q19 [label = "b"];
	q2 -> q5 [label = "a, b"];
	q6 -> q5 [label = "a, b"];
	q17 -> q19 [label = "b"];
	q7 -> q4 [label = "a"];
	q2 -> q3 [label = "b"];
	q10 -> q4 [label = "a, b"];
	q10 -> q7 [label = "a, b"];
	q10 -> q32 [label = "a, b"];
	q10 -> q6 [label = "b"];
	q5 -> q23 [label = "c"];
	q0 -> q31 [label = "c"];
	q4 -> q23 [label = "c"];
	q1 -> q24 [label = "b"];
	q32 -> q3 [label = "b"];
	q10 -> q5 [label = "b"];
	q6 -> q1 [label = "c"];
	q30 -> q8 [label = "b"];
	q0 -> q17 [label = "c"];
	q10 -> q19 [label = "b"];
	q14 -> q4 [label = "a"];
	q10 -> q22 [label = "b"];
	q15 -> q21 [label = "b"];
	q10 -> q23 [label = "b"];
	q10 -> q29 [label = "b, c"];
	q8 -> q30 [label = "b"];
	q10 -> q30 [label = "b"];
	q12 -> q14 [label = "c"];
	q20 -> q21 [label = "b"];
	q12 -> q19 [label = "c"];
	q6 -> q4 [label = "a, b"];
	q12 -> q27 [label = "c"];
	q0 -> q4 [label = "a"];
	q25 -> q10 [label = "b"];
	q0 -> q5 [label = "a"];
	q31 -> q29 [label = "c"];
	q2 -> q2 [label = "b"];
	q9 -> q14 [label = "c"];
	q9 -> q11 [label = "a, b"];
	q2 -> q9 [label = "b"];
	q6 -> q13 [label = "a, b"];
	q10 -> q13 [label = "a, b"];
	q26 -> q3 [label = "b"];
	q2 -> q13 [label = "b"];
	q11 -> q14 [label = "c"];
	q2 -> q16 [label = "b"];
	q19 -> q12 [label = "c"];
	q13 -> q23 [label = "c"];
	q10 -> q10 [label = "b"];
	q2 -> q18 [label = "b"];
	q2 -> q32 [label = "b"];
	q2 -> q28 [label = "b"];
	q21 -> q23 [label = "a, b"];
	q2 -> q19 [label = "a, b"];
	q6 -> q12 [label = "c"];
	q6 -> q14 [label = "c"];
	q10 -> q31 [label = "b, c"];
	q6 -> q25 [label = "c"];
	q0 -> q10 [label = "b"];
	q0 -> q14 [label = "b"];
	q0 -> q19 [label = "b"];
	q29 -> q29 [label = "c"];
	q0 -> q23 [label = "b, c"];
	q11 -> q28 [label = "b"];
	q0 -> q27 [label = "b"];
	q22 -> q4 [label = "a"];
	q20 -> q16 [label = "a"];
	q0 -> q29 [label = "b, c"];
	q0 -> q30 [label = "b"];
	q6 -> q9 [label = "a, b"];
	q6 -> q22 [label = "a, b"];
	q0 -> q8 [label = "c"];
	q32 -> q13 [label = "a, b"];
	q4 -> q5 [label = "a"];
}
NFA size: 33 states

