Random target AFA:
digraph finite_state_machine {
	rankdir=LR;
	node [shape = circle];
	s0 [shape = point, style = invis, start="true" ];
	s1 [shape = point, style = invis, start="true" ];
	q0 [label = "q0"];
	q1 [label = "q1"];
	q2 [label = "q2"];
	q3 [label = "q3", shape = doublecircle, final="true" ];
	q4 [label = "q4", shape = doublecircle, final="true" ];
	q5 [label = "q5", shape = doublecircle, final="true" ];
	m0 [label = "", shape = square, style = filled, color=grey, fixedsize=true, width=.2];
	m1 [label = "", shape = square, style = filled, color=grey, fixedsize=true, width=.2];
	m2 [label = "", shape = square, style = filled, color=grey, fixedsize=true, width=.2];
	m3 [label = "", shape = square, style = filled, color=grey, fixedsize=true, width=.2];
	m4 [label = "", shape = square, style = filled, color=grey, fixedsize=true, width=.2];
	m5 [label = "", shape = square, style = filled, color=grey, fixedsize=true, width=.2];
	m6 [label = "", shape = square, style = filled, color=grey, fixedsize=true, width=.2];
	m7 [label = "", shape = square, style = filled, color=grey, fixedsize=true, width=.2];
	m8 [label = "", shape = square, style = filled, color=grey, fixedsize=true, width=.2];
	m9 [label = "", shape = square, style = filled, color=grey, fixedsize=true, width=.2];
	s0 -> q1
	s1 -> q0
	q3 -> q1 [label = "c"];
	q0 -> q4 [label = "c"];
	q4 -> q0 [label = "a, b"];
	q5 -> q3 [label = "c"];
	q3 -> q2 [label = "a, b"];
	q2 -> m9 [label = "c"];
	q0 -> m3 [label = "b"];
	q0 -> m4 [label = "c"];
	q0 -> q1 [label = "b"];
	q3 -> q4 [label = "c"];
	q2 -> m2 [label = "a, b"];
	q2 -> q1 [label = "b"];
	q4 -> q1 [label = "c"];
	q5 -> q2 [label = "c"];
	q0 -> m1 [label = "a"];
	q1 -> q5 [label = "c"];
	q2 -> m3 [label = "a"];
	q1 -> q3 [label = "a"];
	q1 -> m0 [label = "a"];
	q3 -> q0 [label = "b"];
	q2 -> m8 [label = "c"];
	q4 -> q4 [label = "c"];
	q1 -> m5 [label = "b"];
	q1 -> m3 [label = "b"];
	q3 -> q3 [label = "a"];
	q0 -> m0 [label = "a"];
	q5 -> m7 [label = "a"];
	q5 -> m2 [label = "b"];
	q5 -> m6 [label = "a"];
	q1 -> m4 [label = "c"];
	q4 -> m0 [label = "b"];
	q5 -> q4 [label = "b"];
	m0 -> q1;
	m0 -> q5;
	m1 -> q2;
	m1 -> q3;
	m2 -> q1;
	m2 -> q4;
	m3 -> q0;
	m3 -> q4;
	m4 -> q0;
	m4 -> q5;
	m5 -> q0;
	m5 -> q1;
	m6 -> q2;
	m6 -> q5;
	m7 -> q4;
	m7 -> q5;
	m8 -> q1;
	m8 -> q2;
	m9 -> q2;
	m9 -> q4;
}

L* output after 11 EQ and 20319 MQ:
digraph finite_state_machine {
	rankdir=LR;
	node [shape = circle];
	s0 [shape = point, style = invis, start="true" ];
	q0 [label = "q0", shape = doublecircle, final="true" ];
	q1 [label = "q1"];
	q2 [label = "q2"];
	q3 [label = "q3", shape = doublecircle, final="true" ];
	q4 [label = "q4", shape = doublecircle, final="true" ];
	q5 [label = "q5"];
	q6 [label = "q6", shape = doublecircle, final="true" ];
	q7 [label = "q7", shape = doublecircle, final="true" ];
	q8 [label = "q8"];
	q9 [label = "q9", shape = doublecircle, final="true" ];
	q10 [label = "q10", shape = doublecircle, final="true" ];
	q11 [label = "q11", shape = doublecircle, final="true" ];
	q12 [label = "q12", shape = doublecircle, final="true" ];
	q13 [label = "q13", shape = doublecircle, final="true" ];
	q14 [label = "q14", shape = doublecircle, final="true" ];
	q15 [label = "q15", shape = doublecircle, final="true" ];
	q16 [label = "q16", shape = doublecircle, final="true" ];
	q17 [label = "q17", shape = doublecircle, final="true" ];
	q18 [label = "q18"];
	q19 [label = "q19"];
	q20 [label = "q20"];
	q21 [label = "q21", shape = doublecircle, final="true" ];
	q22 [label = "q22", shape = doublecircle, final="true" ];
	q23 [label = "q23", shape = doublecircle, final="true" ];
	q24 [label = "q24", shape = doublecircle, final="true" ];
	q25 [label = "q25", shape = doublecircle, final="true" ];
	q26 [label = "q26", shape = doublecircle, final="true" ];
	q27 [label = "q27"];
	q28 [label = "q28", shape = doublecircle, final="true" ];
	q29 [label = "q29", shape = doublecircle, final="true" ];
	q30 [label = "q30"];
	q31 [label = "q31", shape = doublecircle, final="true" ];
	q32 [label = "q32", shape = doublecircle, final="true" ];
	q33 [label = "q33", shape = doublecircle, final="true" ];
	q34 [label = "q34", shape = doublecircle, final="true" ];
	q35 [label = "q35", shape = doublecircle, final="true" ];
	q36 [label = "q36", shape = doublecircle, final="true" ];
	q37 [label = "q37", shape = doublecircle, final="true" ];
	q38 [label = "q38", shape = doublecircle, final="true" ];
	q39 [label = "q39"];
	q40 [label = "q40"];
	q41 [label = "q41", shape = doublecircle, final="true" ];
	q42 [label = "q42", shape = doublecircle, final="true" ];
	q43 [label = "q43", shape = doublecircle, final="true" ];
	q44 [label = "q44"];
	q45 [label = "q45"];
	q46 [label = "q46", shape = doublecircle, final="true" ];
	q47 [label = "q47"];
	q48 [label = "q48"];
	q49 [label = "q49", shape = doublecircle, final="true" ];
	q50 [label = "q50", shape = doublecircle, final="true" ];
	q51 [label = "q51", shape = doublecircle, final="true" ];
	q52 [label = "q52", shape = doublecircle, final="true" ];
	q53 [label = "q53", shape = doublecircle, final="true" ];
	q54 [label = "q54"];
	q55 [label = "q55"];
	q56 [label = "q56", shape = doublecircle, final="true" ];
	q57 [label = "q57", shape = doublecircle, final="true" ];
	q58 [label = "q58"];
	q59 [label = "q59", shape = doublecircle, final="true" ];
	q60 [label = "q60"];
	q61 [label = "q61", shape = doublecircle, final="true" ];
	q62 [label = "q62"];
	q63 [label = "q63"];
	q64 [label = "q64", shape = doublecircle, final="true" ];
	q65 [label = "q65", shape = doublecircle, final="true" ];
	q66 [label = "q66", shape = doublecircle, final="true" ];
	q67 [label = "q67"];
	q68 [label = "q68", shape = doublecircle, final="true" ];
	q69 [label = "q69", shape = doublecircle, final="true" ];
	q70 [label = "q70", shape = doublecircle, final="true" ];
	q71 [label = "q71", shape = doublecircle, final="true" ];
	q72 [label = "q72", shape = doublecircle, final="true" ];
	q73 [label = "q73", shape = doublecircle, final="true" ];
	q74 [label = "q74", shape = doublecircle, final="true" ];
	q75 [label = "q75", shape = doublecircle, final="true" ];
	q76 [label = "q76", shape = doublecircle, final="true" ];
	q77 [label = "q77"];
	q78 [label = "q78", shape = doublecircle, final="true" ];
	q79 [label = "q79", shape = doublecircle, final="true" ];
	q80 [label = "q80", shape = doublecircle, final="true" ];
	q81 [label = "q81"];
	q82 [label = "q82"];
	q83 [label = "q83", shape = doublecircle, final="true" ];
	q84 [label = "q84", shape = doublecircle, final="true" ];
	q85 [label = "q85"];
	q86 [label = "q86"];
	q87 [label = "q87", shape = doublecircle, final="true" ];
	q88 [label = "q88", shape = doublecircle, final="true" ];
	q89 [label = "q89", shape = doublecircle, final="true" ];
	q90 [label = "q90"];
	q91 [label = "q91", shape = doublecircle, final="true" ];
	q92 [label = "q92"];
	q93 [label = "q93"];
	q94 [label = "q94"];
	q95 [label = "q95", shape = doublecircle, final="true" ];
	q96 [label = "q96", shape = doublecircle, final="true" ];
	q97 [label = "q97", shape = doublecircle, final="true" ];
	s0 -> q55
	q85 -> q39 [label = "b"];
	q87 -> q74 [label = "a"];
	q84 -> q54 [label = "b"];
	q82 -> q96 [label = "c"];
	q85 -> q80 [label = "a"];
	q87 -> q55 [label = "b"];
	q83 -> q59 [label = "a"];
	q81 -> q27 [label = "b"];
	q83 -> q90 [label = "b"];
	q81 -> q95 [label = "a"];
	q80 -> q79 [label = "c"];
	q82 -> q49 [label = "a"];
	q80 -> q67 [label = "b"];
	q84 -> q65 [label = "c"];
	q80 -> q76 [label = "a"];
	q79 -> q15 [label = "a"];
	q77 -> q27 [label = "b"];
	q78 -> q94 [label = "a"];
	q76 -> q81 [label = "b"];
	q74 -> q65 [label = "c"];
	q79 -> q90 [label = "b"];
	q77 -> q93 [label = "a"];
	q73 -> q53 [label = "c"];
	q79 -> q65 [label = "c"];
	q3 -> q81 [label = "b"];
	q17 -> q47 [label = "b"];
	q0 -> q67 [label = "b"];
	q84 -> q9 [label = "a"];
	q7 -> q59 [label = "a"];
	q85 -> q21 [label = "c"];
	q6 -> q29 [label = "c"];
	q2 -> q39 [label = "b"];
	q0 -> q2 [label = "a"];
	q77 -> q22 [label = "c"];
	q10 -> q54 [label = "b"];
	q82 -> q77 [label = "b"];
	q8 -> q80 [label = "a"];
	q52 -> q24 [label = "c"];
	q22 -> q19 [label = "a"];
	q8 -> q39 [label = "b"];
	q8 -> q6 [label = "c"];
	q78 -> q44 [label = "b"];
	q75 -> q65 [label = "c"];
	q9 -> q11 [label = "a"];
	q86 -> q97 [label = "a"];
	q11 -> q11 [label = "a"];
	q9 -> q54 [label = "b"];
	q21 -> q90 [label = "b"];
	q28 -> q65 [label = "c"];
	q15 -> q29 [label = "c"];
	q30 -> q27 [label = "b"];
	q24 -> q29 [label = "c"];
	q13 -> q65 [label = "c"];
	q81 -> q13 [label = "c"];
	q25 -> q43 [label = "c"];
	q4 -> q24 [label = "c"];
	q26 -> q47 [label = "b"];
	q31 -> q54 [label = "b"];
	q26 -> q29 [label = "c"];
	q75 -> q10 [label = "a"];
	q25 -> q78 [label = "a"];
	q96 -> q89 [label = "a"];
	q28 -> q78 [label = "a"];
	q27 -> q26 [label = "c"];
	q15 -> q91 [label = "a"];
	q24 -> q15 [label = "a"];
	q43 -> q84 [label = "a"];
	q7 -> q29 [label = "c"];
	q31 -> q10 [label = "a"];
	q36 -> q79 [label = "c"];
	q43 -> q54 [label = "b"];
	q12 -> q76 [label = "a"];
	q70 -> q77 [label = "b"];
	q32 -> q85 [label = "a"];
	q25 -> q66 [label = "b"];
	q34 -> q20 [label = "b"];
	q23 -> q59 [label = "a"];
	q89 -> q79 [label = "c"];
	q14 -> q65 [label = "c"];
	q92 -> q16 [label = "c"];
	q47 -> q69 [label = "a"];
	q32 -> q81 [label = "b"];
	q20 -> q27 [label = "b"];
	q1 -> q0 [label = "a"];
	q94 -> q39 [label = "b"];
	q86 -> q50 [label = "c"];
	q27 -> q38 [label = "a"];
	q37 -> q32 [label = "a"];
	q78 -> q14 [label = "c"];
	q36 -> q85 [label = "a"];
	q38 -> q77 [label = "b"];
	q52 -> q46 [label = "a"];
	q37 -> q17 [label = "c"];
	q1 -> q30 [label = "b"];
	q52 -> q44 [label = "b"];
	q33 -> q47 [label = "b"];
	q20 -> q70 [label = "a"];
	q53 -> q66 [label = "b"];
	q90 -> q44 [label = "b"];
	q34 -> q79 [label = "c"];
	q39 -> q27 [label = "b"];
	q91 -> q72 [label = "a"];
	q88 -> q81 [label = "b"];
	q95 -> q35 [label = "a"];
	q93 -> q36 [label = "a"];
	q94 -> q80 [label = "a"];
	q89 -> q8 [label = "a"];
	q94 -> q16 [label = "c"];
	q29 -> q40 [label = "b"];
	q93 -> q50 [label = "c"];
	q5 -> q27 [label = "b"];
	q95 -> q17 [label = "c"];
	q30 -> q93 [label = "a"];
	q41 -> q14 [label = "c"];
	q49 -> q45 [label = "a"];
	q31 -> q73 [label = "c"];
	q97 -> q79 [label = "c"];
	q35 -> q79 [label = "c"];
	q88 -> q79 [label = "c"];
	q39 -> q23 [label = "c"];
	q90 -> q26 [label = "c"];
	q23 -> q65 [label = "c"];
	q6 -> q40 [label = "b"];
	q19 -> q6 [label = "c"];
	q29 -> q74 [label = "a"];
	q61 -> q40 [label = "b"];
	q49 -> q5 [label = "b"];
	q97 -> q67 [label = "b"];
	q71 -> q73 [label = "c"];
	q34 -> q45 [label = "a"];
	q91 -> q54 [label = "b"];
	q96 -> q73 [label = "c"];
	q45 -> q83 [label = "c"];
	q92 -> q44 [label = "b"];
	q96 -> q90 [label = "b"];
	q58 -> q60 [label = "a"];
	q35 -> q35 [label = "a"];
	q39 -> q86 [label = "a"];
	q54 -> q75 [label = "a"];
	q91 -> q65 [label = "c"];
	q41 -> q67 [label = "b"];
	q60 -> q41 [label = "a"];
	q95 -> q77 [label = "b"];
	q93 -> q77 [label = "b"];
	q2 -> q1 [label = "a"];
	q88 -> q76 [label = "a"];
	q40 -> q44 [label = "b"];
	q57 -> q66 [label = "b"];
	q16 -> q47 [label = "b"];
	q50 -> q47 [label = "b"];
	q4 -> q3 [label = "a"];
	q24 -> q47 [label = "b"];
	q92 -> q37 [label = "a"];
	q13 -> q59 [label = "a"];
	q61 -> q29 [label = "c"];
	q70 -> q24 [label = "c"];
	q65 -> q53 [label = "c"];
	q27 -> q27 [label = "b"];
	q41 -> q85 [label = "a"];
	q19 -> q18 [label = "a"];
	q26 -> q59 [label = "a"];
	q42 -> q15 [label = "a"];
	q67 -> q27 [label = "b"];
	q87 -> q53 [label = "c"];
	q76 -> q79 [label = "c"];
	q46 -> q17 [label = "c"];
	q40 -> q13 [label = "c"];
	q47 -> q50 [label = "c"];
	q97 -> q35 [label = "a"];
	q69 -> q67 [label = "b"];
	q90 -> q38 [label = "a"];
	q40 -> q70 [label = "a"];
	q47 -> q44 [label = "b"];
	q42 -> q40 [label = "b"];
	q76 -> q85 [label = "a"];
	q44 -> q57 [label = "c"];
	q38 -> q34 [label = "a"];
	q59 -> q44 [label = "b"];
	q33 -> q31 [label = "a"];
	q46 -> q81 [label = "b"];
	q33 -> q73 [label = "c"];
	q3 -> q2 [label = "a"];
	q48 -> q80 [label = "a"];
	q7 -> q40 [label = "b"];
	q55 -> q57 [label = "c"];
	q14 -> q40 [label = "b"];
	q5 -> q4 [label = "a"];
	q1 -> q21 [label = "c"];
	q6 -> q78 [label = "a"];
	q63 -> q48 [label = "a"];
	q4 -> q77 [label = "b"];
	q37 -> q67 [label = "b"];
	q2 -> q21 [label = "c"];
	q28 -> q40 [label = "b"];
	q18 -> q49 [label = "a"];
	q3 -> q79 [label = "c"];
	q9 -> q65 [label = "c"];
	q86 -> q77 [label = "b"];
	q15 -> q54 [label = "b"];
	q10 -> q29 [label = "c"];
	q12 -> q81 [label = "b"];
	q14 -> q15 [label = "a"];
	q54 -> q25 [label = "c"];
	q44 -> q56 [label = "a"];
	q11 -> q29 [label = "c"];
	q49 -> q79 [label = "c"];
	q20 -> q13 [label = "c"];
	q73 -> q90 [label = "b"];
	q16 -> q78 [label = "a"];
	q48 -> q16 [label = "c"];
	q22 -> q29 [label = "c"];
	q22 -> q40 [label = "b"];
	q83 -> q29 [label = "c"];
	q50 -> q65 [label = "c"];
	q74 -> q54 [label = "b"];
	q21 -> q29 [label = "c"];
	q29 -> q53 [label = "c"];
	q63 -> q28 [label = "c"];
	q17 -> q15 [label = "a"];
	q62 -> q71 [label = "c"];
	q23 -> q40 [label = "b"];
	q21 -> q78 [label = "a"];
	q0 -> q79 [label = "c"];
	q18 -> q71 [label = "c"];
	q42 -> q29 [label = "c"];
	q44 -> q27 [label = "b"];
	q57 -> q59 [label = "a"];
	q18 -> q30 [label = "b"];
	q46 -> q76 [label = "a"];
	q65 -> q74 [label = "a"];
	q48 -> q30 [label = "b"];
	q10 -> q72 [label = "a"];
	q13 -> q47 [label = "b"];
	q45 -> q39 [label = "b"];
	q35 -> q81 [label = "b"];
	q43 -> q53 [label = "c"];
	q50 -> q78 [label = "a"];
	q69 -> q12 [label = "a"];
	q45 -> q82 [label = "a"];
	q51 -> q77 [label = "b"];
	q53 -> q68 [label = "c"];
	q12 -> q14 [label = "c"];
	q56 -> q65 [label = "c"];
	q51 -> q76 [label = "a"];
	q53 -> q74 [label = "a"];
	q55 -> q44 [label = "b"];
	q32 -> q14 [label = "c"];
	q51 -> q17 [label = "c"];
	q55 -> q56 [label = "a"];
	q56 -> q64 [label = "a"];
	q58 -> q44 [label = "b"];
	q58 -> q61 [label = "c"];
	q64 -> q73 [label = "c"];
	q60 -> q50 [label = "c"];
	q59 -> q42 [label = "c"];
	q30 -> q7 [label = "c"];
	q5 -> q26 [label = "c"];
	q56 -> q58 [label = "b"];
	q74 -> q91 [label = "a"];
	q89 -> q44 [label = "b"];
	q54 -> q44 [label = "b"];
	q62 -> q39 [label = "b"];
	q72 -> q11 [label = "a"];
	q59 -> q62 [label = "a"];
	q36 -> q67 [label = "b"];
	q57 -> q43 [label = "c"];
	q63 -> q44 [label = "b"];
	q62 -> q49 [label = "a"];
	q65 -> q47 [label = "b"];
	q60 -> q67 [label = "b"];
	q64 -> q72 [label = "a"];
	q16 -> q29 [label = "c"];
	q66 -> q55 [label = "b"];
	q72 -> q73 [label = "c"];
	q19 -> q44 [label = "b"];
	q68 -> q68 [label = "c"];
	q64 -> q54 [label = "b"];
	q66 -> q52 [label = "a"];
	q68 -> q84 [label = "a"];
	q38 -> q33 [label = "c"];
	q17 -> q65 [label = "c"];
	q69 -> q24 [label = "c"];
	q72 -> q54 [label = "b"];
	q11 -> q54 [label = "b"];
	q67 -> q51 [label = "a"];
	q71 -> q47 [label = "b"];
	q66 -> q65 [label = "c"];
	q68 -> q87 [label = "b"];
	q61 -> q63 [label = "a"];
	q70 -> q88 [label = "a"];
	q67 -> q26 [label = "c"];
	q71 -> q89 [label = "a"];
	q73 -> q74 [label = "a"];
	q75 -> q92 [label = "b"];
}
DFA size: 98 states

NL* output after 14 EQ and 10912 MQ:
digraph finite_state_machine {
	rankdir=LR;
	node [shape = circle];
	s0 [shape = point, style = invis, start="true" ];
	s1 [shape = point, style = invis, start="true" ];
	s2 [shape = point, style = invis, start="true" ];
	s3 [shape = point, style = invis, start="true" ];
	s4 [shape = point, style = invis, start="true" ];
	s5 [shape = point, style = invis, start="true" ];
	s6 [shape = point, style = invis, start="true" ];
	s7 [shape = point, style = invis, start="true" ];
	s8 [shape = point, style = invis, start="true" ];
	q0 [label = "q0", shape = doublecircle, final="true" ];
	q1 [label = "q1"];
	q2 [label = "q2"];
	q3 [label = "q3", shape = doublecircle, final="true" ];
	q4 [label = "q4"];
	q5 [label = "q5", shape = doublecircle, final="true" ];
	q6 [label = "q6"];
	q7 [label = "q7", shape = doublecircle, final="true" ];
	q8 [label = "q8", shape = doublecircle, final="true" ];
	q9 [label = "q9"];
	q10 [label = "q10"];
	q11 [label = "q11"];
	q12 [label = "q12"];
	q13 [label = "q13"];
	q14 [label = "q14", shape = doublecircle, final="true" ];
	q15 [label = "q15"];
	q16 [label = "q16", shape = doublecircle, final="true" ];
	q17 [label = "q17"];
	q18 [label = "q18"];
	q19 [label = "q19", shape = doublecircle, final="true" ];
	q20 [label = "q20"];
	q21 [label = "q21", shape = doublecircle, final="true" ];
	q22 [label = "q22"];
	q23 [label = "q23", shape = doublecircle, final="true" ];
	q24 [label = "q24"];
	q25 [label = "q25"];
	q26 [label = "q26", shape = doublecircle, final="true" ];
	q27 [label = "q27", shape = doublecircle, final="true" ];
	q28 [label = "q28", shape = doublecircle, final="true" ];
	q29 [label = "q29", shape = doublecircle, final="true" ];
	q30 [label = "q30", shape = doublecircle, final="true" ];
	q31 [label = "q31", shape = doublecircle, final="true" ];
	q32 [label = "q32", shape = doublecircle, final="true" ];
	q33 [label = "q33"];
	q34 [label = "q34", shape = doublecircle, final="true" ];
	q35 [label = "q35"];
	q36 [label = "q36"];
	q37 [label = "q37"];
	q38 [label = "q38", shape = doublecircle, final="true" ];
	q39 [label = "q39", shape = doublecircle, final="true" ];
	q40 [label = "q40", shape = doublecircle, final="true" ];
	q41 [label = "q41"];
	q42 [label = "q42", shape = doublecircle, final="true" ];
	q43 [label = "q43", shape = doublecircle, final="true" ];
	q44 [label = "q44"];
	q45 [label = "q45", shape = doublecircle, final="true" ];
	q46 [label = "q46", shape = doublecircle, final="true" ];
	q47 [label = "q47", shape = doublecircle, final="true" ];
	q48 [label = "q48"];
	s0 -> q1
	s1 -> q9
	s2 -> q10
	s3 -> q11
	s4 -> q13
	s5 -> q24
	s6 -> q25
	s7 -> q44
	s8 -> q48
	q41 -> q46 [label = "c"];
	q47 -> q35 [label = "b"];
	q47 -> q25 [label = "b"];
	q47 -> q17 [label = "b"];
	q43 -> q38 [label = "a"];
	q43 -> q24 [label = "a"];
	q47 -> q48 [label = "b, c"];
	q47 -> q13 [label = "c"];
	q47 -> q10 [label = "c"];
	q47 -> q8 [label = "c"];
	q41 -> q23 [label = "a, c"];
	q41 -> q12 [label = "a"];
	q43 -> q48 [label = "b"];
	q43 -> q13 [label = "b"];
	q43 -> q10 [label = "b"];
	q43 -> q9 [label = "b"];
	q45 -> q47 [label = "c"];
	q40 -> q31 [label = "c"];
	q40 -> q30 [label = "c"];
	q40 -> q29 [label = "c"];
	q40 -> q28 [label = "c"];
	q40 -> q23 [label = "c"];
	q40 -> q13 [label = "c"];
	q40 -> q11 [label = "c"];
	q40 -> q10 [label = "c"];
	q40 -> q5 [label = "c"];
	q42 -> q38 [label = "a"];
	q42 -> q12 [label = "a"];
	q40 -> q25 [label = "b"];
	q46 -> q31 [label = "c"];
	q46 -> q30 [label = "c"];
	q40 -> q24 [label = "a, b"];
	q40 -> q2 [label = "a"];
	q42 -> q13 [label = "b"];
	q42 -> q9 [label = "b"];
	q44 -> q46 [label = "c"];
	q39 -> q21 [label = "a"];
	q37 -> q11 [label = "b"];
	q35 -> q46 [label = "c"];
	q35 -> q40 [label = "c"];
	q35 -> q31 [label = "c"];
	q45 -> q46 [label = "a, c"];
	q35 -> q23 [label = "c"];
	q35 -> q16 [label = "c"];
	q35 -> q8 [label = "c"];
	q36 -> q13 [label = "b"];
	q34 -> q31 [label = "c"];
	q34 -> q30 [label = "c"];
	q39 -> q36 [label = "b"];
	q39 -> q24 [label = "a, b"];
	q39 -> q17 [label = "b"];
	q37 -> q38 [label = "a"];
	q33 -> q46 [label = "c"];
	q33 -> q31 [label = "c"];
	q39 -> q44 [label = "b, c"];
	q39 -> q40 [label = "c"];
	q47 -> q2 [label = "b"];
	q39 -> q31 [label = "c"];
	q45 -> q31 [label = "c"];
	q39 -> q28 [label = "c"];
	q39 -> q23 [label = "c"];
	q39 -> q16 [label = "c"];
	q39 -> q13 [label = "c"];
	q39 -> q8 [label = "c"];
	q39 -> q1 [label = "c"];
	q35 -> q42 [label = "a"];
	q35 -> q37 [label = "a"];
	q35 -> q18 [label = "a"];
	q40 -> q8 [label = "c"];
	q35 -> q7 [label = "a"];
	q33 -> q13 [label = "b"];
	q33 -> q11 [label = "b"];
	q35 -> q29 [label = "c"];
	q37 -> q8 [label = "c"];
	q35 -> q44 [label = "b"];
	q35 -> q11 [label = "b"];
	q35 -> q10 [label = "b"];
	q33 -> q23 [label = "a, c"];
	q38 -> q44 [label = "b"];
	q39 -> q5 [label = "c"];
	q38 -> q11 [label = "b"];
	q36 -> q12 [label = "a"];
	q32 -> q31 [label = "c"];
	q38 -> q9 [label = "b"];
	q32 -> q8 [label = "c"];
	q38 -> q30 [label = "c"];
	q34 -> q41 [label = "a"];
	q41 -> q5 [label = "c"];
	q34 -> q37 [label = "a"];
	q34 -> q36 [label = "a"];
	q32 -> q44 [label = "b"];
	q46 -> q44 [label = "b"];
	q32 -> q13 [label = "b"];
	q32 -> q9 [label = "b"];
	q34 -> q48 [label = "b"];
	q34 -> q11 [label = "b"];
	q34 -> q10 [label = "b"];
	q32 -> q37 [label = "a"];
	q32 -> q24 [label = "a"];
	q31 -> q32 [label = "a"];
	q31 -> q23 [label = "a"];
	q29 -> q17 [label = "b"];
	q29 -> q2 [label = "b"];
	q40 -> q39 [label = "c"];
	q35 -> q48 [label = "b"];
	q27 -> q46 [label = "c"];
	q27 -> q40 [label = "c"];
	q27 -> q31 [label = "c"];
	q27 -> q30 [label = "c"];
	q31 -> q36 [label = "a"];
	q27 -> q23 [label = "c"];
	q27 -> q8 [label = "c"];
	q27 -> q5 [label = "c"];
	q30 -> q43 [label = "a"];
	q34 -> q12 [label = "a"];
	q30 -> q41 [label = "a"];
	q45 -> q23 [label = "a, c"];
	q30 -> q38 [label = "a"];
	q44 -> q8 [label = "c"];
	q30 -> q37 [label = "a"];
	q30 -> q36 [label = "a"];
	q30 -> q34 [label = "a"];
	q30 -> q27 [label = "a"];
	q30 -> q21 [label = "a"];
	q30 -> q12 [label = "a"];
	q30 -> q0 [label = "a"];
	q44 -> q39 [label = "c"];
	q28 -> q25 [label = "b"];
	q26 -> q8 [label = "c"];
	q38 -> q36 [label = "a"];
	q36 -> q11 [label = "b"];
	q31 -> q25 [label = "b"];
	q29 -> q38 [label = "a"];
	q32 -> q36 [label = "a"];
	q29 -> q32 [label = "a"];
	q29 -> q24 [label = "a, b"];
	q36 -> q10 [label = "b"];
	q29 -> q23 [label = "a"];
	q25 -> q46 [label = "c"];
	q25 -> q23 [label = "c"];
	q25 -> q8 [label = "c"];
	q25 -> q5 [label = "c"];
	q31 -> q48 [label = "c"];
	q31 -> q44 [label = "b, c"];
	q31 -> q31 [label = "c"];
	q31 -> q10 [label = "c"];
	q5 -> q16 [label = "c"];
	q4 -> q16 [label = "c"];
	q5 -> q13 [label = "c"];
	q14 -> q23 [label = "a, c"];
	q48 -> q39 [label = "c"];
	q5 -> q8 [label = "c"];
	q2 -> q12 [label = "a"];
	q19 -> q47 [label = "c"];
	q1 -> q45 [label = "a"];
	q1 -> q14 [label = "a"];
	q8 -> q8 [label = "c"];
	q1 -> q12 [label = "a"];
	q29 -> q25 [label = "b"];
	q29 -> q1 [label = "c"];
	q1 -> q7 [label = "a"];
	q13 -> q44 [label = "b"];
	q35 -> q39 [label = "c"];
	q14 -> q26 [label = "a"];
	q7 -> q16 [label = "c"];
	q5 -> q10 [label = "c"];
	q1 -> q46 [label = "c"];
	q1 -> q40 [label = "c"];
	q47 -> q0 [label = "a"];
	q30 -> q32 [label = "a"];
	q2 -> q46 [label = "c"];
	q19 -> q22 [label = "c"];
	q2 -> q8 [label = "c"];
	q20 -> q13 [label = "b"];
	q30 -> q5 [label = "c"];
	q37 -> q13 [label = "b"];
	q7 -> q37 [label = "a"];
	q5 -> q1 [label = "c"];
	q35 -> q5 [label = "c"];
	q14 -> q24 [label = "a"];
	q5 -> q31 [label = "c"];
	q19 -> q39 [label = "c"];
	q7 -> q23 [label = "a, c"];
	q43 -> q5 [label = "c"];
	q5 -> q25 [label = "b"];
	q25 -> q10 [label = "b"];
	q40 -> q21 [label = "a"];
	q31 -> q11 [label = "c"];
	q5 -> q9 [label = "b, c"];
	q11 -> q5 [label = "c"];
	q3 -> q29 [label = "c"];
	q1 -> q5 [label = "c"];
	q31 -> q8 [label = "c"];
	q3 -> q23 [label = "a, c"];
	q3 -> q8 [label = "c"];
	q9 -> q46 [label = "c"];
	q9 -> q39 [label = "c"];
	q21 -> q8 [label = "c"];
	q9 -> q5 [label = "c"];
	q15 -> q48 [label = "b"];
	q36 -> q31 [label = "c"];
	q15 -> q11 [label = "b"];
	q32 -> q11 [label = "b"];
	q15 -> q10 [label = "b"];
	q37 -> q23 [label = "a"];
	q15 -> q9 [label = "b"];
	q23 -> q30 [label = "c"];
	q34 -> q24 [label = "a"];
	q20 -> q40 [label = "c"];
	q19 -> q16 [label = "c"];
	q12 -> q11 [label = "b"];
	q1 -> q39 [label = "c"];
	q35 -> q9 [label = "b"];
	q3 -> q11 [label = "b"];
	q3 -> q47 [label = "c"];
	q14 -> q38 [label = "a"];
	q14 -> q31 [label = "a, c"];
	q10 -> q8 [label = "c"];
	q14 -> q29 [label = "a, c"];
	q14 -> q36 [label = "a"];
	q9 -> q8 [label = "c"];
	q15 -> q37 [label = "a"];
	q39 -> q46 [label = "c"];
	q34 -> q13 [label = "b"];
	q19 -> q11 [label = "c"];
	q40 -> q1 [label = "c"];
	q15 -> q6 [label = "a"];
	q20 -> q46 [label = "c"];
	q21 -> q33 [label = "a"];
	q13 -> q6 [label = "a"];
	q20 -> q29 [label = "c"];
	q28 -> q5 [label = "c"];
	q20 -> q8 [label = "c"];
	q16 -> q48 [label = "b, c"];
	q16 -> q36 [label = "a"];
	q24 -> q11 [label = "b"];
	q15 -> q1 [label = "b"];
	q16 -> q17 [label = "a"];
	q16 -> q16 [label = "c"];
	q15 -> q33 [label = "a"];
	q6 -> q46 [label = "c"];
	q43 -> q32 [label = "a"];
	q26 -> q12 [label = "a, b"];
	q18 -> q11 [label = "b"];
	q36 -> q37 [label = "a"];
	q15 -> q46 [label = "c"];
	q22 -> q46 [label = "c"];
	q10 -> q40 [label = "c"];
	q40 -> q48 [label = "b, c"];
	q22 -> q13 [label = "b"];
	q30 -> q2 [label = "a"];
	q18 -> q38 [label = "a"];
	q19 -> q45 [label = "c"];
	q3 -> q28 [label = "c"];
	q23 -> q31 [label = "c"];
	q6 -> q16 [label = "c"];
	q18 -> q12 [label = "a"];
	q26 -> q41 [label = "b"];
	q22 -> q11 [label = "b"];
	q20 -> q38 [label = "a"];
	q17 -> q5 [label = "c"];
	q42 -> q23 [label = "a, c"];
	q39 -> q35 [label = "b"];
	q31 -> q38 [label = "a"];
	q1 -> q4 [label = "a"];
	q7 -> q38 [label = "a"];
	q29 -> q13 [label = "c"];
	q40 -> q47 [label = "c"];
	q18 -> q13 [label = "b"];
	q34 -> q1 [label = "b"];
	q30 -> q17 [label = "a"];
	q19 -> q24 [label = "a, b, c"];
	q42 -> q16 [label = "c"];
	q26 -> q23 [label = "a"];
	q18 -> q5 [label = "c"];
	q28 -> q12 [label = "a"];
	q31 -> q34 [label = "a"];
	q5 -> q48 [label = "b, c"];
	q43 -> q36 [label = "a"];
	q35 -> q3 [label = "a"];
	q4 -> q32 [label = "a"];
	q17 -> q16 [label = "c"];
	q0 -> q20 [label = "b"];
	q17 -> q10 [label = "b"];
	q20 -> q44 [label = "b"];
	q18 -> q31 [label = "c"];
	q3 -> q5 [label = "c"];
	q40 -> q46 [label = "c"];
	q18 -> q39 [label = "c"];
	q29 -> q46 [label = "a"];
	q28 -> q10 [label = "a, c"];
	q40 -> q9 [label = "b, c"];
	q27 -> q16 [label = "c"];
	q25 -> q48 [label = "b"];
	q16 -> q44 [label = "b, c"];
	q7 -> q8 [label = "c"];
	q17 -> q37 [label = "a"];
	q47 -> q11 [label = "c"];
	q48 -> q40 [label = "c"];
	q8 -> q46 [label = "c"];
	q5 -> q5 [label = "c"];
	q29 -> q34 [label = "a"];
	q18 -> q8 [label = "c"];
	q41 -> q10 [label = "b"];
	q0 -> q46 [label = "a"];
	q34 -> q9 [label = "b"];
	q2 -> q5 [label = "c"];
	q6 -> q23 [label = "a, c"];
	q20 -> q9 [label = "b"];
	q48 -> q45 [label = "a"];
	q16 -> q24 [label = "a, b"];
	q15 -> q16 [label = "c"];
	q42 -> q47 [label = "c"];
	q13 -> q12 [label = "a"];
	q19 -> q5 [label = "b, c"];
	q42 -> q39 [label = "c"];
	q42 -> q11 [label = "b"];
	q43 -> q16 [label = "c"];
	q14 -> q12 [label = "a"];
	q42 -> q5 [label = "c"];
	q1 -> q23 [label = "c"];
	q2 -> q16 [label = "c"];
	q10 -> q5 [label = "c"];
	q9 -> q23 [label = "c"];
	q44 -> q44 [label = "b"];
	q10 -> q44 [label = "b"];
	q3 -> q31 [label = "c"];
	q15 -> q20 [label = "a"];
	q22 -> q31 [label = "c"];
	q39 -> q9 [label = "b, c"];
	q16 -> q1 [label = "c"];
	q40 -> q44 [label = "b, c"];
	q18 -> q46 [label = "c"];
	q21 -> q12 [label = "a"];
	q20 -> q31 [label = "c"];
	q31 -> q9 [label = "c"];
	q19 -> q46 [label = "b, c"];
	q31 -> q24 [label = "a, b"];
	q47 -> q12 [label = "a"];
	q8 -> q31 [label = "c"];
	q14 -> q37 [label = "a"];
	q47 -> q23 [label = "a"];
	q19 -> q48 [label = "b, c"];
	q30 -> q39 [label = "c"];
	q8 -> q13 [label = "c"];
	q35 -> q1 [label = "b"];
	q43 -> q8 [label = "c"];
	q16 -> q2 [label = "a"];
	q26 -> q18 [label = "b"];
	q19 -> q21 [label = "a, b, c"];
	q0 -> q30 [label = "c"];
	q5 -> q2 [label = "a"];
	q7 -> q46 [label = "a, c"];
	q1 -> q8 [label = "c"];
	q4 -> q23 [label = "a, c"];
	q0 -> q31 [label = "a, c"];
	q41 -> q11 [label = "b"];
	q19 -> q9 [label = "b, c"];
	q20 -> q16 [label = "c"];
	q14 -> q32 [label = "a"];
	q35 -> q33 [label = "a"];
	q19 -> q23 [label = "b, c"];
	q14 -> q1 [label = "c"];
	q48 -> q3 [label = "a"];
	q3 -> q38 [label = "a"];
	q6 -> q31 [label = "c"];
	q30 -> q23 [label = "a, c"];
	q42 -> q44 [label = "b"];
	q26 -> q22 [label = "b"];
	q43 -> q31 [label = "c"];
	q45 -> q11 [label = "b"];
	q42 -> q28 [label = "c"];
	q33 -> q29 [label = "c"];
	q25 -> q39 [label = "c"];
	q9 -> q45 [label = "a"];
	q17 -> q46 [label = "c"];
	q18 -> q29 [label = "c"];
	q48 -> q5 [label = "c"];
	q48 -> q7 [label = "a"];
	q31 -> q30 [label = "c"];
	q48 -> q23 [label = "c"];
	q16 -> q9 [label = "b, c"];
	q16 -> q13 [label = "c"];
	q28 -> q1 [label = "c"];
	q47 -> q38 [label = "a"];
	q26 -> q44 [label = "b, c"];
	q43 -> q44 [label = "b"];
	q47 -> q24 [label = "a, b"];
	q26 -> q30 [label = "c"];
	q18 -> q37 [label = "a"];
	q17 -> q33 [label = "a"];
	q16 -> q10 [label = "c"];
	q5 -> q11 [label = "c"];
	q6 -> q32 [label = "a"];
	q19 -> q27 [label = "b, c"];
	q43 -> q28 [label = "c"];
	q21 -> q48 [label = "b"];
	q42 -> q37 [label = "a"];
	q46 -> q24 [label = "a"];
	q19 -> q20 [label = "c"];
	q1 -> q19 [label = "c"];
	q43 -> q30 [label = "c"];
	q41 -> q31 [label = "c"];
	q17 -> q11 [label = "b"];
	q17 -> q44 [label = "b"];
	q30 -> q10 [label = "a, c"];
	q5 -> q44 [label = "b, c"];
	q28 -> q31 [label = "c"];
	q38 -> q8 [label = "c"];
	q25 -> q44 [label = "b"];
	q17 -> q12 [label = "a"];
	q37 -> q31 [label = "c"];
	q11 -> q12 [label = "a"];
	q4 -> q11 [label = "b"];
	q3 -> q16 [label = "c"];
	q26 -> q46 [label = "a"];
	q3 -> q39 [label = "c"];
	q42 -> q29 [label = "c"];
	q5 -> q28 [label = "c"];
	q44 -> q23 [label = "c"];
	q17 -> q40 [label = "c"];
	q23 -> q8 [label = "c"];
	q26 -> q32 [label = "a"];
	q22 -> q29 [label = "c"];
	q28 -> q2 [label = "a"];
	q22 -> q23 [label = "a, c"];
	q23 -> q44 [label = "b"];
	q43 -> q46 [label = "a, c"];
	q19 -> q34 [label = "b, c"];
	q48 -> q8 [label = "c"];
	q19 -> q2 [label = "a, b, c"];
	q9 -> q3 [label = "a"];
	q24 -> q13 [label = "b"];
	q19 -> q40 [label = "b, c"];
	q10 -> q46 [label = "c"];
	q16 -> q23 [label = "c"];
	q27 -> q37 [label = "a"];
	q44 -> q45 [label = "a"];
	q17 -> q9 [label = "b"];
	q17 -> q13 [label = "b"];
	q17 -> q1 [label = "b"];
	q19 -> q8 [label = "b, c"];
	q11 -> q6 [label = "a"];
	q5 -> q30 [label = "c"];
	q19 -> q10 [label = "c"];
	q30 -> q1 [label = "c"];
	q0 -> q22 [label = "b"];
	q28 -> q9 [label = "b, c"];
	q30 -> q31 [label = "c"];
	q15 -> q13 [label = "b"];
	q21 -> q16 [label = "c"];
	q17 -> q8 [label = "c"];
	q10 -> q4 [label = "a"];
	q19 -> q36 [label = "b, c"];
	q10 -> q12 [label = "a"];
	q19 -> q32 [label = "b, c"];
	q46 -> q9 [label = "b"];
	q7 -> q31 [label = "c"];
	q14 -> q16 [label = "c"];
	q43 -> q23 [label = "a, c"];
	q21 -> q23 [label = "c"];
	q19 -> q35 [label = "b, c"];
	q26 -> q15 [label = "b"];
	q11 -> q23 [label = "c"];
	q30 -> q47 [label = "c"];
	q26 -> q20 [label = "b"];
	q42 -> q8 [label = "c"];
	q16 -> q31 [label = "c"];
	q39 -> q11 [label = "c"];
	q43 -> q40 [label = "c"];
	q27 -> q36 [label = "a"];
	q19 -> q43 [label = "c"];
	q4 -> q12 [label = "a"];
	q1 -> q6 [label = "a"];
	q26 -> q6 [label = "b"];
	q16 -> q25 [label = "b"];
	q20 -> q23 [label = "a, c"];
	q46 -> q8 [label = "c"];
	q28 -> q21 [label = "a"];
	q48 -> q12 [label = "a"];
	q20 -> q27 [label = "a"];
	q6 -> q38 [label = "a"];
	q48 -> q46 [label = "c"];
	q17 -> q18 [label = "a"];
	q0 -> q47 [label = "a"];
	q20 -> q32 [label = "a"];
	q17 -> q23 [label = "c"];
	q11 -> q46 [label = "c"];
	q23 -> q9 [label = "b"];
	q16 -> q5 [label = "c"];
	q13 -> q8 [label = "c"];
	q47 -> q37 [label = "a"];
	q21 -> q28 [label = "c"];
	q2 -> q48 [label = "b"];
	q16 -> q8 [label = "c"];
	q11 -> q44 [label = "b"];
	q29 -> q35 [label = "b"];
	q7 -> q28 [label = "c"];
	q0 -> q11 [label = "b, c"];
	q16 -> q11 [label = "c"];
	q47 -> q36 [label = "a, b"];
	q16 -> q28 [label = "c"];
	q16 -> q30 [label = "c"];
	q0 -> q17 [label = "b"];
	q30 -> q8 [label = "c"];
	q47 -> q30 [label = "c"];
	q2 -> q31 [label = "c"];
	q16 -> q40 [label = "c"];
	q4 -> q39 [label = "c"];
	q19 -> q44 [label = "b, c"];
	q47 -> q46 [label = "a"];
	q16 -> q46 [label = "c"];
	q26 -> q47 [label = "a"];
	q20 -> q5 [label = "c"];
	q4 -> q37 [label = "a"];
	q32 -> q12 [label = "a"];
	q42 -> q46 [label = "a, c"];
	q5 -> q40 [label = "c"];
	q5 -> q46 [label = "c"];
	q14 -> q8 [label = "c"];
	q4 -> q38 [label = "a"];
	q15 -> q44 [label = "b"];
	q47 -> q32 [label = "a"];
	q0 -> q27 [label = "a"];
	q42 -> q43 [label = "a"];
	q19 -> q1 [label = "c"];
	q0 -> q1 [label = "b, c"];
	q5 -> q23 [label = "c"];
	q0 -> q9 [label = "b, c"];
	q43 -> q11 [label = "b"];
	q29 -> q30 [label = "c"];
	q0 -> q8 [label = "c"];
	q21 -> q22 [label = "a"];
	q0 -> q10 [label = "b, c"];
	q2 -> q10 [label = "b"];
	q28 -> q32 [label = "a"];
	q0 -> q25 [label = "b"];
	q14 -> q9 [label = "c"];
	q28 -> q28 [label = "c"];
	q0 -> q44 [label = "b, c"];
	q2 -> q33 [label = "a"];
	q0 -> q48 [label = "b, c"];
	q19 -> q6 [label = "c"];
	q0 -> q2 [label = "b"];
	q0 -> q4 [label = "b"];
	q47 -> q31 [label = "c"];
	q0 -> q15 [label = "b"];
	q0 -> q6 [label = "b"];
	q38 -> q13 [label = "b"];
	q0 -> q32 [label = "a"];
	q0 -> q12 [label = "a, b"];
	q34 -> q8 [label = "c"];
	q0 -> q18 [label = "b"];
	q14 -> q13 [label = "c"];
	q6 -> q8 [label = "c"];
	q7 -> q5 [label = "c"];
	q6 -> q29 [label = "c"];
	q18 -> q23 [label = "a, c"];
	q6 -> q39 [label = "c"];
	q47 -> q34 [label = "a"];
	q2 -> q1 [label = "b"];
	q26 -> q1 [label = "b, c"];
	q8 -> q23 [label = "c"];
	q29 -> q36 [label = "a, b"];
	q27 -> q44 [label = "b"];
	q44 -> q12 [label = "a"];
	q2 -> q9 [label = "b"];
	q18 -> q16 [label = "c"];
	q30 -> q28 [label = "c"];
	q2 -> q11 [label = "b"];
	q40 -> q16 [label = "c"];
	q21 -> q44 [label = "b"];
	q28 -> q44 [label = "b, c"];
	q2 -> q13 [label = "b"];
	q38 -> q24 [label = "a"];
	q10 -> q23 [label = "c"];
	q14 -> q11 [label = "b, c"];
	q34 -> q44 [label = "b"];
	q0 -> q37 [label = "a, b"];
	q8 -> q30 [label = "c"];
	q7 -> q29 [label = "c"];
	q2 -> q44 [label = "b"];
	q0 -> q23 [label = "a"];
	q36 -> q8 [label = "c"];
	q0 -> q43 [label = "a"];
	q8 -> q9 [label = "c"];
	q4 -> q5 [label = "c"];
	q26 -> q37 [label = "a, b"];
	q4 -> q8 [label = "c"];
	q4 -> q29 [label = "c"];
	q4 -> q31 [label = "c"];
	q47 -> q44 [label = "b, c"];
	q32 -> q30 [label = "c"];
	q19 -> q26 [label = "c"];
	q4 -> q40 [label = "c"];
	q4 -> q46 [label = "c"];
	q12 -> q31 [label = "c"];
	q24 -> q8 [label = "c"];
	q8 -> q21 [label = "a"];
	q8 -> q24 [label = "a, b"];
	q0 -> q41 [label = "a, b"];
	q14 -> q5 [label = "c"];
	q8 -> q44 [label = "b, c"];
	q29 -> q48 [label = "b, c"];
	q35 -> q13 [label = "b"];
	q14 -> q28 [label = "c"];
	q14 -> q30 [label = "c"];
	q14 -> q39 [label = "c"];
	q30 -> q25 [label = "b"];
	q14 -> q40 [label = "c"];
	q39 -> q25 [label = "b"];
	q31 -> q13 [label = "c"];
	q0 -> q36 [label = "a, b"];
	q14 -> q44 [label = "c"];
	q47 -> q9 [label = "b, c"];
	q14 -> q48 [label = "c"];
	q26 -> q31 [label = "a, c"];
	q10 -> q6 [label = "a"];
	q8 -> q25 [label = "b"];
	q5 -> q24 [label = "a, b"];
	q0 -> q26 [label = "a"];
	q12 -> q23 [label = "a"];
	q8 -> q1 [label = "c"];
	q8 -> q5 [label = "c"];
	q8 -> q10 [label = "c"];
	q8 -> q11 [label = "c"];
	q17 -> q31 [label = "c"];
	q8 -> q16 [label = "c"];
	q8 -> q40 [label = "c"];
	q19 -> q42 [label = "c"];
	q14 -> q15 [label = "b"];
	q13 -> q23 [label = "c"];
	q38 -> q31 [label = "c"];
	q0 -> q13 [label = "b, c"];
	q19 -> q12 [label = "c"];
	q13 -> q46 [label = "c"];
	q26 -> q38 [label = "a"];
	q27 -> q28 [label = "c"];
	q7 -> q11 [label = "b"];
	q8 -> q48 [label = "c"];
	q9 -> q12 [label = "a"];
	q15 -> q5 [label = "c"];
	q22 -> q10 [label = "b"];
	q19 -> q7 [label = "c"];
	q29 -> q31 [label = "c"];
	q17 -> q48 [label = "b"];
	q26 -> q4 [label = "b"];
	q7 -> q12 [label = "a"];
	q9 -> q44 [label = "b"];
	q19 -> q0 [label = "c"];
	q19 -> q28 [label = "c"];
	q41 -> q16 [label = "c"];
	q19 -> q3 [label = "c"];
	q19 -> q4 [label = "c"];
	q31 -> q1 [label = "c"];
	q19 -> q13 [label = "c"];
	q39 -> q48 [label = "b, c"];
	q7 -> q39 [label = "c"];
	q19 -> q14 [label = "c"];
	q39 -> q30 [label = "c"];
	q42 -> q31 [label = "c"];
	q19 -> q15 [label = "c"];
	q19 -> q18 [label = "c"];
	q19 -> q29 [label = "c"];
	q0 -> q35 [label = "b"];
	q19 -> q30 [label = "c"];
	q15 -> q12 [label = "a"];
	q19 -> q31 [label = "c"];
	q19 -> q37 [label = "c"];
	q39 -> q10 [label = "c"];
	q14 -> q46 [label = "a, c"];
	q21 -> q1 [label = "b"];
	q21 -> q9 [label = "b"];
	q21 -> q10 [label = "b"];
	q21 -> q11 [label = "b"];
	q21 -> q13 [label = "b"];
	q23 -> q24 [label = "a"];
	q3 -> q46 [label = "a, c"];
	q0 -> q29 [label = "a"];
	q26 -> q2 [label = "b"];
	q7 -> q47 [label = "c"];
	q26 -> q9 [label = "b, c"];
	q26 -> q10 [label = "b, c"];
	q14 -> q47 [label = "a, c"];
	q26 -> q11 [label = "b, c"];
	q2 -> q23 [label = "c"];
	q13 -> q5 [label = "c"];
	q6 -> q11 [label = "b"];
	q26 -> q13 [label = "b, c"];
	q26 -> q17 [label = "b"];
	q26 -> q24 [label = "a, b"];
	q21 -> q31 [label = "c"];
	q26 -> q25 [label = "b"];
	q44 -> q5 [label = "c"];
	q26 -> q29 [label = "a"];
	q8 -> q2 [label = "a"];
	q25 -> q12 [label = "a"];
	q26 -> q33 [label = "b"];
	q41 -> q8 [label = "c"];
	q8 -> q28 [label = "c"];
	q25 -> q1 [label = "b"];
	q45 -> q29 [label = "c"];
	q26 -> q35 [label = "b"];
	q39 -> q2 [label = "a, b"];
	q1 -> q3 [label = "a"];
	q26 -> q36 [label = "a, b"];
	q27 -> q11 [label = "b"];
	q28 -> q16 [label = "c"];
	q26 -> q48 [label = "b, c"];
	q19 -> q38 [label = "b, c"];
	q28 -> q8 [label = "c"];
	q19 -> q25 [label = "b, c"];
	q28 -> q11 [label = "a, c"];
	q30 -> q46 [label = "a, c"];
	q28 -> q30 [label = "c"];
	q24 -> q12 [label = "a"];
	q28 -> q40 [label = "c"];
	q19 -> q17 [label = "b, c"];
	q28 -> q23 [label = "a, c"];
	q28 -> q46 [label = "a, c"];
	q28 -> q48 [label = "b, c"];
	q35 -> q12 [label = "a"];
	q30 -> q9 [label = "c"];
	q24 -> q10 [label = "b"];
	q0 -> q38 [label = "a"];
	q26 -> q0 [label = "a"];
	q26 -> q26 [label = "a"];
	q20 -> q11 [label = "b"];
	q28 -> q34 [label = "a"];
	q26 -> q34 [label = "a"];
	q21 -> q46 [label = "c"];
	q27 -> q9 [label = "b"];
	q19 -> q33 [label = "c"];
	q30 -> q11 [label = "a, c"];
	q6 -> q40 [label = "c"];
	q28 -> q13 [label = "a, c"];
	q30 -> q13 [label = "a, c"];
	q30 -> q16 [label = "c"];
	q14 -> q10 [label = "c"];
	q30 -> q29 [label = "c"];
	q30 -> q30 [label = "c"];
	q30 -> q40 [label = "c"];
	q40 -> q40 [label = "c"];
	q30 -> q44 [label = "b, c"];
	q48 -> q44 [label = "b"];
	q28 -> q0 [label = "a"];
	q28 -> q17 [label = "a"];
	q0 -> q33 [label = "b"];
	q28 -> q24 [label = "a, b"];
	q28 -> q27 [label = "a"];
	q20 -> q39 [label = "c"];
	q28 -> q36 [label = "a"];
	q46 -> q48 [label = "b"];
	q28 -> q37 [label = "a"];
	q31 -> q46 [label = "a"];
	q28 -> q38 [label = "a"];
	q28 -> q41 [label = "a"];
	q28 -> q43 [label = "a"];
	q41 -> q38 [label = "a"];
	q30 -> q24 [label = "a, b"];
	q6 -> q5 [label = "c"];
	q30 -> q48 [label = "c"];
	q25 -> q45 [label = "a"];
	q41 -> q37 [label = "a"];
	q27 -> q13 [label = "b"];
	q21 -> q5 [label = "c"];
	q29 -> q11 [label = "c"];
	q47 -> q1 [label = "c"];
	q19 -> q41 [label = "c"];
	q29 -> q8 [label = "c"];
	q0 -> q24 [label = "a, b"];
	q29 -> q9 [label = "b, c"];
	q35 -> q45 [label = "a"];
	q29 -> q10 [label = "c"];
	q29 -> q44 [label = "b, c"];
	q1 -> q44 [label = "b"];
	q25 -> q9 [label = "b"];
	q41 -> q13 [label = "b"];
	q25 -> q11 [label = "b"];
	q15 -> q23 [label = "c"];
	q25 -> q13 [label = "b"];
	q27 -> q12 [label = "a"];
	q27 -> q24 [label = "a"];
}
NFA size: 49 states

