Random target AFA:
digraph finite_state_machine {
	rankdir=LR;
	node [shape = circle];
	s0 [shape = point, style = invis, start="true" ];
	s1 [shape = point, style = invis, start="true" ];
	q0 [label = "q0"];
	q1 [label = "q1", shape = doublecircle, final="true" ];
	q2 [label = "q2"];
	q3 [label = "q3"];
	q4 [label = "q4"];
	q5 [label = "q5", shape = doublecircle, final="true" ];
	m0 [label = "", shape = square, style = filled, color=grey, fixedsize=true, width=.2];
	m1 [label = "", shape = square, style = filled, color=grey, fixedsize=true, width=.2];
	m2 [label = "", shape = square, style = filled, color=grey, fixedsize=true, width=.2];
	m3 [label = "", shape = square, style = filled, color=grey, fixedsize=true, width=.2];
	m4 [label = "", shape = square, style = filled, color=grey, fixedsize=true, width=.2];
	s0 -> q1
	s1 -> q1
	q2 -> m2 [label = "c"];
	q4 -> q5 [label = "b"];
	q2 -> m3 [label = "c"];
	q5 -> q2 [label = "a"];
	q3 -> q5 [label = "a"];
	q3 -> m4 [label = "c"];
	q3 -> q3 [label = "b"];
	q1 -> q3 [label = "a"];
	q1 -> q2 [label = "b"];
	q5 -> q0 [label = "c"];
	q4 -> q4 [label = "b, c"];
	q1 -> q5 [label = "c"];
	q0 -> m1 [label = "c"];
	q4 -> q3 [label = "c"];
	q5 -> m1 [label = "a"];
	q1 -> q4 [label = "a, b"];
	q0 -> q5 [label = "a, c"];
	q2 -> q1 [label = "b"];
	q3 -> q1 [label = "b, c"];
	q2 -> q4 [label = "b"];
	q0 -> q0 [label = "a"];
	q0 -> q1 [label = "b"];
	q0 -> m0 [label = "b"];
	q5 -> m2 [label = "b"];
	q2 -> q0 [label = "a"];
	q2 -> q3 [label = "a"];
	q5 -> q5 [label = "b, c"];
	q4 -> q0 [label = "a"];
	q4 -> m0 [label = "a"];
	m0 -> q0;
	m0 -> q5;
	m1 -> q0;
	m1 -> q3;
	m2 -> q3;
	m2 -> q5;
	m3 -> q2;
	m3 -> q4;
	m4 -> q3;
	m4 -> q4;
}

L* output after 9 EQ and 4431 MQ:
digraph finite_state_machine {
	rankdir=LR;
	node [shape = circle];
	s0 [shape = point, style = invis, start="true" ];
	q0 [label = "q0", shape = doublecircle, final="true" ];
	q1 [label = "q1", shape = doublecircle, final="true" ];
	q2 [label = "q2", shape = doublecircle, final="true" ];
	q3 [label = "q3", shape = doublecircle, final="true" ];
	q4 [label = "q4"];
	q5 [label = "q5"];
	q6 [label = "q6", shape = doublecircle, final="true" ];
	q7 [label = "q7"];
	q8 [label = "q8", shape = doublecircle, final="true" ];
	q9 [label = "q9", shape = doublecircle, final="true" ];
	q10 [label = "q10", shape = doublecircle, final="true" ];
	q11 [label = "q11"];
	q12 [label = "q12", shape = doublecircle, final="true" ];
	q13 [label = "q13", shape = doublecircle, final="true" ];
	q14 [label = "q14"];
	q15 [label = "q15", shape = doublecircle, final="true" ];
	q16 [label = "q16", shape = doublecircle, final="true" ];
	q17 [label = "q17", shape = doublecircle, final="true" ];
	q18 [label = "q18"];
	q19 [label = "q19"];
	q20 [label = "q20", shape = doublecircle, final="true" ];
	q21 [label = "q21", shape = doublecircle, final="true" ];
	q22 [label = "q22"];
	q23 [label = "q23", shape = doublecircle, final="true" ];
	q24 [label = "q24"];
	q25 [label = "q25"];
	q26 [label = "q26", shape = doublecircle, final="true" ];
	q27 [label = "q27", shape = doublecircle, final="true" ];
	q28 [label = "q28", shape = doublecircle, final="true" ];
	q29 [label = "q29", shape = doublecircle, final="true" ];
	q30 [label = "q30", shape = doublecircle, final="true" ];
	q31 [label = "q31", shape = doublecircle, final="true" ];
	q32 [label = "q32", shape = doublecircle, final="true" ];
	q33 [label = "q33", shape = doublecircle, final="true" ];
	q34 [label = "q34", shape = doublecircle, final="true" ];
	q35 [label = "q35", shape = doublecircle, final="true" ];
	q36 [label = "q36"];
	s0 -> q20
	q18 -> q19 [label = "c"];
	q22 -> q8 [label = "a"];
	q17 -> q17 [label = "c"];
	q23 -> q2 [label = "b"];
	q19 -> q17 [label = "a"];
	q20 -> q19 [label = "a"];
	q16 -> q16 [label = "b, c"];
	q21 -> q5 [label = "a"];
	q22 -> q16 [label = "b, c"];
	q18 -> q13 [label = "b"];
	q16 -> q31 [label = "a"];
	q20 -> q15 [label = "c"];
	q15 -> q14 [label = "a"];
	q13 -> q32 [label = "b"];
	q11 -> q28 [label = "c"];
	q14 -> q8 [label = "a"];
	q12 -> q33 [label = "b"];
	q13 -> q22 [label = "a"];
	q6 -> q9 [label = "a"];
	q21 -> q27 [label = "c"];
	q7 -> q6 [label = "a"];
	q5 -> q6 [label = "a"];
	q1 -> q1 [label = "b"];
	q3 -> q0 [label = "c"];
	q7 -> q35 [label = "c"];
	q3 -> q32 [label = "b"];
	q1 -> q22 [label = "a"];
	q4 -> q8 [label = "a"];
	q4 -> q16 [label = "b"];
	q0 -> q0 [label = "c"];
	q6 -> q3 [label = "b"];
	q2 -> q36 [label = "a"];
	q17 -> q9 [label = "a"];
	q15 -> q15 [label = "b"];
	q0 -> q1 [label = "b"];
	q3 -> q22 [label = "a"];
	q25 -> q17 [label = "a"];
	q4 -> q10 [label = "c"];
	q19 -> q10 [label = "c"];
	q25 -> q30 [label = "b"];
	q19 -> q16 [label = "b"];
	q34 -> q35 [label = "c"];
	q34 -> q16 [label = "b"];
	q35 -> q31 [label = "a"];
	q35 -> q1 [label = "b"];
	q25 -> q35 [label = "c"];
	q24 -> q8 [label = "a"];
	q27 -> q16 [label = "b, c"];
	q13 -> q27 [label = "c"];
	q20 -> q18 [label = "b"];
	q14 -> q12 [label = "c"];
	q31 -> q29 [label = "a"];
	q9 -> q28 [label = "c"];
	q32 -> q36 [label = "a"];
	q17 -> q26 [label = "b"];
	q30 -> q10 [label = "b"];
	q29 -> q35 [label = "c"];
	q35 -> q0 [label = "c"];
	q31 -> q16 [label = "b, c"];
	q33 -> q7 [label = "a"];
	q33 -> q27 [label = "c"];
	q1 -> q27 [label = "c"];
	q28 -> q9 [label = "a"];
	q36 -> q8 [label = "a"];
	q26 -> q32 [label = "b"];
	q15 -> q17 [label = "c"];
	q29 -> q16 [label = "b"];
	q33 -> q2 [label = "b"];
	q32 -> q27 [label = "c"];
	q30 -> q27 [label = "a"];
	q36 -> q10 [label = "b"];
	q34 -> q31 [label = "a"];
	q29 -> q29 [label = "a"];
	q32 -> q13 [label = "b"];
	q28 -> q13 [label = "b"];
	q36 -> q35 [label = "c"];
	q26 -> q4 [label = "a"];
	q23 -> q28 [label = "c"];
	q8 -> q35 [label = "c"];
	q28 -> q28 [label = "c"];
	q30 -> q35 [label = "c"];
	q14 -> q21 [label = "b"];
	q24 -> q13 [label = "b"];
	q24 -> q28 [label = "c"];
	q2 -> q2 [label = "b"];
	q23 -> q24 [label = "a"];
	q5 -> q16 [label = "b, c"];
	q26 -> q17 [label = "c"];
	q9 -> q13 [label = "b"];
	q7 -> q10 [label = "b"];
	q11 -> q6 [label = "a"];
	q9 -> q29 [label = "a"];
	q11 -> q13 [label = "b"];
	q21 -> q32 [label = "b"];
	q12 -> q11 [label = "a"];
	q12 -> q23 [label = "c"];
	q8 -> q34 [label = "b"];
	q18 -> q25 [label = "a"];
	q27 -> q9 [label = "a"];
	q8 -> q9 [label = "a"];
	q10 -> q16 [label = "b, c"];
	q0 -> q9 [label = "a"];
	q2 -> q27 [label = "c"];
	q10 -> q27 [label = "a"];
	q6 -> q28 [label = "c"];
}
DFA size: 37 states

NL* output after 13 EQ and 3128 MQ:
digraph finite_state_machine {
	rankdir=LR;
	node [shape = circle];
	s0 [shape = point, style = invis, start="true" ];
	q0 [label = "q0", shape = doublecircle, final="true" ];
	q1 [label = "q1", shape = doublecircle, final="true" ];
	q2 [label = "q2"];
	q3 [label = "q3", shape = doublecircle, final="true" ];
	q4 [label = "q4"];
	q5 [label = "q5"];
	q6 [label = "q6", shape = doublecircle, final="true" ];
	q7 [label = "q7", shape = doublecircle, final="true" ];
	q8 [label = "q8"];
	q9 [label = "q9", shape = doublecircle, final="true" ];
	q10 [label = "q10"];
	q11 [label = "q11"];
	q12 [label = "q12", shape = doublecircle, final="true" ];
	q13 [label = "q13", shape = doublecircle, final="true" ];
	s0 -> q3
	q9 -> q10 [label = "a"];
	q11 -> q11 [label = "b"];
	q13 -> q12 [label = "c"];
	q13 -> q4 [label = "c"];
	q12 -> q8 [label = "a"];
	q8 -> q12 [label = "a"];
	q8 -> q11 [label = "a"];
	q10 -> q13 [label = "b"];
	q10 -> q3 [label = "b"];
	q12 -> q12 [label = "a, c"];
	q12 -> q10 [label = "a, c"];
	q12 -> q7 [label = "a, c"];
	q13 -> q10 [label = "c"];
	q0 -> q8 [label = "a"];
	q2 -> q13 [label = "b"];
	q2 -> q11 [label = "b"];
	q2 -> q5 [label = "b"];
	q2 -> q4 [label = "b"];
	q0 -> q3 [label = "b"];
	q6 -> q6 [label = "b, c"];
	q13 -> q7 [label = "c"];
	q0 -> q12 [label = "a, c"];
	q0 -> q10 [label = "a, c"];
	q0 -> q9 [label = "a, b, c"];
	q0 -> q6 [label = "a, b, c"];
	q5 -> q4 [label = "c"];
	q1 -> q11 [label = "a"];
	q1 -> q8 [label = "a"];
	q1 -> q4 [label = "a"];
	q1 -> q2 [label = "a"];
	q3 -> q5 [label = "b"];
	q1 -> q13 [label = "b"];
	q3 -> q4 [label = "a"];
	q5 -> q11 [label = "a"];
	q1 -> q9 [label = "c"];
	q1 -> q6 [label = "b, c"];
	q13 -> q9 [label = "c"];
	q8 -> q7 [label = "a"];
	q1 -> q0 [label = "c"];
	q6 -> q8 [label = "a"];
	q5 -> q9 [label = "b"];
	q11 -> q9 [label = "b, c"];
	q2 -> q6 [label = "a, c"];
	q10 -> q1 [label = "b"];
	q11 -> q7 [label = "a, c"];
	q2 -> q0 [label = "c"];
	q2 -> q7 [label = "a, c"];
	q0 -> q0 [label = "c"];
	q9 -> q9 [label = "c"];
	q9 -> q6 [label = "c"];
	q0 -> q13 [label = "b"];
	q11 -> q1 [label = "c"];
	q8 -> q13 [label = "b"];
	q10 -> q10 [label = "c"];
	q7 -> q8 [label = "a"];
	q10 -> q7 [label = "a, c"];
	q12 -> q9 [label = "a, b, c"];
	q13 -> q13 [label = "b"];
	q11 -> q0 [label = "c"];
	q9 -> q13 [label = "b"];
	q5 -> q3 [label = "b"];
	q13 -> q11 [label = "a, c"];
	q4 -> q13 [label = "b, c"];
	q8 -> q9 [label = "b, c"];
	q10 -> q12 [label = "a, c"];
	q12 -> q1 [label = "b"];
	q13 -> q0 [label = "c"];
	q11 -> q3 [label = "b, c"];
	q11 -> q10 [label = "c"];
	q2 -> q12 [label = "a, c"];
	q5 -> q1 [label = "b"];
	q4 -> q5 [label = "b, c"];
	q8 -> q3 [label = "b"];
	q8 -> q6 [label = "a"];
	q11 -> q8 [label = "b, c"];
	q2 -> q2 [label = "b"];
	q7 -> q7 [label = "a, c"];
	q12 -> q6 [label = "a, b, c"];
	q11 -> q12 [label = "c"];
	q13 -> q2 [label = "a, c"];
	q10 -> q6 [label = "a, b, c"];
	q4 -> q7 [label = "a, b"];
	q2 -> q8 [label = "b, c"];
	q6 -> q7 [label = "c"];
	q12 -> q3 [label = "b"];
	q0 -> q1 [label = "b"];
	q0 -> q7 [label = "a, c"];
	q5 -> q13 [label = "b"];
	q11 -> q2 [label = "b"];
	q5 -> q6 [label = "b"];
	q7 -> q6 [label = "a, b, c"];
	q1 -> q5 [label = "a, b"];
	q11 -> q6 [label = "a, c"];
	q7 -> q10 [label = "a"];
	q13 -> q6 [label = "b, c"];
	q7 -> q9 [label = "a"];
	q4 -> q1 [label = "b"];
	q7 -> q12 [label = "a"];
	q7 -> q3 [label = "b"];
	q10 -> q9 [label = "b, c"];
	q4 -> q9 [label = "b, c"];
	q1 -> q12 [label = "c"];
	q2 -> q1 [label = "c"];
	q2 -> q3 [label = "b, c"];
	q2 -> q9 [label = "b, c"];
	q1 -> q7 [label = "c"];
	q2 -> q10 [label = "b, c"];
	q4 -> q3 [label = "b, c"];
	q4 -> q0 [label = "b"];
	q4 -> q2 [label = "b, c"];
	q1 -> q10 [label = "a, c"];
	q4 -> q6 [label = "a, b"];
	q0 -> q5 [label = "b"];
	q3 -> q6 [label = "c"];
	q4 -> q12 [label = "b"];
	q4 -> q4 [label = "b, c"];
	q4 -> q11 [label = "b, c"];
	q4 -> q8 [label = "b, c"];
	q4 -> q10 [label = "b, c"];
}
NFA size: 14 states

AL* output after 13 EQ and 1228 MQ:
digraph finite_state_machine {
	rankdir=LR;
	node [shape = circle];
	s0 [shape = point, style = invis, start="true" ];
	q0 [label = "q0", shape = doublecircle, final="true" ];
	q1 [label = "q1"];
	q2 [label = "q2"];
	q3 [label = "q3", shape = doublecircle, final="true" ];
	q4 [label = "q4"];
	q5 [label = "q5"];
	q6 [label = "q6", shape = doublecircle, final="true" ];
	q7 [label = "q7", shape = doublecircle, final="true" ];
	m0 [label = "", shape = square, style = filled, color=grey, fixedsize=true, width=.2];
	m1 [label = "", shape = square, style = filled, color=grey, fixedsize=true, width=.2];
	m2 [label = "", shape = square, style = filled, color=grey, fixedsize=true, width=.2];
	m3 [label = "", shape = square, style = filled, color=grey, fixedsize=true, width=.2];
	m4 [label = "", shape = square, style = filled, color=grey, fixedsize=true, width=.2];
	m5 [label = "", shape = square, style = filled, color=grey, fixedsize=true, width=.2];
	m6 [label = "", shape = square, style = filled, color=grey, fixedsize=true, width=.2];
	m7 [label = "", shape = square, style = filled, color=grey, fixedsize=true, width=.2];
	m8 [label = "", shape = square, style = filled, color=grey, fixedsize=true, width=.2];
	m9 [label = "", shape = square, style = filled, color=grey, fixedsize=true, width=.2];
	m10 [label = "", shape = square, style = filled, color=grey, fixedsize=true, width=.2];
	m11 [label = "", shape = square, style = filled, color=grey, fixedsize=true, width=.2];
	m12 [label = "", shape = square, style = filled, color=grey, fixedsize=true, width=.2];
	m13 [label = "", shape = square, style = filled, color=grey, fixedsize=true, width=.2];
	s0 -> m0
	q2 -> m13 [label = "c"];
	q4 -> m0 [label = "b"];
	q1 -> m12 [label = "c"];
	q1 -> m9 [label = "c"];
	q1 -> m10 [label = "c"];
	q5 -> m5 [label = "a"];
	q6 -> m4 [label = "a"];
	q7 -> m7 [label = "b"];
	q6 -> m6 [label = "b, c"];
	q1 -> m11 [label = "c"];
	q4 -> m1 [label = "a, c"];
	q4 -> m6 [label = "b"];
	q7 -> m2 [label = "a, b"];
	q5 -> m1 [label = "b, c"];
	q7 -> m1 [label = "a"];
	q2 -> m0 [label = "b, c"];
	q0 -> m3 [label = "a"];
	q2 -> m1 [label = "b"];
	q3 -> m9 [label = "a"];
	q0 -> m2 [label = "a, b, c"];
	q7 -> m4 [label = "b"];
	q0 -> m1 [label = "a, c"];
	q4 -> m2 [label = "b, c"];
	q1 -> m2 [label = "b"];
	q0 -> m6 [label = "b, c"];
	q2 -> m5 [label = "a, c"];
	q5 -> m0 [label = "b, c"];
	q2 -> m6 [label = "a, c"];
	q4 -> m3 [label = "a"];
	q3 -> m0 [label = "b"];
	q5 -> m6 [label = "a, b"];
	q5 -> m2 [label = "b, c"];
	q1 -> m1 [label = "a"];
	q3 -> m4 [label = "a"];
	q0 -> m4 [label = "a, b"];
	q1 -> m6 [label = "a"];
	q6 -> m9 [label = "a"];
	q3 -> m5 [label = "a, c"];
	q3 -> m6 [label = "a, b, c"];
	q7 -> m6 [label = "c"];
	q6 -> m5 [label = "a, c"];
	q1 -> m0 [label = "b"];
	q0 -> m7 [label = "b"];
	q1 -> m8 [label = "b, c"];
	m0 -> q0;
	m0 -> q7;
	m1 -> q2;
	m1 -> q5;
	m2 -> q0;
	m2 -> q4;
	m2 -> q5;
	m3 -> q0;
	m3 -> q2;
	m3 -> q3;
	m3 -> q6;
	m3 -> q7;
	m4 -> q0;
	m4 -> q1;
	m4 -> q4;
	m4 -> q7;
	m5 -> q1;
	m5 -> q2;
	m5 -> q3;
	m5 -> q5;
	m6 -> q0;
	m6 -> q3;
	m6 -> q6;
	m7 -> q1;
	m7 -> q2;
	m7 -> q3;
	m7 -> q4;
	m7 -> q5;
	m8 -> q0;
	m8 -> q1;
	m8 -> q2;
	m8 -> q3;
	m8 -> q5;
	m8 -> q6;
	m9 -> q0;
	m9 -> q1;
	m9 -> q2;
	m9 -> q4;
	m9 -> q5;
	m10 -> q0;
	m10 -> q3;
	m10 -> q6;
	m10 -> q7;
	m11 -> q0;
	m11 -> q1;
	m11 -> q4;
	m11 -> q5;
	m11 -> q7;
	m12 -> q0;
	m12 -> q1;
	m12 -> q2;
	m12 -> q3;
	m12 -> q5;
	m12 -> q7;
	m13 -> q0;
	m13 -> q2;
	m13 -> q4;
	m13 -> q5;
}
AFA size: 8 states

AL** output after 14 EQ and 1228 MQ:
digraph finite_state_machine {
	rankdir=LR;
	node [shape = circle];
	s0 [shape = point, style = invis, start="true" ];
	q0 [label = "q0", shape = doublecircle, final="true" ];
	q1 [label = "q1"];
	q2 [label = "q2"];
	q3 [label = "q3", shape = doublecircle, final="true" ];
	q4 [label = "q4"];
	q5 [label = "q5"];
	q6 [label = "q6", shape = doublecircle, final="true" ];
	q7 [label = "q7", shape = doublecircle, final="true" ];
	m0 [label = "", shape = square, style = filled, color=grey, fixedsize=true, width=.2];
	m1 [label = "", shape = square, style = filled, color=grey, fixedsize=true, width=.2];
	m2 [label = "", shape = square, style = filled, color=grey, fixedsize=true, width=.2];
	m3 [label = "", shape = square, style = filled, color=grey, fixedsize=true, width=.2];
	m4 [label = "", shape = square, style = filled, color=grey, fixedsize=true, width=.2];
	m5 [label = "", shape = square, style = filled, color=grey, fixedsize=true, width=.2];
	m6 [label = "", shape = square, style = filled, color=grey, fixedsize=true, width=.2];
	m7 [label = "", shape = square, style = filled, color=grey, fixedsize=true, width=.2];
	m8 [label = "", shape = square, style = filled, color=grey, fixedsize=true, width=.2];
	m9 [label = "", shape = square, style = filled, color=grey, fixedsize=true, width=.2];
	m10 [label = "", shape = square, style = filled, color=grey, fixedsize=true, width=.2];
	m11 [label = "", shape = square, style = filled, color=grey, fixedsize=true, width=.2];
	m12 [label = "", shape = square, style = filled, color=grey, fixedsize=true, width=.2];
	m13 [label = "", shape = square, style = filled, color=grey, fixedsize=true, width=.2];
	s0 -> m0
	q2 -> m13 [label = "c"];
	q4 -> m0 [label = "b"];
	q1 -> m12 [label = "c"];
	q1 -> m9 [label = "c"];
	q1 -> m10 [label = "c"];
	q5 -> m5 [label = "a"];
	q6 -> m4 [label = "a"];
	q7 -> m7 [label = "b"];
	q6 -> m6 [label = "b, c"];
	q1 -> m11 [label = "c"];
	q4 -> m1 [label = "a, c"];
	q4 -> m6 [label = "b"];
	q7 -> m2 [label = "a, b"];
	q5 -> m1 [label = "b, c"];
	q7 -> m1 [label = "a"];
	q2 -> m0 [label = "b, c"];
	q0 -> m3 [label = "a"];
	q2 -> m1 [label = "b"];
	q3 -> m9 [label = "a"];
	q0 -> m2 [label = "a, b, c"];
	q7 -> m4 [label = "b"];
	q0 -> m1 [label = "a, c"];
	q4 -> m2 [label = "b, c"];
	q1 -> m2 [label = "b"];
	q0 -> m6 [label = "b, c"];
	q2 -> m5 [label = "a, c"];
	q5 -> m0 [label = "b, c"];
	q2 -> m6 [label = "a, c"];
	q4 -> m3 [label = "a"];
	q3 -> m0 [label = "b"];
	q5 -> m6 [label = "a, b"];
	q5 -> m2 [label = "b, c"];
	q1 -> m1 [label = "a"];
	q3 -> m4 [label = "a"];
	q0 -> m4 [label = "a, b"];
	q1 -> m6 [label = "a"];
	q6 -> m9 [label = "a"];
	q3 -> m5 [label = "a, c"];
	q3 -> m6 [label = "a, b, c"];
	q7 -> m6 [label = "c"];
	q6 -> m5 [label = "a, c"];
	q1 -> m0 [label = "b"];
	q0 -> m7 [label = "b"];
	q1 -> m8 [label = "b, c"];
	m0 -> q0;
	m0 -> q7;
	m1 -> q2;
	m1 -> q5;
	m2 -> q0;
	m2 -> q4;
	m2 -> q5;
	m3 -> q0;
	m3 -> q2;
	m3 -> q3;
	m3 -> q6;
	m3 -> q7;
	m4 -> q0;
	m4 -> q1;
	m4 -> q4;
	m4 -> q7;
	m5 -> q1;
	m5 -> q2;
	m5 -> q3;
	m5 -> q5;
	m6 -> q0;
	m6 -> q3;
	m6 -> q6;
	m7 -> q1;
	m7 -> q2;
	m7 -> q3;
	m7 -> q4;
	m7 -> q5;
	m8 -> q0;
	m8 -> q1;
	m8 -> q2;
	m8 -> q3;
	m8 -> q5;
	m8 -> q6;
	m9 -> q0;
	m9 -> q1;
	m9 -> q2;
	m9 -> q4;
	m9 -> q5;
	m10 -> q0;
	m10 -> q3;
	m10 -> q6;
	m10 -> q7;
	m11 -> q0;
	m11 -> q1;
	m11 -> q4;
	m11 -> q5;
	m11 -> q7;
	m12 -> q0;
	m12 -> q1;
	m12 -> q2;
	m12 -> q3;
	m12 -> q5;
	m12 -> q7;
	m13 -> q0;
	m13 -> q2;
	m13 -> q4;
	m13 -> q5;
}
RAFA size: 8 states

