Random target AFA:
digraph finite_state_machine {
	rankdir=LR;
	node [shape = circle];
	s0 [shape = point, style = invis, start="true" ];
	s1 [shape = point, style = invis, start="true" ];
	q0 [label = "q0"];
	q1 [label = "q1"];
	q2 [label = "q2", shape = doublecircle, final="true" ];
	q3 [label = "q3"];
	q4 [label = "q4"];
	q5 [label = "q5", shape = doublecircle, final="true" ];
	m0 [label = "", shape = square, style = filled, color=grey, fixedsize=true, width=.2];
	m1 [label = "", shape = square, style = filled, color=grey, fixedsize=true, width=.2];
	m2 [label = "", shape = square, style = filled, color=grey, fixedsize=true, width=.2];
	m3 [label = "", shape = square, style = filled, color=grey, fixedsize=true, width=.2];
	m4 [label = "", shape = square, style = filled, color=grey, fixedsize=true, width=.2];
	m5 [label = "", shape = square, style = filled, color=grey, fixedsize=true, width=.2];
	m6 [label = "", shape = square, style = filled, color=grey, fixedsize=true, width=.2];
	m7 [label = "", shape = square, style = filled, color=grey, fixedsize=true, width=.2];
	s0 -> q2
	s1 -> q1
	q3 -> q3 [label = "c"];
	q4 -> q5 [label = "a, b"];
	q4 -> q2 [label = "b, c"];
	q1 -> q0 [label = "b"];
	q0 -> q1 [label = "c"];
	q0 -> q0 [label = "b"];
	q2 -> q0 [label = "a"];
	q1 -> q5 [label = "b"];
	q3 -> m1 [label = "c"];
	q2 -> q3 [label = "b"];
	q0 -> q3 [label = "a"];
	q0 -> m0 [label = "a"];
	q2 -> q1 [label = "a"];
	q3 -> m6 [label = "a"];
	q0 -> q2 [label = "b"];
	q2 -> q2 [label = "b"];
	q5 -> q0 [label = "a"];
	q5 -> q1 [label = "b, c"];
	q1 -> q4 [label = "c"];
	q5 -> m3 [label = "c"];
	q1 -> q3 [label = "a, c"];
	q2 -> m1 [label = "c"];
	q1 -> m4 [label = "a"];
	q3 -> q1 [label = "b"];
	q3 -> m5 [label = "b"];
	q3 -> q5 [label = "a"];
	q2 -> m7 [label = "c"];
	q4 -> m2 [label = "a"];
	q0 -> m1 [label = "c"];
	q5 -> q2 [label = "b"];
	m0 -> q0;
	m0 -> q1;
	m1 -> q0;
	m1 -> q3;
	m2 -> q2;
	m2 -> q4;
	m3 -> q0;
	m3 -> q2;
	m4 -> q4;
	m4 -> q5;
	m5 -> q2;
	m5 -> q5;
	m6 -> q2;
	m6 -> q3;
	m7 -> q0;
	m7 -> q5;
}

L* output after 7 EQ and 7964 MQ:
digraph finite_state_machine {
	rankdir=LR;
	node [shape = circle];
	s0 [shape = point, style = invis, start="true" ];
	q0 [label = "q0", shape = doublecircle, final="true" ];
	q1 [label = "q1"];
	q2 [label = "q2", shape = doublecircle, final="true" ];
	q3 [label = "q3"];
	q4 [label = "q4", shape = doublecircle, final="true" ];
	q5 [label = "q5", shape = doublecircle, final="true" ];
	q6 [label = "q6"];
	q7 [label = "q7", shape = doublecircle, final="true" ];
	q8 [label = "q8"];
	q9 [label = "q9", shape = doublecircle, final="true" ];
	q10 [label = "q10", shape = doublecircle, final="true" ];
	q11 [label = "q11", shape = doublecircle, final="true" ];
	q12 [label = "q12"];
	q13 [label = "q13", shape = doublecircle, final="true" ];
	q14 [label = "q14"];
	q15 [label = "q15", shape = doublecircle, final="true" ];
	q16 [label = "q16", shape = doublecircle, final="true" ];
	q17 [label = "q17"];
	q18 [label = "q18", shape = doublecircle, final="true" ];
	q19 [label = "q19", shape = doublecircle, final="true" ];
	q20 [label = "q20"];
	q21 [label = "q21", shape = doublecircle, final="true" ];
	q22 [label = "q22"];
	q23 [label = "q23"];
	q24 [label = "q24"];
	q25 [label = "q25"];
	q26 [label = "q26", shape = doublecircle, final="true" ];
	q27 [label = "q27"];
	q28 [label = "q28"];
	q29 [label = "q29", shape = doublecircle, final="true" ];
	q30 [label = "q30"];
	q31 [label = "q31"];
	q32 [label = "q32", shape = doublecircle, final="true" ];
	q33 [label = "q33", shape = doublecircle, final="true" ];
	q34 [label = "q34", shape = doublecircle, final="true" ];
	q35 [label = "q35", shape = doublecircle, final="true" ];
	q36 [label = "q36"];
	q37 [label = "q37"];
	q38 [label = "q38", shape = doublecircle, final="true" ];
	q39 [label = "q39", shape = doublecircle, final="true" ];
	q40 [label = "q40"];
	q41 [label = "q41", shape = doublecircle, final="true" ];
	q42 [label = "q42", shape = doublecircle, final="true" ];
	q43 [label = "q43", shape = doublecircle, final="true" ];
	q44 [label = "q44"];
	q45 [label = "q45", shape = doublecircle, final="true" ];
	q46 [label = "q46"];
	q47 [label = "q47", shape = doublecircle, final="true" ];
	q48 [label = "q48"];
	q49 [label = "q49"];
	q50 [label = "q50"];
	q51 [label = "q51", shape = doublecircle, final="true" ];
	q52 [label = "q52", shape = doublecircle, final="true" ];
	q53 [label = "q53"];
	q54 [label = "q54", shape = doublecircle, final="true" ];
	q55 [label = "q55", shape = doublecircle, final="true" ];
	q56 [label = "q56", shape = doublecircle, final="true" ];
	q57 [label = "q57"];
	s0 -> q41
	q41 -> q37 [label = "c"];
	q45 -> q35 [label = "a"];
	q41 -> q39 [label = "b"];
	q43 -> q40 [label = "a"];
	q43 -> q34 [label = "b"];
	q45 -> q37 [label = "c"];
	q40 -> q36 [label = "c"];
	q44 -> q38 [label = "a"];
	q46 -> q43 [label = "b"];
	q40 -> q43 [label = "b"];
	q40 -> q38 [label = "a"];
	q39 -> q35 [label = "a"];
	q35 -> q36 [label = "c"];
	q38 -> q38 [label = "a"];
	q44 -> q49 [label = "c"];
	q34 -> q46 [label = "c"];
	q36 -> q43 [label = "b"];
	q39 -> q34 [label = "b"];
	q33 -> q30 [label = "c"];
	q47 -> q34 [label = "b"];
	q39 -> q27 [label = "c"];
	q35 -> q38 [label = "a"];
	q36 -> q19 [label = "a"];
	q32 -> q47 [label = "c"];
	q38 -> q44 [label = "c"];
	q34 -> q35 [label = "a"];
	q32 -> q34 [label = "b"];
	q32 -> q29 [label = "a"];
	q29 -> q43 [label = "b"];
	q27 -> q23 [label = "c"];
	q11 -> q44 [label = "c"];
	q12 -> q5 [label = "c"];
	q16 -> q7 [label = "a"];
	q20 -> q8 [label = "a"];
	q16 -> q36 [label = "c"];
	q21 -> q37 [label = "c"];
	q30 -> q48 [label = "a"];
	q30 -> q49 [label = "c"];
	q19 -> q7 [label = "a"];
	q20 -> q42 [label = "b"];
	q33 -> q43 [label = "b"];
	q20 -> q12 [label = "c"];
	q0 -> q44 [label = "c"];
	q6 -> q44 [label = "c"];
	q44 -> q43 [label = "b"];
	q21 -> q34 [label = "b"];
	q24 -> q43 [label = "b"];
	q31 -> q38 [label = "a"];
	q46 -> q19 [label = "a"];
	q19 -> q43 [label = "b"];
	q27 -> q38 [label = "a"];
	q45 -> q34 [label = "b"];
	q47 -> q18 [label = "a"];
	q0 -> q26 [label = "b"];
	q29 -> q36 [label = "c"];
	q22 -> q9 [label = "a"];
	q15 -> q14 [label = "a"];
	q13 -> q14 [label = "a"];
	q1 -> q21 [label = "b"];
	q33 -> q31 [label = "a"];
	q55 -> q18 [label = "a"];
	q8 -> q41 [label = "b"];
	q18 -> q6 [label = "a"];
	q13 -> q30 [label = "c"];
	q25 -> q52 [label = "a"];
	q52 -> q41 [label = "b"];
	q18 -> q36 [label = "c"];
	q42 -> q27 [label = "a"];
	q28 -> q44 [label = "c"];
	q17 -> q43 [label = "b"];
	q9 -> q30 [label = "c"];
	q23 -> q43 [label = "b"];
	q37 -> q43 [label = "b"];
	q10 -> q4 [label = "c"];
	q15 -> q26 [label = "b"];
	q53 -> q0 [label = "a"];
	q23 -> q10 [label = "c"];
	q17 -> q36 [label = "c"];
	q57 -> q14 [label = "a"];
	q51 -> q56 [label = "c"];
	q22 -> q21 [label = "b"];
	q53 -> q43 [label = "b"];
	q50 -> q23 [label = "c"];
	q52 -> q44 [label = "c"];
	q57 -> q20 [label = "c"];
	q37 -> q33 [label = "a"];
	q25 -> q12 [label = "c"];
	q38 -> q26 [label = "b"];
	q48 -> q53 [label = "c"];
	q36 -> q32 [label = "c"];
	q49 -> q43 [label = "b"];
	q49 -> q55 [label = "c"];
	q46 -> q51 [label = "c"];
	q55 -> q28 [label = "c"];
	q18 -> q43 [label = "b"];
	q7 -> q38 [label = "a"];
	q2 -> q30 [label = "c"];
	q51 -> q16 [label = "a"];
	q42 -> q34 [label = "b"];
	q25 -> q43 [label = "b"];
	q53 -> q22 [label = "c"];
	q5 -> q1 [label = "c"];
	q13 -> q43 [label = "b"];
	q29 -> q24 [label = "a"];
	q54 -> q30 [label = "c"];
	q9 -> q3 [label = "a"];
	q52 -> q15 [label = "a"];
	q16 -> q43 [label = "b"];
	q57 -> q43 [label = "b"];
	q34 -> q34 [label = "b"];
	q14 -> q38 [label = "a"];
	q3 -> q20 [label = "c"];
	q2 -> q3 [label = "a"];
	q55 -> q34 [label = "b"];
	q54 -> q21 [label = "b"];
	q49 -> q54 [label = "a"];
	q17 -> q7 [label = "a"];
	q56 -> q34 [label = "b, c"];
	q43 -> q46 [label = "c"];
	q56 -> q29 [label = "a"];
	q48 -> q52 [label = "a"];
	q50 -> q42 [label = "b"];
	q21 -> q40 [label = "a"];
	q10 -> q34 [label = "b"];
	q28 -> q21 [label = "b"];
	q12 -> q54 [label = "a"];
	q12 -> q43 [label = "b"];
	q35 -> q43 [label = "b"];
	q5 -> q45 [label = "b"];
	q4 -> q45 [label = "b"];
	q22 -> q53 [label = "c"];
	q6 -> q26 [label = "b"];
	q1 -> q25 [label = "c"];
	q50 -> q48 [label = "a"];
	q5 -> q18 [label = "a"];
	q7 -> q43 [label = "b"];
	q7 -> q44 [label = "c"];
	q54 -> q57 [label = "a"];
	q3 -> q26 [label = "b"];
	q1 -> q15 [label = "a"];
	q47 -> q17 [label = "c"];
	q2 -> q41 [label = "b"];
	q3 -> q14 [label = "a"];
	q0 -> q6 [label = "a"];
	q37 -> q45 [label = "c"];
	q8 -> q2 [label = "a"];
	q27 -> q43 [label = "b"];
	q14 -> q25 [label = "c"];
	q23 -> q11 [label = "a"];
	q28 -> q13 [label = "a"];
	q6 -> q38 [label = "a"];
	q10 -> q29 [label = "a"];
	q15 -> q30 [label = "c"];
	q4 -> q27 [label = "c"];
	q26 -> q40 [label = "a"];
	q14 -> q26 [label = "b"];
	q8 -> q53 [label = "c"];
	q19 -> q44 [label = "c"];
	q11 -> q21 [label = "b"];
	q11 -> q13 [label = "a"];
	q4 -> q18 [label = "a"];
	q24 -> q38 [label = "a"];
	q41 -> q40 [label = "a"];
	q48 -> q26 [label = "b"];
	q26 -> q39 [label = "b"];
	q9 -> q21 [label = "b"];
	q24 -> q44 [label = "c"];
	q51 -> q34 [label = "b"];
	q30 -> q42 [label = "b"];
	q42 -> q50 [label = "c"];
	q31 -> q25 [label = "c"];
	q31 -> q43 [label = "b"];
	q26 -> q46 [label = "c"];
}
DFA size: 58 states

NL* output after 10 EQ and 5605 MQ:
digraph finite_state_machine {
	rankdir=LR;
	node [shape = circle];
	s0 [shape = point, style = invis, start="true" ];
	s1 [shape = point, style = invis, start="true" ];
	s2 [shape = point, style = invis, start="true" ];
	q0 [label = "q0", shape = doublecircle, final="true" ];
	q1 [label = "q1"];
	q2 [label = "q2", shape = doublecircle, final="true" ];
	q3 [label = "q3"];
	q4 [label = "q4", shape = doublecircle, final="true" ];
	q5 [label = "q5"];
	q6 [label = "q6"];
	q7 [label = "q7"];
	q8 [label = "q8", shape = doublecircle, final="true" ];
	q9 [label = "q9"];
	q10 [label = "q10", shape = doublecircle, final="true" ];
	q11 [label = "q11"];
	q12 [label = "q12"];
	q13 [label = "q13", shape = doublecircle, final="true" ];
	q14 [label = "q14"];
	q15 [label = "q15", shape = doublecircle, final="true" ];
	q16 [label = "q16"];
	q17 [label = "q17"];
	q18 [label = "q18"];
	q19 [label = "q19", shape = doublecircle, final="true" ];
	q20 [label = "q20"];
	s0 -> q9
	s1 -> q10
	s2 -> q17
	q17 -> q19 [label = "b"];
	q17 -> q14 [label = "b"];
	q17 -> q8 [label = "b"];
	q17 -> q4 [label = "b"];
	q19 -> q15 [label = "b"];
	q18 -> q6 [label = "a"];
	q18 -> q0 [label = "a"];
	q16 -> q17 [label = "b"];
	q16 -> q15 [label = "b"];
	q18 -> q17 [label = "b, c"];
	q18 -> q11 [label = "b"];
	q18 -> q9 [label = "b"];
	q16 -> q19 [label = "a"];
	q13 -> q10 [label = "b"];
	q11 -> q17 [label = "c"];
	q11 -> q7 [label = "c"];
	q14 -> q18 [label = "a"];
	q12 -> q15 [label = "b"];
	q10 -> q3 [label = "c"];
	q15 -> q18 [label = "a, b"];
	q15 -> q15 [label = "b"];
	q17 -> q20 [label = "a"];
	q16 -> q12 [label = "c"];
	q15 -> q9 [label = "a, b"];
	q12 -> q9 [label = "b"];
	q15 -> q6 [label = "a, b"];
	q17 -> q13 [label = "b"];
	q15 -> q4 [label = "b"];
	q18 -> q7 [label = "c"];
	q15 -> q2 [label = "b"];
	q15 -> q0 [label = "b"];
	q12 -> q14 [label = "b"];
	q13 -> q14 [label = "a"];
	q9 -> q16 [label = "c"];
	q9 -> q3 [label = "c"];
	q5 -> q11 [label = "b"];
	q5 -> q9 [label = "b"];
	q13 -> q15 [label = "b"];
	q2 -> q1 [label = "c"];
	q12 -> q19 [label = "b"];
	q6 -> q4 [label = "a"];
	q1 -> q7 [label = "c"];
	q20 -> q17 [label = "b"];
	q7 -> q17 [label = "b"];
	q7 -> q15 [label = "b"];
	q15 -> q7 [label = "a, b"];
	q7 -> q14 [label = "b"];
	q15 -> q13 [label = "b"];
	q7 -> q11 [label = "b"];
	q7 -> q10 [label = "b"];
	q7 -> q9 [label = "b"];
	q20 -> q9 [label = "b"];
	q13 -> q5 [label = "a"];
	q7 -> q8 [label = "b"];
	q5 -> q18 [label = "a"];
	q7 -> q5 [label = "b"];
	q15 -> q10 [label = "b"];
	q7 -> q4 [label = "a, b"];
	q7 -> q0 [label = "b"];
	q1 -> q17 [label = "b, c"];
	q5 -> q5 [label = "a"];
	q1 -> q15 [label = "b"];
	q1 -> q10 [label = "b"];
	q12 -> q11 [label = "b"];
	q8 -> q12 [label = "a, b"];
	q8 -> q10 [label = "b"];
	q17 -> q5 [label = "b"];
	q8 -> q7 [label = "a, b"];
	q13 -> q9 [label = "b, c"];
	q19 -> q9 [label = "b, c"];
	q20 -> q12 [label = "c"];
	q8 -> q0 [label = "b"];
	q14 -> q15 [label = "b"];
	q8 -> q17 [label = "a, b, c"];
	q8 -> q8 [label = "b"];
	q8 -> q1 [label = "a, b"];
	q14 -> q14 [label = "b"];
	q14 -> q13 [label = "b"];
	q15 -> q19 [label = "b"];
	q10 -> q9 [label = "a"];
	q7 -> q3 [label = "c"];
	q7 -> q20 [label = "a"];
	q3 -> q5 [label = "b"];
	q8 -> q14 [label = "a, b"];
	q20 -> q4 [label = "a"];
	q1 -> q4 [label = "a"];
	q8 -> q13 [label = "b"];
	q14 -> q0 [label = "b"];
	q19 -> q10 [label = "b"];
	q12 -> q13 [label = "b"];
	q3 -> q19 [label = "a, b"];
	q15 -> q3 [label = "c"];
	q11 -> q6 [label = "a, c"];
	q9 -> q13 [label = "b"];
	q14 -> q5 [label = "a, b"];
	q10 -> q17 [label = "a"];
	q10 -> q4 [label = "b"];
	q9 -> q8 [label = "b"];
	q11 -> q3 [label = "c"];
	q12 -> q10 [label = "b"];
	q2 -> q10 [label = "b"];
	q8 -> q16 [label = "b"];
	q1 -> q9 [label = "b"];
	q9 -> q14 [label = "b"];
	q9 -> q5 [label = "b"];
	q10 -> q5 [label = "a, b"];
	q16 -> q4 [label = "a"];
	q1 -> q5 [label = "a"];
	q10 -> q18 [label = "a, b"];
	q6 -> q10 [label = "b"];
	q8 -> q4 [label = "b"];
	q9 -> q4 [label = "b"];
	q18 -> q5 [label = "a"];
	q18 -> q4 [label = "a"];
	q12 -> q17 [label = "b"];
	q14 -> q8 [label = "b"];
	q15 -> q20 [label = "a, b, c"];
	q9 -> q6 [label = "a"];
	q11 -> q20 [label = "a, c"];
	q15 -> q16 [label = "b, c"];
	q13 -> q17 [label = "b, c"];
	q8 -> q20 [label = "b"];
	q11 -> q4 [label = "b"];
	q3 -> q2 [label = "c"];
	q11 -> q13 [label = "b"];
	q8 -> q18 [label = "a, b"];
	q20 -> q10 [label = "b"];
	q2 -> q19 [label = "a"];
	q11 -> q16 [label = "c"];
	q11 -> q8 [label = "b"];
	q8 -> q6 [label = "b"];
	q9 -> q20 [label = "a, c"];
	q8 -> q2 [label = "b"];
	q11 -> q14 [label = "b"];
	q15 -> q17 [label = "a, b"];
	q15 -> q1 [label = "a, b, c"];
	q8 -> q5 [label = "a, b"];
	q0 -> q10 [label = "b"];
	q8 -> q15 [label = "b"];
	q12 -> q5 [label = "a, b"];
	q19 -> q17 [label = "b, c"];
	q8 -> q9 [label = "a, b, c"];
	q15 -> q14 [label = "a, b"];
	q8 -> q11 [label = "a, b, c"];
	q10 -> q1 [label = "a, b, c"];
	q7 -> q19 [label = "b"];
	q0 -> q17 [label = "b, c"];
	q10 -> q6 [label = "a, b"];
	q6 -> q12 [label = "c"];
	q19 -> q5 [label = "a"];
	q10 -> q11 [label = "a"];
	q15 -> q12 [label = "a, b"];
	q10 -> q14 [label = "a, b"];
	q17 -> q3 [label = "c"];
	q15 -> q5 [label = "a, b"];
	q10 -> q13 [label = "b"];
	q10 -> q20 [label = "a, b, c"];
	q18 -> q10 [label = "b"];
	q10 -> q2 [label = "b"];
	q11 -> q5 [label = "b"];
	q0 -> q5 [label = "a"];
	q18 -> q20 [label = "a"];
	q14 -> q17 [label = "b, c"];
	q10 -> q19 [label = "b"];
	q14 -> q19 [label = "b"];
	q2 -> q0 [label = "a"];
	q12 -> q16 [label = "c"];
	q0 -> q7 [label = "c"];
	q4 -> q17 [label = "b, c"];
	q3 -> q11 [label = "b"];
	q0 -> q18 [label = "a"];
	q12 -> q8 [label = "b"];
	q2 -> q4 [label = "a"];
	q4 -> q9 [label = "b, c"];
	q12 -> q0 [label = "a, b"];
	q0 -> q20 [label = "a"];
	q8 -> q19 [label = "b"];
	q3 -> q10 [label = "b"];
	q16 -> q9 [label = "b"];
	q2 -> q2 [label = "b"];
	q14 -> q11 [label = "b"];
	q2 -> q9 [label = "a, b"];
	q15 -> q11 [label = "a, b"];
	q2 -> q12 [label = "b"];
	q2 -> q15 [label = "b"];
	q15 -> q8 [label = "b"];
	q4 -> q10 [label = "b"];
	q2 -> q17 [label = "a, b"];
	q0 -> q9 [label = "b, c"];
	q10 -> q16 [label = "b, c"];
	q0 -> q11 [label = "b"];
	q6 -> q9 [label = "b"];
	q10 -> q8 [label = "b"];
	q2 -> q5 [label = "a"];
	q16 -> q10 [label = "b"];
	q9 -> q19 [label = "b"];
	q2 -> q11 [label = "a"];
	q7 -> q13 [label = "b"];
	q2 -> q14 [label = "a"];
	q6 -> q11 [label = "b"];
	q11 -> q19 [label = "b"];
	q10 -> q7 [label = "a"];
	q6 -> q17 [label = "b"];
	q14 -> q10 [label = "b"];
	q12 -> q4 [label = "a, b"];
	q10 -> q12 [label = "a"];
	q0 -> q12 [label = "c"];
	q4 -> q5 [label = "a"];
	q5 -> q10 [label = "b"];
	q10 -> q0 [label = "b"];
	q5 -> q17 [label = "b, c"];
	q3 -> q0 [label = "b"];
	q12 -> q20 [label = "c"];
	q3 -> q4 [label = "a, b"];
	q2 -> q7 [label = "b"];
	q3 -> q8 [label = "b"];
	q3 -> q9 [label = "b"];
	q6 -> q20 [label = "a"];
	q3 -> q13 [label = "a, b"];
	q14 -> q4 [label = "b"];
	q14 -> q9 [label = "b"];
	q0 -> q6 [label = "a"];
	q3 -> q14 [label = "b"];
	q18 -> q18 [label = "a"];
	q3 -> q15 [label = "b"];
	q3 -> q17 [label = "b"];
}
NFA size: 21 states

