Random target AFA:
digraph finite_state_machine {
	rankdir=LR;
	node [shape = circle];
	s0 [shape = point, style = invis, start="true" ];
	s1 [shape = point, style = invis, start="true" ];
	q0 [label = "q0"];
	q1 [label = "q1"];
	q2 [label = "q2", shape = doublecircle, final="true" ];
	q3 [label = "q3"];
	q4 [label = "q4"];
	q5 [label = "q5"];
	m0 [label = "", shape = square, style = filled, color=grey, fixedsize=true, width=.2];
	m1 [label = "", shape = square, style = filled, color=grey, fixedsize=true, width=.2];
	m2 [label = "", shape = square, style = filled, color=grey, fixedsize=true, width=.2];
	m3 [label = "", shape = square, style = filled, color=grey, fixedsize=true, width=.2];
	m4 [label = "", shape = square, style = filled, color=grey, fixedsize=true, width=.2];
	m5 [label = "", shape = square, style = filled, color=grey, fixedsize=true, width=.2];
	m6 [label = "", shape = square, style = filled, color=grey, fixedsize=true, width=.2];
	m7 [label = "", shape = square, style = filled, color=grey, fixedsize=true, width=.2];
	m8 [label = "", shape = square, style = filled, color=grey, fixedsize=true, width=.2];
	m9 [label = "", shape = square, style = filled, color=grey, fixedsize=true, width=.2];
	s0 -> q2
	s1 -> q0
	q5 -> q5 [label = "b"];
	q2 -> q1 [label = "c"];
	q4 -> q0 [label = "a"];
	q0 -> m0 [label = "b"];
	q0 -> m3 [label = "b"];
	q4 -> q5 [label = "c"];
	q1 -> q2 [label = "a"];
	q2 -> q3 [label = "a, b"];
	q0 -> m1 [label = "a"];
	q0 -> m2 [label = "a"];
	q1 -> q5 [label = "c"];
	q2 -> m4 [label = "a"];
	q4 -> m8 [label = "b"];
	q5 -> q4 [label = "a, b"];
	q4 -> m5 [label = "a"];
	q1 -> q1 [label = "a"];
	q0 -> q4 [label = "c"];
	q2 -> q2 [label = "b"];
	q4 -> m0 [label = "c"];
	q0 -> q2 [label = "c"];
	q5 -> q1 [label = "c"];
	q1 -> m9 [label = "c"];
	q1 -> q4 [label = "b"];
	q5 -> m6 [label = "c"];
	q3 -> q3 [label = "b, c"];
	q3 -> m7 [label = "b"];
	q3 -> q5 [label = "a"];
	q3 -> q4 [label = "a"];
	q3 -> m2 [label = "c"];
	q5 -> m8 [label = "a"];
	q4 -> q4 [label = "b"];
	q2 -> m8 [label = "c"];
	m0 -> q0;
	m0 -> q5;
	m1 -> q1;
	m1 -> q5;
	m2 -> q2;
	m2 -> q3;
	m3 -> q2;
	m3 -> q5;
	m4 -> q0;
	m4 -> q3;
	m5 -> q0;
	m5 -> q1;
	m6 -> q1;
	m6 -> q4;
	m7 -> q3;
	m7 -> q5;
	m8 -> q1;
	m8 -> q2;
	m9 -> q4;
	m9 -> q5;
}

L* output after 6 EQ and 4859 MQ:
digraph finite_state_machine {
	rankdir=LR;
	node [shape = circle];
	s0 [shape = point, style = invis, start="true" ];
	q0 [label = "q0"];
	q1 [label = "q1"];
	q2 [label = "q2"];
	q3 [label = "q3"];
	q4 [label = "q4", shape = doublecircle, final="true" ];
	q5 [label = "q5", shape = doublecircle, final="true" ];
	q6 [label = "q6", shape = doublecircle, final="true" ];
	q7 [label = "q7"];
	q8 [label = "q8"];
	q9 [label = "q9"];
	q10 [label = "q10"];
	q11 [label = "q11"];
	q12 [label = "q12"];
	q13 [label = "q13"];
	q14 [label = "q14", shape = doublecircle, final="true" ];
	q15 [label = "q15"];
	q16 [label = "q16"];
	q17 [label = "q17", shape = doublecircle, final="true" ];
	q18 [label = "q18", shape = doublecircle, final="true" ];
	q19 [label = "q19"];
	q20 [label = "q20"];
	q21 [label = "q21", shape = doublecircle, final="true" ];
	q22 [label = "q22"];
	q23 [label = "q23", shape = doublecircle, final="true" ];
	q24 [label = "q24", shape = doublecircle, final="true" ];
	q25 [label = "q25"];
	q26 [label = "q26"];
	q27 [label = "q27", shape = doublecircle, final="true" ];
	q28 [label = "q28"];
	q29 [label = "q29"];
	q30 [label = "q30"];
	q31 [label = "q31"];
	q32 [label = "q32", shape = doublecircle, final="true" ];
	q33 [label = "q33"];
	q34 [label = "q34", shape = doublecircle, final="true" ];
	q35 [label = "q35"];
	q36 [label = "q36"];
	q37 [label = "q37"];
	q38 [label = "q38"];
	q39 [label = "q39"];
	q40 [label = "q40"];
	q41 [label = "q41"];
	q42 [label = "q42"];
	q43 [label = "q43"];
	q44 [label = "q44", shape = doublecircle, final="true" ];
	q45 [label = "q45"];
	q46 [label = "q46"];
	q47 [label = "q47"];
	q48 [label = "q48"];
	q49 [label = "q49"];
	q50 [label = "q50", shape = doublecircle, final="true" ];
	q51 [label = "q51"];
	q52 [label = "q52"];
	q53 [label = "q53"];
	q54 [label = "q54"];
	q55 [label = "q55"];
	q56 [label = "q56"];
	q57 [label = "q57"];
	q58 [label = "q58"];
	q59 [label = "q59"];
	q60 [label = "q60"];
	q61 [label = "q61"];
	q62 [label = "q62"];
	q63 [label = "q63"];
	s0 -> q21
	q41 -> q17 [label = "c"];
	q45 -> q38 [label = "a"];
	q41 -> q7 [label = "b"];
	q43 -> q51 [label = "a"];
	q40 -> q18 [label = "c"];
	q46 -> q15 [label = "b"];
	q42 -> q48 [label = "a"];
	q40 -> q7 [label = "b"];
	q46 -> q18 [label = "c"];
	q40 -> q46 [label = "a"];
	q35 -> q44 [label = "c"];
	q47 -> q15 [label = "b"];
	q36 -> q7 [label = "b"];
	q34 -> q17 [label = "c"];
	q39 -> q14 [label = "c"];
	q35 -> q43 [label = "b"];
	q33 -> q25 [label = "a"];
	q44 -> q52 [label = "a"];
	q36 -> q45 [label = "a"];
	q32 -> q10 [label = "c"];
	q34 -> q34 [label = "a"];
	q32 -> q32 [label = "b"];
	q36 -> q18 [label = "c"];
	q31 -> q20 [label = "a"];
	q29 -> q15 [label = "b"];
	q30 -> q13 [label = "a"];
	q33 -> q19 [label = "b"];
	q28 -> q16 [label = "b"];
	q26 -> q33 [label = "c"];
	q37 -> q15 [label = "b"];
	q31 -> q12 [label = "b"];
	q29 -> q30 [label = "a"];
	q25 -> q25 [label = "b"];
	q27 -> q17 [label = "a, c"];
	q27 -> q32 [label = "b"];
	q25 -> q29 [label = "a"];
	q28 -> q24 [label = "a"];
	q30 -> q18 [label = "c"];
	q26 -> q18 [label = "a"];
	q26 -> q31 [label = "b"];
	q18 -> q28 [label = "c"];
	q6 -> q17 [label = "c"];
	q44 -> q5 [label = "b"];
	q39 -> q47 [label = "a"];
	q38 -> q14 [label = "c"];
	q45 -> q15 [label = "b"];
	q14 -> q37 [label = "a"];
	q43 -> q28 [label = "c"];
	q34 -> q5 [label = "b"];
	q22 -> q31 [label = "b"];
	q47 -> q46 [label = "a"];
	q50 -> q32 [label = "b"];
	q20 -> q9 [label = "a"];
	q22 -> q25 [label = "a"];
	q57 -> q58 [label = "a"];
	q48 -> q28 [label = "c"];
	q35 -> q42 [label = "a"];
	q54 -> q15 [label = "b"];
	q61 -> q15 [label = "b"];
	q51 -> q49 [label = "b"];
	q33 -> q26 [label = "c"];
	q10 -> q19 [label = "b"];
	q21 -> q22 [label = "a"];
	q49 -> q15 [label = "b"];
	q52 -> q15 [label = "b"];
	q55 -> q18 [label = "c"];
	q50 -> q28 [label = "c"];
	q61 -> q14 [label = "c"];
	q20 -> q18 [label = "c"];
	q24 -> q28 [label = "c"];
	q58 -> q14 [label = "c"];
	q54 -> q57 [label = "a"];
	q11 -> q7 [label = "b"];
	q51 -> q54 [label = "a"];
	q38 -> q15 [label = "b"];
	q60 -> q7 [label = "b"];
	q58 -> q45 [label = "a"];
	q48 -> q53 [label = "a"];
	q49 -> q20 [label = "a"];
	q30 -> q15 [label = "b"];
	q56 -> q63 [label = "a"];
	q25 -> q28 [label = "c"];
	q59 -> q4 [label = "a"];
	q57 -> q15 [label = "b"];
	q43 -> q62 [label = "b"];
	q63 -> q15 [label = "b"];
	q38 -> q46 [label = "a"];
	q57 -> q56 [label = "c"];
	q55 -> q45 [label = "a"];
	q53 -> q15 [label = "b"];
	q54 -> q28 [label = "c"];
	q60 -> q18 [label = "c"];
	q32 -> q11 [label = "a"];
	q3 -> q47 [label = "a"];
	q52 -> q5 [label = "c"];
	q59 -> q28 [label = "c"];
	q59 -> q19 [label = "b"];
	q20 -> q25 [label = "b"];
	q46 -> q46 [label = "a"];
	q0 -> q38 [label = "a"];
	q50 -> q37 [label = "a"];
	q58 -> q15 [label = "b"];
	q62 -> q2 [label = "a"];
	q56 -> q19 [label = "b"];
	q55 -> q15 [label = "b"];
	q8 -> q25 [label = "b"];
	q62 -> q62 [label = "b"];
	q60 -> q38 [label = "a"];
	q56 -> q28 [label = "c"];
	q53 -> q56 [label = "c"];
	q47 -> q59 [label = "c"];
	q12 -> q12 [label = "b"];
	q62 -> q28 [label = "c"];
	q28 -> q28 [label = "c"];
	q53 -> q55 [label = "a"];
	q11 -> q60 [label = "a"];
	q19 -> q8 [label = "a"];
	q15 -> q36 [label = "a"];
	q39 -> q15 [label = "b"];
	q13 -> q38 [label = "a"];
	q7 -> q40 [label = "a"];
	q48 -> q15 [label = "b"];
	q14 -> q5 [label = "b"];
	q17 -> q5 [label = "b"];
	q18 -> q5 [label = "b"];
	q23 -> q19 [label = "a"];
	q23 -> q26 [label = "c"];
	q24 -> q32 [label = "b"];
	q17 -> q34 [label = "a"];
	q16 -> q28 [label = "c"];
	q31 -> q33 [label = "c"];
	q18 -> q6 [label = "a"];
	q63 -> q46 [label = "a"];
	q42 -> q50 [label = "c"];
	q16 -> q25 [label = "b"];
	q4 -> q6 [label = "a"];
	q15 -> q15 [label = "b"];
	q5 -> q41 [label = "a"];
	q16 -> q35 [label = "a"];
	q45 -> q18 [label = "c"];
	q37 -> q17 [label = "c"];
	q2 -> q15 [label = "b"];
	q11 -> q17 [label = "c"];
	q29 -> q14 [label = "c"];
	q2 -> q14 [label = "c"];
	q10 -> q10 [label = "c"];
	q4 -> q28 [label = "c"];
	q3 -> q18 [label = "c"];
	q42 -> q49 [label = "b"];
	q44 -> q28 [label = "c"];
	q51 -> q50 [label = "c"];
	q6 -> q34 [label = "a"];
	q4 -> q32 [label = "b"];
	q9 -> q14 [label = "c"];
	q23 -> q23 [label = "b"];
	q1 -> q18 [label = "c"];
	q7 -> q7 [label = "b"];
	q5 -> q5 [label = "b"];
	q1 -> q15 [label = "b"];
	q12 -> q36 [label = "a"];
	q7 -> q10 [label = "c"];
	q22 -> q22 [label = "c"];
	q3 -> q15 [label = "b"];
	q49 -> q10 [label = "c"];
	q1 -> q0 [label = "a"];
	q5 -> q10 [label = "c"];
	q37 -> q40 [label = "a"];
	q0 -> q56 [label = "c"];
	q21 -> q24 [label = "c"];
	q6 -> q32 [label = "b"];
	q13 -> q15 [label = "b"];
	q61 -> q3 [label = "a"];
	q2 -> q1 [label = "a"];
	q0 -> q15 [label = "b"];
	q19 -> q7 [label = "b"];
	q8 -> q61 [label = "a"];
	q17 -> q10 [label = "c"];
	q14 -> q28 [label = "c"];
	q10 -> q18 [label = "a"];
	q8 -> q18 [label = "c"];
	q9 -> q39 [label = "a"];
	q52 -> q36 [label = "a"];
	q13 -> q59 [label = "c"];
	q12 -> q33 [label = "c"];
	q15 -> q10 [label = "c"];
	q63 -> q28 [label = "c"];
	q9 -> q15 [label = "b"];
	q19 -> q10 [label = "c"];
	q21 -> q23 [label = "b"];
	q41 -> q40 [label = "a"];
	q24 -> q27 [label = "a"];
}
DFA size: 64 states

NL* output after 12 EQ and 5481 MQ:
digraph finite_state_machine {
	rankdir=LR;
	node [shape = circle];
	s0 [shape = point, style = invis, start="true" ];
	q0 [label = "q0"];
	q1 [label = "q1", shape = doublecircle, final="true" ];
	q2 [label = "q2"];
	q3 [label = "q3"];
	q4 [label = "q4"];
	q5 [label = "q5"];
	q6 [label = "q6"];
	q7 [label = "q7"];
	q8 [label = "q8"];
	q9 [label = "q9"];
	q10 [label = "q10"];
	q11 [label = "q11"];
	q12 [label = "q12"];
	q13 [label = "q13"];
	q14 [label = "q14"];
	q15 [label = "q15"];
	q16 [label = "q16", shape = doublecircle, final="true" ];
	q17 [label = "q17", shape = doublecircle, final="true" ];
	q18 [label = "q18", shape = doublecircle, final="true" ];
	q19 [label = "q19"];
	q20 [label = "q20"];
	q21 [label = "q21"];
	q22 [label = "q22"];
	q23 [label = "q23"];
	q24 [label = "q24"];
	q25 [label = "q25"];
	q26 [label = "q26", shape = doublecircle, final="true" ];
	q27 [label = "q27"];
	q28 [label = "q28"];
	q29 [label = "q29"];
	q30 [label = "q30"];
	s0 -> q18
	q18 -> q16 [label = "c"];
	q22 -> q30 [label = "a"];
	q22 -> q24 [label = "a"];
	q21 -> q24 [label = "a"];
	q21 -> q20 [label = "a"];
	q21 -> q19 [label = "a"];
	q21 -> q9 [label = "a"];
	q21 -> q6 [label = "a"];
	q23 -> q21 [label = "b"];
	q23 -> q3 [label = "b"];
	q23 -> q26 [label = "c"];
	q23 -> q25 [label = "b, c"];
	q23 -> q19 [label = "c"];
	q23 -> q10 [label = "b, c"];
	q23 -> q9 [label = "c"];
	q17 -> q15 [label = "c"];
	q23 -> q4 [label = "c"];
	q17 -> q29 [label = "a"];
	q17 -> q13 [label = "a"];
	q17 -> q11 [label = "a, c"];
	q23 -> q1 [label = "c"];
	q21 -> q12 [label = "c"];
	q20 -> q22 [label = "a"];
	q18 -> q11 [label = "a"];
	q16 -> q13 [label = "b"];
	q16 -> q7 [label = "b"];
	q16 -> q3 [label = "b"];
	q22 -> q28 [label = "c"];
	q22 -> q26 [label = "c"];
	q22 -> q25 [label = "b, c"];
	q22 -> q10 [label = "c"];
	q18 -> q17 [label = "b"];
	q16 -> q30 [label = "a"];
	q16 -> q28 [label = "a"];
	q16 -> q17 [label = "a, b"];
	q16 -> q15 [label = "a"];
	q16 -> q11 [label = "a"];
	q16 -> q9 [label = "a"];
	q20 -> q28 [label = "c"];
	q20 -> q25 [label = "b, c"];
	q20 -> q14 [label = "c"];
	q20 -> q0 [label = "c"];
	q15 -> q19 [label = "a"];
	q16 -> q24 [label = "a"];
	q15 -> q16 [label = "a"];
	q23 -> q7 [label = "b"];
	q15 -> q14 [label = "a"];
	q15 -> q4 [label = "a"];
	q15 -> q1 [label = "a"];
	q13 -> q13 [label = "b"];
	q11 -> q11 [label = "c"];
	q14 -> q25 [label = "a"];
	q14 -> q16 [label = "a"];
	q12 -> q13 [label = "b"];
	q12 -> q12 [label = "b"];
	q10 -> q14 [label = "c"];
	q15 -> q13 [label = "b"];
	q12 -> q11 [label = "b, c"];
	q17 -> q12 [label = "a"];
	q10 -> q30 [label = "a"];
	q8 -> q7 [label = "b"];
	q8 -> q6 [label = "a"];
	q8 -> q3 [label = "b"];
	q15 -> q0 [label = "a"];
	q2 -> q7 [label = "a, b"];
	q3 -> q8 [label = "a"];
	q14 -> q19 [label = "b"];
	q8 -> q21 [label = "b"];
	q12 -> q10 [label = "a"];
	q13 -> q21 [label = "b"];
	q2 -> q10 [label = "a, b, c"];
	q8 -> q19 [label = "c"];
	q8 -> q1 [label = "c"];
	q12 -> q25 [label = "a"];
	q8 -> q0 [label = "c"];
	q24 -> q10 [label = "c"];
	q15 -> q12 [label = "c"];
	q11 -> q25 [label = "a"];
	q20 -> q19 [label = "b, c"];
	q26 -> q30 [label = "a"];
	q27 -> q0 [label = "a, c"];
	q29 -> q12 [label = "c"];
	q12 -> q19 [label = "a, b"];
	q6 -> q4 [label = "c"];
	q7 -> q21 [label = "b"];
	q11 -> q19 [label = "a"];
	q5 -> q13 [label = "b"];
	q11 -> q10 [label = "a"];
	q9 -> q29 [label = "b"];
	q19 -> q10 [label = "b"];
	q30 -> q1 [label = "c"];
	q20 -> q23 [label = "a"];
	q16 -> q25 [label = "b"];
	q1 -> q28 [label = "a"];
	q21 -> q13 [label = "b"];
	q23 -> q27 [label = "a"];
	q26 -> q28 [label = "b"];
	q13 -> q19 [label = "a"];
	q26 -> q26 [label = "b"];
	q13 -> q11 [label = "c"];
	q20 -> q16 [label = "c"];
	q0 -> q29 [label = "b"];
	q9 -> q13 [label = "b"];
	q21 -> q2 [label = "a"];
	q29 -> q20 [label = "a"];
	q26 -> q17 [label = "b"];
	q26 -> q11 [label = "b"];
	q3 -> q4 [label = "c"];
	q26 -> q9 [label = "b"];
	q26 -> q4 [label = "b"];
	q26 -> q10 [label = "b"];
	q1 -> q3 [label = "a, b"];
	q27 -> q3 [label = "a, b"];
	q8 -> q13 [label = "b"];
	q13 -> q12 [label = "c"];
	q26 -> q21 [label = "a, b"];
	q26 -> q0 [label = "b"];
	q29 -> q3 [label = "b"];
	q25 -> q14 [label = "c"];
	q10 -> q8 [label = "a"];
	q2 -> q5 [label = "a"];
	q3 -> q30 [label = "a"];
	q6 -> q5 [label = "a"];
	q5 -> q21 [label = "b"];
	q27 -> q29 [label = "b"];
	q28 -> q3 [label = "a, b"];
	q24 -> q25 [label = "c"];
	q26 -> q14 [label = "c"];
	q6 -> q28 [label = "c"];
	q9 -> q7 [label = "a, b"];
	q5 -> q4 [label = "c"];
	q28 -> q29 [label = "b"];
	q28 -> q25 [label = "b"];
	q30 -> q13 [label = "b"];
	q7 -> q13 [label = "b"];
	q26 -> q8 [label = "a"];
	q1 -> q25 [label = "a, b"];
	q25 -> q25 [label = "b"];
	q4 -> q14 [label = "c"];
	q2 -> q22 [label = "a"];
	q28 -> q13 [label = "b"];
	q28 -> q10 [label = "b"];
	q26 -> q22 [label = "a"];
	q1 -> q2 [label = "a"];
	q6 -> q26 [label = "c"];
	q30 -> q9 [label = "a, c"];
	q27 -> q26 [label = "c"];
	q0 -> q7 [label = "a, b"];
	q6 -> q3 [label = "b"];
	q8 -> q25 [label = "b, c"];
	q12 -> q15 [label = "c"];
	q29 -> q21 [label = "b"];
	q27 -> q4 [label = "c"];
	q27 -> q19 [label = "c"];
	q24 -> q29 [label = "b"];
	q24 -> q1 [label = "c"];
	q1 -> q11 [label = "a"];
	q26 -> q12 [label = "b"];
	q29 -> q13 [label = "b"];
	q16 -> q10 [label = "b"];
	q0 -> q13 [label = "b"];
	q22 -> q19 [label = "c"];
	q10 -> q25 [label = "b"];
	q29 -> q25 [label = "b"];
	q15 -> q9 [label = "a"];
	q23 -> q30 [label = "a"];
	q28 -> q21 [label = "b"];
	q8 -> q9 [label = "a, c"];
	q2 -> q25 [label = "a, b, c"];
	q19 -> q22 [label = "a"];
	q1 -> q8 [label = "a"];
	q25 -> q30 [label = "a"];
	q27 -> q9 [label = "a, c"];
	q27 -> q10 [label = "a, b, c"];
	q16 -> q21 [label = "b"];
	q22 -> q9 [label = "c"];
	q8 -> q28 [label = "c"];
	q12 -> q29 [label = "b"];
	q5 -> q22 [label = "a"];
	q20 -> q26 [label = "c"];
	q27 -> q7 [label = "a, b"];
	q26 -> q1 [label = "b"];
	q1 -> q5 [label = "a"];
	q23 -> q0 [label = "c"];
	q28 -> q7 [label = "a, b"];
	q20 -> q9 [label = "c"];
	q30 -> q10 [label = "c"];
	q26 -> q7 [label = "a, b"];
	q27 -> q5 [label = "a"];
	q18 -> q25 [label = "c"];
	q1 -> q21 [label = "a, b"];
	q17 -> q17 [label = "b"];
	q8 -> q29 [label = "b"];
	q23 -> q29 [label = "b"];
	q16 -> q18 [label = "a"];
	q3 -> q29 [label = "b"];
	q5 -> q5 [label = "a"];
	q19 -> q19 [label = "b"];
	q29 -> q19 [label = "a"];
	q23 -> q24 [label = "a"];
	q24 -> q28 [label = "a, c"];
	q9 -> q25 [label = "b"];
	q9 -> q3 [label = "b"];
	q24 -> q13 [label = "b"];
	q21 -> q21 [label = "b"];
	q13 -> q20 [label = "a"];
	q0 -> q28 [label = "a"];
	q29 -> q15 [label = "c"];
	q0 -> q3 [label = "a, b"];
	q27 -> q1 [label = "c"];
	q26 -> q25 [label = "b"];
	q26 -> q29 [label = "b"];
	q20 -> q1 [label = "c"];
	q19 -> q14 [label = "c"];
	q21 -> q30 [label = "a"];
	q23 -> q28 [label = "c"];
	q5 -> q30 [label = "a"];
	q16 -> q14 [label = "c"];
	q20 -> q4 [label = "c"];
	q26 -> q13 [label = "a, b"];
	q27 -> q28 [label = "a, c"];
	q0 -> q21 [label = "b"];
	q8 -> q4 [label = "c"];
	q27 -> q13 [label = "b"];
	q29 -> q11 [label = "c"];
	q30 -> q29 [label = "b"];
	q23 -> q13 [label = "b"];
	q15 -> q11 [label = "c"];
	q2 -> q26 [label = "c"];
	q14 -> q14 [label = "c"];
	q24 -> q9 [label = "a, c"];
	q11 -> q13 [label = "b"];
	q15 -> q25 [label = "a"];
	q3 -> q2 [label = "a"];
	q16 -> q27 [label = "a"];
	q5 -> q23 [label = "a"];
	q24 -> q0 [label = "c"];
	q10 -> q10 [label = "b"];
	q27 -> q21 [label = "b"];
	q30 -> q25 [label = "c"];
	q2 -> q21 [label = "b"];
	q29 -> q4 [label = "c"];
	q2 -> q13 [label = "b"];
	q26 -> q3 [label = "a, b"];
	q26 -> q19 [label = "b"];
	q4 -> q9 [label = "a"];
	q28 -> q14 [label = "c"];
	q0 -> q0 [label = "a"];
	q29 -> q7 [label = "b"];
	q0 -> q2 [label = "a"];
	q5 -> q25 [label = "b"];
	q25 -> q10 [label = "b"];
	q0 -> q5 [label = "a"];
	q0 -> q6 [label = "a"];
	q7 -> q29 [label = "b"];
	q0 -> q8 [label = "a"];
	q0 -> q9 [label = "a"];
	q19 -> q25 [label = "b"];
	q0 -> q22 [label = "a"];
	q29 -> q29 [label = "b"];
	q0 -> q23 [label = "a"];
	q0 -> q24 [label = "a"];
	q0 -> q10 [label = "a, b"];
	q0 -> q25 [label = "a, b"];
	q0 -> q27 [label = "a"];
	q0 -> q30 [label = "a"];
	q5 -> q10 [label = "b"];
	q2 -> q29 [label = "b"];
	q29 -> q10 [label = "b"];
	q6 -> q0 [label = "c"];
	q1 -> q24 [label = "a"];
	q6 -> q1 [label = "c"];
	q6 -> q9 [label = "c"];
	q15 -> q10 [label = "a"];
	q6 -> q10 [label = "b, c"];
	q6 -> q14 [label = "c"];
	q6 -> q16 [label = "c"];
	q6 -> q19 [label = "c"];
	q6 -> q25 [label = "b, c"];
	q2 -> q6 [label = "a"];
	q8 -> q26 [label = "c"];
	q1 -> q14 [label = "c"];
	q6 -> q13 [label = "b"];
	q2 -> q23 [label = "a"];
	q21 -> q11 [label = "c"];
	q6 -> q7 [label = "a, b"];
	q6 -> q21 [label = "b"];
	q5 -> q2 [label = "a"];
	q6 -> q29 [label = "b"];
	q0 -> q14 [label = "c"];
	q4 -> q0 [label = "a"];
	q4 -> q10 [label = "a"];
	q4 -> q25 [label = "a"];
	q1 -> q0 [label = "a"];
	q3 -> q25 [label = "b"];
	q9 -> q10 [label = "b"];
	q4 -> q28 [label = "a"];
	q1 -> q6 [label = "a"];
	q1 -> q9 [label = "a"];
	q15 -> q28 [label = "a"];
	q1 -> q10 [label = "a, b"];
	q26 -> q5 [label = "b"];
	q1 -> q13 [label = "a, b"];
	q16 -> q29 [label = "b"];
	q20 -> q10 [label = "b, c"];
	q1 -> q22 [label = "a"];
	q1 -> q23 [label = "a"];
	q4 -> q19 [label = "b"];
	q15 -> q26 [label = "a"];
	q4 -> q29 [label = "b"];
	q2 -> q0 [label = "c"];
	q1 -> q27 [label = "a"];
	q7 -> q24 [label = "a"];
	q1 -> q29 [label = "a, b"];
	q5 -> q7 [label = "a, b"];
	q1 -> q30 [label = "a"];
	q3 -> q3 [label = "b"];
	q2 -> q4 [label = "c"];
	q29 -> q14 [label = "c"];
	q3 -> q7 [label = "b"];
	q7 -> q10 [label = "b"];
	q3 -> q21 [label = "b"];
	q17 -> q19 [label = "a"];
	q16 -> q6 [label = "a"];
	q2 -> q3 [label = "b"];
	q7 -> q4 [label = "c"];
	q1 -> q7 [label = "a, b"];
	q1 -> q17 [label = "b"];
	q21 -> q8 [label = "a"];
	q9 -> q21 [label = "b"];
	q3 -> q6 [label = "a"];
	q3 -> q9 [label = "a"];
	q7 -> q2 [label = "a"];
	q8 -> q10 [label = "b, c"];
	q5 -> q27 [label = "a"];
	q7 -> q3 [label = "b"];
	q3 -> q10 [label = "b"];
	q7 -> q7 [label = "b"];
	q5 -> q3 [label = "a, b"];
	q7 -> q25 [label = "b"];
	q3 -> q24 [label = "a"];
	q5 -> q8 [label = "a"];
	q5 -> q24 [label = "a"];
	q4 -> q11 [label = "b"];
	q4 -> q12 [label = "b"];
	q4 -> q13 [label = "b"];
	q30 -> q0 [label = "c"];
	q2 -> q1 [label = "c"];
	q2 -> q28 [label = "a, c"];
	q2 -> q19 [label = "c"];
	q7 -> q8 [label = "a"];
	q27 -> q25 [label = "a, b, c"];
	q7 -> q30 [label = "a"];
	q3 -> q13 [label = "b"];
	q5 -> q29 [label = "b"];
	q30 -> q28 [label = "c"];
	q2 -> q9 [label = "a, c"];
	q9 -> q14 [label = "c"];
}
NFA size: 31 states

AL* output after 16 EQ and 2290 MQ:
digraph finite_state_machine {
	rankdir=LR;
	node [shape = circle];
	s0 [shape = point, style = invis, start="true" ];
	s1 [shape = point, style = invis, start="true" ];
	q0 [label = "q0"];
	q1 [label = "q1"];
	q2 [label = "q2", shape = doublecircle, final="true" ];
	q3 [label = "q3"];
	q4 [label = "q4", shape = doublecircle, final="true" ];
	q5 [label = "q5"];
	q6 [label = "q6"];
	q7 [label = "q7", shape = doublecircle, final="true" ];
	q8 [label = "q8"];
	q9 [label = "q9"];
	q10 [label = "q10", shape = doublecircle, final="true" ];
	m0 [label = "", shape = square, style = filled, color=grey, fixedsize=true, width=.2];
	m1 [label = "", shape = square, style = filled, color=grey, fixedsize=true, width=.2];
	m2 [label = "", shape = square, style = filled, color=grey, fixedsize=true, width=.2];
	m3 [label = "", shape = square, style = filled, color=grey, fixedsize=true, width=.2];
	m4 [label = "", shape = square, style = filled, color=grey, fixedsize=true, width=.2];
	m5 [label = "", shape = square, style = filled, color=grey, fixedsize=true, width=.2];
	m6 [label = "", shape = square, style = filled, color=grey, fixedsize=true, width=.2];
	m7 [label = "", shape = square, style = filled, color=grey, fixedsize=true, width=.2];
	m8 [label = "", shape = square, style = filled, color=grey, fixedsize=true, width=.2];
	m9 [label = "", shape = square, style = filled, color=grey, fixedsize=true, width=.2];
	m10 [label = "", shape = square, style = filled, color=grey, fixedsize=true, width=.2];
	m11 [label = "", shape = square, style = filled, color=grey, fixedsize=true, width=.2];
	m12 [label = "", shape = square, style = filled, color=grey, fixedsize=true, width=.2];
	m13 [label = "", shape = square, style = filled, color=grey, fixedsize=true, width=.2];
	s0 -> m0
	s1 -> m1
	q9 -> m3 [label = "a, b"];
	q9 -> m0 [label = "a"];
	q8 -> m4 [label = "c"];
	q8 -> m1 [label = "c"];
	q8 -> m12 [label = "b"];
	q5 -> m2 [label = "a"];
	q6 -> m3 [label = "a, b"];
	q7 -> m4 [label = "a"];
	q10 -> m1 [label = "b, c"];
	q4 -> m2 [label = "c"];
	q4 -> m4 [label = "b, c"];
	q5 -> m8 [label = "b, c"];
	q9 -> m12 [label = "a, b"];
	q7 -> m2 [label = "c"];
	q4 -> m1 [label = "b"];
	q4 -> m3 [label = "a, b"];
	q1 -> m8 [label = "b, c"];
	q7 -> m8 [label = "a, b, c"];
	q10 -> m3 [label = "c"];
	q8 -> m6 [label = "a"];
	q6 -> m2 [label = "a, c"];
	q4 -> m8 [label = "a, b"];
	q2 -> m4 [label = "c"];
	q3 -> m3 [label = "b, c"];
	q5 -> m3 [label = "a, b"];
	q6 -> m1 [label = "a"];
	q8 -> m3 [label = "b, c"];
	q3 -> m13 [label = "a"];
	q2 -> m2 [label = "a, c"];
	q9 -> m2 [label = "c"];
	q3 -> m1 [label = "c"];
	q1 -> m4 [label = "a, c"];
	q3 -> m12 [label = "a"];
	q3 -> m5 [label = "a, c"];
	q3 -> m11 [label = "a"];
	q0 -> m8 [label = "b, c"];
	q3 -> m7 [label = "a, c"];
	q8 -> m9 [label = "a"];
	q8 -> m7 [label = "a"];
	q3 -> m6 [label = "c"];
	q5 -> m4 [label = "a, c"];
	q7 -> m3 [label = "a"];
	q5 -> m1 [label = "a"];
	q7 -> m1 [label = "b"];
	q2 -> m0 [label = "a"];
	q2 -> m8 [label = "a, b"];
	q3 -> m9 [label = "a"];
	q10 -> m2 [label = "c"];
	q2 -> m3 [label = "b"];
	q3 -> m10 [label = "a, b"];
	q0 -> m2 [label = "c"];
	q1 -> m3 [label = "a, b"];
	q9 -> m4 [label = "b, c"];
	q1 -> m12 [label = "b"];
	q10 -> m7 [label = "a"];
	q0 -> m12 [label = "a"];
	q3 -> m8 [label = "b"];
	q1 -> m0 [label = "a"];
	q4 -> m0 [label = "a"];
	q4 -> m12 [label = "a"];
	q6 -> m4 [label = "b, c"];
	q0 -> m4 [label = "a, b"];
	q2 -> m1 [label = "a, b"];
	q8 -> m10 [label = "b"];
	q0 -> m3 [label = "a, b"];
	q10 -> m8 [label = "a, b"];
	q8 -> m0 [label = "a"];
	m0 -> q3;
	m0 -> q8;
	m0 -> q10;
	m1 -> q2;
	m1 -> q4;
	m1 -> q7;
	m1 -> q10;
	m2 -> q2;
	m2 -> q5;
	m2 -> q6;
	m3 -> q1;
	m3 -> q2;
	m3 -> q4;
	m3 -> q8;
	m3 -> q9;
	m4 -> q0;
	m4 -> q4;
	m4 -> q6;
	m4 -> q9;
	m5 -> q0;
	m5 -> q1;
	m5 -> q4;
	m5 -> q5;
	m5 -> q6;
	m5 -> q7;
	m5 -> q9;
	m6 -> q0;
	m6 -> q1;
	m6 -> q2;
	m6 -> q3;
	m6 -> q5;
	m6 -> q6;
	m6 -> q7;
	m7 -> q0;
	m7 -> q2;
	m7 -> q3;
	m7 -> q4;
	m7 -> q5;
	m7 -> q6;
	m7 -> q9;
	m8 -> q0;
	m8 -> q1;
	m8 -> q5;
	m8 -> q7;
	m9 -> q0;
	m9 -> q1;
	m9 -> q2;
	m9 -> q3;
	m9 -> q4;
	m9 -> q5;
	m9 -> q7;
	m9 -> q10;
	m10 -> q0;
	m10 -> q2;
	m10 -> q4;
	m10 -> q6;
	m10 -> q7;
	m10 -> q9;
	m10 -> q10;
	m11 -> q1;
	m11 -> q2;
	m11 -> q4;
	m11 -> q7;
	m11 -> q8;
	m11 -> q9;
	m11 -> q10;
	m12 -> q2;
	m12 -> q4;
	m12 -> q5;
	m12 -> q6;
	m12 -> q7;
	m12 -> q8;
	m12 -> q10;
	m13 -> q1;
	m13 -> q2;
	m13 -> q4;
	m13 -> q5;
	m13 -> q6;
	m13 -> q8;
	m13 -> q9;
}
AFA size: 11 states

