Random target AFA:
digraph finite_state_machine {
	rankdir=LR;
	node [shape = circle];
	s0 [shape = point, style = invis, start="true" ];
	s1 [shape = point, style = invis, start="true" ];
	q0 [label = "q0"];
	q1 [label = "q1"];
	q2 [label = "q2"];
	q3 [label = "q3"];
	q4 [label = "q4", shape = doublecircle, final="true" ];
	q5 [label = "q5", shape = doublecircle, final="true" ];
	m0 [label = "", shape = square, style = filled, color=grey, fixedsize=true, width=.2];
	m1 [label = "", shape = square, style = filled, color=grey, fixedsize=true, width=.2];
	m2 [label = "", shape = square, style = filled, color=grey, fixedsize=true, width=.2];
	m3 [label = "", shape = square, style = filled, color=grey, fixedsize=true, width=.2];
	m4 [label = "", shape = square, style = filled, color=grey, fixedsize=true, width=.2];
	m5 [label = "", shape = square, style = filled, color=grey, fixedsize=true, width=.2];
	m6 [label = "", shape = square, style = filled, color=grey, fixedsize=true, width=.2];
	m7 [label = "", shape = square, style = filled, color=grey, fixedsize=true, width=.2];
	s0 -> q1
	s1 -> q0
	q3 -> m7 [label = "c"];
	q2 -> q4 [label = "c"];
	q4 -> q5 [label = "b"];
	q1 -> m6 [label = "c"];
	q3 -> q3 [label = "c"];
	q3 -> m4 [label = "a"];
	q3 -> q5 [label = "a"];
	q5 -> m4 [label = "b"];
	q4 -> m5 [label = "b"];
	q1 -> q1 [label = "b"];
	q3 -> q4 [label = "b"];
	q1 -> q3 [label = "b"];
	q2 -> m1 [label = "a, c"];
	q4 -> m0 [label = "c"];
	q0 -> q4 [label = "a, b"];
	q0 -> q2 [label = "b"];
	q0 -> q1 [label = "a, c"];
	q5 -> m7 [label = "b"];
	q1 -> q2 [label = "c"];
	q5 -> q0 [label = "c"];
	q2 -> q3 [label = "b"];
	q4 -> q4 [label = "c"];
	q1 -> m2 [label = "a"];
	q2 -> q0 [label = "a, b"];
	q5 -> m5 [label = "a"];
	q3 -> q2 [label = "b"];
	q4 -> q0 [label = "a"];
	q5 -> q3 [label = "a, c"];
	q1 -> m3 [label = "a"];
	m0 -> q0;
	m0 -> q4;
	m1 -> q0;
	m1 -> q2;
	m2 -> q2;
	m2 -> q4;
	m3 -> q0;
	m3 -> q1;
	m4 -> q2;
	m4 -> q3;
	m5 -> q1;
	m5 -> q5;
	m6 -> q4;
	m6 -> q5;
	m7 -> q1;
	m7 -> q3;
}

L* output after 11 EQ and 24863 MQ:
digraph finite_state_machine {
	rankdir=LR;
	node [shape = circle];
	s0 [shape = point, style = invis, start="true" ];
	q0 [label = "q0"];
	q1 [label = "q1"];
	q2 [label = "q2", shape = doublecircle, final="true" ];
	q3 [label = "q3"];
	q4 [label = "q4"];
	q5 [label = "q5", shape = doublecircle, final="true" ];
	q6 [label = "q6"];
	q7 [label = "q7", shape = doublecircle, final="true" ];
	q8 [label = "q8"];
	q9 [label = "q9", shape = doublecircle, final="true" ];
	q10 [label = "q10", shape = doublecircle, final="true" ];
	q11 [label = "q11", shape = doublecircle, final="true" ];
	q12 [label = "q12"];
	q13 [label = "q13", shape = doublecircle, final="true" ];
	q14 [label = "q14"];
	q15 [label = "q15", shape = doublecircle, final="true" ];
	q16 [label = "q16", shape = doublecircle, final="true" ];
	q17 [label = "q17"];
	q18 [label = "q18", shape = doublecircle, final="true" ];
	q19 [label = "q19"];
	q20 [label = "q20"];
	q21 [label = "q21", shape = doublecircle, final="true" ];
	q22 [label = "q22", shape = doublecircle, final="true" ];
	q23 [label = "q23", shape = doublecircle, final="true" ];
	q24 [label = "q24"];
	q25 [label = "q25"];
	q26 [label = "q26", shape = doublecircle, final="true" ];
	q27 [label = "q27", shape = doublecircle, final="true" ];
	q28 [label = "q28"];
	q29 [label = "q29", shape = doublecircle, final="true" ];
	q30 [label = "q30", shape = doublecircle, final="true" ];
	q31 [label = "q31"];
	q32 [label = "q32"];
	q33 [label = "q33", shape = doublecircle, final="true" ];
	q34 [label = "q34", shape = doublecircle, final="true" ];
	q35 [label = "q35", shape = doublecircle, final="true" ];
	q36 [label = "q36", shape = doublecircle, final="true" ];
	q37 [label = "q37"];
	q38 [label = "q38"];
	q39 [label = "q39"];
	q40 [label = "q40"];
	q41 [label = "q41"];
	q42 [label = "q42", shape = doublecircle, final="true" ];
	q43 [label = "q43", shape = doublecircle, final="true" ];
	q44 [label = "q44", shape = doublecircle, final="true" ];
	q45 [label = "q45", shape = doublecircle, final="true" ];
	q46 [label = "q46", shape = doublecircle, final="true" ];
	q47 [label = "q47"];
	q48 [label = "q48", shape = doublecircle, final="true" ];
	q49 [label = "q49", shape = doublecircle, final="true" ];
	q50 [label = "q50"];
	q51 [label = "q51", shape = doublecircle, final="true" ];
	q52 [label = "q52", shape = doublecircle, final="true" ];
	q53 [label = "q53"];
	q54 [label = "q54", shape = doublecircle, final="true" ];
	q55 [label = "q55", shape = doublecircle, final="true" ];
	q56 [label = "q56", shape = doublecircle, final="true" ];
	q57 [label = "q57"];
	q58 [label = "q58", shape = doublecircle, final="true" ];
	q59 [label = "q59"];
	q60 [label = "q60", shape = doublecircle, final="true" ];
	q61 [label = "q61"];
	q62 [label = "q62"];
	q63 [label = "q63", shape = doublecircle, final="true" ];
	q64 [label = "q64", shape = doublecircle, final="true" ];
	q65 [label = "q65", shape = doublecircle, final="true" ];
	q66 [label = "q66"];
	q67 [label = "q67"];
	q68 [label = "q68"];
	q69 [label = "q69", shape = doublecircle, final="true" ];
	q70 [label = "q70", shape = doublecircle, final="true" ];
	q71 [label = "q71"];
	q72 [label = "q72"];
	q73 [label = "q73", shape = doublecircle, final="true" ];
	q74 [label = "q74", shape = doublecircle, final="true" ];
	q75 [label = "q75", shape = doublecircle, final="true" ];
	q76 [label = "q76", shape = doublecircle, final="true" ];
	q77 [label = "q77", shape = doublecircle, final="true" ];
	q78 [label = "q78", shape = doublecircle, final="true" ];
	q79 [label = "q79", shape = doublecircle, final="true" ];
	q80 [label = "q80"];
	q81 [label = "q81", shape = doublecircle, final="true" ];
	q82 [label = "q82"];
	q83 [label = "q83", shape = doublecircle, final="true" ];
	q84 [label = "q84", shape = doublecircle, final="true" ];
	q85 [label = "q85", shape = doublecircle, final="true" ];
	q86 [label = "q86", shape = doublecircle, final="true" ];
	q87 [label = "q87", shape = doublecircle, final="true" ];
	q88 [label = "q88", shape = doublecircle, final="true" ];
	q89 [label = "q89", shape = doublecircle, final="true" ];
	q90 [label = "q90", shape = doublecircle, final="true" ];
	q91 [label = "q91", shape = doublecircle, final="true" ];
	q92 [label = "q92", shape = doublecircle, final="true" ];
	q93 [label = "q93", shape = doublecircle, final="true" ];
	q94 [label = "q94"];
	q95 [label = "q95", shape = doublecircle, final="true" ];
	q96 [label = "q96", shape = doublecircle, final="true" ];
	q97 [label = "q97", shape = doublecircle, final="true" ];
	q98 [label = "q98", shape = doublecircle, final="true" ];
	q99 [label = "q99", shape = doublecircle, final="true" ];
	q100 [label = "q100", shape = doublecircle, final="true" ];
	q101 [label = "q101"];
	q102 [label = "q102", shape = doublecircle, final="true" ];
	q103 [label = "q103", shape = doublecircle, final="true" ];
	q104 [label = "q104", shape = doublecircle, final="true" ];
	q105 [label = "q105", shape = doublecircle, final="true" ];
	q106 [label = "q106", shape = doublecircle, final="true" ];
	q107 [label = "q107"];
	q108 [label = "q108", shape = doublecircle, final="true" ];
	q109 [label = "q109", shape = doublecircle, final="true" ];
	q110 [label = "q110", shape = doublecircle, final="true" ];
	q111 [label = "q111", shape = doublecircle, final="true" ];
	q112 [label = "q112", shape = doublecircle, final="true" ];
	q113 [label = "q113", shape = doublecircle, final="true" ];
	q114 [label = "q114", shape = doublecircle, final="true" ];
	q115 [label = "q115", shape = doublecircle, final="true" ];
	q116 [label = "q116"];
	q117 [label = "q117", shape = doublecircle, final="true" ];
	q118 [label = "q118", shape = doublecircle, final="true" ];
	q119 [label = "q119"];
	q120 [label = "q120"];
	q121 [label = "q121", shape = doublecircle, final="true" ];
	q122 [label = "q122"];
	q123 [label = "q123", shape = doublecircle, final="true" ];
	q124 [label = "q124", shape = doublecircle, final="true" ];
	q125 [label = "q125", shape = doublecircle, final="true" ];
	q126 [label = "q126"];
	q127 [label = "q127", shape = doublecircle, final="true" ];
	q128 [label = "q128", shape = doublecircle, final="true" ];
	q129 [label = "q129", shape = doublecircle, final="true" ];
	q130 [label = "q130", shape = doublecircle, final="true" ];
	q131 [label = "q131", shape = doublecircle, final="true" ];
	q132 [label = "q132", shape = doublecircle, final="true" ];
	q133 [label = "q133", shape = doublecircle, final="true" ];
	q134 [label = "q134", shape = doublecircle, final="true" ];
	q135 [label = "q135", shape = doublecircle, final="true" ];
	q136 [label = "q136"];
	q137 [label = "q137", shape = doublecircle, final="true" ];
	s0 -> q53
	q85 -> q87 [label = "b"];
	q87 -> q100 [label = "a"];
	q81 -> q45 [label = "c"];
	q81 -> q50 [label = "a"];
	q85 -> q124 [label = "c"];
	q80 -> q119 [label = "c"];
	q82 -> q105 [label = "a"];
	q86 -> q47 [label = "c"];
	q84 -> q44 [label = "c"];
	q82 -> q15 [label = "b"];
	q80 -> q104 [label = "a"];
	q79 -> q97 [label = "a"];
	q78 -> q49 [label = "a"];
	q76 -> q128 [label = "b"];
	q74 -> q77 [label = "c"];
	q77 -> q41 [label = "a"];
	q73 -> q127 [label = "c"];
	q79 -> q87 [label = "c"];
	q75 -> q100 [label = "a"];
	q77 -> q55 [label = "c"];
	q75 -> q79 [label = "b"];
	q73 -> q18 [label = "a"];
	q78 -> q128 [label = "b"];
	q76 -> q86 [label = "a"];
	q74 -> q50 [label = "a"];
	q72 -> q45 [label = "b"];
	q74 -> q29 [label = "b"];
	q71 -> q73 [label = "a"];
	q69 -> q15 [label = "b"];
	q67 -> q92 [label = "c"];
	q70 -> q33 [label = "a"];
	q68 -> q30 [label = "b"];
	q66 -> q91 [label = "c"];
	q65 -> q118 [label = "c"];
	q65 -> q25 [label = "a"];
	q70 -> q121 [label = "b"];
	q64 -> q67 [label = "c"];
	q70 -> q103 [label = "c"];
	q66 -> q68 [label = "a"];
	q64 -> q30 [label = "b"];
	q64 -> q24 [label = "a"];
	q63 -> q41 [label = "a"];
	q59 -> q63 [label = "c"];
	q60 -> q64 [label = "b"];
	q58 -> q76 [label = "c"];
	q63 -> q14 [label = "b"];
	q71 -> q126 [label = "c"];
	q57 -> q61 [label = "c"];
	q63 -> q55 [label = "c"];
	q59 -> q62 [label = "a"];
	q57 -> q15 [label = "b"];
	q61 -> q90 [label = "c"];
	q57 -> q89 [label = "a"];
	q62 -> q66 [label = "b"];
	q60 -> q32 [label = "a"];
	q62 -> q77 [label = "c"];
	q56 -> q88 [label = "b"];
	q60 -> q31 [label = "c"];
	q55 -> q41 [label = "a"];
	q53 -> q51 [label = "b"];
	q51 -> q44 [label = "c"];
	q54 -> q33 [label = "a"];
	q52 -> q46 [label = "b"];
	q67 -> q23 [label = "b"];
	q58 -> q88 [label = "b"];
	q50 -> q52 [label = "c"];
	q62 -> q50 [label = "a"];
	q53 -> q52 [label = "a"];
	q51 -> q49 [label = "a"];
	q49 -> q16 [label = "b"];
	q53 -> q48 [label = "c"];
	q51 -> q35 [label = "b"];
	q49 -> q75 [label = "a, c"];
	q52 -> q50 [label = "a"];
	q61 -> q65 [label = "a"];
	q54 -> q47 [label = "c"];
	q50 -> q26 [label = "a"];
	q45 -> q54 [label = "b"];
	q43 -> q58 [label = "c"];
	q46 -> q34 [label = "a"];
	q44 -> q117 [label = "b"];
	q18 -> q52 [label = "c"];
	q20 -> q27 [label = "b"];
	q22 -> q57 [label = "a"];
	q21 -> q18 [label = "a"];
	q19 -> q36 [label = "a"];
	q19 -> q22 [label = "b"];
	q21 -> q125 [label = "c"];
	q16 -> q58 [label = "c"];
	q22 -> q54 [label = "b"];
	q16 -> q70 [label = "b"];
	q68 -> q119 [label = "c"];
	q22 -> q56 [label = "c"];
	q20 -> q102 [label = "c"];
	q15 -> q71 [label = "a"];
	q13 -> q69 [label = "b"];
	q13 -> q72 [label = "a"];
	q95 -> q86 [label = "a"];
	q112 -> q49 [label = "a"];
	q79 -> q35 [label = "b"];
	q15 -> q70 [label = "b"];
	q98 -> q112 [label = "b"];
	q88 -> q108 [label = "c"];
	q96 -> q79 [label = "b"];
	q25 -> q100 [label = "a"];
	q98 -> q49 [label = "a"];
	q126 -> q133 [label = "b"];
	q94 -> q111 [label = "a"];
	q100 -> q75 [label = "a"];
	q94 -> q16 [label = "b"];
	q30 -> q24 [label = "a"];
	q99 -> q86 [label = "a"];
	q84 -> q123 [label = "b"];
	q42 -> q87 [label = "c"];
	q97 -> q75 [label = "c"];
	q72 -> q74 [label = "a"];
	q38 -> q36 [label = "a"];
	q101 -> q113 [label = "a"];
	q86 -> q15 [label = "b"];
	q24 -> q20 [label = "c"];
	q96 -> q123 [label = "c"];
	q123 -> q51 [label = "c"];
	q29 -> q27 [label = "b"];
	q46 -> q85 [label = "c"];
	q104 -> q115 [label = "a"];
	q121 -> q117 [label = "b"];
	q11 -> q69 [label = "b"];
	q18 -> q26 [label = "a"];
	q11 -> q101 [label = "a"];
	q9 -> q110 [label = "a"];
	q108 -> q124 [label = "c"];
	q128 -> q97 [label = "a"];
	q105 -> q121 [label = "c"];
	q69 -> q38 [label = "c"];
	q104 -> q16 [label = "b"];
	q26 -> q26 [label = "a"];
	q110 -> q124 [label = "c"];
	q110 -> q16 [label = "b"];
	q99 -> q56 [label = "c"];
	q120 -> q62 [label = "a"];
	q128 -> q117 [label = "b"];
	q96 -> q96 [label = "a"];
	q8 -> q5 [label = "a"];
	q81 -> q129 [label = "b"];
	q52 -> q45 [label = "c"];
	q101 -> q119 [label = "c"];
	q107 -> q15 [label = "b"];
	q31 -> q22 [label = "b"];
	q9 -> q87 [label = "c"];
	q103 -> q100 [label = "a"];
	q7 -> q55 [label = "c"];
	q107 -> q42 [label = "a"];
	q42 -> q46 [label = "b"];
	q114 -> q15 [label = "b"];
	q30 -> q27 [label = "b"];
	q116 -> q99 [label = "c"];
	q124 -> q79 [label = "b"];
	q112 -> q35 [label = "b"];
	q114 -> q93 [label = "a"];
	q104 -> q78 [label = "c"];
	q118 -> q124 [label = "c"];
	q55 -> q55 [label = "c"];
	q6 -> q121 [label = "b"];
	q109 -> q64 [label = "b"];
	q106 -> q49 [label = "a"];
	q116 -> q65 [label = "a"];
	q127 -> q70 [label = "b"];
	q14 -> q45 [label = "b"];
	q59 -> q8 [label = "b"];
	q105 -> q79 [label = "b"];
	q118 -> q128 [label = "b"];
	q69 -> q93 [label = "a"];
	q113 -> q94 [label = "a"];
	q117 -> q75 [label = "c"];
	q20 -> q17 [label = "a"];
	q93 -> q118 [label = "c"];
	q3 -> q91 [label = "c"];
	q1 -> q0 [label = "a"];
	q50 -> q43 [label = "b"];
	q7 -> q54 [label = "b"];
	q10 -> q61 [label = "c"];
	q115 -> q111 [label = "a"];
	q113 -> q78 [label = "c"];
	q100 -> q79 [label = "b"];
	q114 -> q119 [label = "c"];
	q80 -> q15 [label = "b"];
	q106 -> q121 [label = "c"];
	q14 -> q42 [label = "a"];
	q132 -> q137 [label = "c"];
	q111 -> q111 [label = "a"];
	q131 -> q41 [label = "a"];
	q122 -> q121 [label = "b"];
	q128 -> q118 [label = "c"];
	q16 -> q82 [label = "a"];
	q119 -> q121 [label = "b"];
	q129 -> q33 [label = "a"];
	q17 -> q125 [label = "c"];
	q99 -> q130 [label = "b"];
	q133 -> q90 [label = "c"];
	q102 -> q114 [label = "b"];
	q130 -> q49 [label = "a"];
	q67 -> q40 [label = "a"];
	q94 -> q124 [label = "c"];
	q134 -> q10 [label = "b"];
	q112 -> q121 [label = "c"];
	q132 -> q34 [label = "a"];
	q129 -> q51 [label = "b"];
	q86 -> q106 [label = "a"];
	q109 -> q116 [label = "c"];
	q66 -> q69 [label = "b"];
	q39 -> q78 [label = "c"];
	q102 -> q55 [label = "c"];
	q135 -> q100 [label = "a"];
	q92 -> q41 [label = "a"];
	q125 -> q132 [label = "b"];
	q82 -> q61 [label = "c"];
	q37 -> q77 [label = "c"];
	q101 -> q15 [label = "b"];
	q47 -> q84 [label = "c"];
	q30 -> q92 [label = "c"];
	q6 -> q99 [label = "c"];
	q87 -> q124 [label = "c"];
	q2 -> q46 [label = "b"];
	q137 -> q100 [label = "a"];
	q83 -> q15 [label = "b"];
	q133 -> q93 [label = "a"];
	q109 -> q101 [label = "a"];
	q27 -> q121 [label = "b"];
	q4 -> q7 [label = "b"];
	q117 -> q96 [label = "a"];
	q15 -> q55 [label = "c"];
	q83 -> q122 [label = "c"];
	q68 -> q39 [label = "a"];
	q100 -> q123 [label = "c"];
	q127 -> q77 [label = "c"];
	q5 -> q118 [label = "c"];
	q121 -> q76 [label = "c"];
	q36 -> q30 [label = "b"];
	q131 -> q136 [label = "b"];
	q105 -> q115 [label = "a"];
	q33 -> q87 [label = "c"];
	q107 -> q61 [label = "c"];
	q17 -> q12 [label = "a"];
	q133 -> q51 [label = "b"];
	q129 -> q135 [label = "c"];
	q58 -> q49 [label = "a"];
	q115 -> q16 [label = "b"];
	q90 -> q86 [label = "a"];
	q135 -> q51 [label = "c"];
	q122 -> q42 [label = "a"];
	q108 -> q100 [label = "a"];
	q131 -> q55 [label = "c"];
	q135 -> q123 [label = "b"];
	q32 -> q65 [label = "a"];
	q48 -> q50 [label = "a"];
	q10 -> q15 [label = "b"];
	q134 -> q55 [label = "c"];
	q127 -> q50 [label = "a"];
	q83 -> q34 [label = "a"];
	q48 -> q47 [label = "b"];
	q115 -> q124 [label = "c"];
	q88 -> q107 [label = "a"];
	q121 -> q49 [label = "a"];
	q24 -> q7 [label = "b"];
	q0 -> q78 [label = "c"];
	q98 -> q44 [label = "c"];
	q5 -> q3 [label = "b"];
	q124 -> q44 [label = "c"];
	q137 -> q130 [label = "b"];
	q134 -> q41 [label = "a"];
	q111 -> q79 [label = "b"];
	q124 -> q49 [label = "a"];
	q28 -> q49 [label = "a"];
	q136 -> q45 [label = "b"];
	q47 -> q42 [label = "a"];
	q25 -> q16 [label = "b"];
	q126 -> q17 [label = "a"];
	q117 -> q117 [label = "b"];
	q73 -> q79 [label = "b"];
	q24 -> q21 [label = "a"];
	q122 -> q98 [label = "c"];
	q125 -> q50 [label = "a"];
	q23 -> q64 [label = "b"];
	q21 -> q16 [label = "b"];
	q103 -> q51 [label = "c"];
	q7 -> q4 [label = "a"];
	q132 -> q121 [label = "b"];
	q119 -> q65 [label = "a"];
	q13 -> q92 [label = "c"];
	q136 -> q65 [label = "a"];
	q126 -> q134 [label = "c"];
	q65 -> q29 [label = "b"];
	q125 -> q77 [label = "c"];
	q120 -> q6 [label = "b"];
	q103 -> q112 [label = "b"];
	q12 -> q16 [label = "b"];
	q116 -> q22 [label = "b"];
	q84 -> q49 [label = "a"];
	q91 -> q76 [label = "c"];
	q110 -> q100 [label = "a"];
	q92 -> q109 [label = "b"];
	q85 -> q100 [label = "a"];
	q90 -> q56 [label = "c"];
	q26 -> q81 [label = "c"];
	q95 -> q43 [label = "b"];
	q23 -> q19 [label = "c"];
	q118 -> q100 [label = "a"];
	q8 -> q90 [label = "c"];
	q93 -> q110 [label = "a"];
	q77 -> q83 [label = "b"];
	q89 -> q121 [label = "c"];
	q89 -> q46 [label = "b"];
	q137 -> q124 [label = "c"];
	q91 -> q43 [label = "b"];
	q72 -> q120 [label = "c"];
	q5 -> q25 [label = "a"];
	q89 -> q94 [label = "a"];
	q88 -> q54 [label = "b"];
	q92 -> q55 [label = "c"];
	q27 -> q99 [label = "c"];
	q90 -> q87 [label = "b"];
	q41 -> q59 [label = "c"];
	q35 -> q35 [label = "b"];
	q37 -> q50 [label = "a"];
	q45 -> q41 [label = "a"];
	q36 -> q28 [label = "a"];
	q47 -> q51 [label = "b"];
	q93 -> q16 [label = "b"];
	q41 -> q52 [label = "a"];
	q123 -> q100 [label = "a"];
	q2 -> q12 [label = "a"];
	q91 -> q49 [label = "a"];
	q43 -> q54 [label = "b"];
	q45 -> q55 [label = "c"];
	q44 -> q86 [label = "a"];
	q130 -> q78 [label = "c"];
	q29 -> q80 [label = "a"];
	q12 -> q52 [label = "c"];
	q76 -> q56 [label = "c"];
	q43 -> q57 [label = "a"];
	q40 -> q120 [label = "c"];
	q46 -> q51 [label = "b"];
	q17 -> q11 [label = "b"];
	q123 -> q35 [label = "b"];
	q42 -> q25 [label = "a"];
	q40 -> q13 [label = "b"];
	q56 -> q56 [label = "c"];
	q32 -> q15 [label = "b"];
	q87 -> q117 [label = "b"];
	q40 -> q37 [label = "a"];
	q102 -> q41 [label = "a"];
	q111 -> q51 [label = "c"];
	q44 -> q56 [label = "c"];
	q19 -> q95 [label = "c"];
	q39 -> q94 [label = "a"];
	q97 -> q16 [label = "b"];
	q14 -> q8 [label = "c"];
	q37 -> q29 [label = "b"];
	q108 -> q88 [label = "b"];
	q35 -> q123 [label = "c"];
	q31 -> q98 [label = "c"];
	q55 -> q60 [label = "b"];
	q34 -> q118 [label = "c"];
	q39 -> q29 [label = "b"];
	q78 -> q76 [label = "c"];
	q35 -> q96 [label = "a"];
	q33 -> q97 [label = "a"];
	q71 -> q7 [label = "b"];
	q136 -> q6 [label = "c"];
	q38 -> q121 [label = "b"];
	q130 -> q117 [label = "b"];
	q0 -> q16 [label = "b"];
	q38 -> q95 [label = "c"];
	q34 -> q97 [label = "a"];
	q120 -> q131 [label = "c"];
	q32 -> q119 [label = "c"];
	q25 -> q124 [label = "c"];
	q36 -> q122 [label = "c"];
	q11 -> q91 [label = "c"];
	q34 -> q16 [label = "b"];
	q31 -> q42 [label = "a"];
	q28 -> q16 [label = "b"];
	q119 -> q99 [label = "c"];
	q27 -> q93 [label = "a"];
	q29 -> q91 [label = "c"];
	q28 -> q78 [label = "c"];
	q113 -> q29 [label = "b"];
	q2 -> q127 [label = "c"];
	q26 -> q79 [label = "b"];
	q54 -> q15 [label = "b"];
	q23 -> q101 [label = "a"];
	q48 -> q45 [label = "c"];
	q9 -> q79 [label = "b"];
	q95 -> q56 [label = "c"];
	q12 -> q26 [label = "a"];
	q106 -> q79 [label = "b"];
	q8 -> q51 [label = "b"];
	q10 -> q9 [label = "a"];
	q4 -> q126 [label = "c"];
	q0 -> q115 [label = "a"];
	q41 -> q45 [label = "b"];
	q33 -> q79 [label = "b"];
	q4 -> q2 [label = "a"];
	q61 -> q51 [label = "b"];
	q3 -> q27 [label = "b"];
	q1 -> q30 [label = "b"];
	q75 -> q51 [label = "c"];
	q56 -> q86 [label = "a"];
	q18 -> q16 [label = "b"];
	q3 -> q1 [label = "a"];
	q97 -> q96 [label = "a"];
	q1 -> q119 [label = "c"];
	q6 -> q5 [label = "a"];
}
DFA size: 138 states

NL* output after 14 EQ and 11097 MQ:
digraph finite_state_machine {
	rankdir=LR;
	node [shape = circle];
	s0 [shape = point, style = invis, start="true" ];
	s1 [shape = point, style = invis, start="true" ];
	s2 [shape = point, style = invis, start="true" ];
	s3 [shape = point, style = invis, start="true" ];
	s4 [shape = point, style = invis, start="true" ];
	q0 [label = "q0"];
	q1 [label = "q1", shape = doublecircle, final="true" ];
	q2 [label = "q2"];
	q3 [label = "q3"];
	q4 [label = "q4"];
	q5 [label = "q5", shape = doublecircle, final="true" ];
	q6 [label = "q6", shape = doublecircle, final="true" ];
	q7 [label = "q7"];
	q8 [label = "q8"];
	q9 [label = "q9"];
	q10 [label = "q10", shape = doublecircle, final="true" ];
	q11 [label = "q11", shape = doublecircle, final="true" ];
	q12 [label = "q12"];
	q13 [label = "q13", shape = doublecircle, final="true" ];
	q14 [label = "q14"];
	q15 [label = "q15"];
	q16 [label = "q16", shape = doublecircle, final="true" ];
	q17 [label = "q17"];
	q18 [label = "q18"];
	q19 [label = "q19"];
	q20 [label = "q20", shape = doublecircle, final="true" ];
	q21 [label = "q21"];
	q22 [label = "q22"];
	q23 [label = "q23", shape = doublecircle, final="true" ];
	q24 [label = "q24"];
	q25 [label = "q25", shape = doublecircle, final="true" ];
	q26 [label = "q26"];
	q27 [label = "q27", shape = doublecircle, final="true" ];
	q28 [label = "q28", shape = doublecircle, final="true" ];
	q29 [label = "q29"];
	q30 [label = "q30"];
	s0 -> q3
	s1 -> q12
	s2 -> q19
	s3 -> q22
	s4 -> q24
	q20 -> q27 [label = "b"];
	q20 -> q23 [label = "b"];
	q20 -> q11 [label = "b"];
	q22 -> q26 [label = "a"];
	q17 -> q3 [label = "c"];
	q21 -> q26 [label = "a"];
	q21 -> q21 [label = "a"];
	q21 -> q19 [label = "a"];
	q21 -> q7 [label = "a"];
	q23 -> q25 [label = "b"];
	q20 -> q1 [label = "b"];
	q19 -> q14 [label = "a"];
	q17 -> q27 [label = "b"];
	q17 -> q23 [label = "b"];
	q17 -> q13 [label = "b"];
	q23 -> q30 [label = "c"];
	q19 -> q13 [label = "b"];
	q17 -> q30 [label = "a, b, c"];
	q17 -> q28 [label = "a"];
	q17 -> q17 [label = "a"];
	q17 -> q14 [label = "a"];
	q17 -> q6 [label = "a, b"];
	q21 -> q18 [label = "c"];
	q21 -> q15 [label = "c"];
	q21 -> q3 [label = "c"];
	q16 -> q30 [label = "c"];
	q16 -> q15 [label = "c"];
	q20 -> q28 [label = "a, b"];
	q19 -> q26 [label = "a"];
	q20 -> q26 [label = "a"];
	q20 -> q25 [label = "a"];
	q20 -> q21 [label = "a"];
	q20 -> q17 [label = "a"];
	q20 -> q16 [label = "a"];
	q20 -> q14 [label = "a"];
	q20 -> q7 [label = "a"];
	q20 -> q5 [label = "a"];
	q22 -> q30 [label = "a, b"];
	q22 -> q13 [label = "a, b"];
	q18 -> q25 [label = "a"];
	q18 -> q21 [label = "a"];
	q18 -> q7 [label = "a"];
	q22 -> q24 [label = "a, c"];
	q18 -> q30 [label = "b, c"];
	q18 -> q28 [label = "a, b"];
	q18 -> q27 [label = "b"];
	q18 -> q23 [label = "b"];
	q22 -> q23 [label = "a, b"];
	q18 -> q18 [label = "b"];
	q18 -> q14 [label = "b"];
	q18 -> q11 [label = "b"];
	q18 -> q1 [label = "b"];
	q20 -> q30 [label = "a, b, c"];
	q18 -> q19 [label = "a"];
	q20 -> q18 [label = "c"];
	q20 -> q15 [label = "c"];
	q15 -> q5 [label = "a"];
	q13 -> q16 [label = "b"];
	q15 -> q28 [label = "a"];
	q11 -> q30 [label = "c"];
	q11 -> q23 [label = "c"];
	q11 -> q6 [label = "c"];
	q14 -> q26 [label = "a"];
	q14 -> q17 [label = "a"];
	q14 -> q9 [label = "a"];
	q12 -> q27 [label = "b"];
	q10 -> q19 [label = "a, c"];
	q15 -> q19 [label = "a"];
	q10 -> q0 [label = "a, c"];
	q29 -> q4 [label = "c"];
	q8 -> q13 [label = "b"];
	q26 -> q1 [label = "c"];
	q8 -> q2 [label = "b"];
	q0 -> q23 [label = "b"];
	q14 -> q30 [label = "a, b, c"];
	q19 -> q30 [label = "a, b"];
	q7 -> q15 [label = "c"];
	q14 -> q28 [label = "b"];
	q14 -> q16 [label = "b"];
	q18 -> q16 [label = "a, b"];
	q3 -> q1 [label = "c"];
	q10 -> q17 [label = "a, c"];
	q14 -> q5 [label = "b"];
	q12 -> q26 [label = "a"];
	q9 -> q23 [label = "a, b"];
	q14 -> q22 [label = "a"];
	q8 -> q4 [label = "b, c"];
	q13 -> q30 [label = "c"];
	q8 -> q26 [label = "c"];
	q0 -> q16 [label = "a"];
	q11 -> q21 [label = "b"];
	q9 -> q27 [label = "b"];
	q11 -> q17 [label = "b"];
	q9 -> q24 [label = "a, c"];
	q24 -> q24 [label = "b"];
	q8 -> q20 [label = "b"];
	q10 -> q28 [label = "c"];
	q11 -> q25 [label = "b"];
	q20 -> q19 [label = "a"];
	q20 -> q12 [label = "a"];
	q26 -> q30 [label = "a, b, c"];
	q11 -> q5 [label = "b"];
	q9 -> q26 [label = "a"];
	q4 -> q18 [label = "c"];
	q0 -> q5 [label = "a"];
	q9 -> q3 [label = "a, c"];
	q15 -> q30 [label = "b, c"];
	q17 -> q11 [label = "b"];
	q4 -> q27 [label = "b"];
	q11 -> q19 [label = "a, b"];
	q14 -> q12 [label = "a"];
	q10 -> q7 [label = "a, c"];
	q15 -> q23 [label = "b"];
	q11 -> q9 [label = "a, b"];
	q8 -> q3 [label = "b"];
	q10 -> q15 [label = "a, c"];
	q9 -> q6 [label = "a, b"];
	q8 -> q6 [label = "c"];
	q9 -> q14 [label = "a"];
	q9 -> q11 [label = "b"];
	q30 -> q6 [label = "c"];
	q18 -> q26 [label = "b"];
	q5 -> q28 [label = "b"];
	q4 -> q6 [label = "a, b, c"];
	q27 -> q19 [label = "a, b"];
	q29 -> q30 [label = "c"];
	q11 -> q20 [label = "b"];
	q15 -> q16 [label = "a, b"];
	q8 -> q18 [label = "b"];
	q24 -> q1 [label = "c"];
	q6 -> q12 [label = "a"];
	q23 -> q6 [label = "c"];
	q23 -> q12 [label = "a"];
	q14 -> q1 [label = "c"];
	q7 -> q30 [label = "a, b, c"];
	q11 -> q0 [label = "b"];
	q25 -> q30 [label = "c"];
	q20 -> q6 [label = "a, b"];
	q26 -> q12 [label = "a"];
	q22 -> q3 [label = "a, c"];
	q23 -> q22 [label = "a"];
	q27 -> q0 [label = "b"];
	q16 -> q21 [label = "a"];
	q8 -> q28 [label = "b"];
	q11 -> q16 [label = "b"];
	q25 -> q22 [label = "c"];
	q20 -> q10 [label = "a"];
	q1 -> q22 [label = "a"];
	q25 -> q4 [label = "c"];
	q15 -> q1 [label = "b"];
	q18 -> q2 [label = "b"];
	q8 -> q15 [label = "b, c"];
	q25 -> q0 [label = "a, c"];
	q29 -> q28 [label = "b"];
	q6 -> q16 [label = "b"];
	q5 -> q15 [label = "c"];
	q24 -> q2 [label = "b"];
	q8 -> q7 [label = "a"];
	q23 -> q5 [label = "b"];
	q8 -> q16 [label = "b"];
	q29 -> q21 [label = "a"];
	q18 -> q3 [label = "b"];
	q4 -> q15 [label = "c"];
	q26 -> q19 [label = "a"];
	q17 -> q26 [label = "a"];
	q29 -> q16 [label = "b"];
	q10 -> q12 [label = "a, c"];
	q11 -> q22 [label = "a, b"];
	q21 -> q2 [label = "c"];
	q29 -> q20 [label = "b"];
	q9 -> q13 [label = "a, b"];
	q12 -> q28 [label = "a"];
	q18 -> q6 [label = "b, c"];
	q6 -> q22 [label = "a"];
	q11 -> q7 [label = "b"];
	q27 -> q6 [label = "c"];
	q2 -> q23 [label = "b"];
	q9 -> q28 [label = "a"];
	q18 -> q15 [label = "b, c"];
	q27 -> q23 [label = "c"];
	q28 -> q30 [label = "b, c"];
	q5 -> q12 [label = "a"];
	q22 -> q27 [label = "b"];
	q29 -> q15 [label = "c"];
	q21 -> q28 [label = "b"];
	q0 -> q3 [label = "c"];
	q27 -> q30 [label = "c"];
	q21 -> q14 [label = "a"];
	q26 -> q23 [label = "c"];
	q26 -> q17 [label = "a"];
	q13 -> q6 [label = "c"];
	q9 -> q30 [label = "a, b, c"];
	q12 -> q6 [label = "a, b"];
	q28 -> q13 [label = "b"];
	q25 -> q9 [label = "c"];
	q27 -> q22 [label = "a, b"];
	q29 -> q19 [label = "a"];
	q16 -> q28 [label = "b"];
	q29 -> q6 [label = "c"];
	q7 -> q2 [label = "c"];
	q2 -> q6 [label = "b, c"];
	q18 -> q4 [label = "b"];
	q15 -> q6 [label = "b, c"];
	q25 -> q15 [label = "c"];
	q29 -> q26 [label = "c"];
	q15 -> q7 [label = "a"];
	q14 -> q29 [label = "b"];
	q10 -> q8 [label = "b, c"];
	q5 -> q21 [label = "a"];
	q8 -> q21 [label = "a"];
	q6 -> q6 [label = "c"];
	q30 -> q16 [label = "b"];
	q18 -> q5 [label = "a"];
	q28 -> q12 [label = "a"];
	q28 -> q17 [label = "a"];
	q2 -> q16 [label = "b, c"];
	q17 -> q1 [label = "b"];
	q28 -> q19 [label = "a"];
	q26 -> q9 [label = "a"];
	q10 -> q9 [label = "a, c"];
	q6 -> q30 [label = "c"];
	q14 -> q13 [label = "b, c"];
	q9 -> q1 [label = "a, b"];
	q9 -> q19 [label = "a"];
	q24 -> q27 [label = "c"];
	q24 -> q3 [label = "b"];
	q19 -> q3 [label = "c"];
	q26 -> q13 [label = "c"];
	q0 -> q21 [label = "a"];
	q25 -> q12 [label = "a, c"];
	q26 -> q29 [label = "b"];
	q10 -> q14 [label = "a, c"];
	q24 -> q26 [label = "a"];
	q20 -> q13 [label = "b"];
	q16 -> q19 [label = "a"];
	q14 -> q8 [label = "b"];
	q23 -> q19 [label = "a"];
	q0 -> q13 [label = "b"];
	q5 -> q19 [label = "a"];
	q21 -> q13 [label = "b"];
	q10 -> q22 [label = "a, c"];
	q10 -> q26 [label = "a, c"];
	q5 -> q4 [label = "c"];
	q17 -> q12 [label = "a"];
	q8 -> q30 [label = "b, c"];
	q11 -> q12 [label = "a, b"];
	q10 -> q30 [label = "a, b, c"];
	q14 -> q6 [label = "c"];
	q23 -> q23 [label = "c"];
	q7 -> q18 [label = "c"];
	q15 -> q15 [label = "c"];
	q8 -> q19 [label = "a"];
	q12 -> q3 [label = "c"];
	q4 -> q1 [label = "b, c"];
	q22 -> q14 [label = "a"];
	q21 -> q4 [label = "c"];
	q10 -> q20 [label = "c"];
	q10 -> q29 [label = "b, c"];
	q4 -> q13 [label = "b, c"];
	q25 -> q21 [label = "a"];
	q4 -> q16 [label = "a, b, c"];
	q4 -> q28 [label = "a, c"];
	q0 -> q6 [label = "a, b"];
	q2 -> q20 [label = "b"];
	q0 -> q7 [label = "a"];
	q16 -> q12 [label = "a"];
	q0 -> q14 [label = "a"];
	q0 -> q19 [label = "a"];
	q0 -> q10 [label = "a"];
	q28 -> q28 [label = "b"];
	q0 -> q25 [label = "a"];
	q0 -> q26 [label = "a"];
	q13 -> q20 [label = "b"];
	q2 -> q11 [label = "b"];
	q0 -> q28 [label = "a"];
	q23 -> q16 [label = "b"];
	q12 -> q30 [label = "a, b"];
	q2 -> q1 [label = "b, c"];
	q2 -> q2 [label = "b"];
	q4 -> q11 [label = "b"];
	q2 -> q4 [label = "b"];
	q2 -> q14 [label = "b"];
	q7 -> q13 [label = "b"];
	q25 -> q19 [label = "a, c"];
	q2 -> q15 [label = "b, c"];
	q1 -> q30 [label = "c"];
	q2 -> q18 [label = "b, c"];
	q2 -> q27 [label = "b"];
	q30 -> q30 [label = "c"];
	q12 -> q13 [label = "b"];
	q2 -> q28 [label = "b, c"];
	q13 -> q28 [label = "b"];
	q7 -> q28 [label = "b"];
	q30 -> q19 [label = "a"];
	q6 -> q5 [label = "b"];
	q2 -> q30 [label = "b, c"];
	q6 -> q23 [label = "c"];
	q0 -> q1 [label = "b"];
	q2 -> q10 [label = "a"];
	q12 -> q1 [label = "b"];
	q4 -> q5 [label = "a"];
	q11 -> q28 [label = "b"];
	q0 -> q27 [label = "b"];
	q4 -> q7 [label = "a"];
	q4 -> q10 [label = "a"];
	q4 -> q14 [label = "a"];
	q4 -> q19 [label = "a"];
	q1 -> q23 [label = "c"];
	q4 -> q21 [label = "a"];
	q4 -> q25 [label = "a"];
	q21 -> q30 [label = "a, b, c"];
	q12 -> q14 [label = "a"];
	q5 -> q30 [label = "c"];
	q14 -> q19 [label = "a"];
	q7 -> q14 [label = "a"];
	q22 -> q6 [label = "a, b"];
	q1 -> q12 [label = "a, b"];
	q3 -> q26 [label = "a"];
	q26 -> q22 [label = "a"];
	q10 -> q1 [label = "c"];
	q1 -> q19 [label = "a, b"];
	q22 -> q1 [label = "a, b"];
	q15 -> q25 [label = "a"];
	q3 -> q2 [label = "b"];
	q7 -> q3 [label = "c"];
	q26 -> q26 [label = "a"];
	q13 -> q19 [label = "a"];
	q17 -> q19 [label = "a"];
	q10 -> q4 [label = "a, c"];
	q2 -> q3 [label = "b"];
	q7 -> q4 [label = "c"];
	q25 -> q28 [label = "b"];
	q27 -> q12 [label = "a, b"];
	q1 -> q0 [label = "b"];
	q26 -> q6 [label = "c"];
	q1 -> q6 [label = "c"];
	q14 -> q23 [label = "c"];
	q6 -> q19 [label = "a"];
	q4 -> q23 [label = "b"];
	q18 -> q13 [label = "b"];
	q7 -> q19 [label = "a"];
	q10 -> q6 [label = "c"];
	q4 -> q26 [label = "a"];
	q7 -> q7 [label = "a"];
	q7 -> q12 [label = "a"];
	q15 -> q21 [label = "a"];
	q4 -> q30 [label = "a, b, c"];
	q3 -> q3 [label = "b"];
	q10 -> q23 [label = "c"];
	q7 -> q17 [label = "a"];
	q7 -> q21 [label = "a"];
	q7 -> q26 [label = "a"];
	q13 -> q12 [label = "a"];
	q2 -> q26 [label = "a, b"];
	q15 -> q11 [label = "b"];
	q15 -> q13 [label = "b"];
	q22 -> q28 [label = "a"];
	q15 -> q27 [label = "b"];
	q0 -> q30 [label = "a, b"];
	q10 -> q2 [label = "c"];
	q10 -> q3 [label = "c"];
	q10 -> q5 [label = "c"];
	q18 -> q20 [label = "b"];
	q2 -> q13 [label = "b, c"];
	q10 -> q13 [label = "c"];
	q0 -> q2 [label = "c"];
	q10 -> q16 [label = "c"];
	q10 -> q18 [label = "c"];
	q10 -> q21 [label = "a, c"];
	q12 -> q23 [label = "b"];
}
NFA size: 31 states

AL* output after 17 EQ and 5299 MQ:
digraph finite_state_machine {
	rankdir=LR;
	node [shape = circle];
	s0 [shape = point, style = invis, start="true" ];
	s1 [shape = point, style = invis, start="true" ];
	q0 [label = "q0"];
	q1 [label = "q1", shape = doublecircle, final="true" ];
	q2 [label = "q2", shape = doublecircle, final="true" ];
	q3 [label = "q3", shape = doublecircle, final="true" ];
	q4 [label = "q4"];
	q5 [label = "q5"];
	q6 [label = "q6"];
	q7 [label = "q7", shape = doublecircle, final="true" ];
	q8 [label = "q8", shape = doublecircle, final="true" ];
	q9 [label = "q9"];
	q10 [label = "q10", shape = doublecircle, final="true" ];
	m0 [label = "", shape = square, style = filled, color=grey, fixedsize=true, width=.2];
	m1 [label = "", shape = square, style = filled, color=grey, fixedsize=true, width=.2];
	m2 [label = "", shape = square, style = filled, color=grey, fixedsize=true, width=.2];
	m3 [label = "", shape = square, style = filled, color=grey, fixedsize=true, width=.2];
	m4 [label = "", shape = square, style = filled, color=grey, fixedsize=true, width=.2];
	m5 [label = "", shape = square, style = filled, color=grey, fixedsize=true, width=.2];
	m6 [label = "", shape = square, style = filled, color=grey, fixedsize=true, width=.2];
	m7 [label = "", shape = square, style = filled, color=grey, fixedsize=true, width=.2];
	m8 [label = "", shape = square, style = filled, color=grey, fixedsize=true, width=.2];
	m9 [label = "", shape = square, style = filled, color=grey, fixedsize=true, width=.2];
	m10 [label = "", shape = square, style = filled, color=grey, fixedsize=true, width=.2];
	m11 [label = "", shape = square, style = filled, color=grey, fixedsize=true, width=.2];
	m12 [label = "", shape = square, style = filled, color=grey, fixedsize=true, width=.2];
	m13 [label = "", shape = square, style = filled, color=grey, fixedsize=true, width=.2];
	m14 [label = "", shape = square, style = filled, color=grey, fixedsize=true, width=.2];
	m15 [label = "", shape = square, style = filled, color=grey, fixedsize=true, width=.2];
	s0 -> m0
	s1 -> m1
	q8 -> m4 [label = "c"];
	q8 -> m3 [label = "b"];
	q9 -> m7 [label = "b"];
	q10 -> m11 [label = "a"];
	q3 -> m10 [label = "a, b"];
	q3 -> m9 [label = "a"];
	q7 -> m10 [label = "b"];
	q7 -> m3 [label = "b"];
	q5 -> m9 [label = "a"];
	q1 -> m9 [label = "a"];
	q1 -> m4 [label = "c"];
	q6 -> m11 [label = "a"];
	q3 -> m5 [label = "c"];
	q2 -> m3 [label = "b, c"];
	q10 -> m2 [label = "c"];
	q1 -> m3 [label = "a, c"];
	q6 -> m0 [label = "b"];
	q6 -> m3 [label = "b, c"];
	q10 -> m12 [label = "b"];
	q5 -> m3 [label = "b"];
	q3 -> m3 [label = "c"];
	q1 -> m6 [label = "b"];
	q10 -> m3 [label = "a, c"];
	q1 -> m13 [label = "b"];
	q9 -> m0 [label = "a, c"];
	q7 -> m1 [label = "a, b"];
	q2 -> m7 [label = "b"];
	q3 -> m4 [label = "b, c"];
	q10 -> m14 [label = "a, b"];
	q4 -> m7 [label = "b"];
	q6 -> m10 [label = "a"];
	q2 -> m4 [label = "b, c"];
	q4 -> m8 [label = "b"];
	q10 -> m1 [label = "c"];
	q5 -> m0 [label = "b"];
	q5 -> m11 [label = "a"];
	q0 -> m10 [label = "a"];
	q10 -> m6 [label = "a"];
	q9 -> m4 [label = "a, b"];
	q1 -> m12 [label = "b"];
	q1 -> m8 [label = "b"];
	q1 -> m5 [label = "b, c"];
	q3 -> m1 [label = "a"];
	q0 -> m7 [label = "b"];
	q1 -> m1 [label = "a, c"];
	q3 -> m7 [label = "b"];
	q7 -> m4 [label = "c"];
	q1 -> m14 [label = "a"];
	q0 -> m4 [label = "a, b"];
	q2 -> m1 [label = "a, b"];
	q8 -> m1 [label = "a, b"];
	q5 -> m7 [label = "c"];
	q0 -> m0 [label = "a, c"];
	q4 -> m0 [label = "a, c"];
	q6 -> m9 [label = "a"];
	q4 -> m4 [label = "a, b, c"];
	q4 -> m6 [label = "b"];
	q10 -> m15 [label = "b"];
	q4 -> m1 [label = "a"];
	q0 -> m3 [label = "c"];
	q6 -> m7 [label = "b, c"];
	q6 -> m4 [label = "b"];
	q2 -> m10 [label = "a, b"];
	q10 -> m13 [label = "b"];
	m0 -> q5;
	m0 -> q6;
	m1 -> q0;
	m1 -> q4;
	m1 -> q9;
	m2 -> q1;
	m2 -> q2;
	m2 -> q3;
	m2 -> q4;
	m2 -> q5;
	m2 -> q6;
	m2 -> q7;
	m2 -> q8;
	m3 -> q0;
	m3 -> q2;
	m3 -> q3;
	m3 -> q6;
	m4 -> q2;
	m4 -> q3;
	m4 -> q7;
	m5 -> q2;
	m5 -> q5;
	m5 -> q6;
	m5 -> q7;
	m5 -> q8;
	m6 -> q0;
	m6 -> q1;
	m6 -> q4;
	m6 -> q9;
	m6 -> q10;
	m7 -> q2;
	m7 -> q7;
	m7 -> q8;
	m8 -> q0;
	m8 -> q1;
	m8 -> q2;
	m8 -> q3;
	m8 -> q6;
	m8 -> q10;
	m9 -> q1;
	m9 -> q2;
	m9 -> q3;
	m9 -> q4;
	m9 -> q7;
	m9 -> q8;
	m10 -> q1;
	m10 -> q10;
	m11 -> q0;
	m11 -> q1;
	m11 -> q3;
	m11 -> q4;
	m11 -> q5;
	m11 -> q6;
	m11 -> q9;
	m12 -> q0;
	m12 -> q2;
	m12 -> q3;
	m12 -> q4;
	m12 -> q6;
	m12 -> q7;
	m12 -> q9;
	m12 -> q10;
	m13 -> q0;
	m13 -> q1;
	m13 -> q2;
	m13 -> q3;
	m13 -> q4;
	m13 -> q5;
	m13 -> q6;
	m13 -> q9;
	m14 -> q1;
	m14 -> q2;
	m14 -> q5;
	m14 -> q6;
	m14 -> q7;
	m14 -> q8;
	m14 -> q10;
	m15 -> q1;
	m15 -> q2;
	m15 -> q3;
	m15 -> q7;
	m15 -> q8;
	m15 -> q10;
}
AFA size: 11 states

