Random target AFA:
digraph finite_state_machine {
	rankdir=LR;
	node [shape = circle];
	s0 [shape = point, style = invis, start="true" ];
	s1 [shape = point, style = invis, start="true" ];
	q0 [label = "q0", shape = doublecircle, final="true" ];
	q1 [label = "q1"];
	q2 [label = "q2", shape = doublecircle, final="true" ];
	q3 [label = "q3", shape = doublecircle, final="true" ];
	q4 [label = "q4"];
	q5 [label = "q5", shape = doublecircle, final="true" ];
	m0 [label = "", shape = square, style = filled, color=grey, fixedsize=true, width=.2];
	m1 [label = "", shape = square, style = filled, color=grey, fixedsize=true, width=.2];
	m2 [label = "", shape = square, style = filled, color=grey, fixedsize=true, width=.2];
	m3 [label = "", shape = square, style = filled, color=grey, fixedsize=true, width=.2];
	m4 [label = "", shape = square, style = filled, color=grey, fixedsize=true, width=.2];
	m5 [label = "", shape = square, style = filled, color=grey, fixedsize=true, width=.2];
	m6 [label = "", shape = square, style = filled, color=grey, fixedsize=true, width=.2];
	m7 [label = "", shape = square, style = filled, color=grey, fixedsize=true, width=.2];
	s0 -> q2
	s1 -> q1
	q5 -> q3 [label = "c"];
	q5 -> m5 [label = "a"];
	q1 -> q2 [label = "c"];
	q2 -> q3 [label = "a, c"];
	q0 -> m2 [label = "b, c"];
	q3 -> m7 [label = "c"];
	q0 -> q0 [label = "a"];
	q5 -> q0 [label = "c"];
	q4 -> m3 [label = "a"];
	q4 -> m0 [label = "c"];
	q0 -> q2 [label = "b, c"];
	q4 -> q4 [label = "a"];
	q2 -> q5 [label = "b"];
	q0 -> m1 [label = "a"];
	q5 -> q2 [label = "a"];
	q2 -> q1 [label = "a"];
	q4 -> q2 [label = "c"];
	q4 -> q5 [label = "b"];
	q1 -> q1 [label = "a"];
	q1 -> m3 [label = "c"];
	q3 -> q3 [label = "b"];
	q1 -> m4 [label = "b"];
	q1 -> q4 [label = "b"];
	q5 -> q1 [label = "b"];
	q3 -> q4 [label = "a"];
	q3 -> q5 [label = "a"];
	q3 -> m2 [label = "c"];
	q4 -> m6 [label = "b"];
	q2 -> q0 [label = "c"];
	q5 -> q4 [label = "b"];
	m0 -> q1;
	m0 -> q3;
	m1 -> q4;
	m1 -> q5;
	m2 -> q0;
	m2 -> q2;
	m3 -> q1;
	m3 -> q5;
	m4 -> q2;
	m4 -> q5;
	m5 -> q1;
	m5 -> q4;
	m6 -> q0;
	m6 -> q5;
	m7 -> q2;
	m7 -> q4;
}

L* output after 9 EQ and 10794 MQ:
digraph finite_state_machine {
	rankdir=LR;
	node [shape = circle];
	s0 [shape = point, style = invis, start="true" ];
	q0 [label = "q0", shape = doublecircle, final="true" ];
	q1 [label = "q1", shape = doublecircle, final="true" ];
	q2 [label = "q2", shape = doublecircle, final="true" ];
	q3 [label = "q3", shape = doublecircle, final="true" ];
	q4 [label = "q4", shape = doublecircle, final="true" ];
	q5 [label = "q5", shape = doublecircle, final="true" ];
	q6 [label = "q6", shape = doublecircle, final="true" ];
	q7 [label = "q7", shape = doublecircle, final="true" ];
	q8 [label = "q8", shape = doublecircle, final="true" ];
	q9 [label = "q9", shape = doublecircle, final="true" ];
	q10 [label = "q10", shape = doublecircle, final="true" ];
	q11 [label = "q11", shape = doublecircle, final="true" ];
	q12 [label = "q12", shape = doublecircle, final="true" ];
	q13 [label = "q13", shape = doublecircle, final="true" ];
	q14 [label = "q14", shape = doublecircle, final="true" ];
	q15 [label = "q15", shape = doublecircle, final="true" ];
	q16 [label = "q16", shape = doublecircle, final="true" ];
	q17 [label = "q17", shape = doublecircle, final="true" ];
	q18 [label = "q18", shape = doublecircle, final="true" ];
	q19 [label = "q19", shape = doublecircle, final="true" ];
	q20 [label = "q20"];
	q21 [label = "q21", shape = doublecircle, final="true" ];
	q22 [label = "q22", shape = doublecircle, final="true" ];
	q23 [label = "q23", shape = doublecircle, final="true" ];
	q24 [label = "q24", shape = doublecircle, final="true" ];
	q25 [label = "q25", shape = doublecircle, final="true" ];
	q26 [label = "q26", shape = doublecircle, final="true" ];
	q27 [label = "q27", shape = doublecircle, final="true" ];
	q28 [label = "q28", shape = doublecircle, final="true" ];
	q29 [label = "q29", shape = doublecircle, final="true" ];
	q30 [label = "q30", shape = doublecircle, final="true" ];
	q31 [label = "q31", shape = doublecircle, final="true" ];
	q32 [label = "q32", shape = doublecircle, final="true" ];
	q33 [label = "q33", shape = doublecircle, final="true" ];
	q34 [label = "q34", shape = doublecircle, final="true" ];
	q35 [label = "q35", shape = doublecircle, final="true" ];
	q36 [label = "q36", shape = doublecircle, final="true" ];
	q37 [label = "q37", shape = doublecircle, final="true" ];
	q38 [label = "q38", shape = doublecircle, final="true" ];
	q39 [label = "q39", shape = doublecircle, final="true" ];
	q40 [label = "q40", shape = doublecircle, final="true" ];
	q41 [label = "q41", shape = doublecircle, final="true" ];
	q42 [label = "q42", shape = doublecircle, final="true" ];
	q43 [label = "q43", shape = doublecircle, final="true" ];
	q44 [label = "q44", shape = doublecircle, final="true" ];
	s0 -> q28
	q43 -> q18 [label = "a"];
	q43 -> q15 [label = "b"];
	q42 -> q7 [label = "a"];
	q38 -> q37 [label = "b"];
	q0 -> q11 [label = "a"];
	q2 -> q33 [label = "b"];
	q4 -> q8 [label = "b"];
	q6 -> q19 [label = "c"];
	q18 -> q12 [label = "c"];
	q9 -> q2 [label = "a"];
	q6 -> q8 [label = "b"];
	q28 -> q26 [label = "b"];
	q5 -> q19 [label = "c"];
	q34 -> q12 [label = "c"];
	q3 -> q6 [label = "b"];
	q36 -> q41 [label = "a"];
	q3 -> q0 [label = "a"];
	q7 -> q7 [label = "b"];
	q23 -> q24 [label = "c"];
	q6 -> q42 [label = "a"];
	q19 -> q12 [label = "c"];
	q4 -> q41 [label = "a"];
	q7 -> q6 [label = "a"];
	q21 -> q27 [label = "a"];
	q9 -> q19 [label = "c"];
	q0 -> q19 [label = "c"];
	q13 -> q15 [label = "a"];
	q35 -> q32 [label = "a"];
	q30 -> q12 [label = "c"];
	q20 -> q29 [label = "c"];
	q10 -> q5 [label = "b"];
	q5 -> q7 [label = "b"];
	q14 -> q19 [label = "c"];
	q11 -> q29 [label = "c"];
	q12 -> q12 [label = "c"];
	q13 -> q26 [label = "b"];
	q2 -> q10 [label = "a"];
	q11 -> q3 [label = "a"];
	q12 -> q10 [label = "a"];
	q14 -> q13 [label = "a"];
	q10 -> q9 [label = "a"];
	q19 -> q33 [label = "b"];
	q1 -> q19 [label = "c"];
	q23 -> q22 [label = "b"];
	q36 -> q8 [label = "b"];
	q20 -> q26 [label = "b"];
	q25 -> q26 [label = "b"];
	q25 -> q27 [label = "a"];
	q0 -> q37 [label = "b"];
	q1 -> q26 [label = "b"];
	q22 -> q20 [label = "b"];
	q1 -> q17 [label = "a"];
	q2 -> q19 [label = "c"];
	q36 -> q12 [label = "c"];
	q24 -> q23 [label = "c"];
	q44 -> q34 [label = "b"];
	q15 -> q14 [label = "a"];
	q16 -> q31 [label = "b"];
	q44 -> q19 [label = "c"];
	q43 -> q35 [label = "c"];
	q4 -> q19 [label = "c"];
	q32 -> q6 [label = "b"];
	q17 -> q8 [label = "a"];
	q17 -> q29 [label = "c"];
	q21 -> q12 [label = "c"];
	q22 -> q24 [label = "c"];
	q16 -> q35 [label = "c"];
	q16 -> q7 [label = "a"];
	q18 -> q17 [label = "a"];
	q11 -> q33 [label = "b"];
	q26 -> q12 [label = "c"];
	q39 -> q35 [label = "c"];
	q35 -> q40 [label = "c"];
	q20 -> q20 [label = "a"];
	q19 -> q10 [label = "a"];
	q3 -> q19 [label = "c"];
	q13 -> q29 [label = "c"];
	q40 -> q27 [label = "a"];
	q7 -> q19 [label = "c"];
	q37 -> q42 [label = "a"];
	q12 -> q39 [label = "b"];
	q14 -> q26 [label = "b"];
	q8 -> q19 [label = "c"];
	q41 -> q19 [label = "c"];
	q42 -> q19 [label = "c"];
	q9 -> q6 [label = "b"];
	q21 -> q22 [label = "b"];
	q15 -> q26 [label = "b"];
	q23 -> q27 [label = "a"];
	q26 -> q8 [label = "b"];
	q26 -> q18 [label = "a"];
	q28 -> q19 [label = "c"];
	q17 -> q34 [label = "b"];
	q15 -> q29 [label = "c"];
	q24 -> q32 [label = "a"];
	q24 -> q16 [label = "b"];
	q28 -> q27 [label = "a"];
	q30 -> q31 [label = "b"];
	q27 -> q30 [label = "b"];
	q27 -> q8 [label = "a"];
	q39 -> q5 [label = "a"];
	q33 -> q5 [label = "a"];
	q25 -> q24 [label = "c"];
	q29 -> q27 [label = "a"];
	q31 -> q17 [label = "b"];
	q30 -> q36 [label = "a"];
	q10 -> q19 [label = "c"];
	q27 -> q25 [label = "c"];
	q31 -> q35 [label = "c"];
	q29 -> q26 [label = "b"];
	q41 -> q26 [label = "b"];
	q31 -> q37 [label = "a"];
	q32 -> q38 [label = "a"];
	q34 -> q7 [label = "b"];
	q34 -> q37 [label = "a"];
	q40 -> q35 [label = "c"];
	q38 -> q12 [label = "c"];
	q35 -> q39 [label = "b"];
	q18 -> q26 [label = "b"];
	q32 -> q12 [label = "c"];
	q37 -> q12 [label = "c"];
	q22 -> q21 [label = "a"];
	q33 -> q7 [label = "b"];
	q39 -> q7 [label = "b"];
	q44 -> q4 [label = "a"];
	q5 -> q5 [label = "a"];
	q38 -> q11 [label = "a"];
	q33 -> q12 [label = "c"];
	q37 -> q8 [label = "b"];
	q8 -> q1 [label = "a"];
	q42 -> q34 [label = "b"];
	q41 -> q44 [label = "a"];
	q29 -> q35 [label = "c"];
	q8 -> q8 [label = "b"];
	q40 -> q43 [label = "b"];
}
DFA size: 45 states

NL* output after 6 EQ and 3812 MQ:
digraph finite_state_machine {
	rankdir=LR;
	node [shape = circle];
	s0 [shape = point, style = invis, start="true" ];
	s1 [shape = point, style = invis, start="true" ];
	s2 [shape = point, style = invis, start="true" ];
	s3 [shape = point, style = invis, start="true" ];
	s4 [shape = point, style = invis, start="true" ];
	q0 [label = "q0", shape = doublecircle, final="true" ];
	q1 [label = "q1", shape = doublecircle, final="true" ];
	q2 [label = "q2", shape = doublecircle, final="true" ];
	q3 [label = "q3", shape = doublecircle, final="true" ];
	q4 [label = "q4", shape = doublecircle, final="true" ];
	q5 [label = "q5", shape = doublecircle, final="true" ];
	q6 [label = "q6", shape = doublecircle, final="true" ];
	q7 [label = "q7", shape = doublecircle, final="true" ];
	q8 [label = "q8", shape = doublecircle, final="true" ];
	q9 [label = "q9", shape = doublecircle, final="true" ];
	q10 [label = "q10", shape = doublecircle, final="true" ];
	q11 [label = "q11", shape = doublecircle, final="true" ];
	q12 [label = "q12", shape = doublecircle, final="true" ];
	q13 [label = "q13", shape = doublecircle, final="true" ];
	q14 [label = "q14", shape = doublecircle, final="true" ];
	q15 [label = "q15", shape = doublecircle, final="true" ];
	q16 [label = "q16", shape = doublecircle, final="true" ];
	q17 [label = "q17"];
	q18 [label = "q18", shape = doublecircle, final="true" ];
	q19 [label = "q19", shape = doublecircle, final="true" ];
	q20 [label = "q20", shape = doublecircle, final="true" ];
	q21 [label = "q21", shape = doublecircle, final="true" ];
	s0 -> q4
	s1 -> q10
	s2 -> q12
	s3 -> q14
	s4 -> q16
	q18 -> q9 [label = "c"];
	q18 -> q6 [label = "c"];
	q18 -> q4 [label = "c"];
	q20 -> q3 [label = "b"];
	q17 -> q14 [label = "c"];
	q17 -> q4 [label = "c"];
	q19 -> q21 [label = "a"];
	q19 -> q20 [label = "b"];
	q19 -> q15 [label = "b"];
	q19 -> q12 [label = "a, b"];
	q19 -> q7 [label = "b"];
	q21 -> q0 [label = "a"];
	q19 -> q3 [label = "b"];
	q21 -> q2 [label = "a"];
	q19 -> q2 [label = "b"];
	q21 -> q18 [label = "c"];
	q21 -> q13 [label = "a, c"];
	q21 -> q9 [label = "c"];
	q21 -> q6 [label = "a, c"];
	q16 -> q16 [label = "c"];
	q20 -> q5 [label = "a"];
	q20 -> q2 [label = "a, b"];
	q17 -> q7 [label = "b"];
	q20 -> q1 [label = "a, b"];
	q16 -> q6 [label = "c"];
	q18 -> q20 [label = "a"];
	q18 -> q7 [label = "a"];
	q16 -> q15 [label = "b"];
	q18 -> q3 [label = "a, b"];
	q16 -> q11 [label = "a"];
	q19 -> q1 [label = "b"];
	q20 -> q18 [label = "c"];
	q20 -> q16 [label = "a, c"];
	q20 -> q9 [label = "c"];
	q20 -> q6 [label = "c"];
	q15 -> q16 [label = "a"];
	q13 -> q9 [label = "b"];
	q13 -> q4 [label = "b"];
	q11 -> q14 [label = "c"];
	q20 -> q10 [label = "a"];
	q11 -> q12 [label = "c"];
	q14 -> q11 [label = "a"];
	q12 -> q15 [label = "b"];
	q12 -> q7 [label = "b"];
	q12 -> q3 [label = "b"];
	q10 -> q16 [label = "c"];
	q10 -> q14 [label = "c"];
	q10 -> q9 [label = "c"];
	q13 -> q7 [label = "a"];
	q9 -> q13 [label = "c"];
	q9 -> q6 [label = "c"];
	q20 -> q7 [label = "b"];
	q3 -> q13 [label = "c"];
	q3 -> q6 [label = "c"];
	q18 -> q18 [label = "c"];
	q7 -> q12 [label = "a"];
	q2 -> q12 [label = "c"];
	q2 -> q4 [label = "c"];
	q4 -> q15 [label = "b"];
	q6 -> q19 [label = "a"];
	q6 -> q7 [label = "a"];
	q8 -> q14 [label = "a"];
	q16 -> q18 [label = "c"];
	q15 -> q17 [label = "b"];
	q8 -> q15 [label = "a"];
	q8 -> q5 [label = "a"];
	q5 -> q14 [label = "c"];
	q8 -> q7 [label = "a"];
	q19 -> q9 [label = "c"];
	q1 -> q0 [label = "a"];
	q8 -> q4 [label = "a"];
	q14 -> q13 [label = "c"];
	q13 -> q19 [label = "a"];
	q7 -> q3 [label = "b"];
	q19 -> q5 [label = "a, b"];
	q10 -> q11 [label = "a"];
	q14 -> q15 [label = "b"];
	q7 -> q6 [label = "c"];
	q8 -> q2 [label = "b"];
	q21 -> q17 [label = "a"];
	q21 -> q11 [label = "a"];
	q19 -> q10 [label = "b"];
	q12 -> q13 [label = "c"];
	q5 -> q11 [label = "a"];
	q8 -> q6 [label = "c"];
	q13 -> q14 [label = "b, c"];
	q8 -> q20 [label = "a"];
	q2 -> q3 [label = "b"];
	q9 -> q18 [label = "a"];
	q20 -> q12 [label = "a"];
	q8 -> q0 [label = "b"];
	q9 -> q11 [label = "a"];
	q10 -> q5 [label = "c"];
	q5 -> q7 [label = "b"];
	q19 -> q6 [label = "c"];
	q21 -> q14 [label = "b, c"];
	q20 -> q13 [label = "c"];
	q21 -> q20 [label = "b"];
	q9 -> q3 [label = "a, b"];
	q2 -> q14 [label = "c"];
	q7 -> q13 [label = "c"];
	q10 -> q21 [label = "c"];
	q1 -> q14 [label = "c"];
	q11 -> q17 [label = "a"];
	q8 -> q13 [label = "c"];
	q5 -> q17 [label = "a"];
	q21 -> q15 [label = "b"];
	q21 -> q4 [label = "b, c"];
	q15 -> q14 [label = "a"];
	q5 -> q3 [label = "b"];
	q9 -> q1 [label = "a"];
	q8 -> q11 [label = "b"];
	q6 -> q12 [label = "b"];
	q19 -> q4 [label = "a, b, c"];
	q6 -> q4 [label = "b, c"];
	q7 -> q15 [label = "b"];
	q5 -> q6 [label = "c"];
	q12 -> q11 [label = "a"];
	q8 -> q12 [label = "a"];
	q11 -> q3 [label = "a"];
	q21 -> q5 [label = "b"];
	q19 -> q14 [label = "a, b, c"];
	q7 -> q14 [label = "a, c"];
	q17 -> q3 [label = "b"];
	q10 -> q13 [label = "c"];
	q9 -> q7 [label = "a"];
	q10 -> q4 [label = "c"];
	q9 -> q8 [label = "a, b"];
	q9 -> q2 [label = "a"];
	q17 -> q17 [label = "a"];
	q1 -> q7 [label = "b"];
	q9 -> q15 [label = "a, b"];
	q9 -> q17 [label = "a"];
	q21 -> q7 [label = "b"];
	q8 -> q16 [label = "a"];
	q11 -> q7 [label = "a"];
	q16 -> q13 [label = "c"];
	q10 -> q3 [label = "b"];
	q9 -> q0 [label = "a"];
	q2 -> q17 [label = "a"];
	q20 -> q15 [label = "b"];
	q19 -> q13 [label = "c"];
	q10 -> q12 [label = "c"];
	q0 -> q12 [label = "c"];
	q21 -> q16 [label = "b, c"];
	q15 -> q13 [label = "c"];
	q4 -> q6 [label = "c"];
	q17 -> q15 [label = "b"];
	q4 -> q13 [label = "c"];
	q8 -> q17 [label = "b"];
	q5 -> q16 [label = "c"];
	q0 -> q2 [label = "a"];
	q19 -> q17 [label = "b"];
	q11 -> q15 [label = "a"];
	q6 -> q3 [label = "a, b"];
	q1 -> q18 [label = "c"];
	q8 -> q3 [label = "a"];
	q10 -> q15 [label = "b"];
	q2 -> q7 [label = "b"];
	q16 -> q14 [label = "c"];
	q2 -> q15 [label = "b"];
	q0 -> q3 [label = "b"];
	q18 -> q14 [label = "c"];
	q11 -> q18 [label = "b"];
	q0 -> q4 [label = "c"];
	q0 -> q14 [label = "c"];
	q18 -> q16 [label = "c"];
	q1 -> q3 [label = "b"];
	q0 -> q7 [label = "b"];
	q10 -> q7 [label = "b"];
	q5 -> q13 [label = "c"];
	q7 -> q5 [label = "a"];
	q5 -> q18 [label = "c"];
	q1 -> q12 [label = "c"];
	q6 -> q8 [label = "b"];
	q5 -> q9 [label = "c"];
	q11 -> q1 [label = "a"];
	q6 -> q9 [label = "b"];
	q19 -> q0 [label = "b"];
	q1 -> q16 [label = "c"];
	q10 -> q6 [label = "c"];
	q0 -> q17 [label = "a"];
	q6 -> q15 [label = "a, b"];
	q13 -> q15 [label = "a"];
	q2 -> q1 [label = "a"];
	q5 -> q0 [label = "a"];
	q16 -> q9 [label = "c"];
	q3 -> q16 [label = "a"];
	q4 -> q11 [label = "a"];
	q3 -> q17 [label = "b"];
	q5 -> q4 [label = "c"];
	q1 -> q17 [label = "a"];
	q18 -> q15 [label = "a, b"];
	q3 -> q2 [label = "b"];
	q7 -> q4 [label = "a, c"];
	q5 -> q15 [label = "b"];
	q7 -> q9 [label = "c"];
	q7 -> q16 [label = "a, c"];
	q1 -> q9 [label = "c"];
	q7 -> q18 [label = "c"];
	q18 -> q8 [label = "b"];
	q1 -> q15 [label = "b"];
	q20 -> q17 [label = "a, b"];
	q7 -> q17 [label = "b"];
	q21 -> q12 [label = "b"];
	q3 -> q4 [label = "a"];
	q13 -> q3 [label = "a"];
	q1 -> q21 [label = "c"];
	q3 -> q5 [label = "a"];
	q0 -> q15 [label = "b"];
	q3 -> q12 [label = "a"];
	q19 -> q18 [label = "c"];
	q21 -> q3 [label = "b"];
	q19 -> q16 [label = "a, b, c"];
	q3 -> q14 [label = "a"];
	q7 -> q1 [label = "b"];
	q20 -> q14 [label = "a, c"];
	q7 -> q2 [label = "b"];
	q4 -> q3 [label = "b"];
	q7 -> q7 [label = "b"];
	q17 -> q12 [label = "c"];
	q11 -> q2 [label = "a"];
	q9 -> q20 [label = "a"];
	q5 -> q2 [label = "a"];
	q18 -> q13 [label = "c"];
	q20 -> q0 [label = "a"];
	q20 -> q4 [label = "a, c"];
	q6 -> q14 [label = "b, c"];
	q1 -> q4 [label = "c"];
	q16 -> q4 [label = "c"];
	q10 -> q18 [label = "c"];
	q1 -> q5 [label = "c"];
	q1 -> q6 [label = "c"];
	q1 -> q13 [label = "c"];
}
NFA size: 22 states

