Random target AFA:
digraph finite_state_machine {
	rankdir=LR;
	node [shape = circle];
	s0 [shape = point, style = invis, start="true" ];
	s1 [shape = point, style = invis, start="true" ];
	q0 [label = "q0", shape = doublecircle, final="true" ];
	q1 [label = "q1", shape = doublecircle, final="true" ];
	q2 [label = "q2"];
	q3 [label = "q3"];
	q4 [label = "q4", shape = doublecircle, final="true" ];
	q5 [label = "q5"];
	m0 [label = "", shape = square, style = filled, color=grey, fixedsize=true, width=.2];
	m1 [label = "", shape = square, style = filled, color=grey, fixedsize=true, width=.2];
	m2 [label = "", shape = square, style = filled, color=grey, fixedsize=true, width=.2];
	m3 [label = "", shape = square, style = filled, color=grey, fixedsize=true, width=.2];
	m4 [label = "", shape = square, style = filled, color=grey, fixedsize=true, width=.2];
	m5 [label = "", shape = square, style = filled, color=grey, fixedsize=true, width=.2];
	m6 [label = "", shape = square, style = filled, color=grey, fixedsize=true, width=.2];
	m7 [label = "", shape = square, style = filled, color=grey, fixedsize=true, width=.2];
	m8 [label = "", shape = square, style = filled, color=grey, fixedsize=true, width=.2];
	s0 -> q0
	s1 -> q2
	q3 -> m8 [label = "c"];
	q2 -> q0 [label = "a"];
	q0 -> q3 [label = "c"];
	q1 -> q1 [label = "b"];
	q0 -> m3 [label = "b, c"];
	q4 -> q5 [label = "c"];
	q4 -> q2 [label = "c"];
	q1 -> q0 [label = "a"];
	q4 -> q4 [label = "a"];
	q4 -> q1 [label = "a, b"];
	q5 -> m7 [label = "b"];
	q0 -> m0 [label = "a"];
	q3 -> m0 [label = "a"];
	q0 -> m2 [label = "b"];
	q0 -> q4 [label = "a"];
	q3 -> m3 [label = "b"];
	q5 -> q4 [label = "a"];
	q2 -> q2 [label = "b"];
	q5 -> q0 [label = "c"];
	q1 -> q2 [label = "b"];
	q5 -> m5 [label = "c"];
	q5 -> q5 [label = "a"];
	q2 -> m1 [label = "b"];
	q5 -> q3 [label = "b"];
	q3 -> q3 [label = "b"];
	q3 -> m6 [label = "a, c"];
	q2 -> m4 [label = "a"];
	q4 -> m7 [label = "b"];
	q2 -> q1 [label = "c"];
	q1 -> q4 [label = "c"];
	q2 -> m7 [label = "c"];
	m0 -> q3;
	m0 -> q5;
	m1 -> q0;
	m1 -> q2;
	m2 -> q0;
	m2 -> q3;
	m3 -> q0;
	m3 -> q4;
	m4 -> q3;
	m4 -> q4;
	m5 -> q2;
	m5 -> q5;
	m6 -> q0;
	m6 -> q5;
	m7 -> q1;
	m7 -> q4;
	m8 -> q2;
	m8 -> q3;
}

L* output after 7 EQ and 8446 MQ:
digraph finite_state_machine {
	rankdir=LR;
	node [shape = circle];
	s0 [shape = point, style = invis, start="true" ];
	q0 [label = "q0", shape = doublecircle, final="true" ];
	q1 [label = "q1", shape = doublecircle, final="true" ];
	q2 [label = "q2", shape = doublecircle, final="true" ];
	q3 [label = "q3", shape = doublecircle, final="true" ];
	q4 [label = "q4"];
	q5 [label = "q5"];
	q6 [label = "q6", shape = doublecircle, final="true" ];
	q7 [label = "q7", shape = doublecircle, final="true" ];
	q8 [label = "q8", shape = doublecircle, final="true" ];
	q9 [label = "q9", shape = doublecircle, final="true" ];
	q10 [label = "q10", shape = doublecircle, final="true" ];
	q11 [label = "q11", shape = doublecircle, final="true" ];
	q12 [label = "q12", shape = doublecircle, final="true" ];
	q13 [label = "q13", shape = doublecircle, final="true" ];
	q14 [label = "q14", shape = doublecircle, final="true" ];
	q15 [label = "q15", shape = doublecircle, final="true" ];
	q16 [label = "q16", shape = doublecircle, final="true" ];
	q17 [label = "q17", shape = doublecircle, final="true" ];
	q18 [label = "q18", shape = doublecircle, final="true" ];
	q19 [label = "q19", shape = doublecircle, final="true" ];
	q20 [label = "q20", shape = doublecircle, final="true" ];
	q21 [label = "q21", shape = doublecircle, final="true" ];
	q22 [label = "q22"];
	q23 [label = "q23", shape = doublecircle, final="true" ];
	q24 [label = "q24", shape = doublecircle, final="true" ];
	q25 [label = "q25", shape = doublecircle, final="true" ];
	q26 [label = "q26", shape = doublecircle, final="true" ];
	q27 [label = "q27", shape = doublecircle, final="true" ];
	q28 [label = "q28", shape = doublecircle, final="true" ];
	q29 [label = "q29", shape = doublecircle, final="true" ];
	q30 [label = "q30", shape = doublecircle, final="true" ];
	q31 [label = "q31", shape = doublecircle, final="true" ];
	q32 [label = "q32", shape = doublecircle, final="true" ];
	q33 [label = "q33", shape = doublecircle, final="true" ];
	q34 [label = "q34", shape = doublecircle, final="true" ];
	q35 [label = "q35", shape = doublecircle, final="true" ];
	q36 [label = "q36", shape = doublecircle, final="true" ];
	q37 [label = "q37", shape = doublecircle, final="true" ];
	q38 [label = "q38", shape = doublecircle, final="true" ];
	q39 [label = "q39", shape = doublecircle, final="true" ];
	q40 [label = "q40", shape = doublecircle, final="true" ];
	q41 [label = "q41", shape = doublecircle, final="true" ];
	q42 [label = "q42", shape = doublecircle, final="true" ];
	q43 [label = "q43", shape = doublecircle, final="true" ];
	q44 [label = "q44"];
	q45 [label = "q45", shape = doublecircle, final="true" ];
	s0 -> q29
	q41 -> q34 [label = "c"];
	q45 -> q24 [label = "a"];
	q43 -> q42 [label = "a"];
	q41 -> q19 [label = "a"];
	q43 -> q12 [label = "b"];
	q40 -> q36 [label = "c"];
	q42 -> q40 [label = "a"];
	q2 -> q42 [label = "a"];
	q41 -> q14 [label = "b"];
	q33 -> q37 [label = "b"];
	q6 -> q26 [label = "b"];
	q4 -> q42 [label = "a"];
	q27 -> q26 [label = "b"];
	q12 -> q5 [label = "c"];
	q22 -> q43 [label = "c"];
	q33 -> q34 [label = "c"];
	q5 -> q2 [label = "c"];
	q3 -> q26 [label = "b"];
	q17 -> q17 [label = "a"];
	q0 -> q7 [label = "c"];
	q1 -> q35 [label = "b"];
	q14 -> q6 [label = "c"];
	q32 -> q31 [label = "b"];
	q36 -> q35 [label = "b"];
	q3 -> q17 [label = "a"];
	q28 -> q19 [label = "a"];
	q7 -> q35 [label = "b"];
	q38 -> q35 [label = "b"];
	q5 -> q42 [label = "a"];
	q24 -> q24 [label = "c"];
	q1 -> q0 [label = "c"];
	q6 -> q15 [label = "c"];
	q7 -> q19 [label = "a"];
	q0 -> q17 [label = "a"];
	q28 -> q27 [label = "c"];
	q45 -> q16 [label = "b"];
	q38 -> q19 [label = "a"];
	q12 -> q12 [label = "b"];
	q17 -> q35 [label = "b"];
	q9 -> q3 [label = "c"];
	q30 -> q35 [label = "b"];
	q23 -> q23 [label = "b"];
	q3 -> q38 [label = "c"];
	q1 -> q19 [label = "a"];
	q23 -> q22 [label = "c"];
	q20 -> q24 [label = "c"];
	q25 -> q41 [label = "c"];
	q4 -> q10 [label = "b"];
	q45 -> q9 [label = "c"];
	q16 -> q16 [label = "b"];
	q6 -> q19 [label = "a"];
	q20 -> q21 [label = "b"];
	q22 -> q21 [label = "b"];
	q11 -> q23 [label = "b"];
	q22 -> q42 [label = "a"];
	q25 -> q31 [label = "b"];
	q42 -> q41 [label = "c"];
	q26 -> q18 [label = "c"];
	q18 -> q36 [label = "c"];
	q29 -> q28 [label = "b"];
	q19 -> q30 [label = "b"];
	q2 -> q10 [label = "b"];
	q5 -> q21 [label = "b"];
	q11 -> q42 [label = "a"];
	q35 -> q40 [label = "c"];
	q21 -> q44 [label = "c"];
	q43 -> q11 [label = "c"];
	q7 -> q1 [label = "c"];
	q39 -> q45 [label = "b"];
	q17 -> q36 [label = "c"];
	q16 -> q19 [label = "a"];
	q15 -> q16 [label = "b"];
	q11 -> q20 [label = "c"];
	q2 -> q11 [label = "c"];
	q19 -> q41 [label = "c"];
	q13 -> q35 [label = "b"];
	q37 -> q39 [label = "c"];
	q26 -> q35 [label = "b"];
	q16 -> q8 [label = "c"];
	q20 -> q42 [label = "a"];
	q44 -> q10 [label = "b"];
	q18 -> q17 [label = "a"];
	q18 -> q45 [label = "b"];
	q34 -> q35 [label = "b"];
	q15 -> q17 [label = "a"];
	q0 -> q35 [label = "b"];
	q37 -> q35 [label = "b"];
	q14 -> q19 [label = "a"];
	q10 -> q12 [label = "b"];
	q9 -> q17 [label = "a"];
	q4 -> q2 [label = "c"];
	q13 -> q24 [label = "a"];
	q8 -> q17 [label = "a"];
	q8 -> q26 [label = "b"];
	q38 -> q17 [label = "c"];
	q39 -> q15 [label = "c"];
	q14 -> q35 [label = "b"];
	q12 -> q42 [label = "a"];
	q10 -> q20 [label = "a"];
	q35 -> q35 [label = "b"];
	q8 -> q3 [label = "c"];
	q31 -> q32 [label = "c"];
	q40 -> q17 [label = "a"];
	q15 -> q7 [label = "c"];
	q9 -> q45 [label = "b"];
	q21 -> q23 [label = "b"];
	q23 -> q42 [label = "a"];
	q31 -> q16 [label = "b"];
	q36 -> q17 [label = "a"];
	q24 -> q42 [label = "a"];
	q24 -> q23 [label = "b"];
	q26 -> q24 [label = "a"];
	q19 -> q40 [label = "a"];
	q30 -> q42 [label = "c"];
	q25 -> q40 [label = "a"];
	q44 -> q42 [label = "a"];
	q29 -> q30 [label = "c"];
	q27 -> q19 [label = "a"];
	q29 -> q19 [label = "a"];
	q39 -> q19 [label = "a"];
	q27 -> q25 [label = "c"];
	q31 -> q24 [label = "a"];
	q32 -> q40 [label = "a"];
	q36 -> q38 [label = "c"];
	q34 -> q19 [label = "a, c"];
	q10 -> q4 [label = "c"];
	q32 -> q33 [label = "c"];
	q33 -> q19 [label = "a"];
	q30 -> q19 [label = "a"];
	q35 -> q19 [label = "a"];
	q13 -> q25 [label = "c"];
	q37 -> q24 [label = "a"];
	q44 -> q43 [label = "c"];
	q28 -> q28 [label = "b"];
	q21 -> q20 [label = "a"];
	q42 -> q13 [label = "b"];
	q40 -> q26 [label = "b"];
}
DFA size: 46 states

NL* output after 8 EQ and 4785 MQ:
digraph finite_state_machine {
	rankdir=LR;
	node [shape = circle];
	s0 [shape = point, style = invis, start="true" ];
	s1 [shape = point, style = invis, start="true" ];
	s2 [shape = point, style = invis, start="true" ];
	s3 [shape = point, style = invis, start="true" ];
	q0 [label = "q0", shape = doublecircle, final="true" ];
	q1 [label = "q1", shape = doublecircle, final="true" ];
	q2 [label = "q2", shape = doublecircle, final="true" ];
	q3 [label = "q3", shape = doublecircle, final="true" ];
	q4 [label = "q4", shape = doublecircle, final="true" ];
	q5 [label = "q5", shape = doublecircle, final="true" ];
	q6 [label = "q6", shape = doublecircle, final="true" ];
	q7 [label = "q7"];
	q8 [label = "q8"];
	q9 [label = "q9", shape = doublecircle, final="true" ];
	q10 [label = "q10", shape = doublecircle, final="true" ];
	q11 [label = "q11", shape = doublecircle, final="true" ];
	q12 [label = "q12"];
	q13 [label = "q13", shape = doublecircle, final="true" ];
	q14 [label = "q14", shape = doublecircle, final="true" ];
	q15 [label = "q15", shape = doublecircle, final="true" ];
	q16 [label = "q16", shape = doublecircle, final="true" ];
	s0 -> q6
	s1 -> q9
	s2 -> q10
	s3 -> q13
	q9 -> q9 [label = "b"];
	q11 -> q14 [label = "a"];
	q11 -> q11 [label = "a"];
	q9 -> q8 [label = "a"];
	q9 -> q6 [label = "a"];
	q13 -> q14 [label = "c"];
	q12 -> q12 [label = "a"];
	q12 -> q7 [label = "a"];
	q14 -> q5 [label = "b"];
	q8 -> q8 [label = "a"];
	q8 -> q7 [label = "a"];
	q8 -> q6 [label = "a, c"];
	q10 -> q10 [label = "b"];
	q10 -> q9 [label = "b"];
	q12 -> q6 [label = "a, c"];
	q9 -> q12 [label = "a"];
	q4 -> q16 [label = "c"];
	q4 -> q14 [label = "c"];
	q0 -> q14 [label = "a"];
	q0 -> q11 [label = "a"];
	q0 -> q3 [label = "a"];
	q0 -> q1 [label = "a"];
	q0 -> q0 [label = "a"];
	q14 -> q2 [label = "b"];
	q2 -> q16 [label = "b"];
	q2 -> q14 [label = "b"];
	q7 -> q8 [label = "a"];
	q11 -> q12 [label = "a, c"];
	q0 -> q16 [label = "a, b"];
	q3 -> q4 [label = "c"];
	q16 -> q16 [label = "b"];
	q9 -> q7 [label = "a, c"];
	q3 -> q10 [label = "a"];
	q10 -> q11 [label = "a"];
	q13 -> q12 [label = "a"];
	q13 -> q8 [label = "a, c"];
	q0 -> q7 [label = "a, c"];
	q15 -> q10 [label = "b"];
	q13 -> q7 [label = "a, c"];
	q5 -> q13 [label = "b"];
	q10 -> q7 [label = "a, c"];
	q14 -> q12 [label = "a, c"];
	q15 -> q7 [label = "a, c"];
	q11 -> q6 [label = "a, c"];
	q1 -> q5 [label = "b"];
	q5 -> q9 [label = "a, b"];
	q12 -> q9 [label = "b, c"];
	q15 -> q6 [label = "a"];
	q16 -> q6 [label = "a"];
	q10 -> q8 [label = "a, c"];
	q2 -> q5 [label = "b"];
	q16 -> q15 [label = "a"];
	q16 -> q13 [label = "b"];
	q4 -> q12 [label = "a, c"];
	q0 -> q5 [label = "b"];
	q16 -> q8 [label = "a"];
	q5 -> q5 [label = "b"];
	q1 -> q15 [label = "a"];
	q9 -> q10 [label = "b"];
	q16 -> q10 [label = "a, b"];
	q13 -> q6 [label = "a"];
	q7 -> q6 [label = "a, c"];
	q14 -> q15 [label = "a, b"];
	q12 -> q11 [label = "a"];
	q8 -> q12 [label = "a"];
	q5 -> q6 [label = "a"];
	q5 -> q8 [label = "a"];
	q3 -> q11 [label = "a, c"];
	q8 -> q15 [label = "b"];
	q0 -> q10 [label = "a, b, c"];
	q16 -> q11 [label = "c"];
	q16 -> q7 [label = "a, c"];
	q6 -> q7 [label = "a, c"];
	q15 -> q12 [label = "a, c"];
	q14 -> q8 [label = "a"];
	q13 -> q9 [label = "a, b"];
	q1 -> q0 [label = "c"];
	q16 -> q12 [label = "a"];
	q15 -> q9 [label = "b"];
	q3 -> q9 [label = "a, b"];
	q6 -> q8 [label = "a, c"];
	q13 -> q10 [label = "a, b"];
	q0 -> q8 [label = "a, c"];
	q13 -> q13 [label = "b"];
	q16 -> q5 [label = "b"];
	q5 -> q10 [label = "a, b"];
	q11 -> q4 [label = "c"];
	q11 -> q7 [label = "a, c"];
	q3 -> q7 [label = "a, c"];
	q7 -> q11 [label = "a"];
	q7 -> q7 [label = "a"];
	q11 -> q16 [label = "b"];
	q11 -> q8 [label = "a, c"];
	q14 -> q7 [label = "a, c"];
	q4 -> q7 [label = "a, c"];
	q2 -> q13 [label = "b"];
	q2 -> q8 [label = "a, b"];
	q13 -> q11 [label = "a"];
	q8 -> q11 [label = "a"];
	q5 -> q3 [label = "c"];
	q3 -> q16 [label = "a, b"];
	q4 -> q11 [label = "a"];
	q2 -> q2 [label = "b"];
	q16 -> q9 [label = "a, b"];
	q10 -> q12 [label = "a"];
	q0 -> q12 [label = "a, c"];
	q14 -> q10 [label = "a"];
	q7 -> q9 [label = "b"];
	q5 -> q15 [label = "a"];
	q3 -> q15 [label = "a"];
	q7 -> q12 [label = "a"];
	q13 -> q15 [label = "a"];
	q2 -> q1 [label = "c"];
	q1 -> q12 [label = "a, c"];
	q11 -> q9 [label = "b"];
	q3 -> q8 [label = "a, c"];
	q2 -> q7 [label = "a, b, c"];
	q2 -> q12 [label = "a, c"];
	q5 -> q16 [label = "b"];
	q4 -> q2 [label = "b"];
	q4 -> q9 [label = "a, b, c"];
	q4 -> q15 [label = "a, b, c"];
	q6 -> q6 [label = "a"];
	q3 -> q6 [label = "a, c"];
	q6 -> q11 [label = "a"];
	q1 -> q6 [label = "a, c"];
	q1 -> q7 [label = "a, c"];
	q11 -> q3 [label = "a"];
	q12 -> q10 [label = "c"];
	q2 -> q10 [label = "a, b"];
	q14 -> q6 [label = "a, c"];
	q1 -> q9 [label = "a, b, c"];
	q1 -> q10 [label = "a, c"];
	q15 -> q15 [label = "b"];
	q4 -> q6 [label = "a, c"];
	q6 -> q12 [label = "a"];
	q1 -> q11 [label = "a, c"];
	q5 -> q7 [label = "a, c"];
	q3 -> q5 [label = "b"];
	q5 -> q12 [label = "a"];
	q3 -> q0 [label = "a"];
	q14 -> q16 [label = "b"];
	q3 -> q1 [label = "a"];
	q12 -> q8 [label = "a"];
	q3 -> q3 [label = "a"];
	q3 -> q12 [label = "a, c"];
	q0 -> q15 [label = "a, c"];
	q1 -> q16 [label = "b"];
	q11 -> q1 [label = "a"];
	q6 -> q9 [label = "b, c"];
	q8 -> q9 [label = "b"];
	q1 -> q8 [label = "a"];
	q5 -> q11 [label = "c"];
	q4 -> q8 [label = "a, c"];
	q15 -> q8 [label = "a"];
	q4 -> q10 [label = "a, c"];
	q0 -> q2 [label = "c"];
	q0 -> q4 [label = "c"];
	q14 -> q9 [label = "a, b"];
	q3 -> q14 [label = "a"];
	q0 -> q6 [label = "a, c"];
	q0 -> q9 [label = "a, b, c"];
	q0 -> q13 [label = "b, c"];
	q2 -> q6 [label = "a"];
	q14 -> q11 [label = "a, c"];
	q2 -> q9 [label = "a, b"];
	q2 -> q15 [label = "a, b"];
	q6 -> q10 [label = "c"];
	q10 -> q6 [label = "a"];
	q6 -> q15 [label = "c"];
}
NFA size: 17 states

AL* output after 10 EQ and 1847 MQ:
digraph finite_state_machine {
	rankdir=LR;
	node [shape = circle];
	s0 [shape = point, style = invis, start="true" ];
	s1 [shape = point, style = invis, start="true" ];
	s2 [shape = point, style = invis, start="true" ];
	s3 [shape = point, style = invis, start="true" ];
	q0 [label = "q0", shape = doublecircle, final="true" ];
	q1 [label = "q1", shape = doublecircle, final="true" ];
	q2 [label = "q2", shape = doublecircle, final="true" ];
	q3 [label = "q3", shape = doublecircle, final="true" ];
	q4 [label = "q4", shape = doublecircle, final="true" ];
	q5 [label = "q5", shape = doublecircle, final="true" ];
	q6 [label = "q6"];
	q7 [label = "q7", shape = doublecircle, final="true" ];
	q8 [label = "q8", shape = doublecircle, final="true" ];
	m0 [label = "", shape = square, style = filled, color=grey, fixedsize=true, width=.2];
	m1 [label = "", shape = square, style = filled, color=grey, fixedsize=true, width=.2];
	m2 [label = "", shape = square, style = filled, color=grey, fixedsize=true, width=.2];
	m3 [label = "", shape = square, style = filled, color=grey, fixedsize=true, width=.2];
	m4 [label = "", shape = square, style = filled, color=grey, fixedsize=true, width=.2];
	m5 [label = "", shape = square, style = filled, color=grey, fixedsize=true, width=.2];
	m6 [label = "", shape = square, style = filled, color=grey, fixedsize=true, width=.2];
	m7 [label = "", shape = square, style = filled, color=grey, fixedsize=true, width=.2];
	m8 [label = "", shape = square, style = filled, color=grey, fixedsize=true, width=.2];
	s0 -> m0
	s1 -> m1
	s2 -> m2
	s3 -> m3
	q3 -> m2 [label = "c"];
	q3 -> m4 [label = "c"];
	q5 -> q7 [label = "c"];
	q2 -> m3 [label = "a"];
	q0 -> q7 [label = "a, c"];
	q2 -> q7 [label = "a"];
	q2 -> m2 [label = "b, c"];
	q8 -> m1 [label = "a, b"];
	q8 -> m3 [label = "a"];
	q2 -> m0 [label = "b"];
	q5 -> m3 [label = "a, c"];
	q3 -> m3 [label = "a, c"];
	q6 -> m5 [label = "a, b"];
	q1 -> m0 [label = "b"];
	q8 -> m5 [label = "a"];
	q0 -> m5 [label = "a, b"];
	q8 -> m4 [label = "b"];
	q7 -> m3 [label = "a, c"];
	q8 -> m2 [label = "a, b"];
	q7 -> m2 [label = "c"];
	q7 -> m1 [label = "b"];
	q5 -> m1 [label = "a, b"];
	q5 -> m4 [label = "b, c"];
	q5 -> m0 [label = "b"];
	q6 -> m1 [label = "b, c"];
	q8 -> q7 [label = "c"];
	q2 -> m5 [label = "a, c"];
	q3 -> m6 [label = "b"];
	q4 -> m5 [label = "a, b, c"];
	q0 -> m0 [label = "b"];
	q7 -> m0 [label = "c"];
	q4 -> m3 [label = "a, c"];
	q4 -> q7 [label = "a"];
	q6 -> m3 [label = "a, c"];
	q7 -> m4 [label = "a, b"];
	q4 -> m2 [label = "b"];
	q6 -> m2 [label = "c"];
	q0 -> m3 [label = "a, c"];
	q1 -> q7 [label = "a"];
	q1 -> m1 [label = "a, b"];
	q1 -> m3 [label = "a, c"];
	q8 -> m0 [label = "b"];
	q3 -> m0 [label = "b"];
	q1 -> m5 [label = "a, b, c"];
	q0 -> m1 [label = "a, b"];
	q3 -> m1 [label = "a, b, c"];
	q2 -> m1 [label = "a, b, c"];
	q0 -> m4 [label = "b"];
	q3 -> q7 [label = "a"];
	q7 -> q7 [label = "a"];
	q3 -> m5 [label = "a, b, c"];
	q7 -> m7 [label = "c"];
	q7 -> m5 [label = "a, c"];
	q1 -> m4 [label = "b, c"];
	q5 -> m2 [label = "a, b"];
	q1 -> m2 [label = "b"];
	q5 -> m5 [label = "a, b"];
	q1 -> m8 [label = "c"];
	q6 -> q7 [label = "a"];
	q2 -> m4 [label = "c"];
	q4 -> m1 [label = "b"];
	m0 -> q1;
	m0 -> q2;
	m0 -> q3;
	m0 -> q5;
	m1 -> q1;
	m1 -> q2;
	m1 -> q4;
	m1 -> q5;
	m1 -> q8;
	m2 -> q1;
	m2 -> q2;
	m2 -> q3;
	m2 -> q4;
	m2 -> q7;
	m3 -> q2;
	m3 -> q3;
	m3 -> q6;
	m4 -> q0;
	m4 -> q5;
	m4 -> q8;
	m5 -> q0;
	m5 -> q1;
	m5 -> q3;
	m5 -> q4;
	m5 -> q5;
	m5 -> q6;
	m6 -> q0;
	m6 -> q1;
	m6 -> q5;
	m6 -> q7;
	m6 -> q8;
	m7 -> q0;
	m7 -> q1;
	m7 -> q3;
	m7 -> q5;
	m7 -> q7;
	m7 -> q8;
	m8 -> q1;
	m8 -> q2;
	m8 -> q3;
	m8 -> q5;
	m8 -> q7;
}
AFA size: 9 states

AL** output after 11 EQ and 1847 MQ:
digraph finite_state_machine {
	rankdir=LR;
	node [shape = circle];
	s0 [shape = point, style = invis, start="true" ];
	s1 [shape = point, style = invis, start="true" ];
	s2 [shape = point, style = invis, start="true" ];
	s3 [shape = point, style = invis, start="true" ];
	q0 [label = "q0", shape = doublecircle, final="true" ];
	q1 [label = "q1", shape = doublecircle, final="true" ];
	q2 [label = "q2", shape = doublecircle, final="true" ];
	q3 [label = "q3", shape = doublecircle, final="true" ];
	q4 [label = "q4", shape = doublecircle, final="true" ];
	q5 [label = "q5", shape = doublecircle, final="true" ];
	q6 [label = "q6"];
	q7 [label = "q7", shape = doublecircle, final="true" ];
	q8 [label = "q8", shape = doublecircle, final="true" ];
	m0 [label = "", shape = square, style = filled, color=grey, fixedsize=true, width=.2];
	m1 [label = "", shape = square, style = filled, color=grey, fixedsize=true, width=.2];
	m2 [label = "", shape = square, style = filled, color=grey, fixedsize=true, width=.2];
	m3 [label = "", shape = square, style = filled, color=grey, fixedsize=true, width=.2];
	m4 [label = "", shape = square, style = filled, color=grey, fixedsize=true, width=.2];
	m5 [label = "", shape = square, style = filled, color=grey, fixedsize=true, width=.2];
	m6 [label = "", shape = square, style = filled, color=grey, fixedsize=true, width=.2];
	m7 [label = "", shape = square, style = filled, color=grey, fixedsize=true, width=.2];
	m8 [label = "", shape = square, style = filled, color=grey, fixedsize=true, width=.2];
	s0 -> m0
	s1 -> m1
	s2 -> m2
	s3 -> m3
	q3 -> m2 [label = "c"];
	q3 -> m4 [label = "c"];
	q5 -> q7 [label = "c"];
	q2 -> m3 [label = "a"];
	q0 -> q7 [label = "a, c"];
	q2 -> q7 [label = "a"];
	q2 -> m2 [label = "b, c"];
	q8 -> m1 [label = "a, b"];
	q8 -> m3 [label = "a"];
	q2 -> m0 [label = "b"];
	q5 -> m3 [label = "a, c"];
	q3 -> m3 [label = "a, c"];
	q6 -> m5 [label = "a, b"];
	q1 -> m0 [label = "b"];
	q8 -> m5 [label = "a"];
	q0 -> m5 [label = "a, b"];
	q8 -> m4 [label = "b"];
	q7 -> m3 [label = "a, c"];
	q8 -> m2 [label = "a, b"];
	q7 -> m2 [label = "c"];
	q7 -> m1 [label = "b"];
	q5 -> m1 [label = "a, b"];
	q5 -> m4 [label = "b, c"];
	q5 -> m0 [label = "b"];
	q6 -> m1 [label = "b, c"];
	q8 -> q7 [label = "c"];
	q2 -> m5 [label = "a, c"];
	q3 -> m6 [label = "b"];
	q4 -> m5 [label = "a, b, c"];
	q0 -> m0 [label = "b"];
	q7 -> m0 [label = "c"];
	q4 -> m3 [label = "a, c"];
	q4 -> q7 [label = "a"];
	q6 -> m3 [label = "a, c"];
	q7 -> m4 [label = "a, b"];
	q4 -> m2 [label = "b"];
	q6 -> m2 [label = "c"];
	q0 -> m3 [label = "a, c"];
	q1 -> q7 [label = "a"];
	q1 -> m1 [label = "a, b"];
	q1 -> m3 [label = "a, c"];
	q8 -> m0 [label = "b"];
	q3 -> m0 [label = "b"];
	q1 -> m5 [label = "a, b, c"];
	q0 -> m1 [label = "a, b"];
	q3 -> m1 [label = "a, b, c"];
	q2 -> m1 [label = "a, b, c"];
	q0 -> m4 [label = "b"];
	q3 -> q7 [label = "a"];
	q7 -> q7 [label = "a"];
	q3 -> m5 [label = "a, b, c"];
	q7 -> m7 [label = "c"];
	q7 -> m5 [label = "a, c"];
	q1 -> m4 [label = "b, c"];
	q5 -> m2 [label = "a, b"];
	q1 -> m2 [label = "b"];
	q5 -> m5 [label = "a, b"];
	q1 -> m8 [label = "c"];
	q6 -> q7 [label = "a"];
	q2 -> m4 [label = "c"];
	q4 -> m1 [label = "b"];
	m0 -> q1;
	m0 -> q2;
	m0 -> q3;
	m0 -> q5;
	m1 -> q1;
	m1 -> q2;
	m1 -> q4;
	m1 -> q5;
	m1 -> q8;
	m2 -> q1;
	m2 -> q2;
	m2 -> q3;
	m2 -> q4;
	m2 -> q7;
	m3 -> q2;
	m3 -> q3;
	m3 -> q6;
	m4 -> q0;
	m4 -> q5;
	m4 -> q8;
	m5 -> q0;
	m5 -> q1;
	m5 -> q3;
	m5 -> q4;
	m5 -> q5;
	m5 -> q6;
	m6 -> q0;
	m6 -> q1;
	m6 -> q5;
	m6 -> q7;
	m6 -> q8;
	m7 -> q0;
	m7 -> q1;
	m7 -> q3;
	m7 -> q5;
	m7 -> q7;
	m7 -> q8;
	m8 -> q1;
	m8 -> q2;
	m8 -> q3;
	m8 -> q5;
	m8 -> q7;
}
RAFA size: 9 states

