Random target AFA:
digraph finite_state_machine {
	rankdir=LR;
	node [shape = circle];
	s0 [shape = point, style = invis, start="true" ];
	s1 [shape = point, style = invis, start="true" ];
	q0 [label = "q0"];
	q1 [label = "q1"];
	q2 [label = "q2"];
	q3 [label = "q3", shape = doublecircle, final="true" ];
	q4 [label = "q4", shape = doublecircle, final="true" ];
	q5 [label = "q5", shape = doublecircle, final="true" ];
	m0 [label = "", shape = square, style = filled, color=grey, fixedsize=true, width=.2];
	m1 [label = "", shape = square, style = filled, color=grey, fixedsize=true, width=.2];
	m2 [label = "", shape = square, style = filled, color=grey, fixedsize=true, width=.2];
	m3 [label = "", shape = square, style = filled, color=grey, fixedsize=true, width=.2];
	m4 [label = "", shape = square, style = filled, color=grey, fixedsize=true, width=.2];
	m5 [label = "", shape = square, style = filled, color=grey, fixedsize=true, width=.2];
	m6 [label = "", shape = square, style = filled, color=grey, fixedsize=true, width=.2];
	s0 -> q0
	s1 -> q2
	q3 -> q0 [label = "c"];
	q3 -> q4 [label = "c"];
	q5 -> m0 [label = "b"];
	q2 -> m6 [label = "c"];
	q0 -> q3 [label = "b"];
	q1 -> q1 [label = "b"];
	q0 -> m1 [label = "b"];
	q0 -> m2 [label = "c"];
	q1 -> q5 [label = "b"];
	q2 -> q0 [label = "b"];
	q2 -> q3 [label = "b"];
	q4 -> q2 [label = "a"];
	q4 -> q5 [label = "c"];
	q5 -> m4 [label = "c"];
	q1 -> q0 [label = "a"];
	q1 -> q2 [label = "c"];
	q2 -> q1 [label = "a"];
	q0 -> q5 [label = "a, c"];
	q4 -> m0 [label = "c"];
	q2 -> q2 [label = "a"];
	q0 -> q2 [label = "a"];
	q3 -> m1 [label = "b"];
	q5 -> m3 [label = "b, c"];
	q3 -> m4 [label = "b"];
	q5 -> m6 [label = "a"];
	q3 -> q2 [label = "a"];
	q3 -> q1 [label = "a"];
	q5 -> q4 [label = "a"];
	q1 -> q3 [label = "c"];
	q4 -> q1 [label = "b"];
	q4 -> q4 [label = "a, b"];
	q1 -> m5 [label = "a"];
	q2 -> q5 [label = "c"];
	m0 -> q0;
	m0 -> q5;
	m1 -> q1;
	m1 -> q3;
	m2 -> q2;
	m2 -> q5;
	m3 -> q3;
	m3 -> q4;
	m4 -> q0;
	m4 -> q1;
	m5 -> q2;
	m5 -> q4;
	m6 -> q0;
	m6 -> q4;
}

L* output after 6 EQ and 2869 MQ:
digraph finite_state_machine {
	rankdir=LR;
	node [shape = circle];
	s0 [shape = point, style = invis, start="true" ];
	q0 [label = "q0"];
	q1 [label = "q1", shape = doublecircle, final="true" ];
	q2 [label = "q2", shape = doublecircle, final="true" ];
	q3 [label = "q3", shape = doublecircle, final="true" ];
	q4 [label = "q4", shape = doublecircle, final="true" ];
	q5 [label = "q5", shape = doublecircle, final="true" ];
	q6 [label = "q6", shape = doublecircle, final="true" ];
	q7 [label = "q7", shape = doublecircle, final="true" ];
	q8 [label = "q8", shape = doublecircle, final="true" ];
	q9 [label = "q9", shape = doublecircle, final="true" ];
	q10 [label = "q10"];
	q11 [label = "q11", shape = doublecircle, final="true" ];
	q12 [label = "q12", shape = doublecircle, final="true" ];
	q13 [label = "q13", shape = doublecircle, final="true" ];
	q14 [label = "q14", shape = doublecircle, final="true" ];
	q15 [label = "q15", shape = doublecircle, final="true" ];
	q16 [label = "q16", shape = doublecircle, final="true" ];
	q17 [label = "q17", shape = doublecircle, final="true" ];
	q18 [label = "q18"];
	q19 [label = "q19", shape = doublecircle, final="true" ];
	q20 [label = "q20", shape = doublecircle, final="true" ];
	q21 [label = "q21"];
	q22 [label = "q22"];
	q23 [label = "q23", shape = doublecircle, final="true" ];
	q24 [label = "q24", shape = doublecircle, final="true" ];
	q25 [label = "q25", shape = doublecircle, final="true" ];
	q26 [label = "q26", shape = doublecircle, final="true" ];
	q27 [label = "q27", shape = doublecircle, final="true" ];
	q28 [label = "q28", shape = doublecircle, final="true" ];
	q29 [label = "q29", shape = doublecircle, final="true" ];
	q30 [label = "q30", shape = doublecircle, final="true" ];
	q31 [label = "q31", shape = doublecircle, final="true" ];
	q32 [label = "q32", shape = doublecircle, final="true" ];
	q33 [label = "q33", shape = doublecircle, final="true" ];
	q34 [label = "q34"];
	s0 -> q18
	q18 -> q15 [label = "c"];
	q22 -> q17 [label = "a"];
	q17 -> q13 [label = "c"];
	q21 -> q2 [label = "a"];
	q19 -> q6 [label = "a"];
	q17 -> q14 [label = "b"];
	q17 -> q17 [label = "a"];
	q20 -> q2 [label = "a"];
	q16 -> q17 [label = "a"];
	q20 -> q24 [label = "c"];
	q16 -> q12 [label = "b"];
	q15 -> q6 [label = "a"];
	q14 -> q17 [label = "a"];
	q12 -> q9 [label = "b"];
	q22 -> q15 [label = "c"];
	q13 -> q17 [label = "a"];
	q9 -> q8 [label = "c"];
	q3 -> q19 [label = "c"];
	q16 -> q32 [label = "c"];
	q7 -> q22 [label = "a"];
	q2 -> q19 [label = "c"];
	q1 -> q13 [label = "c"];
	q7 -> q9 [label = "b"];
	q3 -> q2 [label = "a"];
	q13 -> q16 [label = "b"];
	q5 -> q1 [label = "b"];
	q1 -> q1 [label = "b"];
	q3 -> q4 [label = "b"];
	q5 -> q33 [label = "c"];
	q23 -> q3 [label = "c"];
	q11 -> q20 [label = "c"];
	q30 -> q31 [label = "c"];
	q28 -> q25 [label = "a"];
	q29 -> q29 [label = "c"];
	q27 -> q9 [label = "b"];
	q18 -> q16 [label = "b"];
	q4 -> q17 [label = "a"];
	q25 -> q1 [label = "b"];
	q27 -> q22 [label = "a"];
	q31 -> q29 [label = "c"];
	q25 -> q24 [label = "c"];
	q29 -> q0 [label = "a"];
	q31 -> q26 [label = "b"];
	q28 -> q26 [label = "b"];
	q34 -> q19 [label = "c"];
	q32 -> q19 [label = "c"];
	q6 -> q14 [label = "b"];
	q4 -> q7 [label = "b"];
	q29 -> q30 [label = "b"];
	q33 -> q32 [label = "c"];
	q7 -> q3 [label = "c"];
	q0 -> q24 [label = "c"];
	q24 -> q27 [label = "c"];
	q8 -> q34 [label = "a"];
	q21 -> q24 [label = "c"];
	q25 -> q6 [label = "a"];
	q14 -> q33 [label = "c"];
	q33 -> q17 [label = "a"];
	q34 -> q14 [label = "b"];
	q6 -> q17 [label = "a"];
	q30 -> q9 [label = "b"];
	q2 -> q14 [label = "b"];
	q30 -> q21 [label = "a"];
	q34 -> q17 [label = "a"];
	q8 -> q19 [label = "c"];
	q33 -> q14 [label = "b"];
	q26 -> q28 [label = "c"];
	q27 -> q24 [label = "c"];
	q22 -> q14 [label = "b"];
	q14 -> q5 [label = "b"];
	q10 -> q17 [label = "a"];
	q1 -> q6 [label = "a"];
	q31 -> q0 [label = "a"];
	q13 -> q32 [label = "c"];
	q24 -> q26 [label = "b"];
	q5 -> q17 [label = "a"];
	q32 -> q2 [label = "a"];
	q28 -> q29 [label = "c"];
	q32 -> q5 [label = "b"];
	q12 -> q32 [label = "c"];
	q4 -> q32 [label = "c"];
	q23 -> q7 [label = "b"];
	q26 -> q7 [label = "b"];
	q24 -> q25 [label = "a"];
	q15 -> q11 [label = "b"];
	q23 -> q6 [label = "a"];
	q19 -> q19 [label = "c"];
	q9 -> q9 [label = "b"];
	q19 -> q23 [label = "b"];
	q18 -> q17 [label = "a"];
	q11 -> q6 [label = "a"];
	q15 -> q19 [label = "c"];
	q20 -> q4 [label = "b"];
	q21 -> q5 [label = "b"];
	q9 -> q21 [label = "a"];
	q0 -> q1 [label = "b"];
	q11 -> q7 [label = "b"];
	q12 -> q10 [label = "a"];
	q8 -> q4 [label = "b"];
	q10 -> q13 [label = "c"];
	q10 -> q14 [label = "b"];
	q26 -> q6 [label = "a"];
	q0 -> q6 [label = "a"];
	q6 -> q15 [label = "c"];
	q2 -> q17 [label = "a"];
}
DFA size: 35 states

NL* output after 8 EQ and 2387 MQ:
digraph finite_state_machine {
	rankdir=LR;
	node [shape = circle];
	s0 [shape = point, style = invis, start="true" ];
	q0 [label = "q0", shape = doublecircle, final="true" ];
	q1 [label = "q1", shape = doublecircle, final="true" ];
	q2 [label = "q2"];
	q3 [label = "q3", shape = doublecircle, final="true" ];
	q4 [label = "q4", shape = doublecircle, final="true" ];
	q5 [label = "q5"];
	q6 [label = "q6", shape = doublecircle, final="true" ];
	q7 [label = "q7", shape = doublecircle, final="true" ];
	q8 [label = "q8", shape = doublecircle, final="true" ];
	q9 [label = "q9", shape = doublecircle, final="true" ];
	q10 [label = "q10", shape = doublecircle, final="true" ];
	q11 [label = "q11"];
	q12 [label = "q12", shape = doublecircle, final="true" ];
	q13 [label = "q13", shape = doublecircle, final="true" ];
	q14 [label = "q14", shape = doublecircle, final="true" ];
	q15 [label = "q15", shape = doublecircle, final="true" ];
	q16 [label = "q16"];
	q17 [label = "q17", shape = doublecircle, final="true" ];
	q18 [label = "q18", shape = doublecircle, final="true" ];
	q19 [label = "q19"];
	s0 -> q11
	q18 -> q0 [label = "c"];
	q17 -> q7 [label = "c"];
	q19 -> q11 [label = "a"];
	q19 -> q5 [label = "a"];
	q19 -> q9 [label = "b"];
	q19 -> q7 [label = "a, b"];
	q19 -> q2 [label = "a, b"];
	q19 -> q1 [label = "a, b"];
	q17 -> q19 [label = "a"];
	q17 -> q2 [label = "a"];
	q18 -> q19 [label = "a"];
	q18 -> q11 [label = "a"];
	q19 -> q15 [label = "b"];
	q18 -> q2 [label = "a"];
	q16 -> q12 [label = "b, c"];
	q18 -> q3 [label = "b, c"];
	q16 -> q17 [label = "a, b, c"];
	q16 -> q15 [label = "a, b, c"];
	q16 -> q11 [label = "a, c"];
	q16 -> q8 [label = "a, b, c"];
	q16 -> q7 [label = "a, b, c"];
	q16 -> q4 [label = "a, b, c"];
	q17 -> q17 [label = "b"];
	q16 -> q3 [label = "a, b, c"];
	q18 -> q17 [label = "b"];
	q16 -> q2 [label = "a, b"];
	q16 -> q0 [label = "a, b, c"];
	q15 -> q19 [label = "a"];
	q18 -> q7 [label = "b, c"];
	q15 -> q2 [label = "a"];
	q14 -> q5 [label = "a"];
	q12 -> q14 [label = "b"];
	q13 -> q11 [label = "a"];
	q17 -> q1 [label = "b, c"];
	q13 -> q6 [label = "a"];
	q9 -> q12 [label = "c"];
	q5 -> q14 [label = "b"];
	q5 -> q12 [label = "b"];
	q6 -> q19 [label = "a"];
	q6 -> q18 [label = "a"];
	q18 -> q1 [label = "b, c"];
	q1 -> q0 [label = "c"];
	q5 -> q15 [label = "a, b"];
	q5 -> q11 [label = "a"];
	q5 -> q9 [label = "a, b"];
	q18 -> q8 [label = "b, c"];
	q5 -> q5 [label = "a"];
	q7 -> q17 [label = "b"];
	q7 -> q1 [label = "b"];
	q1 -> q3 [label = "b, c"];
	q1 -> q1 [label = "b"];
	q7 -> q11 [label = "a"];
	q7 -> q10 [label = "c"];
	q7 -> q4 [label = "c"];
	q13 -> q19 [label = "a"];
	q7 -> q3 [label = "b, c"];
	q16 -> q16 [label = "a"];
	q7 -> q0 [label = "c"];
	q16 -> q19 [label = "a, b"];
	q14 -> q16 [label = "a"];
	q3 -> q1 [label = "b"];
	q1 -> q2 [label = "a"];
	q5 -> q8 [label = "a, b, c"];
	q19 -> q6 [label = "a"];
	q5 -> q7 [label = "a, b, c"];
	q5 -> q4 [label = "a, b, c"];
	q15 -> q11 [label = "a"];
	q5 -> q1 [label = "a, b, c"];
	q5 -> q18 [label = "a, b"];
	q4 -> q7 [label = "a"];
	q4 -> q1 [label = "a, b"];
	q4 -> q0 [label = "a"];
	q18 -> q13 [label = "c"];
	q6 -> q14 [label = "b"];
	q6 -> q7 [label = "a, b"];
	q7 -> q19 [label = "a"];
	q6 -> q15 [label = "b"];
	q6 -> q1 [label = "a, b"];
	q13 -> q13 [label = "c"];
	q6 -> q8 [label = "a, b"];
	q13 -> q10 [label = "c"];
	q0 -> q8 [label = "b"];
	q13 -> q8 [label = "a, b, c"];
	q4 -> q3 [label = "a, b, c"];
	q13 -> q7 [label = "a, c"];
	q11 -> q14 [label = "b"];
	q8 -> q0 [label = "a, c"];
	q9 -> q11 [label = "a, c"];
	q19 -> q19 [label = "a"];
	q11 -> q11 [label = "a"];
	q12 -> q0 [label = "a, c"];
	q19 -> q14 [label = "b"];
	q15 -> q7 [label = "a, b, c"];
	q19 -> q8 [label = "a, b"];
	q15 -> q4 [label = "a, c"];
	q13 -> q0 [label = "a, c"];
	q11 -> q5 [label = "a"];
	q15 -> q3 [label = "a, b, c"];
	q12 -> q7 [label = "a, b, c"];
	q5 -> q19 [label = "a, b"];
	q13 -> q1 [label = "a, b, c"];
	q11 -> q17 [label = "a, b"];
	q5 -> q6 [label = "a, b"];
	q12 -> q11 [label = "a"];
	q19 -> q13 [label = "a, b"];
	q14 -> q7 [label = "c"];
	q18 -> q14 [label = "b"];
	q11 -> q18 [label = "a"];
	q18 -> q15 [label = "b"];
	q3 -> q2 [label = "a"];
	q11 -> q13 [label = "a, c"];
	q13 -> q3 [label = "a, b, c"];
	q9 -> q2 [label = "a, b"];
	q17 -> q3 [label = "b, c"];
	q9 -> q7 [label = "a, b, c"];
	q9 -> q3 [label = "a, b, c"];
	q8 -> q6 [label = "a"];
	q13 -> q4 [label = "a, c"];
	q11 -> q1 [label = "a, b"];
	q11 -> q7 [label = "a, b"];
	q11 -> q8 [label = "a, b"];
	q11 -> q16 [label = "a"];
	q16 -> q18 [label = "a, b, c"];
	q15 -> q17 [label = "b"];
	q15 -> q1 [label = "a, b, c"];
	q14 -> q13 [label = "c"];
	q8 -> q4 [label = "a, c"];
	q2 -> q19 [label = "a"];
	q11 -> q12 [label = "b"];
	q19 -> q3 [label = "a, b, c"];
	q9 -> q4 [label = "a, b, c"];
	q4 -> q8 [label = "a, b"];
	q9 -> q17 [label = "b, c"];
	q19 -> q18 [label = "a"];
	q14 -> q4 [label = "c"];
	q11 -> q4 [label = "a, c"];
	q9 -> q0 [label = "a, b, c"];
	q15 -> q8 [label = "a, c"];
	q2 -> q17 [label = "b"];
	q9 -> q6 [label = "a, c"];
	q17 -> q18 [label = "c"];
	q9 -> q9 [label = "b"];
	q5 -> q2 [label = "a, b"];
	q11 -> q2 [label = "a"];
	q5 -> q16 [label = "a"];
	q4 -> q2 [label = "a"];
	q8 -> q17 [label = "b"];
	q9 -> q13 [label = "b, c"];
	q11 -> q6 [label = "a"];
	q6 -> q2 [label = "a"];
	q6 -> q4 [label = "a, c"];
	q19 -> q4 [label = "a, b, c"];
	q12 -> q19 [label = "a, c"];
	q19 -> q10 [label = "a, b, c"];
	q12 -> q13 [label = "a, c"];
	q19 -> q0 [label = "a, b, c"];
	q5 -> q13 [label = "a, b, c"];
	q6 -> q17 [label = "b"];
	q11 -> q19 [label = "a"];
	q10 -> q7 [label = "a, c"];
	q15 -> q0 [label = "a, c"];
	q8 -> q7 [label = "a, b"];
	q7 -> q2 [label = "a"];
	q11 -> q10 [label = "a, c"];
	q1 -> q19 [label = "a"];
	q14 -> q0 [label = "c"];
	q9 -> q15 [label = "b, c"];
	q12 -> q2 [label = "a, c"];
	q9 -> q14 [label = "c"];
	q12 -> q6 [label = "a, c"];
	q8 -> q19 [label = "a"];
	q15 -> q6 [label = "a, c"];
	q12 -> q9 [label = "a"];
	q11 -> q3 [label = "a, b, c"];
	q2 -> q10 [label = "b, c"];
	q12 -> q1 [label = "a, b, c"];
	q12 -> q10 [label = "a, c"];
	q1 -> q17 [label = "b"];
	q14 -> q2 [label = "a, c"];
	q12 -> q15 [label = "a"];
	q12 -> q16 [label = "a"];
	q10 -> q1 [label = "a, b, c"];
	q0 -> q1 [label = "b"];
	q6 -> q11 [label = "a"];
	q12 -> q18 [label = "a, c"];
	q14 -> q3 [label = "b, c"];
	q0 -> q3 [label = "b, c"];
	q16 -> q6 [label = "a, b, c"];
	q14 -> q17 [label = "b"];
	q16 -> q5 [label = "a"];
	q5 -> q17 [label = "a, b"];
	q5 -> q10 [label = "a, b, c"];
	q11 -> q0 [label = "a, c"];
	q10 -> q0 [label = "a"];
	q18 -> q10 [label = "c"];
	q10 -> q2 [label = "a"];
	q16 -> q13 [label = "a, b, c"];
	q10 -> q3 [label = "a, b, c"];
	q13 -> q2 [label = "a"];
	q9 -> q8 [label = "a, b, c"];
	q10 -> q4 [label = "a"];
	q6 -> q5 [label = "a"];
	q10 -> q8 [label = "a, b"];
	q14 -> q6 [label = "c"];
	q18 -> q4 [label = "c"];
	q18 -> q5 [label = "a"];
	q12 -> q17 [label = "a, b"];
	q14 -> q8 [label = "c"];
	q12 -> q4 [label = "a, c"];
	q14 -> q10 [label = "c"];
	q16 -> q1 [label = "a, b, c"];
	q6 -> q6 [label = "a"];
	q14 -> q18 [label = "c"];
	q8 -> q2 [label = "a"];
	q8 -> q8 [label = "a"];
	q5 -> q3 [label = "a, b, c"];
	q9 -> q1 [label = "a, b, c"];
	q8 -> q11 [label = "a"];
	q0 -> q2 [label = "a"];
	q14 -> q1 [label = "b, c"];
	q8 -> q1 [label = "a, b"];
	q2 -> q8 [label = "a, b"];
	q2 -> q13 [label = "b"];
	q19 -> q17 [label = "b"];
	q11 -> q15 [label = "a, b"];
	q12 -> q5 [label = "a"];
	q6 -> q3 [label = "a, b, c"];
	q14 -> q19 [label = "a, c"];
	q2 -> q0 [label = "a, b, c"];
	q13 -> q15 [label = "b"];
	q5 -> q0 [label = "a, b, c"];
	q2 -> q1 [label = "a, b"];
	q17 -> q0 [label = "c"];
	q16 -> q9 [label = "a, b"];
	q2 -> q2 [label = "a, b"];
	q9 -> q18 [label = "c"];
	q2 -> q3 [label = "a, b, c"];
	q3 -> q3 [label = "b, c"];
	q12 -> q8 [label = "a, c"];
	q2 -> q4 [label = "a, b, c"];
	q8 -> q3 [label = "a, b, c"];
	q11 -> q9 [label = "a"];
	q2 -> q7 [label = "a, b"];
	q14 -> q11 [label = "a"];
	q6 -> q13 [label = "a"];
	q2 -> q9 [label = "b"];
	q16 -> q14 [label = "b, c"];
	q2 -> q15 [label = "b"];
	q6 -> q0 [label = "a, c"];
	q4 -> q4 [label = "a"];
	q12 -> q3 [label = "a, b, c"];
	q6 -> q10 [label = "a, c"];
	q2 -> q6 [label = "a"];
	q16 -> q10 [label = "a, b, c"];
	q9 -> q19 [label = "a"];
	q9 -> q10 [label = "b, c"];
	q2 -> q11 [label = "a"];
}
NFA size: 20 states

