Random target AFA:
digraph finite_state_machine {
	rankdir=LR;
	node [shape = circle];
	s0 [shape = point, style = invis, start="true" ];
	s1 [shape = point, style = invis, start="true" ];
	q0 [label = "q0", shape = doublecircle, final="true" ];
	q1 [label = "q1"];
	q2 [label = "q2", shape = doublecircle, final="true" ];
	q3 [label = "q3", shape = doublecircle, final="true" ];
	q4 [label = "q4"];
	q5 [label = "q5", shape = doublecircle, final="true" ];
	m0 [label = "", shape = square, style = filled, color=grey, fixedsize=true, width=.2];
	m1 [label = "", shape = square, style = filled, color=grey, fixedsize=true, width=.2];
	m2 [label = "", shape = square, style = filled, color=grey, fixedsize=true, width=.2];
	m3 [label = "", shape = square, style = filled, color=grey, fixedsize=true, width=.2];
	m4 [label = "", shape = square, style = filled, color=grey, fixedsize=true, width=.2];
	m5 [label = "", shape = square, style = filled, color=grey, fixedsize=true, width=.2];
	m6 [label = "", shape = square, style = filled, color=grey, fixedsize=true, width=.2];
	m7 [label = "", shape = square, style = filled, color=grey, fixedsize=true, width=.2];
	s0 -> q0
	s1 -> q2
	q3 -> q0 [label = "c"];
	q5 -> q3 [label = "b"];
	q1 -> q1 [label = "b"];
	q0 -> q0 [label = "c"];
	q2 -> q4 [label = "b"];
	q0 -> m0 [label = "a, b"];
	q4 -> m3 [label = "a"];
	q3 -> m0 [label = "a"];
	q0 -> q4 [label = "a"];
	q2 -> q1 [label = "a, b"];
	q5 -> m4 [label = "c"];
	q1 -> q0 [label = "a"];
	q0 -> m1 [label = "b"];
	q5 -> q2 [label = "a"];
	q4 -> m2 [label = "a"];
	q2 -> q5 [label = "a"];
	q4 -> q4 [label = "b"];
	q4 -> q2 [label = "c"];
	q4 -> q0 [label = "c"];
	q0 -> q1 [label = "c"];
	q5 -> q5 [label = "b"];
	q5 -> q1 [label = "c"];
	q1 -> q3 [label = "a, b"];
	q3 -> m5 [label = "b"];
	q1 -> m6 [label = "c"];
	q3 -> q3 [label = "b, c"];
	q3 -> q5 [label = "a"];
	q4 -> m4 [label = "b"];
	q1 -> m7 [label = "c"];
	q2 -> m2 [label = "c"];
	q2 -> q0 [label = "c"];
	m0 -> q1;
	m0 -> q5;
	m1 -> q0;
	m1 -> q2;
	m2 -> q3;
	m2 -> q5;
	m3 -> q1;
	m3 -> q4;
	m4 -> q1;
	m4 -> q2;
	m5 -> q2;
	m5 -> q5;
	m6 -> q2;
	m6 -> q4;
	m7 -> q4;
	m7 -> q5;
}

L* output after 10 EQ and 30475 MQ:
digraph finite_state_machine {
	rankdir=LR;
	node [shape = circle];
	s0 [shape = point, style = invis, start="true" ];
	q0 [label = "q0", shape = doublecircle, final="true" ];
	q1 [label = "q1", shape = doublecircle, final="true" ];
	q2 [label = "q2", shape = doublecircle, final="true" ];
	q3 [label = "q3", shape = doublecircle, final="true" ];
	q4 [label = "q4", shape = doublecircle, final="true" ];
	q5 [label = "q5", shape = doublecircle, final="true" ];
	q6 [label = "q6", shape = doublecircle, final="true" ];
	q7 [label = "q7", shape = doublecircle, final="true" ];
	q8 [label = "q8", shape = doublecircle, final="true" ];
	q9 [label = "q9", shape = doublecircle, final="true" ];
	q10 [label = "q10", shape = doublecircle, final="true" ];
	q11 [label = "q11", shape = doublecircle, final="true" ];
	q12 [label = "q12", shape = doublecircle, final="true" ];
	q13 [label = "q13", shape = doublecircle, final="true" ];
	q14 [label = "q14", shape = doublecircle, final="true" ];
	q15 [label = "q15", shape = doublecircle, final="true" ];
	q16 [label = "q16", shape = doublecircle, final="true" ];
	q17 [label = "q17", shape = doublecircle, final="true" ];
	q18 [label = "q18", shape = doublecircle, final="true" ];
	q19 [label = "q19", shape = doublecircle, final="true" ];
	q20 [label = "q20", shape = doublecircle, final="true" ];
	q21 [label = "q21", shape = doublecircle, final="true" ];
	q22 [label = "q22", shape = doublecircle, final="true" ];
	q23 [label = "q23", shape = doublecircle, final="true" ];
	q24 [label = "q24", shape = doublecircle, final="true" ];
	q25 [label = "q25", shape = doublecircle, final="true" ];
	q26 [label = "q26", shape = doublecircle, final="true" ];
	q27 [label = "q27", shape = doublecircle, final="true" ];
	q28 [label = "q28", shape = doublecircle, final="true" ];
	q29 [label = "q29", shape = doublecircle, final="true" ];
	q30 [label = "q30", shape = doublecircle, final="true" ];
	q31 [label = "q31", shape = doublecircle, final="true" ];
	q32 [label = "q32", shape = doublecircle, final="true" ];
	q33 [label = "q33", shape = doublecircle, final="true" ];
	q34 [label = "q34", shape = doublecircle, final="true" ];
	q35 [label = "q35", shape = doublecircle, final="true" ];
	q36 [label = "q36", shape = doublecircle, final="true" ];
	q37 [label = "q37", shape = doublecircle, final="true" ];
	q38 [label = "q38", shape = doublecircle, final="true" ];
	q39 [label = "q39", shape = doublecircle, final="true" ];
	q40 [label = "q40", shape = doublecircle, final="true" ];
	q41 [label = "q41", shape = doublecircle, final="true" ];
	q42 [label = "q42", shape = doublecircle, final="true" ];
	q43 [label = "q43", shape = doublecircle, final="true" ];
	q44 [label = "q44"];
	q45 [label = "q45", shape = doublecircle, final="true" ];
	q46 [label = "q46", shape = doublecircle, final="true" ];
	q47 [label = "q47", shape = doublecircle, final="true" ];
	q48 [label = "q48", shape = doublecircle, final="true" ];
	q49 [label = "q49", shape = doublecircle, final="true" ];
	q50 [label = "q50", shape = doublecircle, final="true" ];
	q51 [label = "q51", shape = doublecircle, final="true" ];
	q52 [label = "q52", shape = doublecircle, final="true" ];
	q53 [label = "q53", shape = doublecircle, final="true" ];
	q54 [label = "q54", shape = doublecircle, final="true" ];
	q55 [label = "q55", shape = doublecircle, final="true" ];
	q56 [label = "q56", shape = doublecircle, final="true" ];
	q57 [label = "q57", shape = doublecircle, final="true" ];
	q58 [label = "q58", shape = doublecircle, final="true" ];
	q59 [label = "q59", shape = doublecircle, final="true" ];
	q60 [label = "q60", shape = doublecircle, final="true" ];
	q61 [label = "q61", shape = doublecircle, final="true" ];
	q62 [label = "q62", shape = doublecircle, final="true" ];
	q63 [label = "q63", shape = doublecircle, final="true" ];
	q64 [label = "q64", shape = doublecircle, final="true" ];
	q65 [label = "q65", shape = doublecircle, final="true" ];
	q66 [label = "q66", shape = doublecircle, final="true" ];
	q67 [label = "q67", shape = doublecircle, final="true" ];
	q68 [label = "q68", shape = doublecircle, final="true" ];
	q69 [label = "q69", shape = doublecircle, final="true" ];
	q70 [label = "q70", shape = doublecircle, final="true" ];
	q71 [label = "q71", shape = doublecircle, final="true" ];
	q72 [label = "q72", shape = doublecircle, final="true" ];
	q73 [label = "q73", shape = doublecircle, final="true" ];
	q74 [label = "q74", shape = doublecircle, final="true" ];
	q75 [label = "q75", shape = doublecircle, final="true" ];
	q76 [label = "q76", shape = doublecircle, final="true" ];
	s0 -> q34
	q45 -> q41 [label = "a"];
	q41 -> q54 [label = "b"];
	q43 -> q20 [label = "b"];
	q40 -> q30 [label = "c"];
	q44 -> q45 [label = "a"];
	q46 -> q46 [label = "b"];
	q39 -> q51 [label = "a"];
	q35 -> q26 [label = "c"];
	q36 -> q33 [label = "b"];
	q39 -> q52 [label = "b"];
	q37 -> q48 [label = "a"];
	q33 -> q25 [label = "c"];
	q35 -> q38 [label = "a"];
	q38 -> q49 [label = "b"];
	q36 -> q21 [label = "a"];
	q34 -> q35 [label = "a"];
	q36 -> q32 [label = "c"];
	q30 -> q60 [label = "a"];
	q31 -> q33 [label = "b"];
	q29 -> q27 [label = "a"];
	q40 -> q41 [label = "a"];
	q25 -> q30 [label = "c"];
	q31 -> q1 [label = "c"];
	q27 -> q73 [label = "a"];
	q25 -> q49 [label = "b"];
	q29 -> q8 [label = "c"];
	q27 -> q53 [label = "b"];
	q30 -> q39 [label = "b"];
	q24 -> q26 [label = "c"];
	q47 -> q46 [label = "b"];
	q30 -> q50 [label = "c"];
	q42 -> q43 [label = "a"];
	q26 -> q3 [label = "a"];
	q28 -> q0 [label = "c"];
	q24 -> q23 [label = "a"];
	q47 -> q7 [label = "c"];
	q23 -> q22 [label = "a"];
	q37 -> q31 [label = "c"];
	q21 -> q63 [label = "b"];
	q9 -> q39 [label = "b"];
	q31 -> q59 [label = "a"];
	q13 -> q44 [label = "c"];
	q12 -> q12 [label = "a"];
	q14 -> q46 [label = "b"];
	q15 -> q61 [label = "c"];
	q8 -> q4 [label = "b"];
	q10 -> q70 [label = "a"];
	q14 -> q61 [label = "c"];
	q10 -> q49 [label = "b"];
	q0 -> q48 [label = "a"];
	q40 -> q53 [label = "b"];
	q34 -> q37 [label = "c"];
	q6 -> q7 [label = "c"];
	q0 -> q4 [label = "b"];
	q6 -> q49 [label = "b"];
	q19 -> q6 [label = "c"];
	q5 -> q7 [label = "c"];
	q29 -> q53 [label = "b"];
	q8 -> q48 [label = "a"];
	q3 -> q46 [label = "b"];
	q1 -> q33 [label = "b"];
	q38 -> q35 [label = "a"];
	q3 -> q2 [label = "a"];
	q37 -> q39 [label = "b"];
	q9 -> q60 [label = "a"];
	q5 -> q60 [label = "a"];
	q27 -> q26 [label = "c"];
	q6 -> q3 [label = "a"];
	q4 -> q52 [label = "b"];
	q56 -> q50 [label = "c"];
	q62 -> q49 [label = "b"];
	q59 -> q53 [label = "b"];
	q57 -> q49 [label = "b"];
	q7 -> q1 [label = "c"];
	q59 -> q19 [label = "a"];
	q7 -> q49 [label = "b"];
	q63 -> q52 [label = "b"];
	q57 -> q50 [label = "c"];
	q21 -> q50 [label = "c"];
	q48 -> q57 [label = "c"];
	q26 -> q7 [label = "c"];
	q61 -> q7 [label = "c"];
	q56 -> q46 [label = "b"];
	q58 -> q50 [label = "c"];
	q67 -> q49 [label = "b"];
	q49 -> q49 [label = "b"];
	q11 -> q1 [label = "c"];
	q64 -> q16 [label = "a"];
	q71 -> q54 [label = "b"];
	q1 -> q1 [label = "c"];
	q68 -> q7 [label = "c"];
	q51 -> q74 [label = "a"];
	q35 -> q46 [label = "b"];
	q34 -> q36 [label = "b"];
	q63 -> q67 [label = "c"];
	q59 -> q57 [label = "c"];
	q19 -> q47 [label = "a"];
	q56 -> q64 [label = "a"];
	q53 -> q49 [label = "b"];
	q11 -> q46 [label = "b"];
	q68 -> q72 [label = "a"];
	q62 -> q61 [label = "c"];
	q65 -> q16 [label = "a"];
	q52 -> q52 [label = "b"];
	q72 -> q61 [label = "c"];
	q67 -> q71 [label = "a"];
	q61 -> q60 [label = "a"];
	q75 -> q75 [label = "b"];
	q64 -> q46 [label = "b"];
	q70 -> q5 [label = "c"];
	q46 -> q57 [label = "c"];
	q76 -> q7 [label = "c"];
	q65 -> q7 [label = "c"];
	q4 -> q58 [label = "a"];
	q74 -> q14 [label = "a"];
	q16 -> q46 [label = "b"];
	q1 -> q48 [label = "a"];
	q75 -> q56 [label = "a"];
	q73 -> q29 [label = "c"];
	q28 -> q36 [label = "b"];
	q76 -> q14 [label = "a"];
	q70 -> q38 [label = "a"];
	q5 -> q33 [label = "b"];
	q41 -> q42 [label = "a"];
	q65 -> q46 [label = "b"];
	q74 -> q6 [label = "c"];
	q49 -> q25 [label = "c"];
	q42 -> q29 [label = "c"];
	q24 -> q53 [label = "b"];
	q57 -> q3 [label = "a"];
	q76 -> q46 [label = "b"];
	q75 -> q50 [label = "c"];
	q54 -> q76 [label = "a"];
	q74 -> q46 [label = "b"];
	q55 -> q40 [label = "c"];
	q64 -> q6 [label = "c"];
	q69 -> q75 [label = "b"];
	q41 -> q26 [label = "c"];
	q26 -> q33 [label = "b"];
	q60 -> q17 [label = "a"];
	q73 -> q49 [label = "b"];
	q70 -> q46 [label = "b"];
	q53 -> q68 [label = "a"];
	q71 -> q15 [label = "a"];
	q62 -> q70 [label = "a"];
	q22 -> q46 [label = "b"];
	q58 -> q17 [label = "a"];
	q15 -> q11 [label = "a"];
	q45 -> q50 [label = "c"];
	q66 -> q6 [label = "c"];
	q19 -> q54 [label = "b"];
	q68 -> q75 [label = "b"];
	q71 -> q26 [label = "c"];
	q23 -> q49 [label = "b"];
	q14 -> q16 [label = "a"];
	q69 -> q50 [label = "c"];
	q50 -> q60 [label = "a"];
	q32 -> q37 [label = "c"];
	q4 -> q40 [label = "c"];
	q63 -> q68 [label = "a"];
	q22 -> q1 [label = "c"];
	q66 -> q46 [label = "b"];
	q58 -> q69 [label = "b"];
	q55 -> q68 [label = "a"];
	q42 -> q49 [label = "b"];
	q44 -> q28 [label = "c"];
	q32 -> q35 [label = "a"];
	q51 -> q50 [label = "c"];
	q50 -> q50 [label = "c"];
	q2 -> q46 [label = "b"];
	q55 -> q52 [label = "b"];
	q18 -> q64 [label = "a"];
	q53 -> q25 [label = "c"];
	q51 -> q75 [label = "b"];
	q39 -> q40 [label = "c"];
	q49 -> q51 [label = "a"];
	q18 -> q30 [label = "c"];
	q54 -> q46 [label = "b"];
	q25 -> q35 [label = "a"];
	q8 -> q1 [label = "c"];
	q52 -> q51 [label = "a"];
	q48 -> q66 [label = "a"];
	q54 -> q57 [label = "c"];
	q22 -> q62 [label = "a"];
	q32 -> q33 [label = "b"];
	q60 -> q57 [label = "c"];
	q52 -> q67 [label = "c"];
	q50 -> q49 [label = "b"];
	q0 -> q31 [label = "c"];
	q17 -> q65 [label = "a"];
	q46 -> q56 [label = "a"];
	q12 -> q57 [label = "c"];
	q47 -> q65 [label = "a"];
	q11 -> q38 [label = "a"];
	q16 -> q50 [label = "c"];
	q43 -> q25 [label = "a"];
	q67 -> q30 [label = "c"];
	q45 -> q55 [label = "b"];
	q12 -> q46 [label = "b"];
	q73 -> q13 [label = "a"];
	q72 -> q14 [label = "a"];
	q44 -> q33 [label = "b"];
	q20 -> q20 [label = "b"];
	q66 -> q76 [label = "a"];
	q17 -> q6 [label = "c"];
	q17 -> q46 [label = "b"];
	q48 -> q53 [label = "b"];
	q23 -> q61 [label = "c"];
	q20 -> q18 [label = "a"];
	q38 -> q50 [label = "c"];
	q18 -> q46 [label = "b"];
	q43 -> q44 [label = "c"];
	q16 -> q12 [label = "a"];
	q33 -> q58 [label = "a"];
	q20 -> q50 [label = "c"];
	q69 -> q76 [label = "a"];
	q15 -> q49 [label = "b"];
	q13 -> q20 [label = "b"];
	q2 -> q64 [label = "a"];
	q10 -> q9 [label = "c"];
	q13 -> q10 [label = "a"];
	q7 -> q48 [label = "a"];
	q61 -> q49 [label = "b"];
	q9 -> q7 [label = "c"];
	q28 -> q24 [label = "a"];
	q21 -> q19 [label = "a"];
	q72 -> q46 [label = "b"];
	q3 -> q57 [label = "c"];
	q33 -> q49 [label = "b"];
	q60 -> q54 [label = "b"];
	q2 -> q57 [label = "c"];
}
DFA size: 77 states

NL* output after 12 EQ and 18237 MQ:
digraph finite_state_machine {
	rankdir=LR;
	node [shape = circle];
	s0 [shape = point, style = invis, start="true" ];
	s1 [shape = point, style = invis, start="true" ];
	q0 [label = "q0", shape = doublecircle, final="true" ];
	q1 [label = "q1", shape = doublecircle, final="true" ];
	q2 [label = "q2", shape = doublecircle, final="true" ];
	q3 [label = "q3", shape = doublecircle, final="true" ];
	q4 [label = "q4", shape = doublecircle, final="true" ];
	q5 [label = "q5", shape = doublecircle, final="true" ];
	q6 [label = "q6", shape = doublecircle, final="true" ];
	q7 [label = "q7", shape = doublecircle, final="true" ];
	q8 [label = "q8", shape = doublecircle, final="true" ];
	q9 [label = "q9", shape = doublecircle, final="true" ];
	q10 [label = "q10", shape = doublecircle, final="true" ];
	q11 [label = "q11", shape = doublecircle, final="true" ];
	q12 [label = "q12", shape = doublecircle, final="true" ];
	q13 [label = "q13", shape = doublecircle, final="true" ];
	q14 [label = "q14", shape = doublecircle, final="true" ];
	q15 [label = "q15", shape = doublecircle, final="true" ];
	q16 [label = "q16"];
	q17 [label = "q17", shape = doublecircle, final="true" ];
	q18 [label = "q18", shape = doublecircle, final="true" ];
	q19 [label = "q19", shape = doublecircle, final="true" ];
	q20 [label = "q20", shape = doublecircle, final="true" ];
	q21 [label = "q21", shape = doublecircle, final="true" ];
	q22 [label = "q22", shape = doublecircle, final="true" ];
	q23 [label = "q23", shape = doublecircle, final="true" ];
	q24 [label = "q24", shape = doublecircle, final="true" ];
	q25 [label = "q25", shape = doublecircle, final="true" ];
	q26 [label = "q26", shape = doublecircle, final="true" ];
	q27 [label = "q27", shape = doublecircle, final="true" ];
	q28 [label = "q28", shape = doublecircle, final="true" ];
	q29 [label = "q29", shape = doublecircle, final="true" ];
	q30 [label = "q30", shape = doublecircle, final="true" ];
	q31 [label = "q31", shape = doublecircle, final="true" ];
	q32 [label = "q32", shape = doublecircle, final="true" ];
	q33 [label = "q33", shape = doublecircle, final="true" ];
	q34 [label = "q34", shape = doublecircle, final="true" ];
	q35 [label = "q35", shape = doublecircle, final="true" ];
	q36 [label = "q36", shape = doublecircle, final="true" ];
	q37 [label = "q37", shape = doublecircle, final="true" ];
	s0 -> q13
	s1 -> q23
	q20 -> q32 [label = "b"];
	q20 -> q28 [label = "b"];
	q20 -> q9 [label = "b"];
	q22 -> q27 [label = "a"];
	q17 -> q16 [label = "c"];
	q21 -> q24 [label = "a"];
	q21 -> q20 [label = "a"];
	q21 -> q15 [label = "a"];
	q21 -> q14 [label = "a"];
	q23 -> q22 [label = "b"];
	q19 -> q18 [label = "a"];
	q17 -> q25 [label = "b"];
	q17 -> q17 [label = "b"];
	q17 -> q7 [label = "b"];
	q23 -> q21 [label = "c"];
	q19 -> q34 [label = "b"];
	q19 -> q32 [label = "b"];
	q19 -> q31 [label = "b"];
	q26 -> q32 [label = "b"];
	q18 -> q14 [label = "c"];
	q26 -> q28 [label = "b"];
	q17 -> q14 [label = "a"];
	q28 -> q23 [label = "c"];
	q28 -> q20 [label = "c"];
	q21 -> q29 [label = "b"];
	q19 -> q2 [label = "c"];
	q28 -> q14 [label = "c"];
	q28 -> q12 [label = "c"];
	q8 -> q36 [label = "b"];
	q31 -> q18 [label = "a, c"];
	q26 -> q36 [label = "a, b"];
	q26 -> q19 [label = "a, b"];
	q3 -> q20 [label = "a"];
	q26 -> q7 [label = "a, b"];
	q33 -> q10 [label = "c"];
	q26 -> q6 [label = "a"];
	q25 -> q7 [label = "b"];
	q30 -> q23 [label = "c"];
	q25 -> q15 [label = "c"];
	q37 -> q37 [label = "b"];
	q30 -> q11 [label = "c"];
	q31 -> q21 [label = "c"];
	q30 -> q1 [label = "c"];
	q17 -> q23 [label = "a"];
	q36 -> q8 [label = "a"];
	q11 -> q15 [label = "a"];
	q8 -> q18 [label = "a"];
	q30 -> q3 [label = "c"];
	q28 -> q36 [label = "a"];
	q27 -> q32 [label = "b"];
	q15 -> q19 [label = "a"];
	q28 -> q7 [label = "a"];
	q27 -> q29 [label = "b"];
	q18 -> q10 [label = "b"];
	q18 -> q29 [label = "b"];
	q26 -> q37 [label = "b"];
	q27 -> q31 [label = "a"];
	q0 -> q16 [label = "c"];
	q0 -> q14 [label = "c"];
	q26 -> q25 [label = "b"];
	q26 -> q29 [label = "b"];
	q31 -> q13 [label = "c"];
	q31 -> q4 [label = "c"];
	q31 -> q1 [label = "c"];
	q31 -> q3 [label = "c"];
	q36 -> q21 [label = "c"];
	q31 -> q2 [label = "c"];
	q26 -> q17 [label = "a, b"];
	q4 -> q16 [label = "c"];
	q5 -> q16 [label = "b, c"];
	q26 -> q24 [label = "a, b"];
	q24 -> q16 [label = "c"];
	q25 -> q20 [label = "a, c"];
	q26 -> q8 [label = "a, b"];
	q10 -> q32 [label = "b"];
	q12 -> q5 [label = "a"];
	q25 -> q3 [label = "c"];
	q25 -> q2 [label = "c"];
	q35 -> q10 [label = "b"];
	q19 -> q29 [label = "b"];
	q33 -> q2 [label = "c"];
	q9 -> q14 [label = "c"];
	q0 -> q2 [label = "c"];
	q31 -> q37 [label = "b"];
	q31 -> q34 [label = "b"];
	q10 -> q20 [label = "c"];
	q31 -> q32 [label = "b"];
	q31 -> q29 [label = "b"];
	q2 -> q2 [label = "c"];
	q25 -> q27 [label = "c"];
	q24 -> q13 [label = "c"];
	q8 -> q19 [label = "b"];
	q26 -> q9 [label = "a, b"];
	q26 -> q21 [label = "c"];
	q26 -> q16 [label = "a, b"];
	q24 -> q12 [label = "c"];
	q34 -> q28 [label = "b"];
	q6 -> q21 [label = "c"];
	q26 -> q11 [label = "c"];
	q28 -> q9 [label = "b"];
	q8 -> q16 [label = "b, c"];
	q2 -> q22 [label = "b"];
	q25 -> q23 [label = "a"];
	q23 -> q1 [label = "c"];
	q24 -> q32 [label = "b"];
	q25 -> q11 [label = "c"];
	q27 -> q15 [label = "c"];
	q21 -> q0 [label = "a"];
	q27 -> q14 [label = "c"];
	q24 -> q29 [label = "b"];
	q27 -> q10 [label = "c"];
	q26 -> q1 [label = "c"];
	q27 -> q2 [label = "c"];
	q29 -> q20 [label = "c"];
	q33 -> q37 [label = "b"];
	q34 -> q14 [label = "c"];
	q26 -> q35 [label = "a"];
	q33 -> q11 [label = "c"];
	q31 -> q16 [label = "c"];
	q0 -> q21 [label = "c"];
	q28 -> q16 [label = "b"];
	q27 -> q11 [label = "c"];
	q33 -> q3 [label = "c"];
	q0 -> q29 [label = "b, c"];
	q37 -> q15 [label = "c"];
	q33 -> q4 [label = "c"];
	q0 -> q23 [label = "c"];
	q29 -> q36 [label = "a"];
	q35 -> q32 [label = "b"];
	q32 -> q14 [label = "c"];
	q26 -> q5 [label = "a, b"];
	q0 -> q31 [label = "a"];
	q32 -> q10 [label = "b"];
	q33 -> q15 [label = "c"];
	q22 -> q15 [label = "a"];
	q0 -> q11 [label = "c"];
	q34 -> q2 [label = "c"];
	q27 -> q4 [label = "c"];
	q37 -> q3 [label = "c"];
	q33 -> q27 [label = "c"];
	q5 -> q1 [label = "c"];
	q5 -> q31 [label = "b"];
	q26 -> q34 [label = "a, b"];
	q31 -> q28 [label = "b"];
	q26 -> q30 [label = "a, b"];
	q29 -> q14 [label = "c"];
	q16 -> q10 [label = "b"];
	q34 -> q29 [label = "b"];
	q24 -> q23 [label = "c"];
	q8 -> q13 [label = "c"];
	q34 -> q16 [label = "b, c"];
	q35 -> q28 [label = "b"];
	q35 -> q11 [label = "c"];
	q3 -> q22 [label = "b"];
	q27 -> q13 [label = "c"];
	q31 -> q19 [label = "b"];
	q36 -> q17 [label = "b"];
	q21 -> q2 [label = "c"];
	q35 -> q31 [label = "b"];
	q36 -> q32 [label = "b"];
	q12 -> q21 [label = "c"];
	q36 -> q36 [label = "a, b"];
	q37 -> q21 [label = "c"];
	q24 -> q3 [label = "c"];
	q4 -> q1 [label = "c"];
	q26 -> q31 [label = "a, b"];
	q24 -> q9 [label = "a, b"];
	q6 -> q17 [label = "a"];
	q35 -> q35 [label = "a"];
	q35 -> q34 [label = "b"];
	q34 -> q10 [label = "b"];
	q26 -> q22 [label = "a, b"];
	q27 -> q27 [label = "c"];
	q24 -> q2 [label = "c"];
	q36 -> q25 [label = "b"];
	q35 -> q7 [label = "a, b"];
	q27 -> q19 [label = "a"];
	q36 -> q13 [label = "c"];
	q30 -> q34 [label = "a"];
	q33 -> q29 [label = "b"];
	q37 -> q17 [label = "b"];
	q28 -> q22 [label = "b"];
	q13 -> q24 [label = "a"];
	q14 -> q24 [label = "a"];
	q35 -> q5 [label = "b"];
	q0 -> q24 [label = "a"];
	q21 -> q10 [label = "b"];
	q13 -> q16 [label = "b"];
	q35 -> q17 [label = "a, b"];
	q11 -> q10 [label = "b"];
	q33 -> q20 [label = "c"];
	q27 -> q16 [label = "c"];
	q36 -> q2 [label = "c"];
	q36 -> q29 [label = "b"];
	q34 -> q21 [label = "c"];
	q33 -> q31 [label = "a"];
	q31 -> q31 [label = "b"];
	q36 -> q14 [label = "c"];
	q21 -> q30 [label = "a"];
	q22 -> q23 [label = "c"];
	q36 -> q10 [label = "b"];
	q30 -> q29 [label = "b"];
	q24 -> q11 [label = "c"];
	q37 -> q14 [label = "c"];
	q28 -> q10 [label = "b"];
	q11 -> q11 [label = "c"];
	q27 -> q24 [label = "a"];
	q37 -> q7 [label = "a, b"];
	q24 -> q28 [label = "b"];
	q33 -> q13 [label = "c"];
	q35 -> q8 [label = "a, b"];
	q34 -> q3 [label = "c"];
	q5 -> q14 [label = "a"];
	q36 -> q6 [label = "a"];
	q25 -> q26 [label = "a"];
	q29 -> q10 [label = "b"];
	q37 -> q27 [label = "c"];
	q34 -> q11 [label = "c"];
	q3 -> q19 [label = "a"];
	q35 -> q14 [label = "c"];
	q36 -> q18 [label = "a"];
	q24 -> q1 [label = "c"];
	q32 -> q20 [label = "c"];
	q37 -> q1 [label = "c"];
	q28 -> q29 [label = "b"];
	q37 -> q9 [label = "a"];
	q37 -> q11 [label = "c"];
	q23 -> q24 [label = "a"];
	q19 -> q19 [label = "b"];
	q2 -> q10 [label = "b"];
	q28 -> q32 [label = "b"];
	q37 -> q13 [label = "c"];
	q33 -> q32 [label = "b"];
	q0 -> q10 [label = "c"];
	q37 -> q16 [label = "c"];
	q25 -> q17 [label = "b"];
	q32 -> q13 [label = "c"];
	q35 -> q22 [label = "b"];
	q21 -> q27 [label = "a"];
	q6 -> q4 [label = "c"];
	q18 -> q7 [label = "a"];
	q32 -> q32 [label = "b"];
	q25 -> q14 [label = "a, c"];
	q31 -> q24 [label = "b"];
	q35 -> q24 [label = "b"];
	q17 -> q13 [label = "a"];
	q5 -> q7 [label = "b"];
	q27 -> q1 [label = "c"];
	q35 -> q1 [label = "c"];
	q15 -> q3 [label = "c"];
	q19 -> q11 [label = "c"];
	q34 -> q13 [label = "c"];
	q18 -> q28 [label = "b"];
	q35 -> q37 [label = "b"];
	q23 -> q30 [label = "a"];
	q33 -> q18 [label = "a"];
	q25 -> q6 [label = "a"];
	q5 -> q30 [label = "b"];
	q23 -> q8 [label = "a"];
	q33 -> q19 [label = "a"];
	q35 -> q19 [label = "b"];
	q37 -> q2 [label = "c"];
	q37 -> q29 [label = "b"];
	q33 -> q34 [label = "a"];
	q3 -> q10 [label = "b"];
	q7 -> q7 [label = "b"];
	q34 -> q1 [label = "c"];
	q19 -> q24 [label = "b"];
	q36 -> q9 [label = "a"];
	q9 -> q22 [label = "b"];
	q36 -> q7 [label = "a, b"];
	q36 -> q34 [label = "a"];
	q31 -> q23 [label = "c"];
	q13 -> q1 [label = "c"];
	q20 -> q19 [label = "a"];
	q33 -> q1 [label = "c"];
	q23 -> q7 [label = "a"];
	q15 -> q14 [label = "c"];
	q36 -> q35 [label = "a"];
	q34 -> q7 [label = "a"];
	q26 -> q10 [label = "b"];
	q26 -> q4 [label = "c"];
	q0 -> q18 [label = "c"];
	q34 -> q8 [label = "a"];
	q1 -> q15 [label = "a"];
	q32 -> q36 [label = "a"];
	q29 -> q32 [label = "b"];
	q36 -> q1 [label = "c"];
	q2 -> q14 [label = "a"];
	q36 -> q16 [label = "c"];
	q36 -> q11 [label = "c"];
	q37 -> q10 [label = "b, c"];
	q8 -> q37 [label = "b"];
	q2 -> q27 [label = "a"];
	q34 -> q9 [label = "b"];
	q25 -> q10 [label = "c"];
	q5 -> q25 [label = "b"];
	q26 -> q15 [label = "c"];
	q34 -> q22 [label = "b"];
	q15 -> q2 [label = "c"];
	q34 -> q32 [label = "b"];
	q29 -> q29 [label = "b"];
	q3 -> q21 [label = "c"];
	q32 -> q7 [label = "a"];
	q30 -> q13 [label = "c"];
	q28 -> q13 [label = "c"];
	q31 -> q9 [label = "a, b, c"];
	q31 -> q35 [label = "a"];
	q27 -> q3 [label = "c"];
	q29 -> q7 [label = "a"];
	q4 -> q15 [label = "a"];
	q23 -> q16 [label = "a, b"];
	q2 -> q1 [label = "c"];
	q23 -> q17 [label = "a"];
	q10 -> q15 [label = "a"];
	q23 -> q19 [label = "a"];
	q19 -> q1 [label = "c"];
	q0 -> q27 [label = "c"];
	q19 -> q3 [label = "c"];
	q0 -> q13 [label = "c"];
	q19 -> q12 [label = "c"];
	q10 -> q10 [label = "b"];
	q19 -> q13 [label = "c"];
	q19 -> q16 [label = "c"];
	q19 -> q23 [label = "c"];
	q14 -> q1 [label = "c"];
	q9 -> q9 [label = "b"];
	q35 -> q16 [label = "a, b, c"];
	q9 -> q10 [label = "b"];
	q33 -> q9 [label = "a"];
	q9 -> q28 [label = "b"];
	q15 -> q15 [label = "c"];
	q22 -> q10 [label = "b"];
	q9 -> q29 [label = "b"];
	q1 -> q2 [label = "c"];
	q8 -> q24 [label = "b"];
	q6 -> q9 [label = "b"];
	q9 -> q32 [label = "b"];
	q30 -> q9 [label = "a, b"];
	q11 -> q14 [label = "a"];
	q2 -> q16 [label = "b, c"];
	q12 -> q10 [label = "b"];
	q11 -> q20 [label = "a"];
	q35 -> q18 [label = "a"];
	q11 -> q24 [label = "a"];
	q0 -> q3 [label = "c"];
	q37 -> q25 [label = "b"];
	q11 -> q27 [label = "a"];
	q35 -> q29 [label = "b"];
	q37 -> q8 [label = "a"];
	q9 -> q16 [label = "b"];
	q11 -> q30 [label = "a"];
	q1 -> q10 [label = "b"];
	q15 -> q1 [label = "c"];
	q15 -> q4 [label = "c"];
	q15 -> q10 [label = "c"];
	q6 -> q10 [label = "b"];
	q15 -> q11 [label = "c"];
	q15 -> q13 [label = "c"];
	q15 -> q16 [label = "c"];
	q15 -> q20 [label = "c"];
	q35 -> q21 [label = "c"];
	q15 -> q21 [label = "c"];
	q35 -> q2 [label = "c"];
	q4 -> q30 [label = "a"];
	q36 -> q37 [label = "b"];
	q15 -> q27 [label = "c"];
	q35 -> q25 [label = "b"];
	q9 -> q7 [label = "a"];
	q8 -> q1 [label = "c"];
	q25 -> q12 [label = "a"];
	q8 -> q2 [label = "c"];
	q8 -> q11 [label = "c"];
	q12 -> q7 [label = "a"];
	q10 -> q33 [label = "a"];
	q12 -> q8 [label = "a"];
	q25 -> q13 [label = "a, c"];
	q7 -> q6 [label = "a"];
	q12 -> q16 [label = "a, b"];
	q5 -> q23 [label = "a"];
	q0 -> q9 [label = "b, c"];
	q0 -> q1 [label = "c"];
	q23 -> q5 [label = "a"];
	q8 -> q8 [label = "b"];
	q1 -> q14 [label = "a"];
	q12 -> q19 [label = "a"];
	q20 -> q21 [label = "c"];
	q12 -> q24 [label = "a"];
	q28 -> q28 [label = "b"];
	q14 -> q9 [label = "b"];
	q35 -> q13 [label = "c"];
	q14 -> q28 [label = "b"];
	q14 -> q29 [label = "b"];
	q14 -> q32 [label = "b"];
	q8 -> q5 [label = "b"];
	q35 -> q30 [label = "b"];
	q8 -> q7 [label = "b"];
	q8 -> q9 [label = "a, b"];
	q26 -> q18 [label = "a"];
	q5 -> q20 [label = "a"];
	q33 -> q35 [label = "a"];
	q8 -> q17 [label = "b"];
	q8 -> q25 [label = "b"];
	q5 -> q15 [label = "a"];
	q34 -> q4 [label = "c"];
	q25 -> q1 [label = "c"];
	q8 -> q28 [label = "b"];
	q28 -> q6 [label = "c"];
	q8 -> q30 [label = "b"];
	q25 -> q4 [label = "c"];
	q17 -> q12 [label = "a"];
	q8 -> q31 [label = "b"];
	q8 -> q32 [label = "b"];
	q8 -> q34 [label = "a, b"];
	q10 -> q27 [label = "a"];
	q37 -> q36 [label = "a, b"];
	q14 -> q11 [label = "c"];
	q2 -> q13 [label = "c"];
	q33 -> q21 [label = "c"];
	q8 -> q6 [label = "a"];
	q10 -> q29 [label = "b"];
	q4 -> q13 [label = "c"];
	q8 -> q10 [label = "b"];
	q13 -> q22 [label = "b"];
	q27 -> q20 [label = "c"];
	q12 -> q1 [label = "c"];
	q31 -> q14 [label = "c"];
	q4 -> q2 [label = "c"];
	q4 -> q11 [label = "c"];
	q25 -> q16 [label = "c"];
	q4 -> q14 [label = "a, c"];
	q27 -> q21 [label = "c"];
	q4 -> q21 [label = "c"];
	q0 -> q19 [label = "a"];
	q6 -> q1 [label = "c"];
	q4 -> q31 [label = "a"];
	q1 -> q24 [label = "a"];
	q35 -> q36 [label = "a, b"];
	q6 -> q11 [label = "c"];
	q0 -> q28 [label = "b"];
	q2 -> q11 [label = "c"];
	q0 -> q32 [label = "b, c"];
	q2 -> q0 [label = "a"];
	q1 -> q27 [label = "a"];
	q2 -> q15 [label = "a"];
	q6 -> q16 [label = "a, b"];
	q6 -> q22 [label = "b"];
	q33 -> q14 [label = "c"];
	q6 -> q28 [label = "b"];
	q1 -> q20 [label = "a"];
	q6 -> q29 [label = "b"];
	q0 -> q4 [label = "c"];
	q0 -> q12 [label = "c"];
	q0 -> q6 [label = "c"];
	q0 -> q15 [label = "c"];
	q22 -> q16 [label = "b"];
	q5 -> q32 [label = "b"];
	q0 -> q20 [label = "c"];
	q4 -> q0 [label = "a"];
	q4 -> q19 [label = "a"];
	q30 -> q32 [label = "b"];
	q4 -> q20 [label = "a"];
	q4 -> q24 [label = "a"];
	q19 -> q37 [label = "b"];
	q4 -> q27 [label = "a"];
	q4 -> q33 [label = "a"];
	q20 -> q29 [label = "b"];
	q3 -> q33 [label = "a"];
	q5 -> q2 [label = "c"];
	q5 -> q3 [label = "c"];
	q5 -> q13 [label = "a, c"];
	q1 -> q0 [label = "a"];
	q1 -> q30 [label = "a"];
	q3 -> q16 [label = "b, c"];
	q7 -> q16 [label = "c"];
	q30 -> q16 [label = "c"];
	q5 -> q19 [label = "b"];
	q8 -> q22 [label = "b"];
	q3 -> q0 [label = "a"];
	q6 -> q32 [label = "b"];
	q37 -> q32 [label = "b"];
	q5 -> q11 [label = "c"];
	q11 -> q16 [label = "c"];
	q16 -> q15 [label = "a"];
	q12 -> q30 [label = "a"];
	q3 -> q14 [label = "a, c"];
	q3 -> q15 [label = "a"];
	q7 -> q17 [label = "b"];
	q3 -> q24 [label = "a"];
	q30 -> q2 [label = "c"];
	q7 -> q25 [label = "b"];
	q5 -> q8 [label = "b"];
	q3 -> q27 [label = "a"];
	q3 -> q30 [label = "a"];
	q3 -> q31 [label = "a"];
	q5 -> q18 [label = "a"];
	q33 -> q16 [label = "c"];
	q5 -> q6 [label = "a"];
	q25 -> q21 [label = "c"];
	q31 -> q11 [label = "c"];
	q8 -> q29 [label = "b"];
	q37 -> q4 [label = "c"];
	q5 -> q9 [label = "a, b"];
	q5 -> q12 [label = "a"];
	q5 -> q34 [label = "a, b"];
	q12 -> q17 [label = "a"];
	q20 -> q11 [label = "c"];
	q6 -> q5 [label = "a"];
	q6 -> q7 [label = "a"];
	q6 -> q8 [label = "a"];
	q33 -> q24 [label = "a"];
	q4 -> q10 [label = "b"];
	q4 -> q29 [label = "b"];
	q5 -> q5 [label = "b"];
	q5 -> q17 [label = "b"];
	q37 -> q18 [label = "a"];
	q5 -> q22 [label = "b"];
	q5 -> q28 [label = "b"];
	q5 -> q29 [label = "b"];
	q2 -> q20 [label = "a"];
	q3 -> q13 [label = "c"];
	q11 -> q0 [label = "a"];
	q5 -> q10 [label = "b"];
	q5 -> q36 [label = "b"];
	q5 -> q37 [label = "b"];
	q3 -> q1 [label = "c"];
	q30 -> q28 [label = "b"];
	q18 -> q16 [label = "b"];
	q16 -> q22 [label = "b"];
	q35 -> q9 [label = "a, b"];
	q3 -> q2 [label = "c"];
	q3 -> q11 [label = "c"];
	q13 -> q30 [label = "a"];
	q18 -> q32 [label = "b"];
	q15 -> q29 [label = "b"];
	q30 -> q12 [label = "c"];
	q10 -> q14 [label = "c"];
	q11 -> q1 [label = "c"];
	q11 -> q2 [label = "c"];
	q32 -> q29 [label = "b"];
	q11 -> q13 [label = "c"];
	q15 -> q24 [label = "a"];
	q5 -> q24 [label = "b"];
	q20 -> q15 [label = "c"];
	q37 -> q20 [label = "c"];
	q20 -> q1 [label = "c"];
	q20 -> q4 [label = "c"];
	q18 -> q9 [label = "b"];
	q18 -> q22 [label = "b"];
	q22 -> q12 [label = "c"];
	q22 -> q13 [label = "c"];
	q16 -> q16 [label = "b"];
	q18 -> q17 [label = "a"];
	q22 -> q22 [label = "b"];
	q20 -> q24 [label = "a"];
	q16 -> q13 [label = "c"];
	q0 -> q34 [label = "c"];
	q21 -> q16 [label = "c"];
	q31 -> q12 [label = "c"];
	q17 -> q6 [label = "a"];
	q25 -> q25 [label = "b"];
	q12 -> q22 [label = "b"];
	q17 -> q20 [label = "a"];
	q19 -> q9 [label = "a, b"];
	q37 -> q35 [label = "a"];
	q1 -> q16 [label = "c"];
	q19 -> q28 [label = "b"];
}
NFA size: 38 states

