Random target AFA:
digraph finite_state_machine {
	rankdir=LR;
	node [shape = circle];
	s0 [shape = point, style = invis, start="true" ];
	s1 [shape = point, style = invis, start="true" ];
	q0 [label = "q0", shape = doublecircle, final="true" ];
	q1 [label = "q1"];
	q2 [label = "q2"];
	q3 [label = "q3"];
	q4 [label = "q4"];
	q5 [label = "q5", shape = doublecircle, final="true" ];
	m0 [label = "", shape = square, style = filled, color=grey, fixedsize=true, width=.2];
	m1 [label = "", shape = square, style = filled, color=grey, fixedsize=true, width=.2];
	m2 [label = "", shape = square, style = filled, color=grey, fixedsize=true, width=.2];
	m3 [label = "", shape = square, style = filled, color=grey, fixedsize=true, width=.2];
	m4 [label = "", shape = square, style = filled, color=grey, fixedsize=true, width=.2];
	m5 [label = "", shape = square, style = filled, color=grey, fixedsize=true, width=.2];
	m6 [label = "", shape = square, style = filled, color=grey, fixedsize=true, width=.2];
	m7 [label = "", shape = square, style = filled, color=grey, fixedsize=true, width=.2];
	m8 [label = "", shape = square, style = filled, color=grey, fixedsize=true, width=.2];
	s0 -> q1
	s1 -> q1
	q3 -> m3 [label = "c"];
	q2 -> q3 [label = "c"];
	q3 -> m4 [label = "a"];
	q1 -> q1 [label = "b"];
	q5 -> m8 [label = "b"];
	q2 -> m7 [label = "c"];
	q3 -> q4 [label = "b"];
	q4 -> m6 [label = "b"];
	q3 -> q5 [label = "b, c"];
	q1 -> q3 [label = "a, b, c"];
	q4 -> m0 [label = "c"];
	q0 -> q4 [label = "b"];
	q4 -> m3 [label = "a"];
	q2 -> q5 [label = "b"];
	q5 -> q2 [label = "a, c"];
	q0 -> q5 [label = "a, b, c"];
	q2 -> q1 [label = "b"];
	q1 -> q2 [label = "c"];
	q2 -> q2 [label = "a"];
	q0 -> m1 [label = "a"];
	q2 -> m2 [label = "a"];
	q5 -> m5 [label = "a"];
	q5 -> q3 [label = "b, c"];
	q4 -> q2 [label = "b"];
	q4 -> q5 [label = "a, c"];
	q1 -> q0 [label = "a"];
	m0 -> q2;
	m0 -> q3;
	m1 -> q4;
	m1 -> q5;
	m2 -> q2;
	m2 -> q5;
	m3 -> q0;
	m3 -> q5;
	m4 -> q3;
	m4 -> q5;
	m5 -> q2;
	m5 -> q4;
	m6 -> q1;
	m6 -> q5;
	m7 -> q0;
	m7 -> q3;
	m8 -> q1;
	m8 -> q2;
}

L* output after 8 EQ and 4945 MQ:
digraph finite_state_machine {
	rankdir=LR;
	node [shape = circle];
	s0 [shape = point, style = invis, start="true" ];
	q0 [label = "q0", shape = doublecircle, final="true" ];
	q1 [label = "q1"];
	q2 [label = "q2", shape = doublecircle, final="true" ];
	q3 [label = "q3", shape = doublecircle, final="true" ];
	q4 [label = "q4", shape = doublecircle, final="true" ];
	q5 [label = "q5", shape = doublecircle, final="true" ];
	q6 [label = "q6", shape = doublecircle, final="true" ];
	q7 [label = "q7"];
	q8 [label = "q8"];
	q9 [label = "q9"];
	q10 [label = "q10", shape = doublecircle, final="true" ];
	q11 [label = "q11", shape = doublecircle, final="true" ];
	q12 [label = "q12"];
	q13 [label = "q13"];
	q14 [label = "q14", shape = doublecircle, final="true" ];
	q15 [label = "q15", shape = doublecircle, final="true" ];
	q16 [label = "q16", shape = doublecircle, final="true" ];
	q17 [label = "q17", shape = doublecircle, final="true" ];
	q18 [label = "q18", shape = doublecircle, final="true" ];
	q19 [label = "q19"];
	q20 [label = "q20"];
	q21 [label = "q21", shape = doublecircle, final="true" ];
	q22 [label = "q22"];
	q23 [label = "q23"];
	q24 [label = "q24", shape = doublecircle, final="true" ];
	q25 [label = "q25"];
	q26 [label = "q26", shape = doublecircle, final="true" ];
	q27 [label = "q27"];
	q28 [label = "q28"];
	q29 [label = "q29"];
	q30 [label = "q30"];
	q31 [label = "q31"];
	q32 [label = "q32"];
	q33 [label = "q33"];
	q34 [label = "q34"];
	q35 [label = "q35"];
	q36 [label = "q36"];
	q37 [label = "q37"];
	q38 [label = "q38"];
	s0 -> q22
	q18 -> q19 [label = "c"];
	q22 -> q21 [label = "a"];
	q17 -> q15 [label = "c"];
	q17 -> q17 [label = "b"];
	q18 -> q23 [label = "a"];
	q22 -> q19 [label = "c"];
	q18 -> q38 [label = "b"];
	q16 -> q10 [label = "a"];
	q15 -> q12 [label = "a"];
	q21 -> q18 [label = "a, c"];
	q11 -> q15 [label = "c"];
	q10 -> q19 [label = "c"];
	q15 -> q17 [label = "b"];
	q13 -> q12 [label = "a"];
	q20 -> q17 [label = "b"];
	q9 -> q15 [label = "c"];
	q3 -> q1 [label = "c"];
	q5 -> q26 [label = "a"];
	q7 -> q9 [label = "b"];
	q3 -> q23 [label = "a"];
	q1 -> q0 [label = "b"];
	q19 -> q14 [label = "b"];
	q14 -> q11 [label = "a"];
	q7 -> q15 [label = "c"];
	q16 -> q15 [label = "c"];
	q16 -> q13 [label = "b"];
	q3 -> q6 [label = "b"];
	q1 -> q2 [label = "c"];
	q5 -> q15 [label = "c"];
	q0 -> q15 [label = "c"];
	q20 -> q21 [label = "a"];
	q6 -> q9 [label = "b"];
	q2 -> q11 [label = "b"];
	q0 -> q10 [label = "a"];
	q12 -> q6 [label = "b"];
	q4 -> q15 [label = "c"];
	q10 -> q5 [label = "b"];
	q13 -> q17 [label = "b"];
	q14 -> q15 [label = "c"];
	q23 -> q25 [label = "c"];
	q22 -> q20 [label = "b"];
	q26 -> q2 [label = "c"];
	q31 -> q32 [label = "a"];
	q2 -> q12 [label = "a"];
	q32 -> q35 [label = "a"];
	q27 -> q30 [label = "c"];
	q30 -> q23 [label = "a"];
	q36 -> q15 [label = "c"];
	q0 -> q9 [label = "b"];
	q32 -> q4 [label = "b"];
	q17 -> q11 [label = "a"];
	q4 -> q13 [label = "b"];
	q36 -> q26 [label = "a"];
	q29 -> q2 [label = "c"];
	q23 -> q24 [label = "b"];
	q30 -> q1 [label = "c"];
	q6 -> q15 [label = "c"];
	q37 -> q7 [label = "b"];
	q23 -> q23 [label = "a"];
	q10 -> q23 [label = "a"];
	q24 -> q20 [label = "b"];
	q28 -> q31 [label = "b"];
	q19 -> q12 [label = "a"];
	q32 -> q30 [label = "c"];
	q37 -> q32 [label = "a"];
	q15 -> q15 [label = "c"];
	q36 -> q9 [label = "b"];
	q35 -> q25 [label = "c"];
	q35 -> q23 [label = "a"];
	q1 -> q12 [label = "a"];
	q33 -> q9 [label = "b"];
	q34 -> q36 [label = "b"];
	q28 -> q27 [label = "c"];
	q9 -> q26 [label = "a"];
	q34 -> q2 [label = "c"];
	q33 -> q15 [label = "c"];
	q20 -> q15 [label = "c"];
	q26 -> q10 [label = "a"];
	q38 -> q14 [label = "b"];
	q7 -> q21 [label = "a"];
	q28 -> q28 [label = "a"];
	q24 -> q19 [label = "c"];
	q37 -> q1 [label = "c"];
	q2 -> q15 [label = "c"];
	q38 -> q2 [label = "c"];
	q38 -> q32 [label = "a"];
	q29 -> q32 [label = "a"];
	q11 -> q10 [label = "a"];
	q35 -> q37 [label = "b"];
	q25 -> q18 [label = "c"];
	q4 -> q3 [label = "a"];
	q31 -> q1 [label = "c"];
	q34 -> q32 [label = "a"];
	q25 -> q16 [label = "b"];
	q8 -> q15 [label = "c"];
	q31 -> q8 [label = "b"];
	q14 -> q9 [label = "b"];
	q12 -> q1 [label = "c"];
	q9 -> q17 [label = "b"];
	q8 -> q9 [label = "b"];
	q29 -> q33 [label = "b"];
	q27 -> q29 [label = "b"];
	q33 -> q12 [label = "a"];
	q12 -> q23 [label = "a"];
	q6 -> q26 [label = "a"];
	q25 -> q27 [label = "a"];
	q30 -> q34 [label = "b"];
	q26 -> q14 [label = "b"];
	q24 -> q26 [label = "a"];
	q5 -> q17 [label = "b"];
	q8 -> q32 [label = "a"];
	q21 -> q16 [label = "b"];
	q19 -> q2 [label = "c"];
	q11 -> q17 [label = "b"];
	q27 -> q28 [label = "a"];
	q13 -> q15 [label = "c"];
}
DFA size: 39 states

NL* output after 8 EQ and 2110 MQ:
digraph finite_state_machine {
	rankdir=LR;
	node [shape = circle];
	s0 [shape = point, style = invis, start="true" ];
	s1 [shape = point, style = invis, start="true" ];
	s2 [shape = point, style = invis, start="true" ];
	s3 [shape = point, style = invis, start="true" ];
	s4 [shape = point, style = invis, start="true" ];
	q0 [label = "q0", shape = doublecircle, final="true" ];
	q1 [label = "q1", shape = doublecircle, final="true" ];
	q2 [label = "q2"];
	q3 [label = "q3"];
	q4 [label = "q4"];
	q5 [label = "q5"];
	q6 [label = "q6"];
	q7 [label = "q7"];
	q8 [label = "q8", shape = doublecircle, final="true" ];
	q9 [label = "q9", shape = doublecircle, final="true" ];
	q10 [label = "q10", shape = doublecircle, final="true" ];
	q11 [label = "q11"];
	q12 [label = "q12"];
	q13 [label = "q13"];
	q14 [label = "q14"];
	q15 [label = "q15"];
	s0 -> q3
	s1 -> q4
	s2 -> q5
	s3 -> q7
	s4 -> q13
	q11 -> q11 [label = "a"];
	q11 -> q7 [label = "b"];
	q11 -> q6 [label = "a, b"];
	q13 -> q6 [label = "c"];
	q14 -> q5 [label = "b"];
	q14 -> q2 [label = "b"];
	q8 -> q14 [label = "b"];
	q8 -> q10 [label = "b"];
	q14 -> q12 [label = "c"];
	q14 -> q3 [label = "b, c"];
	q8 -> q13 [label = "a, b, c"];
	q11 -> q12 [label = "c"];
	q7 -> q15 [label = "a, c"];
	q6 -> q4 [label = "a, b, c"];
	q5 -> q4 [label = "a, b, c"];
	q9 -> q13 [label = "b, c"];
	q4 -> q13 [label = "b, c"];
	q10 -> q2 [label = "b, c"];
	q11 -> q5 [label = "b"];
	q0 -> q5 [label = "b"];
	q9 -> q15 [label = "c"];
	q0 -> q15 [label = "c"];
	q3 -> q12 [label = "c"];
	q15 -> q3 [label = "b"];
	q9 -> q6 [label = "a, c"];
	q6 -> q6 [label = "a"];
	q9 -> q12 [label = "b, c"];
	q5 -> q3 [label = "b, c"];
	q15 -> q14 [label = "b"];
	q5 -> q2 [label = "b"];
	q7 -> q5 [label = "b, c"];
	q5 -> q13 [label = "a, b, c"];
	q0 -> q1 [label = "b"];
	q15 -> q1 [label = "b"];
	q14 -> q14 [label = "b, c"];
	q14 -> q13 [label = "a, b, c"];
	q10 -> q9 [label = "a, c"];
	q7 -> q3 [label = "b, c"];
	q11 -> q4 [label = "a, b, c"];
	q9 -> q4 [label = "a, b, c"];
	q11 -> q3 [label = "b"];
	q12 -> q10 [label = "b"];
	q12 -> q1 [label = "b"];
	q9 -> q11 [label = "a, c"];
	q10 -> q6 [label = "a, b, c"];
	q7 -> q4 [label = "a, b, c"];
	q13 -> q13 [label = "b, c"];
	q9 -> q3 [label = "b, c"];
	q5 -> q7 [label = "b"];
	q10 -> q5 [label = "b, c"];
	q9 -> q5 [label = "b, c"];
	q10 -> q11 [label = "a, b, c"];
	q8 -> q9 [label = "a, b, c"];
	q2 -> q3 [label = "b, c"];
	q3 -> q5 [label = "b"];
	q13 -> q3 [label = "b"];
	q15 -> q4 [label = "a, b, c"];
	q14 -> q9 [label = "c"];
	q3 -> q14 [label = "b, c"];
	q14 -> q4 [label = "a, b, c"];
	q0 -> q6 [label = "a, b, c"];
	q2 -> q5 [label = "b, c"];
	q6 -> q5 [label = "b"];
	q15 -> q6 [label = "a, b, c"];
	q12 -> q9 [label = "b, c"];
	q10 -> q13 [label = "a, b, c"];
	q10 -> q14 [label = "b, c"];
	q14 -> q15 [label = "a, c"];
	q7 -> q6 [label = "c"];
	q5 -> q6 [label = "c"];
	q12 -> q13 [label = "a, b, c"];
	q13 -> q14 [label = "b"];
	q12 -> q14 [label = "b"];
	q1 -> q11 [label = "a, b, c"];
	q6 -> q12 [label = "c"];
	q15 -> q9 [label = "b"];
	q10 -> q3 [label = "b, c"];
	q10 -> q0 [label = "a, c"];
	q5 -> q5 [label = "b"];
	q1 -> q15 [label = "a, b, c"];
	q3 -> q4 [label = "a, b, c"];
	q12 -> q6 [label = "b, c"];
	q9 -> q14 [label = "b, c"];
	q10 -> q4 [label = "a, b, c"];
	q13 -> q4 [label = "a, b, c"];
	q7 -> q14 [label = "b, c"];
	q5 -> q14 [label = "b, c"];
	q7 -> q8 [label = "a"];
	q3 -> q15 [label = "a, c"];
	q7 -> q12 [label = "a, b, c"];
	q2 -> q0 [label = "c"];
	q2 -> q2 [label = "b, c"];
	q3 -> q3 [label = "b, c"];
	q2 -> q4 [label = "a, b, c"];
	q1 -> q14 [label = "b, c"];
	q2 -> q6 [label = "b, c"];
	q6 -> q13 [label = "b, c"];
	q2 -> q9 [label = "c"];
	q2 -> q11 [label = "b, c"];
	q2 -> q12 [label = "b, c"];
	q8 -> q1 [label = "b"];
	q2 -> q13 [label = "a, b, c"];
	q6 -> q3 [label = "b"];
	q0 -> q2 [label = "b"];
	q7 -> q13 [label = "a, b, c"];
	q2 -> q14 [label = "b, c"];
	q2 -> q15 [label = "a, b, c"];
	q7 -> q7 [label = "b"];
	q4 -> q3 [label = "b"];
	q12 -> q3 [label = "b"];
	q4 -> q4 [label = "a, b, c"];
	q3 -> q6 [label = "c"];
	q6 -> q11 [label = "a"];
	q0 -> q7 [label = "b"];
	q1 -> q3 [label = "b, c"];
	q1 -> q0 [label = "a, c"];
	q1 -> q2 [label = "b, c"];
	q1 -> q4 [label = "a, b, c"];
	q5 -> q15 [label = "a, c"];
	q1 -> q5 [label = "b, c"];
	q1 -> q6 [label = "a, b, c"];
	q14 -> q6 [label = "b, c"];
	q1 -> q9 [label = "c"];
	q1 -> q12 [label = "b, c"];
	q1 -> q13 [label = "a, b, c"];
	q7 -> q2 [label = "b"];
	q15 -> q13 [label = "b, c"];
	q7 -> q11 [label = "c"];
	q11 -> q13 [label = "b, c"];
	q3 -> q2 [label = "b"];
	q3 -> q13 [label = "a, b, c"];
	q5 -> q12 [label = "c"];
	q0 -> q3 [label = "b, c"];
	q0 -> q4 [label = "a, b, c"];
	q0 -> q14 [label = "b, c"];
	q10 -> q12 [label = "b, c"];
	q12 -> q4 [label = "a, b, c"];
	q0 -> q12 [label = "c"];
	q0 -> q13 [label = "b, c"];
	q0 -> q9 [label = "b"];
	q11 -> q9 [label = "b"];
	q8 -> q3 [label = "b"];
	q10 -> q15 [label = "a, b, c"];
	q2 -> q7 [label = "b"];
	q0 -> q11 [label = "a"];
	q8 -> q4 [label = "a, b, c"];
	q8 -> q6 [label = "a, b, c"];
}
NFA size: 16 states

AL* output after 9 EQ and 591 MQ:
digraph finite_state_machine {
	rankdir=LR;
	node [shape = circle];
	s0 [shape = point, style = invis, start="true" ];
	q0 [label = "q0", shape = doublecircle, final="true" ];
	q1 [label = "q1"];
	q2 [label = "q2", shape = doublecircle, final="true" ];
	q3 [label = "q3"];
	q4 [label = "q4", shape = doublecircle, final="true" ];
	q5 [label = "q5"];
	m0 [label = "", shape = square, style = filled, color=grey, fixedsize=true, width=.2];
	m1 [label = "", shape = square, style = filled, color=grey, fixedsize=true, width=.2];
	m2 [label = "", shape = square, style = filled, color=grey, fixedsize=true, width=.2];
	m3 [label = "", shape = square, style = filled, color=grey, fixedsize=true, width=.2];
	m4 [label = "", shape = square, style = filled, color=grey, fixedsize=true, width=.2];
	m5 [label = "", shape = square, style = filled, color=grey, fixedsize=true, width=.2];
	m6 [label = "", shape = square, style = filled, color=grey, fixedsize=true, width=.2];
	m7 [label = "", shape = square, style = filled, color=grey, fixedsize=true, width=.2];
	s0 -> q5
	q3 -> m0 [label = "c"];
	q2 -> m2 [label = "a, c"];
	q1 -> m0 [label = "b"];
	q2 -> m5 [label = "b, c"];
	q5 -> m4 [label = "c"];
	q2 -> m4 [label = "a, b, c"];
	q0 -> m4 [label = "a, b, c"];
	q0 -> m3 [label = "a"];
	q4 -> m0 [label = "a, c"];
	q1 -> m3 [label = "a"];
	q0 -> m2 [label = "a, b, c"];
	q1 -> q5 [label = "b"];
	q0 -> m0 [label = "a, c"];
	q2 -> m3 [label = "a"];
	q0 -> m1 [label = "a, b, c"];
	q4 -> m2 [label = "a, b, c"];
	q0 -> m5 [label = "b, c"];
	q1 -> m2 [label = "a, b"];
	q4 -> m1 [label = "a, b, c"];
	q5 -> m5 [label = "a, b, c"];
	q5 -> q5 [label = "b"];
	q3 -> m6 [label = "b"];
	q3 -> m7 [label = "a"];
	q3 -> m1 [label = "b, c"];
	q5 -> m2 [label = "c"];
	q1 -> m4 [label = "a"];
	q5 -> m6 [label = "a"];
	q1 -> m5 [label = "c"];
	q3 -> m2 [label = "b, c"];
	q4 -> m6 [label = "b"];
	m0 -> q0;
	m0 -> q2;
	m0 -> q4;
	m1 -> q0;
	m1 -> q2;
	m1 -> q5;
	m2 -> q0;
	m2 -> q1;
	m2 -> q2;
	m3 -> q1;
	m3 -> q3;
	m3 -> q4;
	m4 -> q1;
	m4 -> q5;
	m5 -> q3;
	m5 -> q4;
	m6 -> q0;
	m6 -> q4;
	m7 -> q0;
	m7 -> q2;
	m7 -> q3;
	m7 -> q4;
	m7 -> q5;
}
AFA size: 6 states

AL** output after 10 EQ and 591 MQ:
digraph finite_state_machine {
	rankdir=LR;
	node [shape = circle];
	s0 [shape = point, style = invis, start="true" ];
	q0 [label = "q0", shape = doublecircle, final="true" ];
	q1 [label = "q1"];
	q2 [label = "q2", shape = doublecircle, final="true" ];
	q3 [label = "q3"];
	q4 [label = "q4", shape = doublecircle, final="true" ];
	q5 [label = "q5"];
	m0 [label = "", shape = square, style = filled, color=grey, fixedsize=true, width=.2];
	m1 [label = "", shape = square, style = filled, color=grey, fixedsize=true, width=.2];
	m2 [label = "", shape = square, style = filled, color=grey, fixedsize=true, width=.2];
	m3 [label = "", shape = square, style = filled, color=grey, fixedsize=true, width=.2];
	m4 [label = "", shape = square, style = filled, color=grey, fixedsize=true, width=.2];
	m5 [label = "", shape = square, style = filled, color=grey, fixedsize=true, width=.2];
	m6 [label = "", shape = square, style = filled, color=grey, fixedsize=true, width=.2];
	m7 [label = "", shape = square, style = filled, color=grey, fixedsize=true, width=.2];
	s0 -> q5
	q3 -> m0 [label = "c"];
	q2 -> m2 [label = "a, c"];
	q1 -> m0 [label = "b"];
	q2 -> m5 [label = "b, c"];
	q5 -> m4 [label = "c"];
	q2 -> m4 [label = "a, b, c"];
	q0 -> m4 [label = "a, b, c"];
	q0 -> m3 [label = "a"];
	q4 -> m0 [label = "a, c"];
	q1 -> m3 [label = "a"];
	q0 -> m2 [label = "a, b, c"];
	q1 -> q5 [label = "b"];
	q0 -> m0 [label = "a, c"];
	q2 -> m3 [label = "a"];
	q0 -> m1 [label = "a, b, c"];
	q4 -> m2 [label = "a, b, c"];
	q0 -> m5 [label = "b, c"];
	q1 -> m2 [label = "a, b"];
	q4 -> m1 [label = "a, b, c"];
	q5 -> m5 [label = "a, b, c"];
	q5 -> q5 [label = "b"];
	q3 -> m6 [label = "b"];
	q3 -> m7 [label = "a"];
	q3 -> m1 [label = "b, c"];
	q5 -> m2 [label = "c"];
	q1 -> m4 [label = "a"];
	q5 -> m6 [label = "a"];
	q1 -> m5 [label = "c"];
	q3 -> m2 [label = "b, c"];
	q4 -> m6 [label = "b"];
	m0 -> q0;
	m0 -> q2;
	m0 -> q4;
	m1 -> q0;
	m1 -> q2;
	m1 -> q5;
	m2 -> q0;
	m2 -> q1;
	m2 -> q2;
	m3 -> q1;
	m3 -> q3;
	m3 -> q4;
	m4 -> q1;
	m4 -> q5;
	m5 -> q3;
	m5 -> q4;
	m6 -> q0;
	m6 -> q4;
	m7 -> q0;
	m7 -> q2;
	m7 -> q3;
	m7 -> q4;
	m7 -> q5;
}
RAFA size: 6 states

