Random target AFA:
digraph finite_state_machine {
	rankdir=LR;
	node [shape = circle];
	s0 [shape = point, style = invis, start="true" ];
	s1 [shape = point, style = invis, start="true" ];
	q0 [label = "q0", shape = doublecircle, final="true" ];
	q1 [label = "q1"];
	q2 [label = "q2", shape = doublecircle, final="true" ];
	q3 [label = "q3"];
	q4 [label = "q4"];
	q5 [label = "q5"];
	m0 [label = "", shape = square, style = filled, color=grey, fixedsize=true, width=.2];
	m1 [label = "", shape = square, style = filled, color=grey, fixedsize=true, width=.2];
	m2 [label = "", shape = square, style = filled, color=grey, fixedsize=true, width=.2];
	m3 [label = "", shape = square, style = filled, color=grey, fixedsize=true, width=.2];
	m4 [label = "", shape = square, style = filled, color=grey, fixedsize=true, width=.2];
	m5 [label = "", shape = square, style = filled, color=grey, fixedsize=true, width=.2];
	m6 [label = "", shape = square, style = filled, color=grey, fixedsize=true, width=.2];
	s0 -> q1
	s1 -> q2
	q3 -> q4 [label = "c"];
	q3 -> q1 [label = "c"];
	q4 -> q2 [label = "b"];
	q1 -> q3 [label = "c"];
	q1 -> m4 [label = "b"];
	q3 -> m3 [label = "b"];
	q5 -> m6 [label = "b"];
	q3 -> q3 [label = "b"];
	q5 -> m5 [label = "a"];
	q4 -> q0 [label = "c"];
	q4 -> m0 [label = "c"];
	q0 -> q4 [label = "c"];
	q1 -> m3 [label = "c"];
	q1 -> q5 [label = "a"];
	q0 -> m1 [label = "a"];
	q4 -> m2 [label = "a"];
	q4 -> q4 [label = "a, b"];
	q3 -> q0 [label = "a"];
	q1 -> q1 [label = "b"];
	q0 -> q3 [label = "a, b"];
	q5 -> q0 [label = "c"];
	q2 -> q2 [label = "b, c"];
	q2 -> q1 [label = "a, b"];
	q0 -> q5 [label = "b"];
	q0 -> q0 [label = "c"];
	q2 -> m0 [label = "a"];
	q2 -> q5 [label = "c"];
	q5 -> q2 [label = "a, b, c"];
	m0 -> q1;
	m0 -> q5;
	m1 -> q2;
	m1 -> q3;
	m2 -> q4;
	m2 -> q5;
	m3 -> q1;
	m3 -> q3;
	m4 -> q1;
	m4 -> q4;
	m5 -> q2;
	m5 -> q4;
	m6 -> q0;
	m6 -> q4;
}

L* output after 12 EQ and 14289 MQ:
digraph finite_state_machine {
	rankdir=LR;
	node [shape = circle];
	s0 [shape = point, style = invis, start="true" ];
	q0 [label = "q0", shape = doublecircle, final="true" ];
	q1 [label = "q1", shape = doublecircle, final="true" ];
	q2 [label = "q2", shape = doublecircle, final="true" ];
	q3 [label = "q3", shape = doublecircle, final="true" ];
	q4 [label = "q4", shape = doublecircle, final="true" ];
	q5 [label = "q5", shape = doublecircle, final="true" ];
	q6 [label = "q6", shape = doublecircle, final="true" ];
	q7 [label = "q7", shape = doublecircle, final="true" ];
	q8 [label = "q8", shape = doublecircle, final="true" ];
	q9 [label = "q9", shape = doublecircle, final="true" ];
	q10 [label = "q10", shape = doublecircle, final="true" ];
	q11 [label = "q11", shape = doublecircle, final="true" ];
	q12 [label = "q12", shape = doublecircle, final="true" ];
	q13 [label = "q13", shape = doublecircle, final="true" ];
	q14 [label = "q14", shape = doublecircle, final="true" ];
	q15 [label = "q15", shape = doublecircle, final="true" ];
	q16 [label = "q16", shape = doublecircle, final="true" ];
	q17 [label = "q17", shape = doublecircle, final="true" ];
	q18 [label = "q18", shape = doublecircle, final="true" ];
	q19 [label = "q19"];
	q20 [label = "q20", shape = doublecircle, final="true" ];
	q21 [label = "q21", shape = doublecircle, final="true" ];
	q22 [label = "q22", shape = doublecircle, final="true" ];
	q23 [label = "q23"];
	q24 [label = "q24", shape = doublecircle, final="true" ];
	q25 [label = "q25", shape = doublecircle, final="true" ];
	q26 [label = "q26", shape = doublecircle, final="true" ];
	q27 [label = "q27"];
	q28 [label = "q28", shape = doublecircle, final="true" ];
	q29 [label = "q29", shape = doublecircle, final="true" ];
	q30 [label = "q30", shape = doublecircle, final="true" ];
	q31 [label = "q31"];
	q32 [label = "q32", shape = doublecircle, final="true" ];
	q33 [label = "q33", shape = doublecircle, final="true" ];
	q34 [label = "q34", shape = doublecircle, final="true" ];
	q35 [label = "q35", shape = doublecircle, final="true" ];
	q36 [label = "q36", shape = doublecircle, final="true" ];
	q37 [label = "q37", shape = doublecircle, final="true" ];
	q38 [label = "q38", shape = doublecircle, final="true" ];
	q39 [label = "q39", shape = doublecircle, final="true" ];
	q40 [label = "q40"];
	q41 [label = "q41"];
	q42 [label = "q42", shape = doublecircle, final="true" ];
	q43 [label = "q43", shape = doublecircle, final="true" ];
	q44 [label = "q44", shape = doublecircle, final="true" ];
	s0 -> q28
	q41 -> q11 [label = "c"];
	q41 -> q20 [label = "b"];
	q41 -> q12 [label = "a"];
	q43 -> q35 [label = "a, b"];
	q40 -> q7 [label = "c"];
	q12 -> q12 [label = "c"];
	q17 -> q35 [label = "b"];
	q0 -> q15 [label = "b"];
	q18 -> q29 [label = "c"];
	q32 -> q15 [label = "b"];
	q1 -> q0 [label = "a"];
	q3 -> q15 [label = "b"];
	q7 -> q44 [label = "c"];
	q26 -> q44 [label = "c"];
	q7 -> q15 [label = "b"];
	q1 -> q20 [label = "b"];
	q14 -> q11 [label = "a"];
	q25 -> q22 [label = "b"];
	q4 -> q20 [label = "b"];
	q3 -> q6 [label = "c"];
	q17 -> q34 [label = "c"];
	q3 -> q7 [label = "a"];
	q19 -> q35 [label = "b"];
	q15 -> q20 [label = "b"];
	q43 -> q34 [label = "c"];
	q23 -> q20 [label = "b"];
	q16 -> q37 [label = "c"];
	q31 -> q38 [label = "a"];
	q37 -> q14 [label = "c"];
	q16 -> q36 [label = "b"];
	q22 -> q19 [label = "a"];
	q34 -> q39 [label = "a"];
	q5 -> q11 [label = "c"];
	q38 -> q34 [label = "c"];
	q6 -> q14 [label = "c"];
	q4 -> q2 [label = "a"];
	q11 -> q8 [label = "c"];
	q29 -> q29 [label = "c"];
	q37 -> q15 [label = "b"];
	q21 -> q18 [label = "a"];
	q15 -> q44 [label = "a"];
	q23 -> q11 [label = "c"];
	q42 -> q32 [label = "c"];
	q7 -> q5 [label = "a"];
	q24 -> q14 [label = "c"];
	q36 -> q37 [label = "a"];
	q30 -> q31 [label = "a"];
	q36 -> q44 [label = "c"];
	q13 -> q36 [label = "a"];
	q17 -> q30 [label = "a"];
	q11 -> q15 [label = "b"];
	q19 -> q17 [label = "a"];
	q21 -> q44 [label = "c"];
	q9 -> q14 [label = "a"];
	q2 -> q1 [label = "a"];
	q13 -> q15 [label = "b"];
	q16 -> q21 [label = "a"];
	q5 -> q15 [label = "b"];
	q0 -> q7 [label = "c"];
	q18 -> q16 [label = "a"];
	q38 -> q22 [label = "a"];
	q22 -> q35 [label = "b"];
	q8 -> q15 [label = "b"];
	q0 -> q10 [label = "a"];
	q15 -> q8 [label = "c"];
	q22 -> q14 [label = "c"];
	q40 -> q35 [label = "b"];
	q18 -> q23 [label = "b"];
	q2 -> q15 [label = "b"];
	q20 -> q8 [label = "c"];
	q26 -> q24 [label = "a"];
	q12 -> q15 [label = "b"];
	q39 -> q42 [label = "a"];
	q14 -> q44 [label = "c"];
	q6 -> q4 [label = "a"];
	q35 -> q14 [label = "c"];
	q6 -> q15 [label = "b"];
	q10 -> q6 [label = "a"];
	q14 -> q15 [label = "b"];
	q12 -> q20 [label = "a"];
	q13 -> q7 [label = "c"];
	q20 -> q13 [label = "a"];
	q28 -> q28 [label = "b"];
	q11 -> q9 [label = "a"];
	q19 -> q7 [label = "c"];
	q9 -> q15 [label = "b"];
	q21 -> q15 [label = "b"];
	q33 -> q36 [label = "b"];
	q24 -> q23 [label = "a"];
	q30 -> q10 [label = "c"];
	q26 -> q20 [label = "b"];
	q28 -> q26 [label = "c"];
	q20 -> q20 [label = "b"];
	q35 -> q40 [label = "a"];
	q24 -> q15 [label = "b"];
	q28 -> q27 [label = "a"];
	q30 -> q30 [label = "b"];
	q31 -> q35 [label = "b"];
	q39 -> q39 [label = "b"];
	q9 -> q11 [label = "c"];
	q25 -> q28 [label = "a"];
	q27 -> q22 [label = "b"];
	q27 -> q25 [label = "a"];
	q31 -> q32 [label = "c"];
	q1 -> q8 [label = "c"];
	q33 -> q37 [label = "c"];
	q25 -> q34 [label = "c"];
	q29 -> q33 [label = "a"];
	q27 -> q21 [label = "c"];
	q29 -> q15 [label = "b"];
	q32 -> q29 [label = "a"];
	q34 -> q15 [label = "b"];
	q32 -> q44 [label = "c"];
	q44 -> q15 [label = "a, b"];
	q38 -> q35 [label = "b"];
	q4 -> q11 [label = "c"];
	q2 -> q2 [label = "c"];
	q33 -> q32 [label = "a"];
	q10 -> q20 [label = "b"];
	q35 -> q35 [label = "b"];
	q5 -> q3 [label = "a"];
	q37 -> q41 [label = "a"];
	q39 -> q15 [label = "c"];
	q34 -> q12 [label = "c"];
	q36 -> q20 [label = "b"];
	q44 -> q14 [label = "c"];
	q10 -> q44 [label = "c"];
	q42 -> q15 [label = "b"];
	q8 -> q8 [label = "a, c"];
	q23 -> q34 [label = "a"];
	q40 -> q43 [label = "a"];
	q42 -> q26 [label = "a"];
}
DFA size: 45 states

NL* output after 11 EQ and 7878 MQ:
digraph finite_state_machine {
	rankdir=LR;
	node [shape = circle];
	s0 [shape = point, style = invis, start="true" ];
	q0 [label = "q0", shape = doublecircle, final="true" ];
	q1 [label = "q1", shape = doublecircle, final="true" ];
	q2 [label = "q2", shape = doublecircle, final="true" ];
	q3 [label = "q3", shape = doublecircle, final="true" ];
	q4 [label = "q4", shape = doublecircle, final="true" ];
	q5 [label = "q5"];
	q6 [label = "q6", shape = doublecircle, final="true" ];
	q7 [label = "q7", shape = doublecircle, final="true" ];
	q8 [label = "q8"];
	q9 [label = "q9", shape = doublecircle, final="true" ];
	q10 [label = "q10", shape = doublecircle, final="true" ];
	q11 [label = "q11", shape = doublecircle, final="true" ];
	q12 [label = "q12"];
	q13 [label = "q13", shape = doublecircle, final="true" ];
	q14 [label = "q14", shape = doublecircle, final="true" ];
	q15 [label = "q15", shape = doublecircle, final="true" ];
	q16 [label = "q16", shape = doublecircle, final="true" ];
	q17 [label = "q17"];
	q18 [label = "q18", shape = doublecircle, final="true" ];
	q19 [label = "q19", shape = doublecircle, final="true" ];
	q20 [label = "q20", shape = doublecircle, final="true" ];
	q21 [label = "q21", shape = doublecircle, final="true" ];
	q22 [label = "q22", shape = doublecircle, final="true" ];
	q23 [label = "q23", shape = doublecircle, final="true" ];
	q24 [label = "q24", shape = doublecircle, final="true" ];
	q25 [label = "q25", shape = doublecircle, final="true" ];
	q26 [label = "q26", shape = doublecircle, final="true" ];
	q27 [label = "q27", shape = doublecircle, final="true" ];
	q28 [label = "q28", shape = doublecircle, final="true" ];
	q29 [label = "q29", shape = doublecircle, final="true" ];
	s0 -> q13
	q17 -> q14 [label = "c"];
	q17 -> q6 [label = "c"];
	q23 -> q20 [label = "b"];
	q17 -> q13 [label = "b"];
	q17 -> q7 [label = "b"];
	q23 -> q28 [label = "c"];
	q23 -> q21 [label = "c"];
	q23 -> q19 [label = "c"];
	q23 -> q18 [label = "c"];
	q23 -> q10 [label = "c"];
	q19 -> q7 [label = "a, b"];
	q21 -> q6 [label = "c"];
	q16 -> q15 [label = "c"];
	q16 -> q11 [label = "c"];
	q20 -> q21 [label = "a"];
	q22 -> q29 [label = "b"];
	q18 -> q18 [label = "c"];
	q22 -> q23 [label = "b"];
	q16 -> q13 [label = "b"];
	q22 -> q19 [label = "b, c"];
	q22 -> q18 [label = "c"];
	q22 -> q15 [label = "b, c"];
	q22 -> q13 [label = "b, c"];
	q22 -> q9 [label = "c"];
	q22 -> q7 [label = "b, c"];
	q22 -> q0 [label = "c"];
	q18 -> q27 [label = "b"];
	q18 -> q17 [label = "b"];
	q18 -> q16 [label = "a, b"];
	q18 -> q15 [label = "b, c"];
	q22 -> q25 [label = "c"];
	q18 -> q12 [label = "b"];
	q18 -> q11 [label = "b"];
	q18 -> q8 [label = "b"];
	q16 -> q16 [label = "b"];
	q16 -> q17 [label = "a"];
	q20 -> q27 [label = "c"];
	q20 -> q23 [label = "c"];
	q20 -> q20 [label = "b, c"];
	q20 -> q19 [label = "c"];
	q20 -> q12 [label = "a, c"];
	q20 -> q10 [label = "c"];
	q20 -> q7 [label = "c"];
	q20 -> q5 [label = "c"];
	q13 -> q13 [label = "b"];
	q11 -> q25 [label = "c"];
	q11 -> q21 [label = "c"];
	q11 -> q19 [label = "c"];
	q11 -> q12 [label = "c"];
	q11 -> q5 [label = "c"];
	q14 -> q4 [label = "a"];
	q12 -> q13 [label = "b"];
	q12 -> q7 [label = "b"];
	q23 -> q17 [label = "c"];
	q10 -> q15 [label = "c"];
	q10 -> q10 [label = "c"];
	q15 -> q16 [label = "a, b"];
	q15 -> q13 [label = "a, b"];
	q13 -> q12 [label = "a"];
	q22 -> q10 [label = "b, c"];
	q9 -> q28 [label = "c"];
	q9 -> q22 [label = "c"];
	q9 -> q1 [label = "c"];
	q3 -> q16 [label = "c"];
	q3 -> q13 [label = "c"];
	q3 -> q9 [label = "c"];
	q5 -> q16 [label = "b"];
	q5 -> q13 [label = "b"];
	q5 -> q7 [label = "b"];
	q7 -> q12 [label = "a"];
	q11 -> q18 [label = "c"];
	q7 -> q5 [label = "a"];
	q2 -> q2 [label = "c"];
	q4 -> q8 [label = "b"];
	q4 -> q5 [label = "b"];
	q18 -> q7 [label = "b"];
	q6 -> q4 [label = "a"];
	q22 -> q28 [label = "c"];
	q1 -> q16 [label = "c"];
	q1 -> q9 [label = "c"];
	q1 -> q7 [label = "c"];
	q7 -> q13 [label = "b"];
	q1 -> q15 [label = "b"];
	q22 -> q20 [label = "b"];
	q1 -> q11 [label = "b"];
	q1 -> q10 [label = "b"];
	q7 -> q26 [label = "c"];
	q7 -> q23 [label = "c"];
	q18 -> q13 [label = "a, b"];
	q7 -> q19 [label = "c"];
	q7 -> q15 [label = "c"];
	q7 -> q11 [label = "c"];
	q7 -> q10 [label = "c"];
	q3 -> q19 [label = "b"];
	q3 -> q15 [label = "b"];
	q3 -> q11 [label = "b"];
	q1 -> q14 [label = "a"];
	q5 -> q14 [label = "c"];
	q0 -> q22 [label = "c"];
	q16 -> q12 [label = "a"];
	q0 -> q14 [label = "c"];
	q0 -> q6 [label = "c"];
	q6 -> q29 [label = "b"];
	q22 -> q12 [label = "b, c"];
	q6 -> q27 [label = "b"];
	q6 -> q23 [label = "b"];
	q6 -> q20 [label = "b"];
	q6 -> q11 [label = "b"];
	q6 -> q8 [label = "b"];
	q22 -> q4 [label = "a"];
	q20 -> q16 [label = "b, c"];
	q0 -> q29 [label = "b"];
	q11 -> q28 [label = "c"];
	q0 -> q27 [label = "b"];
	q0 -> q20 [label = "b"];
	q0 -> q17 [label = "b"];
	q0 -> q16 [label = "b"];
	q16 -> q10 [label = "c"];
	q0 -> q13 [label = "b"];
	q0 -> q8 [label = "b"];
	q0 -> q7 [label = "b"];
	q20 -> q8 [label = "c"];
	q6 -> q28 [label = "c"];
	q26 -> q17 [label = "b"];
	q8 -> q22 [label = "c"];
	q26 -> q11 [label = "b"];
	q26 -> q8 [label = "b"];
	q1 -> q13 [label = "c"];
	q26 -> q5 [label = "b"];
	q22 -> q21 [label = "c"];
	q26 -> q14 [label = "a"];
	q19 -> q16 [label = "b"];
	q10 -> q18 [label = "c"];
	q21 -> q20 [label = "b"];
	q26 -> q15 [label = "b"];
	q26 -> q16 [label = "b, c"];
	q13 -> q11 [label = "c"];
	q24 -> q19 [label = "b"];
	q24 -> q10 [label = "b"];
	q25 -> q28 [label = "c"];
	q20 -> q17 [label = "a, c"];
	q24 -> q29 [label = "b, c"];
	q24 -> q6 [label = "c"];
	q26 -> q19 [label = "b"];
	q22 -> q2 [label = "a"];
	q7 -> q28 [label = "c"];
	q24 -> q25 [label = "c"];
	q18 -> q29 [label = "b"];
	q18 -> q10 [label = "b, c"];
	q27 -> q29 [label = "c"];
	q24 -> q20 [label = "b, c"];
	q11 -> q15 [label = "c"];
	q4 -> q12 [label = "b"];
	q24 -> q16 [label = "b, c"];
	q22 -> q11 [label = "b"];
	q4 -> q4 [label = "c"];
	q22 -> q5 [label = "b, c"];
	q24 -> q7 [label = "b, c"];
	q1 -> q19 [label = "b"];
	q26 -> q22 [label = "a"];
	q18 -> q23 [label = "b"];
	q14 -> q18 [label = "c"];
	q11 -> q16 [label = "b, c"];
	q5 -> q15 [label = "a"];
	q8 -> q25 [label = "c"];
	q29 -> q24 [label = "c"];
	q27 -> q14 [label = "c"];
	q22 -> q16 [label = "b, c"];
	q3 -> q7 [label = "c"];
	q29 -> q14 [label = "c"];
	q19 -> q13 [label = "a, b"];
	q24 -> q15 [label = "b"];
	q19 -> q18 [label = "c"];
	q14 -> q9 [label = "c"];
	q24 -> q11 [label = "b"];
	q24 -> q2 [label = "c"];
	q8 -> q7 [label = "b, c"];
	q29 -> q9 [label = "c"];
	q29 -> q11 [label = "c"];
	q27 -> q13 [label = "b, c"];
	q6 -> q25 [label = "c"];
	q29 -> q8 [label = "c"];
	q29 -> q4 [label = "c"];
	q29 -> q27 [label = "c"];
	q29 -> q2 [label = "c"];
	q27 -> q7 [label = "b, c"];
	q29 -> q1 [label = "c"];
	q24 -> q17 [label = "b"];
	q24 -> q22 [label = "c"];
	q0 -> q15 [label = "a, b"];
	q25 -> q29 [label = "b"];
	q14 -> q7 [label = "b, c"];
	q7 -> q3 [label = "c"];
	q25 -> q27 [label = "a, b"];
	q25 -> q20 [label = "b"];
	q23 -> q15 [label = "c"];
	q25 -> q17 [label = "a, b"];
	q25 -> q13 [label = "b"];
	q14 -> q27 [label = "b"];
	q25 -> q8 [label = "a, b"];
	q29 -> q13 [label = "b, c"];
	q29 -> q28 [label = "c"];
	q6 -> q16 [label = "b, c"];
	q20 -> q15 [label = "c"];
	q25 -> q5 [label = "a, b"];
	q28 -> q8 [label = "b"];
	q25 -> q26 [label = "c"];
	q17 -> q10 [label = "a"];
	q2 -> q4 [label = "c"];
	q14 -> q15 [label = "b, c"];
	q20 -> q29 [label = "c"];
	q28 -> q5 [label = "b"];
	q9 -> q26 [label = "c"];
	q27 -> q16 [label = "b, c"];
	q25 -> q14 [label = "c"];
	q27 -> q25 [label = "c"];
	q14 -> q17 [label = "b, c"];
	q25 -> q6 [label = "c"];
	q6 -> q9 [label = "c"];
	q11 -> q10 [label = "c"];
	q27 -> q22 [label = "c"];
	q9 -> q6 [label = "c"];
	q27 -> q24 [label = "c"];
	q8 -> q10 [label = "a"];
	q29 -> q22 [label = "c"];
	q28 -> q15 [label = "b, c"];
	q24 -> q23 [label = "b"];
	q8 -> q13 [label = "b, c"];
	q29 -> q16 [label = "b, c"];
	q27 -> q2 [label = "c"];
	q1 -> q6 [label = "a"];
	q26 -> q6 [label = "a"];
	q25 -> q7 [label = "b"];
	q27 -> q4 [label = "c"];
	q26 -> q12 [label = "b"];
	q0 -> q5 [label = "b"];
	q25 -> q10 [label = "b, c"];
	q8 -> q29 [label = "c"];
	q27 -> q6 [label = "c"];
	q23 -> q7 [label = "a, b, c"];
	q24 -> q8 [label = "b"];
	q2 -> q23 [label = "b"];
	q26 -> q7 [label = "b, c"];
	q28 -> q10 [label = "b, c"];
	q29 -> q17 [label = "a, c"];
	q18 -> q5 [label = "b"];
	q9 -> q18 [label = "c"];
	q28 -> q12 [label = "b"];
	q28 -> q17 [label = "b"];
	q29 -> q20 [label = "b, c"];
	q9 -> q13 [label = "b"];
	q11 -> q0 [label = "c"];
	q27 -> q9 [label = "c"];
	q29 -> q19 [label = "c"];
	q27 -> q10 [label = "a"];
	q24 -> q14 [label = "c"];
	q29 -> q7 [label = "b, c"];
	q29 -> q0 [label = "a, c"];
	q26 -> q10 [label = "b"];
	q7 -> q22 [label = "c"];
	q26 -> q13 [label = "b, c"];
	q7 -> q1 [label = "c"];
	q19 -> q15 [label = "c"];
	q29 -> q6 [label = "c"];
	q25 -> q11 [label = "b, c"];
	q3 -> q6 [label = "a"];
	q21 -> q8 [label = "b"];
	q28 -> q29 [label = "a, b"];
	q8 -> q20 [label = "b, c"];
	q28 -> q23 [label = "b"];
	q27 -> q28 [label = "a"];
	q29 -> q5 [label = "a, c"];
	q8 -> q6 [label = "c"];
	q26 -> q9 [label = "c"];
	q25 -> q3 [label = "c"];
	q25 -> q1 [label = "c"];
	q25 -> q15 [label = "b, c"];
	q29 -> q26 [label = "c"];
	q14 -> q0 [label = "c"];
	q27 -> q19 [label = "a"];
	q28 -> q18 [label = "c"];
	q21 -> q14 [label = "c"];
	q26 -> q23 [label = "b"];
	q0 -> q11 [label = "a, b"];
	q25 -> q18 [label = "c"];
	q11 -> q9 [label = "a, c"];
	q2 -> q7 [label = "b"];
	q22 -> q27 [label = "b"];
	q29 -> q15 [label = "c"];
	q20 -> q11 [label = "c"];
	q26 -> q27 [label = "b"];
	q9 -> q16 [label = "b"];
	q2 -> q15 [label = "b"];
	q25 -> q19 [label = "b, c"];
	q21 -> q12 [label = "b"];
	q9 -> q20 [label = "b"];
	q23 -> q0 [label = "c"];
	q16 -> q23 [label = "c"];
	q28 -> q7 [label = "a, b"];
	q11 -> q7 [label = "a, b, c"];
	q13 -> q10 [label = "c"];
	q25 -> q22 [label = "c"];
	q28 -> q16 [label = "a, b"];
	q28 -> q19 [label = "b, c"];
	q25 -> q23 [label = "b, c"];
	q29 -> q21 [label = "a, c"];
	q5 -> q6 [label = "c"];
	q4 -> q3 [label = "a"];
	q29 -> q12 [label = "a, c"];
	q27 -> q18 [label = "a"];
	q8 -> q2 [label = "c"];
	q29 -> q29 [label = "c"];
	q0 -> q23 [label = "a, b"];
	q11 -> q17 [label = "c"];
	q26 -> q20 [label = "b"];
	q22 -> q17 [label = "b, c"];
	q25 -> q12 [label = "a, b"];
	q26 -> q25 [label = "c"];
	q26 -> q29 [label = "b"];
	q21 -> q19 [label = "a, b"];
	q6 -> q12 [label = "b, c"];
	q17 -> q16 [label = "b"];
	q24 -> q3 [label = "a"];
	q24 -> q26 [label = "a"];
	q27 -> q15 [label = "a"];
	q23 -> q9 [label = "a, c"];
	q9 -> q23 [label = "b, c"];
	q28 -> q13 [label = "a, b"];
	q12 -> q6 [label = "c"];
	q23 -> q13 [label = "a, b, c"];
	q14 -> q2 [label = "a"];
	q2 -> q1 [label = "a"];
	q23 -> q16 [label = "a, b, c"];
	q0 -> q12 [label = "b"];
	q23 -> q25 [label = "a, c"];
	q7 -> q7 [label = "b"];
	q3 -> q10 [label = "b"];
	q21 -> q5 [label = "b"];
	q21 -> q7 [label = "b"];
	q9 -> q17 [label = "b"];
	q23 -> q5 [label = "c"];
	q24 -> q5 [label = "b"];
	q24 -> q4 [label = "c"];
	q8 -> q16 [label = "b, c"];
	q23 -> q12 [label = "c"];
	q6 -> q21 [label = "c"];
	q24 -> q12 [label = "b"];
	q21 -> q10 [label = "a, b"];
	q7 -> q6 [label = "c"];
	q28 -> q27 [label = "b"];
	q15 -> q18 [label = "c"];
	q6 -> q7 [label = "b, c"];
	q21 -> q11 [label = "a, b"];
	q19 -> q10 [label = "c"];
	q29 -> q23 [label = "c"];
	q2 -> q27 [label = "b"];
	q22 -> q8 [label = "b"];
	q21 -> q13 [label = "b"];
	q17 -> q19 [label = "a"];
	q2 -> q3 [label = "a"];
	q21 -> q16 [label = "b"];
	q29 -> q25 [label = "c"];
	q25 -> q16 [label = "b"];
	q21 -> q27 [label = "b"];
	q9 -> q12 [label = "a, b"];
	q9 -> q3 [label = "c"];
	q28 -> q20 [label = "a, b"];
	q24 -> q13 [label = "b, c"];
	q21 -> q29 [label = "b"];
	q9 -> q15 [label = "b, c"];
	q7 -> q18 [label = "c"];
	q9 -> q5 [label = "a, b"];
	q9 -> q7 [label = "b"];
	q9 -> q8 [label = "a, b"];
	q9 -> q10 [label = "b, c"];
	q5 -> q22 [label = "c"];
	q24 -> q27 [label = "b"];
	q9 -> q19 [label = "b, c"];
	q2 -> q11 [label = "b"];
	q28 -> q11 [label = "b"];
	q9 -> q27 [label = "b"];
	q6 -> q19 [label = "b, c"];
	q14 -> q23 [label = "b"];
	q11 -> q13 [label = "a, b, c"];
	q6 -> q10 [label = "b, c"];
	q15 -> q10 [label = "c"];
	q29 -> q3 [label = "c"];
	q11 -> q20 [label = "b"];
	q21 -> q15 [label = "b"];
	q14 -> q20 [label = "b"];
	q29 -> q18 [label = "c"];
	q13 -> q19 [label = "c"];
	q8 -> q4 [label = "c"];
	q24 -> q24 [label = "c"];
	q8 -> q9 [label = "c"];
	q8 -> q14 [label = "c"];
	q0 -> q19 [label = "a, b"];
	q9 -> q29 [label = "b"];
	q8 -> q24 [label = "c"];
	q15 -> q7 [label = "b"];
	q14 -> q29 [label = "b"];
	q18 -> q19 [label = "b, c"];
	q2 -> q5 [label = "b"];
	q6 -> q5 [label = "b, c"];
	q2 -> q16 [label = "b"];
	q12 -> q10 [label = "a"];
	q2 -> q10 [label = "b"];
	q14 -> q5 [label = "b, c"];
	q16 -> q19 [label = "c"];
	q20 -> q13 [label = "b, c"];
	q2 -> q8 [label = "b"];
	q21 -> q17 [label = "b"];
	q14 -> q8 [label = "b"];
	q14 -> q10 [label = "b, c"];
	q18 -> q20 [label = "a, b"];
	q2 -> q13 [label = "b"];
	q10 -> q13 [label = "a, b"];
	q14 -> q11 [label = "b"];
	q6 -> q13 [label = "b, c"];
	q27 -> q20 [label = "b, c"];
	q14 -> q13 [label = "b, c"];
	q14 -> q16 [label = "b, c"];
	q7 -> q14 [label = "c"];
	q14 -> q19 [label = "b, c"];
	q14 -> q25 [label = "c"];
	q14 -> q28 [label = "c"];
	q8 -> q15 [label = "a"];
	q28 -> q28 [label = "c"];
	q0 -> q10 [label = "a, b"];
	q24 -> q1 [label = "a"];
	q8 -> q18 [label = "a"];
	q14 -> q12 [label = "b, c"];
	q10 -> q7 [label = "b"];
	q24 -> q9 [label = "c"];
	q6 -> q17 [label = "b, c"];
	q22 -> q24 [label = "a"];
	q4 -> q2 [label = "c"];
	q2 -> q12 [label = "b"];
	q2 -> q17 [label = "b"];
	q21 -> q23 [label = "b"];
	q2 -> q19 [label = "b"];
	q5 -> q10 [label = "a"];
	q7 -> q16 [label = "b"];
	q2 -> q29 [label = "b"];
	q29 -> q10 [label = "c"];
	q2 -> q20 [label = "b"];
	q6 -> q0 [label = "c"];
	q9 -> q14 [label = "c"];
	q9 -> q11 [label = "b, c"];
	q6 -> q15 [label = "b, c"];
	q15 -> q15 [label = "c"];
	q14 -> q21 [label = "c"];
	q6 -> q18 [label = "c"];
}
NFA size: 30 states

