Random target AFA:
digraph finite_state_machine {
	rankdir=LR;
	node [shape = circle];
	s0 [shape = point, style = invis, start="true" ];
	s1 [shape = point, style = invis, start="true" ];
	q0 [label = "q0"];
	q1 [label = "q1", shape = doublecircle, final="true" ];
	q2 [label = "q2"];
	q3 [label = "q3", shape = doublecircle, final="true" ];
	q4 [label = "q4"];
	q5 [label = "q5"];
	m0 [label = "", shape = square, style = filled, color=grey, fixedsize=true, width=.2];
	m1 [label = "", shape = square, style = filled, color=grey, fixedsize=true, width=.2];
	m2 [label = "", shape = square, style = filled, color=grey, fixedsize=true, width=.2];
	m3 [label = "", shape = square, style = filled, color=grey, fixedsize=true, width=.2];
	m4 [label = "", shape = square, style = filled, color=grey, fixedsize=true, width=.2];
	m5 [label = "", shape = square, style = filled, color=grey, fixedsize=true, width=.2];
	m6 [label = "", shape = square, style = filled, color=grey, fixedsize=true, width=.2];
	m7 [label = "", shape = square, style = filled, color=grey, fixedsize=true, width=.2];
	m8 [label = "", shape = square, style = filled, color=grey, fixedsize=true, width=.2];
	m9 [label = "", shape = square, style = filled, color=grey, fixedsize=true, width=.2];
	m10 [label = "", shape = square, style = filled, color=grey, fixedsize=true, width=.2];
	s0 -> q2
	s1 -> q1
	q5 -> q3 [label = "b"];
	q5 -> m0 [label = "c"];
	q5 -> q4 [label = "a"];
	q4 -> q3 [label = "a"];
	q2 -> q1 [label = "a"];
	q2 -> m9 [label = "c"];
	q0 -> q1 [label = "b, c"];
	q3 -> m7 [label = "a, c"];
	q0 -> q0 [label = "c"];
	q2 -> q3 [label = "b"];
	q2 -> m2 [label = "b"];
	q0 -> q2 [label = "a"];
	q4 -> m0 [label = "b, c"];
	q0 -> m1 [label = "a, b"];
	q1 -> m3 [label = "b"];
	q5 -> m4 [label = "c"];
	q3 -> q0 [label = "a, b, c"];
	q4 -> q4 [label = "c"];
	q1 -> m5 [label = "a"];
	q1 -> m6 [label = "a"];
	q3 -> q1 [label = "b"];
	q2 -> q4 [label = "c"];
	q1 -> q2 [label = "b"];
	q5 -> q0 [label = "a"];
	q4 -> q0 [label = "a"];
	q1 -> m8 [label = "c"];
	q2 -> m3 [label = "a"];
	q5 -> m10 [label = "b"];
	q1 -> q4 [label = "c"];
	q4 -> q5 [label = "b"];
	m0 -> q1;
	m0 -> q4;
	m1 -> q3;
	m1 -> q5;
	m2 -> q1;
	m2 -> q5;
	m3 -> q0;
	m3 -> q5;
	m4 -> q1;
	m4 -> q2;
	m5 -> q0;
	m5 -> q2;
	m6 -> q2;
	m6 -> q5;
	m7 -> q0;
	m7 -> q1;
	m8 -> q2;
	m8 -> q3;
	m9 -> q3;
	m9 -> q4;
	m10 -> q4;
	m10 -> q5;
}

L* output after 9 EQ and 8041 MQ:
digraph finite_state_machine {
	rankdir=LR;
	node [shape = circle];
	s0 [shape = point, style = invis, start="true" ];
	q0 [label = "q0"];
	q1 [label = "q1", shape = doublecircle, final="true" ];
	q2 [label = "q2"];
	q3 [label = "q3", shape = doublecircle, final="true" ];
	q4 [label = "q4", shape = doublecircle, final="true" ];
	q5 [label = "q5", shape = doublecircle, final="true" ];
	q6 [label = "q6"];
	q7 [label = "q7"];
	q8 [label = "q8"];
	q9 [label = "q9", shape = doublecircle, final="true" ];
	q10 [label = "q10", shape = doublecircle, final="true" ];
	q11 [label = "q11"];
	q12 [label = "q12", shape = doublecircle, final="true" ];
	q13 [label = "q13", shape = doublecircle, final="true" ];
	q14 [label = "q14", shape = doublecircle, final="true" ];
	q15 [label = "q15", shape = doublecircle, final="true" ];
	q16 [label = "q16", shape = doublecircle, final="true" ];
	q17 [label = "q17"];
	q18 [label = "q18", shape = doublecircle, final="true" ];
	q19 [label = "q19"];
	q20 [label = "q20", shape = doublecircle, final="true" ];
	q21 [label = "q21", shape = doublecircle, final="true" ];
	q22 [label = "q22"];
	q23 [label = "q23", shape = doublecircle, final="true" ];
	q24 [label = "q24", shape = doublecircle, final="true" ];
	q25 [label = "q25", shape = doublecircle, final="true" ];
	q26 [label = "q26", shape = doublecircle, final="true" ];
	q27 [label = "q27"];
	q28 [label = "q28", shape = doublecircle, final="true" ];
	q29 [label = "q29", shape = doublecircle, final="true" ];
	q30 [label = "q30", shape = doublecircle, final="true" ];
	q31 [label = "q31", shape = doublecircle, final="true" ];
	q32 [label = "q32"];
	q33 [label = "q33", shape = doublecircle, final="true" ];
	q34 [label = "q34"];
	q35 [label = "q35"];
	q36 [label = "q36", shape = doublecircle, final="true" ];
	q37 [label = "q37", shape = doublecircle, final="true" ];
	q38 [label = "q38", shape = doublecircle, final="true" ];
	q39 [label = "q39"];
	q40 [label = "q40", shape = doublecircle, final="true" ];
	q41 [label = "q41", shape = doublecircle, final="true" ];
	q42 [label = "q42", shape = doublecircle, final="true" ];
	q43 [label = "q43", shape = doublecircle, final="true" ];
	q44 [label = "q44", shape = doublecircle, final="true" ];
	q45 [label = "q45"];
	q46 [label = "q46"];
	q47 [label = "q47", shape = doublecircle, final="true" ];
	q48 [label = "q48", shape = doublecircle, final="true" ];
	q49 [label = "q49", shape = doublecircle, final="true" ];
	q50 [label = "q50", shape = doublecircle, final="true" ];
	q51 [label = "q51", shape = doublecircle, final="true" ];
	q52 [label = "q52", shape = doublecircle, final="true" ];
	q53 [label = "q53", shape = doublecircle, final="true" ];
	q54 [label = "q54"];
	q55 [label = "q55"];
	q56 [label = "q56", shape = doublecircle, final="true" ];
	q57 [label = "q57", shape = doublecircle, final="true" ];
	q58 [label = "q58"];
	q59 [label = "q59", shape = doublecircle, final="true" ];
	q60 [label = "q60", shape = doublecircle, final="true" ];
	s0 -> q18
	q41 -> q37 [label = "c"];
	q43 -> q46 [label = "a"];
	q47 -> q19 [label = "c"];
	q43 -> q33 [label = "b"];
	q44 -> q13 [label = "a"];
	q46 -> q50 [label = "b"];
	q46 -> q44 [label = "c"];
	q40 -> q38 [label = "a"];
	q44 -> q37 [label = "c"];
	q39 -> q53 [label = "a"];
	q37 -> q48 [label = "b"];
	q35 -> q44 [label = "c"];
	q38 -> q38 [label = "a"];
	q36 -> q1 [label = "b"];
	q34 -> q2 [label = "c"];
	q37 -> q13 [label = "a"];
	q33 -> q35 [label = "c"];
	q39 -> q44 [label = "c"];
	q35 -> q13 [label = "a"];
	q37 -> q37 [label = "c"];
	q35 -> q43 [label = "b"];
	q33 -> q41 [label = "a"];
	q38 -> q33 [label = "b"];
	q36 -> q38 [label = "a"];
	q38 -> q37 [label = "c"];
	q34 -> q23 [label = "a"];
	q32 -> q35 [label = "a"];
	q29 -> q15 [label = "b"];
	q34 -> q42 [label = "b"];
	q27 -> q44 [label = "c"];
	q30 -> q45 [label = "a"];
	q31 -> q33 [label = "b"];
	q25 -> q37 [label = "c"];
	q31 -> q35 [label = "c"];
	q18 -> q20 [label = "a"];
	q40 -> q40 [label = "b"];
	q23 -> q16 [label = "b"];
	q50 -> q46 [label = "a"];
	q43 -> q35 [label = "c"];
	q24 -> q15 [label = "b"];
	q19 -> q23 [label = "a"];
	q47 -> q39 [label = "a"];
	q18 -> q19 [label = "c"];
	q54 -> q44 [label = "c"];
	q58 -> q38 [label = "a"];
	q2 -> q2 [label = "c"];
	q19 -> q24 [label = "b"];
	q26 -> q38 [label = "b"];
	q45 -> q44 [label = "c"];
	q22 -> q30 [label = "b"];
	q48 -> q35 [label = "c"];
	q29 -> q53 [label = "a"];
	q23 -> q28 [label = "c"];
	q56 -> q44 [label = "c"];
	q57 -> q40 [label = "b"];
	q22 -> q29 [label = "a"];
	q54 -> q15 [label = "b"];
	q40 -> q37 [label = "c"];
	q51 -> q37 [label = "c"];
	q9 -> q7 [label = "a"];
	q20 -> q21 [label = "b"];
	q49 -> q51 [label = "a"];
	q33 -> q40 [label = "b"];
	q4 -> q27 [label = "c"];
	q60 -> q37 [label = "c"];
	q13 -> q44 [label = "c"];
	q42 -> q35 [label = "a"];
	q11 -> q28 [label = "a"];
	q21 -> q25 [label = "a"];
	q55 -> q1 [label = "b"];
	q31 -> q41 [label = "a"];
	q20 -> q19 [label = "c"];
	q57 -> q54 [label = "a"];
	q21 -> q27 [label = "c"];
	q5 -> q8 [label = "a"];
	q41 -> q53 [label = "a"];
	q30 -> q26 [label = "b"];
	q36 -> q44 [label = "c"];
	q59 -> q38 [label = "b"];
	q26 -> q37 [label = "c"];
	q46 -> q56 [label = "a"];
	q13 -> q59 [label = "b"];
	q9 -> q60 [label = "b"];
	q55 -> q44 [label = "c"];
	q28 -> q37 [label = "c"];
	q15 -> q40 [label = "b"];
	q2 -> q23 [label = "a"];
	q59 -> q17 [label = "a"];
	q51 -> q52 [label = "b"];
	q52 -> q35 [label = "c"];
	q17 -> q44 [label = "c"];
	q11 -> q2 [label = "c"];
	q49 -> q21 [label = "b"];
	q51 -> q56 [label = "a"];
	q56 -> q57 [label = "b"];
	q50 -> q40 [label = "b"];
	q58 -> q1 [label = "b"];
	q57 -> q37 [label = "c"];
	q16 -> q37 [label = "c"];
	q45 -> q36 [label = "a"];
	q32 -> q2 [label = "c"];
	q60 -> q31 [label = "b"];
	q53 -> q15 [label = "b"];
	q54 -> q38 [label = "a"];
	q5 -> q4 [label = "b"];
	q17 -> q38 [label = "a"];
	q49 -> q19 [label = "c"];
	q53 -> q38 [label = "a"];
	q42 -> q34 [label = "c"];
	q52 -> q51 [label = "a"];
	q7 -> q5 [label = "b"];
	q12 -> q19 [label = "c"];
	q52 -> q40 [label = "b"];
	q28 -> q11 [label = "a"];
	q0 -> q10 [label = "b"];
	q1 -> q0 [label = "a"];
	q44 -> q49 [label = "b"];
	q28 -> q14 [label = "b"];
	q55 -> q53 [label = "a"];
	q53 -> q44 [label = "c"];
	q50 -> q35 [label = "c"];
	q16 -> q31 [label = "b"];
	q25 -> q14 [label = "b"];
	q18 -> q21 [label = "b"];
	q4 -> q3 [label = "b"];
	q32 -> q30 [label = "b"];
	q16 -> q17 [label = "a"];
	q29 -> q44 [label = "c"];
	q15 -> q39 [label = "a"];
	q14 -> q41 [label = "a"];
	q59 -> q37 [label = "c"];
	q8 -> q10 [label = "b"];
	q8 -> q54 [label = "a"];
	q47 -> q21 [label = "b"];
	q42 -> q30 [label = "b"];
	q12 -> q21 [label = "b"];
	q0 -> q53 [label = "a"];
	q17 -> q10 [label = "b"];
	q58 -> q44 [label = "c"];
	q10 -> q35 [label = "c"];
	q39 -> q15 [label = "b"];
	q27 -> q13 [label = "a"];
	q7 -> q58 [label = "a"];
	q13 -> q38 [label = "a"];
	q60 -> q58 [label = "a"];
	q7 -> q28 [label = "c"];
	q41 -> q33 [label = "b"];
	q56 -> q38 [label = "a"];
	q9 -> q6 [label = "c"];
	q3 -> q35 [label = "c"];
	q27 -> q12 [label = "b"];
	q6 -> q11 [label = "a"];
	q1 -> q35 [label = "c"];
	q48 -> q51 [label = "a"];
	q3 -> q55 [label = "a"];
	q1 -> q38 [label = "b"];
	q2 -> q32 [label = "b"];
	q20 -> q22 [label = "a"];
	q11 -> q9 [label = "b"];
	q3 -> q38 [label = "b"];
	q5 -> q19 [label = "c"];
	q10 -> q38 [label = "b"];
	q48 -> q33 [label = "b"];
	q4 -> q25 [label = "a"];
	q0 -> q44 [label = "c"];
	q6 -> q44 [label = "c"];
	q21 -> q26 [label = "b"];
	q22 -> q34 [label = "c"];
	q24 -> q35 [label = "a"];
	q6 -> q47 [label = "b"];
	q14 -> q19 [label = "c"];
	q15 -> q35 [label = "c"];
	q14 -> q21 [label = "b"];
	q19 -> q2 [label = "c"];
	q24 -> q27 [label = "c"];
	q12 -> q46 [label = "a"];
	q10 -> q8 [label = "a"];
	q26 -> q58 [label = "a"];
	q45 -> q47 [label = "b"];
	q8 -> q28 [label = "c"];
	q23 -> q17 [label = "a"];
	q30 -> q27 [label = "c"];
	q25 -> q36 [label = "a"];
}
DFA size: 61 states

NL* output after 12 EQ and 4572 MQ:
digraph finite_state_machine {
	rankdir=LR;
	node [shape = circle];
	s0 [shape = point, style = invis, start="true" ];
	q0 [label = "q0"];
	q1 [label = "q1"];
	q2 [label = "q2", shape = doublecircle, final="true" ];
	q3 [label = "q3"];
	q4 [label = "q4"];
	q5 [label = "q5", shape = doublecircle, final="true" ];
	q6 [label = "q6", shape = doublecircle, final="true" ];
	q7 [label = "q7", shape = doublecircle, final="true" ];
	q8 [label = "q8"];
	q9 [label = "q9"];
	q10 [label = "q10", shape = doublecircle, final="true" ];
	q11 [label = "q11", shape = doublecircle, final="true" ];
	q12 [label = "q12"];
	q13 [label = "q13"];
	q14 [label = "q14", shape = doublecircle, final="true" ];
	q15 [label = "q15", shape = doublecircle, final="true" ];
	q16 [label = "q16"];
	q17 [label = "q17"];
	q18 [label = "q18"];
	q19 [label = "q19", shape = doublecircle, final="true" ];
	q20 [label = "q20", shape = doublecircle, final="true" ];
	q21 [label = "q21", shape = doublecircle, final="true" ];
	q22 [label = "q22", shape = doublecircle, final="true" ];
	q23 [label = "q23", shape = doublecircle, final="true" ];
	q24 [label = "q24", shape = doublecircle, final="true" ];
	q25 [label = "q25"];
	s0 -> q11
	q18 -> q18 [label = "c"];
	q18 -> q5 [label = "c"];
	q18 -> q1 [label = "c"];
	q20 -> q21 [label = "b"];
	q18 -> q12 [label = "c"];
	q22 -> q25 [label = "a"];
	q22 -> q22 [label = "a"];
	q22 -> q21 [label = "a"];
	q22 -> q14 [label = "a"];
	q22 -> q10 [label = "a"];
	q4 -> q3 [label = "a"];
	q4 -> q20 [label = "b"];
	q4 -> q0 [label = "a"];
	q0 -> q16 [label = "c"];
	q14 -> q10 [label = "b"];
	q6 -> q24 [label = "b"];
	q2 -> q20 [label = "b"];
	q14 -> q4 [label = "a"];
	q19 -> q18 [label = "a"];
	q6 -> q12 [label = "a, c"];
	q2 -> q17 [label = "a, b"];
	q2 -> q5 [label = "b"];
	q10 -> q8 [label = "a"];
	q25 -> q2 [label = "b"];
	q0 -> q25 [label = "a"];
	q0 -> q17 [label = "a, c"];
	q6 -> q15 [label = "b"];
	q6 -> q1 [label = "a, c"];
	q0 -> q8 [label = "a"];
	q0 -> q4 [label = "a"];
	q0 -> q3 [label = "a"];
	q0 -> q1 [label = "a, c"];
	q25 -> q16 [label = "c"];
	q6 -> q20 [label = "b"];
	q5 -> q12 [label = "c"];
	q0 -> q0 [label = "a"];
	q7 -> q17 [label = "a"];
	q14 -> q25 [label = "a"];
	q20 -> q17 [label = "a"];
	q4 -> q5 [label = "c"];
	q21 -> q5 [label = "a"];
	q6 -> q23 [label = "b"];
	q4 -> q1 [label = "a, c"];
	q6 -> q17 [label = "a, c"];
	q24 -> q9 [label = "c"];
	q25 -> q18 [label = "a, c"];
	q11 -> q9 [label = "c"];
	q0 -> q21 [label = "a"];
	q21 -> q24 [label = "b"];
	q10 -> q3 [label = "b"];
	q16 -> q13 [label = "b"];
	q0 -> q5 [label = "c"];
	q22 -> q11 [label = "a"];
	q4 -> q4 [label = "a"];
	q4 -> q18 [label = "a"];
	q10 -> q2 [label = "b"];
	q8 -> q25 [label = "a"];
	q18 -> q16 [label = "c"];
	q3 -> q1 [label = "a"];
	q1 -> q17 [label = "c"];
	q12 -> q7 [label = "a"];
	q25 -> q25 [label = "a"];
	q8 -> q2 [label = "b"];
	q13 -> q12 [label = "a, c"];
	q10 -> q21 [label = "b"];
	q24 -> q8 [label = "b"];
	q18 -> q25 [label = "a"];
	q17 -> q4 [label = "a"];
	q24 -> q0 [label = "a, b"];
	q14 -> q16 [label = "c"];
	q24 -> q18 [label = "b, c"];
	q25 -> q14 [label = "a"];
	q25 -> q1 [label = "a, c"];
	q14 -> q0 [label = "a"];
	q15 -> q1 [label = "a, b, c"];
	q14 -> q1 [label = "a, c"];
	q8 -> q1 [label = "a"];
	q24 -> q3 [label = "b"];
	q11 -> q21 [label = "b"];
	q14 -> q20 [label = "b"];
	q15 -> q16 [label = "c"];
	q25 -> q22 [label = "a"];
	q12 -> q12 [label = "c"];
	q4 -> q17 [label = "a"];
	q6 -> q2 [label = "b"];
	q25 -> q8 [label = "a"];
	q13 -> q1 [label = "a"];
	q24 -> q10 [label = "b"];
	q4 -> q8 [label = "a"];
	q8 -> q0 [label = "a"];
	q20 -> q12 [label = "c"];
	q24 -> q20 [label = "b"];
	q19 -> q12 [label = "a, c"];
	q14 -> q17 [label = "a, c"];
	q18 -> q20 [label = "b"];
	q25 -> q20 [label = "b"];
	q24 -> q17 [label = "a, b, c"];
	q24 -> q22 [label = "b"];
	q3 -> q12 [label = "c"];
	q8 -> q15 [label = "b"];
	q25 -> q0 [label = "a"];
	q15 -> q23 [label = "b"];
	q23 -> q11 [label = "b"];
	q13 -> q18 [label = "a"];
	q25 -> q3 [label = "a"];
	q21 -> q1 [label = "a, c"];
	q8 -> q8 [label = "a"];
	q25 -> q4 [label = "a"];
	q14 -> q22 [label = "a"];
	q8 -> q4 [label = "a"];
	q14 -> q12 [label = "c"];
	q23 -> q20 [label = "b"];
	q23 -> q21 [label = "b"];
	q17 -> q1 [label = "c"];
	q24 -> q11 [label = "b"];
	q1 -> q10 [label = "b"];
	q24 -> q1 [label = "b, c"];
	q8 -> q18 [label = "a"];
	q10 -> q15 [label = "b"];
	q23 -> q17 [label = "a, b, c"];
	q15 -> q12 [label = "c"];
	q25 -> q17 [label = "a, c"];
	q13 -> q15 [label = "b"];
	q14 -> q18 [label = "a, c"];
	q25 -> q24 [label = "b"];
	q19 -> q9 [label = "a"];
	q22 -> q8 [label = "a"];
	q24 -> q21 [label = "b"];
	q21 -> q23 [label = "b"];
	q23 -> q0 [label = "a, b"];
	q9 -> q19 [label = "b"];
	q0 -> q22 [label = "a"];
	q9 -> q7 [label = "a"];
	q15 -> q5 [label = "b"];
	q17 -> q3 [label = "a"];
	q23 -> q18 [label = "b, c"];
	q14 -> q5 [label = "c"];
	q6 -> q18 [label = "a, c"];
	q14 -> q21 [label = "a"];
	q0 -> q12 [label = "c"];
	q23 -> q25 [label = "a, b"];
	q21 -> q2 [label = "b"];
	q19 -> q2 [label = "b"];
	q9 -> q6 [label = "b"];
	q8 -> q17 [label = "a"];
	q25 -> q21 [label = "a"];
	q5 -> q16 [label = "c"];
	q14 -> q15 [label = "b"];
	q8 -> q12 [label = "c"];
	q11 -> q2 [label = "b"];
	q19 -> q16 [label = "a, c"];
	q21 -> q20 [label = "b"];
	q6 -> q16 [label = "a, c"];
	q11 -> q3 [label = "b"];
	q24 -> q25 [label = "b"];
	q22 -> q2 [label = "b"];
	q23 -> q4 [label = "a, b"];
	q9 -> q13 [label = "b"];
	q5 -> q18 [label = "c"];
	q15 -> q18 [label = "a, c"];
	q24 -> q16 [label = "c"];
	q11 -> q15 [label = "b"];
	q19 -> q17 [label = "a"];
	q4 -> q25 [label = "a"];
	q14 -> q24 [label = "b"];
	q5 -> q1 [label = "c"];
	q22 -> q12 [label = "c"];
	q5 -> q5 [label = "c"];
	q5 -> q9 [label = "c"];
	q7 -> q5 [label = "b, c"];
	q5 -> q17 [label = "c"];
	q5 -> q10 [label = "b"];
	q5 -> q20 [label = "b, c"];
	q0 -> q20 [label = "b"];
	q1 -> q3 [label = "a"];
	q22 -> q1 [label = "a, c"];
	q8 -> q14 [label = "a"];
	q3 -> q2 [label = "b"];
	q19 -> q15 [label = "b"];
	q7 -> q1 [label = "b, c"];
	q6 -> q10 [label = "b"];
	q1 -> q20 [label = "b"];
	q3 -> q5 [label = "a"];
	q18 -> q10 [label = "b"];
	q7 -> q20 [label = "b"];
	q5 -> q3 [label = "a, b"];
	q1 -> q1 [label = "c"];
	q1 -> q5 [label = "c"];
	q1 -> q16 [label = "c"];
	q23 -> q10 [label = "b"];
	q1 -> q18 [label = "c"];
	q23 -> q9 [label = "c"];
	q6 -> q9 [label = "a"];
	q7 -> q0 [label = "a"];
	q7 -> q3 [label = "a"];
	q5 -> q8 [label = "b"];
	q14 -> q23 [label = "b"];
	q5 -> q11 [label = "b"];
	q9 -> q12 [label = "c"];
	q22 -> q20 [label = "a, b"];
	q13 -> q9 [label = "a"];
	q17 -> q25 [label = "a"];
	q13 -> q16 [label = "a"];
	q12 -> q13 [label = "b"];
	q11 -> q10 [label = "a"];
	q13 -> q17 [label = "a"];
	q15 -> q2 [label = "b"];
	q15 -> q7 [label = "b"];
	q15 -> q20 [label = "b"];
	q20 -> q3 [label = "b"];
	q22 -> q18 [label = "a, c"];
	q4 -> q2 [label = "b"];
	q22 -> q24 [label = "b"];
	q25 -> q5 [label = "c"];
	q15 -> q24 [label = "b"];
	q15 -> q17 [label = "a, b, c"];
	q10 -> q9 [label = "c"];
	q0 -> q2 [label = "b"];
	q24 -> q14 [label = "b"];
	q10 -> q16 [label = "c"];
	q0 -> q18 [label = "a, c"];
	q14 -> q3 [label = "a"];
	q22 -> q5 [label = "a, c"];
	q2 -> q1 [label = "b, c"];
	q14 -> q2 [label = "b"];
	q23 -> q16 [label = "c"];
	q16 -> q19 [label = "b"];
	q21 -> q17 [label = "a, c"];
	q14 -> q8 [label = "a"];
	q18 -> q4 [label = "a"];
	q10 -> q12 [label = "c"];
	q14 -> q14 [label = "a"];
	q11 -> q12 [label = "c"];
	q11 -> q16 [label = "c"];
	q13 -> q2 [label = "b"];
	q20 -> q9 [label = "c"];
	q22 -> q4 [label = "a"];
	q20 -> q16 [label = "c"];
	q16 -> q7 [label = "a"];
	q22 -> q16 [label = "c"];
	q25 -> q12 [label = "c"];
	q22 -> q17 [label = "a, c"];
	q18 -> q3 [label = "a"];
	q18 -> q0 [label = "a"];
	q18 -> q17 [label = "a, c"];
	q18 -> q22 [label = "a"];
	q20 -> q4 [label = "a"];
	q0 -> q14 [label = "a"];
	q16 -> q12 [label = "c"];
	q1 -> q12 [label = "c"];
	q17 -> q20 [label = "b"];
	q7 -> q4 [label = "a"];
	q21 -> q16 [label = "c"];
	q21 -> q18 [label = "a, c"];
	q17 -> q0 [label = "a"];
	q17 -> q17 [label = "a"];
	q21 -> q12 [label = "c"];
	q23 -> q1 [label = "b, c"];
	q22 -> q0 [label = "a"];
	q24 -> q12 [label = "c"];
	q23 -> q12 [label = "c"];
	q19 -> q1 [label = "a"];
	q23 -> q3 [label = "b"];
	q8 -> q16 [label = "c"];
	q24 -> q4 [label = "a, b"];
	q24 -> q5 [label = "b"];
	q23 -> q5 [label = "b"];
	q23 -> q8 [label = "b"];
	q23 -> q14 [label = "b"];
	q17 -> q5 [label = "c"];
	q23 -> q22 [label = "b"];
	q22 -> q3 [label = "a"];
}
NFA size: 26 states

AL* output after 16 EQ and 2247 MQ:
digraph finite_state_machine {
	rankdir=LR;
	node [shape = circle];
	s0 [shape = point, style = invis, start="true" ];
	s1 [shape = point, style = invis, start="true" ];
	q0 [label = "q0", shape = doublecircle, final="true" ];
	q1 [label = "q1", shape = doublecircle, final="true" ];
	q2 [label = "q2", shape = doublecircle, final="true" ];
	q3 [label = "q3"];
	q4 [label = "q4"];
	q5 [label = "q5"];
	q6 [label = "q6", shape = doublecircle, final="true" ];
	q7 [label = "q7", shape = doublecircle, final="true" ];
	q8 [label = "q8", shape = doublecircle, final="true" ];
	q9 [label = "q9"];
	m0 [label = "", shape = square, style = filled, color=grey, fixedsize=true, width=.2];
	m1 [label = "", shape = square, style = filled, color=grey, fixedsize=true, width=.2];
	m2 [label = "", shape = square, style = filled, color=grey, fixedsize=true, width=.2];
	m3 [label = "", shape = square, style = filled, color=grey, fixedsize=true, width=.2];
	m4 [label = "", shape = square, style = filled, color=grey, fixedsize=true, width=.2];
	m5 [label = "", shape = square, style = filled, color=grey, fixedsize=true, width=.2];
	m6 [label = "", shape = square, style = filled, color=grey, fixedsize=true, width=.2];
	m7 [label = "", shape = square, style = filled, color=grey, fixedsize=true, width=.2];
	m8 [label = "", shape = square, style = filled, color=grey, fixedsize=true, width=.2];
	m9 [label = "", shape = square, style = filled, color=grey, fixedsize=true, width=.2];
	m10 [label = "", shape = square, style = filled, color=grey, fixedsize=true, width=.2];
	m11 [label = "", shape = square, style = filled, color=grey, fixedsize=true, width=.2];
	m12 [label = "", shape = square, style = filled, color=grey, fixedsize=true, width=.2];
	s0 -> m0
	s1 -> m1
	q9 -> m2 [label = "a"];
	q3 -> m10 [label = "b"];
	q0 -> m2 [label = "a, b, c"];
	q7 -> m9 [label = "c"];
	q7 -> m5 [label = "b"];
	q3 -> m2 [label = "a"];
	q7 -> m2 [label = "a, b, c"];
	q8 -> m2 [label = "c"];
	q4 -> m9 [label = "a"];
	q6 -> q5 [label = "c"];
	q8 -> m7 [label = "b"];
	q7 -> m1 [label = "b"];
	q2 -> q5 [label = "c"];
	q2 -> m0 [label = "b"];
	q1 -> m4 [label = "a, b"];
	q3 -> m7 [label = "b"];
	q1 -> m1 [label = "b, c"];
	q1 -> m2 [label = "a, b, c"];
	q5 -> m2 [label = "a"];
	q9 -> q5 [label = "c"];
	q6 -> m8 [label = "a"];
	q5 -> q3 [label = "b"];
	q8 -> m1 [label = "b, c"];
	q9 -> m11 [label = "b"];
	q0 -> q5 [label = "c"];
	q5 -> m6 [label = "a"];
	q8 -> m5 [label = "c"];
	q3 -> m6 [label = "b"];
	q2 -> m5 [label = "c"];
	q7 -> m3 [label = "a, b"];
	q8 -> m4 [label = "a, b"];
	q7 -> m4 [label = "a, b"];
	q4 -> m2 [label = "a, c"];
	q2 -> m8 [label = "a"];
	q6 -> m0 [label = "b"];
	q1 -> m5 [label = "b"];
	q0 -> m1 [label = "a, b"];
	q9 -> m1 [label = "a"];
	q6 -> m7 [label = "a, b"];
	q5 -> q5 [label = "c"];
	q9 -> m6 [label = "b"];
	q3 -> q5 [label = "a, c"];
	q3 -> m5 [label = "a"];
	q8 -> q5 [label = "c"];
	q6 -> m11 [label = "b"];
	q2 -> m2 [label = "a, b, c"];
	q6 -> m1 [label = "a"];
	q3 -> m11 [label = "b"];
	q1 -> m0 [label = "a"];
	q6 -> m5 [label = "c"];
	q4 -> m0 [label = "a"];
	q4 -> m6 [label = "b"];
	q4 -> m4 [label = "a"];
	q2 -> m4 [label = "a, b"];
	q4 -> m1 [label = "b, c"];
	q0 -> m6 [label = "b"];
	q0 -> m3 [label = "b"];
	q3 -> m8 [label = "b"];
	q0 -> m12 [label = "a"];
	q2 -> m1 [label = "b"];
	q6 -> m6 [label = "b"];
	q0 -> m4 [label = "a"];
	q8 -> m0 [label = "a, b"];
	m0 -> q0;
	m0 -> q6;
	m0 -> q9;
	m1 -> q2;
	m1 -> q6;
	m1 -> q8;
	m2 -> q1;
	m2 -> q4;
	m2 -> q8;
	m3 -> q0;
	m3 -> q3;
	m3 -> q4;
	m3 -> q5;
	m3 -> q6;
	m3 -> q9;
	m4 -> q0;
	m4 -> q1;
	m4 -> q2;
	m4 -> q3;
	m4 -> q4;
	m4 -> q5;
	m4 -> q7;
	m4 -> q9;
	m5 -> q0;
	m5 -> q1;
	m5 -> q2;
	m5 -> q3;
	m5 -> q4;
	m5 -> q6;
	m5 -> q7;
	m5 -> q9;
	m6 -> q0;
	m6 -> q1;
	m6 -> q2;
	m6 -> q7;
	m7 -> q0;
	m7 -> q1;
	m7 -> q3;
	m7 -> q4;
	m7 -> q8;
	m8 -> q0;
	m8 -> q3;
	m8 -> q4;
	m8 -> q6;
	m8 -> q9;
	m9 -> q2;
	m9 -> q3;
	m9 -> q5;
	m9 -> q6;
	m9 -> q8;
	m10 -> q0;
	m10 -> q2;
	m10 -> q3;
	m10 -> q5;
	m10 -> q6;
	m10 -> q8;
	m10 -> q9;
	m11 -> q0;
	m11 -> q2;
	m11 -> q3;
	m11 -> q5;
	m11 -> q6;
	m11 -> q7;
	m11 -> q8;
	m12 -> q0;
	m12 -> q5;
	m12 -> q6;
	m12 -> q9;
}
AFA size: 10 states

