Random target AFA:
digraph finite_state_machine {
	rankdir=LR;
	node [shape = circle];
	s0 [shape = point, style = invis, start="true" ];
	s1 [shape = point, style = invis, start="true" ];
	q0 [label = "q0"];
	q1 [label = "q1"];
	q2 [label = "q2", shape = doublecircle, final="true" ];
	q3 [label = "q3", shape = doublecircle, final="true" ];
	q4 [label = "q4"];
	q5 [label = "q5"];
	m0 [label = "", shape = square, style = filled, color=grey, fixedsize=true, width=.2];
	m1 [label = "", shape = square, style = filled, color=grey, fixedsize=true, width=.2];
	m2 [label = "", shape = square, style = filled, color=grey, fixedsize=true, width=.2];
	m3 [label = "", shape = square, style = filled, color=grey, fixedsize=true, width=.2];
	m4 [label = "", shape = square, style = filled, color=grey, fixedsize=true, width=.2];
	m5 [label = "", shape = square, style = filled, color=grey, fixedsize=true, width=.2];
	m6 [label = "", shape = square, style = filled, color=grey, fixedsize=true, width=.2];
	m7 [label = "", shape = square, style = filled, color=grey, fixedsize=true, width=.2];
	m8 [label = "", shape = square, style = filled, color=grey, fixedsize=true, width=.2];
	m9 [label = "", shape = square, style = filled, color=grey, fixedsize=true, width=.2];
	s0 -> q1
	s1 -> q0
	q3 -> q4 [label = "c"];
	q2 -> q0 [label = "c"];
	q3 -> q2 [label = "a"];
	q1 -> q3 [label = "b"];
	q3 -> m7 [label = "b"];
	q1 -> m6 [label = "a"];
	q4 -> m0 [label = "c"];
	q4 -> q2 [label = "c"];
	q5 -> q1 [label = "b"];
	q0 -> q5 [label = "a, b, c"];
	q0 -> m1 [label = "a"];
	q4 -> q4 [label = "a, b"];
	q2 -> m2 [label = "b"];
	q2 -> q4 [label = "b"];
	q1 -> m7 [label = "c"];
	q3 -> q0 [label = "b, c"];
	q4 -> m5 [label = "a"];
	q0 -> q3 [label = "b"];
	q2 -> m9 [label = "c"];
	q5 -> q2 [label = "a"];
	q2 -> m3 [label = "a"];
	q4 -> m8 [label = "b"];
	q5 -> q4 [label = "a, c"];
	q2 -> m4 [label = "a"];
	q0 -> q1 [label = "c"];
	q1 -> q2 [label = "a, b, c"];
	q5 -> q0 [label = "c"];
	m0 -> q1;
	m0 -> q4;
	m1 -> q0;
	m1 -> q2;
	m2 -> q0;
	m2 -> q1;
	m3 -> q1;
	m3 -> q2;
	m4 -> q1;
	m4 -> q5;
	m5 -> q1;
	m5 -> q3;
	m6 -> q4;
	m6 -> q5;
	m7 -> q2;
	m7 -> q3;
	m8 -> q2;
	m8 -> q5;
	m9 -> q0;
	m9 -> q4;
}

L* output after 12 EQ and 8422 MQ:
digraph finite_state_machine {
	rankdir=LR;
	node [shape = circle];
	s0 [shape = point, style = invis, start="true" ];
	q0 [label = "q0", shape = doublecircle, final="true" ];
	q1 [label = "q1", shape = doublecircle, final="true" ];
	q2 [label = "q2", shape = doublecircle, final="true" ];
	q3 [label = "q3", shape = doublecircle, final="true" ];
	q4 [label = "q4"];
	q5 [label = "q5", shape = doublecircle, final="true" ];
	q6 [label = "q6"];
	q7 [label = "q7", shape = doublecircle, final="true" ];
	q8 [label = "q8"];
	q9 [label = "q9", shape = doublecircle, final="true" ];
	q10 [label = "q10"];
	q11 [label = "q11", shape = doublecircle, final="true" ];
	q12 [label = "q12"];
	q13 [label = "q13", shape = doublecircle, final="true" ];
	q14 [label = "q14"];
	q15 [label = "q15", shape = doublecircle, final="true" ];
	q16 [label = "q16", shape = doublecircle, final="true" ];
	q17 [label = "q17", shape = doublecircle, final="true" ];
	q18 [label = "q18", shape = doublecircle, final="true" ];
	q19 [label = "q19", shape = doublecircle, final="true" ];
	q20 [label = "q20", shape = doublecircle, final="true" ];
	q21 [label = "q21", shape = doublecircle, final="true" ];
	q22 [label = "q22"];
	q23 [label = "q23"];
	q24 [label = "q24", shape = doublecircle, final="true" ];
	q25 [label = "q25", shape = doublecircle, final="true" ];
	q26 [label = "q26", shape = doublecircle, final="true" ];
	q27 [label = "q27"];
	q28 [label = "q28"];
	q29 [label = "q29", shape = doublecircle, final="true" ];
	q30 [label = "q30", shape = doublecircle, final="true" ];
	q31 [label = "q31", shape = doublecircle, final="true" ];
	q32 [label = "q32", shape = doublecircle, final="true" ];
	q33 [label = "q33"];
	q34 [label = "q34"];
	q35 [label = "q35", shape = doublecircle, final="true" ];
	q36 [label = "q36", shape = doublecircle, final="true" ];
	q37 [label = "q37", shape = doublecircle, final="true" ];
	q38 [label = "q38", shape = doublecircle, final="true" ];
	q39 [label = "q39"];
	q40 [label = "q40"];
	q41 [label = "q41"];
	q42 [label = "q42"];
	q43 [label = "q43"];
	q44 [label = "q44"];
	q45 [label = "q45", shape = doublecircle, final="true" ];
	q46 [label = "q46", shape = doublecircle, final="true" ];
	q47 [label = "q47"];
	q48 [label = "q48"];
	q49 [label = "q49", shape = doublecircle, final="true" ];
	s0 -> q33
	q41 -> q25 [label = "c"];
	q43 -> q44 [label = "b"];
	q45 -> q37 [label = "c"];
	q40 -> q38 [label = "c"];
	q40 -> q2 [label = "b"];
	q46 -> q22 [label = "b"];
	q46 -> q37 [label = "c"];
	q40 -> q41 [label = "a"];
	q42 -> q36 [label = "b"];
	q44 -> q24 [label = "c"];
	q39 -> q11 [label = "a"];
	q38 -> q11 [label = "a"];
	q15 -> q16 [label = "b"];
	q20 -> q19 [label = "c"];
	q5 -> q19 [label = "c"];
	q6 -> q5 [label = "b"];
	q23 -> q46 [label = "a"];
	q1 -> q48 [label = "a"];
	q16 -> q16 [label = "b"];
	q3 -> q45 [label = "a"];
	q28 -> q24 [label = "c"];
	q5 -> q18 [label = "a"];
	q2 -> q46 [label = "a"];
	q1 -> q19 [label = "c"];
	q15 -> q25 [label = "c"];
	q27 -> q9 [label = "b"];
	q7 -> q13 [label = "a"];
	q45 -> q18 [label = "a"];
	q29 -> q42 [label = "b"];
	q5 -> q36 [label = "b"];
	q13 -> q18 [label = "a"];
	q15 -> q29 [label = "a"];
	q16 -> q7 [label = "c"];
	q7 -> q36 [label = "b"];
	q12 -> q10 [label = "c"];
	q10 -> q30 [label = "c"];
	q12 -> q44 [label = "b"];
	q11 -> q25 [label = "c"];
	q18 -> q5 [label = "b"];
	q42 -> q37 [label = "c"];
	q46 -> q18 [label = "a"];
	q41 -> q42 [label = "b"];
	q14 -> q25 [label = "c"];
	q38 -> q36 [label = "b"];
	q4 -> q29 [label = "a"];
	q16 -> q13 [label = "a"];
	q43 -> q27 [label = "c"];
	q18 -> q18 [label = "a"];
	q24 -> q21 [label = "c"];
	q48 -> q49 [label = "b"];
	q44 -> q46 [label = "a"];
	q0 -> q19 [label = "c"];
	q48 -> q37 [label = "c"];
	q49 -> q19 [label = "c"];
	q2 -> q25 [label = "c"];
	q10 -> q4 [label = "a"];
	q33 -> q31 [label = "b"];
	q22 -> q48 [label = "a"];
	q14 -> q18 [label = "a"];
	q0 -> q45 [label = "a"];
	q3 -> q16 [label = "b"];
	q33 -> q32 [label = "a"];
	q22 -> q37 [label = "c"];
	q9 -> q45 [label = "a"];
	q36 -> q25 [label = "c"];
	q3 -> q25 [label = "c"];
	q8 -> q0 [label = "b"];
	q44 -> q17 [label = "b"];
	q4 -> q27 [label = "c"];
	q49 -> q6 [label = "a"];
	q19 -> q41 [label = "a"];
	q4 -> q28 [label = "b"];
	q30 -> q25 [label = "c"];
	q7 -> q7 [label = "c"];
	q47 -> q45 [label = "a"];
	q35 -> q3 [label = "b"];
	q19 -> q3 [label = "b"];
	q26 -> q13 [label = "a"];
	q13 -> q5 [label = "b"];
	q21 -> q39 [label = "c"];
	q49 -> q3 [label = "b"];
	q39 -> q15 [label = "b"];
	q23 -> q34 [label = "c"];
	q22 -> q3 [label = "b"];
	q10 -> q9 [label = "b"];
	q36 -> q18 [label = "a"];
	q20 -> q6 [label = "a"];
	q35 -> q40 [label = "c"];
	q14 -> q5 [label = "b"];
	q42 -> q45 [label = "a"];
	q37 -> q4 [label = "a"];
	q48 -> q18 [label = "a"];
	q47 -> q20 [label = "b"];
	q21 -> q3 [label = "b"];
	q31 -> q26 [label = "b"];
	q47 -> q24 [label = "c"];
	q17 -> q25 [label = "b, c"];
	q6 -> q37 [label = "c"];
	q12 -> q29 [label = "a"];
	q8 -> q37 [label = "c"];
	q25 -> q14 [label = "a"];
	q13 -> q25 [label = "c"];
	q38 -> q7 [label = "c"];
	q17 -> q18 [label = "a"];
	q11 -> q42 [label = "b"];
	q11 -> q18 [label = "a"];
	q9 -> q26 [label = "b"];
	q23 -> q47 [label = "b"];
	q8 -> q48 [label = "a"];
	q39 -> q7 [label = "c"];
	q43 -> q29 [label = "a"];
	q21 -> q43 [label = "a"];
	q26 -> q36 [label = "b"];
	q45 -> q49 [label = "b"];
	q24 -> q22 [label = "b"];
	q29 -> q37 [label = "c"];
	q28 -> q45 [label = "a"];
	q25 -> q38 [label = "c"];
	q32 -> q27 [label = "c"];
	q30 -> q36 [label = "b"];
	q25 -> q3 [label = "b"];
	q1 -> q3 [label = "b"];
	q34 -> q8 [label = "b"];
	q27 -> q14 [label = "a"];
	q29 -> q18 [label = "a"];
	q24 -> q23 [label = "a"];
	q26 -> q38 [label = "c"];
	q2 -> q16 [label = "b"];
	q28 -> q17 [label = "b"];
	q18 -> q37 [label = "c"];
	q0 -> q36 [label = "b"];
	q32 -> q29 [label = "a"];
	q36 -> q16 [label = "b"];
	q30 -> q29 [label = "a"];
	q41 -> q18 [label = "a"];
	q27 -> q30 [label = "c"];
	q9 -> q25 [label = "c"];
	q31 -> q29 [label = "a"];
	q20 -> q1 [label = "b"];
	q32 -> q28 [label = "b"];
	q19 -> q38 [label = "c"];
	q34 -> q23 [label = "a"];
	q31 -> q27 [label = "c"];
	q37 -> q38 [label = "c"];
	q35 -> q12 [label = "a"];
	q6 -> q18 [label = "a"];
	q33 -> q30 [label = "c"];
	q37 -> q3 [label = "b"];
	q34 -> q35 [label = "c"];
}
DFA size: 50 states

NL* output after 14 EQ and 4309 MQ:
digraph finite_state_machine {
	rankdir=LR;
	node [shape = circle];
	s0 [shape = point, style = invis, start="true" ];
	q0 [label = "q0"];
	q1 [label = "q1"];
	q2 [label = "q2"];
	q3 [label = "q3"];
	q4 [label = "q4", shape = doublecircle, final="true" ];
	q5 [label = "q5", shape = doublecircle, final="true" ];
	q6 [label = "q6", shape = doublecircle, final="true" ];
	q7 [label = "q7"];
	q8 [label = "q8", shape = doublecircle, final="true" ];
	q9 [label = "q9"];
	q10 [label = "q10"];
	q11 [label = "q11", shape = doublecircle, final="true" ];
	q12 [label = "q12"];
	q13 [label = "q13"];
	q14 [label = "q14", shape = doublecircle, final="true" ];
	q15 [label = "q15"];
	q16 [label = "q16", shape = doublecircle, final="true" ];
	q17 [label = "q17"];
	q18 [label = "q18", shape = doublecircle, final="true" ];
	q19 [label = "q19"];
	q20 [label = "q20"];
	q21 [label = "q21"];
	q22 [label = "q22", shape = doublecircle, final="true" ];
	q23 [label = "q23", shape = doublecircle, final="true" ];
	q24 [label = "q24", shape = doublecircle, final="true" ];
	s0 -> q9
	q18 -> q21 [label = "c"];
	q18 -> q12 [label = "c"];
	q18 -> q11 [label = "c"];
	q20 -> q17 [label = "b"];
	q23 -> q20 [label = "b"];
	q23 -> q19 [label = "b"];
	q23 -> q17 [label = "b"];
	q23 -> q15 [label = "b"];
	q23 -> q8 [label = "b"];
	q23 -> q2 [label = "b"];
	q23 -> q0 [label = "b"];
	q19 -> q6 [label = "a"];
	q17 -> q18 [label = "b"];
	q19 -> q19 [label = "a"];
	q23 -> q24 [label = "b, c"];
	q23 -> q21 [label = "b, c"];
	q23 -> q18 [label = "b, c"];
	q23 -> q11 [label = "b, c"];
	q23 -> q7 [label = "b, c"];
	q23 -> q3 [label = "b, c"];
	q7 -> q8 [label = "c"];
	q3 -> q20 [label = "b"];
	q3 -> q17 [label = "a, b"];
	q5 -> q4 [label = "b"];
	q1 -> q17 [label = "a, b"];
	q1 -> q15 [label = "a"];
	q1 -> q10 [label = "a, c"];
	q24 -> q11 [label = "c"];
	q3 -> q24 [label = "b"];
	q7 -> q1 [label = "a, b"];
	q5 -> q7 [label = "b, c"];
	q0 -> q21 [label = "c"];
	q18 -> q2 [label = "a"];
	q7 -> q19 [label = "a, c"];
	q4 -> q23 [label = "b"];
	q2 -> q6 [label = "a"];
	q24 -> q23 [label = "b"];
	q4 -> q9 [label = "c"];
	q0 -> q2 [label = "a, b"];
	q4 -> q19 [label = "a, c"];
	q14 -> q3 [label = "b, c"];
	q14 -> q2 [label = "a"];
	q23 -> q16 [label = "a, b"];
	q4 -> q22 [label = "b"];
	q4 -> q17 [label = "b"];
	q12 -> q6 [label = "c"];
	q3 -> q10 [label = "a, c"];
	q8 -> q6 [label = "a"];
	q4 -> q12 [label = "c"];
	q3 -> q23 [label = "b"];
	q16 -> q4 [label = "c"];
	q8 -> q20 [label = "b"];
	q13 -> q17 [label = "a, b"];
	q18 -> q24 [label = "b"];
	q12 -> q4 [label = "c"];
	q14 -> q10 [label = "a, b, c"];
	q12 -> q9 [label = "c"];
	q18 -> q4 [label = "c"];
	q12 -> q0 [label = "a, c"];
	q15 -> q6 [label = "a, b, c"];
	q12 -> q21 [label = "c"];
	q7 -> q22 [label = "b"];
	q4 -> q1 [label = "b"];
	q8 -> q21 [label = "c"];
	q16 -> q1 [label = "a, b"];
	q12 -> q20 [label = "b, c"];
	q3 -> q4 [label = "c"];
	q14 -> q12 [label = "b, c"];
	q23 -> q5 [label = "b"];
	q8 -> q16 [label = "a"];
	q24 -> q4 [label = "c"];
	q6 -> q4 [label = "c"];
	q12 -> q19 [label = "a, c"];
	q6 -> q2 [label = "a"];
	q0 -> q16 [label = "a"];
	q14 -> q11 [label = "b, c"];
	q14 -> q6 [label = "a, b, c"];
	q2 -> q17 [label = "b"];
	q9 -> q0 [label = "a, b, c"];
	q0 -> q19 [label = "a"];
	q14 -> q4 [label = "b, c"];
	q23 -> q14 [label = "b"];
	q24 -> q15 [label = "a"];
	q0 -> q6 [label = "a"];
	q9 -> q19 [label = "a, b, c"];
	q9 -> q10 [label = "c"];
	q16 -> q10 [label = "a, c"];
	q18 -> q15 [label = "a"];
	q0 -> q10 [label = "a, c"];
	q15 -> q1 [label = "a, b"];
	q15 -> q17 [label = "a"];
	q12 -> q12 [label = "c"];
	q13 -> q3 [label = "b, c"];
	q18 -> q10 [label = "a, c"];
	q7 -> q20 [label = "c"];
	q1 -> q21 [label = "c"];
	q12 -> q23 [label = "b"];
	q21 -> q22 [label = "b"];
	q7 -> q2 [label = "a, b, c"];
	q8 -> q10 [label = "a, c"];
	q2 -> q16 [label = "a"];
	q12 -> q10 [label = "a, c"];
	q11 -> q3 [label = "b"];
	q22 -> q2 [label = "b"];
	q12 -> q13 [label = "a"];
	q19 -> q10 [label = "a, c"];
	q13 -> q16 [label = "a"];
	q21 -> q11 [label = "c"];
	q6 -> q11 [label = "c"];
	q21 -> q8 [label = "c"];
	q3 -> q6 [label = "c"];
	q14 -> q1 [label = "a, b, c"];
	q13 -> q18 [label = "c"];
	q21 -> q1 [label = "b"];
	q8 -> q19 [label = "a"];
	q14 -> q21 [label = "b, c"];
	q15 -> q15 [label = "a"];
	q8 -> q7 [label = "c"];
	q24 -> q2 [label = "b"];
	q11 -> q23 [label = "b"];
	q8 -> q17 [label = "b"];
	q5 -> q16 [label = "a, b"];
	q11 -> q2 [label = "b"];
	q5 -> q2 [label = "a, b"];
	q23 -> q1 [label = "b, c"];
	q9 -> q20 [label = "c"];
	q11 -> q17 [label = "b"];
	q9 -> q8 [label = "a, b, c"];
	q13 -> q2 [label = "a, b"];
	q9 -> q2 [label = "a, b, c"];
	q24 -> q17 [label = "a, b"];
	q24 -> q22 [label = "b"];
	q12 -> q11 [label = "c"];
	q24 -> q6 [label = "c"];
	q15 -> q2 [label = "a"];
	q24 -> q10 [label = "a, c"];
	q9 -> q11 [label = "c"];
	q11 -> q19 [label = "a"];
	q23 -> q10 [label = "a, b, c"];
	q3 -> q1 [label = "b"];
	q13 -> q24 [label = "c"];
	q14 -> q16 [label = "a"];
	q21 -> q17 [label = "b"];
	q16 -> q19 [label = "a"];
	q24 -> q21 [label = "c"];
	q10 -> q2 [label = "a"];
	q19 -> q21 [label = "c"];
	q16 -> q2 [label = "a"];
	q18 -> q17 [label = "a"];
	q23 -> q13 [label = "b"];
	q15 -> q11 [label = "b, c"];
	q14 -> q24 [label = "b, c"];
	q14 -> q7 [label = "b, c"];
	q5 -> q1 [label = "b"];
	q22 -> q12 [label = "b, c"];
	q13 -> q1 [label = "a, b, c"];
	q8 -> q2 [label = "a, b"];
	q13 -> q12 [label = "c"];
	q21 -> q2 [label = "a, b, c"];
	q19 -> q2 [label = "a, b"];
	q15 -> q4 [label = "c"];
	q1 -> q20 [label = "b"];
	q15 -> q10 [label = "a, b, c"];
	q22 -> q6 [label = "a, b, c"];
	q13 -> q6 [label = "a, c"];
	q24 -> q20 [label = "b"];
	q3 -> q3 [label = "b"];
	q15 -> q21 [label = "c"];
	q9 -> q6 [label = "c"];
	q11 -> q22 [label = "b"];
	q7 -> q0 [label = "a, c"];
	q11 -> q1 [label = "b"];
	q5 -> q19 [label = "a, b"];
	q5 -> q10 [label = "a, b, c"];
	q5 -> q17 [label = "b"];
	q24 -> q1 [label = "b"];
	q22 -> q20 [label = "b"];
	q1 -> q11 [label = "c"];
	q21 -> q19 [label = "a, c"];
	q13 -> q4 [label = "c"];
	q10 -> q11 [label = "c"];
	q11 -> q20 [label = "b"];
	q15 -> q16 [label = "a"];
	q18 -> q6 [label = "c"];
	q13 -> q10 [label = "a, c"];
	q5 -> q21 [label = "b, c"];
	q23 -> q23 [label = "b"];
	q9 -> q5 [label = "b"];
	q11 -> q24 [label = "b"];
	q12 -> q2 [label = "a, b, c"];
	q13 -> q7 [label = "c"];
	q13 -> q11 [label = "c"];
	q4 -> q0 [label = "a, c"];
	q2 -> q10 [label = "a, c"];
	q13 -> q21 [label = "c"];
	q24 -> q24 [label = "b"];
	q5 -> q20 [label = "b"];
	q6 -> q3 [label = "b"];
	q0 -> q7 [label = "c"];
	q0 -> q20 [label = "b"];
	q1 -> q3 [label = "b"];
	q7 -> q10 [label = "a, c"];
	q7 -> q11 [label = "c"];
	q1 -> q1 [label = "b"];
	q10 -> q1 [label = "b"];
	q1 -> q2 [label = "b"];
	q6 -> q1 [label = "b"];
	q1 -> q24 [label = "b"];
	q21 -> q6 [label = "c"];
	q3 -> q15 [label = "a"];
	q7 -> q17 [label = "a, b"];
	q23 -> q9 [label = "b"];
	q1 -> q4 [label = "c"];
	q1 -> q6 [label = "c"];
	q5 -> q6 [label = "a, b"];
	q4 -> q3 [label = "b"];
	q20 -> q14 [label = "b"];
	q4 -> q20 [label = "b"];
	q4 -> q24 [label = "b"];
	q7 -> q13 [label = "a"];
	q7 -> q15 [label = "a"];
	q5 -> q3 [label = "b"];
	q5 -> q9 [label = "b"];
	q5 -> q12 [label = "b"];
	q5 -> q15 [label = "b"];
	q22 -> q11 [label = "b, c"];
	q5 -> q18 [label = "b"];
	q5 -> q24 [label = "b"];
	q3 -> q11 [label = "c"];
	q3 -> q21 [label = "c"];
	q14 -> q18 [label = "b, c"];
	q13 -> q15 [label = "a"];
	q13 -> q19 [label = "a"];
	q5 -> q11 [label = "b"];
	q15 -> q3 [label = "b"];
	q12 -> q8 [label = "c"];
	q7 -> q6 [label = "c"];
	q15 -> q18 [label = "b"];
	q23 -> q12 [label = "b, c"];
	q24 -> q12 [label = "c"];
	q23 -> q6 [label = "a, b, c"];
	q21 -> q10 [label = "c"];
	q20 -> q15 [label = "b"];
	q15 -> q24 [label = "b"];
	q14 -> q17 [label = "a"];
	q16 -> q6 [label = "a, c"];
	q24 -> q3 [label = "b"];
	q17 -> q16 [label = "a"];
	q14 -> q19 [label = "a"];
	q11 -> q12 [label = "c"];
	q20 -> q10 [label = "a, b, c"];
	q13 -> q20 [label = "b"];
	q15 -> q19 [label = "a"];
	q20 -> q6 [label = "a, b, c"];
	q3 -> q22 [label = "b"];
	q16 -> q15 [label = "a"];
	q16 -> q16 [label = "a"];
	q16 -> q17 [label = "a"];
	q18 -> q1 [label = "a, b"];
	q18 -> q3 [label = "b"];
	q3 -> q2 [label = "b"];
	q22 -> q1 [label = "b, c"];
	q23 -> q22 [label = "b"];
	q22 -> q3 [label = "b, c"];
	q20 -> q16 [label = "a, b"];
	q22 -> q4 [label = "b, c"];
	q22 -> q7 [label = "b, c"];
	q22 -> q10 [label = "a, b, c"];
	q22 -> q18 [label = "b, c"];
	q4 -> q2 [label = "b"];
	q22 -> q24 [label = "b, c"];
	q22 -> q21 [label = "b, c"];
	q16 -> q3 [label = "b"];
	q17 -> q17 [label = "a"];
	q20 -> q18 [label = "b"];
	q18 -> q19 [label = "a"];
	q22 -> q15 [label = "a, b"];
	q22 -> q16 [label = "a, b"];
	q22 -> q17 [label = "a, b"];
	q14 -> q15 [label = "a"];
	q17 -> q10 [label = "a, b, c"];
	q22 -> q19 [label = "b"];
	q16 -> q11 [label = "c"];
	q22 -> q9 [label = "b"];
	q16 -> q21 [label = "c"];
	q21 -> q0 [label = "a, c"];
	q19 -> q16 [label = "a"];
	q21 -> q20 [label = "c"];
	q17 -> q6 [label = "a, b, c"];
	q23 -> q4 [label = "b, c"];
	q17 -> q15 [label = "a"];
	q19 -> q20 [label = "b"];
}
NFA size: 25 states

AL* output after 14 EQ and 2110 MQ:
digraph finite_state_machine {
	rankdir=LR;
	node [shape = circle];
	s0 [shape = point, style = invis, start="true" ];
	s1 [shape = point, style = invis, start="true" ];
	s2 [shape = point, style = invis, start="true" ];
	q0 [label = "q0", shape = doublecircle, final="true" ];
	q1 [label = "q1", shape = doublecircle, final="true" ];
	q2 [label = "q2"];
	q3 [label = "q3", shape = doublecircle, final="true" ];
	q4 [label = "q4", shape = doublecircle, final="true" ];
	q5 [label = "q5"];
	q6 [label = "q6", shape = doublecircle, final="true" ];
	q7 [label = "q7"];
	q8 [label = "q8", shape = doublecircle, final="true" ];
	q9 [label = "q9", shape = doublecircle, final="true" ];
	q10 [label = "q10"];
	m0 [label = "", shape = square, style = filled, color=grey, fixedsize=true, width=.2];
	m1 [label = "", shape = square, style = filled, color=grey, fixedsize=true, width=.2];
	m2 [label = "", shape = square, style = filled, color=grey, fixedsize=true, width=.2];
	m3 [label = "", shape = square, style = filled, color=grey, fixedsize=true, width=.2];
	m4 [label = "", shape = square, style = filled, color=grey, fixedsize=true, width=.2];
	m5 [label = "", shape = square, style = filled, color=grey, fixedsize=true, width=.2];
	m6 [label = "", shape = square, style = filled, color=grey, fixedsize=true, width=.2];
	m7 [label = "", shape = square, style = filled, color=grey, fixedsize=true, width=.2];
	m8 [label = "", shape = square, style = filled, color=grey, fixedsize=true, width=.2];
	m9 [label = "", shape = square, style = filled, color=grey, fixedsize=true, width=.2];
	m10 [label = "", shape = square, style = filled, color=grey, fixedsize=true, width=.2];
	m11 [label = "", shape = square, style = filled, color=grey, fixedsize=true, width=.2];
	m12 [label = "", shape = square, style = filled, color=grey, fixedsize=true, width=.2];
	m13 [label = "", shape = square, style = filled, color=grey, fixedsize=true, width=.2];
	s0 -> m0
	s1 -> m1
	s2 -> m2
	q9 -> m2 [label = "b"];
	q9 -> m9 [label = "b"];
	q9 -> m6 [label = "a"];
	q9 -> m10 [label = "a"];
	q9 -> m4 [label = "a"];
	q8 -> m2 [label = "c"];
	q8 -> m1 [label = "c"];
	q8 -> m0 [label = "c"];
	q8 -> m3 [label = "b"];
	q10 -> m7 [label = "a"];
	q10 -> m6 [label = "a"];
	q10 -> m10 [label = "a"];
	q8 -> m7 [label = "a"];
	q8 -> m6 [label = "a"];
	q10 -> m12 [label = "b"];
	q9 -> m7 [label = "a"];
	q10 -> m11 [label = "b"];
	q10 -> m9 [label = "b"];
	q0 -> m10 [label = "a"];
	q6 -> m11 [label = "a"];
	q4 -> m2 [label = "a, b"];
	q7 -> m4 [label = "a, c"];
	q10 -> m0 [label = "b"];
	q6 -> m3 [label = "b"];
	q2 -> m9 [label = "c"];
	q2 -> m8 [label = "a, c"];
	q6 -> m12 [label = "a"];
	q7 -> m3 [label = "a, b"];
	q5 -> m9 [label = "c"];
	q6 -> m10 [label = "a"];
	q2 -> m4 [label = "c"];
	q4 -> m3 [label = "a, b, c"];
	q4 -> m7 [label = "a"];
	q3 -> m3 [label = "a, b, c"];
	q2 -> m0 [label = "c"];
	q1 -> m6 [label = "a"];
	q2 -> m2 [label = "a, c"];
	q1 -> m7 [label = "a"];
	q10 -> m3 [label = "a, c"];
	q1 -> m13 [label = "b"];
	q0 -> m4 [label = "a, b"];
	q6 -> m6 [label = "a"];
	q8 -> m9 [label = "b"];
	q7 -> m7 [label = "a, b, c"];
	q6 -> m4 [label = "c"];
	q0 -> m6 [label = "a"];
	q4 -> m1 [label = "b, c"];
	q9 -> m1 [label = "c"];
	q5 -> m5 [label = "b"];
	q1 -> m4 [label = "a, c"];
	q2 -> m7 [label = "a, c"];
	q5 -> m2 [label = "c"];
	q0 -> m7 [label = "a"];
	q0 -> m1 [label = "b, c"];
	q3 -> m1 [label = "b, c"];
	q3 -> m4 [label = "a, b, c"];
	q5 -> m7 [label = "a, b, c"];
	q7 -> m0 [label = "c"];
	q7 -> m2 [label = "a"];
	q8 -> m5 [label = "b"];
	q5 -> m6 [label = "a, b"];
	q5 -> m8 [label = "a, c"];
	q3 -> m2 [label = "a"];
	q9 -> m3 [label = "a, b, c"];
	q1 -> m3 [label = "a, b"];
	q1 -> m0 [label = "c"];
	q5 -> m4 [label = "a, c"];
	q7 -> m5 [label = "b"];
	q1 -> m1 [label = "c"];
	q3 -> m7 [label = "a"];
	q6 -> m13 [label = "b"];
	q1 -> m9 [label = "b"];
	q10 -> m4 [label = "a"];
	q1 -> m2 [label = "a, b"];
	q10 -> m1 [label = "c"];
	q5 -> m0 [label = "c"];
	q0 -> m3 [label = "a, b, c"];
	q8 -> m8 [label = "a, c"];
	q4 -> m4 [label = "a, b, c"];
	q6 -> m9 [label = "b"];
	q2 -> m5 [label = "b"];
	q3 -> m6 [label = "a"];
	q2 -> m6 [label = "a, b"];
	q10 -> m2 [label = "b"];
	q2 -> m3 [label = "a, b"];
	q0 -> m2 [label = "b"];
	q6 -> m1 [label = "c"];
	m0 -> q1;
	m0 -> q2;
	m0 -> q3;
	m0 -> q4;
	m0 -> q5;
	m0 -> q6;
	m0 -> q7;
	m1 -> q2;
	m1 -> q5;
	m1 -> q8;
	m2 -> q0;
	m2 -> q3;
	m2 -> q4;
	m2 -> q5;
	m2 -> q7;
	m3 -> q1;
	m3 -> q2;
	m3 -> q3;
	m3 -> q4;
	m3 -> q7;
	m4 -> q0;
	m4 -> q1;
	m4 -> q3;
	m4 -> q4;
	m4 -> q6;
	m4 -> q8;
	m4 -> q9;
	m5 -> q0;
	m5 -> q3;
	m5 -> q4;
	m6 -> q0;
	m6 -> q1;
	m6 -> q2;
	m6 -> q4;
	m6 -> q5;
	m6 -> q7;
	m6 -> q8;
	m6 -> q9;
	m6 -> q10;
	m7 -> q0;
	m7 -> q1;
	m7 -> q2;
	m7 -> q3;
	m7 -> q5;
	m7 -> q6;
	m7 -> q8;
	m7 -> q9;
	m7 -> q10;
	m8 -> q0;
	m8 -> q3;
	m8 -> q4;
	m8 -> q9;
	m8 -> q10;
	m9 -> q2;
	m9 -> q5;
	m9 -> q7;
	m9 -> q8;
	m10 -> q0;
	m10 -> q1;
	m10 -> q3;
	m10 -> q4;
	m10 -> q5;
	m10 -> q7;
	m10 -> q9;
	m10 -> q10;
	m11 -> q0;
	m11 -> q1;
	m11 -> q2;
	m11 -> q3;
	m11 -> q4;
	m11 -> q7;
	m11 -> q9;
	m11 -> q10;
	m12 -> q0;
	m12 -> q1;
	m12 -> q2;
	m12 -> q3;
	m12 -> q4;
	m12 -> q6;
	m12 -> q7;
	m12 -> q8;
	m12 -> q9;
	m13 -> q0;
	m13 -> q1;
	m13 -> q3;
	m13 -> q4;
	m13 -> q6;
	m13 -> q8;
	m13 -> q9;
	m13 -> q10;
}
AFA size: 11 states

