Random target AFA:
digraph finite_state_machine {
	rankdir=LR;
	node [shape = circle];
	s0 [shape = point, style = invis, start="true" ];
	s1 [shape = point, style = invis, start="true" ];
	q0 [label = "q0"];
	q1 [label = "q1"];
	q2 [label = "q2"];
	q3 [label = "q3"];
	q4 [label = "q4", shape = doublecircle, final="true" ];
	q5 [label = "q5"];
	m0 [label = "", shape = square, style = filled, color=grey, fixedsize=true, width=.2];
	m1 [label = "", shape = square, style = filled, color=grey, fixedsize=true, width=.2];
	m2 [label = "", shape = square, style = filled, color=grey, fixedsize=true, width=.2];
	m3 [label = "", shape = square, style = filled, color=grey, fixedsize=true, width=.2];
	m4 [label = "", shape = square, style = filled, color=grey, fixedsize=true, width=.2];
	s0 -> q0
	s1 -> q2
	q3 -> q3 [label = "c"];
	q5 -> q4 [label = "c"];
	q5 -> m0 [label = "b"];
	q0 -> m0 [label = "c"];
	q2 -> q2 [label = "a"];
	q1 -> q2 [label = "a, b"];
	q5 -> q0 [label = "a"];
	q4 -> q5 [label = "a, b"];
	q1 -> q0 [label = "a, b"];
	q4 -> q0 [label = "a"];
	q4 -> q2 [label = "b"];
	q0 -> q1 [label = "b"];
	q0 -> q0 [label = "b"];
	q4 -> q1 [label = "c"];
	q2 -> q4 [label = "b"];
	q2 -> q3 [label = "a, b"];
	q0 -> q3 [label = "a, c"];
	q5 -> q1 [label = "b"];
	q4 -> q3 [label = "c"];
	q3 -> m1 [label = "b"];
	q5 -> m1 [label = "c"];
	q3 -> m2 [label = "a"];
	q3 -> q4 [label = "b"];
	q3 -> q2 [label = "c"];
	q3 -> q5 [label = "a"];
	q5 -> m3 [label = "a"];
	q1 -> q5 [label = "c"];
	q1 -> m4 [label = "c"];
	q2 -> q0 [label = "c"];
	q2 -> m1 [label = "c"];
	m0 -> q2;
	m0 -> q3;
	m1 -> q3;
	m1 -> q4;
	m2 -> q3;
	m2 -> q5;
	m3 -> q2;
	m3 -> q5;
	m4 -> q1;
	m4 -> q5;
}

L* output after 6 EQ and 2166 MQ:
digraph finite_state_machine {
	rankdir=LR;
	node [shape = circle];
	s0 [shape = point, style = invis, start="true" ];
	q0 [label = "q0", shape = doublecircle, final="true" ];
	q1 [label = "q1"];
	q2 [label = "q2"];
	q3 [label = "q3", shape = doublecircle, final="true" ];
	q4 [label = "q4"];
	q5 [label = "q5"];
	q6 [label = "q6"];
	q7 [label = "q7"];
	q8 [label = "q8", shape = doublecircle, final="true" ];
	q9 [label = "q9", shape = doublecircle, final="true" ];
	q10 [label = "q10"];
	q11 [label = "q11"];
	q12 [label = "q12", shape = doublecircle, final="true" ];
	q13 [label = "q13"];
	q14 [label = "q14", shape = doublecircle, final="true" ];
	q15 [label = "q15", shape = doublecircle, final="true" ];
	q16 [label = "q16"];
	q17 [label = "q17", shape = doublecircle, final="true" ];
	q18 [label = "q18"];
	q19 [label = "q19"];
	q20 [label = "q20"];
	q21 [label = "q21"];
	q22 [label = "q22"];
	q23 [label = "q23"];
	q24 [label = "q24", shape = doublecircle, final="true" ];
	q25 [label = "q25", shape = doublecircle, final="true" ];
	q26 [label = "q26"];
	q27 [label = "q27", shape = doublecircle, final="true" ];
	q28 [label = "q28"];
	q29 [label = "q29"];
	s0 -> q13
	q18 -> q15 [label = "c"];
	q20 -> q17 [label = "b"];
	q22 -> q23 [label = "a"];
	q21 -> q20 [label = "a"];
	q23 -> q17 [label = "b"];
	q17 -> q15 [label = "b"];
	q23 -> q24 [label = "c"];
	q19 -> q12 [label = "b"];
	q22 -> q12 [label = "b"];
	q18 -> q19 [label = "a"];
	q22 -> q28 [label = "c"];
	q16 -> q10 [label = "a, c"];
	q20 -> q14 [label = "c"];
	q15 -> q10 [label = "a"];
	q13 -> q12 [label = "b"];
	q14 -> q10 [label = "a"];
	q10 -> q14 [label = "c"];
	q21 -> q21 [label = "c"];
	q15 -> q9 [label = "b"];
	q13 -> q11 [label = "a"];
	q9 -> q10 [label = "a"];
	q17 -> q1 [label = "c"];
	q17 -> q19 [label = "a"];
	q8 -> q16 [label = "c"];
	q15 -> q12 [label = "c"];
	q11 -> q20 [label = "a"];
	q16 -> q14 [label = "b"];
	q9 -> q9 [label = "b, c"];
	q19 -> q27 [label = "c"];
	q21 -> q12 [label = "b"];
	q24 -> q26 [label = "c"];
	q26 -> q12 [label = "b"];
	q24 -> q15 [label = "b"];
	q7 -> q5 [label = "b"];
	q12 -> q9 [label = "b"];
	q29 -> q12 [label = "b"];
	q11 -> q21 [label = "c"];
	q23 -> q29 [label = "a"];
	q26 -> q10 [label = "a, c"];
	q12 -> q10 [label = "a"];
	q8 -> q15 [label = "b"];
	q5 -> q21 [label = "a"];
	q24 -> q10 [label = "a"];
	q11 -> q8 [label = "b"];
	q1 -> q10 [label = "a"];
	q6 -> q4 [label = "a"];
	q18 -> q12 [label = "b"];
	q27 -> q16 [label = "c"];
	q6 -> q11 [label = "c"];
	q25 -> q29 [label = "a"];
	q28 -> q21 [label = "c"];
	q4 -> q17 [label = "b"];
	q29 -> q29 [label = "a"];
	q25 -> q0 [label = "c"];
	q4 -> q24 [label = "c"];
	q25 -> q9 [label = "b"];
	q19 -> q21 [label = "a"];
	q5 -> q12 [label = "b"];
	q27 -> q29 [label = "a"];
	q1 -> q15 [label = "c"];
	q13 -> q6 [label = "c"];
	q14 -> q26 [label = "c"];
	q29 -> q24 [label = "c"];
	q6 -> q3 [label = "b"];
	q14 -> q9 [label = "b"];
	q4 -> q7 [label = "a"];
	q28 -> q20 [label = "a"];
	q28 -> q14 [label = "b"];
	q7 -> q22 [label = "a"];
	q10 -> q10 [label = "a"];
	q0 -> q15 [label = "b"];
	q8 -> q7 [label = "a"];
	q10 -> q12 [label = "b"];
	q27 -> q9 [label = "b"];
	q12 -> q1 [label = "c"];
	q2 -> q12 [label = "b"];
	q2 -> q21 [label = "a"];
	q3 -> q10 [label = "a"];
	q0 -> q1 [label = "c"];
	q5 -> q23 [label = "c"];
	q0 -> q10 [label = "a"];
	q3 -> q2 [label = "b"];
	q7 -> q8 [label = "c"];
	q1 -> q12 [label = "b"];
	q2 -> q25 [label = "c"];
	q20 -> q10 [label = "a"];
	q3 -> q18 [label = "c"];
}
DFA size: 30 states

NL* output after 9 EQ and 1433 MQ:
digraph finite_state_machine {
	rankdir=LR;
	node [shape = circle];
	s0 [shape = point, style = invis, start="true" ];
	q0 [label = "q0"];
	q1 [label = "q1"];
	q2 [label = "q2"];
	q3 [label = "q3"];
	q4 [label = "q4"];
	q5 [label = "q5", shape = doublecircle, final="true" ];
	q6 [label = "q6"];
	q7 [label = "q7"];
	q8 [label = "q8"];
	q9 [label = "q9"];
	q10 [label = "q10", shape = doublecircle, final="true" ];
	q11 [label = "q11", shape = doublecircle, final="true" ];
	q12 [label = "q12"];
	q13 [label = "q13"];
	s0 -> q3
	q9 -> q6 [label = "a"];
	q8 -> q1 [label = "c"];
	q8 -> q13 [label = "b"];
	q8 -> q11 [label = "b"];
	q8 -> q8 [label = "b"];
	q8 -> q5 [label = "b"];
	q10 -> q7 [label = "a"];
	q8 -> q10 [label = "b"];
	q10 -> q4 [label = "a"];
	q10 -> q0 [label = "a"];
	q8 -> q4 [label = "a, b"];
	q8 -> q2 [label = "a, b"];
	q8 -> q0 [label = "a, b"];
	q10 -> q8 [label = "b"];
	q10 -> q3 [label = "a, b"];
	q12 -> q9 [label = "c"];
	q12 -> q6 [label = "a, c"];
	q4 -> q3 [label = "c"];
	q4 -> q2 [label = "c"];
	q4 -> q0 [label = "c"];
	q0 -> q9 [label = "a"];
	q2 -> q11 [label = "b"];
	q4 -> q7 [label = "c"];
	q2 -> q8 [label = "b"];
	q2 -> q7 [label = "b"];
	q2 -> q5 [label = "b"];
	q2 -> q3 [label = "b"];
	q2 -> q2 [label = "b"];
	q10 -> q2 [label = "a"];
	q0 -> q5 [label = "b"];
	q2 -> q9 [label = "a"];
	q2 -> q1 [label = "a"];
	q0 -> q4 [label = "a, b, c"];
	q0 -> q3 [label = "b, c"];
	q2 -> q13 [label = "b"];
	q0 -> q2 [label = "b, c"];
	q0 -> q0 [label = "b, c"];
	q4 -> q4 [label = "a, c"];
	q4 -> q1 [label = "a"];
	q0 -> q1 [label = "a"];
	q0 -> q7 [label = "b, c"];
	q5 -> q13 [label = "c"];
	q1 -> q9 [label = "a"];
	q2 -> q10 [label = "b"];
	q1 -> q7 [label = "a"];
	q1 -> q6 [label = "a"];
	q3 -> q13 [label = "b"];
	q3 -> q11 [label = "b"];
	q3 -> q10 [label = "b"];
	q3 -> q8 [label = "b"];
	q3 -> q3 [label = "b"];
	q4 -> q9 [label = "a"];
	q10 -> q9 [label = "a, c"];
	q9 -> q5 [label = "b, c"];
	q12 -> q11 [label = "b"];
	q12 -> q10 [label = "b"];
	q12 -> q7 [label = "b, c"];
	q6 -> q5 [label = "c"];
	q12 -> q4 [label = "b, c"];
	q12 -> q5 [label = "b, c"];
	q12 -> q8 [label = "b"];
	q6 -> q8 [label = "b"];
	q5 -> q9 [label = "b"];
	q8 -> q3 [label = "a, b"];
	q11 -> q8 [label = "c"];
	q12 -> q13 [label = "b"];
	q13 -> q5 [label = "b"];
	q11 -> q0 [label = "b, c"];
	q13 -> q3 [label = "a, b, c"];
	q3 -> q0 [label = "b"];
	q12 -> q2 [label = "b, c"];
	q2 -> q0 [label = "b, c"];
	q13 -> q4 [label = "a, b, c"];
	q8 -> q9 [label = "c"];
	q12 -> q1 [label = "c"];
	q10 -> q12 [label = "c"];
	q11 -> q1 [label = "b, c"];
	q3 -> q4 [label = "a, b"];
	q9 -> q4 [label = "c"];
	q13 -> q7 [label = "a, b, c"];
	q11 -> q13 [label = "c"];
	q11 -> q4 [label = "b, c"];
	q10 -> q1 [label = "a"];
	q3 -> q7 [label = "b, c"];
	q11 -> q7 [label = "b, c"];
	q5 -> q3 [label = "b"];
	q3 -> q2 [label = "b"];
	q12 -> q0 [label = "b, c"];
	q11 -> q9 [label = "b, c"];
	q9 -> q0 [label = "c"];
	q11 -> q5 [label = "b"];
	q13 -> q0 [label = "a, b, c"];
	q11 -> q3 [label = "a, b, c"];
	q13 -> q1 [label = "a, c"];
	q5 -> q2 [label = "b"];
	q1 -> q11 [label = "b"];
	q8 -> q7 [label = "a, b"];
	q1 -> q0 [label = "c"];
	q13 -> q9 [label = "a, c"];
	q5 -> q0 [label = "b, c"];
	q1 -> q1 [label = "a"];
	q4 -> q5 [label = "b"];
	q5 -> q1 [label = "b"];
	q5 -> q4 [label = "b, c"];
	q13 -> q2 [label = "a, b, c"];
	q11 -> q12 [label = "c"];
	q5 -> q5 [label = "b"];
	q11 -> q2 [label = "b, c"];
	q5 -> q6 [label = "a, b"];
	q3 -> q5 [label = "b"];
	q5 -> q7 [label = "b"];
	q13 -> q6 [label = "a, c"];
	q7 -> q9 [label = "a"];
	q2 -> q4 [label = "b, c"];
	q9 -> q11 [label = "b"];
	q6 -> q2 [label = "a"];
	q10 -> q6 [label = "a, b"];
	q7 -> q4 [label = "c"];
	q12 -> q3 [label = "a, b, c"];
	q6 -> q7 [label = "a"];
	q1 -> q2 [label = "a"];
	q1 -> q4 [label = "c"];
	q11 -> q6 [label = "a, b, c"];
	q7 -> q10 [label = "b"];
	q1 -> q5 [label = "b, c"];
}
NFA size: 14 states

AL* output after 8 EQ and 737 MQ:
digraph finite_state_machine {
	rankdir=LR;
	node [shape = circle];
	s0 [shape = point, style = invis, start="true" ];
	s1 [shape = point, style = invis, start="true" ];
	s2 [shape = point, style = invis, start="true" ];
	s3 [shape = point, style = invis, start="true" ];
	s4 [shape = point, style = invis, start="true" ];
	s5 [shape = point, style = invis, start="true" ];
	q0 [label = "q0"];
	q1 [label = "q1", shape = doublecircle, final="true" ];
	q2 [label = "q2"];
	q3 [label = "q3"];
	q4 [label = "q4", shape = doublecircle, final="true" ];
	q5 [label = "q5"];
	q6 [label = "q6", shape = doublecircle, final="true" ];
	q7 [label = "q7"];
	q8 [label = "q8"];
	m0 [label = "", shape = square, style = filled, color=grey, fixedsize=true, width=.2];
	m1 [label = "", shape = square, style = filled, color=grey, fixedsize=true, width=.2];
	m2 [label = "", shape = square, style = filled, color=grey, fixedsize=true, width=.2];
	m3 [label = "", shape = square, style = filled, color=grey, fixedsize=true, width=.2];
	m4 [label = "", shape = square, style = filled, color=grey, fixedsize=true, width=.2];
	m5 [label = "", shape = square, style = filled, color=grey, fixedsize=true, width=.2];
	m6 [label = "", shape = square, style = filled, color=grey, fixedsize=true, width=.2];
	m7 [label = "", shape = square, style = filled, color=grey, fixedsize=true, width=.2];
	m8 [label = "", shape = square, style = filled, color=grey, fixedsize=true, width=.2];
	m9 [label = "", shape = square, style = filled, color=grey, fixedsize=true, width=.2];
	s0 -> m0
	s1 -> m1
	s2 -> m2
	s3 -> m3
	s4 -> m4
	s5 -> m5
	q3 -> m5 [label = "c"];
	q3 -> m4 [label = "c"];
	q3 -> m3 [label = "c"];
	q5 -> m7 [label = "b"];
	q5 -> m3 [label = "b"];
	q7 -> m4 [label = "a"];
	q7 -> m2 [label = "a"];
	q6 -> m5 [label = "a"];
	q1 -> m4 [label = "c"];
	q1 -> m9 [label = "c"];
	q7 -> m7 [label = "b"];
	q3 -> m2 [label = "a, c"];
	q6 -> m7 [label = "c"];
	q2 -> m8 [label = "c"];
	q6 -> m0 [label = "a, b, c"];
	q4 -> m2 [label = "a"];
	q1 -> m8 [label = "a, b"];
	q1 -> m1 [label = "a, b, c"];
	q2 -> m9 [label = "a, c"];
	q2 -> m3 [label = "a, b"];
	q8 -> m1 [label = "a, c"];
	q0 -> m5 [label = "a"];
	q5 -> m6 [label = "b"];
	q5 -> m8 [label = "a"];
	q7 -> m6 [label = "b"];
	q8 -> m5 [label = "a"];
	q3 -> m8 [label = "a"];
	q6 -> m1 [label = "a, b, c"];
	q0 -> m9 [label = "a"];
	q2 -> m0 [label = "a, b, c"];
	q1 -> m6 [label = "b"];
	q0 -> m3 [label = "a, b"];
	q4 -> m7 [label = "b, c"];
	q2 -> m4 [label = "a"];
	q6 -> m8 [label = "a, b, c"];
	q3 -> m9 [label = "a, c"];
	q8 -> m2 [label = "c"];
	q7 -> m1 [label = "a, b, c"];
	q5 -> m1 [label = "b, c"];
	q8 -> m6 [label = "b, c"];
	q8 -> m7 [label = "b"];
	q4 -> m0 [label = "a, b, c"];
	q1 -> m7 [label = "c"];
	q4 -> m9 [label = "a, c"];
	q4 -> m8 [label = "a, b, c"];
	q6 -> m9 [label = "c"];
	q8 -> m8 [label = "a"];
	q1 -> m0 [label = "b, c"];
	q0 -> m0 [label = "a, b, c"];
	q7 -> m0 [label = "a, b, c"];
	q2 -> m2 [label = "a"];
	q3 -> m6 [label = "b"];
	q2 -> m6 [label = "b"];
	q2 -> m5 [label = "a"];
	q5 -> m0 [label = "a, c"];
	q2 -> m1 [label = "a, b, c"];
	q0 -> m4 [label = "a"];
	q6 -> m6 [label = "b"];
	q6 -> m2 [label = "a, b"];
	q4 -> m1 [label = "a, b"];
	q0 -> m6 [label = "c"];
	q4 -> m5 [label = "a"];
	q5 -> m9 [label = "a, c"];
	q7 -> m3 [label = "b, c"];
	q2 -> m7 [label = "b"];
	q5 -> m2 [label = "c"];
	q5 -> m4 [label = "c"];
	q8 -> m0 [label = "b, c"];
	q3 -> m0 [label = "a, b, c"];
	q7 -> m9 [label = "a, c"];
	q7 -> m5 [label = "c"];
	q1 -> m2 [label = "b"];
	q0 -> m1 [label = "a, b"];
	q0 -> m7 [label = "b"];
	q1 -> m5 [label = "a"];
	q3 -> m1 [label = "a, c"];
	m0 -> q1;
	m0 -> q2;
	m0 -> q3;
	m0 -> q5;
	m0 -> q6;
	m0 -> q7;
	m0 -> q8;
	m1 -> q0;
	m1 -> q2;
	m1 -> q3;
	m1 -> q4;
	m1 -> q5;
	m1 -> q7;
	m2 -> q2;
	m2 -> q3;
	m2 -> q4;
	m2 -> q6;
	m2 -> q7;
	m3 -> q0;
	m3 -> q2;
	m3 -> q4;
	m3 -> q5;
	m3 -> q7;
	m3 -> q8;
	m4 -> q0;
	m4 -> q1;
	m4 -> q3;
	m4 -> q4;
	m4 -> q6;
	m4 -> q7;
	m4 -> q8;
	m5 -> q0;
	m5 -> q1;
	m5 -> q2;
	m5 -> q4;
	m5 -> q5;
	m5 -> q6;
	m5 -> q7;
	m6 -> q1;
	m6 -> q4;
	m6 -> q6;
	m7 -> q2;
	m7 -> q4;
	m7 -> q6;
	m8 -> q0;
	m8 -> q8;
	m9 -> q1;
	m9 -> q3;
	m9 -> q4;
	m9 -> q5;
	m9 -> q6;
	m9 -> q8;
}
AFA size: 9 states

