Random target AFA:
digraph finite_state_machine {
	rankdir=LR;
	node [shape = circle];
	s0 [shape = point, style = invis, start="true" ];
	s1 [shape = point, style = invis, start="true" ];
	q0 [label = "q0"];
	q1 [label = "q1", shape = doublecircle, final="true" ];
	q2 [label = "q2"];
	q3 [label = "q3"];
	q4 [label = "q4"];
	q5 [label = "q5"];
	m0 [label = "", shape = square, style = filled, color=grey, fixedsize=true, width=.2];
	m1 [label = "", shape = square, style = filled, color=grey, fixedsize=true, width=.2];
	m2 [label = "", shape = square, style = filled, color=grey, fixedsize=true, width=.2];
	s0 -> q2
	s1 -> q2
	q3 -> q3 [label = "c"];
	q1 -> q0 [label = "b"];
	q1 -> q1 [label = "b, c"];
	q3 -> q0 [label = "b"];
	q2 -> q4 [label = "c"];
	q3 -> q1 [label = "a, b"];
	q5 -> q1 [label = "b"];
	q4 -> m1 [label = "b"];
	q1 -> q4 [label = "a"];
	q1 -> q2 [label = "a"];
	q0 -> q0 [label = "a, c"];
	q1 -> q5 [label = "c"];
	q0 -> m1 [label = "b"];
	q0 -> m2 [label = "c"];
	q4 -> q4 [label = "c"];
	q4 -> m2 [label = "a"];
	q5 -> q4 [label = "b, c"];
	q0 -> q4 [label = "a"];
	q2 -> q5 [label = "a, b"];
	q2 -> q1 [label = "b"];
	q0 -> m0 [label = "b"];
	q3 -> q2 [label = "a, c"];
	q4 -> q0 [label = "a, b, c"];
	q5 -> q5 [label = "a, c"];
	q2 -> q0 [label = "a, c"];
	m0 -> q2;
	m0 -> q5;
	m1 -> q3;
	m1 -> q5;
	m2 -> q3;
	m2 -> q4;
}

L* output after 3 EQ and 159 MQ:
digraph finite_state_machine {
	rankdir=LR;
	node [shape = circle];
	s0 [shape = point, style = invis, start="true" ];
	q0 [label = "q0"];
	q1 [label = "q1", shape = doublecircle, final="true" ];
	q2 [label = "q2", shape = doublecircle, final="true" ];
	q3 [label = "q3"];
	q4 [label = "q4"];
	q5 [label = "q5", shape = doublecircle, final="true" ];
	q6 [label = "q6"];
	s0 -> q6
	q4 -> q1 [label = "b"];
	q5 -> q2 [label = "b"];
	q6 -> q4 [label = "a"];
	q5 -> q4 [label = "a"];
	q4 -> q4 [label = "a, c"];
	q0 -> q4 [label = "a"];
	q3 -> q3 [label = "a, c"];
	q2 -> q1 [label = "b, c"];
	q6 -> q3 [label = "c"];
	q2 -> q0 [label = "a"];
	q0 -> q1 [label = "b"];
	q6 -> q5 [label = "b"];
	q1 -> q4 [label = "a"];
	q5 -> q1 [label = "c"];
	q1 -> q1 [label = "b, c"];
	q0 -> q3 [label = "c"];
	q3 -> q4 [label = "b"];
}
DFA size: 7 states

NL* output after 5 EQ and 167 MQ:
digraph finite_state_machine {
	rankdir=LR;
	node [shape = circle];
	s0 [shape = point, style = invis, start="true" ];
	q0 [label = "q0", shape = doublecircle, final="true" ];
	q1 [label = "q1"];
	q2 [label = "q2"];
	q3 [label = "q3", shape = doublecircle, final="true" ];
	q4 [label = "q4"];
	s0 -> q4
	q3 -> q3 [label = "c"];
	q4 -> q3 [label = "b"];
	q3 -> q4 [label = "a, c"];
	q1 -> q3 [label = "b"];
	q3 -> q2 [label = "a, b, c"];
	q1 -> q4 [label = "a, b, c"];
	q1 -> q0 [label = "b"];
	q4 -> q2 [label = "a, c"];
	q2 -> q1 [label = "b"];
	q0 -> q2 [label = "a, b, c"];
	q0 -> q4 [label = "a, b, c"];
	q3 -> q1 [label = "a, c"];
	q2 -> q4 [label = "b"];
	q4 -> q1 [label = "a"];
	q4 -> q4 [label = "a"];
	q0 -> q0 [label = "b, c"];
	q0 -> q1 [label = "b, c"];
	q3 -> q0 [label = "b, c"];
	q0 -> q3 [label = "b, c"];
	q1 -> q1 [label = "a, b, c"];
	q2 -> q2 [label = "a, b, c"];
	q1 -> q2 [label = "a, b, c"];
}
NFA size: 5 states

AL* output after 6 EQ and 209 MQ:
digraph finite_state_machine {
	rankdir=LR;
	node [shape = circle];
	s0 [shape = point, style = invis, start="true" ];
	s1 [shape = point, style = invis, start="true" ];
	q0 [label = "q0"];
	q1 [label = "q1", shape = doublecircle, final="true" ];
	q2 [label = "q2", shape = doublecircle, final="true" ];
	q3 [label = "q3"];
	q4 [label = "q4"];
	m0 [label = "", shape = square, style = filled, color=grey, fixedsize=true, width=.2];
	m1 [label = "", shape = square, style = filled, color=grey, fixedsize=true, width=.2];
	m2 [label = "", shape = square, style = filled, color=grey, fixedsize=true, width=.2];
	m3 [label = "", shape = square, style = filled, color=grey, fixedsize=true, width=.2];
	m4 [label = "", shape = square, style = filled, color=grey, fixedsize=true, width=.2];
	s0 -> m0
	s1 -> m1
	q4 -> m4 [label = "b"];
	q1 -> m4 [label = "b, c"];
	q3 -> m2 [label = "a, c"];
	q3 -> m1 [label = "a, b, c"];
	q1 -> m1 [label = "a, b, c"];
	q1 -> m2 [label = "a"];
	q4 -> m2 [label = "c"];
	q2 -> m3 [label = "a"];
	q4 -> m1 [label = "a, c"];
	q4 -> m0 [label = "a, b"];
	q3 -> m0 [label = "b"];
	q4 -> m3 [label = "a"];
	q0 -> m0 [label = "a, b, c"];
	q2 -> m0 [label = "a, c"];
	q0 -> m1 [label = "a, b, c"];
	q2 -> m1 [label = "a, b, c"];
	q3 -> m3 [label = "b"];
	q2 -> m4 [label = "b, c"];
	q0 -> m3 [label = "a, c"];
	q0 -> m4 [label = "b"];
	q1 -> m0 [label = "a, b, c"];
	m0 -> q0;
	m0 -> q2;
	m0 -> q4;
	m1 -> q0;
	m1 -> q1;
	m1 -> q3;
	m1 -> q4;
	m2 -> q0;
	m2 -> q1;
	m2 -> q2;
	m2 -> q3;
	m3 -> q0;
	m3 -> q1;
	m3 -> q2;
	m4 -> q1;
	m4 -> q2;
}
AFA size: 5 states

AL** output after 7 EQ and 209 MQ:
digraph finite_state_machine {
	rankdir=LR;
	node [shape = circle];
	s0 [shape = point, style = invis, start="true" ];
	s1 [shape = point, style = invis, start="true" ];
	q0 [label = "q0"];
	q1 [label = "q1", shape = doublecircle, final="true" ];
	q2 [label = "q2", shape = doublecircle, final="true" ];
	q3 [label = "q3"];
	q4 [label = "q4"];
	m0 [label = "", shape = square, style = filled, color=grey, fixedsize=true, width=.2];
	m1 [label = "", shape = square, style = filled, color=grey, fixedsize=true, width=.2];
	m2 [label = "", shape = square, style = filled, color=grey, fixedsize=true, width=.2];
	m3 [label = "", shape = square, style = filled, color=grey, fixedsize=true, width=.2];
	m4 [label = "", shape = square, style = filled, color=grey, fixedsize=true, width=.2];
	s0 -> m0
	s1 -> m1
	q4 -> m4 [label = "b"];
	q1 -> m4 [label = "b, c"];
	q3 -> m2 [label = "a, c"];
	q3 -> m1 [label = "a, b, c"];
	q1 -> m1 [label = "a, b, c"];
	q1 -> m2 [label = "a"];
	q4 -> m2 [label = "c"];
	q2 -> m3 [label = "a"];
	q4 -> m1 [label = "a, c"];
	q4 -> m0 [label = "a, b"];
	q3 -> m0 [label = "b"];
	q4 -> m3 [label = "a"];
	q0 -> m0 [label = "a, b, c"];
	q2 -> m0 [label = "a, c"];
	q0 -> m1 [label = "a, b, c"];
	q2 -> m1 [label = "a, b, c"];
	q3 -> m3 [label = "b"];
	q2 -> m4 [label = "b, c"];
	q0 -> m3 [label = "a, c"];
	q0 -> m4 [label = "b"];
	q1 -> m0 [label = "a, b, c"];
	m0 -> q0;
	m0 -> q2;
	m0 -> q4;
	m1 -> q0;
	m1 -> q1;
	m1 -> q3;
	m1 -> q4;
	m2 -> q0;
	m2 -> q1;
	m2 -> q2;
	m2 -> q3;
	m3 -> q0;
	m3 -> q1;
	m3 -> q2;
	m4 -> q1;
	m4 -> q2;
}
RAFA size: 5 states

