Random target AFA:
digraph finite_state_machine {
	rankdir=LR;
	node [shape = circle];
	s0 [shape = point, style = invis, start="true" ];
	s1 [shape = point, style = invis, start="true" ];
	q0 [label = "q0"];
	q1 [label = "q1"];
	q2 [label = "q2"];
	q3 [label = "q3", shape = doublecircle, final="true" ];
	q4 [label = "q4"];
	q5 [label = "q5"];
	m0 [label = "", shape = square, style = filled, color=grey, fixedsize=true, width=.2];
	m1 [label = "", shape = square, style = filled, color=grey, fixedsize=true, width=.2];
	m2 [label = "", shape = square, style = filled, color=grey, fixedsize=true, width=.2];
	m3 [label = "", shape = square, style = filled, color=grey, fixedsize=true, width=.2];
	m4 [label = "", shape = square, style = filled, color=grey, fixedsize=true, width=.2];
	m5 [label = "", shape = square, style = filled, color=grey, fixedsize=true, width=.2];
	m6 [label = "", shape = square, style = filled, color=grey, fixedsize=true, width=.2];
	s0 -> q2
	s1 -> q2
	q3 -> q1 [label = "c"];
	q2 -> q4 [label = "c"];
	q1 -> m3 [label = "b"];
	q5 -> q0 [label = "b"];
	q1 -> q2 [label = "b, c"];
	q3 -> q4 [label = "b"];
	q5 -> m6 [label = "a, b"];
	q3 -> q3 [label = "a, c"];
	q1 -> m5 [label = "a"];
	q5 -> m4 [label = "c"];
	q4 -> q3 [label = "c"];
	q3 -> q2 [label = "b"];
	q4 -> q0 [label = "c"];
	q5 -> q1 [label = "a, c"];
	q4 -> q1 [label = "b"];
	q0 -> m0 [label = "a"];
	q2 -> m0 [label = "a"];
	q0 -> q0 [label = "a, b"];
	q1 -> q3 [label = "c"];
	q2 -> m1 [label = "b"];
	q0 -> m2 [label = "c"];
	q2 -> q5 [label = "b"];
	q0 -> q4 [label = "b"];
	q2 -> q3 [label = "a"];
	q4 -> q5 [label = "b"];
	q1 -> q0 [label = "a"];
	q0 -> m3 [label = "c"];
	q4 -> q2 [label = "a"];
	m0 -> q1;
	m0 -> q4;
	m1 -> q3;
	m1 -> q4;
	m2 -> q3;
	m2 -> q5;
	m3 -> q2;
	m3 -> q5;
	m4 -> q2;
	m4 -> q3;
	m5 -> q0;
	m5 -> q2;
	m6 -> q1;
	m6 -> q5;
}

L* output after 13 EQ and 15362 MQ:
digraph finite_state_machine {
	rankdir=LR;
	node [shape = circle];
	s0 [shape = point, style = invis, start="true" ];
	q0 [label = "q0"];
	q1 [label = "q1", shape = doublecircle, final="true" ];
	q2 [label = "q2", shape = doublecircle, final="true" ];
	q3 [label = "q3"];
	q4 [label = "q4", shape = doublecircle, final="true" ];
	q5 [label = "q5", shape = doublecircle, final="true" ];
	q6 [label = "q6"];
	q7 [label = "q7", shape = doublecircle, final="true" ];
	q8 [label = "q8", shape = doublecircle, final="true" ];
	q9 [label = "q9"];
	q10 [label = "q10"];
	q11 [label = "q11"];
	q12 [label = "q12", shape = doublecircle, final="true" ];
	q13 [label = "q13", shape = doublecircle, final="true" ];
	q14 [label = "q14", shape = doublecircle, final="true" ];
	q15 [label = "q15", shape = doublecircle, final="true" ];
	q16 [label = "q16"];
	q17 [label = "q17", shape = doublecircle, final="true" ];
	q18 [label = "q18", shape = doublecircle, final="true" ];
	q19 [label = "q19", shape = doublecircle, final="true" ];
	q20 [label = "q20", shape = doublecircle, final="true" ];
	q21 [label = "q21", shape = doublecircle, final="true" ];
	q22 [label = "q22", shape = doublecircle, final="true" ];
	q23 [label = "q23", shape = doublecircle, final="true" ];
	q24 [label = "q24"];
	q25 [label = "q25"];
	q26 [label = "q26", shape = doublecircle, final="true" ];
	q27 [label = "q27"];
	q28 [label = "q28"];
	q29 [label = "q29"];
	q30 [label = "q30"];
	q31 [label = "q31"];
	q32 [label = "q32"];
	q33 [label = "q33"];
	q34 [label = "q34"];
	q35 [label = "q35"];
	q36 [label = "q36", shape = doublecircle, final="true" ];
	q37 [label = "q37"];
	q38 [label = "q38", shape = doublecircle, final="true" ];
	q39 [label = "q39"];
	q40 [label = "q40"];
	q41 [label = "q41"];
	q42 [label = "q42"];
	q43 [label = "q43"];
	q44 [label = "q44"];
	q45 [label = "q45"];
	q46 [label = "q46"];
	q47 [label = "q47"];
	q48 [label = "q48"];
	q49 [label = "q49"];
	q50 [label = "q50"];
	q51 [label = "q51"];
	q52 [label = "q52", shape = doublecircle, final="true" ];
	q53 [label = "q53", shape = doublecircle, final="true" ];
	q54 [label = "q54"];
	q55 [label = "q55"];
	q56 [label = "q56", shape = doublecircle, final="true" ];
	q57 [label = "q57"];
	q58 [label = "q58", shape = doublecircle, final="true" ];
	q59 [label = "q59"];
	q60 [label = "q60"];
	q61 [label = "q61"];
	q62 [label = "q62"];
	q63 [label = "q63"];
	q64 [label = "q64", shape = doublecircle, final="true" ];
	q65 [label = "q65", shape = doublecircle, final="true" ];
	q66 [label = "q66", shape = doublecircle, final="true" ];
	q67 [label = "q67", shape = doublecircle, final="true" ];
	q68 [label = "q68", shape = doublecircle, final="true" ];
	q69 [label = "q69", shape = doublecircle, final="true" ];
	q70 [label = "q70", shape = doublecircle, final="true" ];
	q71 [label = "q71", shape = doublecircle, final="true" ];
	q72 [label = "q72", shape = doublecircle, final="true" ];
	q73 [label = "q73", shape = doublecircle, final="true" ];
	q74 [label = "q74", shape = doublecircle, final="true" ];
	q75 [label = "q75", shape = doublecircle, final="true" ];
	q76 [label = "q76"];
	q77 [label = "q77", shape = doublecircle, final="true" ];
	q78 [label = "q78", shape = doublecircle, final="true" ];
	q79 [label = "q79", shape = doublecircle, final="true" ];
	s0 -> q37
	q45 -> q66 [label = "a"];
	q47 -> q32 [label = "b"];
	q43 -> q37 [label = "a"];
	q41 -> q26 [label = "a"];
	q45 -> q33 [label = "c"];
	q40 -> q26 [label = "c"];
	q40 -> q49 [label = "b"];
	q42 -> q34 [label = "b"];
	q38 -> q64 [label = "a"];
	q41 -> q42 [label = "b"];
	q34 -> q15 [label = "c"];
	q39 -> q46 [label = "b"];
	q37 -> q38 [label = "a"];
	q47 -> q67 [label = "c"];
	q33 -> q24 [label = "b"];
	q33 -> q26 [label = "a"];
	q38 -> q41 [label = "b"];
	q38 -> q22 [label = "c"];
	q34 -> q17 [label = "a"];
	q32 -> q31 [label = "b"];
	q32 -> q71 [label = "a"];
	q39 -> q40 [label = "a"];
	q32 -> q36 [label = "c"];
	q30 -> q35 [label = "a"];
	q31 -> q29 [label = "b"];
	q25 -> q58 [label = "c"];
	q44 -> q47 [label = "a"];
	q27 -> q27 [label = "a"];
	q29 -> q23 [label = "c"];
	q27 -> q9 [label = "b"];
	q46 -> q52 [label = "c"];
	q30 -> q28 [label = "b"];
	q27 -> q8 [label = "c"];
	q30 -> q73 [label = "c"];
	q26 -> q74 [label = "a"];
	q24 -> q59 [label = "b"];
	q28 -> q14 [label = "c"];
	q23 -> q71 [label = "a"];
	q21 -> q55 [label = "b"];
	q19 -> q53 [label = "c"];
	q9 -> q31 [label = "b"];
	q11 -> q72 [label = "a"];
	q15 -> q53 [label = "c"];
	q13 -> q12 [label = "c"];
	q10 -> q35 [label = "a"];
	q14 -> q13 [label = "c"];
	q8 -> q38 [label = "a"];
	q12 -> q75 [label = "c"];
	q0 -> q71 [label = "a"];
	q8 -> q5 [label = "c"];
	q0 -> q10 [label = "b"];
	q6 -> q31 [label = "b"];
	q25 -> q66 [label = "a"];
	q0 -> q2 [label = "c"];
	q5 -> q21 [label = "c"];
	q1 -> q66 [label = "a"];
	q3 -> q61 [label = "b"];
	q6 -> q2 [label = "c"];
	q7 -> q21 [label = "c"];
	q3 -> q18 [label = "a"];
	q7 -> q32 [label = "b"];
	q5 -> q66 [label = "a"];
	q6 -> q71 [label = "a"];
	q2 -> q53 [label = "c"];
	q7 -> q66 [label = "a"];
	q24 -> q7 [label = "a"];
	q5 -> q3 [label = "b"];
	q28 -> q16 [label = "b"];
	q9 -> q4 [label = "c"];
	q15 -> q62 [label = "b"];
	q10 -> q12 [label = "c"];
	q12 -> q11 [label = "b"];
	q59 -> q7 [label = "a"];
	q63 -> q75 [label = "c"];
	q37 -> q43 [label = "c"];
	q60 -> q57 [label = "b"];
	q57 -> q20 [label = "c"];
	q35 -> q32 [label = "b"];
	q25 -> q57 [label = "b"];
	q59 -> q56 [label = "c"];
	q1 -> q21 [label = "c"];
	q74 -> q76 [label = "b"];
	q33 -> q53 [label = "c"];
	q68 -> q66 [label = "a"];
	q78 -> q66 [label = "a"];
	q66 -> q32 [label = "b"];
	q65 -> q66 [label = "a"];
	q29 -> q29 [label = "b"];
	q67 -> q55 [label = "b"];
	q28 -> q54 [label = "a"];
	q63 -> q57 [label = "b"];
	q62 -> q23 [label = "c"];
	q71 -> q56 [label = "c"];
	q1 -> q0 [label = "b"];
	q14 -> q66 [label = "a"];
	q58 -> q20 [label = "c"];
	q73 -> q12 [label = "c"];
	q68 -> q6 [label = "b"];
	q14 -> q11 [label = "b"];
	q54 -> q79 [label = "c"];
	q75 -> q71 [label = "a"];
	q72 -> q66 [label = "a"];
	q64 -> q76 [label = "b"];
	q76 -> q61 [label = "b"];
	q77 -> q38 [label = "a"];
	q36 -> q29 [label = "b"];
	q60 -> q66 [label = "a"];
	q13 -> q66 [label = "a"];
	q75 -> q23 [label = "c"];
	q69 -> q41 [label = "b"];
	q40 -> q66 [label = "a"];
	q65 -> q41 [label = "b"];
	q62 -> q63 [label = "b"];
	q49 -> q70 [label = "c"];
	q46 -> q51 [label = "b"];
	q70 -> q62 [label = "b"];
	q39 -> q65 [label = "c"];
	q45 -> q48 [label = "b"];
	q59 -> q16 [label = "b"];
	q37 -> q39 [label = "b"];
	q9 -> q60 [label = "a"];
	q61 -> q6 [label = "b"];
	q55 -> q21 [label = "a"];
	q22 -> q66 [label = "a"];
	q79 -> q74 [label = "a"];
	q70 -> q71 [label = "a"];
	q36 -> q71 [label = "a"];
	q31 -> q72 [label = "c"];
	q64 -> q5 [label = "c"];
	q73 -> q66 [label = "a"];
	q42 -> q35 [label = "a"];
	q76 -> q18 [label = "a"];
	q16 -> q53 [label = "c"];
	q3 -> q2 [label = "c"];
	q69 -> q73 [label = "c"];
	q44 -> q21 [label = "c"];
	q23 -> q23 [label = "c"];
	q63 -> q7 [label = "a"];
	q22 -> q21 [label = "c"];
	q57 -> q72 [label = "a"];
	q66 -> q66 [label = "a"];
	q71 -> q66 [label = "a"];
	q26 -> q55 [label = "b"];
	q61 -> q35 [label = "a"];
	q67 -> q56 [label = "c"];
	q18 -> q66 [label = "a"];
	q77 -> q13 [label = "c"];
	q74 -> q5 [label = "c"];
	q78 -> q13 [label = "c"];
	q43 -> q44 [label = "b"];
	q2 -> q29 [label = "b"];
	q65 -> q21 [label = "c"];
	q26 -> q56 [label = "c"];
	q77 -> q55 [label = "b"];
	q20 -> q29 [label = "b"];
	q31 -> q25 [label = "a"];
	q68 -> q21 [label = "c"];
	q16 -> q25 [label = "a"];
	q67 -> q38 [label = "a"];
	q36 -> q68 [label = "c"];
	q4 -> q1 [label = "c"];
	q78 -> q57 [label = "b"];
	q74 -> q74 [label = "a"];
	q35 -> q26 [label = "c"];
	q20 -> q71 [label = "a"];
	q71 -> q57 [label = "b"];
	q52 -> q13 [label = "c"];
	q79 -> q55 [label = "b"];
	q54 -> q32 [label = "b"];
	q34 -> q16 [label = "b"];
	q22 -> q76 [label = "b"];
	q72 -> q57 [label = "b"];
	q60 -> q19 [label = "c"];
	q35 -> q66 [label = "a"];
	q66 -> q5 [label = "c"];
	q57 -> q31 [label = "b"];
	q56 -> q72 [label = "c"];
	q62 -> q72 [label = "a"];
	q17 -> q73 [label = "c"];
	q2 -> q71 [label = "a"];
	q56 -> q62 [label = "b"];
	q11 -> q10 [label = "b"];
	q52 -> q55 [label = "b"];
	q56 -> q71 [label = "a"];
	q53 -> q57 [label = "b"];
	q29 -> q72 [label = "a"];
	q51 -> q78 [label = "c"];
	q51 -> q60 [label = "a"];
	q54 -> q66 [label = "a"];
	q50 -> q77 [label = "c"];
	q55 -> q61 [label = "b"];
	q18 -> q55 [label = "b"];
	q4 -> q57 [label = "b"];
	q69 -> q74 [label = "a"];
	q53 -> q66 [label = "a"];
	q55 -> q20 [label = "c"];
	q53 -> q12 [label = "c"];
	q51 -> q31 [label = "b"];
	q13 -> q11 [label = "b"];
	q4 -> q66 [label = "a"];
	q70 -> q68 [label = "c"];
	q11 -> q20 [label = "c"];
	q75 -> q62 [label = "b"];
	q48 -> q68 [label = "c"];
	q58 -> q26 [label = "a"];
	q49 -> q69 [label = "a"];
	q50 -> q27 [label = "a"];
	q48 -> q31 [label = "b"];
	q61 -> q21 [label = "c"];
	q50 -> q32 [label = "b"];
	q44 -> q45 [label = "b"];
	q48 -> q25 [label = "a"];
	q24 -> q75 [label = "c"];
	q15 -> q71 [label = "a"];
	q49 -> q30 [label = "b"];
	q47 -> q27 [label = "a"];
	q43 -> q66 [label = "c"];
	q21 -> q75 [label = "c"];
	q12 -> q66 [label = "a"];
	q58 -> q62 [label = "b"];
	q46 -> q50 [label = "a"];
	q41 -> q36 [label = "c"];
	q42 -> q21 [label = "c"];
	q79 -> q13 [label = "c"];
	q16 -> q31 [label = "b"];
	q52 -> q66 [label = "a"];
	q18 -> q56 [label = "c"];
	q76 -> q36 [label = "c"];
	q21 -> q66 [label = "a"];
	q23 -> q29 [label = "b"];
	q19 -> q26 [label = "a"];
	q73 -> q55 [label = "b"];
	q72 -> q75 [label = "c"];
	q17 -> q32 [label = "b"];
	q10 -> q57 [label = "b"];
	q19 -> q62 [label = "b"];
	q17 -> q66 [label = "a"];
	q8 -> q3 [label = "b"];
	q64 -> q38 [label = "a"];
	q20 -> q72 [label = "c"];
}
DFA size: 80 states

NL* output after 14 EQ and 6205 MQ:
digraph finite_state_machine {
	rankdir=LR;
	node [shape = circle];
	s0 [shape = point, style = invis, start="true" ];
	q0 [label = "q0"];
	q1 [label = "q1", shape = doublecircle, final="true" ];
	q2 [label = "q2"];
	q3 [label = "q3"];
	q4 [label = "q4"];
	q5 [label = "q5"];
	q6 [label = "q6"];
	q7 [label = "q7"];
	q8 [label = "q8"];
	q9 [label = "q9"];
	q10 [label = "q10"];
	q11 [label = "q11"];
	q12 [label = "q12", shape = doublecircle, final="true" ];
	q13 [label = "q13"];
	q14 [label = "q14"];
	q15 [label = "q15", shape = doublecircle, final="true" ];
	q16 [label = "q16", shape = doublecircle, final="true" ];
	q17 [label = "q17"];
	q18 [label = "q18", shape = doublecircle, final="true" ];
	q19 [label = "q19"];
	q20 [label = "q20"];
	q21 [label = "q21", shape = doublecircle, final="true" ];
	q22 [label = "q22"];
	q23 [label = "q23", shape = doublecircle, final="true" ];
	q24 [label = "q24"];
	q25 [label = "q25", shape = doublecircle, final="true" ];
	q26 [label = "q26", shape = doublecircle, final="true" ];
	q27 [label = "q27"];
	q28 [label = "q28", shape = doublecircle, final="true" ];
	s0 -> q13
	q18 -> q21 [label = "c"];
	q18 -> q18 [label = "c"];
	q18 -> q16 [label = "c"];
	q18 -> q1 [label = "c"];
	q20 -> q24 [label = "b"];
	q20 -> q20 [label = "b"];
	q20 -> q10 [label = "b"];
	q20 -> q3 [label = "b"];
	q17 -> q25 [label = "c"];
	q23 -> q27 [label = "b"];
	q23 -> q11 [label = "b"];
	q23 -> q5 [label = "b"];
	q17 -> q15 [label = "c"];
	q23 -> q4 [label = "b"];
	q23 -> q3 [label = "b"];
	q23 -> q0 [label = "b"];
	q19 -> q21 [label = "a"];
	q19 -> q18 [label = "a"];
	q19 -> q16 [label = "a"];
	q17 -> q24 [label = "b"];
	q17 -> q13 [label = "b"];
	q17 -> q4 [label = "b"];
	q19 -> q9 [label = "b"];
	q19 -> q3 [label = "b"];
	q17 -> q14 [label = "a, b"];
	q21 -> q18 [label = "c"];
	q23 -> q1 [label = "c"];
	q21 -> q12 [label = "a, c"];
	q21 -> q6 [label = "c"];
	q21 -> q1 [label = "c"];
	q16 -> q25 [label = "c"];
	q16 -> q21 [label = "c"];
	q16 -> q16 [label = "c"];
	q17 -> q19 [label = "b"];
	q21 -> q16 [label = "c"];
	q16 -> q6 [label = "c"];
	q20 -> q17 [label = "a"];
	q20 -> q14 [label = "a, b"];
	q22 -> q24 [label = "b"];
	q17 -> q21 [label = "c"];
	q22 -> q19 [label = "b"];
	q22 -> q13 [label = "b"];
	q22 -> q10 [label = "b"];
	q16 -> q4 [label = "b"];
	q18 -> q12 [label = "a, c"];
	q22 -> q25 [label = "c"];
	q22 -> q15 [label = "a, c"];
	q22 -> q12 [label = "a, c"];
	q18 -> q27 [label = "b"];
	q18 -> q13 [label = "b"];
	q18 -> q11 [label = "b"];
	q20 -> q21 [label = "c"];
	q18 -> q19 [label = "b"];
	q20 -> q18 [label = "c"];
	q22 -> q4 [label = "b"];
	q20 -> q16 [label = "c"];
	q20 -> q15 [label = "c"];
	q20 -> q12 [label = "c"];
	q13 -> q11 [label = "b"];
	q11 -> q16 [label = "c"];
	q11 -> q12 [label = "c"];
	q12 -> q13 [label = "b"];
	q12 -> q4 [label = "b"];
	q15 -> q19 [label = "b"];
	q15 -> q13 [label = "b"];
	q15 -> q10 [label = "b"];
	q15 -> q4 [label = "b"];
	q8 -> q5 [label = "c"];
	q8 -> q15 [label = "a"];
	q15 -> q16 [label = "c"];
	q15 -> q15 [label = "c"];
	q18 -> q4 [label = "b"];
	q15 -> q6 [label = "c"];
	q3 -> q14 [label = "a, b"];
	q21 -> q13 [label = "b"];
	q10 -> q15 [label = "c"];
	q23 -> q17 [label = "a, c"];
	q21 -> q11 [label = "b"];
	q23 -> q22 [label = "a, c"];
	q8 -> q12 [label = "a"];
	q23 -> q21 [label = "a"];
	q23 -> q18 [label = "a"];
	q16 -> q15 [label = "a, c"];
	q3 -> q22 [label = "a"];
	q23 -> q16 [label = "a, c"];
	q19 -> q15 [label = "a, c"];
	q26 -> q13 [label = "b"];
	q21 -> q21 [label = "c"];
	q23 -> q15 [label = "a, c"];
	q19 -> q13 [label = "a"];
	q24 -> q15 [label = "c"];
	q23 -> q14 [label = "a, c"];
	q23 -> q13 [label = "a, b"];
	q24 -> q8 [label = "a"];
	q21 -> q28 [label = "c"];
	q0 -> q3 [label = "b"];
	q16 -> q18 [label = "c"];
	q9 -> q16 [label = "c"];
	q26 -> q20 [label = "b"];
	q26 -> q11 [label = "b"];
	q26 -> q8 [label = "b"];
	q25 -> q15 [label = "c"];
	q23 -> q2 [label = "c"];
	q19 -> q7 [label = "b"];
	q26 -> q4 [label = "b"];
	q26 -> q10 [label = "b"];
	q18 -> q28 [label = "c"];
	q2 -> q24 [label = "b"];
	q0 -> q7 [label = "b, c"];
	q22 -> q14 [label = "a, b"];
	q21 -> q4 [label = "b"];
	q23 -> q26 [label = "a"];
	q0 -> q16 [label = "a, c"];
	q0 -> q20 [label = "b, c"];
	q21 -> q15 [label = "c"];
	q26 -> q0 [label = "b"];
	q27 -> q13 [label = "a"];
	q23 -> q28 [label = "a"];
	q0 -> q10 [label = "c"];
	q0 -> q25 [label = "a, c"];
	q28 -> q28 [label = "c"];
	q22 -> q21 [label = "c"];
	q26 -> q14 [label = "a, b"];
	q0 -> q11 [label = "b"];
	q28 -> q18 [label = "c"];
	q28 -> q16 [label = "c"];
	q23 -> q8 [label = "a"];
	q28 -> q6 [label = "c"];
	q14 -> q25 [label = "c"];
	q18 -> q6 [label = "c"];
	q13 -> q10 [label = "c"];
	q11 -> q7 [label = "b"];
	q24 -> q24 [label = "b"];
	q24 -> q20 [label = "b"];
	q24 -> q17 [label = "a, b"];
	q20 -> q25 [label = "c"];
	q24 -> q22 [label = "a"];
	q0 -> q15 [label = "a, c"];
	q3 -> q12 [label = "c"];
	q24 -> q10 [label = "b"];
	q19 -> q10 [label = "c"];
	q11 -> q6 [label = "a, c"];
	q26 -> q12 [label = "a, c"];
	q18 -> q14 [label = "a"];
	q27 -> q26 [label = "c"];
	q28 -> q3 [label = "b"];
	q24 -> q25 [label = "c"];
	q12 -> q10 [label = "b"];
	q11 -> q14 [label = "b"];
	q6 -> q25 [label = "c"];
	q28 -> q11 [label = "b"];
	q28 -> q15 [label = "a, c"];
	q26 -> q1 [label = "c"];
	q24 -> q11 [label = "b"];
	q1 -> q10 [label = "b"];
	q19 -> q23 [label = "c"];
	q27 -> q25 [label = "a, c"];
	q25 -> q6 [label = "c"];
	q19 -> q14 [label = "b, c"];
	q7 -> q14 [label = "a, b"];
	q19 -> q2 [label = "b"];
	q24 -> q13 [label = "a"];
	q28 -> q4 [label = "b"];
	q23 -> q19 [label = "b"];
	q28 -> q0 [label = "b"];
	q26 -> q24 [label = "b"];
	q12 -> q15 [label = "a, c"];
	q0 -> q21 [label = "a, c"];
	q27 -> q28 [label = "c"];
	q26 -> q16 [label = "c"];
	q26 -> q15 [label = "a, c"];
	q21 -> q19 [label = "b"];
	q8 -> q10 [label = "b, c"];
	q27 -> q10 [label = "c"];
	q9 -> q17 [label = "a"];
	q16 -> q13 [label = "b"];
	q28 -> q1 [label = "c"];
	q6 -> q13 [label = "b, c"];
	q27 -> q17 [label = "b, c"];
	q27 -> q9 [label = "b"];
	q27 -> q11 [label = "b"];
	q28 -> q19 [label = "b"];
	q26 -> q19 [label = "b"];
	q9 -> q2 [label = "a"];
	q10 -> q14 [label = "c"];
	q24 -> q26 [label = "c"];
	q9 -> q8 [label = "b"];
	q27 -> q16 [label = "a, c"];
	q27 -> q3 [label = "b"];
	q25 -> q13 [label = "b"];
	q19 -> q25 [label = "a, c"];
	q0 -> q22 [label = "a, c"];
	q24 -> q7 [label = "b"];
	q6 -> q12 [label = "a, c"];
	q8 -> q11 [label = "b"];
	q5 -> q3 [label = "b"];
	q7 -> q16 [label = "c"];
	q10 -> q13 [label = "a"];
	q26 -> q3 [label = "b"];
	q2 -> q13 [label = "b, c"];
	q5 -> q28 [label = "c"];
	q10 -> q9 [label = "b"];
	q18 -> q10 [label = "b"];
	q7 -> q20 [label = "b"];
	q18 -> q25 [label = "c"];
	q1 -> q21 [label = "c"];
	q0 -> q23 [label = "c"];
	q19 -> q12 [label = "a, c"];
	q9 -> q25 [label = "c"];
	q18 -> q15 [label = "a, c"];
	q27 -> q23 [label = "c"];
	q23 -> q6 [label = "b, c"];
	q24 -> q12 [label = "c"];
	q23 -> q12 [label = "a, c"];
	q21 -> q10 [label = "b"];
	q6 -> q21 [label = "c"];
	q19 -> q17 [label = "b"];
	q5 -> q2 [label = "c"];
	q25 -> q27 [label = "b"];
	q6 -> q4 [label = "b"];
	q7 -> q21 [label = "c"];
	q24 -> q9 [label = "b"];
	q27 -> q14 [label = "b, c"];
	q23 -> q9 [label = "b"];
	q27 -> q15 [label = "a, c"];
	q1 -> q4 [label = "b"];
	q6 -> q14 [label = "a"];
	q28 -> q10 [label = "b"];
	q28 -> q27 [label = "b"];
	q27 -> q22 [label = "c"];
	q27 -> q7 [label = "b, c"];
	q19 -> q26 [label = "c"];
	q9 -> q12 [label = "c"];
	q28 -> q13 [label = "b"];
	q12 -> q6 [label = "c"];
	q23 -> q10 [label = "b"];
	q1 -> q18 [label = "c"];
	q15 -> q12 [label = "a, c"];
	q27 -> q2 [label = "b"];
	q20 -> q11 [label = "b"];
	q26 -> q27 [label = "b"];
	q28 -> q21 [label = "c"];
	q21 -> q27 [label = "b"];
	q25 -> q16 [label = "c"];
	q25 -> q12 [label = "a, c"];
	q26 -> q25 [label = "c"];
	q1 -> q15 [label = "a, c"];
	q25 -> q4 [label = "b"];
	q27 -> q21 [label = "a, c"];
	q24 -> q3 [label = "b"];
	q1 -> q27 [label = "b"];
	q7 -> q24 [label = "b"];
	q19 -> q11 [label = "b"];
	q24 -> q2 [label = "b"];
	q20 -> q7 [label = "b"];
	q25 -> q25 [label = "c"];
	q1 -> q25 [label = "c"];
	q14 -> q10 [label = "b"];
	q23 -> q25 [label = "a, c"];
	q0 -> q12 [label = "a, c"];
	q10 -> q12 [label = "c"];
	q14 -> q14 [label = "a, b"];
	q12 -> q12 [label = "c"];
	q4 -> q10 [label = "c"];
	q4 -> q12 [label = "a, c"];
	q4 -> q15 [label = "c"];
	q4 -> q23 [label = "c"];
	q0 -> q17 [label = "a, b, c"];
	q9 -> q14 [label = "a"];
	q6 -> q15 [label = "a, c"];
	q4 -> q25 [label = "c"];
	q1 -> q0 [label = "b"];
	q27 -> q12 [label = "a, c"];
	q3 -> q25 [label = "c"];
	q0 -> q8 [label = "a"];
	q16 -> q10 [label = "b"];
	q0 -> q13 [label = "a"];
	q16 -> q12 [label = "a, c"];
	q0 -> q14 [label = "a, b, c"];
	q13 -> q12 [label = "a"];
	q5 -> q26 [label = "c"];
	q20 -> q22 [label = "a"];
	q27 -> q20 [label = "c"];
	q0 -> q18 [label = "a, c"];
	q26 -> q7 [label = "b"];
	q27 -> q5 [label = "c"];
	q0 -> q26 [label = "a, c"];
	q0 -> q28 [label = "a, c"];
	q17 -> q10 [label = "b"];
	q14 -> q15 [label = "c"];
	q2 -> q4 [label = "b"];
	q2 -> q10 [label = "b"];
	q2 -> q14 [label = "a, b"];
	q2 -> q19 [label = "b"];
	q6 -> q16 [label = "c"];
	q5 -> q15 [label = "a, c"];
	q24 -> q14 [label = "a, b, c"];
	q0 -> q2 [label = "b"];
	q12 -> q16 [label = "c"];
	q0 -> q9 [label = "b"];
	q7 -> q25 [label = "c"];
	q0 -> q24 [label = "c"];
	q14 -> q24 [label = "b"];
	q5 -> q1 [label = "c"];
	q5 -> q12 [label = "a, c"];
	q5 -> q14 [label = "c"];
	q4 -> q16 [label = "a"];
	q5 -> q16 [label = "a, c"];
	q20 -> q28 [label = "c"];
	q5 -> q17 [label = "c"];
	q9 -> q13 [label = "b, c"];
	q5 -> q18 [label = "c"];
	q5 -> q21 [label = "a, c"];
	q5 -> q22 [label = "c"];
	q25 -> q10 [label = "b"];
	q0 -> q5 [label = "c"];
	q5 -> q25 [label = "a, c"];
	q1 -> q12 [label = "a, c"];
	q1 -> q14 [label = "a"];
	q22 -> q16 [label = "c"];
	q3 -> q7 [label = "b"];
	q7 -> q10 [label = "b"];
	q3 -> q20 [label = "b"];
	q7 -> q12 [label = "c"];
	q7 -> q17 [label = "a"];
	q3 -> q15 [label = "c"];
	q7 -> q15 [label = "c"];
	q7 -> q18 [label = "c"];
	q1 -> q13 [label = "b, c"];
	q1 -> q19 [label = "b"];
	q2 -> q21 [label = "c"];
	q15 -> q25 [label = "c"];
	q8 -> q14 [label = "a, b"];
	q3 -> q2 [label = "a"];
	q3 -> q17 [label = "a"];
	q28 -> q25 [label = "c"];
	q5 -> q4 [label = "b"];
	q7 -> q7 [label = "b"];
	q5 -> q6 [label = "b, c"];
	q27 -> q18 [label = "a, c"];
	q4 -> q3 [label = "b"];
	q5 -> q13 [label = "a, b"];
	q26 -> q6 [label = "c"];
	q1 -> q6 [label = "c"];
	q1 -> q16 [label = "c"];
	q4 -> q11 [label = "b"];
	q3 -> q16 [label = "c"];
	q25 -> q19 [label = "b"];
	q2 -> q15 [label = "c"];
	q2 -> q25 [label = "c"];
	q28 -> q12 [label = "a, c"];
	q9 -> q18 [label = "c"];
	q21 -> q25 [label = "c"];
	q5 -> q9 [label = "b"];
	q5 -> q11 [label = "b"];
	q3 -> q18 [label = "c"];
	q3 -> q21 [label = "c"];
	q27 -> q24 [label = "c"];
	q9 -> q6 [label = "c"];
	q28 -> q14 [label = "a"];
	q9 -> q15 [label = "c"];
	q3 -> q6 [label = "a, c"];
	q9 -> q21 [label = "c"];
}
NFA size: 29 states

AL* output after 17 EQ and 2011 MQ:
digraph finite_state_machine {
	rankdir=LR;
	node [shape = circle];
	s0 [shape = point, style = invis, start="true" ];
	q0 [label = "q0"];
	q1 [label = "q1"];
	q2 [label = "q2"];
	q3 [label = "q3"];
	q4 [label = "q4"];
	q5 [label = "q5", shape = doublecircle, final="true" ];
	q6 [label = "q6"];
	q7 [label = "q7"];
	q8 [label = "q8", shape = doublecircle, final="true" ];
	q9 [label = "q9"];
	m0 [label = "", shape = square, style = filled, color=grey, fixedsize=true, width=.2];
	m1 [label = "", shape = square, style = filled, color=grey, fixedsize=true, width=.2];
	m2 [label = "", shape = square, style = filled, color=grey, fixedsize=true, width=.2];
	m3 [label = "", shape = square, style = filled, color=grey, fixedsize=true, width=.2];
	m4 [label = "", shape = square, style = filled, color=grey, fixedsize=true, width=.2];
	m5 [label = "", shape = square, style = filled, color=grey, fixedsize=true, width=.2];
	m6 [label = "", shape = square, style = filled, color=grey, fixedsize=true, width=.2];
	m7 [label = "", shape = square, style = filled, color=grey, fixedsize=true, width=.2];
	m8 [label = "", shape = square, style = filled, color=grey, fixedsize=true, width=.2];
	m9 [label = "", shape = square, style = filled, color=grey, fixedsize=true, width=.2];
	m10 [label = "", shape = square, style = filled, color=grey, fixedsize=true, width=.2];
	m11 [label = "", shape = square, style = filled, color=grey, fixedsize=true, width=.2];
	m12 [label = "", shape = square, style = filled, color=grey, fixedsize=true, width=.2];
	m13 [label = "", shape = square, style = filled, color=grey, fixedsize=true, width=.2];
	m14 [label = "", shape = square, style = filled, color=grey, fixedsize=true, width=.2];
	m15 [label = "", shape = square, style = filled, color=grey, fixedsize=true, width=.2];
	m16 [label = "", shape = square, style = filled, color=grey, fixedsize=true, width=.2];
	m17 [label = "", shape = square, style = filled, color=grey, fixedsize=true, width=.2];
	m18 [label = "", shape = square, style = filled, color=grey, fixedsize=true, width=.2];
	m19 [label = "", shape = square, style = filled, color=grey, fixedsize=true, width=.2];
	s0 -> m0
	q9 -> m4 [label = "b"];
	q9 -> m0 [label = "a"];
	q8 -> m19 [label = "c"];
	q8 -> q9 [label = "b"];
	q8 -> m0 [label = "b"];
	q8 -> m6 [label = "a"];
	q8 -> m1 [label = "a, c"];
	q4 -> m13 [label = "c"];
	q4 -> m19 [label = "c"];
	q4 -> m1 [label = "c"];
	q0 -> m17 [label = "a"];
	q2 -> m16 [label = "b"];
	q5 -> m12 [label = "a, c"];
	q1 -> m9 [label = "c"];
	q1 -> m10 [label = "c"];
	q1 -> q9 [label = "b, c"];
	q6 -> m1 [label = "a"];
	q4 -> m2 [label = "a, b"];
	q7 -> m4 [label = "a, c"];
	q4 -> m5 [label = "a, b"];
	q4 -> m3 [label = "a, b"];
	q4 -> m7 [label = "b"];
	q7 -> m2 [label = "a, b"];
	q3 -> m2 [label = "b"];
	q2 -> m1 [label = "a, c"];
	q6 -> m6 [label = "a"];
	q9 -> m1 [label = "c"];
	q9 -> m2 [label = "c"];
	q6 -> m15 [label = "b"];
	q5 -> q9 [label = "b"];
	q5 -> m13 [label = "a"];
	q2 -> m0 [label = "b, c"];
	q0 -> m1 [label = "c"];
	q3 -> m1 [label = "c"];
	q1 -> m5 [label = "b"];
	q5 -> m1 [label = "a, c"];
	q7 -> m1 [label = "c"];
	q9 -> m3 [label = "c"];
	q1 -> m3 [label = "a, b"];
	q3 -> m4 [label = "a, c"];
	q1 -> m8 [label = "c"];
	q4 -> m8 [label = "b"];
	q5 -> m0 [label = "b"];
	q4 -> q9 [label = "b"];
	q7 -> m5 [label = "a, b"];
	q2 -> m6 [label = "c"];
	q7 -> m0 [label = "b, c"];
	q0 -> m0 [label = "b, c"];
	q7 -> m3 [label = "b"];
	q9 -> m15 [label = "b"];
	q7 -> m14 [label = "b"];
	q3 -> m10 [label = "a"];
	q0 -> m2 [label = "a, b"];
	q1 -> m15 [label = "b"];
	q0 -> q9 [label = "b"];
	q3 -> m5 [label = "b"];
	q8 -> m2 [label = "b"];
	q6 -> m18 [label = "b"];
	q6 -> q9 [label = "c"];
	q3 -> m3 [label = "b"];
	q3 -> m7 [label = "b"];
	q1 -> m1 [label = "a"];
	q3 -> m8 [label = "b"];
	q8 -> m4 [label = "c"];
	q0 -> m5 [label = "a, b"];
	q3 -> m16 [label = "b"];
	q1 -> m2 [label = "a"];
	q5 -> m4 [label = "c"];
	q1 -> m11 [label = "c"];
	q4 -> m17 [label = "a"];
	q2 -> m2 [label = "a"];
	q2 -> m3 [label = "a"];
	q3 -> m14 [label = "b"];
	q0 -> m3 [label = "a, b"];
	m0 -> q1;
	m0 -> q6;
	m1 -> q5;
	m1 -> q8;
	m2 -> q0;
	m2 -> q1;
	m2 -> q3;
	m2 -> q4;
	m2 -> q7;
	m3 -> q0;
	m3 -> q1;
	m3 -> q2;
	m3 -> q4;
	m3 -> q7;
	m4 -> q0;
	m4 -> q2;
	m4 -> q7;
	m5 -> q0;
	m5 -> q1;
	m5 -> q4;
	m5 -> q5;
	m5 -> q8;
	m6 -> q0;
	m6 -> q1;
	m6 -> q2;
	m6 -> q4;
	m6 -> q5;
	m6 -> q7;
	m6 -> q9;
	m7 -> q1;
	m7 -> q2;
	m7 -> q3;
	m7 -> q5;
	m7 -> q6;
	m7 -> q7;
	m7 -> q8;
	m8 -> q0;
	m8 -> q1;
	m8 -> q2;
	m8 -> q6;
	m8 -> q7;
	m9 -> q0;
	m9 -> q2;
	m9 -> q5;
	m9 -> q7;
	m9 -> q8;
	m10 -> q1;
	m10 -> q2;
	m10 -> q5;
	m10 -> q6;
	m10 -> q8;
	m11 -> q3;
	m11 -> q5;
	m11 -> q7;
	m11 -> q8;
	m12 -> q0;
	m12 -> q1;
	m12 -> q3;
	m12 -> q4;
	m12 -> q6;
	m12 -> q7;
	m12 -> q8;
	m12 -> q9;
	m13 -> q0;
	m13 -> q1;
	m13 -> q2;
	m13 -> q4;
	m13 -> q6;
	m13 -> q7;
	m13 -> q8;
	m14 -> q0;
	m14 -> q1;
	m14 -> q2;
	m14 -> q3;
	m14 -> q5;
	m14 -> q7;
	m14 -> q8;
	m15 -> q3;
	m15 -> q7;
	m16 -> q3;
	m16 -> q7;
	m16 -> q9;
	m17 -> q0;
	m17 -> q2;
	m17 -> q3;
	m17 -> q4;
	m17 -> q5;
	m17 -> q7;
	m17 -> q8;
	m17 -> q9;
	m18 -> q1;
	m18 -> q2;
	m18 -> q3;
	m18 -> q5;
	m18 -> q6;
	m18 -> q8;
	m18 -> q9;
	m19 -> q1;
	m19 -> q3;
	m19 -> q6;
	m19 -> q7;
	m19 -> q9;
}
AFA size: 10 states

AL** output after 18 EQ and 2011 MQ:
digraph finite_state_machine {
	rankdir=LR;
	node [shape = circle];
	s0 [shape = point, style = invis, start="true" ];
	q0 [label = "q0"];
	q1 [label = "q1"];
	q2 [label = "q2"];
	q3 [label = "q3"];
	q4 [label = "q4"];
	q5 [label = "q5", shape = doublecircle, final="true" ];
	q6 [label = "q6"];
	q7 [label = "q7"];
	q8 [label = "q8", shape = doublecircle, final="true" ];
	q9 [label = "q9"];
	m0 [label = "", shape = square, style = filled, color=grey, fixedsize=true, width=.2];
	m1 [label = "", shape = square, style = filled, color=grey, fixedsize=true, width=.2];
	m2 [label = "", shape = square, style = filled, color=grey, fixedsize=true, width=.2];
	m3 [label = "", shape = square, style = filled, color=grey, fixedsize=true, width=.2];
	m4 [label = "", shape = square, style = filled, color=grey, fixedsize=true, width=.2];
	m5 [label = "", shape = square, style = filled, color=grey, fixedsize=true, width=.2];
	m6 [label = "", shape = square, style = filled, color=grey, fixedsize=true, width=.2];
	m7 [label = "", shape = square, style = filled, color=grey, fixedsize=true, width=.2];
	m8 [label = "", shape = square, style = filled, color=grey, fixedsize=true, width=.2];
	m9 [label = "", shape = square, style = filled, color=grey, fixedsize=true, width=.2];
	m10 [label = "", shape = square, style = filled, color=grey, fixedsize=true, width=.2];
	m11 [label = "", shape = square, style = filled, color=grey, fixedsize=true, width=.2];
	m12 [label = "", shape = square, style = filled, color=grey, fixedsize=true, width=.2];
	m13 [label = "", shape = square, style = filled, color=grey, fixedsize=true, width=.2];
	m14 [label = "", shape = square, style = filled, color=grey, fixedsize=true, width=.2];
	m15 [label = "", shape = square, style = filled, color=grey, fixedsize=true, width=.2];
	m16 [label = "", shape = square, style = filled, color=grey, fixedsize=true, width=.2];
	m17 [label = "", shape = square, style = filled, color=grey, fixedsize=true, width=.2];
	m18 [label = "", shape = square, style = filled, color=grey, fixedsize=true, width=.2];
	m19 [label = "", shape = square, style = filled, color=grey, fixedsize=true, width=.2];
	s0 -> m0
	q9 -> m4 [label = "b"];
	q9 -> m0 [label = "a"];
	q8 -> m19 [label = "c"];
	q8 -> q9 [label = "b"];
	q8 -> m0 [label = "b"];
	q8 -> m6 [label = "a"];
	q8 -> m1 [label = "a, c"];
	q4 -> m13 [label = "c"];
	q4 -> m19 [label = "c"];
	q4 -> m1 [label = "c"];
	q0 -> m17 [label = "a"];
	q2 -> m16 [label = "b"];
	q5 -> m12 [label = "a, c"];
	q1 -> m9 [label = "c"];
	q1 -> m10 [label = "c"];
	q1 -> q9 [label = "b, c"];
	q6 -> m1 [label = "a"];
	q4 -> m2 [label = "a, b"];
	q7 -> m4 [label = "a, c"];
	q4 -> m5 [label = "a, b"];
	q4 -> m3 [label = "a, b"];
	q4 -> m7 [label = "b"];
	q7 -> m2 [label = "a, b"];
	q3 -> m2 [label = "b"];
	q2 -> m1 [label = "a, c"];
	q6 -> m6 [label = "a"];
	q9 -> m1 [label = "c"];
	q9 -> m2 [label = "c"];
	q6 -> m15 [label = "b"];
	q5 -> q9 [label = "b"];
	q5 -> m13 [label = "a"];
	q2 -> m0 [label = "b, c"];
	q0 -> m1 [label = "c"];
	q3 -> m1 [label = "c"];
	q1 -> m5 [label = "b"];
	q5 -> m1 [label = "a, c"];
	q7 -> m1 [label = "c"];
	q9 -> m3 [label = "c"];
	q1 -> m3 [label = "a, b"];
	q3 -> m4 [label = "a, c"];
	q1 -> m8 [label = "c"];
	q4 -> m8 [label = "b"];
	q5 -> m0 [label = "b"];
	q4 -> q9 [label = "b"];
	q7 -> m5 [label = "a, b"];
	q2 -> m6 [label = "c"];
	q7 -> m0 [label = "b, c"];
	q0 -> m0 [label = "b, c"];
	q7 -> m3 [label = "b"];
	q9 -> m15 [label = "b"];
	q7 -> m14 [label = "b"];
	q3 -> m10 [label = "a"];
	q0 -> m2 [label = "a, b"];
	q1 -> m15 [label = "b"];
	q0 -> q9 [label = "b"];
	q3 -> m5 [label = "b"];
	q8 -> m2 [label = "b"];
	q6 -> m18 [label = "b"];
	q6 -> q9 [label = "c"];
	q3 -> m3 [label = "b"];
	q3 -> m7 [label = "b"];
	q1 -> m1 [label = "a"];
	q3 -> m8 [label = "b"];
	q8 -> m4 [label = "c"];
	q0 -> m5 [label = "a, b"];
	q3 -> m16 [label = "b"];
	q1 -> m2 [label = "a"];
	q5 -> m4 [label = "c"];
	q1 -> m11 [label = "c"];
	q4 -> m17 [label = "a"];
	q2 -> m2 [label = "a"];
	q2 -> m3 [label = "a"];
	q3 -> m14 [label = "b"];
	q0 -> m3 [label = "a, b"];
	m0 -> q1;
	m0 -> q6;
	m1 -> q5;
	m1 -> q8;
	m2 -> q0;
	m2 -> q1;
	m2 -> q3;
	m2 -> q4;
	m2 -> q7;
	m3 -> q0;
	m3 -> q1;
	m3 -> q2;
	m3 -> q4;
	m3 -> q7;
	m4 -> q0;
	m4 -> q2;
	m4 -> q7;
	m5 -> q0;
	m5 -> q1;
	m5 -> q4;
	m5 -> q5;
	m5 -> q8;
	m6 -> q0;
	m6 -> q1;
	m6 -> q2;
	m6 -> q4;
	m6 -> q5;
	m6 -> q7;
	m6 -> q9;
	m7 -> q1;
	m7 -> q2;
	m7 -> q3;
	m7 -> q5;
	m7 -> q6;
	m7 -> q7;
	m7 -> q8;
	m8 -> q0;
	m8 -> q1;
	m8 -> q2;
	m8 -> q6;
	m8 -> q7;
	m9 -> q0;
	m9 -> q2;
	m9 -> q5;
	m9 -> q7;
	m9 -> q8;
	m10 -> q1;
	m10 -> q2;
	m10 -> q5;
	m10 -> q6;
	m10 -> q8;
	m11 -> q3;
	m11 -> q5;
	m11 -> q7;
	m11 -> q8;
	m12 -> q0;
	m12 -> q1;
	m12 -> q3;
	m12 -> q4;
	m12 -> q6;
	m12 -> q7;
	m12 -> q8;
	m12 -> q9;
	m13 -> q0;
	m13 -> q1;
	m13 -> q2;
	m13 -> q4;
	m13 -> q6;
	m13 -> q7;
	m13 -> q8;
	m14 -> q0;
	m14 -> q1;
	m14 -> q2;
	m14 -> q3;
	m14 -> q5;
	m14 -> q7;
	m14 -> q8;
	m15 -> q3;
	m15 -> q7;
	m16 -> q3;
	m16 -> q7;
	m16 -> q9;
	m17 -> q0;
	m17 -> q2;
	m17 -> q3;
	m17 -> q4;
	m17 -> q5;
	m17 -> q7;
	m17 -> q8;
	m17 -> q9;
	m18 -> q1;
	m18 -> q2;
	m18 -> q3;
	m18 -> q5;
	m18 -> q6;
	m18 -> q8;
	m18 -> q9;
	m19 -> q1;
	m19 -> q3;
	m19 -> q6;
	m19 -> q7;
	m19 -> q9;
}
RAFA size: 10 states

