Random target AFA:
digraph finite_state_machine {
	rankdir=LR;
	node [shape = circle];
	s0 [shape = point, style = invis, start="true" ];
	s1 [shape = point, style = invis, start="true" ];
	q0 [label = "q0", shape = doublecircle, final="true" ];
	q1 [label = "q1"];
	q2 [label = "q2"];
	q3 [label = "q3"];
	q4 [label = "q4"];
	q5 [label = "q5", shape = doublecircle, final="true" ];
	m0 [label = "", shape = square, style = filled, color=grey, fixedsize=true, width=.2];
	m1 [label = "", shape = square, style = filled, color=grey, fixedsize=true, width=.2];
	m2 [label = "", shape = square, style = filled, color=grey, fixedsize=true, width=.2];
	m3 [label = "", shape = square, style = filled, color=grey, fixedsize=true, width=.2];
	s0 -> q1
	s1 -> q1
	q3 -> q1 [label = "c"];
	q5 -> m2 [label = "b"];
	q4 -> m3 [label = "b"];
	q1 -> q4 [label = "c"];
	q2 -> q5 [label = "c"];
	q5 -> q2 [label = "a"];
	q3 -> q5 [label = "a"];
	q1 -> q5 [label = "b"];
	q1 -> m2 [label = "c"];
	q4 -> q4 [label = "a, b, c"];
	q0 -> q1 [label = "a, c"];
	q1 -> q0 [label = "b"];
	q4 -> q5 [label = "a"];
	q3 -> q3 [label = "c"];
	q1 -> m1 [label = "a"];
	q2 -> q3 [label = "b"];
	q5 -> q0 [label = "b"];
	q2 -> q2 [label = "a, b"];
	q2 -> q1 [label = "a"];
	q0 -> q2 [label = "b"];
	q5 -> m0 [label = "c"];
	q3 -> q0 [label = "b"];
	q0 -> q3 [label = "b, c"];
	q1 -> q1 [label = "a"];
	q5 -> q3 [label = "a"];
	q5 -> q5 [label = "c"];
	q3 -> q2 [label = "a, b"];
	m0 -> q3;
	m0 -> q4;
	m1 -> q0;
	m1 -> q2;
	m2 -> q1;
	m2 -> q5;
	m3 -> q1;
	m3 -> q3;
}

L* output after 8 EQ and 1883 MQ:
digraph finite_state_machine {
	rankdir=LR;
	node [shape = circle];
	s0 [shape = point, style = invis, start="true" ];
	q0 [label = "q0", shape = doublecircle, final="true" ];
	q1 [label = "q1", shape = doublecircle, final="true" ];
	q2 [label = "q2", shape = doublecircle, final="true" ];
	q3 [label = "q3", shape = doublecircle, final="true" ];
	q4 [label = "q4", shape = doublecircle, final="true" ];
	q5 [label = "q5"];
	q6 [label = "q6", shape = doublecircle, final="true" ];
	q7 [label = "q7"];
	q8 [label = "q8", shape = doublecircle, final="true" ];
	q9 [label = "q9"];
	q10 [label = "q10", shape = doublecircle, final="true" ];
	q11 [label = "q11"];
	q12 [label = "q12", shape = doublecircle, final="true" ];
	q13 [label = "q13", shape = doublecircle, final="true" ];
	q14 [label = "q14", shape = doublecircle, final="true" ];
	q15 [label = "q15", shape = doublecircle, final="true" ];
	q16 [label = "q16", shape = doublecircle, final="true" ];
	q17 [label = "q17"];
	s0 -> q5
	q9 -> q15 [label = "b"];
	q9 -> q9 [label = "a"];
	q11 -> q15 [label = "b"];
	q13 -> q4 [label = "c"];
	q8 -> q10 [label = "c"];
	q14 -> q15 [label = "b"];
	q8 -> q8 [label = "b"];
	q10 -> q16 [label = "a"];
	q14 -> q4 [label = "c"];
	q8 -> q14 [label = "a"];
	q12 -> q17 [label = "c"];
	q11 -> q14 [label = "a"];
	q4 -> q4 [label = "c"];
	q12 -> q2 [label = "a"];
	q2 -> q0 [label = "b"];
	q6 -> q10 [label = "c"];
	q0 -> q1 [label = "b"];
	q0 -> q3 [label = "a, c"];
	q15 -> q8 [label = "b"];
	q12 -> q1 [label = "b"];
	q17 -> q2 [label = "a"];
	q16 -> q15 [label = "b"];
	q10 -> q3 [label = "c"];
	q14 -> q11 [label = "a"];
	q15 -> q10 [label = "c"];
	q11 -> q3 [label = "c"];
	q1 -> q2 [label = "a"];
	q13 -> q1 [label = "b"];
	q2 -> q3 [label = "a"];
	q6 -> q8 [label = "b"];
	q15 -> q16 [label = "a"];
	q17 -> q0 [label = "b"];
	q17 -> q17 [label = "c"];
	q7 -> q12 [label = "b"];
	q16 -> q16 [label = "a"];
	q5 -> q9 [label = "a"];
	q16 -> q3 [label = "c"];
	q2 -> q4 [label = "c"];
	q3 -> q3 [label = "a, c"];
	q5 -> q6 [label = "b"];
	q7 -> q13 [label = "a"];
	q6 -> q11 [label = "a"];
	q4 -> q0 [label = "a"];
	q4 -> q12 [label = "b"];
	q1 -> q3 [label = "c"];
	q10 -> q6 [label = "b"];
	q1 -> q1 [label = "b"];
	q7 -> q7 [label = "c"];
	q9 -> q7 [label = "c"];
	q13 -> q3 [label = "a"];
	q3 -> q0 [label = "b"];
	q5 -> q7 [label = "c"];
}
DFA size: 18 states

NL* output after 9 EQ and 883 MQ:
digraph finite_state_machine {
	rankdir=LR;
	node [shape = circle];
	s0 [shape = point, style = invis, start="true" ];
	q0 [label = "q0", shape = doublecircle, final="true" ];
	q1 [label = "q1", shape = doublecircle, final="true" ];
	q2 [label = "q2"];
	q3 [label = "q3", shape = doublecircle, final="true" ];
	q4 [label = "q4", shape = doublecircle, final="true" ];
	q5 [label = "q5", shape = doublecircle, final="true" ];
	q6 [label = "q6"];
	q7 [label = "q7", shape = doublecircle, final="true" ];
	q8 [label = "q8"];
	q9 [label = "q9"];
	q10 [label = "q10", shape = doublecircle, final="true" ];
	q11 [label = "q11"];
	s0 -> q11
	q11 -> q8 [label = "a"];
	q9 -> q4 [label = "a"];
	q8 -> q9 [label = "c"];
	q8 -> q10 [label = "b"];
	q8 -> q0 [label = "b"];
	q10 -> q8 [label = "a"];
	q8 -> q11 [label = "a"];
	q8 -> q8 [label = "a"];
	q10 -> q0 [label = "b"];
	q0 -> q8 [label = "a"];
	q0 -> q3 [label = "a"];
	q2 -> q10 [label = "b"];
	q2 -> q5 [label = "b"];
	q2 -> q0 [label = "b"];
	q6 -> q7 [label = "c"];
	q6 -> q6 [label = "c"];
	q6 -> q5 [label = "c"];
	q11 -> q11 [label = "a"];
	q6 -> q2 [label = "c"];
	q11 -> q10 [label = "b"];
	q6 -> q1 [label = "c"];
	q2 -> q4 [label = "a, b"];
	q2 -> q1 [label = "a, b"];
	q9 -> q5 [label = "b"];
	q6 -> q10 [label = "b, c"];
	q6 -> q0 [label = "b, c"];
	q1 -> q9 [label = "a, b, c"];
	q5 -> q3 [label = "a"];
	q6 -> q11 [label = "a, c"];
	q6 -> q3 [label = "a, c"];
	q2 -> q11 [label = "a, c"];
	q2 -> q3 [label = "a"];
	q10 -> q11 [label = "a, c"];
	q7 -> q11 [label = "a, c"];
	q1 -> q5 [label = "a, b"];
	q7 -> q10 [label = "a, b, c"];
	q5 -> q0 [label = "b"];
	q4 -> q7 [label = "a"];
	q2 -> q8 [label = "a, c"];
	q7 -> q8 [label = "a, c"];
	q11 -> q9 [label = "c"];
	q6 -> q8 [label = "a, c"];
	q5 -> q9 [label = "a, b, c"];
	q3 -> q9 [label = "c"];
	q4 -> q3 [label = "a"];
	q2 -> q9 [label = "a, b, c"];
	q3 -> q10 [label = "b"];
	q10 -> q7 [label = "c"];
	q4 -> q0 [label = "a, b"];
	q4 -> q2 [label = "a"];
	q1 -> q10 [label = "a"];
	q4 -> q6 [label = "a"];
	q6 -> q4 [label = "c"];
	q5 -> q5 [label = "b"];
	q4 -> q8 [label = "a"];
	q1 -> q1 [label = "a, c"];
	q4 -> q5 [label = "a, b"];
	q5 -> q1 [label = "a"];
	q0 -> q0 [label = "b"];
	q9 -> q9 [label = "a, b, c"];
	q3 -> q1 [label = "c"];
	q7 -> q6 [label = "a, c"];
	q5 -> q8 [label = "a, c"];
	q6 -> q9 [label = "c"];
	q0 -> q11 [label = "a, c"];
	q7 -> q7 [label = "a, c"];
	q2 -> q2 [label = "c"];
	q10 -> q6 [label = "a"];
	q7 -> q4 [label = "c"];
	q7 -> q0 [label = "a, c"];
	q9 -> q1 [label = "a"];
	q7 -> q3 [label = "a, c"];
	q4 -> q9 [label = "a, b, c"];
	q5 -> q4 [label = "a"];
	q5 -> q11 [label = "a, c"];
	q7 -> q1 [label = "c"];
	q3 -> q6 [label = "a"];
	q3 -> q8 [label = "a"];
	q3 -> q11 [label = "a"];
	q7 -> q2 [label = "c"];
	q7 -> q9 [label = "c"];
	q4 -> q1 [label = "a, c"];
	q3 -> q0 [label = "b"];
	q1 -> q0 [label = "a"];
	q1 -> q4 [label = "a"];
	q7 -> q5 [label = "c"];
	q5 -> q2 [label = "c"];
	q4 -> q4 [label = "a"];
	q4 -> q11 [label = "a"];
	q4 -> q10 [label = "a"];
	q0 -> q7 [label = "c"];
}
NFA size: 12 states

AL* output after 9 EQ and 670 MQ:
digraph finite_state_machine {
	rankdir=LR;
	node [shape = circle];
	s0 [shape = point, style = invis, start="true" ];
	q0 [label = "q0"];
	q1 [label = "q1"];
	q2 [label = "q2", shape = doublecircle, final="true" ];
	q3 [label = "q3", shape = doublecircle, final="true" ];
	q4 [label = "q4", shape = doublecircle, final="true" ];
	q5 [label = "q5", shape = doublecircle, final="true" ];
	q6 [label = "q6"];
	q7 [label = "q7", shape = doublecircle, final="true" ];
	m0 [label = "", shape = square, style = filled, color=grey, fixedsize=true, width=.2];
	m1 [label = "", shape = square, style = filled, color=grey, fixedsize=true, width=.2];
	m2 [label = "", shape = square, style = filled, color=grey, fixedsize=true, width=.2];
	m3 [label = "", shape = square, style = filled, color=grey, fixedsize=true, width=.2];
	m4 [label = "", shape = square, style = filled, color=grey, fixedsize=true, width=.2];
	m5 [label = "", shape = square, style = filled, color=grey, fixedsize=true, width=.2];
	m6 [label = "", shape = square, style = filled, color=grey, fixedsize=true, width=.2];
	m7 [label = "", shape = square, style = filled, color=grey, fixedsize=true, width=.2];
	m8 [label = "", shape = square, style = filled, color=grey, fixedsize=true, width=.2];
	s0 -> m0
	q5 -> m5 [label = "b"];
	q6 -> m2 [label = "a"];
	q1 -> m1 [label = "c"];
	q5 -> m4 [label = "a, b"];
	q7 -> m6 [label = "b"];
	q7 -> m5 [label = "b"];
	q1 -> m3 [label = "b, c"];
	q7 -> m3 [label = "b, c"];
	q3 -> m2 [label = "a, c"];
	q7 -> m2 [label = "a, c"];
	q7 -> m7 [label = "b, c"];
	q3 -> m1 [label = "a, b, c"];
	q0 -> m7 [label = "b"];
	q0 -> m2 [label = "b"];
	q4 -> m0 [label = "a, c"];
	q6 -> m1 [label = "a, b, c"];
	q1 -> m7 [label = "b"];
	q2 -> m2 [label = "a"];
	q2 -> m1 [label = "a, b, c"];
	q2 -> m6 [label = "b"];
	q4 -> m3 [label = "a, b, c"];
	q0 -> m3 [label = "b"];
	q2 -> m3 [label = "b, c"];
	q1 -> m2 [label = "a, b, c"];
	q6 -> m8 [label = "a"];
	q4 -> m1 [label = "c"];
	q2 -> m0 [label = "a, c"];
	q1 -> m0 [label = "a, c"];
	q6 -> m5 [label = "b"];
	q3 -> m3 [label = "a, b"];
	q0 -> m4 [label = "a, b"];
	q5 -> m3 [label = "a, b, c"];
	q7 -> m4 [label = "a, b"];
	q4 -> m2 [label = "a, b, c"];
	q6 -> m3 [label = "b"];
	q0 -> m1 [label = "c"];
	q4 -> m4 [label = "a, b"];
	q4 -> m7 [label = "a"];
	q7 -> m0 [label = "a, c"];
	q0 -> m0 [label = "a"];
	q5 -> m7 [label = "a, b, c"];
	q2 -> m5 [label = "b"];
	q5 -> m0 [label = "a, c"];
	q5 -> m6 [label = "a, b"];
	q5 -> m2 [label = "c"];
	q1 -> m4 [label = "a, b"];
	q3 -> m5 [label = "b"];
	m0 -> q0;
	m0 -> q1;
	m0 -> q4;
	m1 -> q2;
	m1 -> q3;
	m1 -> q6;
	m2 -> q3;
	m2 -> q4;
	m2 -> q5;
	m3 -> q1;
	m3 -> q2;
	m3 -> q4;
	m3 -> q5;
	m3 -> q7;
	m4 -> q0;
	m4 -> q1;
	m4 -> q2;
	m4 -> q3;
	m4 -> q5;
	m4 -> q6;
	m4 -> q7;
	m5 -> q2;
	m5 -> q3;
	m5 -> q4;
	m5 -> q5;
	m5 -> q7;
	m6 -> q1;
	m6 -> q3;
	m6 -> q4;
	m6 -> q5;
	m6 -> q7;
	m7 -> q1;
	m7 -> q2;
	m7 -> q3;
	m7 -> q4;
	m7 -> q6;
	m7 -> q7;
	m8 -> q0;
	m8 -> q1;
	m8 -> q2;
	m8 -> q4;
	m8 -> q5;
	m8 -> q7;
}
AFA size: 8 states

AL** output after 10 EQ and 670 MQ:
digraph finite_state_machine {
	rankdir=LR;
	node [shape = circle];
	s0 [shape = point, style = invis, start="true" ];
	q0 [label = "q0"];
	q1 [label = "q1"];
	q2 [label = "q2", shape = doublecircle, final="true" ];
	q3 [label = "q3", shape = doublecircle, final="true" ];
	q4 [label = "q4", shape = doublecircle, final="true" ];
	q5 [label = "q5", shape = doublecircle, final="true" ];
	q6 [label = "q6"];
	q7 [label = "q7", shape = doublecircle, final="true" ];
	m0 [label = "", shape = square, style = filled, color=grey, fixedsize=true, width=.2];
	m1 [label = "", shape = square, style = filled, color=grey, fixedsize=true, width=.2];
	m2 [label = "", shape = square, style = filled, color=grey, fixedsize=true, width=.2];
	m3 [label = "", shape = square, style = filled, color=grey, fixedsize=true, width=.2];
	m4 [label = "", shape = square, style = filled, color=grey, fixedsize=true, width=.2];
	m5 [label = "", shape = square, style = filled, color=grey, fixedsize=true, width=.2];
	m6 [label = "", shape = square, style = filled, color=grey, fixedsize=true, width=.2];
	m7 [label = "", shape = square, style = filled, color=grey, fixedsize=true, width=.2];
	m8 [label = "", shape = square, style = filled, color=grey, fixedsize=true, width=.2];
	s0 -> m0
	q5 -> m5 [label = "b"];
	q6 -> m2 [label = "a"];
	q1 -> m1 [label = "c"];
	q5 -> m4 [label = "a, b"];
	q7 -> m6 [label = "b"];
	q7 -> m5 [label = "b"];
	q1 -> m3 [label = "b, c"];
	q7 -> m3 [label = "b, c"];
	q3 -> m2 [label = "a, c"];
	q7 -> m2 [label = "a, c"];
	q7 -> m7 [label = "b, c"];
	q3 -> m1 [label = "a, b, c"];
	q0 -> m7 [label = "b"];
	q0 -> m2 [label = "b"];
	q4 -> m0 [label = "a, c"];
	q6 -> m1 [label = "a, b, c"];
	q1 -> m7 [label = "b"];
	q2 -> m2 [label = "a"];
	q2 -> m1 [label = "a, b, c"];
	q2 -> m6 [label = "b"];
	q4 -> m3 [label = "a, b, c"];
	q0 -> m3 [label = "b"];
	q2 -> m3 [label = "b, c"];
	q1 -> m2 [label = "a, b, c"];
	q6 -> m8 [label = "a"];
	q4 -> m1 [label = "c"];
	q2 -> m0 [label = "a, c"];
	q1 -> m0 [label = "a, c"];
	q6 -> m5 [label = "b"];
	q3 -> m3 [label = "a, b"];
	q0 -> m4 [label = "a, b"];
	q5 -> m3 [label = "a, b, c"];
	q7 -> m4 [label = "a, b"];
	q4 -> m2 [label = "a, b, c"];
	q6 -> m3 [label = "b"];
	q0 -> m1 [label = "c"];
	q4 -> m4 [label = "a, b"];
	q4 -> m7 [label = "a"];
	q7 -> m0 [label = "a, c"];
	q0 -> m0 [label = "a"];
	q5 -> m7 [label = "a, b, c"];
	q2 -> m5 [label = "b"];
	q5 -> m0 [label = "a, c"];
	q5 -> m6 [label = "a, b"];
	q5 -> m2 [label = "c"];
	q1 -> m4 [label = "a, b"];
	q3 -> m5 [label = "b"];
	m0 -> q0;
	m0 -> q1;
	m0 -> q4;
	m1 -> q2;
	m1 -> q3;
	m1 -> q6;
	m2 -> q3;
	m2 -> q4;
	m2 -> q5;
	m3 -> q1;
	m3 -> q2;
	m3 -> q4;
	m3 -> q5;
	m3 -> q7;
	m4 -> q0;
	m4 -> q1;
	m4 -> q2;
	m4 -> q3;
	m4 -> q5;
	m4 -> q6;
	m4 -> q7;
	m5 -> q2;
	m5 -> q3;
	m5 -> q4;
	m5 -> q5;
	m5 -> q7;
	m6 -> q1;
	m6 -> q3;
	m6 -> q4;
	m6 -> q5;
	m6 -> q7;
	m7 -> q1;
	m7 -> q2;
	m7 -> q3;
	m7 -> q4;
	m7 -> q6;
	m7 -> q7;
	m8 -> q0;
	m8 -> q1;
	m8 -> q2;
	m8 -> q4;
	m8 -> q5;
	m8 -> q7;
}
RAFA size: 8 states

