Random target AFA:
digraph finite_state_machine {
	rankdir=LR;
	node [shape = circle];
	s0 [shape = point, style = invis, start="true" ];
	s1 [shape = point, style = invis, start="true" ];
	q0 [label = "q0"];
	q1 [label = "q1"];
	q2 [label = "q2"];
	q3 [label = "q3", shape = doublecircle, final="true" ];
	q4 [label = "q4", shape = doublecircle, final="true" ];
	q5 [label = "q5"];
	m0 [label = "", shape = square, style = filled, color=grey, fixedsize=true, width=.2];
	m1 [label = "", shape = square, style = filled, color=grey, fixedsize=true, width=.2];
	m2 [label = "", shape = square, style = filled, color=grey, fixedsize=true, width=.2];
	m3 [label = "", shape = square, style = filled, color=grey, fixedsize=true, width=.2];
	m4 [label = "", shape = square, style = filled, color=grey, fixedsize=true, width=.2];
	m5 [label = "", shape = square, style = filled, color=grey, fixedsize=true, width=.2];
	s0 -> q0
	s1 -> q0
	q3 -> m5 [label = "c"];
	q5 -> q5 [label = "b"];
	q4 -> q1 [label = "b"];
	q5 -> q0 [label = "a"];
	q5 -> q2 [label = "a"];
	q3 -> q1 [label = "a, b, c"];
	q1 -> q5 [label = "a, c"];
	q5 -> q1 [label = "b"];
	q1 -> q4 [label = "a, c"];
	q5 -> q4 [label = "c"];
	q0 -> q4 [label = "a"];
	q0 -> q2 [label = "b"];
	q4 -> q2 [label = "b"];
	q4 -> q5 [label = "a, c"];
	q0 -> m3 [label = "c"];
	q4 -> m4 [label = "a"];
	q2 -> q3 [label = "b"];
	q1 -> q3 [label = "b"];
	q2 -> m1 [label = "b, c"];
	q4 -> m0 [label = "c"];
	q0 -> m2 [label = "c"];
	q2 -> q0 [label = "a, c"];
	q2 -> q1 [label = "a"];
	q1 -> q1 [label = "b"];
	q3 -> q0 [label = "a, b"];
	q0 -> q3 [label = "a"];
	q5 -> m4 [label = "c"];
	m0 -> q0;
	m0 -> q3;
	m1 -> q0;
	m1 -> q4;
	m2 -> q2;
	m2 -> q4;
	m3 -> q3;
	m3 -> q5;
	m4 -> q0;
	m4 -> q5;
	m5 -> q0;
	m5 -> q2;
}

L* output after 10 EQ and 7138 MQ:
digraph finite_state_machine {
	rankdir=LR;
	node [shape = circle];
	s0 [shape = point, style = invis, start="true" ];
	q0 [label = "q0", shape = doublecircle, final="true" ];
	q1 [label = "q1", shape = doublecircle, final="true" ];
	q2 [label = "q2", shape = doublecircle, final="true" ];
	q3 [label = "q3", shape = doublecircle, final="true" ];
	q4 [label = "q4"];
	q5 [label = "q5", shape = doublecircle, final="true" ];
	q6 [label = "q6", shape = doublecircle, final="true" ];
	q7 [label = "q7", shape = doublecircle, final="true" ];
	q8 [label = "q8"];
	q9 [label = "q9", shape = doublecircle, final="true" ];
	q10 [label = "q10", shape = doublecircle, final="true" ];
	q11 [label = "q11", shape = doublecircle, final="true" ];
	q12 [label = "q12", shape = doublecircle, final="true" ];
	q13 [label = "q13", shape = doublecircle, final="true" ];
	q14 [label = "q14"];
	q15 [label = "q15", shape = doublecircle, final="true" ];
	q16 [label = "q16", shape = doublecircle, final="true" ];
	q17 [label = "q17"];
	q18 [label = "q18"];
	q19 [label = "q19"];
	q20 [label = "q20"];
	q21 [label = "q21"];
	q22 [label = "q22"];
	q23 [label = "q23", shape = doublecircle, final="true" ];
	q24 [label = "q24"];
	q25 [label = "q25"];
	q26 [label = "q26"];
	q27 [label = "q27"];
	q28 [label = "q28"];
	q29 [label = "q29"];
	q30 [label = "q30", shape = doublecircle, final="true" ];
	q31 [label = "q31", shape = doublecircle, final="true" ];
	q32 [label = "q32", shape = doublecircle, final="true" ];
	q33 [label = "q33"];
	q34 [label = "q34"];
	q35 [label = "q35", shape = doublecircle, final="true" ];
	q36 [label = "q36"];
	q37 [label = "q37"];
	q38 [label = "q38"];
	q39 [label = "q39", shape = doublecircle, final="true" ];
	q40 [label = "q40"];
	q41 [label = "q41"];
	q42 [label = "q42", shape = doublecircle, final="true" ];
	q43 [label = "q43"];
	q44 [label = "q44", shape = doublecircle, final="true" ];
	q45 [label = "q45"];
	q46 [label = "q46", shape = doublecircle, final="true" ];
	q47 [label = "q47", shape = doublecircle, final="true" ];
	q48 [label = "q48"];
	q49 [label = "q49", shape = doublecircle, final="true" ];
	q50 [label = "q50", shape = doublecircle, final="true" ];
	q51 [label = "q51"];
	q52 [label = "q52"];
	q53 [label = "q53", shape = doublecircle, final="true" ];
	q54 [label = "q54", shape = doublecircle, final="true" ];
	q55 [label = "q55", shape = doublecircle, final="true" ];
	q56 [label = "q56", shape = doublecircle, final="true" ];
	s0 -> q40
	q41 -> q55 [label = "c"];
	q47 -> q19 [label = "b"];
	q43 -> q15 [label = "a"];
	q45 -> q44 [label = "c"];
	q40 -> q37 [label = "c"];
	q46 -> q14 [label = "b"];
	q42 -> q35 [label = "a"];
	q40 -> q38 [label = "b"];
	q46 -> q45 [label = "c"];
	q40 -> q39 [label = "a"];
	q47 -> q45 [label = "c"];
	q42 -> q53 [label = "b"];
	q44 -> q44 [label = "c"];
	q39 -> q36 [label = "a"];
	q35 -> q42 [label = "c"];
	q43 -> q2 [label = "b"];
	q38 -> q48 [label = "a"];
	q36 -> q53 [label = "b"];
	q34 -> q30 [label = "c"];
	q37 -> q34 [label = "a"];
	q33 -> q28 [label = "c"];
	q39 -> q51 [label = "c"];
	q37 -> q33 [label = "c"];
	q38 -> q40 [label = "c"];
	q34 -> q31 [label = "a"];
	q32 -> q26 [label = "b"];
	q36 -> q32 [label = "c"];
	q15 -> q15 [label = "b"];
	q12 -> q16 [label = "b"];
	q10 -> q54 [label = "c"];
	q31 -> q25 [label = "a"];
	q11 -> q49 [label = "c"];
	q13 -> q54 [label = "c"];
	q41 -> q3 [label = "b"];
	q49 -> q50 [label = "a"];
	q16 -> q54 [label = "c"];
	q21 -> q55 [label = "c"];
	q28 -> q17 [label = "b"];
	q17 -> q50 [label = "a"];
	q19 -> q10 [label = "b"];
	q33 -> q27 [label = "b"];
	q5 -> q11 [label = "a"];
	q17 -> q1 [label = "b"];
	q8 -> q16 [label = "a"];
	q22 -> q7 [label = "b"];
	q22 -> q42 [label = "a"];
	q31 -> q21 [label = "b"];
	q19 -> q11 [label = "a"];
	q36 -> q35 [label = "a"];
	q48 -> q32 [label = "c"];
	q19 -> q55 [label = "c"];
	q17 -> q49 [label = "c"];
	q46 -> q29 [label = "a"];
	q55 -> q35 [label = "a"];
	q20 -> q2 [label = "b"];
	q7 -> q54 [label = "c"];
	q18 -> q55 [label = "c"];
	q24 -> q47 [label = "c"];
	q20 -> q15 [label = "a"];
	q16 -> q35 [label = "a, b"];
	q55 -> q44 [label = "c"];
	q3 -> q15 [label = "b"];
	q51 -> q50 [label = "a"];
	q5 -> q19 [label = "b"];
	q53 -> q50 [label = "a"];
	q8 -> q32 [label = "c"];
	q0 -> q42 [label = "c"];
	q54 -> q50 [label = "a"];
	q15 -> q42 [label = "c"];
	q26 -> q55 [label = "c"];
	q50 -> q55 [label = "c"];
	q52 -> q10 [label = "b"];
	q51 -> q12 [label = "b"];
	q42 -> q44 [label = "c"];
	q10 -> q15 [label = "b"];
	q56 -> q9 [label = "b"];
	q9 -> q54 [label = "c"];
	q12 -> q54 [label = "c"];
	q32 -> q43 [label = "a"];
	q55 -> q26 [label = "b"];
	q13 -> q18 [label = "a, b"];
	q25 -> q35 [label = "a"];
	q53 -> q42 [label = "c"];
	q8 -> q0 [label = "b"];
	q20 -> q5 [label = "c"];
	q29 -> q18 [label = "a"];
	q44 -> q26 [label = "b"];
	q56 -> q42 [label = "a, c"];
	q37 -> q52 [label = "b"];
	q52 -> q11 [label = "a"];
	q18 -> q35 [label = "a"];
	q18 -> q2 [label = "b"];
	q49 -> q26 [label = "b"];
	q15 -> q16 [label = "a"];
	q33 -> q29 [label = "a"];
	q52 -> q49 [label = "c"];
	q54 -> q44 [label = "c"];
	q28 -> q46 [label = "c"];
	q34 -> q56 [label = "b"];
	q50 -> q35 [label = "a"];
	q50 -> q2 [label = "b"];
	q35 -> q35 [label = "a, b"];
	q24 -> q9 [label = "a"];
	q48 -> q13 [label = "a"];
	q23 -> q22 [label = "c"];
	q45 -> q17 [label = "b"];
	q49 -> q44 [label = "c"];
	q54 -> q53 [label = "b"];
	q47 -> q16 [label = "a"];
	q11 -> q35 [label = "a"];
	q32 -> q44 [label = "c"];
	q43 -> q47 [label = "c"];
	q21 -> q16 [label = "a"];
	q7 -> q11 [label = "a"];
	q4 -> q2 [label = "b"];
	q6 -> q11 [label = "a"];
	q53 -> q16 [label = "b"];
	q24 -> q3 [label = "b"];
	q1 -> q54 [label = "c"];
	q0 -> q11 [label = "a"];
	q7 -> q9 [label = "b"];
	q1 -> q35 [label = "b"];
	q2 -> q50 [label = "a"];
	q5 -> q45 [label = "c"];
	q4 -> q50 [label = "a"];
	q6 -> q15 [label = "b"];
	q0 -> q9 [label = "b"];
	q9 -> q16 [label = "a"];
	q6 -> q42 [label = "c"];
	q2 -> q35 [label = "b"];
	q3 -> q42 [label = "a, c"];
	q1 -> q50 [label = "a"];
	q4 -> q55 [label = "c"];
	q14 -> q55 [label = "c"];
	q39 -> q41 [label = "b"];
	q14 -> q42 [label = "a"];
	q10 -> q42 [label = "a"];
	q14 -> q10 [label = "b"];
	q48 -> q56 [label = "b"];
	q12 -> q50 [label = "a"];
	q51 -> q32 [label = "c"];
	q11 -> q2 [label = "b"];
	q44 -> q18 [label = "a"];
	q23 -> q8 [label = "a"];
	q9 -> q15 [label = "b"];
	q21 -> q6 [label = "b"];
	q26 -> q1 [label = "b"];
	q26 -> q50 [label = "a"];
	q2 -> q42 [label = "c"];
	q30 -> q45 [label = "c"];
	q22 -> q32 [label = "c"];
	q28 -> q24 [label = "a"];
	q30 -> q19 [label = "b"];
	q27 -> q10 [label = "b"];
	q45 -> q18 [label = "a"];
	q29 -> q49 [label = "c"];
	q25 -> q2 [label = "b"];
	q38 -> q23 [label = "b"];
	q27 -> q42 [label = "a"];
	q31 -> q54 [label = "c"];
	q23 -> q41 [label = "b"];
	q25 -> q49 [label = "c"];
	q41 -> q16 [label = "a"];
	q30 -> q20 [label = "a"];
	q27 -> q49 [label = "c"];
	q29 -> q4 [label = "b"];
}
DFA size: 57 states

NL* output after 12 EQ and 2699 MQ:
digraph finite_state_machine {
	rankdir=LR;
	node [shape = circle];
	s0 [shape = point, style = invis, start="true" ];
	q0 [label = "q0", shape = doublecircle, final="true" ];
	q1 [label = "q1", shape = doublecircle, final="true" ];
	q2 [label = "q2"];
	q3 [label = "q3", shape = doublecircle, final="true" ];
	q4 [label = "q4"];
	q5 [label = "q5", shape = doublecircle, final="true" ];
	q6 [label = "q6"];
	q7 [label = "q7", shape = doublecircle, final="true" ];
	q8 [label = "q8", shape = doublecircle, final="true" ];
	q9 [label = "q9"];
	q10 [label = "q10", shape = doublecircle, final="true" ];
	q11 [label = "q11"];
	q12 [label = "q12"];
	q13 [label = "q13"];
	q14 [label = "q14", shape = doublecircle, final="true" ];
	q15 [label = "q15"];
	q16 [label = "q16"];
	q17 [label = "q17"];
	q18 [label = "q18"];
	s0 -> q9
	q9 -> q11 [label = "b"];
	q11 -> q17 [label = "a"];
	q15 -> q7 [label = "c"];
	q14 -> q5 [label = "b"];
	q14 -> q0 [label = "b"];
	q8 -> q13 [label = "b, c"];
	q8 -> q11 [label = "b"];
	q8 -> q18 [label = "a, c"];
	q8 -> q12 [label = "a, c"];
	q8 -> q2 [label = "a"];
	q10 -> q17 [label = "a, b"];
	q10 -> q16 [label = "b"];
	q10 -> q9 [label = "a, b"];
	q0 -> q2 [label = "a"];
	q2 -> q15 [label = "b"];
	q2 -> q6 [label = "b"];
	q0 -> q16 [label = "a, b"];
	q0 -> q9 [label = "a, b"];
	q0 -> q3 [label = "b"];
	q0 -> q0 [label = "b"];
	q15 -> q8 [label = "c"];
	q2 -> q17 [label = "a"];
	q2 -> q10 [label = "a, b"];
	q2 -> q5 [label = "a, b"];
	q2 -> q4 [label = "a, b"];
	q2 -> q0 [label = "a, b"];
	q6 -> q0 [label = "b"];
	q0 -> q18 [label = "a, c"];
	q0 -> q13 [label = "a, b, c"];
	q14 -> q10 [label = "b"];
	q0 -> q12 [label = "a, b, c"];
	q0 -> q8 [label = "a, b, c"];
	q0 -> q4 [label = "a, b, c"];
	q0 -> q1 [label = "a, b, c"];
	q11 -> q5 [label = "b"];
	q0 -> q5 [label = "b"];
	q4 -> q18 [label = "a, c"];
	q4 -> q17 [label = "a"];
	q4 -> q9 [label = "a"];
	q8 -> q16 [label = "b"];
	q4 -> q8 [label = "a, c"];
	q4 -> q7 [label = "a"];
	q4 -> q1 [label = "a"];
	q2 -> q16 [label = "a, b"];
	q1 -> q17 [label = "a"];
	q1 -> q15 [label = "a"];
	q8 -> q9 [label = "a"];
	q2 -> q3 [label = "a, b"];
	q1 -> q8 [label = "a"];
	q14 -> q12 [label = "a, b, c"];
	q17 -> q5 [label = "a"];
	q4 -> q6 [label = "a"];
	q15 -> q15 [label = "a, b"];
	q2 -> q18 [label = "b"];
	q12 -> q16 [label = "b"];
	q5 -> q11 [label = "b"];
	q12 -> q13 [label = "b, c"];
	q13 -> q16 [label = "b"];
	q9 -> q10 [label = "a"];
	q2 -> q11 [label = "a, b"];
	q16 -> q10 [label = "b"];
	q18 -> q6 [label = "b"];
	q1 -> q1 [label = "a"];
	q12 -> q9 [label = "a"];
	q15 -> q6 [label = "a, b"];
	q0 -> q6 [label = "a, c"];
	q14 -> q9 [label = "a, b, c"];
	q14 -> q4 [label = "a, b, c"];
	q6 -> q16 [label = "a, b"];
	q15 -> q12 [label = "a, b, c"];
	q16 -> q17 [label = "a"];
	q7 -> q15 [label = "a"];
	q17 -> q12 [label = "a, b, c"];
	q10 -> q4 [label = "a, c"];
	q17 -> q14 [label = "b"];
	q12 -> q17 [label = "a"];
	q14 -> q8 [label = "a, b, c"];
	q18 -> q4 [label = "b"];
	q16 -> q12 [label = "a, b, c"];
	q15 -> q9 [label = "a"];
	q3 -> q9 [label = "a, b"];
	q9 -> q5 [label = "a"];
	q17 -> q7 [label = "a"];
	q1 -> q2 [label = "a"];
	q14 -> q13 [label = "a, b, c"];
	q17 -> q4 [label = "b"];
	q14 -> q17 [label = "a, b, c"];
	q16 -> q6 [label = "a"];
	q17 -> q16 [label = "b"];
	q0 -> q7 [label = "a, b, c"];
	q18 -> q16 [label = "b"];
	q17 -> q10 [label = "a"];
	q3 -> q11 [label = "b"];
	q16 -> q16 [label = "b"];
	q3 -> q4 [label = "a, b, c"];
	q1 -> q4 [label = "a"];
	q18 -> q13 [label = "b, c"];
	q14 -> q3 [label = "b"];
	q17 -> q8 [label = "a, c"];
	q15 -> q4 [label = "a, b"];
	q17 -> q13 [label = "a"];
	q15 -> q2 [label = "a"];
	q18 -> q7 [label = "c"];
	q16 -> q8 [label = "a, c"];
	q15 -> q16 [label = "a, b"];
	q17 -> q11 [label = "b"];
	q8 -> q17 [label = "a"];
	q5 -> q16 [label = "b"];
	q4 -> q13 [label = "a, b"];
	q16 -> q7 [label = "a, c"];
	q18 -> q17 [label = "a"];
	q16 -> q13 [label = "a, c"];
	q6 -> q11 [label = "a"];
	q3 -> q6 [label = "a, c"];
	q4 -> q12 [label = "a, b, c"];
	q18 -> q12 [label = "b"];
	q1 -> q7 [label = "a"];
	q14 -> q7 [label = "a, b, c"];
	q15 -> q1 [label = "c"];
	q0 -> q10 [label = "b"];
	q15 -> q17 [label = "a"];
	q16 -> q18 [label = "a, c"];
	q5 -> q9 [label = "a, b"];
	q6 -> q8 [label = "a, c"];
	q18 -> q9 [label = "a"];
	q18 -> q11 [label = "a"];
	q0 -> q15 [label = "a"];
	q3 -> q12 [label = "a, b, c"];
	q16 -> q4 [label = "a, b"];
	q15 -> q18 [label = "a, b, c"];
	q17 -> q3 [label = "a"];
	q10 -> q13 [label = "a, b, c"];
	q10 -> q11 [label = "b"];
	q13 -> q12 [label = "a, c"];
	q13 -> q13 [label = "a"];
	q6 -> q7 [label = "a"];
	q14 -> q16 [label = "b"];
	q3 -> q1 [label = "c"];
	q2 -> q7 [label = "a, b, c"];
	q11 -> q9 [label = "a, c"];
	q3 -> q8 [label = "c"];
	q3 -> q13 [label = "a, b, c"];
	q7 -> q16 [label = "b"];
	q3 -> q18 [label = "a, c"];
	q16 -> q5 [label = "b"];
	q5 -> q17 [label = "a, b"];
	q4 -> q4 [label = "a, b"];
	q18 -> q18 [label = "b"];
	q3 -> q15 [label = "a"];
	q7 -> q12 [label = "a, c"];
	q2 -> q14 [label = "a, b"];
	q7 -> q13 [label = "a, c"];
	q1 -> q9 [label = "a"];
	q14 -> q6 [label = "a, c"];
	q7 -> q18 [label = "a, c"];
	q13 -> q15 [label = "a"];
	q2 -> q1 [label = "a, b, c"];
	q1 -> q12 [label = "a, c"];
	q15 -> q11 [label = "a, b"];
	q2 -> q12 [label = "a, b, c"];
	q2 -> q8 [label = "a, b, c"];
	q14 -> q1 [label = "a, b, c"];
	q13 -> q18 [label = "a, c"];
	q2 -> q13 [label = "a, b, c"];
	q1 -> q18 [label = "a, c"];
	q4 -> q0 [label = "b"];
	q9 -> q12 [label = "a, c"];
	q4 -> q16 [label = "b"];
	q6 -> q4 [label = "a, b"];
	q6 -> q2 [label = "a"];
	q14 -> q18 [label = "a, c"];
	q16 -> q1 [label = "a, c"];
	q6 -> q6 [label = "a, b"];
	q6 -> q9 [label = "a"];
	q1 -> q16 [label = "a, b"];
	q2 -> q9 [label = "a"];
	q6 -> q13 [label = "a, b"];
	q0 -> q17 [label = "a, b"];
	q10 -> q6 [label = "a, c"];
	q6 -> q1 [label = "a"];
	q6 -> q15 [label = "a"];
	q5 -> q13 [label = "a, b"];
	q6 -> q17 [label = "a"];
	q6 -> q18 [label = "a, b, c"];
	q1 -> q13 [label = "a, b, c"];
	q3 -> q17 [label = "a, b"];
	q5 -> q4 [label = "a, c"];
	q15 -> q13 [label = "a, b, c"];
	q3 -> q7 [label = "c"];
	q7 -> q11 [label = "b"];
	q11 -> q13 [label = "a"];
	q3 -> q2 [label = "a"];
	q16 -> q9 [label = "a"];
	q3 -> q16 [label = "a, b"];
	q6 -> q12 [label = "a, b, c"];
	q1 -> q11 [label = "b"];
	q1 -> q6 [label = "a"];
}
NFA size: 19 states

AL* output after 15 EQ and 1764 MQ:
digraph finite_state_machine {
	rankdir=LR;
	node [shape = circle];
	s0 [shape = point, style = invis, start="true" ];
	q0 [label = "q0", shape = doublecircle, final="true" ];
	q1 [label = "q1", shape = doublecircle, final="true" ];
	q2 [label = "q2"];
	q3 [label = "q3"];
	q4 [label = "q4", shape = doublecircle, final="true" ];
	q5 [label = "q5"];
	q6 [label = "q6"];
	q7 [label = "q7", shape = doublecircle, final="true" ];
	q8 [label = "q8"];
	q9 [label = "q9", shape = doublecircle, final="true" ];
	q10 [label = "q10"];
	q11 [label = "q11"];
	m0 [label = "", shape = square, style = filled, color=grey, fixedsize=true, width=.2];
	m1 [label = "", shape = square, style = filled, color=grey, fixedsize=true, width=.2];
	m2 [label = "", shape = square, style = filled, color=grey, fixedsize=true, width=.2];
	m3 [label = "", shape = square, style = filled, color=grey, fixedsize=true, width=.2];
	m4 [label = "", shape = square, style = filled, color=grey, fixedsize=true, width=.2];
	m5 [label = "", shape = square, style = filled, color=grey, fixedsize=true, width=.2];
	m6 [label = "", shape = square, style = filled, color=grey, fixedsize=true, width=.2];
	m7 [label = "", shape = square, style = filled, color=grey, fixedsize=true, width=.2];
	m8 [label = "", shape = square, style = filled, color=grey, fixedsize=true, width=.2];
	m9 [label = "", shape = square, style = filled, color=grey, fixedsize=true, width=.2];
	m10 [label = "", shape = square, style = filled, color=grey, fixedsize=true, width=.2];
	m11 [label = "", shape = square, style = filled, color=grey, fixedsize=true, width=.2];
	m12 [label = "", shape = square, style = filled, color=grey, fixedsize=true, width=.2];
	m13 [label = "", shape = square, style = filled, color=grey, fixedsize=true, width=.2];
	m14 [label = "", shape = square, style = filled, color=grey, fixedsize=true, width=.2];
	m15 [label = "", shape = square, style = filled, color=grey, fixedsize=true, width=.2];
	s0 -> m0
	q11 -> m9 [label = "a, b"];
	q11 -> m8 [label = "a, b"];
	q11 -> m7 [label = "b"];
	q8 -> m14 [label = "b"];
	q10 -> m3 [label = "a"];
	q10 -> m14 [label = "a"];
	q8 -> m3 [label = "a"];
	q8 -> m0 [label = "a, c"];
	q10 -> m12 [label = "b"];
	q0 -> m9 [label = "b"];
	q2 -> m12 [label = "a, b"];
	q2 -> m15 [label = "a, b"];
	q6 -> m12 [label = "b"];
	q10 -> m15 [label = "a"];
	q8 -> m8 [label = "a"];
	q6 -> m9 [label = "b"];
	q6 -> m7 [label = "b"];
	q0 -> m7 [label = "c"];
	q9 -> m0 [label = "a, b"];
	q4 -> m10 [label = "a, c"];
	q4 -> m13 [label = "a, c"];
	q2 -> m7 [label = "b"];
	q5 -> m2 [label = "c"];
	q5 -> m14 [label = "c"];
	q4 -> m15 [label = "b"];
	q4 -> m0 [label = "a, b, c"];
	q2 -> m3 [label = "a, b, c"];
	q5 -> m10 [label = "b"];
	q3 -> m9 [label = "b"];
	q7 -> m10 [label = "a, b, c"];
	q0 -> m0 [label = "a, b"];
	q7 -> m12 [label = "a, b"];
	q7 -> m0 [label = "a"];
	q5 -> m7 [label = "b"];
	q0 -> m10 [label = "a, c"];
	q5 -> m11 [label = "b"];
	q0 -> m8 [label = "a, c"];
	q5 -> m12 [label = "a"];
	q5 -> m8 [label = "b"];
	q10 -> m6 [label = "c"];
	q9 -> m12 [label = "b"];
	q7 -> m2 [label = "c"];
	q5 -> m1 [label = "c"];
	q9 -> m3 [label = "a, b, c"];
	q1 -> m3 [label = "a, b, c"];
	q9 -> m7 [label = "c"];
	q6 -> m15 [label = "a, b"];
	q9 -> m9 [label = "a, b, c"];
	q1 -> m14 [label = "a"];
	q9 -> m5 [label = "a, c"];
	q11 -> m11 [label = "b"];
	q10 -> m4 [label = "c"];
	q1 -> m2 [label = "c"];
	q2 -> m14 [label = "c"];
	q11 -> m2 [label = "c"];
	q0 -> m12 [label = "b"];
	q3 -> m8 [label = "b"];
	q11 -> m3 [label = "b, c"];
	q2 -> m13 [label = "c"];
	q1 -> m9 [label = "b"];
	q3 -> m11 [label = "a, b"];
	q10 -> m5 [label = "c"];
	q9 -> m8 [label = "a, c"];
	q6 -> m3 [label = "a, b, c"];
	q6 -> m13 [label = "c"];
	q5 -> m3 [label = "b, c"];
	q3 -> m3 [label = "a, b"];
	q3 -> m4 [label = "c"];
	q3 -> m10 [label = "a, c"];
	q4 -> m3 [label = "a, b, c"];
	q2 -> m10 [label = "a, b, c"];
	q6 -> m14 [label = "a, c"];
	q11 -> m0 [label = "a"];
	q1 -> m4 [label = "c"];
	q1 -> m10 [label = "a, c"];
	q5 -> m9 [label = "a"];
	q7 -> m3 [label = "b, c"];
	q5 -> m0 [label = "a"];
	q8 -> m9 [label = "a"];
	q7 -> m7 [label = "b"];
	q0 -> m3 [label = "a, b, c"];
	q3 -> m14 [label = "a"];
	q4 -> m8 [label = "a, b, c"];
	q11 -> m1 [label = "b, c"];
	q4 -> m9 [label = "b"];
	q1 -> m7 [label = "b"];
	q8 -> m15 [label = "b"];
	q1 -> m12 [label = "b"];
	q7 -> m13 [label = "c"];
	q7 -> m14 [label = "c"];
	q3 -> m7 [label = "b"];
	q6 -> m10 [label = "a, c"];
	q1 -> m11 [label = "a"];
	q2 -> m0 [label = "a"];
	q5 -> m13 [label = "c"];
	m0 -> q2;
	m0 -> q6;
	m0 -> q10;
	m1 -> q1;
	m1 -> q2;
	m1 -> q3;
	m1 -> q5;
	m1 -> q6;
	m1 -> q7;
	m1 -> q10;
	m2 -> q0;
	m2 -> q1;
	m2 -> q2;
	m2 -> q3;
	m2 -> q4;
	m2 -> q6;
	m2 -> q8;
	m2 -> q9;
	m2 -> q10;
	m3 -> q0;
	m3 -> q1;
	m3 -> q2;
	m3 -> q3;
	m3 -> q4;
	m3 -> q6;
	m3 -> q7;
	m4 -> q0;
	m4 -> q1;
	m4 -> q4;
	m4 -> q5;
	m4 -> q7;
	m4 -> q8;
	m4 -> q9;
	m4 -> q11;
	m5 -> q0;
	m5 -> q2;
	m5 -> q4;
	m5 -> q5;
	m5 -> q7;
	m5 -> q9;
	m5 -> q11;
	m6 -> q0;
	m6 -> q1;
	m6 -> q2;
	m6 -> q3;
	m6 -> q4;
	m6 -> q5;
	m6 -> q6;
	m6 -> q7;
	m6 -> q8;
	m6 -> q11;
	m7 -> q2;
	m7 -> q4;
	m7 -> q6;
	m7 -> q10;
	m8 -> q2;
	m8 -> q4;
	m8 -> q6;
	m8 -> q8;
	m9 -> q2;
	m9 -> q4;
	m9 -> q5;
	m9 -> q6;
	m9 -> q7;
	m10 -> q2;
	m10 -> q5;
	m10 -> q7;
	m11 -> q0;
	m11 -> q4;
	m11 -> q8;
	m11 -> q9;
	m12 -> q4;
	m12 -> q8;
	m13 -> q0;
	m13 -> q1;
	m13 -> q4;
	m13 -> q7;
	m13 -> q9;
	m14 -> q0;
	m14 -> q1;
	m14 -> q2;
	m14 -> q6;
	m14 -> q7;
	m14 -> q9;
	m14 -> q10;
	m15 -> q0;
	m15 -> q4;
	m15 -> q9;
}
AFA size: 12 states

