Random target AFA:
digraph finite_state_machine {
	rankdir=LR;
	node [shape = circle];
	s0 [shape = point, style = invis, start="true" ];
	s1 [shape = point, style = invis, start="true" ];
	q0 [label = "q0", shape = doublecircle, final="true" ];
	q1 [label = "q1"];
	q2 [label = "q2", shape = doublecircle, final="true" ];
	q3 [label = "q3"];
	q4 [label = "q4"];
	q5 [label = "q5"];
	m0 [label = "", shape = square, style = filled, color=grey, fixedsize=true, width=.2];
	m1 [label = "", shape = square, style = filled, color=grey, fixedsize=true, width=.2];
	m2 [label = "", shape = square, style = filled, color=grey, fixedsize=true, width=.2];
	m3 [label = "", shape = square, style = filled, color=grey, fixedsize=true, width=.2];
	m4 [label = "", shape = square, style = filled, color=grey, fixedsize=true, width=.2];
	m5 [label = "", shape = square, style = filled, color=grey, fixedsize=true, width=.2];
	m6 [label = "", shape = square, style = filled, color=grey, fixedsize=true, width=.2];
	m7 [label = "", shape = square, style = filled, color=grey, fixedsize=true, width=.2];
	s0 -> q0
	s1 -> q2
	q5 -> q2 [label = "b"];
	q2 -> m6 [label = "c"];
	q4 -> m4 [label = "b"];
	q1 -> q0 [label = "c"];
	q5 -> q4 [label = "a"];
	q4 -> m5 [label = "b"];
	q3 -> q0 [label = "a, c"];
	q1 -> m4 [label = "b, c"];
	q3 -> q5 [label = "a, b"];
	q3 -> q4 [label = "b"];
	q2 -> m1 [label = "c"];
	q1 -> q3 [label = "a, b"];
	q1 -> m2 [label = "a"];
	q4 -> q4 [label = "a, c"];
	q0 -> m1 [label = "b"];
	q3 -> m7 [label = "c"];
	q2 -> q1 [label = "b"];
	q0 -> q2 [label = "b, c"];
	q0 -> m0 [label = "a"];
	q4 -> m3 [label = "a"];
	q2 -> m2 [label = "a"];
	q2 -> q0 [label = "a"];
	q2 -> m0 [label = "b"];
	q0 -> q1 [label = "c"];
	q5 -> q0 [label = "c"];
	q5 -> q5 [label = "a, b"];
	q4 -> q0 [label = "c"];
	q5 -> q3 [label = "c"];
	m0 -> q2;
	m0 -> q5;
	m1 -> q2;
	m1 -> q4;
	m2 -> q4;
	m2 -> q5;
	m3 -> q0;
	m3 -> q2;
	m4 -> q1;
	m4 -> q3;
	m5 -> q0;
	m5 -> q5;
	m6 -> q0;
	m6 -> q4;
	m7 -> q0;
	m7 -> q1;
}

L* output after 11 EQ and 10234 MQ:
digraph finite_state_machine {
	rankdir=LR;
	node [shape = circle];
	s0 [shape = point, style = invis, start="true" ];
	q0 [label = "q0", shape = doublecircle, final="true" ];
	q1 [label = "q1", shape = doublecircle, final="true" ];
	q2 [label = "q2", shape = doublecircle, final="true" ];
	q3 [label = "q3", shape = doublecircle, final="true" ];
	q4 [label = "q4"];
	q5 [label = "q5", shape = doublecircle, final="true" ];
	q6 [label = "q6", shape = doublecircle, final="true" ];
	q7 [label = "q7"];
	q8 [label = "q8", shape = doublecircle, final="true" ];
	q9 [label = "q9", shape = doublecircle, final="true" ];
	q10 [label = "q10", shape = doublecircle, final="true" ];
	q11 [label = "q11", shape = doublecircle, final="true" ];
	q12 [label = "q12", shape = doublecircle, final="true" ];
	q13 [label = "q13", shape = doublecircle, final="true" ];
	q14 [label = "q14", shape = doublecircle, final="true" ];
	q15 [label = "q15", shape = doublecircle, final="true" ];
	q16 [label = "q16", shape = doublecircle, final="true" ];
	q17 [label = "q17", shape = doublecircle, final="true" ];
	q18 [label = "q18", shape = doublecircle, final="true" ];
	q19 [label = "q19", shape = doublecircle, final="true" ];
	q20 [label = "q20"];
	q21 [label = "q21", shape = doublecircle, final="true" ];
	q22 [label = "q22", shape = doublecircle, final="true" ];
	q23 [label = "q23"];
	q24 [label = "q24", shape = doublecircle, final="true" ];
	q25 [label = "q25", shape = doublecircle, final="true" ];
	q26 [label = "q26", shape = doublecircle, final="true" ];
	q27 [label = "q27", shape = doublecircle, final="true" ];
	q28 [label = "q28"];
	q29 [label = "q29", shape = doublecircle, final="true" ];
	q30 [label = "q30", shape = doublecircle, final="true" ];
	q31 [label = "q31", shape = doublecircle, final="true" ];
	q32 [label = "q32", shape = doublecircle, final="true" ];
	q33 [label = "q33", shape = doublecircle, final="true" ];
	q34 [label = "q34", shape = doublecircle, final="true" ];
	q35 [label = "q35", shape = doublecircle, final="true" ];
	q36 [label = "q36"];
	q37 [label = "q37"];
	q38 [label = "q38", shape = doublecircle, final="true" ];
	q39 [label = "q39"];
	q40 [label = "q40", shape = doublecircle, final="true" ];
	q41 [label = "q41", shape = doublecircle, final="true" ];
	q42 [label = "q42", shape = doublecircle, final="true" ];
	q43 [label = "q43", shape = doublecircle, final="true" ];
	q44 [label = "q44", shape = doublecircle, final="true" ];
	q45 [label = "q45", shape = doublecircle, final="true" ];
	q46 [label = "q46", shape = doublecircle, final="true" ];
	q47 [label = "q47", shape = doublecircle, final="true" ];
	q48 [label = "q48", shape = doublecircle, final="true" ];
	q49 [label = "q49"];
	q50 [label = "q50", shape = doublecircle, final="true" ];
	q51 [label = "q51", shape = doublecircle, final="true" ];
	q52 [label = "q52", shape = doublecircle, final="true" ];
	q53 [label = "q53"];
	q54 [label = "q54", shape = doublecircle, final="true" ];
	q55 [label = "q55", shape = doublecircle, final="true" ];
	q56 [label = "q56", shape = doublecircle, final="true" ];
	q57 [label = "q57", shape = doublecircle, final="true" ];
	q58 [label = "q58", shape = doublecircle, final="true" ];
	q59 [label = "q59", shape = doublecircle, final="true" ];
	s0 -> q17
	q45 -> q50 [label = "a"];
	q47 -> q56 [label = "b"];
	q43 -> q1 [label = "a"];
	q47 -> q42 [label = "c"];
	q43 -> q4 [label = "b"];
	q44 -> q50 [label = "a"];
	q40 -> q51 [label = "b"];
	q46 -> q55 [label = "c"];
	q44 -> q52 [label = "c"];
	q35 -> q22 [label = "c"];
	q41 -> q42 [label = "c"];
	q45 -> q38 [label = "c"];
	q42 -> q59 [label = "a"];
	q36 -> q2 [label = "b"];
	q39 -> q2 [label = "b"];
	q37 -> q50 [label = "a"];
	q33 -> q16 [label = "c"];
	q41 -> q41 [label = "b"];
	q35 -> q36 [label = "a"];
	q34 -> q42 [label = "c"];
	q37 -> q29 [label = "c"];
	q38 -> q32 [label = "a"];
	q33 -> q32 [label = "a"];
	q36 -> q50 [label = "a"];
	q38 -> q27 [label = "c"];
	q40 -> q15 [label = "c"];
	q34 -> q59 [label = "a"];
	q36 -> q42 [label = "c"];
	q32 -> q59 [label = "a"];
	q40 -> q45 [label = "a"];
	q35 -> q2 [label = "b"];
	q28 -> q47 [label = "b"];
	q26 -> q15 [label = "c"];
	q31 -> q22 [label = "c"];
	q27 -> q3 [label = "a"];
	q38 -> q41 [label = "b"];
	q52 -> q52 [label = "c"];
	q29 -> q34 [label = "b"];
	q54 -> q40 [label = "b"];
	q21 -> q24 [label = "b"];
	q17 -> q18 [label = "a"];
	q20 -> q8 [label = "a"];
	q52 -> q26 [label = "b"];
	q1 -> q9 [label = "b"];
	q19 -> q3 [label = "a"];
	q33 -> q53 [label = "b"];
	q23 -> q7 [label = "b"];
	q19 -> q23 [label = "b"];
	q18 -> q22 [label = "c"];
	q44 -> q2 [label = "b"];
	q22 -> q26 [label = "b"];
	q53 -> q46 [label = "a"];
	q17 -> q19 [label = "b"];
	q50 -> q2 [label = "b"];
	q48 -> q49 [label = "b"];
	q41 -> q46 [label = "a"];
	q50 -> q50 [label = "a"];
	q45 -> q2 [label = "b"];
	q58 -> q46 [label = "a"];
	q48 -> q16 [label = "c"];
	q31 -> q50 [label = "a"];
	q50 -> q42 [label = "c"];
	q29 -> q6 [label = "a"];
	q11 -> q10 [label = "c"];
	q39 -> q54 [label = "c"];
	q48 -> q45 [label = "a"];
	q51 -> q29 [label = "c"];
	q51 -> q58 [label = "b"];
	q56 -> q58 [label = "b"];
	q32 -> q38 [label = "c"];
	q21 -> q31 [label = "a"];
	q43 -> q0 [label = "c"];
	q57 -> q59 [label = "a"];
	q10 -> q27 [label = "c"];
	q59 -> q55 [label = "c"];
	q55 -> q46 [label = "a"];
	q21 -> q15 [label = "c"];
	q18 -> q20 [label = "a"];
	q46 -> q59 [label = "a"];
	q4 -> q39 [label = "a"];
	q59 -> q2 [label = "b"];
	q58 -> q41 [label = "b"];
	q46 -> q34 [label = "b"];
	q5 -> q4 [label = "b"];
	q2 -> q59 [label = "a"];
	q20 -> q21 [label = "b"];
	q11 -> q37 [label = "b"];
	q37 -> q2 [label = "b"];
	q28 -> q29 [label = "c"];
	q56 -> q46 [label = "a"];
	q7 -> q59 [label = "a"];
	q23 -> q16 [label = "c"];
	q22 -> q3 [label = "a"];
	q10 -> q9 [label = "b"];
	q30 -> q44 [label = "a"];
	q17 -> q25 [label = "c"];
	q52 -> q42 [label = "a"];
	q53 -> q47 [label = "b"];
	q22 -> q27 [label = "c"];
	q57 -> q29 [label = "c"];
	q54 -> q31 [label = "a"];
	q16 -> q27 [label = "c"];
	q30 -> q40 [label = "b"];
	q42 -> q34 [label = "b"];
	q42 -> q52 [label = "c"];
	q24 -> q28 [label = "b"];
	q28 -> q46 [label = "a"];
	q59 -> q50 [label = "a"];
	q51 -> q46 [label = "a"];
	q55 -> q41 [label = "b"];
	q25 -> q23 [label = "b"];
	q56 -> q42 [label = "c"];
	q30 -> q52 [label = "c"];
	q29 -> q27 [label = "c"];
	q55 -> q52 [label = "c"];
	q49 -> q29 [label = "c"];
	q8 -> q30 [label = "c"];
	q31 -> q2 [label = "b"];
	q54 -> q27 [label = "c"];
	q15 -> q48 [label = "b"];
	q58 -> q29 [label = "c"];
	q49 -> q57 [label = "b"];
	q49 -> q46 [label = "a"];
	q16 -> q13 [label = "a"];
	q13 -> q37 [label = "b"];
	q12 -> q49 [label = "b"];
	q6 -> q2 [label = "b"];
	q13 -> q36 [label = "a"];
	q9 -> q15 [label = "c"];
	q53 -> q42 [label = "c"];
	q3 -> q59 [label = "a"];
	q15 -> q27 [label = "c"];
	q3 -> q22 [label = "c"];
	q9 -> q24 [label = "b"];
	q4 -> q48 [label = "b"];
	q0 -> q9 [label = "b"];
	q1 -> q30 [label = "c"];
	q14 -> q11 [label = "a"];
	q0 -> q52 [label = "c"];
	q6 -> q36 [label = "a"];
	q5 -> q1 [label = "a"];
	q16 -> q12 [label = "b"];
	q2 -> q29 [label = "c"];
	q7 -> q34 [label = "b"];
	q15 -> q35 [label = "a"];
	q7 -> q42 [label = "c"];
	q32 -> q34 [label = "b"];
	q34 -> q51 [label = "b"];
	q1 -> q43 [label = "a"];
	q47 -> q59 [label = "a"];
	q3 -> q34 [label = "b"];
	q39 -> q50 [label = "a"];
	q5 -> q10 [label = "c"];
	q19 -> q16 [label = "c"];
	q6 -> q38 [label = "c"];
	q2 -> q51 [label = "b"];
	q4 -> q15 [label = "c"];
	q12 -> q6 [label = "a"];
	q12 -> q16 [label = "c"];
	q27 -> q27 [label = "c"];
	q8 -> q21 [label = "b"];
	q8 -> q8 [label = "a"];
	q11 -> q50 [label = "a"];
	q14 -> q27 [label = "c"];
	q10 -> q5 [label = "a"];
	q14 -> q12 [label = "b"];
	q13 -> q10 [label = "c"];
	q23 -> q32 [label = "a"];
	q25 -> q14 [label = "c"];
	q18 -> q21 [label = "b"];
	q9 -> q35 [label = "a"];
	q0 -> q43 [label = "a"];
	q27 -> q33 [label = "b"];
	q26 -> q41 [label = "b"];
	q20 -> q30 [label = "c"];
	q26 -> q32 [label = "a"];
	q24 -> q32 [label = "a"];
	q24 -> q16 [label = "c"];
	q57 -> q56 [label = "b"];
	q25 -> q3 [label = "a"];
}
DFA size: 60 states

NL* output after 13 EQ and 4777 MQ:
digraph finite_state_machine {
	rankdir=LR;
	node [shape = circle];
	s0 [shape = point, style = invis, start="true" ];
	q0 [label = "q0", shape = doublecircle, final="true" ];
	q1 [label = "q1", shape = doublecircle, final="true" ];
	q2 [label = "q2", shape = doublecircle, final="true" ];
	q3 [label = "q3"];
	q4 [label = "q4"];
	q5 [label = "q5", shape = doublecircle, final="true" ];
	q6 [label = "q6", shape = doublecircle, final="true" ];
	q7 [label = "q7", shape = doublecircle, final="true" ];
	q8 [label = "q8"];
	q9 [label = "q9", shape = doublecircle, final="true" ];
	q10 [label = "q10"];
	q11 [label = "q11", shape = doublecircle, final="true" ];
	q12 [label = "q12", shape = doublecircle, final="true" ];
	q13 [label = "q13", shape = doublecircle, final="true" ];
	q14 [label = "q14", shape = doublecircle, final="true" ];
	q15 [label = "q15"];
	q16 [label = "q16", shape = doublecircle, final="true" ];
	q17 [label = "q17"];
	q18 [label = "q18", shape = doublecircle, final="true" ];
	q19 [label = "q19", shape = doublecircle, final="true" ];
	q20 [label = "q20", shape = doublecircle, final="true" ];
	q21 [label = "q21", shape = doublecircle, final="true" ];
	q22 [label = "q22", shape = doublecircle, final="true" ];
	q23 [label = "q23"];
	q24 [label = "q24", shape = doublecircle, final="true" ];
	s0 -> q13
	q22 -> q21 [label = "a"];
	q22 -> q14 [label = "a"];
	q23 -> q2 [label = "b"];
	q17 -> q15 [label = "b"];
	q17 -> q4 [label = "b"];
	q23 -> q19 [label = "c"];
	q23 -> q5 [label = "c"];
	q23 -> q0 [label = "c"];
	q17 -> q24 [label = "a"];
	q17 -> q23 [label = "a, b"];
	q17 -> q14 [label = "a"];
	q0 -> q16 [label = "c"];
	q6 -> q23 [label = "a, b"];
	q2 -> q24 [label = "a"];
	q19 -> q16 [label = "c"];
	q19 -> q18 [label = "c"];
	q3 -> q14 [label = "a"];
	q2 -> q14 [label = "a"];
	q2 -> q11 [label = "a"];
	q0 -> q2 [label = "b"];
	q6 -> q20 [label = "c"];
	q5 -> q12 [label = "b, c"];
	q0 -> q19 [label = "c"];
	q6 -> q16 [label = "c"];
	q7 -> q9 [label = "a, c"];
	q5 -> q15 [label = "b"];
	q22 -> q10 [label = "a, b"];
	q2 -> q23 [label = "a, b"];
	q2 -> q10 [label = "a, b"];
	q12 -> q10 [label = "a"];
	q17 -> q19 [label = "a, c"];
	q2 -> q3 [label = "b"];
	q19 -> q22 [label = "b"];
	q1 -> q8 [label = "a, b"];
	q4 -> q24 [label = "a, c"];
	q20 -> q16 [label = "c"];
	q6 -> q13 [label = "c"];
	q4 -> q19 [label = "a, c"];
	q1 -> q23 [label = "a, b"];
	q17 -> q8 [label = "a, b"];
	q4 -> q14 [label = "a, c"];
	q4 -> q11 [label = "a, b, c"];
	q17 -> q0 [label = "a"];
	q4 -> q0 [label = "c"];
	q6 -> q2 [label = "b, c"];
	q0 -> q10 [label = "a, c"];
	q8 -> q15 [label = "a"];
	q4 -> q21 [label = "a, b, c"];
	q12 -> q0 [label = "c"];
	q4 -> q9 [label = "a, b, c"];
	q1 -> q3 [label = "b"];
	q0 -> q20 [label = "c"];
	q19 -> q21 [label = "a"];
	q10 -> q2 [label = "b"];
	q18 -> q10 [label = "a"];
	q23 -> q7 [label = "a"];
	q15 -> q14 [label = "c"];
	q8 -> q23 [label = "a, b"];
	q17 -> q21 [label = "a"];
	q22 -> q19 [label = "c"];
	q6 -> q5 [label = "c"];
	q8 -> q24 [label = "c"];
	q10 -> q8 [label = "a"];
	q5 -> q21 [label = "a, b"];
	q14 -> q24 [label = "c"];
	q19 -> q19 [label = "c"];
	q21 -> q15 [label = "a"];
	q14 -> q20 [label = "c"];
	q17 -> q11 [label = "a"];
	q16 -> q10 [label = "a"];
	q0 -> q13 [label = "c"];
	q3 -> q1 [label = "b"];
	q11 -> q9 [label = "a"];
	q3 -> q8 [label = "a"];
	q8 -> q22 [label = "b"];
	q19 -> q20 [label = "c"];
	q6 -> q10 [label = "a, b, c"];
	q1 -> q20 [label = "a"];
	q15 -> q10 [label = "b, c"];
	q14 -> q0 [label = "c"];
	q2 -> q21 [label = "a"];
	q11 -> q10 [label = "b"];
	q14 -> q12 [label = "b, c"];
	q23 -> q21 [label = "a"];
	q0 -> q12 [label = "c"];
	q14 -> q10 [label = "b, c"];
	q19 -> q13 [label = "c"];
	q14 -> q19 [label = "c"];
	q12 -> q22 [label = "b"];
	q23 -> q23 [label = "a, b"];
	q23 -> q9 [label = "a"];
	q22 -> q23 [label = "b"];
	q19 -> q10 [label = "c"];
	q13 -> q16 [label = "b, c"];
	q3 -> q19 [label = "a, c"];
	q20 -> q22 [label = "b"];
	q0 -> q18 [label = "c"];
	q14 -> q13 [label = "c"];
	q8 -> q12 [label = "b"];
	q5 -> q6 [label = "a"];
	q2 -> q19 [label = "a, c"];
	q21 -> q23 [label = "a, b"];
	q8 -> q2 [label = "b"];
	q6 -> q17 [label = "c"];
	q1 -> q18 [label = "b"];
	q23 -> q10 [label = "a, b"];
	q5 -> q13 [label = "c"];
	q23 -> q15 [label = "a"];
	q14 -> q16 [label = "c"];
	q24 -> q18 [label = "c"];
	q16 -> q8 [label = "a"];
	q0 -> q21 [label = "a"];
	q4 -> q22 [label = "b"];
	q21 -> q24 [label = "c"];
	q15 -> q9 [label = "a, c"];
	q11 -> q24 [label = "c"];
	q4 -> q20 [label = "a, c"];
	q20 -> q11 [label = "a"];
	q15 -> q7 [label = "a, c"];
	q15 -> q24 [label = "c"];
	q8 -> q10 [label = "a, b, c"];
	q2 -> q6 [label = "a"];
	q8 -> q8 [label = "a"];
	q1 -> q14 [label = "a"];
	q23 -> q8 [label = "a"];
	q24 -> q13 [label = "c"];
	q8 -> q21 [label = "a"];
	q14 -> q18 [label = "c"];
	q4 -> q6 [label = "a"];
	q24 -> q0 [label = "c"];
	q1 -> q24 [label = "a"];
	q24 -> q11 [label = "a"];
	q1 -> q10 [label = "a, b"];
	q24 -> q20 [label = "c"];
	q24 -> q10 [label = "c"];
	q4 -> q8 [label = "a, b, c"];
	q8 -> q0 [label = "c"];
	q20 -> q19 [label = "c"];
	q20 -> q12 [label = "c"];
	q10 -> q22 [label = "b"];
	q15 -> q20 [label = "c"];
	q16 -> q24 [label = "a"];
	q2 -> q20 [label = "a"];
	q6 -> q0 [label = "c"];
	q9 -> q12 [label = "b"];
	q8 -> q7 [label = "a"];
	q9 -> q10 [label = "c"];
	q17 -> q5 [label = "a"];
	q15 -> q0 [label = "c"];
	q23 -> q12 [label = "b"];
	q21 -> q10 [label = "a, b"];
	q24 -> q12 [label = "b, c"];
	q10 -> q10 [label = "a"];
	q19 -> q12 [label = "c"];
	q15 -> q11 [label = "a, c"];
	q4 -> q5 [label = "c"];
	q0 -> q22 [label = "b"];
	q12 -> q2 [label = "b"];
	q6 -> q22 [label = "b, c"];
	q20 -> q20 [label = "c"];
	q9 -> q7 [label = "a, c"];
	q3 -> q22 [label = "b"];
	q23 -> q11 [label = "a"];
	q24 -> q19 [label = "c"];
	q16 -> q14 [label = "a"];
	q13 -> q18 [label = "c"];
	q6 -> q18 [label = "c"];
	q15 -> q15 [label = "a, c"];
	q8 -> q19 [label = "c"];
	q3 -> q10 [label = "a, b"];
	q8 -> q20 [label = "c"];
	q18 -> q24 [label = "a"];
	q0 -> q14 [label = "a"];
	q8 -> q11 [label = "a"];
	q6 -> q12 [label = "b, c"];
	q1 -> q11 [label = "a, b"];
	q19 -> q0 [label = "c"];
	q1 -> q16 [label = "b"];
	q12 -> q14 [label = "a"];
	q4 -> q7 [label = "a, b, c"];
	q5 -> q18 [label = "c"];
	q12 -> q21 [label = "a"];
	q9 -> q14 [label = "c"];
	q9 -> q11 [label = "a, c"];
	q6 -> q15 [label = "a"];
	q4 -> q10 [label = "a, b, c"];
	q5 -> q0 [label = "c"];
	q5 -> q19 [label = "c"];
	q5 -> q10 [label = "a, b, c"];
	q15 -> q19 [label = "c"];
	q10 -> q0 [label = "c"];
	q3 -> q4 [label = "a"];
	q16 -> q5 [label = "a"];
	q5 -> q16 [label = "c"];
	q4 -> q2 [label = "b"];
	q8 -> q9 [label = "a"];
	q5 -> q20 [label = "c"];
	q1 -> q6 [label = "a"];
	q1 -> q7 [label = "a, b"];
	q1 -> q9 [label = "a, b"];
	q1 -> q15 [label = "a, b"];
	q18 -> q8 [label = "a"];
	q1 -> q21 [label = "a, b"];
	q3 -> q5 [label = "a, c"];
	q3 -> q2 [label = "b"];
	q4 -> q23 [label = "a, b"];
	q5 -> q23 [label = "b"];
	q3 -> q12 [label = "b"];
	q3 -> q23 [label = "a, b"];
	q1 -> q5 [label = "c"];
	q7 -> q24 [label = "c"];
	q1 -> q19 [label = "a, c"];
	q1 -> q2 [label = "b"];
	q22 -> q6 [label = "a"];
	q17 -> q20 [label = "a"];
	q1 -> q12 [label = "b"];
	q20 -> q10 [label = "c"];
	q1 -> q22 [label = "b"];
	q3 -> q0 [label = "a, c"];
	q9 -> q19 [label = "c"];
	q5 -> q22 [label = "b"];
	q21 -> q8 [label = "a"];
	q3 -> q6 [label = "a"];
	q3 -> q7 [label = "a"];
	q7 -> q10 [label = "b"];
	q6 -> q24 [label = "c"];
	q3 -> q9 [label = "a"];
	q3 -> q11 [label = "a"];
	q3 -> q15 [label = "a"];
	q3 -> q20 [label = "a"];
	q3 -> q21 [label = "a"];
	q5 -> q14 [label = "a"];
	q1 -> q0 [label = "c"];
	q6 -> q8 [label = "a"];
	q24 -> q16 [label = "c"];
	q4 -> q12 [label = "b"];
	q5 -> q2 [label = "b"];
	q9 -> q20 [label = "c"];
	q5 -> q7 [label = "b"];
	q3 -> q24 [label = "a"];
	q5 -> q8 [label = "b"];
	q13 -> q14 [label = "a"];
	q5 -> q9 [label = "b"];
	q6 -> q19 [label = "c"];
	q5 -> q11 [label = "b"];
	q9 -> q0 [label = "c"];
	q9 -> q9 [label = "c"];
	q0 -> q0 [label = "c"];
	q9 -> q15 [label = "c"];
	q9 -> q24 [label = "c"];
	q15 -> q12 [label = "b"];
	q10 -> q19 [label = "c"];
	q18 -> q20 [label = "a, c"];
	q12 -> q16 [label = "b"];
	q20 -> q0 [label = "c"];
	q16 -> q19 [label = "a, c"];
	q2 -> q8 [label = "a"];
	q20 -> q13 [label = "c"];
	q16 -> q0 [label = "a"];
	q16 -> q11 [label = "a"];
	q16 -> q20 [label = "a"];
	q16 -> q21 [label = "a"];
	q4 -> q15 [label = "a, b, c"];
	q18 -> q0 [label = "a"];
	q18 -> q17 [label = "b"];
	q16 -> q17 [label = "b"];
	q18 -> q5 [label = "a"];
	q18 -> q11 [label = "a"];
	q18 -> q14 [label = "a"];
	q20 -> q18 [label = "c"];
	q18 -> q19 [label = "a, c"];
	q18 -> q21 [label = "a"];
	q23 -> q22 [label = "b"];
	q22 -> q3 [label = "b"];
	q12 -> q19 [label = "c"];
	q20 -> q21 [label = "a"];
	q17 -> q6 [label = "a"];
	q14 -> q15 [label = "a"];
	q17 -> q10 [label = "a, b"];
}
NFA size: 25 states

AL* output after 13 EQ and 2955 MQ:
digraph finite_state_machine {
	rankdir=LR;
	node [shape = circle];
	s0 [shape = point, style = invis, start="true" ];
	s1 [shape = point, style = invis, start="true" ];
	q0 [label = "q0", shape = doublecircle, final="true" ];
	q1 [label = "q1", shape = doublecircle, final="true" ];
	q2 [label = "q2", shape = doublecircle, final="true" ];
	q3 [label = "q3"];
	q4 [label = "q4"];
	q5 [label = "q5", shape = doublecircle, final="true" ];
	q6 [label = "q6", shape = doublecircle, final="true" ];
	q7 [label = "q7", shape = doublecircle, final="true" ];
	q8 [label = "q8"];
	q9 [label = "q9", shape = doublecircle, final="true" ];
	q10 [label = "q10", shape = doublecircle, final="true" ];
	q11 [label = "q11", shape = doublecircle, final="true" ];
	m0 [label = "", shape = square, style = filled, color=grey, fixedsize=true, width=.2];
	m1 [label = "", shape = square, style = filled, color=grey, fixedsize=true, width=.2];
	m2 [label = "", shape = square, style = filled, color=grey, fixedsize=true, width=.2];
	m3 [label = "", shape = square, style = filled, color=grey, fixedsize=true, width=.2];
	m4 [label = "", shape = square, style = filled, color=grey, fixedsize=true, width=.2];
	m5 [label = "", shape = square, style = filled, color=grey, fixedsize=true, width=.2];
	m6 [label = "", shape = square, style = filled, color=grey, fixedsize=true, width=.2];
	m7 [label = "", shape = square, style = filled, color=grey, fixedsize=true, width=.2];
	m8 [label = "", shape = square, style = filled, color=grey, fixedsize=true, width=.2];
	m9 [label = "", shape = square, style = filled, color=grey, fixedsize=true, width=.2];
	m10 [label = "", shape = square, style = filled, color=grey, fixedsize=true, width=.2];
	m11 [label = "", shape = square, style = filled, color=grey, fixedsize=true, width=.2];
	m12 [label = "", shape = square, style = filled, color=grey, fixedsize=true, width=.2];
	m13 [label = "", shape = square, style = filled, color=grey, fixedsize=true, width=.2];
	m14 [label = "", shape = square, style = filled, color=grey, fixedsize=true, width=.2];
	m15 [label = "", shape = square, style = filled, color=grey, fixedsize=true, width=.2];
	m16 [label = "", shape = square, style = filled, color=grey, fixedsize=true, width=.2];
	s0 -> m0
	s1 -> m1
	q9 -> m8 [label = "a"];
	q9 -> m16 [label = "a, b"];
	q9 -> m14 [label = "a"];
	q9 -> m13 [label = "a"];
	q11 -> m12 [label = "a, b"];
	q11 -> m9 [label = "b"];
	q11 -> m4 [label = "b"];
	q11 -> m10 [label = "b"];
	q8 -> m2 [label = "b"];
	q10 -> m8 [label = "a"];
	q8 -> m1 [label = "a, c"];
	q11 -> m13 [label = "a"];
	q8 -> m7 [label = "a, b"];
	q8 -> m6 [label = "a, b"];
	q10 -> m5 [label = "b"];
	q4 -> m15 [label = "c"];
	q4 -> m1 [label = "c"];
	q0 -> m8 [label = "a"];
	q6 -> m13 [label = "a"];
	q2 -> m11 [label = "c"];
	q0 -> m14 [label = "a"];
	q2 -> m3 [label = "b, c"];
	q8 -> m4 [label = "c"];
	q0 -> m5 [label = "c"];
	q4 -> m12 [label = "a, b"];
	q4 -> m0 [label = "b"];
	q10 -> m6 [label = "a, b"];
	q0 -> m13 [label = "a"];
	q7 -> m9 [label = "a"];
	q7 -> m5 [label = "b, c"];
	q4 -> m13 [label = "a"];
	q11 -> m2 [label = "a, c"];
	q9 -> m1 [label = "c"];
	q6 -> m9 [label = "a"];
	q4 -> m4 [label = "b, c"];
	q1 -> m0 [label = "b, c"];
	q10 -> m3 [label = "c"];
	q7 -> m8 [label = "a"];
	q6 -> m2 [label = "a, c"];
	q9 -> m5 [label = "c"];
	q5 -> m0 [label = "b, c"];
	q10 -> m1 [label = "a, c"];
	q4 -> m2 [label = "a, c"];
	q6 -> m0 [label = "b"];
	q4 -> m10 [label = "b"];
	q9 -> m0 [label = "b, c"];
	q2 -> m2 [label = "a"];
	q1 -> m2 [label = "b"];
	q10 -> m4 [label = "c"];
	q3 -> m6 [label = "c"];
	q11 -> m1 [label = "c"];
	q1 -> m7 [label = "a, b"];
	q4 -> m9 [label = "a"];
	q0 -> m1 [label = "c"];
	q1 -> m5 [label = "c"];
	q3 -> m1 [label = "c"];
	q6 -> m15 [label = "c"];
	q5 -> m7 [label = "a, b"];
	q7 -> m0 [label = "b, c"];
	q0 -> m0 [label = "b, c"];
	q3 -> m7 [label = "a, b"];
	q1 -> m1 [label = "a, c"];
	q2 -> m7 [label = "a, b"];
	q5 -> m2 [label = "a"];
	q5 -> m6 [label = "c"];
	q8 -> m3 [label = "c"];
	q3 -> m13 [label = "a"];
	q0 -> m9 [label = "a"];
	q6 -> m1 [label = "c"];
	q3 -> m2 [label = "a"];
	q7 -> m1 [label = "a"];
	q5 -> m1 [label = "c"];
	q7 -> m14 [label = "c"];
	q3 -> m0 [label = "b"];
	q5 -> m5 [label = "c"];
	q2 -> m10 [label = "c"];
	q6 -> m4 [label = "b, c"];
	q6 -> m12 [label = "b"];
	q2 -> m1 [label = "c"];
	q0 -> m4 [label = "b"];
	q0 -> m12 [label = "b"];
	q0 -> m3 [label = "a"];
	m0 -> q7;
	m0 -> q10;
	m1 -> q0;
	m1 -> q1;
	m1 -> q5;
	m1 -> q7;
	m1 -> q9;
	m2 -> q4;
	m2 -> q6;
	m2 -> q11;
	m3 -> q0;
	m3 -> q1;
	m3 -> q3;
	m3 -> q4;
	m3 -> q6;
	m3 -> q7;
	m3 -> q8;
	m3 -> q9;
	m3 -> q10;
	m3 -> q11;
	m4 -> q1;
	m4 -> q2;
	m4 -> q3;
	m4 -> q5;
	m4 -> q8;
	m4 -> q9;
	m4 -> q10;
	m5 -> q8;
	m5 -> q10;
	m6 -> q1;
	m6 -> q8;
	m7 -> q3;
	m7 -> q5;
	m8 -> q2;
	m8 -> q3;
	m8 -> q4;
	m8 -> q5;
	m8 -> q6;
	m8 -> q11;
	m9 -> q1;
	m9 -> q2;
	m9 -> q3;
	m9 -> q4;
	m9 -> q5;
	m9 -> q7;
	m9 -> q8;
	m9 -> q10;
	m9 -> q11;
	m10 -> q0;
	m10 -> q2;
	m10 -> q3;
	m10 -> q4;
	m10 -> q5;
	m10 -> q6;
	m10 -> q8;
	m10 -> q10;
	m10 -> q11;
	m11 -> q0;
	m11 -> q1;
	m11 -> q2;
	m11 -> q3;
	m11 -> q4;
	m11 -> q5;
	m11 -> q6;
	m11 -> q8;
	m11 -> q11;
	m12 -> q0;
	m12 -> q1;
	m12 -> q3;
	m12 -> q4;
	m12 -> q5;
	m12 -> q6;
	m12 -> q7;
	m12 -> q9;
	m13 -> q0;
	m13 -> q1;
	m13 -> q2;
	m13 -> q5;
	m13 -> q6;
	m13 -> q7;
	m13 -> q9;
	m13 -> q10;
	m13 -> q11;
	m14 -> q0;
	m14 -> q1;
	m14 -> q2;
	m14 -> q4;
	m14 -> q5;
	m14 -> q6;
	m14 -> q7;
	m14 -> q9;
	m14 -> q11;
	m15 -> q1;
	m15 -> q7;
	m15 -> q8;
	m15 -> q10;
	m16 -> q1;
	m16 -> q2;
	m16 -> q3;
	m16 -> q5;
	m16 -> q8;
}
AFA size: 12 states

