Random target AFA:
digraph finite_state_machine {
	rankdir=LR;
	node [shape = circle];
	s0 [shape = point, style = invis, start="true" ];
	s1 [shape = point, style = invis, start="true" ];
	q0 [label = "q0"];
	q1 [label = "q1"];
	q2 [label = "q2"];
	q3 [label = "q3"];
	q4 [label = "q4", shape = doublecircle, final="true" ];
	q5 [label = "q5", shape = doublecircle, final="true" ];
	m0 [label = "", shape = square, style = filled, color=grey, fixedsize=true, width=.2];
	m1 [label = "", shape = square, style = filled, color=grey, fixedsize=true, width=.2];
	m2 [label = "", shape = square, style = filled, color=grey, fixedsize=true, width=.2];
	m3 [label = "", shape = square, style = filled, color=grey, fixedsize=true, width=.2];
	m4 [label = "", shape = square, style = filled, color=grey, fixedsize=true, width=.2];
	m5 [label = "", shape = square, style = filled, color=grey, fixedsize=true, width=.2];
	m6 [label = "", shape = square, style = filled, color=grey, fixedsize=true, width=.2];
	s0 -> q2
	s1 -> q0
	q3 -> q2 [label = "c"];
	q5 -> m5 [label = "b"];
	q2 -> q0 [label = "c"];
	q4 -> q4 [label = "b"];
	q5 -> q0 [label = "a"];
	q4 -> m6 [label = "b"];
	q3 -> q5 [label = "a"];
	q1 -> q3 [label = "b"];
	q3 -> q3 [label = "a, b"];
	q2 -> q5 [label = "a, b"];
	q4 -> q3 [label = "a, c"];
	q2 -> m0 [label = "c"];
	q0 -> q0 [label = "a, b"];
	q0 -> m1 [label = "c"];
	q4 -> m0 [label = "c"];
	q0 -> m2 [label = "c"];
	q2 -> q4 [label = "a"];
	q4 -> q2 [label = "a"];
	q5 -> m3 [label = "c"];
	q5 -> q4 [label = "c"];
	q1 -> m4 [label = "a"];
	q5 -> m1 [label = "b"];
	q5 -> q1 [label = "a"];
	q1 -> q4 [label = "a, c"];
	q3 -> m5 [label = "b"];
	m0 -> q1;
	m0 -> q4;
	m1 -> q0;
	m1 -> q1;
	m2 -> q1;
	m2 -> q2;
	m3 -> q1;
	m3 -> q3;
	m4 -> q2;
	m4 -> q3;
	m5 -> q1;
	m5 -> q5;
	m6 -> q0;
	m6 -> q2;
}

L* output after 11 EQ and 29568 MQ:
digraph finite_state_machine {
	rankdir=LR;
	node [shape = circle];
	s0 [shape = point, style = invis, start="true" ];
	q0 [label = "q0"];
	q1 [label = "q1"];
	q2 [label = "q2"];
	q3 [label = "q3"];
	q4 [label = "q4"];
	q5 [label = "q5"];
	q6 [label = "q6"];
	q7 [label = "q7"];
	q8 [label = "q8"];
	q9 [label = "q9", shape = doublecircle, final="true" ];
	q10 [label = "q10"];
	q11 [label = "q11", shape = doublecircle, final="true" ];
	q12 [label = "q12"];
	q13 [label = "q13"];
	q14 [label = "q14"];
	q15 [label = "q15"];
	q16 [label = "q16"];
	q17 [label = "q17"];
	q18 [label = "q18"];
	q19 [label = "q19", shape = doublecircle, final="true" ];
	q20 [label = "q20"];
	q21 [label = "q21", shape = doublecircle, final="true" ];
	q22 [label = "q22"];
	q23 [label = "q23", shape = doublecircle, final="true" ];
	q24 [label = "q24"];
	q25 [label = "q25"];
	q26 [label = "q26", shape = doublecircle, final="true" ];
	q27 [label = "q27"];
	q28 [label = "q28"];
	q29 [label = "q29"];
	q30 [label = "q30", shape = doublecircle, final="true" ];
	q31 [label = "q31", shape = doublecircle, final="true" ];
	q32 [label = "q32", shape = doublecircle, final="true" ];
	q33 [label = "q33", shape = doublecircle, final="true" ];
	q34 [label = "q34"];
	q35 [label = "q35"];
	q36 [label = "q36", shape = doublecircle, final="true" ];
	q37 [label = "q37"];
	q38 [label = "q38", shape = doublecircle, final="true" ];
	q39 [label = "q39", shape = doublecircle, final="true" ];
	q40 [label = "q40"];
	q41 [label = "q41"];
	q42 [label = "q42", shape = doublecircle, final="true" ];
	q43 [label = "q43"];
	q44 [label = "q44"];
	q45 [label = "q45"];
	q46 [label = "q46"];
	q47 [label = "q47"];
	q48 [label = "q48"];
	q49 [label = "q49"];
	q50 [label = "q50"];
	q51 [label = "q51"];
	q52 [label = "q52"];
	q53 [label = "q53"];
	q54 [label = "q54", shape = doublecircle, final="true" ];
	q55 [label = "q55"];
	q56 [label = "q56", shape = doublecircle, final="true" ];
	q57 [label = "q57"];
	q58 [label = "q58", shape = doublecircle, final="true" ];
	q59 [label = "q59"];
	q60 [label = "q60"];
	q61 [label = "q61", shape = doublecircle, final="true" ];
	q62 [label = "q62", shape = doublecircle, final="true" ];
	q63 [label = "q63"];
	q64 [label = "q64"];
	q65 [label = "q65", shape = doublecircle, final="true" ];
	q66 [label = "q66", shape = doublecircle, final="true" ];
	q67 [label = "q67"];
	q68 [label = "q68"];
	q69 [label = "q69"];
	q70 [label = "q70", shape = doublecircle, final="true" ];
	q71 [label = "q71", shape = doublecircle, final="true" ];
	q72 [label = "q72"];
	q73 [label = "q73", shape = doublecircle, final="true" ];
	q74 [label = "q74"];
	q75 [label = "q75"];
	q76 [label = "q76", shape = doublecircle, final="true" ];
	q77 [label = "q77"];
	q78 [label = "q78"];
	q79 [label = "q79", shape = doublecircle, final="true" ];
	q80 [label = "q80", shape = doublecircle, final="true" ];
	q81 [label = "q81", shape = doublecircle, final="true" ];
	q82 [label = "q82", shape = doublecircle, final="true" ];
	q83 [label = "q83"];
	q84 [label = "q84"];
	q85 [label = "q85"];
	q86 [label = "q86", shape = doublecircle, final="true" ];
	q87 [label = "q87"];
	q88 [label = "q88", shape = doublecircle, final="true" ];
	q89 [label = "q89"];
	q90 [label = "q90"];
	q91 [label = "q91"];
	q92 [label = "q92", shape = doublecircle, final="true" ];
	q93 [label = "q93"];
	q94 [label = "q94"];
	q95 [label = "q95"];
	q96 [label = "q96", shape = doublecircle, final="true" ];
	q97 [label = "q97"];
	q98 [label = "q98"];
	q99 [label = "q99", shape = doublecircle, final="true" ];
	q100 [label = "q100", shape = doublecircle, final="true" ];
	q101 [label = "q101", shape = doublecircle, final="true" ];
	q102 [label = "q102"];
	q103 [label = "q103", shape = doublecircle, final="true" ];
	q104 [label = "q104"];
	q105 [label = "q105"];
	q106 [label = "q106", shape = doublecircle, final="true" ];
	q107 [label = "q107"];
	q108 [label = "q108"];
	q109 [label = "q109"];
	q110 [label = "q110"];
	q111 [label = "q111"];
	q112 [label = "q112"];
	q113 [label = "q113", shape = doublecircle, final="true" ];
	q114 [label = "q114"];
	q115 [label = "q115"];
	q116 [label = "q116"];
	q117 [label = "q117", shape = doublecircle, final="true" ];
	q118 [label = "q118"];
	q119 [label = "q119", shape = doublecircle, final="true" ];
	q120 [label = "q120"];
	q121 [label = "q121"];
	q122 [label = "q122", shape = doublecircle, final="true" ];
	q123 [label = "q123"];
	q124 [label = "q124", shape = doublecircle, final="true" ];
	q125 [label = "q125"];
	q126 [label = "q126", shape = doublecircle, final="true" ];
	q127 [label = "q127"];
	q128 [label = "q128"];
	q129 [label = "q129"];
	q130 [label = "q130"];
	q131 [label = "q131"];
	q132 [label = "q132"];
	q133 [label = "q133"];
	q134 [label = "q134"];
	q135 [label = "q135"];
	q136 [label = "q136"];
	q137 [label = "q137"];
	q138 [label = "q138"];
	q139 [label = "q139"];
	q140 [label = "q140", shape = doublecircle, final="true" ];
	q141 [label = "q141"];
	q142 [label = "q142", shape = doublecircle, final="true" ];
	q143 [label = "q143"];
	q144 [label = "q144"];
	q145 [label = "q145"];
	q146 [label = "q146"];
	q147 [label = "q147"];
	q148 [label = "q148"];
	q149 [label = "q149"];
	q150 [label = "q150"];
	q151 [label = "q151", shape = doublecircle, final="true" ];
	s0 -> q67
	q83 -> q53 [label = "c"];
	q82 -> q115 [label = "c"];
	q86 -> q79 [label = "a"];
	q81 -> q27 [label = "c"];
	q83 -> q54 [label = "b"];
	q81 -> q79 [label = "a"];
	q85 -> q128 [label = "c"];
	q80 -> q28 [label = "c"];
	q86 -> q56 [label = "b"];
	q79 -> q38 [label = "a"];
	q75 -> q31 [label = "c"];
	q74 -> q34 [label = "c"];
	q79 -> q56 [label = "b"];
	q77 -> q48 [label = "a"];
	q73 -> q111 [label = "c"];
	q75 -> q50 [label = "a"];
	q73 -> q73 [label = "b"];
	q75 -> q49 [label = "b"];
	q73 -> q72 [label = "a"];
	q76 -> q63 [label = "a"];
	q72 -> q83 [label = "c"];
	q72 -> q56 [label = "b"];
	q76 -> q8 [label = "c"];
	q69 -> q70 [label = "b"];
	q67 -> q64 [label = "c"];
	q70 -> q60 [label = "a"];
	q66 -> q61 [label = "c"];
	q71 -> q71 [label = "b"];
	q74 -> q68 [label = "b"];
	q71 -> q61 [label = "c"];
	q87 -> q93 [label = "c"];
	q67 -> q66 [label = "a"];
	q67 -> q65 [label = "b"];
	q65 -> q60 [label = "a"];
	q66 -> q63 [label = "a"];
	q66 -> q62 [label = "b"];
	q64 -> q81 [label = "a"];
	q61 -> q71 [label = "b"];
	q59 -> q82 [label = "c"];
	q58 -> q35 [label = "c"];
	q57 -> q75 [label = "b"];
	q78 -> q80 [label = "b"];
	q61 -> q72 [label = "c"];
	q62 -> q73 [label = "b"];
	q60 -> q81 [label = "a"];
	q56 -> q32 [label = "c"];
	q58 -> q61 [label = "a"];
	q56 -> q68 [label = "b"];
	q60 -> q82 [label = "c"];
	q58 -> q36 [label = "b"];
	q56 -> q33 [label = "a"];
	q51 -> q85 [label = "c"];
	q63 -> q39 [label = "c"];
	q54 -> q25 [label = "a"];
	q55 -> q55 [label = "b"];
	q49 -> q116 [label = "c"];
	q55 -> q69 [label = "c"];
	q65 -> q59 [label = "b"];
	q51 -> q46 [label = "b"];
	q54 -> q75 [label = "b"];
	q52 -> q104 [label = "a"];
	q48 -> q45 [label = "c"];
	q54 -> q32 [label = "c"];
	q50 -> q68 [label = "b"];
	q45 -> q118 [label = "b"];
	q43 -> q89 [label = "c"];
	q46 -> q104 [label = "a"];
	q44 -> q68 [label = "b"];
	q42 -> q61 [label = "c"];
	q18 -> q116 [label = "c"];
	q48 -> q86 [label = "a"];
	q21 -> q60 [label = "a"];
	q23 -> q66 [label = "b"];
	q23 -> q18 [label = "c"];
	q19 -> q88 [label = "b"];
	q17 -> q17 [label = "b"];
	q17 -> q105 [label = "a"];
	q87 -> q54 [label = "b"];
	q20 -> q50 [label = "a"];
	q16 -> q12 [label = "b"];
	q57 -> q68 [label = "a"];
	q22 -> q16 [label = "c"];
	q18 -> q127 [label = "b"];
	q15 -> q37 [label = "a"];
	q13 -> q12 [label = "b"];
	q11 -> q0 [label = "c"];
	q15 -> q138 [label = "b"];
	q13 -> q71 [label = "a"];
	q52 -> q75 [label = "b"];
	q3 -> q128 [label = "c"];
	q82 -> q61 [label = "a"];
	q7 -> q113 [label = "a"];
	q2 -> q128 [label = "c"];
	q4 -> q54 [label = "b"];
	q6 -> q129 [label = "a"];
	q5 -> q86 [label = "a"];
	q3 -> q86 [label = "a"];
	q1 -> q149 [label = "b"];
	q7 -> q3 [label = "c"];
	q3 -> q52 [label = "b"];
	q5 -> q68 [label = "b"];
	q1 -> q86 [label = "a"];
	q5 -> q116 [label = "c"];
	q6 -> q47 [label = "b"];
	q2 -> q86 [label = "a"];
	q21 -> q14 [label = "c"];
	q0 -> q127 [label = "b"];
	q0 -> q122 [label = "a"];
	q4 -> q125 [label = "c"];
	q10 -> q117 [label = "b"];
	q14 -> q10 [label = "c"];
	q10 -> q122 [label = "a"];
	q8 -> q56 [label = "b"];
	q14 -> q80 [label = "b"];
	q12 -> q104 [label = "a"];
	q78 -> q113 [label = "a"];
	q13 -> q1 [label = "c"];
	q9 -> q38 [label = "a"];
	q11 -> q9 [label = "a"];
	q21 -> q15 [label = "b"];
	q24 -> q50 [label = "a"];
	q111 -> q126 [label = "b"];
	q141 -> q50 [label = "a"];
	q108 -> q54 [label = "b"];
	q111 -> q71 [label = "a"];
	q12 -> q19 [label = "c"];
	q114 -> q114 [label = "b"];
	q78 -> q29 [label = "c"];
	q122 -> q79 [label = "a"];
	q116 -> q71 [label = "a"];
	q115 -> q68 [label = "b"];
	q138 -> q102 [label = "a"];
	q105 -> q86 [label = "a"];
	q113 -> q71 [label = "b"];
	q37 -> q92 [label = "a"];
	q38 -> q61 [label = "c"];
	q104 -> q68 [label = "b"];
	q91 -> q74 [label = "b"];
	q115 -> q116 [label = "c"];
	q117 -> q141 [label = "b"];
	q120 -> q71 [label = "a"];
	q124 -> q58 [label = "c"];
	q122 -> q126 [label = "b"];
	q99 -> q100 [label = "b"];
	q49 -> q49 [label = "b"];
	q26 -> q111 [label = "c"];
	q37 -> q57 [label = "b"];
	q126 -> q114 [label = "b"];
	q125 -> q71 [label = "a"];
	q121 -> q113 [label = "a"];
	q44 -> q103 [label = "a"];
	q127 -> q114 [label = "b"];
	q136 -> q86 [label = "a"];
	q124 -> q60 [label = "a"];
	q125 -> q118 [label = "b"];
	q129 -> q86 [label = "a"];
	q89 -> q94 [label = "b"];
	q146 -> q104 [label = "a"];
	q28 -> q126 [label = "b"];
	q125 -> q84 [label = "c"];
	q134 -> q129 [label = "a"];
	q133 -> q146 [label = "b"];
	q141 -> q150 [label = "b"];
	q19 -> q79 [label = "a"];
	q130 -> q71 [label = "a"];
	q144 -> q93 [label = "c"];
	q50 -> q87 [label = "c"];
	q144 -> q71 [label = "a"];
	q102 -> q106 [label = "a"];
	q57 -> q34 [label = "c"];
	q150 -> q50 [label = "a"];
	q120 -> q87 [label = "c"];
	q112 -> q131 [label = "b"];
	q131 -> q141 [label = "b"];
	q85 -> q122 [label = "a"];
	q79 -> q61 [label = "c"];
	q0 -> q116 [label = "c"];
	q133 -> q2 [label = "c"];
	q149 -> q23 [label = "c"];
	q143 -> q116 [label = "c"];
	q81 -> q66 [label = "b"];
	q127 -> q103 [label = "a"];
	q132 -> q122 [label = "a"];
	q94 -> q97 [label = "b"];
	q39 -> q66 [label = "b"];
	q135 -> q126 [label = "b"];
	q110 -> q37 [label = "a"];
	q91 -> q82 [label = "c"];
	q32 -> q71 [label = "b"];
	q16 -> q86 [label = "a"];
	q129 -> q54 [label = "b"];
	q150 -> q144 [label = "c"];
	q144 -> q151 [label = "b"];
	q128 -> q118 [label = "b"];
	q146 -> q141 [label = "b"];
	q137 -> q71 [label = "a"];
	q31 -> q5 [label = "c"];
	q145 -> q24 [label = "b"];
	q150 -> q150 [label = "b"];
	q11 -> q142 [label = "b"];
	q131 -> q144 [label = "c"];
	q119 -> q115 [label = "c"];
	q84 -> q3 [label = "c"];
	q30 -> q73 [label = "b"];
	q106 -> q107 [label = "c"];
	q143 -> q104 [label = "a"];
	q148 -> q76 [label = "a"];
	q149 -> q20 [label = "b"];
	q123 -> q117 [label = "b"];
	q113 -> q79 [label = "a"];
	q134 -> q95 [label = "c"];
	q7 -> q46 [label = "b"];
	q32 -> q8 [label = "c"];
	q129 -> q45 [label = "c"];
	q123 -> q71 [label = "a"];
	q109 -> q109 [label = "b"];
	q82 -> q26 [label = "b"];
	q151 -> q25 [label = "a"];
	q2 -> q145 [label = "b"];
	q101 -> q79 [label = "a"];
	q68 -> q103 [label = "a"];
	q18 -> q86 [label = "a"];
	q96 -> q72 [label = "c"];
	q119 -> q142 [label = "b"];
	q130 -> q118 [label = "b"];
	q145 -> q104 [label = "a"];
	q140 -> q88 [label = "b"];
	q55 -> q102 [label = "a"];
	q128 -> q86 [label = "a"];
	q40 -> q119 [label = "c"];
	q20 -> q23 [label = "c"];
	q99 -> q63 [label = "a"];
	q148 -> q21 [label = "b"];
	q64 -> q51 [label = "c"];
	q114 -> q140 [label = "c"];
	q100 -> q49 [label = "b"];
	q59 -> q55 [label = "b"];
	q151 -> q101 [label = "c"];
	q126 -> q33 [label = "a"];
	q134 -> q147 [label = "b"];
	q148 -> q77 [label = "c"];
	q142 -> q63 [label = "a"];
	q63 -> q71 [label = "a"];
	q118 -> q104 [label = "a"];
	q97 -> q105 [label = "a"];
	q41 -> q42 [label = "a"];
	q147 -> q98 [label = "c"];
	q149 -> q104 [label = "a"];
	q118 -> q141 [label = "b"];
	q71 -> q79 [label = "a"];
	q138 -> q148 [label = "c"];
	q147 -> q44 [label = "a"];
	q121 -> q85 [label = "c"];
	q130 -> q3 [label = "c"];
	q119 -> q61 [label = "a"];
	q32 -> q38 [label = "a"];
	q87 -> q71 [label = "a"];
	q135 -> q123 [label = "c"];
	q59 -> q37 [label = "a"];
	q111 -> q83 [label = "c"];
	q86 -> q61 [label = "c"];
	q143 -> q141 [label = "b"];
	q141 -> q140 [label = "c"];
	q6 -> q112 [label = "c"];
	q15 -> q11 [label = "c"];
	q146 -> q140 [label = "c"];
	q76 -> q30 [label = "b"];
	q46 -> q116 [label = "c"];
	q62 -> q72 [label = "a"];
	q142 -> q135 [label = "c"];
	q139 -> q149 [label = "b"];
	q68 -> q68 [label = "b"];
	q101 -> q135 [label = "c"];
	q68 -> q31 [label = "c"];
	q22 -> q17 [label = "b"];
	q132 -> q128 [label = "c"];
	q142 -> q30 [label = "b"];
	q139 -> q122 [label = "a"];
	q115 -> q122 [label = "a"];
	q33 -> q32 [label = "c"];
	q140 -> q38 [label = "a"];
	q103 -> q32 [label = "c"];
	q133 -> q86 [label = "a"];
	q112 -> q113 [label = "a"];
	q136 -> q130 [label = "c"];
	q106 -> q79 [label = "a"];
	q72 -> q71 [label = "a"];
	q64 -> q57 [label = "b"];
	q9 -> q56 [label = "b"];
	q122 -> q61 [label = "c"];
	q116 -> q117 [label = "b"];
	q138 -> q138 [label = "b"];
	q35 -> q122 [label = "a"];
	q77 -> q112 [label = "c"];
	q90 -> q96 [label = "a"];
	q103 -> q79 [label = "a"];
	q106 -> q52 [label = "b"];
	q128 -> q128 [label = "c"];
	q47 -> q44 [label = "a"];
	q8 -> q86 [label = "a"];
	q98 -> q99 [label = "a"];
	q9 -> q72 [label = "c"];
	q114 -> q103 [label = "a"];
	q39 -> q120 [label = "c"];
	q60 -> q74 [label = "b"];
	q136 -> q118 [label = "b"];
	q30 -> q36 [label = "c"];
	q151 -> q24 [label = "b"];
	q93 -> q86 [label = "a"];
	q74 -> q56 [label = "a"];
	q121 -> q143 [label = "b"];
	q80 -> q33 [label = "a"];
	q109 -> q105 [label = "a"];
	q19 -> q18 [label = "c"];
	q145 -> q23 [label = "c"];
	q110 -> q119 [label = "c"];
	q51 -> q113 [label = "a"];
	q52 -> q31 [label = "c"];
	q96 -> q79 [label = "a"];
	q137 -> q146 [label = "b"];
	q38 -> q38 [label = "a"];
	q47 -> q109 [label = "b"];
	q135 -> q86 [label = "a"];
	q65 -> q58 [label = "c"];
	q140 -> q5 [label = "c"];
	q126 -> q32 [label = "c"];
	q131 -> q104 [label = "a"];
	q92 -> q54 [label = "b"];
	q105 -> q41 [label = "c"];
	q107 -> q71 [label = "a"];
	q34 -> q6 [label = "c"];
	q53 -> q71 [label = "a"];
	q105 -> q68 [label = "b"];
	q109 -> q137 [label = "c"];
	q77 -> q47 [label = "b"];
	q23 -> q79 [label = "a"];
	q117 -> q32 [label = "c"];
	q107 -> q127 [label = "b"];
	q110 -> q138 [label = "b"];
	q104 -> q31 [label = "c"];
	q108 -> q136 [label = "c"];
	q104 -> q86 [label = "a"];
	q101 -> q71 [label = "b"];
	q95 -> q132 [label = "c"];
	q22 -> q105 [label = "a"];
	q12 -> q24 [label = "b"];
	q36 -> q79 [label = "a"];
	q69 -> q77 [label = "c"];
	q98 -> q134 [label = "c"];
	q45 -> q7 [label = "c"];
	q35 -> q56 [label = "b"];
	q34 -> q88 [label = "a"];
	q107 -> q108 [label = "c"];
	q103 -> q68 [label = "b"];
	q97 -> q133 [label = "c"];
	q102 -> q57 [label = "b"];
	q137 -> q1 [label = "c"];
	q100 -> q120 [label = "a"];
	q17 -> q13 [label = "c"];
	q29 -> q125 [label = "c"];
	q4 -> q86 [label = "a"];
	q102 -> q121 [label = "c"];
	q147 -> q22 [label = "b"];
	q96 -> q56 [label = "b"];
	q100 -> q101 [label = "c"];
	q139 -> q128 [label = "c"];
	q112 -> q139 [label = "c"];
	q98 -> q40 [label = "b"];
	q61 -> q38 [label = "a"];
	q43 -> q88 [label = "a"];
	q14 -> q96 [label = "a"];
	q24 -> q19 [label = "c"];
	q95 -> q96 [label = "a"];
	q53 -> q52 [label = "b"];
	q36 -> q111 [label = "c"];
	q90 -> q130 [label = "c"];
	q95 -> q131 [label = "b"];
	q85 -> q52 [label = "b"];
	q84 -> q52 [label = "b"];
	q16 -> q2 [label = "c"];
	q117 -> q25 [label = "a"];
	q33 -> q68 [label = "b"];
	q91 -> q92 [label = "a"];
	q108 -> q86 [label = "a"];
	q99 -> q36 [label = "c"];
	q27 -> q127 [label = "b"];
	q89 -> q95 [label = "c"];
	q83 -> q71 [label = "a"];
	q93 -> q130 [label = "c"];
	q8 -> q123 [label = "c"];
	q89 -> q129 [label = "a"];
	q70 -> q110 [label = "b"];
	q92 -> q79 [label = "a"];
	q124 -> q110 [label = "b"];
	q120 -> q68 [label = "b"];
	q88 -> q36 [label = "c"];
	q88 -> q30 [label = "b"];
	q31 -> q66 [label = "b"];
	q93 -> q52 [label = "b"];
	q90 -> q46 [label = "b"];
	q88 -> q63 [label = "a"];
	q41 -> q90 [label = "c"];
	q45 -> q42 [label = "a"];
	q10 -> q125 [label = "c"];
	q41 -> q54 [label = "b"];
	q20 -> q49 [label = "b"];
	q116 -> q93 [label = "c"];
	q97 -> q109 [label = "b"];
	q47 -> q43 [label = "c"];
	q1 -> q128 [label = "c"];
	q43 -> q40 [label = "b"];
	q46 -> q75 [label = "b"];
	q25 -> q68 [label = "b"];
	q42 -> q79 [label = "a"];
	q40 -> q110 [label = "b"];
	q40 -> q91 [label = "a"];
	q113 -> q72 [label = "c"];
	q42 -> q66 [label = "b"];
	q53 -> q84 [label = "c"];
	q44 -> q41 [label = "c"];
	q80 -> q114 [label = "b"];
	q49 -> q50 [label = "a"];
	q127 -> q31 [label = "c"];
	q118 -> q31 [label = "c"];
	q25 -> q31 [label = "c"];
	q39 -> q38 [label = "a"];
	q35 -> q123 [label = "c"];
	q62 -> q61 [label = "c"];
	q36 -> q71 [label = "b"];
	q50 -> q86 [label = "a"];
	q33 -> q38 [label = "a"];
	q38 -> q71 [label = "b"];
	q34 -> q124 [label = "b"];
	q94 -> q44 [label = "a"];
	q31 -> q38 [label = "a"];
	q48 -> q117 [label = "b"];
	q29 -> q54 [label = "b"];
	q27 -> q87 [label = "c"];
	q70 -> q78 [label = "c"];
	q94 -> q98 [label = "c"];
	q30 -> q72 [label = "a"];
	q84 -> q71 [label = "a"];
	q29 -> q122 [label = "a"];
	q37 -> q121 [label = "c"];
	q27 -> q71 [label = "a"];
	q132 -> q145 [label = "b"];
	q25 -> q71 [label = "a"];
	q69 -> q76 [label = "a"];
	q92 -> q27 [label = "c"];
	q28 -> q71 [label = "a"];
	q26 -> q63 [label = "a"];
	q63 -> q56 [label = "b"];
	q24 -> q150 [label = "b"];
	q123 -> q53 [label = "c"];
	q28 -> q4 [label = "c"];
	q26 -> q62 [label = "b"];
}
DFA size: 152 states

NL* output after 16 EQ and 21037 MQ:
digraph finite_state_machine {
	rankdir=LR;
	node [shape = circle];
	s0 [shape = point, style = invis, start="true" ];
	s1 [shape = point, style = invis, start="true" ];
	s2 [shape = point, style = invis, start="true" ];
	s3 [shape = point, style = invis, start="true" ];
	s4 [shape = point, style = invis, start="true" ];
	q0 [label = "q0"];
	q1 [label = "q1"];
	q2 [label = "q2"];
	q3 [label = "q3", shape = doublecircle, final="true" ];
	q4 [label = "q4"];
	q5 [label = "q5"];
	q6 [label = "q6"];
	q7 [label = "q7"];
	q8 [label = "q8"];
	q9 [label = "q9"];
	q10 [label = "q10", shape = doublecircle, final="true" ];
	q11 [label = "q11"];
	q12 [label = "q12"];
	q13 [label = "q13"];
	q14 [label = "q14"];
	q15 [label = "q15"];
	q16 [label = "q16", shape = doublecircle, final="true" ];
	q17 [label = "q17"];
	q18 [label = "q18"];
	q19 [label = "q19"];
	q20 [label = "q20", shape = doublecircle, final="true" ];
	q21 [label = "q21"];
	q22 [label = "q22", shape = doublecircle, final="true" ];
	q23 [label = "q23"];
	q24 [label = "q24"];
	q25 [label = "q25"];
	q26 [label = "q26"];
	q27 [label = "q27"];
	q28 [label = "q28"];
	q29 [label = "q29"];
	q30 [label = "q30"];
	q31 [label = "q31"];
	q32 [label = "q32"];
	q33 [label = "q33"];
	q34 [label = "q34"];
	q35 [label = "q35", shape = doublecircle, final="true" ];
	q36 [label = "q36"];
	q37 [label = "q37", shape = doublecircle, final="true" ];
	q38 [label = "q38"];
	q39 [label = "q39"];
	q40 [label = "q40"];
	q41 [label = "q41"];
	q42 [label = "q42", shape = doublecircle, final="true" ];
	q43 [label = "q43"];
	q44 [label = "q44"];
	q45 [label = "q45"];
	q46 [label = "q46"];
	q47 [label = "q47", shape = doublecircle, final="true" ];
	q48 [label = "q48", shape = doublecircle, final="true" ];
	q49 [label = "q49"];
	q50 [label = "q50"];
	q51 [label = "q51"];
	s0 -> q12
	s1 -> q25
	s2 -> q29
	s3 -> q30
	s4 -> q46
	q45 -> q47 [label = "a"];
	q45 -> q40 [label = "a"];
	q45 -> q39 [label = "a"];
	q45 -> q38 [label = "a"];
	q45 -> q36 [label = "a"];
	q45 -> q28 [label = "a"];
	q45 -> q27 [label = "a"];
	q45 -> q23 [label = "a"];
	q45 -> q20 [label = "a"];
	q45 -> q1 [label = "a"];
	q45 -> q0 [label = "a"];
	q43 -> q36 [label = "a"];
	q43 -> q26 [label = "a"];
	q43 -> q15 [label = "a"];
	q47 -> q35 [label = "c"];
	q47 -> q22 [label = "c"];
	q47 -> q20 [label = "c"];
	q47 -> q16 [label = "c"];
	q41 -> q49 [label = "a"];
	q41 -> q48 [label = "a"];
	q41 -> q46 [label = "a, c"];
	q41 -> q45 [label = "a, c"];
	q41 -> q43 [label = "a, c"];
	q41 -> q40 [label = "a"];
	q41 -> q39 [label = "a, c"];
	q41 -> q38 [label = "a"];
	q41 -> q37 [label = "a"];
	q41 -> q36 [label = "a"];
	q41 -> q35 [label = "a"];
	q41 -> q34 [label = "a"];
	q41 -> q32 [label = "a"];
	q41 -> q28 [label = "a, c"];
	q41 -> q27 [label = "a"];
	q41 -> q50 [label = "a, c"];
	q41 -> q26 [label = "a"];
	q41 -> q24 [label = "a, b"];
	q41 -> q23 [label = "a"];
	q41 -> q22 [label = "a"];
	q41 -> q20 [label = "a"];
	q41 -> q17 [label = "a, c"];
	q41 -> q15 [label = "a, b"];
	q41 -> q13 [label = "a, b, c"];
	q41 -> q11 [label = "a, b, c"];
	q41 -> q9 [label = "a, b"];
	q41 -> q6 [label = "a"];
	q41 -> q4 [label = "a, b"];
	q41 -> q2 [label = "a, c"];
	q41 -> q1 [label = "a"];
	q43 -> q43 [label = "a, b"];
	q43 -> q13 [label = "a, b"];
	q43 -> q11 [label = "b"];
	q45 -> q46 [label = "a, c"];
	q45 -> q44 [label = "a, c"];
	q45 -> q17 [label = "a, c"];
	q45 -> q8 [label = "a, c"];
	q40 -> q51 [label = "c"];
	q40 -> q21 [label = "c"];
	q44 -> q49 [label = "a"];
	q44 -> q46 [label = "a"];
	q44 -> q45 [label = "a"];
	q44 -> q39 [label = "a"];
	q44 -> q38 [label = "a"];
	q44 -> q36 [label = "a"];
	q44 -> q28 [label = "a"];
	q44 -> q27 [label = "a"];
	q44 -> q26 [label = "a"];
	q44 -> q22 [label = "a"];
	q44 -> q17 [label = "a"];
	q44 -> q43 [label = "a"];
	q44 -> q13 [label = "a"];
	q44 -> q10 [label = "a"];
	q44 -> q8 [label = "a"];
	q44 -> q6 [label = "a"];
	q44 -> q2 [label = "a"];
	q44 -> q1 [label = "a"];
	q44 -> q0 [label = "a"];
	q46 -> q15 [label = "b"];
	q46 -> q7 [label = "b"];
	q42 -> q51 [label = "a"];
	q42 -> q41 [label = "a"];
	q42 -> q36 [label = "a"];
	q42 -> q33 [label = "a"];
	q42 -> q31 [label = "a"];
	q42 -> q30 [label = "a"];
	q42 -> q29 [label = "a"];
	q42 -> q25 [label = "a"];
	q42 -> q19 [label = "a"];
	q42 -> q12 [label = "a"];
	q40 -> q49 [label = "b"];
	q40 -> q32 [label = "b"];
	q40 -> q15 [label = "b"];
	q40 -> q50 [label = "a"];
	q41 -> q3 [label = "a"];
	q40 -> q45 [label = "a"];
	q40 -> q44 [label = "a, c"];
	q40 -> q43 [label = "a, b"];
	q40 -> q39 [label = "a"];
	q40 -> q38 [label = "a"];
	q40 -> q28 [label = "a"];
	q40 -> q27 [label = "a"];
	q40 -> q23 [label = "a"];
	q40 -> q22 [label = "a"];
	q40 -> q17 [label = "a"];
	q40 -> q13 [label = "a, b"];
	q40 -> q11 [label = "a"];
	q40 -> q8 [label = "a"];
	q40 -> q2 [label = "a"];
	q40 -> q1 [label = "a"];
	q44 -> q50 [label = "a, c"];
	q39 -> q38 [label = "a"];
	q39 -> q26 [label = "a"];
	q37 -> q42 [label = "b"];
	q38 -> q50 [label = "a"];
	q38 -> q49 [label = "a"];
	q38 -> q47 [label = "a"];
	q38 -> q45 [label = "a"];
	q38 -> q44 [label = "a"];
	q38 -> q43 [label = "a"];
	q38 -> q40 [label = "a"];
	q38 -> q38 [label = "a"];
	q41 -> q8 [label = "a, c"];
	q38 -> q36 [label = "a"];
	q38 -> q34 [label = "a"];
	q41 -> q7 [label = "a, b"];
	q38 -> q32 [label = "a"];
	q38 -> q28 [label = "a"];
	q38 -> q27 [label = "a"];
	q38 -> q23 [label = "a"];
	q38 -> q8 [label = "a"];
	q38 -> q1 [label = "a"];
	q38 -> q0 [label = "a"];
	q37 -> q51 [label = "a"];
	q37 -> q36 [label = "a"];
	q37 -> q31 [label = "a"];
	q37 -> q30 [label = "a"];
	q38 -> q14 [label = "a"];
	q37 -> q29 [label = "a"];
	q37 -> q25 [label = "a"];
	q37 -> q21 [label = "a"];
	q45 -> q49 [label = "a"];
	q37 -> q19 [label = "a"];
	q6 -> q36 [label = "a"];
	q37 -> q32 [label = "a, c"];
	q6 -> q17 [label = "a"];
	q6 -> q15 [label = "a, b"];
	q33 -> q6 [label = "a"];
	q6 -> q11 [label = "a, b"];
	q41 -> q47 [label = "a"];
	q26 -> q13 [label = "a, b"];
	q35 -> q36 [label = "a"];
	q6 -> q10 [label = "a, b"];
	q44 -> q32 [label = "a"];
	q6 -> q9 [label = "a, b"];
	q22 -> q28 [label = "a"];
	q9 -> q32 [label = "a"];
	q6 -> q1 [label = "a, c"];
	q14 -> q5 [label = "c"];
	q39 -> q43 [label = "a, b"];
	q14 -> q20 [label = "a"];
	q47 -> q33 [label = "a"];
	q7 -> q39 [label = "a"];
	q39 -> q13 [label = "a, b"];
	q2 -> q50 [label = "a, c"];
	q7 -> q17 [label = "a"];
	q3 -> q0 [label = "a, c"];
	q13 -> q49 [label = "a"];
	q42 -> q5 [label = "a"];
	q21 -> q6 [label = "a"];
	q13 -> q36 [label = "a"];
	q45 -> q15 [label = "a, b"];
	q13 -> q34 [label = "a"];
	q28 -> q14 [label = "a"];
	q19 -> q7 [label = "a, b"];
	q49 -> q48 [label = "a"];
	q22 -> q10 [label = "a"];
	q10 -> q44 [label = "c"];
	q10 -> q6 [label = "c"];
	q12 -> q10 [label = "a, b"];
	q51 -> q8 [label = "a"];
	q14 -> q49 [label = "a"];
	q21 -> q1 [label = "a"];
	q14 -> q48 [label = "a"];
	q47 -> q9 [label = "a, c"];
	q48 -> q18 [label = "a"];
	q22 -> q25 [label = "a, c"];
	q14 -> q43 [label = "a"];
	q14 -> q40 [label = "a"];
	q6 -> q2 [label = "a"];
	q14 -> q39 [label = "a, c"];
	q14 -> q32 [label = "a"];
	q14 -> q28 [label = "a"];
	q28 -> q18 [label = "a, b"];
	q35 -> q13 [label = "a, b, c"];
	q0 -> q20 [label = "a"];
	q14 -> q27 [label = "a"];
	q14 -> q22 [label = "a"];
	q14 -> q17 [label = "a, c"];
	q2 -> q13 [label = "a, b, c"];
	q14 -> q11 [label = "a, b"];
	q8 -> q4 [label = "a, b"];
	q10 -> q23 [label = "a"];
	q38 -> q24 [label = "a, b"];
	q14 -> q10 [label = "a"];
	q14 -> q4 [label = "a, b"];
	q14 -> q2 [label = "a, c"];
	q16 -> q4 [label = "a"];
	q11 -> q8 [label = "c"];
	q15 -> q23 [label = "a"];
	q17 -> q43 [label = "a"];
	q25 -> q13 [label = "a"];
	q20 -> q29 [label = "c"];
	q3 -> q33 [label = "a"];
	q16 -> q45 [label = "a"];
	q0 -> q44 [label = "a, c"];
	q4 -> q26 [label = "a"];
	q16 -> q41 [label = "a"];
	q16 -> q36 [label = "a"];
	q16 -> q30 [label = "a"];
	q16 -> q23 [label = "a"];
	q31 -> q26 [label = "a, b"];
	q37 -> q41 [label = "a"];
	q16 -> q12 [label = "a"];
	q16 -> q5 [label = "a"];
	q4 -> q15 [label = "a"];
	q23 -> q9 [label = "a"];
	q16 -> q2 [label = "a"];
	q16 -> q39 [label = "a, b"];
	q28 -> q26 [label = "b"];
	q16 -> q7 [label = "a, b"];
	q37 -> q33 [label = "a"];
	q27 -> q43 [label = "b"];
	q18 -> q39 [label = "a"];
	q18 -> q28 [label = "a"];
	q18 -> q26 [label = "a"];
	q47 -> q21 [label = "a"];
	q18 -> q11 [label = "a, b"];
	q49 -> q29 [label = "c"];
	q16 -> q51 [label = "a"];
	q20 -> q50 [label = "a, c"];
	q13 -> q46 [label = "c"];
	q20 -> q44 [label = "a, c"];
	q44 -> q44 [label = "a"];
	q20 -> q40 [label = "a"];
	q20 -> q36 [label = "a"];
	q18 -> q40 [label = "a"];
	q6 -> q8 [label = "a"];
	q18 -> q32 [label = "a"];
	q50 -> q20 [label = "a"];
	q28 -> q8 [label = "a, c"];
	q20 -> q28 [label = "a"];
	q20 -> q25 [label = "a, c"];
	q20 -> q21 [label = "a, c"];
	q51 -> q16 [label = "a"];
	q36 -> q29 [label = "c"];
	q6 -> q28 [label = "a"];
	q38 -> q2 [label = "a"];
	q8 -> q39 [label = "a"];
	q9 -> q11 [label = "b"];
	q23 -> q46 [label = "a"];
	q16 -> q48 [label = "b"];
	q20 -> q8 [label = "a, c"];
	q35 -> q41 [label = "a, c"];
	q40 -> q3 [label = "c"];
	q20 -> q0 [label = "a"];
	q18 -> q49 [label = "a"];
	q40 -> q34 [label = "b"];
	q16 -> q13 [label = "a, b, c"];
	q42 -> q21 [label = "a"];
	q51 -> q13 [label = "a"];
	q13 -> q11 [label = "b"];
	q34 -> q29 [label = "c"];
	q14 -> q7 [label = "a, b"];
	q17 -> q46 [label = "a"];
	q20 -> q6 [label = "c"];
	q23 -> q44 [label = "a, c"];
	q17 -> q13 [label = "a, b"];
	q25 -> q47 [label = "a"];
	q19 -> q44 [label = "a, c"];
	q16 -> q46 [label = "a, c"];
	q32 -> q34 [label = "a, b"];
	q19 -> q42 [label = "a"];
	q20 -> q34 [label = "a"];
	q14 -> q15 [label = "a, b"];
	q6 -> q44 [label = "a"];
	q38 -> q22 [label = "a"];
	q19 -> q35 [label = "a"];
	q33 -> q3 [label = "a"];
	q20 -> q26 [label = "a"];
	q49 -> q11 [label = "a, b"];
	q47 -> q44 [label = "a, c"];
	q4 -> q0 [label = "a"];
	q18 -> q46 [label = "a"];
	q19 -> q24 [label = "a, b"];
	q21 -> q32 [label = "a"];
	q36 -> q9 [label = "a, b"];
	q1 -> q17 [label = "a, c"];
	q19 -> q22 [label = "a"];
	q19 -> q15 [label = "a, b"];
	q6 -> q49 [label = "a"];
	q19 -> q13 [label = "a, b, c"];
	q19 -> q8 [label = "a"];
	q9 -> q13 [label = "a"];
	q19 -> q4 [label = "a, b"];
	q23 -> q43 [label = "a, b"];
	q23 -> q32 [label = "b"];
	q2 -> q46 [label = "a, c"];
	q16 -> q43 [label = "a, b"];
	q0 -> q5 [label = "c"];
	q2 -> q11 [label = "a, c"];
	q46 -> q39 [label = "a"];
	q30 -> q15 [label = "a, b"];
	q21 -> q38 [label = "a"];
	q21 -> q27 [label = "a"];
	q36 -> q24 [label = "a, b"];
	q21 -> q26 [label = "a"];
	q0 -> q10 [label = "a"];
	q33 -> q32 [label = "a, b"];
	q21 -> q20 [label = "a"];
	q17 -> q38 [label = "a"];
	q21 -> q8 [label = "a"];
	q38 -> q18 [label = "a, b"];
	q35 -> q31 [label = "a"];
	q17 -> q26 [label = "a"];
	q27 -> q13 [label = "a, b"];
	q36 -> q17 [label = "a, c"];
	q19 -> q28 [label = "a"];
	q18 -> q9 [label = "a, b"];
	q21 -> q0 [label = "a"];
	q22 -> q51 [label = "a, c"];
	q33 -> q27 [label = "a"];
	q22 -> q50 [label = "a, c"];
	q2 -> q8 [label = "a, c"];
	q5 -> q11 [label = "a"];
	q14 -> q8 [label = "a, c"];
	q3 -> q19 [label = "a"];
	q44 -> q34 [label = "a"];
	q28 -> q6 [label = "a"];
	q4 -> q9 [label = "a"];
	q16 -> q19 [label = "a"];
	q35 -> q43 [label = "a, b"];
	q4 -> q27 [label = "a"];
	q21 -> q17 [label = "a"];
	q23 -> q34 [label = "b"];
	q26 -> q49 [label = "a"];
	q22 -> q46 [label = "a, c"];
	q22 -> q41 [label = "a, c"];
	q47 -> q17 [label = "a, c"];
	q47 -> q15 [label = "a, c"];
	q14 -> q13 [label = "a"];
	q20 -> q22 [label = "a"];
	q21 -> q46 [label = "a"];
	q48 -> q31 [label = "a"];
	q1 -> q15 [label = "a, b"];
	q16 -> q25 [label = "a"];
	q47 -> q7 [label = "a, b"];
	q51 -> q49 [label = "a"];
	q47 -> q4 [label = "a"];
	q42 -> q26 [label = "a, b, c"];
	q0 -> q0 [label = "a"];
	q22 -> q44 [label = "a, c"];
	q22 -> q6 [label = "a"];
	q1 -> q14 [label = "a"];
	q18 -> q0 [label = "a"];
	q48 -> q41 [label = "a"];
	q16 -> q29 [label = "a"];
	q32 -> q49 [label = "a"];
	q18 -> q4 [label = "a"];
	q21 -> q49 [label = "a"];
	q51 -> q32 [label = "a"];
	q20 -> q4 [label = "a, b"];
	q22 -> q43 [label = "a, b"];
	q49 -> q13 [label = "a, b"];
	q50 -> q6 [label = "a"];
	q51 -> q0 [label = "a"];
	q48 -> q32 [label = "a"];
	q20 -> q33 [label = "a"];
	q16 -> q34 [label = "a"];
	q48 -> q45 [label = "c"];
	q8 -> q7 [label = "a"];
	q35 -> q30 [label = "a"];
	q48 -> q27 [label = "a"];
	q2 -> q43 [label = "b"];
	q19 -> q50 [label = "a"];
	q23 -> q39 [label = "a"];
	q21 -> q44 [label = "a"];
	q48 -> q33 [label = "a"];
	q42 -> q11 [label = "a, b, c"];
	q14 -> q9 [label = "a, b"];
	q10 -> q39 [label = "a"];
	q6 -> q32 [label = "a"];
	q31 -> q17 [label = "a"];
	q50 -> q15 [label = "a"];
	q28 -> q24 [label = "a, b"];
	q49 -> q20 [label = "a"];
	q2 -> q17 [label = "a, c"];
	q50 -> q9 [label = "a"];
	q51 -> q22 [label = "a"];
	q47 -> q3 [label = "c"];
	q19 -> q18 [label = "a, b"];
	q47 -> q43 [label = "a, b, c"];
	q50 -> q0 [label = "a"];
	q5 -> q50 [label = "a, c"];
	q14 -> q0 [label = "a"];
	q20 -> q5 [label = "a, c"];
	q49 -> q26 [label = "a, b"];
	q4 -> q13 [label = "a"];
	q48 -> q43 [label = "a, b, c"];
	q49 -> q10 [label = "a"];
	q48 -> q39 [label = "a, c"];
	q29 -> q15 [label = "b"];
	q45 -> q2 [label = "a"];
	q51 -> q36 [label = "a"];
	q50 -> q18 [label = "a"];
	q8 -> q9 [label = "a"];
	q22 -> q15 [label = "a, b"];
	q19 -> q3 [label = "a"];
	q48 -> q17 [label = "a, c"];
	q19 -> q17 [label = "a, c"];
	q28 -> q46 [label = "a, c"];
	q49 -> q9 [label = "a, b"];
	q48 -> q5 [label = "a"];
	q22 -> q40 [label = "a"];
	q21 -> q15 [label = "a, b"];
	q18 -> q5 [label = "c"];
	q22 -> q27 [label = "a"];
	q16 -> q49 [label = "a"];
	q5 -> q18 [label = "a"];
	q25 -> q37 [label = "a"];
	q20 -> q32 [label = "a"];
	q4 -> q50 [label = "a, c"];
	q50 -> q38 [label = "a"];
	q48 -> q2 [label = "a, c"];
	q47 -> q8 [label = "a, c"];
	q14 -> q44 [label = "a"];
	q31 -> q13 [label = "a, b"];
	q21 -> q35 [label = "a"];
	q51 -> q23 [label = "a"];
	q48 -> q34 [label = "a, b"];
	q16 -> q6 [label = "a, c"];
	q38 -> q25 [label = "c"];
	q21 -> q16 [label = "a"];
	q48 -> q28 [label = "a, c"];
	q47 -> q46 [label = "a, c"];
	q3 -> q2 [label = "a"];
	q3 -> q11 [label = "a"];
	q35 -> q9 [label = "a, b, c"];
	q49 -> q24 [label = "a, b"];
	q22 -> q49 [label = "a"];
	q49 -> q43 [label = "a, b"];
	q16 -> q26 [label = "a"];
	q16 -> q9 [label = "a, c"];
	q3 -> q26 [label = "a"];
	q23 -> q21 [label = "c"];
	q42 -> q32 [label = "a, c"];
	q51 -> q20 [label = "a"];
	q5 -> q3 [label = "a"];
	q51 -> q35 [label = "a"];
	q45 -> q50 [label = "a, c"];
	q42 -> q44 [label = "a, c"];
	q51 -> q34 [label = "a"];
	q5 -> q9 [label = "a"];
	q31 -> q11 [label = "a"];
	q37 -> q4 [label = "a"];
	q45 -> q43 [label = "a, b"];
	q7 -> q27 [label = "a"];
	q51 -> q1 [label = "a"];
	q35 -> q34 [label = "a, b"];
	q8 -> q46 [label = "a"];
	q19 -> q26 [label = "a"];
	q47 -> q6 [label = "a, c"];
	q36 -> q18 [label = "a, b"];
	q47 -> q27 [label = "a, c"];
	q45 -> q7 [label = "a, b"];
	q47 -> q14 [label = "a"];
	q42 -> q6 [label = "a, c"];
	q51 -> q10 [label = "a"];
	q0 -> q11 [label = "a, b, c"];
	q22 -> q18 [label = "a, b"];
	q37 -> q26 [label = "a, c"];
	q22 -> q24 [label = "a, b"];
	q31 -> q43 [label = "a, b"];
	q35 -> q5 [label = "a, c"];
	q19 -> q39 [label = "a, c"];
	q9 -> q9 [label = "b"];
	q22 -> q2 [label = "a"];
	q0 -> q46 [label = "a, c"];
	q23 -> q26 [label = "a, b"];
	q51 -> q11 [label = "a, b"];
	q8 -> q45 [label = "a"];
	q19 -> q23 [label = "a"];
	q21 -> q43 [label = "a"];
	q5 -> q42 [label = "a"];
	q47 -> q10 [label = "c"];
	q35 -> q33 [label = "a"];
	q6 -> q20 [label = "a, b"];
	q13 -> q13 [label = "a"];
	q49 -> q25 [label = "c"];
	q40 -> q29 [label = "c"];
	q22 -> q7 [label = "a, b"];
	q11 -> q15 [label = "a"];
	q50 -> q10 [label = "a"];
	q51 -> q9 [label = "a, b"];
	q37 -> q15 [label = "a, c"];
	q23 -> q51 [label = "c"];
	q5 -> q7 [label = "a"];
	q30 -> q32 [label = "a"];
	q49 -> q12 [label = "c"];
	q41 -> q42 [label = "a"];
	q22 -> q47 [label = "a"];
	q37 -> q50 [label = "a, c"];
	q20 -> q46 [label = "a, c"];
	q48 -> q50 [label = "a, c"];
	q46 -> q4 [label = "a"];
	q43 -> q34 [label = "a"];
	q51 -> q45 [label = "a"];
	q9 -> q5 [label = "c"];
	q48 -> q13 [label = "a, b, c"];
	q42 -> q43 [label = "a, b, c"];
	q19 -> q1 [label = "a"];
	q48 -> q36 [label = "a"];
	q51 -> q50 [label = "a, c"];
	q20 -> q19 [label = "a"];
	q33 -> q1 [label = "a"];
	q18 -> q50 [label = "a, c"];
	q51 -> q38 [label = "a"];
	q42 -> q1 [label = "a, c"];
	q20 -> q51 [label = "a, c"];
	q23 -> q28 [label = "a"];
	q50 -> q4 [label = "a, b"];
	q51 -> q6 [label = "a"];
	q33 -> q49 [label = "a"];
	q20 -> q11 [label = "a, b, c"];
	q48 -> q3 [label = "c"];
	q12 -> q17 [label = "a"];
	q28 -> q34 [label = "b"];
	q6 -> q6 [label = "a"];
	q50 -> q8 [label = "a, c"];
	q40 -> q33 [label = "c"];
	q47 -> q51 [label = "a"];
	q19 -> q9 [label = "a, b"];
	q33 -> q2 [label = "a, c"];
	q49 -> q23 [label = "a, b"];
	q48 -> q49 [label = "a"];
	q0 -> q17 [label = "a, c"];
	q33 -> q35 [label = "a"];
	q48 -> q23 [label = "a"];
	q44 -> q15 [label = "a, b"];
	q42 -> q16 [label = "c"];
	q25 -> q15 [label = "b"];
	q8 -> q14 [label = "a"];
	q16 -> q14 [label = "a"];
	q51 -> q3 [label = "a"];
	q6 -> q22 [label = "a"];
	q43 -> q32 [label = "a"];
	q51 -> q2 [label = "a, c"];
	q49 -> q32 [label = "a, b"];
	q19 -> q46 [label = "a"];
	q47 -> q12 [label = "a"];
	q2 -> q44 [label = "a, c"];
	q3 -> q1 [label = "a"];
	q22 -> q30 [label = "a"];
	q13 -> q43 [label = "a"];
	q1 -> q13 [label = "a, b, c"];
	q8 -> q15 [label = "a"];
	q21 -> q18 [label = "a, b"];
	q8 -> q17 [label = "a, c"];
	q16 -> q21 [label = "a"];
	q33 -> q10 [label = "a"];
	q28 -> q38 [label = "a"];
	q31 -> q46 [label = "a"];
	q22 -> q13 [label = "a, b, c"];
	q6 -> q23 [label = "a"];
	q2 -> q18 [label = "a"];
	q8 -> q47 [label = "a"];
	q28 -> q0 [label = "a"];
	q50 -> q13 [label = "a, b, c"];
	q51 -> q26 [label = "a"];
	q51 -> q18 [label = "a, b"];
	q42 -> q15 [label = "a, b, c"];
	q51 -> q46 [label = "a"];
	q12 -> q43 [label = "a"];
	q20 -> q27 [label = "a"];
	q18 -> q13 [label = "a"];
	q28 -> q7 [label = "a, b"];
	q50 -> q1 [label = "a"];
	q1 -> q1 [label = "a"];
	q50 -> q50 [label = "a, c"];
	q6 -> q38 [label = "a"];
	q20 -> q17 [label = "a, c"];
	q37 -> q13 [label = "a, b, c"];
	q50 -> q44 [label = "a, c"];
	q21 -> q34 [label = "a"];
	q47 -> q29 [label = "a"];
	q11 -> q34 [label = "a"];
	q49 -> q49 [label = "a, b"];
	q42 -> q20 [label = "c"];
	q19 -> q34 [label = "a"];
	q43 -> q46 [label = "c"];
	q45 -> q34 [label = "a, b"];
	q51 -> q17 [label = "a"];
	q22 -> q26 [label = "a, b"];
	q21 -> q9 [label = "a, b"];
	q21 -> q50 [label = "a, c"];
	q41 -> q44 [label = "a, c"];
	q33 -> q38 [label = "a"];
	q20 -> q18 [label = "a, b"];
	q44 -> q18 [label = "a, b"];
	q1 -> q10 [label = "a, b"];
	q22 -> q11 [label = "a, b, c"];
	q5 -> q37 [label = "a"];
	q47 -> q0 [label = "a, c"];
	q50 -> q11 [label = "a, c"];
	q49 -> q34 [label = "a, b"];
	q51 -> q39 [label = "a"];
	q22 -> q20 [label = "a"];
	q51 -> q44 [label = "a"];
	q47 -> q30 [label = "a"];
	q21 -> q2 [label = "a, c"];
	q36 -> q49 [label = "a, b"];
	q49 -> q4 [label = "a, b"];
	q48 -> q25 [label = "a"];
	q21 -> q22 [label = "a"];
	q47 -> q13 [label = "a, b, c"];
	q14 -> q36 [label = "a"];
	q44 -> q20 [label = "a"];
	q49 -> q7 [label = "a, b"];
	q6 -> q26 [label = "a"];
	q31 -> q27 [label = "a"];
	q50 -> q14 [label = "a"];
	q13 -> q26 [label = "a"];
	q28 -> q43 [label = "b"];
	q32 -> q7 [label = "a, b"];
	q47 -> q40 [label = "a"];
	q8 -> q48 [label = "a"];
	q4 -> q11 [label = "a, b"];
	q48 -> q15 [label = "a, b"];
	q47 -> q48 [label = "b"];
	q50 -> q7 [label = "a"];
	q45 -> q4 [label = "a, b"];
	q42 -> q22 [label = "c"];
	q24 -> q27 [label = "a"];
	q19 -> q48 [label = "a"];
	q38 -> q48 [label = "a"];
	q14 -> q12 [label = "c"];
	q47 -> q24 [label = "a"];
	q37 -> q34 [label = "a, c"];
	q10 -> q7 [label = "a, b"];
	q47 -> q23 [label = "a, c"];
	q6 -> q0 [label = "a"];
	q7 -> q3 [label = "c"];
	q14 -> q34 [label = "a"];
	q20 -> q43 [label = "a"];
	q44 -> q9 [label = "a, b"];
	q42 -> q39 [label = "a, b, c"];
	q8 -> q20 [label = "a"];
	q8 -> q22 [label = "a"];
	q10 -> q31 [label = "a"];
	q47 -> q28 [label = "a, c"];
	q48 -> q16 [label = "c"];
	q47 -> q1 [label = "a, c"];
	q22 -> q17 [label = "a, c"];
	q47 -> q32 [label = "a, c"];
	q18 -> q14 [label = "a"];
	q47 -> q34 [label = "a, c"];
	q2 -> q1 [label = "a"];
	q47 -> q36 [label = "a"];
	q16 -> q28 [label = "a"];
	q47 -> q39 [label = "a, c"];
	q20 -> q49 [label = "a"];
	q35 -> q49 [label = "a"];
	q47 -> q41 [label = "a"];
	q21 -> q45 [label = "a"];
	q22 -> q29 [label = "a"];
	q18 -> q2 [label = "a"];
	q47 -> q45 [label = "a, c"];
	q22 -> q1 [label = "a"];
	q50 -> q24 [label = "a"];
	q47 -> q50 [label = "a, c"];
	q18 -> q27 [label = "a"];
	q16 -> q44 [label = "a, c"];
	q3 -> q38 [label = "a"];
	q2 -> q0 [label = "a"];
	q47 -> q5 [label = "a"];
	q51 -> q27 [label = "a"];
	q3 -> q29 [label = "a"];
	q4 -> q43 [label = "a"];
	q35 -> q27 [label = "a, b"];
	q42 -> q34 [label = "a, b, c"];
	q16 -> q15 [label = "a, c"];
	q45 -> q9 [label = "a, b, c"];
	q6 -> q27 [label = "a"];
	q45 -> q10 [label = "a, b"];
	q15 -> q15 [label = "b"];
	q16 -> q42 [label = "b"];
	q3 -> q49 [label = "a"];
	q19 -> q45 [label = "a"];
	q42 -> q10 [label = "c"];
	q18 -> q44 [label = "a"];
	q19 -> q2 [label = "a"];
	q22 -> q9 [label = "a, b"];
	q42 -> q45 [label = "a, c"];
	q45 -> q13 [label = "a, b, c"];
	q20 -> q31 [label = "a"];
	q50 -> q17 [label = "a, c"];
	q22 -> q22 [label = "a"];
	q31 -> q9 [label = "a"];
	q49 -> q36 [label = "a, b"];
	q48 -> q0 [label = "a"];
	q21 -> q39 [label = "a"];
	q45 -> q24 [label = "a, b"];
	q22 -> q4 [label = "a, b"];
	q35 -> q32 [label = "a"];
	q47 -> q38 [label = "a, c"];
	q48 -> q26 [label = "a, b"];
	q45 -> q32 [label = "a, b"];
	q42 -> q23 [label = "a, c"];
	q46 -> q10 [label = "a"];
	q51 -> q37 [label = "a"];
	q19 -> q32 [label = "a"];
	q20 -> q24 [label = "a, b"];
	q21 -> q36 [label = "a"];
	q2 -> q38 [label = "a"];
	q46 -> q13 [label = "a"];
	q19 -> q21 [label = "c"];
	q46 -> q17 [label = "a, c"];
	q21 -> q37 [label = "a"];
	q22 -> q36 [label = "a"];
	q1 -> q6 [label = "a"];
	q46 -> q47 [label = "a"];
	q3 -> q51 [label = "a"];
	q44 -> q11 [label = "a, b"];
	q5 -> q27 [label = "a"];
	q51 -> q15 [label = "a, b"];
	q41 -> q10 [label = "a"];
	q14 -> q26 [label = "a"];
	q35 -> q39 [label = "a, b"];
	q20 -> q48 [label = "a"];
	q41 -> q18 [label = "a, b"];
	q19 -> q27 [label = "a"];
	q17 -> q44 [label = "c"];
	q42 -> q3 [label = "c"];
	q20 -> q39 [label = "a"];
	q16 -> q31 [label = "a"];
	q42 -> q9 [label = "a, b, c"];
	q8 -> q6 [label = "a"];
	q42 -> q17 [label = "a, b, c"];
	q20 -> q2 [label = "a"];
	q22 -> q48 [label = "a"];
	q5 -> q6 [label = "a"];
	q33 -> q16 [label = "a"];
	q42 -> q27 [label = "a, b, c"];
	q42 -> q28 [label = "a, c"];
	q36 -> q14 [label = "a, b"];
	q3 -> q45 [label = "a"];
	q22 -> q32 [label = "a, b"];
	q42 -> q35 [label = "b, c"];
	q28 -> q4 [label = "a, b"];
	q42 -> q46 [label = "a, c"];
	q32 -> q12 [label = "c"];
	q42 -> q50 [label = "a, c"];
	q18 -> q8 [label = "a, c"];
	q41 -> q16 [label = "a"];
	q47 -> q18 [label = "a, c"];
	q33 -> q22 [label = "a"];
	q18 -> q17 [label = "a, c"];
	q20 -> q7 [label = "a, b"];
	q20 -> q9 [label = "a, b"];
	q20 -> q14 [label = "a, b"];
	q5 -> q44 [label = "a"];
	q30 -> q10 [label = "a, b"];
	q16 -> q40 [label = "a"];
	q47 -> q11 [label = "a, b, c"];
	q37 -> q28 [label = "a, c"];
	q20 -> q15 [label = "a, b"];
	q1 -> q11 [label = "a, b, c"];
	q19 -> q43 [label = "a, c"];
	q5 -> q24 [label = "a"];
	q22 -> q45 [label = "a"];
	q22 -> q5 [label = "a, c"];
	q18 -> q36 [label = "a"];
	q22 -> q0 [label = "a"];
	q48 -> q10 [label = "c"];
	q12 -> q13 [label = "a"];
	q14 -> q24 [label = "a, b"];
	q18 -> q12 [label = "c"];
	q16 -> q0 [label = "a, c"];
	q21 -> q13 [label = "a, b"];
	q22 -> q8 [label = "a, c"];
	q22 -> q33 [label = "a"];
	q8 -> q2 [label = "a"];
	q22 -> q14 [label = "a"];
	q16 -> q50 [label = "a, c"];
	q47 -> q49 [label = "a, c"];
	q21 -> q3 [label = "a"];
	q19 -> q47 [label = "a"];
	q9 -> q8 [label = "c"];
	q6 -> q39 [label = "a"];
	q18 -> q23 [label = "a"];
	q22 -> q21 [label = "a, c"];
	q22 -> q38 [label = "a"];
	q35 -> q51 [label = "a, c"];
	q2 -> q14 [label = "a"];
	q51 -> q28 [label = "a"];
	q1 -> q0 [label = "a"];
	q4 -> q36 [label = "a"];
	q16 -> q32 [label = "a"];
	q13 -> q15 [label = "a"];
	q1 -> q4 [label = "a, b"];
	q31 -> q38 [label = "a"];
	q16 -> q38 [label = "a, c"];
	q42 -> q13 [label = "a, b, c"];
	q22 -> q31 [label = "a"];
	q14 -> q50 [label = "a, c"];
	q22 -> q34 [label = "a, b"];
	q6 -> q43 [label = "a"];
	q6 -> q46 [label = "a"];
	q6 -> q50 [label = "a, c"];
	q1 -> q5 [label = "c"];
	q1 -> q8 [label = "a, c"];
	q4 -> q23 [label = "a"];
	q31 -> q21 [label = "c"];
	q42 -> q0 [label = "a, c"];
	q36 -> q12 [label = "c"];
	q1 -> q19 [label = "c"];
	q3 -> q15 [label = "a"];
	q4 -> q18 [label = "a"];
	q36 -> q20 [label = "a"];
	q1 -> q21 [label = "c"];
	q36 -> q11 [label = "a, b"];
	q1 -> q25 [label = "c"];
	q34 -> q12 [label = "c"];
	q1 -> q44 [label = "a, c"];
	q1 -> q50 [label = "a, c"];
	q13 -> q32 [label = "a"];
	q1 -> q51 [label = "c"];
	q37 -> q2 [label = "a, c"];
	q22 -> q23 [label = "a"];
	q5 -> q0 [label = "a"];
	q33 -> q20 [label = "a"];
	q5 -> q2 [label = "a, c"];
	q38 -> q26 [label = "a"];
	q5 -> q8 [label = "a, c"];
	q38 -> q6 [label = "a"];
	q6 -> q34 [label = "a"];
	q5 -> q10 [label = "a"];
	q5 -> q36 [label = "a"];
	q5 -> q13 [label = "a"];
	q5 -> q14 [label = "a"];
	q29 -> q13 [label = "a"];
	q5 -> q15 [label = "a"];
	q23 -> q13 [label = "a, b"];
	q5 -> q17 [label = "a, c"];
	q19 -> q11 [label = "a, b, c"];
	q46 -> q43 [label = "a"];
	q5 -> q20 [label = "a"];
	q43 -> q49 [label = "a"];
	q19 -> q38 [label = "a"];
	q5 -> q22 [label = "a"];
	q30 -> q42 [label = "a"];
	q37 -> q18 [label = "a, c"];
	q5 -> q23 [label = "a"];
	q33 -> q43 [label = "a, b"];
	q0 -> q9 [label = "a, b"];
	q5 -> q26 [label = "a"];
	q12 -> q39 [label = "a"];
	q33 -> q45 [label = "a"];
	q30 -> q43 [label = "a"];
	q5 -> q32 [label = "a"];
	q5 -> q1 [label = "a"];
	q23 -> q23 [label = "a"];
	q45 -> q45 [label = "a"];
	q5 -> q34 [label = "a"];
	q3 -> q32 [label = "a"];
	q5 -> q35 [label = "a"];
	q4 -> q28 [label = "a"];
	q5 -> q38 [label = "a"];
	q37 -> q40 [label = "a"];
	q5 -> q39 [label = "a, c"];
	q5 -> q40 [label = "a"];
	q5 -> q43 [label = "a"];
	q5 -> q46 [label = "a"];
	q5 -> q47 [label = "a"];
	q5 -> q48 [label = "a"];
	q40 -> q12 [label = "c"];
	q6 -> q45 [label = "a"];
	q31 -> q34 [label = "b"];
	q7 -> q15 [label = "b"];
	q3 -> q8 [label = "a"];
	q3 -> q9 [label = "a"];
	q44 -> q23 [label = "a"];
	q3 -> q10 [label = "a, b"];
	q37 -> q44 [label = "a, c"];
	q3 -> q12 [label = "a"];
	q40 -> q46 [label = "a"];
	q3 -> q13 [label = "a, b"];
	q2 -> q20 [label = "a"];
	q3 -> q17 [label = "a, b"];
	q45 -> q22 [label = "a"];
	q3 -> q18 [label = "a"];
	q19 -> q16 [label = "a"];
	q3 -> q20 [label = "a"];
	q3 -> q22 [label = "a"];
	q3 -> q23 [label = "a"];
	q18 -> q24 [label = "a"];
	q16 -> q1 [label = "a, c"];
	q3 -> q25 [label = "a"];
	q3 -> q27 [label = "a"];
	q3 -> q28 [label = "a"];
	q42 -> q38 [label = "a, c"];
	q3 -> q30 [label = "a"];
	q29 -> q16 [label = "a"];
	q42 -> q18 [label = "a, c"];
	q1 -> q46 [label = "a, c"];
	q3 -> q31 [label = "a"];
	q7 -> q23 [label = "a"];
	q38 -> q4 [label = "a, b"];
	q3 -> q5 [label = "a"];
	q3 -> q34 [label = "a"];
	q19 -> q33 [label = "c"];
	q37 -> q27 [label = "a, c"];
	q3 -> q39 [label = "a, b"];
	q3 -> q41 [label = "a"];
	q4 -> q17 [label = "a, c"];
	q3 -> q43 [label = "a, b"];
	q20 -> q20 [label = "a"];
	q3 -> q44 [label = "a"];
	q34 -> q23 [label = "a"];
	q3 -> q46 [label = "a"];
	q0 -> q29 [label = "c"];
	q1 -> q7 [label = "a, b"];
	q6 -> q18 [label = "a, b"];
	q10 -> q17 [label = "a"];
	q1 -> q18 [label = "a, b"];
	q1 -> q24 [label = "a, b"];
	q3 -> q16 [label = "b"];
	q38 -> q46 [label = "a, c"];
	q1 -> q20 [label = "a"];
	q1 -> q38 [label = "a"];
	q4 -> q2 [label = "a, c"];
	q41 -> q0 [label = "a"];
	q4 -> q4 [label = "a"];
	q4 -> q8 [label = "a, c"];
	q4 -> q24 [label = "a"];
	q38 -> q20 [label = "a"];
	q4 -> q32 [label = "a"];
	q4 -> q34 [label = "a"];
	q37 -> q48 [label = "b"];
	q4 -> q39 [label = "a, c"];
	q3 -> q21 [label = "a"];
	q11 -> q43 [label = "a"];
	q4 -> q40 [label = "a"];
	q4 -> q44 [label = "a"];
	q8 -> q32 [label = "a"];
	q4 -> q46 [label = "a"];
	q28 -> q20 [label = "a"];
	q48 -> q21 [label = "a"];
	q4 -> q49 [label = "a"];
	q0 -> q12 [label = "c"];
	q16 -> q11 [label = "a, b, c"];
	q0 -> q13 [label = "a, b, c"];
	q2 -> q7 [label = "a"];
	q12 -> q16 [label = "a"];
	q2 -> q10 [label = "a"];
	q28 -> q32 [label = "b"];
	q0 -> q50 [label = "a, c"];
	q47 -> q19 [label = "a"];
	q29 -> q43 [label = "a"];
	q23 -> q15 [label = "b"];
	q0 -> q51 [label = "c"];
	q2 -> q4 [label = "a, b"];
	q2 -> q6 [label = "a"];
	q30 -> q26 [label = "a"];
	q50 -> q46 [label = "a, c"];
	q2 -> q9 [label = "a"];
	q2 -> q15 [label = "a"];
	q2 -> q24 [label = "a"];
	q30 -> q31 [label = "c"];
	q22 -> q39 [label = "a"];
	q0 -> q4 [label = "a, b"];
	q37 -> q43 [label = "a, b, c"];
	q0 -> q7 [label = "a, b"];
	q0 -> q14 [label = "a, b"];
	q0 -> q18 [label = "a, b"];
	q30 -> q4 [label = "a"];
	q47 -> q31 [label = "a"];
	q0 -> q24 [label = "a, b"];
	q51 -> q43 [label = "a"];
	q0 -> q1 [label = "a"];
	q4 -> q3 [label = "c"];
	q12 -> q27 [label = "c"];
	q20 -> q23 [label = "a"];
	q8 -> q0 [label = "a"];
	q8 -> q1 [label = "a"];
	q8 -> q8 [label = "a, c"];
	q8 -> q10 [label = "a"];
	q8 -> q11 [label = "a"];
	q8 -> q18 [label = "a"];
	q8 -> q23 [label = "a"];
	q8 -> q24 [label = "a"];
	q16 -> q8 [label = "a, c"];
	q8 -> q26 [label = "a"];
	q24 -> q40 [label = "a"];
	q8 -> q28 [label = "a"];
	q8 -> q34 [label = "a"];
	q21 -> q23 [label = "a"];
	q8 -> q27 [label = "a"];
	q8 -> q36 [label = "a"];
	q8 -> q38 [label = "a"];
	q23 -> q27 [label = "a"];
	q8 -> q43 [label = "a"];
	q19 -> q37 [label = "a"];
	q3 -> q36 [label = "a"];
	q37 -> q46 [label = "a, c"];
	q18 -> q15 [label = "a, b"];
	q8 -> q49 [label = "a"];
	q8 -> q50 [label = "a, c"];
	q14 -> q3 [label = "c"];
	q10 -> q15 [label = "a"];
	q20 -> q10 [label = "a"];
	q10 -> q27 [label = "a"];
	q10 -> q34 [label = "a"];
	q39 -> q46 [label = "a"];
	q10 -> q40 [label = "a"];
	q32 -> q13 [label = "a, b"];
	q18 -> q34 [label = "a"];
	q12 -> q37 [label = "a"];
	q11 -> q9 [label = "b"];
	q28 -> q10 [label = "a"];
	q9 -> q15 [label = "a"];
	q32 -> q9 [label = "a, b"];
	q9 -> q34 [label = "a"];
	q38 -> q9 [label = "a, b"];
	q32 -> q15 [label = "a, b"];
	q9 -> q43 [label = "a"];
	q19 -> q10 [label = "a"];
	q33 -> q50 [label = "a, c"];
	q33 -> q26 [label = "a, b"];
	q9 -> q46 [label = "a"];
	q11 -> q49 [label = "a"];
	q9 -> q49 [label = "a"];
	q21 -> q11 [label = "a, b"];
	q4 -> q14 [label = "a"];
	q15 -> q12 [label = "c"];
	q40 -> q26 [label = "a, b"];
	q11 -> q13 [label = "a"];
	q32 -> q29 [label = "c"];
	q11 -> q26 [label = "a"];
	q11 -> q32 [label = "a"];
	q11 -> q36 [label = "a"];
	q11 -> q46 [label = "a"];
	q22 -> q12 [label = "a"];
	q29 -> q27 [label = "c"];
	q19 -> q51 [label = "c"];
	q23 -> q2 [label = "a"];
	q31 -> q22 [label = "a"];
	q23 -> q8 [label = "a"];
	q23 -> q11 [label = "a"];
	q18 -> q43 [label = "a"];
	q23 -> q17 [label = "a"];
	q30 -> q11 [label = "a"];
	q23 -> q22 [label = "a"];
	q16 -> q17 [label = "a, b, c"];
	q33 -> q36 [label = "a"];
	q23 -> q50 [label = "a"];
	q24 -> q7 [label = "a, b"];
	q24 -> q15 [label = "a, b"];
	q28 -> q44 [label = "a, c"];
	q24 -> q23 [label = "a"];
	q48 -> q51 [label = "a"];
	q24 -> q34 [label = "a"];
	q45 -> q6 [label = "a"];
	q49 -> q15 [label = "a, b"];
	q24 -> q39 [label = "a"];
	q26 -> q11 [label = "b"];
	q45 -> q26 [label = "a, b"];
	q26 -> q26 [label = "a, b"];
	q5 -> q4 [label = "a, b"];
	q28 -> q11 [label = "a, b, c"];
	q8 -> q44 [label = "a"];
	q37 -> q49 [label = "a, c"];
	q28 -> q13 [label = "a, b, c"];
	q30 -> q13 [label = "a"];
	q28 -> q17 [label = "a, c"];
	q28 -> q50 [label = "a, c"];
	q26 -> q15 [label = "a"];
	q26 -> q32 [label = "a"];
	q38 -> q15 [label = "a, b"];
	q26 -> q34 [label = "a"];
	q33 -> q28 [label = "a, c"];
	q36 -> q22 [label = "a"];
	q26 -> q36 [label = "a"];
	q35 -> q23 [label = "a"];
	q49 -> q18 [label = "a, b"];
	q30 -> q23 [label = "c"];
	q48 -> q46 [label = "a, c"];
	q30 -> q27 [label = "a, c"];
	q0 -> q25 [label = "c"];
	q30 -> q39 [label = "a, c"];
	q31 -> q50 [label = "a"];
	q24 -> q3 [label = "c"];
	q24 -> q12 [label = "c"];
	q28 -> q1 [label = "a"];
	q28 -> q9 [label = "a, b"];
	q28 -> q15 [label = "a, b"];
	q30 -> q7 [label = "a, b"];
	q31 -> q23 [label = "a"];
	q47 -> q26 [label = "a, c"];
	q18 -> q18 [label = "a"];
	q5 -> q45 [label = "a"];
	q8 -> q13 [label = "a"];
	q30 -> q34 [label = "a, b"];
	q25 -> q4 [label = "a"];
	q25 -> q10 [label = "a"];
	q25 -> q39 [label = "a, c"];
	q25 -> q43 [label = "a"];
	q47 -> q2 [label = "a, c"];
	q3 -> q6 [label = "a"];
	q27 -> q26 [label = "b"];
	q25 -> q7 [label = "b"];
	q25 -> q24 [label = "b"];
	q41 -> q14 [label = "a, b"];
	q14 -> q46 [label = "a"];
	q27 -> q38 [label = "a"];
	q21 -> q28 [label = "a, c"];
	q5 -> q16 [label = "a"];
	q27 -> q46 [label = "a"];
	q31 -> q33 [label = "c"];
	q25 -> q16 [label = "a"];
	q36 -> q27 [label = "a"];
	q31 -> q44 [label = "a, c"];
	q31 -> q51 [label = "c"];
	q45 -> q48 [label = "a, b"];
	q48 -> q11 [label = "a, b, c"];
	q29 -> q10 [label = "a, b"];
	q35 -> q45 [label = "a"];
	q29 -> q17 [label = "a"];
	q16 -> q18 [label = "a, c"];
	q42 -> q2 [label = "a, c"];
	q29 -> q37 [label = "a"];
	q29 -> q39 [label = "a"];
	q31 -> q15 [label = "b"];
	q31 -> q32 [label = "b"];
	q26 -> q46 [label = "c"];
	q30 -> q9 [label = "a"];
	q35 -> q12 [label = "a, c"];
	q30 -> q16 [label = "a"];
	q30 -> q18 [label = "a"];
	q48 -> q6 [label = "c"];
	q30 -> q35 [label = "a"];
	q30 -> q37 [label = "a"];
	q20 -> q12 [label = "c"];
	q33 -> q37 [label = "a"];
	q30 -> q47 [label = "a"];
	q40 -> q9 [label = "a"];
	q42 -> q8 [label = "a, c"];
	q30 -> q48 [label = "a"];
	q27 -> q44 [label = "c"];
	q27 -> q51 [label = "c"];
	q45 -> q18 [label = "a, b"];
	q24 -> q17 [label = "a"];
	q31 -> q1 [label = "a"];
	q34 -> q15 [label = "b"];
	q31 -> q2 [label = "a"];
	q35 -> q38 [label = "a, c"];
	q48 -> q19 [label = "a"];
	q0 -> q8 [label = "a, c"];
	q31 -> q3 [label = "a"];
	q25 -> q17 [label = "a, c"];
	q31 -> q8 [label = "a"];
	q0 -> q6 [label = "a"];
	q31 -> q28 [label = "a"];
	q48 -> q9 [label = "a, b"];
	q8 -> q40 [label = "a"];
	q31 -> q39 [label = "a"];
	q31 -> q45 [label = "a"];
	q47 -> q25 [label = "a"];
	q32 -> q4 [label = "a"];
	q32 -> q11 [label = "a, b"];
	q5 -> q28 [label = "a"];
	q33 -> q44 [label = "a"];
	q0 -> q15 [label = "a, b"];
	q32 -> q14 [label = "a"];
	q32 -> q24 [label = "a"];
	q32 -> q26 [label = "a, b"];
	q32 -> q32 [label = "a"];
	q9 -> q26 [label = "a"];
	q45 -> q11 [label = "a, b, c"];
	q1 -> q9 [label = "a, b, c"];
	q32 -> q36 [label = "a"];
	q14 -> q18 [label = "a, b"];
	q32 -> q43 [label = "a, b"];
	q36 -> q25 [label = "c"];
	q36 -> q39 [label = "a, c"];
	q37 -> q24 [label = "a"];
	q36 -> q46 [label = "a, c"];
	q14 -> q23 [label = "a"];
	q38 -> q17 [label = "a, c"];
	q38 -> q19 [label = "c"];
	q32 -> q25 [label = "c"];
	q32 -> q46 [label = "c"];
	q49 -> q14 [label = "a, b"];
	q37 -> q23 [label = "a, c"];
	q26 -> q25 [label = "c"];
	q36 -> q0 [label = "a"];
	q36 -> q2 [label = "a"];
	q36 -> q4 [label = "a, b"];
	q36 -> q7 [label = "a, b"];
	q36 -> q8 [label = "a"];
	q36 -> q10 [label = "a"];
	q48 -> q8 [label = "a, c"];
	q32 -> q18 [label = "a"];
	q36 -> q13 [label = "a, b"];
	q36 -> q15 [label = "a, b"];
	q37 -> q5 [label = "a"];
	q33 -> q15 [label = "a, b"];
	q36 -> q26 [label = "a, b"];
	q11 -> q11 [label = "b"];
	q36 -> q28 [label = "a"];
	q36 -> q32 [label = "a, b"];
	q33 -> q34 [label = "a, b"];
	q36 -> q34 [label = "a, b"];
	q36 -> q36 [label = "a, b"];
	q36 -> q40 [label = "a"];
	q30 -> q17 [label = "a, c"];
	q42 -> q49 [label = "a, c"];
	q36 -> q43 [label = "a, b"];
	q36 -> q44 [label = "a"];
	q36 -> q48 [label = "a"];
	q21 -> q10 [label = "a"];
	q36 -> q50 [label = "a"];
	q4 -> q7 [label = "a, b"];
	q38 -> q7 [label = "a, b"];
	q38 -> q10 [label = "a, b"];
	q38 -> q11 [label = "a, b"];
	q20 -> q41 [label = "a, c"];
	q9 -> q36 [label = "a"];
	q38 -> q13 [label = "a, b"];
	q33 -> q0 [label = "a"];
	q26 -> q9 [label = "b"];
	q33 -> q8 [label = "a"];
	q38 -> q39 [label = "a"];
	q33 -> q9 [label = "a, b"];
	q33 -> q11 [label = "a, b"];
	q33 -> q13 [label = "a, b"];
	q33 -> q17 [label = "a"];
	q33 -> q18 [label = "a, b"];
	q33 -> q23 [label = "a"];
	q33 -> q39 [label = "a"];
	q33 -> q46 [label = "a"];
	q35 -> q11 [label = "a, b, c"];
	q16 -> q24 [label = "a"];
	q35 -> q15 [label = "a, b, c"];
	q32 -> q23 [label = "a"];
	q35 -> q17 [label = "a, b, c"];
	q26 -> q43 [label = "a, b"];
	q30 -> q24 [label = "a, b"];
	q35 -> q26 [label = "a, b"];
	q35 -> q35 [label = "b"];
	q5 -> q49 [label = "a"];
	q37 -> q0 [label = "a, c"];
	q35 -> q8 [label = "a, c"];
	q37 -> q1 [label = "a, c"];
	q6 -> q13 [label = "a, b"];
	q14 -> q14 [label = "a, b"];
	q16 -> q33 [label = "a"];
	q37 -> q6 [label = "a, c"];
	q49 -> q46 [label = "c"];
	q37 -> q8 [label = "a, c"];
	q22 -> q19 [label = "a"];
	q36 -> q23 [label = "a, b"];
	q35 -> q29 [label = "a, c"];
	q0 -> q21 [label = "c"];
	q37 -> q9 [label = "a, c"];
	q37 -> q11 [label = "a, b, c"];
	q16 -> q27 [label = "a"];
	q37 -> q17 [label = "a, b, c"];
	q37 -> q38 [label = "a, c"];
	q37 -> q39 [label = "a, b, c"];
	q37 -> q45 [label = "a, c"];
	q37 -> q7 [label = "a, b"];
	q35 -> q0 [label = "a, c"];
	q45 -> q14 [label = "a"];
	q35 -> q1 [label = "a, c"];
	q0 -> q38 [label = "a"];
	q35 -> q2 [label = "a"];
	q35 -> q6 [label = "a, c"];
	q46 -> q24 [label = "b"];
	q20 -> q13 [label = "a, c"];
	q35 -> q18 [label = "a, c"];
	q3 -> q50 [label = "a, c"];
	q35 -> q19 [label = "a, c"];
	q35 -> q21 [label = "a, c"];
	q35 -> q25 [label = "a, c"];
	q48 -> q44 [label = "a, c"];
	q35 -> q28 [label = "a"];
	q18 -> q7 [label = "a, b"];
	q35 -> q44 [label = "a, c"];
	q35 -> q46 [label = "a, c"];
	q35 -> q50 [label = "a, c"];
	q34 -> q34 [label = "b"];
	q39 -> q44 [label = "c"];
	q37 -> q12 [label = "a"];
	q37 -> q14 [label = "a"];
}
NFA size: 52 states

