Random target AFA:
digraph finite_state_machine {
	rankdir=LR;
	node [shape = circle];
	s0 [shape = point, style = invis, start="true" ];
	s1 [shape = point, style = invis, start="true" ];
	q0 [label = "q0", shape = doublecircle, final="true" ];
	q1 [label = "q1", shape = doublecircle, final="true" ];
	q2 [label = "q2"];
	q3 [label = "q3"];
	q4 [label = "q4", shape = doublecircle, final="true" ];
	q5 [label = "q5", shape = doublecircle, final="true" ];
	m0 [label = "", shape = square, style = filled, color=grey, fixedsize=true, width=.2];
	m1 [label = "", shape = square, style = filled, color=grey, fixedsize=true, width=.2];
	m2 [label = "", shape = square, style = filled, color=grey, fixedsize=true, width=.2];
	m3 [label = "", shape = square, style = filled, color=grey, fixedsize=true, width=.2];
	m4 [label = "", shape = square, style = filled, color=grey, fixedsize=true, width=.2];
	m5 [label = "", shape = square, style = filled, color=grey, fixedsize=true, width=.2];
	s0 -> q0
	s1 -> q1
	q3 -> m5 [label = "c"];
	q4 -> q4 [label = "b"];
	q5 -> m3 [label = "a"];
	q1 -> q2 [label = "b, c"];
	q2 -> q4 [label = "c"];
	q3 -> q1 [label = "b, c"];
	q3 -> q5 [label = "b"];
	q4 -> m3 [label = "b"];
	q4 -> q1 [label = "c"];
	q0 -> q5 [label = "a"];
	q2 -> q1 [label = "b"];
	q4 -> q2 [label = "a"];
	q2 -> q0 [label = "b"];
	q2 -> m5 [label = "c"];
	q1 -> q1 [label = "c"];
	q5 -> m4 [label = "a"];
	q0 -> q3 [label = "b"];
	q5 -> q5 [label = "b"];
	q4 -> q0 [label = "a, c"];
	q5 -> q3 [label = "b, c"];
	q3 -> m2 [label = "a"];
	q3 -> m1 [label = "a"];
	q0 -> q4 [label = "b, c"];
	q0 -> q0 [label = "c"];
	q2 -> m0 [label = "a"];
	q1 -> q3 [label = "a, b"];
	q5 -> q2 [label = "c"];
	m0 -> q1;
	m0 -> q2;
	m1 -> q2;
	m1 -> q5;
	m2 -> q0;
	m2 -> q2;
	m3 -> q2;
	m3 -> q4;
	m4 -> q3;
	m4 -> q5;
	m5 -> q2;
	m5 -> q3;
}

L* output after 17 EQ and 83427 MQ:
digraph finite_state_machine {
	rankdir=LR;
	node [shape = circle];
	s0 [shape = point, style = invis, start="true" ];
	q0 [label = "q0", shape = doublecircle, final="true" ];
	q1 [label = "q1", shape = doublecircle, final="true" ];
	q2 [label = "q2", shape = doublecircle, final="true" ];
	q3 [label = "q3", shape = doublecircle, final="true" ];
	q4 [label = "q4", shape = doublecircle, final="true" ];
	q5 [label = "q5", shape = doublecircle, final="true" ];
	q6 [label = "q6", shape = doublecircle, final="true" ];
	q7 [label = "q7", shape = doublecircle, final="true" ];
	q8 [label = "q8", shape = doublecircle, final="true" ];
	q9 [label = "q9", shape = doublecircle, final="true" ];
	q10 [label = "q10", shape = doublecircle, final="true" ];
	q11 [label = "q11", shape = doublecircle, final="true" ];
	q12 [label = "q12", shape = doublecircle, final="true" ];
	q13 [label = "q13", shape = doublecircle, final="true" ];
	q14 [label = "q14", shape = doublecircle, final="true" ];
	q15 [label = "q15", shape = doublecircle, final="true" ];
	q16 [label = "q16", shape = doublecircle, final="true" ];
	q17 [label = "q17", shape = doublecircle, final="true" ];
	q18 [label = "q18", shape = doublecircle, final="true" ];
	q19 [label = "q19", shape = doublecircle, final="true" ];
	q20 [label = "q20", shape = doublecircle, final="true" ];
	q21 [label = "q21", shape = doublecircle, final="true" ];
	q22 [label = "q22", shape = doublecircle, final="true" ];
	q23 [label = "q23", shape = doublecircle, final="true" ];
	q24 [label = "q24", shape = doublecircle, final="true" ];
	q25 [label = "q25", shape = doublecircle, final="true" ];
	q26 [label = "q26", shape = doublecircle, final="true" ];
	q27 [label = "q27"];
	q28 [label = "q28"];
	q29 [label = "q29"];
	q30 [label = "q30"];
	q31 [label = "q31", shape = doublecircle, final="true" ];
	q32 [label = "q32", shape = doublecircle, final="true" ];
	q33 [label = "q33", shape = doublecircle, final="true" ];
	q34 [label = "q34", shape = doublecircle, final="true" ];
	q35 [label = "q35", shape = doublecircle, final="true" ];
	q36 [label = "q36", shape = doublecircle, final="true" ];
	q37 [label = "q37", shape = doublecircle, final="true" ];
	q38 [label = "q38", shape = doublecircle, final="true" ];
	q39 [label = "q39"];
	q40 [label = "q40"];
	q41 [label = "q41"];
	q42 [label = "q42"];
	q43 [label = "q43"];
	q44 [label = "q44"];
	q45 [label = "q45"];
	q46 [label = "q46"];
	q47 [label = "q47"];
	q48 [label = "q48"];
	q49 [label = "q49"];
	q50 [label = "q50"];
	q51 [label = "q51"];
	q52 [label = "q52"];
	q53 [label = "q53"];
	q54 [label = "q54"];
	q55 [label = "q55"];
	q56 [label = "q56", shape = doublecircle, final="true" ];
	q57 [label = "q57"];
	q58 [label = "q58", shape = doublecircle, final="true" ];
	q59 [label = "q59", shape = doublecircle, final="true" ];
	q60 [label = "q60"];
	q61 [label = "q61", shape = doublecircle, final="true" ];
	q62 [label = "q62", shape = doublecircle, final="true" ];
	q63 [label = "q63", shape = doublecircle, final="true" ];
	q64 [label = "q64", shape = doublecircle, final="true" ];
	q65 [label = "q65", shape = doublecircle, final="true" ];
	q66 [label = "q66", shape = doublecircle, final="true" ];
	q67 [label = "q67", shape = doublecircle, final="true" ];
	q68 [label = "q68", shape = doublecircle, final="true" ];
	q69 [label = "q69", shape = doublecircle, final="true" ];
	q70 [label = "q70", shape = doublecircle, final="true" ];
	q71 [label = "q71", shape = doublecircle, final="true" ];
	q72 [label = "q72", shape = doublecircle, final="true" ];
	q73 [label = "q73", shape = doublecircle, final="true" ];
	q74 [label = "q74", shape = doublecircle, final="true" ];
	q75 [label = "q75", shape = doublecircle, final="true" ];
	q76 [label = "q76", shape = doublecircle, final="true" ];
	q77 [label = "q77"];
	q78 [label = "q78", shape = doublecircle, final="true" ];
	q79 [label = "q79"];
	q80 [label = "q80", shape = doublecircle, final="true" ];
	q81 [label = "q81", shape = doublecircle, final="true" ];
	q82 [label = "q82", shape = doublecircle, final="true" ];
	q83 [label = "q83"];
	q84 [label = "q84", shape = doublecircle, final="true" ];
	q85 [label = "q85"];
	q86 [label = "q86"];
	q87 [label = "q87", shape = doublecircle, final="true" ];
	q88 [label = "q88"];
	q89 [label = "q89"];
	q90 [label = "q90", shape = doublecircle, final="true" ];
	q91 [label = "q91", shape = doublecircle, final="true" ];
	q92 [label = "q92"];
	q93 [label = "q93", shape = doublecircle, final="true" ];
	q94 [label = "q94", shape = doublecircle, final="true" ];
	q95 [label = "q95", shape = doublecircle, final="true" ];
	q96 [label = "q96"];
	q97 [label = "q97", shape = doublecircle, final="true" ];
	q98 [label = "q98"];
	q99 [label = "q99", shape = doublecircle, final="true" ];
	q100 [label = "q100", shape = doublecircle, final="true" ];
	q101 [label = "q101", shape = doublecircle, final="true" ];
	q102 [label = "q102", shape = doublecircle, final="true" ];
	q103 [label = "q103", shape = doublecircle, final="true" ];
	q104 [label = "q104", shape = doublecircle, final="true" ];
	q105 [label = "q105", shape = doublecircle, final="true" ];
	q106 [label = "q106", shape = doublecircle, final="true" ];
	q107 [label = "q107", shape = doublecircle, final="true" ];
	q108 [label = "q108", shape = doublecircle, final="true" ];
	q109 [label = "q109", shape = doublecircle, final="true" ];
	q110 [label = "q110", shape = doublecircle, final="true" ];
	q111 [label = "q111", shape = doublecircle, final="true" ];
	q112 [label = "q112", shape = doublecircle, final="true" ];
	q113 [label = "q113", shape = doublecircle, final="true" ];
	q114 [label = "q114"];
	q115 [label = "q115", shape = doublecircle, final="true" ];
	q116 [label = "q116", shape = doublecircle, final="true" ];
	q117 [label = "q117", shape = doublecircle, final="true" ];
	q118 [label = "q118"];
	q119 [label = "q119", shape = doublecircle, final="true" ];
	q120 [label = "q120"];
	q121 [label = "q121"];
	q122 [label = "q122"];
	q123 [label = "q123", shape = doublecircle, final="true" ];
	q124 [label = "q124", shape = doublecircle, final="true" ];
	q125 [label = "q125"];
	q126 [label = "q126"];
	q127 [label = "q127"];
	q128 [label = "q128", shape = doublecircle, final="true" ];
	q129 [label = "q129", shape = doublecircle, final="true" ];
	q130 [label = "q130", shape = doublecircle, final="true" ];
	q131 [label = "q131", shape = doublecircle, final="true" ];
	q132 [label = "q132", shape = doublecircle, final="true" ];
	q133 [label = "q133", shape = doublecircle, final="true" ];
	q134 [label = "q134", shape = doublecircle, final="true" ];
	q135 [label = "q135", shape = doublecircle, final="true" ];
	q136 [label = "q136", shape = doublecircle, final="true" ];
	q137 [label = "q137", shape = doublecircle, final="true" ];
	q138 [label = "q138"];
	q139 [label = "q139"];
	q140 [label = "q140", shape = doublecircle, final="true" ];
	q141 [label = "q141", shape = doublecircle, final="true" ];
	q142 [label = "q142", shape = doublecircle, final="true" ];
	q143 [label = "q143", shape = doublecircle, final="true" ];
	q144 [label = "q144"];
	q145 [label = "q145", shape = doublecircle, final="true" ];
	q146 [label = "q146", shape = doublecircle, final="true" ];
	q147 [label = "q147", shape = doublecircle, final="true" ];
	q148 [label = "q148", shape = doublecircle, final="true" ];
	q149 [label = "q149", shape = doublecircle, final="true" ];
	q150 [label = "q150", shape = doublecircle, final="true" ];
	q151 [label = "q151"];
	q152 [label = "q152", shape = doublecircle, final="true" ];
	q153 [label = "q153", shape = doublecircle, final="true" ];
	q154 [label = "q154", shape = doublecircle, final="true" ];
	q155 [label = "q155", shape = doublecircle, final="true" ];
	q156 [label = "q156", shape = doublecircle, final="true" ];
	q157 [label = "q157"];
	q158 [label = "q158", shape = doublecircle, final="true" ];
	q159 [label = "q159", shape = doublecircle, final="true" ];
	q160 [label = "q160"];
	q161 [label = "q161", shape = doublecircle, final="true" ];
	q162 [label = "q162"];
	q163 [label = "q163", shape = doublecircle, final="true" ];
	q164 [label = "q164"];
	q165 [label = "q165", shape = doublecircle, final="true" ];
	q166 [label = "q166"];
	q167 [label = "q167"];
	q168 [label = "q168", shape = doublecircle, final="true" ];
	q169 [label = "q169", shape = doublecircle, final="true" ];
	q170 [label = "q170"];
	q171 [label = "q171", shape = doublecircle, final="true" ];
	q172 [label = "q172", shape = doublecircle, final="true" ];
	q173 [label = "q173", shape = doublecircle, final="true" ];
	q174 [label = "q174", shape = doublecircle, final="true" ];
	q175 [label = "q175", shape = doublecircle, final="true" ];
	q176 [label = "q176", shape = doublecircle, final="true" ];
	q177 [label = "q177", shape = doublecircle, final="true" ];
	q178 [label = "q178", shape = doublecircle, final="true" ];
	q179 [label = "q179", shape = doublecircle, final="true" ];
	q180 [label = "q180", shape = doublecircle, final="true" ];
	q181 [label = "q181", shape = doublecircle, final="true" ];
	q182 [label = "q182"];
	q183 [label = "q183"];
	q184 [label = "q184", shape = doublecircle, final="true" ];
	q185 [label = "q185"];
	q186 [label = "q186"];
	q187 [label = "q187", shape = doublecircle, final="true" ];
	q188 [label = "q188", shape = doublecircle, final="true" ];
	q189 [label = "q189"];
	q190 [label = "q190"];
	q191 [label = "q191"];
	q192 [label = "q192"];
	q193 [label = "q193", shape = doublecircle, final="true" ];
	q194 [label = "q194"];
	q195 [label = "q195", shape = doublecircle, final="true" ];
	q196 [label = "q196"];
	q197 [label = "q197", shape = doublecircle, final="true" ];
	q198 [label = "q198", shape = doublecircle, final="true" ];
	q199 [label = "q199"];
	q200 [label = "q200", shape = doublecircle, final="true" ];
	q201 [label = "q201"];
	q202 [label = "q202", shape = doublecircle, final="true" ];
	q203 [label = "q203", shape = doublecircle, final="true" ];
	q204 [label = "q204", shape = doublecircle, final="true" ];
	q205 [label = "q205", shape = doublecircle, final="true" ];
	q206 [label = "q206"];
	q207 [label = "q207", shape = doublecircle, final="true" ];
	q208 [label = "q208", shape = doublecircle, final="true" ];
	q209 [label = "q209", shape = doublecircle, final="true" ];
	q210 [label = "q210", shape = doublecircle, final="true" ];
	q211 [label = "q211", shape = doublecircle, final="true" ];
	q212 [label = "q212", shape = doublecircle, final="true" ];
	q213 [label = "q213", shape = doublecircle, final="true" ];
	q214 [label = "q214", shape = doublecircle, final="true" ];
	s0 -> q130
	q179 -> q62 [label = "c"];
	q180 -> q11 [label = "b"];
	q177 -> q112 [label = "c"];
	q181 -> q71 [label = "a"];
	q177 -> q63 [label = "b"];
	q183 -> q207 [label = "c"];
	q179 -> q82 [label = "b"];
	q177 -> q79 [label = "a"];
	q181 -> q72 [label = "c"];
	q180 -> q195 [label = "a"];
	q176 -> q140 [label = "c"];
	q182 -> q184 [label = "b"];
	q178 -> q154 [label = "a"];
	q176 -> q9 [label = "b"];
	q178 -> q181 [label = "b"];
	q176 -> q117 [label = "a"];
	q180 -> q212 [label = "c"];
	q173 -> q64 [label = "b"];
	q173 -> q157 [label = "a"];
	q169 -> q13 [label = "c"];
	q169 -> q65 [label = "a"];
	q174 -> q23 [label = "b"];
	q172 -> q80 [label = "a"];
	q168 -> q19 [label = "c"];
	q170 -> q182 [label = "a"];
	q168 -> q21 [label = "b"];
	q172 -> q13 [label = "c"];
	q170 -> q203 [label = "b"];
	q165 -> q24 [label = "b"];
	q166 -> q126 [label = "a"];
	q164 -> q146 [label = "b"];
	q167 -> q105 [label = "b"];
	q167 -> q205 [label = "c"];
	q163 -> q154 [label = "a"];
	q161 -> q3 [label = "b"];
	q175 -> q82 [label = "b"];
	q165 -> q72 [label = "c"];
	q161 -> q162 [label = "a"];
	q166 -> q203 [label = "b"];
	q164 -> q53 [label = "a"];
	q160 -> q161 [label = "b"];
	q164 -> q177 [label = "c"];
	q160 -> q51 [label = "a"];
	q159 -> q89 [label = "a"];
	q157 -> q158 [label = "b"];
	q158 -> q147 [label = "a"];
	q159 -> q17 [label = "c"];
	q155 -> q160 [label = "a"];
	q157 -> q200 [label = "c"];
	q155 -> q84 [label = "b"];
	q152 -> q140 [label = "c"];
	q154 -> q179 [label = "a"];
	q156 -> q19 [label = "c"];
	q2 -> q140 [label = "c"];
	q3 -> q24 [label = "c"];
	q103 -> q166 [label = "a"];
	q10 -> q140 [label = "b, c"];
	q13 -> q24 [label = "b"];
	q16 -> q108 [label = "a"];
	q58 -> q6 [label = "c"];
	q22 -> q24 [label = "b"];
	q196 -> q29 [label = "a"];
	q82 -> q148 [label = "a"];
	q122 -> q121 [label = "b"];
	q21 -> q140 [label = "b, c"];
	q151 -> q158 [label = "b"];
	q19 -> q140 [label = "b, c"];
	q32 -> q159 [label = "a"];
	q45 -> q29 [label = "a"];
	q18 -> q13 [label = "c"];
	q47 -> q53 [label = "a"];
	q48 -> q38 [label = "b"];
	q121 -> q120 [label = "a"];
	q5 -> q140 [label = "c"];
	q85 -> q194 [label = "a"];
	q51 -> q125 [label = "a"];
	q199 -> q184 [label = "b"];
	q15 -> q168 [label = "b"];
	q157 -> q52 [label = "a"];
	q158 -> q188 [label = "b"];
	q55 -> q74 [label = "c"];
	q50 -> q205 [label = "c"];
	q136 -> q21 [label = "b"];
	q54 -> q54 [label = "a"];
	q143 -> q140 [label = "c"];
	q53 -> q122 [label = "a"];
	q8 -> q185 [label = "a"];
	q47 -> q208 [label = "b"];
	q51 -> q134 [label = "c"];
	q194 -> q125 [label = "a"];
	q60 -> q100 [label = "c"];
	q186 -> q171 [label = "c"];
	q162 -> q201 [label = "a"];
	q89 -> q29 [label = "a"];
	q56 -> q82 [label = "b"];
	q81 -> q213 [label = "a"];
	q46 -> q194 [label = "a"];
	q42 -> q177 [label = "c"];
	q62 -> q13 [label = "c"];
	q56 -> q62 [label = "c"];
	q4 -> q24 [label = "b"];
	q62 -> q142 [label = "b"];
	q57 -> q201 [label = "a"];
	q102 -> q192 [label = "a"];
	q61 -> q112 [label = "c"];
	q63 -> q72 [label = "c"];
	q58 -> q96 [label = "a"];
	q18 -> q11 [label = "b"];
	q36 -> q7 [label = "c"];
	q184 -> q84 [label = "b"];
	q124 -> q123 [label = "c"];
	q159 -> q87 [label = "b"];
	q63 -> q128 [label = "b"];
	q60 -> q158 [label = "b"];
	q153 -> q23 [label = "b"];
	q108 -> q24 [label = "c"];
	q62 -> q159 [label = "a"];
	q64 -> q66 [label = "a"];
	q192 -> q194 [label = "a"];
	q137 -> q24 [label = "c"];
	q102 -> q193 [label = "c"];
	q130 -> q128 [label = "b"];
	q43 -> q177 [label = "c"];
	q171 -> q81 [label = "b"];
	q1 -> q140 [label = "c"];
	q138 -> q107 [label = "b"];
	q39 -> q115 [label = "c"];
	q174 -> q141 [label = "a"];
	q64 -> q72 [label = "c"];
	q65 -> q56 [label = "a"];
	q198 -> q152 [label = "b"];
	q29 -> q125 [label = "a"];
	q191 -> q91 [label = "b"];
	q67 -> q1 [label = "b"];
	q69 -> q24 [label = "c"];
	q65 -> q13 [label = "b"];
	q67 -> q57 [label = "a"];
	q81 -> q24 [label = "b"];
	q84 -> q23 [label = "b"];
	q66 -> q11 [label = "c"];
	q70 -> q58 [label = "a"];
	q46 -> q203 [label = "b"];
	q16 -> q188 [label = "b"];
	q13 -> q140 [label = "c"];
	q57 -> q158 [label = "b"];
	q54 -> q40 [label = "b"];
	q69 -> q87 [label = "b"];
	q118 -> q164 [label = "a"];
	q191 -> q47 [label = "a"];
	q74 -> q64 [label = "b"];
	q76 -> q123 [label = "c"];
	q50 -> q208 [label = "b"];
	q203 -> q117 [label = "a"];
	q117 -> q96 [label = "a"];
	q163 -> q72 [label = "c"];
	q123 -> q185 [label = "a"];
	q13 -> q104 [label = "a"];
	q63 -> q66 [label = "a"];
	q78 -> q212 [label = "c"];
	q82 -> q11 [label = "b"];
	q25 -> q210 [label = "a"];
	q76 -> q41 [label = "a"];
	q108 -> q190 [label = "a"];
	q162 -> q101 [label = "b"];
	q77 -> q74 [label = "c"];
	q56 -> q206 [label = "a"];
	q73 -> q135 [label = "b"];
	q182 -> q27 [label = "a"];
	q0 -> q13 [label = "b, c"];
	q127 -> q119 [label = "b"];
	q12 -> q23 [label = "b"];
	q5 -> q24 [label = "b"];
	q48 -> q30 [label = "a"];
	q75 -> q196 [label = "a"];
	q195 -> q87 [label = "b"];
	q11 -> q140 [label = "c"];
	q87 -> q24 [label = "b"];
	q85 -> q133 [label = "c"];
	q197 -> q13 [label = "c"];
	q106 -> q20 [label = "c"];
	q80 -> q196 [label = "a"];
	q111 -> q185 [label = "a"];
	q22 -> q15 [label = "a"];
	q30 -> q26 [label = "c"];
	q66 -> q87 [label = "b"];
	q83 -> q153 [label = "c"];
	q211 -> q63 [label = "b"];
	q39 -> q35 [label = "b"];
	q196 -> q209 [label = "b"];
	q199 -> q27 [label = "a"];
	q41 -> q203 [label = "b"];
	q175 -> q206 [label = "a"];
	q174 -> q2 [label = "c"];
	q79 -> q158 [label = "b"];
	q198 -> q79 [label = "a"];
	q161 -> q123 [label = "c"];
	q67 -> q24 [label = "c"];
	q195 -> q6 [label = "c"];
	q15 -> q127 [label = "a"];
	q88 -> q189 [label = "a"];
	q52 -> q205 [label = "c"];
	q189 -> q187 [label = "c"];
	q17 -> q181 [label = "b"];
	q51 -> q105 [label = "b"];
	q133 -> q23 [label = "b"];
	q214 -> q144 [label = "a"];
	q173 -> q11 [label = "c"];
	q185 -> q100 [label = "c"];
	q200 -> q212 [label = "c"];
	q49 -> q208 [label = "b"];
	q84 -> q13 [label = "c"];
	q154 -> q18 [label = "c"];
	q214 -> q21 [label = "b"];
	q152 -> q188 [label = "b"];
	q126 -> q143 [label = "b"];
	q179 -> q28 [label = "a"];
	q61 -> q63 [label = "b"];
	q206 -> q78 [label = "c"];
	q33 -> q72 [label = "c"];
	q68 -> q79 [label = "a"];
	q186 -> q107 [label = "b"];
	q77 -> q107 [label = "b"];
	q6 -> q154 [label = "a"];
	q193 -> q5 [label = "b"];
	q158 -> q140 [label = "c"];
	q38 -> q160 [label = "a"];
	q197 -> q181 [label = "b"];
	q44 -> q203 [label = "b"];
	q190 -> q126 [label = "a"];
	q116 -> q93 [label = "b"];
	q213 -> q11 [label = "c"];
	q142 -> q188 [label = "b"];
	q163 -> q11 [label = "b"];
	q204 -> q23 [label = "b"];
	q22 -> q140 [label = "c"];
	q86 -> q133 [label = "c"];
	q78 -> q110 [label = "a"];
	q2 -> q24 [label = "b"];
	q187 -> q109 [label = "b"];
	q74 -> q4 [label = "c"];
	q5 -> q66 [label = "a"];
	q205 -> q22 [label = "c"];
	q191 -> q106 [label = "c"];
	q7 -> q140 [label = "c"];
	q211 -> q77 [label = "a"];
	q53 -> q131 [label = "c"];
	q208 -> q72 [label = "c"];
	q147 -> q165 [label = "b"];
	q58 -> q87 [label = "b"];
	q202 -> q85 [label = "a"];
	q135 -> q140 [label = "b, c"];
	q186 -> q48 [label = "a"];
	q17 -> q13 [label = "c"];
	q95 -> q195 [label = "a"];
	q207 -> q183 [label = "a"];
	q130 -> q129 [label = "a"];
	q134 -> q22 [label = "c"];
	q212 -> q76 [label = "a"];
	q213 -> q87 [label = "b"];
	q209 -> q83 [label = "a"];
	q109 -> q72 [label = "c"];
	q73 -> q60 [label = "a"];
	q85 -> q176 [label = "b"];
	q195 -> q46 [label = "a"];
	q74 -> q157 [label = "a"];
	q204 -> q212 [label = "c"];
	q61 -> q55 [label = "a"];
	q139 -> q187 [label = "c"];
	q200 -> q11 [label = "b"];
	q203 -> q9 [label = "b"];
	q213 -> q44 [label = "a"];
	q14 -> q44 [label = "a"];
	q113 -> q128 [label = "b"];
	q193 -> q11 [label = "c"];
	q110 -> q89 [label = "a"];
	q207 -> q4 [label = "c"];
	q73 -> q24 [label = "c"];
	q208 -> q12 [label = "b"];
	q132 -> q111 [label = "b"];
	q206 -> q176 [label = "b"];
	q207 -> q7 [label = "b"];
	q115 -> q10 [label = "c"];
	q34 -> q23 [label = "b"];
	q16 -> q140 [label = "c"];
	q37 -> q33 [label = "b"];
	q49 -> q187 [label = "c"];
	q124 -> q144 [label = "a"];
	q55 -> q43 [label = "a"];
	q134 -> q109 [label = "b"];
	q206 -> q126 [label = "a"];
	q97 -> q151 [label = "a"];
	q80 -> q17 [label = "c"];
	q197 -> q195 [label = "a"];
	q32 -> q212 [label = "c"];
	q107 -> q70 [label = "b"];
	q201 -> q125 [label = "a"];
	q42 -> q38 [label = "b"];
	q153 -> q159 [label = "a"];
	q193 -> q157 [label = "a"];
	q3 -> q57 [label = "a"];
	q212 -> q24 [label = "b"];
	q77 -> q42 [label = "a"];
	q60 -> q189 [label = "a"];
	q199 -> q177 [label = "c"];
	q81 -> q72 [label = "c"];
	q156 -> q82 [label = "b"];
	q17 -> q154 [label = "a"];
	q65 -> q0 [label = "c"];
	q170 -> q32 [label = "c"];
	q202 -> q165 [label = "b"];
	q79 -> q178 [label = "c"];
	q165 -> q202 [label = "a"];
	q76 -> q214 [label = "b"];
	q8 -> q21 [label = "b"];
	q52 -> q208 [label = "b"];
	q192 -> q119 [label = "b"];
	q26 -> q112 [label = "c"];
	q45 -> q198 [label = "c"];
	q196 -> q198 [label = "c"];
	q49 -> q125 [label = "a"];
	q126 -> q125 [label = "a"];
	q189 -> q143 [label = "b"];
	q84 -> q75 [label = "a"];
	q92 -> q30 [label = "a"];
	q189 -> q125 [label = "a"];
	q70 -> q140 [label = "c"];
	q90 -> q86 [label = "a"];
	q1 -> q24 [label = "b"];
	q185 -> q158 [label = "b"];
	q25 -> q22 [label = "c"];
	q139 -> q53 [label = "a"];
	q86 -> q119 [label = "b"];
	q188 -> q140 [label = "c"];
	q29 -> q208 [label = "b"];
	q59 -> q28 [label = "a"];
	q210 -> q173 [label = "c"];
	q185 -> q49 [label = "a"];
	q202 -> q11 [label = "c"];
	q205 -> q159 [label = "a"];
	q155 -> q19 [label = "c"];
	q145 -> q170 [label = "a"];
	q188 -> q154 [label = "a"];
	q28 -> q126 [label = "a"];
	q147 -> q7 [label = "c"];
	q201 -> q143 [label = "b"];
	q184 -> q24 [label = "c"];
	q23 -> q140 [label = "c"];
	q20 -> q14 [label = "a"];
	q89 -> q156 [label = "b"];
	q96 -> q194 [label = "a"];
	q69 -> q41 [label = "a"];
	q93 -> q140 [label = "c"];
	q83 -> q203 [label = "b"];
	q184 -> q160 [label = "a"];
	q80 -> q87 [label = "b"];
	q148 -> q6 [label = "c"];
	q59 -> q128 [label = "c"];
	q92 -> q155 [label = "b"];
	q43 -> q155 [label = "b"];
	q136 -> q185 [label = "a"];
	q203 -> q72 [label = "c"];
	q87 -> q202 [label = "a"];
	q111 -> q172 [label = "b"];
	q72 -> q140 [label = "b, c"];
	q79 -> q43 [label = "a"];
	q82 -> q140 [label = "c"];
	q78 -> q23 [label = "b"];
	q100 -> q24 [label = "b"];
	q20 -> q140 [label = "b, c"];
	q134 -> q110 [label = "a"];
	q87 -> q140 [label = "c"];
	q162 -> q180 [label = "c"];
	q72 -> q69 [label = "a"];
	q3 -> q5 [label = "b"];
	q70 -> q13 [label = "b"];
	q4 -> q14 [label = "a"];
	q27 -> q122 [label = "a"];
	q2 -> q69 [label = "a"];
	q136 -> q20 [label = "c"];
	q120 -> q146 [label = "b"];
	q194 -> q208 [label = "b"];
	q0 -> q65 [label = "a"];
	q4 -> q140 [label = "c"];
	q55 -> q91 [label = "b"];
	q125 -> q131 [label = "c"];
	q12 -> q13 [label = "c"];
	q57 -> q200 [label = "c"];
	q75 -> q165 [label = "b"];
	q10 -> q76 [label = "a"];
	q35 -> q93 [label = "b"];
	q127 -> q126 [label = "a"];
	q14 -> q214 [label = "b"];
	q117 -> q95 [label = "c"];
	q12 -> q141 [label = "a"];
	q210 -> q45 [label = "a"];
	q39 -> q164 [label = "a"];
	q95 -> q13 [label = "c"];
	q209 -> q24 [label = "c"];
	q113 -> q213 [label = "a"];
	q183 -> q50 [label = "a"];
	q21 -> q66 [label = "a"];
	q86 -> q194 [label = "a"];
	q8 -> q24 [label = "c"];
	q96 -> q176 [label = "b"];
	q11 -> q24 [label = "b"];
	q183 -> q91 [label = "b"];
	q128 -> q141 [label = "a"];
	q9 -> q154 [label = "a"];
	q68 -> q11 [label = "c"];
	q140 -> q140 [label = "b, c"];
	q135 -> q108 [label = "a"];
	q15 -> q123 [label = "c"];
	q11 -> q71 [label = "a"];
	q99 -> q148 [label = "a"];
	q146 -> q97 [label = "b"];
	q9 -> q11 [label = "b"];
	q23 -> q71 [label = "a"];
	q9 -> q140 [label = "c"];
	q190 -> q133 [label = "c"];
	q110 -> q173 [label = "c"];
	q14 -> q8 [label = "c"];
	q100 -> q71 [label = "a"];
	q45 -> q37 [label = "b"];
	q214 -> q24 [label = "c"];
	q131 -> q114 [label = "a"];
	q33 -> q11 [label = "b"];
	q24 -> q71 [label = "a"];
	q26 -> q113 [label = "b"];
	q90 -> q8 [label = "c"];
	q52 -> q125 [label = "a"];
	q50 -> q53 [label = "a"];
	q6 -> q11 [label = "b"];
	q28 -> q78 [label = "c"];
	q23 -> q188 [label = "b"];
	q24 -> q140 [label = "b, c"];
	q178 -> q212 [label = "c"];
	q94 -> q197 [label = "c"];
	q26 -> q186 [label = "a"];
	q105 -> q72 [label = "c"];
	q27 -> q118 [label = "b"];
	q29 -> q25 [label = "c"];
	q25 -> q109 [label = "b"];
	q31 -> q72 [label = "c"];
	q171 -> q183 [label = "a"];
	q31 -> q188 [label = "b"];
	q171 -> q4 [label = "c"];
	q128 -> q13 [label = "c"];
	q182 -> q61 [label = "c"];
	q103 -> q69 [label = "b"];
	q28 -> q203 [label = "b"];
	q194 -> q134 [label = "c"];
	q151 -> q199 [label = "a"];
	q30 -> q122 [label = "a"];
	q116 -> q94 [label = "a"];
	q27 -> q26 [label = "c"];
	q187 -> q22 [label = "c"];
	q31 -> q71 [label = "a"];
	q32 -> q31 [label = "b"];
	q210 -> q168 [label = "b"];
	q117 -> q165 [label = "b"];
	q91 -> q70 [label = "b"];
	q34 -> q75 [label = "a"];
	q192 -> q153 [label = "c"];
	q190 -> q176 [label = "b"];
	q38 -> q19 [label = "c"];
	q36 -> q170 [label = "a"];
	q48 -> q177 [label = "c"];
	q34 -> q2 [label = "c"];
	q38 -> q34 [label = "b"];
	q33 -> q148 [label = "a"];
	q83 -> q126 [label = "a"];
	q127 -> q133 [label = "c"];
	q37 -> q19 [label = "c"];
	q35 -> q94 [label = "a"];
	q37 -> q83 [label = "a"];
	q36 -> q99 [label = "b"];
	q7 -> q213 [label = "a"];
	q35 -> q2 [label = "c"];
	q119 -> q117 [label = "a"];
	q44 -> q133 [label = "c"];
	q40 -> q120 [label = "a"];
	q30 -> q39 [label = "b"];
	q98 -> q149 [label = "b"];
	q167 -> q125 [label = "a"];
	q59 -> q82 [label = "b"];
	q101 -> q147 [label = "a"];
	q209 -> q82 [label = "b"];
	q46 -> q153 [label = "c"];
	q148 -> q165 [label = "b"];
	q40 -> q36 [label = "b"];
	q42 -> q27 [label = "a"];
	q44 -> q194 [label = "a"];
	q40 -> q136 [label = "c"];
	q41 -> q126 [label = "a"];
	q120 -> q53 [label = "a"];
	q19 -> q213 [label = "a"];
	q129 -> q127 [label = "a"];
	q47 -> q187 [label = "c"];
	q43 -> q27 [label = "a"];
	q90 -> q168 [label = "b"];
	q153 -> q212 [label = "c"];
	q188 -> q13 [label = "b"];
	q92 -> q177 [label = "c"];
	q88 -> q101 [label = "b"];
	q88 -> q115 [label = "c"];
	q94 -> q165 [label = "b"];
	q175 -> q128 [label = "c"];
	q152 -> q66 [label = "a"];
	q53 -> q39 [label = "b"];
	q91 -> q88 [label = "a"];
	q187 -> q141 [label = "a"];
	q89 -> q198 [label = "c"];
	q93 -> q154 [label = "a"];
	q172 -> q142 [label = "b"];
	q18 -> q65 [label = "a"];
	q120 -> q211 [label = "c"];
	q95 -> q11 [label = "b"];
	q91 -> q24 [label = "c"];
	q111 -> q19 [label = "c"];
	q93 -> q9 [label = "b"];
	q94 -> q196 [label = "a"];
	q103 -> q68 [label = "c"];
	q66 -> q85 [label = "a"];
	q6 -> q13 [label = "c"];
	q133 -> q141 [label = "a"];
	q100 -> q10 [label = "c"];
	q68 -> q16 [label = "b"];
	q98 -> q167 [label = "a"];
	q54 -> q132 [label = "c"];
	q96 -> q153 [label = "c"];
	q102 -> q124 [label = "b"];
	q99 -> q9 [label = "b"];
	q75 -> q17 [label = "c"];
	q101 -> q72 [label = "c"];
	q97 -> q11 [label = "c"];
	q200 -> q154 [label = "a"];
	q98 -> q150 [label = "c"];
	q104 -> q175 [label = "a"];
	q106 -> q19 [label = "b"];
	q114 -> q91 [label = "b"];
	q104 -> q13 [label = "b"];
	q106 -> q191 [label = "a"];
	q104 -> q140 [label = "c"];
	q110 -> q214 [label = "b"];
	q169 -> q181 [label = "b"];
	q198 -> q4 [label = "c"];
	q148 -> q96 [label = "a"];
	q105 -> q174 [label = "b"];
	q107 -> q88 [label = "a"];
	q108 -> q87 [label = "b"];
	q71 -> q13 [label = "b, c"];
	q107 -> q19 [label = "c"];
	q201 -> q205 [label = "c"];
	q109 -> q128 [label = "b"];
	q112 -> q90 [label = "a"];
	q116 -> q13 [label = "c"];
	q129 -> q124 [label = "b"];
	q112 -> q24 [label = "b"];
	q114 -> q92 [label = "a"];
	q118 -> q115 [label = "c"];
	q112 -> q140 [label = "c"];
	q7 -> q24 [label = "b"];
	q118 -> q116 [label = "b"];
	q146 -> q123 [label = "c"];
	q115 -> q24 [label = "b"];
	q208 -> q102 [label = "a"];
	q115 -> q213 [label = "a"];
	q64 -> q24 [label = "b"];
	q123 -> q135 [label = "b"];
	q168 -> q144 [label = "a"];
	q119 -> q72 [label = "c"];
	q113 -> q72 [label = "c"];
	q71 -> q59 [label = "a"];
	q119 -> q163 [label = "b"];
	q131 -> q112 [label = "c"];
	q114 -> q171 [label = "c"];
	q143 -> q102 [label = "a"];
	q122 -> q54 [label = "a"];
	q126 -> q134 [label = "c"];
	q121 -> q145 [label = "b"];
	q121 -> q136 [label = "c"];
	q181 -> q24 [label = "b"];
	q125 -> q122 [label = "a"];
	q205 -> q109 [label = "b"];
	q154 -> q13 [label = "b"];
	q204 -> q210 [label = "a"];
	q122 -> q132 [label = "c"];
	q212 -> q140 [label = "c"];
	q144 -> q101 [label = "b"];
	q97 -> q152 [label = "b"];
	q124 -> q73 [label = "b"];
	q142 -> q140 [label = "c"];
	q123 -> q24 [label = "c"];
	q125 -> q118 [label = "b"];
	q132 -> q137 [label = "c"];
	q128 -> q142 [label = "b"];
	q211 -> q112 [label = "c"];
	q132 -> q186 [label = "a"];
	q131 -> q113 [label = "b"];
	q133 -> q212 [label = "c"];
	q129 -> q123 [label = "c"];
	q130 -> q140 [label = "c"];
	q101 -> q188 [label = "b"];
	q138 -> q139 [label = "a"];
	q160 -> q198 [label = "c"];
	q140 -> q104 [label = "a"];
	q166 -> q204 [label = "c"];
	q137 -> q138 [label = "a"];
	q139 -> q105 [label = "b"];
	q1 -> q108 [label = "a"];
	q150 -> q4 [label = "c"];
	q141 -> q169 [label = "c"];
	q156 -> q83 [label = "a"];
	q41 -> q133 [label = "c"];
	q137 -> q19 [label = "b"];
	q141 -> q103 [label = "a"];
	q143 -> q12 [label = "b"];
	q138 -> q106 [label = "c"];
	q105 -> q102 [label = "a"];
	q142 -> q104 [label = "a"];
	q99 -> q140 [label = "c"];
	q141 -> q13 [label = "b"];
	q144 -> q189 [label = "a"];
	q146 -> q98 [label = "a"];
	q144 -> q100 [label = "c"];
	q150 -> q5 [label = "b"];
	q109 -> q71 [label = "a"];
	q149 -> q123 [label = "c"];
	q145 -> q99 [label = "b"];
	q147 -> q85 [label = "a"];
	q151 -> q178 [label = "c"];
	q145 -> q11 [label = "c"];
	q149 -> q88 [label = "a"];
	q150 -> q157 [label = "a"];
	q149 -> q67 [label = "b"];
}
DFA size: 215 states

NL* output after 19 EQ and 28413 MQ:
digraph finite_state_machine {
	rankdir=LR;
	node [shape = circle];
	s0 [shape = point, style = invis, start="true" ];
	s1 [shape = point, style = invis, start="true" ];
	s2 [shape = point, style = invis, start="true" ];
	s3 [shape = point, style = invis, start="true" ];
	s4 [shape = point, style = invis, start="true" ];
	s5 [shape = point, style = invis, start="true" ];
	s6 [shape = point, style = invis, start="true" ];
	s7 [shape = point, style = invis, start="true" ];
	s8 [shape = point, style = invis, start="true" ];
	s9 [shape = point, style = invis, start="true" ];
	s10 [shape = point, style = invis, start="true" ];
	s11 [shape = point, style = invis, start="true" ];
	q0 [label = "q0", shape = doublecircle, final="true" ];
	q1 [label = "q1", shape = doublecircle, final="true" ];
	q2 [label = "q2"];
	q3 [label = "q3"];
	q4 [label = "q4", shape = doublecircle, final="true" ];
	q5 [label = "q5", shape = doublecircle, final="true" ];
	q6 [label = "q6", shape = doublecircle, final="true" ];
	q7 [label = "q7", shape = doublecircle, final="true" ];
	q8 [label = "q8", shape = doublecircle, final="true" ];
	q9 [label = "q9", shape = doublecircle, final="true" ];
	q10 [label = "q10", shape = doublecircle, final="true" ];
	q11 [label = "q11", shape = doublecircle, final="true" ];
	q12 [label = "q12"];
	q13 [label = "q13"];
	q14 [label = "q14", shape = doublecircle, final="true" ];
	q15 [label = "q15", shape = doublecircle, final="true" ];
	q16 [label = "q16"];
	q17 [label = "q17", shape = doublecircle, final="true" ];
	q18 [label = "q18", shape = doublecircle, final="true" ];
	q19 [label = "q19"];
	q20 [label = "q20"];
	q21 [label = "q21", shape = doublecircle, final="true" ];
	q22 [label = "q22", shape = doublecircle, final="true" ];
	q23 [label = "q23", shape = doublecircle, final="true" ];
	q24 [label = "q24", shape = doublecircle, final="true" ];
	q25 [label = "q25", shape = doublecircle, final="true" ];
	q26 [label = "q26"];
	q27 [label = "q27", shape = doublecircle, final="true" ];
	q28 [label = "q28", shape = doublecircle, final="true" ];
	q29 [label = "q29"];
	q30 [label = "q30", shape = doublecircle, final="true" ];
	q31 [label = "q31"];
	q32 [label = "q32"];
	q33 [label = "q33", shape = doublecircle, final="true" ];
	q34 [label = "q34"];
	q35 [label = "q35"];
	q36 [label = "q36", shape = doublecircle, final="true" ];
	q37 [label = "q37", shape = doublecircle, final="true" ];
	q38 [label = "q38"];
	q39 [label = "q39", shape = doublecircle, final="true" ];
	q40 [label = "q40", shape = doublecircle, final="true" ];
	q41 [label = "q41"];
	q42 [label = "q42", shape = doublecircle, final="true" ];
	q43 [label = "q43"];
	q44 [label = "q44"];
	q45 [label = "q45"];
	q46 [label = "q46"];
	q47 [label = "q47"];
	q48 [label = "q48", shape = doublecircle, final="true" ];
	q49 [label = "q49", shape = doublecircle, final="true" ];
	q50 [label = "q50"];
	q51 [label = "q51"];
	q52 [label = "q52", shape = doublecircle, final="true" ];
	q53 [label = "q53"];
	q54 [label = "q54"];
	q55 [label = "q55"];
	q56 [label = "q56", shape = doublecircle, final="true" ];
	s0 -> q2
	s1 -> q14
	s2 -> q17
	s3 -> q20
	s4 -> q26
	s5 -> q27
	s6 -> q33
	s7 -> q35
	s8 -> q46
	s9 -> q47
	s10 -> q55
	s11 -> q56
	q41 -> q52 [label = "c"];
	q41 -> q22 [label = "c"];
	q47 -> q20 [label = "b"];
	q41 -> q35 [label = "b, c"];
	q41 -> q33 [label = "b"];
	q41 -> q26 [label = "b"];
	q41 -> q46 [label = "a, b"];
	q41 -> q2 [label = "a, b, c"];
	q43 -> q55 [label = "b"];
	q43 -> q33 [label = "b"];
	q43 -> q26 [label = "b"];
	q43 -> q19 [label = "a, b"];
	q43 -> q17 [label = "b"];
	q43 -> q16 [label = "b"];
	q43 -> q15 [label = "b"];
	q43 -> q14 [label = "b"];
	q43 -> q13 [label = "b"];
	q45 -> q44 [label = "c"];
	q45 -> q30 [label = "c"];
	q45 -> q22 [label = "c"];
	q45 -> q1 [label = "c"];
	q40 -> q37 [label = "c"];
	q46 -> q46 [label = "b"];
	q46 -> q20 [label = "b"];
	q40 -> q54 [label = "b, c"];
	q40 -> q52 [label = "b, c"];
	q40 -> q44 [label = "b"];
	q40 -> q41 [label = "b, c"];
	q40 -> q40 [label = "b, c"];
	q40 -> q39 [label = "b, c"];
	q40 -> q38 [label = "b"];
	q40 -> q33 [label = "b, c"];
	q40 -> q31 [label = "b, c"];
	q40 -> q30 [label = "b, c"];
	q40 -> q23 [label = "b"];
	q40 -> q19 [label = "b, c"];
	q40 -> q16 [label = "b"];
	q40 -> q14 [label = "b, c"];
	q40 -> q1 [label = "b, c"];
	q46 -> q41 [label = "c"];
	q46 -> q22 [label = "c"];
	q40 -> q46 [label = "a, b, c"];
	q40 -> q43 [label = "a, b"];
	q40 -> q32 [label = "a, b, c"];
	q40 -> q2 [label = "a, b, c"];
	q42 -> q28 [label = "b"];
	q42 -> q17 [label = "b"];
	q42 -> q10 [label = "b"];
	q44 -> q1 [label = "c"];
	q44 -> q0 [label = "c"];
	q35 -> q22 [label = "c"];
	q36 -> q15 [label = "b"];
	q36 -> q8 [label = "b"];
	q34 -> q52 [label = "c"];
	q34 -> q44 [label = "c"];
	q45 -> q38 [label = "c"];
	q34 -> q43 [label = "c"];
	q34 -> q40 [label = "c"];
	q34 -> q30 [label = "c"];
	q34 -> q22 [label = "c"];
	q34 -> q4 [label = "c"];
	q34 -> q3 [label = "c"];
	q39 -> q38 [label = "a, b"];
	q39 -> q29 [label = "b"];
	q39 -> q16 [label = "b"];
	q33 -> q39 [label = "c"];
	q33 -> q36 [label = "c"];
	q33 -> q33 [label = "c"];
	q33 -> q23 [label = "c"];
	q33 -> q17 [label = "c"];
	q33 -> q5 [label = "c"];
	q39 -> q55 [label = "b, c"];
	q39 -> q53 [label = "b, c"];
	q39 -> q50 [label = "a, b, c"];
	q39 -> q40 [label = "b, c"];
	q39 -> q35 [label = "a, b, c"];
	q39 -> q33 [label = "b, c"];
	q39 -> q32 [label = "a, b, c"];
	q39 -> q30 [label = "b, c"];
	q39 -> q26 [label = "b, c"];
	q39 -> q19 [label = "b, c"];
	q39 -> q18 [label = "b, c"];
	q39 -> q12 [label = "b, c"];
	q39 -> q3 [label = "b, c"];
	q33 -> q55 [label = "b, c"];
	q33 -> q54 [label = "b, c"];
	q33 -> q53 [label = "b, c"];
	q33 -> q52 [label = "b, c"];
	q33 -> q51 [label = "b, c"];
	q33 -> q45 [label = "b, c"];
	q33 -> q43 [label = "b, c"];
	q33 -> q32 [label = "b, c"];
	q33 -> q22 [label = "b, c"];
	q33 -> q19 [label = "b, c"];
	q33 -> q13 [label = "b, c"];
	q33 -> q12 [label = "b, c"];
	q33 -> q2 [label = "b, c"];
	q33 -> q0 [label = "b, c"];
	q37 -> q56 [label = "b, c"];
	q37 -> q55 [label = "b, c"];
	q37 -> q53 [label = "b, c"];
	q37 -> q47 [label = "a, b, c"];
	q37 -> q46 [label = "b, c"];
	q37 -> q45 [label = "b, c"];
	q37 -> q35 [label = "a, b, c"];
	q37 -> q32 [label = "b, c"];
	q37 -> q31 [label = "b, c"];
	q37 -> q30 [label = "b, c"];
	q37 -> q20 [label = "b, c"];
	q37 -> q15 [label = "c"];
	q37 -> q13 [label = "b, c"];
	q37 -> q12 [label = "b, c"];
	q37 -> q11 [label = "c"];
	q37 -> q10 [label = "c"];
	q37 -> q54 [label = "b, c"];
	q37 -> q9 [label = "c"];
	q33 -> q15 [label = "b"];
	q37 -> q52 [label = "b, c"];
	q37 -> q5 [label = "b, c"];
	q37 -> q4 [label = "b, c"];
	q37 -> q3 [label = "b, c"];
	q37 -> q1 [label = "b, c"];
	q35 -> q47 [label = "a, b, c"];
	q35 -> q35 [label = "b, c"];
	q35 -> q20 [label = "b"];
	q33 -> q35 [label = "a, b, c"];
	q33 -> q31 [label = "a, b, c"];
	q33 -> q16 [label = "a, b, c"];
	q37 -> q36 [label = "b, c"];
	q38 -> q53 [label = "b"];
	q39 -> q20 [label = "b, c"];
	q38 -> q42 [label = "b"];
	q38 -> q31 [label = "b"];
	q38 -> q24 [label = "b"];
	q38 -> q16 [label = "b"];
	q38 -> q15 [label = "b"];
	q37 -> q29 [label = "b, c"];
	q38 -> q14 [label = "b"];
	q40 -> q50 [label = "a, b, c"];
	q32 -> q30 [label = "c"];
	q32 -> q22 [label = "c"];
	q44 -> q50 [label = "c"];
	q38 -> q54 [label = "b, c"];
	q38 -> q47 [label = "a, b, c"];
	q38 -> q46 [label = "b, c"];
	q38 -> q41 [label = "b, c"];
	q38 -> q40 [label = "c"];
	q34 -> q12 [label = "a, c"];
	q32 -> q55 [label = "b"];
	q32 -> q54 [label = "b"];
	q32 -> q51 [label = "b"];
	q32 -> q46 [label = "b, c"];
	q32 -> q41 [label = "b, c"];
	q32 -> q31 [label = "b"];
	q32 -> q26 [label = "b"];
	q32 -> q24 [label = "b"];
	q32 -> q20 [label = "b"];
	q32 -> q17 [label = "b"];
	q32 -> q15 [label = "b"];
	q32 -> q13 [label = "b"];
	q32 -> q10 [label = "b"];
	q36 -> q54 [label = "a, b, c"];
	q36 -> q51 [label = "a, b, c"];
	q36 -> q47 [label = "a, b, c"];
	q36 -> q45 [label = "b, c"];
	q36 -> q39 [label = "c"];
	q36 -> q37 [label = "c"];
	q36 -> q36 [label = "c"];
	q33 -> q34 [label = "a, b, c"];
	q36 -> q34 [label = "a, b, c"];
	q35 -> q2 [label = "b, c"];
	q36 -> q33 [label = "c"];
	q36 -> q31 [label = "a, b, c"];
	q36 -> q30 [label = "b, c"];
	q36 -> q26 [label = "a, b, c"];
	q36 -> q22 [label = "b, c"];
	q36 -> q19 [label = "a, b, c"];
	q36 -> q17 [label = "c"];
	q36 -> q16 [label = "a, b, c"];
	q36 -> q6 [label = "c"];
	q36 -> q5 [label = "b, c"];
	q36 -> q4 [label = "b, c"];
	q36 -> q3 [label = "a, b, c"];
	q36 -> q0 [label = "b, c"];
	q34 -> q54 [label = "b, c"];
	q34 -> q47 [label = "a, b, c"];
	q34 -> q46 [label = "a, b, c"];
	q34 -> q42 [label = "b"];
	q34 -> q41 [label = "b, c"];
	q34 -> q35 [label = "b, c"];
	q34 -> q31 [label = "b"];
	q34 -> q20 [label = "b"];
	q34 -> q2 [label = "a, b, c"];
	q39 -> q37 [label = "b, c"];
	q32 -> q47 [label = "a, b, c"];
	q32 -> q19 [label = "a, b"];
	q36 -> q53 [label = "a, b, c"];
	q29 -> q53 [label = "b"];
	q44 -> q22 [label = "c"];
	q29 -> q31 [label = "b"];
	q29 -> q19 [label = "b"];
	q29 -> q16 [label = "b"];
	q39 -> q23 [label = "b"];
	q33 -> q47 [label = "a, b, c"];
	q29 -> q13 [label = "b"];
	q27 -> q48 [label = "c"];
	q27 -> q42 [label = "c"];
	q27 -> q39 [label = "c"];
	q27 -> q37 [label = "c"];
	q27 -> q33 [label = "c"];
	q27 -> q27 [label = "c"];
	q38 -> q3 [label = "b, c"];
	q27 -> q25 [label = "c"];
	q27 -> q18 [label = "c"];
	q27 -> q14 [label = "c"];
	q27 -> q11 [label = "c"];
	q27 -> q10 [label = "c"];
	q27 -> q9 [label = "c"];
	q27 -> q6 [label = "c"];
	q28 -> q42 [label = "b"];
	q28 -> q28 [label = "b"];
	q28 -> q24 [label = "b"];
	q26 -> q52 [label = "c"];
	q26 -> q44 [label = "c"];
	q35 -> q26 [label = "b"];
	q26 -> q43 [label = "c"];
	q26 -> q39 [label = "c"];
	q26 -> q32 [label = "c"];
	q26 -> q30 [label = "c"];
	q26 -> q4 [label = "c"];
	q31 -> q33 [label = "b"];
	q31 -> q26 [label = "b"];
	q31 -> q41 [label = "c"];
	q31 -> q30 [label = "c"];
	q31 -> q22 [label = "c"];
	q39 -> q54 [label = "b, c"];
	q31 -> q4 [label = "c"];
	q37 -> q7 [label = "c"];
	q31 -> q0 [label = "c"];
	q25 -> q56 [label = "b"];
	q36 -> q56 [label = "c"];
	q25 -> q55 [label = "b, c"];
	q34 -> q50 [label = "c"];
	q25 -> q49 [label = "b, c"];
	q25 -> q48 [label = "b, c"];
	q25 -> q45 [label = "b, c"];
	q25 -> q43 [label = "b"];
	q25 -> q40 [label = "b, c"];
	q25 -> q39 [label = "b"];
	q25 -> q38 [label = "b, c"];
	q25 -> q37 [label = "b"];
	q25 -> q32 [label = "b"];
	q25 -> q31 [label = "b, c"];
	q25 -> q30 [label = "b, c"];
	q25 -> q29 [label = "b, c"];
	q32 -> q0 [label = "c"];
	q25 -> q28 [label = "b"];
	q25 -> q26 [label = "b"];
	q25 -> q24 [label = "b"];
	q25 -> q23 [label = "b, c"];
	q25 -> q22 [label = "b, c"];
	q25 -> q21 [label = "b"];
	q25 -> q17 [label = "b"];
	q25 -> q12 [label = "b, c"];
	q25 -> q10 [label = "b"];
	q25 -> q9 [label = "b"];
	q25 -> q8 [label = "b"];
	q25 -> q7 [label = "b"];
	q25 -> q4 [label = "b, c"];
	q29 -> q52 [label = "c"];
	q29 -> q50 [label = "c"];
	q29 -> q46 [label = "a, b, c"];
	q29 -> q43 [label = "c"];
	q29 -> q38 [label = "c"];
	q29 -> q35 [label = "a, b, c"];
	q29 -> q32 [label = "c"];
	q29 -> q30 [label = "c"];
	q29 -> q22 [label = "c"];
	q29 -> q12 [label = "a, b, c"];
	q29 -> q4 [label = "c"];
	q29 -> q3 [label = "a, b, c"];
	q29 -> q2 [label = "a, b, c"];
	q29 -> q1 [label = "c"];
	q41 -> q20 [label = "b"];
	q25 -> q1 [label = "b, c"];
	q29 -> q0 [label = "c"];
	q27 -> q55 [label = "b, c"];
	q46 -> q0 [label = "c"];
	q27 -> q54 [label = "b, c"];
	q37 -> q21 [label = "c"];
	q27 -> q53 [label = "b, c"];
	q27 -> q52 [label = "b, c"];
	q27 -> q50 [label = "b, c"];
	q27 -> q41 [label = "a, b, c"];
	q27 -> q30 [label = "b, c"];
	q27 -> q29 [label = "b, c"];
	q47 -> q2 [label = "b, c"];
	q27 -> q26 [label = "b, c"];
	q37 -> q16 [label = "b, c"];
	q27 -> q22 [label = "b, c"];
	q27 -> q20 [label = "b, c"];
	q27 -> q16 [label = "a, b, c"];
	q27 -> q15 [label = "b, c"];
	q27 -> q13 [label = "b, c"];
	q25 -> q47 [label = "a, b, c"];
	q25 -> q35 [label = "a, b, c"];
	q37 -> q37 [label = "b, c"];
	q25 -> q19 [label = "a, b, c"];
	q25 -> q13 [label = "a, b, c"];
	q30 -> q36 [label = "b"];
	q24 -> q36 [label = "c"];
	q30 -> q55 [label = "b, c"];
	q30 -> q52 [label = "c"];
	q25 -> q54 [label = "a, b"];
	q30 -> q47 [label = "a, b, c"];
	q26 -> q50 [label = "c"];
	q30 -> q37 [label = "c"];
	q30 -> q35 [label = "a, b, c"];
	q30 -> q22 [label = "c"];
	q30 -> q20 [label = "b, c"];
	q36 -> q43 [label = "a, b, c"];
	q30 -> q17 [label = "c"];
	q30 -> q14 [label = "b, c"];
	q30 -> q2 [label = "a, b, c"];
	q39 -> q52 [label = "b, c"];
	q30 -> q1 [label = "c"];
	q30 -> q0 [label = "c"];
	q24 -> q54 [label = "b, c"];
	q46 -> q2 [label = "b, c"];
	q24 -> q52 [label = "b, c"];
	q33 -> q3 [label = "b, c"];
	q24 -> q51 [label = "b, c"];
	q24 -> q43 [label = "b, c"];
	q24 -> q40 [label = "b, c"];
	q24 -> q32 [label = "b, c"];
	q24 -> q30 [label = "b, c"];
	q39 -> q13 [label = "b"];
	q24 -> q29 [label = "b, c"];
	q24 -> q28 [label = "b"];
	q43 -> q51 [label = "b"];
	q24 -> q18 [label = "b, c"];
	q24 -> q17 [label = "b, c"];
	q24 -> q15 [label = "b"];
	q39 -> q6 [label = "b, c"];
	q24 -> q14 [label = "b, c"];
	q24 -> q10 [label = "b"];
	q24 -> q4 [label = "b, c"];
	q24 -> q0 [label = "b, c"];
	q28 -> q54 [label = "b, c"];
	q34 -> q0 [label = "c"];
	q28 -> q53 [label = "c"];
	q28 -> q52 [label = "c"];
	q28 -> q50 [label = "b, c"];
	q30 -> q46 [label = "a, b, c"];
	q28 -> q47 [label = "a, b, c"];
	q28 -> q46 [label = "a, b, c"];
	q43 -> q10 [label = "b"];
	q28 -> q44 [label = "c"];
	q28 -> q43 [label = "b, c"];
	q28 -> q41 [label = "b, c"];
	q28 -> q39 [label = "c"];
	q28 -> q38 [label = "b, c"];
	q28 -> q37 [label = "c"];
	q28 -> q36 [label = "c"];
	q28 -> q34 [label = "b, c"];
	q40 -> q13 [label = "b"];
	q28 -> q33 [label = "b, c"];
	q28 -> q32 [label = "b, c"];
	q28 -> q31 [label = "b, c"];
	q28 -> q30 [label = "c"];
	q28 -> q23 [label = "b, c"];
	q28 -> q20 [label = "b, c"];
	q28 -> q19 [label = "a, b, c"];
	q28 -> q18 [label = "b, c"];
	q28 -> q17 [label = "c"];
	q28 -> q14 [label = "c"];
	q28 -> q13 [label = "a, b, c"];
	q28 -> q12 [label = "a, c"];
	q28 -> q5 [label = "c"];
	q28 -> q0 [label = "c"];
	q26 -> q53 [label = "b"];
	q26 -> q51 [label = "b"];
	q26 -> q41 [label = "a, b, c"];
	q26 -> q20 [label = "b"];
	q26 -> q19 [label = "b"];
	q26 -> q15 [label = "b"];
	q26 -> q3 [label = "b, c"];
	q46 -> q30 [label = "c"];
	q24 -> q55 [label = "a, b, c"];
	q24 -> q53 [label = "a, b, c"];
	q24 -> q50 [label = "a, b, c"];
	q24 -> q44 [label = "a, b, c"];
	q24 -> q41 [label = "a, b, c"];
	q30 -> q33 [label = "b, c"];
	q24 -> q31 [label = "a, b, c"];
	q24 -> q20 [label = "a, b, c"];
	q29 -> q56 [label = "b"];
	q24 -> q19 [label = "a, b, c"];
	q24 -> q16 [label = "a, b, c"];
	q24 -> q13 [label = "a, b, c"];
	q24 -> q2 [label = "a, b, c"];
	q21 -> q8 [label = "b"];
	q19 -> q30 [label = "c"];
	q24 -> q37 [label = "c"];
	q19 -> q4 [label = "c"];
	q19 -> q3 [label = "c"];
	q38 -> q39 [label = "c"];
	q15 -> q52 [label = "c"];
	q15 -> q50 [label = "c"];
	q36 -> q32 [label = "a, b, c"];
	q15 -> q43 [label = "c"];
	q15 -> q40 [label = "c"];
	q15 -> q36 [label = "c"];
	q15 -> q32 [label = "c"];
	q27 -> q5 [label = "b, c"];
	q15 -> q23 [label = "c"];
	q35 -> q46 [label = "b"];
	q15 -> q18 [label = "c"];
	q15 -> q1 [label = "c"];
	q11 -> q49 [label = "b"];
	q11 -> q15 [label = "b"];
	q11 -> q8 [label = "b"];
	q13 -> q54 [label = "c"];
	q13 -> q52 [label = "c"];
	q13 -> q44 [label = "c"];
	q13 -> q38 [label = "c"];
	q13 -> q30 [label = "c"];
	q40 -> q45 [label = "b, c"];
	q13 -> q4 [label = "c"];
	q13 -> q0 [label = "c"];
	q8 -> q52 [label = "c"];
	q8 -> q43 [label = "c"];
	q38 -> q2 [label = "b, c"];
	q8 -> q39 [label = "c"];
	q8 -> q37 [label = "c"];
	q8 -> q34 [label = "c"];
	q8 -> q32 [label = "c"];
	q24 -> q45 [label = "a, b, c"];
	q8 -> q30 [label = "c"];
	q8 -> q4 [label = "c"];
	q8 -> q0 [label = "c"];
	q37 -> q14 [label = "b, c"];
	q8 -> q56 [label = "b, c"];
	q8 -> q55 [label = "b, c"];
	q8 -> q54 [label = "b, c"];
	q8 -> q51 [label = "b, c"];
	q37 -> q49 [label = "c"];
	q8 -> q44 [label = "b, c"];
	q25 -> q16 [label = "b, c"];
	q15 -> q37 [label = "c"];
	q8 -> q33 [label = "b, c"];
	q8 -> q26 [label = "b, c"];
	q24 -> q33 [label = "b, c"];
	q8 -> q16 [label = "b, c"];
	q8 -> q15 [label = "b"];
	q8 -> q14 [label = "b, c"];
	q8 -> q10 [label = "b"];
	q8 -> q9 [label = "b"];
	q8 -> q8 [label = "b"];
	q14 -> q56 [label = "c"];
	q32 -> q42 [label = "b"];
	q28 -> q26 [label = "b, c"];
	q14 -> q55 [label = "b, c"];
	q29 -> q44 [label = "c"];
	q14 -> q53 [label = "b, c"];
	q39 -> q2 [label = "a, b, c"];
	q14 -> q52 [label = "b, c"];
	q39 -> q44 [label = "b"];
	q14 -> q51 [label = "c"];
	q24 -> q38 [label = "a, b, c"];
	q14 -> q50 [label = "b, c"];
	q27 -> q38 [label = "b, c"];
	q14 -> q46 [label = "b, c"];
	q37 -> q33 [label = "b, c"];
	q27 -> q43 [label = "b, c"];
	q14 -> q45 [label = "c"];
	q25 -> q0 [label = "b, c"];
	q14 -> q44 [label = "c"];
	q14 -> q43 [label = "b, c"];
	q14 -> q40 [label = "c"];
	q14 -> q36 [label = "c"];
	q14 -> q34 [label = "b, c"];
	q14 -> q29 [label = "c"];
	q14 -> q23 [label = "c"];
	q39 -> q43 [label = "a, b"];
	q14 -> q20 [label = "b, c"];
	q14 -> q19 [label = "b, c"];
	q31 -> q52 [label = "c"];
	q14 -> q18 [label = "c"];
	q21 -> q22 [label = "b, c"];
	q52 -> q35 [label = "a, b, c"];
	q27 -> q0 [label = "b, c"];
	q4 -> q47 [label = "a, b, c"];
	q53 -> q55 [label = "b"];
	q40 -> q36 [label = "b"];
	q21 -> q1 [label = "b, c"];
	q38 -> q22 [label = "c"];
	q19 -> q35 [label = "b, c"];
	q27 -> q24 [label = "c"];
	q19 -> q14 [label = "b"];
	q7 -> q39 [label = "c"];
	q0 -> q55 [label = "b, c"];
	q19 -> q41 [label = "c"];
	q23 -> q29 [label = "c"];
	q23 -> q43 [label = "b, c"];
	q23 -> q42 [label = "b"];
	q23 -> q34 [label = "b, c"];
	q6 -> q17 [label = "b, c"];
	q23 -> q33 [label = "b"];
	q42 -> q2 [label = "a, b, c"];
	q23 -> q18 [label = "b, c"];
	q51 -> q41 [label = "c"];
	q9 -> q45 [label = "a, b, c"];
	q14 -> q22 [label = "b, c"];
	q2 -> q47 [label = "a, b, c"];
	q21 -> q55 [label = "a, b, c"];
	q48 -> q16 [label = "a, b, c"];
	q7 -> q43 [label = "a, b, c"];
	q21 -> q53 [label = "a, b, c"];
	q24 -> q39 [label = "c"];
	q26 -> q16 [label = "b"];
	q21 -> q51 [label = "a, b, c"];
	q21 -> q47 [label = "a, b, c"];
	q21 -> q46 [label = "a, b, c"];
	q21 -> q41 [label = "a, b, c"];
	q17 -> q16 [label = "a, b, c"];
	q21 -> q38 [label = "a, b, c"];
	q21 -> q35 [label = "a, b, c"];
	q21 -> q31 [label = "a, b, c"];
	q21 -> q20 [label = "a, b, c"];
	q21 -> q19 [label = "a, b, c"];
	q21 -> q2 [label = "a, b, c"];
	q17 -> q54 [label = "b, c"];
	q24 -> q3 [label = "a, b, c"];
	q17 -> q53 [label = "b, c"];
	q23 -> q0 [label = "c"];
	q17 -> q49 [label = "c"];
	q20 -> q32 [label = "c"];
	q36 -> q55 [label = "a, b, c"];
	q17 -> q45 [label = "c"];
	q17 -> q14 [label = "c"];
	q17 -> q43 [label = "b, c"];
	q7 -> q6 [label = "c"];
	q21 -> q26 [label = "a, b, c"];
	q17 -> q40 [label = "c"];
	q9 -> q32 [label = "b, c"];
	q44 -> q32 [label = "c"];
	q6 -> q9 [label = "b, c"];
	q29 -> q20 [label = "b"];
	q17 -> q39 [label = "c"];
	q36 -> q14 [label = "c"];
	q23 -> q12 [label = "a, c"];
	q15 -> q35 [label = "a, b, c"];
	q23 -> q28 [label = "b"];
	q17 -> q32 [label = "b, c"];
	q23 -> q31 [label = "b, c"];
	q17 -> q31 [label = "a, b, c"];
	q17 -> q8 [label = "b, c"];
	q26 -> q46 [label = "b, c"];
	q15 -> q22 [label = "c"];
	q10 -> q4 [label = "c"];
	q17 -> q10 [label = "c"];
	q8 -> q42 [label = "b"];
	q17 -> q3 [label = "b, c"];
	q17 -> q2 [label = "b, c"];
	q17 -> q1 [label = "b, c"];
	q20 -> q55 [label = "b"];
	q5 -> q33 [label = "b, c"];
	q20 -> q52 [label = "c"];
	q20 -> q35 [label = "a, b, c"];
	q20 -> q26 [label = "b"];
	q7 -> q28 [label = "b, c"];
	q20 -> q16 [label = "b"];
	q40 -> q12 [label = "b, c"];
	q6 -> q45 [label = "b, c"];
	q25 -> q44 [label = "b, c"];
	q28 -> q51 [label = "a, c"];
	q53 -> q52 [label = "c"];
	q33 -> q37 [label = "c"];
	q32 -> q53 [label = "b"];
	q20 -> q12 [label = "b, c"];
	q18 -> q53 [label = "b, c"];
	q10 -> q46 [label = "a, b, c"];
	q23 -> q16 [label = "b, c"];
	q49 -> q3 [label = "a"];
	q18 -> q52 [label = "b, c"];
	q45 -> q47 [label = "a, b, c"];
	q45 -> q13 [label = "b"];
	q18 -> q50 [label = "b, c"];
	q7 -> q25 [label = "a, c"];
	q18 -> q35 [label = "b, c"];
	q26 -> q35 [label = "a, b, c"];
	q52 -> q50 [label = "a, c"];
	q15 -> q45 [label = "a, c"];
	q17 -> q24 [label = "c"];
	q18 -> q34 [label = "b, c"];
	q18 -> q31 [label = "b, c"];
	q11 -> q53 [label = "a, b, c"];
	q18 -> q29 [label = "c"];
	q18 -> q20 [label = "b, c"];
	q50 -> q15 [label = "b"];
	q18 -> q13 [label = "a, b, c"];
	q39 -> q1 [label = "b, c"];
	q18 -> q12 [label = "b, c"];
	q21 -> q49 [label = "b"];
	q18 -> q4 [label = "c"];
	q4 -> q3 [label = "a"];
	q40 -> q0 [label = "b, c"];
	q42 -> q54 [label = "b, c"];
	q4 -> q53 [label = "a"];
	q42 -> q50 [label = "b, c"];
	q42 -> q47 [label = "a, b, c"];
	q53 -> q26 [label = "b"];
	q45 -> q50 [label = "c"];
	q42 -> q44 [label = "a, c"];
	q56 -> q0 [label = "b, c"];
	q1 -> q56 [label = "b, c"];
	q42 -> q38 [label = "b, c"];
	q26 -> q38 [label = "c"];
	q42 -> q35 [label = "a, b, c"];
	q33 -> q46 [label = "b, c"];
	q7 -> q32 [label = "a, b, c"];
	q7 -> q26 [label = "b, c"];
	q42 -> q31 [label = "b, c"];
	q49 -> q17 [label = "c"];
	q15 -> q4 [label = "c"];
	q6 -> q49 [label = "b, c"];
	q42 -> q30 [label = "c"];
	q42 -> q26 [label = "b, c"];
	q50 -> q26 [label = "b"];
	q32 -> q14 [label = "b"];
	q11 -> q17 [label = "c"];
	q42 -> q19 [label = "b, c"];
	q25 -> q33 [label = "b"];
	q52 -> q19 [label = "a"];
	q40 -> q18 [label = "b, c"];
	q27 -> q7 [label = "c"];
	q7 -> q16 [label = "a, b, c"];
	q5 -> q12 [label = "a, b, c"];
	q42 -> q42 [label = "b"];
	q22 -> q35 [label = "a, b, c"];
	q42 -> q16 [label = "b, c"];
	q15 -> q38 [label = "c"];
	q9 -> q54 [label = "b, c"];
	q42 -> q34 [label = "b, c"];
	q21 -> q6 [label = "c"];
	q42 -> q5 [label = "c"];
	q40 -> q3 [label = "b, c"];
	q20 -> q0 [label = "c"];
	q36 -> q12 [label = "a, b, c"];
	q42 -> q0 [label = "c"];
	q17 -> q34 [label = "b, c"];
	q18 -> q19 [label = "a, b, c"];
	q44 -> q55 [label = "b"];
	q6 -> q46 [label = "a, b, c"];
	q44 -> q47 [label = "a, b, c"];
	q9 -> q37 [label = "c"];
	q39 -> q45 [label = "b, c"];
	q27 -> q2 [label = "b, c"];
	q44 -> q41 [label = "a, b"];
	q9 -> q53 [label = "a, b, c"];
	q44 -> q26 [label = "b"];
	q44 -> q19 [label = "b"];
	q56 -> q43 [label = "b, c"];
	q40 -> q35 [label = "a, b, c"];
	q21 -> q14 [label = "c"];
	q42 -> q53 [label = "b, c"];
	q36 -> q1 [label = "b, c"];
	q9 -> q9 [label = "b, c"];
	q44 -> q42 [label = "b"];
	q44 -> q13 [label = "b"];
	q17 -> q33 [label = "c"];
	q44 -> q3 [label = "a, b"];
	q38 -> q12 [label = "b, c"];
	q1 -> q14 [label = "b, c"];
	q46 -> q47 [label = "a, b, c"];
	q47 -> q22 [label = "c"];
	q45 -> q3 [label = "b, c"];
	q34 -> q13 [label = "b"];
	q6 -> q48 [label = "b, c"];
	q43 -> q47 [label = "a, b, c"];
	q18 -> q45 [label = "c"];
	q43 -> q35 [label = "a, b, c"];
	q17 -> q11 [label = "c"];
	q44 -> q33 [label = "b"];
	q2 -> q0 [label = "c"];
	q36 -> q23 [label = "c"];
	q24 -> q42 [label = "b"];
	q43 -> q30 [label = "c"];
	q1 -> q19 [label = "a"];
	q37 -> q22 [label = "b, c"];
	q43 -> q41 [label = "a, b, c"];
	q43 -> q3 [label = "b, c"];
	q43 -> q2 [label = "b, c"];
	q17 -> q20 [label = "b, c"];
	q29 -> q55 [label = "b"];
	q31 -> q46 [label = "a, b"];
	q12 -> q22 [label = "c"];
	q20 -> q15 [label = "b"];
	q17 -> q15 [label = "b, c"];
	q49 -> q47 [label = "a, b, c"];
	q5 -> q24 [label = "b, c"];
	q1 -> q11 [label = "b"];
	q45 -> q55 [label = "b"];
	q18 -> q47 [label = "a, b, c"];
	q26 -> q40 [label = "c"];
	q1 -> q47 [label = "a, b, c"];
	q45 -> q54 [label = "a, b"];
	q43 -> q42 [label = "b"];
	q27 -> q56 [label = "c"];
	q44 -> q16 [label = "b"];
	q45 -> q46 [label = "a, b, c"];
	q14 -> q39 [label = "c"];
	q45 -> q42 [label = "b"];
	q45 -> q33 [label = "b"];
	q7 -> q14 [label = "b, c"];
	q20 -> q31 [label = "b"];
	q55 -> q4 [label = "c"];
	q45 -> q15 [label = "b"];
	q52 -> q37 [label = "c"];
	q37 -> q0 [label = "b, c"];
	q5 -> q49 [label = "c"];
	q45 -> q14 [label = "b"];
	q6 -> q43 [label = "a, b, c"];
	q9 -> q6 [label = "c"];
	q29 -> q47 [label = "a, b, c"];
	q13 -> q16 [label = "b"];
	q18 -> q44 [label = "c"];
	q45 -> q12 [label = "b, c"];
	q21 -> q5 [label = "b, c"];
	q45 -> q2 [label = "a, b, c"];
	q48 -> q33 [label = "b, c"];
	q21 -> q44 [label = "a, b, c"];
	q18 -> q43 [label = "b"];
	q11 -> q3 [label = "a, b, c"];
	q47 -> q47 [label = "a, b, c"];
	q40 -> q22 [label = "b, c"];
	q26 -> q54 [label = "b, c"];
	q13 -> q14 [label = "b"];
	q50 -> q55 [label = "b"];
	q27 -> q35 [label = "a, b, c"];
	q56 -> q3 [label = "b, c"];
	q6 -> q11 [label = "b, c"];
	q50 -> q42 [label = "b"];
	q25 -> q46 [label = "a, b, c"];
	q50 -> q33 [label = "b"];
	q19 -> q20 [label = "b"];
	q33 -> q40 [label = "c"];
	q50 -> q24 [label = "b"];
	q15 -> q29 [label = "c"];
	q21 -> q52 [label = "b, c"];
	q27 -> q44 [label = "b, c"];
	q7 -> q38 [label = "b, c"];
	q49 -> q37 [label = "c"];
	q4 -> q41 [label = "a"];
	q6 -> q24 [label = "b, c"];
	q49 -> q33 [label = "b, c"];
	q23 -> q52 [label = "c"];
	q55 -> q46 [label = "b, c"];
	q6 -> q23 [label = "a, b, c"];
	q49 -> q22 [label = "c"];
	q38 -> q20 [label = "b"];
	q4 -> q32 [label = "a, c"];
	q37 -> q23 [label = "b, c"];
	q49 -> q14 [label = "b, c"];
	q7 -> q51 [label = "a, b, c"];
	q42 -> q52 [label = "c"];
	q6 -> q27 [label = "b, c"];
	q8 -> q46 [label = "a, b, c"];
	q23 -> q30 [label = "c"];
	q53 -> q35 [label = "b, c"];
	q5 -> q26 [label = "b, c"];
	q54 -> q46 [label = "b"];
	q23 -> q3 [label = "c"];
	q44 -> q56 [label = "b"];
	q8 -> q7 [label = "b"];
	q48 -> q45 [label = "a, b, c"];
	q55 -> q12 [label = "b, c"];
	q27 -> q3 [label = "b, c"];
	q14 -> q26 [label = "b, c"];
	q43 -> q22 [label = "c"];
	q27 -> q8 [label = "b, c"];
	q5 -> q34 [label = "c"];
	q14 -> q15 [label = "b"];
	q14 -> q6 [label = "c"];
	q55 -> q3 [label = "b, c"];
	q40 -> q55 [label = "b, c"];
	q50 -> q47 [label = "a, b, c"];
	q27 -> q1 [label = "b, c"];
	q50 -> q35 [label = "b, c"];
	q8 -> q38 [label = "c"];
	q50 -> q2 [label = "b, c"];
	q10 -> q41 [label = "a, b, c"];
	q50 -> q22 [label = "c"];
	q48 -> q39 [label = "b, c"];
	q45 -> q20 [label = "b"];
	q55 -> q53 [label = "b"];
	q48 -> q53 [label = "a, b, c"];
	q42 -> q15 [label = "b"];
	q27 -> q31 [label = "a, b, c"];
	q50 -> q19 [label = "a, b"];
	q7 -> q31 [label = "a, b, c"];
	q37 -> q39 [label = "b, c"];
	q17 -> q9 [label = "c"];
	q25 -> q53 [label = "b, c"];
	q52 -> q36 [label = "b"];
	q37 -> q18 [label = "b, c"];
	q32 -> q2 [label = "b, c"];
	q11 -> q54 [label = "a, b, c"];
	q0 -> q22 [label = "c"];
	q36 -> q35 [label = "a, b, c"];
	q19 -> q52 [label = "c"];
	q56 -> q50 [label = "b, c"];
	q17 -> q44 [label = "c"];
	q25 -> q3 [label = "b, c"];
	q6 -> q37 [label = "b, c"];
	q56 -> q46 [label = "b, c"];
	q52 -> q26 [label = "b, c"];
	q9 -> q31 [label = "a, b, c"];
	q14 -> q32 [label = "b, c"];
	q52 -> q14 [label = "b, c"];
	q34 -> q26 [label = "b"];
	q17 -> q5 [label = "c"];
	q5 -> q50 [label = "a, c"];
	q14 -> q0 [label = "b, c"];
	q21 -> q0 [label = "b, c"];
	q7 -> q2 [label = "a, b, c"];
	q17 -> q26 [label = "b, c"];
	q6 -> q28 [label = "b, c"];
	q23 -> q32 [label = "b, c"];
	q9 -> q13 [label = "a, b, c"];
	q52 -> q2 [label = "b, c"];
	q45 -> q35 [label = "a, b, c"];
	q48 -> q1 [label = "b, c"];
	q18 -> q51 [label = "c"];
	q48 -> q37 [label = "c"];
	q52 -> q20 [label = "b, c"];
	q25 -> q34 [label = "b, c"];
	q54 -> q2 [label = "a, b, c"];
	q27 -> q19 [label = "b, c"];
	q48 -> q35 [label = "a, b, c"];
	q28 -> q40 [label = "c"];
	q51 -> q49 [label = "c"];
	q49 -> q0 [label = "c"];
	q44 -> q2 [label = "a, b, c"];
	q32 -> q40 [label = "c"];
	q45 -> q10 [label = "b"];
	q25 -> q14 [label = "b"];
	q43 -> q54 [label = "b, c"];
	q14 -> q33 [label = "c"];
	q42 -> q41 [label = "a, b, c"];
	q50 -> q0 [label = "c"];
	q36 -> q52 [label = "b, c"];
	q16 -> q32 [label = "c"];
	q51 -> q35 [label = "b, c"];
	q51 -> q30 [label = "c"];
	q36 -> q44 [label = "b, c"];
	q16 -> q20 [label = "b"];
	q51 -> q3 [label = "c"];
	q53 -> q41 [label = "c"];
	q45 -> q41 [label = "b, c"];
	q27 -> q45 [label = "b, c"];
	q55 -> q16 [label = "b"];
	q49 -> q36 [label = "b"];
	q52 -> q11 [label = "b"];
	q21 -> q12 [label = "a, b, c"];
	q9 -> q19 [label = "a, b, c"];
	q40 -> q51 [label = "c"];
	q43 -> q12 [label = "b, c"];
	q33 -> q29 [label = "b, c"];
	q51 -> q0 [label = "c"];
	q48 -> q4 [label = "b, c"];
	q16 -> q50 [label = "c"];
	q21 -> q3 [label = "a, b, c"];
	q56 -> q6 [label = "c"];
	q25 -> q36 [label = "b"];
	q56 -> q30 [label = "b, c"];
	q56 -> q26 [label = "b, c"];
	q24 -> q46 [label = "a, b, c"];
	q54 -> q41 [label = "c"];
	q23 -> q54 [label = "b, c"];
	q20 -> q44 [label = "c"];
	q11 -> q34 [label = "a, b, c"];
	q33 -> q4 [label = "b, c"];
	q10 -> q5 [label = "c"];
	q56 -> q18 [label = "c"];
	q23 -> q20 [label = "b, c"];
	q48 -> q3 [label = "a, b, c"];
	q45 -> q53 [label = "b"];
	q56 -> q1 [label = "b, c"];
	q14 -> q3 [label = "b, c"];
	q56 -> q15 [label = "b"];
	q21 -> q32 [label = "a, b, c"];
	q51 -> q14 [label = "b"];
	q53 -> q56 [label = "b"];
	q53 -> q14 [label = "b"];
	q48 -> q7 [label = "c"];
	q56 -> q2 [label = "b, c"];
	q11 -> q16 [label = "a, b, c"];
	q14 -> q8 [label = "b"];
	q10 -> q50 [label = "b, c"];
	q5 -> q11 [label = "b, c"];
	q14 -> q30 [label = "c"];
	q6 -> q32 [label = "a, b, c"];
	q56 -> q34 [label = "a, b, c"];
	q17 -> q35 [label = "a, b, c"];
	q25 -> q42 [label = "a, b"];
	q46 -> q35 [label = "a, b, c"];
	q54 -> q55 [label = "b"];
	q8 -> q23 [label = "c"];
	q45 -> q16 [label = "b"];
	q50 -> q20 [label = "b"];
	q18 -> q32 [label = "b"];
	q9 -> q17 [label = "b, c"];
	q51 -> q2 [label = "a, b, c"];
	q49 -> q32 [label = "a, c"];
	q56 -> q37 [label = "c"];
	q3 -> q56 [label = "b"];
	q39 -> q31 [label = "b, c"];
	q17 -> q30 [label = "c"];
	q17 -> q7 [label = "c"];
	q36 -> q18 [label = "c"];
	q17 -> q52 [label = "b, c"];
	q42 -> q3 [label = "a, b, c"];
	q15 -> q13 [label = "b, c"];
	q28 -> q45 [label = "c"];
	q8 -> q12 [label = "a, b, c"];
	q39 -> q41 [label = "b, c"];
	q56 -> q20 [label = "b, c"];
	q11 -> q20 [label = "a, b, c"];
	q54 -> q14 [label = "b"];
	q56 -> q31 [label = "a, b, c"];
	q50 -> q41 [label = "b, c"];
	q6 -> q47 [label = "a, b, c"];
	q26 -> q0 [label = "c"];
	q7 -> q9 [label = "b, c"];
	q52 -> q41 [label = "a"];
	q21 -> q34 [label = "a, b, c"];
	q29 -> q10 [label = "b"];
	q48 -> q11 [label = "b, c"];
	q48 -> q25 [label = "a"];
	q45 -> q4 [label = "c"];
	q42 -> q22 [label = "c"];
	q0 -> q33 [label = "b, c"];
	q10 -> q29 [label = "c"];
	q7 -> q21 [label = "c"];
	q18 -> q46 [label = "a, b, c"];
	q39 -> q17 [label = "b, c"];
	q21 -> q50 [label = "a, b, c"];
	q22 -> q26 [label = "b"];
	q55 -> q54 [label = "b, c"];
	q56 -> q33 [label = "c"];
	q11 -> q47 [label = "a, b, c"];
	q51 -> q1 [label = "c"];
	q23 -> q45 [label = "c"];
	q7 -> q33 [label = "b, c"];
	q27 -> q34 [label = "a, b, c"];
	q17 -> q55 [label = "b, c"];
	q26 -> q22 [label = "c"];
	q55 -> q39 [label = "c"];
	q56 -> q4 [label = "b, c"];
	q28 -> q29 [label = "a, c"];
	q7 -> q15 [label = "b, c"];
	q48 -> q26 [label = "b, c"];
	q37 -> q24 [label = "c"];
	q36 -> q46 [label = "a, b, c"];
	q10 -> q20 [label = "b, c"];
	q23 -> q22 [label = "b, c"];
	q27 -> q51 [label = "b, c"];
	q56 -> q41 [label = "a, b, c"];
	q52 -> q56 [label = "b, c"];
	q44 -> q12 [label = "a, b"];
	q1 -> q22 [label = "c"];
	q51 -> q4 [label = "c"];
	q38 -> q55 [label = "b"];
	q10 -> q45 [label = "a, c"];
	q9 -> q22 [label = "b, c"];
	q52 -> q32 [label = "c"];
	q48 -> q27 [label = "c"];
	q56 -> q8 [label = "b"];
	q18 -> q22 [label = "b, c"];
	q6 -> q6 [label = "b, c"];
	q56 -> q17 [label = "c"];
	q56 -> q13 [label = "b, c"];
	q44 -> q14 [label = "b"];
	q23 -> q4 [label = "c"];
	q56 -> q5 [label = "c"];
	q17 -> q12 [label = "b, c"];
	q34 -> q32 [label = "c"];
	q56 -> q38 [label = "b, c"];
	q33 -> q14 [label = "c"];
	q4 -> q22 [label = "c"];
	q56 -> q39 [label = "c"];
	q56 -> q52 [label = "b, c"];
	q27 -> q12 [label = "b, c"];
	q20 -> q13 [label = "b"];
	q50 -> q12 [label = "b, c"];
	q22 -> q50 [label = "a"];
	q52 -> q46 [label = "b, c"];
	q46 -> q55 [label = "b"];
	q19 -> q55 [label = "b"];
	q11 -> q33 [label = "c"];
	q42 -> q20 [label = "b, c"];
	q37 -> q8 [label = "c"];
	q49 -> q46 [label = "a, b, c"];
	q48 -> q15 [label = "b, c"];
	q42 -> q46 [label = "b, c"];
	q17 -> q17 [label = "c"];
	q52 -> q47 [label = "a, b, c"];
	q56 -> q36 [label = "c"];
	q56 -> q44 [label = "b, c"];
	q25 -> q11 [label = "b"];
	q11 -> q4 [label = "b, c"];
	q50 -> q30 [label = "c"];
	q56 -> q14 [label = "c"];
	q17 -> q13 [label = "b, c"];
	q56 -> q47 [label = "a, b, c"];
	q10 -> q13 [label = "a, b, c"];
	q21 -> q54 [label = "a, b, c"];
	q42 -> q4 [label = "c"];
	q55 -> q40 [label = "c"];
	q7 -> q17 [label = "b, c"];
	q10 -> q35 [label = "a, b, c"];
	q19 -> q0 [label = "c"];
	q15 -> q30 [label = "c"];
	q7 -> q49 [label = "b, c"];
	q51 -> q22 [label = "c"];
	q6 -> q25 [label = "b, c"];
	q5 -> q4 [label = "c"];
	q49 -> q27 [label = "c"];
	q45 -> q52 [label = "c"];
	q18 -> q40 [label = "c"];
	q48 -> q24 [label = "b, c"];
	q27 -> q40 [label = "c"];
	q44 -> q20 [label = "b"];
	q18 -> q54 [label = "b"];
	q6 -> q35 [label = "a, b, c"];
	q4 -> q52 [label = "c"];
	q44 -> q46 [label = "a, b, c"];
	q23 -> q55 [label = "c"];
	q49 -> q2 [label = "a, b, c"];
	q23 -> q2 [label = "a, b, c"];
	q40 -> q56 [label = "b, c"];
	q18 -> q55 [label = "b, c"];
	q42 -> q29 [label = "c"];
	q16 -> q54 [label = "b, c"];
	q56 -> q12 [label = "b, c"];
	q18 -> q41 [label = "b, c"];
	q44 -> q8 [label = "b"];
	q31 -> q20 [label = "b"];
	q11 -> q43 [label = "a, b, c"];
	q45 -> q0 [label = "c"];
	q56 -> q49 [label = "b"];
	q50 -> q46 [label = "b, c"];
	q8 -> q47 [label = "a, b, c"];
	q17 -> q41 [label = "a, b, c"];
	q44 -> q53 [label = "b"];
	q17 -> q4 [label = "c"];
	q26 -> q26 [label = "b"];
	q45 -> q26 [label = "b"];
	q8 -> q19 [label = "a, b, c"];
	q11 -> q1 [label = "b, c"];
	q5 -> q29 [label = "b, c"];
	q1 -> q31 [label = "a"];
	q48 -> q46 [label = "a, b, c"];
	q45 -> q31 [label = "b"];
	q49 -> q51 [label = "a"];
	q52 -> q33 [label = "b, c"];
	q40 -> q4 [label = "b"];
	q43 -> q0 [label = "c"];
	q20 -> q38 [label = "c"];
	q24 -> q26 [label = "b, c"];
	q21 -> q15 [label = "b"];
	q12 -> q46 [label = "a, b"];
	q42 -> q32 [label = "b, c"];
	q42 -> q18 [label = "b"];
	q21 -> q25 [label = "a, c"];
	q1 -> q46 [label = "b, c"];
	q38 -> q10 [label = "b"];
	q56 -> q45 [label = "b, c"];
	q31 -> q3 [label = "c"];
	q48 -> q19 [label = "a, b, c"];
	q16 -> q2 [label = "a, b, c"];
	q17 -> q22 [label = "b, c"];
	q56 -> q35 [label = "a, b, c"];
	q34 -> q38 [label = "c"];
	q7 -> q46 [label = "a, b, c"];
	q9 -> q20 [label = "b, c"];
	q49 -> q45 [label = "a"];
	q23 -> q47 [label = "a, b, c"];
	q5 -> q46 [label = "a, b, c"];
	q51 -> q55 [label = "b"];
	q49 -> q52 [label = "c"];
	q17 -> q21 [label = "c"];
	q21 -> q45 [label = "a, b, c"];
	q39 -> q34 [label = "b"];
	q21 -> q30 [label = "b, c"];
	q8 -> q29 [label = "b, c"];
	q48 -> q14 [label = "b, c"];
	q55 -> q0 [label = "c"];
	q33 -> q30 [label = "b, c"];
	q11 -> q46 [label = "a, b, c"];
	q21 -> q17 [label = "c"];
	q36 -> q29 [label = "b, c"];
	q11 -> q50 [label = "a, b, c"];
	q11 -> q5 [label = "b, c"];
	q28 -> q35 [label = "b, c"];
	q7 -> q42 [label = "b, c"];
	q40 -> q47 [label = "a, b, c"];
	q55 -> q22 [label = "c"];
	q5 -> q40 [label = "c"];
	q17 -> q0 [label = "b, c"];
	q23 -> q50 [label = "b, c"];
	q10 -> q30 [label = "c"];
	q20 -> q46 [label = "b, c"];
	q54 -> q0 [label = "c"];
	q21 -> q13 [label = "a, b, c"];
	q16 -> q0 [label = "c"];
	q43 -> q20 [label = "b"];
	q55 -> q19 [label = "b"];
	q8 -> q1 [label = "c"];
	q10 -> q36 [label = "c"];
	q27 -> q17 [label = "c"];
	q48 -> q43 [label = "a, b, c"];
	q44 -> q54 [label = "a, b"];
	q8 -> q36 [label = "c"];
	q8 -> q27 [label = "c"];
	q20 -> q3 [label = "b, c"];
	q21 -> q23 [label = "a, c"];
	q23 -> q19 [label = "a, b, c"];
	q39 -> q51 [label = "b, c"];
	q55 -> q43 [label = "c"];
	q3 -> q55 [label = "b"];
	q10 -> q10 [label = "b"];
	q55 -> q44 [label = "c"];
	q28 -> q2 [label = "a, b, c"];
	q54 -> q3 [label = "c"];
	q23 -> q44 [label = "c"];
	q55 -> q50 [label = "c"];
	q27 -> q36 [label = "c"];
	q11 -> q32 [label = "a, b, c"];
	q40 -> q20 [label = "b, c"];
	q18 -> q2 [label = "a, b, c"];
	q43 -> q46 [label = "b, c"];
	q55 -> q52 [label = "c"];
	q39 -> q46 [label = "a, b, c"];
	q10 -> q40 [label = "c"];
	q29 -> q54 [label = "a, c"];
	q11 -> q19 [label = "a, b, c"];
	q16 -> q3 [label = "c"];
	q51 -> q52 [label = "c"];
	q51 -> q46 [label = "a, b"];
	q48 -> q21 [label = "b, c"];
	q48 -> q30 [label = "b, c"];
	q1 -> q20 [label = "b, c"];
	q7 -> q5 [label = "c"];
	q26 -> q12 [label = "b, c"];
	q6 -> q29 [label = "b, c"];
	q23 -> q26 [label = "b, c"];
	q4 -> q20 [label = "b, c"];
	q29 -> q14 [label = "b"];
	q17 -> q6 [label = "c"];
	q49 -> q21 [label = "b"];
	q0 -> q56 [label = "b, c"];
	q53 -> q46 [label = "a, b"];
	q53 -> q0 [label = "c"];
	q39 -> q56 [label = "b, c"];
	q15 -> q2 [label = "a, b, c"];
	q18 -> q3 [label = "b, c"];
	q48 -> q41 [label = "a, b, c"];
	q18 -> q0 [label = "b, c"];
	q48 -> q12 [label = "a, b, c"];
	q48 -> q31 [label = "a, b, c"];
	q50 -> q31 [label = "b"];
	q31 -> q47 [label = "a, b, c"];
	q53 -> q3 [label = "c"];
	q44 -> q10 [label = "b"];
	q11 -> q12 [label = "a, b, c"];
	q39 -> q14 [label = "b, c"];
	q12 -> q35 [label = "a, b, c"];
	q1 -> q18 [label = "a"];
	q13 -> q47 [label = "a, b, c"];
	q53 -> q4 [label = "c"];
	q24 -> q12 [label = "a, b, c"];
	q53 -> q22 [label = "c"];
	q22 -> q46 [label = "b, c"];
	q9 -> q52 [label = "b, c"];
	q53 -> q30 [label = "c"];
	q9 -> q29 [label = "a, b, c"];
	q8 -> q40 [label = "c"];
	q48 -> q9 [label = "c"];
	q7 -> q47 [label = "a, b, c"];
	q37 -> q38 [label = "a, b, c"];
	q34 -> q24 [label = "b"];
	q1 -> q36 [label = "b"];
	q17 -> q56 [label = "c"];
	q42 -> q51 [label = "b, c"];
	q39 -> q0 [label = "b, c"];
	q51 -> q20 [label = "b"];
	q5 -> q3 [label = "a, b, c"];
	q45 -> q8 [label = "b"];
	q37 -> q43 [label = "b, c"];
	q51 -> q56 [label = "b"];
	q37 -> q42 [label = "c"];
	q15 -> q56 [label = "b, c"];
	q21 -> q43 [label = "a, b, c"];
	q20 -> q54 [label = "b, c"];
	q5 -> q42 [label = "b, c"];
	q20 -> q50 [label = "c"];
	q13 -> q46 [label = "b, c"];
	q42 -> q12 [label = "b, c"];
	q5 -> q55 [label = "b, c"];
	q24 -> q35 [label = "a, b, c"];
	q56 -> q23 [label = "a, c"];
	q25 -> q50 [label = "b, c"];
	q49 -> q25 [label = "a"];
	q49 -> q41 [label = "a"];
	q50 -> q54 [label = "b"];
	q16 -> q43 [label = "c"];
	q0 -> q35 [label = "a, b, c"];
	q49 -> q53 [label = "a"];
	q54 -> q17 [label = "b"];
	q13 -> q32 [label = "c"];
	q21 -> q56 [label = "c"];
	q55 -> q1 [label = "c"];
	q6 -> q42 [label = "b, c"];
	q19 -> q46 [label = "b"];
	q2 -> q20 [label = "b"];
	q54 -> q26 [label = "b"];
	q8 -> q17 [label = "b, c"];
	q21 -> q18 [label = "a, c"];
	q17 -> q28 [label = "c"];
	q48 -> q0 [label = "b, c"];
	q36 -> q13 [label = "a, b, c"];
	q48 -> q8 [label = "b, c"];
	q18 -> q23 [label = "b, c"];
	q43 -> q31 [label = "a, b"];
	q7 -> q45 [label = "a, b, c"];
	q22 -> q0 [label = "c"];
	q48 -> q10 [label = "b, c"];
	q48 -> q34 [label = "a, b, c"];
	q52 -> q52 [label = "c"];
	q15 -> q3 [label = "a, b, c"];
	q42 -> q43 [label = "b, c"];
	q48 -> q13 [label = "a, b, c"];
	q16 -> q35 [label = "b, c"];
	q17 -> q29 [label = "c"];
	q55 -> q41 [label = "a, b, c"];
	q5 -> q30 [label = "c"];
	q55 -> q15 [label = "b"];
	q24 -> q5 [label = "b, c"];
	q48 -> q17 [label = "c"];
	q28 -> q16 [label = "b, c"];
	q48 -> q18 [label = "a, b, c"];
	q52 -> q17 [label = "c"];
	q56 -> q32 [label = "b, c"];
	q9 -> q26 [label = "b, c"];
	q20 -> q19 [label = "b"];
	q9 -> q33 [label = "b, c"];
	q21 -> q16 [label = "a, b, c"];
	q17 -> q19 [label = "b, c"];
	q15 -> q34 [label = "c"];
	q49 -> q56 [label = "b, c"];
	q5 -> q37 [label = "c"];
	q25 -> q20 [label = "b, c"];
	q27 -> q32 [label = "b, c"];
	q48 -> q28 [label = "b, c"];
	q47 -> q46 [label = "b"];
	q49 -> q50 [label = "a, c"];
	q3 -> q2 [label = "a, b, c"];
	q25 -> q15 [label = "b"];
	q28 -> q22 [label = "b, c"];
	q55 -> q26 [label = "b"];
	q54 -> q47 [label = "a, b, c"];
	q17 -> q50 [label = "b, c"];
	q48 -> q29 [label = "a, c"];
	q29 -> q49 [label = "c"];
	q11 -> q14 [label = "c"];
	q44 -> q15 [label = "b"];
	q48 -> q23 [label = "a, b, c"];
	q50 -> q16 [label = "b"];
	q32 -> q12 [label = "b, c"];
	q17 -> q42 [label = "c"];
	q1 -> q32 [label = "c"];
	q56 -> q22 [label = "b, c"];
	q48 -> q32 [label = "a, b, c"];
	q56 -> q25 [label = "c"];
	q53 -> q1 [label = "c"];
	q54 -> q52 [label = "c"];
	q2 -> q55 [label = "b"];
	q48 -> q36 [label = "b, c"];
	q54 -> q20 [label = "b"];
	q54 -> q35 [label = "a, b, c"];
	q3 -> q35 [label = "a, b, c"];
	q17 -> q18 [label = "c"];
	q55 -> q35 [label = "a, b, c"];
	q55 -> q38 [label = "c"];
	q49 -> q11 [label = "b"];
	q32 -> q3 [label = "b, c"];
	q4 -> q0 [label = "c"];
	q30 -> q26 [label = "b, c"];
	q17 -> q47 [label = "a, b, c"];
	q45 -> q19 [label = "b"];
	q44 -> q35 [label = "a, b, c"];
	q48 -> q42 [label = "a, b, c"];
	q10 -> q38 [label = "b, c"];
	q6 -> q2 [label = "a, b, c"];
	q0 -> q20 [label = "b, c"];
	q52 -> q0 [label = "c"];
	q49 -> q26 [label = "b, c"];
	q9 -> q4 [label = "b, c"];
	q23 -> q23 [label = "b, c"];
	q5 -> q1 [label = "c"];
	q48 -> q40 [label = "b, c"];
	q10 -> q42 [label = "b"];
	q48 -> q47 [label = "a, b, c"];
	q18 -> q16 [label = "b, c"];
	q56 -> q54 [label = "b, c"];
	q6 -> q50 [label = "a, b, c"];
	q10 -> q28 [label = "b"];
	q48 -> q49 [label = "b, c"];
	q0 -> q17 [label = "c"];
	q48 -> q50 [label = "a, b, c"];
	q48 -> q52 [label = "b, c"];
	q48 -> q55 [label = "b, c"];
	q55 -> q47 [label = "a, b, c"];
	q10 -> q33 [label = "b, c"];
	q5 -> q47 [label = "a, b, c"];
	q23 -> q35 [label = "b, c"];
	q9 -> q0 [label = "b, c"];
	q9 -> q7 [label = "b, c"];
	q5 -> q36 [label = "b, c"];
	q52 -> q22 [label = "c"];
	q49 -> q35 [label = "a, b, c"];
	q56 -> q53 [label = "b, c"];
	q48 -> q56 [label = "b, c"];
	q48 -> q44 [label = "a, b, c"];
	q50 -> q13 [label = "b"];
	q14 -> q37 [label = "c"];
	q55 -> q31 [label = "a, b"];
	q13 -> q22 [label = "c"];
	q48 -> q20 [label = "b, c"];
	q49 -> q18 [label = "a"];
	q50 -> q14 [label = "b"];
	q37 -> q44 [label = "b, c"];
	q16 -> q47 [label = "a, b, c"];
	q21 -> q27 [label = "c"];
	q6 -> q4 [label = "b, c"];
	q21 -> q33 [label = "c"];
	q43 -> q53 [label = "a, b"];
	q5 -> q10 [label = "b, c"];
	q6 -> q34 [label = "a, b, c"];
	q21 -> q36 [label = "c"];
	q9 -> q1 [label = "b, c"];
	q21 -> q37 [label = "c"];
	q21 -> q39 [label = "c"];
	q11 -> q45 [label = "a, b, c"];
	q52 -> q1 [label = "c"];
	q21 -> q40 [label = "c"];
	q25 -> q27 [label = "b"];
	q43 -> q40 [label = "c"];
	q16 -> q4 [label = "c"];
	q27 -> q23 [label = "a, c"];
	q14 -> q2 [label = "b, c"];
	q37 -> q41 [label = "b, c"];
	q16 -> q12 [label = "a, c"];
	q16 -> q22 [label = "c"];
	q16 -> q30 [label = "c"];
	q26 -> q31 [label = "b"];
	q16 -> q38 [label = "c"];
	q54 -> q30 [label = "c"];
	q16 -> q44 [label = "c"];
	q16 -> q46 [label = "a, b, c"];
	q16 -> q52 [label = "c"];
	q32 -> q33 [label = "b"];
	q22 -> q2 [label = "b, c"];
	q55 -> q30 [label = "c"];
	q0 -> q46 [label = "b, c"];
	q29 -> q41 [label = "a, b, c"];
	q22 -> q14 [label = "b"];
	q22 -> q20 [label = "b"];
	q5 -> q31 [label = "a, b, c"];
	q22 -> q33 [label = "b"];
	q8 -> q2 [label = "a, b, c"];
	q22 -> q36 [label = "b"];
	q49 -> q20 [label = "b, c"];
	q7 -> q52 [label = "b, c"];
	q22 -> q55 [label = "b"];
	q40 -> q34 [label = "b"];
	q49 -> q19 [label = "a"];
	q16 -> q13 [label = "b"];
	q16 -> q16 [label = "b"];
	q5 -> q41 [label = "a, b, c"];
	q16 -> q26 [label = "b"];
	q6 -> q53 [label = "b, c"];
	q42 -> q14 [label = "b"];
	q16 -> q31 [label = "b"];
	q15 -> q15 [label = "b"];
	q16 -> q42 [label = "b"];
	q13 -> q10 [label = "b"];
	q5 -> q7 [label = "c"];
	q52 -> q55 [label = "b, c"];
	q22 -> q22 [label = "c"];
	q22 -> q37 [label = "c"];
	q18 -> q10 [label = "b"];
	q20 -> q53 [label = "b"];
	q18 -> q14 [label = "b"];
	q18 -> q15 [label = "b"];
	q33 -> q38 [label = "b, c"];
	q12 -> q55 [label = "b"];
	q15 -> q14 [label = "b, c"];
	q32 -> q35 [label = "a, b, c"];
	q18 -> q24 [label = "b"];
	q3 -> q33 [label = "b"];
	q18 -> q26 [label = "b"];
	q18 -> q28 [label = "b"];
	q18 -> q33 [label = "b"];
	q5 -> q18 [label = "c"];
	q3 -> q47 [label = "a, b, c"];
	q18 -> q42 [label = "b"];
	q20 -> q4 [label = "c"];
	q5 -> q32 [label = "a, c"];
	q11 -> q52 [label = "b, c"];
	q23 -> q41 [label = "b, c"];
	q20 -> q22 [label = "c"];
	q25 -> q52 [label = "b, c"];
	q7 -> q20 [label = "b, c"];
	q20 -> q30 [label = "c"];
	q20 -> q47 [label = "a, b, c"];
	q6 -> q31 [label = "a, b, c"];
	q20 -> q39 [label = "c"];
	q20 -> q40 [label = "c"];
	q20 -> q43 [label = "c"];
	q10 -> q26 [label = "b, c"];
	q15 -> q19 [label = "a, b, c"];
	q15 -> q31 [label = "a, b, c"];
	q11 -> q26 [label = "a, b, c"];
	q8 -> q45 [label = "a, b, c"];
	q15 -> q41 [label = "a, b, c"];
	q3 -> q0 [label = "c"];
	q42 -> q45 [label = "c"];
	q15 -> q47 [label = "a, b, c"];
	q6 -> q26 [label = "a, b, c"];
	q53 -> q33 [label = "b"];
	q15 -> q53 [label = "a, b, c"];
	q49 -> q31 [label = "a"];
	q7 -> q27 [label = "c"];
	q20 -> q2 [label = "b, c"];
	q13 -> q2 [label = "a, b, c"];
	q25 -> q18 [label = "b, c"];
	q6 -> q10 [label = "b, c"];
	q13 -> q3 [label = "a, b, c"];
	q40 -> q17 [label = "c"];
	q13 -> q12 [label = "b, c"];
	q40 -> q53 [label = "b, c"];
	q13 -> q13 [label = "b"];
	q6 -> q20 [label = "a, b, c"];
	q8 -> q53 [label = "a, b, c"];
	q13 -> q19 [label = "b"];
	q10 -> q44 [label = "a, c"];
	q56 -> q55 [label = "b, c"];
	q48 -> q54 [label = "a, b, c"];
	q13 -> q20 [label = "b"];
	q30 -> q50 [label = "a, c"];
	q0 -> q2 [label = "b, c"];
	q6 -> q41 [label = "a, b, c"];
	q2 -> q46 [label = "b"];
	q13 -> q31 [label = "b"];
	q15 -> q42 [label = "b"];
	q31 -> q2 [label = "a, b, c"];
	q13 -> q35 [label = "a, b, c"];
	q38 -> q30 [label = "c"];
	q13 -> q41 [label = "a, b, c"];
	q27 -> q46 [label = "b, c"];
	q5 -> q16 [label = "b, c"];
	q46 -> q3 [label = "c"];
	q38 -> q33 [label = "b"];
	q36 -> q20 [label = "a, b, c"];
	q13 -> q55 [label = "b"];
	q11 -> q2 [label = "a, b, c"];
	q7 -> q1 [label = "b, c"];
	q5 -> q38 [label = "c"];
	q40 -> q26 [label = "b, c"];
	q11 -> q13 [label = "a, b, c"];
	q11 -> q18 [label = "a, c"];
	q10 -> q6 [label = "c"];
	q11 -> q22 [label = "b, c"];
	q11 -> q23 [label = "a, c"];
	q11 -> q27 [label = "c"];
	q55 -> q55 [label = "b"];
	q11 -> q29 [label = "a, b, c"];
	q25 -> q51 [label = "b, c"];
	q7 -> q29 [label = "a, b, c"];
	q15 -> q44 [label = "c"];
	q0 -> q37 [label = "c"];
	q11 -> q30 [label = "b, c"];
	q9 -> q16 [label = "a, b, c"];
	q52 -> q31 [label = "a"];
	q11 -> q31 [label = "a, b, c"];
	q30 -> q56 [label = "b, c"];
	q11 -> q35 [label = "a, b, c"];
	q11 -> q36 [label = "c"];
	q11 -> q38 [label = "a, b, c"];
	q11 -> q55 [label = "a, b, c"];
	q11 -> q6 [label = "c"];
	q11 -> q39 [label = "c"];
	q24 -> q34 [label = "a, b, c"];
	q48 -> q51 [label = "a, c"];
	q11 -> q40 [label = "c"];
	q13 -> q43 [label = "c"];
	q11 -> q41 [label = "a, b, c"];
	q17 -> q51 [label = "b, c"];
	q11 -> q44 [label = "a, b, c"];
	q11 -> q51 [label = "a, b, c"];
	q11 -> q56 [label = "c"];
	q14 -> q16 [label = "a, b, c"];
	q14 -> q31 [label = "a, b, c"];
	q55 -> q2 [label = "b, c"];
	q54 -> q22 [label = "c"];
	q14 -> q35 [label = "a, b, c"];
	q14 -> q41 [label = "a, b, c"];
	q37 -> q19 [label = "b, c"];
	q14 -> q47 [label = "a, b, c"];
	q36 -> q2 [label = "a, b, c"];
	q24 -> q47 [label = "a, b, c"];
	q12 -> q3 [label = "c"];
	q12 -> q2 [label = "a, b, c"];
	q12 -> q14 [label = "b"];
	q33 -> q50 [label = "b, c"];
	q8 -> q41 [label = "a, b, c"];
	q55 -> q13 [label = "b"];
	q12 -> q20 [label = "b"];
	q53 -> q47 [label = "a, b, c"];
	q56 -> q40 [label = "c"];
	q12 -> q47 [label = "a, b, c"];
	q12 -> q56 [label = "b"];
	q10 -> q1 [label = "b, c"];
	q42 -> q13 [label = "b, c"];
	q6 -> q7 [label = "b, c"];
	q10 -> q2 [label = "a, b, c"];
	q10 -> q3 [label = "a, b, c"];
	q38 -> q51 [label = "a"];
	q10 -> q12 [label = "a, b, c"];
	q10 -> q14 [label = "b, c"];
	q56 -> q19 [label = "b, c"];
	q10 -> q16 [label = "a, b, c"];
	q6 -> q18 [label = "a, b, c"];
	q10 -> q17 [label = "c"];
	q10 -> q18 [label = "b, c"];
	q17 -> q46 [label = "b, c"];
	q10 -> q19 [label = "a, b, c"];
	q0 -> q47 [label = "a, b, c"];
	q10 -> q22 [label = "b, c"];
	q10 -> q23 [label = "b, c"];
	q8 -> q22 [label = "c"];
	q14 -> q1 [label = "b, c"];
	q10 -> q31 [label = "a, b, c"];
	q10 -> q32 [label = "b, c"];
	q7 -> q10 [label = "b, c"];
	q7 -> q55 [label = "b, c"];
	q10 -> q37 [label = "c"];
	q10 -> q39 [label = "c"];
	q27 -> q4 [label = "b, c"];
	q6 -> q30 [label = "b, c"];
	q10 -> q43 [label = "b, c"];
	q10 -> q51 [label = "c"];
	q24 -> q23 [label = "b, c"];
	q10 -> q47 [label = "a, b, c"];
	q10 -> q52 [label = "b, c"];
	q37 -> q6 [label = "b, c"];
	q14 -> q14 [label = "c"];
	q16 -> q33 [label = "b"];
	q6 -> q13 [label = "a, b, c"];
	q10 -> q54 [label = "b, c"];
	q10 -> q55 [label = "b, c"];
	q18 -> q30 [label = "c"];
	q10 -> q56 [label = "b, c"];
	q15 -> q8 [label = "b"];
	q25 -> q2 [label = "a, b, c"];
	q20 -> q20 [label = "b"];
	q15 -> q9 [label = "b"];
	q15 -> q16 [label = "b, c"];
	q18 -> q38 [label = "b, c"];
	q23 -> q53 [label = "c"];
	q15 -> q17 [label = "b, c"];
	q15 -> q20 [label = "b, c"];
	q15 -> q26 [label = "b, c"];
	q38 -> q13 [label = "b"];
	q9 -> q36 [label = "c"];
	q20 -> q41 [label = "a, b, c"];
	q15 -> q33 [label = "b, c"];
	q41 -> q0 [label = "c"];
	q21 -> q29 [label = "a, b, c"];
	q56 -> q51 [label = "c"];
	q15 -> q51 [label = "b, c"];
	q5 -> q51 [label = "a, b, c"];
	q7 -> q34 [label = "a, b, c"];
	q15 -> q55 [label = "b, c"];
	q9 -> q2 [label = "a, b, c"];
	q9 -> q5 [label = "c"];
	q19 -> q47 [label = "a, b, c"];
	q6 -> q39 [label = "b, c"];
	q9 -> q8 [label = "b, c"];
	q9 -> q10 [label = "b, c"];
	q23 -> q46 [label = "a, b, c"];
	q15 -> q10 [label = "b"];
	q9 -> q11 [label = "c"];
	q45 -> q56 [label = "b"];
	q19 -> q2 [label = "a, b, c"];
	q9 -> q25 [label = "c"];
	q36 -> q50 [label = "a, b, c"];
	q9 -> q12 [label = "a, b, c"];
	q7 -> q11 [label = "c"];
	q50 -> q53 [label = "b"];
	q9 -> q15 [label = "b, c"];
	q9 -> q18 [label = "a, b, c"];
	q49 -> q54 [label = "a"];
	q3 -> q22 [label = "c"];
	q37 -> q50 [label = "a, b, c"];
	q22 -> q47 [label = "a, b, c"];
	q9 -> q21 [label = "c"];
	q55 -> q32 [label = "c"];
	q9 -> q24 [label = "c"];
	q9 -> q27 [label = "c"];
	q9 -> q3 [label = "a, b, c"];
	q53 -> q2 [label = "a, b, c"];
	q6 -> q15 [label = "b, c"];
	q38 -> q19 [label = "a, b"];
	q7 -> q41 [label = "a, b, c"];
	q9 -> q28 [label = "b, c"];
	q11 -> q0 [label = "b, c"];
	q9 -> q30 [label = "b, c"];
	q9 -> q14 [label = "b, c"];
	q9 -> q34 [label = "a, b, c"];
	q9 -> q51 [label = "a, b, c"];
	q9 -> q35 [label = "a, b, c"];
	q9 -> q23 [label = "a, b, c"];
	q9 -> q38 [label = "b, c"];
	q31 -> q35 [label = "b, c"];
	q9 -> q40 [label = "b, c"];
	q41 -> q47 [label = "a, b, c"];
	q26 -> q13 [label = "b"];
	q9 -> q41 [label = "a, b, c"];
	q9 -> q42 [label = "b, c"];
	q28 -> q3 [label = "c"];
	q9 -> q43 [label = "b, c"];
	q33 -> q18 [label = "c"];
	q9 -> q44 [label = "a, b, c"];
	q23 -> q24 [label = "b"];
	q4 -> q35 [label = "a, b, c"];
	q7 -> q12 [label = "a, b, c"];
	q33 -> q26 [label = "b, c"];
	q50 -> q3 [label = "b, c"];
	q9 -> q46 [label = "a, b, c"];
	q28 -> q55 [label = "c"];
	q9 -> q47 [label = "a, b, c"];
	q9 -> q48 [label = "c"];
	q9 -> q49 [label = "b, c"];
	q9 -> q50 [label = "a, b, c"];
	q9 -> q55 [label = "b, c"];
	q26 -> q47 [label = "a, b, c"];
	q3 -> q20 [label = "b"];
	q39 -> q36 [label = "b"];
	q25 -> q41 [label = "b, c"];
	q49 -> q55 [label = "b, c"];
	q9 -> q56 [label = "b, c"];
	q3 -> q1 [label = "c"];
	q3 -> q52 [label = "c"];
	q33 -> q20 [label = "b, c"];
	q5 -> q2 [label = "a, b, c"];
	q38 -> q26 [label = "b"];
	q5 -> q8 [label = "b, c"];
	q5 -> q9 [label = "b, c"];
	q5 -> q13 [label = "b, c"];
	q36 -> q38 [label = "a, b, c"];
	q5 -> q14 [label = "b, c"];
	q5 -> q15 [label = "b, c"];
	q39 -> q5 [label = "b"];
	q13 -> q50 [label = "c"];
	q23 -> q13 [label = "a, b, c"];
	q44 -> q31 [label = "b"];
	q5 -> q17 [label = "b, c"];
	q56 -> q56 [label = "c"];
	q5 -> q19 [label = "a, b, c"];
	q26 -> q2 [label = "b, c"];
	q11 -> q25 [label = "c"];
	q5 -> q20 [label = "b, c"];
	q4 -> q56 [label = "b, c"];
	q5 -> q27 [label = "b"];
	q5 -> q35 [label = "a, b, c"];
	q5 -> q44 [label = "b, c"];
	q8 -> q13 [label = "b, c"];
	q18 -> q18 [label = "b, c"];
	q49 -> q1 [label = "c"];
	q5 -> q45 [label = "b, c"];
	q19 -> q22 [label = "c"];
	q10 -> q53 [label = "a, b, c"];
	q1 -> q17 [label = "c"];
	q5 -> q54 [label = "a, b, c"];
	q16 -> q19 [label = "b"];
	q6 -> q40 [label = "b, c"];
	q5 -> q56 [label = "b, c"];
	q15 -> q0 [label = "c"];
	q7 -> q40 [label = "b, c"];
	q7 -> q13 [label = "a, b, c"];
	q55 -> q20 [label = "b"];
	q7 -> q18 [label = "a, b, c"];
	q7 -> q19 [label = "a, b, c"];
	q7 -> q23 [label = "a, b, c"];
	q7 -> q35 [label = "a, b, c"];
	q42 -> q23 [label = "b"];
	q27 -> q49 [label = "b, c"];
	q23 -> q40 [label = "c"];
	q6 -> q51 [label = "b, c"];
	q36 -> q40 [label = "c"];
	q7 -> q44 [label = "a, b, c"];
	q23 -> q51 [label = "c"];
	q7 -> q50 [label = "a, b, c"];
	q7 -> q53 [label = "a, b, c"];
	q24 -> q22 [label = "b, c"];
	q7 -> q54 [label = "a, b, c"];
	q27 -> q47 [label = "a, b, c"];
	q15 -> q39 [label = "c"];
	q8 -> q20 [label = "b, c"];
	q6 -> q21 [label = "b, c"];
	q2 -> q2 [label = "b, c"];
	q39 -> q22 [label = "b, c"];
	q2 -> q35 [label = "a, b, c"];
	q15 -> q54 [label = "b, c"];
	q4 -> q2 [label = "a, b, c"];
	q4 -> q11 [label = "b"];
	q15 -> q12 [label = "a, b, c"];
	q4 -> q14 [label = "b, c"];
	q16 -> q41 [label = "b, c"];
	q4 -> q26 [label = "b, c"];
	q34 -> q33 [label = "b"];
	q14 -> q4 [label = "c"];
	q4 -> q33 [label = "b, c"];
	q1 -> q0 [label = "c"];
	q4 -> q46 [label = "a, b, c"];
	q4 -> q55 [label = "b, c"];
	q6 -> q16 [label = "a, b, c"];
	q37 -> q28 [label = "c"];
	q6 -> q19 [label = "a, b, c"];
	q51 -> q47 [label = "a, b, c"];
	q6 -> q38 [label = "a, b, c"];
	q6 -> q54 [label = "a, b, c"];
	q9 -> q39 [label = "c"];
	q17 -> q37 [label = "c"];
	q1 -> q1 [label = "c"];
	q1 -> q2 [label = "b, c"];
	q17 -> q36 [label = "c"];
	q11 -> q37 [label = "c"];
	q1 -> q26 [label = "b, c"];
	q1 -> q27 [label = "c"];
	q1 -> q35 [label = "a, b, c"];
	q4 -> q51 [label = "a"];
	q0 -> q26 [label = "b, c"];
	q4 -> q36 [label = "b"];
	q1 -> q37 [label = "c"];
	q1 -> q52 [label = "c"];
	q32 -> q16 [label = "b"];
	q1 -> q55 [label = "b, c"];
	q7 -> q0 [label = "b, c"];
	q7 -> q4 [label = "b, c"];
	q17 -> q23 [label = "c"];
	q7 -> q7 [label = "b, c"];
	q7 -> q8 [label = "b, c"];
	q7 -> q22 [label = "b, c"];
	q7 -> q30 [label = "b, c"];
	q8 -> q18 [label = "a, c"];
	q56 -> q16 [label = "a, b, c"];
	q7 -> q56 [label = "b, c"];
	q3 -> q46 [label = "a, b"];
	q1 -> q21 [label = "b"];
	q47 -> q35 [label = "b, c"];
	q44 -> q52 [label = "c"];
	q7 -> q24 [label = "c"];
	q13 -> q53 [label = "b"];
	q1 -> q41 [label = "a"];
	q37 -> q51 [label = "b, c"];
	q7 -> q36 [label = "c"];
	q7 -> q37 [label = "c"];
	q14 -> q54 [label = "b, c"];
	q48 -> q38 [label = "b, c"];
	q6 -> q56 [label = "b, c"];
	q43 -> q24 [label = "b"];
	q27 -> q21 [label = "c"];
	q50 -> q10 [label = "b"];
	q10 -> q0 [label = "b, c"];
	q1 -> q33 [label = "b, c"];
	q7 -> q48 [label = "c"];
	q27 -> q28 [label = "a, c"];
	q3 -> q14 [label = "b"];
	q39 -> q4 [label = "b"];
	q12 -> q30 [label = "c"];
	q15 -> q46 [label = "a, b, c"];
	q3 -> q26 [label = "b"];
	q37 -> q2 [label = "b, c"];
	q5 -> q0 [label = "c"];
	q37 -> q34 [label = "b, c"];
	q14 -> q12 [label = "b, c"];
	q55 -> q8 [label = "b"];
	q5 -> q21 [label = "c"];
	q5 -> q22 [label = "c"];
	q5 -> q23 [label = "c"];
	q33 -> q44 [label = "b, c"];
	q5 -> q28 [label = "c"];
	q37 -> q40 [label = "b, c"];
	q34 -> q19 [label = "a, b"];
	q5 -> q39 [label = "c"];
	q5 -> q43 [label = "c"];
	q50 -> q40 [label = "c"];
	q5 -> q52 [label = "c"];
	q56 -> q29 [label = "c"];
	q4 -> q12 [label = "a"];
	q4 -> q31 [label = "a"];
	q48 -> q2 [label = "a, b, c"];
	q4 -> q50 [label = "a, c"];
	q4 -> q54 [label = "a"];
	q0 -> q0 [label = "c"];
	q12 -> q41 [label = "c"];
	q0 -> q1 [label = "c"];
	q0 -> q14 [label = "b, c"];
	q28 -> q4 [label = "c"];
	q0 -> q32 [label = "c"];
	q39 -> q47 [label = "a, b, c"];
	q0 -> q50 [label = "a, c"];
	q30 -> q32 [label = "a, c"];
	q49 -> q12 [label = "a"];
	q0 -> q52 [label = "c"];
	q7 -> q3 [label = "a, b, c"];
	q6 -> q0 [label = "b, c"];
	q23 -> q38 [label = "b, c"];
	q6 -> q1 [label = "b, c"];
	q14 -> q5 [label = "c"];
	q17 -> q38 [label = "b, c"];
	q6 -> q3 [label = "b, c"];
	q6 -> q5 [label = "b, c"];
	q6 -> q8 [label = "b, c"];
	q37 -> q17 [label = "b, c"];
	q48 -> q48 [label = "c"];
	q6 -> q12 [label = "b, c"];
	q6 -> q14 [label = "b, c"];
	q56 -> q27 [label = "c"];
	q6 -> q33 [label = "b, c"];
	q14 -> q38 [label = "b, c"];
	q4 -> q19 [label = "a"];
	q6 -> q36 [label = "b, c"];
	q6 -> q44 [label = "b, c"];
	q5 -> q53 [label = "a, b, c"];
	q1 -> q50 [label = "a, c"];
	q6 -> q52 [label = "b, c"];
	q6 -> q55 [label = "b, c"];
	q38 -> q0 [label = "c"];
	q26 -> q55 [label = "b"];
	q0 -> q36 [label = "b"];
	q39 -> q39 [label = "b, c"];
	q4 -> q1 [label = "c"];
	q36 -> q41 [label = "a, b, c"];
	q4 -> q17 [label = "c"];
	q34 -> q16 [label = "b"];
	q42 -> q55 [label = "b, c"];
	q4 -> q37 [label = "c"];
	q38 -> q35 [label = "b, c"];
	q53 -> q20 [label = "b"];
	q12 -> q0 [label = "c"];
	q6 -> q22 [label = "b, c"];
	q12 -> q1 [label = "c"];
	q12 -> q52 [label = "c"];
	q10 -> q34 [label = "b, c"];
	q10 -> q8 [label = "b"];
	q10 -> q15 [label = "b"];
	q37 -> q26 [label = "b, c"];
	q2 -> q22 [label = "c"];
	q48 -> q22 [label = "b, c"];
	q8 -> q3 [label = "a, b, c"];
	q8 -> q31 [label = "a, b, c"];
	q8 -> q35 [label = "a, b, c"];
	q8 -> q50 [label = "a, c"];
	q33 -> q41 [label = "a, b, c"];
	q14 -> q13 [label = "b, c"];
	q21 -> q4 [label = "b, c"];
	q14 -> q17 [label = "c"];
}
NFA size: 57 states

