Random target AFA:
digraph finite_state_machine {
	rankdir=LR;
	node [shape = circle];
	s0 [shape = point, style = invis, start="true" ];
	s1 [shape = point, style = invis, start="true" ];
	q0 [label = "q0"];
	q1 [label = "q1", shape = doublecircle, final="true" ];
	q2 [label = "q2", shape = doublecircle, final="true" ];
	q3 [label = "q3"];
	q4 [label = "q4", shape = doublecircle, final="true" ];
	q5 [label = "q5"];
	m0 [label = "", shape = square, style = filled, color=grey, fixedsize=true, width=.2];
	m1 [label = "", shape = square, style = filled, color=grey, fixedsize=true, width=.2];
	m2 [label = "", shape = square, style = filled, color=grey, fixedsize=true, width=.2];
	m3 [label = "", shape = square, style = filled, color=grey, fixedsize=true, width=.2];
	m4 [label = "", shape = square, style = filled, color=grey, fixedsize=true, width=.2];
	m5 [label = "", shape = square, style = filled, color=grey, fixedsize=true, width=.2];
	m6 [label = "", shape = square, style = filled, color=grey, fixedsize=true, width=.2];
	m7 [label = "", shape = square, style = filled, color=grey, fixedsize=true, width=.2];
	s0 -> q2
	s1 -> q0
	q3 -> m0 [label = "c"];
	q3 -> q0 [label = "c"];
	q4 -> m4 [label = "a"];
	q4 -> q3 [label = "a"];
	q0 -> q5 [label = "c"];
	q5 -> q0 [label = "b"];
	q5 -> m7 [label = "b"];
	q0 -> m3 [label = "b"];
	q4 -> q5 [label = "b"];
	q0 -> q3 [label = "a"];
	q1 -> q1 [label = "a"];
	q1 -> q0 [label = "a, b, c"];
	q5 -> m4 [label = "a"];
	q0 -> q0 [label = "c"];
	q0 -> m2 [label = "b"];
	q2 -> q2 [label = "a, b"];
	q4 -> m0 [label = "c"];
	q5 -> q2 [label = "c"];
	q0 -> m1 [label = "a"];
	q4 -> q4 [label = "b, c"];
	q5 -> m5 [label = "c"];
	q3 -> q4 [label = "b"];
	q1 -> m6 [label = "b"];
	q3 -> q3 [label = "a"];
	q3 -> q2 [label = "b"];
	q3 -> q5 [label = "a"];
	q5 -> q4 [label = "a"];
	q2 -> m3 [label = "a"];
	q1 -> q3 [label = "c"];
	q2 -> q3 [label = "c"];
	q2 -> q0 [label = "c"];
	m0 -> q0;
	m0 -> q3;
	m1 -> q1;
	m1 -> q4;
	m2 -> q1;
	m2 -> q2;
	m3 -> q3;
	m3 -> q5;
	m4 -> q2;
	m4 -> q3;
	m5 -> q2;
	m5 -> q5;
	m6 -> q1;
	m6 -> q3;
	m7 -> q0;
	m7 -> q4;
}

L* output after 10 EQ and 9520 MQ:
digraph finite_state_machine {
	rankdir=LR;
	node [shape = circle];
	s0 [shape = point, style = invis, start="true" ];
	q0 [label = "q0", shape = doublecircle, final="true" ];
	q1 [label = "q1", shape = doublecircle, final="true" ];
	q2 [label = "q2", shape = doublecircle, final="true" ];
	q3 [label = "q3", shape = doublecircle, final="true" ];
	q4 [label = "q4", shape = doublecircle, final="true" ];
	q5 [label = "q5", shape = doublecircle, final="true" ];
	q6 [label = "q6", shape = doublecircle, final="true" ];
	q7 [label = "q7", shape = doublecircle, final="true" ];
	q8 [label = "q8", shape = doublecircle, final="true" ];
	q9 [label = "q9", shape = doublecircle, final="true" ];
	q10 [label = "q10", shape = doublecircle, final="true" ];
	q11 [label = "q11", shape = doublecircle, final="true" ];
	q12 [label = "q12"];
	q13 [label = "q13", shape = doublecircle, final="true" ];
	q14 [label = "q14", shape = doublecircle, final="true" ];
	q15 [label = "q15", shape = doublecircle, final="true" ];
	q16 [label = "q16", shape = doublecircle, final="true" ];
	q17 [label = "q17", shape = doublecircle, final="true" ];
	q18 [label = "q18", shape = doublecircle, final="true" ];
	q19 [label = "q19", shape = doublecircle, final="true" ];
	q20 [label = "q20", shape = doublecircle, final="true" ];
	q21 [label = "q21"];
	q22 [label = "q22", shape = doublecircle, final="true" ];
	q23 [label = "q23", shape = doublecircle, final="true" ];
	q24 [label = "q24", shape = doublecircle, final="true" ];
	q25 [label = "q25", shape = doublecircle, final="true" ];
	q26 [label = "q26", shape = doublecircle, final="true" ];
	q27 [label = "q27", shape = doublecircle, final="true" ];
	q28 [label = "q28"];
	q29 [label = "q29", shape = doublecircle, final="true" ];
	q30 [label = "q30", shape = doublecircle, final="true" ];
	q31 [label = "q31"];
	q32 [label = "q32", shape = doublecircle, final="true" ];
	q33 [label = "q33", shape = doublecircle, final="true" ];
	q34 [label = "q34", shape = doublecircle, final="true" ];
	q35 [label = "q35"];
	q36 [label = "q36", shape = doublecircle, final="true" ];
	q37 [label = "q37", shape = doublecircle, final="true" ];
	q38 [label = "q38", shape = doublecircle, final="true" ];
	q39 [label = "q39", shape = doublecircle, final="true" ];
	q40 [label = "q40", shape = doublecircle, final="true" ];
	q41 [label = "q41", shape = doublecircle, final="true" ];
	q42 [label = "q42", shape = doublecircle, final="true" ];
	q43 [label = "q43", shape = doublecircle, final="true" ];
	q44 [label = "q44", shape = doublecircle, final="true" ];
	q45 [label = "q45", shape = doublecircle, final="true" ];
	q46 [label = "q46", shape = doublecircle, final="true" ];
	q47 [label = "q47", shape = doublecircle, final="true" ];
	q48 [label = "q48"];
	q49 [label = "q49"];
	q50 [label = "q50", shape = doublecircle, final="true" ];
	q51 [label = "q51"];
	q52 [label = "q52", shape = doublecircle, final="true" ];
	s0 -> q36
	q45 -> q20 [label = "a"];
	q47 -> q7 [label = "b"];
	q41 -> q7 [label = "b"];
	q45 -> q51 [label = "c"];
	q42 -> q4 [label = "a"];
	q40 -> q41 [label = "b"];
	q46 -> q48 [label = "c"];
	q40 -> q26 [label = "a"];
	q42 -> q30 [label = "b"];
	q44 -> q50 [label = "c"];
	q37 -> q32 [label = "b"];
	q35 -> q29 [label = "c"];
	q38 -> q39 [label = "a"];
	q34 -> q31 [label = "c"];
	q37 -> q39 [label = "a"];
	q39 -> q45 [label = "c"];
	q35 -> q33 [label = "a"];
	q24 -> q20 [label = "a"];
	q25 -> q43 [label = "a"];
	q7 -> q25 [label = "b"];
	q5 -> q39 [label = "a"];
	q13 -> q12 [label = "c"];
	q4 -> q3 [label = "b"];
	q30 -> q42 [label = "b"];
	q9 -> q18 [label = "c"];
	q44 -> q49 [label = "a"];
	q15 -> q7 [label = "b"];
	q3 -> q47 [label = "c"];
	q36 -> q30 [label = "b"];
	q4 -> q31 [label = "c"];
	q36 -> q34 [label = "a"];
	q10 -> q19 [label = "c"];
	q23 -> q38 [label = "b"];
	q17 -> q25 [label = "b, c"];
	q43 -> q7 [label = "b"];
	q27 -> q7 [label = "b"];
	q16 -> q41 [label = "b"];
	q11 -> q9 [label = "c"];
	q2 -> q17 [label = "b"];
	q43 -> q47 [label = "c"];
	q47 -> q52 [label = "c"];
	q13 -> q32 [label = "b"];
	q22 -> q32 [label = "b"];
	q42 -> q48 [label = "c"];
	q16 -> q34 [label = "a"];
	q50 -> q2 [label = "b"];
	q5 -> q7 [label = "b"];
	q9 -> q26 [label = "a"];
	q19 -> q27 [label = "b"];
	q48 -> q5 [label = "b"];
	q31 -> q41 [label = "b"];
	q23 -> q10 [label = "c"];
	q49 -> q36 [label = "c"];
	q28 -> q44 [label = "a"];
	q33 -> q25 [label = "b"];
	q47 -> q20 [label = "a"];
	q49 -> q33 [label = "a"];
	q33 -> q8 [label = "c"];
	q49 -> q8 [label = "b"];
	q12 -> q41 [label = "b"];
	q52 -> q44 [label = "a"];
	q7 -> q43 [label = "a"];
	q20 -> q33 [label = "a"];
	q51 -> q44 [label = "a"];
	q1 -> q0 [label = "b"];
	q17 -> q15 [label = "a"];
	q48 -> q23 [label = "c"];
	q0 -> q27 [label = "c"];
	q51 -> q27 [label = "b"];
	q32 -> q24 [label = "c"];
	q13 -> q20 [label = "a"];
	q50 -> q52 [label = "c"];
	q18 -> q33 [label = "a"];
	q20 -> q16 [label = "c"];
	q19 -> q11 [label = "a"];
	q6 -> q6 [label = "c"];
	q51 -> q29 [label = "c"];
	q8 -> q7 [label = "b"];
	q22 -> q49 [label = "a"];
	q41 -> q47 [label = "c"];
	q48 -> q20 [label = "a"];
	q18 -> q25 [label = "b, c"];
	q6 -> q11 [label = "a"];
	q2 -> q9 [label = "c"];
	q39 -> q26 [label = "a"];
	q23 -> q44 [label = "a"];
	q14 -> q13 [label = "a"];
	q40 -> q35 [label = "c"];
	q50 -> q22 [label = "a"];
	q52 -> q25 [label = "b, c"];
	q10 -> q43 [label = "a"];
	q38 -> q46 [label = "b"];
	q46 -> q39 [label = "a"];
	q36 -> q35 [label = "c"];
	q20 -> q8 [label = "b"];
	q7 -> q9 [label = "c"];
	q26 -> q8 [label = "b"];
	q29 -> q19 [label = "c"];
	q21 -> q28 [label = "c"];
	q21 -> q22 [label = "a"];
	q3 -> q7 [label = "b"];
	q12 -> q28 [label = "c"];
	q46 -> q46 [label = "b"];
	q6 -> q25 [label = "b"];
	q8 -> q34 [label = "a"];
	q45 -> q41 [label = "b"];
	q2 -> q43 [label = "a"];
	q5 -> q24 [label = "c"];
	q34 -> q32 [label = "b"];
	q0 -> q25 [label = "b"];
	q22 -> q21 [label = "c"];
	q10 -> q27 [label = "b"];
	q11 -> q25 [label = "b"];
	q14 -> q7 [label = "b"];
	q12 -> q13 [label = "a"];
	q32 -> q34 [label = "a"];
	q8 -> q18 [label = "c"];
	q39 -> q32 [label = "b"];
	q0 -> q15 [label = "a"];
	q24 -> q17 [label = "c"];
	q19 -> q19 [label = "c"];
	q11 -> q11 [label = "a"];
	q9 -> q7 [label = "b"];
	q1 -> q39 [label = "a"];
	q21 -> q1 [label = "b"];
	q43 -> q26 [label = "a"];
	q28 -> q29 [label = "c"];
	q15 -> q14 [label = "c"];
	q24 -> q7 [label = "b"];
	q3 -> q4 [label = "a"];
	q26 -> q11 [label = "a"];
	q41 -> q39 [label = "a"];
	q30 -> q31 [label = "c"];
	q14 -> q52 [label = "c"];
	q25 -> q25 [label = "b"];
	q44 -> q7 [label = "b"];
	q27 -> q39 [label = "a"];
	q31 -> q28 [label = "c"];
	q25 -> q6 [label = "c"];
	q16 -> q35 [label = "c"];
	q15 -> q20 [label = "a"];
	q29 -> q43 [label = "a"];
	q28 -> q38 [label = "b"];
	q4 -> q26 [label = "a"];
	q26 -> q40 [label = "c"];
	q31 -> q20 [label = "a"];
	q30 -> q37 [label = "a"];
	q29 -> q38 [label = "b"];
	q32 -> q7 [label = "b"];
	q34 -> q26 [label = "a"];
	q38 -> q35 [label = "c"];
	q1 -> q47 [label = "c"];
	q33 -> q33 [label = "a"];
	q35 -> q27 [label = "b"];
	q27 -> q18 [label = "c"];
	q37 -> q45 [label = "c"];
}
DFA size: 53 states

NL* output after 11 EQ and 6886 MQ:
digraph finite_state_machine {
	rankdir=LR;
	node [shape = circle];
	s0 [shape = point, style = invis, start="true" ];
	s1 [shape = point, style = invis, start="true" ];
	q0 [label = "q0", shape = doublecircle, final="true" ];
	q1 [label = "q1", shape = doublecircle, final="true" ];
	q2 [label = "q2", shape = doublecircle, final="true" ];
	q3 [label = "q3"];
	q4 [label = "q4", shape = doublecircle, final="true" ];
	q5 [label = "q5", shape = doublecircle, final="true" ];
	q6 [label = "q6"];
	q7 [label = "q7", shape = doublecircle, final="true" ];
	q8 [label = "q8"];
	q9 [label = "q9", shape = doublecircle, final="true" ];
	q10 [label = "q10", shape = doublecircle, final="true" ];
	q11 [label = "q11", shape = doublecircle, final="true" ];
	q12 [label = "q12"];
	q13 [label = "q13", shape = doublecircle, final="true" ];
	q14 [label = "q14", shape = doublecircle, final="true" ];
	q15 [label = "q15", shape = doublecircle, final="true" ];
	q16 [label = "q16", shape = doublecircle, final="true" ];
	q17 [label = "q17"];
	q18 [label = "q18", shape = doublecircle, final="true" ];
	q19 [label = "q19", shape = doublecircle, final="true" ];
	q20 [label = "q20", shape = doublecircle, final="true" ];
	q21 [label = "q21"];
	s0 -> q10
	s1 -> q11
	q18 -> q21 [label = "c"];
	q21 -> q20 [label = "a"];
	q19 -> q11 [label = "b"];
	q19 -> q9 [label = "b"];
	q19 -> q7 [label = "a, b"];
	q19 -> q5 [label = "b"];
	q19 -> q2 [label = "b"];
	q19 -> q1 [label = "b"];
	q21 -> q6 [label = "c"];
	q16 -> q17 [label = "c"];
	q20 -> q20 [label = "a"];
	q20 -> q16 [label = "a"];
	q20 -> q3 [label = "a"];
	q18 -> q18 [label = "a"];
	q18 -> q7 [label = "a"];
	q18 -> q5 [label = "a"];
	q18 -> q3 [label = "a"];
	q16 -> q11 [label = "b"];
	q18 -> q19 [label = "b"];
	q18 -> q11 [label = "b"];
	q20 -> q21 [label = "c"];
	q15 -> q16 [label = "a"];
	q13 -> q19 [label = "b"];
	q13 -> q11 [label = "b"];
	q13 -> q7 [label = "b"];
	q19 -> q19 [label = "b"];
	q11 -> q21 [label = "c"];
	q11 -> q17 [label = "c"];
	q11 -> q8 [label = "c"];
	q16 -> q19 [label = "b"];
	q14 -> q16 [label = "a"];
	q12 -> q11 [label = "b"];
	q12 -> q7 [label = "b"];
	q10 -> q17 [label = "c"];
	q10 -> q12 [label = "c"];
	q13 -> q20 [label = "a"];
	q10 -> q3 [label = "c"];
	q9 -> q21 [label = "c"];
	q9 -> q13 [label = "c"];
	q9 -> q12 [label = "c"];
	q9 -> q8 [label = "c"];
	q9 -> q4 [label = "c"];
	q13 -> q1 [label = "b"];
	q5 -> q19 [label = "b"];
	q5 -> q11 [label = "b"];
	q5 -> q9 [label = "b"];
	q12 -> q1 [label = "b"];
	q2 -> q10 [label = "c"];
	q4 -> q19 [label = "b"];
	q4 -> q0 [label = "b"];
	q6 -> q16 [label = "a"];
	q13 -> q3 [label = "a"];
	q1 -> q21 [label = "c"];
	q1 -> q13 [label = "c"];
	q1 -> q12 [label = "c"];
	q1 -> q4 [label = "c"];
	q5 -> q20 [label = "a"];
	q7 -> q5 [label = "a"];
	q4 -> q7 [label = "b"];
	q5 -> q18 [label = "a"];
	q4 -> q2 [label = "b"];
	q5 -> q16 [label = "a"];
	q12 -> q15 [label = "c"];
	q17 -> q16 [label = "a"];
	q18 -> q20 [label = "a"];
	q14 -> q17 [label = "c"];
	q14 -> q6 [label = "c"];
	q8 -> q7 [label = "b"];
	q1 -> q0 [label = "b"];
	q6 -> q11 [label = "b, c"];
	q0 -> q1 [label = "b, c"];
	q18 -> q16 [label = "a"];
	q0 -> q7 [label = "b, c"];
	q8 -> q6 [label = "c"];
	q1 -> q8 [label = "c"];
	q9 -> q18 [label = "a"];
	q2 -> q13 [label = "c"];
	q2 -> q8 [label = "c"];
	q14 -> q1 [label = "b"];
	q8 -> q1 [label = "b"];
	q17 -> q6 [label = "c"];
	q9 -> q16 [label = "a, c"];
	q0 -> q9 [label = "b, c"];
	q12 -> q5 [label = "b"];
	q19 -> q17 [label = "c"];
	q18 -> q17 [label = "c"];
	q19 -> q21 [label = "c"];
	q14 -> q14 [label = "c"];
	q5 -> q13 [label = "c"];
	q10 -> q7 [label = "a, b"];
	q0 -> q16 [label = "a"];
	q18 -> q8 [label = "c"];
	q5 -> q5 [label = "a"];
	q4 -> q1 [label = "b"];
	q10 -> q20 [label = "a"];
	q19 -> q13 [label = "c"];
	q12 -> q19 [label = "b"];
	q6 -> q4 [label = "a"];
	q19 -> q4 [label = "c"];
	q7 -> q21 [label = "c"];
	q14 -> q15 [label = "c"];
	q5 -> q8 [label = "c"];
	q17 -> q1 [label = "b"];
	q13 -> q6 [label = "c"];
	q9 -> q20 [label = "a, c"];
	q8 -> q11 [label = "b"];
	q9 -> q1 [label = "b"];
	q15 -> q4 [label = "a"];
	q19 -> q8 [label = "c"];
	q19 -> q12 [label = "c"];
	q2 -> q12 [label = "c"];
	q15 -> q11 [label = "b, c"];
	q6 -> q7 [label = "b, c"];
	q19 -> q14 [label = "c"];
	q15 -> q7 [label = "b, c"];
	q9 -> q9 [label = "b"];
	q21 -> q19 [label = "b"];
	q11 -> q18 [label = "a"];
	q0 -> q4 [label = "a"];
	q0 -> q14 [label = "b, c"];
	q15 -> q21 [label = "c"];
	q12 -> q20 [label = "a"];
	q3 -> q4 [label = "a"];
	q9 -> q17 [label = "c"];
	q8 -> q16 [label = "a"];
	q21 -> q7 [label = "b"];
	q4 -> q5 [label = "b"];
	q21 -> q5 [label = "b"];
	q20 -> q9 [label = "b"];
	q13 -> q5 [label = "b"];
	q7 -> q8 [label = "c"];
	q20 -> q19 [label = "b"];
	q4 -> q9 [label = "b"];
	q0 -> q20 [label = "a"];
	q8 -> q19 [label = "b"];
	q3 -> q10 [label = "b, c"];
	q9 -> q5 [label = "b"];
	q12 -> q3 [label = "a"];
	q6 -> q10 [label = "b, c"];
	q15 -> q15 [label = "c"];
	q21 -> q1 [label = "b"];
	q9 -> q2 [label = "b"];
	q16 -> q3 [label = "a"];
	q1 -> q7 [label = "a"];
	q11 -> q7 [label = "a, b"];
	q9 -> q7 [label = "a, b"];
	q15 -> q5 [label = "c"];
	q8 -> q5 [label = "b"];
	q0 -> q10 [label = "b, c"];
	q15 -> q17 [label = "c"];
	q8 -> q3 [label = "a"];
	q2 -> q7 [label = "a, c"];
	q9 -> q11 [label = "b"];
	q3 -> q17 [label = "b"];
	q9 -> q0 [label = "b"];
	q2 -> q17 [label = "b, c"];
	q0 -> q19 [label = "b, c"];
	q13 -> q17 [label = "c"];
	q8 -> q20 [label = "a"];
	q21 -> q16 [label = "a"];
	q7 -> q11 [label = "b"];
	q12 -> q9 [label = "b"];
	q15 -> q6 [label = "c"];
	q10 -> q8 [label = "c"];
	q5 -> q21 [label = "c"];
	q2 -> q5 [label = "a, c"];
	q15 -> q10 [label = "b, c"];
	q4 -> q14 [label = "c"];
	q4 -> q17 [label = "c"];
	q3 -> q11 [label = "b, c"];
	q2 -> q0 [label = "b"];
	q10 -> q21 [label = "c"];
	q1 -> q14 [label = "c"];
	q2 -> q6 [label = "b"];
	q2 -> q14 [label = "b, c"];
	q2 -> q15 [label = "b"];
	q2 -> q21 [label = "b, c"];
	q6 -> q6 [label = "c"];
	q0 -> q2 [label = "b"];
	q9 -> q14 [label = "c"];
	q12 -> q6 [label = "c"];
	q1 -> q18 [label = "a"];
	q0 -> q5 [label = "b, c"];
	q19 -> q18 [label = "a"];
	q19 -> q16 [label = "c"];
	q3 -> q14 [label = "b"];
	q2 -> q20 [label = "a, c"];
	q0 -> q6 [label = "b"];
	q3 -> q21 [label = "b"];
	q10 -> q16 [label = "a"];
	q0 -> q11 [label = "b, c"];
	q19 -> q0 [label = "b"];
	q1 -> q16 [label = "a, c"];
	q0 -> q15 [label = "b"];
	q10 -> q6 [label = "c"];
	q6 -> q15 [label = "c"];
	q0 -> q17 [label = "b, c"];
	q0 -> q21 [label = "b, c"];
	q3 -> q9 [label = "b"];
	q2 -> q1 [label = "a, c"];
	q3 -> q3 [label = "a"];
	q2 -> q4 [label = "a, c"];
	q9 -> q19 [label = "b"];
	q2 -> q11 [label = "a, c"];
	q1 -> q17 [label = "c"];
	q14 -> q2 [label = "b"];
	q2 -> q16 [label = "a, c"];
	q12 -> q16 [label = "a"];
	q2 -> q18 [label = "a, c"];
	q11 -> q12 [label = "c"];
	q2 -> q19 [label = "a, c"];
	q20 -> q11 [label = "b"];
	q7 -> q7 [label = "a"];
	q4 -> q3 [label = "a"];
	q16 -> q9 [label = "b"];
	q4 -> q11 [label = "b"];
	q3 -> q16 [label = "a"];
	q5 -> q17 [label = "c"];
	q10 -> q18 [label = "a"];
	q1 -> q5 [label = "a"];
	q2 -> q9 [label = "c"];
	q1 -> q20 [label = "a"];
	q13 -> q16 [label = "a"];
	q21 -> q11 [label = "b"];
	q3 -> q19 [label = "b"];
	q20 -> q17 [label = "c"];
	q0 -> q0 [label = "b"];
	q7 -> q17 [label = "c"];
	q3 -> q20 [label = "a"];
	q5 -> q7 [label = "a"];
}
NFA size: 22 states

AL* output after 15 EQ and 5363 MQ:
digraph finite_state_machine {
	rankdir=LR;
	node [shape = circle];
	s0 [shape = point, style = invis, start="true" ];
	s1 [shape = point, style = invis, start="true" ];
	q0 [label = "q0", shape = doublecircle, final="true" ];
	q1 [label = "q1", shape = doublecircle, final="true" ];
	q2 [label = "q2", shape = doublecircle, final="true" ];
	q3 [label = "q3", shape = doublecircle, final="true" ];
	q4 [label = "q4", shape = doublecircle, final="true" ];
	q5 [label = "q5", shape = doublecircle, final="true" ];
	q6 [label = "q6", shape = doublecircle, final="true" ];
	q7 [label = "q7"];
	q8 [label = "q8"];
	q9 [label = "q9", shape = doublecircle, final="true" ];
	m0 [label = "", shape = square, style = filled, color=grey, fixedsize=true, width=.2];
	m1 [label = "", shape = square, style = filled, color=grey, fixedsize=true, width=.2];
	m2 [label = "", shape = square, style = filled, color=grey, fixedsize=true, width=.2];
	m3 [label = "", shape = square, style = filled, color=grey, fixedsize=true, width=.2];
	m4 [label = "", shape = square, style = filled, color=grey, fixedsize=true, width=.2];
	m5 [label = "", shape = square, style = filled, color=grey, fixedsize=true, width=.2];
	m6 [label = "", shape = square, style = filled, color=grey, fixedsize=true, width=.2];
	m7 [label = "", shape = square, style = filled, color=grey, fixedsize=true, width=.2];
	m8 [label = "", shape = square, style = filled, color=grey, fixedsize=true, width=.2];
	m9 [label = "", shape = square, style = filled, color=grey, fixedsize=true, width=.2];
	m10 [label = "", shape = square, style = filled, color=grey, fixedsize=true, width=.2];
	m11 [label = "", shape = square, style = filled, color=grey, fixedsize=true, width=.2];
	m12 [label = "", shape = square, style = filled, color=grey, fixedsize=true, width=.2];
	m13 [label = "", shape = square, style = filled, color=grey, fixedsize=true, width=.2];
	s0 -> m0
	s1 -> m1
	q9 -> m5 [label = "b"];
	q9 -> m4 [label = "b"];
	q8 -> m1 [label = "b, c"];
	q7 -> m0 [label = "b, c"];
	q0 -> m0 [label = "a, b"];
	q1 -> m3 [label = "a, c"];
	q9 -> m3 [label = "a, c"];
	q6 -> m8 [label = "a"];
	q4 -> m1 [label = "c"];
	q6 -> m0 [label = "a, b"];
	q7 -> m4 [label = "c"];
	q6 -> m3 [label = "c"];
	q4 -> m0 [label = "a, b"];
	q7 -> m6 [label = "b"];
	q3 -> m2 [label = "b, c"];
	q7 -> m2 [label = "a"];
	q2 -> m3 [label = "a, c"];
	q8 -> m2 [label = "a, b"];
	q3 -> m9 [label = "a"];
	q2 -> m0 [label = "a, c"];
	q5 -> m1 [label = "c"];
	q7 -> m1 [label = "b, c"];
	q9 -> m2 [label = "b, c"];
	q0 -> m1 [label = "c"];
	q1 -> m5 [label = "b"];
	q3 -> m1 [label = "c"];
	q5 -> m2 [label = "b, c"];
	q1 -> m4 [label = "a"];
	q5 -> m3 [label = "a"];
	q3 -> m3 [label = "a"];
	q6 -> m5 [label = "a, b"];
	q1 -> m0 [label = "a, b"];
	q6 -> m7 [label = "a"];
	q9 -> m1 [label = "c"];
	q1 -> m1 [label = "c"];
	q3 -> m4 [label = "b, c"];
	q5 -> m5 [label = "b"];
	q5 -> m0 [label = "b"];
	q0 -> m4 [label = "a"];
	q6 -> m6 [label = "a"];
	q2 -> m1 [label = "b, c"];
	q8 -> m3 [label = "a"];
	q2 -> m2 [label = "a, b, c"];
	q4 -> m5 [label = "b"];
	q5 -> m4 [label = "a, b"];
	q7 -> m3 [label = "a"];
	q3 -> m10 [label = "a"];
	q0 -> m2 [label = "b"];
	q1 -> m2 [label = "b"];
	q8 -> m0 [label = "b, c"];
	q3 -> m0 [label = "b"];
	q4 -> m3 [label = "a, c"];
	q0 -> m12 [label = "b"];
	q9 -> m0 [label = "a, b"];
	q4 -> m10 [label = "a"];
	q0 -> m3 [label = "a, c"];
	q6 -> m11 [label = "b"];
	q8 -> m4 [label = "a"];
	q0 -> m5 [label = "b"];
	q6 -> m1 [label = "c"];
	q2 -> m4 [label = "b"];
	q2 -> m13 [label = "b"];
	q4 -> m6 [label = "b"];
	q4 -> m4 [label = "c"];
	m0 -> q0;
	m0 -> q1;
	m0 -> q2;
	m0 -> q4;
	m0 -> q6;
	m0 -> q9;
	m1 -> q3;
	m1 -> q4;
	m1 -> q7;
	m2 -> q2;
	m2 -> q3;
	m2 -> q5;
	m2 -> q9;
	m3 -> q0;
	m3 -> q1;
	m3 -> q5;
	m3 -> q8;
	m4 -> q2;
	m4 -> q7;
	m4 -> q8;
	m5 -> q0;
	m5 -> q1;
	m5 -> q3;
	m5 -> q4;
	m5 -> q5;
	m5 -> q6;
	m5 -> q7;
	m5 -> q8;
	m5 -> q9;
	m6 -> q0;
	m6 -> q1;
	m6 -> q2;
	m6 -> q5;
	m6 -> q6;
	m6 -> q7;
	m6 -> q8;
	m7 -> q2;
	m7 -> q3;
	m7 -> q5;
	m7 -> q7;
	m7 -> q8;
	m7 -> q9;
	m8 -> q0;
	m8 -> q1;
	m8 -> q2;
	m8 -> q3;
	m8 -> q5;
	m8 -> q8;
	m8 -> q9;
	m9 -> q0;
	m9 -> q1;
	m9 -> q2;
	m9 -> q3;
	m9 -> q4;
	m9 -> q5;
	m9 -> q6;
	m9 -> q9;
	m10 -> q0;
	m10 -> q2;
	m10 -> q3;
	m10 -> q5;
	m10 -> q7;
	m10 -> q8;
	m10 -> q9;
	m11 -> q2;
	m11 -> q3;
	m11 -> q4;
	m11 -> q5;
	m11 -> q7;
	m11 -> q9;
	m12 -> q2;
	m12 -> q3;
	m12 -> q4;
	m12 -> q7;
	m12 -> q8;
	m13 -> q0;
	m13 -> q1;
	m13 -> q2;
	m13 -> q4;
	m13 -> q5;
	m13 -> q6;
	m13 -> q8;
	m13 -> q9;
}
AFA size: 10 states

