Random target AFA:
digraph finite_state_machine {
	rankdir=LR;
	node [shape = circle];
	s0 [shape = point, style = invis, start="true" ];
	s1 [shape = point, style = invis, start="true" ];
	q0 [label = "q0"];
	q1 [label = "q1", shape = doublecircle, final="true" ];
	q2 [label = "q2", shape = doublecircle, final="true" ];
	q3 [label = "q3"];
	q4 [label = "q4", shape = doublecircle, final="true" ];
	q5 [label = "q5", shape = doublecircle, final="true" ];
	m0 [label = "", shape = square, style = filled, color=grey, fixedsize=true, width=.2];
	m1 [label = "", shape = square, style = filled, color=grey, fixedsize=true, width=.2];
	m2 [label = "", shape = square, style = filled, color=grey, fixedsize=true, width=.2];
	m3 [label = "", shape = square, style = filled, color=grey, fixedsize=true, width=.2];
	m4 [label = "", shape = square, style = filled, color=grey, fixedsize=true, width=.2];
	m5 [label = "", shape = square, style = filled, color=grey, fixedsize=true, width=.2];
	m6 [label = "", shape = square, style = filled, color=grey, fixedsize=true, width=.2];
	m7 [label = "", shape = square, style = filled, color=grey, fixedsize=true, width=.2];
	m8 [label = "", shape = square, style = filled, color=grey, fixedsize=true, width=.2];
	m9 [label = "", shape = square, style = filled, color=grey, fixedsize=true, width=.2];
	s0 -> q2
	s1 -> q0
	q5 -> m9 [label = "b"];
	q5 -> m7 [label = "a"];
	q3 -> m5 [label = "a, c"];
	q1 -> m5 [label = "c"];
	q5 -> m6 [label = "a"];
	q3 -> m4 [label = "b"];
	q4 -> m0 [label = "c"];
	q0 -> q2 [label = "a"];
	q4 -> q3 [label = "c"];
	q1 -> q5 [label = "b, c"];
	q1 -> m3 [label = "a"];
	q0 -> m1 [label = "a"];
	q0 -> q0 [label = "c"];
	q4 -> q4 [label = "a"];
	q3 -> q1 [label = "a, b"];
	q2 -> q4 [label = "a, b"];
	q2 -> m8 [label = "c"];
	q2 -> m2 [label = "b"];
	q1 -> q4 [label = "b"];
	q0 -> q5 [label = "b"];
	q4 -> q5 [label = "b"];
	q1 -> q0 [label = "a"];
	q0 -> m3 [label = "b, c"];
	q2 -> m3 [label = "a, c"];
	q3 -> q2 [label = "c"];
	q5 -> m5 [label = "b"];
	q5 -> q3 [label = "c"];
	q4 -> q0 [label = "a"];
	m0 -> q0;
	m0 -> q3;
	m1 -> q1;
	m1 -> q2;
	m2 -> q0;
	m2 -> q2;
	m3 -> q3;
	m3 -> q5;
	m4 -> q2;
	m4 -> q5;
	m5 -> q1;
	m5 -> q4;
	m6 -> q0;
	m6 -> q5;
	m7 -> q4;
	m7 -> q5;
	m8 -> q0;
	m8 -> q1;
	m9 -> q1;
	m9 -> q5;
}

L* output after 8 EQ and 21314 MQ:
digraph finite_state_machine {
	rankdir=LR;
	node [shape = circle];
	s0 [shape = point, style = invis, start="true" ];
	q0 [label = "q0"];
	q1 [label = "q1"];
	q2 [label = "q2"];
	q3 [label = "q3"];
	q4 [label = "q4"];
	q5 [label = "q5"];
	q6 [label = "q6"];
	q7 [label = "q7"];
	q8 [label = "q8", shape = doublecircle, final="true" ];
	q9 [label = "q9", shape = doublecircle, final="true" ];
	q10 [label = "q10"];
	q11 [label = "q11"];
	q12 [label = "q12", shape = doublecircle, final="true" ];
	q13 [label = "q13"];
	q14 [label = "q14", shape = doublecircle, final="true" ];
	q15 [label = "q15"];
	q16 [label = "q16"];
	q17 [label = "q17", shape = doublecircle, final="true" ];
	q18 [label = "q18", shape = doublecircle, final="true" ];
	q19 [label = "q19", shape = doublecircle, final="true" ];
	q20 [label = "q20", shape = doublecircle, final="true" ];
	q21 [label = "q21", shape = doublecircle, final="true" ];
	q22 [label = "q22", shape = doublecircle, final="true" ];
	q23 [label = "q23", shape = doublecircle, final="true" ];
	q24 [label = "q24"];
	q25 [label = "q25"];
	q26 [label = "q26"];
	q27 [label = "q27"];
	q28 [label = "q28", shape = doublecircle, final="true" ];
	q29 [label = "q29", shape = doublecircle, final="true" ];
	q30 [label = "q30", shape = doublecircle, final="true" ];
	q31 [label = "q31", shape = doublecircle, final="true" ];
	q32 [label = "q32"];
	q33 [label = "q33", shape = doublecircle, final="true" ];
	q34 [label = "q34"];
	q35 [label = "q35", shape = doublecircle, final="true" ];
	q36 [label = "q36"];
	q37 [label = "q37"];
	q38 [label = "q38"];
	q39 [label = "q39", shape = doublecircle, final="true" ];
	q40 [label = "q40"];
	q41 [label = "q41", shape = doublecircle, final="true" ];
	q42 [label = "q42", shape = doublecircle, final="true" ];
	q43 [label = "q43"];
	q44 [label = "q44", shape = doublecircle, final="true" ];
	q45 [label = "q45"];
	q46 [label = "q46", shape = doublecircle, final="true" ];
	q47 [label = "q47", shape = doublecircle, final="true" ];
	q48 [label = "q48", shape = doublecircle, final="true" ];
	q49 [label = "q49", shape = doublecircle, final="true" ];
	q50 [label = "q50"];
	q51 [label = "q51"];
	q52 [label = "q52"];
	q53 [label = "q53", shape = doublecircle, final="true" ];
	q54 [label = "q54", shape = doublecircle, final="true" ];
	q55 [label = "q55", shape = doublecircle, final="true" ];
	q56 [label = "q56"];
	q57 [label = "q57", shape = doublecircle, final="true" ];
	q58 [label = "q58", shape = doublecircle, final="true" ];
	q59 [label = "q59", shape = doublecircle, final="true" ];
	q60 [label = "q60"];
	q61 [label = "q61"];
	q62 [label = "q62"];
	q63 [label = "q63", shape = doublecircle, final="true" ];
	q64 [label = "q64", shape = doublecircle, final="true" ];
	q65 [label = "q65", shape = doublecircle, final="true" ];
	q66 [label = "q66", shape = doublecircle, final="true" ];
	q67 [label = "q67", shape = doublecircle, final="true" ];
	q68 [label = "q68", shape = doublecircle, final="true" ];
	q69 [label = "q69", shape = doublecircle, final="true" ];
	q70 [label = "q70"];
	q71 [label = "q71", shape = doublecircle, final="true" ];
	q72 [label = "q72"];
	q73 [label = "q73", shape = doublecircle, final="true" ];
	q74 [label = "q74", shape = doublecircle, final="true" ];
	q75 [label = "q75", shape = doublecircle, final="true" ];
	q76 [label = "q76", shape = doublecircle, final="true" ];
	q77 [label = "q77", shape = doublecircle, final="true" ];
	q78 [label = "q78", shape = doublecircle, final="true" ];
	q79 [label = "q79"];
	q80 [label = "q80", shape = doublecircle, final="true" ];
	q81 [label = "q81", shape = doublecircle, final="true" ];
	q82 [label = "q82", shape = doublecircle, final="true" ];
	q83 [label = "q83", shape = doublecircle, final="true" ];
	q84 [label = "q84", shape = doublecircle, final="true" ];
	q85 [label = "q85"];
	q86 [label = "q86"];
	q87 [label = "q87"];
	q88 [label = "q88"];
	q89 [label = "q89", shape = doublecircle, final="true" ];
	q90 [label = "q90"];
	q91 [label = "q91", shape = doublecircle, final="true" ];
	q92 [label = "q92", shape = doublecircle, final="true" ];
	q93 [label = "q93", shape = doublecircle, final="true" ];
	q94 [label = "q94", shape = doublecircle, final="true" ];
	q95 [label = "q95"];
	q96 [label = "q96", shape = doublecircle, final="true" ];
	q97 [label = "q97", shape = doublecircle, final="true" ];
	q98 [label = "q98"];
	q99 [label = "q99", shape = doublecircle, final="true" ];
	q100 [label = "q100"];
	q101 [label = "q101", shape = doublecircle, final="true" ];
	q102 [label = "q102", shape = doublecircle, final="true" ];
	q103 [label = "q103", shape = doublecircle, final="true" ];
	q104 [label = "q104", shape = doublecircle, final="true" ];
	q105 [label = "q105", shape = doublecircle, final="true" ];
	q106 [label = "q106", shape = doublecircle, final="true" ];
	q107 [label = "q107", shape = doublecircle, final="true" ];
	q108 [label = "q108", shape = doublecircle, final="true" ];
	q109 [label = "q109"];
	q110 [label = "q110", shape = doublecircle, final="true" ];
	q111 [label = "q111", shape = doublecircle, final="true" ];
	s0 -> q69
	q85 -> q78 [label = "b"];
	q83 -> q79 [label = "c"];
	q87 -> q92 [label = "a"];
	q86 -> q91 [label = "a"];
	q85 -> q89 [label = "a"];
	q87 -> q97 [label = "b"];
	q83 -> q78 [label = "b"];
	q81 -> q67 [label = "a"];
	q85 -> q90 [label = "c"];
	q80 -> q95 [label = "c"];
	q86 -> q74 [label = "b"];
	q80 -> q94 [label = "b"];
	q82 -> q78 [label = "b"];
	q79 -> q110 [label = "a"];
	q77 -> q94 [label = "b"];
	q78 -> q68 [label = "a"];
	q77 -> q106 [label = "a"];
	q75 -> q74 [label = "b"];
	q73 -> q83 [label = "a"];
	q78 -> q78 [label = "b"];
	q76 -> q42 [label = "a"];
	q72 -> q80 [label = "c"];
	q78 -> q109 [label = "c"];
	q76 -> q84 [label = "c"];
	q69 -> q94 [label = "b"];
	q72 -> q73 [label = "a"];
	q67 -> q72 [label = "c"];
	q70 -> q77 [label = "a"];
	q74 -> q106 [label = "b"];
	q71 -> q82 [label = "a"];
	q68 -> q66 [label = "b"];
	q66 -> q109 [label = "c"];
	q69 -> q71 [label = "a"];
	q71 -> q72 [label = "c"];
	q65 -> q63 [label = "b"];
	q69 -> q70 [label = "c"];
	q65 -> q65 [label = "a"];
	q68 -> q67 [label = "a"];
	q64 -> q61 [label = "c"];
	q70 -> q79 [label = "c"];
	q66 -> q65 [label = "a"];
	q68 -> q86 [label = "c"];
	q64 -> q62 [label = "a"];
	q86 -> q39 [label = "c"];
	q63 -> q60 [label = "a"];
	q61 -> q58 [label = "b"];
	q60 -> q63 [label = "b"];
	q63 -> q64 [label = "b"];
	q28 -> q41 [label = "b"];
	q49 -> q71 [label = "a"];
	q25 -> q78 [label = "b"];
	q29 -> q96 [label = "a"];
	q72 -> q74 [label = "b"];
	q32 -> q18 [label = "a"];
	q34 -> q111 [label = "b"];
	q36 -> q31 [label = "a"];
	q33 -> q82 [label = "a"];
	q35 -> q74 [label = "b"];
	q77 -> q85 [label = "c"];
	q92 -> q78 [label = "b"];
	q6 -> q4 [label = "c"];
	q29 -> q35 [label = "c"];
	q35 -> q29 [label = "a"];
	q39 -> q79 [label = "c"];
	q66 -> q64 [label = "b"];
	q94 -> q72 [label = "c"];
	q38 -> q95 [label = "c"];
	q110 -> q94 [label = "b"];
	q79 -> q111 [label = "b"];
	q5 -> q101 [label = "a"];
	q44 -> q88 [label = "c"];
	q17 -> q106 [label = "b"];
	q60 -> q57 [label = "a"];
	q42 -> q106 [label = "b"];
	q40 -> q101 [label = "a"];
	q98 -> q78 [label = "b"];
	q105 -> q78 [label = "b"];
	q103 -> q83 [label = "a"];
	q8 -> q6 [label = "c"];
	q93 -> q102 [label = "a"];
	q40 -> q37 [label = "c"];
	q105 -> q71 [label = "a"];
	q34 -> q101 [label = "a"];
	q75 -> q76 [label = "c"];
	q43 -> q111 [label = "b"];
	q96 -> q96 [label = "a"];
	q87 -> q98 [label = "c"];
	q50 -> q89 [label = "a"];
	q28 -> q29 [label = "a"];
	q38 -> q111 [label = "b"];
	q41 -> q20 [label = "c"];
	q90 -> q111 [label = "b"];
	q2 -> q111 [label = "b"];
	q88 -> q52 [label = "c"];
	q89 -> q99 [label = "a"];
	q93 -> q100 [label = "c"];
	q89 -> q78 [label = "b"];
	q29 -> q94 [label = "b"];
	q47 -> q106 [label = "b"];
	q8 -> q94 [label = "b"];
	q59 -> q66 [label = "b"];
	q105 -> q86 [label = "c"];
	q36 -> q30 [label = "c"];
	q41 -> q82 [label = "a"];
	q47 -> q22 [label = "c"];
	q32 -> q111 [label = "b"];
	q96 -> q86 [label = "c"];
	q61 -> q59 [label = "a"];
	q75 -> q108 [label = "a"];
	q92 -> q70 [label = "a"];
	q93 -> q66 [label = "b"];
	q37 -> q19 [label = "a"];
	q107 -> q78 [label = "b"];
	q108 -> q49 [label = "a"];
	q31 -> q106 [label = "b"];
	q84 -> q82 [label = "a"];
	q54 -> q109 [label = "c"];
	q103 -> q106 [label = "b"];
	q33 -> q78 [label = "b"];
	q25 -> q15 [label = "c"];
	q32 -> q27 [label = "c"];
	q52 -> q23 [label = "a"];
	q82 -> q86 [label = "c"];
	q109 -> q47 [label = "b"];
	q27 -> q40 [label = "c"];
	q23 -> q70 [label = "a"];
	q99 -> q95 [label = "c"];
	q4 -> q19 [label = "a"];
	q92 -> q88 [label = "c"];
	q57 -> q51 [label = "c"];
	q46 -> q85 [label = "c"];
	q111 -> q81 [label = "a"];
	q97 -> q81 [label = "a"];
	q12 -> q42 [label = "a"];
	q91 -> q82 [label = "a"];
	q91 -> q94 [label = "b"];
	q22 -> q81 [label = "a"];
	q80 -> q82 [label = "a"];
	q65 -> q109 [label = "c"];
	q110 -> q100 [label = "c"];
	q111 -> q78 [label = "b"];
	q3 -> q111 [label = "b"];
	q13 -> q74 [label = "b"];
	q39 -> q94 [label = "b"];
	q22 -> q13 [label = "c"];
	q108 -> q106 [label = "b"];
	q102 -> q72 [label = "c"];
	q108 -> q35 [label = "c"];
	q94 -> q78 [label = "b"];
	q100 -> q78 [label = "b"];
	q98 -> q89 [label = "a"];
	q7 -> q5 [label = "c"];
	q106 -> q109 [label = "c"];
	q46 -> q94 [label = "b"];
	q62 -> q79 [label = "c"];
	q104 -> q102 [label = "a"];
	q91 -> q107 [label = "c"];
	q107 -> q81 [label = "a"];
	q7 -> q111 [label = "b"];
	q64 -> q78 [label = "b"];
	q52 -> q45 [label = "c"];
	q109 -> q46 [label = "c"];
	q101 -> q105 [label = "a"];
	q98 -> q50 [label = "c"];
	q45 -> q111 [label = "b"];
	q44 -> q56 [label = "a"];
	q100 -> q104 [label = "a"];
	q97 -> q25 [label = "c"];
	q83 -> q71 [label = "a"];
	q15 -> q10 [label = "c"];
	q39 -> q96 [label = "a"];
	q35 -> q28 [label = "c"];
	q88 -> q78 [label = "b"];
	q102 -> q78 [label = "b"];
	q106 -> q53 [label = "a"];
	q90 -> q101 [label = "a"];
	q7 -> q101 [label = "a"];
	q49 -> q94 [label = "b"];
	q42 -> q96 [label = "a"];
	q27 -> q33 [label = "a"];
	q37 -> q111 [label = "b"];
	q84 -> q40 [label = "c"];
	q102 -> q106 [label = "a"];
	q99 -> q106 [label = "a"];
	q55 -> q51 [label = "c"];
	q14 -> q11 [label = "c"];
	q36 -> q74 [label = "b"];
	q97 -> q78 [label = "b"];
	q101 -> q100 [label = "c"];
	q94 -> q82 [label = "a"];
	q30 -> q17 [label = "a"];
	q110 -> q82 [label = "a"];
	q95 -> q103 [label = "a"];
	q84 -> q94 [label = "b"];
	q67 -> q106 [label = "a"];
	q1 -> q111 [label = "b"];
	q45 -> q33 [label = "a"];
	q44 -> q78 [label = "b"];
	q107 -> q36 [label = "c"];
	q43 -> q43 [label = "c"];
	q106 -> q78 [label = "b"];
	q30 -> q27 [label = "c"];
	q74 -> q75 [label = "c"];
	q99 -> q78 [label = "b"];
	q59 -> q88 [label = "c"];
	q20 -> q108 [label = "a"];
	q76 -> q41 [label = "b"];
	q111 -> q24 [label = "c"];
	q52 -> q97 [label = "b"];
	q48 -> q106 [label = "b"];
	q58 -> q51 [label = "c"];
	q31 -> q105 [label = "a"];
	q34 -> q25 [label = "c"];
	q51 -> q58 [label = "b"];
	q43 -> q21 [label = "a"];
	q96 -> q94 [label = "b"];
	q0 -> q18 [label = "a"];
	q100 -> q37 [label = "c"];
	q71 -> q94 [label = "b"];
	q23 -> q106 [label = "b"];
	q104 -> q78 [label = "b"];
	q90 -> q26 [label = "c"];
	q73 -> q107 [label = "c"];
	q51 -> q34 [label = "c"];
	q33 -> q100 [label = "c"];
	q31 -> q107 [label = "c"];
	q89 -> q100 [label = "c"];
	q40 -> q111 [label = "b"];
	q19 -> q100 [label = "c"];
	q109 -> q48 [label = "a"];
	q95 -> q38 [label = "c"];
	q51 -> q44 [label = "a"];
	q25 -> q89 [label = "a"];
	q24 -> q14 [label = "c"];
	q28 -> q39 [label = "c"];
	q26 -> q103 [label = "a"];
	q24 -> q74 [label = "b"];
	q48 -> q78 [label = "c"];
	q24 -> q73 [label = "a"];
	q81 -> q78 [label = "b"];
	q101 -> q78 [label = "b"];
	q21 -> q78 [label = "b"];
	q9 -> q94 [label = "b"];
	q19 -> q106 [label = "b"];
	q11 -> q21 [label = "a"];
	q11 -> q111 [label = "b"];
	q88 -> q93 [label = "a"];
	q9 -> q82 [label = "a"];
	q62 -> q77 [label = "a"];
	q18 -> q82 [label = "a"];
	q70 -> q78 [label = "b"];
	q49 -> q86 [label = "c"];
	q14 -> q94 [label = "b"];
	q10 -> q21 [label = "a"];
	q8 -> q17 [label = "a"];
	q4 -> q2 [label = "c"];
	q6 -> q33 [label = "a"];
	q10 -> q111 [label = "b"];
	q12 -> q8 [label = "c"];
	q0 -> q111 [label = "b"];
	q2 -> q18 [label = "a"];
	q41 -> q106 [label = "b"];
	q55 -> q78 [label = "b"];
	q53 -> q66 [label = "b"];
	q6 -> q111 [label = "b"];
	q63 -> q61 [label = "c"];
	q0 -> q6 [label = "c"];
	q5 -> q3 [label = "c"];
	q37 -> q32 [label = "c"];
	q3 -> q19 [label = "a"];
	q67 -> q94 [label = "b"];
	q1 -> q7 [label = "c"];
	q95 -> q111 [label = "b"];
	q103 -> q100 [label = "c"];
	q46 -> q82 [label = "a"];
	q4 -> q111 [label = "b"];
	q81 -> q86 [label = "c"];
	q2 -> q0 [label = "c"];
	q5 -> q111 [label = "b"];
	q3 -> q1 [label = "c"];
	q9 -> q7 [label = "c"];
	q79 -> q79 [label = "c"];
	q13 -> q31 [label = "a"];
	q56 -> q55 [label = "a"];
	q26 -> q16 [label = "c"];
	q15 -> q111 [label = "b"];
	q10 -> q15 [label = "c"];
	q27 -> q111 [label = "b"];
	q12 -> q41 [label = "b"];
	q14 -> q82 [label = "a"];
	q11 -> q90 [label = "c"];
	q15 -> q101 [label = "a"];
	q50 -> q78 [label = "b"];
	q20 -> q12 [label = "c"];
	q16 -> q33 [label = "a"];
	q18 -> q106 [label = "b"];
	q48 -> q70 [label = "a"];
	q16 -> q111 [label = "b"];
	q22 -> q78 [label = "b"];
	q74 -> q81 [label = "a"];
	q55 -> q54 [label = "a"];
	q45 -> q85 [label = "c"];
	q16 -> q11 [label = "c"];
	q38 -> q33 [label = "a"];
	q21 -> q100 [label = "c"];
	q17 -> q96 [label = "a"];
	q23 -> q88 [label = "c"];
	q19 -> q105 [label = "a"];
	q59 -> q56 [label = "a"];
	q21 -> q83 [label = "a"];
	q82 -> q96 [label = "a"];
	q60 -> q52 [label = "c"];
	q1 -> q33 [label = "a"];
	q26 -> q111 [label = "b"];
	q17 -> q86 [label = "c"];
	q20 -> q74 [label = "b"];
	q73 -> q106 [label = "b"];
	q18 -> q100 [label = "c"];
	q42 -> q35 [label = "c"];
	q13 -> q9 [label = "c"];
	q47 -> q81 [label = "a"];
	q104 -> q100 [label = "c"];
	q54 -> q66 [label = "b"];
	q53 -> q86 [label = "c"];
	q56 -> q78 [label = "b"];
	q53 -> q96 [label = "a"];
	q50 -> q43 [label = "c"];
	q54 -> q53 [label = "a"];
	q58 -> q78 [label = "b"];
	q58 -> q68 [label = "a"];
	q56 -> q95 [label = "c"];
	q30 -> q94 [label = "b"];
	q62 -> q66 [label = "b"];
	q57 -> q65 [label = "a"];
	q61 -> q87 [label = "c"];
	q57 -> q63 [label = "b"];
}
DFA size: 112 states

NL* output after 9 EQ and 6358 MQ:
digraph finite_state_machine {
	rankdir=LR;
	node [shape = circle];
	s0 [shape = point, style = invis, start="true" ];
	q0 [label = "q0", shape = doublecircle, final="true" ];
	q1 [label = "q1"];
	q2 [label = "q2"];
	q3 [label = "q3"];
	q4 [label = "q4", shape = doublecircle, final="true" ];
	q5 [label = "q5", shape = doublecircle, final="true" ];
	q6 [label = "q6"];
	q7 [label = "q7"];
	q8 [label = "q8", shape = doublecircle, final="true" ];
	q9 [label = "q9", shape = doublecircle, final="true" ];
	q10 [label = "q10", shape = doublecircle, final="true" ];
	q11 [label = "q11", shape = doublecircle, final="true" ];
	q12 [label = "q12", shape = doublecircle, final="true" ];
	q13 [label = "q13"];
	q14 [label = "q14"];
	q15 [label = "q15"];
	q16 [label = "q16", shape = doublecircle, final="true" ];
	q17 [label = "q17", shape = doublecircle, final="true" ];
	q18 [label = "q18"];
	q19 [label = "q19", shape = doublecircle, final="true" ];
	q20 [label = "q20", shape = doublecircle, final="true" ];
	q21 [label = "q21"];
	q22 [label = "q22"];
	q23 [label = "q23"];
	q24 [label = "q24", shape = doublecircle, final="true" ];
	q25 [label = "q25"];
	s0 -> q11
	q18 -> q22 [label = "c"];
	q18 -> q21 [label = "c"];
	q18 -> q7 [label = "c"];
	q20 -> q12 [label = "b"];
	q22 -> q24 [label = "a"];
	q5 -> q1 [label = "b, c"];
	q22 -> q12 [label = "a, b"];
	q17 -> q15 [label = "a"];
	q0 -> q22 [label = "c"];
	q7 -> q23 [label = "b, c"];
	q0 -> q6 [label = "c"];
	q3 -> q14 [label = "b, c"];
	q10 -> q1 [label = "a, b"];
	q25 -> q16 [label = "a, b"];
	q11 -> q19 [label = "a, b"];
	q5 -> q13 [label = "a"];
	q6 -> q8 [label = "b"];
	q18 -> q6 [label = "c"];
	q13 -> q10 [label = "a"];
	q2 -> q24 [label = "a"];
	q7 -> q21 [label = "c"];
	q8 -> q1 [label = "b"];
	q0 -> q18 [label = "a"];
	q22 -> q21 [label = "c"];
	q0 -> q15 [label = "a, b, c"];
	q24 -> q17 [label = "a, b"];
	q3 -> q12 [label = "a, b"];
	q0 -> q1 [label = "c"];
	q0 -> q9 [label = "a, b"];
	q22 -> q16 [label = "a"];
	q4 -> q15 [label = "a, b, c"];
	q19 -> q8 [label = "b"];
	q6 -> q23 [label = "c"];
	q4 -> q1 [label = "b, c"];
	q6 -> q17 [label = "b"];
	q24 -> q9 [label = "b"];
	q17 -> q9 [label = "a"];
	q6 -> q12 [label = "a, b"];
	q24 -> q1 [label = "b, c"];
	q12 -> q14 [label = "c"];
	q10 -> q18 [label = "b"];
	q3 -> q23 [label = "a, b, c"];
	q0 -> q17 [label = "a, b"];
	q10 -> q6 [label = "c"];
	q14 -> q21 [label = "c"];
	q20 -> q20 [label = "a"];
	q2 -> q0 [label = "a"];
	q10 -> q19 [label = "a, b"];
	q14 -> q17 [label = "b"];
	q25 -> q10 [label = "c"];
	q10 -> q8 [label = "a, b"];
	q25 -> q2 [label = "c"];
	q12 -> q15 [label = "a"];
	q22 -> q1 [label = "b, c"];
	q8 -> q14 [label = "b, c"];
	q0 -> q19 [label = "a"];
	q4 -> q13 [label = "a"];
	q13 -> q22 [label = "c"];
	q13 -> q21 [label = "c"];
	q18 -> q23 [label = "c"];
	q13 -> q15 [label = "b, c"];
	q0 -> q12 [label = "a, b"];
	q10 -> q12 [label = "a, b"];
	q13 -> q7 [label = "c"];
	q13 -> q6 [label = "c"];
	q9 -> q15 [label = "a"];
	q4 -> q14 [label = "b, c"];
	q2 -> q1 [label = "b"];
	q23 -> q16 [label = "a"];
	q4 -> q19 [label = "b"];
	q24 -> q19 [label = "a"];
	q16 -> q14 [label = "c"];
	q14 -> q12 [label = "b"];
	q11 -> q9 [label = "a, b"];
	q3 -> q8 [label = "a, b"];
	q6 -> q21 [label = "c"];
	q24 -> q12 [label = "a, b"];
	q23 -> q12 [label = "a, b"];
	q9 -> q6 [label = "c"];
	q3 -> q19 [label = "a"];
	q11 -> q21 [label = "a"];
	q15 -> q21 [label = "c"];
	q10 -> q23 [label = "b, c"];
	q7 -> q12 [label = "a, b"];
	q6 -> q2 [label = "c"];
	q25 -> q8 [label = "a, b, c"];
	q7 -> q16 [label = "a"];
	q5 -> q19 [label = "b"];
	q4 -> q18 [label = "a"];
	q2 -> q17 [label = "a, b"];
	q15 -> q6 [label = "c"];
	q13 -> q13 [label = "c"];
	q25 -> q4 [label = "a, b"];
	q8 -> q13 [label = "a"];
	q24 -> q23 [label = "c"];
	q2 -> q6 [label = "c"];
	q3 -> q0 [label = "a"];
	q13 -> q18 [label = "c"];
	q25 -> q3 [label = "c"];
	q12 -> q8 [label = "b"];
	q11 -> q20 [label = "a, b"];
	q25 -> q23 [label = "b, c"];
	q8 -> q15 [label = "a, b"];
	q10 -> q9 [label = "a, b"];
	q15 -> q17 [label = "a"];
	q16 -> q18 [label = "a"];
	q25 -> q21 [label = "c"];
	q1 -> q14 [label = "b, c"];
	q8 -> q8 [label = "b"];
	q23 -> q15 [label = "b"];
	q25 -> q17 [label = "b, c"];
	q9 -> q9 [label = "a"];
	q18 -> q14 [label = "b, c"];
	q23 -> q24 [label = "a"];
	q24 -> q6 [label = "c"];
	q11 -> q2 [label = "a"];
	q8 -> q12 [label = "b"];
	q21 -> q23 [label = "b, c"];
	q2 -> q16 [label = "a"];
	q11 -> q14 [label = "a, b"];
	q19 -> q6 [label = "c"];
	q9 -> q12 [label = "b"];
	q15 -> q14 [label = "c"];
	q22 -> q9 [label = "b"];
	q11 -> q1 [label = "a, b"];
	q8 -> q17 [label = "b"];
	q7 -> q2 [label = "c"];
	q11 -> q3 [label = "a"];
	q22 -> q2 [label = "c"];
	q2 -> q14 [label = "b, c"];
	q11 -> q17 [label = "a, b"];
	q24 -> q8 [label = "b"];
	q2 -> q23 [label = "a, b, c"];
	q19 -> q17 [label = "a, b"];
	q24 -> q14 [label = "b, c"];
	q19 -> q9 [label = "a, b"];
	q0 -> q23 [label = "c"];
	q11 -> q23 [label = "a, b"];
	q10 -> q14 [label = "a, b, c"];
	q15 -> q12 [label = "b"];
	q15 -> q7 [label = "c"];
	q19 -> q14 [label = "b, c"];
	q5 -> q20 [label = "b"];
	q8 -> q9 [label = "b"];
	q1 -> q8 [label = "b"];
	q13 -> q1 [label = "c"];
	q9 -> q17 [label = "a"];
	q4 -> q8 [label = "b"];
	q17 -> q12 [label = "b"];
	q11 -> q12 [label = "a, b"];
	q13 -> q2 [label = "c"];
	q1 -> q21 [label = "c"];
	q13 -> q14 [label = "c"];
	q5 -> q9 [label = "b, c"];
	q5 -> q12 [label = "b, c"];
	q20 -> q7 [label = "c"];
	q5 -> q14 [label = "b, c"];
	q5 -> q15 [label = "a, b, c"];
	q6 -> q16 [label = "a"];
	q11 -> q18 [label = "a, b, c"];
	q5 -> q17 [label = "b, c"];
	q1 -> q0 [label = "a"];
	q18 -> q1 [label = "b"];
	q1 -> q16 [label = "a"];
	q3 -> q1 [label = "b"];
	q24 -> q18 [label = "a"];
	q14 -> q16 [label = "a"];
	q3 -> q9 [label = "b"];
	q3 -> q17 [label = "a, b"];
	q7 -> q3 [label = "c"];
	q13 -> q19 [label = "a"];
	q1 -> q1 [label = "b"];
	q1 -> q9 [label = "b"];
	q1 -> q12 [label = "b"];
	q1 -> q15 [label = "b"];
	q18 -> q8 [label = "b"];
	q3 -> q16 [label = "a"];
	q16 -> q9 [label = "b"];
	q2 -> q12 [label = "a, b"];
	q5 -> q8 [label = "b, c"];
	q3 -> q24 [label = "a"];
	q7 -> q8 [label = "a, b"];
	q20 -> q9 [label = "a, b"];
	q3 -> q15 [label = "b"];
	q7 -> q17 [label = "b"];
	q20 -> q17 [label = "a, b"];
	q5 -> q18 [label = "a"];
	q1 -> q6 [label = "c"];
	q1 -> q17 [label = "a, b"];
	q1 -> q7 [label = "c"];
	q17 -> q17 [label = "a"];
	q4 -> q9 [label = "b"];
	q11 -> q15 [label = "a, b, c"];
	q4 -> q12 [label = "b"];
	q4 -> q17 [label = "b"];
	q13 -> q3 [label = "c"];
	q12 -> q12 [label = "b"];
	q20 -> q14 [label = "c"];
	q4 -> q20 [label = "b"];
	q9 -> q7 [label = "c"];
	q2 -> q9 [label = "b"];
	q9 -> q14 [label = "c"];
	q22 -> q23 [label = "c"];
	q23 -> q23 [label = "c"];
	q23 -> q9 [label = "b"];
	q21 -> q8 [label = "a, b"];
	q3 -> q6 [label = "c"];
	q9 -> q21 [label = "c"];
	q9 -> q25 [label = "c"];
	q13 -> q23 [label = "c"];
	q19 -> q12 [label = "b"];
	q13 -> q12 [label = "a, b"];
	q11 -> q10 [label = "a"];
	q13 -> q17 [label = "a, b"];
	q10 -> q22 [label = "c"];
	q11 -> q13 [label = "c"];
	q18 -> q15 [label = "b"];
	q13 -> q9 [label = "b"];
	q20 -> q6 [label = "c"];
	q20 -> q21 [label = "c"];
	q24 -> q22 [label = "c"];
	q20 -> q25 [label = "c"];
	q25 -> q19 [label = "c"];
	q2 -> q15 [label = "b"];
	q20 -> q0 [label = "a"];
	q3 -> q22 [label = "c"];
	q16 -> q15 [label = "a, b, c"];
	q18 -> q9 [label = "b"];
	q18 -> q12 [label = "a, b"];
	q18 -> q17 [label = "a, b"];
	q10 -> q20 [label = "a, b"];
	q22 -> q14 [label = "b, c"];
	q22 -> q15 [label = "b, c"];
	q0 -> q14 [label = "c"];
	q16 -> q12 [label = "b"];
	q16 -> q17 [label = "b"];
	q18 -> q19 [label = "a"];
	q22 -> q8 [label = "b"];
	q25 -> q12 [label = "a, b, c"];
	q22 -> q17 [label = "b"];
	q2 -> q8 [label = "a, b"];
	q14 -> q8 [label = "b"];
	q21 -> q17 [label = "b"];
	q20 -> q13 [label = "a"];
	q25 -> q5 [label = "a, b"];
	q20 -> q15 [label = "a, b"];
	q20 -> q16 [label = "a"];
	q16 -> q1 [label = "c"];
	q19 -> q1 [label = "b"];
	q19 -> q15 [label = "a, b"];
	q24 -> q15 [label = "a, b, c"];
	q23 -> q14 [label = "b, c"];
	q19 -> q20 [label = "a"];
	q21 -> q12 [label = "a, b"];
	q23 -> q1 [label = "b"];
	q10 -> q17 [label = "a, b"];
	q23 -> q8 [label = "b"];
	q10 -> q15 [label = "a, b"];
	q23 -> q17 [label = "b"];
	q7 -> q4 [label = "a"];
	q21 -> q16 [label = "a"];
	q17 -> q6 [label = "c"];
	q11 -> q8 [label = "a, b"];
	q17 -> q14 [label = "c"];
}
NFA size: 26 states

AL* output after 17 EQ and 6751 MQ:
digraph finite_state_machine {
	rankdir=LR;
	node [shape = circle];
	s0 [shape = point, style = invis, start="true" ];
	s1 [shape = point, style = invis, start="true" ];
	q0 [label = "q0"];
	q1 [label = "q1", shape = doublecircle, final="true" ];
	q2 [label = "q2", shape = doublecircle, final="true" ];
	q3 [label = "q3", shape = doublecircle, final="true" ];
	q4 [label = "q4", shape = doublecircle, final="true" ];
	q5 [label = "q5", shape = doublecircle, final="true" ];
	q6 [label = "q6"];
	q7 [label = "q7", shape = doublecircle, final="true" ];
	m0 [label = "", shape = square, style = filled, color=grey, fixedsize=true, width=.2];
	m1 [label = "", shape = square, style = filled, color=grey, fixedsize=true, width=.2];
	m2 [label = "", shape = square, style = filled, color=grey, fixedsize=true, width=.2];
	m3 [label = "", shape = square, style = filled, color=grey, fixedsize=true, width=.2];
	m4 [label = "", shape = square, style = filled, color=grey, fixedsize=true, width=.2];
	m5 [label = "", shape = square, style = filled, color=grey, fixedsize=true, width=.2];
	m6 [label = "", shape = square, style = filled, color=grey, fixedsize=true, width=.2];
	m7 [label = "", shape = square, style = filled, color=grey, fixedsize=true, width=.2];
	m8 [label = "", shape = square, style = filled, color=grey, fixedsize=true, width=.2];
	m9 [label = "", shape = square, style = filled, color=grey, fixedsize=true, width=.2];
	m10 [label = "", shape = square, style = filled, color=grey, fixedsize=true, width=.2];
	m11 [label = "", shape = square, style = filled, color=grey, fixedsize=true, width=.2];
	m12 [label = "", shape = square, style = filled, color=grey, fixedsize=true, width=.2];
	m13 [label = "", shape = square, style = filled, color=grey, fixedsize=true, width=.2];
	s0 -> m0
	s1 -> m1
	q3 -> q6 [label = "c"];
	q7 -> m5 [label = "a"];
	q2 -> m13 [label = "c"];
	q2 -> m12 [label = "c"];
	q4 -> m8 [label = "b"];
	q4 -> m6 [label = "b"];
	q5 -> m6 [label = "b"];
	q5 -> m2 [label = "a"];
	q5 -> m9 [label = "b"];
	q7 -> m3 [label = "b"];
	q7 -> m7 [label = "b"];
	q3 -> m1 [label = "a"];
	q3 -> m0 [label = "a, c"];
	q1 -> q6 [label = "c"];
	q3 -> m7 [label = "a"];
	q1 -> m3 [label = "b"];
	q3 -> m5 [label = "a, b"];
	q1 -> m0 [label = "a"];
	q2 -> m2 [label = "c"];
	q1 -> m7 [label = "a, b"];
	q6 -> m1 [label = "c"];
	q2 -> m7 [label = "a, b"];
	q0 -> m7 [label = "b"];
	q2 -> m6 [label = "a, b"];
	q5 -> m0 [label = "a"];
	q2 -> m5 [label = "a, b"];
	q4 -> m5 [label = "a, b"];
	q6 -> m7 [label = "c"];
	q0 -> m3 [label = "b"];
	q0 -> m1 [label = "a"];
	q4 -> m2 [label = "c"];
	q7 -> q6 [label = "c"];
	q0 -> m12 [label = "c"];
	q4 -> m3 [label = "b, c"];
	q4 -> m0 [label = "c"];
	q0 -> m2 [label = "c"];
	q2 -> m3 [label = "a, b, c"];
	q2 -> m9 [label = "a"];
	q6 -> q5 [label = "a, b"];
	q3 -> m3 [label = "b"];
	q1 -> m6 [label = "a"];
	q0 -> m4 [label = "a"];
	q5 -> m3 [label = "a, b, c"];
	q0 -> m5 [label = "b"];
	q0 -> m11 [label = "c"];
	q2 -> m8 [label = "b"];
	q1 -> m5 [label = "a, b"];
	q6 -> m10 [label = "b"];
	q4 -> m7 [label = "a, b"];
	q4 -> m1 [label = "a"];
	q5 -> m5 [label = "b, c"];
	q0 -> m0 [label = "c"];
	q5 -> m7 [label = "b, c"];
	m0 -> q0;
	m0 -> q3;
	m0 -> q4;
	m1 -> q2;
	m1 -> q4;
	m2 -> q0;
	m2 -> q1;
	m2 -> q3;
	m2 -> q6;
	m2 -> q7;
	m3 -> q0;
	m3 -> q1;
	m3 -> q2;
	m3 -> q4;
	m3 -> q5;
	m3 -> q6;
	m3 -> q7;
	m4 -> q0;
	m4 -> q1;
	m4 -> q2;
	m4 -> q3;
	m4 -> q5;
	m4 -> q6;
	m4 -> q7;
	m5 -> q1;
	m5 -> q3;
	m5 -> q7;
	m6 -> q1;
	m6 -> q2;
	m6 -> q3;
	m6 -> q4;
	m6 -> q6;
	m7 -> q1;
	m7 -> q3;
	m7 -> q5;
	m8 -> q0;
	m8 -> q2;
	m8 -> q3;
	m8 -> q4;
	m9 -> q0;
	m9 -> q1;
	m9 -> q2;
	m9 -> q3;
	m9 -> q4;
	m10 -> q1;
	m10 -> q2;
	m10 -> q3;
	m10 -> q4;
	m10 -> q7;
	m11 -> q2;
	m11 -> q4;
	m11 -> q6;
	m12 -> q1;
	m12 -> q3;
	m12 -> q5;
	m12 -> q6;
	m13 -> q0;
	m13 -> q3;
	m13 -> q4;
	m13 -> q5;
}
AFA size: 8 states

