Random target AFA:
digraph finite_state_machine {
	rankdir=LR;
	node [shape = circle];
	s0 [shape = point, style = invis, start="true" ];
	s1 [shape = point, style = invis, start="true" ];
	q0 [label = "q0"];
	q1 [label = "q1"];
	q2 [label = "q2"];
	q3 [label = "q3"];
	q4 [label = "q4", shape = doublecircle, final="true" ];
	q5 [label = "q5"];
	m0 [label = "", shape = square, style = filled, color=grey, fixedsize=true, width=.2];
	m1 [label = "", shape = square, style = filled, color=grey, fixedsize=true, width=.2];
	m2 [label = "", shape = square, style = filled, color=grey, fixedsize=true, width=.2];
	m3 [label = "", shape = square, style = filled, color=grey, fixedsize=true, width=.2];
	m4 [label = "", shape = square, style = filled, color=grey, fixedsize=true, width=.2];
	m5 [label = "", shape = square, style = filled, color=grey, fixedsize=true, width=.2];
	m6 [label = "", shape = square, style = filled, color=grey, fixedsize=true, width=.2];
	m7 [label = "", shape = square, style = filled, color=grey, fixedsize=true, width=.2];
	m8 [label = "", shape = square, style = filled, color=grey, fixedsize=true, width=.2];
	m9 [label = "", shape = square, style = filled, color=grey, fixedsize=true, width=.2];
	m10 [label = "", shape = square, style = filled, color=grey, fixedsize=true, width=.2];
	m11 [label = "", shape = square, style = filled, color=grey, fixedsize=true, width=.2];
	s0 -> q1
	s1 -> q2
	q5 -> m8 [label = "a"];
	q3 -> q3 [label = "a"];
	q3 -> m7 [label = "a"];
	q1 -> q3 [label = "b"];
	q3 -> m10 [label = "c"];
	q4 -> q2 [label = "b"];
	q1 -> q0 [label = "b"];
	q1 -> q5 [label = "a, c"];
	q3 -> m11 [label = "c"];
	q4 -> m1 [label = "c"];
	q3 -> m1 [label = "b"];
	q0 -> q2 [label = "b"];
	q0 -> m5 [label = "c"];
	q4 -> m0 [label = "b, c"];
	q0 -> m2 [label = "a"];
	q2 -> m9 [label = "c"];
	q5 -> q2 [label = "a"];
	q2 -> q5 [label = "b"];
	q2 -> m3 [label = "b"];
	q0 -> q0 [label = "a"];
	q0 -> q1 [label = "b, c"];
	q5 -> q4 [label = "b"];
	q2 -> m4 [label = "a"];
	q2 -> q2 [label = "c"];
	q1 -> q2 [label = "c"];
	q5 -> q0 [label = "b, c"];
	q4 -> m6 [label = "a"];
	q4 -> q3 [label = "a"];
	m0 -> q1;
	m0 -> q4;
	m1 -> q2;
	m1 -> q5;
	m2 -> q0;
	m2 -> q3;
	m3 -> q0;
	m3 -> q2;
	m4 -> q3;
	m4 -> q4;
	m5 -> q0;
	m5 -> q4;
	m6 -> q4;
	m6 -> q5;
	m7 -> q0;
	m7 -> q5;
	m8 -> q1;
	m8 -> q3;
	m9 -> q0;
	m9 -> q1;
	m10 -> q2;
	m10 -> q4;
	m11 -> q2;
	m11 -> q3;
}

L* output after 12 EQ and 25029 MQ:
digraph finite_state_machine {
	rankdir=LR;
	node [shape = circle];
	s0 [shape = point, style = invis, start="true" ];
	q0 [label = "q0"];
	q1 [label = "q1"];
	q2 [label = "q2"];
	q3 [label = "q3"];
	q4 [label = "q4"];
	q5 [label = "q5"];
	q6 [label = "q6"];
	q7 [label = "q7"];
	q8 [label = "q8"];
	q9 [label = "q9"];
	q10 [label = "q10"];
	q11 [label = "q11"];
	q12 [label = "q12"];
	q13 [label = "q13"];
	q14 [label = "q14"];
	q15 [label = "q15"];
	q16 [label = "q16"];
	q17 [label = "q17"];
	q18 [label = "q18"];
	q19 [label = "q19"];
	q20 [label = "q20"];
	q21 [label = "q21"];
	q22 [label = "q22"];
	q23 [label = "q23"];
	q24 [label = "q24"];
	q25 [label = "q25"];
	q26 [label = "q26"];
	q27 [label = "q27"];
	q28 [label = "q28"];
	q29 [label = "q29"];
	q30 [label = "q30"];
	q31 [label = "q31"];
	q32 [label = "q32"];
	q33 [label = "q33"];
	q34 [label = "q34"];
	q35 [label = "q35"];
	q36 [label = "q36"];
	q37 [label = "q37"];
	q38 [label = "q38"];
	q39 [label = "q39"];
	q40 [label = "q40"];
	q41 [label = "q41"];
	q42 [label = "q42"];
	q43 [label = "q43"];
	q44 [label = "q44"];
	q45 [label = "q45"];
	q46 [label = "q46"];
	q47 [label = "q47"];
	q48 [label = "q48"];
	q49 [label = "q49"];
	q50 [label = "q50"];
	q51 [label = "q51"];
	q52 [label = "q52"];
	q53 [label = "q53"];
	q54 [label = "q54"];
	q55 [label = "q55"];
	q56 [label = "q56"];
	q57 [label = "q57"];
	q58 [label = "q58"];
	q59 [label = "q59"];
	q60 [label = "q60"];
	q61 [label = "q61"];
	q62 [label = "q62"];
	q63 [label = "q63"];
	q64 [label = "q64"];
	q65 [label = "q65", shape = doublecircle, final="true" ];
	q66 [label = "q66"];
	q67 [label = "q67"];
	q68 [label = "q68"];
	q69 [label = "q69"];
	q70 [label = "q70"];
	q71 [label = "q71"];
	q72 [label = "q72"];
	q73 [label = "q73", shape = doublecircle, final="true" ];
	q74 [label = "q74"];
	q75 [label = "q75"];
	q76 [label = "q76"];
	q77 [label = "q77"];
	q78 [label = "q78"];
	q79 [label = "q79"];
	q80 [label = "q80"];
	q81 [label = "q81"];
	q82 [label = "q82"];
	q83 [label = "q83", shape = doublecircle, final="true" ];
	q84 [label = "q84"];
	q85 [label = "q85"];
	q86 [label = "q86"];
	q87 [label = "q87", shape = doublecircle, final="true" ];
	q88 [label = "q88", shape = doublecircle, final="true" ];
	q89 [label = "q89"];
	q90 [label = "q90", shape = doublecircle, final="true" ];
	q91 [label = "q91"];
	q92 [label = "q92"];
	q93 [label = "q93"];
	q94 [label = "q94"];
	q95 [label = "q95"];
	q96 [label = "q96"];
	q97 [label = "q97"];
	q98 [label = "q98"];
	q99 [label = "q99"];
	q100 [label = "q100"];
	q101 [label = "q101"];
	q102 [label = "q102"];
	q103 [label = "q103"];
	q104 [label = "q104"];
	q105 [label = "q105"];
	q106 [label = "q106"];
	q107 [label = "q107"];
	q108 [label = "q108"];
	q109 [label = "q109"];
	q110 [label = "q110"];
	q111 [label = "q111"];
	q112 [label = "q112"];
	q113 [label = "q113"];
	q114 [label = "q114"];
	q115 [label = "q115"];
	q116 [label = "q116"];
	q117 [label = "q117"];
	q118 [label = "q118"];
	q119 [label = "q119"];
	q120 [label = "q120"];
	q121 [label = "q121"];
	q122 [label = "q122"];
	s0 -> q80
	q87 -> q78 [label = "a"];
	q84 -> q87 [label = "b"];
	q82 -> q60 [label = "c"];
	q86 -> q99 [label = "a"];
	q85 -> q42 [label = "a"];
	q83 -> q43 [label = "a"];
	q81 -> q83 [label = "b"];
	q87 -> q77 [label = "c"];
	q81 -> q82 [label = "a"];
	q85 -> q117 [label = "c"];
	q80 -> q84 [label = "c"];
	q86 -> q22 [label = "c"];
	q80 -> q81 [label = "a"];
	q75 -> q74 [label = "c"];
	q76 -> q73 [label = "b"];
	q79 -> q89 [label = "b"];
	q75 -> q41 [label = "a"];
	q75 -> q90 [label = "b"];
	q78 -> q70 [label = "b"];
	q72 -> q69 [label = "c"];
	q78 -> q101 [label = "c"];
	q74 -> q91 [label = "a"];
	q72 -> q40 [label = "b"];
	q76 -> q21 [label = "c"];
	q74 -> q89 [label = "b"];
	q69 -> q103 [label = "a"];
	q67 -> q37 [label = "a"];
	q67 -> q65 [label = "b"];
	q65 -> q20 [label = "a"];
	q68 -> q38 [label = "a"];
	q66 -> q66 [label = "a"];
	q77 -> q91 [label = "a"];
	q64 -> q97 [label = "b"];
	q68 -> q23 [label = "c"];
	q61 -> q23 [label = "b"];
	q59 -> q41 [label = "c"];
	q58 -> q54 [label = "c"];
	q57 -> q53 [label = "c"];
	q57 -> q65 [label = "b"];
	q62 -> q40 [label = "b"];
	q60 -> q32 [label = "a"];
	q74 -> q76 [label = "c"];
	q56 -> q51 [label = "c"];
	q62 -> q63 [label = "c"];
	q84 -> q98 [label = "a"];
	q56 -> q52 [label = "b"];
	q60 -> q8 [label = "c"];
	q69 -> q58 [label = "c"];
	q58 -> q57 [label = "b"];
	q55 -> q66 [label = "a"];
	q51 -> q8 [label = "c"];
	q54 -> q122 [label = "a"];
	q50 -> q120 [label = "c"];
	q55 -> q15 [label = "b"];
	q84 -> q79 [label = "c"];
	q78 -> q85 [label = "a"];
	q49 -> q54 [label = "c"];
	q55 -> q29 [label = "c"];
	q51 -> q32 [label = "a"];
	q71 -> q68 [label = "c"];
	q53 -> q71 [label = "c"];
	q64 -> q85 [label = "a"];
	q54 -> q21 [label = "b"];
	q15 -> q16 [label = "b"];
	q40 -> q8 [label = "c"];
	q29 -> q92 [label = "a"];
	q40 -> q9 [label = "b"];
	q41 -> q42 [label = "a"];
	q22 -> q79 [label = "c"];
	q44 -> q35 [label = "a"];
	q106 -> q55 [label = "a"];
	q76 -> q59 [label = "a"];
	q45 -> q46 [label = "c"];
	q43 -> q80 [label = "b"];
	q43 -> q85 [label = "a"];
	q58 -> q30 [label = "a"];
	q29 -> q113 [label = "c"];
	q86 -> q23 [label = "b"];
	q56 -> q92 [label = "a"];
	q99 -> q83 [label = "b"];
	q47 -> q44 [label = "c"];
	q47 -> q108 [label = "b"];
	q45 -> q48 [label = "a"];
	q10 -> q115 [label = "c"];
	q63 -> q115 [label = "c"];
	q92 -> q72 [label = "c"];
	q88 -> q89 [label = "b"];
	q89 -> q90 [label = "b"];
	q89 -> q89 [label = "c"];
	q116 -> q35 [label = "a"];
	q13 -> q18 [label = "b"];
	q94 -> q19 [label = "b"];
	q93 -> q105 [label = "a"];
	q94 -> q92 [label = "a"];
	q93 -> q95 [label = "b"];
	q98 -> q57 [label = "b"];
	q37 -> q60 [label = "c"];
	q90 -> q90 [label = "b"];
	q106 -> q112 [label = "c"];
	q70 -> q75 [label = "c"];
	q9 -> q65 [label = "b"];
	q41 -> q70 [label = "b"];
	q96 -> q58 [label = "c"];
	q79 -> q71 [label = "c"];
	q39 -> q86 [label = "c"];
	q12 -> q70 [label = "b"];
	q97 -> q18 [label = "b"];
	q19 -> q54 [label = "c"];
	q42 -> q42 [label = "a"];
	q102 -> q36 [label = "c"];
	q63 -> q33 [label = "a"];
	q53 -> q74 [label = "b"];
	q103 -> q110 [label = "b"];
	q52 -> q95 [label = "b"];
	q105 -> q111 [label = "c"];
	q29 -> q13 [label = "b"];
	q82 -> q92 [label = "a"];
	q95 -> q74 [label = "b"];
	q79 -> q118 [label = "a"];
	q28 -> q99 [label = "a"];
	q48 -> q47 [label = "b"];
	q69 -> q39 [label = "b"];
	q95 -> q104 [label = "c"];
	q99 -> q98 [label = "a"];
	q114 -> q55 [label = "a"];
	q105 -> q121 [label = "b"];
	q70 -> q87 [label = "b"];
	q102 -> q98 [label = "a"];
	q16 -> q104 [label = "c"];
	q8 -> q122 [label = "a"];
	q100 -> q119 [label = "a"];
	q118 -> q42 [label = "a"];
	q71 -> q102 [label = "a"];
	q114 -> q23 [label = "b"];
	q49 -> q30 [label = "a"];
	q117 -> q22 [label = "c"];
	q118 -> q97 [label = "b"];
	q88 -> q91 [label = "a"];
	q70 -> q59 [label = "a"];
	q117 -> q99 [label = "a"];
	q66 -> q94 [label = "c"];
	q98 -> q66 [label = "a"];
	q39 -> q43 [label = "a"];
	q103 -> q120 [label = "c"];
	q116 -> q13 [label = "b"];
	q77 -> q76 [label = "c"];
	q66 -> q93 [label = "b"];
	q112 -> q21 [label = "b"];
	q37 -> q67 [label = "b"];
	q121 -> q15 [label = "b"];
	q19 -> q57 [label = "b"];
	q119 -> q62 [label = "c"];
	q81 -> q85 [label = "c"];
	q90 -> q75 [label = "a"];
	q109 -> q115 [label = "c"];
	q97 -> q17 [label = "c"];
	q23 -> q89 [label = "b"];
	q48 -> q46 [label = "c"];
	q83 -> q86 [label = "c"];
	q119 -> q100 [label = "b"];
	q111 -> q92 [label = "a"];
	q101 -> q21 [label = "b"];
	q118 -> q86 [label = "c"];
	q20 -> q85 [label = "a"];
	q120 -> q11 [label = "b"];
	q59 -> q98 [label = "a"];
	q115 -> q18 [label = "b"];
	q113 -> q18 [label = "b"];
	q115 -> q112 [label = "c"];
	q15 -> q114 [label = "c"];
	q92 -> q66 [label = "a"];
	q44 -> q15 [label = "b"];
	q100 -> q109 [label = "c"];
	q113 -> q115 [label = "c"];
	q46 -> q10 [label = "c"];
	q108 -> q16 [label = "b"];
	q18 -> q78 [label = "a"];
	q120 -> q10 [label = "c"];
	q112 -> q14 [label = "c"];
	q36 -> q42 [label = "a"];
	q88 -> q76 [label = "c"];
	q42 -> q28 [label = "c"];
	q89 -> q75 [label = "a"];
	q57 -> q38 [label = "a"];
	q31 -> q93 [label = "b"];
	q109 -> q122 [label = "a"];
	q77 -> q74 [label = "b"];
	q114 -> q14 [label = "c"];
	q120 -> q32 [label = "a"];
	q90 -> q89 [label = "c"];
	q6 -> q109 [label = "c"];
	q122 -> q121 [label = "b"];
	q39 -> q97 [label = "b"];
	q107 -> q92 [label = "a"];
	q93 -> q106 [label = "c"];
	q10 -> q39 [label = "b"];
	q63 -> q39 [label = "b"];
	q115 -> q55 [label = "a"];
	q49 -> q15 [label = "b"];
	q122 -> q66 [label = "a"];
	q110 -> q34 [label = "a"];
	q94 -> q96 [label = "c"];
	q119 -> q56 [label = "a"];
	q46 -> q6 [label = "b"];
	q110 -> q15 [label = "b"];
	q35 -> q66 [label = "a"];
	q101 -> q22 [label = "c"];
	q11 -> q3 [label = "a"];
	q85 -> q80 [label = "b"];
	q53 -> q118 [label = "a"];
	q91 -> q77 [label = "c"];
	q91 -> q88 [label = "b"];
	q95 -> q118 [label = "a"];
	q111 -> q63 [label = "c"];
	q116 -> q113 [label = "c"];
	q23 -> q20 [label = "a"];
	q11 -> q106 [label = "c"];
	q91 -> q41 [label = "a"];
	q52 -> q50 [label = "a"];
	q113 -> q33 [label = "a"];
	q40 -> q119 [label = "a"];
	q112 -> q55 [label = "a"];
	q109 -> q16 [label = "b"];
	q64 -> q101 [label = "c"];
	q61 -> q13 [label = "c"];
	q44 -> q8 [label = "c"];
	q122 -> q111 [label = "c"];
	q111 -> q0 [label = "b"];
	q98 -> q107 [label = "c"];
	q60 -> q9 [label = "b"];
	q108 -> q55 [label = "a"];
	q7 -> q30 [label = "a"];
	q33 -> q30 [label = "a"];
	q105 -> q56 [label = "a"];
	q121 -> q31 [label = "a"];
	q51 -> q7 [label = "b"];
	q24 -> q7 [label = "b"];
	q102 -> q65 [label = "b"];
	q35 -> q62 [label = "c"];
	q107 -> q22 [label = "b"];
	q104 -> q102 [label = "a"];
	q108 -> q114 [label = "c"];
	q42 -> q80 [label = "b"];
	q106 -> q16 [label = "b"];
	q18 -> q88 [label = "b"];
	q62 -> q92 [label = "a"];
	q36 -> q97 [label = "b"];
	q38 -> q30 [label = "a"];
	q34 -> q51 [label = "c"];
	q2 -> q62 [label = "c"];
	q3 -> q111 [label = "c"];
	q37 -> q35 [label = "a"];
	q121 -> q61 [label = "c"];
	q33 -> q111 [label = "c"];
	q21 -> q74 [label = "c"];
	q73 -> q74 [label = "c"];
	q107 -> q113 [label = "c"];
	q38 -> q57 [label = "b"];
	q34 -> q35 [label = "a"];
	q32 -> q72 [label = "c"];
	q38 -> q107 [label = "c"];
	q36 -> q101 [label = "c"];
	q34 -> q52 [label = "b"];
	q17 -> q98 [label = "a"];
	q32 -> q27 [label = "a"];
	q31 -> q30 [label = "a"];
	q3 -> q121 [label = "b"];
	q27 -> q24 [label = "c"];
	q30 -> q66 [label = "a"];
	q26 -> q113 [label = "c"];
	q20 -> q86 [label = "c"];
	q28 -> q12 [label = "b"];
	q104 -> q68 [label = "c"];
	q25 -> q78 [label = "c"];
	q87 -> q88 [label = "b"];
	q65 -> q74 [label = "b"];
	q31 -> q26 [label = "c"];
	q14 -> q4 [label = "a"];
	q72 -> q92 [label = "a"];
	q101 -> q99 [label = "a"];
	q27 -> q92 [label = "a"];
	q1 -> q110 [label = "b"];
	q61 -> q122 [label = "a"];
	q25 -> q87 [label = "b"];
	q73 -> q78 [label = "a"];
	q1 -> q92 [label = "a"];
	q27 -> q52 [label = "b"];
	q25 -> q37 [label = "a"];
	q30 -> q93 [label = "b"];
	q7 -> q61 [label = "c"];
	q103 -> q35 [label = "a"];
	q43 -> q117 [label = "c"];
	q24 -> q5 [label = "c"];
	q30 -> q26 [label = "c"];
	q28 -> q25 [label = "c"];
	q26 -> q19 [label = "b"];
	q16 -> q20 [label = "a"];
	q68 -> q73 [label = "b"];
	q21 -> q90 [label = "b"];
	q97 -> q102 [label = "a"];
	q110 -> q116 [label = "c"];
	q9 -> q98 [label = "a"];
	q11 -> q95 [label = "b"];
	q13 -> q112 [label = "c"];
	q117 -> q12 [label = "b"];
	q8 -> q115 [label = "c"];
	q41 -> q101 [label = "c"];
	q12 -> q43 [label = "a"];
	q59 -> q87 [label = "b"];
	q14 -> q21 [label = "b"];
	q50 -> q110 [label = "b"];
	q22 -> q87 [label = "b"];
	q8 -> q18 [label = "b"];
	q10 -> q122 [label = "a"];
	q73 -> q90 [label = "b"];
	q47 -> q45 [label = "a"];
	q14 -> q14 [label = "c"];
	q65 -> q104 [label = "c"];
	q12 -> q101 [label = "c"];
	q4 -> q29 [label = "c"];
	q0 -> q105 [label = "a"];
	q96 -> q103 [label = "a"];
	q2 -> q100 [label = "b"];
	q0 -> q91 [label = "b"];
	q2 -> q27 [label = "a"];
	q6 -> q108 [label = "b"];
	q17 -> q73 [label = "b"];
	q4 -> q30 [label = "a"];
	q5 -> q58 [label = "c"];
	q35 -> q100 [label = "b"];
	q3 -> q27 [label = "a"];
	q7 -> q15 [label = "b"];
	q100 -> q108 [label = "b"];
	q33 -> q121 [label = "b"];
	q5 -> q1 [label = "a"];
	q83 -> q97 [label = "b"];
	q1 -> q120 [label = "c"];
	q71 -> q21 [label = "b"];
	q6 -> q2 [label = "a"];
	q16 -> q74 [label = "b"];
	q92 -> q100 [label = "b"];
	q4 -> q15 [label = "b"];
	q26 -> q92 [label = "a"];
	q15 -> q4 [label = "a"];
	q5 -> q18 [label = "b"];
	q96 -> q18 [label = "b"];
	q50 -> q48 [label = "a"];
	q80 -> q91 [label = "b"];
	q9 -> q53 [label = "c"];
	q13 -> q4 [label = "a"];
	q23 -> q71 [label = "c"];
	q19 -> q31 [label = "a"];
	q99 -> q85 [label = "c"];
	q104 -> q23 [label = "b"];
	q0 -> q115 [label = "c"];
	q20 -> q97 [label = "b"];
	q21 -> q78 [label = "a"];
	q24 -> q32 [label = "a"];
	q17 -> q23 [label = "c"];
	q67 -> q64 [label = "c"];
	q32 -> q100 [label = "b"];
	q22 -> q38 [label = "a"];
	q18 -> q77 [label = "c"];
	q46 -> q32 [label = "a"];
	q45 -> q47 [label = "b"];
	q48 -> q92 [label = "a"];
	q52 -> q49 [label = "c"];
	q82 -> q67 [label = "b"];
	q54 -> q13 [label = "c"];
}
DFA size: 123 states

NL* output after 10 EQ and 6134 MQ:
digraph finite_state_machine {
	rankdir=LR;
	node [shape = circle];
	s0 [shape = point, style = invis, start="true" ];
	s1 [shape = point, style = invis, start="true" ];
	s2 [shape = point, style = invis, start="true" ];
	s3 [shape = point, style = invis, start="true" ];
	s4 [shape = point, style = invis, start="true" ];
	s5 [shape = point, style = invis, start="true" ];
	s6 [shape = point, style = invis, start="true" ];
	s7 [shape = point, style = invis, start="true" ];
	s8 [shape = point, style = invis, start="true" ];
	q0 [label = "q0"];
	q1 [label = "q1"];
	q2 [label = "q2"];
	q3 [label = "q3"];
	q4 [label = "q4"];
	q5 [label = "q5"];
	q6 [label = "q6"];
	q7 [label = "q7"];
	q8 [label = "q8"];
	q9 [label = "q9"];
	q10 [label = "q10"];
	q11 [label = "q11"];
	q12 [label = "q12"];
	q13 [label = "q13"];
	q14 [label = "q14"];
	q15 [label = "q15"];
	q16 [label = "q16"];
	q17 [label = "q17"];
	q18 [label = "q18"];
	q19 [label = "q19", shape = doublecircle, final="true" ];
	q20 [label = "q20"];
	q21 [label = "q21"];
	q22 [label = "q22"];
	q23 [label = "q23"];
	q24 [label = "q24"];
	q25 [label = "q25"];
	q26 [label = "q26"];
	s0 -> q4
	s1 -> q6
	s2 -> q10
	s3 -> q11
	s4 -> q13
	s5 -> q16
	s6 -> q21
	s7 -> q25
	s8 -> q26
	q20 -> q14 [label = "b"];
	q20 -> q11 [label = "b"];
	q23 -> q10 [label = "b"];
	q17 -> q15 [label = "c"];
	q23 -> q4 [label = "b"];
	q17 -> q13 [label = "b"];
	q17 -> q11 [label = "b"];
	q17 -> q10 [label = "b"];
	q19 -> q18 [label = "b"];
	q19 -> q1 [label = "b"];
	q17 -> q24 [label = "a"];
	q17 -> q23 [label = "a"];
	q17 -> q17 [label = "a"];
	q21 -> q26 [label = "c"];
	q21 -> q18 [label = "c"];
	q16 -> q7 [label = "c"];
	q20 -> q18 [label = "a"];
	q20 -> q2 [label = "a, b"];
	q22 -> q15 [label = "b"];
	q18 -> q17 [label = "a"];
	q16 -> q20 [label = "b"];
	q16 -> q16 [label = "c"];
	q16 -> q17 [label = "b"];
	q16 -> q13 [label = "b, c"];
	q16 -> q12 [label = "b, c"];
	q16 -> q9 [label = "b, c"];
	q16 -> q4 [label = "b, c"];
	q16 -> q2 [label = "b, c"];
	q16 -> q1 [label = "b"];
	q16 -> q0 [label = "b"];
	q22 -> q26 [label = "c"];
	q22 -> q23 [label = "b, c"];
	q22 -> q18 [label = "c"];
	q22 -> q13 [label = "b, c"];
	q22 -> q12 [label = "a, b, c"];
	q22 -> q10 [label = "b, c"];
	q22 -> q9 [label = "a, b, c"];
	q22 -> q4 [label = "b, c"];
	q22 -> q0 [label = "b, c"];
	q18 -> q25 [label = "b"];
	q18 -> q14 [label = "b"];
	q18 -> q11 [label = "b"];
	q18 -> q9 [label = "b"];
	q18 -> q1 [label = "b"];
	q18 -> q0 [label = "b"];
	q16 -> q23 [label = "a, b"];
	q20 -> q24 [label = "a, b, c"];
	q20 -> q23 [label = "b, c"];
	q20 -> q17 [label = "b, c"];
	q20 -> q15 [label = "b, c"];
	q20 -> q19 [label = "b"];
	q20 -> q12 [label = "a, b, c"];
	q20 -> q10 [label = "b, c"];
	q20 -> q0 [label = "b, c"];
	q23 -> q11 [label = "b"];
	q15 -> q23 [label = "a"];
	q13 -> q13 [label = "b"];
	q13 -> q6 [label = "b"];
	q13 -> q4 [label = "b"];
	q14 -> q12 [label = "a"];
	q12 -> q11 [label = "b"];
	q15 -> q17 [label = "a"];
	q10 -> q9 [label = "c"];
	q4 -> q6 [label = "b, c"];
	q21 -> q1 [label = "a, b, c"];
	q22 -> q24 [label = "b, c"];
	q4 -> q2 [label = "b, c"];
	q8 -> q17 [label = "a"];
	q5 -> q16 [label = "c"];
	q8 -> q24 [label = "a"];
	q26 -> q2 [label = "b"];
	q6 -> q5 [label = "c"];
	q14 -> q10 [label = "c"];
	q0 -> q12 [label = "c"];
	q8 -> q21 [label = "b"];
	q6 -> q6 [label = "b, c"];
	q8 -> q16 [label = "b"];
	q18 -> q23 [label = "a, b"];
	q25 -> q24 [label = "b, c"];
	q26 -> q1 [label = "b"];
	q15 -> q14 [label = "c"];
	q10 -> q12 [label = "c"];
	q14 -> q14 [label = "b"];
	q14 -> q13 [label = "c"];
	q14 -> q9 [label = "b"];
	q19 -> q25 [label = "b, c"];
	q3 -> q14 [label = "a, b, c"];
	q8 -> q6 [label = "b"];
	q11 -> q9 [label = "a, b, c"];
	q3 -> q8 [label = "b"];
	q19 -> q5 [label = "b, c"];
	q13 -> q10 [label = "b, c"];
	q11 -> q24 [label = "b, c"];
	q15 -> q9 [label = "c"];
	q17 -> q4 [label = "b"];
	q11 -> q23 [label = "b"];
	q7 -> q6 [label = "b"];
	q11 -> q17 [label = "b"];
	q25 -> q1 [label = "b, c"];
	q11 -> q10 [label = "b, c"];
	q21 -> q8 [label = "b"];
	q8 -> q10 [label = "b"];
	q7 -> q2 [label = "a, b, c"];
	q11 -> q13 [label = "b, c"];
	q22 -> q1 [label = "b, c"];
	q3 -> q2 [label = "a, b"];
	q11 -> q1 [label = "b"];
	q25 -> q6 [label = "b"];
	q6 -> q9 [label = "b, c"];
	q19 -> q26 [label = "b, c"];
	q9 -> q12 [label = "a"];
	q22 -> q11 [label = "b"];
	q4 -> q4 [label = "b, c"];
	q18 -> q13 [label = "c"];
	q19 -> q24 [label = "a, b, c"];
	q19 -> q13 [label = "a, b, c"];
	q11 -> q0 [label = "b"];
	q5 -> q17 [label = "a, b, c"];
	q19 -> q22 [label = "b, c"];
	q26 -> q12 [label = "b"];
	q22 -> q17 [label = "b, c"];
	q25 -> q12 [label = "b, c"];
	q19 -> q6 [label = "b, c"];
	q5 -> q7 [label = "c"];
	q8 -> q4 [label = "b"];
	q24 -> q11 [label = "b"];
	q11 -> q4 [label = "b, c"];
	q1 -> q10 [label = "b, c"];
	q25 -> q4 [label = "b, c"];
	q5 -> q24 [label = "b, c"];
	q4 -> q5 [label = "c"];
	q14 -> q0 [label = "b"];
	q25 -> q15 [label = "b"];
	q26 -> q24 [label = "b"];
	q19 -> q11 [label = "b, c"];
	q22 -> q14 [label = "a, b, c"];
	q21 -> q4 [label = "b, c"];
	q10 -> q14 [label = "c"];
	q24 -> q26 [label = "c"];
	q21 -> q12 [label = "b, c"];
	q16 -> q5 [label = "c"];
	q10 -> q26 [label = "c"];
	q3 -> q4 [label = "b"];
	q25 -> q9 [label = "a, b, c"];
	q25 -> q23 [label = "b, c"];
	q0 -> q10 [label = "b, c"];
	q20 -> q9 [label = "b"];
	q26 -> q7 [label = "c"];
	q26 -> q14 [label = "b, c"];
	q19 -> q16 [label = "b"];
	q21 -> q20 [label = "a, b, c"];
	q26 -> q9 [label = "b, c"];
	q22 -> q2 [label = "a, b, c"];
	q24 -> q25 [label = "b"];
	q21 -> q6 [label = "b, c"];
	q21 -> q23 [label = "a, b, c"];
	q0 -> q24 [label = "a"];
	q10 -> q23 [label = "a"];
	q7 -> q12 [label = "a, b, c"];
	q16 -> q10 [label = "b, c"];
	q0 -> q13 [label = "b"];
	q19 -> q7 [label = "b"];
	q26 -> q4 [label = "b"];
	q26 -> q10 [label = "b"];
	q8 -> q13 [label = "b"];
	q24 -> q23 [label = "a"];
	q12 -> q17 [label = "a"];
	q8 -> q8 [label = "a"];
	q8 -> q26 [label = "b, c"];
	q1 -> q14 [label = "b"];
	q25 -> q10 [label = "b, c"];
	q8 -> q15 [label = "c"];
	q25 -> q0 [label = "b, c"];
	q11 -> q2 [label = "b, c"];
	q19 -> q17 [label = "a, b"];
	q5 -> q2 [label = "a, b, c"];
	q25 -> q13 [label = "b, c"];
	q25 -> q14 [label = "a, b, c"];
	q23 -> q15 [label = "c"];
	q25 -> q17 [label = "b, c"];
	q25 -> q2 [label = "b, c"];
	q6 -> q13 [label = "b, c"];
	q11 -> q12 [label = "b, c"];
	q20 -> q1 [label = "b"];
	q19 -> q14 [label = "b, c"];
	q7 -> q14 [label = "b, c"];
	q19 -> q3 [label = "c"];
	q19 -> q0 [label = "a, b"];
	q21 -> q0 [label = "a, b, c"];
	q20 -> q4 [label = "b"];
	q16 -> q26 [label = "c"];
	q16 -> q14 [label = "b, c"];
	q26 -> q13 [label = "b"];
	q21 -> q24 [label = "b, c"];
	q21 -> q2 [label = "b, c"];
	q19 -> q2 [label = "b, c"];
	q24 -> q17 [label = "a"];
	q0 -> q15 [label = "c"];
	q3 -> q12 [label = "a, b"];
	q23 -> q24 [label = "a"];
	q1 -> q0 [label = "b"];
	q3 -> q25 [label = "c"];
	q25 -> q26 [label = "c"];
	q11 -> q26 [label = "c"];
	q3 -> q22 [label = "c"];
	q15 -> q22 [label = "c"];
	q0 -> q11 [label = "b"];
	q21 -> q14 [label = "a, b, c"];
	q26 -> q23 [label = "a, b"];
	q26 -> q17 [label = "b"];
	q7 -> q0 [label = "b, c"];
	q21 -> q9 [label = "a, b, c"];
	q3 -> q0 [label = "a, b, c"];
	q4 -> q9 [label = "b, c"];
	q21 -> q10 [label = "b, c"];
	q22 -> q8 [label = "b"];
	q21 -> q13 [label = "b, c"];
	q26 -> q0 [label = "b"];
	q21 -> q15 [label = "b"];
	q11 -> q14 [label = "b, c"];
	q12 -> q10 [label = "c"];
	q2 -> q10 [label = "c"];
	q6 -> q8 [label = "b"];
	q13 -> q26 [label = "c"];
	q4 -> q17 [label = "b"];
	q20 -> q13 [label = "b, c"];
	q21 -> q17 [label = "b, c"];
	q19 -> q8 [label = "a"];
	q11 -> q6 [label = "b"];
	q19 -> q10 [label = "a, b, c"];
	q19 -> q23 [label = "a, b"];
	q14 -> q1 [label = "b"];
	q18 -> q20 [label = "b"];
	q14 -> q11 [label = "b"];
	q10 -> q13 [label = "b"];
	q2 -> q13 [label = "c"];
	q21 -> q7 [label = "c"];
	q19 -> q4 [label = "b, c"];
	q25 -> q8 [label = "b"];
	q6 -> q2 [label = "b, c"];
	q6 -> q4 [label = "b, c"];
	q12 -> q23 [label = "a"];
	q18 -> q10 [label = "c"];
	q7 -> q20 [label = "b"];
	q6 -> q0 [label = "a, b, c"];
	q19 -> q9 [label = "a, b, c"];
	q7 -> q8 [label = "b"];
	q2 -> q17 [label = "a"];
	q4 -> q12 [label = "b, c"];
	q4 -> q13 [label = "b, c"];
	q4 -> q14 [label = "b, c"];
	q6 -> q26 [label = "c"];
	q8 -> q3 [label = "c"];
	q4 -> q24 [label = "b, c"];
	q20 -> q8 [label = "b, c"];
	q1 -> q1 [label = "b"];
	q2 -> q0 [label = "b"];
	q8 -> q23 [label = "a"];
	q2 -> q1 [label = "b"];
	q4 -> q10 [label = "b, c"];
	q5 -> q0 [label = "a, b, c"];
	q2 -> q11 [label = "b"];
	q9 -> q10 [label = "c"];
	q2 -> q14 [label = "b"];
	q7 -> q13 [label = "b, c"];
	q2 -> q23 [label = "a, b"];
	q10 -> q5 [label = "c"];
	q1 -> q24 [label = "a, b, c"];
	q6 -> q1 [label = "a, b, c"];
	q9 -> q11 [label = "b"];
	q2 -> q9 [label = "b"];
	q6 -> q15 [label = "b"];
	q5 -> q23 [label = "a, b, c"];
	q4 -> q23 [label = "a, b"];
	q8 -> q11 [label = "b"];
	q6 -> q12 [label = "b, c"];
	q13 -> q9 [label = "c"];
	q1 -> q11 [label = "b"];
	q13 -> q2 [label = "c"];
	q6 -> q14 [label = "b, c"];
	q1 -> q4 [label = "b"];
	q6 -> q17 [label = "b, c"];
	q5 -> q13 [label = "b, c"];
	q6 -> q23 [label = "a, b, c"];
	q0 -> q4 [label = "b"];
	q4 -> q0 [label = "a, b"];
	q5 -> q1 [label = "a, b, c"];
	q23 -> q13 [label = "b"];
	q15 -> q11 [label = "b"];
	q5 -> q4 [label = "b, c"];
	q3 -> q17 [label = "a, b"];
	q5 -> q5 [label = "c"];
	q1 -> q15 [label = "c"];
	q5 -> q6 [label = "c"];
	q13 -> q14 [label = "c"];
	q5 -> q9 [label = "b, c"];
	q5 -> q12 [label = "a, b, c"];
	q3 -> q13 [label = "b"];
	q5 -> q14 [label = "b, c"];
	q5 -> q18 [label = "c"];
	q13 -> q12 [label = "c"];
	q5 -> q26 [label = "c"];
	q7 -> q23 [label = "b, c"];
	q18 -> q16 [label = "c"];
	q3 -> q1 [label = "a, b, c"];
	q6 -> q24 [label = "b, c"];
	q3 -> q9 [label = "a, b, c"];
	q21 -> q5 [label = "c"];
	q4 -> q26 [label = "c"];
	q3 -> q10 [label = "b"];
	q3 -> q11 [label = "b, c"];
	q3 -> q16 [label = "b"];
	q3 -> q18 [label = "b"];
	q3 -> q23 [label = "a, b, c"];
	q19 -> q15 [label = "a, c"];
	q7 -> q1 [label = "b, c"];
	q16 -> q18 [label = "c"];
	q3 -> q26 [label = "b"];
	q1 -> q12 [label = "b, c"];
	q21 -> q16 [label = "c"];
	q16 -> q6 [label = "b, c"];
	q10 -> q4 [label = "b"];
	q7 -> q4 [label = "b, c"];
	q6 -> q10 [label = "b, c"];
	q15 -> q10 [label = "b"];
	q18 -> q26 [label = "c"];
	q7 -> q9 [label = "b, c"];
	q8 -> q25 [label = "b"];
	q5 -> q15 [label = "b"];
	q7 -> q10 [label = "b, c"];
	q7 -> q11 [label = "b"];
	q22 -> q16 [label = "c"];
	q3 -> q7 [label = "c"];
	q15 -> q13 [label = "b"];
	q5 -> q10 [label = "b, c"];
	q7 -> q16 [label = "c"];
	q3 -> q15 [label = "b"];
	q7 -> q17 [label = "b, c"];
	q7 -> q18 [label = "c"];
	q1 -> q9 [label = "b"];
	q7 -> q24 [label = "b, c"];
	q7 -> q26 [label = "c"];
	q1 -> q2 [label = "b"];
	q1 -> q13 [label = "b, c"];
	q1 -> q17 [label = "b"];
	q1 -> q23 [label = "b"];
	q3 -> q20 [label = "a, c"];
	q7 -> q15 [label = "b"];
	q4 -> q1 [label = "b"];
	q3 -> q24 [label = "b"];
	q7 -> q25 [label = "b"];
	q5 -> q8 [label = "b"];
	q14 -> q23 [label = "b"];
	q5 -> q11 [label = "b"];
	q10 -> q10 [label = "b, c"];
	q19 -> q12 [label = "a, b, c"];
	q13 -> q23 [label = "a"];
	q15 -> q4 [label = "b"];
	q16 -> q24 [label = "b, c"];
	q13 -> q5 [label = "c"];
	q15 -> q16 [label = "b"];
	q15 -> q26 [label = "b"];
	q19 -> q21 [label = "b"];
	q10 -> q2 [label = "c"];
}
NFA size: 27 states

AL* output after 11 EQ and 2551 MQ:
digraph finite_state_machine {
	rankdir=LR;
	node [shape = circle];
	s0 [shape = point, style = invis, start="true" ];
	s1 [shape = point, style = invis, start="true" ];
	q0 [label = "q0"];
	q1 [label = "q1"];
	q2 [label = "q2"];
	q3 [label = "q3"];
	q4 [label = "q4", shape = doublecircle, final="true" ];
	q5 [label = "q5"];
	q6 [label = "q6"];
	q7 [label = "q7"];
	q8 [label = "q8"];
	m0 [label = "", shape = square, style = filled, color=grey, fixedsize=true, width=.2];
	m1 [label = "", shape = square, style = filled, color=grey, fixedsize=true, width=.2];
	m2 [label = "", shape = square, style = filled, color=grey, fixedsize=true, width=.2];
	m3 [label = "", shape = square, style = filled, color=grey, fixedsize=true, width=.2];
	m4 [label = "", shape = square, style = filled, color=grey, fixedsize=true, width=.2];
	m5 [label = "", shape = square, style = filled, color=grey, fixedsize=true, width=.2];
	m6 [label = "", shape = square, style = filled, color=grey, fixedsize=true, width=.2];
	m7 [label = "", shape = square, style = filled, color=grey, fixedsize=true, width=.2];
	m8 [label = "", shape = square, style = filled, color=grey, fixedsize=true, width=.2];
	m9 [label = "", shape = square, style = filled, color=grey, fixedsize=true, width=.2];
	m10 [label = "", shape = square, style = filled, color=grey, fixedsize=true, width=.2];
	m11 [label = "", shape = square, style = filled, color=grey, fixedsize=true, width=.2];
	m12 [label = "", shape = square, style = filled, color=grey, fixedsize=true, width=.2];
	m13 [label = "", shape = square, style = filled, color=grey, fixedsize=true, width=.2];
	s0 -> m0
	s1 -> m1
	q3 -> m10 [label = "c"];
	q5 -> m10 [label = "b"];
	q7 -> m10 [label = "a"];
	q2 -> m6 [label = "c"];
	q4 -> m0 [label = "b"];
	q1 -> m2 [label = "c"];
	q3 -> m13 [label = "a"];
	q3 -> m12 [label = "a, c"];
	q3 -> m0 [label = "a, c"];
	q1 -> m4 [label = "b"];
	q1 -> m3 [label = "b"];
	q7 -> m9 [label = "c"];
	q1 -> m8 [label = "a"];
	q3 -> q4 [label = "b"];
	q1 -> m7 [label = "a"];
	q5 -> m4 [label = "b, c"];
	q0 -> m6 [label = "a"];
	q4 -> m7 [label = "b"];
	q6 -> m10 [label = "b"];
	q5 -> m0 [label = "b, c"];
	q4 -> m5 [label = "c"];
	q4 -> m1 [label = "b, c"];
	q8 -> m7 [label = "a"];
	q8 -> m6 [label = "a"];
	q4 -> m9 [label = "c"];
	q3 -> m3 [label = "b"];
	q5 -> m3 [label = "a, c"];
	q0 -> m9 [label = "c"];
	q8 -> m4 [label = "b"];
	q8 -> m3 [label = "b"];
	q1 -> m0 [label = "c"];
	q8 -> m8 [label = "a"];
	q7 -> m0 [label = "b"];
	q0 -> m0 [label = "b"];
	q5 -> m8 [label = "a"];
	q8 -> m2 [label = "c"];
	q0 -> m10 [label = "a"];
	q8 -> m0 [label = "c"];
	q2 -> q4 [label = "b"];
	q6 -> m2 [label = "c"];
	q6 -> m3 [label = "a, b, c"];
	q6 -> m0 [label = "c"];
	q0 -> m1 [label = "b, c"];
	q4 -> m10 [label = "a"];
	q2 -> m7 [label = "a"];
	q1 -> m5 [label = "b"];
	q7 -> m1 [label = "b, c"];
	q2 -> m0 [label = "a"];
	q2 -> m8 [label = "a"];
	q2 -> m10 [label = "c"];
	q3 -> m8 [label = "a"];
	q8 -> m5 [label = "b"];
	q0 -> m11 [label = "c"];
	q4 -> m12 [label = "a"];
	m0 -> q1;
	m0 -> q3;
	m0 -> q6;
	m0 -> q8;
	m1 -> q5;
	m1 -> q6;
	m2 -> q0;
	m2 -> q4;
	m2 -> q5;
	m2 -> q6;
	m2 -> q7;
	m3 -> q2;
	m3 -> q3;
	m4 -> q3;
	m4 -> q4;
	m4 -> q5;
	m4 -> q6;
	m5 -> q0;
	m5 -> q1;
	m5 -> q3;
	m5 -> q4;
	m5 -> q6;
	m5 -> q7;
	m5 -> q8;
	m6 -> q0;
	m6 -> q1;
	m6 -> q2;
	m6 -> q3;
	m6 -> q4;
	m6 -> q5;
	m6 -> q6;
	m6 -> q8;
	m7 -> q0;
	m7 -> q2;
	m7 -> q3;
	m7 -> q4;
	m7 -> q7;
	m8 -> q0;
	m8 -> q1;
	m8 -> q2;
	m8 -> q4;
	m8 -> q5;
	m8 -> q6;
	m8 -> q7;
	m8 -> q8;
	m9 -> q0;
	m9 -> q4;
	m9 -> q5;
	m9 -> q7;
	m10 -> q0;
	m10 -> q4;
	m10 -> q7;
	m11 -> q0;
	m11 -> q1;
	m11 -> q2;
	m11 -> q3;
	m11 -> q4;
	m11 -> q6;
	m11 -> q7;
	m11 -> q8;
	m12 -> q0;
	m12 -> q2;
	m12 -> q3;
	m12 -> q4;
	m12 -> q5;
	m12 -> q6;
	m12 -> q8;
	m13 -> q0;
	m13 -> q1;
	m13 -> q2;
	m13 -> q3;
	m13 -> q4;
	m13 -> q5;
	m13 -> q7;
	m13 -> q8;
}
AFA size: 9 states

