Random target AFA:
digraph finite_state_machine {
	rankdir=LR;
	node [shape = circle];
	s0 [shape = point, style = invis, start="true" ];
	s1 [shape = point, style = invis, start="true" ];
	q0 [label = "q0"];
	q1 [label = "q1"];
	q2 [label = "q2", shape = doublecircle, final="true" ];
	q3 [label = "q3", shape = doublecircle, final="true" ];
	q4 [label = "q4"];
	q5 [label = "q5"];
	m0 [label = "", shape = square, style = filled, color=grey, fixedsize=true, width=.2];
	m1 [label = "", shape = square, style = filled, color=grey, fixedsize=true, width=.2];
	m2 [label = "", shape = square, style = filled, color=grey, fixedsize=true, width=.2];
	m3 [label = "", shape = square, style = filled, color=grey, fixedsize=true, width=.2];
	m4 [label = "", shape = square, style = filled, color=grey, fixedsize=true, width=.2];
	m5 [label = "", shape = square, style = filled, color=grey, fixedsize=true, width=.2];
	m6 [label = "", shape = square, style = filled, color=grey, fixedsize=true, width=.2];
	s0 -> q1
	s1 -> q0
	q3 -> q5 [label = "c"];
	q2 -> q1 [label = "c"];
	q4 -> m0 [label = "b"];
	q3 -> m5 [label = "a"];
	q1 -> m4 [label = "b"];
	q3 -> m3 [label = "b"];
	q5 -> m6 [label = "a, b"];
	q1 -> m5 [label = "b, c"];
	q3 -> q3 [label = "b"];
	q5 -> q1 [label = "a"];
	q1 -> q4 [label = "a"];
	q4 -> q4 [label = "c"];
	q1 -> q0 [label = "c"];
	q4 -> q5 [label = "b, c"];
	q0 -> q0 [label = "a, b, c"];
	q0 -> q1 [label = "c"];
	q5 -> q0 [label = "c"];
	q0 -> m0 [label = "a"];
	q5 -> q3 [label = "b"];
	q3 -> q2 [label = "a"];
	q5 -> q5 [label = "c"];
	q2 -> m1 [label = "a"];
	q1 -> q3 [label = "a"];
	q2 -> q4 [label = "b, c"];
	q2 -> q0 [label = "b"];
	q2 -> m2 [label = "a"];
	q4 -> q3 [label = "a"];
	m0 -> q2;
	m0 -> q5;
	m1 -> q2;
	m1 -> q3;
	m2 -> q0;
	m2 -> q2;
	m3 -> q4;
	m3 -> q5;
	m4 -> q2;
	m4 -> q4;
	m5 -> q0;
	m5 -> q4;
	m6 -> q1;
	m6 -> q4;
}

L* output after 7 EQ and 4253 MQ:
digraph finite_state_machine {
	rankdir=LR;
	node [shape = circle];
	s0 [shape = point, style = invis, start="true" ];
	q0 [label = "q0"];
	q1 [label = "q1", shape = doublecircle, final="true" ];
	q2 [label = "q2", shape = doublecircle, final="true" ];
	q3 [label = "q3"];
	q4 [label = "q4", shape = doublecircle, final="true" ];
	q5 [label = "q5", shape = doublecircle, final="true" ];
	q6 [label = "q6", shape = doublecircle, final="true" ];
	q7 [label = "q7"];
	q8 [label = "q8"];
	q9 [label = "q9"];
	q10 [label = "q10"];
	q11 [label = "q11"];
	q12 [label = "q12"];
	q13 [label = "q13"];
	q14 [label = "q14"];
	q15 [label = "q15", shape = doublecircle, final="true" ];
	q16 [label = "q16", shape = doublecircle, final="true" ];
	q17 [label = "q17"];
	q18 [label = "q18", shape = doublecircle, final="true" ];
	q19 [label = "q19"];
	q20 [label = "q20", shape = doublecircle, final="true" ];
	q21 [label = "q21"];
	q22 [label = "q22", shape = doublecircle, final="true" ];
	q23 [label = "q23", shape = doublecircle, final="true" ];
	q24 [label = "q24", shape = doublecircle, final="true" ];
	q25 [label = "q25", shape = doublecircle, final="true" ];
	q26 [label = "q26"];
	q27 [label = "q27", shape = doublecircle, final="true" ];
	q28 [label = "q28"];
	q29 [label = "q29", shape = doublecircle, final="true" ];
	q30 [label = "q30", shape = doublecircle, final="true" ];
	q31 [label = "q31"];
	q32 [label = "q32", shape = doublecircle, final="true" ];
	q33 [label = "q33", shape = doublecircle, final="true" ];
	q34 [label = "q34", shape = doublecircle, final="true" ];
	q35 [label = "q35", shape = doublecircle, final="true" ];
	q36 [label = "q36"];
	q37 [label = "q37", shape = doublecircle, final="true" ];
	s0 -> q21
	q22 -> q4 [label = "a"];
	q21 -> q20 [label = "a"];
	q17 -> q6 [label = "b"];
	q17 -> q25 [label = "a"];
	q21 -> q21 [label = "c"];
	q16 -> q12 [label = "b"];
	q18 -> q15 [label = "b"];
	q12 -> q10 [label = "b"];
	q17 -> q17 [label = "c"];
	q10 -> q28 [label = "c"];
	q9 -> q17 [label = "c"];
	q3 -> q17 [label = "c"];
	q5 -> q12 [label = "b"];
	q7 -> q20 [label = "a"];
	q2 -> q17 [label = "c"];
	q6 -> q30 [label = "a"];
	q1 -> q26 [label = "c"];
	q7 -> q3 [label = "b"];
	q3 -> q33 [label = "a"];
	q3 -> q10 [label = "b"];
	q18 -> q17 [label = "c"];
	q18 -> q32 [label = "a"];
	q1 -> q5 [label = "a"];
	q22 -> q22 [label = "b"];
	q5 -> q13 [label = "c"];
	q4 -> q36 [label = "b"];
	q4 -> q5 [label = "a"];
	q20 -> q18 [label = "a"];
	q0 -> q26 [label = "c"];
	q6 -> q29 [label = "b"];
	q6 -> q17 [label = "c"];
	q2 -> q22 [label = "b"];
	q0 -> q5 [label = "a"];
	q5 -> q16 [label = "a"];
	q4 -> q13 [label = "c"];
	q12 -> q28 [label = "c"];
	q23 -> q3 [label = "b"];
	q19 -> q16 [label = "a"];
	q11 -> q26 [label = "c"];
	q24 -> q29 [label = "b"];
	q31 -> q22 [label = "b"];
	q16 -> q16 [label = "a"];
	q35 -> q36 [label = "b"];
	q26 -> q28 [label = "c"];
	q20 -> q24 [label = "b"];
	q36 -> q8 [label = "b"];
	q15 -> q17 [label = "c"];
	q27 -> q28 [label = "c"];
	q0 -> q3 [label = "b"];
	q21 -> q19 [label = "b"];
	q14 -> q28 [label = "c"];
	q34 -> q37 [label = "b"];
	q29 -> q22 [label = "b"];
	q32 -> q36 [label = "b"];
	q33 -> q32 [label = "a"];
	q24 -> q28 [label = "c"];
	q13 -> q17 [label = "c"];
	q19 -> q14 [label = "b"];
	q14 -> q11 [label = "a"];
	q11 -> q12 [label = "b"];
	q28 -> q2 [label = "b"];
	q37 -> q24 [label = "b"];
	q30 -> q15 [label = "b"];
	q23 -> q26 [label = "c"];
	q32 -> q16 [label = "a"];
	q37 -> q30 [label = "a"];
	q32 -> q13 [label = "c"];
	q25 -> q6 [label = "b"];
	q20 -> q17 [label = "c"];
	q15 -> q27 [label = "b"];
	q36 -> q17 [label = "c"];
	q1 -> q3 [label = "b"];
	q24 -> q30 [label = "a"];
	q13 -> q9 [label = "b"];
	q29 -> q18 [label = "a"];
	q35 -> q13 [label = "c"];
	q8 -> q7 [label = "a"];
	q15 -> q18 [label = "a"];
	q35 -> q20 [label = "a"];
	q33 -> q29 [label = "b"];
	q31 -> q17 [label = "c"];
	q22 -> q28 [label = "c"];
	q2 -> q18 [label = "a"];
	q30 -> q34 [label = "a"];
	q8 -> q29 [label = "b"];
	q29 -> q28 [label = "c"];
	q33 -> q28 [label = "c"];
	q27 -> q29 [label = "b"];
	q25 -> q34 [label = "a"];
	q12 -> q33 [label = "a"];
	q28 -> q25 [label = "a"];
	q27 -> q35 [label = "a"];
	q30 -> q17 [label = "c"];
	q9 -> q23 [label = "a"];
	q7 -> q26 [label = "c"];
	q31 -> q1 [label = "a"];
	q26 -> q20 [label = "a"];
	q34 -> q18 [label = "a"];
	q14 -> q10 [label = "b"];
	q13 -> q20 [label = "a"];
	q26 -> q31 [label = "b"];
	q37 -> q17 [label = "c"];
	q23 -> q20 [label = "a"];
	q28 -> q28 [label = "c"];
	q36 -> q33 [label = "a"];
	q19 -> q13 [label = "c"];
	q9 -> q29 [label = "b"];
	q11 -> q5 [label = "a"];
	q8 -> q28 [label = "c"];
	q25 -> q17 [label = "c"];
	q34 -> q17 [label = "c"];
	q10 -> q0 [label = "a"];
	q16 -> q26 [label = "c"];
	q10 -> q22 [label = "b"];
}
DFA size: 38 states

NL* output after 11 EQ and 2003 MQ:
digraph finite_state_machine {
	rankdir=LR;
	node [shape = circle];
	s0 [shape = point, style = invis, start="true" ];
	q0 [label = "q0"];
	q1 [label = "q1", shape = doublecircle, final="true" ];
	q2 [label = "q2"];
	q3 [label = "q3"];
	q4 [label = "q4", shape = doublecircle, final="true" ];
	q5 [label = "q5"];
	q6 [label = "q6"];
	q7 [label = "q7", shape = doublecircle, final="true" ];
	q8 [label = "q8"];
	q9 [label = "q9"];
	q10 [label = "q10"];
	q11 [label = "q11", shape = doublecircle, final="true" ];
	q12 [label = "q12"];
	s0 -> q5
	q11 -> q4 [label = "a"];
	q9 -> q11 [label = "b"];
	q11 -> q11 [label = "b"];
	q8 -> q10 [label = "c"];
	q8 -> q8 [label = "c"];
	q8 -> q5 [label = "c"];
	q8 -> q2 [label = "c"];
	q8 -> q12 [label = "b, c"];
	q8 -> q1 [label = "a"];
	q8 -> q0 [label = "a, c"];
	q10 -> q6 [label = "a, b"];
	q12 -> q10 [label = "c"];
	q12 -> q8 [label = "c"];
	q12 -> q5 [label = "c"];
	q12 -> q2 [label = "c"];
	q0 -> q7 [label = "a"];
	q0 -> q6 [label = "a"];
	q2 -> q11 [label = "b"];
	q6 -> q6 [label = "c"];
	q6 -> q5 [label = "c"];
	q6 -> q3 [label = "c"];
	q10 -> q7 [label = "a"];
	q6 -> q12 [label = "b, c"];
	q0 -> q12 [label = "b, c"];
	q0 -> q8 [label = "b, c"];
	q1 -> q6 [label = "a"];
	q7 -> q5 [label = "c"];
	q1 -> q11 [label = "b"];
	q11 -> q7 [label = "a"];
	q3 -> q7 [label = "a"];
	q3 -> q1 [label = "a"];
	q3 -> q10 [label = "c"];
	q2 -> q9 [label = "b, c"];
	q6 -> q7 [label = "a"];
	q3 -> q3 [label = "c"];
	q12 -> q0 [label = "a, c"];
	q3 -> q2 [label = "b, c"];
	q3 -> q0 [label = "a, c"];
	q9 -> q12 [label = "b, c"];
	q9 -> q9 [label = "b, c"];
	q3 -> q12 [label = "b, c"];
	q7 -> q8 [label = "b, c"];
	q9 -> q10 [label = "a, c"];
	q11 -> q0 [label = "a, c"];
	q3 -> q8 [label = "c"];
	q3 -> q9 [label = "b, c"];
	q1 -> q7 [label = "a"];
	q9 -> q8 [label = "c"];
	q9 -> q2 [label = "c"];
	q2 -> q10 [label = "a, c"];
	q4 -> q3 [label = "b, c"];
	q11 -> q5 [label = "c"];
	q12 -> q12 [label = "b, c"];
	q5 -> q5 [label = "c"];
	q11 -> q12 [label = "b, c"];
	q11 -> q8 [label = "c"];
	q4 -> q6 [label = "b, c"];
	q1 -> q10 [label = "c"];
	q12 -> q9 [label = "b, c"];
	q6 -> q8 [label = "c"];
	q5 -> q9 [label = "a"];
	q11 -> q10 [label = "a, c"];
	q2 -> q12 [label = "b, c"];
	q8 -> q7 [label = "a"];
	q1 -> q0 [label = "c"];
	q0 -> q5 [label = "c"];
	q4 -> q12 [label = "b, c"];
	q3 -> q6 [label = "c"];
	q2 -> q0 [label = "a, c"];
	q11 -> q9 [label = "b, c"];
	q9 -> q0 [label = "a, c"];
	q9 -> q5 [label = "c"];
	q10 -> q5 [label = "c"];
	q10 -> q8 [label = "b, c"];
	q5 -> q12 [label = "a"];
	q8 -> q9 [label = "b, c"];
	q10 -> q12 [label = "b, c"];
	q7 -> q7 [label = "a"];
	q2 -> q2 [label = "c"];
	q2 -> q5 [label = "a, c"];
	q4 -> q7 [label = "a"];
	q2 -> q8 [label = "b, c"];
	q4 -> q8 [label = "b, c"];
	q1 -> q4 [label = "a"];
	q1 -> q2 [label = "c"];
	q1 -> q12 [label = "b, c"];
	q11 -> q6 [label = "a"];
	q1 -> q5 [label = "c"];
	q1 -> q8 [label = "b, c"];
	q3 -> q5 [label = "c"];
	q5 -> q7 [label = "a"];
	q1 -> q9 [label = "b, c"];
	q5 -> q3 [label = "a"];
	q5 -> q0 [label = "a"];
	q4 -> q5 [label = "c"];
	q5 -> q1 [label = "a"];
	q11 -> q2 [label = "c"];
	q5 -> q6 [label = "a, b"];
	q5 -> q8 [label = "a"];
	q5 -> q11 [label = "a"];
	q7 -> q12 [label = "b, c"];
}
NFA size: 13 states

AL* output after 12 EQ and 1457 MQ:
digraph finite_state_machine {
	rankdir=LR;
	node [shape = circle];
	s0 [shape = point, style = invis, start="true" ];
	q0 [label = "q0", shape = doublecircle, final="true" ];
	q1 [label = "q1", shape = doublecircle, final="true" ];
	q2 [label = "q2", shape = doublecircle, final="true" ];
	q3 [label = "q3"];
	q4 [label = "q4"];
	q5 [label = "q5"];
	q6 [label = "q6", shape = doublecircle, final="true" ];
	m0 [label = "", shape = square, style = filled, color=grey, fixedsize=true, width=.2];
	m1 [label = "", shape = square, style = filled, color=grey, fixedsize=true, width=.2];
	m2 [label = "", shape = square, style = filled, color=grey, fixedsize=true, width=.2];
	m3 [label = "", shape = square, style = filled, color=grey, fixedsize=true, width=.2];
	m4 [label = "", shape = square, style = filled, color=grey, fixedsize=true, width=.2];
	m5 [label = "", shape = square, style = filled, color=grey, fixedsize=true, width=.2];
	m6 [label = "", shape = square, style = filled, color=grey, fixedsize=true, width=.2];
	m7 [label = "", shape = square, style = filled, color=grey, fixedsize=true, width=.2];
	s0 -> q5
	q3 -> m1 [label = "c"];
	q5 -> m7 [label = "b"];
	q6 -> m2 [label = "a"];
	q1 -> m0 [label = "c"];
	q2 -> m6 [label = "a"];
	q6 -> m4 [label = "b"];
	q5 -> m4 [label = "a"];
	q0 -> m3 [label = "b"];
	q4 -> q5 [label = "c"];
	q2 -> q5 [label = "c"];
	q2 -> m0 [label = "b, c"];
	q6 -> m1 [label = "c"];
	q4 -> m0 [label = "c"];
	q0 -> q5 [label = "a, c"];
	q4 -> m1 [label = "b, c"];
	q6 -> m0 [label = "b, c"];
	q0 -> m1 [label = "c"];
	q0 -> m2 [label = "a"];
	q1 -> q5 [label = "c"];
	q4 -> m6 [label = "a"];
	q3 -> q5 [label = "a, c"];
	q4 -> m4 [label = "a"];
	q5 -> q5 [label = "c"];
	q1 -> m2 [label = "a"];
	q0 -> m4 [label = "b"];
	q3 -> m3 [label = "b"];
	q2 -> m5 [label = "a"];
	q5 -> m0 [label = "a"];
	q3 -> m4 [label = "b"];
	q1 -> m1 [label = "b, c"];
	q1 -> m4 [label = "a, b"];
	q5 -> m6 [label = "a"];
	q6 -> q5 [label = "c"];
	q3 -> m6 [label = "a"];
	m0 -> q1;
	m0 -> q4;
	m1 -> q0;
	m1 -> q3;
	m2 -> q2;
	m2 -> q6;
	m3 -> q1;
	m3 -> q4;
	m3 -> q5;
	m4 -> q0;
	m4 -> q1;
	m4 -> q6;
	m5 -> q0;
	m5 -> q1;
	m5 -> q2;
	m5 -> q6;
	m6 -> q0;
	m6 -> q2;
	m6 -> q3;
	m6 -> q6;
	m7 -> q1;
	m7 -> q2;
	m7 -> q4;
	m7 -> q6;
}
AFA size: 7 states

AL** output after 13 EQ and 1457 MQ:
digraph finite_state_machine {
	rankdir=LR;
	node [shape = circle];
	s0 [shape = point, style = invis, start="true" ];
	q0 [label = "q0", shape = doublecircle, final="true" ];
	q1 [label = "q1", shape = doublecircle, final="true" ];
	q2 [label = "q2", shape = doublecircle, final="true" ];
	q3 [label = "q3"];
	q4 [label = "q4"];
	q5 [label = "q5"];
	q6 [label = "q6", shape = doublecircle, final="true" ];
	m0 [label = "", shape = square, style = filled, color=grey, fixedsize=true, width=.2];
	m1 [label = "", shape = square, style = filled, color=grey, fixedsize=true, width=.2];
	m2 [label = "", shape = square, style = filled, color=grey, fixedsize=true, width=.2];
	m3 [label = "", shape = square, style = filled, color=grey, fixedsize=true, width=.2];
	m4 [label = "", shape = square, style = filled, color=grey, fixedsize=true, width=.2];
	m5 [label = "", shape = square, style = filled, color=grey, fixedsize=true, width=.2];
	m6 [label = "", shape = square, style = filled, color=grey, fixedsize=true, width=.2];
	m7 [label = "", shape = square, style = filled, color=grey, fixedsize=true, width=.2];
	s0 -> q5
	q3 -> m1 [label = "c"];
	q5 -> m7 [label = "b"];
	q6 -> m2 [label = "a"];
	q1 -> m0 [label = "c"];
	q2 -> m6 [label = "a"];
	q6 -> m4 [label = "b"];
	q5 -> m4 [label = "a"];
	q0 -> m3 [label = "b"];
	q4 -> q5 [label = "c"];
	q2 -> q5 [label = "c"];
	q2 -> m0 [label = "b, c"];
	q6 -> m1 [label = "c"];
	q4 -> m0 [label = "c"];
	q0 -> q5 [label = "a, c"];
	q4 -> m1 [label = "b, c"];
	q6 -> m0 [label = "b, c"];
	q0 -> m1 [label = "c"];
	q0 -> m2 [label = "a"];
	q1 -> q5 [label = "c"];
	q4 -> m6 [label = "a"];
	q3 -> q5 [label = "a, c"];
	q4 -> m4 [label = "a"];
	q5 -> q5 [label = "c"];
	q1 -> m2 [label = "a"];
	q0 -> m4 [label = "b"];
	q3 -> m3 [label = "b"];
	q2 -> m5 [label = "a"];
	q5 -> m0 [label = "a"];
	q3 -> m4 [label = "b"];
	q1 -> m1 [label = "b, c"];
	q1 -> m4 [label = "a, b"];
	q5 -> m6 [label = "a"];
	q6 -> q5 [label = "c"];
	q3 -> m6 [label = "a"];
	m0 -> q1;
	m0 -> q4;
	m1 -> q0;
	m1 -> q3;
	m2 -> q2;
	m2 -> q6;
	m3 -> q1;
	m3 -> q4;
	m3 -> q5;
	m4 -> q0;
	m4 -> q1;
	m4 -> q6;
	m5 -> q0;
	m5 -> q1;
	m5 -> q2;
	m5 -> q6;
	m6 -> q0;
	m6 -> q2;
	m6 -> q3;
	m6 -> q6;
	m7 -> q1;
	m7 -> q2;
	m7 -> q4;
	m7 -> q6;
}
RAFA size: 7 states

