Random target AFA:
digraph finite_state_machine {
	rankdir=LR;
	node [shape = circle];
	s0 [shape = point, style = invis, start="true" ];
	s1 [shape = point, style = invis, start="true" ];
	q0 [label = "q0", shape = doublecircle, final="true" ];
	q1 [label = "q1"];
	q2 [label = "q2"];
	q3 [label = "q3", shape = doublecircle, final="true" ];
	q4 [label = "q4"];
	q5 [label = "q5"];
	m0 [label = "", shape = square, style = filled, color=grey, fixedsize=true, width=.2];
	m1 [label = "", shape = square, style = filled, color=grey, fixedsize=true, width=.2];
	m2 [label = "", shape = square, style = filled, color=grey, fixedsize=true, width=.2];
	m3 [label = "", shape = square, style = filled, color=grey, fixedsize=true, width=.2];
	m4 [label = "", shape = square, style = filled, color=grey, fixedsize=true, width=.2];
	m5 [label = "", shape = square, style = filled, color=grey, fixedsize=true, width=.2];
	m6 [label = "", shape = square, style = filled, color=grey, fixedsize=true, width=.2];
	m7 [label = "", shape = square, style = filled, color=grey, fixedsize=true, width=.2];
	s0 -> q2
	s1 -> q0
	q4 -> q5 [label = "a"];
	q0 -> m3 [label = "b"];
	q4 -> q2 [label = "b"];
	q2 -> m4 [label = "a"];
	q5 -> m0 [label = "c"];
	q2 -> q3 [label = "a"];
	q0 -> q3 [label = "b"];
	q5 -> q4 [label = "b"];
	q4 -> m5 [label = "a"];
	q3 -> q0 [label = "b"];
	q1 -> q2 [label = "c"];
	q5 -> m7 [label = "b"];
	q0 -> m0 [label = "a"];
	q2 -> q2 [label = "b"];
	q4 -> m0 [label = "c"];
	q0 -> q2 [label = "c"];
	q0 -> m5 [label = "c"];
	q4 -> m2 [label = "b"];
	q4 -> m1 [label = "c"];
	q1 -> q4 [label = "a"];
	q3 -> q5 [label = "c"];
	q3 -> q2 [label = "a"];
	q5 -> m5 [label = "a"];
	q0 -> m2 [label = "a"];
	q1 -> q5 [label = "a, b"];
	q3 -> q3 [label = "b"];
	q5 -> m6 [label = "a"];
	q3 -> q1 [label = "a, c"];
	q1 -> q3 [label = "c"];
	q5 -> q3 [label = "c"];
	q2 -> m1 [label = "c"];
	q2 -> q0 [label = "c"];
	m0 -> q4;
	m0 -> q5;
	m1 -> q0;
	m1 -> q3;
	m2 -> q3;
	m2 -> q5;
	m3 -> q1;
	m3 -> q2;
	m4 -> q1;
	m4 -> q3;
	m5 -> q0;
	m5 -> q5;
	m6 -> q0;
	m6 -> q2;
	m7 -> q0;
	m7 -> q4;
}

L* output after 8 EQ and 14120 MQ:
digraph finite_state_machine {
	rankdir=LR;
	node [shape = circle];
	s0 [shape = point, style = invis, start="true" ];
	q0 [label = "q0"];
	q1 [label = "q1", shape = doublecircle, final="true" ];
	q2 [label = "q2", shape = doublecircle, final="true" ];
	q3 [label = "q3", shape = doublecircle, final="true" ];
	q4 [label = "q4"];
	q5 [label = "q5"];
	q6 [label = "q6"];
	q7 [label = "q7", shape = doublecircle, final="true" ];
	q8 [label = "q8", shape = doublecircle, final="true" ];
	q9 [label = "q9", shape = doublecircle, final="true" ];
	q10 [label = "q10", shape = doublecircle, final="true" ];
	q11 [label = "q11"];
	q12 [label = "q12"];
	q13 [label = "q13", shape = doublecircle, final="true" ];
	q14 [label = "q14"];
	q15 [label = "q15"];
	q16 [label = "q16"];
	q17 [label = "q17", shape = doublecircle, final="true" ];
	q18 [label = "q18", shape = doublecircle, final="true" ];
	q19 [label = "q19"];
	q20 [label = "q20"];
	q21 [label = "q21"];
	q22 [label = "q22"];
	q23 [label = "q23", shape = doublecircle, final="true" ];
	q24 [label = "q24"];
	q25 [label = "q25"];
	q26 [label = "q26", shape = doublecircle, final="true" ];
	q27 [label = "q27", shape = doublecircle, final="true" ];
	q28 [label = "q28"];
	q29 [label = "q29", shape = doublecircle, final="true" ];
	q30 [label = "q30", shape = doublecircle, final="true" ];
	q31 [label = "q31", shape = doublecircle, final="true" ];
	q32 [label = "q32"];
	q33 [label = "q33", shape = doublecircle, final="true" ];
	q34 [label = "q34"];
	q35 [label = "q35", shape = doublecircle, final="true" ];
	q36 [label = "q36"];
	q37 [label = "q37"];
	q38 [label = "q38"];
	q39 [label = "q39"];
	q40 [label = "q40", shape = doublecircle, final="true" ];
	q41 [label = "q41", shape = doublecircle, final="true" ];
	q42 [label = "q42", shape = doublecircle, final="true" ];
	q43 [label = "q43"];
	q44 [label = "q44", shape = doublecircle, final="true" ];
	q45 [label = "q45"];
	q46 [label = "q46"];
	q47 [label = "q47", shape = doublecircle, final="true" ];
	q48 [label = "q48", shape = doublecircle, final="true" ];
	q49 [label = "q49", shape = doublecircle, final="true" ];
	q50 [label = "q50", shape = doublecircle, final="true" ];
	q51 [label = "q51", shape = doublecircle, final="true" ];
	q52 [label = "q52", shape = doublecircle, final="true" ];
	q53 [label = "q53"];
	q54 [label = "q54", shape = doublecircle, final="true" ];
	q55 [label = "q55"];
	q56 [label = "q56", shape = doublecircle, final="true" ];
	q57 [label = "q57"];
	q58 [label = "q58"];
	q59 [label = "q59", shape = doublecircle, final="true" ];
	q60 [label = "q60"];
	q61 [label = "q61"];
	q62 [label = "q62", shape = doublecircle, final="true" ];
	q63 [label = "q63", shape = doublecircle, final="true" ];
	q64 [label = "q64"];
	q65 [label = "q65", shape = doublecircle, final="true" ];
	q66 [label = "q66", shape = doublecircle, final="true" ];
	q67 [label = "q67", shape = doublecircle, final="true" ];
	q68 [label = "q68"];
	q69 [label = "q69"];
	q70 [label = "q70", shape = doublecircle, final="true" ];
	q71 [label = "q71"];
	s0 -> q29
	q41 -> q27 [label = "c"];
	q47 -> q70 [label = "b"];
	q41 -> q44 [label = "b"];
	q43 -> q46 [label = "a"];
	q44 -> q40 [label = "a"];
	q46 -> q21 [label = "b"];
	q40 -> q48 [label = "b"];
	q42 -> q50 [label = "b"];
	q37 -> q38 [label = "b"];
	q38 -> q46 [label = "a"];
	q35 -> q32 [label = "a"];
	q33 -> q41 [label = "b"];
	q33 -> q34 [label = "a"];
	q36 -> q37 [label = "a"];
	q32 -> q44 [label = "c"];
	q34 -> q36 [label = "a"];
	q41 -> q32 [label = "a"];
	q32 -> q28 [label = "b"];
	q36 -> q66 [label = "c"];
	q34 -> q45 [label = "b"];
	q31 -> q40 [label = "a"];
	q27 -> q40 [label = "c"];
	q28 -> q45 [label = "b"];
	q26 -> q44 [label = "c"];
	q29 -> q30 [label = "a"];
	q31 -> q33 [label = "c"];
	q29 -> q29 [label = "c"];
	q27 -> q51 [label = "b"];
	q30 -> q35 [label = "b"];
	q24 -> q67 [label = "c"];
	q30 -> q32 [label = "a"];
	q23 -> q53 [label = "a"];
	q21 -> q45 [label = "b"];
	q44 -> q26 [label = "c"];
	q19 -> q14 [label = "c"];
	q9 -> q70 [label = "b"];
	q11 -> q15 [label = "b"];
	q13 -> q2 [label = "c"];
	q14 -> q21 [label = "b"];
	q8 -> q41 [label = "b"];
	q10 -> q39 [label = "a"];
	q8 -> q22 [label = "a"];
	q12 -> q30 [label = "c"];
	q4 -> q7 [label = "c"];
	q2 -> q31 [label = "b"];
	q51 -> q32 [label = "a"];
	q49 -> q27 [label = "c"];
	q63 -> q10 [label = "c"];
	q36 -> q25 [label = "b"];
	q37 -> q39 [label = "c"];
	q3 -> q70 [label = "b"];
	q55 -> q60 [label = "b"];
	q7 -> q65 [label = "b"];
	q50 -> q26 [label = "c"];
	q56 -> q65 [label = "b"];
	q46 -> q50 [label = "c"];
	q58 -> q62 [label = "c"];
	q60 -> q46 [label = "a"];
	q30 -> q33 [label = "c"];
	q26 -> q52 [label = "b"];
	q52 -> q40 [label = "a"];
	q31 -> q44 [label = "b"];
	q51 -> q40 [label = "c"];
	q17 -> q32 [label = "a"];
	q39 -> q47 [label = "c"];
	q61 -> q1 [label = "c"];
	q3 -> q9 [label = "c"];
	q11 -> q22 [label = "a"];
	q59 -> q70 [label = "b"];
	q59 -> q22 [label = "a"];
	q63 -> q54 [label = "b"];
	q71 -> q5 [label = "c"];
	q61 -> q11 [label = "a"];
	q55 -> q22 [label = "a"];
	q0 -> q21 [label = "b"];
	q19 -> q15 [label = "b"];
	q45 -> q67 [label = "c"];
	q8 -> q44 [label = "c"];
	q43 -> q67 [label = "c"];
	q38 -> q23 [label = "c"];
	q4 -> q21 [label = "b"];
	q58 -> q20 [label = "b"];
	q64 -> q36 [label = "a"];
	q15 -> q47 [label = "c"];
	q65 -> q8 [label = "c"];
	q67 -> q7 [label = "c"];
	q28 -> q50 [label = "c"];
	q55 -> q44 [label = "c"];
	q0 -> q67 [label = "c"];
	q71 -> q57 [label = "a"];
	q40 -> q40 [label = "a, c"];
	q60 -> q50 [label = "c"];
	q44 -> q44 [label = "b"];
	q9 -> q22 [label = "a"];
	q64 -> q69 [label = "b"];
	q25 -> q46 [label = "a"];
	q62 -> q53 [label = "a"];
	q68 -> q47 [label = "c"];
	q18 -> q31 [label = "b"];
	q24 -> q19 [label = "a"];
	q52 -> q44 [label = "b"];
	q21 -> q47 [label = "c"];
	q13 -> q39 [label = "a"];
	q5 -> q21 [label = "b"];
	q69 -> q46 [label = "a"];
	q25 -> q20 [label = "b"];
	q10 -> q54 [label = "b"];
	q70 -> q44 [label = "b"];
	q57 -> q38 [label = "b"];
	q13 -> q54 [label = "b"];
	q68 -> q45 [label = "b"];
	q68 -> q49 [label = "a"];
	q70 -> q8 [label = "c"];
	q66 -> q8 [label = "c"];
	q21 -> q46 [label = "a"];
	q62 -> q63 [label = "c"];
	q66 -> q35 [label = "b"];
	q35 -> q44 [label = "b"];
	q5 -> q3 [label = "c"];
	q64 -> q9 [label = "c"];
	q53 -> q58 [label = "b"];
	q39 -> q22 [label = "a"];
	q54 -> q32 [label = "a"];
	q67 -> q34 [label = "a"];
	q14 -> q56 [label = "c"];
	q62 -> q54 [label = "b"];
	q61 -> q25 [label = "b"];
	q57 -> q61 [label = "c"];
	q45 -> q45 [label = "b"];
	q14 -> q22 [label = "a"];
	q28 -> q49 [label = "a"];
	q1 -> q29 [label = "c"];
	q66 -> q32 [label = "a"];
	q43 -> q69 [label = "b"];
	q56 -> q56 [label = "c"];
	q56 -> q41 [label = "a"];
	q42 -> q32 [label = "a"];
	q6 -> q12 [label = "a"];
	q63 -> q64 [label = "a"];
	q18 -> q13 [label = "c"];
	q49 -> q35 [label = "b"];
	q26 -> q41 [label = "a"];
	q23 -> q54 [label = "b"];
	q53 -> q59 [label = "c"];
	q27 -> q32 [label = "a"];
	q51 -> q44 [label = "b"];
	q60 -> q45 [label = "b"];
	q54 -> q33 [label = "c"];
	q38 -> q24 [label = "b"];
	q49 -> q32 [label = "a"];
	q15 -> q43 [label = "b"];
	q65 -> q44 [label = "b"];
	q54 -> q44 [label = "b"];
	q6 -> q62 [label = "c"];
	q9 -> q47 [label = "c"];
	q2 -> q2 [label = "c"];
	q6 -> q24 [label = "b"];
	q48 -> q40 [label = "a, c"];
	q12 -> q57 [label = "a"];
	q50 -> q32 [label = "a"];
	q18 -> q66 [label = "a"];
	q0 -> q22 [label = "a"];
	q20 -> q67 [label = "c"];
	q52 -> q27 [label = "c"];
	q33 -> q65 [label = "c"];
	q58 -> q12 [label = "a"];
	q50 -> q35 [label = "b"];
	q34 -> q66 [label = "c"];
	q32 -> q41 [label = "a"];
	q24 -> q25 [label = "b"];
	q1 -> q0 [label = "a"];
	q71 -> q6 [label = "b"];
	q47 -> q22 [label = "a"];
	q57 -> q71 [label = "a"];
	q42 -> q26 [label = "c"];
	q17 -> q42 [label = "b"];
	q16 -> q20 [label = "b"];
	q7 -> q47 [label = "c"];
	q2 -> q66 [label = "a"];
	q48 -> q44 [label = "b"];
	q20 -> q16 [label = "b"];
	q65 -> q40 [label = "a"];
	q22 -> q22 [label = "a"];
	q17 -> q55 [label = "c"];
	q69 -> q67 [label = "c"];
	q19 -> q22 [label = "a"];
	q10 -> q13 [label = "c"];
	q46 -> q22 [label = "a"];
	q23 -> q18 [label = "c"];
	q67 -> q70 [label = "b"];
	q20 -> q17 [label = "a"];
	q47 -> q56 [label = "c"];
	q22 -> q68 [label = "b"];
	q16 -> q23 [label = "c"];
	q22 -> q50 [label = "c"];
	q7 -> q41 [label = "a"];
	q45 -> q49 [label = "a"];
	q35 -> q26 [label = "c"];
	q16 -> q49 [label = "a"];
	q70 -> q32 [label = "a"];
	q15 -> q46 [label = "a"];
	q39 -> q21 [label = "b"];
	q11 -> q4 [label = "c"];
	q12 -> q58 [label = "b"];
	q29 -> q31 [label = "b"];
	q25 -> q23 [label = "c"];
	q69 -> q45 [label = "b"];
	q59 -> q67 [label = "c"];
	q5 -> q34 [label = "a"];
	q53 -> q57 [label = "a"];
	q3 -> q34 [label = "a"];
	q37 -> q37 [label = "a"];
	q1 -> q54 [label = "b"];
	q4 -> q34 [label = "a"];
}
DFA size: 72 states

NL* output after 12 EQ and 7353 MQ:
digraph finite_state_machine {
	rankdir=LR;
	node [shape = circle];
	s0 [shape = point, style = invis, start="true" ];
	s1 [shape = point, style = invis, start="true" ];
	s2 [shape = point, style = invis, start="true" ];
	s3 [shape = point, style = invis, start="true" ];
	q0 [label = "q0"];
	q1 [label = "q1", shape = doublecircle, final="true" ];
	q2 [label = "q2"];
	q3 [label = "q3", shape = doublecircle, final="true" ];
	q4 [label = "q4", shape = doublecircle, final="true" ];
	q5 [label = "q5"];
	q6 [label = "q6"];
	q7 [label = "q7"];
	q8 [label = "q8", shape = doublecircle, final="true" ];
	q9 [label = "q9"];
	q10 [label = "q10"];
	q11 [label = "q11"];
	q12 [label = "q12"];
	q13 [label = "q13"];
	q14 [label = "q14", shape = doublecircle, final="true" ];
	q15 [label = "q15", shape = doublecircle, final="true" ];
	q16 [label = "q16", shape = doublecircle, final="true" ];
	q17 [label = "q17", shape = doublecircle, final="true" ];
	q18 [label = "q18", shape = doublecircle, final="true" ];
	q19 [label = "q19"];
	q20 [label = "q20"];
	q21 [label = "q21"];
	q22 [label = "q22"];
	q23 [label = "q23"];
	q24 [label = "q24", shape = doublecircle, final="true" ];
	s0 -> q4
	s1 -> q9
	s2 -> q13
	s3 -> q16
	q18 -> q17 [label = "c"];
	q20 -> q19 [label = "b"];
	q17 -> q18 [label = "c"];
	q17 -> q13 [label = "c"];
	q17 -> q3 [label = "c"];
	q21 -> q21 [label = "a"];
	q21 -> q9 [label = "a"];
	q21 -> q7 [label = "a"];
	q21 -> q6 [label = "a"];
	q21 -> q0 [label = "a"];
	q19 -> q5 [label = "a"];
	q17 -> q21 [label = "b"];
	q17 -> q15 [label = "b"];
	q17 -> q8 [label = "b, c"];
	q17 -> q7 [label = "b"];
	q17 -> q6 [label = "b"];
	q23 -> q21 [label = "c"];
	q23 -> q8 [label = "c"];
	q19 -> q21 [label = "b"];
	q19 -> q20 [label = "b"];
	q17 -> q23 [label = "a"];
	q16 -> q16 [label = "c"];
	q16 -> q13 [label = "c"];
	q16 -> q9 [label = "c"];
	q16 -> q4 [label = "c"];
	q20 -> q24 [label = "a"];
	q20 -> q23 [label = "a"];
	q20 -> q9 [label = "a"];
	q20 -> q7 [label = "a"];
	q20 -> q6 [label = "a"];
	q20 -> q5 [label = "a"];
	q20 -> q3 [label = "a"];
	q20 -> q0 [label = "a"];
	q22 -> q21 [label = "b"];
	q22 -> q12 [label = "b"];
	q18 -> q24 [label = "a"];
	q19 -> q24 [label = "a"];
	q18 -> q13 [label = "a, c"];
	q18 -> q9 [label = "a, c"];
	q16 -> q20 [label = "b"];
	q16 -> q12 [label = "b"];
	q22 -> q23 [label = "c"];
	q22 -> q17 [label = "c"];
	q22 -> q13 [label = "a, c"];
	q22 -> q10 [label = "a, c"];
	q22 -> q7 [label = "b, c"];
	q23 -> q22 [label = "c"];
	q22 -> q3 [label = "c"];
	q0 -> q21 [label = "c"];
	q4 -> q22 [label = "a, b"];
	q0 -> q15 [label = "c"];
	q24 -> q22 [label = "a, c"];
	q3 -> q12 [label = "b"];
	q0 -> q8 [label = "c"];
	q0 -> q6 [label = "c"];
	q17 -> q9 [label = "c"];
	q14 -> q9 [label = "b, c"];
	q0 -> q5 [label = "c"];
	q6 -> q9 [label = "b"];
	q11 -> q1 [label = "c"];
	q6 -> q23 [label = "a, b, c"];
	q2 -> q0 [label = "a"];
	q14 -> q19 [label = "c"];
	q12 -> q22 [label = "b"];
	q6 -> q13 [label = "a, b, c"];
	q2 -> q9 [label = "b, c"];
	q6 -> q8 [label = "c"];
	q6 -> q7 [label = "a, b, c"];
	q6 -> q6 [label = "c"];
	q8 -> q21 [label = "b"];
	q18 -> q23 [label = "a"];
	q14 -> q18 [label = "c"];
	q5 -> q2 [label = "c"];
	q19 -> q17 [label = "c"];
	q12 -> q10 [label = "a, b"];
	q11 -> q3 [label = "c"];
	q22 -> q2 [label = "c"];
	q17 -> q22 [label = "b"];
	q4 -> q16 [label = "c"];
	q9 -> q12 [label = "b"];
	q4 -> q13 [label = "c"];
	q4 -> q4 [label = "c"];
	q12 -> q8 [label = "c"];
	q6 -> q12 [label = "a, b"];
	q24 -> q1 [label = "b"];
	q5 -> q13 [label = "a, b, c"];
	q11 -> q19 [label = "c"];
	q8 -> q22 [label = "b"];
	q7 -> q0 [label = "a"];
	q6 -> q3 [label = "c"];
	q0 -> q7 [label = "b, c"];
	q1 -> q3 [label = "b, c"];
	q8 -> q15 [label = "b"];
	q8 -> q5 [label = "b"];
	q0 -> q10 [label = "c"];
	q15 -> q17 [label = "b, c"];
	q15 -> q1 [label = "b"];
	q11 -> q2 [label = "c"];
	q8 -> q12 [label = "b"];
	q5 -> q6 [label = "a, c"];
	q8 -> q10 [label = "a, b"];
	q21 -> q22 [label = "a, b"];
	q17 -> q10 [label = "a, b"];
	q14 -> q15 [label = "b, c"];
	q10 -> q7 [label = "b, c"];
	q14 -> q12 [label = "a, b, c"];
	q14 -> q10 [label = "a, b, c"];
	q0 -> q12 [label = "b"];
	q18 -> q5 [label = "a, b"];
	q14 -> q24 [label = "b, c"];
	q14 -> q7 [label = "a, b, c"];
	q19 -> q13 [label = "a, c"];
	q14 -> q6 [label = "b, c"];
	q1 -> q9 [label = "a, b, c"];
	q1 -> q23 [label = "a, b, c"];
	q12 -> q23 [label = "a"];
	q1 -> q21 [label = "a, b, c"];
	q2 -> q12 [label = "a, b, c"];
	q23 -> q13 [label = "a"];
	q15 -> q11 [label = "a"];
	q4 -> q9 [label = "c"];
	q20 -> q22 [label = "a, b"];
	q14 -> q3 [label = "b, c"];
	q14 -> q13 [label = "a, b, c"];
	q15 -> q23 [label = "a, b, c"];
	q24 -> q19 [label = "a"];
	q8 -> q23 [label = "a"];
	q22 -> q5 [label = "a"];
	q24 -> q7 [label = "a, b, c"];
	q23 -> q7 [label = "b, c"];
	q15 -> q14 [label = "c"];
	q14 -> q5 [label = "b, c"];
	q18 -> q3 [label = "a, c"];
	q4 -> q15 [label = "b"];
	q15 -> q4 [label = "b"];
	q2 -> q23 [label = "a, b, c"];
	q24 -> q24 [label = "b"];
	q11 -> q17 [label = "c"];
	q24 -> q2 [label = "a, c"];
	q8 -> q7 [label = "b"];
	q11 -> q21 [label = "a, b, c"];
	q2 -> q21 [label = "b, c"];
	q14 -> q0 [label = "a, b"];
	q19 -> q2 [label = "c"];
	q24 -> q13 [label = "a, b, c"];
	q14 -> q20 [label = "c"];
	q11 -> q20 [label = "c"];
	q11 -> q23 [label = "a, b, c"];
	q15 -> q13 [label = "a, b, c"];
	q3 -> q7 [label = "a, b"];
	q7 -> q10 [label = "a, b"];
	q19 -> q23 [label = "c"];
	q18 -> q10 [label = "a, b"];
	q19 -> q8 [label = "c"];
	q19 -> q10 [label = "a, c"];
	q11 -> q6 [label = "a, c"];
	q13 -> q13 [label = "c"];
	q8 -> q13 [label = "c"];
	q24 -> q23 [label = "a, c"];
	q8 -> q8 [label = "b, c"];
	q1 -> q14 [label = "c"];
	q2 -> q6 [label = "c"];
	q24 -> q6 [label = "a, c"];
	q15 -> q2 [label = "a, b, c"];
	q18 -> q7 [label = "a, b"];
	q24 -> q9 [label = "a, c"];
	q7 -> q22 [label = "b"];
	q11 -> q0 [label = "a, b"];
	q5 -> q10 [label = "a, b, c"];
	q16 -> q5 [label = "a, b"];
	q11 -> q8 [label = "c"];
	q11 -> q16 [label = "c"];
	q24 -> q10 [label = "a, b, c"];
	q24 -> q20 [label = "a"];
	q23 -> q5 [label = "c"];
	q2 -> q22 [label = "b, c"];
	q24 -> q5 [label = "a, b, c"];
	q24 -> q11 [label = "a, c"];
	q21 -> q13 [label = "a, c"];
	q22 -> q8 [label = "c"];
	q24 -> q21 [label = "a, b, c"];
	q3 -> q15 [label = "b"];
	q14 -> q22 [label = "b, c"];
	q9 -> q7 [label = "b"];
	q15 -> q5 [label = "a, b"];
	q19 -> q7 [label = "b, c"];
	q11 -> q9 [label = "a, b, c"];
	q8 -> q3 [label = "c"];
	q3 -> q8 [label = "b, c"];
	q1 -> q11 [label = "a, c"];
	q13 -> q9 [label = "c"];
	q2 -> q20 [label = "c"];
	q6 -> q0 [label = "a"];
	q23 -> q12 [label = "b"];
	q23 -> q6 [label = "c"];
	q6 -> q21 [label = "b"];
	q21 -> q10 [label = "a, b"];
	q24 -> q12 [label = "a"];
	q2 -> q7 [label = "a, b, c"];
	q15 -> q0 [label = "a, c"];
	q18 -> q4 [label = "c"];
	q12 -> q0 [label = "a"];
	q15 -> q6 [label = "a, b, c"];
	q11 -> q10 [label = "a, b, c"];
	q1 -> q20 [label = "a, c"];
	q6 -> q10 [label = "a, b, c"];
	q15 -> q10 [label = "a, b, c"];
	q19 -> q3 [label = "c"];
	q17 -> q12 [label = "b"];
	q11 -> q12 [label = "a, b, c"];
	q21 -> q23 [label = "a"];
	q2 -> q19 [label = "c"];
	q24 -> q0 [label = "a, c"];
	q1 -> q24 [label = "b"];
	q11 -> q13 [label = "a, b, c"];
	q5 -> q23 [label = "a, c"];
	q18 -> q15 [label = "a, b"];
	q11 -> q22 [label = "a, b, c"];
	q14 -> q23 [label = "a, b, c"];
	q15 -> q3 [label = "b, c"];
	q15 -> q7 [label = "a, b, c"];
	q15 -> q8 [label = "b, c"];
	q9 -> q5 [label = "a"];
	q15 -> q22 [label = "a, b"];
	q8 -> q6 [label = "b"];
	q19 -> q6 [label = "c"];
	q5 -> q7 [label = "a, b, c"];
	q17 -> q5 [label = "b"];
	q9 -> q10 [label = "a"];
	q0 -> q13 [label = "a"];
	q16 -> q10 [label = "a, b"];
	q0 -> q22 [label = "c"];
	q4 -> q5 [label = "a, b"];
	q4 -> q6 [label = "a, b"];
	q14 -> q21 [label = "b, c"];
	q15 -> q15 [label = "b"];
	q4 -> q7 [label = "a, b"];
	q4 -> q21 [label = "a, b"];
	q18 -> q22 [label = "a, b"];
	q1 -> q0 [label = "a, c"];
	q1 -> q19 [label = "a, c"];
	q1 -> q2 [label = "a, b, c"];
	q1 -> q5 [label = "a, b, c"];
	q3 -> q23 [label = "a"];
	q1 -> q6 [label = "a, b, c"];
	q22 -> q6 [label = "c"];
	q1 -> q12 [label = "a, c"];
	q16 -> q22 [label = "a, b"];
	q1 -> q13 [label = "a, b, c"];
	q20 -> q10 [label = "a, b"];
	q1 -> q22 [label = "a, b, c"];
	q21 -> q8 [label = "c"];
	q9 -> q21 [label = "b"];
	q3 -> q6 [label = "b"];
	q21 -> q5 [label = "a"];
	q3 -> q10 [label = "a, b"];
	q3 -> q21 [label = "b"];
	q7 -> q8 [label = "c"];
	q1 -> q4 [label = "b, c"];
	q1 -> q8 [label = "b, c"];
	q1 -> q15 [label = "b"];
	q5 -> q5 [label = "a"];
	q18 -> q8 [label = "a, b, c"];
	q1 -> q7 [label = "a, b, c"];
	q1 -> q17 [label = "b, c"];
	q3 -> q13 [label = "a, c"];
	q5 -> q12 [label = "a"];
	q4 -> q10 [label = "a, b"];
	q5 -> q0 [label = "a"];
	q11 -> q5 [label = "a, c"];
	q5 -> q9 [label = "a"];
	q5 -> q21 [label = "a, b"];
	q5 -> q22 [label = "a"];
	q1 -> q16 [label = "c"];
	q23 -> q10 [label = "c"];
	q1 -> q18 [label = "c"];
	q4 -> q8 [label = "b"];
	q11 -> q15 [label = "c"];
	q4 -> q12 [label = "b"];
	q7 -> q23 [label = "a"];
	q3 -> q9 [label = "c"];
	q3 -> q5 [label = "b"];
	q9 -> q4 [label = "c"];
	q9 -> q9 [label = "c"];
	q9 -> q13 [label = "c"];
	q15 -> q9 [label = "a, b"];
	q11 -> q24 [label = "c"];
	q15 -> q12 [label = "a, b"];
	q3 -> q3 [label = "c"];
	q15 -> q21 [label = "a, b"];
	q20 -> q15 [label = "a"];
	q15 -> q24 [label = "b"];
	q10 -> q6 [label = "c"];
	q19 -> q12 [label = "b"];
	q2 -> q18 [label = "c"];
	q10 -> q10 [label = "c"];
	q20 -> q21 [label = "a"];
	q12 -> q19 [label = "b"];
	q1 -> q10 [label = "a, b, c"];
	q11 -> q4 [label = "c"];
	q11 -> q18 [label = "c"];
	q13 -> q7 [label = "b"];
	q2 -> q10 [label = "a, b, c"];
	q13 -> q21 [label = "b"];
	q15 -> q19 [label = "a"];
	q15 -> q20 [label = "a"];
	q1 -> q1 [label = "b"];
	q20 -> q8 [label = "a, c"];
	q21 -> q17 [label = "c"];
	q16 -> q19 [label = "b"];
	q2 -> q8 [label = "c"];
	q14 -> q8 [label = "b, c"];
	q20 -> q13 [label = "a, c"];
	q20 -> q17 [label = "c"];
	q2 -> q3 [label = "c"];
	q16 -> q6 [label = "a, b"];
	q2 -> q13 [label = "a, b, c"];
	q10 -> q13 [label = "a"];
	q18 -> q20 [label = "b"];
	q16 -> q7 [label = "a, b"];
	q16 -> q8 [label = "a, b"];
	q3 -> q22 [label = "b"];
	q16 -> q15 [label = "a, b"];
	q16 -> q21 [label = "a, b"];
	q13 -> q10 [label = "a"];
	q6 -> q22 [label = "b"];
	q11 -> q7 [label = "a, b, c"];
	q18 -> q6 [label = "a, b"];
	q18 -> q12 [label = "b"];
	q2 -> q5 [label = "c"];
	q18 -> q19 [label = "b"];
	q18 -> q21 [label = "a, b"];
}
NFA size: 25 states

AL* output after 13 EQ and 4855 MQ:
digraph finite_state_machine {
	rankdir=LR;
	node [shape = circle];
	s0 [shape = point, style = invis, start="true" ];
	s1 [shape = point, style = invis, start="true" ];
	s2 [shape = point, style = invis, start="true" ];
	q0 [label = "q0", shape = doublecircle, final="true" ];
	q1 [label = "q1", shape = doublecircle, final="true" ];
	q2 [label = "q2", shape = doublecircle, final="true" ];
	q3 [label = "q3"];
	q4 [label = "q4", shape = doublecircle, final="true" ];
	q5 [label = "q5", shape = doublecircle, final="true" ];
	q6 [label = "q6"];
	q7 [label = "q7", shape = doublecircle, final="true" ];
	q8 [label = "q8"];
	q9 [label = "q9"];
	q10 [label = "q10"];
	q11 [label = "q11"];
	m0 [label = "", shape = square, style = filled, color=grey, fixedsize=true, width=.2];
	m1 [label = "", shape = square, style = filled, color=grey, fixedsize=true, width=.2];
	m2 [label = "", shape = square, style = filled, color=grey, fixedsize=true, width=.2];
	m3 [label = "", shape = square, style = filled, color=grey, fixedsize=true, width=.2];
	m4 [label = "", shape = square, style = filled, color=grey, fixedsize=true, width=.2];
	m5 [label = "", shape = square, style = filled, color=grey, fixedsize=true, width=.2];
	m6 [label = "", shape = square, style = filled, color=grey, fixedsize=true, width=.2];
	m7 [label = "", shape = square, style = filled, color=grey, fixedsize=true, width=.2];
	m8 [label = "", shape = square, style = filled, color=grey, fixedsize=true, width=.2];
	m9 [label = "", shape = square, style = filled, color=grey, fixedsize=true, width=.2];
	m10 [label = "", shape = square, style = filled, color=grey, fixedsize=true, width=.2];
	m11 [label = "", shape = square, style = filled, color=grey, fixedsize=true, width=.2];
	m12 [label = "", shape = square, style = filled, color=grey, fixedsize=true, width=.2];
	m13 [label = "", shape = square, style = filled, color=grey, fixedsize=true, width=.2];
	m14 [label = "", shape = square, style = filled, color=grey, fixedsize=true, width=.2];
	m15 [label = "", shape = square, style = filled, color=grey, fixedsize=true, width=.2];
	s0 -> m0
	s1 -> m1
	s2 -> m2
	q9 -> m15 [label = "b"];
	q11 -> m8 [label = "a"];
	q9 -> m13 [label = "a"];
	q8 -> m4 [label = "c"];
	q8 -> m0 [label = "c"];
	q8 -> m13 [label = "b"];
	q10 -> m3 [label = "a"];
	q10 -> m10 [label = "a"];
	q11 -> m10 [label = "a, b"];
	q10 -> m13 [label = "b"];
	q4 -> m2 [label = "a"];
	q6 -> m0 [label = "c"];
	q4 -> m7 [label = "c"];
	q4 -> m3 [label = "b"];
	q1 -> m0 [label = "c"];
	q2 -> m2 [label = "b, c"];
	q7 -> m11 [label = "a"];
	q7 -> m9 [label = "a"];
	q5 -> m1 [label = "b"];
	q7 -> m2 [label = "c"];
	q11 -> m1 [label = "c"];
	q8 -> m2 [label = "b"];
	q3 -> m9 [label = "b"];
	q10 -> m2 [label = "b"];
	q2 -> m3 [label = "a, b"];
	q10 -> m5 [label = "c"];
	q11 -> m2 [label = "b, c"];
	q0 -> m1 [label = "b"];
	q1 -> m5 [label = "c"];
	q7 -> m10 [label = "a, b"];
	q6 -> m3 [label = "a"];
	q10 -> m0 [label = "c"];
	q0 -> m2 [label = "a, c"];
	q9 -> m7 [label = "b, c"];
	q7 -> m8 [label = "a, b"];
	q1 -> m13 [label = "a"];
	q3 -> m4 [label = "c"];
	q3 -> m3 [label = "c"];
	q5 -> m3 [label = "b"];
	q2 -> m0 [label = "c"];
	q1 -> m6 [label = "a, c"];
	q11 -> m3 [label = "a, c"];
	q9 -> m4 [label = "c"];
	q3 -> m11 [label = "a"];
	q9 -> m9 [label = "b"];
	q9 -> m6 [label = "c"];
	q2 -> m1 [label = "c"];
	q0 -> m4 [label = "b"];
	q6 -> m6 [label = "a"];
	q4 -> m1 [label = "b"];
	q1 -> m2 [label = "c"];
	q10 -> m4 [label = "c"];
	q1 -> m3 [label = "b"];
	q5 -> m2 [label = "a"];
	q1 -> m4 [label = "a"];
	q5 -> m12 [label = "a, c"];
	q7 -> m3 [label = "b, c"];
	q3 -> m6 [label = "a"];
	q11 -> m9 [label = "b"];
	q1 -> m8 [label = "b"];
	q8 -> m5 [label = "c"];
	q5 -> m8 [label = "b"];
	q7 -> m6 [label = "c"];
	q4 -> m12 [label = "a, c"];
	q0 -> m12 [label = "a, c"];
	q3 -> m8 [label = "b"];
	q10 -> m1 [label = "c"];
	q5 -> m0 [label = "c"];
	q0 -> m0 [label = "c"];
	q6 -> m9 [label = "b"];
	q6 -> m2 [label = "b"];
	q2 -> m4 [label = "a"];
	q8 -> m10 [label = "a"];
	q0 -> m3 [label = "b"];
	q6 -> m1 [label = "c"];
	q6 -> m4 [label = "c"];
	q6 -> m14 [label = "c"];
	m0 -> q0;
	m0 -> q1;
	m0 -> q2;
	m0 -> q4;
	m0 -> q5;
	m0 -> q7;
	m1 -> q0;
	m1 -> q1;
	m1 -> q2;
	m1 -> q7;
	m1 -> q11;
	m2 -> q2;
	m2 -> q6;
	m2 -> q10;
	m2 -> q11;
	m3 -> q0;
	m3 -> q4;
	m3 -> q5;
	m4 -> q1;
	m4 -> q2;
	m4 -> q3;
	m4 -> q5;
	m4 -> q6;
	m4 -> q7;
	m4 -> q8;
	m4 -> q10;
	m4 -> q11;
	m5 -> q0;
	m5 -> q1;
	m5 -> q3;
	m5 -> q4;
	m5 -> q5;
	m5 -> q6;
	m5 -> q7;
	m5 -> q8;
	m5 -> q10;
	m5 -> q11;
	m6 -> q0;
	m6 -> q1;
	m6 -> q2;
	m6 -> q3;
	m6 -> q4;
	m6 -> q7;
	m6 -> q9;
	m6 -> q11;
	m7 -> q0;
	m7 -> q2;
	m7 -> q4;
	m7 -> q5;
	m7 -> q6;
	m7 -> q10;
	m7 -> q11;
	m8 -> q2;
	m8 -> q6;
	m8 -> q8;
	m8 -> q10;
	m8 -> q11;
	m9 -> q0;
	m9 -> q4;
	m9 -> q5;
	m9 -> q7;
	m9 -> q8;
	m9 -> q10;
	m9 -> q11;
	m10 -> q3;
	m10 -> q7;
	m10 -> q11;
	m11 -> q0;
	m11 -> q1;
	m11 -> q2;
	m11 -> q4;
	m11 -> q5;
	m11 -> q6;
	m11 -> q7;
	m11 -> q9;
	m11 -> q10;
	m11 -> q11;
	m12 -> q7;
	m12 -> q11;
	m13 -> q0;
	m13 -> q3;
	m13 -> q4;
	m13 -> q5;
	m13 -> q6;
	m13 -> q7;
	m13 -> q11;
	m14 -> q0;
	m14 -> q4;
	m14 -> q5;
	m14 -> q7;
	m14 -> q11;
	m15 -> q0;
	m15 -> q1;
	m15 -> q2;
	m15 -> q3;
	m15 -> q5;
	m15 -> q6;
	m15 -> q7;
	m15 -> q8;
	m15 -> q10;
	m15 -> q11;
}
AFA size: 12 states

