Random target AFA:
digraph finite_state_machine {
	rankdir=LR;
	node [shape = circle];
	s0 [shape = point, style = invis, start="true" ];
	s1 [shape = point, style = invis, start="true" ];
	q0 [label = "q0"];
	q1 [label = "q1"];
	q2 [label = "q2"];
	q3 [label = "q3", shape = doublecircle, final="true" ];
	q4 [label = "q4"];
	q5 [label = "q5"];
	m0 [label = "", shape = square, style = filled, color=grey, fixedsize=true, width=.2];
	m1 [label = "", shape = square, style = filled, color=grey, fixedsize=true, width=.2];
	m2 [label = "", shape = square, style = filled, color=grey, fixedsize=true, width=.2];
	m3 [label = "", shape = square, style = filled, color=grey, fixedsize=true, width=.2];
	m4 [label = "", shape = square, style = filled, color=grey, fixedsize=true, width=.2];
	m5 [label = "", shape = square, style = filled, color=grey, fixedsize=true, width=.2];
	m6 [label = "", shape = square, style = filled, color=grey, fixedsize=true, width=.2];
	s0 -> q2
	s1 -> q0
	q3 -> q1 [label = "c"];
	q3 -> q5 [label = "c"];
	q2 -> q1 [label = "c"];
	q5 -> q2 [label = "a, b"];
	q3 -> q4 [label = "a"];
	q1 -> q3 [label = "b"];
	q5 -> m6 [label = "a"];
	q1 -> m5 [label = "b"];
	q3 -> m4 [label = "b"];
	q4 -> m4 [label = "b"];
	q4 -> q3 [label = "b, c"];
	q4 -> m0 [label = "c"];
	q3 -> m2 [label = "a"];
	q0 -> q2 [label = "c"];
	q1 -> q1 [label = "a"];
	q0 -> q3 [label = "a"];
	q1 -> m3 [label = "a"];
	q0 -> m1 [label = "a, b"];
	q2 -> q0 [label = "a, b"];
	q2 -> m2 [label = "b"];
	q0 -> q0 [label = "c"];
	q0 -> q1 [label = "b"];
	q1 -> q0 [label = "c"];
	q4 -> q5 [label = "a"];
	q1 -> q2 [label = "c"];
	q5 -> q0 [label = "c"];
	q2 -> q2 [label = "a"];
	q3 -> m3 [label = "b"];
	q5 -> q4 [label = "b, c"];
	m0 -> q2;
	m0 -> q3;
	m1 -> q0;
	m1 -> q4;
	m2 -> q0;
	m2 -> q5;
	m3 -> q1;
	m3 -> q4;
	m4 -> q0;
	m4 -> q2;
	m5 -> q3;
	m5 -> q5;
	m6 -> q1;
	m6 -> q5;
}

L* output after 7 EQ and 7192 MQ:
digraph finite_state_machine {
	rankdir=LR;
	node [shape = circle];
	s0 [shape = point, style = invis, start="true" ];
	q0 [label = "q0"];
	q1 [label = "q1", shape = doublecircle, final="true" ];
	q2 [label = "q2", shape = doublecircle, final="true" ];
	q3 [label = "q3", shape = doublecircle, final="true" ];
	q4 [label = "q4"];
	q5 [label = "q5"];
	q6 [label = "q6", shape = doublecircle, final="true" ];
	q7 [label = "q7"];
	q8 [label = "q8"];
	q9 [label = "q9"];
	q10 [label = "q10", shape = doublecircle, final="true" ];
	q11 [label = "q11"];
	q12 [label = "q12", shape = doublecircle, final="true" ];
	q13 [label = "q13", shape = doublecircle, final="true" ];
	q14 [label = "q14", shape = doublecircle, final="true" ];
	q15 [label = "q15", shape = doublecircle, final="true" ];
	q16 [label = "q16"];
	q17 [label = "q17", shape = doublecircle, final="true" ];
	q18 [label = "q18", shape = doublecircle, final="true" ];
	q19 [label = "q19"];
	q20 [label = "q20"];
	q21 [label = "q21"];
	q22 [label = "q22", shape = doublecircle, final="true" ];
	q23 [label = "q23"];
	q24 [label = "q24"];
	q25 [label = "q25"];
	q26 [label = "q26", shape = doublecircle, final="true" ];
	q27 [label = "q27", shape = doublecircle, final="true" ];
	q28 [label = "q28"];
	q29 [label = "q29"];
	q30 [label = "q30", shape = doublecircle, final="true" ];
	q31 [label = "q31", shape = doublecircle, final="true" ];
	q32 [label = "q32", shape = doublecircle, final="true" ];
	q33 [label = "q33"];
	q34 [label = "q34", shape = doublecircle, final="true" ];
	q35 [label = "q35"];
	q36 [label = "q36"];
	q37 [label = "q37", shape = doublecircle, final="true" ];
	q38 [label = "q38"];
	q39 [label = "q39"];
	q40 [label = "q40", shape = doublecircle, final="true" ];
	q41 [label = "q41"];
	q42 [label = "q42"];
	q43 [label = "q43"];
	q44 [label = "q44", shape = doublecircle, final="true" ];
	q45 [label = "q45"];
	q46 [label = "q46", shape = doublecircle, final="true" ];
	q47 [label = "q47"];
	q48 [label = "q48", shape = doublecircle, final="true" ];
	q49 [label = "q49", shape = doublecircle, final="true" ];
	q50 [label = "q50"];
	q51 [label = "q51"];
	q52 [label = "q52", shape = doublecircle, final="true" ];
	q53 [label = "q53"];
	q54 [label = "q54", shape = doublecircle, final="true" ];
	s0 -> q38
	q41 -> q29 [label = "c"];
	q41 -> q44 [label = "b"];
	q47 -> q27 [label = "c"];
	q45 -> q29 [label = "c"];
	q42 -> q45 [label = "a"];
	q46 -> q28 [label = "c"];
	q42 -> q44 [label = "b"];
	q40 -> q30 [label = "c"];
	q44 -> q46 [label = "c"];
	q38 -> q37 [label = "a"];
	q37 -> q34 [label = "a"];
	q33 -> q29 [label = "c"];
	q39 -> q27 [label = "c"];
	q33 -> q34 [label = "b"];
	q37 -> q33 [label = "c"];
	q35 -> q26 [label = "b"];
	q10 -> q6 [label = "c"];
	q13 -> q49 [label = "b"];
	q35 -> q27 [label = "a"];
	q1 -> q44 [label = "b"];
	q16 -> q45 [label = "a"];
	q15 -> q33 [label = "c"];
	q22 -> q30 [label = "c"];
	q12 -> q12 [label = "b"];
	q5 -> q44 [label = "b"];
	q18 -> q47 [label = "a"];
	q21 -> q35 [label = "c"];
	q30 -> q34 [label = "a, b"];
	q15 -> q20 [label = "b"];
	q17 -> q14 [label = "b"];
	q36 -> q38 [label = "c"];
	q17 -> q33 [label = "c"];
	q48 -> q41 [label = "c"];
	q48 -> q51 [label = "a"];
	q15 -> q34 [label = "a"];
	q50 -> q52 [label = "a"];
	q49 -> q33 [label = "c"];
	q20 -> q35 [label = "c"];
	q52 -> q28 [label = "c"];
	q49 -> q39 [label = "a"];
	q19 -> q15 [label = "a"];
	q50 -> q34 [label = "b, c"];
	q26 -> q49 [label = "b"];
	q47 -> q26 [label = "b"];
	q51 -> q53 [label = "a"];
	q9 -> q5 [label = "a"];
	q49 -> q12 [label = "b"];
	q51 -> q14 [label = "b"];
	q43 -> q35 [label = "a, c"];
	q18 -> q14 [label = "b"];
	q52 -> q29 [label = "b"];
	q36 -> q32 [label = "a, b"];
	q21 -> q27 [label = "a"];
	q54 -> q22 [label = "a"];
	q8 -> q43 [label = "a"];
	q34 -> q30 [label = "c"];
	q17 -> q16 [label = "a"];
	q46 -> q47 [label = "a"];
	q9 -> q54 [label = "c"];
	q6 -> q2 [label = "b"];
	q44 -> q13 [label = "b"];
	q0 -> q33 [label = "a"];
	q3 -> q1 [label = "a"];
	q22 -> q26 [label = "b"];
	q48 -> q12 [label = "b"];
	q20 -> q17 [label = "a"];
	q47 -> q33 [label = "a"];
	q44 -> q50 [label = "a"];
	q54 -> q33 [label = "c"];
	q14 -> q41 [label = "c"];
	q16 -> q27 [label = "c"];
	q41 -> q43 [label = "a"];
	q53 -> q25 [label = "a"];
	q54 -> q49 [label = "b"];
	q18 -> q33 [label = "c"];
	q2 -> q30 [label = "c"];
	q14 -> q11 [label = "a"];
	q32 -> q33 [label = "c"];
	q45 -> q34 [label = "b"];
	q14 -> q12 [label = "b"];
	q52 -> q34 [label = "a"];
	q20 -> q49 [label = "b"];
	q53 -> q24 [label = "b"];
	q1 -> q31 [label = "c"];
	q4 -> q29 [label = "b, c"];
	q34 -> q31 [label = "a"];
	q40 -> q14 [label = "b"];
	q40 -> q42 [label = "a"];
	q6 -> q22 [label = "a"];
	q46 -> q44 [label = "b"];
	q22 -> q28 [label = "a"];
	q5 -> q25 [label = "a"];
	q27 -> q33 [label = "c"];
	q7 -> q3 [label = "c"];
	q31 -> q31 [label = "a, c"];
	q1 -> q0 [label = "a"];
	q33 -> q27 [label = "a"];
	q4 -> q21 [label = "a"];
	q35 -> q35 [label = "c"];
	q0 -> q34 [label = "b, c"];
	q43 -> q26 [label = "b"];
	q6 -> q28 [label = "c"];
	q51 -> q54 [label = "c"];
	q29 -> q26 [label = "b"];
	q25 -> q35 [label = "c"];
	q42 -> q34 [label = "c"];
	q2 -> q13 [label = "b"];
	q39 -> q41 [label = "a"];
	q7 -> q4 [label = "a"];
	q12 -> q33 [label = "c"];
	q10 -> q14 [label = "b"];
	q10 -> q7 [label = "a"];
	q12 -> q9 [label = "a"];
	q24 -> q13 [label = "b"];
	q8 -> q29 [label = "c"];
	q53 -> q23 [label = "c"];
	q2 -> q28 [label = "a"];
	q13 -> q33 [label = "c"];
	q11 -> q14 [label = "b"];
	q23 -> q49 [label = "b"];
	q19 -> q29 [label = "c"];
	q11 -> q8 [label = "a"];
	q37 -> q36 [label = "b"];
	q9 -> q14 [label = "b"];
	q45 -> q35 [label = "a"];
	q3 -> q49 [label = "b"];
	q21 -> q20 [label = "b"];
	q11 -> q27 [label = "c"];
	q16 -> q14 [label = "b"];
	q24 -> q19 [label = "a"];
	q7 -> q44 [label = "b"];
	q28 -> q34 [label = "b, c"];
	q26 -> q40 [label = "a"];
	q29 -> q27 [label = "c"];
	q39 -> q14 [label = "b"];
	q30 -> q28 [label = "c"];
	q23 -> q27 [label = "c"];
	q24 -> q18 [label = "c"];
	q27 -> q34 [label = "a"];
	q38 -> q36 [label = "b"];
	q28 -> q30 [label = "a"];
	q5 -> q23 [label = "c"];
	q38 -> q35 [label = "c"];
	q25 -> q21 [label = "a"];
	q27 -> q26 [label = "b"];
	q25 -> q20 [label = "b"];
	q32 -> q48 [label = "b"];
	q13 -> q10 [label = "a"];
	q29 -> q30 [label = "a"];
	q31 -> q34 [label = "b"];
	q26 -> q33 [label = "c"];
	q3 -> q30 [label = "c"];
	q8 -> q24 [label = "b"];
	q23 -> q46 [label = "a"];
	q32 -> q39 [label = "a"];
	q19 -> q34 [label = "b"];
	q34 -> q26 [label = "b"];
}
DFA size: 55 states

NL* output after 10 EQ and 5037 MQ:
digraph finite_state_machine {
	rankdir=LR;
	node [shape = circle];
	s0 [shape = point, style = invis, start="true" ];
	q0 [label = "q0"];
	q1 [label = "q1"];
	q2 [label = "q2"];
	q3 [label = "q3"];
	q4 [label = "q4", shape = doublecircle, final="true" ];
	q5 [label = "q5"];
	q6 [label = "q6", shape = doublecircle, final="true" ];
	q7 [label = "q7"];
	q8 [label = "q8", shape = doublecircle, final="true" ];
	q9 [label = "q9"];
	q10 [label = "q10"];
	q11 [label = "q11"];
	q12 [label = "q12"];
	q13 [label = "q13"];
	q14 [label = "q14", shape = doublecircle, final="true" ];
	q15 [label = "q15", shape = doublecircle, final="true" ];
	q16 [label = "q16"];
	q17 [label = "q17", shape = doublecircle, final="true" ];
	q18 [label = "q18", shape = doublecircle, final="true" ];
	q19 [label = "q19", shape = doublecircle, final="true" ];
	q20 [label = "q20"];
	q21 [label = "q21"];
	q22 [label = "q22", shape = doublecircle, final="true" ];
	q23 [label = "q23"];
	s0 -> q9
	q18 -> q13 [label = "c"];
	q18 -> q12 [label = "c"];
	q18 -> q10 [label = "c"];
	q18 -> q9 [label = "c"];
	q18 -> q5 [label = "c"];
	q18 -> q1 [label = "c"];
	q22 -> q0 [label = "a"];
	q17 -> q23 [label = "c"];
	q17 -> q1 [label = "c"];
	q21 -> q2 [label = "a"];
	q19 -> q22 [label = "a"];
	q19 -> q21 [label = "a"];
	q19 -> q3 [label = "a"];
	q17 -> q18 [label = "b"];
	q17 -> q4 [label = "b"];
	q23 -> q21 [label = "c"];
	q5 -> q12 [label = "a, c"];
	q6 -> q20 [label = "a"];
	q3 -> q13 [label = "c"];
	q20 -> q7 [label = "c"];
	q5 -> q9 [label = "a, c"];
	q5 -> q7 [label = "a, b, c"];
	q19 -> q6 [label = "b"];
	q20 -> q2 [label = "a"];
	q17 -> q2 [label = "c"];
	q5 -> q5 [label = "a, c"];
	q18 -> q7 [label = "c"];
	q6 -> q4 [label = "b"];
	q6 -> q2 [label = "c"];
	q12 -> q19 [label = "a"];
	q0 -> q3 [label = "c"];
	q0 -> q4 [label = "b, c"];
	q5 -> q17 [label = "b"];
	q11 -> q18 [label = "b"];
	q6 -> q13 [label = "c"];
	q6 -> q9 [label = "c"];
	q11 -> q1 [label = "a"];
	q6 -> q7 [label = "c"];
	q2 -> q11 [label = "b"];
	q9 -> q10 [label = "c"];
	q0 -> q10 [label = "a"];
	q18 -> q2 [label = "c"];
	q8 -> q15 [label = "a"];
	q15 -> q1 [label = "c"];
	q8 -> q5 [label = "a, c"];
	q16 -> q18 [label = "c"];
	q0 -> q2 [label = "a"];
	q4 -> q23 [label = "c"];
	q0 -> q17 [label = "b, c"];
	q10 -> q5 [label = "c"];
	q6 -> q1 [label = "c"];
	q4 -> q2 [label = "c"];
	q8 -> q17 [label = "a"];
	q6 -> q23 [label = "c"];
	q4 -> q1 [label = "c"];
	q8 -> q22 [label = "a"];
	q8 -> q21 [label = "a"];
	q16 -> q1 [label = "a"];
	q8 -> q20 [label = "a"];
	q8 -> q4 [label = "a"];
	q22 -> q13 [label = "c"];
	q14 -> q10 [label = "a, c"];
	q14 -> q9 [label = "c"];
	q14 -> q4 [label = "b"];
	q0 -> q6 [label = "c"];
	q2 -> q20 [label = "c"];
	q3 -> q14 [label = "c"];
	q19 -> q18 [label = "b"];
	q14 -> q7 [label = "c"];
	q19 -> q13 [label = "c"];
	q20 -> q15 [label = "c"];
	q8 -> q1 [label = "c"];
	q21 -> q1 [label = "a"];
	q13 -> q18 [label = "b"];
	q0 -> q19 [label = "c"];
	q10 -> q12 [label = "a, c"];
	q12 -> q18 [label = "a"];
	q3 -> q6 [label = "c"];
	q23 -> q20 [label = "c"];
	q9 -> q9 [label = "a, c"];
	q8 -> q6 [label = "a"];
	q23 -> q3 [label = "c"];
	q8 -> q3 [label = "a"];
	q11 -> q9 [label = "a"];
	q2 -> q7 [label = "c"];
	q15 -> q2 [label = "c"];
	q8 -> q13 [label = "a, c"];
	q22 -> q15 [label = "c"];
	q15 -> q17 [label = "b"];
	q10 -> q9 [label = "a, c"];
	q13 -> q17 [label = "b"];
	q11 -> q10 [label = "a"];
	q20 -> q14 [label = "c"];
	q20 -> q23 [label = "a"];
	q1 -> q20 [label = "c"];
	q6 -> q10 [label = "c"];
	q15 -> q10 [label = "c"];
	q11 -> q2 [label = "a"];
	q8 -> q12 [label = "a, c"];
	q4 -> q3 [label = "a"];
	q5 -> q6 [label = "b"];
	q16 -> q10 [label = "a, c"];
	q0 -> q13 [label = "c"];
	q5 -> q10 [label = "a, c"];
	q5 -> q19 [label = "b"];
	q0 -> q21 [label = "c"];
	q15 -> q9 [label = "c"];
	q16 -> q12 [label = "c"];
	q22 -> q6 [label = "c"];
	q17 -> q20 [label = "a"];
	q13 -> q10 [label = "c"];
	q0 -> q22 [label = "c"];
	q1 -> q3 [label = "c"];
	q0 -> q20 [label = "c"];
	q14 -> q11 [label = "a"];
	q2 -> q13 [label = "c"];
	q10 -> q13 [label = "b, c"];
	q17 -> q3 [label = "a"];
	q2 -> q10 [label = "a"];
	q22 -> q2 [label = "a, c"];
	q9 -> q8 [label = "a"];
	q8 -> q11 [label = "a"];
	q6 -> q12 [label = "c"];
	q21 -> q19 [label = "c"];
	q23 -> q10 [label = "a, c"];
	q11 -> q19 [label = "b"];
	q5 -> q13 [label = "a, b, c"];
	q12 -> q14 [label = "a"];
	q19 -> q1 [label = "c"];
	q20 -> q18 [label = "c"];
	q14 -> q17 [label = "b"];
	q15 -> q13 [label = "c"];
	q3 -> q7 [label = "c"];
	q8 -> q18 [label = "a"];
	q13 -> q13 [label = "c"];
	q15 -> q7 [label = "c"];
	q6 -> q5 [label = "c"];
	q0 -> q15 [label = "c"];
	q14 -> q1 [label = "c"];
	q19 -> q23 [label = "c"];
	q19 -> q5 [label = "c"];
	q13 -> q12 [label = "c"];
	q15 -> q5 [label = "c"];
	q19 -> q7 [label = "c"];
	q10 -> q10 [label = "a, c"];
	q19 -> q12 [label = "c"];
	q23 -> q5 [label = "a, c"];
	q8 -> q16 [label = "a"];
	q19 -> q4 [label = "b"];
	q21 -> q7 [label = "c"];
	q12 -> q15 [label = "a"];
	q13 -> q7 [label = "c"];
	q10 -> q7 [label = "b, c"];
	q14 -> q12 [label = "c"];
	q8 -> q2 [label = "c"];
	q12 -> q5 [label = "a, c"];
	q0 -> q7 [label = "c"];
	q6 -> q3 [label = "a"];
	q11 -> q15 [label = "c"];
	q19 -> q17 [label = "b"];
	q1 -> q11 [label = "b"];
	q13 -> q9 [label = "c"];
	q19 -> q9 [label = "c"];
	q8 -> q7 [label = "a, b, c"];
	q12 -> q7 [label = "a, b, c"];
	q19 -> q2 [label = "c"];
	q8 -> q9 [label = "a, c"];
	q16 -> q6 [label = "c"];
	q2 -> q3 [label = "c"];
	q8 -> q10 [label = "a, c"];
	q14 -> q5 [label = "a, c"];
	q14 -> q21 [label = "a"];
	q8 -> q19 [label = "a"];
	q12 -> q6 [label = "a"];
	q12 -> q13 [label = "a, b, c"];
	q3 -> q19 [label = "c"];
	q12 -> q12 [label = "a, c"];
	q20 -> q9 [label = "c"];
	q15 -> q12 [label = "c"];
	q8 -> q8 [label = "a"];
	q12 -> q17 [label = "a"];
	q18 -> q4 [label = "b"];
	q11 -> q4 [label = "b"];
	q1 -> q10 [label = "a"];
	q16 -> q5 [label = "a, c"];
	q3 -> q4 [label = "b, c"];
	q3 -> q17 [label = "b, c"];
	q5 -> q4 [label = "b"];
	q7 -> q9 [label = "c"];
	q23 -> q9 [label = "c"];
	q1 -> q4 [label = "b"];
	q22 -> q1 [label = "a, c"];
	q8 -> q14 [label = "a"];
	q3 -> q2 [label = "a"];
	q12 -> q8 [label = "a"];
	q7 -> q6 [label = "a, b"];
	q1 -> q17 [label = "b"];
	q1 -> q7 [label = "c"];
	q1 -> q13 [label = "c"];
	q1 -> q21 [label = "c"];
	q4 -> q4 [label = "b"];
	q4 -> q18 [label = "b"];
	q2 -> q21 [label = "c"];
	q3 -> q15 [label = "c"];
	q22 -> q23 [label = "c"];
	q18 -> q18 [label = "b"];
	q9 -> q7 [label = "b, c"];
	q3 -> q18 [label = "c"];
	q13 -> q6 [label = "a, b"];
	q9 -> q5 [label = "c"];
	q9 -> q12 [label = "c"];
	q5 -> q18 [label = "b"];
	q9 -> q13 [label = "c"];
	q18 -> q23 [label = "c"];
	q13 -> q15 [label = "a"];
	q15 -> q4 [label = "b"];
	q0 -> q18 [label = "c"];
	q14 -> q13 [label = "c"];
	q14 -> q3 [label = "a"];
	q8 -> q23 [label = "c"];
	q14 -> q2 [label = "c"];
	q23 -> q16 [label = "c"];
	q14 -> q16 [label = "a"];
	q13 -> q5 [label = "c"];
	q15 -> q16 [label = "a"];
	q19 -> q10 [label = "c"];
	q11 -> q6 [label = "c"];
	q12 -> q10 [label = "a, c"];
	q11 -> q14 [label = "c"];
	q13 -> q4 [label = "b"];
	q14 -> q23 [label = "c"];
	q15 -> q3 [label = "a"];
	q15 -> q20 [label = "a"];
	q22 -> q18 [label = "c"];
	q15 -> q21 [label = "a"];
	q12 -> q9 [label = "a, c"];
	q20 -> q5 [label = "c"];
	q20 -> q6 [label = "c"];
	q20 -> q8 [label = "c"];
	q20 -> q10 [label = "c"];
	q20 -> q19 [label = "c"];
	q20 -> q12 [label = "c"];
	q21 -> q17 [label = "b, c"];
	q16 -> q19 [label = "c"];
	q20 -> q13 [label = "c"];
	q20 -> q17 [label = "b, c"];
	q16 -> q2 [label = "a"];
	q16 -> q23 [label = "a"];
	q22 -> q4 [label = "b, c"];
	q22 -> q7 [label = "c"];
	q21 -> q4 [label = "b, c"];
	q22 -> q14 [label = "c"];
	q22 -> q17 [label = "b, c"];
	q22 -> q19 [label = "c"];
	q16 -> q4 [label = "b, c"];
	q16 -> q17 [label = "b, c"];
	q18 -> q3 [label = "a"];
	q18 -> q21 [label = "a"];
	q16 -> q7 [label = "c"];
	q16 -> q8 [label = "c"];
	q12 -> q4 [label = "a"];
	q16 -> q9 [label = "c"];
	q16 -> q13 [label = "c"];
	q20 -> q4 [label = "b, c"];
	q16 -> q14 [label = "c"];
	q16 -> q15 [label = "c"];
	q21 -> q6 [label = "c"];
	q21 -> q13 [label = "c"];
	q0 -> q11 [label = "b"];
	q21 -> q14 [label = "c"];
	q14 -> q20 [label = "a"];
	q21 -> q15 [label = "c"];
	q21 -> q18 [label = "c"];
	q23 -> q7 [label = "c"];
	q15 -> q23 [label = "c"];
	q23 -> q11 [label = "b, c"];
	q6 -> q21 [label = "a"];
	q23 -> q12 [label = "c"];
	q23 -> q13 [label = "c"];
}
NFA size: 24 states

AL* output after 10 EQ and 2246 MQ:
digraph finite_state_machine {
	rankdir=LR;
	node [shape = circle];
	s0 [shape = point, style = invis, start="true" ];
	s1 [shape = point, style = invis, start="true" ];
	q0 [label = "q0"];
	q1 [label = "q1", shape = doublecircle, final="true" ];
	q2 [label = "q2", shape = doublecircle, final="true" ];
	q3 [label = "q3", shape = doublecircle, final="true" ];
	q4 [label = "q4", shape = doublecircle, final="true" ];
	q5 [label = "q5", shape = doublecircle, final="true" ];
	q6 [label = "q6"];
	q7 [label = "q7"];
	q8 [label = "q8"];
	m0 [label = "", shape = square, style = filled, color=grey, fixedsize=true, width=.2];
	m1 [label = "", shape = square, style = filled, color=grey, fixedsize=true, width=.2];
	m2 [label = "", shape = square, style = filled, color=grey, fixedsize=true, width=.2];
	m3 [label = "", shape = square, style = filled, color=grey, fixedsize=true, width=.2];
	m4 [label = "", shape = square, style = filled, color=grey, fixedsize=true, width=.2];
	m5 [label = "", shape = square, style = filled, color=grey, fixedsize=true, width=.2];
	m6 [label = "", shape = square, style = filled, color=grey, fixedsize=true, width=.2];
	m7 [label = "", shape = square, style = filled, color=grey, fixedsize=true, width=.2];
	m8 [label = "", shape = square, style = filled, color=grey, fixedsize=true, width=.2];
	m9 [label = "", shape = square, style = filled, color=grey, fixedsize=true, width=.2];
	m10 [label = "", shape = square, style = filled, color=grey, fixedsize=true, width=.2];
	m11 [label = "", shape = square, style = filled, color=grey, fixedsize=true, width=.2];
	s0 -> m0
	s1 -> m1
	q5 -> m4 [label = "b"];
	q7 -> m7 [label = "a"];
	q2 -> m2 [label = "c"];
	q4 -> m10 [label = "b"];
	q4 -> m5 [label = "b"];
	q2 -> m11 [label = "a"];
	q6 -> m7 [label = "a, b"];
	q0 -> m11 [label = "b, c"];
	q6 -> m0 [label = "c"];
	q6 -> m3 [label = "a, b"];
	q4 -> m2 [label = "a, c"];
	q7 -> m4 [label = "c"];
	q2 -> m4 [label = "b"];
	q3 -> m6 [label = "c"];
	q2 -> m6 [label = "c"];
	q2 -> m5 [label = "a, b"];
	q5 -> m10 [label = "b"];
	q2 -> m9 [label = "a"];
	q1 -> m7 [label = "c"];
	q4 -> m9 [label = "a"];
	q2 -> m3 [label = "b, c"];
	q6 -> m1 [label = "c"];
	q0 -> m9 [label = "a"];
	q2 -> m1 [label = "c"];
	q0 -> m4 [label = "c"];
	q5 -> m3 [label = "b, c"];
	q2 -> m0 [label = "c"];
	q1 -> m6 [label = "a, c"];
	q3 -> m3 [label = "b, c"];
	q0 -> m8 [label = "a"];
	q3 -> m11 [label = "a"];
	q8 -> m2 [label = "b, c"];
	q3 -> m2 [label = "b, c"];
	q8 -> m3 [label = "b, c"];
	q8 -> m1 [label = "a, b, c"];
	q2 -> m7 [label = "b"];
	q1 -> m1 [label = "a, b"];
	q7 -> m11 [label = "b, c"];
	q6 -> m5 [label = "a, b"];
	q1 -> m0 [label = "a"];
	q8 -> m4 [label = "b"];
	q0 -> m2 [label = "b, c"];
	q4 -> m0 [label = "c"];
	q4 -> m1 [label = "c"];
	q1 -> m11 [label = "a"];
	q4 -> m7 [label = "a"];
	q4 -> m3 [label = "b, c"];
	q4 -> m11 [label = "a"];
	q0 -> m0 [label = "a, b"];
	q7 -> m0 [label = "a, b"];
	q2 -> m10 [label = "b"];
	q6 -> m4 [label = "a, b"];
	q4 -> m6 [label = "c"];
	q4 -> m4 [label = "a"];
	q5 -> m5 [label = "b, c"];
	q7 -> m6 [label = "a"];
	q8 -> m5 [label = "a"];
	q5 -> m6 [label = "a, c"];
	q3 -> m4 [label = "b"];
	q5 -> m1 [label = "c"];
	q7 -> m1 [label = "c"];
	q0 -> m1 [label = "c"];
	q0 -> m7 [label = "a"];
	q3 -> m1 [label = "a, b, c"];
	q1 -> m5 [label = "b, c"];
	q7 -> m5 [label = "b, c"];
	q1 -> m3 [label = "b, c"];
	q8 -> m0 [label = "a, c"];
	q3 -> m0 [label = "a, c"];
	q3 -> m5 [label = "a"];
	q5 -> m11 [label = "a"];
	m0 -> q1;
	m0 -> q3;
	m0 -> q8;
	m1 -> q2;
	m1 -> q3;
	m1 -> q6;
	m1 -> q8;
	m2 -> q1;
	m2 -> q2;
	m2 -> q3;
	m2 -> q4;
	m2 -> q5;
	m2 -> q6;
	m3 -> q1;
	m3 -> q2;
	m3 -> q4;
	m3 -> q5;
	m3 -> q6;
	m3 -> q7;
	m4 -> q0;
	m4 -> q1;
	m4 -> q3;
	m4 -> q4;
	m4 -> q6;
	m4 -> q7;
	m4 -> q8;
	m5 -> q1;
	m5 -> q2;
	m5 -> q3;
	m5 -> q4;
	m5 -> q5;
	m6 -> q0;
	m6 -> q7;
	m7 -> q2;
	m7 -> q3;
	m7 -> q4;
	m7 -> q6;
	m7 -> q8;
	m8 -> q0;
	m8 -> q1;
	m8 -> q2;
	m8 -> q4;
	m8 -> q5;
	m8 -> q6;
	m8 -> q7;
	m9 -> q0;
	m9 -> q2;
	m9 -> q3;
	m9 -> q5;
	m9 -> q6;
	m9 -> q7;
	m9 -> q8;
	m10 -> q1;
	m10 -> q2;
	m10 -> q3;
	m10 -> q6;
	m10 -> q8;
	m11 -> q1;
	m11 -> q5;
	m11 -> q7;
}
AFA size: 9 states

