Random target AFA:
digraph finite_state_machine {
	rankdir=LR;
	node [shape = circle];
	s0 [shape = point, style = invis, start="true" ];
	s1 [shape = point, style = invis, start="true" ];
	q0 [label = "q0", shape = doublecircle, final="true" ];
	q1 [label = "q1"];
	q2 [label = "q2"];
	q3 [label = "q3"];
	q4 [label = "q4"];
	q5 [label = "q5", shape = doublecircle, final="true" ];
	m0 [label = "", shape = square, style = filled, color=grey, fixedsize=true, width=.2];
	m1 [label = "", shape = square, style = filled, color=grey, fixedsize=true, width=.2];
	m2 [label = "", shape = square, style = filled, color=grey, fixedsize=true, width=.2];
	m3 [label = "", shape = square, style = filled, color=grey, fixedsize=true, width=.2];
	m4 [label = "", shape = square, style = filled, color=grey, fixedsize=true, width=.2];
	m5 [label = "", shape = square, style = filled, color=grey, fixedsize=true, width=.2];
	m6 [label = "", shape = square, style = filled, color=grey, fixedsize=true, width=.2];
	s0 -> q1
	s1 -> q2
	q2 -> q0 [label = "c"];
	q3 -> q1 [label = "c"];
	q2 -> m6 [label = "c"];
	q1 -> q2 [label = "c"];
	q1 -> q4 [label = "c"];
	q3 -> q2 [label = "c"];
	q5 -> q3 [label = "b"];
	q5 -> m5 [label = "a"];
	q3 -> q4 [label = "a"];
	q5 -> m4 [label = "a"];
	q1 -> q1 [label = "b"];
	q3 -> q5 [label = "b"];
	q1 -> q3 [label = "a, b"];
	q4 -> q5 [label = "b, c"];
	q0 -> m4 [label = "c"];
	q4 -> q2 [label = "a, c"];
	q2 -> q1 [label = "b"];
	q1 -> q5 [label = "a"];
	q0 -> m1 [label = "a"];
	q2 -> m2 [label = "a, b"];
	q0 -> q4 [label = "b"];
	q0 -> q2 [label = "c"];
	q4 -> q1 [label = "b"];
	q0 -> m0 [label = "a"];
	q4 -> m3 [label = "a"];
	q5 -> q2 [label = "b, c"];
	q2 -> m3 [label = "a"];
	q3 -> m3 [label = "b"];
	q5 -> q4 [label = "c"];
	m0 -> q3;
	m0 -> q5;
	m1 -> q0;
	m1 -> q1;
	m2 -> q1;
	m2 -> q5;
	m3 -> q3;
	m3 -> q4;
	m4 -> q0;
	m4 -> q4;
	m5 -> q0;
	m5 -> q2;
	m6 -> q2;
	m6 -> q3;
}

L* output after 9 EQ and 6866 MQ:
digraph finite_state_machine {
	rankdir=LR;
	node [shape = circle];
	s0 [shape = point, style = invis, start="true" ];
	q0 [label = "q0"];
	q1 [label = "q1", shape = doublecircle, final="true" ];
	q2 [label = "q2"];
	q3 [label = "q3", shape = doublecircle, final="true" ];
	q4 [label = "q4", shape = doublecircle, final="true" ];
	q5 [label = "q5", shape = doublecircle, final="true" ];
	q6 [label = "q6", shape = doublecircle, final="true" ];
	q7 [label = "q7", shape = doublecircle, final="true" ];
	q8 [label = "q8", shape = doublecircle, final="true" ];
	q9 [label = "q9", shape = doublecircle, final="true" ];
	q10 [label = "q10"];
	q11 [label = "q11", shape = doublecircle, final="true" ];
	q12 [label = "q12", shape = doublecircle, final="true" ];
	q13 [label = "q13", shape = doublecircle, final="true" ];
	q14 [label = "q14", shape = doublecircle, final="true" ];
	q15 [label = "q15"];
	q16 [label = "q16"];
	q17 [label = "q17", shape = doublecircle, final="true" ];
	q18 [label = "q18"];
	q19 [label = "q19"];
	q20 [label = "q20"];
	q21 [label = "q21", shape = doublecircle, final="true" ];
	q22 [label = "q22"];
	q23 [label = "q23", shape = doublecircle, final="true" ];
	q24 [label = "q24"];
	q25 [label = "q25", shape = doublecircle, final="true" ];
	q26 [label = "q26"];
	q27 [label = "q27", shape = doublecircle, final="true" ];
	q28 [label = "q28"];
	q29 [label = "q29", shape = doublecircle, final="true" ];
	q30 [label = "q30", shape = doublecircle, final="true" ];
	q31 [label = "q31"];
	q32 [label = "q32", shape = doublecircle, final="true" ];
	q33 [label = "q33", shape = doublecircle, final="true" ];
	q34 [label = "q34"];
	q35 [label = "q35"];
	q36 [label = "q36", shape = doublecircle, final="true" ];
	q37 [label = "q37"];
	q38 [label = "q38", shape = doublecircle, final="true" ];
	q39 [label = "q39"];
	q40 [label = "q40"];
	q41 [label = "q41"];
	q42 [label = "q42", shape = doublecircle, final="true" ];
	q43 [label = "q43", shape = doublecircle, final="true" ];
	q44 [label = "q44"];
	q45 [label = "q45", shape = doublecircle, final="true" ];
	q46 [label = "q46"];
	q47 [label = "q47", shape = doublecircle, final="true" ];
	q48 [label = "q48", shape = doublecircle, final="true" ];
	q49 [label = "q49"];
	q50 [label = "q50", shape = doublecircle, final="true" ];
	q51 [label = "q51"];
	q52 [label = "q52"];
	q53 [label = "q53"];
	s0 -> q37
	q47 -> q31 [label = "c"];
	q41 -> q44 [label = "a"];
	q40 -> q14 [label = "c"];
	q46 -> q45 [label = "b"];
	q40 -> q33 [label = "b"];
	q46 -> q5 [label = "c"];
	q42 -> q23 [label = "b"];
	q39 -> q38 [label = "a"];
	q37 -> q35 [label = "b"];
	q35 -> q31 [label = "c"];
	q45 -> q21 [label = "a"];
	q38 -> q40 [label = "a"];
	q39 -> q29 [label = "b"];
	q33 -> q40 [label = "c"];
	q39 -> q12 [label = "c"];
	q44 -> q22 [label = "a"];
	q37 -> q32 [label = "c"];
	q7 -> q24 [label = "a"];
	q23 -> q4 [label = "c"];
	q20 -> q19 [label = "a"];
	q15 -> q5 [label = "c"];
	q5 -> q0 [label = "b"];
	q29 -> q50 [label = "a"];
	q15 -> q45 [label = "b"];
	q12 -> q9 [label = "b"];
	q44 -> q6 [label = "c"];
	q11 -> q42 [label = "c"];
	q15 -> q22 [label = "a"];
	q22 -> q16 [label = "a"];
	q43 -> q43 [label = "b"];
	q18 -> q29 [label = "b"];
	q14 -> q32 [label = "c"];
	q35 -> q29 [label = "b"];
	q13 -> q43 [label = "b"];
	q22 -> q33 [label = "b"];
	q16 -> q5 [label = "c"];
	q38 -> q43 [label = "b"];
	q2 -> q29 [label = "b"];
	q28 -> q45 [label = "b"];
	q32 -> q27 [label = "b"];
	q19 -> q45 [label = "b"];
	q9 -> q11 [label = "c"];
	q42 -> q42 [label = "c"];
	q18 -> q46 [label = "a"];
	q17 -> q51 [label = "a"];
	q10 -> q4 [label = "c"];
	q23 -> q43 [label = "b"];
	q5 -> q26 [label = "a"];
	q33 -> q48 [label = "a"];
	q53 -> q14 [label = "c"];
	q45 -> q51 [label = "c"];
	q49 -> q29 [label = "b"];
	q46 -> q46 [label = "a"];
	q20 -> q45 [label = "b"];
	q53 -> q24 [label = "a"];
	q43 -> q50 [label = "a"];
	q2 -> q17 [label = "a"];
	q11 -> q25 [label = "a"];
	q49 -> q12 [label = "c"];
	q50 -> q11 [label = "c"];
	q43 -> q12 [label = "c"];
	q14 -> q10 [label = "b"];
	q50 -> q53 [label = "a"];
	q48 -> q31 [label = "c"];
	q20 -> q30 [label = "c"];
	q24 -> q7 [label = "c"];
	q26 -> q51 [label = "c"];
	q16 -> q15 [label = "a"];
	q14 -> q26 [label = "a"];
	q51 -> q24 [label = "a"];
	q28 -> q8 [label = "c"];
	q52 -> q19 [label = "a"];
	q3 -> q1 [label = "b"];
	q52 -> q13 [label = "c"];
	q49 -> q50 [label = "a"];
	q50 -> q43 [label = "b"];
	q5 -> q32 [label = "c"];
	q24 -> q18 [label = "a"];
	q51 -> q42 [label = "c"];
	q21 -> q20 [label = "a"];
	q48 -> q20 [label = "a"];
	q31 -> q42 [label = "c"];
	q48 -> q25 [label = "b"];
	q9 -> q43 [label = "b"];
	q2 -> q11 [label = "c"];
	q16 -> q45 [label = "b"];
	q44 -> q29 [label = "b"];
	q18 -> q6 [label = "c"];
	q22 -> q5 [label = "c"];
	q25 -> q52 [label = "a"];
	q41 -> q7 [label = "c"];
	q13 -> q24 [label = "a"];
	q17 -> q4 [label = "c"];
	q21 -> q3 [label = "c"];
	q19 -> q18 [label = "a"];
	q6 -> q24 [label = "a"];
	q1 -> q43 [label = "b"];
	q1 -> q3 [label = "c"];
	q7 -> q9 [label = "b"];
	q7 -> q42 [label = "c"];
	q3 -> q42 [label = "c"];
	q1 -> q50 [label = "a"];
	q32 -> q41 [label = "a"];
	q3 -> q25 [label = "a"];
	q4 -> q25 [label = "a"];
	q0 -> q3 [label = "c"];
	q47 -> q43 [label = "b"];
	q42 -> q24 [label = "a"];
	q37 -> q36 [label = "a"];
	q33 -> q39 [label = "b"];
	q34 -> q28 [label = "a"];
	q4 -> q23 [label = "b"];
	q6 -> q1 [label = "b"];
	q0 -> q29 [label = "b"];
	q53 -> q45 [label = "b"];
	q23 -> q17 [label = "a"];
	q34 -> q33 [label = "b"];
	q51 -> q29 [label = "b"];
	q12 -> q25 [label = "a"];
	q6 -> q42 [label = "c"];
	q0 -> q50 [label = "a"];
	q4 -> q42 [label = "c"];
	q36 -> q34 [label = "a"];
	q10 -> q29 [label = "b"];
	q12 -> q42 [label = "c"];
	q47 -> q52 [label = "a"];
	q8 -> q26 [label = "a"];
	q36 -> q25 [label = "b"];
	q10 -> q17 [label = "a"];
	q19 -> q8 [label = "c"];
	q8 -> q2 [label = "b"];
	q41 -> q29 [label = "b"];
	q27 -> q43 [label = "b"];
	q45 -> q43 [label = "b"];
	q8 -> q32 [label = "c"];
	q13 -> q42 [label = "c"];
	q11 -> q43 [label = "b"];
	q9 -> q17 [label = "a"];
	q21 -> q43 [label = "b"];
	q26 -> q47 [label = "b"];
	q24 -> q29 [label = "b"];
	q26 -> q46 [label = "a"];
	q30 -> q32 [label = "c"];
	q30 -> q49 [label = "b"];
	q29 -> q31 [label = "c"];
	q38 -> q11 [label = "c"];
	q25 -> q43 [label = "b"];
	q34 -> q30 [label = "c"];
	q27 -> q25 [label = "a"];
	q40 -> q41 [label = "a"];
	q25 -> q12 [label = "c"];
	q30 -> q26 [label = "a"];
	q35 -> q38 [label = "a"];
	q52 -> q29 [label = "b"];
	q31 -> q29 [label = "b"];
	q29 -> q43 [label = "b"];
	q28 -> q44 [label = "a"];
	q17 -> q43 [label = "b"];
	q27 -> q13 [label = "c"];
	q36 -> q31 [label = "c"];
	q31 -> q25 [label = "a"];
	q32 -> q14 [label = "c"];
}
DFA size: 54 states

NL* output after 10 EQ and 4022 MQ:
digraph finite_state_machine {
	rankdir=LR;
	node [shape = circle];
	s0 [shape = point, style = invis, start="true" ];
	q0 [label = "q0", shape = doublecircle, final="true" ];
	q1 [label = "q1"];
	q2 [label = "q2"];
	q3 [label = "q3"];
	q4 [label = "q4", shape = doublecircle, final="true" ];
	q5 [label = "q5"];
	q6 [label = "q6"];
	q7 [label = "q7", shape = doublecircle, final="true" ];
	q8 [label = "q8"];
	q9 [label = "q9"];
	q10 [label = "q10"];
	q11 [label = "q11", shape = doublecircle, final="true" ];
	q12 [label = "q12", shape = doublecircle, final="true" ];
	q13 [label = "q13"];
	q14 [label = "q14", shape = doublecircle, final="true" ];
	q15 [label = "q15", shape = doublecircle, final="true" ];
	q16 [label = "q16"];
	q17 [label = "q17"];
	q18 [label = "q18", shape = doublecircle, final="true" ];
	s0 -> q6
	q9 -> q11 [label = "b"];
	q11 -> q7 [label = "a"];
	q9 -> q2 [label = "a"];
	q11 -> q17 [label = "b"];
	q11 -> q8 [label = "b"];
	q11 -> q6 [label = "b"];
	q13 -> q17 [label = "c"];
	q13 -> q9 [label = "c"];
	q13 -> q5 [label = "c"];
	q8 -> q10 [label = "c"];
	q8 -> q9 [label = "c"];
	q8 -> q6 [label = "c"];
	q8 -> q2 [label = "c"];
	q14 -> q16 [label = "b"];
	q14 -> q13 [label = "b"];
	q14 -> q11 [label = "b"];
	q14 -> q9 [label = "b"];
	q8 -> q13 [label = "b, c"];
	q8 -> q11 [label = "b"];
	q8 -> q8 [label = "b"];
	q8 -> q4 [label = "b"];
	q10 -> q16 [label = "a"];
	q14 -> q12 [label = "c"];
	q14 -> q0 [label = "c"];
	q10 -> q11 [label = "b"];
	q12 -> q14 [label = "c"];
	q4 -> q5 [label = "c"];
	q14 -> q1 [label = "b"];
	q8 -> q1 [label = "a, c"];
	q2 -> q13 [label = "b"];
	q6 -> q9 [label = "c"];
	q6 -> q5 [label = "c"];
	q12 -> q5 [label = "c"];
	q6 -> q3 [label = "c"];
	q0 -> q16 [label = "b"];
	q0 -> q8 [label = "b"];
	q0 -> q2 [label = "b"];
	q10 -> q1 [label = "a"];
	q0 -> q1 [label = "b"];
	q13 -> q10 [label = "c"];
	q6 -> q8 [label = "b"];
	q0 -> q14 [label = "c"];
	q0 -> q9 [label = "c"];
	q12 -> q8 [label = "b"];
	q8 -> q3 [label = "c"];
	q11 -> q9 [label = "c"];
	q9 -> q0 [label = "c"];
	q13 -> q7 [label = "b"];
	q13 -> q4 [label = "b"];
	q16 -> q2 [label = "c"];
	q15 -> q3 [label = "a, b, c"];
	q18 -> q2 [label = "b"];
	q7 -> q12 [label = "b"];
	q13 -> q16 [label = "c"];
	q12 -> q13 [label = "a, b"];
	q5 -> q11 [label = "b"];
	q16 -> q11 [label = "b"];
	q16 -> q8 [label = "b"];
	q7 -> q17 [label = "b, c"];
	q17 -> q2 [label = "c"];
	q16 -> q17 [label = "c"];
	q13 -> q2 [label = "a, c"];
	q17 -> q14 [label = "c"];
	q12 -> q1 [label = "b"];
	q11 -> q3 [label = "c"];
	q12 -> q10 [label = "b"];
	q14 -> q2 [label = "a, b"];
	q17 -> q1 [label = "a, c"];
	q18 -> q3 [label = "b, c"];
	q12 -> q16 [label = "b"];
	q8 -> q7 [label = "a, b"];
	q17 -> q5 [label = "c"];
	q14 -> q18 [label = "c"];
	q16 -> q1 [label = "c"];
	q16 -> q0 [label = "c"];
	q4 -> q0 [label = "b"];
	q5 -> q12 [label = "c"];
	q10 -> q13 [label = "b"];
	q17 -> q3 [label = "c"];
	q15 -> q5 [label = "a, c"];
	q8 -> q16 [label = "a, c"];
	q4 -> q8 [label = "b"];
	q12 -> q2 [label = "b"];
	q17 -> q10 [label = "c"];
	q14 -> q17 [label = "a"];
	q17 -> q16 [label = "a, c"];
	q4 -> q17 [label = "b, c"];
	q11 -> q10 [label = "b"];
	q7 -> q2 [label = "b, c"];
	q3 -> q11 [label = "b"];
	q14 -> q3 [label = "b"];
	q17 -> q8 [label = "b"];
	q17 -> q17 [label = "c"];
	q16 -> q3 [label = "a, c"];
	q18 -> q9 [label = "b, c"];
	q12 -> q6 [label = "b"];
	q18 -> q8 [label = "b"];
	q13 -> q13 [label = "b, c"];
	q17 -> q4 [label = "b"];
	q15 -> q9 [label = "a, c"];
	q18 -> q14 [label = "c"];
	q5 -> q10 [label = "a"];
	q10 -> q0 [label = "c"];
	q16 -> q5 [label = "c"];
	q5 -> q17 [label = "a"];
	q17 -> q7 [label = "b"];
	q14 -> q10 [label = "a"];
	q16 -> q7 [label = "b"];
	q15 -> q16 [label = "b, c"];
	q17 -> q11 [label = "b"];
	q4 -> q13 [label = "a, b, c"];
	q6 -> q14 [label = "c"];
	q18 -> q13 [label = "a, b"];
	q9 -> q10 [label = "a"];
	q2 -> q11 [label = "b"];
	q16 -> q10 [label = "c"];
	q4 -> q4 [label = "b"];
	q12 -> q3 [label = "b, c"];
	q6 -> q7 [label = "a"];
	q17 -> q18 [label = "c"];
	q7 -> q9 [label = "a, c"];
	q16 -> q13 [label = "b, c"];
	q4 -> q12 [label = "b"];
	q7 -> q1 [label = "b, c"];
	q11 -> q5 [label = "c"];
	q0 -> q5 [label = "c"];
	q18 -> q5 [label = "c"];
	q12 -> q17 [label = "b"];
	q15 -> q12 [label = "b, c"];
	q17 -> q0 [label = "c"];
	q16 -> q9 [label = "c"];
	q4 -> q11 [label = "b"];
	q16 -> q4 [label = "b"];
	q10 -> q18 [label = "c"];
	q15 -> q0 [label = "b, c"];
	q18 -> q1 [label = "b"];
	q1 -> q0 [label = "c"];
	q7 -> q3 [label = "a, b, c"];
	q4 -> q9 [label = "a, c"];
	q15 -> q2 [label = "b, c"];
	q17 -> q13 [label = "b, c"];
	q15 -> q4 [label = "b"];
	q12 -> q9 [label = "c"];
	q15 -> q6 [label = "b, c"];
	q15 -> q7 [label = "b"];
	q11 -> q13 [label = "a"];
	q3 -> q2 [label = "a"];
	q7 -> q4 [label = "b"];
	q15 -> q10 [label = "b, c"];
	q15 -> q11 [label = "b, c"];
	q8 -> q5 [label = "c"];
	q8 -> q15 [label = "a"];
	q15 -> q1 [label = "b, c"];
	q15 -> q17 [label = "b, c"];
	q0 -> q13 [label = "a, b"];
	q13 -> q1 [label = "a, c"];
	q13 -> q3 [label = "a, c"];
	q3 -> q0 [label = "c"];
	q2 -> q0 [label = "c"];
	q17 -> q9 [label = "c"];
	q4 -> q1 [label = "a, b, c"];
	q8 -> q17 [label = "c"];
	q4 -> q2 [label = "a, b, c"];
	q4 -> q6 [label = "b, c"];
	q15 -> q8 [label = "b"];
	q4 -> q10 [label = "b, c"];
	q9 -> q12 [label = "c"];
	q4 -> q16 [label = "a, b, c"];
	q11 -> q2 [label = "b"];
	q5 -> q2 [label = "a"];
	q1 -> q11 [label = "b"];
	q16 -> q16 [label = "c"];
	q7 -> q0 [label = "b"];
	q4 -> q3 [label = "a, b, c"];
	q7 -> q7 [label = "b"];
	q15 -> q13 [label = "b, c"];
	q7 -> q10 [label = "b, c"];
	q7 -> q13 [label = "b, c"];
	q7 -> q16 [label = "b, c"];
	q1 -> q13 [label = "b"];
	q7 -> q6 [label = "c"];
	q18 -> q16 [label = "b"];
	q1 -> q3 [label = "a"];
	q2 -> q1 [label = "a"];
	q5 -> q0 [label = "c"];
	q4 -> q7 [label = "b"];
	q7 -> q5 [label = "c"];
	q5 -> q18 [label = "c"];
	q0 -> q3 [label = "b, c"];
}
NFA size: 19 states

AL* output after 13 EQ and 1500 MQ:
digraph finite_state_machine {
	rankdir=LR;
	node [shape = circle];
	s0 [shape = point, style = invis, start="true" ];
	s1 [shape = point, style = invis, start="true" ];
	q0 [label = "q0"];
	q1 [label = "q1"];
	q2 [label = "q2", shape = doublecircle, final="true" ];
	q3 [label = "q3", shape = doublecircle, final="true" ];
	q4 [label = "q4", shape = doublecircle, final="true" ];
	q5 [label = "q5", shape = doublecircle, final="true" ];
	q6 [label = "q6"];
	q7 [label = "q7", shape = doublecircle, final="true" ];
	q8 [label = "q8"];
	m0 [label = "", shape = square, style = filled, color=grey, fixedsize=true, width=.2];
	m1 [label = "", shape = square, style = filled, color=grey, fixedsize=true, width=.2];
	m2 [label = "", shape = square, style = filled, color=grey, fixedsize=true, width=.2];
	m3 [label = "", shape = square, style = filled, color=grey, fixedsize=true, width=.2];
	m4 [label = "", shape = square, style = filled, color=grey, fixedsize=true, width=.2];
	m5 [label = "", shape = square, style = filled, color=grey, fixedsize=true, width=.2];
	m6 [label = "", shape = square, style = filled, color=grey, fixedsize=true, width=.2];
	m7 [label = "", shape = square, style = filled, color=grey, fixedsize=true, width=.2];
	m8 [label = "", shape = square, style = filled, color=grey, fixedsize=true, width=.2];
	m9 [label = "", shape = square, style = filled, color=grey, fixedsize=true, width=.2];
	m10 [label = "", shape = square, style = filled, color=grey, fixedsize=true, width=.2];
	m11 [label = "", shape = square, style = filled, color=grey, fixedsize=true, width=.2];
	s0 -> m0
	s1 -> m1
	q7 -> m11 [label = "a"];
	q1 -> m3 [label = "c"];
	q5 -> m4 [label = "a"];
	q5 -> m11 [label = "a"];
	q7 -> m5 [label = "a"];
	q7 -> m9 [label = "a, b"];
	q3 -> m0 [label = "a"];
	q3 -> m4 [label = "a"];
	q1 -> m1 [label = "b"];
	q5 -> m7 [label = "a"];
	q7 -> m0 [label = "b, c"];
	q3 -> m1 [label = "b"];
	q5 -> m2 [label = "a"];
	q1 -> m4 [label = "a"];
	q1 -> m2 [label = "a"];
	q4 -> m8 [label = "a, c"];
	q4 -> m5 [label = "b, c"];
	q5 -> m0 [label = "b"];
	q2 -> m5 [label = "b"];
	q6 -> m8 [label = "a, c"];
	q4 -> m1 [label = "b, c"];
	q4 -> m0 [label = "a, b, c"];
	q7 -> m8 [label = "c"];
	q8 -> m6 [label = "a"];
	q3 -> m8 [label = "b"];
	q0 -> m5 [label = "a"];
	q2 -> m10 [label = "a"];
	q8 -> m5 [label = "b"];
	q1 -> m0 [label = "a"];
	q6 -> m5 [label = "a, b"];
	q3 -> m3 [label = "c"];
	q0 -> m9 [label = "a, b"];
	q5 -> m3 [label = "c"];
	q3 -> m5 [label = "b, c"];
	q6 -> m9 [label = "a, b"];
	q5 -> m9 [label = "b"];
	q8 -> m4 [label = "a, b"];
	q2 -> m1 [label = "c"];
	q8 -> m1 [label = "b"];
	q8 -> m3 [label = "c"];
	q8 -> m7 [label = "a"];
	q2 -> m11 [label = "a"];
	q4 -> m9 [label = "b"];
	q2 -> m9 [label = "b"];
	q6 -> m1 [label = "b, c"];
	q7 -> m1 [label = "b"];
	q1 -> m5 [label = "b, c"];
	q2 -> m0 [label = "b, c"];
	q2 -> m8 [label = "a, c"];
	q6 -> m0 [label = "c"];
	q0 -> m1 [label = "b"];
	q0 -> m3 [label = "c"];
	q0 -> m8 [label = "c"];
	q5 -> m1 [label = "b"];
	q3 -> m2 [label = "a"];
	q8 -> m2 [label = "a, c"];
	q5 -> m8 [label = "b, c"];
	m0 -> q0;
	m0 -> q1;
	m0 -> q3;
	m0 -> q5;
	m0 -> q8;
	m1 -> q0;
	m1 -> q6;
	m1 -> q7;
	m2 -> q0;
	m2 -> q2;
	m2 -> q4;
	m2 -> q5;
	m2 -> q6;
	m2 -> q7;
	m3 -> q3;
	m3 -> q5;
	m4 -> q1;
	m4 -> q2;
	m4 -> q3;
	m4 -> q4;
	m4 -> q6;
	m4 -> q8;
	m5 -> q2;
	m5 -> q4;
	m5 -> q5;
	m5 -> q7;
	m6 -> q0;
	m6 -> q1;
	m6 -> q3;
	m6 -> q4;
	m6 -> q5;
	m6 -> q8;
	m7 -> q1;
	m7 -> q2;
	m7 -> q3;
	m7 -> q4;
	m7 -> q5;
	m7 -> q7;
	m8 -> q1;
	m8 -> q3;
	m8 -> q4;
	m9 -> q2;
	m9 -> q4;
	m9 -> q6;
	m10 -> q0;
	m10 -> q2;
	m10 -> q4;
	m10 -> q5;
	m10 -> q6;
	m10 -> q7;
	m10 -> q8;
	m11 -> q0;
	m11 -> q1;
	m11 -> q2;
	m11 -> q3;
	m11 -> q5;
	m11 -> q6;
	m11 -> q7;
	m11 -> q8;
}
AFA size: 9 states

AL** output after 14 EQ and 1500 MQ:
digraph finite_state_machine {
	rankdir=LR;
	node [shape = circle];
	s0 [shape = point, style = invis, start="true" ];
	s1 [shape = point, style = invis, start="true" ];
	q0 [label = "q0"];
	q1 [label = "q1"];
	q2 [label = "q2", shape = doublecircle, final="true" ];
	q3 [label = "q3", shape = doublecircle, final="true" ];
	q4 [label = "q4", shape = doublecircle, final="true" ];
	q5 [label = "q5", shape = doublecircle, final="true" ];
	q6 [label = "q6"];
	q7 [label = "q7", shape = doublecircle, final="true" ];
	q8 [label = "q8"];
	m0 [label = "", shape = square, style = filled, color=grey, fixedsize=true, width=.2];
	m1 [label = "", shape = square, style = filled, color=grey, fixedsize=true, width=.2];
	m2 [label = "", shape = square, style = filled, color=grey, fixedsize=true, width=.2];
	m3 [label = "", shape = square, style = filled, color=grey, fixedsize=true, width=.2];
	m4 [label = "", shape = square, style = filled, color=grey, fixedsize=true, width=.2];
	m5 [label = "", shape = square, style = filled, color=grey, fixedsize=true, width=.2];
	m6 [label = "", shape = square, style = filled, color=grey, fixedsize=true, width=.2];
	m7 [label = "", shape = square, style = filled, color=grey, fixedsize=true, width=.2];
	m8 [label = "", shape = square, style = filled, color=grey, fixedsize=true, width=.2];
	m9 [label = "", shape = square, style = filled, color=grey, fixedsize=true, width=.2];
	m10 [label = "", shape = square, style = filled, color=grey, fixedsize=true, width=.2];
	m11 [label = "", shape = square, style = filled, color=grey, fixedsize=true, width=.2];
	s0 -> m0
	s1 -> m1
	q7 -> m11 [label = "a"];
	q1 -> m3 [label = "c"];
	q5 -> m4 [label = "a"];
	q5 -> m11 [label = "a"];
	q7 -> m5 [label = "a"];
	q7 -> m9 [label = "a, b"];
	q3 -> m0 [label = "a"];
	q3 -> m4 [label = "a"];
	q1 -> m1 [label = "b"];
	q5 -> m7 [label = "a"];
	q7 -> m0 [label = "b, c"];
	q3 -> m1 [label = "b"];
	q5 -> m2 [label = "a"];
	q1 -> m4 [label = "a"];
	q1 -> m2 [label = "a"];
	q4 -> m8 [label = "a, c"];
	q4 -> m5 [label = "b, c"];
	q5 -> m0 [label = "b"];
	q2 -> m5 [label = "b"];
	q6 -> m8 [label = "a, c"];
	q4 -> m1 [label = "b, c"];
	q4 -> m0 [label = "a, b, c"];
	q7 -> m8 [label = "c"];
	q8 -> m6 [label = "a"];
	q3 -> m8 [label = "b"];
	q0 -> m5 [label = "a"];
	q2 -> m10 [label = "a"];
	q8 -> m5 [label = "b"];
	q1 -> m0 [label = "a"];
	q6 -> m5 [label = "a, b"];
	q3 -> m3 [label = "c"];
	q0 -> m9 [label = "a, b"];
	q5 -> m3 [label = "c"];
	q3 -> m5 [label = "b, c"];
	q6 -> m9 [label = "a, b"];
	q5 -> m9 [label = "b"];
	q8 -> m4 [label = "a, b"];
	q2 -> m1 [label = "c"];
	q8 -> m1 [label = "b"];
	q8 -> m3 [label = "c"];
	q8 -> m7 [label = "a"];
	q2 -> m11 [label = "a"];
	q4 -> m9 [label = "b"];
	q2 -> m9 [label = "b"];
	q6 -> m1 [label = "b, c"];
	q7 -> m1 [label = "b"];
	q1 -> m5 [label = "b, c"];
	q2 -> m0 [label = "b, c"];
	q2 -> m8 [label = "a, c"];
	q6 -> m0 [label = "c"];
	q0 -> m1 [label = "b"];
	q0 -> m3 [label = "c"];
	q0 -> m8 [label = "c"];
	q5 -> m1 [label = "b"];
	q3 -> m2 [label = "a"];
	q8 -> m2 [label = "a, c"];
	q5 -> m8 [label = "b, c"];
	m0 -> q0;
	m0 -> q1;
	m0 -> q3;
	m0 -> q5;
	m0 -> q8;
	m1 -> q0;
	m1 -> q6;
	m1 -> q7;
	m2 -> q0;
	m2 -> q2;
	m2 -> q4;
	m2 -> q5;
	m2 -> q6;
	m2 -> q7;
	m3 -> q3;
	m3 -> q5;
	m4 -> q1;
	m4 -> q2;
	m4 -> q3;
	m4 -> q4;
	m4 -> q6;
	m4 -> q8;
	m5 -> q2;
	m5 -> q4;
	m5 -> q5;
	m5 -> q7;
	m6 -> q0;
	m6 -> q1;
	m6 -> q3;
	m6 -> q4;
	m6 -> q5;
	m6 -> q8;
	m7 -> q1;
	m7 -> q2;
	m7 -> q3;
	m7 -> q4;
	m7 -> q5;
	m7 -> q7;
	m8 -> q1;
	m8 -> q3;
	m8 -> q4;
	m9 -> q2;
	m9 -> q4;
	m9 -> q6;
	m10 -> q0;
	m10 -> q2;
	m10 -> q4;
	m10 -> q5;
	m10 -> q6;
	m10 -> q7;
	m10 -> q8;
	m11 -> q0;
	m11 -> q1;
	m11 -> q2;
	m11 -> q3;
	m11 -> q5;
	m11 -> q6;
	m11 -> q7;
	m11 -> q8;
}
RAFA size: 9 states

