Random target AFA:
digraph finite_state_machine {
	rankdir=LR;
	node [shape = circle];
	s0 [shape = point, style = invis, start="true" ];
	s1 [shape = point, style = invis, start="true" ];
	q0 [label = "q0", shape = doublecircle, final="true" ];
	q1 [label = "q1"];
	q2 [label = "q2", shape = doublecircle, final="true" ];
	q3 [label = "q3"];
	q4 [label = "q4"];
	q5 [label = "q5"];
	m0 [label = "", shape = square, style = filled, color=grey, fixedsize=true, width=.2];
	m1 [label = "", shape = square, style = filled, color=grey, fixedsize=true, width=.2];
	m2 [label = "", shape = square, style = filled, color=grey, fixedsize=true, width=.2];
	m3 [label = "", shape = square, style = filled, color=grey, fixedsize=true, width=.2];
	m4 [label = "", shape = square, style = filled, color=grey, fixedsize=true, width=.2];
	m5 [label = "", shape = square, style = filled, color=grey, fixedsize=true, width=.2];
	m6 [label = "", shape = square, style = filled, color=grey, fixedsize=true, width=.2];
	m7 [label = "", shape = square, style = filled, color=grey, fixedsize=true, width=.2];
	s0 -> q0
	s1 -> q0
	q3 -> m3 [label = "c"];
	q1 -> q3 [label = "c"];
	q1 -> m4 [label = "c"];
	q5 -> q5 [label = "a"];
	q3 -> m0 [label = "a"];
	q4 -> m6 [label = "b"];
	q3 -> q5 [label = "a"];
	q3 -> q4 [label = "b, c"];
	q5 -> q2 [label = "a, c"];
	q1 -> m3 [label = "a"];
	q0 -> m1 [label = "c"];
	q1 -> q0 [label = "a, b"];
	q4 -> q5 [label = "c"];
	q5 -> q1 [label = "b"];
	q5 -> m1 [label = "c"];
	q0 -> q5 [label = "a"];
	q5 -> m7 [label = "b"];
	q1 -> q2 [label = "b"];
	q2 -> q2 [label = "b"];
	q2 -> q1 [label = "a"];
	q4 -> m5 [label = "b"];
	q0 -> q3 [label = "a"];
	q0 -> q1 [label = "b"];
	q2 -> m0 [label = "b"];
	q0 -> q2 [label = "b"];
	q0 -> q4 [label = "c"];
	q2 -> q0 [label = "a, c"];
	q4 -> q4 [label = "a, c"];
	q4 -> m2 [label = "a"];
	m0 -> q3;
	m0 -> q5;
	m1 -> q4;
	m1 -> q5;
	m2 -> q1;
	m2 -> q2;
	m3 -> q1;
	m3 -> q5;
	m4 -> q0;
	m4 -> q5;
	m5 -> q0;
	m5 -> q2;
	m6 -> q3;
	m6 -> q4;
	m7 -> q2;
	m7 -> q3;
}

L* output after 12 EQ and 17010 MQ:
digraph finite_state_machine {
	rankdir=LR;
	node [shape = circle];
	s0 [shape = point, style = invis, start="true" ];
	q0 [label = "q0", shape = doublecircle, final="true" ];
	q1 [label = "q1", shape = doublecircle, final="true" ];
	q2 [label = "q2", shape = doublecircle, final="true" ];
	q3 [label = "q3", shape = doublecircle, final="true" ];
	q4 [label = "q4", shape = doublecircle, final="true" ];
	q5 [label = "q5", shape = doublecircle, final="true" ];
	q6 [label = "q6", shape = doublecircle, final="true" ];
	q7 [label = "q7", shape = doublecircle, final="true" ];
	q8 [label = "q8", shape = doublecircle, final="true" ];
	q9 [label = "q9", shape = doublecircle, final="true" ];
	q10 [label = "q10", shape = doublecircle, final="true" ];
	q11 [label = "q11", shape = doublecircle, final="true" ];
	q12 [label = "q12", shape = doublecircle, final="true" ];
	q13 [label = "q13", shape = doublecircle, final="true" ];
	q14 [label = "q14", shape = doublecircle, final="true" ];
	q15 [label = "q15", shape = doublecircle, final="true" ];
	q16 [label = "q16", shape = doublecircle, final="true" ];
	q17 [label = "q17", shape = doublecircle, final="true" ];
	q18 [label = "q18", shape = doublecircle, final="true" ];
	q19 [label = "q19"];
	q20 [label = "q20", shape = doublecircle, final="true" ];
	q21 [label = "q21", shape = doublecircle, final="true" ];
	q22 [label = "q22", shape = doublecircle, final="true" ];
	q23 [label = "q23", shape = doublecircle, final="true" ];
	q24 [label = "q24", shape = doublecircle, final="true" ];
	q25 [label = "q25", shape = doublecircle, final="true" ];
	q26 [label = "q26", shape = doublecircle, final="true" ];
	q27 [label = "q27"];
	q28 [label = "q28", shape = doublecircle, final="true" ];
	q29 [label = "q29"];
	q30 [label = "q30", shape = doublecircle, final="true" ];
	q31 [label = "q31", shape = doublecircle, final="true" ];
	q32 [label = "q32", shape = doublecircle, final="true" ];
	q33 [label = "q33", shape = doublecircle, final="true" ];
	q34 [label = "q34", shape = doublecircle, final="true" ];
	q35 [label = "q35", shape = doublecircle, final="true" ];
	q36 [label = "q36", shape = doublecircle, final="true" ];
	q37 [label = "q37", shape = doublecircle, final="true" ];
	q38 [label = "q38", shape = doublecircle, final="true" ];
	q39 [label = "q39"];
	q40 [label = "q40", shape = doublecircle, final="true" ];
	q41 [label = "q41"];
	q42 [label = "q42", shape = doublecircle, final="true" ];
	q43 [label = "q43", shape = doublecircle, final="true" ];
	q44 [label = "q44", shape = doublecircle, final="true" ];
	q45 [label = "q45", shape = doublecircle, final="true" ];
	q46 [label = "q46"];
	q47 [label = "q47", shape = doublecircle, final="true" ];
	q48 [label = "q48"];
	q49 [label = "q49"];
	q50 [label = "q50", shape = doublecircle, final="true" ];
	q51 [label = "q51", shape = doublecircle, final="true" ];
	q52 [label = "q52"];
	q53 [label = "q53", shape = doublecircle, final="true" ];
	q54 [label = "q54"];
	q55 [label = "q55"];
	q56 [label = "q56", shape = doublecircle, final="true" ];
	q57 [label = "q57", shape = doublecircle, final="true" ];
	q58 [label = "q58", shape = doublecircle, final="true" ];
	q59 [label = "q59"];
	q60 [label = "q60", shape = doublecircle, final="true" ];
	q61 [label = "q61"];
	q62 [label = "q62"];
	q63 [label = "q63"];
	q64 [label = "q64", shape = doublecircle, final="true" ];
	q65 [label = "q65"];
	q66 [label = "q66", shape = doublecircle, final="true" ];
	q67 [label = "q67", shape = doublecircle, final="true" ];
	q68 [label = "q68", shape = doublecircle, final="true" ];
	q69 [label = "q69", shape = doublecircle, final="true" ];
	q70 [label = "q70", shape = doublecircle, final="true" ];
	q71 [label = "q71", shape = doublecircle, final="true" ];
	q72 [label = "q72", shape = doublecircle, final="true" ];
	q73 [label = "q73", shape = doublecircle, final="true" ];
	q74 [label = "q74"];
	q75 [label = "q75"];
	q76 [label = "q76", shape = doublecircle, final="true" ];
	q77 [label = "q77", shape = doublecircle, final="true" ];
	q78 [label = "q78", shape = doublecircle, final="true" ];
	q79 [label = "q79", shape = doublecircle, final="true" ];
	q80 [label = "q80", shape = doublecircle, final="true" ];
	q81 [label = "q81", shape = doublecircle, final="true" ];
	q82 [label = "q82", shape = doublecircle, final="true" ];
	q83 [label = "q83", shape = doublecircle, final="true" ];
	q84 [label = "q84", shape = doublecircle, final="true" ];
	q85 [label = "q85", shape = doublecircle, final="true" ];
	q86 [label = "q86", shape = doublecircle, final="true" ];
	q87 [label = "q87", shape = doublecircle, final="true" ];
	q88 [label = "q88", shape = doublecircle, final="true" ];
	q89 [label = "q89", shape = doublecircle, final="true" ];
	q90 [label = "q90", shape = doublecircle, final="true" ];
	q91 [label = "q91", shape = doublecircle, final="true" ];
	q92 [label = "q92", shape = doublecircle, final="true" ];
	q93 [label = "q93", shape = doublecircle, final="true" ];
	s0 -> q51
	q85 -> q0 [label = "b"];
	q83 -> q27 [label = "c"];
	q87 -> q31 [label = "a"];
	q84 -> q0 [label = "b"];
	q82 -> q19 [label = "c"];
	q81 -> q10 [label = "c"];
	q87 -> q0 [label = "b"];
	q83 -> q8 [label = "a"];
	q87 -> q46 [label = "c"];
	q83 -> q42 [label = "b"];
	q81 -> q91 [label = "a"];
	q84 -> q26 [label = "a"];
	q80 -> q82 [label = "c"];
	q86 -> q42 [label = "b"];
	q86 -> q25 [label = "c"];
	q13 -> q8 [label = "a"];
	q3 -> q12 [label = "c"];
	q4 -> q81 [label = "b"];
	q6 -> q6 [label = "a"];
	q16 -> q1 [label = "a"];
	q19 -> q87 [label = "b"];
	q7 -> q84 [label = "b"];
	q7 -> q14 [label = "c"];
	q67 -> q73 [label = "c"];
	q64 -> q59 [label = "c"];
	q90 -> q84 [label = "b"];
	q46 -> q19 [label = "c"];
	q72 -> q30 [label = "a"];
	q2 -> q7 [label = "a"];
	q0 -> q17 [label = "b"];
	q88 -> q23 [label = "c"];
	q24 -> q34 [label = "a"];
	q6 -> q30 [label = "c"];
	q34 -> q22 [label = "b"];
	q8 -> q7 [label = "a"];
	q8 -> q5 [label = "c"];
	q10 -> q9 [label = "a"];
	q15 -> q17 [label = "b"];
	q13 -> q27 [label = "c"];
	q26 -> q81 [label = "b"];
	q8 -> q84 [label = "b"];
	q50 -> q46 [label = "c"];
	q11 -> q12 [label = "a"];
	q51 -> q52 [label = "a"];
	q0 -> q82 [label = "c"];
	q12 -> q84 [label = "b"];
	q48 -> q35 [label = "c"];
	q28 -> q35 [label = "c"];
	q35 -> q85 [label = "b"];
	q42 -> q64 [label = "c"];
	q2 -> q81 [label = "b"];
	q56 -> q76 [label = "c"];
	q30 -> q89 [label = "c"];
	q39 -> q18 [label = "a, c"];
	q34 -> q34 [label = "a"];
	q15 -> q29 [label = "c"];
	q7 -> q34 [label = "a"];
	q81 -> q81 [label = "b"];
	q64 -> q65 [label = "a"];
	q38 -> q80 [label = "b"];
	q24 -> q21 [label = "b"];
	q35 -> q93 [label = "a"];
	q28 -> q9 [label = "a"];
	q71 -> q18 [label = "c"];
	q25 -> q84 [label = "b"];
	q27 -> q16 [label = "a"];
	q61 -> q36 [label = "b"];
	q86 -> q7 [label = "a"];
	q25 -> q26 [label = "a"];
	q25 -> q71 [label = "c"];
	q21 -> q0 [label = "b"];
	q29 -> q16 [label = "a"];
	q45 -> q80 [label = "b"];
	q69 -> q80 [label = "b"];
	q3 -> q30 [label = "a"];
	q28 -> q85 [label = "b"];
	q6 -> q22 [label = "b"];
	q89 -> q89 [label = "c"];
	q44 -> q52 [label = "a"];
	q40 -> q82 [label = "c"];
	q90 -> q24 [label = "a"];
	q43 -> q17 [label = "b"];
	q92 -> q72 [label = "a"];
	q43 -> q72 [label = "a"];
	q4 -> q6 [label = "a"];
	q36 -> q0 [label = "b"];
	q47 -> q70 [label = "b"];
	q34 -> q33 [label = "c"];
	q31 -> q8 [label = "a"];
	q61 -> q59 [label = "c"];
	q1 -> q21 [label = "b"];
	q12 -> q4 [label = "a"];
	q93 -> q89 [label = "c"];
	q23 -> q28 [label = "c"];
	q26 -> q30 [label = "a"];
	q78 -> q74 [label = "c"];
	q37 -> q84 [label = "b"];
	q73 -> q90 [label = "a"];
	q45 -> q71 [label = "c"];
	q32 -> q18 [label = "c"];
	q31 -> q29 [label = "c"];
	q92 -> q21 [label = "b"];
	q17 -> q0 [label = "b"];
	q14 -> q17 [label = "b"];
	q88 -> q67 [label = "b"];
	q2 -> q25 [label = "c"];
	q9 -> q18 [label = "c"];
	q5 -> q26 [label = "a"];
	q67 -> q86 [label = "a"];
	q80 -> q86 [label = "a"];
	q44 -> q63 [label = "c"];
	q14 -> q71 [label = "c"];
	q73 -> q29 [label = "c"];
	q4 -> q30 [label = "c"];
	q90 -> q5 [label = "c"];
	q84 -> q11 [label = "c"];
	q27 -> q35 [label = "c"];
	q92 -> q19 [label = "c"];
	q22 -> q11 [label = "c"];
	q69 -> q31 [label = "a"];
	q37 -> q66 [label = "a"];
	q33 -> q71 [label = "c"];
	q31 -> q20 [label = "b"];
	q91 -> q25 [label = "c"];
	q89 -> q17 [label = "b"];
	q20 -> q64 [label = "c"];
	q75 -> q43 [label = "a"];
	q11 -> q77 [label = "b"];
	q41 -> q0 [label = "b"];
	q63 -> q78 [label = "b"];
	q53 -> q44 [label = "c"];
	q74 -> q19 [label = "c"];
	q36 -> q39 [label = "c"];
	q93 -> q4 [label = "a"];
	q30 -> q6 [label = "a"];
	q19 -> q18 [label = "a, c"];
	q42 -> q81 [label = "b"];
	q46 -> q36 [label = "b"];
	q0 -> q91 [label = "a"];
	q65 -> q89 [label = "a"];
	q40 -> q91 [label = "a"];
	q72 -> q84 [label = "b"];
	q9 -> q1 [label = "a"];
	q41 -> q61 [label = "c"];
	q35 -> q18 [label = "c"];
	q38 -> q83 [label = "a"];
	q88 -> q24 [label = "a"];
	q89 -> q6 [label = "a"];
	q20 -> q2 [label = "a"];
	q54 -> q75 [label = "a"];
	q48 -> q69 [label = "b"];
	q68 -> q17 [label = "b"];
	q29 -> q35 [label = "c"];
	q27 -> q36 [label = "b"];
	q39 -> q36 [label = "b"];
	q33 -> q3 [label = "a"];
	q70 -> q64 [label = "c"];
	q42 -> q91 [label = "a"];
	q93 -> q21 [label = "b"];
	q18 -> q17 [label = "b"];
	q10 -> q77 [label = "b"];
	q62 -> q41 [label = "b"];
	q33 -> q84 [label = "b"];
	q65 -> q84 [label = "b"];
	q38 -> q82 [label = "c"];
	q10 -> q19 [label = "c"];
	q36 -> q92 [label = "a"];
	q54 -> q59 [label = "c"];
	q1 -> q6 [label = "a"];
	q32 -> q30 [label = "a"];
	q16 -> q17 [label = "b"];
	q5 -> q17 [label = "b"];
	q11 -> q18 [label = "c"];
	q82 -> q9 [label = "a"];
	q13 -> q81 [label = "b"];
	q46 -> q16 [label = "a"];
	q15 -> q8 [label = "a"];
	q80 -> q80 [label = "b"];
	q9 -> q84 [label = "b"];
	q67 -> q0 [label = "b"];
	q77 -> q0 [label = "b"];
	q1 -> q89 [label = "c"];
	q18 -> q4 [label = "a"];
	q22 -> q81 [label = "b"];
	q12 -> q89 [label = "c"];
	q78 -> q80 [label = "b"];
	q17 -> q86 [label = "a"];
	q30 -> q84 [label = "b"];
	q23 -> q67 [label = "b"];
	q61 -> q49 [label = "a"];
	q21 -> q2 [label = "a"];
	q17 -> q10 [label = "c"];
	q22 -> q3 [label = "a"];
	q20 -> q0 [label = "b"];
	q57 -> q61 [label = "c"];
	q44 -> q77 [label = "b"];
	q5 -> q71 [label = "c"];
	q43 -> q19 [label = "c"];
	q3 -> q22 [label = "b"];
	q47 -> q90 [label = "a"];
	q52 -> q56 [label = "a"];
	q14 -> q3 [label = "a"];
	q48 -> q68 [label = "a"];
	q56 -> q67 [label = "b"];
	q50 -> q0 [label = "b"];
	q52 -> q45 [label = "c"];
	q60 -> q37 [label = "a"];
	q54 -> q58 [label = "b"];
	q29 -> q87 [label = "b"];
	q49 -> q89 [label = "a"];
	q76 -> q28 [label = "c"];
	q24 -> q14 [label = "c"];
	q45 -> q79 [label = "a"];
	q51 -> q53 [label = "b"];
	q57 -> q60 [label = "a"];
	q49 -> q17 [label = "b"];
	q58 -> q63 [label = "c"];
	q23 -> q2 [label = "a"];
	q55 -> q39 [label = "c"];
	q66 -> q81 [label = "b"];
	q41 -> q15 [label = "a"];
	q49 -> q18 [label = "c"];
	q55 -> q0 [label = "b"];
	q52 -> q55 [label = "b"];
	q40 -> q67 [label = "b"];
	q51 -> q54 [label = "c"];
	q53 -> q40 [label = "b"];
	q91 -> q7 [label = "a"];
	q55 -> q43 [label = "a"];
	q56 -> q66 [label = "a"];
	q58 -> q38 [label = "b"];
	q85 -> q83 [label = "a"];
	q26 -> q12 [label = "c"];
	q60 -> q45 [label = "c"];
	q58 -> q62 [label = "a"];
	q62 -> q48 [label = "c"];
	q59 -> q50 [label = "b"];
	q37 -> q14 [label = "c"];
	q57 -> q42 [label = "b"];
	q59 -> q18 [label = "a, c"];
	q72 -> q18 [label = "c"];
	q63 -> q19 [label = "c"];
	q65 -> q18 [label = "c"];
	q62 -> q88 [label = "a"];
	q70 -> q13 [label = "a"];
	q79 -> q72 [label = "a"];
	q32 -> q21 [label = "b"];
	q63 -> q68 [label = "a"];
	q68 -> q19 [label = "c"];
	q64 -> q77 [label = "b"];
	q85 -> q10 [label = "c"];
	q18 -> q89 [label = "c"];
	q66 -> q34 [label = "a"];
	q16 -> q18 [label = "c"];
	q68 -> q32 [label = "a"];
	q70 -> q0 [label = "b"];
	q50 -> q47 [label = "a"];
	q69 -> q74 [label = "c"];
	q71 -> q85 [label = "b"];
	q66 -> q33 [label = "c"];
	q71 -> q12 [label = "a"];
	q47 -> q48 [label = "c"];
	q21 -> q10 [label = "c"];
	q74 -> q87 [label = "b"];
	q74 -> q16 [label = "a"];
	q76 -> q91 [label = "a"];
	q75 -> q80 [label = "b"];
	q91 -> q22 [label = "b"];
	q77 -> q11 [label = "c"];
	q73 -> q77 [label = "b"];
	q60 -> q77 [label = "b"];
	q79 -> q39 [label = "c"];
	q82 -> q85 [label = "b"];
	q77 -> q79 [label = "a"];
	q53 -> q57 [label = "a"];
	q79 -> q81 [label = "b"];
	q76 -> q67 [label = "b"];
	q78 -> q47 [label = "a"];
	q75 -> q19 [label = "c"];
}
DFA size: 94 states

NL* output after 17 EQ and 6483 MQ:
digraph finite_state_machine {
	rankdir=LR;
	node [shape = circle];
	s0 [shape = point, style = invis, start="true" ];
	q0 [label = "q0", shape = doublecircle, final="true" ];
	q1 [label = "q1", shape = doublecircle, final="true" ];
	q2 [label = "q2", shape = doublecircle, final="true" ];
	q3 [label = "q3", shape = doublecircle, final="true" ];
	q4 [label = "q4", shape = doublecircle, final="true" ];
	q5 [label = "q5"];
	q6 [label = "q6"];
	q7 [label = "q7", shape = doublecircle, final="true" ];
	q8 [label = "q8"];
	q9 [label = "q9"];
	q10 [label = "q10"];
	q11 [label = "q11", shape = doublecircle, final="true" ];
	q12 [label = "q12", shape = doublecircle, final="true" ];
	q13 [label = "q13"];
	q14 [label = "q14"];
	q15 [label = "q15", shape = doublecircle, final="true" ];
	q16 [label = "q16", shape = doublecircle, final="true" ];
	q17 [label = "q17"];
	q18 [label = "q18"];
	q19 [label = "q19", shape = doublecircle, final="true" ];
	q20 [label = "q20", shape = doublecircle, final="true" ];
	q21 [label = "q21", shape = doublecircle, final="true" ];
	q22 [label = "q22", shape = doublecircle, final="true" ];
	q23 [label = "q23", shape = doublecircle, final="true" ];
	q24 [label = "q24"];
	q25 [label = "q25", shape = doublecircle, final="true" ];
	q26 [label = "q26", shape = doublecircle, final="true" ];
	q27 [label = "q27", shape = doublecircle, final="true" ];
	q28 [label = "q28", shape = doublecircle, final="true" ];
	q29 [label = "q29", shape = doublecircle, final="true" ];
	s0 -> q15
	q20 -> q20 [label = "b"];
	q20 -> q19 [label = "b"];
	q20 -> q11 [label = "b"];
	q22 -> q29 [label = "a"];
	q22 -> q25 [label = "a"];
	q22 -> q10 [label = "a"];
	q22 -> q7 [label = "a"];
	q17 -> q18 [label = "c"];
	q17 -> q8 [label = "c"];
	q21 -> q7 [label = "a"];
	q23 -> q26 [label = "b"];
	q23 -> q22 [label = "b"];
	q23 -> q19 [label = "b"];
	q23 -> q11 [label = "b"];
	q19 -> q10 [label = "a"];
	q23 -> q2 [label = "b"];
	q19 -> q7 [label = "a"];
	q17 -> q22 [label = "b"];
	q23 -> q5 [label = "c"];
	q20 -> q26 [label = "b"];
	q19 -> q26 [label = "b"];
	q19 -> q22 [label = "b"];
	q19 -> q20 [label = "b"];
	q23 -> q24 [label = "c"];
	q19 -> q19 [label = "b"];
	q17 -> q26 [label = "a, b"];
	q17 -> q24 [label = "a, c"];
	q17 -> q17 [label = "a"];
	q17 -> q15 [label = "a"];
	q17 -> q13 [label = "a, c"];
	q17 -> q11 [label = "a, b"];
	q21 -> q28 [label = "c"];
	q21 -> q10 [label = "a, c"];
	q21 -> q4 [label = "c"];
	q22 -> q26 [label = "b"];
	q22 -> q22 [label = "b"];
	q22 -> q19 [label = "b"];
	q18 -> q26 [label = "a, c"];
	q18 -> q24 [label = "a, c"];
	q18 -> q22 [label = "a, c"];
	q18 -> q19 [label = "a, c"];
	q18 -> q18 [label = "a, c"];
	q18 -> q17 [label = "a, c"];
	q18 -> q9 [label = "a, c"];
	q18 -> q8 [label = "a, c"];
	q18 -> q1 [label = "a, c"];
	q18 -> q0 [label = "a, c"];
	q22 -> q24 [label = "c"];
	q22 -> q15 [label = "a, c"];
	q22 -> q13 [label = "c"];
	q22 -> q11 [label = "b, c"];
	q18 -> q11 [label = "a, b, c"];
	q16 -> q25 [label = "a"];
	q16 -> q23 [label = "a"];
	q22 -> q9 [label = "c"];
	q16 -> q21 [label = "a, b"];
	q16 -> q20 [label = "a"];
	q16 -> q16 [label = "a"];
	q16 -> q12 [label = "a, b"];
	q16 -> q11 [label = "a"];
	q16 -> q7 [label = "a"];
	q16 -> q3 [label = "a"];
	q16 -> q2 [label = "a, c"];
	q16 -> q0 [label = "a, c"];
	q20 -> q24 [label = "c"];
	q15 -> q14 [label = "a"];
	q13 -> q11 [label = "b"];
	q11 -> q13 [label = "c"];
	q11 -> q9 [label = "c"];
	q14 -> q1 [label = "a"];
	q12 -> q2 [label = "b"];
	q10 -> q9 [label = "c"];
	q10 -> q8 [label = "c"];
	q15 -> q12 [label = "b"];
	q9 -> q8 [label = "c"];
	q3 -> q13 [label = "c"];
	q3 -> q5 [label = "c"];
	q3 -> q4 [label = "c"];
	q5 -> q26 [label = "b"];
	q7 -> q11 [label = "a"];
	q7 -> q10 [label = "a"];
	q17 -> q19 [label = "b"];
	q16 -> q6 [label = "a"];
	q7 -> q4 [label = "a"];
	q2 -> q24 [label = "c"];
	q11 -> q19 [label = "b"];
	q23 -> q10 [label = "a, c"];
	q5 -> q13 [label = "a, b, c"];
	q23 -> q20 [label = "b"];
	q9 -> q9 [label = "a, c"];
	q29 -> q6 [label = "b"];
	q23 -> q9 [label = "c"];
	q27 -> q15 [label = "a"];
	q25 -> q11 [label = "a, c"];
	q18 -> q13 [label = "a, c"];
	q19 -> q24 [label = "c"];
	q0 -> q11 [label = "a, c"];
	q19 -> q13 [label = "c"];
	q5 -> q6 [label = "b"];
	q29 -> q12 [label = "b"];
	q28 -> q23 [label = "b"];
	q19 -> q9 [label = "c"];
	q21 -> q26 [label = "b"];
	q3 -> q23 [label = "a"];
	q21 -> q11 [label = "b, c"];
	q2 -> q27 [label = "a"];
	q3 -> q19 [label = "b"];
	q19 -> q15 [label = "a, c"];
	q16 -> q26 [label = "a"];
	q26 -> q13 [label = "c"];
	q25 -> q17 [label = "c"];
	q23 -> q15 [label = "a, b"];
	q14 -> q16 [label = "a"];
	q24 -> q18 [label = "a, c"];
	q19 -> q11 [label = "b, c"];
	q27 -> q27 [label = "a"];
	q26 -> q20 [label = "b"];
	q4 -> q13 [label = "b, c"];
	q26 -> q11 [label = "b"];
	q26 -> q26 [label = "b"];
	q28 -> q24 [label = "c"];
	q21 -> q19 [label = "b"];
	q24 -> q20 [label = "a, b"];
	q26 -> q15 [label = "a"];
	q9 -> q24 [label = "a, c"];
	q24 -> q9 [label = "a, c"];
	q27 -> q8 [label = "c"];
	q28 -> q14 [label = "a"];
	q28 -> q1 [label = "a"];
	q18 -> q20 [label = "a, b, c"];
	q10 -> q13 [label = "c"];
	q2 -> q13 [label = "c"];
	q14 -> q11 [label = "c"];
	q15 -> q10 [label = "a"];
	q1 -> q20 [label = "a"];
	q24 -> q17 [label = "a"];
	q0 -> q15 [label = "a, c"];
	q25 -> q16 [label = "a"];
	q25 -> q14 [label = "a"];
	q25 -> q4 [label = "a"];
	q13 -> q13 [label = "a, c"];
	q5 -> q24 [label = "a"];
	q19 -> q29 [label = "a"];
	q6 -> q13 [label = "c"];
	q25 -> q2 [label = "a"];
	q8 -> q24 [label = "a, c"];
	q6 -> q5 [label = "c"];
	q25 -> q1 [label = "a"];
	q2 -> q21 [label = "b"];
	q27 -> q23 [label = "b"];
	q21 -> q22 [label = "b"];
	q27 -> q24 [label = "c"];
	q13 -> q17 [label = "a"];
	q11 -> q10 [label = "a"];
	q27 -> q22 [label = "b"];
	q29 -> q13 [label = "c"];
	q6 -> q2 [label = "b"];
	q25 -> q8 [label = "c"];
	q16 -> q10 [label = "a"];
	q0 -> q13 [label = "c"];
	q17 -> q27 [label = "a"];
	q29 -> q9 [label = "c"];
	q24 -> q26 [label = "a, b"];
	q29 -> q8 [label = "c"];
	q29 -> q24 [label = "c"];
	q21 -> q20 [label = "b"];
	q2 -> q14 [label = "a"];
	q7 -> q13 [label = "c"];
	q28 -> q11 [label = "a, b"];
	q24 -> q11 [label = "a, b"];
	q1 -> q10 [label = "a"];
	q27 -> q13 [label = "c"];
	q29 -> q11 [label = "a"];
	q11 -> q11 [label = "b"];
	q28 -> q19 [label = "b"];
	q28 -> q8 [label = "b, c"];
	q25 -> q26 [label = "a, c"];
	q28 -> q26 [label = "a, b"];
	q27 -> q19 [label = "b"];
	q4 -> q6 [label = "b"];
	q28 -> q10 [label = "a"];
	q26 -> q22 [label = "b"];
	q10 -> q1 [label = "a"];
	q1 -> q19 [label = "a"];
	q1 -> q2 [label = "a"];
	q27 -> q14 [label = "a"];
	q29 -> q20 [label = "a"];
	q21 -> q2 [label = "b"];
	q26 -> q10 [label = "a"];
	q0 -> q7 [label = "a"];
	q27 -> q21 [label = "b"];
	q27 -> q26 [label = "a, b"];
	q1 -> q26 [label = "a"];
	q29 -> q4 [label = "a"];
	q28 -> q13 [label = "b, c"];
	q26 -> q29 [label = "a"];
	q25 -> q12 [label = "b"];
	q21 -> q29 [label = "a"];
	q24 -> q13 [label = "a, c"];
	q28 -> q20 [label = "a, b"];
	q15 -> q13 [label = "c"];
	q29 -> q14 [label = "a"];
	q3 -> q7 [label = "a"];
	q25 -> q20 [label = "a, c"];
	q26 -> q24 [label = "c"];
	q12 -> q15 [label = "a, b, c"];
	q27 -> q10 [label = "a"];
	q9 -> q17 [label = "a"];
	q4 -> q8 [label = "b"];
	q27 -> q9 [label = "c"];
	q27 -> q11 [label = "a, b"];
	q9 -> q26 [label = "a"];
	q28 -> q9 [label = "b, c"];
	q2 -> q11 [label = "a, c"];
	q16 -> q1 [label = "a"];
	q29 -> q15 [label = "a"];
	q9 -> q20 [label = "a, b"];
	q28 -> q17 [label = "b"];
	q9 -> q18 [label = "c"];
	q28 -> q12 [label = "b"];
	q20 -> q15 [label = "a"];
	q25 -> q5 [label = "c"];
	q29 -> q28 [label = "a"];
	q25 -> q0 [label = "a, c"];
	q25 -> q22 [label = "a, c"];
	q20 -> q10 [label = "a"];
	q16 -> q29 [label = "a"];
	q1 -> q22 [label = "a"];
	q0 -> q21 [label = "b"];
	q27 -> q28 [label = "a"];
	q25 -> q9 [label = "c"];
	q18 -> q23 [label = "b"];
	q25 -> q24 [label = "c"];
	q25 -> q10 [label = "a, c"];
	q25 -> q13 [label = "c"];
	q2 -> q6 [label = "a"];
	q27 -> q4 [label = "a"];
	q3 -> q20 [label = "a, b"];
	q29 -> q3 [label = "b"];
	q11 -> q20 [label = "b"];
	q21 -> q15 [label = "a, b, c"];
	q14 -> q20 [label = "c"];
	q28 -> q6 [label = "b"];
	q27 -> q29 [label = "a"];
	q26 -> q9 [label = "c"];
	q13 -> q18 [label = "c"];
	q25 -> q3 [label = "b"];
	q2 -> q4 [label = "a"];
	q25 -> q6 [label = "b"];
	q6 -> q11 [label = "a, b"];
	q3 -> q6 [label = "a"];
	q29 -> q26 [label = "a"];
	q25 -> q15 [label = "a, b"];
	q25 -> q7 [label = "b"];
	q4 -> q12 [label = "b"];
	q22 -> q20 [label = "b"];
	q1 -> q11 [label = "a"];
	q13 -> q9 [label = "a, c"];
	q8 -> q26 [label = "a, b"];
	q8 -> q8 [label = "c"];
	q5 -> q20 [label = "b"];
	q24 -> q24 [label = "a, c"];
	q8 -> q9 [label = "a, c"];
	q2 -> q25 [label = "a"];
	q8 -> q11 [label = "a, b, c"];
	q24 -> q23 [label = "b"];
	q8 -> q13 [label = "a, c"];
	q3 -> q27 [label = "a"];
	q24 -> q1 [label = "a"];
	q8 -> q18 [label = "c"];
	q12 -> q7 [label = "a"];
	q14 -> q6 [label = "b"];
	q17 -> q9 [label = "a, c"];
	q14 -> q9 [label = "b, c"];
	q0 -> q6 [label = "a"];
	q29 -> q10 [label = "a"];
	q2 -> q20 [label = "a"];
	q20 -> q22 [label = "b"];
	q27 -> q20 [label = "a, b"];
	q14 -> q13 [label = "b, c"];
	q14 -> q17 [label = "b, c"];
	q8 -> q20 [label = "a, b"];
	q16 -> q19 [label = "a"];
	q20 -> q13 [label = "c"];
	q14 -> q8 [label = "c"];
	q7 -> q14 [label = "a"];
	q14 -> q19 [label = "c"];
	q14 -> q26 [label = "c"];
	q29 -> q27 [label = "a"];
	q8 -> q17 [label = "a"];
	q10 -> q6 [label = "b"];
	q2 -> q9 [label = "c"];
	q9 -> q11 [label = "a, b"];
	q6 -> q15 [label = "a, b"];
	q16 -> q27 [label = "a"];
	q5 -> q23 [label = "b"];
	q4 -> q23 [label = "b"];
	q12 -> q4 [label = "c"];
	q0 -> q12 [label = "b"];
	q12 -> q11 [label = "c"];
	q26 -> q19 [label = "b"];
	q4 -> q9 [label = "b, c"];
	q0 -> q20 [label = "a"];
	q29 -> q29 [label = "a"];
	q0 -> q23 [label = "a"];
	q0 -> q10 [label = "a"];
	q0 -> q25 [label = "a"];
	q20 -> q9 [label = "c"];
	q0 -> q26 [label = "a"];
	q0 -> q27 [label = "a"];
	q0 -> q29 [label = "a"];
	q2 -> q1 [label = "a"];
	q2 -> q7 [label = "a"];
	q2 -> q10 [label = "a"];
	q25 -> q19 [label = "a, c"];
	q2 -> q15 [label = "a, c"];
	q24 -> q8 [label = "a, c"];
	q2 -> q23 [label = "a"];
	q23 -> q13 [label = "c"];
	q2 -> q26 [label = "a"];
	q2 -> q28 [label = "a"];
	q2 -> q29 [label = "a"];
	q5 -> q11 [label = "b"];
	q6 -> q19 [label = "b"];
	q27 -> q1 [label = "a"];
	q6 -> q20 [label = "a, b"];
	q6 -> q22 [label = "b"];
	q6 -> q26 [label = "a, b"];
	q4 -> q14 [label = "a"];
	q0 -> q8 [label = "c"];
	q0 -> q1 [label = "a"];
	q0 -> q9 [label = "c"];
	q25 -> q29 [label = "a"];
	q0 -> q24 [label = "c"];
	q4 -> q10 [label = "a"];
	q21 -> q25 [label = "a"];
	q5 -> q9 [label = "a, b, c"];
	q9 -> q13 [label = "a, c"];
	q5 -> q18 [label = "a, c"];
	q5 -> q17 [label = "a, b"];
	q7 -> q5 [label = "c"];
	q1 -> q1 [label = "a"];
	q1 -> q15 [label = "a"];
	q1 -> q16 [label = "a"];
	q1 -> q27 [label = "a"];
	q1 -> q29 [label = "a"];
	q16 -> q22 [label = "a"];
	q3 -> q2 [label = "b"];
	q3 -> q11 [label = "a, b, c"];
	q3 -> q15 [label = "a, b, c"];
	q7 -> q12 [label = "b"];
	q16 -> q15 [label = "a, c"];
	q11 -> q26 [label = "b"];
	q3 -> q22 [label = "b"];
	q3 -> q29 [label = "a"];
	q3 -> q26 [label = "a, b"];
	q17 -> q20 [label = "a, b"];
	q29 -> q1 [label = "a"];
	q1 -> q12 [label = "b"];
	q1 -> q21 [label = "b"];
	q18 -> q16 [label = "a, c"];
	q3 -> q1 [label = "a"];
	q25 -> q28 [label = "a"];
	q1 -> q0 [label = "a, c"];
	q27 -> q12 [label = "b"];
	q3 -> q25 [label = "a"];
	q25 -> q27 [label = "a"];
	q7 -> q3 [label = "b"];
	q7 -> q6 [label = "b"];
	q4 -> q26 [label = "b"];
	q3 -> q10 [label = "a"];
	q7 -> q7 [label = "b"];
	q4 -> q20 [label = "b"];
	q7 -> q15 [label = "a, b"];
	q2 -> q12 [label = "b"];
	q5 -> q8 [label = "a"];
	q6 -> q27 [label = "a"];
	q4 -> q19 [label = "b"];
	q4 -> q11 [label = "b"];
	q4 -> q17 [label = "b"];
}
NFA size: 30 states

AL* output after 17 EQ and 2126 MQ:
digraph finite_state_machine {
	rankdir=LR;
	node [shape = circle];
	s0 [shape = point, style = invis, start="true" ];
	q0 [label = "q0", shape = doublecircle, final="true" ];
	q1 [label = "q1"];
	q2 [label = "q2"];
	q3 [label = "q3", shape = doublecircle, final="true" ];
	q4 [label = "q4", shape = doublecircle, final="true" ];
	q5 [label = "q5", shape = doublecircle, final="true" ];
	q6 [label = "q6", shape = doublecircle, final="true" ];
	q7 [label = "q7", shape = doublecircle, final="true" ];
	q8 [label = "q8"];
	q9 [label = "q9"];
	q10 [label = "q10", shape = doublecircle, final="true" ];
	q11 [label = "q11", shape = doublecircle, final="true" ];
	m0 [label = "", shape = square, style = filled, color=grey, fixedsize=true, width=.2];
	m1 [label = "", shape = square, style = filled, color=grey, fixedsize=true, width=.2];
	m2 [label = "", shape = square, style = filled, color=grey, fixedsize=true, width=.2];
	m3 [label = "", shape = square, style = filled, color=grey, fixedsize=true, width=.2];
	m4 [label = "", shape = square, style = filled, color=grey, fixedsize=true, width=.2];
	m5 [label = "", shape = square, style = filled, color=grey, fixedsize=true, width=.2];
	m6 [label = "", shape = square, style = filled, color=grey, fixedsize=true, width=.2];
	m7 [label = "", shape = square, style = filled, color=grey, fixedsize=true, width=.2];
	m8 [label = "", shape = square, style = filled, color=grey, fixedsize=true, width=.2];
	m9 [label = "", shape = square, style = filled, color=grey, fixedsize=true, width=.2];
	m10 [label = "", shape = square, style = filled, color=grey, fixedsize=true, width=.2];
	m11 [label = "", shape = square, style = filled, color=grey, fixedsize=true, width=.2];
	m12 [label = "", shape = square, style = filled, color=grey, fixedsize=true, width=.2];
	m13 [label = "", shape = square, style = filled, color=grey, fixedsize=true, width=.2];
	m14 [label = "", shape = square, style = filled, color=grey, fixedsize=true, width=.2];
	m15 [label = "", shape = square, style = filled, color=grey, fixedsize=true, width=.2];
	m16 [label = "", shape = square, style = filled, color=grey, fixedsize=true, width=.2];
	m17 [label = "", shape = square, style = filled, color=grey, fixedsize=true, width=.2];
	s0 -> m0
	q9 -> m15 [label = "b"];
	q9 -> m14 [label = "b"];
	q9 -> m10 [label = "b"];
	q11 -> m3 [label = "a"];
	q11 -> m2 [label = "a"];
	q9 -> m12 [label = "a"];
	q9 -> m11 [label = "b"];
	q11 -> m7 [label = "b"];
	q8 -> m1 [label = "b, c"];
	q8 -> m7 [label = "b"];
	q8 -> m8 [label = "a, c"];
	q8 -> m3 [label = "a"];
	q10 -> m10 [label = "b"];
	q10 -> m8 [label = "b"];
	q0 -> m16 [label = "a"];
	q10 -> m7 [label = "a"];
	q2 -> m13 [label = "b"];
	q2 -> m10 [label = "b"];
	q1 -> m2 [label = "c"];
	q7 -> m4 [label = "c"];
	q4 -> m2 [label = "a, c"];
	q0 -> m1 [label = "c"];
	q1 -> m3 [label = "c"];
	q9 -> m3 [label = "c"];
	q6 -> m2 [label = "a, c"];
	q4 -> m0 [label = "a, b"];
	q0 -> m4 [label = "a"];
	q2 -> m1 [label = "a, c"];
	q0 -> m17 [label = "a"];
	q6 -> m0 [label = "a, b"];
	q2 -> m8 [label = "a, c"];
	q4 -> m8 [label = "a, b, c"];
	q11 -> m1 [label = "c"];
	q7 -> m3 [label = "a"];
	q7 -> m0 [label = "a, c"];
	q5 -> m7 [label = "b"];
	q6 -> m3 [label = "a"];
	q10 -> m0 [label = "a, b, c"];
	q3 -> m10 [label = "b"];
	q7 -> m8 [label = "a, b, c"];
	q3 -> m4 [label = "c"];
	q3 -> m2 [label = "c"];
	q5 -> m1 [label = "b, c"];
	q0 -> m10 [label = "b"];
	q2 -> m3 [label = "a, c"];
	q10 -> m2 [label = "c"];
	q7 -> m7 [label = "a, b"];
	q3 -> m0 [label = "a, b, c"];
	q3 -> m5 [label = "c"];
	q3 -> m6 [label = "c"];
	q9 -> m13 [label = "b"];
	q2 -> m14 [label = "b"];
	q2 -> m7 [label = "b"];
	q5 -> m2 [label = "a"];
	q5 -> m8 [label = "b"];
	q5 -> m6 [label = "c"];
	q5 -> m3 [label = "a"];
	q3 -> m3 [label = "a"];
	q0 -> m13 [label = "a, b"];
	q7 -> m9 [label = "b"];
	q7 -> m10 [label = "b"];
	q1 -> m1 [label = "a, c"];
	q3 -> m7 [label = "a"];
	q1 -> m0 [label = "a, b"];
	q1 -> m8 [label = "b"];
	q1 -> m10 [label = "b"];
	q1 -> m11 [label = "b"];
	q11 -> m8 [label = "b"];
	q6 -> m8 [label = "b"];
	q3 -> m8 [label = "b"];
	q3 -> m11 [label = "b"];
	q0 -> m8 [label = "b"];
	q1 -> m12 [label = "a"];
	q4 -> m7 [label = "b"];
	q4 -> m3 [label = "a"];
	q4 -> m1 [label = "c"];
	q0 -> m6 [label = "a, c"];
	q9 -> m1 [label = "a, c"];
	q0 -> m11 [label = "b"];
	q6 -> m7 [label = "b"];
	q6 -> m1 [label = "c"];
	q2 -> m15 [label = "b"];
	m0 -> q4;
	m0 -> q5;
	m0 -> q6;
	m0 -> q11;
	m1 -> q1;
	m1 -> q2;
	m1 -> q9;
	m2 -> q5;
	m2 -> q8;
	m3 -> q2;
	m3 -> q4;
	m3 -> q7;
	m3 -> q8;
	m4 -> q1;
	m4 -> q2;
	m4 -> q4;
	m4 -> q7;
	m4 -> q8;
	m4 -> q9;
	m5 -> q1;
	m5 -> q2;
	m5 -> q3;
	m5 -> q4;
	m5 -> q6;
	m5 -> q7;
	m5 -> q9;
	m5 -> q10;
	m6 -> q1;
	m6 -> q2;
	m6 -> q3;
	m6 -> q4;
	m6 -> q6;
	m6 -> q7;
	m6 -> q8;
	m6 -> q10;
	m7 -> q1;
	m7 -> q3;
	m7 -> q4;
	m7 -> q6;
	m7 -> q10;
	m8 -> q3;
	m8 -> q7;
	m8 -> q10;
	m9 -> q2;
	m9 -> q3;
	m9 -> q4;
	m9 -> q5;
	m9 -> q6;
	m9 -> q7;
	m9 -> q8;
	m9 -> q11;
	m10 -> q0;
	m10 -> q1;
	m10 -> q2;
	m10 -> q3;
	m10 -> q4;
	m10 -> q5;
	m10 -> q7;
	m10 -> q8;
	m10 -> q9;
	m11 -> q0;
	m11 -> q1;
	m11 -> q2;
	m11 -> q3;
	m11 -> q4;
	m11 -> q5;
	m11 -> q6;
	m11 -> q8;
	m11 -> q9;
	m11 -> q10;
	m12 -> q1;
	m12 -> q3;
	m12 -> q4;
	m12 -> q6;
	m12 -> q7;
	m12 -> q10;
	m13 -> q0;
	m13 -> q1;
	m13 -> q2;
	m13 -> q4;
	m13 -> q5;
	m13 -> q6;
	m13 -> q8;
	m13 -> q9;
	m13 -> q11;
	m14 -> q0;
	m14 -> q3;
	m14 -> q4;
	m14 -> q5;
	m14 -> q6;
	m14 -> q7;
	m14 -> q10;
	m14 -> q11;
	m15 -> q0;
	m15 -> q1;
	m15 -> q2;
	m15 -> q3;
	m15 -> q5;
	m15 -> q7;
	m15 -> q8;
	m15 -> q9;
	m15 -> q10;
	m16 -> q1;
	m16 -> q3;
	m16 -> q4;
	m16 -> q5;
	m16 -> q6;
	m16 -> q8;
	m16 -> q10;
	m17 -> q2;
	m17 -> q4;
	m17 -> q5;
	m17 -> q6;
	m17 -> q7;
	m17 -> q8;
	m17 -> q11;
}
AFA size: 12 states

AL** output after 18 EQ and 2126 MQ:
digraph finite_state_machine {
	rankdir=LR;
	node [shape = circle];
	s0 [shape = point, style = invis, start="true" ];
	q0 [label = "q0", shape = doublecircle, final="true" ];
	q1 [label = "q1"];
	q2 [label = "q2"];
	q3 [label = "q3", shape = doublecircle, final="true" ];
	q4 [label = "q4", shape = doublecircle, final="true" ];
	q5 [label = "q5", shape = doublecircle, final="true" ];
	q6 [label = "q6", shape = doublecircle, final="true" ];
	q7 [label = "q7", shape = doublecircle, final="true" ];
	q8 [label = "q8"];
	q9 [label = "q9"];
	q10 [label = "q10", shape = doublecircle, final="true" ];
	q11 [label = "q11", shape = doublecircle, final="true" ];
	m0 [label = "", shape = square, style = filled, color=grey, fixedsize=true, width=.2];
	m1 [label = "", shape = square, style = filled, color=grey, fixedsize=true, width=.2];
	m2 [label = "", shape = square, style = filled, color=grey, fixedsize=true, width=.2];
	m3 [label = "", shape = square, style = filled, color=grey, fixedsize=true, width=.2];
	m4 [label = "", shape = square, style = filled, color=grey, fixedsize=true, width=.2];
	m5 [label = "", shape = square, style = filled, color=grey, fixedsize=true, width=.2];
	m6 [label = "", shape = square, style = filled, color=grey, fixedsize=true, width=.2];
	m7 [label = "", shape = square, style = filled, color=grey, fixedsize=true, width=.2];
	m8 [label = "", shape = square, style = filled, color=grey, fixedsize=true, width=.2];
	m9 [label = "", shape = square, style = filled, color=grey, fixedsize=true, width=.2];
	m10 [label = "", shape = square, style = filled, color=grey, fixedsize=true, width=.2];
	m11 [label = "", shape = square, style = filled, color=grey, fixedsize=true, width=.2];
	m12 [label = "", shape = square, style = filled, color=grey, fixedsize=true, width=.2];
	m13 [label = "", shape = square, style = filled, color=grey, fixedsize=true, width=.2];
	m14 [label = "", shape = square, style = filled, color=grey, fixedsize=true, width=.2];
	m15 [label = "", shape = square, style = filled, color=grey, fixedsize=true, width=.2];
	m16 [label = "", shape = square, style = filled, color=grey, fixedsize=true, width=.2];
	m17 [label = "", shape = square, style = filled, color=grey, fixedsize=true, width=.2];
	s0 -> m0
	q9 -> m15 [label = "b"];
	q9 -> m14 [label = "b"];
	q9 -> m10 [label = "b"];
	q11 -> m3 [label = "a"];
	q11 -> m2 [label = "a"];
	q9 -> m12 [label = "a"];
	q9 -> m11 [label = "b"];
	q11 -> m7 [label = "b"];
	q8 -> m1 [label = "b, c"];
	q8 -> m7 [label = "b"];
	q8 -> m8 [label = "a, c"];
	q8 -> m3 [label = "a"];
	q10 -> m10 [label = "b"];
	q10 -> m8 [label = "b"];
	q0 -> m16 [label = "a"];
	q10 -> m7 [label = "a"];
	q2 -> m13 [label = "b"];
	q2 -> m10 [label = "b"];
	q1 -> m2 [label = "c"];
	q7 -> m4 [label = "c"];
	q4 -> m2 [label = "a, c"];
	q0 -> m1 [label = "c"];
	q1 -> m3 [label = "c"];
	q9 -> m3 [label = "c"];
	q6 -> m2 [label = "a, c"];
	q4 -> m0 [label = "a, b"];
	q0 -> m4 [label = "a"];
	q2 -> m1 [label = "a, c"];
	q0 -> m17 [label = "a"];
	q6 -> m0 [label = "a, b"];
	q2 -> m8 [label = "a, c"];
	q4 -> m8 [label = "a, b, c"];
	q11 -> m1 [label = "c"];
	q7 -> m3 [label = "a"];
	q7 -> m0 [label = "a, c"];
	q5 -> m7 [label = "b"];
	q6 -> m3 [label = "a"];
	q10 -> m0 [label = "a, b, c"];
	q3 -> m10 [label = "b"];
	q7 -> m8 [label = "a, b, c"];
	q3 -> m4 [label = "c"];
	q3 -> m2 [label = "c"];
	q5 -> m1 [label = "b, c"];
	q0 -> m10 [label = "b"];
	q2 -> m3 [label = "a, c"];
	q10 -> m2 [label = "c"];
	q7 -> m7 [label = "a, b"];
	q3 -> m0 [label = "a, b, c"];
	q3 -> m5 [label = "c"];
	q3 -> m6 [label = "c"];
	q9 -> m13 [label = "b"];
	q2 -> m14 [label = "b"];
	q2 -> m7 [label = "b"];
	q5 -> m2 [label = "a"];
	q5 -> m8 [label = "b"];
	q5 -> m6 [label = "c"];
	q5 -> m3 [label = "a"];
	q3 -> m3 [label = "a"];
	q0 -> m13 [label = "a, b"];
	q7 -> m9 [label = "b"];
	q7 -> m10 [label = "b"];
	q1 -> m1 [label = "a, c"];
	q3 -> m7 [label = "a"];
	q1 -> m0 [label = "a, b"];
	q1 -> m8 [label = "b"];
	q1 -> m10 [label = "b"];
	q1 -> m11 [label = "b"];
	q11 -> m8 [label = "b"];
	q6 -> m8 [label = "b"];
	q3 -> m8 [label = "b"];
	q3 -> m11 [label = "b"];
	q0 -> m8 [label = "b"];
	q1 -> m12 [label = "a"];
	q4 -> m7 [label = "b"];
	q4 -> m3 [label = "a"];
	q4 -> m1 [label = "c"];
	q0 -> m6 [label = "a, c"];
	q9 -> m1 [label = "a, c"];
	q0 -> m11 [label = "b"];
	q6 -> m7 [label = "b"];
	q6 -> m1 [label = "c"];
	q2 -> m15 [label = "b"];
	m0 -> q4;
	m0 -> q5;
	m0 -> q6;
	m0 -> q11;
	m1 -> q1;
	m1 -> q2;
	m1 -> q9;
	m2 -> q5;
	m2 -> q8;
	m3 -> q2;
	m3 -> q4;
	m3 -> q7;
	m3 -> q8;
	m4 -> q1;
	m4 -> q2;
	m4 -> q4;
	m4 -> q7;
	m4 -> q8;
	m4 -> q9;
	m5 -> q1;
	m5 -> q2;
	m5 -> q3;
	m5 -> q4;
	m5 -> q6;
	m5 -> q7;
	m5 -> q9;
	m5 -> q10;
	m6 -> q1;
	m6 -> q2;
	m6 -> q3;
	m6 -> q4;
	m6 -> q6;
	m6 -> q7;
	m6 -> q8;
	m6 -> q10;
	m7 -> q1;
	m7 -> q3;
	m7 -> q4;
	m7 -> q6;
	m7 -> q10;
	m8 -> q3;
	m8 -> q7;
	m8 -> q10;
	m9 -> q2;
	m9 -> q3;
	m9 -> q4;
	m9 -> q5;
	m9 -> q6;
	m9 -> q7;
	m9 -> q8;
	m9 -> q11;
	m10 -> q0;
	m10 -> q1;
	m10 -> q2;
	m10 -> q3;
	m10 -> q4;
	m10 -> q5;
	m10 -> q7;
	m10 -> q8;
	m10 -> q9;
	m11 -> q0;
	m11 -> q1;
	m11 -> q2;
	m11 -> q3;
	m11 -> q4;
	m11 -> q5;
	m11 -> q6;
	m11 -> q8;
	m11 -> q9;
	m11 -> q10;
	m12 -> q1;
	m12 -> q3;
	m12 -> q4;
	m12 -> q6;
	m12 -> q7;
	m12 -> q10;
	m13 -> q0;
	m13 -> q1;
	m13 -> q2;
	m13 -> q4;
	m13 -> q5;
	m13 -> q6;
	m13 -> q8;
	m13 -> q9;
	m13 -> q11;
	m14 -> q0;
	m14 -> q3;
	m14 -> q4;
	m14 -> q5;
	m14 -> q6;
	m14 -> q7;
	m14 -> q10;
	m14 -> q11;
	m15 -> q0;
	m15 -> q1;
	m15 -> q2;
	m15 -> q3;
	m15 -> q5;
	m15 -> q7;
	m15 -> q8;
	m15 -> q9;
	m15 -> q10;
	m16 -> q1;
	m16 -> q3;
	m16 -> q4;
	m16 -> q5;
	m16 -> q6;
	m16 -> q8;
	m16 -> q10;
	m17 -> q2;
	m17 -> q4;
	m17 -> q5;
	m17 -> q6;
	m17 -> q7;
	m17 -> q8;
	m17 -> q11;
}
RAFA size: 12 states

