Random target AFA:
digraph finite_state_machine {
	rankdir=LR;
	node [shape = circle];
	s0 [shape = point, style = invis, start="true" ];
	s1 [shape = point, style = invis, start="true" ];
	q0 [label = "q0", shape = doublecircle, final="true" ];
	q1 [label = "q1"];
	q2 [label = "q2"];
	q3 [label = "q3"];
	q4 [label = "q4", shape = doublecircle, final="true" ];
	q5 [label = "q5"];
	m0 [label = "", shape = square, style = filled, color=grey, fixedsize=true, width=.2];
	m1 [label = "", shape = square, style = filled, color=grey, fixedsize=true, width=.2];
	m2 [label = "", shape = square, style = filled, color=grey, fixedsize=true, width=.2];
	m3 [label = "", shape = square, style = filled, color=grey, fixedsize=true, width=.2];
	m4 [label = "", shape = square, style = filled, color=grey, fixedsize=true, width=.2];
	m5 [label = "", shape = square, style = filled, color=grey, fixedsize=true, width=.2];
	m6 [label = "", shape = square, style = filled, color=grey, fixedsize=true, width=.2];
	m7 [label = "", shape = square, style = filled, color=grey, fixedsize=true, width=.2];
	m8 [label = "", shape = square, style = filled, color=grey, fixedsize=true, width=.2];
	s0 -> q1
	s1 -> q2
	q3 -> q3 [label = "c"];
	q5 -> m4 [label = "c"];
	q0 -> q3 [label = "b, c"];
	q1 -> m7 [label = "b"];
	q1 -> q1 [label = "c"];
	q3 -> q0 [label = "c"];
	q2 -> q0 [label = "a, b"];
	q2 -> q4 [label = "b"];
	q4 -> q1 [label = "a"];
	q4 -> m2 [label = "a"];
	q0 -> m1 [label = "a"];
	q1 -> q5 [label = "a, c"];
	q0 -> q0 [label = "a"];
	q0 -> q4 [label = "b"];
	q0 -> q2 [label = "c"];
	q4 -> m0 [label = "c"];
	q4 -> q2 [label = "c"];
	q4 -> q5 [label = "b"];
	q5 -> m3 [label = "c"];
	q3 -> m3 [label = "b"];
	q3 -> m6 [label = "b"];
	q2 -> q1 [label = "c"];
	q1 -> q3 [label = "b"];
	q3 -> q2 [label = "a"];
	q5 -> q5 [label = "a"];
	q5 -> q3 [label = "b"];
	q5 -> m8 [label = "a"];
	q4 -> q4 [label = "b"];
	q1 -> m5 [label = "a"];
	q2 -> q5 [label = "c"];
	m0 -> q2;
	m0 -> q4;
	m1 -> q2;
	m1 -> q5;
	m2 -> q1;
	m2 -> q5;
	m3 -> q0;
	m3 -> q5;
	m4 -> q3;
	m4 -> q4;
	m5 -> q3;
	m5 -> q5;
	m6 -> q2;
	m6 -> q3;
	m7 -> q0;
	m7 -> q2;
	m8 -> q1;
	m8 -> q3;
}

L* output after 8 EQ and 4968 MQ:
digraph finite_state_machine {
	rankdir=LR;
	node [shape = circle];
	s0 [shape = point, style = invis, start="true" ];
	q0 [label = "q0", shape = doublecircle, final="true" ];
	q1 [label = "q1"];
	q2 [label = "q2"];
	q3 [label = "q3", shape = doublecircle, final="true" ];
	q4 [label = "q4", shape = doublecircle, final="true" ];
	q5 [label = "q5"];
	q6 [label = "q6"];
	q7 [label = "q7"];
	q8 [label = "q8"];
	q9 [label = "q9"];
	q10 [label = "q10"];
	q11 [label = "q11", shape = doublecircle, final="true" ];
	q12 [label = "q12", shape = doublecircle, final="true" ];
	q13 [label = "q13"];
	q14 [label = "q14"];
	q15 [label = "q15", shape = doublecircle, final="true" ];
	q16 [label = "q16", shape = doublecircle, final="true" ];
	q17 [label = "q17", shape = doublecircle, final="true" ];
	q18 [label = "q18", shape = doublecircle, final="true" ];
	q19 [label = "q19", shape = doublecircle, final="true" ];
	q20 [label = "q20"];
	q21 [label = "q21"];
	q22 [label = "q22"];
	q23 [label = "q23", shape = doublecircle, final="true" ];
	q24 [label = "q24", shape = doublecircle, final="true" ];
	q25 [label = "q25"];
	q26 [label = "q26"];
	q27 [label = "q27", shape = doublecircle, final="true" ];
	q28 [label = "q28", shape = doublecircle, final="true" ];
	q29 [label = "q29", shape = doublecircle, final="true" ];
	q30 [label = "q30"];
	q31 [label = "q31"];
	q32 [label = "q32"];
	q33 [label = "q33"];
	q34 [label = "q34"];
	q35 [label = "q35"];
	q36 [label = "q36"];
	q37 [label = "q37", shape = doublecircle, final="true" ];
	q38 [label = "q38", shape = doublecircle, final="true" ];
	q39 [label = "q39", shape = doublecircle, final="true" ];
	q40 [label = "q40", shape = doublecircle, final="true" ];
	q41 [label = "q41"];
	q42 [label = "q42"];
	q43 [label = "q43", shape = doublecircle, final="true" ];
	q44 [label = "q44"];
	q45 [label = "q45"];
	q46 [label = "q46"];
	s0 -> q30
	q41 -> q28 [label = "b"];
	q43 -> q2 [label = "a"];
	q45 -> q33 [label = "c"];
	q40 -> q26 [label = "c"];
	q44 -> q16 [label = "a"];
	q46 -> q22 [label = "b"];
	q40 -> q24 [label = "b"];
	q46 -> q21 [label = "c"];
	q4 -> q16 [label = "a"];
	q0 -> q43 [label = "b"];
	q1 -> q16 [label = "a"];
	q6 -> q4 [label = "a"];
	q45 -> q1 [label = "a"];
	q11 -> q12 [label = "b"];
	q4 -> q11 [label = "b"];
	q26 -> q38 [label = "a"];
	q7 -> q1 [label = "a"];
	q5 -> q37 [label = "a"];
	q3 -> q42 [label = "c"];
	q5 -> q21 [label = "c"];
	q14 -> q29 [label = "a"];
	q22 -> q40 [label = "b"];
	q7 -> q8 [label = "b"];
	q20 -> q4 [label = "a"];
	q15 -> q28 [label = "b"];
	q19 -> q29 [label = "a"];
	q12 -> q26 [label = "c"];
	q25 -> q31 [label = "a"];
	q32 -> q28 [label = "b"];
	q13 -> q13 [label = "a"];
	q33 -> q38 [label = "a"];
	q4 -> q42 [label = "c"];
	q23 -> q20 [label = "c"];
	q29 -> q27 [label = "b"];
	q37 -> q17 [label = "b"];
	q12 -> q24 [label = "b"];
	q19 -> q28 [label = "b"];
	q45 -> q8 [label = "b"];
	q21 -> q25 [label = "a"];
	q7 -> q6 [label = "c"];
	q9 -> q25 [label = "c"];
	q40 -> q14 [label = "a"];
	q14 -> q21 [label = "c"];
	q37 -> q37 [label = "a"];
	q1 -> q21 [label = "c"];
	q18 -> q39 [label = "c"];
	q3 -> q37 [label = "a"];
	q30 -> q29 [label = "a"];
	q17 -> q18 [label = "c"];
	q20 -> q41 [label = "c"];
	q17 -> q12 [label = "b"];
	q30 -> q28 [label = "b"];
	q2 -> q21 [label = "c"];
	q28 -> q18 [label = "c"];
	q23 -> q24 [label = "b"];
	q25 -> q21 [label = "c"];
	q6 -> q43 [label = "b"];
	q46 -> q13 [label = "a"];
	q43 -> q18 [label = "c"];
	q0 -> q18 [label = "c"];
	q22 -> q18 [label = "c"];
	q5 -> q11 [label = "b"];
	q30 -> q25 [label = "c"];
	q8 -> q0 [label = "c"];
	q33 -> q43 [label = "b"];
	q24 -> q24 [label = "b"];
	q0 -> q38 [label = "a"];
	q43 -> q24 [label = "b"];
	q44 -> q28 [label = "b"];
	q16 -> q26 [label = "c"];
	q2 -> q29 [label = "a"];
	q8 -> q44 [label = "a"];
	q18 -> q38 [label = "a"];
	q10 -> q9 [label = "a"];
	q36 -> q18 [label = "c"];
	q41 -> q3 [label = "a"];
	q6 -> q20 [label = "c"];
	q38 -> q42 [label = "c"];
	q2 -> q28 [label = "b"];
	q15 -> q37 [label = "a"];
	q10 -> q0 [label = "c"];
	q37 -> q26 [label = "c"];
	q34 -> q45 [label = "b"];
	q13 -> q10 [label = "b"];
	q18 -> q28 [label = "b"];
	q19 -> q42 [label = "c"];
	q21 -> q33 [label = "b"];
	q16 -> q16 [label = "a"];
	q41 -> q41 [label = "c"];
	q35 -> q36 [label = "b"];
	q11 -> q18 [label = "c"];
	q27 -> q23 [label = "b"];
	q34 -> q44 [label = "a"];
	q8 -> q8 [label = "b"];
	q12 -> q5 [label = "a"];
	q1 -> q11 [label = "b"];
	q28 -> q24 [label = "b"];
	q42 -> q39 [label = "c"];
	q13 -> q35 [label = "c"];
	q9 -> q16 [label = "a"];
	q15 -> q42 [label = "c"];
	q44 -> q21 [label = "c"];
	q9 -> q28 [label = "b"];
	q20 -> q28 [label = "b"];
	q23 -> q5 [label = "a"];
	q17 -> q2 [label = "a"];
	q26 -> q28 [label = "b"];
	q32 -> q21 [label = "c"];
	q24 -> q18 [label = "c"];
	q28 -> q19 [label = "a"];
	q22 -> q38 [label = "a"];
	q25 -> q22 [label = "b"];
	q3 -> q11 [label = "b"];
	q27 -> q30 [label = "a"];
	q29 -> q26 [label = "c"];
	q31 -> q35 [label = "c"];
	q39 -> q39 [label = "c"];
	q29 -> q37 [label = "a"];
	q31 -> q34 [label = "b"];
	q16 -> q27 [label = "b"];
	q26 -> q39 [label = "c"];
	q42 -> q15 [label = "a"];
	q27 -> q18 [label = "c"];
	q34 -> q0 [label = "c"];
	q31 -> q31 [label = "a"];
	q32 -> q37 [label = "a"];
	q11 -> q19 [label = "a"];
	q10 -> q7 [label = "b"];
	q36 -> q44 [label = "a"];
	q38 -> q28 [label = "b"];
	q35 -> q46 [label = "a"];
	q21 -> q41 [label = "c"];
	q33 -> q18 [label = "c"];
	q39 -> q28 [label = "b"];
	q36 -> q43 [label = "b"];
	q24 -> q32 [label = "a"];
	q38 -> q16 [label = "a"];
	q35 -> q20 [label = "c"];
	q39 -> q15 [label = "a"];
	q14 -> q11 [label = "b"];
	q42 -> q28 [label = "b"];
}
DFA size: 47 states

NL* output after 11 EQ and 3738 MQ:
digraph finite_state_machine {
	rankdir=LR;
	node [shape = circle];
	s0 [shape = point, style = invis, start="true" ];
	s1 [shape = point, style = invis, start="true" ];
	q0 [label = "q0"];
	q1 [label = "q1"];
	q2 [label = "q2", shape = doublecircle, final="true" ];
	q3 [label = "q3"];
	q4 [label = "q4"];
	q5 [label = "q5"];
	q6 [label = "q6"];
	q7 [label = "q7", shape = doublecircle, final="true" ];
	q8 [label = "q8"];
	q9 [label = "q9"];
	q10 [label = "q10"];
	q11 [label = "q11"];
	q12 [label = "q12"];
	q13 [label = "q13", shape = doublecircle, final="true" ];
	q14 [label = "q14", shape = doublecircle, final="true" ];
	q15 [label = "q15", shape = doublecircle, final="true" ];
	q16 [label = "q16"];
	q17 [label = "q17"];
	q18 [label = "q18"];
	q19 [label = "q19"];
	s0 -> q1
	s1 -> q12
	q18 -> q19 [label = "c"];
	q18 -> q18 [label = "c"];
	q18 -> q3 [label = "c"];
	q17 -> q19 [label = "c"];
	q16 -> q16 [label = "c"];
	q18 -> q9 [label = "a"];
	q18 -> q1 [label = "a"];
	q16 -> q11 [label = "b, c"];
	q16 -> q2 [label = "b"];
	q18 -> q11 [label = "b, c"];
	q18 -> q6 [label = "a, b, c"];
	q16 -> q8 [label = "a, c"];
	q16 -> q7 [label = "a, c"];
	q15 -> q0 [label = "a"];
	q11 -> q10 [label = "c"];
	q14 -> q12 [label = "a"];
	q13 -> q14 [label = "b"];
	q12 -> q14 [label = "b"];
	q12 -> q5 [label = "b"];
	q12 -> q2 [label = "b"];
	q10 -> q16 [label = "c"];
	q11 -> q19 [label = "c"];
	q10 -> q7 [label = "c"];
	q10 -> q3 [label = "c"];
	q15 -> q18 [label = "b"];
	q15 -> q5 [label = "b"];
	q18 -> q7 [label = "c"];
	q15 -> q2 [label = "b"];
	q13 -> q17 [label = "a"];
	q13 -> q13 [label = "a"];
	q13 -> q7 [label = "a"];
	q17 -> q18 [label = "b"];
	q9 -> q9 [label = "c"];
	q2 -> q1 [label = "c"];
	q4 -> q5 [label = "b"];
	q2 -> q16 [label = "c"];
	q1 -> q17 [label = "c"];
	q15 -> q11 [label = "b"];
	q5 -> q1 [label = "a"];
	q7 -> q14 [label = "b"];
	q3 -> q9 [label = "a, c"];
	q1 -> q19 [label = "b"];
	q1 -> q16 [label = "b"];
	q1 -> q11 [label = "b"];
	q1 -> q10 [label = "b"];
	q1 -> q4 [label = "b"];
	q1 -> q2 [label = "b"];
	q7 -> q16 [label = "c"];
	q3 -> q7 [label = "a"];
	q7 -> q11 [label = "c"];
	q7 -> q10 [label = "c"];
	q7 -> q9 [label = "c"];
	q7 -> q6 [label = "a, c"];
	q15 -> q10 [label = "b"];
	q7 -> q4 [label = "c"];
	q7 -> q1 [label = "c"];
	q3 -> q11 [label = "b"];
	q12 -> q19 [label = "b"];
	q19 -> q4 [label = "b, c"];
	q10 -> q1 [label = "a, c"];
	q1 -> q9 [label = "c"];
	q7 -> q18 [label = "c"];
	q14 -> q6 [label = "b, c"];
	q12 -> q7 [label = "a, b"];
	q15 -> q3 [label = "c"];
	q1 -> q18 [label = "b"];
	q12 -> q6 [label = "a, b, c"];
	q3 -> q10 [label = "b"];
	q8 -> q19 [label = "c"];
	q8 -> q6 [label = "a, c"];
	q11 -> q16 [label = "c"];
	q11 -> q8 [label = "a"];
	q14 -> q15 [label = "b"];
	q12 -> q11 [label = "b"];
	q5 -> q6 [label = "b, c"];
	q7 -> q8 [label = "c"];
	q13 -> q5 [label = "b, c"];
	q5 -> q11 [label = "c"];
	q19 -> q10 [label = "b"];
	q3 -> q19 [label = "b, c"];
	q12 -> q13 [label = "a"];
	q13 -> q16 [label = "c"];
	q13 -> q11 [label = "c"];
	q15 -> q14 [label = "b"];
	q5 -> q3 [label = "c"];
	q8 -> q17 [label = "c"];
	q5 -> q16 [label = "c"];
	q13 -> q8 [label = "c"];
	q7 -> q7 [label = "a"];
	q4 -> q3 [label = "c"];
	q3 -> q18 [label = "b"];
	q13 -> q6 [label = "a, c"];
	q11 -> q6 [label = "a, b, c"];
	q17 -> q6 [label = "a, c"];
	q9 -> q16 [label = "b"];
	q0 -> q9 [label = "c"];
	q3 -> q2 [label = "b"];
	q2 -> q3 [label = "c"];
	q8 -> q9 [label = "c"];
	q9 -> q18 [label = "b"];
	q7 -> q3 [label = "c"];
	q13 -> q19 [label = "c"];
	q9 -> q6 [label = "a, c"];
	q19 -> q9 [label = "a, c"];
	q13 -> q9 [label = "c"];
	q17 -> q5 [label = "b"];
	q8 -> q7 [label = "a"];
	q16 -> q18 [label = "c"];
	q15 -> q17 [label = "a, b"];
	q8 -> q5 [label = "b"];
	q15 -> q1 [label = "c"];
	q4 -> q9 [label = "a"];
	q9 -> q5 [label = "b"];
	q5 -> q7 [label = "c"];
	q19 -> q6 [label = "a, b, c"];
	q10 -> q5 [label = "b, c"];
	q16 -> q4 [label = "b, c"];
	q1 -> q5 [label = "b"];
	q10 -> q18 [label = "b, c"];
	q19 -> q1 [label = "c"];
	q3 -> q5 [label = "b"];
	q13 -> q3 [label = "c"];
	q19 -> q3 [label = "c"];
	q0 -> q16 [label = "b"];
	q18 -> q8 [label = "a"];
	q5 -> q5 [label = "c"];
	q0 -> q14 [label = "b"];
	q8 -> q14 [label = "b"];
	q0 -> q19 [label = "c"];
	q8 -> q18 [label = "b"];
	q2 -> q19 [label = "b, c"];
	q3 -> q8 [label = "a, c"];
	q11 -> q9 [label = "a"];
	q15 -> q8 [label = "a, c"];
	q2 -> q17 [label = "b"];
	q13 -> q4 [label = "c"];
	q16 -> q5 [label = "c"];
	q5 -> q10 [label = "c"];
	q13 -> q10 [label = "c"];
	q15 -> q4 [label = "b, c"];
	q19 -> q8 [label = "c"];
	q14 -> q5 [label = "c"];
	q15 -> q9 [label = "a, c"];
	q10 -> q9 [label = "a, c"];
	q15 -> q19 [label = "b, c"];
	q9 -> q17 [label = "c"];
	q8 -> q16 [label = "b"];
	q4 -> q8 [label = "a"];
	q19 -> q19 [label = "b, c"];
	q11 -> q11 [label = "b, c"];
	q11 -> q4 [label = "b, c"];
	q11 -> q18 [label = "b, c"];
	q14 -> q7 [label = "c"];
	q2 -> q14 [label = "b"];
	q19 -> q18 [label = "b"];
	q3 -> q14 [label = "b"];
	q0 -> q6 [label = "a, c"];
	q14 -> q4 [label = "b, c"];
	q14 -> q9 [label = "c"];
	q14 -> q1 [label = "a, c"];
	q13 -> q18 [label = "c"];
	q2 -> q8 [label = "a, c"];
	q12 -> q4 [label = "b"];
	q14 -> q10 [label = "c"];
	q16 -> q19 [label = "b, c"];
	q3 -> q1 [label = "c"];
	q14 -> q16 [label = "c"];
	q18 -> q10 [label = "c"];
	q10 -> q2 [label = "b"];
	q4 -> q18 [label = "b"];
	q11 -> q5 [label = "b, c"];
	q0 -> q5 [label = "b"];
	q12 -> q18 [label = "b"];
	q3 -> q6 [label = "a, b, c"];
	q10 -> q4 [label = "b, c"];
	q10 -> q10 [label = "b, c"];
	q7 -> q19 [label = "c"];
	q10 -> q6 [label = "a, b, c"];
	q0 -> q17 [label = "c"];
	q19 -> q5 [label = "b"];
	q10 -> q11 [label = "b, c"];
	q13 -> q1 [label = "c"];
	q0 -> q13 [label = "a"];
	q5 -> q19 [label = "c"];
	q19 -> q11 [label = "b"];
	q10 -> q14 [label = "b"];
	q16 -> q6 [label = "a, b, c"];
	q14 -> q17 [label = "b"];
	q10 -> q19 [label = "b, c"];
	q14 -> q3 [label = "c"];
	q4 -> q19 [label = "c"];
	q14 -> q19 [label = "b, c"];
	q2 -> q0 [label = "a"];
	q15 -> q6 [label = "a, b, c"];
	q12 -> q9 [label = "c"];
	q18 -> q5 [label = "c"];
	q18 -> q4 [label = "b, c"];
	q14 -> q8 [label = "c"];
	q12 -> q17 [label = "c"];
	q12 -> q3 [label = "b"];
	q4 -> q4 [label = "b, c"];
	q15 -> q15 [label = "b"];
	q4 -> q6 [label = "a, b, c"];
	q18 -> q16 [label = "c"];
	q1 -> q3 [label = "b"];
	q0 -> q7 [label = "a"];
	q16 -> q9 [label = "a, c"];
	q4 -> q11 [label = "b"];
	q2 -> q2 [label = "b"];
	q3 -> q3 [label = "c"];
	q2 -> q4 [label = "b, c"];
	q0 -> q18 [label = "b"];
	q1 -> q14 [label = "b"];
	q2 -> q6 [label = "a, b, c"];
	q11 -> q3 [label = "c"];
	q12 -> q10 [label = "b"];
	q2 -> q10 [label = "b, c"];
	q17 -> q17 [label = "a"];
	q16 -> q3 [label = "c"];
	q1 -> q7 [label = "a, b"];
	q16 -> q10 [label = "c"];
	q9 -> q19 [label = "c"];
	q2 -> q11 [label = "b, c"];
	q2 -> q15 [label = "b"];
	q12 -> q16 [label = "b"];
	q2 -> q18 [label = "b, c"];
	q16 -> q1 [label = "a, c"];
	q14 -> q18 [label = "c"];
	q6 -> q6 [label = "a, c"];
	q6 -> q19 [label = "c"];
	q14 -> q11 [label = "c"];
	q2 -> q9 [label = "a, c"];
	q10 -> q8 [label = "a, c"];
	q2 -> q5 [label = "b, c"];
	q6 -> q5 [label = "b"];
	q5 -> q4 [label = "b, c"];
	q7 -> q5 [label = "b, c"];
	q5 -> q18 [label = "c"];
	q1 -> q6 [label = "a, b, c"];
	q3 -> q4 [label = "b, c"];
}
NFA size: 20 states

AL* output after 14 EQ and 1685 MQ:
digraph finite_state_machine {
	rankdir=LR;
	node [shape = circle];
	s0 [shape = point, style = invis, start="true" ];
	s1 [shape = point, style = invis, start="true" ];
	s2 [shape = point, style = invis, start="true" ];
	s3 [shape = point, style = invis, start="true" ];
	q0 [label = "q0"];
	q1 [label = "q1", shape = doublecircle, final="true" ];
	q2 [label = "q2"];
	q3 [label = "q3", shape = doublecircle, final="true" ];
	q4 [label = "q4", shape = doublecircle, final="true" ];
	q5 [label = "q5"];
	q6 [label = "q6", shape = doublecircle, final="true" ];
	q7 [label = "q7", shape = doublecircle, final="true" ];
	q8 [label = "q8"];
	q9 [label = "q9"];
	q10 [label = "q10"];
	m0 [label = "", shape = square, style = filled, color=grey, fixedsize=true, width=.2];
	m1 [label = "", shape = square, style = filled, color=grey, fixedsize=true, width=.2];
	m2 [label = "", shape = square, style = filled, color=grey, fixedsize=true, width=.2];
	m3 [label = "", shape = square, style = filled, color=grey, fixedsize=true, width=.2];
	m4 [label = "", shape = square, style = filled, color=grey, fixedsize=true, width=.2];
	m5 [label = "", shape = square, style = filled, color=grey, fixedsize=true, width=.2];
	m6 [label = "", shape = square, style = filled, color=grey, fixedsize=true, width=.2];
	m7 [label = "", shape = square, style = filled, color=grey, fixedsize=true, width=.2];
	m8 [label = "", shape = square, style = filled, color=grey, fixedsize=true, width=.2];
	m9 [label = "", shape = square, style = filled, color=grey, fixedsize=true, width=.2];
	m10 [label = "", shape = square, style = filled, color=grey, fixedsize=true, width=.2];
	m11 [label = "", shape = square, style = filled, color=grey, fixedsize=true, width=.2];
	m12 [label = "", shape = square, style = filled, color=grey, fixedsize=true, width=.2];
	m13 [label = "", shape = square, style = filled, color=grey, fixedsize=true, width=.2];
	m14 [label = "", shape = square, style = filled, color=grey, fixedsize=true, width=.2];
	s0 -> m0
	s1 -> m1
	s2 -> m2
	s3 -> m3
	q9 -> m4 [label = "b"];
	q9 -> m3 [label = "a"];
	q9 -> m14 [label = "a"];
	q9 -> m1 [label = "a"];
	q8 -> m3 [label = "c"];
	q8 -> m9 [label = "b"];
	q8 -> m7 [label = "b"];
	q8 -> m6 [label = "b"];
	q10 -> m10 [label = "a"];
	q8 -> m12 [label = "a"];
	q4 -> m2 [label = "c"];
	q2 -> m13 [label = "b"];
	q10 -> m0 [label = "b"];
	q6 -> m3 [label = "c"];
	q0 -> m9 [label = "b"];
	q0 -> m12 [label = "a, b"];
	q0 -> m1 [label = "a"];
	q0 -> m7 [label = "b"];
	q2 -> m2 [label = "a"];
	q2 -> m11 [label = "a"];
	q2 -> m10 [label = "a"];
	q4 -> m9 [label = "b"];
	q2 -> m6 [label = "b"];
	q3 -> m6 [label = "b, c"];
	q4 -> m0 [label = "a, b, c"];
	q7 -> m3 [label = "a, c"];
	q9 -> m12 [label = "b"];
	q7 -> m2 [label = "a, b"];
	q6 -> m9 [label = "b"];
	q4 -> m6 [label = "b, c"];
	q3 -> m2 [label = "a, c"];
	q7 -> m0 [label = "a, c"];
	q5 -> m7 [label = "b"];
	q0 -> m0 [label = "a, c"];
	q10 -> m2 [label = "a, c"];
	q1 -> m3 [label = "a, c"];
	q9 -> m5 [label = "c"];
	q10 -> m4 [label = "c"];
	q1 -> m2 [label = "a, b"];
	q10 -> m11 [label = "a"];
	q9 -> m7 [label = "b, c"];
	q6 -> m0 [label = "a, c"];
	q2 -> m8 [label = "c"];
	q7 -> m1 [label = "a"];
	q10 -> m3 [label = "c"];
	q9 -> m0 [label = "a, c"];
	q6 -> m5 [label = "a"];
	q1 -> m0 [label = "a, c"];
	q9 -> m6 [label = "c"];
	q8 -> m0 [label = "a, b"];
	q3 -> m0 [label = "a, b, c"];
	q6 -> m10 [label = "a"];
	q2 -> m4 [label = "c"];
	q3 -> m3 [label = "c"];
	q5 -> m3 [label = "a, c"];
	q1 -> m6 [label = "b"];
	q5 -> m0 [label = "b, c"];
	q3 -> m12 [label = "a"];
	q1 -> m4 [label = "c"];
	q2 -> m7 [label = "c"];
	q5 -> m2 [label = "a, c"];
	q6 -> m12 [label = "a"];
	q6 -> m2 [label = "a"];
	q5 -> m10 [label = "a"];
	q8 -> m2 [label = "a, c"];
	q3 -> m9 [label = "b"];
	q10 -> m6 [label = "b"];
	q7 -> m9 [label = "b"];
	q7 -> m5 [label = "c"];
	q6 -> m11 [label = "a"];
	q3 -> m5 [label = "a"];
	q3 -> m10 [label = "a"];
	q1 -> m9 [label = "b"];
	q8 -> m5 [label = "a"];
	q5 -> m6 [label = "b"];
	q7 -> m6 [label = "c"];
	q4 -> m12 [label = "a"];
	q3 -> m7 [label = "b"];
	q1 -> m10 [label = "a"];
	q5 -> m4 [label = "c"];
	q4 -> m5 [label = "a, c"];
	q4 -> m7 [label = "b"];
	q4 -> m3 [label = "a, c"];
	q0 -> m5 [label = "a, c"];
	q4 -> m1 [label = "a"];
	q0 -> m6 [label = "c"];
	q8 -> m10 [label = "a, c"];
	q0 -> m3 [label = "a, c"];
	q6 -> m6 [label = "b, c"];
	m0 -> q0;
	m0 -> q3;
	m0 -> q4;
	m0 -> q6;
	m0 -> q8;
	m1 -> q0;
	m1 -> q1;
	m1 -> q3;
	m1 -> q4;
	m1 -> q5;
	m1 -> q7;
	m1 -> q8;
	m1 -> q9;
	m2 -> q1;
	m2 -> q2;
	m2 -> q3;
	m2 -> q5;
	m2 -> q6;
	m2 -> q8;
	m2 -> q10;
	m3 -> q3;
	m3 -> q4;
	m3 -> q5;
	m3 -> q8;
	m3 -> q10;
	m4 -> q0;
	m4 -> q1;
	m4 -> q4;
	m4 -> q5;
	m4 -> q7;
	m4 -> q9;
	m5 -> q1;
	m5 -> q3;
	m5 -> q4;
	m5 -> q6;
	m5 -> q7;
	m6 -> q0;
	m6 -> q4;
	m6 -> q7;
	m6 -> q9;
	m7 -> q1;
	m7 -> q2;
	m7 -> q3;
	m7 -> q4;
	m7 -> q5;
	m7 -> q6;
	m7 -> q8;
	m7 -> q10;
	m8 -> q0;
	m8 -> q1;
	m8 -> q3;
	m8 -> q4;
	m8 -> q5;
	m8 -> q6;
	m8 -> q7;
	m8 -> q8;
	m8 -> q10;
	m9 -> q1;
	m9 -> q7;
	m10 -> q0;
	m10 -> q1;
	m10 -> q2;
	m10 -> q4;
	m10 -> q5;
	m10 -> q6;
	m10 -> q7;
	m10 -> q9;
	m10 -> q10;
	m11 -> q0;
	m11 -> q1;
	m11 -> q2;
	m11 -> q3;
	m11 -> q4;
	m11 -> q5;
	m11 -> q7;
	m11 -> q8;
	m11 -> q9;
	m11 -> q10;
	m12 -> q0;
	m12 -> q3;
	m12 -> q4;
	m12 -> q6;
	m12 -> q7;
	m12 -> q9;
	m13 -> q0;
	m13 -> q1;
	m13 -> q2;
	m13 -> q3;
	m13 -> q4;
	m13 -> q5;
	m13 -> q6;
	m13 -> q8;
	m13 -> q9;
	m13 -> q10;
	m14 -> q0;
	m14 -> q1;
	m14 -> q2;
	m14 -> q3;
	m14 -> q4;
	m14 -> q5;
	m14 -> q6;
	m14 -> q7;
	m14 -> q9;
	m14 -> q10;
}
AFA size: 11 states

