Random target AFA:
digraph finite_state_machine {
	rankdir=LR;
	node [shape = circle];
	s0 [shape = point, style = invis, start="true" ];
	s1 [shape = point, style = invis, start="true" ];
	q0 [label = "q0"];
	q1 [label = "q1"];
	q2 [label = "q2", shape = doublecircle, final="true" ];
	q3 [label = "q3"];
	q4 [label = "q4", shape = doublecircle, final="true" ];
	q5 [label = "q5", shape = doublecircle, final="true" ];
	m0 [label = "", shape = square, style = filled, color=grey, fixedsize=true, width=.2];
	m1 [label = "", shape = square, style = filled, color=grey, fixedsize=true, width=.2];
	m2 [label = "", shape = square, style = filled, color=grey, fixedsize=true, width=.2];
	m3 [label = "", shape = square, style = filled, color=grey, fixedsize=true, width=.2];
	m4 [label = "", shape = square, style = filled, color=grey, fixedsize=true, width=.2];
	m5 [label = "", shape = square, style = filled, color=grey, fixedsize=true, width=.2];
	m6 [label = "", shape = square, style = filled, color=grey, fixedsize=true, width=.2];
	m7 [label = "", shape = square, style = filled, color=grey, fixedsize=true, width=.2];
	m8 [label = "", shape = square, style = filled, color=grey, fixedsize=true, width=.2];
	m9 [label = "", shape = square, style = filled, color=grey, fixedsize=true, width=.2];
	s0 -> q1
	s1 -> q2
	q5 -> m9 [label = "b"];
	q2 -> m3 [label = "c"];
	q2 -> q5 [label = "c"];
	q4 -> q0 [label = "b"];
	q5 -> m8 [label = "a"];
	q3 -> q3 [label = "a, c"];
	q1 -> m5 [label = "b"];
	q3 -> m4 [label = "b"];
	q1 -> q5 [label = "b"];
	q1 -> m3 [label = "a, c"];
	q5 -> m3 [label = "c"];
	q5 -> m7 [label = "a, b"];
	q1 -> q2 [label = "a"];
	q5 -> q0 [label = "c"];
	q2 -> m1 [label = "b"];
	q0 -> m2 [label = "b"];
	q0 -> q0 [label = "c"];
	q3 -> q0 [label = "b, c"];
	q0 -> q3 [label = "a"];
	q4 -> q1 [label = "c"];
	q0 -> m0 [label = "a"];
	q2 -> q0 [label = "a, b"];
	q0 -> q2 [label = "b"];
	q0 -> q4 [label = "c"];
	q3 -> m6 [label = "a"];
	q2 -> q1 [label = "a"];
	q1 -> q0 [label = "c"];
	q4 -> q5 [label = "a, c"];
	q4 -> q2 [label = "a, b"];
	m0 -> q2;
	m0 -> q4;
	m1 -> q0;
	m1 -> q1;
	m2 -> q4;
	m2 -> q5;
	m3 -> q0;
	m3 -> q3;
	m4 -> q1;
	m4 -> q5;
	m5 -> q2;
	m5 -> q5;
	m6 -> q2;
	m6 -> q3;
	m7 -> q0;
	m7 -> q4;
	m8 -> q3;
	m8 -> q5;
	m9 -> q1;
	m9 -> q2;
}

L* output after 6 EQ and 2870 MQ:
digraph finite_state_machine {
	rankdir=LR;
	node [shape = circle];
	s0 [shape = point, style = invis, start="true" ];
	q0 [label = "q0", shape = doublecircle, final="true" ];
	q1 [label = "q1", shape = doublecircle, final="true" ];
	q2 [label = "q2"];
	q3 [label = "q3", shape = doublecircle, final="true" ];
	q4 [label = "q4"];
	q5 [label = "q5", shape = doublecircle, final="true" ];
	q6 [label = "q6", shape = doublecircle, final="true" ];
	q7 [label = "q7", shape = doublecircle, final="true" ];
	q8 [label = "q8"];
	q9 [label = "q9"];
	q10 [label = "q10"];
	q11 [label = "q11", shape = doublecircle, final="true" ];
	q12 [label = "q12", shape = doublecircle, final="true" ];
	q13 [label = "q13", shape = doublecircle, final="true" ];
	q14 [label = "q14", shape = doublecircle, final="true" ];
	q15 [label = "q15", shape = doublecircle, final="true" ];
	q16 [label = "q16", shape = doublecircle, final="true" ];
	q17 [label = "q17", shape = doublecircle, final="true" ];
	q18 [label = "q18", shape = doublecircle, final="true" ];
	q19 [label = "q19", shape = doublecircle, final="true" ];
	q20 [label = "q20"];
	q21 [label = "q21", shape = doublecircle, final="true" ];
	q22 [label = "q22", shape = doublecircle, final="true" ];
	q23 [label = "q23", shape = doublecircle, final="true" ];
	q24 [label = "q24", shape = doublecircle, final="true" ];
	q25 [label = "q25", shape = doublecircle, final="true" ];
	q26 [label = "q26", shape = doublecircle, final="true" ];
	q27 [label = "q27", shape = doublecircle, final="true" ];
	q28 [label = "q28", shape = doublecircle, final="true" ];
	q29 [label = "q29", shape = doublecircle, final="true" ];
	q30 [label = "q30", shape = doublecircle, final="true" ];
	q31 [label = "q31", shape = doublecircle, final="true" ];
	q32 [label = "q32"];
	s0 -> q16
	q20 -> q21 [label = "b"];
	q17 -> q25 [label = "c"];
	q19 -> q27 [label = "a"];
	q17 -> q20 [label = "b"];
	q23 -> q13 [label = "c"];
	q19 -> q28 [label = "b"];
	q21 -> q22 [label = "c"];
	q20 -> q17 [label = "a"];
	q18 -> q8 [label = "a"];
	q22 -> q32 [label = "c"];
	q18 -> q20 [label = "b"];
	q16 -> q7 [label = "a"];
	q20 -> q13 [label = "c"];
	q15 -> q14 [label = "a"];
	q13 -> q5 [label = "b"];
	q11 -> q25 [label = "c"];
	q14 -> q12 [label = "a"];
	q12 -> q9 [label = "b"];
	q15 -> q6 [label = "b"];
	q3 -> q15 [label = "c"];
	q23 -> q5 [label = "b"];
	q4 -> q20 [label = "b"];
	q6 -> q13 [label = "a"];
	q1 -> q0 [label = "c"];
	q7 -> q5 [label = "b"];
	q3 -> q2 [label = "a"];
	q24 -> q5 [label = "b"];
	q7 -> q7 [label = "a"];
	q30 -> q1 [label = "b"];
	q13 -> q11 [label = "a"];
	q9 -> q13 [label = "c"];
	q21 -> q9 [label = "b"];
	q13 -> q24 [label = "c"];
	q23 -> q27 [label = "a"];
	q25 -> q14 [label = "a"];
	q24 -> q24 [label = "c"];
	q2 -> q1 [label = "b"];
	q29 -> q31 [label = "c"];
	q21 -> q2 [label = "a"];
	q27 -> q13 [label = "a"];
	q5 -> q5 [label = "b"];
	q26 -> q13 [label = "c"];
	q17 -> q10 [label = "a"];
	q32 -> q13 [label = "c"];
	q26 -> q5 [label = "b"];
	q11 -> q8 [label = "a"];
	q28 -> q30 [label = "c"];
	q22 -> q29 [label = "b"];
	q27 -> q23 [label = "c"];
	q31 -> q28 [label = "b"];
	q30 -> q11 [label = "a"];
	q10 -> q4 [label = "a"];
	q32 -> q5 [label = "b"];
	q28 -> q1 [label = "b"];
	q32 -> q17 [label = "a"];
	q31 -> q11 [label = "a"];
	q29 -> q1 [label = "b"];
	q2 -> q13 [label = "c"];
	q5 -> q24 [label = "c"];
	q4 -> q26 [label = "c"];
	q29 -> q14 [label = "a"];
	q31 -> q32 [label = "c"];
	q25 -> q13 [label = "c"];
	q11 -> q9 [label = "b"];
	q10 -> q26 [label = "c"];
	q19 -> q32 [label = "c"];
	q9 -> q3 [label = "b"];
	q30 -> q13 [label = "c"];
	q15 -> q13 [label = "c"];
	q26 -> q12 [label = "a"];
	q1 -> q5 [label = "b"];
	q18 -> q25 [label = "c"];
	q9 -> q17 [label = "a"];
	q24 -> q27 [label = "a"];
	q27 -> q5 [label = "b"];
	q10 -> q9 [label = "b"];
	q8 -> q13 [label = "c"];
	q12 -> q10 [label = "a"];
	q8 -> q18 [label = "a"];
	q22 -> q14 [label = "a"];
	q14 -> q5 [label = "b"];
	q8 -> q5 [label = "b"];
	q14 -> q23 [label = "c"];
	q5 -> q13 [label = "a"];
	q0 -> q1 [label = "b"];
	q12 -> q25 [label = "c"];
	q16 -> q15 [label = "b, c"];
	q0 -> q27 [label = "a"];
	q6 -> q5 [label = "b"];
	q25 -> q5 [label = "b"];
	q7 -> q24 [label = "c"];
	q6 -> q19 [label = "c"];
	q2 -> q18 [label = "a"];
	q28 -> q14 [label = "a"];
	q0 -> q13 [label = "c"];
	q4 -> q4 [label = "a"];
	q1 -> q13 [label = "a"];
	q3 -> q9 [label = "b"];
}
DFA size: 33 states

NL* output after 8 EQ and 2455 MQ:
digraph finite_state_machine {
	rankdir=LR;
	node [shape = circle];
	s0 [shape = point, style = invis, start="true" ];
	q0 [label = "q0"];
	q1 [label = "q1", shape = doublecircle, final="true" ];
	q2 [label = "q2", shape = doublecircle, final="true" ];
	q3 [label = "q3", shape = doublecircle, final="true" ];
	q4 [label = "q4", shape = doublecircle, final="true" ];
	q5 [label = "q5", shape = doublecircle, final="true" ];
	q6 [label = "q6", shape = doublecircle, final="true" ];
	q7 [label = "q7", shape = doublecircle, final="true" ];
	q8 [label = "q8"];
	q9 [label = "q9"];
	q10 [label = "q10", shape = doublecircle, final="true" ];
	q11 [label = "q11", shape = doublecircle, final="true" ];
	q12 [label = "q12"];
	q13 [label = "q13"];
	q14 [label = "q14", shape = doublecircle, final="true" ];
	q15 [label = "q15", shape = doublecircle, final="true" ];
	s0 -> q10
	q15 -> q3 [label = "c"];
	q15 -> q2 [label = "c"];
	q11 -> q14 [label = "a, b"];
	q11 -> q11 [label = "b"];
	q11 -> q7 [label = "b"];
	q13 -> q13 [label = "c"];
	q13 -> q4 [label = "c"];
	q8 -> q13 [label = "c"];
	q8 -> q11 [label = "c"];
	q8 -> q8 [label = "c"];
	q8 -> q4 [label = "c"];
	q8 -> q0 [label = "c"];
	q8 -> q7 [label = "b"];
	q10 -> q13 [label = "a"];
	q10 -> q10 [label = "a"];
	q10 -> q9 [label = "a"];
	q10 -> q7 [label = "a"];
	q1 -> q12 [label = "c"];
	q6 -> q11 [label = "a"];
	q15 -> q4 [label = "c"];
	q4 -> q15 [label = "b"];
	q4 -> q8 [label = "b, c"];
	q4 -> q5 [label = "b"];
	q10 -> q14 [label = "a"];
	q15 -> q12 [label = "a, c"];
	q4 -> q4 [label = "b, c"];
	q7 -> q8 [label = "a, b"];
	q7 -> q0 [label = "a"];
	q0 -> q13 [label = "c"];
	q5 -> q8 [label = "a, b, c"];
	q11 -> q2 [label = "b, c"];
	q7 -> q6 [label = "c"];
	q3 -> q1 [label = "c"];
	q13 -> q9 [label = "a, c"];
	q15 -> q0 [label = "a"];
	q11 -> q6 [label = "b, c"];
	q1 -> q5 [label = "a"];
	q6 -> q14 [label = "a"];
	q6 -> q12 [label = "c"];
	q12 -> q14 [label = "a, c"];
	q4 -> q12 [label = "b, c"];
	q11 -> q5 [label = "b"];
	q0 -> q5 [label = "b"];
	q10 -> q2 [label = "a"];
	q4 -> q6 [label = "b"];
	q4 -> q2 [label = "b"];
	q4 -> q14 [label = "a, b, c"];
	q9 -> q13 [label = "c"];
	q4 -> q13 [label = "a, b, c"];
	q11 -> q4 [label = "b, c"];
	q10 -> q6 [label = "a, b, c"];
	q14 -> q13 [label = "a, c"];
	q7 -> q12 [label = "a, b"];
	q10 -> q11 [label = "a"];
	q13 -> q12 [label = "b, c"];
	q13 -> q8 [label = "b, c"];
	q4 -> q3 [label = "b"];
	q4 -> q7 [label = "b"];
	q9 -> q4 [label = "c"];
	q11 -> q12 [label = "b, c"];
	q15 -> q9 [label = "a, c"];
	q3 -> q9 [label = "a"];
	q10 -> q3 [label = "a"];
	q15 -> q8 [label = "a, b, c"];
	q11 -> q13 [label = "a, b, c"];
	q3 -> q2 [label = "b"];
	q4 -> q9 [label = "a, b, c"];
	q12 -> q0 [label = "c"];
	q11 -> q8 [label = "b, c"];
	q11 -> q15 [label = "b"];
	q12 -> q5 [label = "b"];
	q12 -> q7 [label = "b"];
	q4 -> q0 [label = "c"];
	q1 -> q13 [label = "a, c"];
	q3 -> q0 [label = "c"];
	q1 -> q7 [label = "a"];
	q11 -> q1 [label = "c"];
	q6 -> q9 [label = "a, c"];
	q0 -> q11 [label = "c"];
	q9 -> q9 [label = "a, c"];
	q0 -> q0 [label = "c"];
	q9 -> q12 [label = "c"];
	q2 -> q1 [label = "c"];
	q5 -> q0 [label = "a"];
	q3 -> q11 [label = "a"];
	q5 -> q12 [label = "a, b"];
	q3 -> q13 [label = "a"];
	q1 -> q2 [label = "b"];
	q12 -> q8 [label = "c"];
	q3 -> q3 [label = "b"];
	q3 -> q12 [label = "c"];
	q0 -> q15 [label = "a"];
	q3 -> q5 [label = "b"];
	q15 -> q13 [label = "a, c"];
	q3 -> q7 [label = "b"];
	q1 -> q14 [label = "a"];
	q12 -> q12 [label = "c"];
	q1 -> q15 [label = "a"];
	q11 -> q0 [label = "c"];
	q10 -> q0 [label = "a"];
	q10 -> q1 [label = "a"];
	q0 -> q1 [label = "c"];
	q1 -> q3 [label = "b"];
	q0 -> q7 [label = "b"];
	q0 -> q4 [label = "c"];
	q0 -> q14 [label = "a, c"];
	q0 -> q3 [label = "b"];
	q14 -> q3 [label = "c"];
	q0 -> q8 [label = "c"];
	q0 -> q9 [label = "a, c"];
	q6 -> q2 [label = "b"];
	q6 -> q13 [label = "a, c"];
	q2 -> q9 [label = "a"];
	q2 -> q11 [label = "a"];
	q8 -> q1 [label = "c"];
	q2 -> q13 [label = "a"];
	q0 -> q2 [label = "b"];
	q2 -> q14 [label = "a"];
	q8 -> q12 [label = "c"];
	q5 -> q6 [label = "c"];
	q12 -> q11 [label = "c"];
	q6 -> q8 [label = "c"];
	q4 -> q11 [label = "b, c"];
	q2 -> q2 [label = "b"];
	q10 -> q8 [label = "a, b, c"];
	q2 -> q5 [label = "b"];
	q10 -> q15 [label = "a"];
	q3 -> q8 [label = "c"];
	q11 -> q9 [label = "a, b, c"];
	q2 -> q7 [label = "b"];
	q4 -> q1 [label = "c"];
	q11 -> q3 [label = "b, c"];
	q12 -> q1 [label = "c"];
	q1 -> q8 [label = "c"];
	q2 -> q3 [label = "b"];
	q8 -> q9 [label = "a, c"];
	q10 -> q12 [label = "a"];
	q0 -> q12 [label = "c"];
	q12 -> q4 [label = "c"];
	q15 -> q6 [label = "c"];
	q12 -> q9 [label = "a, c"];
	q12 -> q13 [label = "c"];
	q8 -> q14 [label = "a, c"];
	q14 -> q2 [label = "c"];
	q14 -> q9 [label = "a, c"];
	q3 -> q14 [label = "a"];
	q14 -> q4 [label = "c"];
	q1 -> q9 [label = "a, c"];
	q14 -> q6 [label = "c"];
	q14 -> q8 [label = "b, c"];
	q14 -> q12 [label = "c"];
	q9 -> q8 [label = "b, c"];
	q10 -> q4 [label = "a"];
	q10 -> q5 [label = "a"];
}
NFA size: 16 states

AL* output after 10 EQ and 1534 MQ:
digraph finite_state_machine {
	rankdir=LR;
	node [shape = circle];
	s0 [shape = point, style = invis, start="true" ];
	s1 [shape = point, style = invis, start="true" ];
	q0 [label = "q0", shape = doublecircle, final="true" ];
	q1 [label = "q1", shape = doublecircle, final="true" ];
	q2 [label = "q2"];
	q3 [label = "q3", shape = doublecircle, final="true" ];
	q4 [label = "q4", shape = doublecircle, final="true" ];
	q5 [label = "q5", shape = doublecircle, final="true" ];
	q6 [label = "q6"];
	q7 [label = "q7", shape = doublecircle, final="true" ];
	m0 [label = "", shape = square, style = filled, color=grey, fixedsize=true, width=.2];
	m1 [label = "", shape = square, style = filled, color=grey, fixedsize=true, width=.2];
	m2 [label = "", shape = square, style = filled, color=grey, fixedsize=true, width=.2];
	m3 [label = "", shape = square, style = filled, color=grey, fixedsize=true, width=.2];
	m4 [label = "", shape = square, style = filled, color=grey, fixedsize=true, width=.2];
	m5 [label = "", shape = square, style = filled, color=grey, fixedsize=true, width=.2];
	m6 [label = "", shape = square, style = filled, color=grey, fixedsize=true, width=.2];
	m7 [label = "", shape = square, style = filled, color=grey, fixedsize=true, width=.2];
	m8 [label = "", shape = square, style = filled, color=grey, fixedsize=true, width=.2];
	m9 [label = "", shape = square, style = filled, color=grey, fixedsize=true, width=.2];
	m10 [label = "", shape = square, style = filled, color=grey, fixedsize=true, width=.2];
	s0 -> m0
	s1 -> m1
	q3 -> m5 [label = "c"];
	q5 -> m0 [label = "b"];
	q2 -> m1 [label = "c"];
	q2 -> m2 [label = "c"];
	q6 -> m6 [label = "a"];
	q1 -> m3 [label = "c"];
	q7 -> m9 [label = "b"];
	q3 -> m0 [label = "a"];
	q3 -> m6 [label = "a"];
	q1 -> m0 [label = "b"];
	q7 -> m3 [label = "c"];
	q4 -> m0 [label = "a"];
	q6 -> m1 [label = "c"];
	q6 -> m2 [label = "b, c"];
	q7 -> m1 [label = "a"];
	q2 -> m8 [label = "a, c"];
	q2 -> m0 [label = "b"];
	q2 -> m4 [label = "b"];
	q0 -> m6 [label = "a"];
	q1 -> m6 [label = "c"];
	q3 -> m3 [label = "b"];
	q0 -> m4 [label = "a"];
	q0 -> m3 [label = "c"];
	q0 -> m2 [label = "b, c"];
	q3 -> m10 [label = "a, b"];
	q0 -> m5 [label = "a, c"];
	q1 -> m2 [label = "a, b"];
	q4 -> m3 [label = "b, c"];
	q2 -> m6 [label = "a"];
	q4 -> m2 [label = "a, b, c"];
	q6 -> m0 [label = "a, b"];
	q6 -> m8 [label = "c"];
	q4 -> m1 [label = "a"];
	q1 -> m4 [label = "c"];
	q5 -> m6 [label = "a"];
	q5 -> m2 [label = "c"];
	q1 -> m8 [label = "a"];
	q2 -> m7 [label = "b"];
	q1 -> m1 [label = "a, c"];
	q5 -> m10 [label = "a, b"];
	q3 -> m9 [label = "b"];
	q3 -> m2 [label = "c"];
	q5 -> m8 [label = "a, c"];
	q5 -> m1 [label = "c"];
	q7 -> m2 [label = "a, b, c"];
	q3 -> m7 [label = "b"];
	m0 -> q1;
	m0 -> q4;
	m0 -> q7;
	m1 -> q3;
	m1 -> q4;
	m1 -> q6;
	m2 -> q2;
	m2 -> q5;
	m2 -> q6;
	m3 -> q1;
	m3 -> q3;
	m3 -> q4;
	m3 -> q5;
	m3 -> q7;
	m4 -> q1;
	m4 -> q2;
	m4 -> q3;
	m4 -> q5;
	m4 -> q6;
	m4 -> q7;
	m5 -> q0;
	m5 -> q1;
	m5 -> q4;
	m5 -> q6;
	m5 -> q7;
	m6 -> q0;
	m6 -> q2;
	m6 -> q3;
	m6 -> q5;
	m6 -> q6;
	m7 -> q0;
	m7 -> q2;
	m7 -> q3;
	m7 -> q4;
	m7 -> q5;
	m7 -> q6;
	m7 -> q7;
	m8 -> q0;
	m8 -> q1;
	m8 -> q4;
	m8 -> q7;
	m9 -> q0;
	m9 -> q1;
	m9 -> q2;
	m9 -> q3;
	m9 -> q4;
	m9 -> q6;
	m9 -> q7;
	m10 -> q1;
	m10 -> q2;
	m10 -> q5;
	m10 -> q6;
}
AFA size: 8 states

AL** output after 11 EQ and 1534 MQ:
digraph finite_state_machine {
	rankdir=LR;
	node [shape = circle];
	s0 [shape = point, style = invis, start="true" ];
	s1 [shape = point, style = invis, start="true" ];
	q0 [label = "q0", shape = doublecircle, final="true" ];
	q1 [label = "q1", shape = doublecircle, final="true" ];
	q2 [label = "q2"];
	q3 [label = "q3", shape = doublecircle, final="true" ];
	q4 [label = "q4", shape = doublecircle, final="true" ];
	q5 [label = "q5", shape = doublecircle, final="true" ];
	q6 [label = "q6"];
	q7 [label = "q7", shape = doublecircle, final="true" ];
	m0 [label = "", shape = square, style = filled, color=grey, fixedsize=true, width=.2];
	m1 [label = "", shape = square, style = filled, color=grey, fixedsize=true, width=.2];
	m2 [label = "", shape = square, style = filled, color=grey, fixedsize=true, width=.2];
	m3 [label = "", shape = square, style = filled, color=grey, fixedsize=true, width=.2];
	m4 [label = "", shape = square, style = filled, color=grey, fixedsize=true, width=.2];
	m5 [label = "", shape = square, style = filled, color=grey, fixedsize=true, width=.2];
	m6 [label = "", shape = square, style = filled, color=grey, fixedsize=true, width=.2];
	m7 [label = "", shape = square, style = filled, color=grey, fixedsize=true, width=.2];
	m8 [label = "", shape = square, style = filled, color=grey, fixedsize=true, width=.2];
	m9 [label = "", shape = square, style = filled, color=grey, fixedsize=true, width=.2];
	m10 [label = "", shape = square, style = filled, color=grey, fixedsize=true, width=.2];
	s0 -> m0
	s1 -> m1
	q3 -> m5 [label = "c"];
	q5 -> m0 [label = "b"];
	q2 -> m1 [label = "c"];
	q2 -> m2 [label = "c"];
	q6 -> m6 [label = "a"];
	q1 -> m3 [label = "c"];
	q7 -> m9 [label = "b"];
	q3 -> m0 [label = "a"];
	q3 -> m6 [label = "a"];
	q1 -> m0 [label = "b"];
	q7 -> m3 [label = "c"];
	q4 -> m0 [label = "a"];
	q6 -> m1 [label = "c"];
	q6 -> m2 [label = "b, c"];
	q7 -> m1 [label = "a"];
	q2 -> m8 [label = "a, c"];
	q2 -> m0 [label = "b"];
	q2 -> m4 [label = "b"];
	q0 -> m6 [label = "a"];
	q1 -> m6 [label = "c"];
	q3 -> m3 [label = "b"];
	q0 -> m4 [label = "a"];
	q0 -> m3 [label = "c"];
	q0 -> m2 [label = "b, c"];
	q3 -> m10 [label = "a, b"];
	q0 -> m5 [label = "a, c"];
	q1 -> m2 [label = "a, b"];
	q4 -> m3 [label = "b, c"];
	q2 -> m6 [label = "a"];
	q4 -> m2 [label = "a, b, c"];
	q6 -> m0 [label = "a, b"];
	q6 -> m8 [label = "c"];
	q4 -> m1 [label = "a"];
	q1 -> m4 [label = "c"];
	q5 -> m6 [label = "a"];
	q5 -> m2 [label = "c"];
	q1 -> m8 [label = "a"];
	q2 -> m7 [label = "b"];
	q1 -> m1 [label = "a, c"];
	q5 -> m10 [label = "a, b"];
	q3 -> m9 [label = "b"];
	q3 -> m2 [label = "c"];
	q5 -> m8 [label = "a, c"];
	q5 -> m1 [label = "c"];
	q7 -> m2 [label = "a, b, c"];
	q3 -> m7 [label = "b"];
	m0 -> q1;
	m0 -> q4;
	m0 -> q7;
	m1 -> q3;
	m1 -> q4;
	m1 -> q6;
	m2 -> q2;
	m2 -> q5;
	m2 -> q6;
	m3 -> q1;
	m3 -> q3;
	m3 -> q4;
	m3 -> q5;
	m3 -> q7;
	m4 -> q1;
	m4 -> q2;
	m4 -> q3;
	m4 -> q5;
	m4 -> q6;
	m4 -> q7;
	m5 -> q0;
	m5 -> q1;
	m5 -> q4;
	m5 -> q6;
	m5 -> q7;
	m6 -> q0;
	m6 -> q2;
	m6 -> q3;
	m6 -> q5;
	m6 -> q6;
	m7 -> q0;
	m7 -> q2;
	m7 -> q3;
	m7 -> q4;
	m7 -> q5;
	m7 -> q6;
	m7 -> q7;
	m8 -> q0;
	m8 -> q1;
	m8 -> q4;
	m8 -> q7;
	m9 -> q0;
	m9 -> q1;
	m9 -> q2;
	m9 -> q3;
	m9 -> q4;
	m9 -> q6;
	m9 -> q7;
	m10 -> q1;
	m10 -> q2;
	m10 -> q5;
	m10 -> q6;
}
RAFA size: 8 states

