Random target AFA:
digraph finite_state_machine {
	rankdir=LR;
	node [shape = circle];
	s0 [shape = point, style = invis, start="true" ];
	s1 [shape = point, style = invis, start="true" ];
	q0 [label = "q0"];
	q1 [label = "q1", shape = doublecircle, final="true" ];
	q2 [label = "q2"];
	q3 [label = "q3"];
	q4 [label = "q4", shape = doublecircle, final="true" ];
	q5 [label = "q5"];
	m0 [label = "", shape = square, style = filled, color=grey, fixedsize=true, width=.2];
	m1 [label = "", shape = square, style = filled, color=grey, fixedsize=true, width=.2];
	m2 [label = "", shape = square, style = filled, color=grey, fixedsize=true, width=.2];
	m3 [label = "", shape = square, style = filled, color=grey, fixedsize=true, width=.2];
	m4 [label = "", shape = square, style = filled, color=grey, fixedsize=true, width=.2];
	m5 [label = "", shape = square, style = filled, color=grey, fixedsize=true, width=.2];
	m6 [label = "", shape = square, style = filled, color=grey, fixedsize=true, width=.2];
	s0 -> q0
	s1 -> q1
	q3 -> m6 [label = "c"];
	q0 -> q1 [label = "c"];
	q0 -> q0 [label = "a"];
	q2 -> q4 [label = "a"];
	q3 -> q1 [label = "b"];
	q2 -> m6 [label = "c"];
	q2 -> q3 [label = "a, c"];
	q0 -> q5 [label = "c"];
	q5 -> q1 [label = "c"];
	q2 -> q1 [label = "b"];
	q0 -> m1 [label = "a"];
	q1 -> m3 [label = "a"];
	q0 -> q2 [label = "b"];
	q4 -> m0 [label = "c"];
	q5 -> q3 [label = "b"];
	q5 -> m2 [label = "c"];
	q1 -> q1 [label = "a"];
	q3 -> q0 [label = "c"];
	q2 -> m2 [label = "b"];
	q3 -> q4 [label = "a, b"];
	q1 -> q2 [label = "b"];
	q5 -> m4 [label = "a, b"];
	q1 -> q0 [label = "b, c"];
	q4 -> q0 [label = "c"];
	q4 -> q2 [label = "b"];
	q4 -> q5 [label = "b"];
	q3 -> q5 [label = "a"];
	q5 -> q4 [label = "a"];
	q4 -> q4 [label = "a"];
	q1 -> m5 [label = "c"];
	m0 -> q4;
	m0 -> q5;
	m1 -> q1;
	m1 -> q3;
	m2 -> q2;
	m2 -> q5;
	m3 -> q0;
	m3 -> q5;
	m4 -> q2;
	m4 -> q3;
	m5 -> q0;
	m5 -> q1;
	m6 -> q0;
	m6 -> q3;
}

L* output after 8 EQ and 6885 MQ:
digraph finite_state_machine {
	rankdir=LR;
	node [shape = circle];
	s0 [shape = point, style = invis, start="true" ];
	q0 [label = "q0", shape = doublecircle, final="true" ];
	q1 [label = "q1", shape = doublecircle, final="true" ];
	q2 [label = "q2", shape = doublecircle, final="true" ];
	q3 [label = "q3", shape = doublecircle, final="true" ];
	q4 [label = "q4"];
	q5 [label = "q5", shape = doublecircle, final="true" ];
	q6 [label = "q6", shape = doublecircle, final="true" ];
	q7 [label = "q7", shape = doublecircle, final="true" ];
	q8 [label = "q8", shape = doublecircle, final="true" ];
	q9 [label = "q9", shape = doublecircle, final="true" ];
	q10 [label = "q10", shape = doublecircle, final="true" ];
	q11 [label = "q11", shape = doublecircle, final="true" ];
	q12 [label = "q12", shape = doublecircle, final="true" ];
	q13 [label = "q13", shape = doublecircle, final="true" ];
	q14 [label = "q14", shape = doublecircle, final="true" ];
	q15 [label = "q15"];
	q16 [label = "q16", shape = doublecircle, final="true" ];
	q17 [label = "q17", shape = doublecircle, final="true" ];
	q18 [label = "q18", shape = doublecircle, final="true" ];
	q19 [label = "q19", shape = doublecircle, final="true" ];
	q20 [label = "q20", shape = doublecircle, final="true" ];
	q21 [label = "q21", shape = doublecircle, final="true" ];
	q22 [label = "q22", shape = doublecircle, final="true" ];
	q23 [label = "q23", shape = doublecircle, final="true" ];
	q24 [label = "q24", shape = doublecircle, final="true" ];
	q25 [label = "q25", shape = doublecircle, final="true" ];
	q26 [label = "q26", shape = doublecircle, final="true" ];
	q27 [label = "q27", shape = doublecircle, final="true" ];
	q28 [label = "q28"];
	q29 [label = "q29", shape = doublecircle, final="true" ];
	q30 [label = "q30", shape = doublecircle, final="true" ];
	q31 [label = "q31", shape = doublecircle, final="true" ];
	q32 [label = "q32"];
	q33 [label = "q33", shape = doublecircle, final="true" ];
	q34 [label = "q34", shape = doublecircle, final="true" ];
	q35 [label = "q35", shape = doublecircle, final="true" ];
	q36 [label = "q36"];
	q37 [label = "q37", shape = doublecircle, final="true" ];
	q38 [label = "q38", shape = doublecircle, final="true" ];
	q39 [label = "q39", shape = doublecircle, final="true" ];
	q40 [label = "q40", shape = doublecircle, final="true" ];
	q41 [label = "q41", shape = doublecircle, final="true" ];
	q42 [label = "q42", shape = doublecircle, final="true" ];
	q43 [label = "q43", shape = doublecircle, final="true" ];
	q44 [label = "q44", shape = doublecircle, final="true" ];
	q45 [label = "q45", shape = doublecircle, final="true" ];
	q46 [label = "q46", shape = doublecircle, final="true" ];
	q47 [label = "q47"];
	q48 [label = "q48", shape = doublecircle, final="true" ];
	q49 [label = "q49"];
	q50 [label = "q50", shape = doublecircle, final="true" ];
	q51 [label = "q51", shape = doublecircle, final="true" ];
	q52 [label = "q52"];
	q53 [label = "q53", shape = doublecircle, final="true" ];
	s0 -> q37
	q41 -> q35 [label = "c"];
	q47 -> q33 [label = "b"];
	q41 -> q48 [label = "a"];
	q45 -> q39 [label = "c"];
	q40 -> q22 [label = "c"];
	q44 -> q12 [label = "a"];
	q45 -> q51 [label = "a"];
	q46 -> q52 [label = "b"];
	q42 -> q42 [label = "a"];
	q40 -> q26 [label = "b"];
	q46 -> q39 [label = "c"];
	q40 -> q14 [label = "a"];
	q37 -> q36 [label = "b"];
	q35 -> q35 [label = "c"];
	q36 -> q33 [label = "b"];
	q39 -> q47 [label = "b"];
	q37 -> q37 [label = "a"];
	q33 -> q32 [label = "c"];
	q39 -> q35 [label = "c"];
	q41 -> q20 [label = "b"];
	q37 -> q35 [label = "c"];
	q39 -> q29 [label = "a"];
	q35 -> q28 [label = "b"];
	q36 -> q34 [label = "a"];
	q38 -> q38 [label = "b"];
	q3 -> q39 [label = "c"];
	q34 -> q35 [label = "c"];
	q16 -> q18 [label = "a"];
	q10 -> q39 [label = "c"];
	q11 -> q35 [label = "c"];
	q44 -> q35 [label = "c"];
	q21 -> q13 [label = "a"];
	q3 -> q6 [label = "b"];
	q47 -> q22 [label = "c"];
	q9 -> q35 [label = "c"];
	q16 -> q32 [label = "c"];
	q12 -> q35 [label = "c"];
	q16 -> q21 [label = "b"];
	q4 -> q2 [label = "a"];
	q14 -> q48 [label = "a"];
	q18 -> q17 [label = "b"];
	q17 -> q14 [label = "a"];
	q17 -> q17 [label = "b"];
	q19 -> q14 [label = "a"];
	q48 -> q35 [label = "c"];
	q25 -> q46 [label = "a"];
	q53 -> q32 [label = "c"];
	q24 -> q35 [label = "c"];
	q22 -> q35 [label = "c"];
	q13 -> q9 [label = "a"];
	q49 -> q34 [label = "a"];
	q26 -> q21 [label = "b"];
	q49 -> q22 [label = "c"];
	q18 -> q27 [label = "a"];
	q23 -> q32 [label = "c"];
	q20 -> q43 [label = "b"];
	q46 -> q45 [label = "a"];
	q30 -> q41 [label = "c"];
	q53 -> q18 [label = "a"];
	q30 -> q25 [label = "a"];
	q43 -> q19 [label = "b"];
	q52 -> q16 [label = "b"];
	q12 -> q8 [label = "b"];
	q33 -> q38 [label = "b"];
	q21 -> q40 [label = "b"];
	q0 -> q3 [label = "a"];
	q32 -> q23 [label = "b"];
	q15 -> q16 [label = "b"];
	q29 -> q42 [label = "a"];
	q52 -> q44 [label = "a"];
	q10 -> q5 [label = "a"];
	q47 -> q34 [label = "a"];
	q1 -> q1 [label = "a"];
	q7 -> q7 [label = "a"];
	q14 -> q35 [label = "c"];
	q34 -> q24 [label = "a"];
	q6 -> q19 [label = "b"];
	q51 -> q39 [label = "c"];
	q45 -> q43 [label = "b"];
	q53 -> q20 [label = "b"];
	q48 -> q40 [label = "b"];
	q7 -> q4 [label = "b"];
	q43 -> q22 [label = "c"];
	q15 -> q10 [label = "a"];
	q2 -> q39 [label = "c"];
	q19 -> q20 [label = "b"];
	q44 -> q50 [label = "b"];
	q2 -> q0 [label = "a"];
	q23 -> q43 [label = "b"];
	q52 -> q22 [label = "c"];
	q50 -> q17 [label = "b"];
	q8 -> q18 [label = "a"];
	q29 -> q35 [label = "c"];
	q50 -> q18 [label = "a"];
	q22 -> q26 [label = "b"];
	q11 -> q6 [label = "b"];
	q4 -> q53 [label = "b"];
	q19 -> q22 [label = "c"];
	q18 -> q39 [label = "c"];
	q49 -> q53 [label = "b"];
	q24 -> q11 [label = "a"];
	q32 -> q24 [label = "a"];
	q38 -> q13 [label = "a"];
	q20 -> q22 [label = "c"];
	q9 -> q52 [label = "b"];
	q5 -> q8 [label = "b"];
	q27 -> q39 [label = "c"];
	q13 -> q21 [label = "b"];
	q22 -> q48 [label = "a"];
	q17 -> q22 [label = "c"];
	q4 -> q41 [label = "c"];
	q6 -> q25 [label = "a"];
	q5 -> q3 [label = "a"];
	q3 -> q1 [label = "a"];
	q2 -> q30 [label = "b"];
	q1 -> q4 [label = "b"];
	q38 -> q22 [label = "c"];
	q51 -> q51 [label = "a"];
	q7 -> q35 [label = "c"];
	q5 -> q39 [label = "c"];
	q35 -> q29 [label = "a"];
	q0 -> q39 [label = "c"];
	q0 -> q15 [label = "b"];
	q28 -> q44 [label = "a"];
	q42 -> q49 [label = "b"];
	q32 -> q35 [label = "c"];
	q50 -> q41 [label = "c"];
	q6 -> q41 [label = "c"];
	q10 -> q50 [label = "b"];
	q28 -> q22 [label = "c"];
	q42 -> q35 [label = "c"];
	q8 -> q26 [label = "b"];
	q51 -> q49 [label = "b"];
	q12 -> q11 [label = "a"];
	q13 -> q35 [label = "c"];
	q9 -> q29 [label = "a"];
	q14 -> q17 [label = "b"];
	q34 -> q30 [label = "b"];
	q15 -> q41 [label = "c"];
	q11 -> q7 [label = "a"];
	q23 -> q25 [label = "a"];
	q20 -> q13 [label = "a"];
	q26 -> q14 [label = "a"];
	q8 -> q41 [label = "c"];
	q30 -> q40 [label = "b"];
	q33 -> q25 [label = "a"];
	q24 -> q15 [label = "b"];
	q31 -> q26 [label = "b"];
	q27 -> q40 [label = "b"];
	q1 -> q39 [label = "c"];
	q25 -> q21 [label = "b"];
	q21 -> q22 [label = "c"];
	q27 -> q45 [label = "a"];
	q31 -> q39 [label = "c"];
	q25 -> q39 [label = "c"];
	q26 -> q22 [label = "c"];
	q43 -> q13 [label = "a"];
	q48 -> q29 [label = "a"];
	q28 -> q23 [label = "b"];
	q29 -> q43 [label = "b"];
	q31 -> q27 [label = "a"];
	q36 -> q31 [label = "c"];
}
DFA size: 54 states

NL* output after 10 EQ and 3879 MQ:
digraph finite_state_machine {
	rankdir=LR;
	node [shape = circle];
	s0 [shape = point, style = invis, start="true" ];
	q0 [label = "q0", shape = doublecircle, final="true" ];
	q1 [label = "q1", shape = doublecircle, final="true" ];
	q2 [label = "q2", shape = doublecircle, final="true" ];
	q3 [label = "q3", shape = doublecircle, final="true" ];
	q4 [label = "q4", shape = doublecircle, final="true" ];
	q5 [label = "q5"];
	q6 [label = "q6", shape = doublecircle, final="true" ];
	q7 [label = "q7", shape = doublecircle, final="true" ];
	q8 [label = "q8"];
	q9 [label = "q9", shape = doublecircle, final="true" ];
	q10 [label = "q10"];
	q11 [label = "q11", shape = doublecircle, final="true" ];
	q12 [label = "q12", shape = doublecircle, final="true" ];
	q13 [label = "q13", shape = doublecircle, final="true" ];
	q14 [label = "q14"];
	q15 [label = "q15", shape = doublecircle, final="true" ];
	q16 [label = "q16"];
	q17 [label = "q17", shape = doublecircle, final="true" ];
	s0 -> q9
	q11 -> q17 [label = "a"];
	q11 -> q4 [label = "a"];
	q15 -> q9 [label = "c"];
	q15 -> q3 [label = "c"];
	q11 -> q12 [label = "a, b"];
	q11 -> q8 [label = "b"];
	q11 -> q7 [label = "b"];
	q8 -> q4 [label = "c"];
	q14 -> q13 [label = "b"];
	q14 -> q7 [label = "b"];
	q8 -> q7 [label = "b"];
	q10 -> q17 [label = "a"];
	q3 -> q9 [label = "a, c"];
	q10 -> q3 [label = "c"];
	q13 -> q0 [label = "a"];
	q11 -> q5 [label = "c"];
	q10 -> q9 [label = "c"];
	q12 -> q0 [label = "a"];
	q4 -> q9 [label = "b, c"];
	q7 -> q3 [label = "b"];
	q16 -> q3 [label = "c"];
	q11 -> q10 [label = "b"];
	q7 -> q2 [label = "a"];
	q12 -> q12 [label = "a"];
	q4 -> q17 [label = "b"];
	q9 -> q3 [label = "c"];
	q1 -> q14 [label = "b"];
	q11 -> q2 [label = "a, b"];
	q17 -> q12 [label = "b"];
	q3 -> q6 [label = "c"];
	q4 -> q12 [label = "a, b"];
	q10 -> q2 [label = "a"];
	q12 -> q16 [label = "b"];
	q15 -> q15 [label = "a"];
	q3 -> q3 [label = "c"];
	q12 -> q8 [label = "b"];
	q14 -> q11 [label = "b"];
	q2 -> q9 [label = "c"];
	q11 -> q0 [label = "a, b"];
	q10 -> q0 [label = "a"];
	q16 -> q5 [label = "c"];
	q7 -> q0 [label = "a"];
	q11 -> q3 [label = "b"];
	q12 -> q10 [label = "b"];
	q16 -> q17 [label = "a"];
	q9 -> q8 [label = "b"];
	q10 -> q4 [label = "c"];
	q13 -> q2 [label = "a"];
	q0 -> q16 [label = "b"];
	q14 -> q1 [label = "a"];
	q1 -> q3 [label = "c"];
	q9 -> q9 [label = "a, c"];
	q7 -> q17 [label = "a"];
	q0 -> q0 [label = "a"];
	q9 -> q6 [label = "c"];
	q16 -> q2 [label = "a"];
	q1 -> q9 [label = "c"];
	q15 -> q0 [label = "a"];
	q1 -> q0 [label = "a"];
	q17 -> q16 [label = "b"];
	q14 -> q17 [label = "a"];
	q14 -> q0 [label = "a"];
	q16 -> q7 [label = "b"];
	q4 -> q0 [label = "a, b"];
	q16 -> q0 [label = "a"];
	q17 -> q3 [label = "c"];
	q10 -> q5 [label = "a, c"];
	q5 -> q7 [label = "b"];
	q17 -> q2 [label = "b"];
	q16 -> q11 [label = "b"];
	q13 -> q16 [label = "b"];
	q4 -> q5 [label = "b"];
	q5 -> q1 [label = "a"];
	q13 -> q3 [label = "b"];
	q3 -> q0 [label = "a"];
	q13 -> q17 [label = "a"];
	q5 -> q6 [label = "c"];
	q17 -> q1 [label = "a, b"];
	q13 -> q6 [label = "b"];
	q13 -> q7 [label = "b"];
	q13 -> q12 [label = "a"];
	q8 -> q2 [label = "a"];
	q13 -> q8 [label = "b"];
	q17 -> q7 [label = "b"];
	q7 -> q9 [label = "b"];
	q5 -> q15 [label = "a"];
	q1 -> q2 [label = "a"];
	q2 -> q3 [label = "c"];
	q15 -> q16 [label = "b"];
	q6 -> q5 [label = "b"];
	q8 -> q17 [label = "a"];
	q4 -> q2 [label = "a, b"];
	q14 -> q9 [label = "c"];
	q4 -> q8 [label = "b"];
	q4 -> q10 [label = "b"];
	q16 -> q9 [label = "c"];
	q17 -> q0 [label = "a, b"];
	q4 -> q11 [label = "b"];
	q4 -> q13 [label = "b"];
	q5 -> q3 [label = "c"];
	q17 -> q13 [label = "b"];
	q4 -> q15 [label = "b"];
	q13 -> q9 [label = "b"];
	q6 -> q0 [label = "a"];
	q6 -> q2 [label = "a"];
	q11 -> q1 [label = "a"];
	q6 -> q9 [label = "a, c"];
	q1 -> q16 [label = "b"];
	q6 -> q12 [label = "a"];
	q5 -> q13 [label = "b"];
	q10 -> q7 [label = "b"];
	q10 -> q6 [label = "c"];
	q6 -> q15 [label = "a"];
	q5 -> q0 [label = "a"];
	q4 -> q3 [label = "b, c"];
	q7 -> q7 [label = "b"];
	q13 -> q5 [label = "c"];
	q7 -> q8 [label = "b"];
	q7 -> q10 [label = "b"];
	q11 -> q13 [label = "b"];
	q3 -> q2 [label = "a"];
	q3 -> q12 [label = "a"];
	q7 -> q12 [label = "a"];
	q3 -> q15 [label = "a"];
	q5 -> q9 [label = "c"];
	q13 -> q10 [label = "b"];
	q6 -> q8 [label = "b"];
	q4 -> q7 [label = "b"];
	q7 -> q5 [label = "c"];
	q3 -> q10 [label = "b"];
	q17 -> q9 [label = "c"];
	q4 -> q1 [label = "a"];
	q0 -> q3 [label = "c"];
	q14 -> q3 [label = "c"];
	q0 -> q9 [label = "c"];
	q2 -> q0 [label = "a"];
	q11 -> q15 [label = "b"];
	q6 -> q3 [label = "c"];
	q6 -> q6 [label = "c"];
	q14 -> q2 [label = "a"];
	q2 -> q16 [label = "b"];
	q6 -> q10 [label = "b"];
	q12 -> q3 [label = "c"];
	q15 -> q6 [label = "c"];
	q12 -> q9 [label = "c"];
	q8 -> q0 [label = "a"];
	q8 -> q5 [label = "a"];
	q8 -> q15 [label = "a"];
	q14 -> q5 [label = "c"];
	q11 -> q9 [label = "b"];
	q3 -> q8 [label = "b"];
	q2 -> q7 [label = "b"];
	q10 -> q15 [label = "a"];
}
NFA size: 18 states

AL* output after 10 EQ and 1205 MQ:
digraph finite_state_machine {
	rankdir=LR;
	node [shape = circle];
	s0 [shape = point, style = invis, start="true" ];
	s1 [shape = point, style = invis, start="true" ];
	q0 [label = "q0", shape = doublecircle, final="true" ];
	q1 [label = "q1"];
	q2 [label = "q2"];
	q3 [label = "q3", shape = doublecircle, final="true" ];
	q4 [label = "q4", shape = doublecircle, final="true" ];
	q5 [label = "q5"];
	q6 [label = "q6", shape = doublecircle, final="true" ];
	m0 [label = "", shape = square, style = filled, color=grey, fixedsize=true, width=.2];
	m1 [label = "", shape = square, style = filled, color=grey, fixedsize=true, width=.2];
	m2 [label = "", shape = square, style = filled, color=grey, fixedsize=true, width=.2];
	m3 [label = "", shape = square, style = filled, color=grey, fixedsize=true, width=.2];
	m4 [label = "", shape = square, style = filled, color=grey, fixedsize=true, width=.2];
	m5 [label = "", shape = square, style = filled, color=grey, fixedsize=true, width=.2];
	m6 [label = "", shape = square, style = filled, color=grey, fixedsize=true, width=.2];
	m7 [label = "", shape = square, style = filled, color=grey, fixedsize=true, width=.2];
	s0 -> m0
	s1 -> m1
	q3 -> m1 [label = "c"];
	q5 -> m4 [label = "b"];
	q4 -> m4 [label = "b"];
	q1 -> m7 [label = "c"];
	q3 -> m0 [label = "a, c"];
	q3 -> m6 [label = "a"];
	q1 -> m1 [label = "b, c"];
	q5 -> m3 [label = "a"];
	q3 -> m3 [label = "a"];
	q0 -> m4 [label = "b"];
	q0 -> m3 [label = "a"];
	q2 -> m4 [label = "b"];
	q6 -> m1 [label = "a, c"];
	q2 -> m1 [label = "b, c"];
	q1 -> m3 [label = "a, b"];
	q1 -> m0 [label = "c"];
	q6 -> m5 [label = "c"];
	q0 -> m0 [label = "a, b, c"];
	q4 -> m3 [label = "a, b"];
	q0 -> m5 [label = "b, c"];
	q6 -> m0 [label = "a, b, c"];
	q0 -> m1 [label = "a, b, c"];
	q4 -> m2 [label = "a, c"];
	q1 -> m2 [label = "a, b, c"];
	q4 -> m0 [label = "b, c"];
	q2 -> m3 [label = "a, b"];
	q5 -> m0 [label = "a"];
	q2 -> m5 [label = "a, c"];
	q4 -> m5 [label = "a, b"];
	q6 -> m4 [label = "b"];
	q4 -> m1 [label = "a, b"];
	q5 -> m5 [label = "c"];
	q2 -> m0 [label = "a, c"];
	q1 -> m5 [label = "a"];
	q3 -> m4 [label = "b"];
	q5 -> m1 [label = "b, c"];
	q3 -> m2 [label = "b"];
	q3 -> m5 [label = "b, c"];
	q5 -> m2 [label = "a, c"];
	q1 -> m4 [label = "b"];
	m0 -> q0;
	m0 -> q2;
	m0 -> q3;
	m0 -> q5;
	m0 -> q6;
	m1 -> q0;
	m1 -> q4;
	m1 -> q6;
	m2 -> q1;
	m2 -> q2;
	m2 -> q4;
	m3 -> q0;
	m3 -> q3;
	m3 -> q4;
	m4 -> q1;
	m4 -> q4;
	m4 -> q5;
	m5 -> q1;
	m5 -> q3;
	m6 -> q0;
	m6 -> q1;
	m6 -> q2;
	m6 -> q4;
	m6 -> q5;
	m7 -> q1;
	m7 -> q3;
	m7 -> q4;
	m7 -> q5;
}
AFA size: 7 states

AL** output after 11 EQ and 1205 MQ:
digraph finite_state_machine {
	rankdir=LR;
	node [shape = circle];
	s0 [shape = point, style = invis, start="true" ];
	s1 [shape = point, style = invis, start="true" ];
	q0 [label = "q0", shape = doublecircle, final="true" ];
	q1 [label = "q1"];
	q2 [label = "q2"];
	q3 [label = "q3", shape = doublecircle, final="true" ];
	q4 [label = "q4", shape = doublecircle, final="true" ];
	q5 [label = "q5"];
	q6 [label = "q6", shape = doublecircle, final="true" ];
	m0 [label = "", shape = square, style = filled, color=grey, fixedsize=true, width=.2];
	m1 [label = "", shape = square, style = filled, color=grey, fixedsize=true, width=.2];
	m2 [label = "", shape = square, style = filled, color=grey, fixedsize=true, width=.2];
	m3 [label = "", shape = square, style = filled, color=grey, fixedsize=true, width=.2];
	m4 [label = "", shape = square, style = filled, color=grey, fixedsize=true, width=.2];
	m5 [label = "", shape = square, style = filled, color=grey, fixedsize=true, width=.2];
	m6 [label = "", shape = square, style = filled, color=grey, fixedsize=true, width=.2];
	m7 [label = "", shape = square, style = filled, color=grey, fixedsize=true, width=.2];
	s0 -> m0
	s1 -> m1
	q3 -> m1 [label = "c"];
	q5 -> m4 [label = "b"];
	q4 -> m4 [label = "b"];
	q1 -> m7 [label = "c"];
	q3 -> m0 [label = "a, c"];
	q3 -> m6 [label = "a"];
	q1 -> m1 [label = "b, c"];
	q5 -> m3 [label = "a"];
	q3 -> m3 [label = "a"];
	q0 -> m4 [label = "b"];
	q0 -> m3 [label = "a"];
	q2 -> m4 [label = "b"];
	q6 -> m1 [label = "a, c"];
	q2 -> m1 [label = "b, c"];
	q1 -> m3 [label = "a, b"];
	q1 -> m0 [label = "c"];
	q6 -> m5 [label = "c"];
	q0 -> m0 [label = "a, b, c"];
	q4 -> m3 [label = "a, b"];
	q0 -> m5 [label = "b, c"];
	q6 -> m0 [label = "a, b, c"];
	q0 -> m1 [label = "a, b, c"];
	q4 -> m2 [label = "a, c"];
	q1 -> m2 [label = "a, b, c"];
	q4 -> m0 [label = "b, c"];
	q2 -> m3 [label = "a, b"];
	q5 -> m0 [label = "a"];
	q2 -> m5 [label = "a, c"];
	q4 -> m5 [label = "a, b"];
	q6 -> m4 [label = "b"];
	q4 -> m1 [label = "a, b"];
	q5 -> m5 [label = "c"];
	q2 -> m0 [label = "a, c"];
	q1 -> m5 [label = "a"];
	q3 -> m4 [label = "b"];
	q5 -> m1 [label = "b, c"];
	q3 -> m2 [label = "b"];
	q3 -> m5 [label = "b, c"];
	q5 -> m2 [label = "a, c"];
	q1 -> m4 [label = "b"];
	m0 -> q0;
	m0 -> q2;
	m0 -> q3;
	m0 -> q5;
	m0 -> q6;
	m1 -> q0;
	m1 -> q4;
	m1 -> q6;
	m2 -> q1;
	m2 -> q2;
	m2 -> q4;
	m3 -> q0;
	m3 -> q3;
	m3 -> q4;
	m4 -> q1;
	m4 -> q4;
	m4 -> q5;
	m5 -> q1;
	m5 -> q3;
	m6 -> q0;
	m6 -> q1;
	m6 -> q2;
	m6 -> q4;
	m6 -> q5;
	m7 -> q1;
	m7 -> q3;
	m7 -> q4;
	m7 -> q5;
}
RAFA size: 7 states

