Random target AFA:
digraph finite_state_machine {
	rankdir=LR;
	node [shape = circle];
	s0 [shape = point, style = invis, start="true" ];
	s1 [shape = point, style = invis, start="true" ];
	q0 [label = "q0", shape = doublecircle, final="true" ];
	q1 [label = "q1"];
	q2 [label = "q2"];
	q3 [label = "q3"];
	q4 [label = "q4", shape = doublecircle, final="true" ];
	q5 [label = "q5"];
	m0 [label = "", shape = square, style = filled, color=grey, fixedsize=true, width=.2];
	m1 [label = "", shape = square, style = filled, color=grey, fixedsize=true, width=.2];
	m2 [label = "", shape = square, style = filled, color=grey, fixedsize=true, width=.2];
	m3 [label = "", shape = square, style = filled, color=grey, fixedsize=true, width=.2];
	m4 [label = "", shape = square, style = filled, color=grey, fixedsize=true, width=.2];
	m5 [label = "", shape = square, style = filled, color=grey, fixedsize=true, width=.2];
	m6 [label = "", shape = square, style = filled, color=grey, fixedsize=true, width=.2];
	m7 [label = "", shape = square, style = filled, color=grey, fixedsize=true, width=.2];
	m8 [label = "", shape = square, style = filled, color=grey, fixedsize=true, width=.2];
	m9 [label = "", shape = square, style = filled, color=grey, fixedsize=true, width=.2];
	s0 -> q1
	s1 -> q2
	q3 -> q1 [label = "c"];
	q2 -> m4 [label = "c"];
	q1 -> m8 [label = "c"];
	q3 -> q5 [label = "a"];
	q1 -> q1 [label = "b"];
	q3 -> m7 [label = "b"];
	q3 -> q3 [label = "a, b"];
	q5 -> q0 [label = "b"];
	q1 -> q2 [label = "a, b"];
	q1 -> m6 [label = "a"];
	q4 -> m0 [label = "c"];
	q0 -> q4 [label = "b"];
	q4 -> q4 [label = "a, c"];
	q1 -> q5 [label = "c"];
	q0 -> m1 [label = "b"];
	q0 -> q5 [label = "a"];
	q2 -> m2 [label = "a"];
	q0 -> q1 [label = "c"];
	q0 -> m4 [label = "c"];
	q2 -> m9 [label = "c"];
	q2 -> q5 [label = "b"];
	q2 -> m3 [label = "a"];
	q5 -> q2 [label = "a, c"];
	q4 -> q0 [label = "b"];
	q5 -> q5 [label = "a, b"];
	q5 -> m5 [label = "c"];
	q4 -> q3 [label = "a, b"];
	m0 -> q1;
	m0 -> q5;
	m1 -> q0;
	m1 -> q2;
	m2 -> q2;
	m2 -> q4;
	m3 -> q3;
	m3 -> q5;
	m4 -> q0;
	m4 -> q4;
	m5 -> q4;
	m5 -> q5;
	m6 -> q2;
	m6 -> q5;
	m7 -> q2;
	m7 -> q3;
	m8 -> q0;
	m8 -> q1;
	m9 -> q3;
	m9 -> q4;
}

L* output after 12 EQ and 16509 MQ:
digraph finite_state_machine {
	rankdir=LR;
	node [shape = circle];
	s0 [shape = point, style = invis, start="true" ];
	q0 [label = "q0", shape = doublecircle, final="true" ];
	q1 [label = "q1", shape = doublecircle, final="true" ];
	q2 [label = "q2", shape = doublecircle, final="true" ];
	q3 [label = "q3", shape = doublecircle, final="true" ];
	q4 [label = "q4", shape = doublecircle, final="true" ];
	q5 [label = "q5", shape = doublecircle, final="true" ];
	q6 [label = "q6", shape = doublecircle, final="true" ];
	q7 [label = "q7", shape = doublecircle, final="true" ];
	q8 [label = "q8", shape = doublecircle, final="true" ];
	q9 [label = "q9", shape = doublecircle, final="true" ];
	q10 [label = "q10", shape = doublecircle, final="true" ];
	q11 [label = "q11", shape = doublecircle, final="true" ];
	q12 [label = "q12", shape = doublecircle, final="true" ];
	q13 [label = "q13", shape = doublecircle, final="true" ];
	q14 [label = "q14", shape = doublecircle, final="true" ];
	q15 [label = "q15", shape = doublecircle, final="true" ];
	q16 [label = "q16", shape = doublecircle, final="true" ];
	q17 [label = "q17", shape = doublecircle, final="true" ];
	q18 [label = "q18", shape = doublecircle, final="true" ];
	q19 [label = "q19", shape = doublecircle, final="true" ];
	q20 [label = "q20", shape = doublecircle, final="true" ];
	q21 [label = "q21", shape = doublecircle, final="true" ];
	q22 [label = "q22", shape = doublecircle, final="true" ];
	q23 [label = "q23"];
	q24 [label = "q24", shape = doublecircle, final="true" ];
	q25 [label = "q25", shape = doublecircle, final="true" ];
	q26 [label = "q26", shape = doublecircle, final="true" ];
	q27 [label = "q27", shape = doublecircle, final="true" ];
	q28 [label = "q28", shape = doublecircle, final="true" ];
	q29 [label = "q29", shape = doublecircle, final="true" ];
	q30 [label = "q30", shape = doublecircle, final="true" ];
	q31 [label = "q31", shape = doublecircle, final="true" ];
	q32 [label = "q32", shape = doublecircle, final="true" ];
	q33 [label = "q33"];
	q34 [label = "q34", shape = doublecircle, final="true" ];
	q35 [label = "q35", shape = doublecircle, final="true" ];
	q36 [label = "q36", shape = doublecircle, final="true" ];
	q37 [label = "q37"];
	q38 [label = "q38"];
	q39 [label = "q39"];
	q40 [label = "q40", shape = doublecircle, final="true" ];
	q41 [label = "q41"];
	q42 [label = "q42", shape = doublecircle, final="true" ];
	q43 [label = "q43", shape = doublecircle, final="true" ];
	q44 [label = "q44"];
	q45 [label = "q45", shape = doublecircle, final="true" ];
	q46 [label = "q46"];
	q47 [label = "q47", shape = doublecircle, final="true" ];
	q48 [label = "q48", shape = doublecircle, final="true" ];
	q49 [label = "q49"];
	q50 [label = "q50", shape = doublecircle, final="true" ];
	q51 [label = "q51"];
	q52 [label = "q52", shape = doublecircle, final="true" ];
	q53 [label = "q53", shape = doublecircle, final="true" ];
	q54 [label = "q54", shape = doublecircle, final="true" ];
	q55 [label = "q55"];
	q56 [label = "q56", shape = doublecircle, final="true" ];
	q57 [label = "q57", shape = doublecircle, final="true" ];
	s0 -> q41
	q41 -> q39 [label = "b"];
	q43 -> q44 [label = "a"];
	q47 -> q24 [label = "c"];
	q46 -> q26 [label = "b"];
	q40 -> q36 [label = "b"];
	q46 -> q50 [label = "c"];
	q42 -> q57 [label = "b"];
	q44 -> q52 [label = "c"];
	q37 -> q12 [label = "b"];
	q38 -> q46 [label = "a"];
	q36 -> q34 [label = "b"];
	q34 -> q53 [label = "c"];
	q45 -> q27 [label = "c"];
	q37 -> q46 [label = "a"];
	q33 -> q48 [label = "c"];
	q35 -> q33 [label = "a"];
	q33 -> q29 [label = "b"];
	q37 -> q51 [label = "c"];
	q33 -> q44 [label = "a"];
	q41 -> q40 [label = "c"];
	q32 -> q54 [label = "c"];
	q34 -> q30 [label = "a"];
	q32 -> q8 [label = "b"];
	q32 -> q44 [label = "a"];
	q31 -> q55 [label = "a"];
	q29 -> q56 [label = "b"];
	q27 -> q27 [label = "c"];
	q30 -> q30 [label = "a"];
	q28 -> q36 [label = "b"];
	q25 -> q16 [label = "c"];
	q18 -> q44 [label = "a"];
	q53 -> q7 [label = "c"];
	q16 -> q20 [label = "b"];
	q8 -> q44 [label = "a"];
	q4 -> q36 [label = "b"];
	q1 -> q12 [label = "b"];
	q45 -> q55 [label = "a"];
	q17 -> q22 [label = "b"];
	q25 -> q30 [label = "a"];
	q47 -> q25 [label = "b"];
	q19 -> q33 [label = "a"];
	q23 -> q12 [label = "b"];
	q23 -> q48 [label = "c"];
	q36 -> q52 [label = "c"];
	q24 -> q44 [label = "a"];
	q35 -> q32 [label = "b"];
	q21 -> q23 [label = "a"];
	q22 -> q44 [label = "a"];
	q48 -> q22 [label = "b"];
	q40 -> q44 [label = "a"];
	q42 -> q28 [label = "c"];
	q17 -> q0 [label = "a"];
	q44 -> q12 [label = "b"];
	q15 -> q30 [label = "a"];
	q1 -> q1 [label = "c"];
	q0 -> q30 [label = "a"];
	q46 -> q46 [label = "a"];
	q42 -> q55 [label = "a"];
	q43 -> q54 [label = "c"];
	q26 -> q10 [label = "c"];
	q52 -> q20 [label = "b"];
	q19 -> q43 [label = "b"];
	q45 -> q36 [label = "b"];
	q51 -> q55 [label = "a"];
	q54 -> q20 [label = "b"];
	q38 -> q35 [label = "c"];
	q18 -> q15 [label = "b"];
	q39 -> q46 [label = "a"];
	q21 -> q43 [label = "b"];
	q20 -> q24 [label = "c"];
	q4 -> q4 [label = "c"];
	q54 -> q55 [label = "a"];
	q53 -> q20 [label = "b"];
	q17 -> q7 [label = "c"];
	q49 -> q12 [label = "b"];
	q52 -> q23 [label = "a"];
	q39 -> q13 [label = "c"];
	q50 -> q33 [label = "a"];
	q16 -> q7 [label = "c"];
	q47 -> q46 [label = "a"];
	q56 -> q18 [label = "b"];
	q22 -> q9 [label = "c"];
	q20 -> q44 [label = "a"];
	q49 -> q51 [label = "c"];
	q16 -> q30 [label = "a"];
	q50 -> q21 [label = "c"];
	q57 -> q6 [label = "b"];
	q18 -> q14 [label = "c"];
	q30 -> q53 [label = "c"];
	q35 -> q31 [label = "c"];
	q36 -> q44 [label = "a"];
	q13 -> q36 [label = "b"];
	q53 -> q0 [label = "a"];
	q55 -> q26 [label = "b"];
	q54 -> q11 [label = "c"];
	q57 -> q40 [label = "c"];
	q27 -> q23 [label = "a"];
	q44 -> q44 [label = "a"];
	q1 -> q23 [label = "a"];
	q22 -> q5 [label = "b"];
	q10 -> q20 [label = "b"];
	q48 -> q13 [label = "c"];
	q3 -> q1 [label = "c"];
	q52 -> q13 [label = "c"];
	q21 -> q1 [label = "c"];
	q15 -> q15 [label = "b"];
	q43 -> q2 [label = "b"];
	q48 -> q23 [label = "a"];
	q7 -> q30 [label = "a"];
	q28 -> q45 [label = "c"];
	q49 -> q44 [label = "a"];
	q57 -> q23 [label = "a"];
	q3 -> q12 [label = "b"];
	q2 -> q36 [label = "b"];
	q10 -> q55 [label = "a"];
	q12 -> q34 [label = "b"];
	q51 -> q13 [label = "c"];
	q10 -> q13 [label = "c"];
	q11 -> q46 [label = "a"];
	q40 -> q45 [label = "c"];
	q13 -> q44 [label = "a"];
	q2 -> q53 [label = "c"];
	q9 -> q11 [label = "c"];
	q51 -> q47 [label = "b"];
	q3 -> q55 [label = "a"];
	q41 -> q38 [label = "a"];
	q55 -> q46 [label = "a"];
	q5 -> q20 [label = "b"];
	q6 -> q44 [label = "a"];
	q7 -> q36 [label = "b"];
	q12 -> q10 [label = "c"];
	q5 -> q30 [label = "a"];
	q7 -> q4 [label = "c"];
	q4 -> q0 [label = "a"];
	q19 -> q21 [label = "c"];
	q0 -> q17 [label = "c"];
	q50 -> q12 [label = "b"];
	q8 -> q52 [label = "c"];
	q6 -> q20 [label = "b"];
	q20 -> q25 [label = "b"];
	q2 -> q30 [label = "a"];
	q15 -> q17 [label = "c"];
	q34 -> q34 [label = "b"];
	q30 -> q12 [label = "b"];
	q6 -> q24 [label = "c"];
	q28 -> q46 [label = "a"];
	q8 -> q36 [label = "b"];
	q27 -> q36 [label = "b"];
	q38 -> q37 [label = "b"];
	q5 -> q16 [label = "c"];
	q12 -> q44 [label = "a"];
	q13 -> q27 [label = "c"];
	q56 -> q30 [label = "a"];
	q14 -> q55 [label = "a"];
	q11 -> q36 [label = "b"];
	q26 -> q46 [label = "a"];
	q55 -> q19 [label = "c"];
	q9 -> q44 [label = "a"];
	q9 -> q20 [label = "b"];
	q39 -> q47 [label = "b"];
	q14 -> q13 [label = "c"];
	q23 -> q44 [label = "a"];
	q24 -> q20 [label = "b"];
	q26 -> q34 [label = "b"];
	q24 -> q13 [label = "c"];
	q56 -> q17 [label = "c"];
	q14 -> q22 [label = "b"];
	q25 -> q25 [label = "b"];
	q0 -> q12 [label = "b"];
	q31 -> q3 [label = "c"];
	q11 -> q27 [label = "c"];
	q29 -> q42 [label = "c"];
	q29 -> q49 [label = "a"];
	q31 -> q43 [label = "b"];
}
DFA size: 58 states

NL* output after 12 EQ and 7082 MQ:
digraph finite_state_machine {
	rankdir=LR;
	node [shape = circle];
	s0 [shape = point, style = invis, start="true" ];
	q0 [label = "q0", shape = doublecircle, final="true" ];
	q1 [label = "q1", shape = doublecircle, final="true" ];
	q2 [label = "q2", shape = doublecircle, final="true" ];
	q3 [label = "q3"];
	q4 [label = "q4", shape = doublecircle, final="true" ];
	q5 [label = "q5", shape = doublecircle, final="true" ];
	q6 [label = "q6"];
	q7 [label = "q7", shape = doublecircle, final="true" ];
	q8 [label = "q8"];
	q9 [label = "q9"];
	q10 [label = "q10"];
	q11 [label = "q11", shape = doublecircle, final="true" ];
	q12 [label = "q12"];
	q13 [label = "q13", shape = doublecircle, final="true" ];
	q14 [label = "q14", shape = doublecircle, final="true" ];
	q15 [label = "q15"];
	q16 [label = "q16", shape = doublecircle, final="true" ];
	q17 [label = "q17", shape = doublecircle, final="true" ];
	q18 [label = "q18"];
	q19 [label = "q19", shape = doublecircle, final="true" ];
	q20 [label = "q20", shape = doublecircle, final="true" ];
	q21 [label = "q21", shape = doublecircle, final="true" ];
	q22 [label = "q22", shape = doublecircle, final="true" ];
	q23 [label = "q23", shape = doublecircle, final="true" ];
	q24 [label = "q24", shape = doublecircle, final="true" ];
	s0 -> q10
	q18 -> q21 [label = "c"];
	q20 -> q16 [label = "b"];
	q17 -> q1 [label = "c"];
	q21 -> q6 [label = "a"];
	q23 -> q19 [label = "b"];
	q23 -> q8 [label = "b"];
	q17 -> q5 [label = "b"];
	q17 -> q2 [label = "b"];
	q23 -> q23 [label = "c"];
	q23 -> q21 [label = "c"];
	q19 -> q22 [label = "b"];
	q19 -> q21 [label = "b"];
	q19 -> q19 [label = "b"];
	q19 -> q18 [label = "a, b"];
	q19 -> q17 [label = "b"];
	q19 -> q9 [label = "a, b"];
	q23 -> q2 [label = "b"];
	q19 -> q7 [label = "b"];
	q19 -> q6 [label = "b"];
	q19 -> q5 [label = "b"];
	q19 -> q3 [label = "a, b"];
	q19 -> q0 [label = "b"];
	q17 -> q23 [label = "a"];
	q17 -> q18 [label = "a"];
	q17 -> q17 [label = "a"];
	q17 -> q13 [label = "a"];
	q17 -> q12 [label = "a"];
	q17 -> q11 [label = "a, c"];
	q17 -> q8 [label = "a"];
	q17 -> q7 [label = "a, c"];
	q17 -> q6 [label = "a"];
	q17 -> q3 [label = "a"];
	q21 -> q21 [label = "c"];
	q16 -> q4 [label = "c"];
	q20 -> q17 [label = "a"];
	q20 -> q6 [label = "a"];
	q22 -> q22 [label = "b"];
	q22 -> q21 [label = "b"];
	q17 -> q21 [label = "a, c"];
	q22 -> q19 [label = "b"];
	q19 -> q24 [label = "c"];
	q0 -> q8 [label = "b"];
	q0 -> q5 [label = "b"];
	q11 -> q5 [label = "b"];
	q6 -> q1 [label = "c"];
	q0 -> q17 [label = "a"];
	q6 -> q5 [label = "b"];
	q2 -> q2 [label = "b"];
	q4 -> q11 [label = "c"];
	q16 -> q9 [label = "a, b"];
	q1 -> q3 [label = "c"];
	q19 -> q16 [label = "b"];
	q10 -> q18 [label = "b"];
	q1 -> q5 [label = "b"];
	q10 -> q15 [label = "b"];
	q8 -> q3 [label = "a"];
	q11 -> q9 [label = "a"];
	q3 -> q8 [label = "b"];
	q4 -> q22 [label = "c"];
	q19 -> q15 [label = "c"];
	q0 -> q21 [label = "a, b, c"];
	q9 -> q18 [label = "a"];
	q8 -> q22 [label = "b"];
	q16 -> q16 [label = "b"];
	q12 -> q15 [label = "c"];
	q8 -> q12 [label = "b"];
	q5 -> q6 [label = "b"];
	q12 -> q11 [label = "b"];
	q23 -> q7 [label = "b, c"];
	q15 -> q14 [label = "b, c"];
	q8 -> q15 [label = "c"];
	q15 -> q1 [label = "b"];
	q16 -> q18 [label = "a, b"];
	q8 -> q2 [label = "b"];
	q0 -> q23 [label = "b, c"];
	q14 -> q22 [label = "b"];
	q12 -> q7 [label = "b"];
	q14 -> q19 [label = "b"];
	q12 -> q22 [label = "b"];
	q0 -> q13 [label = "a, b, c"];
	q10 -> q9 [label = "a, b"];
	q15 -> q19 [label = "b"];
	q14 -> q18 [label = "a, b"];
	q6 -> q6 [label = "a"];
	q17 -> q9 [label = "a"];
	q14 -> q9 [label = "a, b"];
	q0 -> q6 [label = "a, b"];
	q19 -> q13 [label = "b"];
	q24 -> q15 [label = "b"];
	q14 -> q7 [label = "b, c"];
	q14 -> q5 [label = "b"];
	q0 -> q3 [label = "b"];
	q0 -> q18 [label = "a, b"];
	q20 -> q22 [label = "c"];
	q14 -> q13 [label = "b, c"];
	q14 -> q3 [label = "b"];
	q1 -> q23 [label = "c"];
	q24 -> q7 [label = "b"];
	q22 -> q5 [label = "b"];
	q12 -> q10 [label = "c"];
	q22 -> q2 [label = "b"];
	q14 -> q14 [label = "b, c"];
	q12 -> q18 [label = "a"];
	q6 -> q11 [label = "c"];
	q2 -> q4 [label = "c"];
	q12 -> q6 [label = "a"];
	q1 -> q18 [label = "a, c"];
	q21 -> q11 [label = "c"];
	q6 -> q7 [label = "c"];
	q8 -> q5 [label = "b"];
	q12 -> q3 [label = "a"];
	q24 -> q16 [label = "b"];
	q13 -> q22 [label = "b"];
	q15 -> q13 [label = "c"];
	q7 -> q11 [label = "c"];
	q22 -> q16 [label = "b"];
	q3 -> q7 [label = "c"];
	q15 -> q7 [label = "c"];
	q19 -> q14 [label = "b, c"];
	q14 -> q6 [label = "b"];
	q1 -> q9 [label = "a, b, c"];
	q14 -> q16 [label = "b"];
	q24 -> q18 [label = "a, b, c"];
	q3 -> q3 [label = "a"];
	q15 -> q21 [label = "c"];
	q20 -> q4 [label = "b"];
	q16 -> q14 [label = "b"];
	q8 -> q10 [label = "c"];
	q20 -> q5 [label = "b"];
	q12 -> q9 [label = "a"];
	q8 -> q7 [label = "b"];
	q23 -> q12 [label = "b"];
	q6 -> q21 [label = "c"];
	q24 -> q12 [label = "b"];
	q24 -> q8 [label = "b"];
	q13 -> q8 [label = "b"];
	q24 -> q6 [label = "b"];
	q24 -> q10 [label = "b"];
	q24 -> q9 [label = "a, b, c"];
	q24 -> q23 [label = "b, c"];
	q2 -> q6 [label = "a, b"];
	q8 -> q8 [label = "b"];
	q1 -> q14 [label = "c"];
	q11 -> q16 [label = "b"];
	q23 -> q18 [label = "a"];
	q3 -> q22 [label = "b"];
	q8 -> q18 [label = "a"];
	q24 -> q1 [label = "b"];
	q1 -> q11 [label = "c"];
	q8 -> q11 [label = "b"];
	q6 -> q12 [label = "a"];
	q24 -> q2 [label = "b"];
	q19 -> q11 [label = "b, c"];
	q8 -> q9 [label = "a"];
	q24 -> q24 [label = "b"];
	q11 -> q7 [label = "b"];
	q0 -> q2 [label = "b"];
	q24 -> q14 [label = "b, c"];
	q2 -> q17 [label = "b"];
	q4 -> q10 [label = "b"];
	q15 -> q8 [label = "b"];
	q16 -> q23 [label = "b"];
	q23 -> q11 [label = "b, c"];
	q24 -> q19 [label = "b"];
	q15 -> q23 [label = "b, c"];
	q24 -> q22 [label = "b, c"];
	q24 -> q11 [label = "b, c"];
	q1 -> q10 [label = "b"];
	q9 -> q7 [label = "c"];
	q3 -> q18 [label = "a"];
	q13 -> q6 [label = "a"];
	q23 -> q5 [label = "b"];
	q8 -> q16 [label = "b"];
	q24 -> q5 [label = "b"];
	q24 -> q4 [label = "b"];
	q10 -> q7 [label = "c"];
	q14 -> q12 [label = "b"];
	q24 -> q3 [label = "b, c"];
	q21 -> q7 [label = "b, c"];
	q19 -> q4 [label = "c"];
	q18 -> q7 [label = "c"];
	q6 -> q4 [label = "c"];
	q13 -> q21 [label = "c"];
	q22 -> q23 [label = "b, c"];
	q18 -> q18 [label = "a"];
	q19 -> q8 [label = "b"];
	q19 -> q10 [label = "c"];
	q3 -> q19 [label = "b"];
	q13 -> q16 [label = "b"];
	q0 -> q11 [label = "b, c"];
	q15 -> q22 [label = "b, c"];
	q0 -> q16 [label = "b"];
	q14 -> q11 [label = "b, c"];
	q2 -> q9 [label = "a"];
	q0 -> q12 [label = "b"];
	q13 -> q7 [label = "b, c"];
	q19 -> q23 [label = "b, c"];
	q9 -> q8 [label = "b"];
	q13 -> q2 [label = "b"];
	q23 -> q13 [label = "c"];
	q15 -> q11 [label = "b, c"];
	q22 -> q12 [label = "b"];
	q14 -> q23 [label = "b, c"];
	q15 -> q3 [label = "b, c"];
	q10 -> q3 [label = "b"];
	q16 -> q13 [label = "b"];
	q15 -> q9 [label = "a, b, c"];
	q0 -> q14 [label = "b, c"];
	q16 -> q12 [label = "a, b"];
	q12 -> q12 [label = "a, b"];
	q19 -> q2 [label = "b"];
	q24 -> q13 [label = "b"];
	q9 -> q3 [label = "a"];
	q9 -> q9 [label = "a"];
	q16 -> q8 [label = "a, b"];
	q13 -> q11 [label = "b, c"];
	q0 -> q19 [label = "b"];
	q0 -> q22 [label = "b"];
	q12 -> q2 [label = "b"];
	q19 -> q12 [label = "b"];
	q10 -> q10 [label = "b"];
	q2 -> q18 [label = "a"];
	q0 -> q9 [label = "a, b"];
	q12 -> q16 [label = "b"];
	q0 -> q0 [label = "c"];
	q4 -> q9 [label = "a"];
	q5 -> q4 [label = "c"];
	q3 -> q11 [label = "b"];
	q23 -> q9 [label = "a"];
	q1 -> q4 [label = "b"];
	q20 -> q0 [label = "c"];
	q1 -> q7 [label = "b, c"];
	q16 -> q3 [label = "a, b"];
	q1 -> q16 [label = "b"];
	q3 -> q9 [label = "a"];
	q21 -> q5 [label = "b"];
	q7 -> q7 [label = "b"];
	q20 -> q11 [label = "c"];
	q7 -> q16 [label = "b"];
	q2 -> q12 [label = "a"];
	q5 -> q8 [label = "a"];
	q5 -> q12 [label = "a"];
	q3 -> q13 [label = "c"];
	q20 -> q7 [label = "a, b, c"];
	q1 -> q13 [label = "c"];
	q1 -> q21 [label = "c"];
	q20 -> q10 [label = "b"];
	q1 -> q22 [label = "c"];
	q18 -> q3 [label = "a"];
	q0 -> q7 [label = "a, b, c"];
	q6 -> q3 [label = "a"];
	q12 -> q5 [label = "b"];
	q6 -> q8 [label = "a"];
	q6 -> q9 [label = "a"];
	q19 -> q1 [label = "c"];
	q4 -> q7 [label = "b"];
	q23 -> q16 [label = "b"];
	q14 -> q2 [label = "b"];
	q2 -> q1 [label = "c"];
	q2 -> q11 [label = "c"];
	q12 -> q8 [label = "a, b"];
	q15 -> q18 [label = "a, b, c"];
	q7 -> q6 [label = "a"];
	q17 -> q4 [label = "c"];
	q11 -> q23 [label = "c"];
	q11 -> q18 [label = "a"];
	q5 -> q17 [label = "b"];
	q3 -> q21 [label = "c"];
	q15 -> q4 [label = "b"];
	q15 -> q10 [label = "b"];
	q17 -> q20 [label = "c"];
	q22 -> q6 [label = "b"];
	q14 -> q21 [label = "b, c"];
	q8 -> q19 [label = "b"];
	q6 -> q18 [label = "a"];
	q15 -> q15 [label = "b"];
	q15 -> q24 [label = "b"];
	q10 -> q11 [label = "c"];
	q13 -> q12 [label = "b"];
	q10 -> q22 [label = "c"];
	q11 -> q11 [label = "c"];
	q16 -> q24 [label = "c"];
	q13 -> q5 [label = "b"];
	q20 -> q9 [label = "a, b, c"];
	q13 -> q19 [label = "b"];
	q22 -> q18 [label = "a, b"];
	q20 -> q3 [label = "c"];
	q14 -> q8 [label = "b"];
	q2 -> q8 [label = "a"];
	q20 -> q13 [label = "a, c"];
	q20 -> q14 [label = "c"];
	q20 -> q23 [label = "c"];
	q12 -> q19 [label = "b"];
	q20 -> q21 [label = "a, c"];
	q2 -> q3 [label = "a"];
	q21 -> q16 [label = "b"];
	q16 -> q6 [label = "a, b"];
	q18 -> q8 [label = "b"];
	q18 -> q11 [label = "b"];
	q2 -> q5 [label = "b"];
	q20 -> q18 [label = "a, c"];
	q18 -> q19 [label = "b"];
	q18 -> q22 [label = "b"];
	q24 -> q21 [label = "b"];
	q22 -> q8 [label = "b"];
	q4 -> q18 [label = "a"];
	q4 -> q4 [label = "b"];
	q22 -> q11 [label = "b, c"];
	q22 -> q14 [label = "b, c"];
	q16 -> q7 [label = "b"];
	q16 -> q11 [label = "b, c"];
	q22 -> q9 [label = "a, b"];
	q16 -> q21 [label = "b"];
	q16 -> q22 [label = "b"];
	q18 -> q9 [label = "a"];
	q23 -> q22 [label = "b"];
	q22 -> q3 [label = "a, b"];
	q22 -> q7 [label = "b"];
	q22 -> q13 [label = "b"];
}
NFA size: 25 states

