Random target AFA:
digraph finite_state_machine {
	rankdir=LR;
	node [shape = circle];
	s0 [shape = point, style = invis, start="true" ];
	s1 [shape = point, style = invis, start="true" ];
	q0 [label = "q0", shape = doublecircle, final="true" ];
	q1 [label = "q1", shape = doublecircle, final="true" ];
	q2 [label = "q2", shape = doublecircle, final="true" ];
	q3 [label = "q3", shape = doublecircle, final="true" ];
	q4 [label = "q4"];
	q5 [label = "q5", shape = doublecircle, final="true" ];
	m0 [label = "", shape = square, style = filled, color=grey, fixedsize=true, width=.2];
	m1 [label = "", shape = square, style = filled, color=grey, fixedsize=true, width=.2];
	m2 [label = "", shape = square, style = filled, color=grey, fixedsize=true, width=.2];
	m3 [label = "", shape = square, style = filled, color=grey, fixedsize=true, width=.2];
	m4 [label = "", shape = square, style = filled, color=grey, fixedsize=true, width=.2];
	m5 [label = "", shape = square, style = filled, color=grey, fixedsize=true, width=.2];
	s0 -> q1
	s1 -> q1
	q3 -> m5 [label = "c"];
	q3 -> q4 [label = "c"];
	q5 -> q4 [label = "b"];
	q2 -> q1 [label = "c"];
	q5 -> q3 [label = "a"];
	q3 -> q1 [label = "b"];
	q4 -> q4 [label = "c"];
	q2 -> m1 [label = "b"];
	q0 -> q1 [label = "a"];
	q1 -> q2 [label = "c"];
	q5 -> q0 [label = "b, c"];
	q4 -> q1 [label = "b"];
	q0 -> m0 [label = "a"];
	q5 -> m2 [label = "c"];
	q5 -> q2 [label = "a"];
	q2 -> q5 [label = "a, b, c"];
	q0 -> q4 [label = "c"];
	q4 -> m1 [label = "a"];
	q1 -> q1 [label = "b"];
	q3 -> q0 [label = "a, b"];
	q0 -> q3 [label = "b"];
	q4 -> q3 [label = "a, b"];
	q1 -> q5 [label = "c"];
	q1 -> m3 [label = "a"];
	q1 -> m4 [label = "a"];
	m0 -> q1;
	m0 -> q4;
	m1 -> q2;
	m1 -> q4;
	m2 -> q2;
	m2 -> q5;
	m3 -> q0;
	m3 -> q3;
	m4 -> q3;
	m4 -> q5;
	m5 -> q0;
	m5 -> q2;
}

L* output after 10 EQ and 11255 MQ:
digraph finite_state_machine {
	rankdir=LR;
	node [shape = circle];
	s0 [shape = point, style = invis, start="true" ];
	q0 [label = "q0", shape = doublecircle, final="true" ];
	q1 [label = "q1", shape = doublecircle, final="true" ];
	q2 [label = "q2", shape = doublecircle, final="true" ];
	q3 [label = "q3", shape = doublecircle, final="true" ];
	q4 [label = "q4", shape = doublecircle, final="true" ];
	q5 [label = "q5", shape = doublecircle, final="true" ];
	q6 [label = "q6", shape = doublecircle, final="true" ];
	q7 [label = "q7", shape = doublecircle, final="true" ];
	q8 [label = "q8", shape = doublecircle, final="true" ];
	q9 [label = "q9", shape = doublecircle, final="true" ];
	q10 [label = "q10", shape = doublecircle, final="true" ];
	q11 [label = "q11", shape = doublecircle, final="true" ];
	q12 [label = "q12", shape = doublecircle, final="true" ];
	q13 [label = "q13", shape = doublecircle, final="true" ];
	q14 [label = "q14", shape = doublecircle, final="true" ];
	q15 [label = "q15", shape = doublecircle, final="true" ];
	q16 [label = "q16", shape = doublecircle, final="true" ];
	q17 [label = "q17", shape = doublecircle, final="true" ];
	q18 [label = "q18", shape = doublecircle, final="true" ];
	q19 [label = "q19", shape = doublecircle, final="true" ];
	q20 [label = "q20", shape = doublecircle, final="true" ];
	q21 [label = "q21", shape = doublecircle, final="true" ];
	q22 [label = "q22", shape = doublecircle, final="true" ];
	q23 [label = "q23", shape = doublecircle, final="true" ];
	q24 [label = "q24", shape = doublecircle, final="true" ];
	q25 [label = "q25", shape = doublecircle, final="true" ];
	q26 [label = "q26", shape = doublecircle, final="true" ];
	q27 [label = "q27"];
	q28 [label = "q28", shape = doublecircle, final="true" ];
	q29 [label = "q29", shape = doublecircle, final="true" ];
	q30 [label = "q30", shape = doublecircle, final="true" ];
	q31 [label = "q31", shape = doublecircle, final="true" ];
	q32 [label = "q32", shape = doublecircle, final="true" ];
	q33 [label = "q33", shape = doublecircle, final="true" ];
	q34 [label = "q34", shape = doublecircle, final="true" ];
	q35 [label = "q35", shape = doublecircle, final="true" ];
	q36 [label = "q36", shape = doublecircle, final="true" ];
	q37 [label = "q37", shape = doublecircle, final="true" ];
	q38 [label = "q38", shape = doublecircle, final="true" ];
	q39 [label = "q39", shape = doublecircle, final="true" ];
	q40 [label = "q40", shape = doublecircle, final="true" ];
	q41 [label = "q41", shape = doublecircle, final="true" ];
	q42 [label = "q42", shape = doublecircle, final="true" ];
	q43 [label = "q43", shape = doublecircle, final="true" ];
	q44 [label = "q44", shape = doublecircle, final="true" ];
	q45 [label = "q45", shape = doublecircle, final="true" ];
	q46 [label = "q46", shape = doublecircle, final="true" ];
	q47 [label = "q47", shape = doublecircle, final="true" ];
	q48 [label = "q48", shape = doublecircle, final="true" ];
	q49 [label = "q49", shape = doublecircle, final="true" ];
	q50 [label = "q50", shape = doublecircle, final="true" ];
	q51 [label = "q51", shape = doublecircle, final="true" ];
	q52 [label = "q52", shape = doublecircle, final="true" ];
	q53 [label = "q53", shape = doublecircle, final="true" ];
	q54 [label = "q54", shape = doublecircle, final="true" ];
	q55 [label = "q55", shape = doublecircle, final="true" ];
	q56 [label = "q56", shape = doublecircle, final="true" ];
	q57 [label = "q57", shape = doublecircle, final="true" ];
	q58 [label = "q58", shape = doublecircle, final="true" ];
	q59 [label = "q59", shape = doublecircle, final="true" ];
	q60 [label = "q60", shape = doublecircle, final="true" ];
	q61 [label = "q61", shape = doublecircle, final="true" ];
	q62 [label = "q62", shape = doublecircle, final="true" ];
	q63 [label = "q63", shape = doublecircle, final="true" ];
	q64 [label = "q64", shape = doublecircle, final="true" ];
	q65 [label = "q65", shape = doublecircle, final="true" ];
	s0 -> q23
	q41 -> q19 [label = "c"];
	q45 -> q11 [label = "a"];
	q47 -> q53 [label = "b"];
	q41 -> q46 [label = "a, b"];
	q43 -> q45 [label = "b"];
	q44 -> q16 [label = "a"];
	q40 -> q10 [label = "a"];
	q42 -> q55 [label = "b"];
	q44 -> q52 [label = "c"];
	q39 -> q49 [label = "a"];
	q37 -> q48 [label = "b"];
	q38 -> q35 [label = "a"];
	q34 -> q18 [label = "c"];
	q37 -> q10 [label = "a"];
	q35 -> q11 [label = "a"];
	q37 -> q5 [label = "c"];
	q35 -> q17 [label = "b"];
	q33 -> q12 [label = "a"];
	q32 -> q29 [label = "c"];
	q38 -> q52 [label = "c"];
	q34 -> q24 [label = "a"];
	q42 -> q50 [label = "a"];
	q32 -> q45 [label = "b"];
	q34 -> q23 [label = "b"];
	q32 -> q35 [label = "a"];
	q31 -> q26 [label = "a"];
	q29 -> q33 [label = "b"];
	q27 -> q27 [label = "c"];
	q30 -> q24 [label = "a"];
	q28 -> q33 [label = "b"];
	q26 -> q27 [label = "c"];
	q40 -> q41 [label = "b"];
	q31 -> q13 [label = "b"];
	q31 -> q29 [label = "c"];
	q27 -> q32 [label = "a"];
	q25 -> q22 [label = "b"];
	q27 -> q33 [label = "b"];
	q25 -> q39 [label = "a"];
	q28 -> q21 [label = "a"];
	q26 -> q30 [label = "a"];
	q36 -> q52 [label = "c"];
	q26 -> q31 [label = "b"];
	q24 -> q26 [label = "a"];
	q23 -> q24 [label = "a"];
	q21 -> q13 [label = "b"];
	q19 -> q40 [label = "c"];
	q9 -> q46 [label = "b"];
	q46 -> q45 [label = "a"];
	q45 -> q46 [label = "b"];
	q52 -> q52 [label = "c"];
	q40 -> q54 [label = "c"];
	q50 -> q58 [label = "a"];
	q4 -> q1 [label = "c"];
	q39 -> q40 [label = "b, c"];
	q49 -> q51 [label = "a"];
	q44 -> q13 [label = "b"];
	q6 -> q46 [label = "b"];
	q49 -> q40 [label = "c"];
	q46 -> q46 [label = "b"];
	q61 -> q57 [label = "c"];
	q13 -> q21 [label = "a"];
	q55 -> q46 [label = "b"];
	q54 -> q61 [label = "a"];
	q52 -> q59 [label = "b"];
	q4 -> q2 [label = "a"];
	q51 -> q53 [label = "b"];
	q61 -> q49 [label = "a"];
	q20 -> q43 [label = "b"];
	q43 -> q56 [label = "a"];
	q33 -> q13 [label = "b"];
	q24 -> q28 [label = "b"];
	q42 -> q4 [label = "c"];
	q62 -> q63 [label = "a"];
	q46 -> q19 [label = "c"];
	q52 -> q42 [label = "a"];
	q38 -> q45 [label = "b"];
	q64 -> q64 [label = "a"];
	q22 -> q10 [label = "a"];
	q64 -> q6 [label = "b"];
	q5 -> q59 [label = "b"];
	q25 -> q40 [label = "c"];
	q29 -> q27 [label = "c"];
	q63 -> q17 [label = "b"];
	q64 -> q52 [label = "c"];
	q61 -> q40 [label = "b"];
	q65 -> q45 [label = "a"];
	q60 -> q47 [label = "c"];
	q29 -> q38 [label = "a"];
	q19 -> q39 [label = "a"];
	q57 -> q53 [label = "b"];
	q3 -> q50 [label = "a"];
	q8 -> q16 [label = "a"];
	q5 -> q3 [label = "a"];
	q15 -> q14 [label = "b"];
	q56 -> q4 [label = "c"];
	q0 -> q54 [label = "c"];
	q51 -> q57 [label = "c"];
	q65 -> q46 [label = "b"];
	q9 -> q29 [label = "c"];
	q58 -> q19 [label = "c"];
	q60 -> q40 [label = "a"];
	q59 -> q19 [label = "c"];
	q57 -> q57 [label = "c"];
	q24 -> q29 [label = "c"];
	q59 -> q45 [label = "b"];
	q23 -> q25 [label = "c"];
	q10 -> q37 [label = "a"];
	q28 -> q29 [label = "c"];
	q56 -> q63 [label = "a"];
	q65 -> q4 [label = "c"];
	q14 -> q13 [label = "b"];
	q47 -> q39 [label = "a"];
	q62 -> q19 [label = "c"];
	q63 -> q52 [label = "c"];
	q53 -> q41 [label = "b"];
	q33 -> q19 [label = "c"];
	q17 -> q29 [label = "c"];
	q59 -> q65 [label = "a"];
	q54 -> q53 [label = "b"];
	q48 -> q29 [label = "c"];
	q17 -> q45 [label = "a"];
	q30 -> q20 [label = "c"];
	q56 -> q45 [label = "b"];
	q58 -> q55 [label = "b"];
	q43 -> q52 [label = "c"];
	q48 -> q46 [label = "a, b"];
	q50 -> q52 [label = "c"];
	q62 -> q45 [label = "b"];
	q21 -> q16 [label = "a"];
	q17 -> q46 [label = "b"];
	q35 -> q29 [label = "c"];
	q6 -> q62 [label = "a"];
	q21 -> q19 [label = "c"];
	q60 -> q53 [label = "b"];
	q12 -> q29 [label = "c"];
	q45 -> q19 [label = "c"];
	q23 -> q23 [label = "b"];
	q16 -> q29 [label = "c"];
	q20 -> q52 [label = "c"];
	q20 -> q42 [label = "a"];
	q2 -> q40 [label = "b"];
	q55 -> q62 [label = "a"];
	q22 -> q41 [label = "b"];
	q16 -> q9 [label = "b"];
	q22 -> q5 [label = "c"];
	q50 -> q48 [label = "b"];
	q18 -> q44 [label = "b"];
	q53 -> q54 [label = "c"];
	q16 -> q15 [label = "a"];
	q55 -> q19 [label = "c"];
	q19 -> q53 [label = "b"];
	q15 -> q8 [label = "a"];
	q13 -> q19 [label = "c"];
	q11 -> q36 [label = "a"];
	q13 -> q33 [label = "b"];
	q11 -> q19 [label = "c"];
	q36 -> q9 [label = "b"];
	q15 -> q52 [label = "c"];
	q36 -> q36 [label = "a"];
	q14 -> q16 [label = "a"];
	q12 -> q17 [label = "b"];
	q51 -> q51 [label = "a"];
	q3 -> q19 [label = "c"];
	q7 -> q8 [label = "a"];
	q2 -> q0 [label = "c"];
	q47 -> q57 [label = "c"];
	q4 -> q41 [label = "b"];
	q1 -> q1 [label = "c"];
	q7 -> q21 [label = "b"];
	q10 -> q47 [label = "c"];
	q1 -> q41 [label = "b"];
	q18 -> q27 [label = "c"];
	q7 -> q19 [label = "c"];
	q3 -> q55 [label = "b"];
	q54 -> q40 [label = "c"];
	q2 -> q37 [label = "a"];
	q30 -> q34 [label = "b"];
	q9 -> q11 [label = "a"];
	q49 -> q53 [label = "b"];
	q53 -> q60 [label = "a"];
	q63 -> q11 [label = "a"];
	q1 -> q10 [label = "a"];
	q0 -> q41 [label = "b"];
	q6 -> q29 [label = "c"];
	q0 -> q2 [label = "a"];
	q5 -> q52 [label = "c"];
	q18 -> q38 [label = "a"];
	q10 -> q40 [label = "b"];
	q58 -> q64 [label = "a"];
	q14 -> q29 [label = "c"];
	q8 -> q28 [label = "b"];
	q57 -> q61 [label = "a"];
	q12 -> q7 [label = "a"];
	q8 -> q52 [label = "c"];
	q11 -> q45 [label = "b"];
}
DFA size: 66 states

NL* output after 16 EQ and 5551 MQ:
digraph finite_state_machine {
	rankdir=LR;
	node [shape = circle];
	s0 [shape = point, style = invis, start="true" ];
	s1 [shape = point, style = invis, start="true" ];
	s2 [shape = point, style = invis, start="true" ];
	q0 [label = "q0", shape = doublecircle, final="true" ];
	q1 [label = "q1", shape = doublecircle, final="true" ];
	q2 [label = "q2", shape = doublecircle, final="true" ];
	q3 [label = "q3", shape = doublecircle, final="true" ];
	q4 [label = "q4", shape = doublecircle, final="true" ];
	q5 [label = "q5", shape = doublecircle, final="true" ];
	q6 [label = "q6", shape = doublecircle, final="true" ];
	q7 [label = "q7", shape = doublecircle, final="true" ];
	q8 [label = "q8", shape = doublecircle, final="true" ];
	q9 [label = "q9", shape = doublecircle, final="true" ];
	q10 [label = "q10", shape = doublecircle, final="true" ];
	q11 [label = "q11", shape = doublecircle, final="true" ];
	q12 [label = "q12"];
	q13 [label = "q13", shape = doublecircle, final="true" ];
	q14 [label = "q14", shape = doublecircle, final="true" ];
	q15 [label = "q15", shape = doublecircle, final="true" ];
	q16 [label = "q16", shape = doublecircle, final="true" ];
	q17 [label = "q17", shape = doublecircle, final="true" ];
	q18 [label = "q18", shape = doublecircle, final="true" ];
	q19 [label = "q19", shape = doublecircle, final="true" ];
	q20 [label = "q20", shape = doublecircle, final="true" ];
	s0 -> q9
	s1 -> q13
	s2 -> q15
	q18 -> q12 [label = "c"];
	q18 -> q4 [label = "c"];
	q20 -> q20 [label = "b"];
	q20 -> q18 [label = "b"];
	q20 -> q16 [label = "b"];
	q20 -> q6 [label = "b"];
	q17 -> q9 [label = "c"];
	q17 -> q12 [label = "b, c"];
	q17 -> q8 [label = "b, c"];
	q19 -> q9 [label = "b"];
	q17 -> q14 [label = "a, b, c"];
	q17 -> q11 [label = "a, b, c"];
	q17 -> q10 [label = "a, b, c"];
	q17 -> q4 [label = "a, b, c"];
	q16 -> q11 [label = "c"];
	q20 -> q13 [label = "a"];
	q20 -> q9 [label = "a"];
	q17 -> q16 [label = "b, c"];
	q18 -> q20 [label = "a, b"];
	q18 -> q11 [label = "a, b, c"];
	q18 -> q10 [label = "a, b"];
	q18 -> q9 [label = "b"];
	q18 -> q6 [label = "a, b"];
	q16 -> q15 [label = "a, b"];
	q16 -> q13 [label = "a, b"];
	q12 -> q9 [label = "b"];
	q10 -> q4 [label = "c"];
	q15 -> q15 [label = "b"];
	q17 -> q20 [label = "b, c"];
	q16 -> q12 [label = "c"];
	q15 -> q9 [label = "b"];
	q13 -> q10 [label = "a"];
	q17 -> q3 [label = "a, b, c"];
	q9 -> q7 [label = "c"];
	q17 -> q7 [label = "a, b, c"];
	q9 -> q5 [label = "c"];
	q9 -> q4 [label = "c"];
	q3 -> q4 [label = "c"];
	q5 -> q20 [label = "b"];
	q5 -> q16 [label = "b"];
	q5 -> q14 [label = "b"];
	q7 -> q5 [label = "a"];
	q7 -> q1 [label = "a"];
	q6 -> q9 [label = "a"];
	q17 -> q2 [label = "c"];
	q1 -> q12 [label = "c"];
	q17 -> q17 [label = "a"];
	q1 -> q7 [label = "c"];
	q16 -> q4 [label = "c"];
	q1 -> q5 [label = "c"];
	q1 -> q2 [label = "c"];
	q5 -> q10 [label = "a, b"];
	q7 -> q3 [label = "b"];
	q17 -> q1 [label = "a"];
	q3 -> q18 [label = "a"];
	q1 -> q16 [label = "b"];
	q5 -> q5 [label = "a"];
	q1 -> q15 [label = "b, c"];
	q7 -> q18 [label = "a"];
	q1 -> q9 [label = "b"];
	q7 -> q15 [label = "a, b, c"];
	q15 -> q13 [label = "b"];
	q3 -> q7 [label = "c"];
	q7 -> q10 [label = "a, b"];
	q7 -> q11 [label = "a, b, c"];
	q20 -> q11 [label = "a, b, c"];
	q7 -> q7 [label = "c"];
	q2 -> q7 [label = "c"];
	q10 -> q15 [label = "b"];
	q8 -> q14 [label = "a, b"];
	q20 -> q12 [label = "c"];
	q9 -> q11 [label = "c"];
	q8 -> q0 [label = "a"];
	q14 -> q12 [label = "c"];
	q19 -> q5 [label = "c"];
	q10 -> q11 [label = "a, b, c"];
	q3 -> q20 [label = "b"];
	q8 -> q10 [label = "a, b"];
	q19 -> q3 [label = "c"];
	q7 -> q14 [label = "a, b"];
	q19 -> q14 [label = "c"];
	q0 -> q16 [label = "b"];
	q15 -> q10 [label = "a"];
	q7 -> q4 [label = "b, c"];
	q8 -> q20 [label = "b"];
	q12 -> q15 [label = "a, b"];
	q9 -> q17 [label = "c"];
	q8 -> q16 [label = "b, c"];
	q12 -> q12 [label = "c"];
	q8 -> q18 [label = "a, b"];
	q13 -> q13 [label = "c"];
	q20 -> q10 [label = "a, b"];
	q11 -> q12 [label = "c"];
	q2 -> q19 [label = "b"];
	q17 -> q18 [label = "a"];
	q9 -> q9 [label = "b"];
	q11 -> q14 [label = "b"];
	q4 -> q12 [label = "c"];
	q2 -> q3 [label = "b, c"];
	q8 -> q9 [label = "a"];
	q6 -> q18 [label = "b"];
	q1 -> q14 [label = "b, c"];
	q2 -> q6 [label = "b, c"];
	q19 -> q17 [label = "c"];
	q12 -> q13 [label = "b"];
	q19 -> q10 [label = "a, c"];
	q5 -> q11 [label = "a, b, c"];
	q9 -> q15 [label = "b"];
	q2 -> q16 [label = "b, c"];
	q19 -> q11 [label = "a, b, c"];
	q6 -> q6 [label = "b"];
	q19 -> q7 [label = "c"];
	q13 -> q11 [label = "c"];
	q9 -> q13 [label = "b, c"];
	q17 -> q15 [label = "a, b, c"];
	q4 -> q13 [label = "a, b"];
	q20 -> q15 [label = "a, b"];
	q19 -> q13 [label = "b, c"];
	q13 -> q7 [label = "c"];
	q10 -> q12 [label = "c"];
	q0 -> q12 [label = "b, c"];
	q14 -> q13 [label = "b"];
	q19 -> q12 [label = "c"];
	q8 -> q4 [label = "b, c"];
	q17 -> q5 [label = "a, b, c"];
	q8 -> q7 [label = "c"];
	q12 -> q19 [label = "b"];
	q6 -> q4 [label = "c"];
	q19 -> q4 [label = "c"];
	q12 -> q18 [label = "a"];
	q3 -> q6 [label = "b"];
	q6 -> q11 [label = "a, b, c"];
	q16 -> q19 [label = "b"];
	q3 -> q1 [label = "a"];
	q14 -> q16 [label = "b"];
	q0 -> q13 [label = "a, b, c"];
	q19 -> q2 [label = "c"];
	q8 -> q6 [label = "b"];
	q18 -> q15 [label = "b"];
	q11 -> q13 [label = "a"];
	q8 -> q13 [label = "a, c"];
	q17 -> q13 [label = "a, b, c"];
	q4 -> q15 [label = "a, b"];
	q15 -> q4 [label = "c"];
	q14 -> q15 [label = "b"];
	q5 -> q6 [label = "b"];
	q8 -> q12 [label = "b, c"];
	q20 -> q14 [label = "a, b"];
	q11 -> q10 [label = "b"];
	q13 -> q4 [label = "c"];
	q19 -> q15 [label = "b, c"];
	q12 -> q14 [label = "a, b"];
	q18 -> q13 [label = "b"];
	q20 -> q4 [label = "c"];
	q1 -> q4 [label = "c"];
	q6 -> q14 [label = "b"];
	q8 -> q11 [label = "a, b, c"];
	q0 -> q8 [label = "a, b"];
	q8 -> q5 [label = "a"];
	q8 -> q15 [label = "a, b, c"];
	q0 -> q10 [label = "a, b, c"];
	q10 -> q16 [label = "b"];
	q0 -> q11 [label = "a, b, c"];
	q0 -> q20 [label = "a, b"];
	q8 -> q19 [label = "a"];
	q3 -> q10 [label = "a, b"];
	q13 -> q15 [label = "b"];
	q2 -> q1 [label = "a, b"];
	q2 -> q4 [label = "b, c"];
	q6 -> q13 [label = "a"];
	q14 -> q11 [label = "a, b, c"];
	q1 -> q20 [label = "a, b"];
	q2 -> q9 [label = "b"];
	q12 -> q10 [label = "a, b"];
	q2 -> q10 [label = "a, b, c"];
	q16 -> q10 [label = "a, b"];
	q9 -> q10 [label = "a, c"];
	q2 -> q11 [label = "a, b, c"];
	q15 -> q11 [label = "c"];
	q2 -> q12 [label = "b, c"];
	q2 -> q8 [label = "c"];
	q8 -> q1 [label = "a"];
	q2 -> q13 [label = "a, b, c"];
	q0 -> q2 [label = "b, c"];
	q7 -> q13 [label = "a, b, c"];
	q2 -> q14 [label = "a, b, c"];
	q16 -> q14 [label = "a, b"];
	q2 -> q15 [label = "a, b, c"];
	q2 -> q18 [label = "a, b"];
	q19 -> q16 [label = "b"];
	q14 -> q9 [label = "b"];
	q3 -> q14 [label = "a, b"];
	q14 -> q4 [label = "c"];
	q0 -> q6 [label = "a, b"];
	q2 -> q20 [label = "b, c"];
	q6 -> q15 [label = "a, b"];
	q17 -> q6 [label = "b, c"];
	q0 -> q3 [label = "b, c"];
	q18 -> q14 [label = "b"];
	q0 -> q4 [label = "b, c"];
	q0 -> q14 [label = "b, c"];
	q18 -> q16 [label = "b"];
	q1 -> q3 [label = "c"];
	q0 -> q7 [label = "b, c"];
	q5 -> q13 [label = "a, c"];
	q0 -> q9 [label = "b, c"];
	q3 -> q12 [label = "c"];
	q0 -> q15 [label = "b, c"];
	q2 -> q0 [label = "a"];
	q2 -> q5 [label = "a, c"];
	q6 -> q10 [label = "b"];
	q4 -> q10 [label = "a, b"];
	q4 -> q14 [label = "a, b"];
	q0 -> q5 [label = "a, b, c"];
	q4 -> q18 [label = "a"];
	q5 -> q4 [label = "b, c"];
	q19 -> q6 [label = "a"];
	q5 -> q7 [label = "c"];
	q6 -> q16 [label = "b"];
	q5 -> q15 [label = "b, c"];
	q1 -> q6 [label = "a, b"];
	q1 -> q10 [label = "a, b, c"];
	q6 -> q12 [label = "c"];
	q1 -> q11 [label = "a, b, c"];
	q1 -> q13 [label = "a, b, c"];
	q3 -> q9 [label = "b"];
	q3 -> q11 [label = "a, b, c"];
	q6 -> q20 [label = "b"];
	q5 -> q12 [label = "b, c"];
	q3 -> q13 [label = "a, b, c"];
	q7 -> q12 [label = "c"];
	q3 -> q15 [label = "a, b, c"];
	q17 -> q0 [label = "a"];
	q16 -> q9 [label = "a, b"];
	q2 -> q2 [label = "c"];
	q3 -> q16 [label = "b"];
}
NFA size: 21 states

AL* output after 15 EQ and 3923 MQ:
digraph finite_state_machine {
	rankdir=LR;
	node [shape = circle];
	s0 [shape = point, style = invis, start="true" ];
	q0 [label = "q0", shape = doublecircle, final="true" ];
	q1 [label = "q1", shape = doublecircle, final="true" ];
	q2 [label = "q2", shape = doublecircle, final="true" ];
	q3 [label = "q3", shape = doublecircle, final="true" ];
	q4 [label = "q4", shape = doublecircle, final="true" ];
	q5 [label = "q5", shape = doublecircle, final="true" ];
	q6 [label = "q6"];
	q7 [label = "q7", shape = doublecircle, final="true" ];
	q8 [label = "q8", shape = doublecircle, final="true" ];
	q9 [label = "q9", shape = doublecircle, final="true" ];
	q10 [label = "q10", shape = doublecircle, final="true" ];
	q11 [label = "q11", shape = doublecircle, final="true" ];
	m0 [label = "", shape = square, style = filled, color=grey, fixedsize=true, width=.2];
	m1 [label = "", shape = square, style = filled, color=grey, fixedsize=true, width=.2];
	m2 [label = "", shape = square, style = filled, color=grey, fixedsize=true, width=.2];
	m3 [label = "", shape = square, style = filled, color=grey, fixedsize=true, width=.2];
	m4 [label = "", shape = square, style = filled, color=grey, fixedsize=true, width=.2];
	m5 [label = "", shape = square, style = filled, color=grey, fixedsize=true, width=.2];
	m6 [label = "", shape = square, style = filled, color=grey, fixedsize=true, width=.2];
	m7 [label = "", shape = square, style = filled, color=grey, fixedsize=true, width=.2];
	m8 [label = "", shape = square, style = filled, color=grey, fixedsize=true, width=.2];
	m9 [label = "", shape = square, style = filled, color=grey, fixedsize=true, width=.2];
	m10 [label = "", shape = square, style = filled, color=grey, fixedsize=true, width=.2];
	m11 [label = "", shape = square, style = filled, color=grey, fixedsize=true, width=.2];
	m12 [label = "", shape = square, style = filled, color=grey, fixedsize=true, width=.2];
	m13 [label = "", shape = square, style = filled, color=grey, fixedsize=true, width=.2];
	m14 [label = "", shape = square, style = filled, color=grey, fixedsize=true, width=.2];
	m15 [label = "", shape = square, style = filled, color=grey, fixedsize=true, width=.2];
	s0 -> m0
	q9 -> m9 [label = "b"];
	q11 -> m15 [label = "a"];
	q9 -> m0 [label = "a, b"];
	q9 -> m8 [label = "a"];
	q11 -> m8 [label = "a, b"];
	q8 -> m12 [label = "c"];
	q8 -> m7 [label = "c"];
	q10 -> m12 [label = "a"];
	q4 -> m3 [label = "c"];
	q4 -> m1 [label = "c"];
	q2 -> m3 [label = "c"];
	q3 -> m9 [label = "a"];
	q1 -> m14 [label = "a"];
	q11 -> m6 [label = "a, b"];
	q0 -> m13 [label = "a"];
	q10 -> m6 [label = "b, c"];
	q2 -> m4 [label = "c"];
	q5 -> m0 [label = "b, c"];
	q7 -> m8 [label = "a"];
	q10 -> m3 [label = "c"];
	q1 -> m13 [label = "b"];
	q7 -> m6 [label = "a, b"];
	q5 -> m6 [label = "a, b"];
	q5 -> m7 [label = "a, b, c"];
	q7 -> m0 [label = "b"];
	q8 -> m0 [label = "b"];
	q3 -> m0 [label = "c"];
	q10 -> m5 [label = "c"];
	q8 -> m8 [label = "a"];
	q4 -> m4 [label = "c"];
	q4 -> m6 [label = "b"];
	q6 -> m9 [label = "a, b"];
	q10 -> m9 [label = "a, b"];
	q11 -> m4 [label = "c"];
	q1 -> m9 [label = "a"];
	q11 -> m2 [label = "c"];
	q9 -> m1 [label = "c"];
	q9 -> m2 [label = "c"];
	q11 -> m0 [label = "b"];
	q1 -> m4 [label = "b, c"];
	q3 -> m12 [label = "a"];
	q2 -> m2 [label = "a, c"];
	q11 -> m1 [label = "c"];
	q4 -> m9 [label = "b"];
	q1 -> m1 [label = "c"];
	q3 -> m7 [label = "a, b, c"];
	q10 -> m4 [label = "b, c"];
	q9 -> m3 [label = "c"];
	q1 -> m3 [label = "b, c"];
	q11 -> m3 [label = "c"];
	q9 -> m4 [label = "c"];
	q5 -> m12 [label = "c"];
	q0 -> m8 [label = "b"];
	q5 -> m1 [label = "c"];
	q7 -> m1 [label = "c"];
	q7 -> m12 [label = "c"];
	q2 -> m0 [label = "b"];
	q6 -> m10 [label = "a"];
	q1 -> m11 [label = "b, c"];
	q1 -> m8 [label = "b"];
	q7 -> m3 [label = "c"];
	q7 -> m7 [label = "c"];
	q6 -> m4 [label = "c"];
	q3 -> m3 [label = "b"];
	q2 -> m1 [label = "c"];
	q0 -> m4 [label = "c"];
	q4 -> m2 [label = "a, c"];
	q1 -> m5 [label = "a, c"];
	q0 -> m1 [label = "c"];
	q6 -> m0 [label = "b"];
	q10 -> m0 [label = "a"];
	q6 -> m3 [label = "c"];
	q4 -> m0 [label = "a"];
	q0 -> m3 [label = "b, c"];
	q6 -> m1 [label = "c"];
	q3 -> m6 [label = "b, c"];
	q2 -> m6 [label = "b"];
	m0 -> q5;
	m0 -> q7;
	m0 -> q8;
	m1 -> q4;
	m1 -> q6;
	m1 -> q9;
	m1 -> q10;
	m2 -> q0;
	m2 -> q1;
	m2 -> q3;
	m2 -> q4;
	m2 -> q5;
	m2 -> q9;
	m2 -> q10;
	m3 -> q2;
	m3 -> q5;
	m3 -> q6;
	m3 -> q7;
	m3 -> q8;
	m3 -> q9;
	m3 -> q11;
	m4 -> q1;
	m4 -> q3;
	m4 -> q6;
	m4 -> q10;
	m5 -> q1;
	m5 -> q3;
	m5 -> q5;
	m5 -> q10;
	m6 -> q4;
	m6 -> q9;
	m6 -> q10;
	m7 -> q3;
	m7 -> q10;
	m8 -> q2;
	m8 -> q3;
	m8 -> q4;
	m8 -> q5;
	m8 -> q7;
	m8 -> q10;
	m8 -> q11;
	m9 -> q5;
	m9 -> q7;
	m9 -> q11;
	m10 -> q0;
	m10 -> q1;
	m10 -> q3;
	m10 -> q4;
	m10 -> q5;
	m10 -> q6;
	m10 -> q9;
	m10 -> q10;
	m10 -> q11;
	m11 -> q1;
	m11 -> q3;
	m11 -> q4;
	m11 -> q9;
	m11 -> q10;
	m12 -> q3;
	m12 -> q5;
	m13 -> q1;
	m13 -> q3;
	m13 -> q5;
	m13 -> q7;
	m13 -> q8;
	m13 -> q10;
	m14 -> q3;
	m14 -> q5;
	m14 -> q7;
	m14 -> q8;
	m15 -> q1;
	m15 -> q3;
	m15 -> q5;
	m15 -> q6;
	m15 -> q7;
	m15 -> q8;
	m15 -> q9;
	m15 -> q10;
	m15 -> q11;
}
AFA size: 12 states

