Random target AFA:
digraph finite_state_machine {
	rankdir=LR;
	node [shape = circle];
	s0 [shape = point, style = invis, start="true" ];
	s1 [shape = point, style = invis, start="true" ];
	q0 [label = "q0"];
	q1 [label = "q1"];
	q2 [label = "q2"];
	q3 [label = "q3", shape = doublecircle, final="true" ];
	q4 [label = "q4"];
	q5 [label = "q5"];
	m0 [label = "", shape = square, style = filled, color=grey, fixedsize=true, width=.2];
	m1 [label = "", shape = square, style = filled, color=grey, fixedsize=true, width=.2];
	m2 [label = "", shape = square, style = filled, color=grey, fixedsize=true, width=.2];
	m3 [label = "", shape = square, style = filled, color=grey, fixedsize=true, width=.2];
	m4 [label = "", shape = square, style = filled, color=grey, fixedsize=true, width=.2];
	m5 [label = "", shape = square, style = filled, color=grey, fixedsize=true, width=.2];
	s0 -> q0
	s1 -> q1
	q3 -> m4 [label = "c"];
	q2 -> q1 [label = "c"];
	q2 -> q4 [label = "c"];
	q1 -> m4 [label = "c"];
	q5 -> q4 [label = "a"];
	q3 -> q5 [label = "a"];
	q3 -> q4 [label = "a, b"];
	q4 -> q3 [label = "c"];
	q1 -> q0 [label = "a"];
	q4 -> q5 [label = "a, c"];
	q0 -> q1 [label = "a"];
	q4 -> q1 [label = "b"];
	q0 -> m0 [label = "a"];
	q5 -> q5 [label = "c"];
	q5 -> m2 [label = "a"];
	q2 -> q0 [label = "b"];
	q5 -> q2 [label = "c"];
	q2 -> q5 [label = "b"];
	q5 -> q1 [label = "b"];
	q4 -> m1 [label = "a"];
	q1 -> m3 [label = "c"];
	q1 -> q5 [label = "a, b"];
	q0 -> m1 [label = "b"];
	q0 -> m2 [label = "c"];
	q3 -> q0 [label = "c"];
	q4 -> m5 [label = "b"];
	q0 -> q3 [label = "b, c"];
	q2 -> q2 [label = "a"];
	q2 -> q3 [label = "a"];
	m0 -> q1;
	m0 -> q3;
	m1 -> q0;
	m1 -> q2;
	m2 -> q1;
	m2 -> q2;
	m3 -> q1;
	m3 -> q5;
	m4 -> q0;
	m4 -> q3;
	m5 -> q0;
	m5 -> q4;
}

L* output after 9 EQ and 10142 MQ:
digraph finite_state_machine {
	rankdir=LR;
	node [shape = circle];
	s0 [shape = point, style = invis, start="true" ];
	q0 [label = "q0"];
	q1 [label = "q1", shape = doublecircle, final="true" ];
	q2 [label = "q2"];
	q3 [label = "q3"];
	q4 [label = "q4", shape = doublecircle, final="true" ];
	q5 [label = "q5"];
	q6 [label = "q6"];
	q7 [label = "q7"];
	q8 [label = "q8"];
	q9 [label = "q9"];
	q10 [label = "q10"];
	q11 [label = "q11"];
	q12 [label = "q12"];
	q13 [label = "q13"];
	q14 [label = "q14"];
	q15 [label = "q15", shape = doublecircle, final="true" ];
	q16 [label = "q16"];
	q17 [label = "q17", shape = doublecircle, final="true" ];
	q18 [label = "q18", shape = doublecircle, final="true" ];
	q19 [label = "q19"];
	q20 [label = "q20", shape = doublecircle, final="true" ];
	q21 [label = "q21"];
	q22 [label = "q22", shape = doublecircle, final="true" ];
	q23 [label = "q23", shape = doublecircle, final="true" ];
	q24 [label = "q24"];
	q25 [label = "q25"];
	q26 [label = "q26"];
	q27 [label = "q27"];
	q28 [label = "q28"];
	q29 [label = "q29", shape = doublecircle, final="true" ];
	q30 [label = "q30"];
	q31 [label = "q31", shape = doublecircle, final="true" ];
	q32 [label = "q32"];
	q33 [label = "q33", shape = doublecircle, final="true" ];
	q34 [label = "q34"];
	q35 [label = "q35"];
	q36 [label = "q36"];
	q37 [label = "q37", shape = doublecircle, final="true" ];
	q38 [label = "q38"];
	q39 [label = "q39", shape = doublecircle, final="true" ];
	q40 [label = "q40", shape = doublecircle, final="true" ];
	q41 [label = "q41"];
	q42 [label = "q42"];
	q43 [label = "q43"];
	q44 [label = "q44"];
	q45 [label = "q45", shape = doublecircle, final="true" ];
	q46 [label = "q46", shape = doublecircle, final="true" ];
	q47 [label = "q47"];
	q48 [label = "q48"];
	q49 [label = "q49"];
	q50 [label = "q50"];
	q51 [label = "q51"];
	q52 [label = "q52", shape = doublecircle, final="true" ];
	q53 [label = "q53"];
	q54 [label = "q54"];
	q55 [label = "q55", shape = doublecircle, final="true" ];
	q56 [label = "q56"];
	q57 [label = "q57"];
	q58 [label = "q58"];
	q59 [label = "q59"];
	q60 [label = "q60", shape = doublecircle, final="true" ];
	q61 [label = "q61", shape = doublecircle, final="true" ];
	q62 [label = "q62"];
	q63 [label = "q63"];
	q64 [label = "q64", shape = doublecircle, final="true" ];
	q65 [label = "q65"];
	q66 [label = "q66"];
	q67 [label = "q67"];
	q68 [label = "q68"];
	q69 [label = "q69"];
	q70 [label = "q70"];
	q71 [label = "q71"];
	q72 [label = "q72"];
	s0 -> q30
	q45 -> q51 [label = "a"];
	q47 -> q49 [label = "b"];
	q41 -> q18 [label = "b"];
	q47 -> q55 [label = "c"];
	q41 -> q41 [label = "a"];
	q46 -> q48 [label = "b"];
	q42 -> q19 [label = "a"];
	q40 -> q29 [label = "a"];
	q42 -> q27 [label = "b"];
	q44 -> q20 [label = "c"];
	q39 -> q41 [label = "a"];
	q37 -> q44 [label = "b"];
	q35 -> q45 [label = "c"];
	q36 -> q39 [label = "b"];
	q39 -> q18 [label = "b"];
	q39 -> q40 [label = "c"];
	q35 -> q19 [label = "a"];
	q33 -> q50 [label = "b"];
	q33 -> q43 [label = "a"];
	q38 -> q46 [label = "b"];
	q32 -> q20 [label = "c"];
	q32 -> q37 [label = "b"];
	q32 -> q41 [label = "a"];
	q29 -> q41 [label = "b"];
	q30 -> q32 [label = "a"];
	q28 -> q27 [label = "b"];
	q25 -> q16 [label = "c"];
	q27 -> q19 [label = "a"];
	q27 -> q27 [label = "b"];
	q30 -> q31 [label = "b"];
	q45 -> q36 [label = "c"];
	q46 -> q21 [label = "c"];
	q28 -> q52 [label = "c"];
	q26 -> q23 [label = "b"];
	q21 -> q15 [label = "b"];
	q19 -> q20 [label = "c"];
	q9 -> q49 [label = "b"];
	q40 -> q17 [label = "c"];
	q13 -> q72 [label = "c"];
	q43 -> q47 [label = "b"];
	q8 -> q45 [label = "c"];
	q12 -> q51 [label = "a"];
	q14 -> q39 [label = "b"];
	q8 -> q27 [label = "b"];
	q26 -> q24 [label = "a"];
	q10 -> q54 [label = "a"];
	q8 -> q19 [label = "a"];
	q12 -> q20 [label = "c"];
	q4 -> q2 [label = "c"];
	q2 -> q15 [label = "b"];
	q6 -> q20 [label = "c"];
	q0 -> q62 [label = "b"];
	q2 -> q35 [label = "a"];
	q31 -> q36 [label = "c"];
	q14 -> q29 [label = "c"];
	q10 -> q8 [label = "b"];
	q6 -> q5 [label = "b"];
	q36 -> q29 [label = "a, c"];
	q34 -> q42 [label = "b"];
	q58 -> q15 [label = "b"];
	q31 -> q34 [label = "a"];
	q24 -> q52 [label = "c"];
	q51 -> q51 [label = "a"];
	q52 -> q24 [label = "b"];
	q38 -> q28 [label = "a"];
	q34 -> q20 [label = "c"];
	q70 -> q68 [label = "a"];
	q3 -> q1 [label = "a"];
	q5 -> q55 [label = "c"];
	q44 -> q19 [label = "a"];
	q52 -> q3 [label = "c"];
	q62 -> q19 [label = "a"];
	q61 -> q64 [label = "c"];
	q49 -> q35 [label = "b"];
	q31 -> q35 [label = "b"];
	q17 -> q17 [label = "a, c"];
	q57 -> q44 [label = "b"];
	q38 -> q33 [label = "c"];
	q59 -> q34 [label = "a"];
	q26 -> q20 [label = "c"];
	q51 -> q20 [label = "c"];
	q61 -> q51 [label = "a"];
	q60 -> q38 [label = "c"];
	q22 -> q17 [label = "c"];
	q58 -> q44 [label = "a"];
	q58 -> q61 [label = "c"];
	q5 -> q0 [label = "b"];
	q59 -> q25 [label = "c"];
	q60 -> q63 [label = "b"];
	q0 -> q54 [label = "a"];
	q57 -> q25 [label = "c"];
	q68 -> q42 [label = "b"];
	q72 -> q12 [label = "a"];
	q65 -> q67 [label = "c"];
	q66 -> q68 [label = "a"];
	q71 -> q25 [label = "c"];
	q33 -> q38 [label = "c"];
	q43 -> q20 [label = "c"];
	q72 -> q49 [label = "b"];
	q54 -> q53 [label = "b"];
	q55 -> q51 [label = "a"];
	q18 -> q44 [label = "b"];
	q56 -> q60 [label = "c"];
	q55 -> q49 [label = "b"];
	q16 -> q41 [label = "b"];
	q15 -> q40 [label = "c"];
	q71 -> q47 [label = "b"];
	q66 -> q20 [label = "c"];
	q18 -> q19 [label = "a"];
	q65 -> q44 [label = "b"];
	q37 -> q19 [label = "a"];
	q57 -> q19 [label = "a"];
	q13 -> q19 [label = "a"];
	q67 -> q22 [label = "a"];
	q21 -> q4 [label = "c"];
	q64 -> q64 [label = "c"];
	q34 -> q51 [label = "a"];
	q53 -> q57 [label = "b"];
	q54 -> q20 [label = "c"];
	q25 -> q22 [label = "a"];
	q30 -> q33 [label = "c"];
	q54 -> q51 [label = "a"];
	q71 -> q54 [label = "a"];
	q11 -> q10 [label = "b"];
	q20 -> q14 [label = "c"];
	q56 -> q59 [label = "b"];
	q62 -> q65 [label = "c"];
	q4 -> q51 [label = "a"];
	q67 -> q41 [label = "b"];
	q52 -> q34 [label = "a"];
	q9 -> q7 [label = "a"];
	q66 -> q69 [label = "b"];
	q61 -> q49 [label = "b"];
	q49 -> q54 [label = "a"];
	q53 -> q19 [label = "a"];
	q47 -> q19 [label = "a"];
	q29 -> q40 [label = "a"];
	q64 -> q15 [label = "b"];
	q10 -> q20 [label = "c"];
	q11 -> q51 [label = "a"];
	q68 -> q70 [label = "a"];
	q68 -> q52 [label = "c"];
	q56 -> q26 [label = "a"];
	q63 -> q66 [label = "a"];
	q49 -> q20 [label = "c"];
	q29 -> q17 [label = "c"];
	q55 -> q58 [label = "c"];
	q60 -> q6 [label = "a"];
	q63 -> q56 [label = "b"];
	q53 -> q20 [label = "c"];
	q50 -> q54 [label = "a"];
	q3 -> q29 [label = "c"];
	q51 -> q44 [label = "b"];
	q48 -> q45 [label = "c"];
	q45 -> q44 [label = "b"];
	q69 -> q72 [label = "c"];
	q46 -> q34 [label = "a"];
	q23 -> q43 [label = "b"];
	q65 -> q51 [label = "a"];
	q44 -> q44 [label = "b"];
	q24 -> q26 [label = "a"];
	q42 -> q20 [label = "c"];
	q64 -> q44 [label = "a"];
	q18 -> q40 [label = "c"];
	q20 -> q41 [label = "b"];
	q21 -> q53 [label = "a"];
	q24 -> q42 [label = "b"];
	q7 -> q44 [label = "b"];
	q1 -> q41 [label = "b"];
	q19 -> q44 [label = "a"];
	q70 -> q13 [label = "b"];
	q17 -> q39 [label = "b"];
	q43 -> q54 [label = "a"];
	q69 -> q19 [label = "a"];
	q23 -> q21 [label = "c"];
	q63 -> q52 [label = "c"];
	q9 -> q61 [label = "c"];
	q40 -> q39 [label = "b"];
	q69 -> q71 [label = "b"];
	q19 -> q18 [label = "b"];
	q37 -> q36 [label = "c"];
	q16 -> q29 [label = "c"];
	q27 -> q25 [label = "c"];
	q14 -> q17 [label = "a"];
	q67 -> q29 [label = "c"];
	q6 -> q54 [label = "a"];
	q11 -> q9 [label = "c"];
	q20 -> q22 [label = "a"];
	q22 -> q41 [label = "b"];
	q50 -> q20 [label = "c"];
	q16 -> q40 [label = "a"];
	q70 -> q20 [label = "c"];
	q15 -> q35 [label = "b"];
	q35 -> q44 [label = "b"];
	q62 -> q27 [label = "b"];
	q15 -> q54 [label = "a"];
	q13 -> q43 [label = "b"];
	q12 -> q57 [label = "b"];
	q59 -> q62 [label = "b"];
	q2 -> q61 [label = "c"];
	q4 -> q10 [label = "b"];
	q28 -> q26 [label = "a"];
	q1 -> q39 [label = "c"];
	q23 -> q19 [label = "a"];
	q50 -> q56 [label = "b"];
	q5 -> q19 [label = "a"];
	q25 -> q41 [label = "b"];
	q22 -> q22 [label = "a"];
	q7 -> q45 [label = "c"];
	q72 -> q11 [label = "c"];
	q48 -> q47 [label = "b"];
	q48 -> q54 [label = "a"];
	q3 -> q39 [label = "b"];
	q1 -> q40 [label = "a"];
	q41 -> q20 [label = "c"];
	q7 -> q51 [label = "a"];
	q0 -> q25 [label = "c"];
}
DFA size: 73 states

NL* output after 15 EQ and 6500 MQ:
digraph finite_state_machine {
	rankdir=LR;
	node [shape = circle];
	s0 [shape = point, style = invis, start="true" ];
	s1 [shape = point, style = invis, start="true" ];
	q0 [label = "q0", shape = doublecircle, final="true" ];
	q1 [label = "q1"];
	q2 [label = "q2"];
	q3 [label = "q3"];
	q4 [label = "q4"];
	q5 [label = "q5"];
	q6 [label = "q6", shape = doublecircle, final="true" ];
	q7 [label = "q7"];
	q8 [label = "q8"];
	q9 [label = "q9"];
	q10 [label = "q10"];
	q11 [label = "q11"];
	q12 [label = "q12"];
	q13 [label = "q13"];
	q14 [label = "q14"];
	q15 [label = "q15"];
	q16 [label = "q16"];
	q17 [label = "q17"];
	q18 [label = "q18", shape = doublecircle, final="true" ];
	q19 [label = "q19"];
	q20 [label = "q20", shape = doublecircle, final="true" ];
	q21 [label = "q21"];
	q22 [label = "q22"];
	q23 [label = "q23"];
	q24 [label = "q24"];
	q25 [label = "q25", shape = doublecircle, final="true" ];
	q26 [label = "q26"];
	q27 [label = "q27"];
	s0 -> q17
	s1 -> q23
	q18 -> q17 [label = "c"];
	q22 -> q27 [label = "a"];
	q22 -> q22 [label = "a"];
	q22 -> q15 [label = "a"];
	q22 -> q5 [label = "a"];
	q17 -> q18 [label = "c"];
	q21 -> q27 [label = "a"];
	q21 -> q22 [label = "a"];
	q21 -> q15 [label = "a"];
	q19 -> q20 [label = "a"];
	q19 -> q18 [label = "a"];
	q19 -> q6 [label = "a"];
	q17 -> q25 [label = "b, c"];
	q17 -> q23 [label = "a"];
	q17 -> q16 [label = "a"];
	q21 -> q24 [label = "a, c"];
	q21 -> q18 [label = "c"];
	q21 -> q6 [label = "c"];
	q21 -> q2 [label = "a, c"];
	q16 -> q25 [label = "c"];
	q16 -> q6 [label = "c"];
	q20 -> q27 [label = "a, b"];
	q20 -> q14 [label = "a"];
	q20 -> q5 [label = "a"];
	q20 -> q2 [label = "a"];
	q22 -> q23 [label = "b"];
	q18 -> q21 [label = "a"];
	q18 -> q11 [label = "a"];
	q18 -> q12 [label = "a"];
	q22 -> q25 [label = "c"];
	q22 -> q19 [label = "c"];
	q22 -> q18 [label = "c"];
	q22 -> q11 [label = "c"];
	q22 -> q10 [label = "c"];
	q22 -> q2 [label = "a, c"];
	q18 -> q27 [label = "a, b"];
	q18 -> q22 [label = "a, b"];
	q16 -> q17 [label = "a"];
	q20 -> q17 [label = "c"];
	q15 -> q14 [label = "a"];
	q11 -> q19 [label = "c"];
	q11 -> q11 [label = "c"];
	q11 -> q8 [label = "c"];
	q14 -> q15 [label = "a"];
	q14 -> q12 [label = "a"];
	q12 -> q13 [label = "b"];
	q12 -> q4 [label = "b"];
	q15 -> q13 [label = "b"];
	q13 -> q27 [label = "a"];
	q13 -> q22 [label = "a"];
	q13 -> q15 [label = "a"];
	q13 -> q12 [label = "a"];
	q13 -> q11 [label = "a, b"];
	q16 -> q24 [label = "b"];
	q13 -> q5 [label = "a"];
	q9 -> q25 [label = "c"];
	q9 -> q20 [label = "c"];
	q18 -> q5 [label = "a"];
	q9 -> q18 [label = "c"];
	q9 -> q8 [label = "c"];
	q9 -> q6 [label = "c"];
	q3 -> q20 [label = "c"];
	q3 -> q18 [label = "c"];
	q3 -> q8 [label = "c"];
	q5 -> q23 [label = "b"];
	q5 -> q3 [label = "b"];
	q7 -> q14 [label = "a"];
	q2 -> q11 [label = "c"];
	q13 -> q21 [label = "a"];
	q2 -> q10 [label = "c"];
	q2 -> q8 [label = "c"];
	q6 -> q5 [label = "a"];
	q6 -> q2 [label = "a"];
	q5 -> q15 [label = "a"];
	q5 -> q14 [label = "a"];
	q5 -> q5 [label = "a"];
	q7 -> q24 [label = "b"];
	q16 -> q26 [label = "b"];
	q7 -> q22 [label = "b"];
	q7 -> q21 [label = "a, b"];
	q7 -> q15 [label = "b"];
	q7 -> q12 [label = "b"];
	q7 -> q11 [label = "b"];
	q7 -> q5 [label = "b"];
	q14 -> q25 [label = "c"];
	q14 -> q6 [label = "c"];
	q1 -> q9 [label = "b, c"];
	q0 -> q19 [label = "a"];
	q8 -> q5 [label = "a, b"];
	q8 -> q15 [label = "a"];
	q13 -> q24 [label = "a"];
	q14 -> q16 [label = "b"];
	q8 -> q24 [label = "a, b"];
	q26 -> q2 [label = "a, b, c"];
	q2 -> q5 [label = "a"];
	q6 -> q27 [label = "a, b"];
	q1 -> q23 [label = "a, b, c"];
	q14 -> q2 [label = "b"];
	q16 -> q2 [label = "b"];
	q12 -> q27 [label = "a"];
	q7 -> q10 [label = "a, c"];
	q12 -> q14 [label = "a"];
	q6 -> q22 [label = "a"];
	q13 -> q10 [label = "a, c"];
	q13 -> q17 [label = "a"];
	q11 -> q10 [label = "b, c"];
	q11 -> q13 [label = "b"];
	q5 -> q27 [label = "a"];
	q7 -> q2 [label = "b"];
	q8 -> q10 [label = "a"];
	q9 -> q27 [label = "a"];
	q14 -> q24 [label = "b"];
	q23 -> q24 [label = "b"];
	q19 -> q19 [label = "a, c"];
	q10 -> q8 [label = "c"];
	q9 -> q22 [label = "a"];
	q21 -> q8 [label = "c"];
	q9 -> q21 [label = "a"];
	q8 -> q22 [label = "a, b"];
	q26 -> q17 [label = "a"];
	q9 -> q15 [label = "a"];
	q9 -> q12 [label = "a"];
	q9 -> q9 [label = "a"];
	q15 -> q20 [label = "c"];
	q15 -> q19 [label = "c"];
	q10 -> q9 [label = "a"];
	q4 -> q10 [label = "a, c"];
	q15 -> q6 [label = "c"];
	q19 -> q26 [label = "b, c"];
	q15 -> q2 [label = "c"];
	q11 -> q27 [label = "a"];
	q24 -> q19 [label = "c"];
	q2 -> q15 [label = "a"];
	q7 -> q18 [label = "c"];
	q9 -> q5 [label = "a"];
	q23 -> q25 [label = "c"];
	q0 -> q12 [label = "a, b, c"];
	q8 -> q14 [label = "a"];
	q3 -> q2 [label = "a, b"];
	q15 -> q25 [label = "c"];
	q15 -> q10 [label = "c"];
	q1 -> q20 [label = "a, b, c"];
	q11 -> q22 [label = "a"];
	q20 -> q24 [label = "a"];
	q10 -> q24 [label = "a, b"];
	q8 -> q7 [label = "c"];
	q1 -> q25 [label = "a, b, c"];
	q11 -> q3 [label = "b"];
	q11 -> q14 [label = "a"];
	q12 -> q10 [label = "c"];
	q21 -> q25 [label = "c"];
	q13 -> q14 [label = "a"];
	q11 -> q5 [label = "a"];
	q9 -> q26 [label = "b"];
	q19 -> q17 [label = "b"];
	q5 -> q2 [label = "a, c"];
	q9 -> q24 [label = "a, b, c"];
	q24 -> q10 [label = "c"];
	q9 -> q10 [label = "a, b, c"];
	q9 -> q2 [label = "a, b, c"];
	q24 -> q26 [label = "b"];
	q26 -> q9 [label = "a"];
	q12 -> q6 [label = "c"];
	q1 -> q18 [label = "a, b, c"];
	q19 -> q24 [label = "a, b, c"];
	q21 -> q14 [label = "a"];
	q0 -> q11 [label = "a, b, c"];
	q26 -> q12 [label = "a"];
	q11 -> q2 [label = "a, c"];
	q8 -> q12 [label = "a"];
	q12 -> q11 [label = "c"];
	q5 -> q6 [label = "c"];
	q2 -> q19 [label = "c"];
	q7 -> q27 [label = "a, b"];
	q21 -> q23 [label = "b"];
	q0 -> q24 [label = "a, b, c"];
	q8 -> q2 [label = "a, b"];
	q0 -> q23 [label = "b, c"];
	q26 -> q21 [label = "a"];
	q3 -> q17 [label = "a"];
	q22 -> q8 [label = "c"];
	q21 -> q13 [label = "b"];
	q26 -> q14 [label = "a"];
	q27 -> q6 [label = "c"];
	q24 -> q8 [label = "c"];
	q8 -> q21 [label = "a"];
	q26 -> q8 [label = "c"];
	q11 -> q23 [label = "b"];
	q25 -> q22 [label = "a"];
	q20 -> q10 [label = "c"];
	q1 -> q22 [label = "b, c"];
	q21 -> q20 [label = "c"];
	q19 -> q16 [label = "b, c"];
	q0 -> q6 [label = "a, c"];
	q3 -> q14 [label = "a"];
	q15 -> q24 [label = "c"];
	q25 -> q5 [label = "a"];
	q1 -> q8 [label = "a, b, c"];
	q19 -> q22 [label = "a, b, c"];
	q1 -> q26 [label = "a, b, c"];
	q26 -> q11 [label = "a, c"];
	q4 -> q15 [label = "a, b"];
	q26 -> q24 [label = "a, b, c"];
	q19 -> q7 [label = "a, c"];
	q10 -> q22 [label = "b"];
	q19 -> q23 [label = "b, c"];
	q27 -> q25 [label = "c"];
	q24 -> q2 [label = "a, c"];
	q19 -> q11 [label = "a, b, c"];
	q26 -> q26 [label = "b"];
	q25 -> q27 [label = "a, b"];
	q19 -> q4 [label = "b, c"];
	q20 -> q21 [label = "b"];
	q12 -> q19 [label = "c"];
	q19 -> q8 [label = "a, c"];
	q19 -> q10 [label = "a, b, c"];
	q2 -> q27 [label = "a"];
	q24 -> q11 [label = "c"];
	q11 -> q4 [label = "b"];
	q1 -> q10 [label = "a, b, c"];
	q19 -> q9 [label = "a, b, c"];
	q10 -> q2 [label = "a, b"];
	q19 -> q21 [label = "a, b, c"];
	q26 -> q10 [label = "a, c"];
	q0 -> q7 [label = "a, c"];
	q2 -> q24 [label = "a, c"];
	q24 -> q22 [label = "a"];
	q0 -> q15 [label = "a, b, c"];
	q3 -> q12 [label = "a"];
	q22 -> q14 [label = "a"];
	q21 -> q4 [label = "b"];
	q0 -> q16 [label = "b, c"];
	q26 -> q15 [label = "a"];
	q9 -> q19 [label = "c"];
	q5 -> q22 [label = "a"];
	q24 -> q27 [label = "a"];
	q19 -> q2 [label = "a, b, c"];
	q23 -> q17 [label = "a"];
	q10 -> q15 [label = "a, b"];
	q21 -> q10 [label = "b, c"];
	q23 -> q12 [label = "a"];
	q19 -> q5 [label = "a, b, c"];
	q10 -> q11 [label = "b"];
	q19 -> q13 [label = "b, c"];
	q0 -> q5 [label = "a, b, c"];
	q5 -> q25 [label = "c"];
	q18 -> q15 [label = "a"];
	q27 -> q23 [label = "b"];
	q4 -> q24 [label = "a"];
	q19 -> q12 [label = "a, b, c"];
	q12 -> q20 [label = "c"];
	q19 -> q3 [label = "b, c"];
	q19 -> q14 [label = "a, b, c"];
	q25 -> q17 [label = "c"];
	q23 -> q15 [label = "a"];
	q19 -> q15 [label = "a, b, c"];
	q0 -> q21 [label = "a, b, c"];
	q26 -> q27 [label = "a"];
	q11 -> q24 [label = "a, c"];
	q0 -> q3 [label = "b, c"];
	q10 -> q21 [label = "b"];
	q1 -> q14 [label = "a, b, c"];
	q10 -> q27 [label = "b"];
	q20 -> q22 [label = "a"];
	q14 -> q3 [label = "b"];
	q0 -> q18 [label = "a, c"];
	q12 -> q2 [label = "c"];
	q19 -> q25 [label = "a"];
	q0 -> q22 [label = "a, b, c"];
	q15 -> q18 [label = "c"];
	q12 -> q8 [label = "c"];
	q10 -> q12 [label = "a, b"];
	q12 -> q18 [label = "c"];
	q12 -> q24 [label = "c"];
	q3 -> q21 [label = "a"];
	q12 -> q25 [label = "c"];
	q24 -> q14 [label = "a"];
	q0 -> q2 [label = "a, b, c"];
	q0 -> q8 [label = "a, c"];
	q0 -> q1 [label = "a"];
	q0 -> q9 [label = "a, b, c"];
	q16 -> q12 [label = "a"];
	q0 -> q14 [label = "a, b, c"];
	q0 -> q17 [label = "a, b, c"];
	q9 -> q11 [label = "a, b, c"];
	q9 -> q14 [label = "a"];
	q6 -> q15 [label = "c"];
	q1 -> q3 [label = "a, b, c"];
	q0 -> q20 [label = "a, c"];
	q4 -> q9 [label = "a"];
	q0 -> q10 [label = "a, b, c"];
	q0 -> q25 [label = "a, c"];
	q0 -> q27 [label = "a, b, c"];
	q15 -> q11 [label = "c"];
	q2 -> q26 [label = "b"];
	q21 -> q11 [label = "c"];
	q6 -> q7 [label = "c"];
	q8 -> q11 [label = "a"];
	q6 -> q12 [label = "c"];
	q22 -> q20 [label = "c"];
	q13 -> q9 [label = "a"];
	q8 -> q27 [label = "a, b"];
	q21 -> q3 [label = "b"];
	q1 -> q11 [label = "b, c"];
	q6 -> q17 [label = "c"];
	q0 -> q4 [label = "b, c"];
	q19 -> q27 [label = "a, b, c"];
	q0 -> q13 [label = "b, c"];
	q0 -> q26 [label = "b, c"];
	q2 -> q2 [label = "a, c"];
	q4 -> q11 [label = "a, b"];
	q2 -> q14 [label = "a"];
	q24 -> q5 [label = "a"];
	q2 -> q22 [label = "a"];
	q13 -> q2 [label = "a"];
	q6 -> q14 [label = "a, b"];
	q27 -> q15 [label = "a"];
	q1 -> q4 [label = "a, b, c"];
	q6 -> q16 [label = "b"];
	q6 -> q23 [label = "b"];
	q22 -> q24 [label = "a, c"];
	q15 -> q8 [label = "c"];
	q4 -> q2 [label = "a"];
	q4 -> q5 [label = "a, b"];
	q11 -> q15 [label = "a"];
	q4 -> q12 [label = "a, b"];
	q4 -> q14 [label = "a"];
	q4 -> q22 [label = "a, b"];
	q4 -> q17 [label = "a"];
	q4 -> q21 [label = "a, b"];
	q4 -> q27 [label = "a, b"];
	q5 -> q19 [label = "c"];
	q5 -> q10 [label = "c"];
	q14 -> q23 [label = "b"];
	q5 -> q11 [label = "c"];
	q9 -> q13 [label = "b"];
	q5 -> q18 [label = "c"];
	q8 -> q9 [label = "a"];
	q24 -> q24 [label = "a, c"];
	q5 -> q20 [label = "c"];
	q5 -> q24 [label = "a, c"];
	q3 -> q25 [label = "c"];
	q1 -> q0 [label = "a, c"];
	q1 -> q17 [label = "b"];
	q14 -> q26 [label = "b"];
	q1 -> q7 [label = "a, b, c"];
	q26 -> q5 [label = "a"];
	q1 -> q13 [label = "a, b, c"];
	q15 -> q27 [label = "a"];
	q1 -> q16 [label = "a, b, c"];
	q1 -> q21 [label = "a, b, c"];
	q7 -> q20 [label = "c"];
	q9 -> q4 [label = "b"];
	q3 -> q5 [label = "a"];
	q1 -> q27 [label = "a, b, c"];
	q7 -> q25 [label = "c"];
	q5 -> q8 [label = "c"];
	q3 -> q24 [label = "a, b"];
	q7 -> q8 [label = "c"];
	q1 -> q19 [label = "c"];
	q26 -> q22 [label = "a"];
	q1 -> q2 [label = "b, c"];
	q1 -> q5 [label = "b, c"];
	q1 -> q6 [label = "b, c"];
	q17 -> q20 [label = "b"];
	q22 -> q6 [label = "c"];
	q1 -> q12 [label = "b, c"];
	q1 -> q15 [label = "b, c"];
	q10 -> q5 [label = "b"];
	q6 -> q1 [label = "c"];
	q1 -> q24 [label = "b, c"];
	q6 -> q24 [label = "a"];
	q3 -> q9 [label = "a"];
	q21 -> q5 [label = "a"];
	q7 -> q7 [label = "c"];
	q3 -> q10 [label = "a, c"];
	q3 -> q11 [label = "a"];
	q3 -> q15 [label = "a"];
	q16 -> q15 [label = "a"];
	q3 -> q22 [label = "a"];
	q3 -> q27 [label = "a"];
}
NFA size: 28 states

AL* output after 12 EQ and 2213 MQ:
digraph finite_state_machine {
	rankdir=LR;
	node [shape = circle];
	s0 [shape = point, style = invis, start="true" ];
	s1 [shape = point, style = invis, start="true" ];
	q0 [label = "q0", shape = doublecircle, final="true" ];
	q1 [label = "q1"];
	q2 [label = "q2", shape = doublecircle, final="true" ];
	q3 [label = "q3"];
	q4 [label = "q4"];
	q5 [label = "q5", shape = doublecircle, final="true" ];
	q6 [label = "q6"];
	q7 [label = "q7"];
	q8 [label = "q8"];
	q9 [label = "q9", shape = doublecircle, final="true" ];
	q10 [label = "q10", shape = doublecircle, final="true" ];
	m0 [label = "", shape = square, style = filled, color=grey, fixedsize=true, width=.2];
	m1 [label = "", shape = square, style = filled, color=grey, fixedsize=true, width=.2];
	m2 [label = "", shape = square, style = filled, color=grey, fixedsize=true, width=.2];
	m3 [label = "", shape = square, style = filled, color=grey, fixedsize=true, width=.2];
	m4 [label = "", shape = square, style = filled, color=grey, fixedsize=true, width=.2];
	m5 [label = "", shape = square, style = filled, color=grey, fixedsize=true, width=.2];
	m6 [label = "", shape = square, style = filled, color=grey, fixedsize=true, width=.2];
	m7 [label = "", shape = square, style = filled, color=grey, fixedsize=true, width=.2];
	m8 [label = "", shape = square, style = filled, color=grey, fixedsize=true, width=.2];
	m9 [label = "", shape = square, style = filled, color=grey, fixedsize=true, width=.2];
	m10 [label = "", shape = square, style = filled, color=grey, fixedsize=true, width=.2];
	m11 [label = "", shape = square, style = filled, color=grey, fixedsize=true, width=.2];
	m12 [label = "", shape = square, style = filled, color=grey, fixedsize=true, width=.2];
	s0 -> m0
	s1 -> m1
	q9 -> m11 [label = "b"];
	q9 -> m7 [label = "a"];
	q9 -> m6 [label = "a, b"];
	q9 -> m5 [label = "a, b"];
	q8 -> m12 [label = "c"];
	q10 -> m10 [label = "a"];
	q10 -> m8 [label = "a"];
	q8 -> m1 [label = "a"];
	q8 -> m2 [label = "a, b"];
	q10 -> m9 [label = "a, b"];
	q10 -> m7 [label = "a, b"];
	q10 -> m6 [label = "a, b"];
	q10 -> m5 [label = "a, b"];
	q8 -> m4 [label = "b, c"];
	q0 -> m5 [label = "a"];
	q2 -> m6 [label = "b"];
	q6 -> m4 [label = "c"];
	q6 -> m2 [label = "a, c"];
	q4 -> m2 [label = "b, c"];
	q7 -> m4 [label = "b, c"];
	q4 -> m0 [label = "b"];
	q4 -> m4 [label = "a, b, c"];
	q0 -> m4 [label = "a"];
	q6 -> m6 [label = "a"];
	q2 -> m1 [label = "b, c"];
	q2 -> m2 [label = "a, b, c"];
	q9 -> m0 [label = "c"];
	q1 -> m7 [label = "a"];
	q7 -> m11 [label = "a"];
	q7 -> m1 [label = "a, b"];
	q2 -> m4 [label = "a, c"];
	q6 -> m10 [label = "a"];
	q7 -> m5 [label = "a"];
	q6 -> m3 [label = "c"];
	q10 -> m0 [label = "c"];
	q0 -> m2 [label = "a, b, c"];
	q3 -> m2 [label = "a, b, c"];
	q9 -> m12 [label = "a"];
	q7 -> m2 [label = "c"];
	q5 -> m5 [label = "b"];
	q9 -> m1 [label = "b"];
	q6 -> m7 [label = "a"];
	q9 -> m2 [label = "a, c"];
	q0 -> m1 [label = "b, c"];
	q1 -> m5 [label = "a, b"];
	q3 -> m1 [label = "b"];
	q5 -> m2 [label = "a, b"];
	q7 -> m6 [label = "a"];
	q5 -> m8 [label = "b"];
	q5 -> m6 [label = "a, b, c"];
	q1 -> m4 [label = "c"];
	q5 -> m9 [label = "b"];
	q7 -> m3 [label = "c"];
	q6 -> m5 [label = "a, b"];
	q9 -> m3 [label = "c"];
	q1 -> m3 [label = "c"];
	q3 -> m4 [label = "c"];
	q5 -> m7 [label = "a, b, c"];
	q0 -> m0 [label = "b, c"];
	q5 -> m10 [label = "b"];
	q10 -> m2 [label = "a, b"];
	q2 -> m3 [label = "a"];
	q6 -> m12 [label = "a"];
	q1 -> m2 [label = "a, b, c"];
	q5 -> m0 [label = "a, c"];
	q5 -> m12 [label = "a, c"];
	q7 -> m10 [label = "b"];
	q8 -> m0 [label = "a"];
	q3 -> m0 [label = "a"];
	q1 -> m1 [label = "b"];
	q1 -> m8 [label = "a, b"];
	q1 -> m10 [label = "a, b"];
	q3 -> m5 [label = "b"];
	q2 -> m0 [label = "a, b, c"];
	q1 -> m6 [label = "a"];
	q1 -> m12 [label = "a"];
	q4 -> m5 [label = "a, c"];
	q4 -> m3 [label = "a, c"];
	q8 -> m10 [label = "b"];
	q0 -> m3 [label = "a, c"];
	q6 -> m1 [label = "b"];
	q4 -> m1 [label = "a, b, c"];
	q0 -> m6 [label = "b"];
	m0 -> q4;
	m0 -> q7;
	m0 -> q8;
	m1 -> q2;
	m1 -> q3;
	m1 -> q5;
	m1 -> q8;
	m2 -> q0;
	m2 -> q1;
	m2 -> q4;
	m2 -> q6;
	m2 -> q7;
	m2 -> q9;
	m3 -> q0;
	m3 -> q2;
	m3 -> q4;
	m4 -> q0;
	m4 -> q2;
	m4 -> q5;
	m4 -> q9;
	m4 -> q10;
	m5 -> q1;
	m5 -> q2;
	m5 -> q3;
	m5 -> q4;
	m5 -> q6;
	m5 -> q7;
	m5 -> q8;
	m6 -> q0;
	m6 -> q1;
	m6 -> q2;
	m6 -> q3;
	m6 -> q4;
	m6 -> q5;
	m6 -> q6;
	m6 -> q9;
	m6 -> q10;
	m7 -> q0;
	m7 -> q1;
	m7 -> q2;
	m7 -> q3;
	m7 -> q5;
	m7 -> q6;
	m7 -> q8;
	m7 -> q9;
	m7 -> q10;
	m8 -> q0;
	m8 -> q2;
	m8 -> q4;
	m8 -> q5;
	m8 -> q7;
	m8 -> q8;
	m8 -> q9;
	m8 -> q10;
	m9 -> q0;
	m9 -> q1;
	m9 -> q2;
	m9 -> q3;
	m9 -> q4;
	m9 -> q5;
	m9 -> q6;
	m9 -> q8;
	m9 -> q10;
	m10 -> q0;
	m10 -> q1;
	m10 -> q2;
	m10 -> q4;
	m10 -> q5;
	m10 -> q7;
	m10 -> q8;
	m11 -> q0;
	m11 -> q1;
	m11 -> q2;
	m11 -> q3;
	m11 -> q4;
	m11 -> q6;
	m11 -> q7;
	m11 -> q9;
	m12 -> q0;
	m12 -> q1;
	m12 -> q2;
	m12 -> q3;
	m12 -> q4;
	m12 -> q5;
	m12 -> q8;
	m12 -> q10;
}
AFA size: 11 states

