Random target AFA:
digraph finite_state_machine {
	rankdir=LR;
	node [shape = circle];
	s0 [shape = point, style = invis, start="true" ];
	s1 [shape = point, style = invis, start="true" ];
	q0 [label = "q0", shape = doublecircle, final="true" ];
	q1 [label = "q1"];
	q2 [label = "q2", shape = doublecircle, final="true" ];
	q3 [label = "q3"];
	q4 [label = "q4", shape = doublecircle, final="true" ];
	q5 [label = "q5"];
	m0 [label = "", shape = square, style = filled, color=grey, fixedsize=true, width=.2];
	m1 [label = "", shape = square, style = filled, color=grey, fixedsize=true, width=.2];
	m2 [label = "", shape = square, style = filled, color=grey, fixedsize=true, width=.2];
	m3 [label = "", shape = square, style = filled, color=grey, fixedsize=true, width=.2];
	m4 [label = "", shape = square, style = filled, color=grey, fixedsize=true, width=.2];
	m5 [label = "", shape = square, style = filled, color=grey, fixedsize=true, width=.2];
	m6 [label = "", shape = square, style = filled, color=grey, fixedsize=true, width=.2];
	m7 [label = "", shape = square, style = filled, color=grey, fixedsize=true, width=.2];
	m8 [label = "", shape = square, style = filled, color=grey, fixedsize=true, width=.2];
	s0 -> q2
	s1 -> q1
	q1 -> q1 [label = "a"];
	q5 -> m3 [label = "c"];
	q4 -> q0 [label = "a"];
	q3 -> q2 [label = "a, b"];
	q5 -> m5 [label = "a"];
	q1 -> m0 [label = "c"];
	q4 -> m1 [label = "a"];
	q1 -> q4 [label = "b"];
	q5 -> q1 [label = "b"];
	q2 -> q1 [label = "b"];
	q5 -> q0 [label = "a"];
	q5 -> m7 [label = "b"];
	q2 -> m1 [label = "a"];
	q0 -> q0 [label = "a, b"];
	q1 -> m2 [label = "b"];
	q0 -> q4 [label = "b"];
	q2 -> q2 [label = "b"];
	q4 -> m0 [label = "c"];
	q5 -> m4 [label = "c"];
	q1 -> q0 [label = "a, c"];
	q2 -> m2 [label = "a"];
	q3 -> q4 [label = "a, b"];
	q4 -> m6 [label = "b"];
	q3 -> m8 [label = "c"];
	q0 -> q5 [label = "c"];
	q4 -> q3 [label = "b"];
	q2 -> q4 [label = "c"];
	q4 -> q4 [label = "c"];
	q2 -> q5 [label = "c"];
	q3 -> q3 [label = "c"];
	m0 -> q2;
	m0 -> q5;
	m1 -> q0;
	m1 -> q1;
	m2 -> q1;
	m2 -> q2;
	m3 -> q3;
	m3 -> q4;
	m4 -> q3;
	m4 -> q5;
	m5 -> q0;
	m5 -> q4;
	m6 -> q0;
	m6 -> q3;
	m7 -> q0;
	m7 -> q2;
	m8 -> q0;
	m8 -> q5;
}

L* output after 6 EQ and 4456 MQ:
digraph finite_state_machine {
	rankdir=LR;
	node [shape = circle];
	s0 [shape = point, style = invis, start="true" ];
	q0 [label = "q0", shape = doublecircle, final="true" ];
	q1 [label = "q1", shape = doublecircle, final="true" ];
	q2 [label = "q2", shape = doublecircle, final="true" ];
	q3 [label = "q3", shape = doublecircle, final="true" ];
	q4 [label = "q4", shape = doublecircle, final="true" ];
	q5 [label = "q5", shape = doublecircle, final="true" ];
	q6 [label = "q6", shape = doublecircle, final="true" ];
	q7 [label = "q7", shape = doublecircle, final="true" ];
	q8 [label = "q8", shape = doublecircle, final="true" ];
	q9 [label = "q9", shape = doublecircle, final="true" ];
	q10 [label = "q10"];
	q11 [label = "q11", shape = doublecircle, final="true" ];
	q12 [label = "q12", shape = doublecircle, final="true" ];
	q13 [label = "q13", shape = doublecircle, final="true" ];
	q14 [label = "q14", shape = doublecircle, final="true" ];
	q15 [label = "q15", shape = doublecircle, final="true" ];
	q16 [label = "q16", shape = doublecircle, final="true" ];
	q17 [label = "q17"];
	q18 [label = "q18", shape = doublecircle, final="true" ];
	q19 [label = "q19", shape = doublecircle, final="true" ];
	q20 [label = "q20", shape = doublecircle, final="true" ];
	q21 [label = "q21", shape = doublecircle, final="true" ];
	q22 [label = "q22", shape = doublecircle, final="true" ];
	q23 [label = "q23", shape = doublecircle, final="true" ];
	q24 [label = "q24", shape = doublecircle, final="true" ];
	q25 [label = "q25", shape = doublecircle, final="true" ];
	q26 [label = "q26", shape = doublecircle, final="true" ];
	q27 [label = "q27", shape = doublecircle, final="true" ];
	q28 [label = "q28", shape = doublecircle, final="true" ];
	q29 [label = "q29"];
	q30 [label = "q30"];
	q31 [label = "q31"];
	q32 [label = "q32"];
	q33 [label = "q33", shape = doublecircle, final="true" ];
	q34 [label = "q34", shape = doublecircle, final="true" ];
	q35 [label = "q35", shape = doublecircle, final="true" ];
	q36 [label = "q36", shape = doublecircle, final="true" ];
	s0 -> q20
	q18 -> q17 [label = "c"];
	q20 -> q16 [label = "b"];
	q22 -> q22 [label = "a"];
	q21 -> q26 [label = "a"];
	q19 -> q19 [label = "a"];
	q22 -> q13 [label = "b"];
	q18 -> q12 [label = "a"];
	q17 -> q6 [label = "b"];
	q22 -> q27 [label = "c"];
	q13 -> q23 [label = "b"];
	q11 -> q15 [label = "c"];
	q12 -> q24 [label = "b"];
	q13 -> q22 [label = "a"];
	q14 -> q16 [label = "a"];
	q7 -> q22 [label = "a"];
	q2 -> q17 [label = "c"];
	q4 -> q1 [label = "b"];
	q19 -> q13 [label = "b"];
	q6 -> q19 [label = "a"];
	q7 -> q21 [label = "b"];
	q18 -> q11 [label = "b"];
	q3 -> q12 [label = "a"];
	q1 -> q21 [label = "b"];
	q16 -> q15 [label = "c"];
	q3 -> q6 [label = "b"];
	q1 -> q22 [label = "a"];
	q0 -> q15 [label = "c"];
	q2 -> q12 [label = "a"];
	q21 -> q21 [label = "c"];
	q15 -> q9 [label = "b"];
	q0 -> q21 [label = "b"];
	q3 -> q17 [label = "c"];
	q6 -> q2 [label = "c"];
	q27 -> q4 [label = "b"];
	q36 -> q8 [label = "c"];
	q25 -> q26 [label = "b"];
	q15 -> q12 [label = "a"];
	q29 -> q16 [label = "b"];
	q28 -> q29 [label = "c"];
	q28 -> q16 [label = "b"];
	q8 -> q12 [label = "a"];
	q31 -> q32 [label = "c"];
	q16 -> q14 [label = "b"];
	q31 -> q12 [label = "a"];
	q10 -> q10 [label = "c"];
	q34 -> q36 [label = "b"];
	q1 -> q8 [label = "c"];
	q11 -> q23 [label = "b"];
	q7 -> q15 [label = "c"];
	q32 -> q33 [label = "a"];
	q4 -> q19 [label = "a"];
	q2 -> q0 [label = "b"];
	q27 -> q12 [label = "a"];
	q11 -> q19 [label = "a"];
	q20 -> q15 [label = "c"];
	q35 -> q8 [label = "c"];
	q20 -> q19 [label = "a"];
	q34 -> q3 [label = "c"];
	q25 -> q28 [label = "c"];
	q5 -> q22 [label = "a"];
	q19 -> q18 [label = "c"];
	q36 -> q22 [label = "a"];
	q30 -> q26 [label = "a, b"];
	q26 -> q8 [label = "c"];
	q33 -> q31 [label = "c"];
	q33 -> q12 [label = "a"];
	q8 -> q25 [label = "b"];
	q32 -> q10 [label = "c"];
	q5 -> q3 [label = "c"];
	q35 -> q7 [label = "b"];
	q16 -> q19 [label = "a"];
	q15 -> q8 [label = "c"];
	q35 -> q12 [label = "a"];
	q17 -> q12 [label = "a"];
	q5 -> q26 [label = "b"];
	q34 -> q22 [label = "a"];
	q6 -> q26 [label = "b"];
	q32 -> q34 [label = "b"];
	q14 -> q21 [label = "c"];
	q33 -> q35 [label = "b"];
	q29 -> q30 [label = "c"];
	q0 -> q19 [label = "a"];
	q25 -> q16 [label = "a"];
	q10 -> q5 [label = "b"];
	q28 -> q26 [label = "a"];
	q24 -> q8 [label = "c"];
	q30 -> q30 [label = "c"];
	q26 -> q22 [label = "a"];
	q12 -> q12 [label = "a"];
	q24 -> q23 [label = "b"];
	q17 -> q10 [label = "c"];
	q23 -> q21 [label = "b, c"];
	q12 -> q31 [label = "c"];
	q26 -> q14 [label = "b"];
	q31 -> q19 [label = "b"];
	q24 -> q12 [label = "a"];
	q23 -> q26 [label = "a"];
	q36 -> q16 [label = "b"];
	q9 -> q21 [label = "b, c"];
	q29 -> q26 [label = "a"];
	q21 -> q14 [label = "b"];
	q9 -> q16 [label = "a"];
	q13 -> q8 [label = "c"];
	q8 -> q8 [label = "c"];
	q14 -> q14 [label = "b"];
	q27 -> q17 [label = "c"];
	q10 -> q12 [label = "a"];
	q4 -> q2 [label = "c"];
}
DFA size: 37 states

NL* output after 8 EQ and 3857 MQ:
digraph finite_state_machine {
	rankdir=LR;
	node [shape = circle];
	s0 [shape = point, style = invis, start="true" ];
	s1 [shape = point, style = invis, start="true" ];
	s2 [shape = point, style = invis, start="true" ];
	s3 [shape = point, style = invis, start="true" ];
	s4 [shape = point, style = invis, start="true" ];
	s5 [shape = point, style = invis, start="true" ];
	s6 [shape = point, style = invis, start="true" ];
	s7 [shape = point, style = invis, start="true" ];
	s8 [shape = point, style = invis, start="true" ];
	s9 [shape = point, style = invis, start="true" ];
	q0 [label = "q0", shape = doublecircle, final="true" ];
	q1 [label = "q1", shape = doublecircle, final="true" ];
	q2 [label = "q2", shape = doublecircle, final="true" ];
	q3 [label = "q3", shape = doublecircle, final="true" ];
	q4 [label = "q4"];
	q5 [label = "q5"];
	q6 [label = "q6"];
	q7 [label = "q7", shape = doublecircle, final="true" ];
	q8 [label = "q8", shape = doublecircle, final="true" ];
	q9 [label = "q9", shape = doublecircle, final="true" ];
	q10 [label = "q10", shape = doublecircle, final="true" ];
	q11 [label = "q11", shape = doublecircle, final="true" ];
	q12 [label = "q12"];
	q13 [label = "q13", shape = doublecircle, final="true" ];
	s0 -> q1
	s1 -> q2
	s2 -> q3
	s3 -> q4
	s4 -> q5
	s5 -> q7
	s6 -> q9
	s7 -> q10
	s8 -> q11
	s9 -> q12
	q9 -> q12 [label = "b"];
	q9 -> q4 [label = "b"];
	q11 -> q4 [label = "b"];
	q13 -> q13 [label = "c"];
	q8 -> q5 [label = "c"];
	q8 -> q12 [label = "b, c"];
	q8 -> q8 [label = "b"];
	q8 -> q4 [label = "b, c"];
	q8 -> q1 [label = "b"];
	q8 -> q0 [label = "b"];
	q8 -> q13 [label = "c"];
	q10 -> q10 [label = "a"];
	q8 -> q11 [label = "a, b"];
	q11 -> q8 [label = "b"];
	q8 -> q6 [label = "b"];
	q8 -> q3 [label = "a, b"];
	q8 -> q9 [label = "b"];
	q10 -> q12 [label = "b"];
	q10 -> q4 [label = "b"];
	q10 -> q1 [label = "b"];
	q2 -> q2 [label = "b"];
	q6 -> q6 [label = "c"];
	q0 -> q9 [label = "a, b"];
	q0 -> q6 [label = "b"];
	q9 -> q9 [label = "a, b"];
	q0 -> q0 [label = "b"];
	q2 -> q11 [label = "a, b"];
	q2 -> q9 [label = "a, b"];
	q11 -> q1 [label = "b"];
	q0 -> q13 [label = "b, c"];
	q13 -> q7 [label = "c"];
	q0 -> q12 [label = "b, c"];
	q0 -> q4 [label = "b, c"];
	q0 -> q3 [label = "a, b, c"];
	q0 -> q7 [label = "b, c"];
	q0 -> q1 [label = "b, c"];
	q5 -> q4 [label = "c"];
	q3 -> q12 [label = "b"];
	q3 -> q4 [label = "b"];
	q3 -> q1 [label = "b"];
	q7 -> q5 [label = "c"];
	q1 -> q11 [label = "a, b"];
	q1 -> q9 [label = "b"];
	q1 -> q8 [label = "b"];
	q1 -> q1 [label = "b"];
	q13 -> q5 [label = "c"];
	q5 -> q11 [label = "a, b"];
	q3 -> q5 [label = "c"];
	q9 -> q7 [label = "c"];
	q13 -> q3 [label = "a, b"];
	q10 -> q3 [label = "a, b, c"];
	q9 -> q1 [label = "b"];
	q10 -> q9 [label = "a, b"];
	q7 -> q3 [label = "a, b"];
	q2 -> q3 [label = "a, b"];
	q10 -> q11 [label = "a, b, c"];
	q9 -> q3 [label = "a, b"];
	q12 -> q12 [label = "b, c"];
	q11 -> q3 [label = "a, b"];
	q11 -> q5 [label = "c"];
	q12 -> q11 [label = "a, b"];
	q2 -> q4 [label = "b, c"];
	q7 -> q9 [label = "b"];
	q13 -> q6 [label = "b"];
	q12 -> q9 [label = "b"];
	q12 -> q4 [label = "b, c"];
	q6 -> q5 [label = "a, b"];
	q0 -> q8 [label = "b, c"];
	q13 -> q10 [label = "b"];
	q9 -> q5 [label = "c"];
	q10 -> q5 [label = "c"];
	q7 -> q11 [label = "a, b"];
	q11 -> q12 [label = "b"];
	q13 -> q2 [label = "b"];
	q6 -> q4 [label = "a, b, c"];
	q8 -> q2 [label = "b"];
	q13 -> q12 [label = "b, c"];
	q7 -> q12 [label = "b, c"];
	q6 -> q8 [label = "a, b"];
	q5 -> q9 [label = "b"];
	q9 -> q8 [label = "b"];
	q1 -> q7 [label = "c"];
	q13 -> q11 [label = "a, b"];
	q5 -> q3 [label = "a, b"];
	q5 -> q10 [label = "b"];
	q13 -> q4 [label = "b, c"];
	q12 -> q2 [label = "b"];
	q10 -> q8 [label = "b"];
	q1 -> q13 [label = "c"];
	q2 -> q5 [label = "b, c"];
	q4 -> q4 [label = "b, c"];
	q2 -> q7 [label = "b, c"];
	q2 -> q12 [label = "b, c"];
	q8 -> q7 [label = "c"];
	q13 -> q9 [label = "b"];
	q1 -> q0 [label = "b"];
	q4 -> q2 [label = "b"];
	q0 -> q5 [label = "b, c"];
	q4 -> q12 [label = "b, c"];
	q4 -> q3 [label = "a, b"];
	q6 -> q1 [label = "a, b"];
	q3 -> q3 [label = "a, b"];
	q9 -> q11 [label = "a, b"];
	q11 -> q11 [label = "a, b"];
	q6 -> q2 [label = "a, b"];
	q7 -> q4 [label = "b, c"];
	q0 -> q2 [label = "b"];
	q6 -> q3 [label = "a, b"];
	q12 -> q3 [label = "a, b"];
	q6 -> q7 [label = "a, b"];
	q0 -> q11 [label = "a, b, c"];
	q6 -> q9 [label = "a, b"];
	q1 -> q3 [label = "a, b"];
	q6 -> q11 [label = "a, b"];
	q10 -> q7 [label = "c"];
	q6 -> q12 [label = "a, b, c"];
	q6 -> q13 [label = "a, b"];
	q1 -> q2 [label = "b"];
	q1 -> q4 [label = "b, c"];
	q2 -> q1 [label = "b"];
	q1 -> q12 [label = "b, c"];
	q1 -> q5 [label = "c"];
	q7 -> q10 [label = "b"];
	q3 -> q11 [label = "a, b"];
}
NFA size: 14 states

AL* output after 10 EQ and 3319 MQ:
digraph finite_state_machine {
	rankdir=LR;
	node [shape = circle];
	s0 [shape = point, style = invis, start="true" ];
	s1 [shape = point, style = invis, start="true" ];
	s2 [shape = point, style = invis, start="true" ];
	s3 [shape = point, style = invis, start="true" ];
	q0 [label = "q0", shape = doublecircle, final="true" ];
	q1 [label = "q1"];
	q2 [label = "q2"];
	q3 [label = "q3", shape = doublecircle, final="true" ];
	q4 [label = "q4", shape = doublecircle, final="true" ];
	q5 [label = "q5", shape = doublecircle, final="true" ];
	q6 [label = "q6", shape = doublecircle, final="true" ];
	q7 [label = "q7"];
	q8 [label = "q8", shape = doublecircle, final="true" ];
	q9 [label = "q9", shape = doublecircle, final="true" ];
	m0 [label = "", shape = square, style = filled, color=grey, fixedsize=true, width=.2];
	m1 [label = "", shape = square, style = filled, color=grey, fixedsize=true, width=.2];
	m2 [label = "", shape = square, style = filled, color=grey, fixedsize=true, width=.2];
	m3 [label = "", shape = square, style = filled, color=grey, fixedsize=true, width=.2];
	m4 [label = "", shape = square, style = filled, color=grey, fixedsize=true, width=.2];
	m5 [label = "", shape = square, style = filled, color=grey, fixedsize=true, width=.2];
	m6 [label = "", shape = square, style = filled, color=grey, fixedsize=true, width=.2];
	m7 [label = "", shape = square, style = filled, color=grey, fixedsize=true, width=.2];
	m8 [label = "", shape = square, style = filled, color=grey, fixedsize=true, width=.2];
	m9 [label = "", shape = square, style = filled, color=grey, fixedsize=true, width=.2];
	m10 [label = "", shape = square, style = filled, color=grey, fixedsize=true, width=.2];
	m11 [label = "", shape = square, style = filled, color=grey, fixedsize=true, width=.2];
	m12 [label = "", shape = square, style = filled, color=grey, fixedsize=true, width=.2];
	s0 -> m0
	s1 -> m1
	s2 -> m2
	s3 -> m3
	q9 -> m12 [label = "a"];
	q8 -> m1 [label = "c"];
	q8 -> m8 [label = "a"];
	q4 -> m8 [label = "c"];
	q0 -> m2 [label = "a"];
	q9 -> m0 [label = "b"];
	q2 -> m2 [label = "b"];
	q6 -> m1 [label = "c"];
	q0 -> m3 [label = "a, b"];
	q0 -> m6 [label = "a, b"];
	q2 -> m4 [label = "a"];
	q6 -> m12 [label = "b"];
	q0 -> m7 [label = "c"];
	q8 -> m7 [label = "b"];
	q3 -> m7 [label = "b, c"];
	q3 -> m6 [label = "a, b, c"];
	q7 -> m6 [label = "a, b"];
	q8 -> m6 [label = "c"];
	q7 -> m8 [label = "a"];
	q2 -> m8 [label = "a"];
	q7 -> m1 [label = "a, b"];
	q1 -> m5 [label = "c"];
	q3 -> m1 [label = "a, b, c"];
	q8 -> m4 [label = "a"];
	q7 -> m3 [label = "a, b"];
	q2 -> m5 [label = "c"];
	q5 -> m4 [label = "a"];
	q9 -> m5 [label = "c"];
	q6 -> m2 [label = "a"];
	q9 -> m3 [label = "b"];
	q9 -> m10 [label = "a"];
	q1 -> m3 [label = "b"];
	q9 -> m1 [label = "b, c"];
	q0 -> m8 [label = "b"];
	q9 -> m4 [label = "c"];
	q9 -> m8 [label = "a, b"];
	q0 -> m1 [label = "a, b, c"];
	q4 -> m2 [label = "a, b"];
	q4 -> m3 [label = "b"];
	q1 -> m9 [label = "c"];
	q8 -> m2 [label = "b"];
	q5 -> m1 [label = "c"];
	q4 -> m6 [label = "b, c"];
	q3 -> m2 [label = "a"];
	q5 -> m8 [label = "a, b"];
	q7 -> m2 [label = "b"];
	q0 -> m4 [label = "c"];
	q3 -> m3 [label = "a"];
	q1 -> m10 [label = "b"];
	q6 -> m4 [label = "c"];
	q6 -> m6 [label = "b"];
	q7 -> m7 [label = "c"];
	q5 -> m6 [label = "b"];
	q1 -> m4 [label = "a"];
	q6 -> m8 [label = "b, c"];
	q4 -> m1 [label = "b, c"];
	q1 -> m11 [label = "a"];
	m0 -> q3;
	m0 -> q4;
	m0 -> q8;
	m1 -> q2;
	m1 -> q4;
	m1 -> q7;
	m1 -> q8;
	m2 -> q0;
	m2 -> q3;
	m2 -> q4;
	m2 -> q6;
	m3 -> q0;
	m3 -> q3;
	m3 -> q4;
	m3 -> q7;
	m3 -> q9;
	m4 -> q0;
	m4 -> q3;
	m4 -> q4;
	m4 -> q5;
	m4 -> q6;
	m4 -> q8;
	m4 -> q9;
	m5 -> q0;
	m5 -> q1;
	m5 -> q3;
	m5 -> q4;
	m5 -> q7;
	m5 -> q8;
	m5 -> q9;
	m6 -> q3;
	m6 -> q8;
	m7 -> q0;
	m7 -> q3;
	m7 -> q7;
	m8 -> q0;
	m8 -> q3;
	m8 -> q4;
	m8 -> q5;
	m8 -> q6;
	m8 -> q7;
	m9 -> q0;
	m9 -> q2;
	m9 -> q3;
	m9 -> q4;
	m9 -> q5;
	m9 -> q6;
	m9 -> q7;
	m9 -> q8;
	m9 -> q9;
	m10 -> q0;
	m10 -> q3;
	m10 -> q4;
	m10 -> q6;
	m10 -> q8;
	m10 -> q9;
	m11 -> q0;
	m11 -> q3;
	m11 -> q4;
	m11 -> q5;
	m11 -> q6;
	m11 -> q7;
	m11 -> q9;
	m12 -> q0;
	m12 -> q3;
	m12 -> q4;
	m12 -> q6;
	m12 -> q7;
	m12 -> q9;
}
AFA size: 10 states

