Random target AFA:
digraph finite_state_machine {
	rankdir=LR;
	node [shape = circle];
	s0 [shape = point, style = invis, start="true" ];
	s1 [shape = point, style = invis, start="true" ];
	q0 [label = "q0", shape = doublecircle, final="true" ];
	q1 [label = "q1"];
	q2 [label = "q2", shape = doublecircle, final="true" ];
	q3 [label = "q3", shape = doublecircle, final="true" ];
	q4 [label = "q4"];
	q5 [label = "q5", shape = doublecircle, final="true" ];
	m0 [label = "", shape = square, style = filled, color=grey, fixedsize=true, width=.2];
	m1 [label = "", shape = square, style = filled, color=grey, fixedsize=true, width=.2];
	m2 [label = "", shape = square, style = filled, color=grey, fixedsize=true, width=.2];
	m3 [label = "", shape = square, style = filled, color=grey, fixedsize=true, width=.2];
	m4 [label = "", shape = square, style = filled, color=grey, fixedsize=true, width=.2];
	m5 [label = "", shape = square, style = filled, color=grey, fixedsize=true, width=.2];
	m6 [label = "", shape = square, style = filled, color=grey, fixedsize=true, width=.2];
	m7 [label = "", shape = square, style = filled, color=grey, fixedsize=true, width=.2];
	m8 [label = "", shape = square, style = filled, color=grey, fixedsize=true, width=.2];
	m9 [label = "", shape = square, style = filled, color=grey, fixedsize=true, width=.2];
	s0 -> q0
	s1 -> q1
	q2 -> q4 [label = "a"];
	q3 -> q3 [label = "b"];
	q2 -> q1 [label = "a"];
	q3 -> m6 [label = "a"];
	q5 -> q5 [label = "b, c"];
	q0 -> q1 [label = "b, c"];
	q3 -> m7 [label = "a"];
	q0 -> q0 [label = "a"];
	q1 -> q0 [label = "c"];
	q4 -> q2 [label = "b"];
	q2 -> m2 [label = "b"];
	q0 -> m1 [label = "a"];
	q2 -> m8 [label = "c"];
	q4 -> q4 [label = "b"];
	q4 -> m0 [label = "c"];
	q0 -> m5 [label = "c"];
	q4 -> q3 [label = "a, c"];
	q5 -> m6 [label = "c"];
	q1 -> m4 [label = "a"];
	q3 -> q2 [label = "c"];
	q3 -> q5 [label = "b"];
	q3 -> m9 [label = "c"];
	q2 -> m3 [label = "b"];
	q1 -> q3 [label = "b"];
	q1 -> q4 [label = "b, c"];
	q0 -> m4 [label = "b"];
	q1 -> m6 [label = "a"];
	q5 -> m3 [label = "a"];
	q5 -> q0 [label = "a"];
	q2 -> q3 [label = "c"];
	q5 -> q4 [label = "b"];
	m0 -> q2;
	m0 -> q4;
	m1 -> q1;
	m1 -> q5;
	m2 -> q1;
	m2 -> q3;
	m3 -> q0;
	m3 -> q3;
	m4 -> q2;
	m4 -> q5;
	m5 -> q0;
	m5 -> q1;
	m6 -> q0;
	m6 -> q5;
	m7 -> q0;
	m7 -> q2;
	m8 -> q1;
	m8 -> q2;
	m9 -> q2;
	m9 -> q3;
}

L* output after 9 EQ and 62286 MQ:
digraph finite_state_machine {
	rankdir=LR;
	node [shape = circle];
	s0 [shape = point, style = invis, start="true" ];
	q0 [label = "q0", shape = doublecircle, final="true" ];
	q1 [label = "q1", shape = doublecircle, final="true" ];
	q2 [label = "q2", shape = doublecircle, final="true" ];
	q3 [label = "q3", shape = doublecircle, final="true" ];
	q4 [label = "q4", shape = doublecircle, final="true" ];
	q5 [label = "q5", shape = doublecircle, final="true" ];
	q6 [label = "q6", shape = doublecircle, final="true" ];
	q7 [label = "q7", shape = doublecircle, final="true" ];
	q8 [label = "q8", shape = doublecircle, final="true" ];
	q9 [label = "q9", shape = doublecircle, final="true" ];
	q10 [label = "q10", shape = doublecircle, final="true" ];
	q11 [label = "q11", shape = doublecircle, final="true" ];
	q12 [label = "q12", shape = doublecircle, final="true" ];
	q13 [label = "q13", shape = doublecircle, final="true" ];
	q14 [label = "q14", shape = doublecircle, final="true" ];
	q15 [label = "q15", shape = doublecircle, final="true" ];
	q16 [label = "q16", shape = doublecircle, final="true" ];
	q17 [label = "q17", shape = doublecircle, final="true" ];
	q18 [label = "q18", shape = doublecircle, final="true" ];
	q19 [label = "q19", shape = doublecircle, final="true" ];
	q20 [label = "q20", shape = doublecircle, final="true" ];
	q21 [label = "q21", shape = doublecircle, final="true" ];
	q22 [label = "q22", shape = doublecircle, final="true" ];
	q23 [label = "q23", shape = doublecircle, final="true" ];
	q24 [label = "q24", shape = doublecircle, final="true" ];
	q25 [label = "q25", shape = doublecircle, final="true" ];
	q26 [label = "q26", shape = doublecircle, final="true" ];
	q27 [label = "q27", shape = doublecircle, final="true" ];
	q28 [label = "q28", shape = doublecircle, final="true" ];
	q29 [label = "q29", shape = doublecircle, final="true" ];
	q30 [label = "q30", shape = doublecircle, final="true" ];
	q31 [label = "q31", shape = doublecircle, final="true" ];
	q32 [label = "q32", shape = doublecircle, final="true" ];
	q33 [label = "q33", shape = doublecircle, final="true" ];
	q34 [label = "q34", shape = doublecircle, final="true" ];
	q35 [label = "q35", shape = doublecircle, final="true" ];
	q36 [label = "q36", shape = doublecircle, final="true" ];
	q37 [label = "q37", shape = doublecircle, final="true" ];
	q38 [label = "q38", shape = doublecircle, final="true" ];
	q39 [label = "q39", shape = doublecircle, final="true" ];
	q40 [label = "q40", shape = doublecircle, final="true" ];
	q41 [label = "q41", shape = doublecircle, final="true" ];
	q42 [label = "q42", shape = doublecircle, final="true" ];
	q43 [label = "q43", shape = doublecircle, final="true" ];
	q44 [label = "q44", shape = doublecircle, final="true" ];
	q45 [label = "q45", shape = doublecircle, final="true" ];
	q46 [label = "q46", shape = doublecircle, final="true" ];
	q47 [label = "q47", shape = doublecircle, final="true" ];
	q48 [label = "q48", shape = doublecircle, final="true" ];
	q49 [label = "q49", shape = doublecircle, final="true" ];
	q50 [label = "q50", shape = doublecircle, final="true" ];
	q51 [label = "q51", shape = doublecircle, final="true" ];
	q52 [label = "q52", shape = doublecircle, final="true" ];
	q53 [label = "q53", shape = doublecircle, final="true" ];
	q54 [label = "q54", shape = doublecircle, final="true" ];
	q55 [label = "q55", shape = doublecircle, final="true" ];
	q56 [label = "q56", shape = doublecircle, final="true" ];
	q57 [label = "q57", shape = doublecircle, final="true" ];
	q58 [label = "q58", shape = doublecircle, final="true" ];
	q59 [label = "q59", shape = doublecircle, final="true" ];
	q60 [label = "q60", shape = doublecircle, final="true" ];
	q61 [label = "q61", shape = doublecircle, final="true" ];
	q62 [label = "q62", shape = doublecircle, final="true" ];
	q63 [label = "q63", shape = doublecircle, final="true" ];
	q64 [label = "q64", shape = doublecircle, final="true" ];
	q65 [label = "q65", shape = doublecircle, final="true" ];
	q66 [label = "q66", shape = doublecircle, final="true" ];
	q67 [label = "q67", shape = doublecircle, final="true" ];
	q68 [label = "q68", shape = doublecircle, final="true" ];
	q69 [label = "q69", shape = doublecircle, final="true" ];
	q70 [label = "q70", shape = doublecircle, final="true" ];
	q71 [label = "q71", shape = doublecircle, final="true" ];
	q72 [label = "q72", shape = doublecircle, final="true" ];
	q73 [label = "q73", shape = doublecircle, final="true" ];
	q74 [label = "q74", shape = doublecircle, final="true" ];
	q75 [label = "q75", shape = doublecircle, final="true" ];
	q76 [label = "q76"];
	q77 [label = "q77", shape = doublecircle, final="true" ];
	q78 [label = "q78", shape = doublecircle, final="true" ];
	q79 [label = "q79", shape = doublecircle, final="true" ];
	q80 [label = "q80", shape = doublecircle, final="true" ];
	q81 [label = "q81", shape = doublecircle, final="true" ];
	q82 [label = "q82", shape = doublecircle, final="true" ];
	q83 [label = "q83", shape = doublecircle, final="true" ];
	q84 [label = "q84", shape = doublecircle, final="true" ];
	q85 [label = "q85", shape = doublecircle, final="true" ];
	q86 [label = "q86", shape = doublecircle, final="true" ];
	q87 [label = "q87", shape = doublecircle, final="true" ];
	q88 [label = "q88", shape = doublecircle, final="true" ];
	q89 [label = "q89", shape = doublecircle, final="true" ];
	q90 [label = "q90", shape = doublecircle, final="true" ];
	q91 [label = "q91", shape = doublecircle, final="true" ];
	q92 [label = "q92"];
	q93 [label = "q93", shape = doublecircle, final="true" ];
	q94 [label = "q94", shape = doublecircle, final="true" ];
	q95 [label = "q95", shape = doublecircle, final="true" ];
	q96 [label = "q96", shape = doublecircle, final="true" ];
	q97 [label = "q97", shape = doublecircle, final="true" ];
	q98 [label = "q98", shape = doublecircle, final="true" ];
	q99 [label = "q99", shape = doublecircle, final="true" ];
	q100 [label = "q100", shape = doublecircle, final="true" ];
	q101 [label = "q101", shape = doublecircle, final="true" ];
	q102 [label = "q102", shape = doublecircle, final="true" ];
	q103 [label = "q103", shape = doublecircle, final="true" ];
	q104 [label = "q104", shape = doublecircle, final="true" ];
	q105 [label = "q105", shape = doublecircle, final="true" ];
	q106 [label = "q106", shape = doublecircle, final="true" ];
	q107 [label = "q107", shape = doublecircle, final="true" ];
	q108 [label = "q108", shape = doublecircle, final="true" ];
	q109 [label = "q109", shape = doublecircle, final="true" ];
	q110 [label = "q110", shape = doublecircle, final="true" ];
	q111 [label = "q111", shape = doublecircle, final="true" ];
	q112 [label = "q112", shape = doublecircle, final="true" ];
	q113 [label = "q113", shape = doublecircle, final="true" ];
	q114 [label = "q114", shape = doublecircle, final="true" ];
	q115 [label = "q115", shape = doublecircle, final="true" ];
	q116 [label = "q116", shape = doublecircle, final="true" ];
	q117 [label = "q117", shape = doublecircle, final="true" ];
	q118 [label = "q118", shape = doublecircle, final="true" ];
	q119 [label = "q119", shape = doublecircle, final="true" ];
	q120 [label = "q120", shape = doublecircle, final="true" ];
	q121 [label = "q121", shape = doublecircle, final="true" ];
	q122 [label = "q122", shape = doublecircle, final="true" ];
	q123 [label = "q123", shape = doublecircle, final="true" ];
	q124 [label = "q124", shape = doublecircle, final="true" ];
	q125 [label = "q125", shape = doublecircle, final="true" ];
	q126 [label = "q126", shape = doublecircle, final="true" ];
	q127 [label = "q127", shape = doublecircle, final="true" ];
	q128 [label = "q128", shape = doublecircle, final="true" ];
	q129 [label = "q129", shape = doublecircle, final="true" ];
	q130 [label = "q130", shape = doublecircle, final="true" ];
	q131 [label = "q131", shape = doublecircle, final="true" ];
	q132 [label = "q132", shape = doublecircle, final="true" ];
	q133 [label = "q133", shape = doublecircle, final="true" ];
	q134 [label = "q134", shape = doublecircle, final="true" ];
	q135 [label = "q135", shape = doublecircle, final="true" ];
	q136 [label = "q136", shape = doublecircle, final="true" ];
	q137 [label = "q137", shape = doublecircle, final="true" ];
	q138 [label = "q138", shape = doublecircle, final="true" ];
	q139 [label = "q139", shape = doublecircle, final="true" ];
	q140 [label = "q140", shape = doublecircle, final="true" ];
	q141 [label = "q141", shape = doublecircle, final="true" ];
	q142 [label = "q142", shape = doublecircle, final="true" ];
	q143 [label = "q143", shape = doublecircle, final="true" ];
	q144 [label = "q144", shape = doublecircle, final="true" ];
	s0 -> q60
	q87 -> q112 [label = "a"];
	q85 -> q48 [label = "a"];
	q81 -> q143 [label = "c"];
	q81 -> q109 [label = "b"];
	q83 -> q52 [label = "b"];
	q80 -> q79 [label = "c"];
	q79 -> q27 [label = "a"];
	q75 -> q35 [label = "c"];
	q78 -> q38 [label = "a"];
	q74 -> q76 [label = "c"];
	q75 -> q47 [label = "a"];
	q75 -> q65 [label = "b"];
	q76 -> q46 [label = "a"];
	q72 -> q139 [label = "c"];
	q78 -> q116 [label = "c"];
	q74 -> q137 [label = "a"];
	q72 -> q63 [label = "b"];
	q69 -> q71 [label = "b"];
	q69 -> q81 [label = "a"];
	q65 -> q69 [label = "c"];
	q67 -> q22 [label = "b"];
	q65 -> q68 [label = "a"];
	q66 -> q137 [label = "a"];
	q68 -> q90 [label = "c"];
	q66 -> q88 [label = "b"];
	q62 -> q23 [label = "a"];
	q60 -> q59 [label = "b"];
	q63 -> q87 [label = "b"];
	q76 -> q65 [label = "b"];
	q61 -> q138 [label = "a"];
	q57 -> q54 [label = "c"];
	q59 -> q57 [label = "a"];
	q57 -> q55 [label = "b"];
	q62 -> q86 [label = "c"];
	q60 -> q58 [label = "c"];
	q56 -> q27 [label = "a"];
	q55 -> q53 [label = "a"];
	q51 -> q83 [label = "c"];
	q53 -> q137 [label = "a"];
	q69 -> q69 [label = "c"];
	q49 -> q62 [label = "c"];
	q55 -> q37 [label = "c"];
	q49 -> q84 [label = "b"];
	q53 -> q50 [label = "c"];
	q61 -> q24 [label = "b"];
	q51 -> q52 [label = "b"];
	q54 -> q52 [label = "b"];
	q52 -> q49 [label = "a"];
	q63 -> q66 [label = "a"];
	q48 -> q85 [label = "c"];
	q50 -> q48 [label = "a"];
	q48 -> q63 [label = "b"];
	q76 -> q5 [label = "c"];
	q50 -> q52 [label = "b"];
	q48 -> q137 [label = "a"];
	q47 -> q38 [label = "a"];
	q45 -> q33 [label = "b"];
	q80 -> q56 [label = "b"];
	q43 -> q141 [label = "c"];
	q46 -> q74 [label = "a"];
	q42 -> q36 [label = "c"];
	q22 -> q66 [label = "a"];
	q70 -> q72 [label = "a"];
	q19 -> q137 [label = "a"];
	q17 -> q52 [label = "b"];
	q17 -> q82 [label = "a"];
	q21 -> q51 [label = "c"];
	q18 -> q137 [label = "a"];
	q51 -> q82 [label = "a"];
	q16 -> q87 [label = "b"];
	q85 -> q73 [label = "c"];
	q62 -> q65 [label = "b"];
	q22 -> q128 [label = "c"];
	q18 -> q113 [label = "b"];
	q16 -> q53 [label = "a"];
	q23 -> q127 [label = "c"];
	q20 -> q51 [label = "c"];
	q15 -> q58 [label = "a"];
	q13 -> q87 [label = "b"];
	q14 -> q137 [label = "a"];
	q12 -> q33 [label = "b"];
	q84 -> q119 [label = "c"];
	q74 -> q75 [label = "b"];
	q15 -> q87 [label = "b"];
	q13 -> q82 [label = "a"];
	q54 -> q51 [label = "c"];
	q9 -> q12 [label = "c"];
	q3 -> q86 [label = "c"];
	q2 -> q51 [label = "c"];
	q6 -> q47 [label = "a"];
	q7 -> q6 [label = "b"];
	q3 -> q103 [label = "a"];
	q1 -> q56 [label = "b"];
	q7 -> q92 [label = "c"];
	q3 -> q1 [label = "b"];
	q1 -> q108 [label = "a"];
	q5 -> q64 [label = "c"];
	q64 -> q52 [label = "b"];
	q4 -> q140 [label = "a"];
	q6 -> q36 [label = "c"];
	q2 -> q1 [label = "b"];
	q99 -> q143 [label = "c"];
	q70 -> q73 [label = "c"];
	q101 -> q102 [label = "b"];
	q0 -> q55 [label = "b"];
	q104 -> q58 [label = "a"];
	q87 -> q56 [label = "b"];
	q106 -> q27 [label = "a"];
	q143 -> q28 [label = "a"];
	q92 -> q4 [label = "c"];
	q65 -> q56 [label = "b"];
	q21 -> q111 [label = "a"];
	q105 -> q27 [label = "a"];
	q30 -> q27 [label = "a"];
	q84 -> q53 [label = "a"];
	q107 -> q88 [label = "b"];
	q58 -> q28 [label = "a"];
	q121 -> q133 [label = "c"];
	q87 -> q129 [label = "c"];
	q68 -> q89 [label = "b"];
	q11 -> q63 [label = "b"];
	q109 -> q108 [label = "a"];
	q106 -> q106 [label = "c"];
	q107 -> q85 [label = "c"];
	q112 -> q137 [label = "a"];
	q66 -> q70 [label = "c"];
	q116 -> q132 [label = "c"];
	q113 -> q52 [label = "b"];
	q142 -> q11 [label = "a"];
	q112 -> q55 [label = "b"];
	q118 -> q143 [label = "c"];
	q112 -> q90 [label = "c"];
	q115 -> q56 [label = "b"];
	q14 -> q63 [label = "b"];
	q68 -> q137 [label = "a"];
	q8 -> q73 [label = "c"];
	q58 -> q80 [label = "b"];
	q113 -> q135 [label = "c"];
	q124 -> q134 [label = "c"];
	q6 -> q65 [label = "b"];
	q143 -> q105 [label = "b"];
	q119 -> q99 [label = "b"];
	q39 -> q58 [label = "a"];
	q126 -> q128 [label = "c"];
	q118 -> q82 [label = "a"];
	q72 -> q38 [label = "a"];
	q115 -> q129 [label = "c"];
	q85 -> q52 [label = "b"];
	q84 -> q52 [label = "b"];
	q101 -> q112 [label = "a"];
	q11 -> q8 [label = "c"];
	q120 -> q137 [label = "a"];
	q129 -> q52 [label = "b"];
	q77 -> q65 [label = "b"];
	q79 -> q117 [label = "c"];
	q4 -> q2 [label = "b"];
	q119 -> q27 [label = "a"];
	q144 -> q138 [label = "a"];
	q120 -> q25 [label = "b"];
	q120 -> q125 [label = "c"];
	q126 -> q52 [label = "b"];
	q0 -> q90 [label = "c"];
	q123 -> q52 [label = "b"];
	q34 -> q31 [label = "c"];
	q121 -> q102 [label = "b"];
	q70 -> q65 [label = "b"];
	q47 -> q88 [label = "b"];
	q111 -> q115 [label = "b"];
	q139 -> q73 [label = "c"];
	q71 -> q52 [label = "b"];
	q127 -> q136 [label = "c"];
	q64 -> q79 [label = "c"];
	q132 -> q52 [label = "b"];
	q138 -> q137 [label = "a"];
	q37 -> q58 [label = "a"];
	q60 -> q40 [label = "a"];
	q114 -> q111 [label = "a"];
	q134 -> q136 [label = "c"];
	q23 -> q110 [label = "a"];
	q140 -> q137 [label = "a"];
	q83 -> q81 [label = "a"];
	q103 -> q110 [label = "a"];
	q35 -> q99 [label = "b"];
	q123 -> q86 [label = "c"];
	q119 -> q124 [label = "c"];
	q58 -> q27 [label = "c"];
	q10 -> q73 [label = "c"];
	q139 -> q52 [label = "b"];
	q110 -> q84 [label = "b"];
	q125 -> q72 [label = "a"];
	q52 -> q26 [label = "c"];
	q141 -> q12 [label = "c"];
	q134 -> q27 [label = "a"];
	q56 -> q26 [label = "c"];
	q109 -> q129 [label = "c"];
	q14 -> q10 [label = "c"];
	q67 -> q137 [label = "a"];
	q126 -> q107 [label = "a"];
	q137 -> q94 [label = "b"];
	q36 -> q96 [label = "b"];
	q111 -> q17 [label = "c"];
	q141 -> q44 [label = "a"];
	q105 -> q134 [label = "c"];
	q137 -> q16 [label = "c"];
	q132 -> q82 [label = "a"];
	q50 -> q61 [label = "c"];
	q139 -> q14 [label = "a"];
	q122 -> q21 [label = "c"];
	q125 -> q65 [label = "b"];
	q135 -> q100 [label = "c"];
	q135 -> q27 [label = "a"];
	q114 -> q86 [label = "c"];
	q105 -> q56 [label = "b"];
	q10 -> q48 [label = "a"];
	q33 -> q30 [label = "b"];
	q25 -> q107 [label = "a"];
	q59 -> q79 [label = "c"];
	q144 -> q117 [label = "c"];
	q110 -> q137 [label = "a"];
	q116 -> q140 [label = "a"];
	q122 -> q126 [label = "b"];
	q19 -> q114 [label = "c"];
	q19 -> q113 [label = "b"];
	q12 -> q9 [label = "c"];
	q2 -> q0 [label = "a"];
	q124 -> q19 [label = "a"];
	q144 -> q105 [label = "b"];
	q55 -> q52 [label = "b"];
	q90 -> q51 [label = "c"];
	q104 -> q52 [label = "b"];
	q138 -> q15 [label = "c"];
	q136 -> q52 [label = "b"];
	q128 -> q58 [label = "a"];
	q133 -> q83 [label = "c"];
	q43 -> q93 [label = "b"];
	q128 -> q98 [label = "c"];
	q90 -> q65 [label = "b"];
	q110 -> q123 [label = "c"];
	q59 -> q56 [label = "b"];
	q140 -> q59 [label = "b"];
	q141 -> q33 [label = "b"];
	q134 -> q105 [label = "b"];
	q130 -> q83 [label = "c"];
	q81 -> q28 [label = "a"];
	q37 -> q96 [label = "b"];
	q133 -> q52 [label = "b"];
	q108 -> q56 [label = "b"];
	q128 -> q96 [label = "b"];
	q93 -> q121 [label = "b"];
	q49 -> q137 [label = "a"];
	q113 -> q107 [label = "a"];
	q123 -> q81 [label = "a"];
	q108 -> q28 [label = "a"];
	q100 -> q122 [label = "a"];
	q88 -> q36 [label = "c"];
	q93 -> q112 [label = "a"];
	q39 -> q96 [label = "b"];
	q107 -> q137 [label = "a"];
	q114 -> q52 [label = "b"];
	q103 -> q56 [label = "b"];
	q67 -> q21 [label = "c"];
	q137 -> q137 [label = "a"];
	q131 -> q124 [label = "c"];
	q142 -> q73 [label = "c"];
	q129 -> q58 [label = "a"];
	q56 -> q56 [label = "b"];
	q52 -> q56 [label = "b"];
	q133 -> q19 [label = "a"];
	q73 -> q140 [label = "a"];
	q91 -> q52 [label = "b"];
	q104 -> q143 [label = "c"];
	q130 -> q52 [label = "b"];
	q131 -> q138 [label = "a"];
	q122 -> q137 [label = "a"];
	q77 -> q86 [label = "c"];
	q109 -> q56 [label = "b"];
	q136 -> q134 [label = "c"];
	q131 -> q99 [label = "b"];
	q18 -> q77 [label = "c"];
	q142 -> q65 [label = "b"];
	q101 -> q133 [label = "c"];
	q108 -> q134 [label = "c"];
	q27 -> q28 [label = "a"];
	q77 -> q78 [label = "a"];
	q16 -> q131 [label = "c"];
	q132 -> q26 [label = "c"];
	q106 -> q105 [label = "b"];
	q127 -> q138 [label = "a"];
	q129 -> q83 [label = "c"];
	q78 -> q115 [label = "b"];
	q93 -> q130 [label = "c"];
	q97 -> q35 [label = "c"];
	q36 -> q140 [label = "a"];
	q7 -> q137 [label = "a"];
	q90 -> q23 [label = "a"];
	q25 -> q35 [label = "c"];
	q124 -> q52 [label = "b"];
	q115 -> q57 [label = "a"];
	q89 -> q37 [label = "c"];
	q9 -> q7 [label = "a"];
	q98 -> q129 [label = "c"];
	q17 -> q132 [label = "c"];
	q116 -> q52 [label = "b"];
	q103 -> q134 [label = "c"];
	q82 -> q118 [label = "c"];
	q1 -> q69 [label = "c"];
	q97 -> q52 [label = "b"];
	q92 -> q46 [label = "a"];
	q35 -> q138 [label = "a"];
	q99 -> q56 [label = "b"];
	q97 -> q107 [label = "a"];
	q64 -> q67 [label = "a"];
	q44 -> q137 [label = "a"];
	q102 -> q56 [label = "b"];
	q80 -> q108 [label = "a"];
	q102 -> q27 [label = "a"];
	q96 -> q132 [label = "c"];
	q91 -> q67 [label = "a"];
	q102 -> q132 [label = "c"];
	q45 -> q44 [label = "a"];
	q98 -> q122 [label = "a"];
	q71 -> q74 [label = "a"];
	q96 -> q56 [label = "b"];
	q54 -> q81 [label = "a"];
	q29 -> q52 [label = "b"];
	q88 -> q87 [label = "b"];
	q100 -> q79 [label = "c"];
	q98 -> q52 [label = "b"];
	q96 -> q49 [label = "a"];
	q86 -> q28 [label = "a"];
	q11 -> q38 [label = "a"];
	q95 -> q53 [label = "a"];
	q117 -> q79 [label = "c"];
	q40 -> q137 [label = "a"];
	q31 -> q96 [label = "b"];
	q130 -> q18 [label = "a"];
	q91 -> q129 [label = "c"];
	q94 -> q57 [label = "a"];
	q100 -> q52 [label = "b"];
	q95 -> q52 [label = "b"];
	q95 -> q131 [label = "c"];
	q89 -> q52 [label = "b"];
	q63 -> q36 [label = "c"];
	q89 -> q120 [label = "a"];
	q32 -> q19 [label = "a"];
	q94 -> q56 [label = "b"];
	q82 -> q59 [label = "b"];
	q94 -> q144 [label = "c"];
	q73 -> q20 [label = "b"];
	q111 -> q137 [label = "a"];
	q88 -> q107 [label = "a"];
	q57 -> q137 [label = "a"];
	q41 -> q142 [label = "c"];
	q53 -> q25 [label = "b"];
	q41 -> q88 [label = "b"];
	q32 -> q26 [label = "c"];
	q43 -> q74 [label = "a"];
	q92 -> q65 [label = "b"];
	q47 -> q139 [label = "c"];
	q45 -> q43 [label = "c"];
	q40 -> q95 [label = "c"];
	q46 -> q34 [label = "b"];
	q42 -> q41 [label = "a"];
	q86 -> q117 [label = "c"];
	q117 -> q81 [label = "a"];
	q135 -> q99 [label = "b"];
	q40 -> q94 [label = "b"];
	q121 -> q108 [label = "a"];
	q46 -> q45 [label = "c"];
	q140 -> q13 [label = "c"];
	q42 -> q65 [label = "b"];
	q33 -> q29 [label = "c"];
	q44 -> q92 [label = "c"];
	q26 -> q26 [label = "c"];
	q143 -> q136 [label = "c"];
	q29 -> q18 [label = "a"];
	q9 -> q33 [label = "b"];
	q35 -> q100 [label = "c"];
	q38 -> q137 [label = "a"];
	q41 -> q38 [label = "a"];
	q31 -> q98 [label = "c"];
	q44 -> q42 [label = "b"];
	q39 -> q55 [label = "c"];
	q61 -> q64 [label = "c"];
	q118 -> q52 [label = "b"];
	q37 -> q32 [label = "c"];
	q5 -> q3 [label = "b"];
	q33 -> q49 [label = "a"];
	q79 -> q105 [label = "b"];
	q99 -> q27 [label = "a"];
	q38 -> q97 [label = "b"];
	q38 -> q25 [label = "c"];
	q20 -> q109 [label = "b"];
	q34 -> q66 [label = "a"];
	q20 -> q112 [label = "a"];
	q32 -> q52 [label = "b"];
	q127 -> q105 [label = "b"];
	q36 -> q98 [label = "c"];
	q34 -> q101 [label = "b"];
	q23 -> q109 [label = "b"];
	q117 -> q52 [label = "b"];
	q138 -> q103 [label = "b"];
	q31 -> q18 [label = "a"];
	q27 -> q106 [label = "c"];
	q136 -> q58 [label = "a"];
	q25 -> q87 [label = "b"];
	q29 -> q26 [label = "c"];
	q28 -> q103 [label = "b"];
	q27 -> q105 [label = "b"];
	q30 -> q102 [label = "b"];
	q28 -> q137 [label = "a"];
	q24 -> q86 [label = "c"];
	q30 -> q32 [label = "c"];
	q86 -> q105 [label = "b"];
	q73 -> q91 [label = "c"];
	q26 -> q58 [label = "a"];
	q24 -> q109 [label = "b"];
	q125 -> q61 [label = "c"];
	q10 -> q87 [label = "b"];
	q28 -> q104 [label = "c"];
	q26 -> q52 [label = "b"];
	q22 -> q52 [label = "b"];
	q13 -> q143 [label = "c"];
	q83 -> q129 [label = "c"];
	q24 -> q108 [label = "a"];
	q0 -> q38 [label = "a"];
	q82 -> q137 [label = "a"];
	q21 -> q52 [label = "b"];
	q71 -> q39 [label = "c"];
	q5 -> q138 [label = "a"];
	q15 -> q143 [label = "c"];
	q12 -> q74 [label = "a"];
	q8 -> q87 [label = "b"];
	q8 -> q14 [label = "a"];
	q4 -> q91 [label = "c"];
}
DFA size: 145 states

NL* output after 10 EQ and 29866 MQ:
digraph finite_state_machine {
	rankdir=LR;
	node [shape = circle];
	s0 [shape = point, style = invis, start="true" ];
	s1 [shape = point, style = invis, start="true" ];
	s2 [shape = point, style = invis, start="true" ];
	s3 [shape = point, style = invis, start="true" ];
	s4 [shape = point, style = invis, start="true" ];
	s5 [shape = point, style = invis, start="true" ];
	s6 [shape = point, style = invis, start="true" ];
	s7 [shape = point, style = invis, start="true" ];
	s8 [shape = point, style = invis, start="true" ];
	s9 [shape = point, style = invis, start="true" ];
	s10 [shape = point, style = invis, start="true" ];
	s11 [shape = point, style = invis, start="true" ];
	q0 [label = "q0", shape = doublecircle, final="true" ];
	q1 [label = "q1", shape = doublecircle, final="true" ];
	q2 [label = "q2", shape = doublecircle, final="true" ];
	q3 [label = "q3", shape = doublecircle, final="true" ];
	q4 [label = "q4", shape = doublecircle, final="true" ];
	q5 [label = "q5", shape = doublecircle, final="true" ];
	q6 [label = "q6", shape = doublecircle, final="true" ];
	q7 [label = "q7", shape = doublecircle, final="true" ];
	q8 [label = "q8", shape = doublecircle, final="true" ];
	q9 [label = "q9", shape = doublecircle, final="true" ];
	q10 [label = "q10", shape = doublecircle, final="true" ];
	q11 [label = "q11", shape = doublecircle, final="true" ];
	q12 [label = "q12"];
	q13 [label = "q13", shape = doublecircle, final="true" ];
	q14 [label = "q14", shape = doublecircle, final="true" ];
	q15 [label = "q15", shape = doublecircle, final="true" ];
	q16 [label = "q16", shape = doublecircle, final="true" ];
	q17 [label = "q17", shape = doublecircle, final="true" ];
	q18 [label = "q18", shape = doublecircle, final="true" ];
	q19 [label = "q19", shape = doublecircle, final="true" ];
	q20 [label = "q20", shape = doublecircle, final="true" ];
	q21 [label = "q21", shape = doublecircle, final="true" ];
	q22 [label = "q22", shape = doublecircle, final="true" ];
	q23 [label = "q23", shape = doublecircle, final="true" ];
	q24 [label = "q24", shape = doublecircle, final="true" ];
	q25 [label = "q25", shape = doublecircle, final="true" ];
	q26 [label = "q26", shape = doublecircle, final="true" ];
	q27 [label = "q27", shape = doublecircle, final="true" ];
	q28 [label = "q28"];
	q29 [label = "q29", shape = doublecircle, final="true" ];
	q30 [label = "q30", shape = doublecircle, final="true" ];
	q31 [label = "q31", shape = doublecircle, final="true" ];
	q32 [label = "q32", shape = doublecircle, final="true" ];
	q33 [label = "q33", shape = doublecircle, final="true" ];
	q34 [label = "q34", shape = doublecircle, final="true" ];
	q35 [label = "q35", shape = doublecircle, final="true" ];
	q36 [label = "q36", shape = doublecircle, final="true" ];
	q37 [label = "q37", shape = doublecircle, final="true" ];
	q38 [label = "q38", shape = doublecircle, final="true" ];
	q39 [label = "q39", shape = doublecircle, final="true" ];
	q40 [label = "q40", shape = doublecircle, final="true" ];
	q41 [label = "q41", shape = doublecircle, final="true" ];
	s0 -> q5
	s1 -> q6
	s2 -> q8
	s3 -> q9
	s4 -> q12
	s5 -> q13
	s6 -> q21
	s7 -> q24
	s8 -> q28
	s9 -> q30
	s10 -> q35
	s11 -> q40
	q20 -> q41 [label = "b"];
	q20 -> q32 [label = "b"];
	q20 -> q20 [label = "b"];
	q20 -> q11 [label = "b"];
	q20 -> q10 [label = "b"];
	q22 -> q21 [label = "a"];
	q22 -> q9 [label = "a"];
	q17 -> q25 [label = "c"];
	q17 -> q8 [label = "c"];
	q21 -> q40 [label = "a"];
	q21 -> q21 [label = "a"];
	q19 -> q21 [label = "a"];
	q17 -> q41 [label = "b, c"];
	q17 -> q31 [label = "b, c"];
	q19 -> q13 [label = "a"];
	q17 -> q29 [label = "b"];
	q17 -> q23 [label = "b, c"];
	q17 -> q20 [label = "b, c"];
	q17 -> q10 [label = "b, c"];
	q23 -> q33 [label = "c"];
	q23 -> q21 [label = "c"];
	q23 -> q19 [label = "c"];
	q23 -> q11 [label = "c"];
	q17 -> q30 [label = "a"];
	q17 -> q13 [label = "a"];
	q17 -> q9 [label = "a"];
	q17 -> q6 [label = "a"];
	q16 -> q26 [label = "c"];
	q16 -> q8 [label = "c"];
	q20 -> q21 [label = "a"];
	q16 -> q41 [label = "b"];
	q16 -> q31 [label = "b"];
	q16 -> q29 [label = "b"];
	q16 -> q23 [label = "b, c"];
	q18 -> q41 [label = "b"];
	q18 -> q39 [label = "b"];
	q18 -> q32 [label = "b"];
	q18 -> q29 [label = "b"];
	q18 -> q28 [label = "b"];
	q18 -> q27 [label = "b"];
	q18 -> q25 [label = "b"];
	q18 -> q24 [label = "b"];
	q18 -> q23 [label = "b"];
	q18 -> q19 [label = "b"];
	q18 -> q31 [label = "b"];
	q18 -> q18 [label = "b"];
	q18 -> q17 [label = "b"];
	q18 -> q9 [label = "b"];
	q18 -> q7 [label = "b"];
	q18 -> q5 [label = "b"];
	q16 -> q14 [label = "b"];
	q18 -> q3 [label = "b"];
	q18 -> q2 [label = "b"];
	q18 -> q1 [label = "b"];
	q18 -> q0 [label = "b"];
	q16 -> q30 [label = "a"];
	q16 -> q24 [label = "a"];
	q16 -> q21 [label = "a"];
	q16 -> q13 [label = "a"];
	q16 -> q9 [label = "a"];
	q16 -> q6 [label = "a"];
	q20 -> q19 [label = "b, c"];
	q15 -> q36 [label = "a"];
	q15 -> q32 [label = "a"];
	q15 -> q31 [label = "a"];
	q15 -> q28 [label = "a"];
	q15 -> q17 [label = "a"];
	q19 -> q31 [label = "b"];
	q15 -> q12 [label = "a"];
	q15 -> q5 [label = "a"];
	q15 -> q3 [label = "a"];
	q15 -> q2 [label = "a"];
	q21 -> q28 [label = "c"];
	q13 -> q8 [label = "b"];
	q14 -> q13 [label = "a"];
	q12 -> q18 [label = "b"];
	q15 -> q22 [label = "a, b"];
	q22 -> q31 [label = "b"];
	q15 -> q20 [label = "b"];
	q15 -> q19 [label = "a, b"];
	q18 -> q15 [label = "b, c"];
	q15 -> q14 [label = "b"];
	q13 -> q30 [label = "a"];
	q13 -> q24 [label = "a"];
	q16 -> q22 [label = "b"];
	q13 -> q21 [label = "a"];
	q13 -> q9 [label = "a"];
	q13 -> q6 [label = "a"];
	q3 -> q41 [label = "c"];
	q3 -> q28 [label = "c"];
	q3 -> q20 [label = "c"];
	q16 -> q19 [label = "b"];
	q5 -> q41 [label = "b"];
	q18 -> q33 [label = "b"];
	q5 -> q18 [label = "b"];
	q5 -> q10 [label = "b"];
	q5 -> q2 [label = "b"];
	q5 -> q0 [label = "b"];
	q22 -> q32 [label = "b"];
	q7 -> q35 [label = "a"];
	q7 -> q21 [label = "a"];
	q7 -> q17 [label = "a"];
	q7 -> q13 [label = "a"];
	q7 -> q9 [label = "a"];
	q15 -> q23 [label = "a"];
	q7 -> q6 [label = "a"];
	q2 -> q33 [label = "c"];
	q2 -> q22 [label = "c"];
	q2 -> q21 [label = "c"];
	q2 -> q17 [label = "c"];
	q2 -> q11 [label = "c"];
	q4 -> q36 [label = "b"];
	q4 -> q2 [label = "b"];
	q14 -> q9 [label = "a"];
	q6 -> q30 [label = "a"];
	q6 -> q21 [label = "a"];
	q17 -> q40 [label = "a"];
	q6 -> q9 [label = "a"];
	q1 -> q26 [label = "c"];
	q7 -> q39 [label = "b"];
	q7 -> q22 [label = "b"];
	q7 -> q19 [label = "a, b"];
	q7 -> q14 [label = "b"];
	q21 -> q13 [label = "a"];
	q7 -> q2 [label = "b"];
	q27 -> q15 [label = "c"];
	q27 -> q3 [label = "c"];
	q33 -> q41 [label = "b, c"];
	q29 -> q33 [label = "b, c"];
	q1 -> q24 [label = "a"];
	q29 -> q31 [label = "b"];
	q21 -> q30 [label = "a"];
	q29 -> q19 [label = "b, c"];
	q23 -> q24 [label = "a"];
	q29 -> q18 [label = "b"];
	q35 -> q30 [label = "a"];
	q16 -> q10 [label = "b"];
	q18 -> q37 [label = "b"];
	q29 -> q14 [label = "b"];
	q38 -> q28 [label = "a, c"];
	q37 -> q13 [label = "a"];
	q34 -> q37 [label = "b"];
	q8 -> q3 [label = "c"];
	q4 -> q24 [label = "a"];
	q40 -> q28 [label = "b, c"];
	q29 -> q22 [label = "b, c"];
	q0 -> q7 [label = "c"];
	q36 -> q39 [label = "c"];
	q18 -> q38 [label = "b"];
	q7 -> q25 [label = "c"];
	q16 -> q20 [label = "b"];
	q3 -> q24 [label = "a"];
	q33 -> q31 [label = "b, c"];
	q4 -> q40 [label = "a"];
	q2 -> q39 [label = "c"];
	q36 -> q35 [label = "c"];
	q2 -> q3 [label = "c"];
	q36 -> q21 [label = "c"];
	q7 -> q30 [label = "a"];
	q8 -> q18 [label = "b"];
	q36 -> q13 [label = "c"];
	q19 -> q20 [label = "c"];
	q32 -> q41 [label = "b"];
	q4 -> q5 [label = "a, c"];
	q32 -> q32 [label = "b"];
	q11 -> q9 [label = "a"];
	q39 -> q31 [label = "b, c"];
	q16 -> q28 [label = "c"];
	q7 -> q33 [label = "b"];
	q40 -> q19 [label = "c"];
	q26 -> q5 [label = "a"];
	q1 -> q13 [label = "a"];
	q34 -> q31 [label = "a, b"];
	q14 -> q18 [label = "b"];
	q36 -> q22 [label = "a, c"];
	q34 -> q38 [label = "b"];
	q25 -> q19 [label = "a, b, c"];
	q2 -> q15 [label = "b"];
	q39 -> q18 [label = "b"];
	q34 -> q16 [label = "a"];
	q29 -> q39 [label = "b"];
	q34 -> q3 [label = "a, b"];
	q29 -> q0 [label = "b"];
	q34 -> q0 [label = "a, b"];
	q36 -> q7 [label = "c"];
	q32 -> q39 [label = "c"];
	q32 -> q33 [label = "c"];
	q32 -> q22 [label = "c"];
	q32 -> q19 [label = "c"];
	q41 -> q21 [label = "a"];
	q15 -> q11 [label = "b"];
	q36 -> q31 [label = "a"];
	q36 -> q6 [label = "a, c"];
	q36 -> q16 [label = "c"];
	q36 -> q23 [label = "a"];
	q25 -> q0 [label = "b"];
	q34 -> q5 [label = "a, b"];
	q14 -> q19 [label = "b, c"];
	q36 -> q8 [label = "a"];
	q32 -> q34 [label = "b"];
	q4 -> q12 [label = "b, c"];
	q36 -> q5 [label = "a"];
	q34 -> q19 [label = "a, b, c"];
	q38 -> q33 [label = "b"];
	q31 -> q24 [label = "a"];
	q35 -> q24 [label = "a"];
	q25 -> q14 [label = "b"];
	q38 -> q10 [label = "b, c"];
	q26 -> q24 [label = "a"];
	q38 -> q0 [label = "b"];
	q33 -> q24 [label = "a"];
	q35 -> q31 [label = "b"];
	q25 -> q6 [label = "a, c"];
	q3 -> q6 [label = "a"];
	q29 -> q23 [label = "b"];
	q35 -> q41 [label = "b"];
	q10 -> q32 [label = "b"];
	q37 -> q30 [label = "a"];
	q32 -> q31 [label = "b"];
	q35 -> q20 [label = "b"];
	q32 -> q24 [label = "a"];
	q18 -> q10 [label = "b"];
	q37 -> q22 [label = "a, b, c"];
	q35 -> q5 [label = "b"];
	q39 -> q19 [label = "b"];
	q30 -> q5 [label = "b, c"];
	q37 -> q14 [label = "c"];
	q11 -> q11 [label = "b"];
	q18 -> q8 [label = "b"];
	q33 -> q22 [label = "b"];
	q34 -> q10 [label = "a, b"];
	q32 -> q21 [label = "a"];
	q33 -> q11 [label = "b"];
	q25 -> q32 [label = "b"];
	q33 -> q2 [label = "b"];
	q18 -> q16 [label = "a, b"];
	q30 -> q28 [label = "b, c"];
	q33 -> q0 [label = "b"];
	q30 -> q24 [label = "a"];
	q34 -> q41 [label = "a, b"];
	q28 -> q21 [label = "c"];
	q25 -> q22 [label = "a, b, c"];
	q2 -> q7 [label = "c"];
	q0 -> q21 [label = "a, b"];
	q15 -> q6 [label = "a"];
	q31 -> q22 [label = "c"];
	q38 -> q41 [label = "b, c"];
	q15 -> q24 [label = "a"];
	q35 -> q6 [label = "a"];
	q15 -> q9 [label = "a"];
	q37 -> q23 [label = "a, b, c"];
	q3 -> q27 [label = "c"];
	q32 -> q9 [label = "a"];
	q29 -> q10 [label = "b"];
	q39 -> q9 [label = "a"];
	q6 -> q23 [label = "b"];
	q34 -> q9 [label = "a, b"];
	q37 -> q6 [label = "a"];
	q7 -> q23 [label = "b, c"];
	q38 -> q2 [label = "a, b"];
	q38 -> q32 [label = "a, b"];
	q13 -> q13 [label = "a"];
	q27 -> q6 [label = "a, c"];
	q38 -> q27 [label = "c"];
	q40 -> q41 [label = "b"];
	q40 -> q31 [label = "b, c"];
	q38 -> q40 [label = "a"];
	q27 -> q10 [label = "b"];
	q25 -> q18 [label = "b"];
	q37 -> q31 [label = "a, b, c"];
	q3 -> q35 [label = "a"];
	q7 -> q18 [label = "b"];
	q38 -> q6 [label = "a"];
	q6 -> q13 [label = "a"];
	q25 -> q23 [label = "a, b"];
	q28 -> q19 [label = "a"];
	q35 -> q23 [label = "b, c"];
	q40 -> q13 [label = "a"];
	q10 -> q20 [label = "b"];
	q15 -> q21 [label = "a"];
	q35 -> q21 [label = "a"];
	q40 -> q6 [label = "a"];
	q2 -> q19 [label = "c"];
	q1 -> q23 [label = "b, c"];
	q15 -> q8 [label = "a"];
	q39 -> q21 [label = "a"];
	q36 -> q17 [label = "c"];
	q31 -> q19 [label = "c"];
	q18 -> q34 [label = "b"];
	q15 -> q15 [label = "c"];
	q14 -> q21 [label = "a, c"];
	q40 -> q5 [label = "b, c"];
	q41 -> q10 [label = "b"];
	q38 -> q30 [label = "a"];
	q24 -> q28 [label = "b"];
	q40 -> q12 [label = "b, c"];
	q35 -> q36 [label = "c"];
	q41 -> q41 [label = "b"];
	q41 -> q32 [label = "b"];
	q27 -> q20 [label = "b"];
	q39 -> q13 [label = "a"];
	q36 -> q33 [label = "c"];
	q10 -> q22 [label = "b, c"];
	q36 -> q1 [label = "c"];
	q40 -> q32 [label = "b"];
	q41 -> q22 [label = "b, c"];
	q1 -> q14 [label = "b"];
	q0 -> q3 [label = "b"];
	q32 -> q0 [label = "b"];
	q1 -> q21 [label = "a"];
	q36 -> q11 [label = "c"];
	q38 -> q36 [label = "a"];
	q22 -> q13 [label = "a"];
	q18 -> q26 [label = "b"];
	q41 -> q19 [label = "b, c"];
	q38 -> q20 [label = "b, c"];
	q39 -> q35 [label = "a"];
	q9 -> q9 [label = "a"];
	q38 -> q5 [label = "a, c"];
	q40 -> q24 [label = "a"];
	q40 -> q23 [label = "b, c"];
	q37 -> q41 [label = "b, c"];
	q34 -> q17 [label = "a, b"];
	q0 -> q8 [label = "b"];
	q41 -> q31 [label = "b"];
	q3 -> q30 [label = "a"];
	q34 -> q14 [label = "a"];
	q21 -> q6 [label = "a"];
	q26 -> q17 [label = "c"];
	q39 -> q15 [label = "c"];
	q33 -> q13 [label = "a"];
	q9 -> q21 [label = "a"];
	q34 -> q20 [label = "a, b"];
	q37 -> q0 [label = "b"];
	q35 -> q8 [label = "b, c"];
	q19 -> q9 [label = "a"];
	q41 -> q11 [label = "b, c"];
	q36 -> q18 [label = "b, c"];
	q40 -> q40 [label = "a"];
	q32 -> q1 [label = "a"];
	q37 -> q32 [label = "a, b"];
	q22 -> q41 [label = "c"];
	q37 -> q29 [label = "c"];
	q37 -> q2 [label = "a, b"];
	q38 -> q3 [label = "a"];
	q37 -> q20 [label = "b, c"];
	q5 -> q32 [label = "b"];
	q27 -> q7 [label = "c"];
	q29 -> q2 [label = "b"];
	q32 -> q20 [label = "b"];
	q40 -> q10 [label = "b"];
	q33 -> q8 [label = "c"];
	q29 -> q32 [label = "b"];
	q37 -> q5 [label = "a, c"];
	q27 -> q16 [label = "c"];
	q40 -> q9 [label = "a"];
	q1 -> q29 [label = "b"];
	q40 -> q30 [label = "a"];
	q36 -> q19 [label = "a, c"];
	q38 -> q9 [label = "a"];
	q29 -> q21 [label = "a, c"];
	q25 -> q3 [label = "c"];
	q38 -> q21 [label = "a"];
	q25 -> q9 [label = "a"];
	q35 -> q29 [label = "b"];
	q37 -> q8 [label = "a, c"];
	q39 -> q20 [label = "b, c"];
	q34 -> q24 [label = "a, b"];
	q37 -> q33 [label = "b"];
	q38 -> q23 [label = "a, b, c"];
	q34 -> q36 [label = "a"];
	q34 -> q8 [label = "a, b"];
	q39 -> q2 [label = "b"];
	q30 -> q21 [label = "a"];
	q11 -> q41 [label = "b, c"];
	q36 -> q30 [label = "c"];
	q10 -> q31 [label = "b"];
	q39 -> q39 [label = "b"];
	q38 -> q4 [label = "a"];
	q18 -> q14 [label = "b"];
	q26 -> q28 [label = "a"];
	q38 -> q31 [label = "a, b, c"];
	q17 -> q24 [label = "a"];
	q39 -> q14 [label = "b"];
	q4 -> q26 [label = "b"];
	q33 -> q33 [label = "b"];
	q26 -> q3 [label = "c"];
	q38 -> q24 [label = "a"];
	q37 -> q36 [label = "a"];
	q14 -> q11 [label = "b, c"];
	q39 -> q24 [label = "a"];
	q34 -> q7 [label = "a, c"];
	q14 -> q10 [label = "b, c"];
	q20 -> q31 [label = "b"];
	q31 -> q9 [label = "a"];
	q36 -> q3 [label = "c"];
	q24 -> q30 [label = "a"];
	q0 -> q19 [label = "b, c"];
	q34 -> q11 [label = "a, b, c"];
	q5 -> q3 [label = "c"];
	q15 -> q10 [label = "b"];
	q32 -> q11 [label = "c"];
	q34 -> q22 [label = "a, b, c"];
	q39 -> q0 [label = "b"];
	q7 -> q31 [label = "b, c"];
	q37 -> q10 [label = "b, c"];
	q29 -> q6 [label = "c"];
	q39 -> q10 [label = "b, c"];
	q34 -> q6 [label = "a, b, c"];
	q11 -> q32 [label = "b"];
	q5 -> q21 [label = "a, c"];
	q0 -> q24 [label = "a, b"];
	q29 -> q9 [label = "a"];
	q0 -> q34 [label = "b"];
	q38 -> q8 [label = "a, c"];
	q34 -> q34 [label = "b"];
	q9 -> q40 [label = "a"];
	q34 -> q23 [label = "a, b"];
	q38 -> q11 [label = "b"];
	q39 -> q5 [label = "c"];
	q29 -> q20 [label = "b"];
	q34 -> q32 [label = "a, b"];
	q40 -> q22 [label = "c"];
	q39 -> q33 [label = "b"];
	q4 -> q20 [label = "a, c"];
	q37 -> q3 [label = "a"];
	q34 -> q28 [label = "a, b"];
	q12 -> q21 [label = "c"];
	q35 -> q10 [label = "b"];
	q25 -> q2 [label = "b"];
	q37 -> q11 [label = "b, c"];
	q12 -> q9 [label = "c"];
	q37 -> q9 [label = "a"];
	q14 -> q14 [label = "b"];
	q25 -> q20 [label = "b"];
	q38 -> q12 [label = "a"];
	q37 -> q17 [label = "a"];
	q36 -> q24 [label = "a, c"];
	q33 -> q10 [label = "b, c"];
	q26 -> q7 [label = "c"];
	q30 -> q10 [label = "b"];
	q1 -> q11 [label = "b"];
	q0 -> q26 [label = "b"];
	q29 -> q11 [label = "b, c"];
	q37 -> q21 [label = "a"];
	q4 -> q1 [label = "a"];
	q37 -> q35 [label = "a"];
	q35 -> q13 [label = "a"];
	q28 -> q18 [label = "b"];
	q3 -> q21 [label = "a"];
	q29 -> q29 [label = "b"];
	q0 -> q23 [label = "b"];
	q16 -> q40 [label = "a"];
	q37 -> q28 [label = "a, c"];
	q36 -> q4 [label = "c"];
	q37 -> q40 [label = "a"];
	q34 -> q33 [label = "a, b, c"];
	q30 -> q20 [label = "b"];
	q23 -> q3 [label = "c"];
	q18 -> q21 [label = "a, b"];
	q29 -> q38 [label = "c"];
	q3 -> q13 [label = "a"];
	q33 -> q28 [label = "c"];
	q23 -> q18 [label = "b"];
	q34 -> q25 [label = "a, b"];
	q34 -> q18 [label = "a"];
	q33 -> q29 [label = "c"];
	q25 -> q39 [label = "b, c"];
	q38 -> q19 [label = "a, b"];
	q38 -> q35 [label = "a"];
	q31 -> q32 [label = "b"];
	q26 -> q11 [label = "c"];
	q12 -> q3 [label = "c"];
	q37 -> q19 [label = "a, b, c"];
	q33 -> q23 [label = "b, c"];
	q24 -> q6 [label = "a"];
	q23 -> q6 [label = "c"];
	q39 -> q29 [label = "b, c"];
	q35 -> q28 [label = "b, c"];
	q39 -> q25 [label = "c"];
	q27 -> q17 [label = "a, c"];
	q30 -> q12 [label = "b, c"];
	q40 -> q8 [label = "b, c"];
	q27 -> q19 [label = "a, b, c"];
	q34 -> q1 [label = "a"];
	q36 -> q9 [label = "c"];
	q4 -> q6 [label = "a"];
	q34 -> q26 [label = "b"];
	q27 -> q22 [label = "b, c"];
	q29 -> q41 [label = "b"];
	q11 -> q10 [label = "b, c"];
	q27 -> q33 [label = "b, c"];
	q27 -> q38 [label = "c"];
	q27 -> q11 [label = "b, c"];
	q27 -> q39 [label = "b, c"];
	q4 -> q27 [label = "c"];
	q39 -> q23 [label = "b, c"];
	q30 -> q6 [label = "a"];
	q35 -> q12 [label = "b, c"];
	q30 -> q9 [label = "a"];
	q39 -> q41 [label = "b, c"];
	q30 -> q23 [label = "b, c"];
	q6 -> q31 [label = "b"];
	q30 -> q13 [label = "a"];
	q17 -> q5 [label = "c"];
	q11 -> q21 [label = "a"];
	q14 -> q0 [label = "b"];
	q3 -> q9 [label = "a"];
	q30 -> q30 [label = "a"];
	q12 -> q13 [label = "c"];
	q23 -> q22 [label = "c"];
	q38 -> q29 [label = "c"];
	q30 -> q40 [label = "a"];
	q25 -> q24 [label = "a"];
	q27 -> q31 [label = "b"];
	q0 -> q16 [label = "a"];
	q17 -> q21 [label = "a"];
	q39 -> q27 [label = "c"];
	q26 -> q6 [label = "a, c"];
	q25 -> q7 [label = "c"];
	q1 -> q6 [label = "a"];
	q7 -> q24 [label = "a"];
	q1 -> q41 [label = "b"];
	q26 -> q16 [label = "c"];
	q26 -> q19 [label = "a, c"];
	q4 -> q9 [label = "a"];
	q26 -> q21 [label = "c"];
	q13 -> q40 [label = "a"];
	q26 -> q22 [label = "a, c"];
	q1 -> q19 [label = "b"];
	q26 -> q33 [label = "c"];
	q18 -> q6 [label = "b"];
	q26 -> q39 [label = "c"];
	q31 -> q0 [label = "b"];
	q39 -> q32 [label = "b"];
	q31 -> q10 [label = "b"];
	q31 -> q20 [label = "b"];
	q6 -> q5 [label = "c"];
	q31 -> q31 [label = "b"];
	q31 -> q41 [label = "b"];
	q37 -> q12 [label = "a"];
	q39 -> q22 [label = "b"];
	q29 -> q24 [label = "a"];
	q7 -> q0 [label = "b"];
	q25 -> q11 [label = "b, c"];
	q35 -> q40 [label = "a"];
	q25 -> q16 [label = "c"];
	q25 -> q17 [label = "a, c"];
	q31 -> q11 [label = "c"];
	q40 -> q21 [label = "a"];
	q37 -> q4 [label = "a"];
	q25 -> q21 [label = "a, c"];
	q4 -> q16 [label = "a"];
	q31 -> q33 [label = "c"];
	q25 -> q10 [label = "b"];
	q0 -> q5 [label = "b"];
	q21 -> q9 [label = "a"];
	q25 -> q31 [label = "a, b"];
	q13 -> q23 [label = "b"];
	q41 -> q20 [label = "b"];
	q29 -> q3 [label = "c"];
	q11 -> q20 [label = "b, c"];
	q10 -> q11 [label = "b, c"];
	q27 -> q18 [label = "b"];
	q5 -> q6 [label = "a, c"];
	q27 -> q2 [label = "b"];
	q27 -> q23 [label = "b"];
	q27 -> q29 [label = "b"];
	q20 -> q22 [label = "b, c"];
	q7 -> q20 [label = "b, c"];
	q27 -> q32 [label = "b"];
	q27 -> q41 [label = "b"];
	q40 -> q20 [label = "b"];
	q27 -> q14 [label = "b"];
	q24 -> q21 [label = "a"];
	q25 -> q5 [label = "a"];
	q14 -> q39 [label = "b"];
	q30 -> q8 [label = "b, c"];
	q33 -> q35 [label = "a"];
	q0 -> q17 [label = "b"];
	q2 -> q24 [label = "a"];
	q30 -> q31 [label = "b, c"];
	q0 -> q22 [label = "b, c"];
	q25 -> q29 [label = "b"];
	q34 -> q12 [label = "a"];
	q30 -> q41 [label = "b"];
	q2 -> q6 [label = "c"];
	q26 -> q8 [label = "a"];
	q26 -> q12 [label = "a"];
	q26 -> q23 [label = "a"];
	q16 -> q11 [label = "b"];
	q0 -> q11 [label = "b, c"];
	q26 -> q32 [label = "a"];
	q7 -> q11 [label = "b"];
	q24 -> q5 [label = "b"];
	q34 -> q29 [label = "a"];
	q24 -> q23 [label = "b"];
	q24 -> q31 [label = "b"];
	q0 -> q20 [label = "b"];
	q33 -> q27 [label = "c"];
	q28 -> q3 [label = "c"];
	q7 -> q32 [label = "b"];
	q7 -> q26 [label = "c"];
	q5 -> q20 [label = "b"];
	q26 -> q18 [label = "b"];
	q26 -> q31 [label = "a"];
	q24 -> q9 [label = "a"];
	q8 -> q19 [label = "c"];
	q24 -> q13 [label = "a"];
	q39 -> q11 [label = "b"];
	q33 -> q20 [label = "b, c"];
	q24 -> q24 [label = "a"];
	q21 -> q23 [label = "b"];
	q34 -> q27 [label = "a"];
	q37 -> q24 [label = "a"];
	q7 -> q27 [label = "c"];
	q9 -> q8 [label = "b"];
	q2 -> q16 [label = "c"];
	q9 -> q23 [label = "b"];
	q33 -> q9 [label = "a"];
	q9 -> q28 [label = "b, c"];
	q11 -> q13 [label = "a"];
	q9 -> q6 [label = "a"];
	q34 -> q21 [label = "a, b"];
	q9 -> q13 [label = "a"];
	q18 -> q11 [label = "b"];
	q9 -> q24 [label = "a"];
	q0 -> q37 [label = "b"];
	q7 -> q29 [label = "b, c"];
	q9 -> q30 [label = "a"];
	q11 -> q19 [label = "b"];
	q17 -> q28 [label = "c"];
	q38 -> q22 [label = "a, b"];
	q14 -> q33 [label = "b"];
	q34 -> q2 [label = "a, b"];
	q11 -> q22 [label = "b"];
	q10 -> q41 [label = "b"];
	q11 -> q31 [label = "b"];
	q22 -> q20 [label = "c"];
	q5 -> q31 [label = "b"];
	q13 -> q28 [label = "b, c"];
	q7 -> q28 [label = "c"];
	q33 -> q21 [label = "a"];
	q8 -> q6 [label = "a, c"];
	q24 -> q8 [label = "b, c"];
	q8 -> q21 [label = "c"];
	q15 -> q41 [label = "b"];
	q8 -> q22 [label = "c"];
	q27 -> q0 [label = "b"];
	q12 -> q19 [label = "a"];
	q14 -> q41 [label = "b, c"];
	q14 -> q2 [label = "b"];
	q2 -> q1 [label = "a"];
	q14 -> q20 [label = "b, c"];
	q14 -> q22 [label = "b, c"];
	q14 -> q23 [label = "b"];
	q14 -> q29 [label = "b"];
	q14 -> q31 [label = "b"];
	q14 -> q32 [label = "b"];
	q0 -> q39 [label = "c"];
	q13 -> q12 [label = "b, c"];
	q10 -> q21 [label = "a"];
	q14 -> q6 [label = "c"];
	q18 -> q22 [label = "b"];
	q6 -> q6 [label = "a"];
	q14 -> q37 [label = "c"];
	q0 -> q38 [label = "b"];
	q38 -> q17 [label = "a"];
	q10 -> q10 [label = "b"];
	q2 -> q18 [label = "b"];
	q10 -> q9 [label = "a"];
	q10 -> q19 [label = "b, c"];
	q12 -> q4 [label = "c"];
	q4 -> q8 [label = "a, b, c"];
	q4 -> q28 [label = "b, c"];
	q6 -> q24 [label = "a"];
	q4 -> q41 [label = "c"];
	q0 -> q1 [label = "a"];
	q5 -> q23 [label = "b"];
	q34 -> q39 [label = "a, c"];
	q0 -> q9 [label = "a, b"];
	q6 -> q8 [label = "c"];
	q21 -> q24 [label = "a"];
	q0 -> q0 [label = "b"];
	q0 -> q2 [label = "b"];
	q0 -> q6 [label = "b, c"];
	q38 -> q13 [label = "a"];
	q0 -> q32 [label = "b"];
	q33 -> q32 [label = "b"];
	q0 -> q10 [label = "b"];
	q25 -> q33 [label = "b, c"];
	q0 -> q25 [label = "b"];
	q39 -> q8 [label = "c"];
	q0 -> q28 [label = "b"];
	q32 -> q10 [label = "b"];
	q0 -> q31 [label = "b"];
	q18 -> q20 [label = "b"];
	q0 -> q33 [label = "b, c"];
	q0 -> q41 [label = "b"];
	q4 -> q13 [label = "a"];
	q32 -> q16 [label = "a"];
	q27 -> q21 [label = "a, c"];
	q4 -> q21 [label = "a"];
	q25 -> q41 [label = "b"];
	q4 -> q30 [label = "a"];
	q39 -> q28 [label = "c"];
	q33 -> q19 [label = "b"];
	q3 -> q40 [label = "a"];
	q4 -> q35 [label = "a"];
	q5 -> q19 [label = "c"];
	q5 -> q22 [label = "c"];
	q31 -> q21 [label = "a"];
	q1 -> q9 [label = "a"];
	q1 -> q30 [label = "a"];
	q35 -> q9 [label = "a"];
	q3 -> q2 [label = "b"];
	q33 -> q5 [label = "c"];
	q3 -> q23 [label = "b"];
	q7 -> q8 [label = "c"];
	q25 -> q8 [label = "a"];
	q7 -> q10 [label = "b, c"];
	q7 -> q15 [label = "c"];
	q7 -> q41 [label = "b, c"];
	q1 -> q5 [label = "b"];
	q4 -> q23 [label = "b"];
	q1 -> q8 [label = "b, c"];
	q1 -> q10 [label = "b"];
	q39 -> q26 [label = "c"];
	q7 -> q5 [label = "c"];
	q1 -> q20 [label = "b"];
	q1 -> q22 [label = "b"];
	q1 -> q28 [label = "b, c"];
	q5 -> q29 [label = "b"];
	q1 -> q31 [label = "b"];
	q3 -> q5 [label = "a, c"];
	q3 -> q8 [label = "a, c"];
}
NFA size: 42 states

