Random target AFA:
digraph finite_state_machine {
	rankdir=LR;
	node [shape = circle];
	s0 [shape = point, style = invis, start="true" ];
	s1 [shape = point, style = invis, start="true" ];
	q0 [label = "q0", shape = doublecircle, final="true" ];
	q1 [label = "q1"];
	q2 [label = "q2"];
	q3 [label = "q3", shape = doublecircle, final="true" ];
	q4 [label = "q4", shape = doublecircle, final="true" ];
	q5 [label = "q5", shape = doublecircle, final="true" ];
	m0 [label = "", shape = square, style = filled, color=grey, fixedsize=true, width=.2];
	m1 [label = "", shape = square, style = filled, color=grey, fixedsize=true, width=.2];
	m2 [label = "", shape = square, style = filled, color=grey, fixedsize=true, width=.2];
	m3 [label = "", shape = square, style = filled, color=grey, fixedsize=true, width=.2];
	m4 [label = "", shape = square, style = filled, color=grey, fixedsize=true, width=.2];
	m5 [label = "", shape = square, style = filled, color=grey, fixedsize=true, width=.2];
	s0 -> q2
	s1 -> q0
	q3 -> m4 [label = "c"];
	q0 -> q3 [label = "c"];
	q5 -> m4 [label = "a"];
	q1 -> q1 [label = "c"];
	q2 -> m2 [label = "a"];
	q4 -> q3 [label = "a"];
	q0 -> q5 [label = "b"];
	q2 -> q0 [label = "a, b, c"];
	q5 -> m2 [label = "c"];
	q2 -> q3 [label = "b"];
	q4 -> q4 [label = "a"];
	q5 -> q2 [label = "c"];
	q0 -> m1 [label = "a"];
	q1 -> q5 [label = "a, c"];
	q0 -> q4 [label = "b"];
	q3 -> m1 [label = "b"];
	q0 -> q2 [label = "a"];
	q4 -> m0 [label = "c"];
	q5 -> q3 [label = "b"];
	q5 -> m5 [label = "b"];
	q3 -> q3 [label = "b"];
	q1 -> m1 [label = "b"];
	q1 -> q3 [label = "b"];
	q3 -> m0 [label = "a"];
	q3 -> q1 [label = "a, c"];
	q5 -> m3 [label = "a"];
	q4 -> q5 [label = "b"];
	q4 -> q0 [label = "c"];
	q4 -> q2 [label = "b"];
	q2 -> q1 [label = "c"];
	m0 -> q1;
	m0 -> q5;
	m1 -> q2;
	m1 -> q5;
	m2 -> q0;
	m2 -> q5;
	m3 -> q3;
	m3 -> q4;
	m4 -> q3;
	m4 -> q5;
	m5 -> q2;
	m5 -> q3;
}

L* output after 4 EQ and 265958 MQ:
digraph finite_state_machine {
	rankdir=LR;
	node [shape = circle];
	s0 [shape = point, style = invis, start="true" ];
	q0 [label = "q0", shape = doublecircle, final="true" ];
	q1 [label = "q1", shape = doublecircle, final="true" ];
	q2 [label = "q2", shape = doublecircle, final="true" ];
	q3 [label = "q3", shape = doublecircle, final="true" ];
	q4 [label = "q4", shape = doublecircle, final="true" ];
	q5 [label = "q5", shape = doublecircle, final="true" ];
	q6 [label = "q6", shape = doublecircle, final="true" ];
	q7 [label = "q7", shape = doublecircle, final="true" ];
	q8 [label = "q8", shape = doublecircle, final="true" ];
	q9 [label = "q9", shape = doublecircle, final="true" ];
	q10 [label = "q10", shape = doublecircle, final="true" ];
	q11 [label = "q11", shape = doublecircle, final="true" ];
	q12 [label = "q12", shape = doublecircle, final="true" ];
	q13 [label = "q13", shape = doublecircle, final="true" ];
	q14 [label = "q14", shape = doublecircle, final="true" ];
	q15 [label = "q15", shape = doublecircle, final="true" ];
	q16 [label = "q16", shape = doublecircle, final="true" ];
	q17 [label = "q17", shape = doublecircle, final="true" ];
	q18 [label = "q18", shape = doublecircle, final="true" ];
	q19 [label = "q19", shape = doublecircle, final="true" ];
	q20 [label = "q20", shape = doublecircle, final="true" ];
	q21 [label = "q21", shape = doublecircle, final="true" ];
	q22 [label = "q22", shape = doublecircle, final="true" ];
	q23 [label = "q23", shape = doublecircle, final="true" ];
	q24 [label = "q24", shape = doublecircle, final="true" ];
	q25 [label = "q25", shape = doublecircle, final="true" ];
	q26 [label = "q26", shape = doublecircle, final="true" ];
	q27 [label = "q27", shape = doublecircle, final="true" ];
	q28 [label = "q28", shape = doublecircle, final="true" ];
	q29 [label = "q29", shape = doublecircle, final="true" ];
	q30 [label = "q30", shape = doublecircle, final="true" ];
	q31 [label = "q31", shape = doublecircle, final="true" ];
	q32 [label = "q32", shape = doublecircle, final="true" ];
	q33 [label = "q33", shape = doublecircle, final="true" ];
	q34 [label = "q34", shape = doublecircle, final="true" ];
	q35 [label = "q35", shape = doublecircle, final="true" ];
	q36 [label = "q36", shape = doublecircle, final="true" ];
	q37 [label = "q37", shape = doublecircle, final="true" ];
	q38 [label = "q38", shape = doublecircle, final="true" ];
	q39 [label = "q39", shape = doublecircle, final="true" ];
	q40 [label = "q40", shape = doublecircle, final="true" ];
	q41 [label = "q41", shape = doublecircle, final="true" ];
	q42 [label = "q42", shape = doublecircle, final="true" ];
	q43 [label = "q43", shape = doublecircle, final="true" ];
	q44 [label = "q44", shape = doublecircle, final="true" ];
	q45 [label = "q45", shape = doublecircle, final="true" ];
	q46 [label = "q46", shape = doublecircle, final="true" ];
	q47 [label = "q47", shape = doublecircle, final="true" ];
	q48 [label = "q48", shape = doublecircle, final="true" ];
	q49 [label = "q49", shape = doublecircle, final="true" ];
	q50 [label = "q50", shape = doublecircle, final="true" ];
	q51 [label = "q51", shape = doublecircle, final="true" ];
	q52 [label = "q52", shape = doublecircle, final="true" ];
	q53 [label = "q53", shape = doublecircle, final="true" ];
	q54 [label = "q54", shape = doublecircle, final="true" ];
	q55 [label = "q55", shape = doublecircle, final="true" ];
	q56 [label = "q56", shape = doublecircle, final="true" ];
	q57 [label = "q57", shape = doublecircle, final="true" ];
	q58 [label = "q58", shape = doublecircle, final="true" ];
	q59 [label = "q59", shape = doublecircle, final="true" ];
	q60 [label = "q60", shape = doublecircle, final="true" ];
	q61 [label = "q61", shape = doublecircle, final="true" ];
	q62 [label = "q62", shape = doublecircle, final="true" ];
	q63 [label = "q63", shape = doublecircle, final="true" ];
	q64 [label = "q64", shape = doublecircle, final="true" ];
	q65 [label = "q65", shape = doublecircle, final="true" ];
	q66 [label = "q66", shape = doublecircle, final="true" ];
	q67 [label = "q67", shape = doublecircle, final="true" ];
	q68 [label = "q68", shape = doublecircle, final="true" ];
	q69 [label = "q69", shape = doublecircle, final="true" ];
	q70 [label = "q70", shape = doublecircle, final="true" ];
	q71 [label = "q71", shape = doublecircle, final="true" ];
	q72 [label = "q72", shape = doublecircle, final="true" ];
	q73 [label = "q73", shape = doublecircle, final="true" ];
	q74 [label = "q74", shape = doublecircle, final="true" ];
	q75 [label = "q75", shape = doublecircle, final="true" ];
	q76 [label = "q76", shape = doublecircle, final="true" ];
	q77 [label = "q77", shape = doublecircle, final="true" ];
	q78 [label = "q78", shape = doublecircle, final="true" ];
	q79 [label = "q79", shape = doublecircle, final="true" ];
	q80 [label = "q80", shape = doublecircle, final="true" ];
	q81 [label = "q81", shape = doublecircle, final="true" ];
	q82 [label = "q82", shape = doublecircle, final="true" ];
	q83 [label = "q83", shape = doublecircle, final="true" ];
	q84 [label = "q84", shape = doublecircle, final="true" ];
	q85 [label = "q85", shape = doublecircle, final="true" ];
	q86 [label = "q86", shape = doublecircle, final="true" ];
	q87 [label = "q87", shape = doublecircle, final="true" ];
	q88 [label = "q88", shape = doublecircle, final="true" ];
	q89 [label = "q89", shape = doublecircle, final="true" ];
	q90 [label = "q90", shape = doublecircle, final="true" ];
	q91 [label = "q91", shape = doublecircle, final="true" ];
	q92 [label = "q92", shape = doublecircle, final="true" ];
	q93 [label = "q93", shape = doublecircle, final="true" ];
	q94 [label = "q94", shape = doublecircle, final="true" ];
	q95 [label = "q95", shape = doublecircle, final="true" ];
	q96 [label = "q96", shape = doublecircle, final="true" ];
	q97 [label = "q97", shape = doublecircle, final="true" ];
	q98 [label = "q98", shape = doublecircle, final="true" ];
	q99 [label = "q99", shape = doublecircle, final="true" ];
	q100 [label = "q100", shape = doublecircle, final="true" ];
	q101 [label = "q101", shape = doublecircle, final="true" ];
	q102 [label = "q102", shape = doublecircle, final="true" ];
	q103 [label = "q103", shape = doublecircle, final="true" ];
	q104 [label = "q104", shape = doublecircle, final="true" ];
	q105 [label = "q105", shape = doublecircle, final="true" ];
	q106 [label = "q106", shape = doublecircle, final="true" ];
	q107 [label = "q107", shape = doublecircle, final="true" ];
	q108 [label = "q108", shape = doublecircle, final="true" ];
	q109 [label = "q109", shape = doublecircle, final="true" ];
	q110 [label = "q110", shape = doublecircle, final="true" ];
	q111 [label = "q111", shape = doublecircle, final="true" ];
	q112 [label = "q112", shape = doublecircle, final="true" ];
	q113 [label = "q113", shape = doublecircle, final="true" ];
	q114 [label = "q114", shape = doublecircle, final="true" ];
	q115 [label = "q115", shape = doublecircle, final="true" ];
	q116 [label = "q116", shape = doublecircle, final="true" ];
	q117 [label = "q117", shape = doublecircle, final="true" ];
	q118 [label = "q118", shape = doublecircle, final="true" ];
	q119 [label = "q119", shape = doublecircle, final="true" ];
	q120 [label = "q120", shape = doublecircle, final="true" ];
	q121 [label = "q121", shape = doublecircle, final="true" ];
	q122 [label = "q122", shape = doublecircle, final="true" ];
	q123 [label = "q123", shape = doublecircle, final="true" ];
	q124 [label = "q124", shape = doublecircle, final="true" ];
	q125 [label = "q125", shape = doublecircle, final="true" ];
	q126 [label = "q126", shape = doublecircle, final="true" ];
	q127 [label = "q127", shape = doublecircle, final="true" ];
	q128 [label = "q128", shape = doublecircle, final="true" ];
	q129 [label = "q129", shape = doublecircle, final="true" ];
	q130 [label = "q130", shape = doublecircle, final="true" ];
	q131 [label = "q131", shape = doublecircle, final="true" ];
	q132 [label = "q132", shape = doublecircle, final="true" ];
	q133 [label = "q133", shape = doublecircle, final="true" ];
	q134 [label = "q134", shape = doublecircle, final="true" ];
	q135 [label = "q135", shape = doublecircle, final="true" ];
	q136 [label = "q136", shape = doublecircle, final="true" ];
	q137 [label = "q137", shape = doublecircle, final="true" ];
	q138 [label = "q138", shape = doublecircle, final="true" ];
	q139 [label = "q139", shape = doublecircle, final="true" ];
	q140 [label = "q140", shape = doublecircle, final="true" ];
	q141 [label = "q141", shape = doublecircle, final="true" ];
	q142 [label = "q142", shape = doublecircle, final="true" ];
	q143 [label = "q143", shape = doublecircle, final="true" ];
	q144 [label = "q144", shape = doublecircle, final="true" ];
	q145 [label = "q145", shape = doublecircle, final="true" ];
	q146 [label = "q146", shape = doublecircle, final="true" ];
	q147 [label = "q147", shape = doublecircle, final="true" ];
	q148 [label = "q148", shape = doublecircle, final="true" ];
	q149 [label = "q149", shape = doublecircle, final="true" ];
	q150 [label = "q150", shape = doublecircle, final="true" ];
	q151 [label = "q151", shape = doublecircle, final="true" ];
	q152 [label = "q152", shape = doublecircle, final="true" ];
	q153 [label = "q153", shape = doublecircle, final="true" ];
	q154 [label = "q154", shape = doublecircle, final="true" ];
	q155 [label = "q155", shape = doublecircle, final="true" ];
	q156 [label = "q156", shape = doublecircle, final="true" ];
	q157 [label = "q157", shape = doublecircle, final="true" ];
	q158 [label = "q158", shape = doublecircle, final="true" ];
	q159 [label = "q159", shape = doublecircle, final="true" ];
	q160 [label = "q160", shape = doublecircle, final="true" ];
	q161 [label = "q161", shape = doublecircle, final="true" ];
	q162 [label = "q162", shape = doublecircle, final="true" ];
	q163 [label = "q163", shape = doublecircle, final="true" ];
	q164 [label = "q164", shape = doublecircle, final="true" ];
	q165 [label = "q165", shape = doublecircle, final="true" ];
	q166 [label = "q166", shape = doublecircle, final="true" ];
	q167 [label = "q167", shape = doublecircle, final="true" ];
	q168 [label = "q168", shape = doublecircle, final="true" ];
	q169 [label = "q169", shape = doublecircle, final="true" ];
	q170 [label = "q170", shape = doublecircle, final="true" ];
	q171 [label = "q171", shape = doublecircle, final="true" ];
	q172 [label = "q172", shape = doublecircle, final="true" ];
	q173 [label = "q173", shape = doublecircle, final="true" ];
	q174 [label = "q174", shape = doublecircle, final="true" ];
	q175 [label = "q175", shape = doublecircle, final="true" ];
	q176 [label = "q176", shape = doublecircle, final="true" ];
	q177 [label = "q177", shape = doublecircle, final="true" ];
	q178 [label = "q178", shape = doublecircle, final="true" ];
	q179 [label = "q179", shape = doublecircle, final="true" ];
	q180 [label = "q180", shape = doublecircle, final="true" ];
	q181 [label = "q181", shape = doublecircle, final="true" ];
	q182 [label = "q182", shape = doublecircle, final="true" ];
	q183 [label = "q183", shape = doublecircle, final="true" ];
	q184 [label = "q184", shape = doublecircle, final="true" ];
	q185 [label = "q185", shape = doublecircle, final="true" ];
	q186 [label = "q186", shape = doublecircle, final="true" ];
	q187 [label = "q187", shape = doublecircle, final="true" ];
	q188 [label = "q188", shape = doublecircle, final="true" ];
	q189 [label = "q189", shape = doublecircle, final="true" ];
	q190 [label = "q190", shape = doublecircle, final="true" ];
	q191 [label = "q191", shape = doublecircle, final="true" ];
	q192 [label = "q192", shape = doublecircle, final="true" ];
	q193 [label = "q193", shape = doublecircle, final="true" ];
	q194 [label = "q194", shape = doublecircle, final="true" ];
	q195 [label = "q195", shape = doublecircle, final="true" ];
	q196 [label = "q196", shape = doublecircle, final="true" ];
	q197 [label = "q197", shape = doublecircle, final="true" ];
	q198 [label = "q198", shape = doublecircle, final="true" ];
	q199 [label = "q199", shape = doublecircle, final="true" ];
	q200 [label = "q200", shape = doublecircle, final="true" ];
	q201 [label = "q201", shape = doublecircle, final="true" ];
	q202 [label = "q202", shape = doublecircle, final="true" ];
	q203 [label = "q203", shape = doublecircle, final="true" ];
	q204 [label = "q204", shape = doublecircle, final="true" ];
	q205 [label = "q205", shape = doublecircle, final="true" ];
	q206 [label = "q206", shape = doublecircle, final="true" ];
	q207 [label = "q207", shape = doublecircle, final="true" ];
	q208 [label = "q208", shape = doublecircle, final="true" ];
	q209 [label = "q209", shape = doublecircle, final="true" ];
	q210 [label = "q210", shape = doublecircle, final="true" ];
	q211 [label = "q211", shape = doublecircle, final="true" ];
	q212 [label = "q212", shape = doublecircle, final="true" ];
	q213 [label = "q213", shape = doublecircle, final="true" ];
	q214 [label = "q214", shape = doublecircle, final="true" ];
	q215 [label = "q215", shape = doublecircle, final="true" ];
	q216 [label = "q216", shape = doublecircle, final="true" ];
	q217 [label = "q217", shape = doublecircle, final="true" ];
	q218 [label = "q218", shape = doublecircle, final="true" ];
	q219 [label = "q219", shape = doublecircle, final="true" ];
	q220 [label = "q220", shape = doublecircle, final="true" ];
	q221 [label = "q221", shape = doublecircle, final="true" ];
	q222 [label = "q222", shape = doublecircle, final="true" ];
	q223 [label = "q223", shape = doublecircle, final="true" ];
	q224 [label = "q224", shape = doublecircle, final="true" ];
	q225 [label = "q225", shape = doublecircle, final="true" ];
	q226 [label = "q226", shape = doublecircle, final="true" ];
	q227 [label = "q227", shape = doublecircle, final="true" ];
	q228 [label = "q228", shape = doublecircle, final="true" ];
	q229 [label = "q229", shape = doublecircle, final="true" ];
	q230 [label = "q230", shape = doublecircle, final="true" ];
	q231 [label = "q231", shape = doublecircle, final="true" ];
	q232 [label = "q232", shape = doublecircle, final="true" ];
	q233 [label = "q233", shape = doublecircle, final="true" ];
	q234 [label = "q234", shape = doublecircle, final="true" ];
	q235 [label = "q235", shape = doublecircle, final="true" ];
	q236 [label = "q236"];
	q237 [label = "q237", shape = doublecircle, final="true" ];
	q238 [label = "q238"];
	q239 [label = "q239", shape = doublecircle, final="true" ];
	q240 [label = "q240", shape = doublecircle, final="true" ];
	q241 [label = "q241", shape = doublecircle, final="true" ];
	q242 [label = "q242", shape = doublecircle, final="true" ];
	q243 [label = "q243", shape = doublecircle, final="true" ];
	q244 [label = "q244", shape = doublecircle, final="true" ];
	q245 [label = "q245", shape = doublecircle, final="true" ];
	q246 [label = "q246", shape = doublecircle, final="true" ];
	q247 [label = "q247", shape = doublecircle, final="true" ];
	q248 [label = "q248", shape = doublecircle, final="true" ];
	q249 [label = "q249", shape = doublecircle, final="true" ];
	q250 [label = "q250", shape = doublecircle, final="true" ];
	q251 [label = "q251", shape = doublecircle, final="true" ];
	q252 [label = "q252", shape = doublecircle, final="true" ];
	q253 [label = "q253", shape = doublecircle, final="true" ];
	q254 [label = "q254", shape = doublecircle, final="true" ];
	q255 [label = "q255", shape = doublecircle, final="true" ];
	q256 [label = "q256", shape = doublecircle, final="true" ];
	q257 [label = "q257", shape = doublecircle, final="true" ];
	q258 [label = "q258", shape = doublecircle, final="true" ];
	q259 [label = "q259", shape = doublecircle, final="true" ];
	q260 [label = "q260", shape = doublecircle, final="true" ];
	q261 [label = "q261", shape = doublecircle, final="true" ];
	q262 [label = "q262", shape = doublecircle, final="true" ];
	q263 [label = "q263", shape = doublecircle, final="true" ];
	q264 [label = "q264", shape = doublecircle, final="true" ];
	q265 [label = "q265", shape = doublecircle, final="true" ];
	q266 [label = "q266", shape = doublecircle, final="true" ];
	q267 [label = "q267", shape = doublecircle, final="true" ];
	q268 [label = "q268", shape = doublecircle, final="true" ];
	q269 [label = "q269", shape = doublecircle, final="true" ];
	q270 [label = "q270", shape = doublecircle, final="true" ];
	q271 [label = "q271", shape = doublecircle, final="true" ];
	q272 [label = "q272", shape = doublecircle, final="true" ];
	q273 [label = "q273", shape = doublecircle, final="true" ];
	q274 [label = "q274", shape = doublecircle, final="true" ];
	q275 [label = "q275", shape = doublecircle, final="true" ];
	q276 [label = "q276", shape = doublecircle, final="true" ];
	q277 [label = "q277", shape = doublecircle, final="true" ];
	q278 [label = "q278", shape = doublecircle, final="true" ];
	q279 [label = "q279", shape = doublecircle, final="true" ];
	q280 [label = "q280", shape = doublecircle, final="true" ];
	q281 [label = "q281", shape = doublecircle, final="true" ];
	q282 [label = "q282", shape = doublecircle, final="true" ];
	q283 [label = "q283", shape = doublecircle, final="true" ];
	q284 [label = "q284", shape = doublecircle, final="true" ];
	q285 [label = "q285", shape = doublecircle, final="true" ];
	q286 [label = "q286", shape = doublecircle, final="true" ];
	q287 [label = "q287", shape = doublecircle, final="true" ];
	q288 [label = "q288", shape = doublecircle, final="true" ];
	q289 [label = "q289", shape = doublecircle, final="true" ];
	q290 [label = "q290", shape = doublecircle, final="true" ];
	q291 [label = "q291", shape = doublecircle, final="true" ];
	q292 [label = "q292", shape = doublecircle, final="true" ];
	q293 [label = "q293", shape = doublecircle, final="true" ];
	q294 [label = "q294", shape = doublecircle, final="true" ];
	q295 [label = "q295", shape = doublecircle, final="true" ];
	q296 [label = "q296", shape = doublecircle, final="true" ];
	q297 [label = "q297", shape = doublecircle, final="true" ];
	q298 [label = "q298", shape = doublecircle, final="true" ];
	q299 [label = "q299", shape = doublecircle, final="true" ];
	q300 [label = "q300", shape = doublecircle, final="true" ];
	q301 [label = "q301", shape = doublecircle, final="true" ];
	q302 [label = "q302", shape = doublecircle, final="true" ];
	q303 [label = "q303", shape = doublecircle, final="true" ];
	q304 [label = "q304", shape = doublecircle, final="true" ];
	q305 [label = "q305", shape = doublecircle, final="true" ];
	q306 [label = "q306", shape = doublecircle, final="true" ];
	q307 [label = "q307", shape = doublecircle, final="true" ];
	q308 [label = "q308", shape = doublecircle, final="true" ];
	q309 [label = "q309", shape = doublecircle, final="true" ];
	q310 [label = "q310", shape = doublecircle, final="true" ];
	q311 [label = "q311", shape = doublecircle, final="true" ];
	q312 [label = "q312", shape = doublecircle, final="true" ];
	q313 [label = "q313", shape = doublecircle, final="true" ];
	q314 [label = "q314", shape = doublecircle, final="true" ];
	q315 [label = "q315", shape = doublecircle, final="true" ];
	q316 [label = "q316", shape = doublecircle, final="true" ];
	q317 [label = "q317", shape = doublecircle, final="true" ];
	q318 [label = "q318", shape = doublecircle, final="true" ];
	q319 [label = "q319", shape = doublecircle, final="true" ];
	q320 [label = "q320", shape = doublecircle, final="true" ];
	q321 [label = "q321", shape = doublecircle, final="true" ];
	q322 [label = "q322", shape = doublecircle, final="true" ];
	q323 [label = "q323", shape = doublecircle, final="true" ];
	q324 [label = "q324", shape = doublecircle, final="true" ];
	q325 [label = "q325", shape = doublecircle, final="true" ];
	q326 [label = "q326", shape = doublecircle, final="true" ];
	q327 [label = "q327", shape = doublecircle, final="true" ];
	q328 [label = "q328", shape = doublecircle, final="true" ];
	q329 [label = "q329", shape = doublecircle, final="true" ];
	q330 [label = "q330", shape = doublecircle, final="true" ];
	q331 [label = "q331", shape = doublecircle, final="true" ];
	q332 [label = "q332", shape = doublecircle, final="true" ];
	q333 [label = "q333", shape = doublecircle, final="true" ];
	q334 [label = "q334", shape = doublecircle, final="true" ];
	q335 [label = "q335", shape = doublecircle, final="true" ];
	q336 [label = "q336", shape = doublecircle, final="true" ];
	q337 [label = "q337", shape = doublecircle, final="true" ];
	q338 [label = "q338", shape = doublecircle, final="true" ];
	q339 [label = "q339", shape = doublecircle, final="true" ];
	q340 [label = "q340", shape = doublecircle, final="true" ];
	q341 [label = "q341", shape = doublecircle, final="true" ];
	q342 [label = "q342", shape = doublecircle, final="true" ];
	q343 [label = "q343", shape = doublecircle, final="true" ];
	q344 [label = "q344", shape = doublecircle, final="true" ];
	q345 [label = "q345", shape = doublecircle, final="true" ];
	q346 [label = "q346", shape = doublecircle, final="true" ];
	q347 [label = "q347", shape = doublecircle, final="true" ];
	q348 [label = "q348", shape = doublecircle, final="true" ];
	q349 [label = "q349", shape = doublecircle, final="true" ];
	q350 [label = "q350", shape = doublecircle, final="true" ];
	q351 [label = "q351", shape = doublecircle, final="true" ];
	q352 [label = "q352", shape = doublecircle, final="true" ];
	q353 [label = "q353", shape = doublecircle, final="true" ];
	q354 [label = "q354", shape = doublecircle, final="true" ];
	q355 [label = "q355", shape = doublecircle, final="true" ];
	q356 [label = "q356", shape = doublecircle, final="true" ];
	q357 [label = "q357", shape = doublecircle, final="true" ];
	q358 [label = "q358", shape = doublecircle, final="true" ];
	q359 [label = "q359", shape = doublecircle, final="true" ];
	q360 [label = "q360", shape = doublecircle, final="true" ];
	q361 [label = "q361", shape = doublecircle, final="true" ];
	q362 [label = "q362", shape = doublecircle, final="true" ];
	q363 [label = "q363", shape = doublecircle, final="true" ];
	q364 [label = "q364", shape = doublecircle, final="true" ];
	q365 [label = "q365", shape = doublecircle, final="true" ];
	q366 [label = "q366", shape = doublecircle, final="true" ];
	q367 [label = "q367", shape = doublecircle, final="true" ];
	q368 [label = "q368", shape = doublecircle, final="true" ];
	q369 [label = "q369", shape = doublecircle, final="true" ];
	q370 [label = "q370", shape = doublecircle, final="true" ];
	q371 [label = "q371", shape = doublecircle, final="true" ];
	q372 [label = "q372", shape = doublecircle, final="true" ];
	q373 [label = "q373", shape = doublecircle, final="true" ];
	q374 [label = "q374", shape = doublecircle, final="true" ];
	q375 [label = "q375", shape = doublecircle, final="true" ];
	q376 [label = "q376", shape = doublecircle, final="true" ];
	q377 [label = "q377", shape = doublecircle, final="true" ];
	q378 [label = "q378"];
	q379 [label = "q379", shape = doublecircle, final="true" ];
	q380 [label = "q380", shape = doublecircle, final="true" ];
	q381 [label = "q381", shape = doublecircle, final="true" ];
	q382 [label = "q382", shape = doublecircle, final="true" ];
	q383 [label = "q383", shape = doublecircle, final="true" ];
	q384 [label = "q384", shape = doublecircle, final="true" ];
	q385 [label = "q385", shape = doublecircle, final="true" ];
	q386 [label = "q386", shape = doublecircle, final="true" ];
	q387 [label = "q387", shape = doublecircle, final="true" ];
	q388 [label = "q388", shape = doublecircle, final="true" ];
	q389 [label = "q389", shape = doublecircle, final="true" ];
	q390 [label = "q390", shape = doublecircle, final="true" ];
	q391 [label = "q391", shape = doublecircle, final="true" ];
	q392 [label = "q392", shape = doublecircle, final="true" ];
	q393 [label = "q393", shape = doublecircle, final="true" ];
	q394 [label = "q394", shape = doublecircle, final="true" ];
	q395 [label = "q395", shape = doublecircle, final="true" ];
	q396 [label = "q396", shape = doublecircle, final="true" ];
	q397 [label = "q397", shape = doublecircle, final="true" ];
	q398 [label = "q398", shape = doublecircle, final="true" ];
	q399 [label = "q399", shape = doublecircle, final="true" ];
	q400 [label = "q400", shape = doublecircle, final="true" ];
	q401 [label = "q401", shape = doublecircle, final="true" ];
	q402 [label = "q402", shape = doublecircle, final="true" ];
	q403 [label = "q403", shape = doublecircle, final="true" ];
	q404 [label = "q404", shape = doublecircle, final="true" ];
	q405 [label = "q405", shape = doublecircle, final="true" ];
	q406 [label = "q406", shape = doublecircle, final="true" ];
	q407 [label = "q407", shape = doublecircle, final="true" ];
	q408 [label = "q408", shape = doublecircle, final="true" ];
	q409 [label = "q409", shape = doublecircle, final="true" ];
	q410 [label = "q410", shape = doublecircle, final="true" ];
	q411 [label = "q411", shape = doublecircle, final="true" ];
	q412 [label = "q412", shape = doublecircle, final="true" ];
	q413 [label = "q413", shape = doublecircle, final="true" ];
	q414 [label = "q414", shape = doublecircle, final="true" ];
	q415 [label = "q415", shape = doublecircle, final="true" ];
	q416 [label = "q416", shape = doublecircle, final="true" ];
	q417 [label = "q417", shape = doublecircle, final="true" ];
	q418 [label = "q418", shape = doublecircle, final="true" ];
	q419 [label = "q419", shape = doublecircle, final="true" ];
	q420 [label = "q420", shape = doublecircle, final="true" ];
	q421 [label = "q421", shape = doublecircle, final="true" ];
	q422 [label = "q422", shape = doublecircle, final="true" ];
	q423 [label = "q423", shape = doublecircle, final="true" ];
	q424 [label = "q424", shape = doublecircle, final="true" ];
	q425 [label = "q425", shape = doublecircle, final="true" ];
	q426 [label = "q426", shape = doublecircle, final="true" ];
	q427 [label = "q427", shape = doublecircle, final="true" ];
	q428 [label = "q428", shape = doublecircle, final="true" ];
	q429 [label = "q429", shape = doublecircle, final="true" ];
	q430 [label = "q430", shape = doublecircle, final="true" ];
	q431 [label = "q431", shape = doublecircle, final="true" ];
	q432 [label = "q432", shape = doublecircle, final="true" ];
	q433 [label = "q433", shape = doublecircle, final="true" ];
	q434 [label = "q434", shape = doublecircle, final="true" ];
	q435 [label = "q435", shape = doublecircle, final="true" ];
	q436 [label = "q436", shape = doublecircle, final="true" ];
	q437 [label = "q437", shape = doublecircle, final="true" ];
	q438 [label = "q438", shape = doublecircle, final="true" ];
	q439 [label = "q439", shape = doublecircle, final="true" ];
	q440 [label = "q440", shape = doublecircle, final="true" ];
	q441 [label = "q441", shape = doublecircle, final="true" ];
	q442 [label = "q442", shape = doublecircle, final="true" ];
	q443 [label = "q443", shape = doublecircle, final="true" ];
	q444 [label = "q444", shape = doublecircle, final="true" ];
	q445 [label = "q445", shape = doublecircle, final="true" ];
	q446 [label = "q446", shape = doublecircle, final="true" ];
	q447 [label = "q447", shape = doublecircle, final="true" ];
	q448 [label = "q448", shape = doublecircle, final="true" ];
	q449 [label = "q449", shape = doublecircle, final="true" ];
	q450 [label = "q450", shape = doublecircle, final="true" ];
	q451 [label = "q451", shape = doublecircle, final="true" ];
	q452 [label = "q452", shape = doublecircle, final="true" ];
	q453 [label = "q453", shape = doublecircle, final="true" ];
	q454 [label = "q454", shape = doublecircle, final="true" ];
	q455 [label = "q455", shape = doublecircle, final="true" ];
	q456 [label = "q456", shape = doublecircle, final="true" ];
	q457 [label = "q457", shape = doublecircle, final="true" ];
	q458 [label = "q458", shape = doublecircle, final="true" ];
	s0 -> q286
	q369 -> q315 [label = "b"];
	q371 -> q397 [label = "a"];
	q369 -> q396 [label = "a"];
	q371 -> q277 [label = "b"];
	q373 -> q400 [label = "c"];
	q372 -> q398 [label = "a"];
	q368 -> q277 [label = "b"];
	q368 -> q138 [label = "a"];
	q372 -> q368 [label = "c"];
	q365 -> q315 [label = "b"];
	q363 -> q391 [label = "c"];
	q366 -> q394 [label = "a"];
	q367 -> q315 [label = "b"];
	q367 -> q213 [label = "c"];
	q363 -> q315 [label = "b"];
	q366 -> q277 [label = "b"];
	q360 -> q389 [label = "c"];
	q360 -> q315 [label = "b"];
	q364 -> q311 [label = "c"];
	q362 -> q277 [label = "b"];
	q359 -> q387 [label = "a"];
	q355 -> q249 [label = "c"];
	q358 -> q386 [label = "a"];
	q354 -> q383 [label = "c"];
	q357 -> q385 [label = "a"];
	q359 -> q220 [label = "c"];
	q353 -> q315 [label = "b"];
	q357 -> q311 [label = "c"];
	q358 -> q315 [label = "b"];
	q356 -> q384 [label = "a"];
	q352 -> q343 [label = "c"];
	q358 -> q343 [label = "c"];
	q352 -> q315 [label = "b"];
	q356 -> q259 [label = "c"];
	q348 -> q315 [label = "b"];
	q346 -> q233 [label = "c"];
	q349 -> q378 [label = "a"];
	q345 -> q262 [label = "c"];
	q351 -> q379 [label = "c"];
	q347 -> q375 [label = "a"];
	q345 -> q315 [label = "b"];
	q349 -> q237 [label = "c"];
	q350 -> q281 [label = "b"];
	q350 -> q148 [label = "c"];
	q344 -> q277 [label = "b"];
	q341 -> q315 [label = "b"];
	q339 -> q319 [label = "c"];
	q342 -> q452 [label = "a"];
	q340 -> q315 [label = "b"];
	q338 -> q365 [label = "c"];
	q343 -> q277 [label = "b"];
	q341 -> q369 [label = "a"];
	q339 -> q366 [label = "a"];
	q337 -> q315 [label = "b"];
	q341 -> q254 [label = "c"];
	q337 -> q363 [label = "a"];
	q342 -> q315 [label = "b"];
	q338 -> q364 [label = "a"];
	q336 -> q263 [label = "b"];
	q347 -> q376 [label = "c"];
	q340 -> q368 [label = "c"];
	q361 -> q454 [label = "a"];
	q338 -> q263 [label = "b"];
	q336 -> q361 [label = "a"];
	q333 -> q315 [label = "b"];
	q334 -> q359 [label = "a"];
	q330 -> q223 [label = "c"];
	q333 -> q358 [label = "a"];
	q329 -> q306 [label = "c"];
	q331 -> q315 [label = "b"];
	q334 -> q249 [label = "c"];
	q330 -> q451 [label = "a"];
	q328 -> q281 [label = "b"];
	q348 -> q377 [label = "a"];
	q323 -> q253 [label = "c"];
	q326 -> q251 [label = "a"];
	q325 -> q251 [label = "a"];
	q321 -> q292 [label = "c"];
	q327 -> q153 [label = "a, c"];
	q323 -> q260 [label = "a"];
	q321 -> q277 [label = "b"];
	q323 -> q281 [label = "b"];
	q326 -> q281 [label = "b"];
	q322 -> q255 [label = "a"];
	q320 -> q257 [label = "b"];
	q320 -> q258 [label = "a"];
	q319 -> q154 [label = "a"];
	q317 -> q281 [label = "b"];
	q318 -> q318 [label = "a"];
	q314 -> q265 [label = "c"];
	q317 -> q285 [label = "c"];
	q315 -> q263 [label = "b"];
	q313 -> q447 [label = "a"];
	q318 -> q277 [label = "b"];
	q316 -> q261 [label = "a"];
	q314 -> q266 [label = "a"];
	q312 -> q293 [label = "b"];
	q314 -> q315 [label = "b"];
	q312 -> q446 [label = "a"];
	q309 -> q293 [label = "b"];
	q308 -> q293 [label = "b"];
	q311 -> q293 [label = "b"];
	q370 -> q137 [label = "a"];
	q309 -> q326 [label = "a"];
	q305 -> q321 [label = "c"];
	q311 -> q294 [label = "c"];
	q305 -> q277 [label = "b"];
	q307 -> q293 [label = "b"];
	q318 -> q259 [label = "c"];
	q310 -> q269 [label = "c"];
	q308 -> q273 [label = "c"];
	q304 -> q318 [label = "a"];
	q301 -> q315 [label = "b"];
	q302 -> q302 [label = "a"];
	q332 -> q293 [label = "b"];
	q300 -> q281 [label = "b"];
	q298 -> q283 [label = "c"];
	q303 -> q294 [label = "c"];
	q299 -> q312 [label = "a, c"];
	q297 -> q293 [label = "b"];
	q301 -> q316 [label = "c"];
	q299 -> q281 [label = "b"];
	q297 -> q274 [label = "a"];
	q302 -> q279 [label = "b"];
	q302 -> q284 [label = "c"];
	q298 -> q276 [label = "a"];
	q353 -> q381 [label = "a"];
	q296 -> q287 [label = "b"];
	q300 -> q297 [label = "c"];
	q298 -> q290 [label = "b"];
	q296 -> q158 [label = "a"];
	q346 -> q277 [label = "b"];
	q295 -> q276 [label = "a"];
	q293 -> q279 [label = "b"];
	q349 -> q277 [label = "b"];
	q324 -> q277 [label = "b"];
	q294 -> q278 [label = "a"];
	q292 -> q281 [label = "b"];
	q290 -> q285 [label = "c"];
	q295 -> q290 [label = "b"];
	q295 -> q275 [label = "c"];
	q291 -> q284 [label = "a"];
	q289 -> q296 [label = "b"];
	q291 -> q287 [label = "b"];
	q289 -> q295 [label = "a"];
	q294 -> q277 [label = "b"];
	q288 -> q294 [label = "c"];
	q294 -> q292 [label = "c"];
	q288 -> q293 [label = "b"];
	q290 -> q296 [label = "b"];
	q287 -> q289 [label = "a"];
	q304 -> q277 [label = "b"];
	q285 -> q287 [label = "b"];
	q282 -> q299 [label = "c"];
	q287 -> q291 [label = "c"];
	q281 -> q293 [label = "b"];
	q92 -> q59 [label = "a"];
	q340 -> q367 [label = "a"];
	q98 -> q277 [label = "b"];
	q89 -> q71 [label = "a"];
	q95 -> q223 [label = "c"];
	q90 -> q306 [label = "c"];
	q226 -> q281 [label = "b"];
	q94 -> q61 [label = "a"];
	q138 -> q277 [label = "b"];
	q331 -> q451 [label = "a"];
	q100 -> q306 [label = "c"];
	q69 -> q45 [label = "a"];
	q96 -> q223 [label = "c"];
	q97 -> q64 [label = "a"];
	q209 -> q347 [label = "a"];
	q101 -> q210 [label = "c"];
	q377 -> q365 [label = "c"];
	q381 -> q315 [label = "b"];
	q97 -> q277 [label = "b"];
	q99 -> q65 [label = "a"];
	q266 -> q247 [label = "a"];
	q251 -> q326 [label = "a"];
	q446 -> q285 [label = "c"];
	q10 -> q134 [label = "a"];
	q98 -> q215 [label = "c"];
	q100 -> q277 [label = "b"];
	q140 -> q99 [label = "a"];
	q275 -> q156 [label = "a"];
	q104 -> q315 [label = "b"];
	q208 -> q277 [label = "b"];
	q284 -> q287 [label = "b"];
	q169 -> q277 [label = "b"];
	q453 -> q189 [label = "a"];
	q108 -> q75 [label = "a"];
	q110 -> q293 [label = "b"];
	q152 -> q315 [label = "b"];
	q104 -> q223 [label = "c"];
	q384 -> q259 [label = "c"];
	q91 -> q58 [label = "a"];
	q188 -> q174 [label = "a"];
	q105 -> q315 [label = "b"];
	q203 -> q355 [label = "c"];
	q109 -> q72 [label = "a"];
	q108 -> q281 [label = "b"];
	q108 -> q253 [label = "c"];
	q433 -> q197 [label = "c"];
	q355 -> q140 [label = "a"];
	q110 -> q73 [label = "a"];
	q107 -> q285 [label = "c"];
	q71 -> q47 [label = "a"];
	q186 -> q367 [label = "c"];
	q111 -> q74 [label = "a"];
	q8 -> q200 [label = "c"];
	q361 -> q244 [label = "b"];
	q353 -> q213 [label = "c"];
	q112 -> q75 [label = "a"];
	q263 -> q244 [label = "b"];
	q354 -> q277 [label = "b"];
	q114 -> q287 [label = "b"];
	q162 -> q160 [label = "a"];
	q410 -> q281 [label = "b"];
	q118 -> q306 [label = "c"];
	q310 -> q293 [label = "b"];
	q113 -> q76 [label = "a"];
	q103 -> q69 [label = "a"];
	q117 -> q291 [label = "c"];
	q258 -> q277 [label = "b"];
	q113 -> q281 [label = "b"];
	q119 -> q281 [label = "b"];
	q234 -> q205 [label = "a"];
	q119 -> q82 [label = "a"];
	q120 -> q83 [label = "a"];
	q122 -> q277 [label = "b"];
	q253 -> q151 [label = "a"];
	q79 -> q287 [label = "b"];
	q386 -> q334 [label = "c"];
	q86 -> q253 [label = "c"];
	q327 -> q281 [label = "b"];
	q155 -> q114 [label = "a"];
	q397 -> q259 [label = "c"];
	q378 -> q210 [label = "c"];
	q126 -> q192 [label = "a"];
	q123 -> q362 [label = "c"];
	q183 -> q173 [label = "a"];
	q400 -> q355 [label = "c"];
	q285 -> q272 [label = "a"];
	q103 -> q315 [label = "b"];
	q356 -> q277 [label = "b"];
	q457 -> q124 [label = "a"];
	q344 -> q372 [label = "c"];
	q12 -> q2 [label = "a"];
	q127 -> q88 [label = "a"];
	q132 -> q348 [label = "c"];
	q130 -> q91 [label = "a"];
	q146 -> q223 [label = "c"];
	q116 -> q287 [label = "b"];
	q16 -> q15 [label = "a"];
	q122 -> q456 [label = "c"];
	q67 -> q142 [label = "a"];
	q134 -> q315 [label = "b"];
	q354 -> q382 [label = "a"];
	q103 -> q262 [label = "c"];
	q129 -> q90 [label = "a"];
	q325 -> q281 [label = "b"];
	q280 -> q302 [label = "a"];
	q104 -> q69 [label = "a"];
	q130 -> q389 [label = "c"];
	q392 -> q263 [label = "b"];
	q132 -> q277 [label = "b"];
	q131 -> q306 [label = "c"];
	q135 -> q315 [label = "b"];
	q259 -> q315 [label = "b"];
	q133 -> q315 [label = "b"];
	q136 -> q96 [label = "a"];
	q140 -> q254 [label = "c"];
	q181 -> q121 [label = "a"];
	q241 -> q150 [label = "a"];
	q142 -> q277 [label = "b"];
	q321 -> q256 [label = "a"];
	q137 -> q97 [label = "a"];
	q316 -> q292 [label = "c"];
	q117 -> q80 [label = "a"];
	q412 -> q353 [label = "c"];
	q139 -> q315 [label = "b"];
	q141 -> q450 [label = "c"];
	q422 -> q306 [label = "c"];
	q6 -> q196 [label = "c"];
	q287 -> q290 [label = "b"];
	q139 -> q172 [label = "a"];
	q138 -> q319 [label = "c"];
	q139 -> q340 [label = "c"];
	q111 -> q220 [label = "c"];
	q401 -> q421 [label = "a"];
	q143 -> q102 [label = "a"];
	q434 -> q306 [label = "c"];
	q144 -> q103 [label = "a"];
	q335 -> q360 [label = "a"];
	q146 -> q315 [label = "b"];
	q146 -> q105 [label = "a"];
	q144 -> q220 [label = "c"];
	q414 -> q348 [label = "c"];
	q117 -> q287 [label = "b"];
	q266 -> q254 [label = "c"];
	q147 -> q293 [label = "b"];
	q154 -> q113 [label = "a"];
	q425 -> q431 [label = "a"];
	q423 -> q277 [label = "b"];
	q145 -> q315 [label = "b"];
	q145 -> q220 [label = "c"];
	q177 -> q311 [label = "c"];
	q209 -> q348 [label = "c"];
	q125 -> q87 [label = "a"];
	q99 -> q223 [label = "c"];
	q216 -> q146 [label = "a"];
	q150 -> q277 [label = "b"];
	q364 -> q392 [label = "a"];
	q149 -> q293 [label = "b"];
	q267 -> q315 [label = "b"];
	q92 -> q277 [label = "b"];
	q30 -> q269 [label = "c"];
	q156 -> q115 [label = "a"];
	q35 -> q19 [label = "a"];
	q158 -> q287 [label = "b"];
	q153 -> q112 [label = "a"];
	q155 -> q287 [label = "b"];
	q172 -> q223 [label = "c"];
	q157 -> q291 [label = "c"];
	q407 -> q200 [label = "c"];
	q153 -> q293 [label = "b"];
	q289 -> q297 [label = "c"];
	q159 -> q391 [label = "c"];
	q245 -> q221 [label = "a"];
	q316 -> q277 [label = "b"];
	q159 -> q315 [label = "b"];
	q156 -> q287 [label = "b"];
	q159 -> q172 [label = "a"];
	q44 -> q102 [label = "a"];
	q160 -> q159 [label = "a"];
	q124 -> q99 [label = "a"];
	q279 -> q285 [label = "c"];
	q114 -> q77 [label = "a"];
	q128 -> q89 [label = "a"];
	q286 -> q286 [label = "a"];
	q205 -> q259 [label = "c"];
	q166 -> q277 [label = "b"];
	q122 -> q85 [label = "a"];
	q40 -> q24 [label = "a"];
	q161 -> q193 [label = "a"];
	q163 -> q277 [label = "b"];
	q127 -> q301 [label = "c"];
	q231 -> q202 [label = "c"];
	q387 -> q315 [label = "b"];
	q187 -> q363 [label = "a"];
	q167 -> q311 [label = "c"];
	q161 -> q253 [label = "c"];
	q378 -> q404 [label = "a"];
	q365 -> q393 [label = "a"];
	q163 -> q200 [label = "c"];
	q447 -> q311 [label = "c"];
	q78 -> q287 [label = "b"];
	q337 -> q220 [label = "c"];
	q283 -> q293 [label = "b"];
	q165 -> q315 [label = "b"];
	q31 -> q16 [label = "a"];
	q170 -> q277 [label = "b"];
	q105 -> q70 [label = "a"];
	q174 -> q277 [label = "b"];
	q53 -> q281 [label = "b"];
	q143 -> q277 [label = "b"];
	q173 -> q200 [label = "c"];
	q137 -> q383 [label = "c"];
	q175 -> q191 [label = "c"];
	q325 -> q285 [label = "c"];
	q169 -> q197 [label = "c"];
	q357 -> q281 [label = "b"];
	q26 -> q315 [label = "b"];
	q346 -> q374 [label = "a"];
	q175 -> q293 [label = "b"];
	q173 -> q277 [label = "b"];
	q429 -> q306 [label = "c"];
	q48 -> q293 [label = "b"];
	q269 -> q249 [label = "c"];
	q175 -> q119 [label = "a"];
	q172 -> q168 [label = "a"];
	q121 -> q194 [label = "c"];
	q172 -> q315 [label = "b"];
	q97 -> q306 [label = "c"];
	q178 -> q199 [label = "a"];
	q137 -> q277 [label = "b"];
	q115 -> q287 [label = "b"];
	q135 -> q362 [label = "c"];
	q176 -> q301 [label = "c"];
	q180 -> q133 [label = "a"];
	q170 -> q319 [label = "c"];
	q348 -> q368 [label = "c"];
	q177 -> q171 [label = "a"];
	q273 -> q281 [label = "b"];
	q177 -> q281 [label = "b"];
	q204 -> q353 [label = "c"];
	q105 -> q334 [label = "c"];
	q306 -> q322 [label = "a"];
	q402 -> q200 [label = "c"];
	q160 -> q223 [label = "c"];
	q260 -> q240 [label = "c"];
	q183 -> q277 [label = "b"];
	q252 -> q277 [label = "b"];
	q180 -> q315 [label = "b"];
	q308 -> q325 [label = "a"];
	q7 -> q223 [label = "c"];
	q178 -> q198 [label = "c"];
	q94 -> q315 [label = "b"];
	q152 -> q111 [label = "a"];
	q383 -> q408 [label = "a"];
	q223 -> q335 [label = "a"];
	q130 -> q315 [label = "b"];
	q210 -> q346 [label = "a"];
	q181 -> q277 [label = "b"];
	q429 -> q277 [label = "b"];
	q214 -> q249 [label = "c"];
	q416 -> q277 [label = "b"];
	q319 -> q281 [label = "b"];
	q22 -> q9 [label = "a"];
	q420 -> q195 [label = "a"];
	q82 -> q53 [label = "a"];
	q240 -> q213 [label = "c"];
	q421 -> q427 [label = "a"];
	q99 -> q315 [label = "b"];
	q448 -> q293 [label = "b"];
	q158 -> q117 [label = "a"];
	q158 -> q283 [label = "c"];
	q171 -> q167 [label = "a"];
	q384 -> q277 [label = "b"];
	q382 -> q407 [label = "a"];
	q417 -> q129 [label = "a"];
	q41 -> q25 [label = "a"];
	q272 -> q291 [label = "c"];
	q433 -> q277 [label = "b"];
	q452 -> q353 [label = "c"];
	q332 -> q240 [label = "c"];
	q430 -> q436 [label = "a"];
	q417 -> q277 [label = "b"];
	q145 -> q104 [label = "a"];
	q385 -> q324 [label = "c"];
	q210 -> q252 [label = "c"];
	q93 -> q60 [label = "a"];
	q426 -> q432 [label = "a"];
	q415 -> q130 [label = "a"];
	q378 -> q277 [label = "b"];
	q423 -> q200 [label = "c"];
	q390 -> q277 [label = "b"];
	q420 -> q355 [label = "c"];
	q442 -> q315 [label = "b"];
	q102 -> q210 [label = "c"];
	q85 -> q56 [label = "a"];
	q438 -> q223 [label = "c"];
	q430 -> q343 [label = "c"];
	q4 -> q196 [label = "c"];
	q93 -> q306 [label = "c"];
	q216 -> q340 [label = "c"];
	q416 -> q329 [label = "a"];
	q292 -> q282 [label = "a"];
	q55 -> q33 [label = "a"];
	q424 -> q315 [label = "b"];
	q166 -> q197 [label = "c"];
	q56 -> q34 [label = "a"];
	q106 -> q148 [label = "c"];
	q424 -> q223 [label = "c"];
	q244 -> q262 [label = "c"];
	q313 -> q293 [label = "b"];
	q225 -> q202 [label = "a, c"];
	q114 -> q288 [label = "c"];
	q183 -> q306 [label = "c"];
	q178 -> q277 [label = "b"];
	q162 -> q315 [label = "b"];
	q408 -> q423 [label = "a"];
	q418 -> q334 [label = "c"];
	q0 -> q315 [label = "b"];
	q419 -> q391 [label = "c"];
	q6 -> q277 [label = "b"];
	q450 -> q312 [label = "c"];
	q30 -> q293 [label = "b"];
	q135 -> q160 [label = "a"];
	q458 -> q253 [label = "c"];
	q168 -> q223 [label = "c"];
	q403 -> q199 [label = "a"];
	q288 -> q292 [label = "a"];
	q377 -> q315 [label = "b"];
	q176 -> q120 [label = "a"];
	q124 -> q315 [label = "b"];
	q430 -> q315 [label = "b"];
	q398 -> q315 [label = "b"];
	q456 -> q186 [label = "a"];
	q315 -> q262 [label = "c"];
	q87 -> q213 [label = "c"];
	q359 -> q315 [label = "b"];
	q79 -> q51 [label = "c"];
	q238 -> q277 [label = "b"];
	q179 -> q277 [label = "b"];
	q101 -> q277 [label = "b"];
	q46 -> q343 [label = "c"];
	q150 -> q109 [label = "a"];
	q432 -> q315 [label = "b"];
	q5 -> q122 [label = "a"];
	q351 -> q277 [label = "b"];
	q162 -> q343 [label = "c"];
	q382 -> q277 [label = "b"];
	q128 -> q293 [label = "b"];
	q300 -> q313 [label = "a"];
	q182 -> q315 [label = "b"];
	q420 -> q277 [label = "b"];
	q454 -> q263 [label = "b"];
	q201 -> q315 [label = "b"];
	q386 -> q315 [label = "b"];
	q68 -> q277 [label = "b"];
	q151 -> q281 [label = "b"];
	q76 -> q301 [label = "c"];
	q58 -> q315 [label = "b"];
	q243 -> q263 [label = "b"];
	q350 -> q453 [label = "a"];
	q429 -> q435 [label = "a"];
	q428 -> q277 [label = "b"];
	q347 -> q277 [label = "b"];
	q422 -> q428 [label = "a"];
	q189 -> q281 [label = "b"];
	q375 -> q210 [label = "c"];
	q232 -> q223 [label = "c"];
	q370 -> q277 [label = "b"];
	q141 -> q277 [label = "b"];
	q160 -> q315 [label = "b"];
	q392 -> q458 [label = "a"];
	q290 -> q298 [label = "a"];
	q121 -> q277 [label = "b"];
	q437 -> q369 [label = "a"];
	q63 -> q40 [label = "a"];
	q434 -> q277 [label = "b"];
	q336 -> q362 [label = "c"];
	q182 -> q365 [label = "c"];
	q199 -> q194 [label = "c"];
	q436 -> q334 [label = "c"];
	q280 -> q279 [label = "b"];
	q88 -> q311 [label = "c"];
	q106 -> q164 [label = "a"];
	q88 -> q127 [label = "a"];
	q116 -> q288 [label = "c"];
	q403 -> q277 [label = "b"];
	q394 -> q416 [label = "a"];
	q375 -> q402 [label = "a"];
	q399 -> q419 [label = "a"];
	q228 -> q315 [label = "b"];
	q437 -> q353 [label = "c"];
	q229 -> q329 [label = "a"];
	q433 -> q439 [label = "a"];
	q342 -> q223 [label = "c"];
	q408 -> q277 [label = "b"];
	q397 -> q258 [label = "a"];
	q267 -> q265 [label = "c"];
	q428 -> q197 [label = "c"];
	q143 -> q233 [label = "c"];
	q151 -> q285 [label = "c"];
	q379 -> q315 [label = "b"];
	q398 -> q340 [label = "c"];
	q195 -> q277 [label = "b"];
	q126 -> q240 [label = "c"];
	q373 -> q315 [label = "b"];
	q399 -> q315 [label = "b"];
	q455 -> q343 [label = "c"];
	q98 -> q81 [label = "a"];
	q113 -> q311 [label = "c"];
	q85 -> q277 [label = "b"];
	q166 -> q163 [label = "a"];
	q449 -> q281 [label = "b"];
	q154 -> q299 [label = "c"];
	q445 -> q200 [label = "c"];
	q436 -> q315 [label = "b"];
	q451 -> q315 [label = "b"];
	q29 -> q269 [label = "c"];
	q401 -> q306 [label = "c"];
	q424 -> q430 [label = "a"];
	q376 -> q202 [label = "c"];
	q91 -> q315 [label = "b"];
	q432 -> q343 [label = "c"];
	q32 -> q189 [label = "a"];
	q389 -> q413 [label = "a"];
	q83 -> q293 [label = "b"];
	q282 -> q293 [label = "b"];
	q147 -> q106 [label = "a"];
	q398 -> q134 [label = "a"];
	q455 -> q315 [label = "b"];
	q87 -> q221 [label = "a"];
	q425 -> q343 [label = "c"];
	q0 -> q231 [label = "c"];
	q307 -> q324 [label = "c"];
	q456 -> q202 [label = "c"];
	q369 -> q391 [label = "c"];
	q362 -> q390 [label = "a"];
	q120 -> q311 [label = "c"];
	q413 -> q355 [label = "c"];
	q200 -> q184 [label = "a"];
	q441 -> q444 [label = "a"];
	q440 -> q382 [label = "a"];
	q171 -> q269 [label = "c"];
	q187 -> q315 [label = "b"];
	q410 -> q253 [label = "c"];
	q51 -> q31 [label = "a"];
	q22 -> q277 [label = "b"];
	q328 -> q307 [label = "a"];
	q138 -> q98 [label = "a"];
	q303 -> q317 [label = "a"];
	q164 -> q301 [label = "c"];
	q311 -> q268 [label = "a"];
	q443 -> q315 [label = "b"];
	q66 -> q43 [label = "a"];
	q149 -> q269 [label = "c"];
	q435 -> q277 [label = "b"];
	q173 -> q169 [label = "a"];
	q432 -> q438 [label = "a"];
	q192 -> q176 [label = "a"];
	q444 -> q197 [label = "c"];
	q133 -> q343 [label = "c"];
	q335 -> q315 [label = "b"];
	q180 -> q365 [label = "c"];
	q431 -> q343 [label = "c"];
	q164 -> q161 [label = "a"];
	q248 -> q225 [label = "c"];
	q439 -> q374 [label = "a"];
	q291 -> q283 [label = "c"];
	q426 -> q315 [label = "b"];
	q457 -> q223 [label = "c"];
	q417 -> q450 [label = "c"];
	q382 -> q306 [label = "c"];
	q394 -> q277 [label = "b"];
	q437 -> q315 [label = "b"];
	q419 -> q315 [label = "b"];
	q196 -> q213 [label = "c"];
	q451 -> q334 [label = "c"];
	q283 -> q271 [label = "a"];
	q73 -> q281 [label = "b"];
	q442 -> q231 [label = "c"];
	q366 -> q395 [label = "c"];
	q442 -> q388 [label = "a"];
	q452 -> q315 [label = "b"];
	q61 -> q315 [label = "b"];
	q371 -> q210 [label = "c"];
	q411 -> q315 [label = "b"];
	q329 -> q277 [label = "b"];
	q444 -> q277 [label = "b"];
	q454 -> q125 [label = "a"];
	q319 -> q153 [label = "c"];
	q111 -> q315 [label = "b"];
	q458 -> q244 [label = "b"];
	q211 -> q345 [label = "c"];
	q427 -> q433 [label = "a"];
	q283 -> q273 [label = "c"];
	q443 -> q399 [label = "a"];
	q119 -> q311 [label = "c"];
	q213 -> q315 [label = "b"];
	q404 -> q257 [label = "b"];
	q335 -> q220 [label = "c"];
	q115 -> q78 [label = "a"];
	q134 -> q231 [label = "c"];
	q32 -> q225 [label = "c"];
	q102 -> q68 [label = "a"];
	q443 -> q231 [label = "c"];
	q374 -> q456 [label = "c"];
	q449 -> q148 [label = "c"];
	q322 -> q315 [label = "b"];
	q439 -> q379 [label = "c"];
	q367 -> q139 [label = "a"];
	q215 -> q316 [label = "c"];
	q190 -> q334 [label = "c"];
	q223 -> q316 [label = "c"];
	q407 -> q422 [label = "a"];
	q109 -> q259 [label = "c"];
	q403 -> q348 [label = "c"];
	q440 -> q277 [label = "b"];
	q396 -> q418 [label = "a"];
	q277 -> q305 [label = "a"];
	q439 -> q277 [label = "b"];
	q393 -> q201 [label = "a"];
	q84 -> q306 [label = "c"];
	q250 -> q315 [label = "b"];
	q447 -> q128 [label = "a"];
	q9 -> q306 [label = "c"];
	q147 -> q327 [label = "c"];
	q43 -> q277 [label = "b"];
	q55 -> q196 [label = "c"];
	q123 -> q263 [label = "b"];
	q412 -> q424 [label = "a"];
	q445 -> q277 [label = "b"];
	q28 -> q315 [label = "b"];
	q391 -> q415 [label = "a"];
	q165 -> q223 [label = "c"];
	q389 -> q277 [label = "b"];
	q237 -> q208 [label = "c"];
	q413 -> q277 [label = "b"];
	q169 -> q166 [label = "a"];
	q200 -> q315 [label = "b"];
	q438 -> q315 [label = "b"];
	q406 -> q353 [label = "c"];
	q149 -> q108 [label = "a"];
	q157 -> q287 [label = "b"];
	q445 -> q423 [label = "a"];
	q170 -> q118 [label = "a"];
	q428 -> q434 [label = "a"];
	q413 -> q132 [label = "a"];
	q234 -> q210 [label = "c"];
	q406 -> q315 [label = "b"];
	q136 -> q315 [label = "b"];
	q457 -> q315 [label = "b"];
	q239 -> q212 [label = "a"];
	q168 -> q165 [label = "a"];
	q213 -> q144 [label = "a"];
	q167 -> q281 [label = "b"];
	q441 -> q197 [label = "c"];
	q112 -> q281 [label = "b"];
	q446 -> q281 [label = "b"];
	q107 -> q281 [label = "b"];
	q390 -> q414 [label = "a"];
	q414 -> q277 [label = "b"];
	q449 -> q127 [label = "a"];
	q82 -> q293 [label = "b"];
	q235 -> q321 [label = "c"];
	q396 -> q315 [label = "b"];
	q106 -> q281 [label = "b"];
	q110 -> q324 [label = "c"];
	q94 -> q223 [label = "c"];
	q265 -> q246 [label = "a"];
	q392 -> q213 [label = "c"];
	q385 -> q410 [label = "a"];
	q334 -> q315 [label = "b"];
	q418 -> q425 [label = "a"];
	q231 -> q203 [label = "a"];
	q214 -> q145 [label = "a"];
	q243 -> q217 [label = "c"];
	q251 -> q293 [label = "b"];
	q425 -> q315 [label = "b"];
	q444 -> q445 [label = "a"];
	q453 -> q188 [label = "c"];
	q174 -> q314 [label = "c"];
	q109 -> q277 [label = "b"];
	q21 -> q277 [label = "b"];
	q394 -> q259 [label = "c"];
	q154 -> q293 [label = "b"];
	q418 -> q315 [label = "b"];
	q296 -> q291 [label = "c"];
	q121 -> q84 [label = "a"];
	q13 -> q306 [label = "c"];
	q95 -> q62 [label = "a"];
	q81 -> q52 [label = "a"];
	q441 -> q277 [label = "b"];
	q411 -> q353 [label = "c"];
	q125 -> q244 [label = "b"];
	q152 -> q265 [label = "c"];
	q406 -> q255 [label = "a"];
	q190 -> q330 [label = "a"];
	q343 -> q252 [label = "c"];
	q163 -> q199 [label = "a"];
	q450 -> q126 [label = "a"];
	q363 -> q455 [label = "a"];
	q47 -> q311 [label = "c"];
	q415 -> q315 [label = "b"];
	q226 -> q332 [label = "a"];
	q25 -> q12 [label = "a"];
	q409 -> q197 [label = "c"];
	q415 -> q213 [label = "c"];
	q448 -> q192 [label = "a"];
	q411 -> q247 [label = "a"];
	q395 -> q417 [label = "a"];
	q400 -> q420 [label = "a"];
	q409 -> q394 [label = "a"];
	q410 -> q248 [label = "a"];
	q393 -> q315 [label = "b"];
	q453 -> q293 [label = "b"];
	q41 -> q306 [label = "c"];
	q65 -> q42 [label = "a"];
	q85 -> q306 [label = "c"];
	q407 -> q277 [label = "b"];
	q422 -> q277 [label = "b"];
	q90 -> q277 [label = "b"];
	q153 -> q273 [label = "c"];
	q254 -> q281 [label = "b"];
	q405 -> q133 [label = "a"];
	q421 -> q379 [label = "c"];
	q133 -> q94 [label = "a"];
	q401 -> q277 [label = "b"];
	q125 -> q311 [label = "c"];
	q405 -> q340 [label = "c"];
	q387 -> q362 [label = "c"];
	q124 -> q353 [label = "c"];
	q15 -> q311 [label = "c"];
	q416 -> q196 [label = "c"];
	q385 -> q293 [label = "b"];
	q249 -> q227 [label = "a"];
	q128 -> q324 [label = "c"];
	q161 -> q281 [label = "b"];
	q245 -> q263 [label = "b"];
	q102 -> q277 [label = "b"];
	q89 -> q281 [label = "b"];
	q181 -> q450 [label = "c"];
	q412 -> q315 [label = "b"];
	q223 -> q315 [label = "b"];
	q434 -> q440 [label = "a"];
	q452 -> q212 [label = "a"];
	q402 -> q347 [label = "a"];
	q400 -> q277 [label = "b"];
	q238 -> q211 [label = "a"];
	q426 -> q391 [label = "c"];
	q404 -> q345 [label = "c"];
	q402 -> q277 [label = "b"];
	q397 -> q257 [label = "b"];
	q458 -> q123 [label = "a"];
	q96 -> q63 [label = "a"];
	q351 -> q234 [label = "a"];
	q387 -> q457 [label = "a"];
	q395 -> q252 [label = "c"];
	q148 -> q294 [label = "c"];
	q454 -> q340 [label = "c"];
	q230 -> q449 [label = "a"];
	q52 -> q277 [label = "b"];
	q34 -> q18 [label = "a"];
	q95 -> q315 [label = "b"];
	q297 -> q273 [label = "c"];
	q24 -> q343 [label = "c"];
	q9 -> q277 [label = "b"];
	q329 -> q356 [label = "a"];
	q20 -> q315 [label = "b"];
	q179 -> q179 [label = "a"];
	q256 -> q234 [label = "a"];
	q164 -> q293 [label = "b"];
	q393 -> q213 [label = "c"];
	q368 -> q314 [label = "c"];
	q377 -> q136 [label = "a"];
	q399 -> q343 [label = "c"];
	q168 -> q315 [label = "b"];
	q63 -> q223 [label = "c"];
	q213 -> q249 [label = "c"];
	q279 -> q303 [label = "a"];
	q435 -> q441 [label = "a"];
	q395 -> q277 [label = "b"];
	q331 -> q262 [label = "c"];
	q292 -> q284 [label = "c"];
	q27 -> q197 [label = "c"];
	q451 -> q190 [label = "a"];
	q388 -> q412 [label = "a"];
	q373 -> q399 [label = "a"];
	q293 -> q280 [label = "a"];
	q423 -> q429 [label = "a"];
	q376 -> q403 [label = "a"];
	q376 -> q277 [label = "b"];
	q404 -> q349 [label = "a"];
	q47 -> q29 [label = "a"];
	q388 -> q315 [label = "b"];
	q301 -> q314 [label = "a"];
	q174 -> q170 [label = "a"];
	q436 -> q442 [label = "a"];
	q391 -> q315 [label = "b"];
	q249 -> q315 [label = "b"];
	q431 -> q437 [label = "a"];
	q447 -> q281 [label = "b"];
	q246 -> q327 [label = "c"];
	q28 -> q14 [label = "a"];
	q372 -> q315 [label = "b"];
	q33 -> q17 [label = "a"];
	q391 -> q368 [label = "c"];
	q227 -> q331 [label = "a"];
	q112 -> q285 [label = "c"];
	q332 -> q357 [label = "a"];
	q123 -> q86 [label = "a"];
	q389 -> q202 [label = "c"];
	q134 -> q95 [label = "a"];
	q352 -> q380 [label = "a"];
	q65 -> q223 [label = "c"];
	q390 -> q319 [label = "c"];
	q89 -> q253 [label = "c"];
	q381 -> q213 [label = "c"];
	q388 -> q223 [label = "c"];
	q396 -> q223 [label = "c"];
	q380 -> q315 [label = "b"];
	q315 -> q264 [label = "a"];
	q82 -> q324 [label = "c"];
	q383 -> q277 [label = "b"];
	q381 -> q135 [label = "a"];
	q37 -> q197 [label = "c"];
	q36 -> q20 [label = "a"];
	q73 -> q48 [label = "a"];
	q312 -> q267 [label = "c"];
	q408 -> q198 [label = "c"];
	q383 -> q202 [label = "c"];
	q379 -> q405 [label = "a"];
	q131 -> q92 [label = "a"];
	q456 -> q277 [label = "b"];
	q380 -> q406 [label = "a"];
	q322 -> q254 [label = "c"];
	q374 -> q401 [label = "a"];
	q380 -> q343 [label = "c"];
	q107 -> q71 [label = "a"];
	q375 -> q277 [label = "b"];
	q90 -> q57 [label = "a"];
	q88 -> q281 [label = "b"];
	q31 -> q284 [label = "c"];
	q92 -> q259 [label = "c"];
	q47 -> q281 [label = "b"];
	q41 -> q277 [label = "b"];
	q293 -> q285 [label = "c"];
	q131 -> q277 [label = "b"];
	q43 -> q27 [label = "a"];
	q271 -> q281 [label = "b"];
	q45 -> q334 [label = "c"];
	q80 -> q51 [label = "c"];
	q212 -> q343 [label = "c"];
	q278 -> q292 [label = "c"];
	q40 -> q343 [label = "c"];
	q46 -> q315 [label = "b"];
	q42 -> q26 [label = "a"];
	q40 -> q315 [label = "b"];
	q20 -> q7 [label = "a"];
	q42 -> q315 [label = "b"];
	q44 -> q379 [label = "c"];
	q39 -> q23 [label = "a"];
	q310 -> q328 [label = "a"];
	q157 -> q116 [label = "a"];
	q35 -> q197 [label = "c"];
	q38 -> q22 [label = "a"];
	q80 -> q116 [label = "a"];
	q36 -> q315 [label = "b"];
	q34 -> q210 [label = "c"];
	q136 -> q391 [label = "c"];
	q39 -> q315 [label = "b"];
	q64 -> q41 [label = "a"];
	q37 -> q21 [label = "a"];
	q33 -> q197 [label = "c"];
	q39 -> q343 [label = "c"];
	q33 -> q277 [label = "b"];
	q35 -> q277 [label = "b"];
	q38 -> q306 [label = "c"];
	q36 -> q223 [label = "c"];
	q191 -> q368 [label = "c"];
	q34 -> q277 [label = "b"];
	q29 -> q293 [label = "b"];
	q360 -> q388 [label = "a"];
	q70 -> q315 [label = "b"];
	q26 -> q343 [label = "c"];
	q25 -> q197 [label = "c"];
	q179 -> q306 [label = "c"];
	q54 -> q281 [label = "b"];
	q27 -> q277 [label = "b"];
	q171 -> q293 [label = "b"];
	q26 -> q457 [label = "a"];
	q263 -> q285 [label = "c"];
	q24 -> q11 [label = "a"];
	q23 -> q10 [label = "a"];
	q19 -> q197 [label = "c"];
	q16 -> q327 [label = "c"];
	q409 -> q277 [label = "b"];
	q11 -> q136 [label = "a"];
	q9 -> q1 [label = "a"];
	q215 -> q341 [label = "a"];
	q11 -> q315 [label = "b"];
	q42 -> q334 [label = "c"];
	q15 -> q281 [label = "b"];
	q14 -> q315 [label = "b"];
	q435 -> q306 [label = "c"];
	q54 -> q448 [label = "a"];
	q8 -> q277 [label = "b"];
	q317 -> q260 [label = "a"];
	q100 -> q66 [label = "a"];
	q45 -> q104 [label = "a"];
	q14 -> q391 [label = "c"];
	q8 -> q131 [label = "a"];
	q10 -> q315 [label = "b"];
	q0 -> q91 [label = "a"];
	q2 -> q277 [label = "b"];
	q303 -> q293 [label = "b"];
	q5 -> q372 [label = "c"];
	q1 -> q93 [label = "a"];
	q64 -> q196 [label = "c"];
	q49 -> q253 [label = "c"];
	q148 -> q107 [label = "a"];
	q187 -> q334 [label = "c"];
	q46 -> q28 [label = "a"];
	q1 -> q277 [label = "b"];
	q220 -> q281 [label = "b"];
	q3 -> q100 [label = "a"];
	q7 -> q315 [label = "b"];
	q374 -> q277 [label = "b"];
	q6 -> q129 [label = "a"];
	q144 -> q315 [label = "b"];
	q4 -> q277 [label = "b"];
	q142 -> q376 [label = "c"];
	q76 -> q50 [label = "a"];
	q2 -> q194 [label = "c"];
	q304 -> q319 [label = "c"];
	q211 -> q344 [label = "a"];
	q52 -> q118 [label = "a"];
	q345 -> q373 [label = "a"];
	q3 -> q196 [label = "c"];
	q13 -> q3 [label = "a"];
	q116 -> q79 [label = "a"];
	q10 -> q391 [label = "c"];
	q156 -> q275 [label = "c"];
	q242 -> q220 [label = "c"];
	q12 -> q277 [label = "b"];
	q120 -> q281 [label = "b"];
	q254 -> q230 [label = "a"];
	q14 -> q146 [label = "a"];
	q11 -> q391 [label = "c"];
	q20 -> q343 [label = "c"];
	q18 -> q277 [label = "b"];
	q440 -> q194 [label = "c"];
	q217 -> q292 [label = "c"];
	q126 -> q293 [label = "b"];
	q22 -> q197 [label = "c"];
	q16 -> q293 [label = "b"];
	q224 -> q333 [label = "a"];
	q18 -> q5 [label = "a"];
	q200 -> q368 [label = "c"];
	q202 -> q277 [label = "b"];
	q21 -> q259 [label = "c"];
	q427 -> q210 [label = "c"];
	q17 -> q4 [label = "a"];
	q140 -> q315 [label = "b"];
	q272 -> q155 [label = "a"];
	q220 -> q153 [label = "c"];
	q19 -> q277 [label = "b"];
	q17 -> q277 [label = "b"];
	q56 -> q277 [label = "b"];
	q255 -> q231 [label = "c"];
	q19 -> q6 [label = "a"];
	q118 -> q277 [label = "b"];
	q23 -> q315 [label = "b"];
	q21 -> q8 [label = "a"];
	q343 -> q370 [label = "a"];
	q17 -> q197 [label = "c"];
	q18 -> q197 [label = "c"];
	q44 -> q277 [label = "b"];
	q43 -> q259 [label = "c"];
	q281 -> q301 [label = "c"];
	q60 -> q277 [label = "b"];
	q324 -> q252 [label = "a, c"];
	q241 -> q277 [label = "b"];
	q45 -> q315 [label = "b"];
	q224 -> q315 [label = "b"];
	q48 -> q113 [label = "a"];
	q448 -> q191 [label = "c"];
	q50 -> q281 [label = "b"];
	q50 -> q110 [label = "a"];
	q4 -> q121 [label = "a"];
	q48 -> q240 [label = "c"];
	q49 -> q30 [label = "a"];
	q51 -> q293 [label = "b"];
	q53 -> q311 [label = "c"];
	q49 -> q281 [label = "b"];
	q365 -> q213 [label = "c"];
	q53 -> q32 [label = "a"];
	q271 -> q309 [label = "a"];
	q280 -> q297 [label = "c"];
	q384 -> q409 [label = "a"];
	q55 -> q277 [label = "b"];
	q419 -> q426 [label = "a"];
	q50 -> q253 [label = "c"];
	q30 -> q15 [label = "a"];
	q51 -> q267 [label = "c"];
	q60 -> q306 [label = "c"];
	q58 -> q36 [label = "a"];
	q62 -> q391 [label = "c"];
	q355 -> q315 [label = "b"];
	q236 -> q277 [label = "b"];
	q165 -> q162 [label = "a"];
	q56 -> q372 [label = "c"];
	q60 -> q38 [label = "a"];
	q414 -> q131 [label = "a"];
	q62 -> q315 [label = "b"];
	q57 -> q35 [label = "a"];
	q59 -> q277 [label = "b"];
	q269 -> q315 [label = "b"];
	q61 -> q391 [label = "c"];
	q57 -> q277 [label = "b"];
	q450 -> q281 [label = "b"];
	q38 -> q277 [label = "b"];
	q59 -> q37 [label = "a"];
	q25 -> q277 [label = "b"];
	q241 -> q215 [label = "c"];
	q57 -> q259 [label = "c"];
	q61 -> q133 [label = "a"];
	q23 -> q343 [label = "c"];
	q274 -> q307 [label = "a"];
	q305 -> q320 [label = "a"];
	q63 -> q315 [label = "b"];
	q254 -> q312 [label = "c"];
	q83 -> q324 [label = "c"];
	q155 -> q288 [label = "c"];
	q184 -> q134 [label = "a"];
	q59 -> q306 [label = "c"];
	q199 -> q277 [label = "b"];
	q66 -> q277 [label = "b"];
	q68 -> q306 [label = "c"];
	q150 -> q259 [label = "c"];
	q52 -> q259 [label = "c"];
	q64 -> q277 [label = "b"];
	q215 -> q315 [label = "b"];
	q379 -> q213 [label = "c"];
	q202 -> q141 [label = "a"];
	q219 -> q315 [label = "b"];
	q115 -> q291 [label = "c"];
	q70 -> q223 [label = "c"];
	q68 -> q44 [label = "a"];
	q69 -> q223 [label = "c"];
	q65 -> q315 [label = "b"];
	q218 -> q338 [label = "a"];
	q66 -> q306 [label = "c"];
	q12 -> q259 [label = "c"];
	q207 -> q350 [label = "c"];
	q70 -> q46 [label = "a"];
	q69 -> q315 [label = "b"];
	q72 -> q150 [label = "a"];
	q24 -> q315 [label = "b"];
	q188 -> q355 [label = "c"];
	q74 -> q315 [label = "b"];
	q364 -> q244 [label = "b"];
	q67 -> q196 [label = "c"];
	q191 -> q355 [label = "a"];
	q101 -> q67 [label = "a"];
	q72 -> q277 [label = "b"];
	q74 -> q74 [label = "a"];
	q29 -> q447 [label = "a"];
	q197 -> q252 [label = "c"];
	q78 -> q51 [label = "c"];
	q72 -> q306 [label = "c"];
	q71 -> q293 [label = "b"];
	q75 -> q293 [label = "b"];
	q211 -> q277 [label = "b"];
	q141 -> q100 [label = "a"];
	q77 -> q51 [label = "c"];
	q73 -> q311 [label = "c"];
	q344 -> q371 [label = "a"];
	q77 -> q155 [label = "a"];
	q74 -> q334 [label = "c"];
	q330 -> q315 [label = "b"];
	q235 -> q206 [label = "a"];
	q76 -> q293 [label = "b"];
	q361 -> q253 [label = "c"];
	q281 -> q300 [label = "a"];
	q78 -> q78 [label = "a"];
	q79 -> q80 [label = "a"];
	q75 -> q301 [label = "c"];
	q77 -> q287 [label = "b"];
	q326 -> q253 [label = "c"];
	q67 -> q277 [label = "b"];
	q80 -> q287 [label = "b"];
	q238 -> q210 [label = "c"];
	q199 -> q183 [label = "a"];
	q431 -> q315 [label = "b"];
	q84 -> q55 [label = "a"];
	q320 -> q319 [label = "c"];
	q132 -> q93 [label = "a"];
	q81 -> q277 [label = "b"];
	q83 -> q54 [label = "a"];
	q81 -> q306 [label = "c"];
	q86 -> q338 [label = "a"];
	q127 -> q293 [label = "b"];
	q421 -> q277 [label = "b"];
	q84 -> q277 [label = "b"];
	q184 -> q315 [label = "b"];
	q186 -> q122 [label = "a"];
	q184 -> q365 [label = "c"];
	q190 -> q315 [label = "b"];
	q185 -> q185 [label = "a"];
	q221 -> q336 [label = "a"];
	q362 -> q252 [label = "c"];
	q118 -> q81 [label = "a"];
	q189 -> q311 [label = "c"];
	q455 -> q187 [label = "a"];
	q185 -> q315 [label = "b"];
	q189 -> q175 [label = "a"];
	q96 -> q315 [label = "b"];
	q197 -> q181 [label = "a"];
	q240 -> q214 [label = "a"];
	q269 -> q250 [label = "a"];
	q191 -> q315 [label = "b"];
	q195 -> q215 [label = "c"];
	q192 -> q281 [label = "b"];
	q205 -> q351 [label = "a"];
	q54 -> q311 [label = "c"];
	q218 -> q244 [label = "b"];
	q194 -> q178 [label = "a"];
	q198 -> q213 [label = "c"];
	q229 -> q450 [label = "c"];
	q239 -> q254 [label = "c"];
	q247 -> q224 [label = "a"];
	q192 -> q311 [label = "c"];
	q196 -> q180 [label = "a"];
	q148 -> q293 [label = "b"];
	q129 -> q200 [label = "c"];
	q31 -> q281 [label = "b"];
	q198 -> q315 [label = "b"];
	q7 -> q0 [label = "a"];
	q261 -> q241 [label = "a"];
	q193 -> q177 [label = "a"];
	q195 -> q179 [label = "a"];
	q176 -> q293 [label = "b"];
	q193 -> q301 [label = "c"];
	q1 -> q200 [label = "c"];
	q221 -> q311 [label = "c"];
	q91 -> q223 [label = "c"];
	q194 -> q202 [label = "c"];
	q196 -> q315 [label = "b"];
	q167 -> q164 [label = "a"];
	q198 -> q182 [label = "a"];
	q197 -> q277 [label = "b"];
	q188 -> q277 [label = "b"];
	q206 -> q450 [label = "c"];
	q204 -> q352 [label = "a"];
	q206 -> q277 [label = "b"];
	q201 -> q185 [label = "a"];
	q203 -> q354 [label = "a"];
	q427 -> q277 [label = "b"];
	q230 -> q269 [label = "c"];
	q276 -> q296 [label = "b"];
	q201 -> q262 [label = "c"];
	q307 -> q323 [label = "a"];
	q207 -> q257 [label = "b"];
	q193 -> q293 [label = "b"];
	q202 -> q314 [label = "c"];
	q264 -> q245 [label = "a"];
	q204 -> q315 [label = "b"];
	q206 -> q142 [label = "a"];
	q27 -> q13 [label = "a"];
	q205 -> q277 [label = "b"];
	q243 -> q218 [label = "a"];
	q207 -> q349 [label = "a"];
	q208 -> q143 [label = "a"];
	q210 -> q277 [label = "b"];
	q208 -> q314 [label = "c"];
	q212 -> q342 [label = "a"];
	q273 -> q284 [label = "c"];
	q237 -> q277 [label = "b"];
	q214 -> q315 [label = "b"];
	q339 -> q277 [label = "b"];
	q209 -> q277 [label = "b"];
	q216 -> q315 [label = "b"];
	q222 -> q148 [label = "c"];
	q220 -> q147 [label = "a"];
	q222 -> q281 [label = "b"];
	q58 -> q391 [label = "c"];
	q217 -> q339 [label = "a"];
	q217 -> q277 [label = "b"];
	q219 -> q337 [label = "a"];
	q218 -> q285 [label = "c"];
	q222 -> q149 [label = "a"];
	q219 -> q217 [label = "c"];
	q446 -> q193 [label = "a"];
	q221 -> q244 [label = "b"];
	q224 -> q334 [label = "c"];
	q228 -> q330 [label = "a"];
	q230 -> q293 [label = "b"];
	q227 -> q315 [label = "b"];
	q225 -> q277 [label = "b"];
	q151 -> q110 [label = "a"];
	q233 -> q312 [label = "c"];
	q13 -> q277 [label = "b"];
	q226 -> q311 [label = "c"];
	q229 -> q277 [label = "b"];
	q203 -> q277 [label = "b"];
	q232 -> q204 [label = "a"];
	q234 -> q277 [label = "b"];
	q236 -> q321 [label = "c"];
	q274 -> q285 [label = "c"];
	q255 -> q232 [label = "a"];
	q232 -> q315 [label = "b"];
	q129 -> q277 [label = "b"];
	q236 -> q207 [label = "a"];
	q274 -> q281 [label = "b"];
	q93 -> q277 [label = "b"];
	q37 -> q277 [label = "b"];
	q186 -> q277 [label = "b"];
	q233 -> q448 [label = "a"];
	q62 -> q39 [label = "a"];
	q270 -> q281 [label = "b"];
	q235 -> q277 [label = "b"];
	q233 -> q281 [label = "b"];
	q237 -> q209 [label = "a"];
	q239 -> q315 [label = "b"];
	q242 -> q315 [label = "b"];
	q240 -> q315 [label = "b"];
	q242 -> q216 [label = "a"];
	q15 -> q149 [label = "a"];
	q244 -> q219 [label = "a"];
	q246 -> q293 [label = "b"];
	q273 -> q308 [label = "a"];
	q247 -> q223 [label = "c"];
	q247 -> q315 [label = "b"];
	q244 -> q315 [label = "b"];
	q271 -> q284 [label = "c"];
	q212 -> q315 [label = "b"];
	q246 -> q222 [label = "a"];
	q252 -> q292 [label = "c"];
	q248 -> q293 [label = "b"];
	q279 -> q281 [label = "b"];
	q32 -> q293 [label = "b"];
	q250 -> q228 [label = "a"];
	q252 -> q229 [label = "a"];
	q182 -> q172 [label = "a"];
	q253 -> q267 [label = "c"];
	q405 -> q315 [label = "b"];
	q3 -> q277 [label = "b"];
	q255 -> q315 [label = "b"];
	q249 -> q265 [label = "c"];
	q250 -> q265 [label = "c"];
	q75 -> q49 [label = "a"];
	q194 -> q277 [label = "b"];
	q253 -> q293 [label = "b"];
	q256 -> q277 [label = "b"];
	q333 -> q334 [label = "c"];
	q258 -> q238 [label = "a"];
	q262 -> q316 [label = "c"];
	q256 -> q233 [label = "c"];
	q251 -> q269 [label = "c"];
	q260 -> q270 [label = "a"];
	q262 -> q315 [label = "b"];
	q257 -> q236 [label = "a"];
	q261 -> q319 [label = "c"];
	q257 -> q277 [label = "b"];
	q228 -> q220 [label = "c"];
	q259 -> q239 [label = "a"];
	q142 -> q101 [label = "a"];
	q257 -> q235 [label = "c"];
	q258 -> q237 [label = "c"];
	q260 -> q293 [label = "b"];
	q309 -> q327 [label = "c"];
	q262 -> q242 [label = "a"];
	q259 -> q249 [label = "c"];
	q261 -> q277 [label = "b"];
	q87 -> q263 [label = "b"];
	q264 -> q297 [label = "c"];
	q86 -> q244 [label = "b"];
	q227 -> q220 [label = "c"];
	q263 -> q243 [label = "a"];
	q266 -> q315 [label = "b"];
	q264 -> q244 [label = "b"];
	q270 -> q311 [label = "c"];
	q313 -> q327 [label = "c"];
	q268 -> q248 [label = "a"];
	q370 -> q319 [label = "c"];
	q265 -> q281 [label = "b"];
	q267 -> q152 [label = "a"];
	q245 -> q220 [label = "c"];
	q265 -> q284 [label = "c"];
	q2 -> q97 [label = "a"];
	q268 -> q281 [label = "b"];
	q28 -> q334 [label = "c"];
	q270 -> q310 [label = "a"];
	q185 -> q223 [label = "c"];
	q276 -> q284 [label = "c"];
	q438 -> q443 [label = "a"];
	q272 -> q287 [label = "b"];
	q276 -> q295 [label = "a"];
	q278 -> q277 [label = "b"];
	q275 -> q287 [label = "b"];
	q277 -> q306 [label = "c"];
	q278 -> q304 [label = "a"];
	q328 -> q253 [label = "c"];
	q5 -> q277 [label = "b"];
	q71 -> q191 [label = "c"];
	q275 -> q275 [label = "c"];
	q277 -> q277 [label = "b"];
	q306 -> q315 [label = "b"];
	q284 -> q275 [label = "c"];
	q386 -> q411 [label = "a"];
	q282 -> q270 [label = "a"];
	q231 -> q277 [label = "b"];
	q286 -> q288 [label = "c"];
	q284 -> q157 [label = "a"];
	q306 -> q316 [label = "c"];
	q248 -> q226 [label = "a"];
	q268 -> q285 [label = "c"];
	q286 -> q287 [label = "b"];
	q285 -> q283 [label = "c"];
}
DFA size: 459 states

