Random target AFA:
digraph finite_state_machine {
	rankdir=LR;
	node [shape = circle];
	s0 [shape = point, style = invis, start="true" ];
	s1 [shape = point, style = invis, start="true" ];
	q0 [label = "q0", shape = doublecircle, final="true" ];
	q1 [label = "q1"];
	q2 [label = "q2"];
	q3 [label = "q3", shape = doublecircle, final="true" ];
	q4 [label = "q4", shape = doublecircle, final="true" ];
	q5 [label = "q5"];
	m0 [label = "", shape = square, style = filled, color=grey, fixedsize=true, width=.2];
	m1 [label = "", shape = square, style = filled, color=grey, fixedsize=true, width=.2];
	m2 [label = "", shape = square, style = filled, color=grey, fixedsize=true, width=.2];
	m3 [label = "", shape = square, style = filled, color=grey, fixedsize=true, width=.2];
	m4 [label = "", shape = square, style = filled, color=grey, fixedsize=true, width=.2];
	m5 [label = "", shape = square, style = filled, color=grey, fixedsize=true, width=.2];
	m6 [label = "", shape = square, style = filled, color=grey, fixedsize=true, width=.2];
	m7 [label = "", shape = square, style = filled, color=grey, fixedsize=true, width=.2];
	s0 -> q1
	s1 -> q0
	q3 -> m7 [label = "c"];
	q5 -> m0 [label = "b"];
	q2 -> m5 [label = "c"];
	q4 -> q4 [label = "b"];
	q5 -> q5 [label = "a"];
	q3 -> q2 [label = "a, c"];
	q5 -> m6 [label = "b"];
	q3 -> m4 [label = "a"];
	q1 -> m3 [label = "b"];
	q1 -> q5 [label = "b, c"];
	q3 -> m2 [label = "b"];
	q3 -> q5 [label = "b"];
	q1 -> q4 [label = "c"];
	q5 -> q1 [label = "a"];
	q0 -> q5 [label = "c"];
	q0 -> q0 [label = "a, b"];
	q4 -> q1 [label = "b, c"];
	q0 -> m0 [label = "a, b"];
	q2 -> m1 [label = "a, b"];
	q1 -> q3 [label = "a"];
	q2 -> q3 [label = "b, c"];
	q4 -> q2 [label = "c"];
	q4 -> q5 [label = "a"];
	q2 -> q5 [label = "a"];
	q5 -> q2 [label = "c"];
	q4 -> q3 [label = "a"];
	q1 -> m0 [label = "a"];
	m0 -> q1;
	m0 -> q4;
	m1 -> q4;
	m1 -> q5;
	m2 -> q0;
	m2 -> q5;
	m3 -> q1;
	m3 -> q2;
	m4 -> q0;
	m4 -> q3;
	m5 -> q1;
	m5 -> q3;
	m6 -> q2;
	m6 -> q5;
	m7 -> q3;
	m7 -> q4;
}

L* output after 8 EQ and 7672 MQ:
digraph finite_state_machine {
	rankdir=LR;
	node [shape = circle];
	s0 [shape = point, style = invis, start="true" ];
	q0 [label = "q0"];
	q1 [label = "q1", shape = doublecircle, final="true" ];
	q2 [label = "q2", shape = doublecircle, final="true" ];
	q3 [label = "q3", shape = doublecircle, final="true" ];
	q4 [label = "q4", shape = doublecircle, final="true" ];
	q5 [label = "q5", shape = doublecircle, final="true" ];
	q6 [label = "q6", shape = doublecircle, final="true" ];
	q7 [label = "q7"];
	q8 [label = "q8", shape = doublecircle, final="true" ];
	q9 [label = "q9", shape = doublecircle, final="true" ];
	q10 [label = "q10"];
	q11 [label = "q11", shape = doublecircle, final="true" ];
	q12 [label = "q12", shape = doublecircle, final="true" ];
	q13 [label = "q13"];
	q14 [label = "q14", shape = doublecircle, final="true" ];
	q15 [label = "q15", shape = doublecircle, final="true" ];
	q16 [label = "q16", shape = doublecircle, final="true" ];
	q17 [label = "q17", shape = doublecircle, final="true" ];
	q18 [label = "q18", shape = doublecircle, final="true" ];
	q19 [label = "q19", shape = doublecircle, final="true" ];
	q20 [label = "q20", shape = doublecircle, final="true" ];
	q21 [label = "q21", shape = doublecircle, final="true" ];
	q22 [label = "q22", shape = doublecircle, final="true" ];
	q23 [label = "q23", shape = doublecircle, final="true" ];
	q24 [label = "q24", shape = doublecircle, final="true" ];
	q25 [label = "q25", shape = doublecircle, final="true" ];
	q26 [label = "q26", shape = doublecircle, final="true" ];
	q27 [label = "q27", shape = doublecircle, final="true" ];
	q28 [label = "q28", shape = doublecircle, final="true" ];
	q29 [label = "q29", shape = doublecircle, final="true" ];
	q30 [label = "q30", shape = doublecircle, final="true" ];
	q31 [label = "q31", shape = doublecircle, final="true" ];
	q32 [label = "q32", shape = doublecircle, final="true" ];
	q33 [label = "q33"];
	q34 [label = "q34", shape = doublecircle, final="true" ];
	q35 [label = "q35", shape = doublecircle, final="true" ];
	q36 [label = "q36", shape = doublecircle, final="true" ];
	q37 [label = "q37", shape = doublecircle, final="true" ];
	q38 [label = "q38"];
	q39 [label = "q39", shape = doublecircle, final="true" ];
	q40 [label = "q40", shape = doublecircle, final="true" ];
	q41 [label = "q41", shape = doublecircle, final="true" ];
	q42 [label = "q42", shape = doublecircle, final="true" ];
	q43 [label = "q43", shape = doublecircle, final="true" ];
	q44 [label = "q44", shape = doublecircle, final="true" ];
	q45 [label = "q45", shape = doublecircle, final="true" ];
	q46 [label = "q46", shape = doublecircle, final="true" ];
	q47 [label = "q47", shape = doublecircle, final="true" ];
	q48 [label = "q48"];
	q49 [label = "q49", shape = doublecircle, final="true" ];
	q50 [label = "q50", shape = doublecircle, final="true" ];
	q51 [label = "q51", shape = doublecircle, final="true" ];
	q52 [label = "q52", shape = doublecircle, final="true" ];
	q53 [label = "q53", shape = doublecircle, final="true" ];
	q54 [label = "q54", shape = doublecircle, final="true" ];
	q55 [label = "q55", shape = doublecircle, final="true" ];
	q56 [label = "q56", shape = doublecircle, final="true" ];
	q57 [label = "q57", shape = doublecircle, final="true" ];
	s0 -> q41
	q41 -> q32 [label = "b"];
	q47 -> q28 [label = "c"];
	q41 -> q40 [label = "a"];
	q43 -> q26 [label = "b"];
	q40 -> q36 [label = "c"];
	q46 -> q46 [label = "b"];
	q42 -> q29 [label = "a"];
	q40 -> q32 [label = "b"];
	q42 -> q33 [label = "b"];
	q37 -> q25 [label = "b"];
	q36 -> q42 [label = "b"];
	q34 -> q47 [label = "c"];
	q37 -> q30 [label = "a"];
	q33 -> q49 [label = "c"];
	q39 -> q38 [label = "c"];
	q40 -> q37 [label = "a"];
	q33 -> q48 [label = "b"];
	q35 -> q33 [label = "b"];
	q38 -> q26 [label = "b"];
	q36 -> q35 [label = "a"];
	q32 -> q36 [label = "c"];
	q38 -> q55 [label = "c"];
	q34 -> q31 [label = "a"];
	q32 -> q51 [label = "b"];
	q29 -> q31 [label = "b"];
	q27 -> q56 [label = "c"];
	q45 -> q54 [label = "c"];
	q32 -> q50 [label = "a"];
	q31 -> q44 [label = "a"];
	q30 -> q52 [label = "a"];
	q28 -> q57 [label = "b"];
	q35 -> q45 [label = "c"];
	q16 -> q20 [label = "a"];
	q8 -> q44 [label = "a"];
	q27 -> q26 [label = "b"];
	q20 -> q44 [label = "a"];
	q16 -> q45 [label = "c"];
	q12 -> q23 [label = "a"];
	q47 -> q57 [label = "b"];
	q43 -> q29 [label = "a"];
	q21 -> q43 [label = "c"];
	q19 -> q13 [label = "b"];
	q15 -> q16 [label = "a"];
	q43 -> q43 [label = "c"];
	q7 -> q24 [label = "b"];
	q6 -> q5 [label = "b"];
	q17 -> q13 [label = "b"];
	q41 -> q39 [label = "c"];
	q3 -> q45 [label = "c"];
	q19 -> q16 [label = "a"];
	q45 -> q35 [label = "a"];
	q28 -> q28 [label = "c"];
	q21 -> q20 [label = "a"];
	q17 -> q49 [label = "c"];
	q30 -> q25 [label = "b"];
	q22 -> q19 [label = "a"];
	q13 -> q48 [label = "b"];
	q20 -> q17 [label = "b"];
	q42 -> q49 [label = "c"];
	q26 -> q33 [label = "b"];
	q20 -> q45 [label = "c"];
	q45 -> q53 [label = "b"];
	q46 -> q47 [label = "c"];
	q12 -> q2 [label = "c"];
	q47 -> q35 [label = "a"];
	q38 -> q31 [label = "a"];
	q0 -> q7 [label = "c"];
	q37 -> q29 [label = "c"];
	q54 -> q29 [label = "a"];
	q17 -> q20 [label = "a"];
	q7 -> q31 [label = "a"];
	q55 -> q27 [label = "c"];
	q1 -> q0 [label = "b"];
	q49 -> q31 [label = "a"];
	q46 -> q35 [label = "a"];
	q52 -> q52 [label = "a"];
	q10 -> q48 [label = "b"];
	q28 -> q44 [label = "a"];
	q53 -> q46 [label = "b"];
	q57 -> q46 [label = "b"];
	q23 -> q56 [label = "c"];
	q34 -> q46 [label = "b"];
	q23 -> q31 [label = "b"];
	q9 -> q44 [label = "a"];
	q16 -> q17 [label = "b"];
	q54 -> q26 [label = "b"];
	q6 -> q4 [label = "c"];
	q49 -> q43 [label = "c"];
	q44 -> q31 [label = "b"];
	q50 -> q45 [label = "c"];
	q2 -> q14 [label = "b"];
	q49 -> q24 [label = "b"];
	q56 -> q57 [label = "b"];
	q5 -> q33 [label = "b"];
	q52 -> q25 [label = "b"];
	q51 -> q36 [label = "c"];
	q50 -> q32 [label = "b"];
	q24 -> q21 [label = "a"];
	q18 -> q18 [label = "c"];
	q52 -> q56 [label = "c"];
	q29 -> q44 [label = "a"];
	q56 -> q54 [label = "c"];
	q57 -> q44 [label = "a"];
	q55 -> q46 [label = "b"];
	q18 -> q12 [label = "b"];
	q24 -> q33 [label = "b"];
	q51 -> q25 [label = "a"];
	q56 -> q44 [label = "a"];
	q15 -> q11 [label = "b"];
	q18 -> q15 [label = "a"];
	q48 -> q49 [label = "c"];
	q51 -> q51 [label = "b"];
	q22 -> q14 [label = "b"];
	q48 -> q48 [label = "b"];
	q9 -> q33 [label = "b"];
	q13 -> q9 [label = "a"];
	q11 -> q49 [label = "c"];
	q14 -> q21 [label = "a"];
	q12 -> q10 [label = "b"];
	q14 -> q2 [label = "c"];
	q53 -> q29 [label = "a"];
	q10 -> q7 [label = "c"];
	q57 -> q47 [label = "c"];
	q9 -> q36 [label = "c"];
	q39 -> q34 [label = "b"];
	q36 -> q43 [label = "c"];
	q50 -> q52 [label = "a"];
	q2 -> q18 [label = "c"];
	q4 -> q26 [label = "b"];
	q53 -> q47 [label = "c"];
	q6 -> q29 [label = "a"];
	q33 -> q35 [label = "a"];
	q1 -> q2 [label = "c"];
	q54 -> q56 [label = "c"];
	q14 -> q10 [label = "b"];
	q35 -> q44 [label = "a"];
	q5 -> q3 [label = "a"];
	q26 -> q23 [label = "a"];
	q3 -> q20 [label = "a"];
	q7 -> q6 [label = "c"];
	q0 -> q48 [label = "b"];
	q3 -> q33 [label = "b"];
	q1 -> q16 [label = "a"];
	q5 -> q22 [label = "c"];
	q4 -> q31 [label = "a"];
	q2 -> q1 [label = "a"];
	q26 -> q22 [label = "c"];
	q0 -> q9 [label = "a"];
	q31 -> q33 [label = "b"];
	q4 -> q43 [label = "c"];
	q10 -> q35 [label = "a"];
	q8 -> q31 [label = "b"];
	q39 -> q35 [label = "a"];
	q8 -> q29 [label = "c"];
	q13 -> q49 [label = "c"];
	q25 -> q36 [label = "c"];
	q11 -> q33 [label = "b"];
	q48 -> q31 [label = "a"];
	q15 -> q18 [label = "c"];
	q11 -> q8 [label = "a"];
	q44 -> q56 [label = "c"];
	q19 -> q22 [label = "c"];
	q21 -> q31 [label = "b"];
	q23 -> q20 [label = "a"];
	q30 -> q29 [label = "c"];
	q44 -> q44 [label = "a"];
	q25 -> q52 [label = "a"];
	q22 -> q18 [label = "c"];
	q55 -> q44 [label = "a"];
	q29 -> q43 [label = "c"];
	q25 -> q32 [label = "b"];
	q24 -> q22 [label = "c"];
	q27 -> q31 [label = "a"];
	q31 -> q49 [label = "c"];
}
DFA size: 58 states

NL* output after 10 EQ and 5989 MQ:
digraph finite_state_machine {
	rankdir=LR;
	node [shape = circle];
	s0 [shape = point, style = invis, start="true" ];
	q0 [label = "q0"];
	q1 [label = "q1", shape = doublecircle, final="true" ];
	q2 [label = "q2", shape = doublecircle, final="true" ];
	q3 [label = "q3", shape = doublecircle, final="true" ];
	q4 [label = "q4", shape = doublecircle, final="true" ];
	q5 [label = "q5", shape = doublecircle, final="true" ];
	q6 [label = "q6", shape = doublecircle, final="true" ];
	q7 [label = "q7", shape = doublecircle, final="true" ];
	q8 [label = "q8"];
	q9 [label = "q9", shape = doublecircle, final="true" ];
	q10 [label = "q10"];
	q11 [label = "q11", shape = doublecircle, final="true" ];
	q12 [label = "q12", shape = doublecircle, final="true" ];
	q13 [label = "q13", shape = doublecircle, final="true" ];
	q14 [label = "q14", shape = doublecircle, final="true" ];
	q15 [label = "q15", shape = doublecircle, final="true" ];
	q16 [label = "q16", shape = doublecircle, final="true" ];
	q17 [label = "q17", shape = doublecircle, final="true" ];
	q18 [label = "q18", shape = doublecircle, final="true" ];
	q19 [label = "q19", shape = doublecircle, final="true" ];
	q20 [label = "q20", shape = doublecircle, final="true" ];
	q21 [label = "q21"];
	q22 [label = "q22"];
	s0 -> q13
	q22 -> q17 [label = "a"];
	q22 -> q1 [label = "a"];
	q22 -> q0 [label = "a"];
	q17 -> q3 [label = "c"];
	q21 -> q21 [label = "a"];
	q21 -> q18 [label = "a"];
	q21 -> q6 [label = "a"];
	q21 -> q5 [label = "a"];
	q21 -> q2 [label = "a"];
	q17 -> q21 [label = "a"];
	q17 -> q5 [label = "a"];
	q21 -> q22 [label = "c"];
	q17 -> q17 [label = "a"];
	q16 -> q3 [label = "c"];
	q19 -> q1 [label = "a, b"];
	q20 -> q18 [label = "a"];
	q20 -> q15 [label = "a"];
	q20 -> q5 [label = "a"];
	q22 -> q18 [label = "a, b"];
	q18 -> q17 [label = "a"];
	q18 -> q6 [label = "a"];
	q18 -> q3 [label = "a, c"];
	q22 -> q7 [label = "c"];
	q18 -> q21 [label = "a, b"];
	q18 -> q0 [label = "a, b"];
	q16 -> q17 [label = "a"];
	q20 -> q21 [label = "a, b, c"];
	q20 -> q16 [label = "c"];
	q20 -> q8 [label = "a, b, c"];
	q20 -> q3 [label = "c"];
	q20 -> q0 [label = "a, b, c"];
	q20 -> q1 [label = "a, b"];
	q15 -> q22 [label = "a"];
	q15 -> q6 [label = "a"];
	q13 -> q17 [label = "b"];
	q13 -> q8 [label = "b"];
	q13 -> q1 [label = "b"];
	q11 -> q22 [label = "c"];
	q17 -> q16 [label = "c"];
	q14 -> q17 [label = "a"];
	q14 -> q15 [label = "a"];
	q14 -> q12 [label = "a"];
	q20 -> q6 [label = "a"];
	q15 -> q0 [label = "a, b"];
	q10 -> q11 [label = "c"];
	q13 -> q12 [label = "a"];
	q17 -> q20 [label = "a"];
	q9 -> q22 [label = "c"];
	q17 -> q6 [label = "a"];
	q9 -> q16 [label = "c"];
	q9 -> q10 [label = "c"];
	q21 -> q15 [label = "a"];
	q9 -> q4 [label = "c"];
	q9 -> q3 [label = "c"];
	q21 -> q17 [label = "a"];
	q3 -> q19 [label = "c"];
	q14 -> q6 [label = "a"];
	q7 -> q18 [label = "a"];
	q7 -> q15 [label = "a"];
	q7 -> q8 [label = "a"];
	q7 -> q1 [label = "a"];
	q10 -> q7 [label = "c"];
	q6 -> q17 [label = "a"];
	q18 -> q16 [label = "a"];
	q1 -> q3 [label = "c"];
	q5 -> q6 [label = "a"];
	q18 -> q8 [label = "a"];
	q5 -> q5 [label = "a"];
	q5 -> q1 [label = "a"];
	q7 -> q6 [label = "a, b"];
	q7 -> q16 [label = "a, c"];
	q22 -> q6 [label = "a"];
	q7 -> q4 [label = "a, c"];
	q7 -> q3 [label = "a, c"];
	q17 -> q1 [label = "a"];
	q3 -> q18 [label = "b"];
	q1 -> q21 [label = "a"];
	q1 -> q20 [label = "a"];
	q10 -> q17 [label = "a, b, c"];
	q8 -> q8 [label = "a, b"];
	q22 -> q15 [label = "a, b"];
	q14 -> q14 [label = "a, b"];
	q1 -> q6 [label = "a"];
	q7 -> q21 [label = "a"];
	q12 -> q19 [label = "a"];
	q2 -> q18 [label = "a"];
	q12 -> q16 [label = "a, c"];
	q16 -> q1 [label = "a"];
	q14 -> q18 [label = "a"];
	q6 -> q6 [label = "a"];
	q8 -> q21 [label = "a"];
	q10 -> q1 [label = "a, b, c"];
	q0 -> q1 [label = "a"];
	q15 -> q3 [label = "a, c"];
	q5 -> q20 [label = "a"];
	q13 -> q21 [label = "b, c"];
	q4 -> q0 [label = "a"];
	q12 -> q0 [label = "a, b, c"];
	q22 -> q8 [label = "a"];
	q18 -> q22 [label = "a"];
	q4 -> q21 [label = "a"];
	q9 -> q0 [label = "a, b, c"];
	q15 -> q8 [label = "a, b"];
	q2 -> q17 [label = "a"];
	q12 -> q15 [label = "a"];
	q11 -> q1 [label = "a"];
	q16 -> q19 [label = "c"];
	q3 -> q1 [label = "a"];
	q14 -> q16 [label = "c"];
	q12 -> q18 [label = "a"];
	q11 -> q17 [label = "a"];
	q9 -> q21 [label = "a, b, c"];
	q9 -> q15 [label = "a"];
	q16 -> q16 [label = "c"];
	q7 -> q0 [label = "a"];
	q8 -> q22 [label = "c"];
	q14 -> q2 [label = "a"];
	q1 -> q17 [label = "a"];
	q2 -> q16 [label = "a, c"];
	q9 -> q8 [label = "a, b, c"];
	q12 -> q1 [label = "b"];
	q2 -> q10 [label = "a"];
	q5 -> q8 [label = "a, b, c"];
	q9 -> q9 [label = "b, c"];
	q11 -> q10 [label = "c"];
	q21 -> q8 [label = "a, b"];
	q4 -> q16 [label = "c"];
	q20 -> q17 [label = "a, b"];
	q7 -> q17 [label = "a"];
	q0 -> q0 [label = "a"];
	q15 -> q21 [label = "a, b"];
	q9 -> q6 [label = "a, b, c"];
	q12 -> q4 [label = "a"];
	q15 -> q16 [label = "a, c"];
	q19 -> q19 [label = "c"];
	q11 -> q21 [label = "a"];
	q13 -> q14 [label = "b"];
	q12 -> q14 [label = "a, b"];
	q5 -> q17 [label = "a"];
	q10 -> q0 [label = "a, c"];
	q11 -> q0 [label = "a"];
	q11 -> q18 [label = "a"];
	q18 -> q4 [label = "a"];
	q12 -> q17 [label = "b"];
	q14 -> q8 [label = "a, b, c"];
	q21 -> q0 [label = "a"];
	q19 -> q3 [label = "a, c"];
	q11 -> q6 [label = "a"];
	q10 -> q18 [label = "a, b, c"];
	q1 -> q5 [label = "a"];
	q8 -> q6 [label = "a"];
	q13 -> q11 [label = "c"];
	q9 -> q1 [label = "a"];
	q5 -> q3 [label = "c"];
	q8 -> q17 [label = "a"];
	q5 -> q16 [label = "c"];
	q13 -> q0 [label = "b, c"];
	q20 -> q20 [label = "a"];
	q14 -> q21 [label = "a, c"];
	q12 -> q7 [label = "a"];
	q14 -> q22 [label = "c"];
	q0 -> q22 [label = "c"];
	q9 -> q11 [label = "b, c"];
	q8 -> q0 [label = "a"];
	q16 -> q18 [label = "b"];
	q15 -> q17 [label = "a"];
	q15 -> q1 [label = "a"];
	q8 -> q15 [label = "a"];
	q10 -> q21 [label = "a, c"];
	q2 -> q6 [label = "a"];
	q8 -> q18 [label = "a"];
	q2 -> q19 [label = "a"];
	q5 -> q18 [label = "a"];
	q4 -> q7 [label = "c"];
	q14 -> q1 [label = "a"];
	q8 -> q1 [label = "a"];
	q2 -> q8 [label = "a, b, c"];
	q20 -> q11 [label = "c"];
	q7 -> q7 [label = "a"];
	q4 -> q3 [label = "c"];
	q12 -> q3 [label = "a, c"];
	q4 -> q4 [label = "c"];
	q17 -> q8 [label = "a, b"];
	q14 -> q3 [label = "c"];
	q4 -> q19 [label = "c"];
	q12 -> q22 [label = "a, c"];
	q2 -> q0 [label = "a, b, c"];
	q7 -> q19 [label = "a"];
	q6 -> q1 [label = "a"];
	q10 -> q6 [label = "a, b, c"];
	q0 -> q17 [label = "a"];
	q0 -> q2 [label = "a"];
	q19 -> q17 [label = "a"];
	q11 -> q15 [label = "a"];
	q6 -> q3 [label = "c"];
	q0 -> q8 [label = "a, b"];
	q0 -> q15 [label = "a"];
	q22 -> q21 [label = "a"];
	q20 -> q2 [label = "a"];
	q0 -> q18 [label = "a"];
	q3 -> q3 [label = "c"];
	q12 -> q8 [label = "a, b, c"];
	q2 -> q4 [label = "a"];
	q4 -> q22 [label = "c"];
	q0 -> q21 [label = "a"];
	q14 -> q0 [label = "a, b, c"];
	q2 -> q21 [label = "a, b, c"];
	q5 -> q11 [label = "c"];
	q5 -> q15 [label = "a"];
	q6 -> q16 [label = "c"];
	q17 -> q0 [label = "a, b"];
	q3 -> q16 [label = "c"];
	q2 -> q2 [label = "a"];
	q1 -> q8 [label = "a"];
	q9 -> q18 [label = "a"];
	q2 -> q3 [label = "a, c"];
	q6 -> q5 [label = "a"];
	q5 -> q21 [label = "a, b, c"];
	q10 -> q8 [label = "a, c"];
	q2 -> q5 [label = "a"];
	q20 -> q22 [label = "c"];
	q10 -> q15 [label = "a, b, c"];
	q11 -> q9 [label = "b"];
	q8 -> q3 [label = "c"];
	q2 -> q7 [label = "a"];
	q2 -> q15 [label = "a"];
	q19 -> q18 [label = "b"];
	q19 -> q16 [label = "a, c"];
	q0 -> q6 [label = "a"];
	q2 -> q20 [label = "a"];
	q2 -> q1 [label = "a"];
	q5 -> q0 [label = "a, b, c"];
	q11 -> q8 [label = "a, b"];
	q2 -> q22 [label = "a, c"];
	q6 -> q0 [label = "a, b"];
	q6 -> q8 [label = "a, b"];
	q5 -> q2 [label = "a"];
	q11 -> q2 [label = "a"];
	q6 -> q21 [label = "a, b"];
	q7 -> q22 [label = "a, c"];
	q12 -> q21 [label = "b, c"];
	q4 -> q1 [label = "a, b"];
	q21 -> q1 [label = "a"];
	q4 -> q6 [label = "a, b"];
	q8 -> q16 [label = "c"];
	q9 -> q17 [label = "a"];
	q4 -> q8 [label = "a"];
	q15 -> q4 [label = "a"];
	q4 -> q15 [label = "a, b"];
	q12 -> q12 [label = "a"];
	q4 -> q17 [label = "a, b"];
	q11 -> q5 [label = "a"];
	q4 -> q18 [label = "a, b"];
	q5 -> q22 [label = "c"];
	q18 -> q1 [label = "a"];
	q1 -> q0 [label = "a, b"];
	q1 -> q1 [label = "a"];
}
NFA size: 23 states

AL* output after 11 EQ and 2258 MQ:
digraph finite_state_machine {
	rankdir=LR;
	node [shape = circle];
	s0 [shape = point, style = invis, start="true" ];
	s1 [shape = point, style = invis, start="true" ];
	q0 [label = "q0", shape = doublecircle, final="true" ];
	q1 [label = "q1", shape = doublecircle, final="true" ];
	q2 [label = "q2", shape = doublecircle, final="true" ];
	q3 [label = "q3", shape = doublecircle, final="true" ];
	q4 [label = "q4"];
	q5 [label = "q5", shape = doublecircle, final="true" ];
	q6 [label = "q6", shape = doublecircle, final="true" ];
	q7 [label = "q7", shape = doublecircle, final="true" ];
	q8 [label = "q8", shape = doublecircle, final="true" ];
	q9 [label = "q9", shape = doublecircle, final="true" ];
	q10 [label = "q10"];
	m0 [label = "", shape = square, style = filled, color=grey, fixedsize=true, width=.2];
	m1 [label = "", shape = square, style = filled, color=grey, fixedsize=true, width=.2];
	m2 [label = "", shape = square, style = filled, color=grey, fixedsize=true, width=.2];
	m3 [label = "", shape = square, style = filled, color=grey, fixedsize=true, width=.2];
	m4 [label = "", shape = square, style = filled, color=grey, fixedsize=true, width=.2];
	m5 [label = "", shape = square, style = filled, color=grey, fixedsize=true, width=.2];
	m6 [label = "", shape = square, style = filled, color=grey, fixedsize=true, width=.2];
	m7 [label = "", shape = square, style = filled, color=grey, fixedsize=true, width=.2];
	m8 [label = "", shape = square, style = filled, color=grey, fixedsize=true, width=.2];
	m9 [label = "", shape = square, style = filled, color=grey, fixedsize=true, width=.2];
	m10 [label = "", shape = square, style = filled, color=grey, fixedsize=true, width=.2];
	m11 [label = "", shape = square, style = filled, color=grey, fixedsize=true, width=.2];
	m12 [label = "", shape = square, style = filled, color=grey, fixedsize=true, width=.2];
	m13 [label = "", shape = square, style = filled, color=grey, fixedsize=true, width=.2];
	s0 -> m0
	s1 -> m1
	q9 -> m7 [label = "a, b"];
	q9 -> m11 [label = "a"];
	q8 -> m7 [label = "b, c"];
	q10 -> m1 [label = "a"];
	q10 -> m7 [label = "a"];
	q8 -> m6 [label = "a"];
	q8 -> m0 [label = "a, b"];
	q10 -> m10 [label = "b"];
	q4 -> m12 [label = "b"];
	q8 -> m8 [label = "c"];
	q4 -> m6 [label = "a, b, c"];
	q7 -> m2 [label = "c"];
	q2 -> m4 [label = "a, c"];
	q4 -> m7 [label = "a, b, c"];
	q2 -> m7 [label = "b, c"];
	q7 -> m11 [label = "a"];
	q6 -> m7 [label = "a"];
	q10 -> m2 [label = "c"];
	q10 -> m9 [label = "b"];
	q2 -> m2 [label = "c"];
	q3 -> m8 [label = "b, c"];
	q0 -> m5 [label = "b"];
	q6 -> m1 [label = "a, b, c"];
	q10 -> m3 [label = "b, c"];
	q7 -> m1 [label = "a"];
	q1 -> m1 [label = "a"];
	q3 -> m7 [label = "a, b, c"];
	q7 -> m4 [label = "a, c"];
	q5 -> m10 [label = "b"];
	q10 -> m6 [label = "a"];
	q0 -> m13 [label = "b"];
	q7 -> m7 [label = "a, b"];
	q6 -> m4 [label = "c"];
	q1 -> m2 [label = "c"];
	q10 -> m4 [label = "c"];
	q1 -> m3 [label = "b"];
	q10 -> m5 [label = "b, c"];
	q9 -> m6 [label = "b, c"];
	q5 -> m6 [label = "b, c"];
	q1 -> m4 [label = "c"];
	q3 -> m4 [label = "c"];
	q9 -> m4 [label = "a, c"];
	q0 -> m8 [label = "c"];
	q5 -> m9 [label = "b"];
	q7 -> m3 [label = "c"];
	q5 -> m11 [label = "a"];
	q1 -> m9 [label = "b"];
	q5 -> m7 [label = "a"];
	q7 -> m5 [label = "b"];
	q3 -> m5 [label = "a"];
	q1 -> m0 [label = "a, b"];
	q2 -> m0 [label = "a, b"];
	q1 -> m6 [label = "a"];
	q6 -> m6 [label = "a"];
	q0 -> m4 [label = "a, c"];
	q5 -> m4 [label = "c"];
	q4 -> m5 [label = "a"];
	q1 -> m5 [label = "c"];
	q0 -> m1 [label = "a"];
	q3 -> m1 [label = "b, c"];
	q0 -> m7 [label = "a, b, c"];
	q6 -> m8 [label = "b"];
	q2 -> m5 [label = "c"];
	q3 -> m6 [label = "a"];
	q2 -> m6 [label = "a"];
	q0 -> m6 [label = "a"];
	q1 -> m7 [label = "a, c"];
	q4 -> m8 [label = "c"];
	q10 -> m13 [label = "b"];
	m0 -> q1;
	m0 -> q2;
	m0 -> q8;
	m1 -> q0;
	m1 -> q3;
	m1 -> q4;
	m1 -> q8;
	m2 -> q0;
	m2 -> q1;
	m2 -> q2;
	m2 -> q3;
	m2 -> q5;
	m2 -> q6;
	m2 -> q7;
	m2 -> q8;
	m2 -> q9;
	m3 -> q0;
	m3 -> q1;
	m3 -> q2;
	m3 -> q3;
	m3 -> q5;
	m3 -> q6;
	m3 -> q7;
	m3 -> q9;
	m3 -> q10;
	m4 -> q4;
	m4 -> q5;
	m4 -> q9;
	m5 -> q0;
	m5 -> q1;
	m5 -> q2;
	m5 -> q3;
	m5 -> q4;
	m5 -> q6;
	m5 -> q8;
	m5 -> q10;
	m6 -> q0;
	m6 -> q2;
	m6 -> q7;
	m6 -> q9;
	m7 -> q0;
	m7 -> q1;
	m7 -> q6;
	m7 -> q7;
	m7 -> q10;
	m8 -> q3;
	m8 -> q6;
	m9 -> q0;
	m9 -> q1;
	m9 -> q3;
	m9 -> q4;
	m9 -> q5;
	m9 -> q6;
	m9 -> q7;
	m9 -> q9;
	m9 -> q10;
	m10 -> q0;
	m10 -> q1;
	m10 -> q2;
	m10 -> q3;
	m10 -> q6;
	m10 -> q7;
	m10 -> q8;
	m10 -> q10;
	m11 -> q0;
	m11 -> q1;
	m11 -> q2;
	m11 -> q7;
	m11 -> q8;
	m11 -> q9;
	m12 -> q0;
	m12 -> q1;
	m12 -> q2;
	m12 -> q3;
	m12 -> q4;
	m12 -> q5;
	m12 -> q6;
	m12 -> q8;
	m12 -> q9;
	m12 -> q10;
	m13 -> q0;
	m13 -> q1;
	m13 -> q2;
	m13 -> q3;
	m13 -> q4;
	m13 -> q5;
	m13 -> q7;
	m13 -> q8;
	m13 -> q9;
	m13 -> q10;
}
AFA size: 11 states

