Random target AFA:
digraph finite_state_machine {
	rankdir=LR;
	node [shape = circle];
	s0 [shape = point, style = invis, start="true" ];
	s1 [shape = point, style = invis, start="true" ];
	q0 [label = "q0"];
	q1 [label = "q1"];
	q2 [label = "q2"];
	q3 [label = "q3", shape = doublecircle, final="true" ];
	q4 [label = "q4"];
	q5 [label = "q5"];
	m0 [label = "", shape = square, style = filled, color=grey, fixedsize=true, width=.2];
	m1 [label = "", shape = square, style = filled, color=grey, fixedsize=true, width=.2];
	m2 [label = "", shape = square, style = filled, color=grey, fixedsize=true, width=.2];
	m3 [label = "", shape = square, style = filled, color=grey, fixedsize=true, width=.2];
	m4 [label = "", shape = square, style = filled, color=grey, fixedsize=true, width=.2];
	m5 [label = "", shape = square, style = filled, color=grey, fixedsize=true, width=.2];
	m6 [label = "", shape = square, style = filled, color=grey, fixedsize=true, width=.2];
	m7 [label = "", shape = square, style = filled, color=grey, fixedsize=true, width=.2];
	m8 [label = "", shape = square, style = filled, color=grey, fixedsize=true, width=.2];
	s0 -> q1
	s1 -> q2
	q3 -> m8 [label = "c"];
	q4 -> q3 [label = "a"];
	q0 -> q4 [label = "c"];
	q0 -> q2 [label = "c"];
	q2 -> q2 [label = "a"];
	q2 -> m4 [label = "a"];
	q5 -> m0 [label = "b"];
	q2 -> q3 [label = "b"];
	q0 -> m3 [label = "b"];
	q0 -> q3 [label = "a"];
	q1 -> q1 [label = "a, c"];
	q5 -> m7 [label = "b"];
	q0 -> m0 [label = "a"];
	q4 -> q1 [label = "b"];
	q2 -> m1 [label = "b"];
	q1 -> q3 [label = "a, b"];
	q4 -> q2 [label = "a"];
	q4 -> q0 [label = "b, c"];
	q5 -> m5 [label = "a, c"];
	q3 -> q2 [label = "a"];
	q5 -> q2 [label = "c"];
	q4 -> q4 [label = "c"];
	q2 -> q5 [label = "c"];
	q0 -> m2 [label = "b"];
	q1 -> q5 [label = "b"];
	q3 -> q3 [label = "b, c"];
	q1 -> m3 [label = "c"];
	q3 -> m6 [label = "a"];
	q5 -> q1 [label = "a"];
	q2 -> q0 [label = "c"];
	m0 -> q3;
	m0 -> q4;
	m1 -> q1;
	m1 -> q3;
	m2 -> q0;
	m2 -> q2;
	m3 -> q4;
	m3 -> q5;
	m4 -> q0;
	m4 -> q4;
	m5 -> q1;
	m5 -> q4;
	m6 -> q1;
	m6 -> q5;
	m7 -> q2;
	m7 -> q4;
	m8 -> q0;
	m8 -> q1;
}

L* output after 12 EQ and 17576 MQ:
digraph finite_state_machine {
	rankdir=LR;
	node [shape = circle];
	s0 [shape = point, style = invis, start="true" ];
	q0 [label = "q0"];
	q1 [label = "q1"];
	q2 [label = "q2"];
	q3 [label = "q3", shape = doublecircle, final="true" ];
	q4 [label = "q4", shape = doublecircle, final="true" ];
	q5 [label = "q5", shape = doublecircle, final="true" ];
	q6 [label = "q6", shape = doublecircle, final="true" ];
	q7 [label = "q7"];
	q8 [label = "q8"];
	q9 [label = "q9"];
	q10 [label = "q10"];
	q11 [label = "q11"];
	q12 [label = "q12", shape = doublecircle, final="true" ];
	q13 [label = "q13", shape = doublecircle, final="true" ];
	q14 [label = "q14", shape = doublecircle, final="true" ];
	q15 [label = "q15", shape = doublecircle, final="true" ];
	q16 [label = "q16", shape = doublecircle, final="true" ];
	q17 [label = "q17", shape = doublecircle, final="true" ];
	q18 [label = "q18", shape = doublecircle, final="true" ];
	q19 [label = "q19", shape = doublecircle, final="true" ];
	q20 [label = "q20", shape = doublecircle, final="true" ];
	q21 [label = "q21", shape = doublecircle, final="true" ];
	q22 [label = "q22", shape = doublecircle, final="true" ];
	q23 [label = "q23", shape = doublecircle, final="true" ];
	q24 [label = "q24", shape = doublecircle, final="true" ];
	q25 [label = "q25", shape = doublecircle, final="true" ];
	q26 [label = "q26"];
	q27 [label = "q27", shape = doublecircle, final="true" ];
	q28 [label = "q28", shape = doublecircle, final="true" ];
	q29 [label = "q29", shape = doublecircle, final="true" ];
	q30 [label = "q30"];
	q31 [label = "q31", shape = doublecircle, final="true" ];
	q32 [label = "q32", shape = doublecircle, final="true" ];
	q33 [label = "q33", shape = doublecircle, final="true" ];
	q34 [label = "q34"];
	q35 [label = "q35", shape = doublecircle, final="true" ];
	q36 [label = "q36", shape = doublecircle, final="true" ];
	q37 [label = "q37"];
	q38 [label = "q38", shape = doublecircle, final="true" ];
	q39 [label = "q39"];
	q40 [label = "q40", shape = doublecircle, final="true" ];
	q41 [label = "q41", shape = doublecircle, final="true" ];
	q42 [label = "q42", shape = doublecircle, final="true" ];
	q43 [label = "q43"];
	q44 [label = "q44"];
	q45 [label = "q45", shape = doublecircle, final="true" ];
	q46 [label = "q46", shape = doublecircle, final="true" ];
	q47 [label = "q47", shape = doublecircle, final="true" ];
	q48 [label = "q48", shape = doublecircle, final="true" ];
	q49 [label = "q49", shape = doublecircle, final="true" ];
	q50 [label = "q50", shape = doublecircle, final="true" ];
	q51 [label = "q51"];
	q52 [label = "q52", shape = doublecircle, final="true" ];
	q53 [label = "q53", shape = doublecircle, final="true" ];
	q54 [label = "q54", shape = doublecircle, final="true" ];
	q55 [label = "q55", shape = doublecircle, final="true" ];
	q56 [label = "q56", shape = doublecircle, final="true" ];
	q57 [label = "q57", shape = doublecircle, final="true" ];
	q58 [label = "q58", shape = doublecircle, final="true" ];
	q59 [label = "q59", shape = doublecircle, final="true" ];
	q60 [label = "q60", shape = doublecircle, final="true" ];
	q61 [label = "q61", shape = doublecircle, final="true" ];
	q62 [label = "q62", shape = doublecircle, final="true" ];
	q63 [label = "q63", shape = doublecircle, final="true" ];
	q64 [label = "q64", shape = doublecircle, final="true" ];
	q65 [label = "q65", shape = doublecircle, final="true" ];
	q66 [label = "q66", shape = doublecircle, final="true" ];
	q67 [label = "q67"];
	q68 [label = "q68", shape = doublecircle, final="true" ];
	s0 -> q26
	q41 -> q47 [label = "c"];
	q47 -> q61 [label = "b"];
	q40 -> q42 [label = "c"];
	q44 -> q10 [label = "a"];
	q46 -> q15 [label = "b"];
	q46 -> q52 [label = "c"];
	q44 -> q8 [label = "c"];
	q39 -> q23 [label = "a"];
	q35 -> q25 [label = "c"];
	q38 -> q44 [label = "a"];
	q34 -> q11 [label = "c"];
	q43 -> q28 [label = "b"];
	q37 -> q10 [label = "a"];
	q33 -> q28 [label = "b"];
	q35 -> q38 [label = "b"];
	q33 -> q23 [label = "a"];
	q36 -> q27 [label = "a"];
	q32 -> q49 [label = "c"];
	q38 -> q24 [label = "c"];
	q34 -> q27 [label = "a"];
	q32 -> q36 [label = "a"];
	q31 -> q43 [label = "a"];
	q29 -> q13 [label = "b"];
	q30 -> q33 [label = "a"];
	q28 -> q35 [label = "b"];
	q31 -> q35 [label = "b"];
	q47 -> q53 [label = "c"];
	q31 -> q22 [label = "c"];
	q25 -> q16 [label = "a"];
	q30 -> q48 [label = "b"];
	q25 -> q21 [label = "c"];
	q28 -> q26 [label = "a"];
	q24 -> q20 [label = "c"];
	q26 -> q28 [label = "b"];
	q23 -> q27 [label = "a"];
	q24 -> q16 [label = "a"];
	q21 -> q62 [label = "b"];
	q19 -> q49 [label = "c"];
	q11 -> q23 [label = "a"];
	q15 -> q41 [label = "c"];
	q9 -> q23 [label = "a"];
	q8 -> q67 [label = "c"];
	q35 -> q37 [label = "a"];
	q12 -> q27 [label = "a"];
	q14 -> q61 [label = "b"];
	q8 -> q66 [label = "b"];
	q10 -> q27 [label = "a"];
	q55 -> q16 [label = "a"];
	q38 -> q38 [label = "b"];
	q48 -> q54 [label = "c"];
	q25 -> q17 [label = "b"];
	q12 -> q65 [label = "c"];
	q51 -> q27 [label = "a"];
	q55 -> q57 [label = "c"];
	q54 -> q36 [label = "a"];
	q53 -> q60 [label = "c"];
	q49 -> q53 [label = "c"];
	q62 -> q4 [label = "c"];
	q52 -> q19 [label = "a"];
	q9 -> q48 [label = "b"];
	q62 -> q31 [label = "b"];
	q33 -> q18 [label = "c"];
	q66 -> q43 [label = "a"];
	q56 -> q23 [label = "a"];
	q60 -> q68 [label = "c"];
	q57 -> q19 [label = "a"];
	q67 -> q2 [label = "c"];
	q53 -> q62 [label = "b"];
	q37 -> q45 [label = "b"];
	q67 -> q27 [label = "a"];
	q21 -> q60 [label = "c"];
	q50 -> q37 [label = "a"];
	q4 -> q59 [label = "b"];
	q55 -> q17 [label = "b"];
	q51 -> q7 [label = "c"];
	q15 -> q50 [label = "b"];
	q42 -> q68 [label = "c"];
	q41 -> q19 [label = "a"];
	q42 -> q19 [label = "a"];
	q65 -> q27 [label = "a"];
	q27 -> q29 [label = "c"];
	q1 -> q0 [label = "c"];
	q54 -> q61 [label = "b"];
	q68 -> q6 [label = "c"];
	q52 -> q61 [label = "b"];
	q65 -> q65 [label = "c"];
	q24 -> q15 [label = "b"];
	q64 -> q68 [label = "c"];
	q2 -> q1 [label = "c"];
	q68 -> q27 [label = "a"];
	q11 -> q13 [label = "b"];
	q49 -> q23 [label = "a"];
	q5 -> q23 [label = "a"];
	q68 -> q62 [label = "b"];
	q58 -> q32 [label = "c"];
	q58 -> q26 [label = "a"];
	q64 -> q61 [label = "b"];
	q60 -> q3 [label = "b"];
	q34 -> q59 [label = "b"];
	q63 -> q31 [label = "b"];
	q7 -> q13 [label = "b"];
	q56 -> q62 [label = "b"];
	q37 -> q39 [label = "c"];
	q14 -> q23 [label = "a"];
	q4 -> q27 [label = "a"];
	q59 -> q23 [label = "a"];
	q61 -> q43 [label = "a"];
	q0 -> q27 [label = "a"];
	q66 -> q50 [label = "b"];
	q65 -> q13 [label = "b"];
	q45 -> q44 [label = "a"];
	q48 -> q35 [label = "b"];
	q17 -> q40 [label = "c"];
	q64 -> q23 [label = "a"];
	q63 -> q23 [label = "a"];
	q28 -> q32 [label = "c"];
	q19 -> q15 [label = "b"];
	q30 -> q34 [label = "c"];
	q59 -> q4 [label = "c"];
	q53 -> q27 [label = "a"];
	q62 -> q23 [label = "a"];
	q57 -> q5 [label = "c"];
	q60 -> q23 [label = "a"];
	q21 -> q36 [label = "a"];
	q13 -> q48 [label = "b"];
	q58 -> q50 [label = "b"];
	q63 -> q3 [label = "c"];
	q50 -> q55 [label = "c"];
	q13 -> q23 [label = "a"];
	q61 -> q50 [label = "b"];
	q59 -> q48 [label = "b"];
	q42 -> q62 [label = "b"];
	q9 -> q34 [label = "c"];
	q41 -> q58 [label = "b"];
	q54 -> q6 [label = "c"];
	q52 -> q56 [label = "c"];
	q50 -> q38 [label = "b"];
	q32 -> q58 [label = "b"];
	q48 -> q43 [label = "a"];
	q20 -> q19 [label = "a"];
	q47 -> q19 [label = "a"];
	q18 -> q63 [label = "c"];
	q36 -> q17 [label = "b"];
	q46 -> q16 [label = "a"];
	q20 -> q61 [label = "b"];
	q10 -> q31 [label = "b"];
	q39 -> q66 [label = "b"];
	q22 -> q36 [label = "a"];
	q23 -> q28 [label = "b"];
	q36 -> q60 [label = "c"];
	q67 -> q62 [label = "b"];
	q19 -> q27 [label = "a"];
	q3 -> q23 [label = "a"];
	q51 -> q59 [label = "b"];
	q17 -> q50 [label = "b"];
	q23 -> q59 [label = "c"];
	q18 -> q31 [label = "b"];
	q17 -> q37 [label = "a"];
	q22 -> q61 [label = "b"];
	q40 -> q61 [label = "b"];
	q61 -> q22 [label = "c"];
	q18 -> q23 [label = "a"];
	q40 -> q19 [label = "a"];
	q66 -> q54 [label = "c"];
	q22 -> q60 [label = "c"];
	q12 -> q59 [label = "b"];
	q27 -> q31 [label = "b"];
	q16 -> q49 [label = "c"];
	q3 -> q12 [label = "c"];
	q43 -> q27 [label = "a"];
	q16 -> q10 [label = "a"];
	q39 -> q67 [label = "c"];
	q20 -> q14 [label = "c"];
	q44 -> q45 [label = "b"];
	q15 -> q44 [label = "a"];
	q43 -> q9 [label = "c"];
	q2 -> q23 [label = "a"];
	q11 -> q51 [label = "c"];
	q13 -> q12 [label = "c"];
	q16 -> q45 [label = "b"];
	q10 -> q11 [label = "c"];
	q2 -> q3 [label = "b"];
	q5 -> q62 [label = "b"];
	q45 -> q46 [label = "c"];
	q5 -> q68 [label = "c"];
	q26 -> q30 [label = "c"];
	q29 -> q12 [label = "c"];
	q7 -> q27 [label = "a"];
	q29 -> q23 [label = "a"];
	q56 -> q5 [label = "c"];
	q8 -> q33 [label = "a"];
	q4 -> q29 [label = "c"];
	q6 -> q27 [label = "a"];
	q1 -> q62 [label = "b"];
	q7 -> q7 [label = "c"];
	q1 -> q27 [label = "a"];
	q57 -> q62 [label = "b"];
	q45 -> q38 [label = "b"];
	q0 -> q0 [label = "c"];
	q6 -> q3 [label = "b"];
	q26 -> q27 [label = "a"];
	q0 -> q3 [label = "b"];
	q27 -> q27 [label = "a"];
	q49 -> q66 [label = "b"];
	q3 -> q31 [label = "b"];
	q6 -> q6 [label = "c"];
	q14 -> q64 [label = "c"];
}
DFA size: 69 states

NL* output after 12 EQ and 9037 MQ:
digraph finite_state_machine {
	rankdir=LR;
	node [shape = circle];
	s0 [shape = point, style = invis, start="true" ];
	s1 [shape = point, style = invis, start="true" ];
	q0 [label = "q0"];
	q1 [label = "q1"];
	q2 [label = "q2"];
	q3 [label = "q3"];
	q4 [label = "q4", shape = doublecircle, final="true" ];
	q5 [label = "q5", shape = doublecircle, final="true" ];
	q6 [label = "q6", shape = doublecircle, final="true" ];
	q7 [label = "q7", shape = doublecircle, final="true" ];
	q8 [label = "q8", shape = doublecircle, final="true" ];
	q9 [label = "q9"];
	q10 [label = "q10", shape = doublecircle, final="true" ];
	q11 [label = "q11", shape = doublecircle, final="true" ];
	q12 [label = "q12"];
	q13 [label = "q13", shape = doublecircle, final="true" ];
	q14 [label = "q14"];
	q15 [label = "q15", shape = doublecircle, final="true" ];
	q16 [label = "q16", shape = doublecircle, final="true" ];
	q17 [label = "q17", shape = doublecircle, final="true" ];
	q18 [label = "q18", shape = doublecircle, final="true" ];
	q19 [label = "q19", shape = doublecircle, final="true" ];
	q20 [label = "q20"];
	q21 [label = "q21", shape = doublecircle, final="true" ];
	q22 [label = "q22"];
	q23 [label = "q23"];
	q24 [label = "q24", shape = doublecircle, final="true" ];
	q25 [label = "q25", shape = doublecircle, final="true" ];
	s0 -> q14
	s1 -> q23
	q18 -> q4 [label = "c"];
	q22 -> q17 [label = "a"];
	q22 -> q15 [label = "a"];
	q22 -> q14 [label = "a"];
	q17 -> q18 [label = "c"];
	q17 -> q13 [label = "c"];
	q17 -> q7 [label = "c"];
	q17 -> q2 [label = "c"];
	q21 -> q23 [label = "a"];
	q23 -> q21 [label = "b"];
	q23 -> q8 [label = "b"];
	q19 -> q23 [label = "a"];
	q19 -> q9 [label = "a"];
	q17 -> q5 [label = "b, c"];
	q19 -> q5 [label = "b"];
	q17 -> q25 [label = "a, c"];
	q17 -> q23 [label = "a"];
	q17 -> q16 [label = "a, b, c"];
	q17 -> q15 [label = "a, c"];
	q21 -> q24 [label = "c"];
	q21 -> q21 [label = "c"];
	q16 -> q10 [label = "c"];
	q20 -> q25 [label = "a"];
	q20 -> q23 [label = "a"];
	q20 -> q21 [label = "a, b"];
	q20 -> q20 [label = "a"];
	q20 -> q17 [label = "a"];
	q20 -> q16 [label = "a, b"];
	q20 -> q14 [label = "a"];
	q20 -> q11 [label = "a"];
	q20 -> q10 [label = "a"];
	q20 -> q9 [label = "a"];
	q20 -> q8 [label = "a, b"];
	q20 -> q4 [label = "a"];
	q22 -> q21 [label = "a, b"];
	q22 -> q10 [label = "a, b"];
	q22 -> q5 [label = "b"];
	q18 -> q15 [label = "a, c"];
	q18 -> q10 [label = "a, c"];
	q18 -> q9 [label = "a"];
	q16 -> q8 [label = "b, c"];
	q18 -> q18 [label = "c"];
	q22 -> q23 [label = "a, c"];
	q16 -> q21 [label = "b, c"];
	q22 -> q9 [label = "a, c"];
	q22 -> q3 [label = "c"];
	q18 -> q24 [label = "a, b, c"];
	q18 -> q21 [label = "a, b, c"];
	q0 -> q17 [label = "a"];
	q6 -> q8 [label = "a, b, c"];
	q13 -> q10 [label = "b, c"];
	q6 -> q6 [label = "c"];
	q1 -> q19 [label = "a, b"];
	q4 -> q9 [label = "a"];
	q6 -> q4 [label = "c"];
	q7 -> q21 [label = "a, b, c"];
	q0 -> q16 [label = "a, b"];
	q0 -> q15 [label = "a, b"];
	q0 -> q14 [label = "a"];
	q7 -> q23 [label = "a"];
	q0 -> q4 [label = "a"];
	q4 -> q25 [label = "c"];
	q4 -> q19 [label = "a, c"];
	q1 -> q23 [label = "a, c"];
	q4 -> q15 [label = "a, c"];
	q19 -> q10 [label = "a"];
	q19 -> q8 [label = "a, b, c"];
	q4 -> q8 [label = "a, b, c"];
	q4 -> q7 [label = "c"];
	q4 -> q5 [label = "b, c"];
	q1 -> q21 [label = "a, b"];
	q3 -> q5 [label = "b"];
	q18 -> q19 [label = "c"];
	q20 -> q18 [label = "a"];
	q2 -> q5 [label = "b"];
	q6 -> q5 [label = "b, c"];
	q5 -> q21 [label = "b, c"];
	q12 -> q20 [label = "c"];
	q3 -> q4 [label = "a"];
	q20 -> q5 [label = "b"];
	q12 -> q9 [label = "c"];
	q14 -> q5 [label = "b"];
	q0 -> q24 [label = "a, b"];
	q10 -> q9 [label = "a"];
	q0 -> q5 [label = "b"];
	q25 -> q10 [label = "a, c"];
	q14 -> q14 [label = "a"];
	q20 -> q13 [label = "b"];
	q16 -> q19 [label = "c"];
	q2 -> q8 [label = "a, b"];
	q14 -> q8 [label = "a, b"];
	q18 -> q5 [label = "b"];
	q13 -> q19 [label = "c"];
	q6 -> q7 [label = "b, c"];
	q12 -> q3 [label = "c"];
	q22 -> q11 [label = "a"];
	q4 -> q18 [label = "c"];
	q4 -> q4 [label = "c"];
	q0 -> q8 [label = "a, b"];
	q17 -> q8 [label = "a, b, c"];
	q9 -> q23 [label = "a"];
	q1 -> q18 [label = "b"];
	q2 -> q24 [label = "b"];
	q0 -> q7 [label = "b"];
	q0 -> q20 [label = "a"];
	q1 -> q3 [label = "c"];
	q3 -> q1 [label = "c"];
	q18 -> q16 [label = "b, c"];
	q14 -> q16 [label = "a, b"];
	q13 -> q24 [label = "b, c"];
	q19 -> q15 [label = "a, c"];
	q0 -> q21 [label = "a, b"];
	q9 -> q8 [label = "b"];
	q24 -> q23 [label = "a"];
	q8 -> q8 [label = "b, c"];
	q1 -> q14 [label = "a"];
	q12 -> q23 [label = "c"];
	q10 -> q21 [label = "c"];
	q19 -> q16 [label = "b, c"];
	q23 -> q14 [label = "a"];
	q24 -> q15 [label = "c"];
	q19 -> q18 [label = "c"];
	q3 -> q14 [label = "a"];
	q14 -> q4 [label = "a"];
	q17 -> q9 [label = "a"];
	q14 -> q9 [label = "a"];
	q24 -> q9 [label = "a"];
	q12 -> q21 [label = "b"];
	q9 -> q20 [label = "a"];
	q6 -> q21 [label = "a, b, c"];
	q0 -> q11 [label = "a, b"];
	q7 -> q19 [label = "c"];
	q19 -> q24 [label = "a, c"];
	q24 -> q25 [label = "c"];
	q3 -> q25 [label = "a, b"];
	q1 -> q0 [label = "c"];
	q2 -> q16 [label = "b"];
	q12 -> q10 [label = "b"];
	q11 -> q14 [label = "a"];
	q6 -> q25 [label = "b, c"];
	q20 -> q15 [label = "a"];
	q15 -> q24 [label = "a"];
	q14 -> q2 [label = "c"];
	q8 -> q23 [label = "a"];
	q12 -> q14 [label = "c"];
	q11 -> q5 [label = "b"];
	q13 -> q14 [label = "a"];
	q25 -> q15 [label = "c"];
	q24 -> q24 [label = "c"];
	q11 -> q17 [label = "a"];
	q22 -> q8 [label = "a, b"];
	q24 -> q21 [label = "c"];
	q25 -> q8 [label = "a, b, c"];
	q23 -> q20 [label = "a"];
	q9 -> q9 [label = "a"];
	q13 -> q17 [label = "c"];
	q11 -> q10 [label = "a"];
	q0 -> q19 [label = "a"];
	q25 -> q16 [label = "b, c"];
	q25 -> q6 [label = "c"];
	q6 -> q9 [label = "a"];
	q11 -> q8 [label = "a, b, c"];
	q11 -> q16 [label = "b, c"];
	q20 -> q2 [label = "c"];
	q25 -> q23 [label = "a"];
	q0 -> q25 [label = "a, b"];
	q0 -> q10 [label = "a"];
	q8 -> q15 [label = "c"];
	q4 -> q21 [label = "a, b, c"];
	q22 -> q24 [label = "a, b"];
	q15 -> q8 [label = "a, b, c"];
	q4 -> q10 [label = "a, c"];
	q16 -> q23 [label = "a"];
	q18 -> q23 [label = "a"];
	q14 -> q18 [label = "a"];
	q13 -> q15 [label = "c"];
	q25 -> q24 [label = "a, b, c"];
	q4 -> q24 [label = "a, b, c"];
	q25 -> q9 [label = "a"];
	q12 -> q15 [label = "a"];
	q25 -> q18 [label = "c"];
	q11 -> q9 [label = "a"];
	q3 -> q8 [label = "a, b"];
	q10 -> q15 [label = "c"];
	q14 -> q13 [label = "b"];
	q0 -> q18 [label = "a, b"];
	q20 -> q22 [label = "c"];
	q17 -> q22 [label = "c"];
	q4 -> q16 [label = "b, c"];
	q25 -> q21 [label = "a, b, c"];
	q17 -> q24 [label = "a, c"];
	q13 -> q8 [label = "b, c"];
	q2 -> q10 [label = "b"];
	q13 -> q21 [label = "b, c"];
	q19 -> q21 [label = "a, b, c"];
	q23 -> q2 [label = "c"];
	q19 -> q7 [label = "c"];
	q21 -> q8 [label = "b, c"];
	q9 -> q21 [label = "b"];
	q11 -> q11 [label = "a, c"];
	q2 -> q21 [label = "b"];
	q11 -> q21 [label = "a, b, c"];
	q14 -> q24 [label = "a"];
	q24 -> q16 [label = "c"];
	q11 -> q15 [label = "a, c"];
	q12 -> q5 [label = "b"];
	q12 -> q11 [label = "a"];
	q11 -> q19 [label = "a"];
	q14 -> q12 [label = "c"];
	q10 -> q7 [label = "c"];
	q15 -> q23 [label = "a"];
	q0 -> q23 [label = "a, c"];
	q11 -> q23 [label = "a"];
	q10 -> q8 [label = "b, c"];
	q9 -> q22 [label = "c"];
	q15 -> q9 [label = "a"];
	q16 -> q24 [label = "b, c"];
	q15 -> q16 [label = "b, c"];
	q21 -> q15 [label = "c"];
	q14 -> q20 [label = "a"];
	q12 -> q8 [label = "a, b"];
	q7 -> q6 [label = "c"];
	q15 -> q18 [label = "c"];
	q11 -> q13 [label = "b"];
	q4 -> q23 [label = "a"];
	q5 -> q23 [label = "a"];
	q3 -> q2 [label = "c"];
	q10 -> q23 [label = "a"];
	q15 -> q21 [label = "a, b, c"];
	q6 -> q16 [label = "b, c"];
	q5 -> q15 [label = "c"];
	q7 -> q9 [label = "a"];
	q14 -> q21 [label = "a, b"];
	q15 -> q15 [label = "c"];
	q6 -> q18 [label = "b, c"];
	q2 -> q11 [label = "a"];
	q25 -> q19 [label = "c"];
	q2 -> q15 [label = "a"];
	q6 -> q11 [label = "b"];
	q0 -> q0 [label = "c"];
	q3 -> q15 [label = "a, b"];
	q7 -> q17 [label = "c"];
	q14 -> q25 [label = "a"];
	q10 -> q16 [label = "c"];
	q0 -> q2 [label = "c"];
	q11 -> q24 [label = "a"];
	q0 -> q3 [label = "c"];
	q19 -> q25 [label = "c"];
	q0 -> q22 [label = "c"];
	q4 -> q11 [label = "a"];
	q3 -> q16 [label = "a, b"];
	q4 -> q14 [label = "a"];
	q4 -> q17 [label = "a"];
	q11 -> q18 [label = "c"];
	q5 -> q17 [label = "c"];
	q5 -> q24 [label = "b, c"];
	q1 -> q8 [label = "a, b"];
	q2 -> q3 [label = "c"];
	q1 -> q9 [label = "a, c"];
	q23 -> q23 [label = "a"];
	q7 -> q18 [label = "c"];
	q1 -> q10 [label = "a, b"];
	q1 -> q11 [label = "a, b"];
	q1 -> q15 [label = "a, b"];
	q18 -> q8 [label = "a, b, c"];
	q1 -> q24 [label = "a, b"];
	q22 -> q16 [label = "b"];
	q3 -> q7 [label = "b"];
	q7 -> q10 [label = "a, c"];
	q3 -> q11 [label = "a, b"];
	q3 -> q18 [label = "a, b"];
	q3 -> q21 [label = "a, b"];
	q12 -> q24 [label = "b"];
	q7 -> q25 [label = "c"];
	q5 -> q8 [label = "b, c"];
	q3 -> q24 [label = "a, b"];
	q7 -> q8 [label = "a, b, c"];
	q7 -> q15 [label = "c"];
	q5 -> q19 [label = "c"];
	q5 -> q10 [label = "c"];
	q7 -> q16 [label = "b, c"];
	q7 -> q24 [label = "a, b, c"];
	q23 -> q9 [label = "a"];
	q1 -> q4 [label = "b"];
	q1 -> q5 [label = "b"];
	q3 -> q23 [label = "a"];
	q1 -> q17 [label = "a"];
	q1 -> q7 [label = "b"];
	q1 -> q16 [label = "b"];
	q25 -> q25 [label = "c"];
	q1 -> q25 [label = "b"];
	q20 -> q24 [label = "a, b"];
	q10 -> q24 [label = "c"];
	q6 -> q24 [label = "a, b, c"];
	q3 -> q9 [label = "a"];
	q3 -> q10 [label = "a"];
	q3 -> q17 [label = "a"];
	q3 -> q19 [label = "a"];
	q12 -> q13 [label = "b"];
	q3 -> q20 [label = "a"];
	q5 -> q14 [label = "a"];
	q6 -> q23 [label = "a"];
	q6 -> q15 [label = "a, b, c"];
	q9 -> q14 [label = "a"];
	q2 -> q9 [label = "c"];
	q14 -> q11 [label = "a"];
	q24 -> q8 [label = "b, c"];
	q2 -> q23 [label = "c"];
	q16 -> q15 [label = "c"];
	q3 -> q22 [label = "c"];
	q9 -> q2 [label = "c"];
	q13 -> q23 [label = "a"];
	q22 -> q19 [label = "a"];
	q17 -> q21 [label = "a, b, c"];
	q10 -> q25 [label = "c"];
	q0 -> q9 [label = "a, c"];
	q0 -> q1 [label = "c"];
	q12 -> q16 [label = "b"];
	q14 -> q10 [label = "a"];
	q17 -> q10 [label = "a"];
	q14 -> q15 [label = "a"];
	q14 -> q17 [label = "a"];
	q14 -> q19 [label = "a"];
	q6 -> q19 [label = "c"];
	q14 -> q23 [label = "a"];
	q6 -> q10 [label = "a, c"];
	q15 -> q10 [label = "a"];
	q20 -> q1 [label = "c"];
	q20 -> q19 [label = "a"];
	q20 -> q12 [label = "c"];
}
NFA size: 26 states

AL* output after 11 EQ and 2730 MQ:
digraph finite_state_machine {
	rankdir=LR;
	node [shape = circle];
	s0 [shape = point, style = invis, start="true" ];
	s1 [shape = point, style = invis, start="true" ];
	q0 [label = "q0", shape = doublecircle, final="true" ];
	q1 [label = "q1"];
	q2 [label = "q2", shape = doublecircle, final="true" ];
	q3 [label = "q3", shape = doublecircle, final="true" ];
	q4 [label = "q4", shape = doublecircle, final="true" ];
	q5 [label = "q5", shape = doublecircle, final="true" ];
	q6 [label = "q6", shape = doublecircle, final="true" ];
	q7 [label = "q7", shape = doublecircle, final="true" ];
	q8 [label = "q8", shape = doublecircle, final="true" ];
	q9 [label = "q9"];
	q10 [label = "q10"];
	q11 [label = "q11"];
	q12 [label = "q12", shape = doublecircle, final="true" ];
	m0 [label = "", shape = square, style = filled, color=grey, fixedsize=true, width=.2];
	m1 [label = "", shape = square, style = filled, color=grey, fixedsize=true, width=.2];
	m2 [label = "", shape = square, style = filled, color=grey, fixedsize=true, width=.2];
	m3 [label = "", shape = square, style = filled, color=grey, fixedsize=true, width=.2];
	m4 [label = "", shape = square, style = filled, color=grey, fixedsize=true, width=.2];
	m5 [label = "", shape = square, style = filled, color=grey, fixedsize=true, width=.2];
	m6 [label = "", shape = square, style = filled, color=grey, fixedsize=true, width=.2];
	m7 [label = "", shape = square, style = filled, color=grey, fixedsize=true, width=.2];
	m8 [label = "", shape = square, style = filled, color=grey, fixedsize=true, width=.2];
	m9 [label = "", shape = square, style = filled, color=grey, fixedsize=true, width=.2];
	m10 [label = "", shape = square, style = filled, color=grey, fixedsize=true, width=.2];
	m11 [label = "", shape = square, style = filled, color=grey, fixedsize=true, width=.2];
	m12 [label = "", shape = square, style = filled, color=grey, fixedsize=true, width=.2];
	m13 [label = "", shape = square, style = filled, color=grey, fixedsize=true, width=.2];
	m14 [label = "", shape = square, style = filled, color=grey, fixedsize=true, width=.2];
	m15 [label = "", shape = square, style = filled, color=grey, fixedsize=true, width=.2];
	m16 [label = "", shape = square, style = filled, color=grey, fixedsize=true, width=.2];
	s0 -> m0
	s1 -> m1
	q9 -> m3 [label = "b"];
	q9 -> m4 [label = "a, b"];
	q8 -> m11 [label = "c"];
	q8 -> m7 [label = "b"];
	q8 -> m1 [label = "b"];
	q8 -> m6 [label = "a"];
	q8 -> m2 [label = "a, b"];
	q10 -> m16 [label = "b"];
	q4 -> m11 [label = "c"];
	q0 -> m6 [label = "a"];
	q0 -> m13 [label = "a"];
	q0 -> m0 [label = "a"];
	q2 -> m4 [label = "a, b, c"];
	q7 -> m0 [label = "a"];
	q5 -> m3 [label = "b"];
	q2 -> m11 [label = "c"];
	q3 -> m2 [label = "c"];
	q5 -> m1 [label = "a, c"];
	q0 -> m10 [label = "c"];
	q7 -> m6 [label = "a"];
	q4 -> m12 [label = "b"];
	q9 -> m11 [label = "c"];
	q9 -> m1 [label = "a, c"];
	q11 -> m2 [label = "a, c"];
	q5 -> m4 [label = "a, b, c"];
	q12 -> m5 [label = "b"];
	q10 -> m10 [label = "c"];
	q11 -> m3 [label = "b, c"];
	q2 -> m0 [label = "a, c"];
	q10 -> m3 [label = "c"];
	q2 -> m7 [label = "c"];
	q3 -> m7 [label = "c"];
	q1 -> m1 [label = "a, b, c"];
	q10 -> m0 [label = "a"];
	q12 -> m7 [label = "b, c"];
	q11 -> m4 [label = "a, b"];
	q10 -> m9 [label = "c"];
	q4 -> m6 [label = "a"];
	q4 -> m4 [label = "a, b, c"];
	q12 -> m4 [label = "a, b, c"];
	q6 -> m0 [label = "a, c"];
	q7 -> m4 [label = "b, c"];
	q11 -> m1 [label = "a, c"];
	q10 -> m2 [label = "a, c"];
	q2 -> m3 [label = "b"];
	q10 -> m8 [label = "c"];
	q0 -> m4 [label = "b, c"];
	q2 -> m1 [label = "a, b, c"];
	q9 -> m0 [label = "c"];
	q12 -> m11 [label = "c"];
	q2 -> m2 [label = "b"];
	q4 -> m5 [label = "b"];
	q6 -> m1 [label = "a"];
	q8 -> m3 [label = "c"];
	q3 -> m13 [label = "a"];
	q1 -> m3 [label = "b, c"];
	q6 -> m10 [label = "c"];
	q1 -> m11 [label = "c"];
	q10 -> m1 [label = "a"];
	q5 -> m0 [label = "a"];
	q8 -> m0 [label = "a"];
	q12 -> m6 [label = "a, b"];
	q3 -> m0 [label = "a"];
	q3 -> m6 [label = "a"];
	q11 -> m0 [label = "a"];
	q1 -> m4 [label = "a, b"];
	q10 -> m4 [label = "b"];
	q1 -> m2 [label = "a, b"];
	q9 -> m15 [label = "b"];
	q7 -> m14 [label = "c"];
	q1 -> m0 [label = "a"];
	q5 -> m12 [label = "c"];
	q12 -> m0 [label = "a"];
	q4 -> m0 [label = "a, c"];
	q0 -> m2 [label = "c"];
	q12 -> m14 [label = "a"];
	q3 -> m4 [label = "b, c"];
	q0 -> m15 [label = "c"];
	q6 -> m4 [label = "b, c"];
	q6 -> m15 [label = "b"];
	q8 -> m4 [label = "a, b, c"];
	q0 -> m5 [label = "b"];
	q2 -> m15 [label = "b"];
	m0 -> q1;
	m0 -> q8;
	m0 -> q10;
	m0 -> q11;
	m1 -> q1;
	m1 -> q2;
	m1 -> q5;
	m1 -> q9;
	m1 -> q11;
	m2 -> q1;
	m2 -> q2;
	m2 -> q4;
	m2 -> q8;
	m2 -> q9;
	m2 -> q12;
	m3 -> q2;
	m3 -> q6;
	m3 -> q9;
	m4 -> q0;
	m4 -> q2;
	m4 -> q3;
	m4 -> q4;
	m4 -> q5;
	m4 -> q6;
	m4 -> q7;
	m4 -> q8;
	m4 -> q12;
	m5 -> q0;
	m5 -> q1;
	m5 -> q2;
	m5 -> q3;
	m5 -> q4;
	m5 -> q8;
	m5 -> q9;
	m5 -> q10;
	m5 -> q11;
	m5 -> q12;
	m6 -> q1;
	m6 -> q2;
	m6 -> q5;
	m6 -> q6;
	m6 -> q9;
	m6 -> q10;
	m6 -> q11;
	m7 -> q2;
	m7 -> q4;
	m7 -> q6;
	m7 -> q9;
	m8 -> q0;
	m8 -> q1;
	m8 -> q2;
	m8 -> q3;
	m8 -> q4;
	m8 -> q5;
	m8 -> q6;
	m8 -> q7;
	m8 -> q8;
	m8 -> q10;
	m8 -> q11;
	m8 -> q12;
	m9 -> q1;
	m9 -> q2;
	m9 -> q5;
	m9 -> q8;
	m9 -> q9;
	m9 -> q10;
	m9 -> q11;
	m10 -> q1;
	m10 -> q2;
	m10 -> q5;
	m10 -> q8;
	m10 -> q9;
	m10 -> q11;
	m10 -> q12;
	m11 -> q1;
	m11 -> q2;
	m11 -> q8;
	m12 -> q0;
	m12 -> q1;
	m12 -> q2;
	m12 -> q4;
	m12 -> q6;
	m12 -> q8;
	m12 -> q9;
	m12 -> q12;
	m13 -> q0;
	m13 -> q1;
	m13 -> q2;
	m13 -> q3;
	m13 -> q4;
	m13 -> q5;
	m13 -> q6;
	m13 -> q7;
	m13 -> q8;
	m13 -> q9;
	m13 -> q10;
	m13 -> q12;
	m14 -> q1;
	m14 -> q2;
	m14 -> q4;
	m14 -> q5;
	m14 -> q8;
	m14 -> q9;
	m14 -> q11;
	m14 -> q12;
	m15 -> q1;
	m15 -> q2;
	m15 -> q3;
	m15 -> q8;
	m15 -> q10;
	m15 -> q11;
	m15 -> q12;
	m16 -> q0;
	m16 -> q1;
	m16 -> q2;
	m16 -> q3;
	m16 -> q4;
	m16 -> q6;
	m16 -> q8;
	m16 -> q9;
	m16 -> q10;
	m16 -> q11;
	m16 -> q12;
}
AFA size: 13 states

