Random target AFA:
digraph finite_state_machine {
	rankdir=LR;
	node [shape = circle];
	s0 [shape = point, style = invis, start="true" ];
	s1 [shape = point, style = invis, start="true" ];
	q0 [label = "q0"];
	q1 [label = "q1"];
	q2 [label = "q2"];
	q3 [label = "q3"];
	q4 [label = "q4", shape = doublecircle, final="true" ];
	q5 [label = "q5", shape = doublecircle, final="true" ];
	m0 [label = "", shape = square, style = filled, color=grey, fixedsize=true, width=.2];
	m1 [label = "", shape = square, style = filled, color=grey, fixedsize=true, width=.2];
	m2 [label = "", shape = square, style = filled, color=grey, fixedsize=true, width=.2];
	m3 [label = "", shape = square, style = filled, color=grey, fixedsize=true, width=.2];
	m4 [label = "", shape = square, style = filled, color=grey, fixedsize=true, width=.2];
	m5 [label = "", shape = square, style = filled, color=grey, fixedsize=true, width=.2];
	m6 [label = "", shape = square, style = filled, color=grey, fixedsize=true, width=.2];
	s0 -> q2
	s1 -> q2
	q3 -> m5 [label = "c"];
	q5 -> m6 [label = "b"];
	q4 -> q3 [label = "b"];
	q1 -> q2 [label = "c"];
	q3 -> q5 [label = "a, c"];
	q2 -> m5 [label = "c"];
	q5 -> m4 [label = "a"];
	q1 -> q1 [label = "b"];
	q5 -> q3 [label = "b"];
	q3 -> q2 [label = "b"];
	q2 -> q5 [label = "a, b, c"];
	q4 -> q2 [label = "b"];
	q1 -> q0 [label = "c"];
	q4 -> q5 [label = "a, c"];
	q1 -> q5 [label = "b"];
	q1 -> m3 [label = "a"];
	q0 -> m1 [label = "a"];
	q4 -> m0 [label = "c"];
	q0 -> m2 [label = "b"];
	q0 -> q1 [label = "a"];
	q0 -> q0 [label = "c"];
	q4 -> q1 [label = "a"];
	q3 -> q1 [label = "b"];
	q2 -> q4 [label = "b"];
	q2 -> q0 [label = "a"];
	q5 -> m1 [label = "a"];
	q0 -> q5 [label = "b, c"];
	q5 -> q1 [label = "c"];
	q1 -> m2 [label = "a"];
	m0 -> q1;
	m0 -> q4;
	m1 -> q4;
	m1 -> q5;
	m2 -> q2;
	m2 -> q3;
	m3 -> q2;
	m3 -> q4;
	m4 -> q0;
	m4 -> q5;
	m5 -> q0;
	m5 -> q3;
	m6 -> q2;
	m6 -> q5;
}

L* output after 10 EQ and 15043 MQ:
digraph finite_state_machine {
	rankdir=LR;
	node [shape = circle];
	s0 [shape = point, style = invis, start="true" ];
	q0 [label = "q0", shape = doublecircle, final="true" ];
	q1 [label = "q1"];
	q2 [label = "q2", shape = doublecircle, final="true" ];
	q3 [label = "q3", shape = doublecircle, final="true" ];
	q4 [label = "q4", shape = doublecircle, final="true" ];
	q5 [label = "q5", shape = doublecircle, final="true" ];
	q6 [label = "q6", shape = doublecircle, final="true" ];
	q7 [label = "q7", shape = doublecircle, final="true" ];
	q8 [label = "q8", shape = doublecircle, final="true" ];
	q9 [label = "q9", shape = doublecircle, final="true" ];
	q10 [label = "q10", shape = doublecircle, final="true" ];
	q11 [label = "q11", shape = doublecircle, final="true" ];
	q12 [label = "q12", shape = doublecircle, final="true" ];
	q13 [label = "q13", shape = doublecircle, final="true" ];
	q14 [label = "q14", shape = doublecircle, final="true" ];
	q15 [label = "q15", shape = doublecircle, final="true" ];
	q16 [label = "q16"];
	q17 [label = "q17"];
	q18 [label = "q18"];
	q19 [label = "q19", shape = doublecircle, final="true" ];
	q20 [label = "q20"];
	q21 [label = "q21"];
	q22 [label = "q22"];
	q23 [label = "q23"];
	q24 [label = "q24", shape = doublecircle, final="true" ];
	q25 [label = "q25", shape = doublecircle, final="true" ];
	q26 [label = "q26"];
	q27 [label = "q27"];
	q28 [label = "q28"];
	q29 [label = "q29", shape = doublecircle, final="true" ];
	q30 [label = "q30", shape = doublecircle, final="true" ];
	q31 [label = "q31", shape = doublecircle, final="true" ];
	q32 [label = "q32", shape = doublecircle, final="true" ];
	q33 [label = "q33"];
	q34 [label = "q34", shape = doublecircle, final="true" ];
	q35 [label = "q35"];
	q36 [label = "q36", shape = doublecircle, final="true" ];
	q37 [label = "q37", shape = doublecircle, final="true" ];
	q38 [label = "q38"];
	q39 [label = "q39", shape = doublecircle, final="true" ];
	q40 [label = "q40"];
	q41 [label = "q41"];
	q42 [label = "q42"];
	q43 [label = "q43", shape = doublecircle, final="true" ];
	q44 [label = "q44", shape = doublecircle, final="true" ];
	q45 [label = "q45", shape = doublecircle, final="true" ];
	q46 [label = "q46", shape = doublecircle, final="true" ];
	q47 [label = "q47"];
	q48 [label = "q48"];
	q49 [label = "q49", shape = doublecircle, final="true" ];
	q50 [label = "q50", shape = doublecircle, final="true" ];
	q51 [label = "q51", shape = doublecircle, final="true" ];
	q52 [label = "q52", shape = doublecircle, final="true" ];
	q53 [label = "q53"];
	q54 [label = "q54", shape = doublecircle, final="true" ];
	q55 [label = "q55"];
	q56 [label = "q56", shape = doublecircle, final="true" ];
	q57 [label = "q57", shape = doublecircle, final="true" ];
	q58 [label = "q58", shape = doublecircle, final="true" ];
	q59 [label = "q59", shape = doublecircle, final="true" ];
	q60 [label = "q60", shape = doublecircle, final="true" ];
	q61 [label = "q61", shape = doublecircle, final="true" ];
	q62 [label = "q62"];
	q63 [label = "q63", shape = doublecircle, final="true" ];
	q64 [label = "q64", shape = doublecircle, final="true" ];
	q65 [label = "q65", shape = doublecircle, final="true" ];
	q66 [label = "q66"];
	q67 [label = "q67", shape = doublecircle, final="true" ];
	q68 [label = "q68", shape = doublecircle, final="true" ];
	q69 [label = "q69", shape = doublecircle, final="true" ];
	q70 [label = "q70", shape = doublecircle, final="true" ];
	q71 [label = "q71", shape = doublecircle, final="true" ];
	q72 [label = "q72", shape = doublecircle, final="true" ];
	q73 [label = "q73", shape = doublecircle, final="true" ];
	q74 [label = "q74"];
	q75 [label = "q75", shape = doublecircle, final="true" ];
	q76 [label = "q76"];
	q77 [label = "q77"];
	q78 [label = "q78", shape = doublecircle, final="true" ];
	q79 [label = "q79", shape = doublecircle, final="true" ];
	q80 [label = "q80", shape = doublecircle, final="true" ];
	q81 [label = "q81", shape = doublecircle, final="true" ];
	q82 [label = "q82", shape = doublecircle, final="true" ];
	q83 [label = "q83", shape = doublecircle, final="true" ];
	q84 [label = "q84", shape = doublecircle, final="true" ];
	s0 -> q42
	q41 -> q32 [label = "c"];
	q47 -> q34 [label = "b"];
	q47 -> q45 [label = "c"];
	q43 -> q49 [label = "b"];
	q46 -> q36 [label = "b"];
	q42 -> q43 [label = "a"];
	q42 -> q44 [label = "b"];
	q44 -> q78 [label = "a, c"];
	q39 -> q13 [label = "a"];
	q36 -> q82 [label = "b"];
	q37 -> q69 [label = "a"];
	q33 -> q71 [label = "c"];
	q33 -> q34 [label = "b"];
	q35 -> q56 [label = "b"];
	q33 -> q57 [label = "a"];
	q36 -> q81 [label = "a"];
	q32 -> q50 [label = "c"];
	q32 -> q59 [label = "b"];
	q36 -> q6 [label = "c"];
	q34 -> q34 [label = "b"];
	q31 -> q60 [label = "a"];
	q29 -> q36 [label = "b"];
	q27 -> q71 [label = "c"];
	q26 -> q32 [label = "c"];
	q41 -> q14 [label = "a"];
	q29 -> q72 [label = "a"];
	q25 -> q37 [label = "c"];
	q31 -> q15 [label = "c"];
	q29 -> q62 [label = "c"];
	q25 -> q80 [label = "a"];
	q30 -> q61 [label = "b"];
	q28 -> q63 [label = "a"];
	q39 -> q55 [label = "c"];
	q30 -> q50 [label = "c"];
	q26 -> q67 [label = "a"];
	q24 -> q64 [label = "b"];
	q11 -> q60 [label = "a"];
	q9 -> q7 [label = "a"];
	q11 -> q82 [label = "b"];
	q12 -> q4 [label = "a"];
	q14 -> q59 [label = "b"];
	q14 -> q27 [label = "c"];
	q40 -> q80 [label = "a"];
	q8 -> q80 [label = "a"];
	q8 -> q37 [label = "c"];
	q4 -> q6 [label = "c"];
	q0 -> q46 [label = "a"];
	q2 -> q1 [label = "b"];
	q34 -> q6 [label = "c"];
	q2 -> q78 [label = "a"];
	q10 -> q8 [label = "a"];
	q6 -> q5 [label = "b"];
	q0 -> q50 [label = "c"];
	q3 -> q67 [label = "a"];
	q10 -> q82 [label = "b"];
	q5 -> q4 [label = "a"];
	q6 -> q12 [label = "a"];
	q4 -> q11 [label = "b"];
	q2 -> q37 [label = "c"];
	q1 -> q32 [label = "c"];
	q5 -> q82 [label = "b"];
	q3 -> q37 [label = "c"];
	q43 -> q46 [label = "a"];
	q9 -> q62 [label = "c"];
	q13 -> q13 [label = "a"];
	q32 -> q58 [label = "a"];
	q11 -> q6 [label = "c"];
	q45 -> q37 [label = "c"];
	q13 -> q48 [label = "b"];
	q15 -> q50 [label = "a, c"];
	q20 -> q70 [label = "c"];
	q18 -> q16 [label = "b"];
	q22 -> q17 [label = "c"];
	q27 -> q36 [label = "b"];
	q16 -> q47 [label = "b"];
	q22 -> q78 [label = "b"];
	q20 -> q58 [label = "a"];
	q9 -> q36 [label = "b"];
	q21 -> q70 [label = "c"];
	q70 -> q50 [label = "c"];
	q71 -> q75 [label = "b"];
	q68 -> q72 [label = "a"];
	q83 -> q20 [label = "c"];
	q13 -> q55 [label = "c"];
	q78 -> q52 [label = "a"];
	q60 -> q50 [label = "c"];
	q65 -> q66 [label = "b"];
	q62 -> q71 [label = "c"];
	q7 -> q30 [label = "c"];
	q65 -> q74 [label = "c"];
	q66 -> q79 [label = "a"];
	q21 -> q10 [label = "b"];
	q71 -> q50 [label = "a, c"];
	q69 -> q73 [label = "c"];
	q72 -> q80 [label = "a"];
	q67 -> q13 [label = "a"];
	q72 -> q26 [label = "b"];
	q67 -> q26 [label = "b"];
	q8 -> q26 [label = "b"];
	q78 -> q36 [label = "b"];
	q55 -> q70 [label = "c"];
	q65 -> q65 [label = "a"];
	q38 -> q67 [label = "a"];
	q35 -> q50 [label = "a"];
	q31 -> q11 [label = "b"];
	q51 -> q66 [label = "b"];
	q73 -> q58 [label = "a"];
	q69 -> q41 [label = "b"];
	q40 -> q45 [label = "c"];
	q84 -> q6 [label = "c"];
	q37 -> q6 [label = "c"];
	q27 -> q31 [label = "a"];
	q77 -> q51 [label = "a"];
	q1 -> q34 [label = "b"];
	q84 -> q24 [label = "a"];
	q52 -> q41 [label = "b"];
	q72 -> q30 [label = "c"];
	q64 -> q33 [label = "b"];
	q83 -> q13 [label = "a"];
	q66 -> q45 [label = "c"];
	q57 -> q64 [label = "b"];
	q74 -> q76 [label = "a"];
	q75 -> q78 [label = "a"];
	q80 -> q39 [label = "a"];
	q56 -> q82 [label = "b"];
	q48 -> q33 [label = "b"];
	q28 -> q43 [label = "c"];
	q61 -> q82 [label = "b"];
	q41 -> q33 [label = "b"];
	q79 -> q22 [label = "c"];
	q79 -> q66 [label = "b"];
	q51 -> q53 [label = "c"];
	q83 -> q26 [label = "b"];
	q81 -> q37 [label = "c"];
	q34 -> q12 [label = "a"];
	q17 -> q43 [label = "c"];
	q38 -> q47 [label = "b"];
	q28 -> q3 [label = "b"];
	q1 -> q0 [label = "a"];
	q75 -> q37 [label = "c"];
	q75 -> q33 [label = "b"];
	q82 -> q6 [label = "c"];
	q81 -> q54 [label = "a"];
	q84 -> q36 [label = "b"];
	q77 -> q48 [label = "b"];
	q25 -> q48 [label = "b"];
	q6 -> q6 [label = "c"];
	q76 -> q13 [label = "a"];
	q44 -> q47 [label = "b"];
	q50 -> q6 [label = "c"];
	q76 -> q38 [label = "b"];
	q67 -> q62 [label = "c"];
	q37 -> q36 [label = "b"];
	q12 -> q6 [label = "c"];
	q0 -> q59 [label = "b"];
	q78 -> q23 [label = "c"];
	q47 -> q43 [label = "a"];
	q73 -> q10 [label = "b"];
	q64 -> q37 [label = "c"];
	q46 -> q35 [label = "c"];
	q74 -> q28 [label = "c"];
	q58 -> q80 [label = "a"];
	q76 -> q77 [label = "c"];
	q58 -> q73 [label = "c"];
	q77 -> q32 [label = "c"];
	q39 -> q26 [label = "b"];
	q73 -> q50 [label = "c"];
	q66 -> q33 [label = "b"];
	q64 -> q14 [label = "a"];
	q68 -> q27 [label = "c"];
	q59 -> q37 [label = "c"];
	q63 -> q15 [label = "c"];
	q24 -> q14 [label = "a"];
	q16 -> q68 [label = "c"];
	q82 -> q34 [label = "b"];
	q42 -> q45 [label = "c"];
	q7 -> q48 [label = "b"];
	q62 -> q69 [label = "a"];
	q19 -> q10 [label = "b"];
	q40 -> q38 [label = "b"];
	q30 -> q83 [label = "a"];
	q14 -> q39 [label = "a"];
	q69 -> q54 [label = "a"];
	q45 -> q48 [label = "b"];
	q26 -> q33 [label = "b"];
	q15 -> q56 [label = "b"];
	q63 -> q24 [label = "a"];
	q63 -> q36 [label = "b"];
	q61 -> q25 [label = "a"];
	q24 -> q19 [label = "c"];
	q7 -> q80 [label = "a"];
	q16 -> q14 [label = "a"];
	q81 -> q41 [label = "b"];
	q82 -> q57 [label = "a"];
	q57 -> q50 [label = "c"];
	q23 -> q5 [label = "b"];
	q59 -> q67 [label = "a"];
	q59 -> q33 [label = "b"];
	q56 -> q37 [label = "c"];
	q57 -> q78 [label = "a"];
	q62 -> q36 [label = "b"];
	q5 -> q6 [label = "c"];
	q12 -> q11 [label = "b"];
	q18 -> q54 [label = "a"];
	q60 -> q14 [label = "a"];
	q23 -> q71 [label = "c"];
	q58 -> q26 [label = "b"];
	q74 -> q9 [label = "b"];
	q17 -> q50 [label = "a"];
	q56 -> q84 [label = "a"];
	q21 -> q63 [label = "a"];
	q55 -> q83 [label = "a"];
	q4 -> q60 [label = "a"];
	q53 -> q29 [label = "b"];
	q80 -> q21 [label = "c"];
	q48 -> q79 [label = "a"];
	q70 -> q63 [label = "a"];
	q54 -> q39 [label = "a"];
	q3 -> q1 [label = "b"];
	q19 -> q63 [label = "a"];
	q70 -> q59 [label = "b"];
	q55 -> q61 [label = "b"];
	q45 -> q51 [label = "a"];
	q46 -> q52 [label = "a"];
	q68 -> q59 [label = "b"];
	q53 -> q40 [label = "a"];
	q23 -> q12 [label = "a"];
	q49 -> q37 [label = "c"];
	q19 -> q50 [label = "c"];
	q51 -> q65 [label = "a"];
	q52 -> q54 [label = "a"];
	q60 -> q64 [label = "b"];
	q53 -> q28 [label = "c"];
	q61 -> q37 [label = "c"];
	q49 -> q79 [label = "a"];
	q35 -> q70 [label = "c"];
	q54 -> q49 [label = "b"];
	q10 -> q37 [label = "c"];
	q48 -> q32 [label = "c"];
	q54 -> q27 [label = "c"];
	q50 -> q31 [label = "a"];
	q79 -> q65 [label = "a"];
	q49 -> q33 [label = "b"];
	q50 -> q36 [label = "b"];
	q38 -> q68 [label = "c"];
	q52 -> q30 [label = "c"];
	q43 -> q50 [label = "c"];
	q18 -> q45 [label = "c"];
	q20 -> q10 [label = "b"];
	q80 -> q49 [label = "b"];
	q22 -> q18 [label = "a"];
	q17 -> q2 [label = "b"];
}
DFA size: 85 states

NL* output after 14 EQ and 6263 MQ:
digraph finite_state_machine {
	rankdir=LR;
	node [shape = circle];
	s0 [shape = point, style = invis, start="true" ];
	s1 [shape = point, style = invis, start="true" ];
	s2 [shape = point, style = invis, start="true" ];
	s3 [shape = point, style = invis, start="true" ];
	q0 [label = "q0", shape = doublecircle, final="true" ];
	q1 [label = "q1", shape = doublecircle, final="true" ];
	q2 [label = "q2", shape = doublecircle, final="true" ];
	q3 [label = "q3"];
	q4 [label = "q4"];
	q5 [label = "q5", shape = doublecircle, final="true" ];
	q6 [label = "q6"];
	q7 [label = "q7"];
	q8 [label = "q8"];
	q9 [label = "q9", shape = doublecircle, final="true" ];
	q10 [label = "q10", shape = doublecircle, final="true" ];
	q11 [label = "q11", shape = doublecircle, final="true" ];
	q12 [label = "q12"];
	q13 [label = "q13"];
	q14 [label = "q14", shape = doublecircle, final="true" ];
	q15 [label = "q15", shape = doublecircle, final="true" ];
	q16 [label = "q16"];
	q17 [label = "q17", shape = doublecircle, final="true" ];
	q18 [label = "q18"];
	q19 [label = "q19"];
	q20 [label = "q20"];
	q21 [label = "q21", shape = doublecircle, final="true" ];
	q22 [label = "q22"];
	s0 -> q4
	s1 -> q7
	s2 -> q12
	s3 -> q19
	q18 -> q6 [label = "c"];
	q20 -> q16 [label = "b"];
	q17 -> q18 [label = "c"];
	q19 -> q2 [label = "a"];
	q21 -> q22 [label = "c"];
	q21 -> q18 [label = "c"];
	q22 -> q22 [label = "b"];
	q22 -> q17 [label = "b"];
	q22 -> q14 [label = "b"];
	q22 -> q5 [label = "b"];
	q22 -> q1 [label = "b"];
	q16 -> q22 [label = "b"];
	q16 -> q20 [label = "b, c"];
	q16 -> q16 [label = "b"];
	q16 -> q13 [label = "b"];
	q16 -> q8 [label = "b"];
	q16 -> q7 [label = "b"];
	q17 -> q17 [label = "a"];
	q16 -> q3 [label = "b"];
	q22 -> q12 [label = "c"];
	q22 -> q7 [label = "a, c"];
	q22 -> q6 [label = "c"];
	q22 -> q4 [label = "a, c"];
	q18 -> q21 [label = "b"];
	q18 -> q19 [label = "a, b, c"];
	q18 -> q17 [label = "b"];
	q18 -> q9 [label = "b"];
	q16 -> q21 [label = "a, c"];
	q16 -> q17 [label = "a, c"];
	q20 -> q21 [label = "c"];
	q20 -> q5 [label = "c"];
	q15 -> q7 [label = "a"];
	q15 -> q0 [label = "a"];
	q13 -> q12 [label = "b"];
	q13 -> q7 [label = "b"];
	q13 -> q4 [label = "b"];
	q11 -> q14 [label = "c"];
	q11 -> q7 [label = "c"];
	q11 -> q6 [label = "c"];
	q22 -> q2 [label = "b"];
	q12 -> q10 [label = "b"];
	q12 -> q3 [label = "b"];
	q15 -> q21 [label = "b"];
	q15 -> q15 [label = "b"];
	q22 -> q9 [label = "b"];
	q15 -> q14 [label = "b"];
	q16 -> q12 [label = "b"];
	q15 -> q9 [label = "b"];
	q15 -> q5 [label = "b"];
	q18 -> q7 [label = "c"];
	q15 -> q2 [label = "a, b"];
	q5 -> q9 [label = "b"];
	q21 -> q8 [label = "c"];
	q20 -> q14 [label = "c"];
	q7 -> q2 [label = "a"];
	q2 -> q18 [label = "c"];
	q4 -> q13 [label = "b"];
	q22 -> q19 [label = "a, b, c"];
	q6 -> q18 [label = "a"];
	q6 -> q8 [label = "a"];
	q6 -> q7 [label = "a"];
	q11 -> q0 [label = "c"];
	q5 -> q17 [label = "a, b"];
	q7 -> q13 [label = "b"];
	q3 -> q21 [label = "a, c"];
	q3 -> q17 [label = "a, c"];
	q3 -> q9 [label = "a, c"];
	q3 -> q2 [label = "a, c"];
	q1 -> q22 [label = "b, c"];
	q14 -> q0 [label = "a"];
	q1 -> q19 [label = "b, c"];
	q1 -> q18 [label = "b, c"];
	q1 -> q13 [label = "b"];
	q10 -> q2 [label = "a, c"];
	q8 -> q2 [label = "b"];
	q3 -> q5 [label = "a, c"];
	q1 -> q21 [label = "b"];
	q7 -> q20 [label = "c"];
	q8 -> q1 [label = "b"];
	q10 -> q14 [label = "a, c"];
	q4 -> q3 [label = "b"];
	q4 -> q20 [label = "c"];
	q20 -> q20 [label = "b, c"];
	q6 -> q22 [label = "a"];
	q14 -> q21 [label = "b"];
	q12 -> q9 [label = "a, b, c"];
	q14 -> q19 [label = "a, b, c"];
	q10 -> q5 [label = "a, c"];
	q5 -> q7 [label = "c"];
	q22 -> q15 [label = "b"];
	q14 -> q13 [label = "b"];
	q16 -> q18 [label = "b"];
	q15 -> q17 [label = "a, b"];
	q15 -> q1 [label = "b"];
	q8 -> q15 [label = "b"];
	q9 -> q18 [label = "c"];
	q1 -> q8 [label = "b, c"];
	q8 -> q9 [label = "b"];
	q11 -> q22 [label = "a, c"];
	q9 -> q17 [label = "a"];
	q10 -> q12 [label = "b"];
	q12 -> q21 [label = "a, b, c"];
	q8 -> q21 [label = "b"];
	q14 -> q18 [label = "c"];
	q19 -> q17 [label = "a"];
	q11 -> q15 [label = "c"];
	q12 -> q5 [label = "a"];
	q22 -> q8 [label = "b"];
	q4 -> q21 [label = "a, c"];
	q11 -> q17 [label = "a, b, c"];
	q19 -> q13 [label = "b"];
	q14 -> q7 [label = "a, c"];
	q10 -> q15 [label = "a, c"];
	q11 -> q9 [label = "a, b, c"];
	q15 -> q8 [label = "b, c"];
	q2 -> q17 [label = "a"];
	q10 -> q1 [label = "a, c"];
	q0 -> q16 [label = "b"];
	q13 -> q14 [label = "c"];
	q13 -> q17 [label = "a, c"];
	q12 -> q11 [label = "a"];
	q5 -> q6 [label = "c"];
	q5 -> q8 [label = "c"];
	q8 -> q19 [label = "a, b, c"];
	q11 -> q18 [label = "a, c"];
	q0 -> q5 [label = "a, c"];
	q11 -> q5 [label = "a, c"];
	q9 -> q16 [label = "b"];
	q0 -> q9 [label = "a, c"];
	q19 -> q20 [label = "c"];
	q15 -> q13 [label = "b"];
	q3 -> q7 [label = "b"];
	q21 -> q16 [label = "b"];
	q22 -> q18 [label = "b"];
	q15 -> q20 [label = "b, c"];
	q10 -> q22 [label = "a, c"];
	q5 -> q2 [label = "a"];
	q11 -> q2 [label = "a, c"];
	q6 -> q21 [label = "b, c"];
	q15 -> q22 [label = "b, c"];
	q10 -> q9 [label = "a, c"];
	q15 -> q19 [label = "a, b, c"];
	q15 -> q16 [label = "b"];
	q14 -> q20 [label = "b, c"];
	q11 -> q20 [label = "b, c"];
	q16 -> q19 [label = "b"];
	q14 -> q16 [label = "b"];
	q11 -> q11 [label = "c"];
	q11 -> q21 [label = "b, c"];
	q11 -> q16 [label = "b"];
	q11 -> q8 [label = "a, c"];
	q8 -> q6 [label = "c"];
	q20 -> q9 [label = "a, c"];
	q13 -> q5 [label = "c"];
	q15 -> q18 [label = "b, c"];
	q8 -> q7 [label = "a, c"];
	q18 -> q1 [label = "b"];
	q1 -> q0 [label = "a"];
	q12 -> q2 [label = "a"];
	q13 -> q19 [label = "a, b, c"];
	q10 -> q17 [label = "a, c"];
	q17 -> q16 [label = "b"];
	q14 -> q17 [label = "a, b"];
	q10 -> q19 [label = "a, b, c"];
	q1 -> q20 [label = "b, c"];
	q6 -> q13 [label = "b"];
	q12 -> q17 [label = "a, b, c"];
	q14 -> q8 [label = "c"];
	q14 -> q22 [label = "c"];
	q20 -> q19 [label = "c"];
	q4 -> q9 [label = "a, c"];
	q12 -> q0 [label = "a"];
	q0 -> q20 [label = "b, c"];
	q9 -> q8 [label = "c"];
	q13 -> q2 [label = "a, c"];
	q10 -> q4 [label = "b"];
	q10 -> q16 [label = "b"];
	q4 -> q17 [label = "a, c"];
	q0 -> q2 [label = "a, c"];
	q0 -> q17 [label = "a, c"];
	q14 -> q2 [label = "a, b"];
	q1 -> q17 [label = "a, b"];
	q2 -> q16 [label = "b"];
	q3 -> q14 [label = "c"];
	q14 -> q9 [label = "b"];
	q2 -> q20 [label = "b, c"];
	q13 -> q9 [label = "a, c"];
	q6 -> q0 [label = "a, c"];
	q5 -> q21 [label = "b"];
	q10 -> q8 [label = "a, c"];
	q6 -> q5 [label = "a, c"];
	q11 -> q1 [label = "c"];
	q6 -> q9 [label = "a, b, c"];
	q1 -> q16 [label = "b"];
	q6 -> q11 [label = "c"];
	q13 -> q21 [label = "a, c"];
	q5 -> q20 [label = "b, c"];
	q11 -> q19 [label = "a, c"];
	q10 -> q7 [label = "b"];
	q6 -> q17 [label = "a, b, c"];
	q6 -> q20 [label = "a, b, c"];
	q6 -> q19 [label = "a, b"];
	q6 -> q2 [label = "a, b, c"];
	q7 -> q21 [label = "c"];
	q22 -> q21 [label = "b"];
	q20 -> q2 [label = "c"];
	q0 -> q18 [label = "c"];
	q18 -> q2 [label = "b"];
	q0 -> q21 [label = "c"];
	q5 -> q16 [label = "b"];
	q8 -> q17 [label = "b"];
	q4 -> q2 [label = "a"];
	q4 -> q5 [label = "a"];
	q1 -> q1 [label = "b"];
	q7 -> q5 [label = "a"];
	q5 -> q18 [label = "c"];
	q5 -> q19 [label = "a, c"];
	q1 -> q2 [label = "a, b"];
	q12 -> q20 [label = "a, c"];
	q3 -> q4 [label = "b"];
	q3 -> q12 [label = "b"];
	q16 -> q9 [label = "a, c"];
	q2 -> q2 [label = "a"];
	q3 -> q16 [label = "b"];
	q21 -> q17 [label = "a"];
	q13 -> q16 [label = "b"];
	q12 -> q13 [label = "b"];
	q3 -> q19 [label = "a, b, c"];
	q7 -> q9 [label = "a, c"];
	q20 -> q17 [label = "a, c"];
	q7 -> q17 [label = "a, c"];
	q1 -> q15 [label = "b"];
	q16 -> q4 [label = "b"];
	q10 -> q18 [label = "a, c"];
	q1 -> q5 [label = "b"];
	q14 -> q6 [label = "c"];
	q1 -> q9 [label = "b"];
	q10 -> q21 [label = "a, c"];
	q1 -> q14 [label = "b"];
}
NFA size: 23 states

AL* output after 16 EQ and 2597 MQ:
digraph finite_state_machine {
	rankdir=LR;
	node [shape = circle];
	s0 [shape = point, style = invis, start="true" ];
	q0 [label = "q0", shape = doublecircle, final="true" ];
	q1 [label = "q1"];
	q2 [label = "q2", shape = doublecircle, final="true" ];
	q3 [label = "q3", shape = doublecircle, final="true" ];
	q4 [label = "q4", shape = doublecircle, final="true" ];
	q5 [label = "q5"];
	q6 [label = "q6", shape = doublecircle, final="true" ];
	q7 [label = "q7"];
	q8 [label = "q8"];
	m0 [label = "", shape = square, style = filled, color=grey, fixedsize=true, width=.2];
	m1 [label = "", shape = square, style = filled, color=grey, fixedsize=true, width=.2];
	m2 [label = "", shape = square, style = filled, color=grey, fixedsize=true, width=.2];
	m3 [label = "", shape = square, style = filled, color=grey, fixedsize=true, width=.2];
	m4 [label = "", shape = square, style = filled, color=grey, fixedsize=true, width=.2];
	m5 [label = "", shape = square, style = filled, color=grey, fixedsize=true, width=.2];
	m6 [label = "", shape = square, style = filled, color=grey, fixedsize=true, width=.2];
	m7 [label = "", shape = square, style = filled, color=grey, fixedsize=true, width=.2];
	m8 [label = "", shape = square, style = filled, color=grey, fixedsize=true, width=.2];
	m9 [label = "", shape = square, style = filled, color=grey, fixedsize=true, width=.2];
	m10 [label = "", shape = square, style = filled, color=grey, fixedsize=true, width=.2];
	m11 [label = "", shape = square, style = filled, color=grey, fixedsize=true, width=.2];
	m12 [label = "", shape = square, style = filled, color=grey, fixedsize=true, width=.2];
	m13 [label = "", shape = square, style = filled, color=grey, fixedsize=true, width=.2];
	m14 [label = "", shape = square, style = filled, color=grey, fixedsize=true, width=.2];
	s0 -> m0
	q3 -> q7 [label = "c"];
	q6 -> m3 [label = "a, c"];
	q7 -> m4 [label = "c"];
	q1 -> m4 [label = "a, b"];
	q2 -> q7 [label = "a, c"];
	q6 -> m7 [label = "b"];
	q7 -> m14 [label = "a"];
	q8 -> m2 [label = "c"];
	q0 -> m9 [label = "b"];
	q5 -> m3 [label = "b, c"];
	q1 -> m6 [label = "a"];
	q0 -> m8 [label = "b"];
	q3 -> m11 [label = "a"];
	q2 -> m11 [label = "a"];
	q6 -> q7 [label = "a, c"];
	q2 -> m4 [label = "c"];
	q2 -> m7 [label = "b"];
	q3 -> m7 [label = "b"];
	q1 -> m1 [label = "c"];
	q8 -> m1 [label = "c"];
	q8 -> m3 [label = "a, b, c"];
	q2 -> m5 [label = "b"];
	q0 -> m12 [label = "c"];
	q4 -> m3 [label = "a, c"];
	q4 -> q7 [label = "b, c"];
	q0 -> m5 [label = "b"];
	q8 -> m4 [label = "a, b"];
	q7 -> m3 [label = "b"];
	q5 -> m9 [label = "a"];
	q2 -> m3 [label = "b, c"];
	q5 -> m10 [label = "b"];
	q6 -> m5 [label = "b"];
	q1 -> m0 [label = "b"];
	q8 -> m6 [label = "a"];
	q0 -> m3 [label = "a, c"];
	q4 -> m1 [label = "c"];
	q0 -> m6 [label = "a, c"];
	q5 -> q7 [label = "a"];
	q5 -> m4 [label = "c"];
	q1 -> m3 [label = "a, b, c"];
	q3 -> m5 [label = "b"];
	q5 -> m6 [label = "c"];
	q8 -> m5 [label = "b"];
	q7 -> m6 [label = "c"];
	q7 -> m0 [label = "c"];
	q1 -> q7 [label = "b"];
	q0 -> m1 [label = "c"];
	q0 -> m7 [label = "b"];
	q1 -> m5 [label = "b"];
	q6 -> m0 [label = "b"];
	q5 -> m14 [label = "b"];
	q7 -> q7 [label = "b"];
	q0 -> m10 [label = "b"];
	q5 -> m11 [label = "a"];
	q1 -> m2 [label = "c"];
	q4 -> m0 [label = "b"];
	q4 -> m5 [label = "b"];
	q7 -> m13 [label = "a"];
	q7 -> m9 [label = "a"];
	q5 -> m5 [label = "b"];
	m0 -> q1;
	m0 -> q8;
	m1 -> q0;
	m1 -> q1;
	m1 -> q2;
	m1 -> q4;
	m1 -> q5;
	m1 -> q6;
	m1 -> q8;
	m2 -> q0;
	m2 -> q1;
	m2 -> q2;
	m2 -> q4;
	m2 -> q5;
	m2 -> q7;
	m2 -> q8;
	m3 -> q2;
	m3 -> q3;
	m3 -> q4;
	m3 -> q6;
	m4 -> q2;
	m4 -> q5;
	m4 -> q6;
	m5 -> q1;
	m5 -> q4;
	m5 -> q6;
	m6 -> q2;
	m6 -> q5;
	m6 -> q7;
	m7 -> q1;
	m7 -> q4;
	m7 -> q7;
	m8 -> q2;
	m8 -> q3;
	m8 -> q4;
	m8 -> q6;
	m8 -> q7;
	m9 -> q0;
	m9 -> q1;
	m9 -> q2;
	m9 -> q5;
	m9 -> q6;
	m9 -> q8;
	m10 -> q2;
	m10 -> q5;
	m10 -> q6;
	m10 -> q7;
	m11 -> q0;
	m11 -> q2;
	m11 -> q3;
	m11 -> q4;
	m11 -> q6;
	m12 -> q1;
	m12 -> q4;
	m12 -> q6;
	m12 -> q7;
	m13 -> q0;
	m13 -> q1;
	m13 -> q4;
	m13 -> q6;
	m13 -> q8;
	m14 -> q0;
	m14 -> q1;
	m14 -> q4;
	m14 -> q5;
	m14 -> q7;
	m14 -> q8;
}
AFA size: 9 states

