Random target AFA:
digraph finite_state_machine {
	rankdir=LR;
	node [shape = circle];
	s0 [shape = point, style = invis, start="true" ];
	s1 [shape = point, style = invis, start="true" ];
	q0 [label = "q0", shape = doublecircle, final="true" ];
	q1 [label = "q1"];
	q2 [label = "q2"];
	q3 [label = "q3", shape = doublecircle, final="true" ];
	q4 [label = "q4", shape = doublecircle, final="true" ];
	q5 [label = "q5", shape = doublecircle, final="true" ];
	m0 [label = "", shape = square, style = filled, color=grey, fixedsize=true, width=.2];
	m1 [label = "", shape = square, style = filled, color=grey, fixedsize=true, width=.2];
	m2 [label = "", shape = square, style = filled, color=grey, fixedsize=true, width=.2];
	m3 [label = "", shape = square, style = filled, color=grey, fixedsize=true, width=.2];
	m4 [label = "", shape = square, style = filled, color=grey, fixedsize=true, width=.2];
	m5 [label = "", shape = square, style = filled, color=grey, fixedsize=true, width=.2];
	s0 -> q2
	s1 -> q0
	q2 -> m5 [label = "c"];
	q4 -> q3 [label = "b"];
	q4 -> m4 [label = "b"];
	q3 -> m3 [label = "a"];
	q2 -> q2 [label = "c"];
	q1 -> q2 [label = "b"];
	q1 -> m2 [label = "b"];
	q3 -> q3 [label = "b, c"];
	q3 -> q4 [label = "a, b"];
	q1 -> q3 [label = "a, c"];
	q4 -> q5 [label = "c"];
	q0 -> m1 [label = "b"];
	q0 -> q0 [label = "b"];
	q4 -> q1 [label = "c"];
	q0 -> m0 [label = "a"];
	q2 -> q4 [label = "a, b"];
	q5 -> m2 [label = "b"];
	q2 -> q0 [label = "b"];
	q5 -> q2 [label = "c"];
	q2 -> q5 [label = "a"];
	q0 -> q4 [label = "c"];
	q5 -> q1 [label = "a"];
	q0 -> q5 [label = "c"];
	q5 -> q5 [label = "b"];
	q4 -> q0 [label = "a"];
	q5 -> q3 [label = "a, c"];
	m0 -> q0;
	m0 -> q2;
	m1 -> q2;
	m1 -> q4;
	m2 -> q3;
	m2 -> q5;
	m3 -> q4;
	m3 -> q5;
	m4 -> q1;
	m4 -> q2;
	m5 -> q2;
	m5 -> q3;
}

L* output after 10 EQ and 17011 MQ:
digraph finite_state_machine {
	rankdir=LR;
	node [shape = circle];
	s0 [shape = point, style = invis, start="true" ];
	q0 [label = "q0", shape = doublecircle, final="true" ];
	q1 [label = "q1", shape = doublecircle, final="true" ];
	q2 [label = "q2", shape = doublecircle, final="true" ];
	q3 [label = "q3", shape = doublecircle, final="true" ];
	q4 [label = "q4", shape = doublecircle, final="true" ];
	q5 [label = "q5", shape = doublecircle, final="true" ];
	q6 [label = "q6", shape = doublecircle, final="true" ];
	q7 [label = "q7", shape = doublecircle, final="true" ];
	q8 [label = "q8", shape = doublecircle, final="true" ];
	q9 [label = "q9", shape = doublecircle, final="true" ];
	q10 [label = "q10", shape = doublecircle, final="true" ];
	q11 [label = "q11", shape = doublecircle, final="true" ];
	q12 [label = "q12", shape = doublecircle, final="true" ];
	q13 [label = "q13", shape = doublecircle, final="true" ];
	q14 [label = "q14", shape = doublecircle, final="true" ];
	q15 [label = "q15", shape = doublecircle, final="true" ];
	q16 [label = "q16", shape = doublecircle, final="true" ];
	q17 [label = "q17", shape = doublecircle, final="true" ];
	q18 [label = "q18", shape = doublecircle, final="true" ];
	q19 [label = "q19", shape = doublecircle, final="true" ];
	q20 [label = "q20", shape = doublecircle, final="true" ];
	q21 [label = "q21", shape = doublecircle, final="true" ];
	q22 [label = "q22", shape = doublecircle, final="true" ];
	q23 [label = "q23", shape = doublecircle, final="true" ];
	q24 [label = "q24", shape = doublecircle, final="true" ];
	q25 [label = "q25", shape = doublecircle, final="true" ];
	q26 [label = "q26", shape = doublecircle, final="true" ];
	q27 [label = "q27", shape = doublecircle, final="true" ];
	q28 [label = "q28", shape = doublecircle, final="true" ];
	q29 [label = "q29", shape = doublecircle, final="true" ];
	q30 [label = "q30", shape = doublecircle, final="true" ];
	q31 [label = "q31", shape = doublecircle, final="true" ];
	q32 [label = "q32", shape = doublecircle, final="true" ];
	q33 [label = "q33"];
	q34 [label = "q34", shape = doublecircle, final="true" ];
	q35 [label = "q35"];
	q36 [label = "q36", shape = doublecircle, final="true" ];
	q37 [label = "q37", shape = doublecircle, final="true" ];
	q38 [label = "q38"];
	q39 [label = "q39", shape = doublecircle, final="true" ];
	q40 [label = "q40", shape = doublecircle, final="true" ];
	q41 [label = "q41", shape = doublecircle, final="true" ];
	q42 [label = "q42", shape = doublecircle, final="true" ];
	q43 [label = "q43", shape = doublecircle, final="true" ];
	q44 [label = "q44", shape = doublecircle, final="true" ];
	q45 [label = "q45", shape = doublecircle, final="true" ];
	q46 [label = "q46", shape = doublecircle, final="true" ];
	q47 [label = "q47", shape = doublecircle, final="true" ];
	q48 [label = "q48"];
	q49 [label = "q49", shape = doublecircle, final="true" ];
	q50 [label = "q50", shape = doublecircle, final="true" ];
	q51 [label = "q51", shape = doublecircle, final="true" ];
	q52 [label = "q52", shape = doublecircle, final="true" ];
	q53 [label = "q53", shape = doublecircle, final="true" ];
	q54 [label = "q54", shape = doublecircle, final="true" ];
	q55 [label = "q55", shape = doublecircle, final="true" ];
	q56 [label = "q56", shape = doublecircle, final="true" ];
	q57 [label = "q57", shape = doublecircle, final="true" ];
	q58 [label = "q58", shape = doublecircle, final="true" ];
	q59 [label = "q59", shape = doublecircle, final="true" ];
	q60 [label = "q60", shape = doublecircle, final="true" ];
	q61 [label = "q61", shape = doublecircle, final="true" ];
	q62 [label = "q62", shape = doublecircle, final="true" ];
	q63 [label = "q63", shape = doublecircle, final="true" ];
	q64 [label = "q64", shape = doublecircle, final="true" ];
	q65 [label = "q65", shape = doublecircle, final="true" ];
	q66 [label = "q66", shape = doublecircle, final="true" ];
	q67 [label = "q67", shape = doublecircle, final="true" ];
	q68 [label = "q68", shape = doublecircle, final="true" ];
	q69 [label = "q69", shape = doublecircle, final="true" ];
	q70 [label = "q70", shape = doublecircle, final="true" ];
	q71 [label = "q71", shape = doublecircle, final="true" ];
	s0 -> q29
	q45 -> q17 [label = "a"];
	q47 -> q3 [label = "b"];
	q47 -> q24 [label = "c"];
	q43 -> q66 [label = "b"];
	q44 -> q22 [label = "a"];
	q42 -> q59 [label = "a"];
	q40 -> q58 [label = "b"];
	q37 -> q27 [label = "b"];
	q35 -> q38 [label = "c"];
	q36 -> q19 [label = "b"];
	q34 -> q5 [label = "c"];
	q37 -> q39 [label = "a"];
	q39 -> q18 [label = "c"];
	q35 -> q22 [label = "a"];
	q33 -> q34 [label = "b"];
	q37 -> q57 [label = "c"];
	q38 -> q31 [label = "b"];
	q36 -> q20 [label = "a"];
	q34 -> q56 [label = "a"];
	q33 -> q35 [label = "c"];
	q34 -> q41 [label = "b"];
	q32 -> q33 [label = "a"];
	q40 -> q17 [label = "a"];
	q32 -> q47 [label = "c"];
	q31 -> q32 [label = "a"];
	q29 -> q31 [label = "b"];
	q26 -> q62 [label = "c"];
	q31 -> q40 [label = "b"];
	q31 -> q23 [label = "c"];
	q27 -> q60 [label = "a"];
	q27 -> q26 [label = "b"];
	q25 -> q15 [label = "a"];
	q30 -> q25 [label = "b"];
	q24 -> q14 [label = "c"];
	q26 -> q61 [label = "a"];
	q24 -> q63 [label = "b"];
	q28 -> q4 [label = "c"];
	q32 -> q34 [label = "b"];
	q24 -> q62 [label = "a"];
	q15 -> q18 [label = "c"];
	q39 -> q31 [label = "a"];
	q35 -> q21 [label = "b"];
	q25 -> q19 [label = "b"];
	q9 -> q32 [label = "a"];
	q11 -> q7 [label = "b"];
	q13 -> q14 [label = "c"];
	q8 -> q18 [label = "c"];
	q12 -> q60 [label = "a"];
	q8 -> q6 [label = "b"];
	q10 -> q58 [label = "a"];
	q41 -> q28 [label = "b"];
	q39 -> q26 [label = "b"];
	q14 -> q14 [label = "c"];
	q10 -> q12 [label = "b"];
	q0 -> q65 [label = "a"];
	q2 -> q1 [label = "b"];
	q0 -> q19 [label = "b"];
	q54 -> q55 [label = "a"];
	q0 -> q24 [label = "c"];
	q51 -> q54 [label = "c"];
	q61 -> q50 [label = "a"];
	q65 -> q62 [label = "c"];
	q51 -> q9 [label = "a"];
	q4 -> q65 [label = "a"];
	q53 -> q68 [label = "b"];
	q58 -> q26 [label = "b"];
	q59 -> q32 [label = "a"];
	q7 -> q41 [label = "b"];
	q62 -> q36 [label = "b"];
	q8 -> q67 [label = "a"];
	q65 -> q58 [label = "a"];
	q58 -> q31 [label = "a"];
	q57 -> q65 [label = "a"];
	q60 -> q37 [label = "a"];
	q40 -> q4 [label = "c"];
	q30 -> q37 [label = "a"];
	q59 -> q40 [label = "b"];
	q61 -> q62 [label = "c"];
	q62 -> q24 [label = "c"];
	q43 -> q14 [label = "c"];
	q19 -> q19 [label = "b"];
	q50 -> q47 [label = "c"];
	q63 -> q16 [label = "c"];
	q55 -> q67 [label = "a"];
	q21 -> q44 [label = "c"];
	q58 -> q62 [label = "c"];
	q65 -> q27 [label = "b"];
	q9 -> q64 [label = "b"];
	q11 -> q69 [label = "c"];
	q68 -> q28 [label = "b"];
	q30 -> q24 [label = "c"];
	q49 -> q14 [label = "c"];
	q2 -> q71 [label = "a"];
	q17 -> q18 [label = "c"];
	q66 -> q26 [label = "b"];
	q55 -> q18 [label = "c"];
	q41 -> q56 [label = "a"];
	q23 -> q13 [label = "b"];
	q56 -> q69 [label = "c"];
	q66 -> q61 [label = "a"];
	q69 -> q14 [label = "c"];
	q42 -> q49 [label = "c"];
	q22 -> q43 [label = "b"];
	q33 -> q48 [label = "a"];
	q67 -> q57 [label = "c"];
	q45 -> q4 [label = "c"];
	q36 -> q24 [label = "c"];
	q69 -> q3 [label = "b"];
	q63 -> q20 [label = "a"];
	q71 -> q39 [label = "a"];
	q51 -> q26 [label = "b"];
	q67 -> q26 [label = "b"];
	q6 -> q36 [label = "c"];
	q5 -> q1 [label = "b"];
	q27 -> q16 [label = "c"];
	q6 -> q26 [label = "b"];
	q23 -> q37 [label = "a"];
	q61 -> q45 [label = "b"];
	q9 -> q70 [label = "c"];
	q14 -> q58 [label = "b"];
	q64 -> q3 [label = "c"];
	q28 -> q58 [label = "b"];
	q1 -> q14 [label = "c"];
	q67 -> q59 [label = "a"];
	q4 -> q24 [label = "c"];
	q20 -> q16 [label = "c"];
	q19 -> q16 [label = "c"];
	q69 -> q71 [label = "a"];
	q3 -> q14 [label = "c"];
	q70 -> q14 [label = "c"];
	q43 -> q46 [label = "a"];
	q26 -> q26 [label = "b"];
	q56 -> q34 [label = "b"];
	q56 -> q33 [label = "a"];
	q52 -> q26 [label = "b"];
	q19 -> q65 [label = "a"];
	q18 -> q10 [label = "a"];
	q44 -> q14 [label = "c"];
	q13 -> q62 [label = "a"];
	q71 -> q12 [label = "b"];
	q7 -> q56 [label = "a"];
	q60 -> q25 [label = "b"];
	q64 -> q17 [label = "a"];
	q71 -> q49 [label = "c"];
	q46 -> q18 [label = "c"];
	q22 -> q42 [label = "a"];
	q38 -> q38 [label = "c"];
	q59 -> q70 [label = "c"];
	q60 -> q16 [label = "c"];
	q49 -> q4 [label = "b"];
	q12 -> q24 [label = "c"];
	q50 -> q40 [label = "b"];
	q38 -> q47 [label = "a"];
	q49 -> q10 [label = "a"];
	q53 -> q11 [label = "a"];
	q54 -> q39 [label = "b"];
	q18 -> q36 [label = "b"];
	q70 -> q13 [label = "b"];
	q52 -> q8 [label = "a"];
	q48 -> q35 [label = "c"];
	q54 -> q14 [label = "c"];
	q41 -> q5 [label = "c"];
	q50 -> q56 [label = "a"];
	q53 -> q44 [label = "c"];
	q48 -> q53 [label = "b"];
	q52 -> q13 [label = "c"];
	q48 -> q48 [label = "a"];
	q3 -> q0 [label = "b"];
	q44 -> q51 [label = "b"];
	q47 -> q37 [label = "a"];
	q45 -> q26 [label = "b"];
	q18 -> q14 [label = "c"];
	q63 -> q19 [label = "b"];
	q20 -> q63 [label = "b"];
	q25 -> q36 [label = "c"];
	q11 -> q33 [label = "a"];
	q5 -> q37 [label = "a"];
	q17 -> q45 [label = "b"];
	q42 -> q26 [label = "b"];
	q66 -> q18 [label = "c"];
	q21 -> q11 [label = "a"];
	q21 -> q64 [label = "b"];
	q23 -> q24 [label = "c"];
	q62 -> q65 [label = "a"];
	q12 -> q26 [label = "b"];
	q17 -> q50 [label = "a"];
	q20 -> q65 [label = "a"];
	q28 -> q59 [label = "a"];
	q68 -> q2 [label = "c"];
	q16 -> q24 [label = "c"];
	q64 -> q58 [label = "b"];
	q16 -> q63 [label = "b"];
	q22 -> q49 [label = "c"];
	q16 -> q20 [label = "a"];
	q57 -> q4 [label = "b"];
	q68 -> q56 [label = "a"];
	q5 -> q24 [label = "c"];
	q15 -> q58 [label = "a"];
	q13 -> q19 [label = "b"];
	q55 -> q43 [label = "b"];
	q10 -> q18 [label = "c"];
	q15 -> q27 [label = "b"];
	q70 -> q71 [label = "a"];
	q2 -> q14 [label = "c"];
	q14 -> q47 [label = "a"];
	q4 -> q0 [label = "b"];
	q29 -> q30 [label = "a"];
	q57 -> q24 [label = "c"];
	q6 -> q8 [label = "a"];
	q29 -> q36 [label = "c"];
	q3 -> q10 [label = "a"];
	q46 -> q52 [label = "b"];
	q1 -> q19 [label = "b"];
	q46 -> q67 [label = "a"];
	q7 -> q2 [label = "c"];
	q1 -> q10 [label = "a"];
}
DFA size: 72 states

NL* output after 12 EQ and 8627 MQ:
digraph finite_state_machine {
	rankdir=LR;
	node [shape = circle];
	s0 [shape = point, style = invis, start="true" ];
	s1 [shape = point, style = invis, start="true" ];
	s2 [shape = point, style = invis, start="true" ];
	s3 [shape = point, style = invis, start="true" ];
	s4 [shape = point, style = invis, start="true" ];
	s5 [shape = point, style = invis, start="true" ];
	s6 [shape = point, style = invis, start="true" ];
	q0 [label = "q0", shape = doublecircle, final="true" ];
	q1 [label = "q1", shape = doublecircle, final="true" ];
	q2 [label = "q2", shape = doublecircle, final="true" ];
	q3 [label = "q3", shape = doublecircle, final="true" ];
	q4 [label = "q4", shape = doublecircle, final="true" ];
	q5 [label = "q5", shape = doublecircle, final="true" ];
	q6 [label = "q6", shape = doublecircle, final="true" ];
	q7 [label = "q7", shape = doublecircle, final="true" ];
	q8 [label = "q8", shape = doublecircle, final="true" ];
	q9 [label = "q9", shape = doublecircle, final="true" ];
	q10 [label = "q10"];
	q11 [label = "q11"];
	q12 [label = "q12"];
	q13 [label = "q13", shape = doublecircle, final="true" ];
	q14 [label = "q14", shape = doublecircle, final="true" ];
	q15 [label = "q15", shape = doublecircle, final="true" ];
	q16 [label = "q16", shape = doublecircle, final="true" ];
	q17 [label = "q17"];
	q18 [label = "q18", shape = doublecircle, final="true" ];
	q19 [label = "q19", shape = doublecircle, final="true" ];
	q20 [label = "q20", shape = doublecircle, final="true" ];
	q21 [label = "q21", shape = doublecircle, final="true" ];
	q22 [label = "q22", shape = doublecircle, final="true" ];
	q23 [label = "q23", shape = doublecircle, final="true" ];
	s0 -> q3
	s1 -> q10
	s2 -> q11
	s3 -> q12
	s4 -> q13
	s5 -> q17
	s6 -> q20
	q18 -> q12 [label = "c"];
	q20 -> q20 [label = "b"];
	q17 -> q11 [label = "c"];
	q19 -> q14 [label = "a"];
	q23 -> q19 [label = "b, c"];
	q23 -> q18 [label = "c"];
	q23 -> q11 [label = "b, c"];
	q19 -> q20 [label = "b"];
	q19 -> q15 [label = "b"];
	q17 -> q17 [label = "a, b, c"];
	q21 -> q22 [label = "c"];
	q21 -> q19 [label = "c"];
	q21 -> q11 [label = "c"];
	q16 -> q11 [label = "c"];
	q16 -> q5 [label = "c"];
	q20 -> q3 [label = "a, b"];
	q22 -> q21 [label = "b"];
	q22 -> q16 [label = "b"];
	q22 -> q15 [label = "b"];
	q8 -> q17 [label = "a, b, c"];
	q4 -> q1 [label = "a, b"];
	q22 -> q14 [label = "a"];
	q10 -> q20 [label = "b"];
	q0 -> q11 [label = "c"];
	q0 -> q6 [label = "c"];
	q2 -> q20 [label = "b"];
	q0 -> q13 [label = "b"];
	q0 -> q8 [label = "b"];
	q6 -> q11 [label = "b, c"];
	q12 -> q3 [label = "b"];
	q22 -> q10 [label = "c"];
	q2 -> q12 [label = "a, b"];
	q22 -> q12 [label = "b, c"];
	q0 -> q12 [label = "a, b"];
	q10 -> q12 [label = "b, c"];
	q0 -> q3 [label = "a, b"];
	q16 -> q18 [label = "c"];
	q9 -> q16 [label = "b"];
	q22 -> q20 [label = "b"];
	q21 -> q3 [label = "a, b"];
	q1 -> q11 [label = "c"];
	q6 -> q17 [label = "a, b, c"];
	q5 -> q19 [label = "b, c"];
	q5 -> q10 [label = "b, c"];
	q5 -> q17 [label = "a, b, c"];
	q8 -> q1 [label = "b"];
	q14 -> q1 [label = "a"];
	q8 -> q21 [label = "b"];
	q6 -> q6 [label = "b"];
	q16 -> q1 [label = "b"];
	q14 -> q6 [label = "c"];
	q1 -> q9 [label = "b"];
	q10 -> q17 [label = "a, b, c"];
	q9 -> q7 [label = "a, b"];
	q10 -> q14 [label = "a"];
	q19 -> q11 [label = "c"];
	q15 -> q12 [label = "b"];
	q9 -> q18 [label = "c"];
	q13 -> q12 [label = "a, b"];
	q10 -> q6 [label = "a"];
	q0 -> q17 [label = "a, b, c"];
	q7 -> q19 [label = "c"];
	q23 -> q5 [label = "c"];
	q8 -> q16 [label = "a, b"];
	q21 -> q7 [label = "b"];
	q9 -> q17 [label = "a, b, c"];
	q8 -> q13 [label = "b"];
	q8 -> q12 [label = "a, b"];
	q12 -> q11 [label = "c"];
	q8 -> q7 [label = "a, b"];
	q8 -> q2 [label = "a, b"];
	q0 -> q23 [label = "c"];
	q10 -> q11 [label = "a, c"];
	q11 -> q20 [label = "b"];
	q14 -> q17 [label = "a, b, c"];
	q2 -> q13 [label = "a"];
	q10 -> q13 [label = "b"];
	q18 -> q20 [label = "a, b"];
	q14 -> q11 [label = "b, c"];
	q6 -> q10 [label = "c"];
	q1 -> q20 [label = "a, b"];
	q4 -> q11 [label = "b, c"];
	q16 -> q9 [label = "b"];
	q12 -> q17 [label = "a, b, c"];
	q18 -> q4 [label = "a"];
	q9 -> q2 [label = "a, b, c"];
	q9 -> q1 [label = "b"];
	q6 -> q12 [label = "c"];
	q8 -> q11 [label = "c"];
	q5 -> q3 [label = "a"];
	q13 -> q6 [label = "c"];
	q2 -> q17 [label = "a, b, c"];
	q4 -> q10 [label = "b"];
	q4 -> q2 [label = "a, b"];
	q15 -> q8 [label = "b"];
	q9 -> q0 [label = "b"];
	q1 -> q8 [label = "b"];
	q19 -> q22 [label = "c"];
	q21 -> q0 [label = "b"];
	q14 -> q19 [label = "b"];
	q19 -> q19 [label = "c"];
	q11 -> q11 [label = "c"];
	q21 -> q2 [label = "a, b"];
	q19 -> q17 [label = "a, b, c"];
	q0 -> q7 [label = "b"];
	q6 -> q3 [label = "a"];
	q4 -> q6 [label = "c"];
	q21 -> q1 [label = "b"];
	q6 -> q20 [label = "b"];
	q5 -> q12 [label = "b, c"];
	q23 -> q20 [label = "b, c"];
	q9 -> q9 [label = "b"];
	q15 -> q17 [label = "a, b, c"];
	q10 -> q3 [label = "b"];
	q3 -> q6 [label = "c"];
	q21 -> q8 [label = "b"];
	q9 -> q21 [label = "b"];
	q16 -> q13 [label = "a, b"];
	q23 -> q15 [label = "b, c"];
	q21 -> q21 [label = "b"];
	q2 -> q7 [label = "b"];
	q8 -> q3 [label = "a, b"];
	q23 -> q6 [label = "c"];
	q23 -> q12 [label = "a"];
	q14 -> q20 [label = "b"];
	q21 -> q15 [label = "a, b"];
	q12 -> q20 [label = "b"];
	q23 -> q0 [label = "a"];
	q16 -> q6 [label = "c"];
	q2 -> q3 [label = "a, b"];
	q21 -> q16 [label = "b"];
	q7 -> q11 [label = "c"];
	q16 -> q19 [label = "c"];
	q2 -> q8 [label = "b"];
	q21 -> q17 [label = "a, b, c"];
	q19 -> q10 [label = "c"];
	q12 -> q13 [label = "b"];
	q21 -> q20 [label = "a, b"];
	q10 -> q0 [label = "b"];
	q15 -> q19 [label = "c"];
	q19 -> q21 [label = "b"];
	q10 -> q2 [label = "b"];
	q21 -> q13 [label = "b"];
	q10 -> q15 [label = "b"];
	q23 -> q17 [label = "a, b, c"];
	q9 -> q15 [label = "a, b, c"];
	q8 -> q22 [label = "c"];
	q7 -> q12 [label = "a, b"];
	q22 -> q23 [label = "a"];
	q18 -> q18 [label = "b"];
	q22 -> q22 [label = "c"];
	q9 -> q3 [label = "a, b, c"];
	q1 -> q3 [label = "a, b"];
	q0 -> q20 [label = "b"];
	q20 -> q12 [label = "b"];
	q20 -> q19 [label = "c"];
	q14 -> q22 [label = "b"];
	q23 -> q1 [label = "a"];
	q21 -> q12 [label = "b"];
	q9 -> q20 [label = "a, b, c"];
	q9 -> q12 [label = "a, b"];
	q4 -> q16 [label = "a, b"];
	q0 -> q9 [label = "b"];
	q22 -> q19 [label = "c"];
	q11 -> q14 [label = "a"];
	q11 -> q17 [label = "a, b, c"];
	q23 -> q3 [label = "a"];
	q8 -> q6 [label = "c"];
	q21 -> q9 [label = "b"];
	q9 -> q19 [label = "c"];
	q5 -> q22 [label = "b, c"];
	q4 -> q8 [label = "b"];
	q8 -> q0 [label = "b"];
	q13 -> q14 [label = "c"];
	q14 -> q15 [label = "b"];
	q11 -> q10 [label = "c"];
	q13 -> q17 [label = "a, b, c"];
	q8 -> q20 [label = "a, b, c"];
	q8 -> q18 [label = "c"];
	q15 -> q11 [label = "c"];
	q23 -> q13 [label = "a"];
	q18 -> q11 [label = "b, c"];
	q6 -> q18 [label = "b"];
	q8 -> q19 [label = "c"];
	q5 -> q6 [label = "b"];
	q4 -> q3 [label = "a, b"];
	q4 -> q20 [label = "a, b"];
	q7 -> q7 [label = "b"];
	q20 -> q11 [label = "c"];
	q4 -> q7 [label = "a, b"];
	q9 -> q13 [label = "b"];
	q5 -> q18 [label = "b"];
	q11 -> q15 [label = "b"];
	q4 -> q12 [label = "a, b"];
	q4 -> q21 [label = "a, b"];
	q18 -> q22 [label = "b, c"];
	q1 -> q2 [label = "a, b"];
	q16 -> q3 [label = "a, b"];
	q17 -> q20 [label = "b"];
	q1 -> q12 [label = "a, b"];
	q1 -> q15 [label = "a, b"];
	q1 -> q7 [label = "a, b"];
	q1 -> q17 [label = "a, b, c"];
	q10 -> q23 [label = "a"];
	q3 -> q3 [label = "b"];
	q3 -> q12 [label = "a, b"];
	q3 -> q17 [label = "a, b, c"];
	q5 -> q4 [label = "a"];
	q3 -> q20 [label = "b"];
	q7 -> q6 [label = "c"];
	q7 -> q17 [label = "a, b, c"];
	q20 -> q17 [label = "a, b, c"];
	q1 -> q0 [label = "b"];
	q1 -> q1 [label = "b"];
	q1 -> q13 [label = "b"];
	q1 -> q16 [label = "b"];
	q1 -> q21 [label = "b"];
	q18 -> q10 [label = "c"];
	q7 -> q20 [label = "b"];
	q12 -> q12 [label = "b"];
	q13 -> q3 [label = "b"];
	q7 -> q3 [label = "a, b"];
	q7 -> q9 [label = "b"];
	q5 -> q15 [label = "b"];
	q4 -> q18 [label = "c"];
	q22 -> q11 [label = "c"];
	q7 -> q13 [label = "b"];
	q5 -> q14 [label = "a"];
	q1 -> q6 [label = "c"];
	q1 -> q18 [label = "c"];
	q6 -> q15 [label = "b"];
	q9 -> q11 [label = "c"];
	q9 -> q14 [label = "c"];
	q9 -> q23 [label = "c"];
	q6 -> q4 [label = "a"];
	q6 -> q14 [label = "a"];
	q4 -> q19 [label = "b"];
	q14 -> q3 [label = "a"];
	q4 -> q17 [label = "a, b, c"];
	q4 -> q22 [label = "b"];
	q8 -> q15 [label = "a, b, c"];
	q18 -> q2 [label = "a, b"];
	q5 -> q21 [label = "b"];
	q2 -> q6 [label = "c"];
	q2 -> q19 [label = "c"];
	q11 -> q12 [label = "c"];
	q8 -> q9 [label = "b"];
	q5 -> q20 [label = "b"];
	q3 -> q11 [label = "c"];
	q9 -> q6 [label = "c"];
	q9 -> q22 [label = "c"];
	q0 -> q14 [label = "c"];
	q16 -> q12 [label = "a, b"];
	q6 -> q19 [label = "b, c"];
	q5 -> q11 [label = "b, c"];
	q15 -> q3 [label = "a, b"];
	q15 -> q7 [label = "b"];
	q15 -> q20 [label = "b"];
	q13 -> q23 [label = "c"];
	q19 -> q12 [label = "b, c"];
	q10 -> q10 [label = "c"];
	q10 -> q7 [label = "b"];
	q14 -> q12 [label = "a"];
	q13 -> q13 [label = "b"];
	q2 -> q11 [label = "c"];
	q13 -> q20 [label = "b"];
	q20 -> q7 [label = "b"];
	q16 -> q0 [label = "a, b"];
	q16 -> q17 [label = "a, b, c"];
	q4 -> q15 [label = "a, b"];
	q18 -> q3 [label = "a, b"];
	q6 -> q22 [label = "b, c"];
	q18 -> q6 [label = "b"];
	q18 -> q14 [label = "a, b"];
	q18 -> q15 [label = "a, b"];
	q18 -> q17 [label = "a, b, c"];
	q2 -> q5 [label = "c"];
	q18 -> q19 [label = "b, c"];
	q14 -> q18 [label = "c"];
	q18 -> q23 [label = "a, b"];
	q22 -> q17 [label = "a, b, c"];
	q16 -> q7 [label = "b"];
	q13 -> q11 [label = "c"];
	q16 -> q8 [label = "b"];
	q16 -> q15 [label = "b, c"];
	q16 -> q20 [label = "b, c"];
	q16 -> q21 [label = "b"];
	q16 -> q22 [label = "c"];
	q22 -> q1 [label = "b"];
	q22 -> q2 [label = "b"];
	q23 -> q22 [label = "b, c"];
	q22 -> q3 [label = "b"];
	q22 -> q7 [label = "b"];
}
NFA size: 24 states

AL* output after 13 EQ and 3146 MQ:
digraph finite_state_machine {
	rankdir=LR;
	node [shape = circle];
	s0 [shape = point, style = invis, start="true" ];
	s1 [shape = point, style = invis, start="true" ];
	q0 [label = "q0", shape = doublecircle, final="true" ];
	q1 [label = "q1", shape = doublecircle, final="true" ];
	q2 [label = "q2", shape = doublecircle, final="true" ];
	q3 [label = "q3", shape = doublecircle, final="true" ];
	q4 [label = "q4", shape = doublecircle, final="true" ];
	q5 [label = "q5", shape = doublecircle, final="true" ];
	q6 [label = "q6", shape = doublecircle, final="true" ];
	q7 [label = "q7"];
	q8 [label = "q8", shape = doublecircle, final="true" ];
	q9 [label = "q9", shape = doublecircle, final="true" ];
	m0 [label = "", shape = square, style = filled, color=grey, fixedsize=true, width=.2];
	m1 [label = "", shape = square, style = filled, color=grey, fixedsize=true, width=.2];
	m2 [label = "", shape = square, style = filled, color=grey, fixedsize=true, width=.2];
	m3 [label = "", shape = square, style = filled, color=grey, fixedsize=true, width=.2];
	m4 [label = "", shape = square, style = filled, color=grey, fixedsize=true, width=.2];
	m5 [label = "", shape = square, style = filled, color=grey, fixedsize=true, width=.2];
	m6 [label = "", shape = square, style = filled, color=grey, fixedsize=true, width=.2];
	m7 [label = "", shape = square, style = filled, color=grey, fixedsize=true, width=.2];
	m8 [label = "", shape = square, style = filled, color=grey, fixedsize=true, width=.2];
	m9 [label = "", shape = square, style = filled, color=grey, fixedsize=true, width=.2];
	m10 [label = "", shape = square, style = filled, color=grey, fixedsize=true, width=.2];
	s0 -> m0
	s1 -> m1
	q9 -> m6 [label = "b"];
	q8 -> m0 [label = "b"];
	q8 -> m4 [label = "a, b"];
	q4 -> m1 [label = "c"];
	q0 -> m3 [label = "a"];
	q9 -> m9 [label = "b"];
	q8 -> m1 [label = "c"];
	q2 -> m1 [label = "b"];
	q0 -> m7 [label = "b"];
	q8 -> m5 [label = "b"];
	q0 -> m5 [label = "a, b"];
	q0 -> m2 [label = "b"];
	q6 -> m1 [label = "b, c"];
	q6 -> m2 [label = "b"];
	q4 -> m0 [label = "a"];
	q4 -> m3 [label = "a, c"];
	q5 -> m4 [label = "c"];
	q5 -> m2 [label = "c"];
	q5 -> m6 [label = "b"];
	q3 -> m4 [label = "a, b, c"];
	q1 -> m1 [label = "b, c"];
	q0 -> m4 [label = "a, b"];
	q3 -> m3 [label = "c"];
	q9 -> m0 [label = "a, b"];
	q2 -> m2 [label = "c"];
	q3 -> m9 [label = "b"];
	q9 -> m4 [label = "c"];
	q1 -> m0 [label = "a"];
	q6 -> m5 [label = "a"];
	q3 -> m5 [label = "b, c"];
	q9 -> m2 [label = "c"];
	q5 -> m0 [label = "b"];
	q2 -> m5 [label = "a, c"];
	q4 -> m5 [label = "a, b"];
	q0 -> m1 [label = "c"];
	q7 -> m4 [label = "a, b"];
	q4 -> m2 [label = "b, c"];
	q6 -> m3 [label = "a"];
	q9 -> m5 [label = "b"];
	q1 -> m2 [label = "b, c"];
	q6 -> m10 [label = "c"];
	q2 -> m4 [label = "a, b, c"];
	q4 -> m7 [label = "b"];
	q2 -> m0 [label = "b"];
	q2 -> m8 [label = "a"];
	q1 -> m5 [label = "a"];
	q7 -> m1 [label = "c"];
	q6 -> m4 [label = "a, b"];
	q7 -> m0 [label = "b"];
	q9 -> m10 [label = "b"];
	q8 -> m10 [label = "c"];
	q9 -> m3 [label = "c"];
	q1 -> m3 [label = "a, c"];
	q8 -> m2 [label = "a"];
	q0 -> m10 [label = "c"];
	q3 -> m2 [label = "c"];
	q7 -> m2 [label = "a"];
	q5 -> m8 [label = "a"];
	q3 -> m0 [label = "a, b"];
	m0 -> q2;
	m0 -> q3;
	m0 -> q5;
	m0 -> q9;
	m1 -> q7;
	m1 -> q8;
	m2 -> q0;
	m2 -> q1;
	m2 -> q4;
	m2 -> q6;
	m3 -> q1;
	m3 -> q2;
	m3 -> q6;
	m4 -> q1;
	m4 -> q3;
	m4 -> q4;
	m4 -> q9;
	m5 -> q0;
	m5 -> q2;
	m5 -> q3;
	m5 -> q6;
	m5 -> q7;
	m5 -> q8;
	m6 -> q0;
	m6 -> q1;
	m6 -> q3;
	m6 -> q4;
	m6 -> q6;
	m6 -> q7;
	m6 -> q8;
	m6 -> q9;
	m7 -> q1;
	m7 -> q2;
	m7 -> q3;
	m7 -> q5;
	m7 -> q6;
	m7 -> q7;
	m7 -> q8;
	m7 -> q9;
	m8 -> q2;
	m8 -> q3;
	m8 -> q5;
	m8 -> q7;
	m8 -> q8;
	m8 -> q9;
	m9 -> q0;
	m9 -> q1;
	m9 -> q2;
	m9 -> q4;
	m9 -> q6;
	m9 -> q7;
	m9 -> q8;
	m10 -> q0;
	m10 -> q1;
	m10 -> q2;
	m10 -> q3;
	m10 -> q4;
	m10 -> q6;
	m10 -> q8;
	m10 -> q9;
}
AFA size: 10 states

