Random target AFA:
digraph finite_state_machine {
	rankdir=LR;
	node [shape = circle];
	s0 [shape = point, style = invis, start="true" ];
	s1 [shape = point, style = invis, start="true" ];
	q0 [label = "q0"];
	q1 [label = "q1"];
	q2 [label = "q2", shape = doublecircle, final="true" ];
	q3 [label = "q3", shape = doublecircle, final="true" ];
	q4 [label = "q4"];
	q5 [label = "q5"];
	m0 [label = "", shape = square, style = filled, color=grey, fixedsize=true, width=.2];
	m1 [label = "", shape = square, style = filled, color=grey, fixedsize=true, width=.2];
	m2 [label = "", shape = square, style = filled, color=grey, fixedsize=true, width=.2];
	m3 [label = "", shape = square, style = filled, color=grey, fixedsize=true, width=.2];
	m4 [label = "", shape = square, style = filled, color=grey, fixedsize=true, width=.2];
	m5 [label = "", shape = square, style = filled, color=grey, fixedsize=true, width=.2];
	m6 [label = "", shape = square, style = filled, color=grey, fixedsize=true, width=.2];
	m7 [label = "", shape = square, style = filled, color=grey, fixedsize=true, width=.2];
	s0 -> q0
	s1 -> q1
	q3 -> q1 [label = "c"];
	q5 -> q1 [label = "b"];
	q2 -> q3 [label = "a"];
	q0 -> m0 [label = "b"];
	q2 -> q4 [label = "a, c"];
	q4 -> q1 [label = "c"];
	q0 -> m3 [label = "c"];
	q4 -> q2 [label = "b"];
	q0 -> q3 [label = "b"];
	q5 -> m4 [label = "c"];
	q3 -> q0 [label = "b"];
	q2 -> q0 [label = "b, c"];
	q1 -> m2 [label = "a"];
	q0 -> m1 [label = "a"];
	q1 -> m3 [label = "c"];
	q4 -> m0 [label = "c"];
	q5 -> q4 [label = "c"];
	q1 -> q2 [label = "a"];
	q4 -> m3 [label = "a"];
	q5 -> q0 [label = "a"];
	q1 -> m7 [label = "c"];
	q2 -> m2 [label = "b"];
	q3 -> q4 [label = "b, c"];
	q5 -> m2 [label = "b"];
	q1 -> m4 [label = "b"];
	q4 -> q4 [label = "a"];
	q1 -> m5 [label = "b"];
	q3 -> m4 [label = "a"];
	q3 -> m6 [label = "a"];
	q5 -> q3 [label = "a"];
	q0 -> q5 [label = "a, c"];
	q4 -> q3 [label = "b"];
	m0 -> q3;
	m0 -> q4;
	m1 -> q1;
	m1 -> q2;
	m2 -> q2;
	m2 -> q3;
	m3 -> q1;
	m3 -> q5;
	m4 -> q2;
	m4 -> q5;
	m5 -> q4;
	m5 -> q5;
	m6 -> q2;
	m6 -> q4;
	m7 -> q0;
	m7 -> q5;
}

L* output after 11 EQ and 8039 MQ:
digraph finite_state_machine {
	rankdir=LR;
	node [shape = circle];
	s0 [shape = point, style = invis, start="true" ];
	q0 [label = "q0", shape = doublecircle, final="true" ];
	q1 [label = "q1", shape = doublecircle, final="true" ];
	q2 [label = "q2", shape = doublecircle, final="true" ];
	q3 [label = "q3", shape = doublecircle, final="true" ];
	q4 [label = "q4", shape = doublecircle, final="true" ];
	q5 [label = "q5", shape = doublecircle, final="true" ];
	q6 [label = "q6", shape = doublecircle, final="true" ];
	q7 [label = "q7"];
	q8 [label = "q8"];
	q9 [label = "q9", shape = doublecircle, final="true" ];
	q10 [label = "q10"];
	q11 [label = "q11"];
	q12 [label = "q12", shape = doublecircle, final="true" ];
	q13 [label = "q13", shape = doublecircle, final="true" ];
	q14 [label = "q14", shape = doublecircle, final="true" ];
	q15 [label = "q15", shape = doublecircle, final="true" ];
	q16 [label = "q16"];
	q17 [label = "q17", shape = doublecircle, final="true" ];
	q18 [label = "q18", shape = doublecircle, final="true" ];
	q19 [label = "q19"];
	q20 [label = "q20", shape = doublecircle, final="true" ];
	q21 [label = "q21", shape = doublecircle, final="true" ];
	q22 [label = "q22", shape = doublecircle, final="true" ];
	q23 [label = "q23"];
	q24 [label = "q24", shape = doublecircle, final="true" ];
	q25 [label = "q25", shape = doublecircle, final="true" ];
	q26 [label = "q26"];
	q27 [label = "q27", shape = doublecircle, final="true" ];
	q28 [label = "q28", shape = doublecircle, final="true" ];
	q29 [label = "q29"];
	q30 [label = "q30", shape = doublecircle, final="true" ];
	q31 [label = "q31", shape = doublecircle, final="true" ];
	q32 [label = "q32"];
	q33 [label = "q33"];
	q34 [label = "q34"];
	q35 [label = "q35"];
	q36 [label = "q36", shape = doublecircle, final="true" ];
	q37 [label = "q37"];
	q38 [label = "q38", shape = doublecircle, final="true" ];
	q39 [label = "q39", shape = doublecircle, final="true" ];
	q40 [label = "q40"];
	q41 [label = "q41", shape = doublecircle, final="true" ];
	q42 [label = "q42", shape = doublecircle, final="true" ];
	q43 [label = "q43", shape = doublecircle, final="true" ];
	q44 [label = "q44"];
	q45 [label = "q45"];
	q46 [label = "q46"];
	q47 [label = "q47", shape = doublecircle, final="true" ];
	q48 [label = "q48"];
	s0 -> q32
	q41 -> q11 [label = "c"];
	q41 -> q39 [label = "b"];
	q41 -> q5 [label = "a"];
	q44 -> q21 [label = "a"];
	q42 -> q5 [label = "a"];
	q40 -> q21 [label = "a"];
	q6 -> q11 [label = "c"];
	q21 -> q21 [label = "a, b"];
	q17 -> q40 [label = "c"];
	q13 -> q28 [label = "b"];
	q47 -> q21 [label = "b"];
	q4 -> q1 [label = "a"];
	q1 -> q21 [label = "b"];
	q22 -> q35 [label = "c"];
	q3 -> q35 [label = "c"];
	q11 -> q34 [label = "c"];
	q28 -> q21 [label = "b"];
	q2 -> q0 [label = "a"];
	q9 -> q35 [label = "c"];
	q15 -> q21 [label = "b"];
	q19 -> q34 [label = "c"];
	q2 -> q8 [label = "c"];
	q38 -> q11 [label = "c"];
	q22 -> q28 [label = "b"];
	q14 -> q14 [label = "a"];
	q3 -> q21 [label = "b"];
	q30 -> q22 [label = "a"];
	q9 -> q21 [label = "b"];
	q20 -> q33 [label = "c"];
	q20 -> q36 [label = "b"];
	q18 -> q26 [label = "c"];
	q5 -> q11 [label = "c"];
	q6 -> q1 [label = "a"];
	q31 -> q28 [label = "a"];
	q43 -> q44 [label = "c"];
	q4 -> q43 [label = "b"];
	q16 -> q3 [label = "a"];
	q47 -> q10 [label = "a"];
	q13 -> q44 [label = "c"];
	q22 -> q14 [label = "a"];
	q23 -> q26 [label = "c"];
	q32 -> q30 [label = "b"];
	q34 -> q44 [label = "c"];
	q5 -> q3 [label = "a"];
	q10 -> q35 [label = "c"];
	q48 -> q14 [label = "a"];
	q24 -> q37 [label = "b"];
	q7 -> q14 [label = "a, b"];
	q45 -> q4 [label = "b"];
	q15 -> q2 [label = "a"];
	q48 -> q19 [label = "c"];
	q8 -> q6 [label = "b"];
	q48 -> q5 [label = "b"];
	q45 -> q34 [label = "c"];
	q37 -> q21 [label = "a"];
	q20 -> q47 [label = "a"];
	q18 -> q17 [label = "b"];
	q40 -> q42 [label = "b"];
	q14 -> q21 [label = "b"];
	q30 -> q35 [label = "c"];
	q16 -> q35 [label = "c"];
	q23 -> q15 [label = "b"];
	q17 -> q21 [label = "b"];
	q18 -> q28 [label = "a"];
	q43 -> q21 [label = "a"];
	q0 -> q21 [label = "b"];
	q38 -> q12 [label = "a"];
	q5 -> q21 [label = "b"];
	q37 -> q40 [label = "c"];
	q21 -> q44 [label = "c"];
	q0 -> q11 [label = "c"];
	q13 -> q21 [label = "a"];
	q46 -> q5 [label = "b"];
	q11 -> q21 [label = "a"];
	q26 -> q44 [label = "c"];
	q23 -> q28 [label = "a"];
	q1 -> q35 [label = "c"];
	q46 -> q13 [label = "a"];
	q17 -> q23 [label = "a"];
	q32 -> q31 [label = "a"];
	q19 -> q5 [label = "b"];
	q16 -> q41 [label = "b"];
	q2 -> q27 [label = "b"];
	q29 -> q24 [label = "b"];
	q8 -> q21 [label = "a"];
	q4 -> q11 [label = "c"];
	q29 -> q16 [label = "c"];
	q12 -> q8 [label = "c"];
	q27 -> q21 [label = "b"];
	q25 -> q23 [label = "a"];
	q33 -> q34 [label = "c"];
	q6 -> q39 [label = "b"];
	q10 -> q42 [label = "b"];
	q40 -> q44 [label = "c"];
	q14 -> q11 [label = "c"];
	q43 -> q13 [label = "b"];
	q10 -> q14 [label = "a"];
	q12 -> q9 [label = "a"];
	q8 -> q34 [label = "c"];
	q11 -> q5 [label = "b"];
	q9 -> q7 [label = "a"];
	q15 -> q45 [label = "c"];
	q26 -> q41 [label = "b"];
	q28 -> q44 [label = "a, c"];
	q36 -> q25 [label = "b"];
	q46 -> q34 [label = "c"];
	q26 -> q21 [label = "a"];
	q24 -> q45 [label = "c"];
	q30 -> q21 [label = "b"];
	q35 -> q5 [label = "b"];
	q25 -> q28 [label = "b"];
	q39 -> q13 [label = "b"];
	q27 -> q31 [label = "a"];
	q3 -> q14 [label = "a"];
	q19 -> q18 [label = "a"];
	q31 -> q26 [label = "c"];
	q25 -> q44 [label = "c"];
	q1 -> q3 [label = "a"];
	q0 -> q7 [label = "a"];
	q35 -> q46 [label = "c"];
	q45 -> q21 [label = "a"];
	q29 -> q25 [label = "a"];
	q37 -> q38 [label = "b"];
	q31 -> q27 [label = "b"];
	q24 -> q20 [label = "a"];
	q32 -> q29 [label = "c"];
	q27 -> q40 [label = "c"];
	q42 -> q11 [label = "c"];
	q34 -> q14 [label = "b"];
	q36 -> q40 [label = "c"];
	q7 -> q11 [label = "c"];
	q12 -> q27 [label = "b"];
	q34 -> q13 [label = "a"];
	q36 -> q23 [label = "a"];
	q38 -> q39 [label = "b"];
	q33 -> q44 [label = "a"];
	q33 -> q6 [label = "b"];
	q35 -> q14 [label = "a"];
	q39 -> q44 [label = "a, c"];
	q44 -> q14 [label = "b"];
	q44 -> q44 [label = "c"];
	q47 -> q48 [label = "c"];
	q42 -> q43 [label = "b"];
}
DFA size: 49 states

NL* output after 10 EQ and 4326 MQ:
digraph finite_state_machine {
	rankdir=LR;
	node [shape = circle];
	s0 [shape = point, style = invis, start="true" ];
	q0 [label = "q0", shape = doublecircle, final="true" ];
	q1 [label = "q1", shape = doublecircle, final="true" ];
	q2 [label = "q2", shape = doublecircle, final="true" ];
	q3 [label = "q3", shape = doublecircle, final="true" ];
	q4 [label = "q4", shape = doublecircle, final="true" ];
	q5 [label = "q5"];
	q6 [label = "q6", shape = doublecircle, final="true" ];
	q7 [label = "q7"];
	q8 [label = "q8", shape = doublecircle, final="true" ];
	q9 [label = "q9"];
	q10 [label = "q10", shape = doublecircle, final="true" ];
	q11 [label = "q11", shape = doublecircle, final="true" ];
	q12 [label = "q12"];
	q13 [label = "q13"];
	q14 [label = "q14"];
	q15 [label = "q15", shape = doublecircle, final="true" ];
	q16 [label = "q16", shape = doublecircle, final="true" ];
	q17 [label = "q17", shape = doublecircle, final="true" ];
	q18 [label = "q18"];
	q19 [label = "q19"];
	q20 [label = "q20", shape = doublecircle, final="true" ];
	q21 [label = "q21", shape = doublecircle, final="true" ];
	q22 [label = "q22", shape = doublecircle, final="true" ];
	q23 [label = "q23", shape = doublecircle, final="true" ];
	q24 [label = "q24"];
	q25 [label = "q25"];
	q26 [label = "q26"];
	q27 [label = "q27"];
	q28 [label = "q28"];
	q29 [label = "q29", shape = doublecircle, final="true" ];
	s0 -> q13
	q18 -> q24 [label = "c"];
	q20 -> q27 [label = "b"];
	q20 -> q24 [label = "b"];
	q20 -> q23 [label = "b"];
	q20 -> q21 [label = "b"];
	q20 -> q20 [label = "b"];
	q20 -> q14 [label = "b"];
	q20 -> q10 [label = "b"];
	q20 -> q5 [label = "b"];
	q20 -> q3 [label = "b"];
	q20 -> q2 [label = "b"];
	q20 -> q0 [label = "b"];
	q23 -> q11 [label = "b"];
	q23 -> q7 [label = "b"];
	q23 -> q3 [label = "b"];
	q19 -> q22 [label = "a"];
	q19 -> q21 [label = "a"];
	q19 -> q20 [label = "a"];
	q19 -> q18 [label = "a"];
	q19 -> q9 [label = "a"];
	q19 -> q6 [label = "a"];
	q19 -> q3 [label = "a"];
	q17 -> q29 [label = "b"];
	q17 -> q25 [label = "b"];
	q17 -> q21 [label = "b"];
	q17 -> q18 [label = "b"];
	q17 -> q17 [label = "b"];
	q17 -> q16 [label = "b"];
	q17 -> q15 [label = "b"];
	q17 -> q13 [label = "b"];
	q17 -> q11 [label = "b"];
	q17 -> q8 [label = "b"];
	q17 -> q7 [label = "b"];
	q17 -> q6 [label = "b"];
	q17 -> q4 [label = "b"];
	q17 -> q3 [label = "b"];
	q17 -> q0 [label = "b"];
	q19 -> q15 [label = "a, b"];
	q17 -> q23 [label = "a, b"];
	q16 -> q27 [label = "c"];
	q16 -> q24 [label = "c"];
	q20 -> q8 [label = "a, b"];
	q19 -> q14 [label = "a"];
	q20 -> q1 [label = "a, b"];
	q22 -> q13 [label = "b"];
	q22 -> q10 [label = "b"];
	q18 -> q29 [label = "a"];
	q18 -> q21 [label = "a"];
	q18 -> q18 [label = "a"];
	q18 -> q17 [label = "a"];
	q16 -> q7 [label = "b, c"];
	q22 -> q26 [label = "c"];
	q22 -> q7 [label = "c"];
	q18 -> q8 [label = "b"];
	q16 -> q8 [label = "a"];
	q19 -> q26 [label = "a"];
	q20 -> q26 [label = "b, c"];
	q20 -> q12 [label = "b"];
	q20 -> q19 [label = "b, c"];
	q15 -> q18 [label = "a"];
	q15 -> q17 [label = "a"];
	q11 -> q27 [label = "c"];
	q11 -> q25 [label = "c"];
	q11 -> q19 [label = "c"];
	q11 -> q13 [label = "c"];
	q14 -> q27 [label = "a"];
	q14 -> q22 [label = "a"];
	q14 -> q17 [label = "a"];
	q17 -> q10 [label = "b"];
	q14 -> q15 [label = "a"];
	q14 -> q10 [label = "a"];
	q17 -> q9 [label = "b"];
	q14 -> q9 [label = "a"];
	q14 -> q6 [label = "a"];
	q14 -> q5 [label = "a"];
	q14 -> q4 [label = "a"];
	q19 -> q23 [label = "a"];
	q14 -> q1 [label = "a"];
	q11 -> q14 [label = "c"];
	q12 -> q10 [label = "b"];
	q10 -> q19 [label = "c"];
	q15 -> q6 [label = "b"];
	q13 -> q22 [label = "a"];
	q13 -> q4 [label = "a"];
	q13 -> q1 [label = "a"];
	q9 -> q18 [label = "c"];
	q5 -> q21 [label = "b"];
	q5 -> q18 [label = "b"];
	q5 -> q15 [label = "b"];
	q19 -> q17 [label = "a"];
	q5 -> q2 [label = "b"];
	q7 -> q26 [label = "a"];
	q7 -> q24 [label = "a"];
	q19 -> q24 [label = "a"];
	q7 -> q19 [label = "a"];
	q7 -> q13 [label = "a"];
	q7 -> q9 [label = "a"];
	q20 -> q18 [label = "b"];
	q2 -> q5 [label = "c"];
	q6 -> q9 [label = "a"];
	q1 -> q26 [label = "c"];
	q7 -> q15 [label = "b"];
	q7 -> q8 [label = "b"];
	q1 -> q20 [label = "b"];
	q7 -> q12 [label = "a, c"];
	q20 -> q28 [label = "b"];
	q11 -> q18 [label = "c"];
	q5 -> q17 [label = "b"];
	q7 -> q5 [label = "a, c"];
	q18 -> q28 [label = "c"];
	q2 -> q24 [label = "c"];
	q3 -> q28 [label = "b"];
	q3 -> q27 [label = "b"];
	q7 -> q25 [label = "a"];
	q5 -> q8 [label = "a, b"];
	q3 -> q24 [label = "b"];
	q3 -> q23 [label = "b"];
	q11 -> q26 [label = "c"];
	q3 -> q22 [label = "b"];
	q3 -> q21 [label = "b"];
	q3 -> q19 [label = "b, c"];
	q3 -> q16 [label = "b"];
	q3 -> q15 [label = "b"];
	q3 -> q14 [label = "b, c"];
	q3 -> q13 [label = "b"];
	q17 -> q28 [label = "b, c"];
	q3 -> q12 [label = "a, b, c"];
	q3 -> q11 [label = "b"];
	q3 -> q9 [label = "a, b"];
	q3 -> q8 [label = "b"];
	q3 -> q5 [label = "b"];
	q16 -> q5 [label = "c"];
	q10 -> q26 [label = "c"];
	q3 -> q4 [label = "b"];
	q15 -> q21 [label = "a"];
	q3 -> q3 [label = "b"];
	q16 -> q22 [label = "a"];
	q3 -> q2 [label = "b"];
	q18 -> q16 [label = "b"];
	q3 -> q1 [label = "b"];
	q3 -> q0 [label = "b"];
	q1 -> q29 [label = "a"];
	q18 -> q25 [label = "a"];
	q1 -> q21 [label = "a"];
	q5 -> q27 [label = "c"];
	q5 -> q12 [label = "c"];
	q17 -> q2 [label = "b"];
	q5 -> q5 [label = "c"];
	q4 -> q21 [label = "a"];
	q4 -> q11 [label = "a"];
	q4 -> q6 [label = "a, b"];
	q4 -> q0 [label = "a"];
	q6 -> q11 [label = "b"];
	q6 -> q6 [label = "b"];
	q2 -> q17 [label = "a"];
	q20 -> q16 [label = "b"];
	q0 -> q29 [label = "b"];
	q19 -> q25 [label = "a"];
	q0 -> q22 [label = "b"];
	q0 -> q21 [label = "b"];
	q1 -> q3 [label = "b"];
	q0 -> q20 [label = "b"];
	q0 -> q19 [label = "b, c"];
	q0 -> q17 [label = "b"];
	q0 -> q16 [label = "b"];
	q0 -> q15 [label = "b"];
	q0 -> q14 [label = "b"];
	q24 -> q23 [label = "a"];
	q2 -> q6 [label = "b"];
	q24 -> q20 [label = "a"];
	q24 -> q16 [label = "a"];
	q24 -> q10 [label = "a"];
	q9 -> q14 [label = "c"];
	q9 -> q11 [label = "a"];
	q20 -> q29 [label = "b"];
	q28 -> q5 [label = "c"];
	q9 -> q26 [label = "c"];
	q27 -> q16 [label = "a"];
	q4 -> q14 [label = "c"];
	q6 -> q26 [label = "c"];
	q4 -> q29 [label = "a"];
	q15 -> q26 [label = "c"];
	q24 -> q8 [label = "a, b"];
	q29 -> q10 [label = "b"];
	q14 -> q28 [label = "a"];
	q27 -> q8 [label = "a, b"];
	q26 -> q22 [label = "a"];
	q8 -> q21 [label = "a"];
	q26 -> q21 [label = "a"];
	q26 -> q20 [label = "a"];
	q7 -> q28 [label = "a"];
	q24 -> q25 [label = "a"];
	q26 -> q19 [label = "a"];
	q26 -> q16 [label = "a"];
	q26 -> q15 [label = "a, b"];
	q26 -> q17 [label = "a"];
	q26 -> q24 [label = "a"];
	q25 -> q20 [label = "a"];
	q20 -> q4 [label = "b"];
	q16 -> q26 [label = "c"];
	q26 -> q13 [label = "a"];
	q21 -> q24 [label = "b"];
	q26 -> q11 [label = "a"];
	q1 -> q10 [label = "b"];
	q15 -> q28 [label = "c"];
	q20 -> q25 [label = "b"];
	q24 -> q22 [label = "a, b"];
	q24 -> q17 [label = "a, b"];
	q26 -> q10 [label = "a"];
	q0 -> q7 [label = "b, c"];
	q26 -> q9 [label = "a"];
	q1 -> q6 [label = "b"];
	q26 -> q6 [label = "a"];
	q17 -> q27 [label = "b"];
	q3 -> q17 [label = "b"];
	q29 -> q9 [label = "b"];
	q29 -> q3 [label = "b"];
	q22 -> q21 [label = "a"];
	q26 -> q14 [label = "a"];
	q19 -> q16 [label = "a"];
	q21 -> q20 [label = "b"];
	q28 -> q10 [label = "a"];
	q16 -> q13 [label = "c"];
	q28 -> q1 [label = "a"];
	q14 -> q24 [label = "a"];
	q14 -> q7 [label = "a, c"];
	q26 -> q29 [label = "a"];
	q26 -> q25 [label = "a"];
	q20 -> q7 [label = "b, c"];
	q25 -> q25 [label = "a"];
	q3 -> q29 [label = "b"];
	q3 -> q26 [label = "b, c"];
	q23 -> q29 [label = "a, b"];
	q28 -> q24 [label = "a"];
	q24 -> q1 [label = "a"];
	q21 -> q19 [label = "b"];
	q6 -> q12 [label = "a, c"];
	q28 -> q16 [label = "a"];
	q23 -> q8 [label = "a"];
	q14 -> q20 [label = "a"];
	q26 -> q0 [label = "a"];
	q21 -> q15 [label = "b"];
	q17 -> q1 [label = "b"];
	q25 -> q23 [label = "a"];
	q27 -> q21 [label = "b"];
	q25 -> q22 [label = "a"];
	q17 -> q22 [label = "b"];
	q25 -> q21 [label = "a"];
	q21 -> q1 [label = "b"];
	q25 -> q18 [label = "a"];
	q11 -> q9 [label = "a, c"];
	q2 -> q7 [label = "b, c"];
	q25 -> q1 [label = "a"];
	q23 -> q18 [label = "a"];
	q3 -> q18 [label = "b, c"];
	q9 -> q7 [label = "a, c"];
	q25 -> q0 [label = "a"];
	q26 -> q1 [label = "a"];
	q13 -> q17 [label = "b"];
	q27 -> q22 [label = "b"];
	q29 -> q28 [label = "a, b, c"];
	q29 -> q22 [label = "b"];
	q29 -> q24 [label = "a, b, c"];
	q4 -> q3 [label = "a, b"];
	q29 -> q12 [label = "b"];
	q27 -> q18 [label = "b"];
	q29 -> q21 [label = "b"];
	q3 -> q7 [label = "b, c"];
	q29 -> q14 [label = "b"];
	q2 -> q14 [label = "b"];
	q29 -> q15 [label = "b"];
	q11 -> q24 [label = "c"];
	q21 -> q28 [label = "b, c"];
	q0 -> q3 [label = "b"];
	q18 -> q15 [label = "b"];
	q27 -> q23 [label = "a"];
	q2 -> q27 [label = "c"];
	q29 -> q23 [label = "b"];
	q17 -> q14 [label = "b"];
	q26 -> q28 [label = "a"];
	q25 -> q8 [label = "a, b"];
	q29 -> q13 [label = "b"];
	q19 -> q27 [label = "a, c"];
	q0 -> q13 [label = "b, c"];
	q26 -> q26 [label = "a"];
	q29 -> q18 [label = "a, b"];
	q6 -> q14 [label = "c"];
	q17 -> q24 [label = "b, c"];
	q13 -> q8 [label = "a"];
	q29 -> q17 [label = "b"];
	q26 -> q2 [label = "a"];
	q19 -> q29 [label = "a"];
	q25 -> q2 [label = "a, b"];
	q10 -> q8 [label = "a"];
	q15 -> q19 [label = "c"];
	q19 -> q13 [label = "a"];
	q24 -> q15 [label = "a, b"];
	q22 -> q20 [label = "b"];
	q13 -> q9 [label = "a"];
	q21 -> q3 [label = "b"];
	q0 -> q6 [label = "b"];
	q24 -> q5 [label = "c"];
	q29 -> q11 [label = "b"];
	q17 -> q20 [label = "b"];
	q22 -> q6 [label = "b"];
	q29 -> q1 [label = "b"];
	q21 -> q4 [label = "b"];
	q0 -> q23 [label = "b"];
	q29 -> q29 [label = "b"];
	q5 -> q4 [label = "a"];
	q28 -> q25 [label = "a"];
	q28 -> q29 [label = "a"];
	q28 -> q23 [label = "a"];
	q10 -> q14 [label = "b"];
	q16 -> q28 [label = "c"];
	q29 -> q6 [label = "b"];
	q27 -> q15 [label = "a, b"];
	q14 -> q11 [label = "a"];
	q2 -> q13 [label = "c"];
	q26 -> q3 [label = "a"];
	q29 -> q4 [label = "b"];
	q11 -> q0 [label = "b"];
	q29 -> q27 [label = "b"];
	q29 -> q2 [label = "b"];
	q21 -> q26 [label = "b"];
	q19 -> q11 [label = "a"];
	q27 -> q27 [label = "c"];
	q24 -> q2 [label = "a, b"];
	q8 -> q7 [label = "c"];
	q28 -> q0 [label = "a"];
	q28 -> q8 [label = "a, b"];
	q24 -> q0 [label = "a"];
	q21 -> q6 [label = "b"];
	q29 -> q5 [label = "b"];
	q8 -> q6 [label = "b"];
	q28 -> q18 [label = "a, b"];
	q19 -> q19 [label = "a"];
	q29 -> q19 [label = "b"];
	q23 -> q24 [label = "a, c"];
	q5 -> q22 [label = "b"];
	q24 -> q27 [label = "c"];
	q20 -> q9 [label = "b"];
	q0 -> q26 [label = "b, c"];
	q26 -> q7 [label = "a"];
	q27 -> q5 [label = "c"];
	q19 -> q10 [label = "a"];
	q19 -> q8 [label = "a, b"];
	q11 -> q6 [label = "b"];
	q22 -> q29 [label = "a"];
	q28 -> q2 [label = "a, b"];
	q2 -> q28 [label = "c"];
	q2 -> q19 [label = "c"];
	q7 -> q27 [label = "a, c"];
	q21 -> q23 [label = "b"];
	q25 -> q29 [label = "a"];
	q0 -> q24 [label = "a, b, c"];
	q28 -> q17 [label = "a, b"];
	q20 -> q6 [label = "b"];
	q26 -> q12 [label = "a, c"];
	q26 -> q18 [label = "a"];
	q3 -> q6 [label = "b"];
	q21 -> q8 [label = "b"];
	q9 -> q21 [label = "a"];
	q26 -> q8 [label = "a, b"];
	q14 -> q0 [label = "a"];
	q29 -> q26 [label = "b"];
	q25 -> q15 [label = "a, b"];
	q19 -> q7 [label = "a"];
	q26 -> q4 [label = "a"];
	q15 -> q5 [label = "c"];
	q23 -> q2 [label = "a"];
	q1 -> q13 [label = "b"];
	q26 -> q5 [label = "a, c"];
	q24 -> q24 [label = "a"];
	q27 -> q6 [label = "a"];
	q11 -> q7 [label = "b, c"];
	q18 -> q23 [label = "a"];
	q14 -> q18 [label = "a, c"];
	q25 -> q24 [label = "a, c"];
	q3 -> q20 [label = "b"];
	q27 -> q4 [label = "a"];
	q3 -> q25 [label = "b, c"];
	q1 -> q0 [label = "a"];
	q25 -> q28 [label = "a, c"];
	q27 -> q12 [label = "c"];
	q19 -> q28 [label = "a"];
	q19 -> q0 [label = "a"];
	q17 -> q26 [label = "b"];
	q21 -> q0 [label = "b"];
	q29 -> q16 [label = "b"];
	q27 -> q2 [label = "b"];
	q20 -> q11 [label = "b"];
	q26 -> q27 [label = "a, c"];
	q28 -> q21 [label = "a, b"];
	q21 -> q2 [label = "b"];
	q29 -> q20 [label = "b"];
	q27 -> q11 [label = "a"];
	q24 -> q28 [label = "a"];
	q20 -> q17 [label = "b"];
	q24 -> q29 [label = "a"];
	q23 -> q0 [label = "a, b"];
	q17 -> q5 [label = "b"];
	q9 -> q10 [label = "b"];
	q23 -> q10 [label = "a"];
	q14 -> q2 [label = "a"];
	q23 -> q16 [label = "a"];
	q23 -> q17 [label = "a"];
	q24 -> q21 [label = "a, b"];
	q21 -> q13 [label = "b"];
	q23 -> q20 [label = "a"];
	q23 -> q21 [label = "a, b"];
	q10 -> q7 [label = "c"];
	q14 -> q12 [label = "a, c"];
	q22 -> q3 [label = "b"];
	q23 -> q22 [label = "a"];
	q12 -> q11 [label = "a"];
	q7 -> q18 [label = "a"];
	q23 -> q23 [label = "a"];
	q12 -> q6 [label = "a"];
	q23 -> q28 [label = "a, c"];
	q11 -> q11 [label = "b"];
	q2 -> q21 [label = "a"];
	q11 -> q21 [label = "b"];
	q19 -> q4 [label = "a"];
	q21 -> q7 [label = "b"];
	q21 -> q9 [label = "b"];
	q23 -> q6 [label = "b"];
	q21 -> q10 [label = "b"];
	q17 -> q19 [label = "b"];
	q16 -> q6 [label = "b"];
	q21 -> q16 [label = "b"];
	q15 -> q13 [label = "c"];
	q21 -> q18 [label = "a, b"];
	q23 -> q15 [label = "a"];
	q25 -> q17 [label = "a"];
	q21 -> q21 [label = "b"];
	q0 -> q28 [label = "a, b, c"];
	q21 -> q22 [label = "b"];
	q11 -> q5 [label = "c"];
	q21 -> q25 [label = "a, b"];
	q29 -> q25 [label = "a, b"];
	q25 -> q16 [label = "a, b"];
	q21 -> q27 [label = "b"];
	q28 -> q15 [label = "a, b"];
	q19 -> q5 [label = "a, c"];
	q13 -> q12 [label = "a, c"];
	q21 -> q12 [label = "b"];
	q23 -> q1 [label = "a"];
	q9 -> q20 [label = "b"];
	q17 -> q12 [label = "b"];
	q11 -> q12 [label = "a, c"];
	q14 -> q29 [label = "a"];
	q15 -> q7 [label = "b, c"];
	q20 -> q15 [label = "b"];
	q15 -> q24 [label = "c"];
	q11 -> q29 [label = "b"];
	q29 -> q8 [label = "b"];
	q6 -> q25 [label = "c"];
	q15 -> q27 [label = "c"];
	q9 -> q0 [label = "a"];
	q19 -> q2 [label = "a, b"];
	q28 -> q20 [label = "a"];
	q21 -> q29 [label = "b"];
	q9 -> q3 [label = "a"];
	q9 -> q6 [label = "a"];
	q9 -> q29 [label = "a"];
	q11 -> q3 [label = "b"];
	q24 -> q18 [label = "a, b"];
	q28 -> q22 [label = "a, b"];
	q14 -> q16 [label = "a, b"];
	q29 -> q0 [label = "b"];
	q12 -> q18 [label = "c"];
	q14 -> q14 [label = "a, c"];
	q7 -> q14 [label = "a"];
	q14 -> q19 [label = "a, c"];
	q14 -> q25 [label = "a, c"];
	q0 -> q0 [label = "b"];
	q1 -> q7 [label = "c"];
	q27 -> q17 [label = "b"];
	q14 -> q26 [label = "a, c"];
	q19 -> q1 [label = "a"];
	q11 -> q28 [label = "c"];
	q0 -> q27 [label = "b, c"];
	q4 -> q7 [label = "a, c"];
	q4 -> q18 [label = "c"];
	q25 -> q10 [label = "a, b"];
	q0 -> q5 [label = "b, c"];
	q7 -> q7 [label = "a"];
	q3 -> q10 [label = "b"];
	q21 -> q5 [label = "b"];
	q4 -> q26 [label = "c"];
	q20 -> q22 [label = "a, b"];
	q14 -> q13 [label = "a"];
	q14 -> q3 [label = "a"];
	q0 -> q18 [label = "a, b"];
	q20 -> q13 [label = "b"];
	q16 -> q19 [label = "c"];
	q14 -> q8 [label = "a"];
	q21 -> q17 [label = "b"];
	q2 -> q8 [label = "b"];
	q19 -> q12 [label = "a, c"];
	q2 -> q18 [label = "a, b"];
	q2 -> q26 [label = "b, c"];
	q21 -> q11 [label = "b"];
	q6 -> q7 [label = "c"];
	q14 -> q21 [label = "a"];
	q6 -> q18 [label = "c"];
	q14 -> q23 [label = "a"];
	q6 -> q19 [label = "c"];
	q29 -> q7 [label = "b"];
	q0 -> q2 [label = "b"];
	q0 -> q4 [label = "b"];
	q0 -> q8 [label = "b"];
	q0 -> q1 [label = "b"];
	q0 -> q9 [label = "b"];
	q28 -> q28 [label = "a"];
	q0 -> q25 [label = "a, b"];
	q0 -> q10 [label = "b"];
	q26 -> q23 [label = "a"];
	q21 -> q14 [label = "b"];
	q0 -> q11 [label = "b"];
	q23 -> q25 [label = "a"];
	q0 -> q12 [label = "b"];
}
NFA size: 30 states

