Random target AFA:
digraph finite_state_machine {
	rankdir=LR;
	node [shape = circle];
	s0 [shape = point, style = invis, start="true" ];
	s1 [shape = point, style = invis, start="true" ];
	q0 [label = "q0"];
	q1 [label = "q1", shape = doublecircle, final="true" ];
	q2 [label = "q2"];
	q3 [label = "q3"];
	q4 [label = "q4"];
	q5 [label = "q5", shape = doublecircle, final="true" ];
	m0 [label = "", shape = square, style = filled, color=grey, fixedsize=true, width=.2];
	m1 [label = "", shape = square, style = filled, color=grey, fixedsize=true, width=.2];
	m2 [label = "", shape = square, style = filled, color=grey, fixedsize=true, width=.2];
	m3 [label = "", shape = square, style = filled, color=grey, fixedsize=true, width=.2];
	m4 [label = "", shape = square, style = filled, color=grey, fixedsize=true, width=.2];
	m5 [label = "", shape = square, style = filled, color=grey, fixedsize=true, width=.2];
	m6 [label = "", shape = square, style = filled, color=grey, fixedsize=true, width=.2];
	m7 [label = "", shape = square, style = filled, color=grey, fixedsize=true, width=.2];
	m8 [label = "", shape = square, style = filled, color=grey, fixedsize=true, width=.2];
	m9 [label = "", shape = square, style = filled, color=grey, fixedsize=true, width=.2];
	s0 -> q1
	s1 -> q2
	q0 -> q5 [label = "b, c"];
	q5 -> m1 [label = "b"];
	q5 -> q0 [label = "c"];
	q5 -> m7 [label = "a"];
	q0 -> q1 [label = "a"];
	q0 -> q3 [label = "a"];
	q3 -> m6 [label = "c"];
	q2 -> m9 [label = "c"];
	q0 -> q4 [label = "b"];
	q2 -> q2 [label = "b"];
	q4 -> m0 [label = "c"];
	q0 -> m2 [label = "c"];
	q4 -> q1 [label = "c"];
	q2 -> m1 [label = "a"];
	q5 -> q3 [label = "c"];
	q1 -> q0 [label = "a"];
	q3 -> q1 [label = "b"];
	q3 -> m4 [label = "b"];
	q2 -> m0 [label = "b"];
	q2 -> q5 [label = "a, c"];
	q4 -> q4 [label = "a"];
	q1 -> m5 [label = "b, c"];
	q1 -> m3 [label = "a"];
	q3 -> q3 [label = "a"];
	q5 -> m6 [label = "a"];
	q3 -> q0 [label = "a, c"];
	q1 -> m0 [label = "b"];
	q4 -> q2 [label = "b"];
	q1 -> m8 [label = "c"];
	q5 -> m0 [label = "b"];
	m0 -> q3;
	m0 -> q4;
	m1 -> q0;
	m1 -> q4;
	m2 -> q1;
	m2 -> q5;
	m3 -> q2;
	m3 -> q4;
	m4 -> q1;
	m4 -> q3;
	m5 -> q4;
	m5 -> q5;
	m6 -> q0;
	m6 -> q2;
	m7 -> q3;
	m7 -> q5;
	m8 -> q0;
	m8 -> q5;
	m9 -> q1;
	m9 -> q2;
}

L* output after 11 EQ and 25317 MQ:
digraph finite_state_machine {
	rankdir=LR;
	node [shape = circle];
	s0 [shape = point, style = invis, start="true" ];
	q0 [label = "q0"];
	q1 [label = "q1", shape = doublecircle, final="true" ];
	q2 [label = "q2"];
	q3 [label = "q3"];
	q4 [label = "q4"];
	q5 [label = "q5", shape = doublecircle, final="true" ];
	q6 [label = "q6"];
	q7 [label = "q7"];
	q8 [label = "q8"];
	q9 [label = "q9", shape = doublecircle, final="true" ];
	q10 [label = "q10"];
	q11 [label = "q11", shape = doublecircle, final="true" ];
	q12 [label = "q12"];
	q13 [label = "q13", shape = doublecircle, final="true" ];
	q14 [label = "q14", shape = doublecircle, final="true" ];
	q15 [label = "q15"];
	q16 [label = "q16"];
	q17 [label = "q17", shape = doublecircle, final="true" ];
	q18 [label = "q18"];
	q19 [label = "q19", shape = doublecircle, final="true" ];
	q20 [label = "q20"];
	q21 [label = "q21"];
	q22 [label = "q22"];
	q23 [label = "q23"];
	q24 [label = "q24"];
	q25 [label = "q25", shape = doublecircle, final="true" ];
	q26 [label = "q26"];
	q27 [label = "q27"];
	q28 [label = "q28"];
	q29 [label = "q29"];
	q30 [label = "q30", shape = doublecircle, final="true" ];
	q31 [label = "q31", shape = doublecircle, final="true" ];
	q32 [label = "q32"];
	q33 [label = "q33"];
	q34 [label = "q34", shape = doublecircle, final="true" ];
	q35 [label = "q35"];
	q36 [label = "q36"];
	q37 [label = "q37"];
	q38 [label = "q38"];
	q39 [label = "q39", shape = doublecircle, final="true" ];
	q40 [label = "q40", shape = doublecircle, final="true" ];
	q41 [label = "q41", shape = doublecircle, final="true" ];
	q42 [label = "q42", shape = doublecircle, final="true" ];
	q43 [label = "q43"];
	q44 [label = "q44"];
	q45 [label = "q45", shape = doublecircle, final="true" ];
	q46 [label = "q46", shape = doublecircle, final="true" ];
	q47 [label = "q47", shape = doublecircle, final="true" ];
	q48 [label = "q48", shape = doublecircle, final="true" ];
	q49 [label = "q49"];
	q50 [label = "q50", shape = doublecircle, final="true" ];
	q51 [label = "q51", shape = doublecircle, final="true" ];
	q52 [label = "q52"];
	q53 [label = "q53", shape = doublecircle, final="true" ];
	q54 [label = "q54", shape = doublecircle, final="true" ];
	q55 [label = "q55"];
	q56 [label = "q56"];
	q57 [label = "q57"];
	q58 [label = "q58", shape = doublecircle, final="true" ];
	q59 [label = "q59"];
	q60 [label = "q60", shape = doublecircle, final="true" ];
	q61 [label = "q61"];
	q62 [label = "q62", shape = doublecircle, final="true" ];
	q63 [label = "q63"];
	q64 [label = "q64", shape = doublecircle, final="true" ];
	q65 [label = "q65", shape = doublecircle, final="true" ];
	q66 [label = "q66", shape = doublecircle, final="true" ];
	q67 [label = "q67", shape = doublecircle, final="true" ];
	q68 [label = "q68"];
	q69 [label = "q69", shape = doublecircle, final="true" ];
	q70 [label = "q70"];
	q71 [label = "q71", shape = doublecircle, final="true" ];
	q72 [label = "q72", shape = doublecircle, final="true" ];
	q73 [label = "q73", shape = doublecircle, final="true" ];
	q74 [label = "q74", shape = doublecircle, final="true" ];
	q75 [label = "q75", shape = doublecircle, final="true" ];
	q76 [label = "q76", shape = doublecircle, final="true" ];
	q77 [label = "q77", shape = doublecircle, final="true" ];
	q78 [label = "q78"];
	q79 [label = "q79", shape = doublecircle, final="true" ];
	q80 [label = "q80"];
	q81 [label = "q81"];
	q82 [label = "q82", shape = doublecircle, final="true" ];
	q83 [label = "q83"];
	q84 [label = "q84", shape = doublecircle, final="true" ];
	q85 [label = "q85"];
	q86 [label = "q86", shape = doublecircle, final="true" ];
	q87 [label = "q87"];
	q88 [label = "q88"];
	q89 [label = "q89", shape = doublecircle, final="true" ];
	q90 [label = "q90", shape = doublecircle, final="true" ];
	q91 [label = "q91", shape = doublecircle, final="true" ];
	q92 [label = "q92", shape = doublecircle, final="true" ];
	q93 [label = "q93"];
	q94 [label = "q94", shape = doublecircle, final="true" ];
	q95 [label = "q95"];
	q96 [label = "q96"];
	q97 [label = "q97"];
	q98 [label = "q98", shape = doublecircle, final="true" ];
	q99 [label = "q99", shape = doublecircle, final="true" ];
	q100 [label = "q100", shape = doublecircle, final="true" ];
	q101 [label = "q101", shape = doublecircle, final="true" ];
	q102 [label = "q102"];
	q103 [label = "q103", shape = doublecircle, final="true" ];
	q104 [label = "q104", shape = doublecircle, final="true" ];
	q105 [label = "q105", shape = doublecircle, final="true" ];
	q106 [label = "q106"];
	q107 [label = "q107", shape = doublecircle, final="true" ];
	q108 [label = "q108"];
	q109 [label = "q109", shape = doublecircle, final="true" ];
	q110 [label = "q110", shape = doublecircle, final="true" ];
	q111 [label = "q111"];
	q112 [label = "q112"];
	q113 [label = "q113", shape = doublecircle, final="true" ];
	q114 [label = "q114", shape = doublecircle, final="true" ];
	q115 [label = "q115", shape = doublecircle, final="true" ];
	q116 [label = "q116", shape = doublecircle, final="true" ];
	q117 [label = "q117", shape = doublecircle, final="true" ];
	q118 [label = "q118", shape = doublecircle, final="true" ];
	q119 [label = "q119", shape = doublecircle, final="true" ];
	q120 [label = "q120"];
	q121 [label = "q121"];
	q122 [label = "q122", shape = doublecircle, final="true" ];
	q123 [label = "q123", shape = doublecircle, final="true" ];
	q124 [label = "q124", shape = doublecircle, final="true" ];
	q125 [label = "q125", shape = doublecircle, final="true" ];
	q126 [label = "q126"];
	q127 [label = "q127"];
	q128 [label = "q128", shape = doublecircle, final="true" ];
	q129 [label = "q129"];
	q130 [label = "q130", shape = doublecircle, final="true" ];
	q131 [label = "q131"];
	q132 [label = "q132", shape = doublecircle, final="true" ];
	q133 [label = "q133"];
	q134 [label = "q134", shape = doublecircle, final="true" ];
	q135 [label = "q135"];
	q136 [label = "q136"];
	q137 [label = "q137"];
	s0 -> q53
	q85 -> q12 [label = "b"];
	q83 -> q91 [label = "c"];
	q84 -> q133 [label = "b"];
	q82 -> q80 [label = "c"];
	q85 -> q72 [label = "a"];
	q81 -> q91 [label = "c"];
	q87 -> q87 [label = "b"];
	q87 -> q101 [label = "c"];
	q84 -> q33 [label = "a"];
	q80 -> q39 [label = "b"];
	q86 -> q65 [label = "c"];
	q84 -> q73 [label = "c"];
	q80 -> q62 [label = "a"];
	q77 -> q135 [label = "b"];
	q78 -> q137 [label = "a"];
	q79 -> q87 [label = "b"];
	q77 -> q81 [label = "a"];
	q79 -> q75 [label = "c"];
	q75 -> q63 [label = "a"];
	q77 -> q49 [label = "c"];
	q76 -> q62 [label = "a"];
	q74 -> q98 [label = "a"];
	q72 -> q70 [label = "b"];
	q76 -> q91 [label = "c"];
	q74 -> q3 [label = "b"];
	q72 -> q74 [label = "a"];
	q69 -> q135 [label = "b"];
	q67 -> q11 [label = "c"];
	q70 -> q102 [label = "a"];
	q68 -> q70 [label = "b"];
	q71 -> q39 [label = "b"];
	q69 -> q32 [label = "a"];
	q65 -> q134 [label = "b"];
	q64 -> q75 [label = "c"];
	q70 -> q103 [label = "c"];
	q64 -> q52 [label = "b"];
	q68 -> q76 [label = "c"];
	q63 -> q94 [label = "a"];
	q59 -> q116 [label = "c"];
	q62 -> q41 [label = "a"];
	q60 -> q133 [label = "b"];
	q58 -> q115 [label = "c"];
	q63 -> q39 [label = "b"];
	q61 -> q74 [label = "a"];
	q57 -> q71 [label = "c"];
	q63 -> q65 [label = "c"];
	q59 -> q93 [label = "a"];
	q61 -> q91 [label = "c"];
	q57 -> q40 [label = "a"];
	q56 -> q92 [label = "c"];
	q62 -> q91 [label = "c"];
	q65 -> q114 [label = "c"];
	q58 -> q72 [label = "a"];
	q56 -> q21 [label = "b"];
	q60 -> q73 [label = "c"];
	q58 -> q3 [label = "b"];
	q54 -> q58 [label = "a"];
	q50 -> q49 [label = "c"];
	q53 -> q51 [label = "a"];
	q55 -> q69 [label = "c"];
	q85 -> q119 [label = "c"];
	q51 -> q47 [label = "a"];
	q51 -> q46 [label = "b"];
	q54 -> q70 [label = "b"];
	q50 -> q44 [label = "a"];
	q48 -> q22 [label = "b"];
	q52 -> q60 [label = "a"];
	q52 -> q48 [label = "c"];
	q50 -> q43 [label = "b"];
	q43 -> q66 [label = "c"];
	q42 -> q89 [label = "c"];
	q20 -> q87 [label = "b"];
	q22 -> q18 [label = "a"];
	q17 -> q27 [label = "c"];
	q67 -> q88 [label = "b"];
	q19 -> q51 [label = "a"];
	q17 -> q22 [label = "b"];
	q17 -> q121 [label = "a"];
	q21 -> q82 [label = "c"];
	q72 -> q14 [label = "c"];
	q22 -> q2 [label = "b"];
	q18 -> q15 [label = "a"];
	q16 -> q55 [label = "b"];
	q18 -> q133 [label = "b"];
	q16 -> q83 [label = "a"];
	q15 -> q136 [label = "a"];
	q13 -> q12 [label = "b"];
	q21 -> q16 [label = "a"];
	q23 -> q64 [label = "b"];
	q10 -> q4 [label = "c"];
	q82 -> q43 [label = "b"];
	q70 -> q87 [label = "b"];
	q13 -> q125 [label = "a"];
	q9 -> q65 [label = "c"];
	q3 -> q101 [label = "c"];
	q22 -> q17 [label = "c"];
	q45 -> q113 [label = "a"];
	q102 -> q76 [label = "c"];
	q96 -> q71 [label = "c"];
	q131 -> q119 [label = "c"];
	q109 -> q67 [label = "b"];
	q55 -> q87 [label = "b"];
	q101 -> q49 [label = "c"];
	q18 -> q123 [label = "c"];
	q100 -> q55 [label = "b"];
	q40 -> q19 [label = "b"];
	q97 -> q70 [label = "b"];
	q12 -> q101 [label = "c"];
	q102 -> q126 [label = "a"];
	q96 -> q12 [label = "b"];
	q21 -> q87 [label = "b"];
	q100 -> q83 [label = "a"];
	q6 -> q15 [label = "a"];
	q106 -> q79 [label = "b"];
	q19 -> q48 [label = "c"];
	q15 -> q124 [label = "c"];
	q104 -> q135 [label = "b"];
	q110 -> q25 [label = "c"];
	q53 -> q50 [label = "c"];
	q104 -> q27 [label = "c"];
	q6 -> q70 [label = "b"];
	q78 -> q104 [label = "c"];
	q97 -> q123 [label = "c"];
	q80 -> q14 [label = "c"];
	q98 -> q119 [label = "c"];
	q94 -> q64 [label = "b"];
	q105 -> q109 [label = "a"];
	q126 -> q70 [label = "b"];
	q48 -> q63 [label = "a"];
	q95 -> q14 [label = "c"];
	q109 -> q115 [label = "c"];
	q88 -> q87 [label = "b"];
	q11 -> q42 [label = "b"];
	q124 -> q134 [label = "b"];
	q134 -> q12 [label = "b"];
	q103 -> q80 [label = "c"];
	q26 -> q115 [label = "c"];
	q103 -> q32 [label = "a"];
	q108 -> q99 [label = "c"];
	q19 -> q52 [label = "b"];
	q15 -> q3 [label = "b"];
	q107 -> q35 [label = "c"];
	q86 -> q113 [label = "a"];
	q105 -> q91 [label = "c"];
	q87 -> q60 [label = "a"];
	q106 -> q77 [label = "c"];
	q125 -> q3 [label = "b"];
	q108 -> q70 [label = "b"];
	q107 -> q111 [label = "a"];
	q133 -> q103 [label = "c"];
	q30 -> q87 [label = "b"];
	q101 -> q135 [label = "b"];
	q110 -> q112 [label = "a"];
	q120 -> q12 [label = "b"];
	q83 -> q58 [label = "a"];
	q71 -> q41 [label = "a"];
	q112 -> q41 [label = "a"];
	q114 -> q62 [label = "a"];
	q118 -> q71 [label = "c"];
	q38 -> q46 [label = "b"];
	q111 -> q128 [label = "c"];
	q116 -> q129 [label = "a"];
	q118 -> q67 [label = "b"];
	q129 -> q30 [label = "b"];
	q16 -> q76 [label = "c"];
	q90 -> q90 [label = "a"];
	q95 -> q105 [label = "a"];
	q59 -> q20 [label = "b"];
	q14 -> q62 [label = "a"];
	q97 -> q108 [label = "a"];
	q128 -> q127 [label = "a"];
	q115 -> q134 [label = "b"];
	q74 -> q115 [label = "c"];
	q41 -> q90 [label = "a"];
	q117 -> q91 [label = "c"];
	q73 -> q91 [label = "c"];
	q36 -> q97 [label = "a"];
	q115 -> q9 [label = "a"];
	q49 -> q14 [label = "c"];
	q133 -> q8 [label = "a"];
	q4 -> q27 [label = "c"];
	q20 -> q50 [label = "c"];
	q28 -> q99 [label = "c"];
	q113 -> q65 [label = "c"];
	q117 -> q41 [label = "a"];
	q135 -> q6 [label = "a"];
	q54 -> q91 [label = "c"];
	q119 -> q39 [label = "b"];
	q114 -> q114 [label = "c"];
	q134 -> q62 [label = "c"];
	q51 -> q45 [label = "c"];
	q34 -> q11 [label = "c"];
	q26 -> q67 [label = "b"];
	q48 -> q49 [label = "c"];
	q3 -> q1 [label = "a"];
	q101 -> q32 [label = "a"];
	q111 -> q39 [label = "b"];
	q137 -> q123 [label = "c"];
	q131 -> q132 [label = "a"];
	q111 -> q31 [label = "a"];
	q132 -> q19 [label = "b"];
	q123 -> q135 [label = "b"];
	q7 -> q3 [label = "b"];
	q66 -> q35 [label = "c"];
	q118 -> q118 [label = "a"];
	q119 -> q113 [label = "a"];
	q76 -> q39 [label = "b"];
	q66 -> q37 [label = "a"];
	q133 -> q87 [label = "b"];
	q83 -> q70 [label = "b"];
	q91 -> q105 [label = "a"];
	q135 -> q5 [label = "c"];
	q27 -> q80 [label = "c"];
	q100 -> q73 [label = "c"];
	q81 -> q79 [label = "b"];
	q88 -> q48 [label = "c"];
	q126 -> q65 [label = "c"];
	q127 -> q94 [label = "a"];
	q14 -> q39 [label = "b"];
	q82 -> q44 [label = "a"];
	q137 -> q133 [label = "b"];
	q114 -> q42 [label = "b"];
	q132 -> q119 [label = "c"];
	q37 -> q77 [label = "c"];
	q104 -> q127 [label = "a"];
	q135 -> q2 [label = "b"];
	q121 -> q91 [label = "c"];
	q7 -> q125 [label = "a"];
	q122 -> q49 [label = "c"];
	q89 -> q42 [label = "b"];
	q98 -> q98 [label = "a"];
	q11 -> q114 [label = "c"];
	q136 -> q3 [label = "b"];
	q1 -> q73 [label = "c"];
	q73 -> q42 [label = "b"];
	q136 -> q98 [label = "a"];
	q128 -> q135 [label = "b"];
	q39 -> q89 [label = "c"];
	q130 -> q75 [label = "c"];
	q136 -> q119 [label = "c"];
	q94 -> q41 [label = "a"];
	q129 -> q31 [label = "a"];
	q127 -> q91 [label = "c"];
	q49 -> q62 [label = "a"];
	q123 -> q95 [label = "c"];
	q29 -> q121 [label = "a"];
	q75 -> q80 [label = "c"];
	q45 -> q42 [label = "b"];
	q132 -> q90 [label = "a"];
	q99 -> q105 [label = "a"];
	q91 -> q134 [label = "b"];
	q4 -> q121 [label = "a"];
	q119 -> q114 [label = "c"];
	q126 -> q74 [label = "a"];
	q57 -> q46 [label = "b"];
	q99 -> q134 [label = "b"];
	q116 -> q35 [label = "c"];
	q88 -> q84 [label = "a"];
	q90 -> q67 [label = "b"];
	q0 -> q61 [label = "a"];
	q123 -> q127 [label = "a"];
	q105 -> q64 [label = "b"];
	q127 -> q30 [label = "b"];
	q81 -> q86 [label = "a"];
	q2 -> q0 [label = "a"];
	q125 -> q125 [label = "a"];
	q122 -> q121 [label = "a"];
	q93 -> q93 [label = "a"];
	q40 -> q71 [label = "c"];
	q120 -> q98 [label = "a"];
	q134 -> q7 [label = "a"];
	q125 -> q71 [label = "c"];
	q71 -> q114 [label = "c"];
	q128 -> q49 [label = "c"];
	q137 -> q108 [label = "a"];
	q122 -> q22 [label = "b"];
	q113 -> q41 [label = "a"];
	q121 -> q94 [label = "a"];
	q23 -> q65 [label = "c"];
	q130 -> q52 [label = "b"];
	q108 -> q33 [label = "a"];
	q29 -> q24 [label = "c"];
	q131 -> q46 [label = "b"];
	q73 -> q62 [label = "a"];
	q115 -> q114 [label = "c"];
	q124 -> q9 [label = "a"];
	q66 -> q36 [label = "b"];
	q34 -> q40 [label = "a"];
	q78 -> q2 [label = "b"];
	q106 -> q110 [label = "a"];
	q124 -> q122 [label = "c"];
	q60 -> q61 [label = "a"];
	q8 -> q33 [label = "a"];
	q117 -> q130 [label = "b"];
	q93 -> q20 [label = "b"];
	q89 -> q41 [label = "a"];
	q92 -> q36 [label = "b"];
	q67 -> q34 [label = "a"];
	q2 -> q103 [label = "c"];
	q68 -> q33 [label = "a"];
	q90 -> q119 [label = "c"];
	q113 -> q42 [label = "b"];
	q89 -> q14 [label = "c"];
	q93 -> q107 [label = "c"];
	q92 -> q106 [label = "a"];
	q12 -> q87 [label = "b"];
	q10 -> q137 [label = "a"];
	q25 -> q122 [label = "c"];
	q14 -> q114 [label = "c"];
	q94 -> q65 [label = "c"];
	q92 -> q35 [label = "c"];
	q62 -> q42 [label = "b"];
	q43 -> q56 [label = "a"];
	q41 -> q115 [label = "c"];
	q27 -> q121 [label = "a"];
	q47 -> q64 [label = "b"];
	q37 -> q30 [label = "b"];
	q41 -> q67 [label = "b"];
	q47 -> q14 [label = "c"];
	q36 -> q78 [label = "b"];
	q4 -> q22 [label = "b"];
	q91 -> q114 [label = "c"];
	q45 -> q114 [label = "c"];
	q46 -> q13 [label = "a"];
	q46 -> q12 [label = "b"];
	q130 -> q131 [label = "a"];
	q42 -> q57 [label = "a"];
	q46 -> q11 [label = "c"];
	q43 -> q21 [label = "b"];
	q40 -> q118 [label = "a"];
	q42 -> q88 [label = "b"];
	q13 -> q11 [label = "c"];
	q56 -> q59 [label = "a"];
	q44 -> q65 [label = "c"];
	q6 -> q123 [label = "c"];
	q99 -> q122 [label = "c"];
	q35 -> q27 [label = "c"];
	q129 -> q128 [label = "c"];
	q38 -> q47 [label = "a"];
	q112 -> q65 [label = "c"];
	q33 -> q115 [label = "c"];
	q39 -> q12 [label = "b"];
	q1 -> q126 [label = "a"];
	q9 -> q41 [label = "a"];
	q37 -> q31 [label = "a"];
	q79 -> q85 [label = "a"];
	q65 -> q117 [label = "a"];
	q95 -> q134 [label = "b"];
	q32 -> q94 [label = "a"];
	q39 -> q96 [label = "a"];
	q35 -> q28 [label = "a"];
	q24 -> q80 [label = "c"];
	q44 -> q55 [label = "b"];
	q35 -> q135 [label = "b"];
	q61 -> q70 [label = "b"];
	q33 -> q98 [label = "a"];
	q32 -> q65 [label = "c"];
	q38 -> q119 [label = "c"];
	q32 -> q30 [label = "b"];
	q36 -> q29 [label = "c"];
	q34 -> q46 [label = "b"];
	q31 -> q26 [label = "a"];
	q1 -> q133 [label = "b"];
	q103 -> q135 [label = "b"];
	q44 -> q54 [label = "a"];
	q33 -> q3 [label = "b"];
	q29 -> q22 [label = "b"];
	q30 -> q120 [label = "a"];
	q28 -> q79 [label = "b"];
	q64 -> q38 [label = "a"];
	q3 -> q87 [label = "b"];
	q116 -> q36 [label = "b"];
	q112 -> q42 [label = "b"];
	q31 -> q64 [label = "b"];
	q31 -> q25 [label = "c"];
	q109 -> q89 [label = "a"];
	q25 -> q134 [label = "b"];
	q120 -> q119 [label = "c"];
	q27 -> q22 [label = "b"];
	q25 -> q117 [label = "a"];
	q28 -> q23 [label = "a"];
	q30 -> q75 [label = "c"];
	q8 -> q76 [label = "c"];
	q55 -> q68 [label = "a"];
	q110 -> q64 [label = "b"];
	q26 -> q90 [label = "a"];
	q69 -> q95 [label = "c"];
	q20 -> q100 [label = "a"];
	q5 -> q24 [label = "c"];
	q52 -> q87 [label = "b"];
	q24 -> q135 [label = "b"];
	q98 -> q3 [label = "b"];
	q121 -> q39 [label = "b"];
	q24 -> q81 [label = "a"];
	q86 -> q64 [label = "b"];
	q23 -> q113 [label = "a"];
	q75 -> q22 [label = "b"];
	q53 -> q52 [label = "b"];
	q9 -> q130 [label = "b"];
	q11 -> q41 [label = "a"];
	q47 -> q41 [label = "a"];
	q12 -> q84 [label = "a"];
	q5 -> q22 [label = "b"];
	q96 -> q125 [label = "a"];
	q8 -> q133 [label = "b"];
	q49 -> q42 [label = "b"];
	q10 -> q78 [label = "b"];
	q102 -> q133 [label = "b"];
	q2 -> q87 [label = "b"];
	q107 -> q10 [label = "b"];
	q0 -> q133 [label = "b"];
	q0 -> q76 [label = "c"];
	q7 -> q71 [label = "c"];
	q5 -> q121 [label = "a"];
}
DFA size: 138 states

NL* output after 20 EQ and 16642 MQ:
digraph finite_state_machine {
	rankdir=LR;
	node [shape = circle];
	s0 [shape = point, style = invis, start="true" ];
	s1 [shape = point, style = invis, start="true" ];
	s2 [shape = point, style = invis, start="true" ];
	q0 [label = "q0"];
	q1 [label = "q1", shape = doublecircle, final="true" ];
	q2 [label = "q2", shape = doublecircle, final="true" ];
	q3 [label = "q3", shape = doublecircle, final="true" ];
	q4 [label = "q4"];
	q5 [label = "q5", shape = doublecircle, final="true" ];
	q6 [label = "q6"];
	q7 [label = "q7"];
	q8 [label = "q8"];
	q9 [label = "q9"];
	q10 [label = "q10", shape = doublecircle, final="true" ];
	q11 [label = "q11"];
	q12 [label = "q12", shape = doublecircle, final="true" ];
	q13 [label = "q13"];
	q14 [label = "q14"];
	q15 [label = "q15"];
	q16 [label = "q16"];
	q17 [label = "q17", shape = doublecircle, final="true" ];
	q18 [label = "q18", shape = doublecircle, final="true" ];
	q19 [label = "q19"];
	q20 [label = "q20"];
	q21 [label = "q21"];
	q22 [label = "q22"];
	q23 [label = "q23"];
	q24 [label = "q24", shape = doublecircle, final="true" ];
	q25 [label = "q25"];
	q26 [label = "q26"];
	q27 [label = "q27"];
	q28 [label = "q28"];
	q29 [label = "q29"];
	q30 [label = "q30"];
	q31 [label = "q31"];
	q32 [label = "q32", shape = doublecircle, final="true" ];
	q33 [label = "q33", shape = doublecircle, final="true" ];
	q34 [label = "q34", shape = doublecircle, final="true" ];
	q35 [label = "q35", shape = doublecircle, final="true" ];
	q36 [label = "q36", shape = doublecircle, final="true" ];
	q37 [label = "q37"];
	q38 [label = "q38", shape = doublecircle, final="true" ];
	q39 [label = "q39"];
	q40 [label = "q40", shape = doublecircle, final="true" ];
	q41 [label = "q41", shape = doublecircle, final="true" ];
	q42 [label = "q42", shape = doublecircle, final="true" ];
	q43 [label = "q43"];
	q44 [label = "q44"];
	q45 [label = "q45"];
	q46 [label = "q46"];
	q47 [label = "q47", shape = doublecircle, final="true" ];
	q48 [label = "q48"];
	s0 -> q14
	s1 -> q17
	s2 -> q31
	q41 -> q36 [label = "c"];
	q41 -> q3 [label = "c"];
	q45 -> q7 [label = "a"];
	q45 -> q2 [label = "a"];
	q47 -> q13 [label = "b"];
	q41 -> q23 [label = "b"];
	q41 -> q21 [label = "b"];
	q43 -> q43 [label = "a"];
	q43 -> q29 [label = "a"];
	q45 -> q39 [label = "a"];
	q43 -> q23 [label = "a"];
	q43 -> q7 [label = "a"];
	q41 -> q7 [label = "a"];
	q43 -> q14 [label = "b"];
	q43 -> q8 [label = "b"];
	q45 -> q45 [label = "c"];
	q45 -> q36 [label = "a, c"];
	q45 -> q27 [label = "c"];
	q45 -> q24 [label = "a, c"];
	q45 -> q20 [label = "c"];
	q40 -> q16 [label = "c"];
	q44 -> q44 [label = "a"];
	q44 -> q30 [label = "a"];
	q44 -> q23 [label = "a"];
	q46 -> q14 [label = "b"];
	q42 -> q44 [label = "a"];
	q42 -> q30 [label = "a"];
	q42 -> q13 [label = "a"];
	q43 -> q21 [label = "a"];
	q40 -> q47 [label = "b"];
	q40 -> q36 [label = "b, c"];
	q40 -> q24 [label = "b, c"];
	q40 -> q13 [label = "b"];
	q40 -> q10 [label = "b"];
	q40 -> q6 [label = "b"];
	q40 -> q2 [label = "b"];
	q40 -> q0 [label = "b"];
	q45 -> q3 [label = "c"];
	q46 -> q47 [label = "c"];
	q46 -> q45 [label = "c"];
	q46 -> q41 [label = "c"];
	q46 -> q36 [label = "c"];
	q46 -> q32 [label = "c"];
	q46 -> q27 [label = "c"];
	q46 -> q25 [label = "c"];
	q46 -> q0 [label = "b"];
	q46 -> q20 [label = "c"];
	q46 -> q18 [label = "c"];
	q46 -> q39 [label = "c"];
	q46 -> q15 [label = "c"];
	q46 -> q8 [label = "b, c"];
	q40 -> q43 [label = "a"];
	q40 -> q39 [label = "a"];
	q40 -> q37 [label = "a"];
	q40 -> q28 [label = "a"];
	q40 -> q25 [label = "a"];
	q40 -> q20 [label = "a"];
	q40 -> q7 [label = "a"];
	q42 -> q14 [label = "b"];
	q44 -> q36 [label = "c"];
	q44 -> q24 [label = "c"];
	q39 -> q47 [label = "a"];
	q39 -> q40 [label = "a"];
	q39 -> q24 [label = "a"];
	q39 -> q23 [label = "a"];
	q39 -> q15 [label = "a"];
	q37 -> q23 [label = "b"];
	q46 -> q33 [label = "c"];
	q37 -> q14 [label = "b"];
	q35 -> q45 [label = "c"];
	q35 -> q41 [label = "c"];
	q35 -> q27 [label = "c"];
	q35 -> q20 [label = "c"];
	q35 -> q9 [label = "c"];
	q38 -> q39 [label = "a"];
	q38 -> q35 [label = "a"];
	q38 -> q29 [label = "a"];
	q38 -> q28 [label = "a"];
	q38 -> q26 [label = "a"];
	q38 -> q25 [label = "a"];
	q38 -> q21 [label = "a"];
	q38 -> q15 [label = "a"];
	q46 -> q5 [label = "c"];
	q38 -> q4 [label = "a"];
	q38 -> q3 [label = "a"];
	q38 -> q1 [label = "a"];
	q36 -> q13 [label = "b"];
	q34 -> q33 [label = "c"];
	q34 -> q26 [label = "c"];
	q42 -> q23 [label = "a, b"];
	q34 -> q3 [label = "c"];
	q39 -> q14 [label = "b"];
	q39 -> q13 [label = "b"];
	q39 -> q10 [label = "b"];
	q45 -> q15 [label = "a"];
	q46 -> q16 [label = "c"];
	q39 -> q0 [label = "b"];
	q37 -> q43 [label = "a"];
	q33 -> q37 [label = "c"];
	q33 -> q26 [label = "c"];
	q33 -> q20 [label = "c"];
	q33 -> q19 [label = "c"];
	q33 -> q9 [label = "c"];
	q39 -> q36 [label = "a, c"];
	q39 -> q33 [label = "c"];
	q35 -> q22 [label = "a"];
	q35 -> q13 [label = "a"];
	q40 -> q8 [label = "a, b"];
	q35 -> q7 [label = "a"];
	q33 -> q13 [label = "b"];
	q37 -> q3 [label = "c"];
	q42 -> q8 [label = "b"];
	q35 -> q14 [label = "b"];
	q45 -> q38 [label = "a"];
	q35 -> q0 [label = "b"];
	q33 -> q15 [label = "a"];
	q38 -> q10 [label = "b"];
	q38 -> q2 [label = "a, b"];
	q38 -> q0 [label = "a, b"];
	q36 -> q39 [label = "a"];
	q38 -> q5 [label = "a"];
	q33 -> q39 [label = "a"];
	q32 -> q45 [label = "c"];
	q32 -> q37 [label = "c"];
	q32 -> q29 [label = "c"];
	q32 -> q27 [label = "c"];
	q40 -> q23 [label = "a"];
	q32 -> q26 [label = "c"];
	q38 -> q45 [label = "c"];
	q38 -> q41 [label = "c"];
	q38 -> q34 [label = "c"];
	q38 -> q27 [label = "c"];
	q38 -> q16 [label = "c"];
	q34 -> q47 [label = "a"];
	q34 -> q38 [label = "a"];
	q34 -> q36 [label = "a, c"];
	q38 -> q23 [label = "a"];
	q34 -> q24 [label = "a, c"];
	q34 -> q15 [label = "a"];
	q34 -> q12 [label = "a"];
	q34 -> q7 [label = "a"];
	q34 -> q2 [label = "a"];
	q32 -> q23 [label = "b, c"];
	q36 -> q16 [label = "c"];
	q41 -> q5 [label = "c"];
	q34 -> q37 [label = "b"];
	q34 -> q30 [label = "b"];
	q45 -> q34 [label = "c"];
	q46 -> q26 [label = "c"];
	q40 -> q11 [label = "a"];
	q34 -> q23 [label = "b"];
	q34 -> q11 [label = "b"];
	q32 -> q20 [label = "a, c"];
	q31 -> q41 [label = "a"];
	q31 -> q9 [label = "a"];
	q27 -> q29 [label = "c"];
	q46 -> q6 [label = "c"];
	q27 -> q16 [label = "c"];
	q27 -> q9 [label = "c"];
	q46 -> q4 [label = "c"];
	q35 -> q32 [label = "c"];
	q30 -> q44 [label = "a"];
	q30 -> q23 [label = "a"];
	q28 -> q14 [label = "b"];
	q26 -> q27 [label = "c"];
	q31 -> q8 [label = "b"];
	q46 -> q34 [label = "c"];
	q29 -> q43 [label = "a"];
	q37 -> q21 [label = "b"];
	q29 -> q11 [label = "a"];
	q25 -> q27 [label = "c"];
	q39 -> q6 [label = "b"];
	q0 -> q31 [label = "b"];
	q5 -> q22 [label = "b"];
	q12 -> q29 [label = "a"];
	q5 -> q21 [label = "b"];
	q5 -> q18 [label = "b"];
	q5 -> q43 [label = "a, b"];
	q7 -> q16 [label = "c"];
	q25 -> q43 [label = "a"];
	q28 -> q13 [label = "b"];
	q1 -> q33 [label = "b, c"];
	q33 -> q16 [label = "c"];
	q5 -> q6 [label = "b"];
	q5 -> q0 [label = "b"];
	q4 -> q10 [label = "b"];
	q16 -> q27 [label = "c"];
	q3 -> q45 [label = "c"];
	q15 -> q10 [label = "b"];
	q3 -> q20 [label = "c"];
	q3 -> q16 [label = "c"];
	q1 -> q47 [label = "a, b"];
	q9 -> q5 [label = "c"];
	q13 -> q29 [label = "a"];
	q15 -> q13 [label = "b"];
	q15 -> q0 [label = "b"];
	q10 -> q32 [label = "c"];
	q35 -> q24 [label = "c"];
	q25 -> q14 [label = "b"];
	q10 -> q26 [label = "c"];
	q10 -> q24 [label = "c"];
	q19 -> q32 [label = "b"];
	q41 -> q1 [label = "c"];
	q29 -> q0 [label = "b"];
	q20 -> q24 [label = "c"];
	q35 -> q18 [label = "c"];
	q7 -> q41 [label = "c"];
	q28 -> q27 [label = "c"];
	q12 -> q8 [label = "b"];
	q11 -> q36 [label = "c"];
	q45 -> q26 [label = "c"];
	q17 -> q32 [label = "c"];
	q30 -> q30 [label = "a"];
	q3 -> q9 [label = "c"];
	q15 -> q39 [label = "a"];
	q15 -> q28 [label = "a"];
	q37 -> q8 [label = "b"];
	q35 -> q29 [label = "a"];
	q11 -> q30 [label = "a"];
	q30 -> q36 [label = "c"];
	q5 -> q14 [label = "b"];
	q48 -> q24 [label = "a, c"];
	q4 -> q29 [label = "a, b"];
	q20 -> q33 [label = "c"];
	q48 -> q27 [label = "c"];
	q20 -> q9 [label = "c"];
	q16 -> q15 [label = "a"];
	q22 -> q26 [label = "c"];
	q22 -> q3 [label = "c"];
	q15 -> q8 [label = "a, b"];
	q35 -> q23 [label = "a"];
	q22 -> q24 [label = "c"];
	q31 -> q14 [label = "b"];
	q4 -> q2 [label = "a"];
	q16 -> q23 [label = "b"];
	q38 -> q14 [label = "a, b"];
	q20 -> q27 [label = "c"];
	q28 -> q7 [label = "a"];
	q10 -> q3 [label = "c"];
	q9 -> q26 [label = "c"];
	q48 -> q18 [label = "b"];
	q16 -> q13 [label = "b"];
	q28 -> q1 [label = "a"];
	q21 -> q13 [label = "a"];
	q35 -> q43 [label = "a"];
	q5 -> q41 [label = "b, c"];
	q27 -> q37 [label = "c"];
	q21 -> q36 [label = "c"];
	q15 -> q14 [label = "b"];
	q19 -> q44 [label = "b"];
	q41 -> q24 [label = "c"];
	q47 -> q37 [label = "a"];
	q13 -> q8 [label = "b"];
	q17 -> q37 [label = "a"];
	q7 -> q8 [label = "b"];
	q5 -> q13 [label = "b"];
	q42 -> q36 [label = "c"];
	q27 -> q27 [label = "c"];
	q23 -> q11 [label = "a"];
	q19 -> q3 [label = "a, b, c"];
	q12 -> q20 [label = "c"];
	q17 -> q35 [label = "a"];
	q5 -> q3 [label = "a"];
	q4 -> q44 [label = "b"];
	q17 -> q20 [label = "a"];
	q47 -> q16 [label = "c"];
	q17 -> q9 [label = "a"];
	q11 -> q23 [label = "a"];
	q10 -> q47 [label = "c"];
	q43 -> q11 [label = "a"];
	q0 -> q8 [label = "b"];
	q48 -> q21 [label = "b"];
	q42 -> q24 [label = "c"];
	q29 -> q8 [label = "b"];
	q19 -> q41 [label = "b, c"];
	q1 -> q37 [label = "b"];
	q46 -> q31 [label = "b"];
	q22 -> q14 [label = "b"];
	q10 -> q20 [label = "a"];
	q5 -> q11 [label = "a, b"];
	q19 -> q27 [label = "b, c"];
	q45 -> q23 [label = "b, c"];
	q19 -> q12 [label = "a"];
	q0 -> q13 [label = "a"];
	q10 -> q2 [label = "c"];
	q5 -> q44 [label = "b"];
	q19 -> q14 [label = "b"];
	q45 -> q12 [label = "a"];
	q19 -> q9 [label = "b, c"];
	q44 -> q2 [label = "c"];
	q20 -> q36 [label = "c"];
	q38 -> q33 [label = "c"];
	q19 -> q0 [label = "b"];
	q18 -> q16 [label = "c"];
	q1 -> q39 [label = "a"];
	q34 -> q21 [label = "b"];
	q19 -> q8 [label = "b"];
	q30 -> q2 [label = "c"];
	q48 -> q47 [label = "a"];
	q17 -> q6 [label = "b"];
	q42 -> q29 [label = "a"];
	q38 -> q48 [label = "a"];
	q12 -> q45 [label = "c"];
	q2 -> q29 [label = "a"];
	q3 -> q39 [label = "a"];
	q46 -> q29 [label = "a, c"];
	q42 -> q15 [label = "c"];
	q19 -> q18 [label = "b"];
	q48 -> q13 [label = "b"];
	q16 -> q16 [label = "c"];
	q46 -> q37 [label = "c"];
	q45 -> q9 [label = "b, c"];
	q48 -> q14 [label = "b"];
	q15 -> q15 [label = "a"];
	q19 -> q7 [label = "a"];
	q17 -> q48 [label = "a"];
	q26 -> q4 [label = "a"];
	q42 -> q21 [label = "a, b"];
	q9 -> q36 [label = "c"];
	q19 -> q47 [label = "a, b"];
	q5 -> q8 [label = "b"];
	q48 -> q16 [label = "c"];
	q19 -> q21 [label = "b"];
	q46 -> q13 [label = "a, c"];
	q17 -> q41 [label = "a"];
	q42 -> q12 [label = "c"];
	q38 -> q36 [label = "a, b, c"];
	q1 -> q21 [label = "b"];
	q5 -> q5 [label = "a"];
	q10 -> q27 [label = "c"];
	q4 -> q22 [label = "b"];
	q45 -> q29 [label = "b, c"];
	q0 -> q16 [label = "c"];
	q17 -> q23 [label = "a"];
	q6 -> q16 [label = "c"];
	q20 -> q12 [label = "a"];
	q42 -> q47 [label = "c"];
	q25 -> q24 [label = "a"];
	q16 -> q26 [label = "c"];
	q22 -> q43 [label = "a"];
	q46 -> q11 [label = "a, c"];
	q1 -> q16 [label = "b, c"];
	q10 -> q36 [label = "c"];
	q48 -> q32 [label = "b"];
	q10 -> q8 [label = "b"];
	q12 -> q0 [label = "b"];
	q45 -> q47 [label = "a"];
	q45 -> q13 [label = "b"];
	q9 -> q3 [label = "c"];
	q19 -> q2 [label = "a, b"];
	q21 -> q29 [label = "a"];
	q5 -> q38 [label = "a"];
	q28 -> q20 [label = "a, c"];
	q28 -> q4 [label = "a"];
	q45 -> q41 [label = "b, c"];
	q34 -> q16 [label = "c"];
	q15 -> q34 [label = "c"];
	q46 -> q7 [label = "a, c"];
	q30 -> q11 [label = "a"];
	q19 -> q33 [label = "b, c"];
	q3 -> q23 [label = "b"];
	q45 -> q21 [label = "b"];
	q14 -> q32 [label = "c"];
	q46 -> q30 [label = "a"];
	q28 -> q40 [label = "a"];
	q27 -> q26 [label = "c"];
	q45 -> q42 [label = "b"];
	q38 -> q6 [label = "b"];
	q45 -> q11 [label = "b"];
	q44 -> q47 [label = "c"];
	q48 -> q6 [label = "b"];
	q20 -> q16 [label = "c"];
	q0 -> q29 [label = "a"];
	q48 -> q0 [label = "b"];
	q28 -> q0 [label = "b"];
	q48 -> q44 [label = "b"];
	q4 -> q43 [label = "a, b"];
	q17 -> q13 [label = "a, b"];
	q25 -> q47 [label = "a"];
	q19 -> q30 [label = "b"];
	q46 -> q35 [label = "a"];
	q47 -> q23 [label = "a"];
	q42 -> q39 [label = "c"];
	q1 -> q27 [label = "b, c"];
	q47 -> q39 [label = "a"];
	q21 -> q3 [label = "c"];
	q17 -> q25 [label = "a"];
	q42 -> q25 [label = "c"];
	q19 -> q37 [label = "b, c"];
	q4 -> q27 [label = "c"];
	q7 -> q34 [label = "c"];
	q42 -> q0 [label = "b"];
	q24 -> q13 [label = "b"];
	q17 -> q34 [label = "a"];
	q4 -> q13 [label = "b"];
	q17 -> q14 [label = "b"];
	q17 -> q45 [label = "a"];
	q33 -> q29 [label = "c"];
	q45 -> q30 [label = "b"];
	q21 -> q23 [label = "a"];
	q35 -> q34 [label = "c"];
	q34 -> q27 [label = "c"];
	q37 -> q24 [label = "c"];
	q7 -> q27 [label = "c"];
	q18 -> q19 [label = "c"];
	q32 -> q9 [label = "c"];
	q20 -> q45 [label = "c"];
	q3 -> q27 [label = "c"];
	q35 -> q11 [label = "a"];
	q46 -> q46 [label = "a"];
	q31 -> q31 [label = "b"];
	q12 -> q14 [label = "b"];
	q9 -> q24 [label = "c"];
	q33 -> q23 [label = "b, c"];
	q48 -> q22 [label = "b"];
	q19 -> q16 [label = "b, c"];
	q12 -> q34 [label = "c"];
	q28 -> q9 [label = "c"];
	q30 -> q31 [label = "b"];
	q1 -> q10 [label = "b"];
	q17 -> q18 [label = "c"];
	q29 -> q14 [label = "b"];
	q17 -> q33 [label = "a"];
	q18 -> q37 [label = "c"];
	q48 -> q37 [label = "b"];
	q48 -> q23 [label = "a, b"];
	q47 -> q48 [label = "a"];
	q46 -> q48 [label = "c"];
	q34 -> q29 [label = "b"];
	q28 -> q37 [label = "a"];
	q48 -> q40 [label = "a"];
	q42 -> q43 [label = "a, c"];
	q19 -> q1 [label = "a"];
	q4 -> q7 [label = "a"];
	q0 -> q27 [label = "c"];
	q48 -> q42 [label = "b"];
	q10 -> q13 [label = "a, c"];
	q2 -> q13 [label = "b"];
	q46 -> q24 [label = "c"];
	q19 -> q20 [label = "c"];
	q19 -> q22 [label = "b"];
	q4 -> q23 [label = "a, b"];
	q1 -> q8 [label = "b"];
	q48 -> q43 [label = "a, b"];
	q35 -> q16 [label = "c"];
	q2 -> q25 [label = "a"];
	q37 -> q11 [label = "a"];
	q34 -> q42 [label = "b"];
	q12 -> q9 [label = "c"];
	q48 -> q36 [label = "a, c"];
	q1 -> q12 [label = "a"];
	q46 -> q43 [label = "a, c"];
	q19 -> q39 [label = "a"];
	q22 -> q8 [label = "b"];
	q5 -> q1 [label = "a"];
	q34 -> q13 [label = "b"];
	q19 -> q11 [label = "a, b"];
	q10 -> q16 [label = "c"];
	q41 -> q26 [label = "c"];
	q0 -> q2 [label = "c"];
	q17 -> q29 [label = "a"];
	q19 -> q13 [label = "b"];
	q23 -> q14 [label = "b"];
	q25 -> q33 [label = "c"];
	q25 -> q36 [label = "a, c"];
	q46 -> q44 [label = "a"];
	q17 -> q8 [label = "b"];
	q35 -> q31 [label = "b"];
	q21 -> q2 [label = "c"];
	q18 -> q29 [label = "c"];
	q7 -> q20 [label = "c"];
	q40 -> q48 [label = "a"];
	q18 -> q26 [label = "c"];
	q45 -> q44 [label = "b"];
	q7 -> q9 [label = "c"];
	q44 -> q31 [label = "b"];
	q42 -> q1 [label = "c"];
	q39 -> q8 [label = "a, b"];
	q20 -> q7 [label = "a"];
	q40 -> q4 [label = "a"];
	q38 -> q9 [label = "c"];
	q1 -> q25 [label = "a"];
	q42 -> q4 [label = "c"];
	q20 -> q41 [label = "c"];
	q42 -> q2 [label = "c"];
	q38 -> q8 [label = "a, b"];
	q25 -> q44 [label = "b"];
	q42 -> q5 [label = "c"];
	q27 -> q45 [label = "c"];
	q18 -> q27 [label = "c"];
	q43 -> q16 [label = "c"];
	q42 -> q11 [label = "a, c"];
	q27 -> q20 [label = "c"];
	q30 -> q14 [label = "b"];
	q21 -> q11 [label = "a"];
	q42 -> q26 [label = "c"];
	q35 -> q36 [label = "c"];
	q26 -> q13 [label = "b"];
	q2 -> q23 [label = "a"];
	q20 -> q20 [label = "c"];
	q48 -> q15 [label = "a"];
	q4 -> q11 [label = "a, b"];
	q42 -> q38 [label = "c"];
	q40 -> q14 [label = "b"];
	q23 -> q24 [label = "c"];
	q7 -> q35 [label = "a"];
	q10 -> q6 [label = "c"];
	q20 -> q21 [label = "b"];
	q5 -> q45 [label = "c"];
	q20 -> q23 [label = "b"];
	q22 -> q7 [label = "a"];
	q22 -> q0 [label = "b"];
	q22 -> q23 [label = "a"];
	q28 -> q2 [label = "a, b"];
	q1 -> q13 [label = "b"];
	q22 -> q30 [label = "a"];
	q48 -> q10 [label = "b"];
	q22 -> q5 [label = "c"];
	q46 -> q23 [label = "a, c"];
	q39 -> q2 [label = "a"];
	q1 -> q3 [label = "a, b"];
	q38 -> q47 [label = "a, b"];
	q19 -> q29 [label = "b, c"];
	q19 -> q6 [label = "b"];
	q25 -> q2 [label = "a"];
	q42 -> q3 [label = "c"];
	q45 -> q37 [label = "b, c"];
	q48 -> q3 [label = "c"];
	q4 -> q37 [label = "b"];
	q4 -> q34 [label = "c"];
	q19 -> q4 [label = "a"];
	q17 -> q39 [label = "a"];
	q19 -> q5 [label = "a, c"];
	q21 -> q24 [label = "c"];
	q42 -> q31 [label = "b"];
	q20 -> q3 [label = "c"];
	q19 -> q15 [label = "a"];
	q28 -> q33 [label = "c"];
	q45 -> q16 [label = "c"];
	q28 -> q8 [label = "a, b"];
	q15 -> q29 [label = "a"];
	q19 -> q38 [label = "a"];
	q14 -> q14 [label = "b"];
	q24 -> q16 [label = "c"];
	q46 -> q21 [label = "a"];
	q42 -> q22 [label = "a"];
	q10 -> q29 [label = "a"];
	q7 -> q21 [label = "a"];
	q40 -> q15 [label = "a"];
	q48 -> q2 [label = "a"];
	q1 -> q43 [label = "a, b"];
	q4 -> q12 [label = "a"];
	q19 -> q43 [label = "a, b"];
	q17 -> q4 [label = "a"];
	q5 -> q29 [label = "b"];
	q3 -> q13 [label = "b"];
	q5 -> q32 [label = "b"];
	q48 -> q11 [label = "a, b"];
	q12 -> q41 [label = "c"];
	q22 -> q11 [label = "a"];
	q5 -> q37 [label = "b"];
	q35 -> q33 [label = "c"];
	q19 -> q23 [label = "b, c"];
	q5 -> q42 [label = "b"];
	q12 -> q33 [label = "c"];
	q7 -> q23 [label = "a"];
	q9 -> q23 [label = "b"];
	q2 -> q16 [label = "c"];
	q35 -> q12 [label = "a"];
	q48 -> q29 [label = "b"];
	q11 -> q14 [label = "b"];
	q19 -> q26 [label = "a, b, c"];
	q4 -> q0 [label = "b"];
	q19 -> q24 [label = "a, b, c"];
	q4 -> q6 [label = "b"];
	q4 -> q8 [label = "a, b"];
	q25 -> q16 [label = "c"];
	q4 -> q14 [label = "b"];
	q32 -> q16 [label = "c"];
	q4 -> q21 [label = "b"];
	q35 -> q2 [label = "c"];
	q28 -> q48 [label = "a"];
	q4 -> q30 [label = "b"];
	q45 -> q5 [label = "c"];
	q37 -> q36 [label = "c"];
	q38 -> q24 [label = "a, b"];
	q10 -> q23 [label = "a"];
	q35 -> q3 [label = "c"];
	q43 -> q36 [label = "c"];
	q4 -> q32 [label = "b"];
	q47 -> q6 [label = "b"];
	q0 -> q36 [label = "c"];
	q4 -> q41 [label = "b, c"];
	q42 -> q46 [label = "a"];
	q4 -> q42 [label = "b"];
	q12 -> q21 [label = "a"];
	q34 -> q9 [label = "b"];
	q6 -> q23 [label = "a"];
	q1 -> q20 [label = "c"];
	q48 -> q30 [label = "b"];
	q6 -> q29 [label = "a"];
	q6 -> q37 [label = "a"];
	q1 -> q9 [label = "b, c"];
	q48 -> q9 [label = "b"];
	q1 -> q36 [label = "a, b, c"];
	q0 -> q24 [label = "c"];
	q26 -> q16 [label = "c"];
	q28 -> q15 [label = "a"];
	q1 -> q41 [label = "b, c"];
	q31 -> q32 [label = "c"];
	q1 -> q45 [label = "c"];
	q5 -> q2 [label = "a"];
	q5 -> q4 [label = "a"];
	q7 -> q36 [label = "c"];
	q28 -> q29 [label = "a"];
	q5 -> q7 [label = "a"];
	q46 -> q3 [label = "c"];
	q22 -> q29 [label = "a"];
	q5 -> q12 [label = "a"];
	q5 -> q15 [label = "a"];
	q5 -> q25 [label = "a"];
	q25 -> q10 [label = "b"];
	q33 -> q45 [label = "c"];
	q5 -> q26 [label = "a"];
	q5 -> q10 [label = "b"];
	q5 -> q36 [label = "a, c"];
	q5 -> q39 [label = "a"];
	q5 -> q47 [label = "a"];
	q7 -> q0 [label = "b"];
	q29 -> q24 [label = "c"];
	q45 -> q33 [label = "c"];
	q7 -> q14 [label = "b"];
	q43 -> q30 [label = "a"];
	q43 -> q34 [label = "c"];
	q4 -> q18 [label = "b"];
	q3 -> q15 [label = "a"];
	q18 -> q45 [label = "c"];
	q3 -> q25 [label = "a"];
	q25 -> q40 [label = "a"];
	q22 -> q36 [label = "c"];
	q1 -> q6 [label = "b"];
	q39 -> q27 [label = "c"];
	q17 -> q21 [label = "a"];
	q1 -> q34 [label = "c"];
	q26 -> q6 [label = "b"];
	q1 -> q14 [label = "b"];
	q1 -> q42 [label = "b"];
	q8 -> q8 [label = "b"];
	q1 -> q22 [label = "b"];
	q1 -> q23 [label = "b"];
	q1 -> q24 [label = "a, b"];
	q39 -> q16 [label = "c"];
	q1 -> q26 [label = "a, b"];
	q28 -> q41 [label = "c"];
	q1 -> q29 [label = "b"];
	q1 -> q30 [label = "b"];
	q1 -> q32 [label = "b"];
	q1 -> q44 [label = "b"];
	q7 -> q33 [label = "c"];
	q18 -> q23 [label = "b, c"];
	q7 -> q45 [label = "c"];
	q1 -> q1 [label = "a"];
	q38 -> q20 [label = "a, c"];
	q46 -> q12 [label = "a, c"];
	q1 -> q4 [label = "a"];
	q27 -> q15 [label = "a"];
	q1 -> q5 [label = "a"];
	q1 -> q7 [label = "a"];
	q38 -> q37 [label = "a"];
	q1 -> q15 [label = "a"];
	q1 -> q38 [label = "a"];
	q22 -> q21 [label = "a"];
	q5 -> q16 [label = "c"];
	q4 -> q16 [label = "c"];
	q5 -> q20 [label = "c"];
	q44 -> q11 [label = "a"];
	q5 -> q27 [label = "c"];
	q5 -> q34 [label = "c"];
	q4 -> q15 [label = "a"];
	q4 -> q24 [label = "a"];
	q4 -> q28 [label = "a"];
	q1 -> q0 [label = "b"];
	q4 -> q36 [label = "a, c"];
	q10 -> q21 [label = "a"];
	q1 -> q11 [label = "a, b"];
	q17 -> q15 [label = "a"];
	q5 -> q24 [label = "a"];
	q12 -> q23 [label = "a"];
	q4 -> q39 [label = "a"];
	q17 -> q27 [label = "a"];
	q4 -> q40 [label = "a"];
	q42 -> q7 [label = "a, c"];
	q21 -> q22 [label = "a"];
	q4 -> q47 [label = "a"];
	q28 -> q25 [label = "a"];
	q0 -> q3 [label = "c"];
	q38 -> q13 [label = "b"];
	q0 -> q32 [label = "c"];
	q20 -> q34 [label = "c"];
	q6 -> q8 [label = "b"];
	q2 -> q37 [label = "a"];
	q46 -> q2 [label = "c"];
	q0 -> q23 [label = "a"];
	q40 -> q26 [label = "a"];
	q2 -> q39 [label = "a"];
	q0 -> q14 [label = "b"];
	q6 -> q26 [label = "c"];
	q34 -> q39 [label = "a"];
	q5 -> q23 [label = "b"];
	q0 -> q9 [label = "a"];
	q45 -> q22 [label = "b"];
	q12 -> q16 [label = "c"];
	q34 -> q44 [label = "b"];
	q28 -> q6 [label = "b"];
	q7 -> q29 [label = "a"];
	q0 -> q37 [label = "a"];
	q15 -> q16 [label = "c"];
	q4 -> q20 [label = "c"];
	q4 -> q45 [label = "c"];
	q17 -> q16 [label = "a"];
	q12 -> q27 [label = "c"];
	q10 -> q14 [label = "b"];
	q47 -> q25 [label = "a"];
	q10 -> q31 [label = "b"];
	q8 -> q23 [label = "a"];
	q5 -> q9 [label = "b, c"];
	q25 -> q21 [label = "b"];
	q8 -> q29 [label = "a"];
	q46 -> q9 [label = "c"];
	q8 -> q37 [label = "a"];
	q10 -> q9 [label = "a"];
	q34 -> q41 [label = "b"];
	q10 -> q37 [label = "a"];
	q38 -> q40 [label = "a"];
	q48 -> q8 [label = "a, b"];
	q8 -> q14 [label = "b"];
	q4 -> q9 [label = "b, c"];
	q4 -> q38 [label = "a"];
	q14 -> q8 [label = "b"];
	q14 -> q31 [label = "b"];
	q1 -> q18 [label = "b"];
	q12 -> q35 [label = "a"];
	q17 -> q31 [label = "b"];
	q8 -> q16 [label = "c"];
	q1 -> q2 [label = "a, b"];
	q8 -> q24 [label = "c"];
	q40 -> q34 [label = "c"];
	q8 -> q36 [label = "c"];
	q28 -> q12 [label = "a"];
	q19 -> q36 [label = "a, b, c"];
	q9 -> q7 [label = "a"];
	q15 -> q36 [label = "c"];
	q28 -> q10 [label = "b"];
	q11 -> q11 [label = "a"];
	q37 -> q0 [label = "b"];
	q35 -> q8 [label = "b"];
	q9 -> q21 [label = "b"];
	q21 -> q8 [label = "b"];
	q19 -> q34 [label = "c"];
	q4 -> q33 [label = "c"];
	q28 -> q39 [label = "a"];
	q19 -> q45 [label = "c"];
	q48 -> q41 [label = "b"];
	q21 -> q14 [label = "b"];
	q5 -> q33 [label = "c"];
	q26 -> q23 [label = "b"];
	q15 -> q6 [label = "b"];
	q24 -> q25 [label = "a"];
	q40 -> q29 [label = "a"];
	q24 -> q39 [label = "a"];
	q23 -> q36 [label = "c"];
	q28 -> q47 [label = "a, b"];
	q26 -> q8 [label = "b"];
	q33 -> q27 [label = "c"];
	q28 -> q3 [label = "a, c"];
	q47 -> q29 [label = "a"];
	q27 -> q39 [label = "a"];
	q28 -> q16 [label = "c"];
	q18 -> q20 [label = "a, c"];
	q28 -> q24 [label = "a, b, c"];
	q28 -> q34 [label = "c"];
	q28 -> q36 [label = "a, b, c"];
	q28 -> q45 [label = "c"];
	q34 -> q22 [label = "b"];
	q26 -> q15 [label = "a"];
	q21 -> q31 [label = "b"];
	q26 -> q25 [label = "a"];
	q12 -> q36 [label = "c"];
	q48 -> q33 [label = "c"];
	q26 -> q39 [label = "a"];
	q30 -> q24 [label = "c"];
	q28 -> q5 [label = "a"];
	q19 -> q25 [label = "a"];
	q44 -> q14 [label = "b"];
	q28 -> q11 [label = "a"];
	q28 -> q23 [label = "a"];
	q18 -> q9 [label = "c"];
	q28 -> q26 [label = "a"];
	q14 -> q9 [label = "a"];
	q28 -> q28 [label = "a"];
	q28 -> q38 [label = "a"];
	q13 -> q26 [label = "c"];
	q28 -> q43 [label = "a"];
	q25 -> q8 [label = "a, b"];
	q25 -> q11 [label = "a, b"];
	q25 -> q15 [label = "a"];
	q25 -> q23 [label = "a, b"];
	q27 -> q13 [label = "b"];
	q27 -> q23 [label = "b, c"];
	q13 -> q23 [label = "a"];
	q19 -> q42 [label = "b"];
	q29 -> q3 [label = "c"];
	q29 -> q36 [label = "c"];
	q25 -> q0 [label = "b"];
	q17 -> q36 [label = "a"];
	q19 -> q10 [label = "b"];
	q5 -> q30 [label = "b"];
	q25 -> q6 [label = "b"];
	q15 -> q23 [label = "a"];
	q25 -> q13 [label = "b"];
	q25 -> q30 [label = "b"];
	q43 -> q0 [label = "b"];
	q46 -> q22 [label = "a, c"];
	q31 -> q18 [label = "c"];
}
NFA size: 49 states

