Random target AFA:
digraph finite_state_machine {
	rankdir=LR;
	node [shape = circle];
	s0 [shape = point, style = invis, start="true" ];
	s1 [shape = point, style = invis, start="true" ];
	q0 [label = "q0"];
	q1 [label = "q1", shape = doublecircle, final="true" ];
	q2 [label = "q2"];
	q3 [label = "q3"];
	q4 [label = "q4", shape = doublecircle, final="true" ];
	q5 [label = "q5"];
	m0 [label = "", shape = square, style = filled, color=grey, fixedsize=true, width=.2];
	m1 [label = "", shape = square, style = filled, color=grey, fixedsize=true, width=.2];
	m2 [label = "", shape = square, style = filled, color=grey, fixedsize=true, width=.2];
	m3 [label = "", shape = square, style = filled, color=grey, fixedsize=true, width=.2];
	m4 [label = "", shape = square, style = filled, color=grey, fixedsize=true, width=.2];
	m5 [label = "", shape = square, style = filled, color=grey, fixedsize=true, width=.2];
	s0 -> q2
	s1 -> q1
	q3 -> q1 [label = "c"];
	q2 -> q4 [label = "c"];
	q2 -> m3 [label = "c"];
	q5 -> q2 [label = "a"];
	q3 -> q5 [label = "a, c"];
	q3 -> m4 [label = "b"];
	q3 -> q3 [label = "b"];
	q1 -> q4 [label = "a, b, c"];
	q4 -> q0 [label = "b"];
	q5 -> q5 [label = "c"];
	q5 -> q4 [label = "c"];
	q4 -> q3 [label = "c"];
	q0 -> q2 [label = "b"];
	q0 -> m1 [label = "a"];
	q2 -> m1 [label = "b"];
	q4 -> m0 [label = "c"];
	q0 -> m2 [label = "b"];
	q4 -> q1 [label = "a"];
	q4 -> m5 [label = "b"];
	q0 -> q3 [label = "a, c"];
	q2 -> q3 [label = "b"];
	q5 -> q0 [label = "b"];
	q1 -> q2 [label = "a, b"];
	q2 -> q2 [label = "a"];
	q2 -> q0 [label = "a"];
	q0 -> m3 [label = "c"];
	q4 -> q5 [label = "a"];
	m0 -> q2;
	m0 -> q4;
	m1 -> q1;
	m1 -> q2;
	m2 -> q0;
	m2 -> q5;
	m3 -> q2;
	m3 -> q3;
	m4 -> q1;
	m4 -> q5;
	m5 -> q0;
	m5 -> q1;
}

L* output after 10 EQ and 10105 MQ:
digraph finite_state_machine {
	rankdir=LR;
	node [shape = circle];
	s0 [shape = point, style = invis, start="true" ];
	q0 [label = "q0"];
	q1 [label = "q1"];
	q2 [label = "q2", shape = doublecircle, final="true" ];
	q3 [label = "q3", shape = doublecircle, final="true" ];
	q4 [label = "q4", shape = doublecircle, final="true" ];
	q5 [label = "q5", shape = doublecircle, final="true" ];
	q6 [label = "q6", shape = doublecircle, final="true" ];
	q7 [label = "q7"];
	q8 [label = "q8"];
	q9 [label = "q9", shape = doublecircle, final="true" ];
	q10 [label = "q10", shape = doublecircle, final="true" ];
	q11 [label = "q11", shape = doublecircle, final="true" ];
	q12 [label = "q12", shape = doublecircle, final="true" ];
	q13 [label = "q13", shape = doublecircle, final="true" ];
	q14 [label = "q14", shape = doublecircle, final="true" ];
	q15 [label = "q15"];
	q16 [label = "q16", shape = doublecircle, final="true" ];
	q17 [label = "q17"];
	q18 [label = "q18", shape = doublecircle, final="true" ];
	q19 [label = "q19", shape = doublecircle, final="true" ];
	q20 [label = "q20", shape = doublecircle, final="true" ];
	q21 [label = "q21"];
	q22 [label = "q22", shape = doublecircle, final="true" ];
	q23 [label = "q23", shape = doublecircle, final="true" ];
	q24 [label = "q24", shape = doublecircle, final="true" ];
	q25 [label = "q25"];
	q26 [label = "q26", shape = doublecircle, final="true" ];
	q27 [label = "q27", shape = doublecircle, final="true" ];
	q28 [label = "q28", shape = doublecircle, final="true" ];
	q29 [label = "q29", shape = doublecircle, final="true" ];
	q30 [label = "q30", shape = doublecircle, final="true" ];
	q31 [label = "q31"];
	q32 [label = "q32", shape = doublecircle, final="true" ];
	q33 [label = "q33", shape = doublecircle, final="true" ];
	q34 [label = "q34"];
	q35 [label = "q35", shape = doublecircle, final="true" ];
	q36 [label = "q36", shape = doublecircle, final="true" ];
	q37 [label = "q37"];
	q38 [label = "q38", shape = doublecircle, final="true" ];
	q39 [label = "q39"];
	q40 [label = "q40"];
	q41 [label = "q41"];
	q42 [label = "q42"];
	q43 [label = "q43"];
	q44 [label = "q44"];
	q45 [label = "q45", shape = doublecircle, final="true" ];
	q46 [label = "q46", shape = doublecircle, final="true" ];
	q47 [label = "q47"];
	q48 [label = "q48", shape = doublecircle, final="true" ];
	q49 [label = "q49"];
	q50 [label = "q50"];
	q51 [label = "q51"];
	q52 [label = "q52"];
	q53 [label = "q53", shape = doublecircle, final="true" ];
	q54 [label = "q54"];
	q55 [label = "q55"];
	q56 [label = "q56"];
	q57 [label = "q57"];
	q58 [label = "q58"];
	q59 [label = "q59"];
	q60 [label = "q60"];
	q61 [label = "q61"];
	q62 [label = "q62"];
	q63 [label = "q63"];
	q64 [label = "q64", shape = doublecircle, final="true" ];
	q65 [label = "q65"];
	s0 -> q23
	q47 -> q62 [label = "b"];
	q41 -> q43 [label = "b"];
	q47 -> q14 [label = "c"];
	q45 -> q48 [label = "c"];
	q46 -> q24 [label = "b"];
	q40 -> q47 [label = "b"];
	q40 -> q1 [label = "a"];
	q37 -> q40 [label = "b"];
	q35 -> q45 [label = "c"];
	q36 -> q18 [label = "b"];
	q34 -> q26 [label = "c"];
	q39 -> q60 [label = "b"];
	q33 -> q12 [label = "c"];
	q39 -> q46 [label = "c"];
	q38 -> q57 [label = "b"];
	q36 -> q36 [label = "a"];
	q34 -> q50 [label = "a"];
	q38 -> q38 [label = "a"];
	q32 -> q18 [label = "b"];
	q34 -> q31 [label = "b"];
	q32 -> q13 [label = "a"];
	q31 -> q21 [label = "a"];
	q27 -> q26 [label = "c"];
	q30 -> q16 [label = "a"];
	q28 -> q34 [label = "b"];
	q25 -> q26 [label = "c"];
	q25 -> q31 [label = "b"];
	q36 -> q26 [label = "c"];
	q29 -> q26 [label = "c"];
	q27 -> q17 [label = "b"];
	q30 -> q55 [label = "b"];
	q26 -> q32 [label = "a"];
	q24 -> q25 [label = "b"];
	q28 -> q35 [label = "c"];
	q24 -> q30 [label = "c"];
	q26 -> q18 [label = "b"];
	q11 -> q33 [label = "a"];
	q26 -> q26 [label = "c"];
	q43 -> q46 [label = "c"];
	q38 -> q26 [label = "c"];
	q48 -> q53 [label = "a"];
	q44 -> q61 [label = "a"];
	q52 -> q58 [label = "a"];
	q46 -> q12 [label = "c"];
	q28 -> q16 [label = "a"];
	q59 -> q65 [label = "a"];
	q4 -> q55 [label = "b"];
	q49 -> q57 [label = "b"];
	q60 -> q59 [label = "a"];
	q49 -> q26 [label = "c"];
	q39 -> q59 [label = "a"];
	q30 -> q22 [label = "c"];
	q0 -> q39 [label = "b"];
	q37 -> q41 [label = "c"];
	q50 -> q14 [label = "c"];
	q1 -> q25 [label = "a"];
	q37 -> q39 [label = "a"];
	q46 -> q32 [label = "a"];
	q48 -> q12 [label = "c"];
	q43 -> q44 [label = "b"];
	q52 -> q15 [label = "b"];
	q65 -> q12 [label = "c"];
	q54 -> q1 [label = "a"];
	q43 -> q54 [label = "a"];
	q14 -> q12 [label = "c"];
	q48 -> q55 [label = "b"];
	q49 -> q49 [label = "a"];
	q63 -> q21 [label = "a"];
	q33 -> q18 [label = "a, b"];
	q8 -> q26 [label = "c"];
	q55 -> q50 [label = "a"];
	q61 -> q17 [label = "b"];
	q14 -> q18 [label = "b"];
	q52 -> q26 [label = "c"];
	q24 -> q29 [label = "a"];
	q56 -> q26 [label = "c"];
	q59 -> q12 [label = "c"];
	q17 -> q52 [label = "b"];
	q55 -> q26 [label = "c"];
	q10 -> q53 [label = "a"];
	q55 -> q52 [label = "b"];
	q57 -> q26 [label = "c"];
	q62 -> q59 [label = "a"];
	q51 -> q30 [label = "c"];
	q64 -> q53 [label = "a"];
	q56 -> q8 [label = "a"];
	q50 -> q21 [label = "a"];
	q19 -> q30 [label = "c"];
	q61 -> q48 [label = "c"];
	q22 -> q11 [label = "a"];
	q64 -> q12 [label = "c"];
	q59 -> q56 [label = "b"];
	q3 -> q64 [label = "c"];
	q51 -> q63 [label = "b"];
	q14 -> q32 [label = "a"];
	q12 -> q55 [label = "b"];
	q60 -> q15 [label = "b"];
	q61 -> q21 [label = "a"];
	q53 -> q18 [label = "b"];
	q16 -> q24 [label = "b"];
	q22 -> q18 [label = "b"];
	q63 -> q62 [label = "b"];
	q65 -> q31 [label = "b"];
	q58 -> q12 [label = "c"];
	q17 -> q26 [label = "c"];
	q6 -> q56 [label = "b"];
	q42 -> q0 [label = "a"];
	q2 -> q38 [label = "a"];
	q57 -> q52 [label = "b"];
	q57 -> q49 [label = "a"];
	q60 -> q46 [label = "c"];
	q45 -> q11 [label = "a"];
	q42 -> q10 [label = "c"];
	q47 -> q59 [label = "a"];
	q58 -> q49 [label = "a"];
	q62 -> q15 [label = "b"];
	q64 -> q34 [label = "b"];
	q5 -> q4 [label = "c"];
	q31 -> q14 [label = "c"];
	q56 -> q31 [label = "b"];
	q51 -> q49 [label = "a"];
	q41 -> q42 [label = "a"];
	q7 -> q17 [label = "b"];
	q65 -> q49 [label = "a"];
	q62 -> q14 [label = "c"];
	q23 -> q24 [label = "a"];
	q58 -> q57 [label = "b"];
	q32 -> q12 [label = "c"];
	q18 -> q29 [label = "a"];
	q18 -> q26 [label = "c"];
	q21 -> q12 [label = "c"];
	q41 -> q16 [label = "c"];
	q5 -> q34 [label = "b"];
	q4 -> q3 [label = "a"];
	q21 -> q25 [label = "a, b"];
	q20 -> q19 [label = "a"];
	q19 -> q9 [label = "a"];
	q53 -> q64 [label = "c"];
	q23 -> q28 [label = "c"];
	q5 -> q16 [label = "a"];
	q6 -> q33 [label = "a"];
	q8 -> q17 [label = "b"];
	q17 -> q8 [label = "a"];
	q25 -> q49 [label = "a"];
	q16 -> q10 [label = "c"];
	q22 -> q14 [label = "c"];
	q6 -> q30 [label = "c"];
	q10 -> q37 [label = "b"];
	q18 -> q57 [label = "b"];
	q16 -> q6 [label = "a"];
	q44 -> q26 [label = "c"];
	q15 -> q7 [label = "a"];
	q35 -> q20 [label = "a"];
	q13 -> q18 [label = "b"];
	q20 -> q10 [label = "c"];
	q11 -> q12 [label = "c"];
	q9 -> q57 [label = "b"];
	q54 -> q56 [label = "b"];
	q10 -> q12 [label = "c"];
	q15 -> q15 [label = "b"];
	q1 -> q63 [label = "b"];
	q40 -> q5 [label = "c"];
	q31 -> q15 [label = "b"];
	q27 -> q33 [label = "a"];
	q50 -> q17 [label = "b"];
	q19 -> q56 [label = "b"];
	q0 -> q1 [label = "a"];
	q13 -> q36 [label = "a"];
	q2 -> q25 [label = "b"];
	q9 -> q12 [label = "c"];
	q7 -> q58 [label = "a"];
	q29 -> q18 [label = "a, b"];
	q2 -> q30 [label = "c"];
	q42 -> q37 [label = "b"];
	q63 -> q14 [label = "c"];
	q23 -> q27 [label = "b"];
	q15 -> q26 [label = "c"];
	q45 -> q18 [label = "b"];
	q1 -> q30 [label = "c"];
	q7 -> q12 [label = "c"];
	q35 -> q55 [label = "b"];
	q44 -> q15 [label = "b"];
	q3 -> q2 [label = "a"];
	q54 -> q64 [label = "c"];
	q8 -> q58 [label = "a"];
	q3 -> q25 [label = "b"];
	q0 -> q28 [label = "c"];
	q53 -> q24 [label = "a"];
	q4 -> q14 [label = "c"];
	q12 -> q26 [label = "c"];
	q12 -> q53 [label = "a"];
	q13 -> q12 [label = "c"];
	q20 -> q51 [label = "b"];
	q11 -> q25 [label = "b"];
	q9 -> q38 [label = "a"];
}
DFA size: 66 states

NL* output after 14 EQ and 5991 MQ:
digraph finite_state_machine {
	rankdir=LR;
	node [shape = circle];
	s0 [shape = point, style = invis, start="true" ];
	s1 [shape = point, style = invis, start="true" ];
	q0 [label = "q0"];
	q1 [label = "q1"];
	q2 [label = "q2"];
	q3 [label = "q3"];
	q4 [label = "q4"];
	q5 [label = "q5", shape = doublecircle, final="true" ];
	q6 [label = "q6", shape = doublecircle, final="true" ];
	q7 [label = "q7", shape = doublecircle, final="true" ];
	q8 [label = "q8", shape = doublecircle, final="true" ];
	q9 [label = "q9", shape = doublecircle, final="true" ];
	q10 [label = "q10", shape = doublecircle, final="true" ];
	q11 [label = "q11"];
	q12 [label = "q12"];
	q13 [label = "q13"];
	q14 [label = "q14"];
	q15 [label = "q15"];
	q16 [label = "q16", shape = doublecircle, final="true" ];
	q17 [label = "q17", shape = doublecircle, final="true" ];
	q18 [label = "q18"];
	q19 [label = "q19", shape = doublecircle, final="true" ];
	q20 [label = "q20"];
	q21 [label = "q21"];
	q22 [label = "q22"];
	q23 [label = "q23", shape = doublecircle, final="true" ];
	s0 -> q9
	s1 -> q18
	q18 -> q8 [label = "c"];
	q22 -> q18 [label = "a"];
	q22 -> q13 [label = "a"];
	q17 -> q22 [label = "c"];
	q17 -> q6 [label = "c"];
	q21 -> q18 [label = "a"];
	q21 -> q13 [label = "a"];
	q23 -> q20 [label = "b"];
	q23 -> q11 [label = "b"];
	q23 -> q1 [label = "b"];
	q17 -> q20 [label = "b"];
	q17 -> q14 [label = "b, c"];
	q17 -> q11 [label = "b"];
	q23 -> q22 [label = "b, c"];
	q23 -> q8 [label = "c"];
	q19 -> q21 [label = "b"];
	q19 -> q20 [label = "b"];
	q19 -> q18 [label = "a, b"];
	q23 -> q14 [label = "b, c"];
	q19 -> q13 [label = "a, b"];
	q19 -> q11 [label = "b"];
	q5 -> q22 [label = "c"];
	q3 -> q0 [label = "a"];
	q5 -> q5 [label = "c"];
	q1 -> q15 [label = "a, c"];
	q4 -> q18 [label = "a"];
	q0 -> q5 [label = "c"];
	q0 -> q23 [label = "c"];
	q0 -> q8 [label = "c"];
	q11 -> q13 [label = "b"];
	q4 -> q12 [label = "a"];
	q6 -> q20 [label = "b"];
	q3 -> q13 [label = "a, b"];
	q6 -> q11 [label = "b"];
	q0 -> q17 [label = "c"];
	q5 -> q23 [label = "c"];
	q4 -> q23 [label = "c"];
	q19 -> q12 [label = "b"];
	q2 -> q18 [label = "a"];
	q16 -> q14 [label = "b, c"];
	q13 -> q18 [label = "a"];
	q23 -> q5 [label = "c"];
	q2 -> q22 [label = "b"];
	q2 -> q2 [label = "b"];
	q4 -> q11 [label = "a, b"];
	q3 -> q3 [label = "a"];
	q20 -> q2 [label = "a, b, c"];
	q0 -> q2 [label = "b"];
	q10 -> q16 [label = "a"];
	q0 -> q4 [label = "a"];
	q18 -> q14 [label = "b"];
	q0 -> q21 [label = "b"];
	q19 -> q15 [label = "a, b, c"];
	q4 -> q22 [label = "c"];
	q4 -> q17 [label = "c"];
	q12 -> q12 [label = "a"];
	q4 -> q14 [label = "b, c"];
	q4 -> q8 [label = "c"];
	q9 -> q17 [label = "b"];
	q4 -> q5 [label = "c"];
	q21 -> q5 [label = "c"];
	q10 -> q11 [label = "b"];
	q19 -> q5 [label = "a, b, c"];
	q8 -> q10 [label = "a"];
	q21 -> q22 [label = "b"];
	q8 -> q7 [label = "a"];
	q5 -> q15 [label = "a, c"];
	q14 -> q10 [label = "c"];
	q12 -> q4 [label = "a"];
	q2 -> q13 [label = "a"];
	q10 -> q13 [label = "a, b"];
	q23 -> q18 [label = "a"];
	q15 -> q5 [label = "c"];
	q8 -> q20 [label = "b"];
	q13 -> q17 [label = "c"];
	q0 -> q1 [label = "b"];
	q15 -> q15 [label = "c"];
	q4 -> q6 [label = "c"];
	q6 -> q10 [label = "a, c"];
	q12 -> q3 [label = "a"];
	q22 -> q10 [label = "c"];
	q19 -> q16 [label = "a, b"];
	q10 -> q18 [label = "a, b"];
	q1 -> q5 [label = "c"];
	q3 -> q23 [label = "c"];
	q16 -> q4 [label = "a"];
	q19 -> q14 [label = "b"];
	q20 -> q1 [label = "c"];
	q17 -> q7 [label = "a"];
	q3 -> q6 [label = "c"];
	q9 -> q21 [label = "b"];
	q16 -> q13 [label = "a"];
	q0 -> q15 [label = "a, c"];
	q3 -> q12 [label = "a"];
	q5 -> q13 [label = "a"];
	q9 -> q15 [label = "b"];
	q12 -> q6 [label = "c"];
	q23 -> q9 [label = "a"];
	q9 -> q23 [label = "b"];
	q23 -> q10 [label = "a"];
	q1 -> q18 [label = "a"];
	q21 -> q15 [label = "a, c"];
	q9 -> q0 [label = "b"];
	q12 -> q0 [label = "a"];
	q0 -> q20 [label = "b"];
	q20 -> q19 [label = "c"];
	q8 -> q15 [label = "a"];
	q9 -> q16 [label = "a, b"];
	q16 -> q18 [label = "a"];
	q23 -> q7 [label = "a"];
	q2 -> q23 [label = "c"];
	q13 -> q8 [label = "c"];
	q9 -> q6 [label = "b"];
	q0 -> q11 [label = "a, b"];
	q21 -> q14 [label = "b"];
	q19 -> q23 [label = "b, c"];
	q4 -> q15 [label = "c"];
	q18 -> q11 [label = "a"];
	q19 -> q17 [label = "a, b, c"];
	q9 -> q2 [label = "b"];
	q12 -> q1 [label = "a"];
	q9 -> q8 [label = "a, b, c"];
	q9 -> q18 [label = "a, b"];
	q19 -> q22 [label = "b"];
	q1 -> q8 [label = "c"];
	q3 -> q4 [label = "a"];
	q9 -> q1 [label = "b"];
	q8 -> q11 [label = "b"];
	q5 -> q8 [label = "c"];
	q4 -> q3 [label = "a"];
	q5 -> q6 [label = "c"];
	q12 -> q11 [label = "a"];
	q4 -> q13 [label = "a"];
	q17 -> q15 [label = "a, c"];
	q9 -> q22 [label = "b"];
	q0 -> q14 [label = "b"];
	q16 -> q12 [label = "a"];
	q12 -> q21 [label = "a, b"];
	q21 -> q21 [label = "b"];
	q23 -> q15 [label = "a, c"];
	q9 -> q12 [label = "a"];
	q12 -> q18 [label = "a, b"];
	q10 -> q12 [label = "b"];
	q14 -> q14 [label = "b"];
	q22 -> q15 [label = "a, c"];
	q11 -> q14 [label = "a, c"];
	q6 -> q15 [label = "a, c"];
	q9 -> q14 [label = "b"];
	q9 -> q11 [label = "a"];
	q8 -> q6 [label = "c"];
	q12 -> q15 [label = "a"];
	q5 -> q14 [label = "c"];
	q12 -> q2 [label = "a, b"];
	q0 -> q22 [label = "b"];
	q6 -> q7 [label = "c"];
	q2 -> q14 [label = "b"];
	q7 -> q13 [label = "a, b"];
	q14 -> q7 [label = "c"];
	q20 -> q15 [label = "a, c"];
	q11 -> q21 [label = "a"];
	q2 -> q21 [label = "b"];
	q12 -> q13 [label = "a, b"];
	q19 -> q8 [label = "a, b, c"];
	q19 -> q10 [label = "a, b"];
	q13 -> q2 [label = "b"];
	q6 -> q14 [label = "b"];
	q18 -> q13 [label = "a"];
	q2 -> q15 [label = "a, c"];
	q20 -> q0 [label = "a"];
	q12 -> q14 [label = "a, b, c"];
	q12 -> q22 [label = "a"];
	q6 -> q22 [label = "b"];
	q14 -> q22 [label = "b"];
	q1 -> q0 [label = "a"];
	q1 -> q13 [label = "a"];
	q3 -> q14 [label = "a, b, c"];
	q3 -> q18 [label = "a, b"];
	q3 -> q21 [label = "a, b"];
	q5 -> q17 [label = "c"];
	q11 -> q18 [label = "b"];
	q7 -> q5 [label = "c"];
	q9 -> q13 [label = "a, b"];
	q5 -> q18 [label = "a"];
	q7 -> q15 [label = "c"];
	q1 -> q19 [label = "c"];
	q1 -> q2 [label = "b, c"];
	q12 -> q17 [label = "c"];
	q1 -> q14 [label = "b, c"];
	q1 -> q21 [label = "b, c"];
	q9 -> q4 [label = "b"];
	q3 -> q5 [label = "c"];
	q3 -> q1 [label = "a"];
	q3 -> q11 [label = "a"];
	q3 -> q15 [label = "a, c"];
	q7 -> q12 [label = "b"];
	q18 -> q18 [label = "a"];
	q22 -> q22 [label = "b"];
	q3 -> q20 [label = "a"];
	q7 -> q8 [label = "a, b"];
	q7 -> q11 [label = "b"];
	q5 -> q10 [label = "a"];
	q7 -> q16 [label = "a, b"];
	q23 -> q23 [label = "c"];
	q9 -> q5 [label = "b"];
	q7 -> q18 [label = "a, b"];
	q5 -> q7 [label = "a"];
	q6 -> q1 [label = "b"];
	q10 -> q5 [label = "c"];
	q19 -> q6 [label = "b"];
	q13 -> q14 [label = "b"];
	q5 -> q9 [label = "a"];
	q1 -> q6 [label = "c"];
	q16 -> q3 [label = "a"];
	q1 -> q10 [label = "c"];
	q1 -> q7 [label = "c"];
	q1 -> q17 [label = "c"];
	q1 -> q23 [label = "c"];
	q22 -> q5 [label = "c"];
	q4 -> q2 [label = "b"];
	q4 -> q21 [label = "b"];
	q2 -> q7 [label = "c"];
	q3 -> q8 [label = "c"];
	q23 -> q17 [label = "c"];
	q10 -> q15 [label = "c"];
	q0 -> q18 [label = "a"];
	q20 -> q22 [label = "a, b, c"];
	q2 -> q17 [label = "c"];
	q2 -> q19 [label = "c"];
	q1 -> q22 [label = "b, c"];
	q20 -> q10 [label = "c"];
	q6 -> q19 [label = "c"];
	q5 -> q11 [label = "b"];
	q3 -> q17 [label = "c"];
	q16 -> q8 [label = "c"];
	q13 -> q11 [label = "a"];
	q13 -> q13 [label = "a"];
	q23 -> q13 [label = "a"];
	q15 -> q11 [label = "b"];
	q2 -> q10 [label = "c"];
	q13 -> q21 [label = "b"];
	q12 -> q8 [label = "c"];
	q15 -> q18 [label = "a"];
	q23 -> q6 [label = "c"];
	q21 -> q10 [label = "c"];
	q20 -> q5 [label = "c"];
	q20 -> q6 [label = "c"];
	q1 -> q1 [label = "b, c"];
	q20 -> q8 [label = "c"];
	q4 -> q20 [label = "b"];
	q20 -> q14 [label = "a, b, c"];
	q20 -> q23 [label = "c"];
	q20 -> q17 [label = "c"];
	q20 -> q21 [label = "a, b, c"];
	q20 -> q7 [label = "c"];
	q16 -> q0 [label = "a"];
	q0 -> q13 [label = "a"];
	q16 -> q10 [label = "a"];
	q16 -> q11 [label = "a, b"];
	q3 -> q22 [label = "a, b, c"];
	q16 -> q15 [label = "a"];
	q16 -> q20 [label = "b"];
	q18 -> q21 [label = "b"];
	q22 -> q7 [label = "c"];
	q16 -> q2 [label = "b"];
	q16 -> q21 [label = "b"];
	q3 -> q2 [label = "a, b"];
	q8 -> q14 [label = "b, c"];
	q22 -> q1 [label = "b"];
	q21 -> q4 [label = "a"];
	q22 -> q14 [label = "b"];
	q2 -> q8 [label = "c"];
	q20 -> q13 [label = "a, b"];
	q2 -> q5 [label = "c"];
	q20 -> q18 [label = "a, b"];
	q19 -> q1 [label = "b"];
	q16 -> q6 [label = "c"];
	q16 -> q16 [label = "a"];
	q16 -> q17 [label = "c"];
	q2 -> q4 [label = "a"];
	q14 -> q15 [label = "a, c"];
	q17 -> q10 [label = "a"];
	q19 -> q0 [label = "b"];
	q19 -> q2 [label = "b"];
	q12 -> q20 [label = "a"];
	q19 -> q3 [label = "b"];
	q21 -> q7 [label = "c"];
	q19 -> q4 [label = "a, b"];
}
NFA size: 24 states

AL* output after 12 EQ and 3031 MQ:
digraph finite_state_machine {
	rankdir=LR;
	node [shape = circle];
	s0 [shape = point, style = invis, start="true" ];
	s1 [shape = point, style = invis, start="true" ];
	q0 [label = "q0"];
	q1 [label = "q1", shape = doublecircle, final="true" ];
	q2 [label = "q2", shape = doublecircle, final="true" ];
	q3 [label = "q3", shape = doublecircle, final="true" ];
	q4 [label = "q4", shape = doublecircle, final="true" ];
	q5 [label = "q5"];
	q6 [label = "q6"];
	q7 [label = "q7"];
	m0 [label = "", shape = square, style = filled, color=grey, fixedsize=true, width=.2];
	m1 [label = "", shape = square, style = filled, color=grey, fixedsize=true, width=.2];
	m2 [label = "", shape = square, style = filled, color=grey, fixedsize=true, width=.2];
	m3 [label = "", shape = square, style = filled, color=grey, fixedsize=true, width=.2];
	m4 [label = "", shape = square, style = filled, color=grey, fixedsize=true, width=.2];
	m5 [label = "", shape = square, style = filled, color=grey, fixedsize=true, width=.2];
	m6 [label = "", shape = square, style = filled, color=grey, fixedsize=true, width=.2];
	m7 [label = "", shape = square, style = filled, color=grey, fixedsize=true, width=.2];
	m8 [label = "", shape = square, style = filled, color=grey, fixedsize=true, width=.2];
	m9 [label = "", shape = square, style = filled, color=grey, fixedsize=true, width=.2];
	m10 [label = "", shape = square, style = filled, color=grey, fixedsize=true, width=.2];
	m11 [label = "", shape = square, style = filled, color=grey, fixedsize=true, width=.2];
	m12 [label = "", shape = square, style = filled, color=grey, fixedsize=true, width=.2];
	s0 -> m0
	s1 -> m1
	q3 -> m4 [label = "c"];
	q3 -> q5 [label = "c"];
	q5 -> m12 [label = "b"];
	q5 -> q5 [label = "b"];
	q4 -> q5 [label = "b"];
	q6 -> m5 [label = "a"];
	q1 -> m7 [label = "c"];
	q5 -> m4 [label = "a, b"];
	q3 -> m1 [label = "a"];
	q3 -> m0 [label = "a"];
	q2 -> m11 [label = "c"];
	q3 -> m7 [label = "a"];
	q1 -> q6 [label = "b"];
	q4 -> q6 [label = "a"];
	q2 -> m6 [label = "a, c"];
	q3 -> q6 [label = "b"];
	q2 -> m4 [label = "b"];
	q2 -> q6 [label = "b"];
	q5 -> m0 [label = "c"];
	q0 -> m3 [label = "c"];
	q2 -> m10 [label = "c"];
	q0 -> q5 [label = "b"];
	q0 -> m5 [label = "b"];
	q1 -> m2 [label = "a, b, c"];
	q7 -> m1 [label = "a"];
	q2 -> m0 [label = "a"];
	q2 -> q5 [label = "b, c"];
	q7 -> q6 [label = "b"];
	q4 -> m3 [label = "c"];
	q3 -> m6 [label = "a"];
	q6 -> q5 [label = "a, c"];
	q7 -> m7 [label = "c"];
	q6 -> m1 [label = "b"];
	q4 -> m1 [label = "a, b"];
	q6 -> m8 [label = "b"];
	q0 -> q6 [label = "a"];
	q6 -> m9 [label = "b"];
	q0 -> m2 [label = "c"];
	q1 -> m4 [label = "c"];
	q5 -> m6 [label = "a, c"];
	q2 -> m7 [label = "a"];
	q1 -> m1 [label = "a, b"];
	q5 -> m7 [label = "a, c"];
	q3 -> m2 [label = "c"];
	q7 -> m2 [label = "c"];
	q0 -> m1 [label = "a"];
	q4 -> m2 [label = "a, b, c"];
	q7 -> m4 [label = "c"];
	m0 -> q1;
	m0 -> q4;
	m1 -> q0;
	m1 -> q4;
	m2 -> q2;
	m2 -> q3;
	m3 -> q0;
	m3 -> q2;
	m3 -> q4;
	m3 -> q5;
	m4 -> q0;
	m4 -> q1;
	m4 -> q3;
	m4 -> q4;
	m4 -> q7;
	m5 -> q0;
	m5 -> q1;
	m5 -> q4;
	m6 -> q1;
	m6 -> q2;
	m6 -> q3;
	m6 -> q7;
	m7 -> q1;
	m7 -> q3;
	m7 -> q5;
	m7 -> q7;
	m8 -> q1;
	m8 -> q2;
	m8 -> q3;
	m8 -> q4;
	m8 -> q6;
	m8 -> q7;
	m9 -> q1;
	m9 -> q2;
	m9 -> q3;
	m9 -> q5;
	m9 -> q6;
	m9 -> q7;
	m10 -> q1;
	m10 -> q2;
	m10 -> q3;
	m10 -> q4;
	m11 -> q0;
	m11 -> q2;
	m11 -> q3;
	m11 -> q4;
	m12 -> q1;
	m12 -> q2;
	m12 -> q3;
	m12 -> q4;
	m12 -> q7;
}
AFA size: 8 states

