Random target AFA:
digraph finite_state_machine {
	rankdir=LR;
	node [shape = circle];
	s0 [shape = point, style = invis, start="true" ];
	s1 [shape = point, style = invis, start="true" ];
	q0 [label = "q0", shape = doublecircle, final="true" ];
	q1 [label = "q1", shape = doublecircle, final="true" ];
	q2 [label = "q2", shape = doublecircle, final="true" ];
	q3 [label = "q3"];
	q4 [label = "q4"];
	q5 [label = "q5"];
	m0 [label = "", shape = square, style = filled, color=grey, fixedsize=true, width=.2];
	m1 [label = "", shape = square, style = filled, color=grey, fixedsize=true, width=.2];
	m2 [label = "", shape = square, style = filled, color=grey, fixedsize=true, width=.2];
	m3 [label = "", shape = square, style = filled, color=grey, fixedsize=true, width=.2];
	m4 [label = "", shape = square, style = filled, color=grey, fixedsize=true, width=.2];
	m5 [label = "", shape = square, style = filled, color=grey, fixedsize=true, width=.2];
	m6 [label = "", shape = square, style = filled, color=grey, fixedsize=true, width=.2];
	m7 [label = "", shape = square, style = filled, color=grey, fixedsize=true, width=.2];
	s0 -> q1
	s1 -> q2
	q5 -> q0 [label = "c"];
	q0 -> q5 [label = "b, c"];
	q4 -> m1 [label = "a"];
	q5 -> q1 [label = "c"];
	q0 -> q1 [label = "b"];
	q3 -> m7 [label = "c"];
	q0 -> q0 [label = "a"];
	q2 -> q0 [label = "b"];
	q2 -> q3 [label = "a, b"];
	q4 -> q1 [label = "a, b"];
	q4 -> q4 [label = "b, c"];
	q1 -> m2 [label = "a"];
	q0 -> q4 [label = "c"];
	q2 -> q2 [label = "a"];
	q0 -> q2 [label = "a"];
	q4 -> m0 [label = "c"];
	q1 -> m1 [label = "c"];
	q5 -> m6 [label = "b"];
	q5 -> m5 [label = "a"];
	q1 -> q1 [label = "b"];
	q5 -> m4 [label = "a"];
	q2 -> m5 [label = "c"];
	q3 -> q3 [label = "b"];
	q1 -> m3 [label = "b"];
	q1 -> q5 [label = "c"];
	q3 -> m3 [label = "a"];
	q5 -> q4 [label = "b"];
	q2 -> q1 [label = "c"];
	q3 -> q2 [label = "a, b"];
	q3 -> q5 [label = "c"];
	m0 -> q4;
	m0 -> q5;
	m1 -> q3;
	m1 -> q4;
	m2 -> q0;
	m2 -> q2;
	m3 -> q2;
	m3 -> q3;
	m4 -> q1;
	m4 -> q5;
	m5 -> q3;
	m5 -> q5;
	m6 -> q0;
	m6 -> q3;
	m7 -> q0;
	m7 -> q4;
}

L* output after 7 EQ and 2989 MQ:
digraph finite_state_machine {
	rankdir=LR;
	node [shape = circle];
	s0 [shape = point, style = invis, start="true" ];
	q0 [label = "q0", shape = doublecircle, final="true" ];
	q1 [label = "q1", shape = doublecircle, final="true" ];
	q2 [label = "q2", shape = doublecircle, final="true" ];
	q3 [label = "q3", shape = doublecircle, final="true" ];
	q4 [label = "q4", shape = doublecircle, final="true" ];
	q5 [label = "q5", shape = doublecircle, final="true" ];
	q6 [label = "q6"];
	q7 [label = "q7", shape = doublecircle, final="true" ];
	q8 [label = "q8", shape = doublecircle, final="true" ];
	q9 [label = "q9", shape = doublecircle, final="true" ];
	q10 [label = "q10"];
	q11 [label = "q11", shape = doublecircle, final="true" ];
	q12 [label = "q12", shape = doublecircle, final="true" ];
	q13 [label = "q13", shape = doublecircle, final="true" ];
	q14 [label = "q14", shape = doublecircle, final="true" ];
	q15 [label = "q15"];
	q16 [label = "q16", shape = doublecircle, final="true" ];
	q17 [label = "q17", shape = doublecircle, final="true" ];
	q18 [label = "q18", shape = doublecircle, final="true" ];
	q19 [label = "q19", shape = doublecircle, final="true" ];
	q20 [label = "q20", shape = doublecircle, final="true" ];
	q21 [label = "q21"];
	q22 [label = "q22", shape = doublecircle, final="true" ];
	q23 [label = "q23", shape = doublecircle, final="true" ];
	q24 [label = "q24", shape = doublecircle, final="true" ];
	q25 [label = "q25", shape = doublecircle, final="true" ];
	q26 [label = "q26", shape = doublecircle, final="true" ];
	q27 [label = "q27", shape = doublecircle, final="true" ];
	q28 [label = "q28", shape = doublecircle, final="true" ];
	q29 [label = "q29", shape = doublecircle, final="true" ];
	q30 [label = "q30", shape = doublecircle, final="true" ];
	q31 [label = "q31", shape = doublecircle, final="true" ];
	q32 [label = "q32", shape = doublecircle, final="true" ];
	q33 [label = "q33", shape = doublecircle, final="true" ];
	q34 [label = "q34", shape = doublecircle, final="true" ];
	s0 -> q18
	q18 -> q13 [label = "c"];
	q20 -> q30 [label = "b"];
	q22 -> q23 [label = "a"];
	q17 -> q17 [label = "a"];
	q21 -> q6 [label = "c"];
	q22 -> q1 [label = "b"];
	q21 -> q14 [label = "a"];
	q16 -> q12 [label = "b"];
	q16 -> q25 [label = "a"];
	q20 -> q15 [label = "c"];
	q13 -> q27 [label = "b"];
	q14 -> q11 [label = "a"];
	q15 -> q20 [label = "b"];
	q9 -> q28 [label = "c"];
	q3 -> q15 [label = "c"];
	q19 -> q27 [label = "b"];
	q12 -> q24 [label = "b"];
	q7 -> q11 [label = "a"];
	q2 -> q15 [label = "c"];
	q16 -> q15 [label = "c"];
	q4 -> q12 [label = "b"];
	q5 -> q23 [label = "a"];
	q18 -> q16 [label = "b"];
	q7 -> q2 [label = "b"];
	q3 -> q29 [label = "a"];
	q18 -> q17 [label = "a"];
	q7 -> q10 [label = "c"];
	q3 -> q17 [label = "b"];
	q1 -> q23 [label = "a"];
	q5 -> q28 [label = "c"];
	q4 -> q25 [label = "a"];
	q23 -> q9 [label = "c"];
	q28 -> q25 [label = "a"];
	q33 -> q23 [label = "a"];
	q9 -> q27 [label = "b"];
	q20 -> q23 [label = "a"];
	q15 -> q14 [label = "a"];
	q11 -> q27 [label = "b"];
	q25 -> q24 [label = "a"];
	q10 -> q6 [label = "c"];
	q25 -> q9 [label = "c"];
	q27 -> q34 [label = "b"];
	q23 -> q16 [label = "b"];
	q33 -> q3 [label = "b"];
	q1 -> q3 [label = "b"];
	q25 -> q32 [label = "b"];
	q34 -> q9 [label = "c"];
	q2 -> q0 [label = "b"];
	q30 -> q3 [label = "b"];
	q9 -> q19 [label = "a"];
	q17 -> q24 [label = "b"];
	q11 -> q10 [label = "c"];
	q31 -> q28 [label = "c"];
	q14 -> q27 [label = "b"];
	q28 -> q5 [label = "b"];
	q21 -> q20 [label = "b"];
	q29 -> q9 [label = "c"];
	q31 -> q31 [label = "b"];
	q2 -> q23 [label = "a"];
	q33 -> q28 [label = "c"];
	q8 -> q29 [label = "a"];
	q26 -> q25 [label = "a"];
	q34 -> q29 [label = "a"];
	q27 -> q15 [label = "c"];
	q27 -> q23 [label = "a"];
	q1 -> q15 [label = "c"];
	q34 -> q17 [label = "b"];
	q0 -> q34 [label = "b"];
	q31 -> q24 [label = "a"];
	q19 -> q29 [label = "a"];
	q32 -> q28 [label = "c"];
	q6 -> q6 [label = "c"];
	q29 -> q4 [label = "b"];
	q24 -> q9 [label = "c"];
	q32 -> q12 [label = "b"];
	q30 -> q23 [label = "a"];
	q32 -> q25 [label = "a"];
	q24 -> q31 [label = "b"];
	q13 -> q8 [label = "a"];
	q5 -> q34 [label = "b"];
	q26 -> q33 [label = "b"];
	q28 -> q28 [label = "c"];
	q12 -> q28 [label = "c"];
	q24 -> q24 [label = "a"];
	q23 -> q17 [label = "a"];
	q30 -> q9 [label = "c"];
	q19 -> q15 [label = "c"];
	q6 -> q14 [label = "a"];
	q10 -> q7 [label = "a"];
	q11 -> q29 [label = "a"];
	q15 -> q26 [label = "c"];
	q8 -> q27 [label = "b"];
	q17 -> q9 [label = "c"];
	q8 -> q21 [label = "c"];
	q0 -> q9 [label = "c"];
	q12 -> q17 [label = "a"];
	q22 -> q15 [label = "c"];
	q29 -> q17 [label = "a"];
	q13 -> q28 [label = "c"];
	q14 -> q15 [label = "c"];
	q10 -> q20 [label = "b"];
	q26 -> q15 [label = "c"];
	q4 -> q9 [label = "c"];
	q0 -> q23 [label = "a"];
	q6 -> q22 [label = "b"];
}
DFA size: 35 states

NL* output after 9 EQ and 1561 MQ:
digraph finite_state_machine {
	rankdir=LR;
	node [shape = circle];
	s0 [shape = point, style = invis, start="true" ];
	s1 [shape = point, style = invis, start="true" ];
	s2 [shape = point, style = invis, start="true" ];
	q0 [label = "q0", shape = doublecircle, final="true" ];
	q1 [label = "q1", shape = doublecircle, final="true" ];
	q2 [label = "q2", shape = doublecircle, final="true" ];
	q3 [label = "q3", shape = doublecircle, final="true" ];
	q4 [label = "q4", shape = doublecircle, final="true" ];
	q5 [label = "q5"];
	q6 [label = "q6", shape = doublecircle, final="true" ];
	q7 [label = "q7", shape = doublecircle, final="true" ];
	q8 [label = "q8", shape = doublecircle, final="true" ];
	q9 [label = "q9"];
	q10 [label = "q10", shape = doublecircle, final="true" ];
	q11 [label = "q11"];
	q12 [label = "q12", shape = doublecircle, final="true" ];
	q13 [label = "q13", shape = doublecircle, final="true" ];
	s0 -> q4
	s1 -> q7
	s2 -> q10
	q9 -> q12 [label = "b"];
	q9 -> q3 [label = "b"];
	q11 -> q6 [label = "a"];
	q8 -> q13 [label = "c"];
	q8 -> q8 [label = "c"];
	q4 -> q13 [label = "b"];
	q13 -> q11 [label = "a, b, c"];
	q4 -> q10 [label = "a, b, c"];
	q4 -> q12 [label = "a, b"];
	q7 -> q1 [label = "a, b"];
	q0 -> q5 [label = "c"];
	q4 -> q6 [label = "a, b, c"];
	q1 -> q10 [label = "a, b"];
	q4 -> q0 [label = "a, b"];
	q5 -> q12 [label = "b, c"];
	q6 -> q7 [label = "a"];
	q2 -> q9 [label = "a, b, c"];
	q2 -> q6 [label = "a, b, c"];
	q4 -> q1 [label = "a, b"];
	q7 -> q9 [label = "a, b, c"];
	q13 -> q6 [label = "a, b"];
	q7 -> q4 [label = "a"];
	q9 -> q10 [label = "a"];
	q2 -> q11 [label = "a, b, c"];
	q7 -> q3 [label = "a, b"];
	q10 -> q9 [label = "b, c"];
	q4 -> q9 [label = "a, b, c"];
	q11 -> q10 [label = "a"];
	q7 -> q2 [label = "a"];
	q3 -> q11 [label = "a, b, c"];
	q13 -> q2 [label = "a, b"];
	q12 -> q2 [label = "a, b"];
	q13 -> q4 [label = "a"];
	q5 -> q10 [label = "a"];
	q1 -> q9 [label = "a, b, c"];
	q11 -> q11 [label = "b, c"];
	q9 -> q11 [label = "b, c"];
	q1 -> q5 [label = "c"];
	q4 -> q7 [label = "a, b"];
	q13 -> q13 [label = "a"];
	q13 -> q10 [label = "a, b"];
	q12 -> q9 [label = "a, b, c"];
	q4 -> q11 [label = "a, b"];
	q2 -> q2 [label = "a"];
	q13 -> q5 [label = "b, c"];
	q5 -> q11 [label = "b, c"];
	q13 -> q9 [label = "a, b, c"];
	q1 -> q0 [label = "b"];
	q8 -> q7 [label = "a, c"];
	q13 -> q1 [label = "a, b"];
	q12 -> q6 [label = "a, b"];
	q13 -> q7 [label = "a"];
	q7 -> q12 [label = "a, b"];
	q13 -> q8 [label = "b"];
	q7 -> q7 [label = "a"];
	q4 -> q3 [label = "a, b"];
	q13 -> q3 [label = "a, b"];
	q3 -> q5 [label = "c"];
	q11 -> q3 [label = "b"];
	q12 -> q1 [label = "a, b"];
	q12 -> q10 [label = "a, b"];
	q2 -> q10 [label = "a, b, c"];
	q1 -> q7 [label = "a, b"];
	q3 -> q9 [label = "a, b, c"];
	q10 -> q3 [label = "b"];
	q7 -> q6 [label = "a, b"];
	q5 -> q9 [label = "a"];
	q3 -> q1 [label = "a, b"];
	q3 -> q2 [label = "a"];
	q3 -> q4 [label = "a"];
	q7 -> q10 [label = "a, b"];
	q7 -> q11 [label = "a, b"];
	q3 -> q7 [label = "a"];
	q3 -> q10 [label = "a, b"];
	q1 -> q1 [label = "a, b"];
	q3 -> q6 [label = "a, b"];
	q6 -> q11 [label = "b, c"];
	q1 -> q6 [label = "a, b"];
	q1 -> q12 [label = "b"];
	q2 -> q1 [label = "a, b"];
	q1 -> q2 [label = "a"];
	q1 -> q4 [label = "a"];
	q0 -> q1 [label = "a, b"];
	q1 -> q3 [label = "a, b"];
	q0 -> q7 [label = "a, b"];
	q4 -> q2 [label = "a"];
	q12 -> q3 [label = "a, b"];
	q6 -> q10 [label = "a, b"];
	q4 -> q4 [label = "a"];
	q0 -> q9 [label = "a, b, c"];
	q0 -> q11 [label = "a, b, c"];
	q6 -> q9 [label = "b, c"];
	q10 -> q6 [label = "b"];
	q6 -> q1 [label = "b"];
	q0 -> q2 [label = "a, b"];
	q6 -> q6 [label = "b"];
	q1 -> q11 [label = "a, b, c"];
	q6 -> q12 [label = "b"];
	q5 -> q13 [label = "c"];
	q10 -> q7 [label = "a"];
	q8 -> q9 [label = "a, b, c"];
	q2 -> q3 [label = "a, b"];
	q13 -> q12 [label = "a"];
	q10 -> q11 [label = "b"];
	q3 -> q3 [label = "a, b"];
	q2 -> q4 [label = "a"];
	q0 -> q0 [label = "b"];
	q0 -> q3 [label = "a, b"];
	q0 -> q4 [label = "a, b"];
	q0 -> q6 [label = "a, b"];
	q2 -> q5 [label = "c"];
	q6 -> q5 [label = "c"];
	q10 -> q12 [label = "b"];
	q0 -> q12 [label = "a, b"];
	q12 -> q4 [label = "a"];
	q2 -> q0 [label = "b"];
	q2 -> q12 [label = "b"];
	q4 -> q8 [label = "c"];
	q6 -> q3 [label = "b"];
	q12 -> q5 [label = "c"];
	q10 -> q10 [label = "a, b"];
	q8 -> q10 [label = "a, b, c"];
	q5 -> q3 [label = "b, c"];
	q8 -> q11 [label = "a, b, c"];
	q2 -> q8 [label = "c"];
	q8 -> q1 [label = "b"];
	q11 -> q9 [label = "a"];
	q2 -> q7 [label = "a, b"];
	q8 -> q3 [label = "b, c"];
	q8 -> q6 [label = "b, c"];
	q12 -> q11 [label = "a, b, c"];
	q5 -> q6 [label = "a"];
	q8 -> q12 [label = "b, c"];
	q12 -> q7 [label = "a"];
	q0 -> q10 [label = "a, b"];
	q8 -> q5 [label = "c"];
}
NFA size: 14 states

AL* output after 12 EQ and 1993 MQ:
digraph finite_state_machine {
	rankdir=LR;
	node [shape = circle];
	s0 [shape = point, style = invis, start="true" ];
	q0 [label = "q0", shape = doublecircle, final="true" ];
	q1 [label = "q1", shape = doublecircle, final="true" ];
	q2 [label = "q2", shape = doublecircle, final="true" ];
	q3 [label = "q3"];
	q4 [label = "q4", shape = doublecircle, final="true" ];
	q5 [label = "q5", shape = doublecircle, final="true" ];
	q6 [label = "q6", shape = doublecircle, final="true" ];
	q7 [label = "q7", shape = doublecircle, final="true" ];
	q8 [label = "q8", shape = doublecircle, final="true" ];
	q9 [label = "q9", shape = doublecircle, final="true" ];
	q10 [label = "q10"];
	m0 [label = "", shape = square, style = filled, color=grey, fixedsize=true, width=.2];
	m1 [label = "", shape = square, style = filled, color=grey, fixedsize=true, width=.2];
	m2 [label = "", shape = square, style = filled, color=grey, fixedsize=true, width=.2];
	m3 [label = "", shape = square, style = filled, color=grey, fixedsize=true, width=.2];
	m4 [label = "", shape = square, style = filled, color=grey, fixedsize=true, width=.2];
	m5 [label = "", shape = square, style = filled, color=grey, fixedsize=true, width=.2];
	m6 [label = "", shape = square, style = filled, color=grey, fixedsize=true, width=.2];
	m7 [label = "", shape = square, style = filled, color=grey, fixedsize=true, width=.2];
	m8 [label = "", shape = square, style = filled, color=grey, fixedsize=true, width=.2];
	m9 [label = "", shape = square, style = filled, color=grey, fixedsize=true, width=.2];
	m10 [label = "", shape = square, style = filled, color=grey, fixedsize=true, width=.2];
	m11 [label = "", shape = square, style = filled, color=grey, fixedsize=true, width=.2];
	m12 [label = "", shape = square, style = filled, color=grey, fixedsize=true, width=.2];
	s0 -> m0
	q9 -> m1 [label = "b"];
	q8 -> m6 [label = "b"];
	q10 -> m2 [label = "a"];
	q8 -> m8 [label = "a"];
	q10 -> m7 [label = "b"];
	q9 -> m9 [label = "a, b"];
	q8 -> m3 [label = "c"];
	q2 -> m1 [label = "b"];
	q2 -> m9 [label = "a, b"];
	q6 -> m4 [label = "c"];
	q6 -> m6 [label = "b"];
	q0 -> m3 [label = "c"];
	q8 -> m11 [label = "a"];
	q4 -> m8 [label = "a"];
	q4 -> m3 [label = "c"];
	q0 -> m12 [label = "b"];
	q4 -> m11 [label = "a"];
	q4 -> m4 [label = "a"];
	q2 -> m3 [label = "c"];
	q7 -> m3 [label = "b, c"];
	q8 -> m5 [label = "c"];
	q0 -> m5 [label = "c"];
	q3 -> m8 [label = "a"];
	q9 -> m0 [label = "a"];
	q2 -> m2 [label = "c"];
	q1 -> m7 [label = "b"];
	q0 -> m0 [label = "a"];
	q7 -> m0 [label = "a, b"];
	q3 -> m4 [label = "c"];
	q2 -> m0 [label = "a, b"];
	q7 -> m1 [label = "a"];
	q4 -> m7 [label = "b"];
	q8 -> m7 [label = "b"];
	q3 -> m7 [label = "b"];
	q3 -> m5 [label = "c"];
	q9 -> m2 [label = "c"];
	q6 -> m7 [label = "a, b"];
	q0 -> m4 [label = "a"];
	q0 -> m9 [label = "b"];
	q5 -> m3 [label = "b, c"];
	q10 -> m4 [label = "a"];
	q9 -> m3 [label = "c"];
	q10 -> m1 [label = "c"];
	q6 -> m0 [label = "a"];
	q5 -> m6 [label = "b"];
	q1 -> m4 [label = "c"];
	q1 -> m8 [label = "a, b, c"];
	q2 -> m5 [label = "c"];
	q5 -> m0 [label = "a"];
	q4 -> m6 [label = "b"];
	q5 -> m1 [label = "a"];
	q10 -> m8 [label = "a"];
	q7 -> m5 [label = "c"];
	q7 -> m9 [label = "b"];
	q3 -> m10 [label = "a"];
	q4 -> m1 [label = "c"];
	q6 -> m8 [label = "c"];
	q1 -> m11 [label = "a"];
	q5 -> m5 [label = "c"];
	m0 -> q2;
	m0 -> q9;
	m1 -> q5;
	m1 -> q7;
	m2 -> q0;
	m2 -> q2;
	m2 -> q4;
	m2 -> q5;
	m2 -> q7;
	m2 -> q8;
	m2 -> q9;
	m3 -> q4;
	m3 -> q10;
	m4 -> q0;
	m4 -> q2;
	m4 -> q3;
	m4 -> q4;
	m4 -> q5;
	m4 -> q7;
	m4 -> q8;
	m4 -> q10;
	m5 -> q0;
	m5 -> q2;
	m5 -> q5;
	m5 -> q6;
	m5 -> q7;
	m5 -> q9;
	m5 -> q10;
	m6 -> q0;
	m6 -> q2;
	m6 -> q7;
	m6 -> q9;
	m7 -> q0;
	m7 -> q2;
	m7 -> q5;
	m7 -> q7;
	m8 -> q0;
	m8 -> q1;
	m8 -> q2;
	m8 -> q3;
	m8 -> q4;
	m8 -> q6;
	m8 -> q7;
	m8 -> q8;
	m8 -> q9;
	m8 -> q10;
	m9 -> q2;
	m9 -> q7;
	m10 -> q0;
	m10 -> q1;
	m10 -> q2;
	m10 -> q4;
	m10 -> q5;
	m10 -> q6;
	m10 -> q7;
	m10 -> q8;
	m10 -> q9;
	m11 -> q2;
	m11 -> q5;
	m11 -> q6;
	m11 -> q7;
	m11 -> q9;
	m12 -> q2;
	m12 -> q4;
	m12 -> q9;
	m12 -> q10;
}
AFA size: 11 states

AL** output after 13 EQ and 1993 MQ:
digraph finite_state_machine {
	rankdir=LR;
	node [shape = circle];
	s0 [shape = point, style = invis, start="true" ];
	q0 [label = "q0", shape = doublecircle, final="true" ];
	q1 [label = "q1", shape = doublecircle, final="true" ];
	q2 [label = "q2", shape = doublecircle, final="true" ];
	q3 [label = "q3"];
	q4 [label = "q4", shape = doublecircle, final="true" ];
	q5 [label = "q5", shape = doublecircle, final="true" ];
	q6 [label = "q6", shape = doublecircle, final="true" ];
	q7 [label = "q7", shape = doublecircle, final="true" ];
	q8 [label = "q8", shape = doublecircle, final="true" ];
	q9 [label = "q9", shape = doublecircle, final="true" ];
	q10 [label = "q10"];
	m0 [label = "", shape = square, style = filled, color=grey, fixedsize=true, width=.2];
	m1 [label = "", shape = square, style = filled, color=grey, fixedsize=true, width=.2];
	m2 [label = "", shape = square, style = filled, color=grey, fixedsize=true, width=.2];
	m3 [label = "", shape = square, style = filled, color=grey, fixedsize=true, width=.2];
	m4 [label = "", shape = square, style = filled, color=grey, fixedsize=true, width=.2];
	m5 [label = "", shape = square, style = filled, color=grey, fixedsize=true, width=.2];
	m6 [label = "", shape = square, style = filled, color=grey, fixedsize=true, width=.2];
	m7 [label = "", shape = square, style = filled, color=grey, fixedsize=true, width=.2];
	m8 [label = "", shape = square, style = filled, color=grey, fixedsize=true, width=.2];
	m9 [label = "", shape = square, style = filled, color=grey, fixedsize=true, width=.2];
	m10 [label = "", shape = square, style = filled, color=grey, fixedsize=true, width=.2];
	m11 [label = "", shape = square, style = filled, color=grey, fixedsize=true, width=.2];
	m12 [label = "", shape = square, style = filled, color=grey, fixedsize=true, width=.2];
	s0 -> m0
	q9 -> m1 [label = "b"];
	q8 -> m6 [label = "b"];
	q10 -> m2 [label = "a"];
	q8 -> m8 [label = "a"];
	q10 -> m7 [label = "b"];
	q9 -> m9 [label = "a, b"];
	q8 -> m3 [label = "c"];
	q2 -> m1 [label = "b"];
	q2 -> m9 [label = "a, b"];
	q6 -> m4 [label = "c"];
	q6 -> m6 [label = "b"];
	q0 -> m3 [label = "c"];
	q8 -> m11 [label = "a"];
	q4 -> m8 [label = "a"];
	q4 -> m3 [label = "c"];
	q0 -> m12 [label = "b"];
	q4 -> m11 [label = "a"];
	q4 -> m4 [label = "a"];
	q2 -> m3 [label = "c"];
	q7 -> m3 [label = "b, c"];
	q8 -> m5 [label = "c"];
	q0 -> m5 [label = "c"];
	q3 -> m8 [label = "a"];
	q9 -> m0 [label = "a"];
	q2 -> m2 [label = "c"];
	q1 -> m7 [label = "b"];
	q0 -> m0 [label = "a"];
	q7 -> m0 [label = "a, b"];
	q3 -> m4 [label = "c"];
	q2 -> m0 [label = "a, b"];
	q7 -> m1 [label = "a"];
	q4 -> m7 [label = "b"];
	q8 -> m7 [label = "b"];
	q3 -> m7 [label = "b"];
	q3 -> m5 [label = "c"];
	q9 -> m2 [label = "c"];
	q6 -> m7 [label = "a, b"];
	q0 -> m4 [label = "a"];
	q0 -> m9 [label = "b"];
	q5 -> m3 [label = "b, c"];
	q10 -> m4 [label = "a"];
	q9 -> m3 [label = "c"];
	q10 -> m1 [label = "c"];
	q6 -> m0 [label = "a"];
	q5 -> m6 [label = "b"];
	q1 -> m4 [label = "c"];
	q1 -> m8 [label = "a, b, c"];
	q2 -> m5 [label = "c"];
	q5 -> m0 [label = "a"];
	q4 -> m6 [label = "b"];
	q5 -> m1 [label = "a"];
	q10 -> m8 [label = "a"];
	q7 -> m5 [label = "c"];
	q7 -> m9 [label = "b"];
	q3 -> m10 [label = "a"];
	q4 -> m1 [label = "c"];
	q6 -> m8 [label = "c"];
	q1 -> m11 [label = "a"];
	q5 -> m5 [label = "c"];
	m0 -> q2;
	m0 -> q9;
	m1 -> q5;
	m1 -> q7;
	m2 -> q0;
	m2 -> q2;
	m2 -> q4;
	m2 -> q5;
	m2 -> q7;
	m2 -> q8;
	m2 -> q9;
	m3 -> q4;
	m3 -> q10;
	m4 -> q0;
	m4 -> q2;
	m4 -> q3;
	m4 -> q4;
	m4 -> q5;
	m4 -> q7;
	m4 -> q8;
	m4 -> q10;
	m5 -> q0;
	m5 -> q2;
	m5 -> q5;
	m5 -> q6;
	m5 -> q7;
	m5 -> q9;
	m5 -> q10;
	m6 -> q0;
	m6 -> q2;
	m6 -> q7;
	m6 -> q9;
	m7 -> q0;
	m7 -> q2;
	m7 -> q5;
	m7 -> q7;
	m8 -> q0;
	m8 -> q1;
	m8 -> q2;
	m8 -> q3;
	m8 -> q4;
	m8 -> q6;
	m8 -> q7;
	m8 -> q8;
	m8 -> q9;
	m8 -> q10;
	m9 -> q2;
	m9 -> q7;
	m10 -> q0;
	m10 -> q1;
	m10 -> q2;
	m10 -> q4;
	m10 -> q5;
	m10 -> q6;
	m10 -> q7;
	m10 -> q8;
	m10 -> q9;
	m11 -> q2;
	m11 -> q5;
	m11 -> q6;
	m11 -> q7;
	m11 -> q9;
	m12 -> q2;
	m12 -> q4;
	m12 -> q9;
	m12 -> q10;
}
RAFA size: 11 states

