Random target AFA:
digraph finite_state_machine {
	rankdir=LR;
	node [shape = circle];
	s0 [shape = point, style = invis, start="true" ];
	s1 [shape = point, style = invis, start="true" ];
	q0 [label = "q0"];
	q1 [label = "q1"];
	q2 [label = "q2", shape = doublecircle, final="true" ];
	q3 [label = "q3", shape = doublecircle, final="true" ];
	q4 [label = "q4"];
	q5 [label = "q5", shape = doublecircle, final="true" ];
	m0 [label = "", shape = square, style = filled, color=grey, fixedsize=true, width=.2];
	m1 [label = "", shape = square, style = filled, color=grey, fixedsize=true, width=.2];
	m2 [label = "", shape = square, style = filled, color=grey, fixedsize=true, width=.2];
	m3 [label = "", shape = square, style = filled, color=grey, fixedsize=true, width=.2];
	m4 [label = "", shape = square, style = filled, color=grey, fixedsize=true, width=.2];
	m5 [label = "", shape = square, style = filled, color=grey, fixedsize=true, width=.2];
	m6 [label = "", shape = square, style = filled, color=grey, fixedsize=true, width=.2];
	m7 [label = "", shape = square, style = filled, color=grey, fixedsize=true, width=.2];
	m8 [label = "", shape = square, style = filled, color=grey, fixedsize=true, width=.2];
	s0 -> q2
	s1 -> q0
	q3 -> q3 [label = "c"];
	q5 -> m3 [label = "b"];
	q2 -> m7 [label = "c"];
	q2 -> m0 [label = "c"];
	q4 -> m6 [label = "b"];
	q3 -> q1 [label = "a"];
	q1 -> q5 [label = "b, c"];
	q3 -> m8 [label = "c"];
	q3 -> q0 [label = "a, b"];
	q3 -> m5 [label = "b"];
	q1 -> m4 [label = "a"];
	q1 -> q2 [label = "a, b"];
	q5 -> q0 [label = "a, c"];
	q4 -> q3 [label = "c"];
	q0 -> q4 [label = "a"];
	q2 -> q5 [label = "a"];
	q4 -> q1 [label = "b"];
	q4 -> m3 [label = "a"];
	q0 -> m0 [label = "a"];
	q5 -> q3 [label = "b"];
	q5 -> q5 [label = "a, c"];
	q2 -> m1 [label = "b"];
	q0 -> m2 [label = "b"];
	q2 -> q1 [label = "a, b"];
	q1 -> q4 [label = "c"];
	q0 -> q5 [label = "b, c"];
	q4 -> q5 [label = "a, c"];
	q0 -> m3 [label = "c"];
	m0 -> q0;
	m0 -> q2;
	m1 -> q1;
	m1 -> q2;
	m2 -> q1;
	m2 -> q3;
	m3 -> q2;
	m3 -> q3;
	m4 -> q3;
	m4 -> q5;
	m5 -> q0;
	m5 -> q4;
	m6 -> q2;
	m6 -> q5;
	m7 -> q2;
	m7 -> q4;
	m8 -> q0;
	m8 -> q1;
}

L* output after 1 EQ and 4 MQ:
digraph finite_state_machine {
	rankdir=LR;
	node [shape = circle];
	s0 [shape = point, style = invis, start="true" ];
	q0 [label = "q0", shape = doublecircle, final="true" ];
	s0 -> q0
	q0 -> q0 [label = "a, b, c"];
}
DFA size: 1 state

NL* output after 1 EQ and 4 MQ:
digraph finite_state_machine {
	rankdir=LR;
	node [shape = circle];
	s0 [shape = point, style = invis, start="true" ];
	q0 [label = "q0", shape = doublecircle, final="true" ];
	s0 -> q0
	q0 -> q0 [label = "a, b, c"];
}
NFA size: 1 state

AL* output after 1 EQ and 4 MQ:
digraph finite_state_machine {
	rankdir=LR;
	node [shape = circle];
	s0 [shape = point, style = invis, start="true" ];
	m0 [label = "", shape = square, style = filled, color=grey, fixedsize=true, width=.2];
	s0 -> m0
}
AFA size: 0 states

AL** output after 2 EQ and 4 MQ:
digraph finite_state_machine {
	rankdir=LR;
	node [shape = circle];
	s0 [shape = point, style = invis, start="true" ];
	m0 [label = "", shape = square, style = filled, color=grey, fixedsize=true, width=.2];
	s0 -> m0
}
RAFA size: 0 states

