Random target AFA:
digraph finite_state_machine {
	rankdir=LR;
	node [shape = circle];
	s0 [shape = point, style = invis, start="true" ];
	s1 [shape = point, style = invis, start="true" ];
	q0 [label = "q0", shape = doublecircle, final="true" ];
	q1 [label = "q1"];
	q2 [label = "q2", shape = doublecircle, final="true" ];
	q3 [label = "q3", shape = doublecircle, final="true" ];
	q4 [label = "q4"];
	q5 [label = "q5", shape = doublecircle, final="true" ];
	m0 [label = "", shape = square, style = filled, color=grey, fixedsize=true, width=.2];
	m1 [label = "", shape = square, style = filled, color=grey, fixedsize=true, width=.2];
	m2 [label = "", shape = square, style = filled, color=grey, fixedsize=true, width=.2];
	m3 [label = "", shape = square, style = filled, color=grey, fixedsize=true, width=.2];
	m4 [label = "", shape = square, style = filled, color=grey, fixedsize=true, width=.2];
	m5 [label = "", shape = square, style = filled, color=grey, fixedsize=true, width=.2];
	m6 [label = "", shape = square, style = filled, color=grey, fixedsize=true, width=.2];
	m7 [label = "", shape = square, style = filled, color=grey, fixedsize=true, width=.2];
	m8 [label = "", shape = square, style = filled, color=grey, fixedsize=true, width=.2];
	s0 -> q1
	s1 -> q1
	q5 -> q2 [label = "b"];
	q2 -> m8 [label = "c"];
	q4 -> m7 [label = "b"];
	q1 -> m6 [label = "c"];
	q5 -> q0 [label = "a"];
	q5 -> m5 [label = "a"];
	q1 -> m1 [label = "c"];
	q3 -> m4 [label = "a"];
	q2 -> q4 [label = "c"];
	q3 -> q1 [label = "a"];
	q3 -> q5 [label = "b"];
	q1 -> q1 [label = "b"];
	q3 -> q0 [label = "b"];
	q4 -> q3 [label = "b, c"];
	q0 -> q2 [label = "a, b"];
	q0 -> q1 [label = "a, c"];
	q5 -> q1 [label = "b"];
	q1 -> q4 [label = "a, b"];
	q2 -> q3 [label = "a, b"];
	q3 -> m0 [label = "c"];
	q4 -> q1 [label = "a"];
	q0 -> m0 [label = "b"];
	q4 -> q4 [label = "c"];
	q4 -> m2 [label = "a"];
	q3 -> m3 [label = "c"];
	q5 -> q4 [label = "c"];
	q5 -> m3 [label = "c"];
	q0 -> m1 [label = "c"];
	q1 -> m3 [label = "a"];
	m0 -> q4;
	m0 -> q5;
	m1 -> q1;
	m1 -> q2;
	m2 -> q1;
	m2 -> q4;
	m3 -> q0;
	m3 -> q4;
	m4 -> q0;
	m4 -> q2;
	m5 -> q0;
	m5 -> q5;
	m6 -> q3;
	m6 -> q5;
	m7 -> q1;
	m7 -> q5;
	m8 -> q2;
	m8 -> q5;
}

L* output after 9 EQ and 5181 MQ:
digraph finite_state_machine {
	rankdir=LR;
	node [shape = circle];
	s0 [shape = point, style = invis, start="true" ];
	q0 [label = "q0", shape = doublecircle, final="true" ];
	q1 [label = "q1", shape = doublecircle, final="true" ];
	q2 [label = "q2", shape = doublecircle, final="true" ];
	q3 [label = "q3", shape = doublecircle, final="true" ];
	q4 [label = "q4", shape = doublecircle, final="true" ];
	q5 [label = "q5", shape = doublecircle, final="true" ];
	q6 [label = "q6", shape = doublecircle, final="true" ];
	q7 [label = "q7", shape = doublecircle, final="true" ];
	q8 [label = "q8", shape = doublecircle, final="true" ];
	q9 [label = "q9", shape = doublecircle, final="true" ];
	q10 [label = "q10", shape = doublecircle, final="true" ];
	q11 [label = "q11", shape = doublecircle, final="true" ];
	q12 [label = "q12", shape = doublecircle, final="true" ];
	q13 [label = "q13", shape = doublecircle, final="true" ];
	q14 [label = "q14", shape = doublecircle, final="true" ];
	q15 [label = "q15", shape = doublecircle, final="true" ];
	q16 [label = "q16", shape = doublecircle, final="true" ];
	q17 [label = "q17", shape = doublecircle, final="true" ];
	q18 [label = "q18", shape = doublecircle, final="true" ];
	q19 [label = "q19"];
	q20 [label = "q20", shape = doublecircle, final="true" ];
	q21 [label = "q21", shape = doublecircle, final="true" ];
	q22 [label = "q22", shape = doublecircle, final="true" ];
	q23 [label = "q23"];
	q24 [label = "q24"];
	q25 [label = "q25", shape = doublecircle, final="true" ];
	q26 [label = "q26"];
	q27 [label = "q27", shape = doublecircle, final="true" ];
	q28 [label = "q28", shape = doublecircle, final="true" ];
	q29 [label = "q29"];
	q30 [label = "q30", shape = doublecircle, final="true" ];
	q31 [label = "q31", shape = doublecircle, final="true" ];
	q32 [label = "q32", shape = doublecircle, final="true" ];
	q33 [label = "q33"];
	q34 [label = "q34", shape = doublecircle, final="true" ];
	q35 [label = "q35", shape = doublecircle, final="true" ];
	q36 [label = "q36", shape = doublecircle, final="true" ];
	q37 [label = "q37", shape = doublecircle, final="true" ];
	q38 [label = "q38", shape = doublecircle, final="true" ];
	q39 [label = "q39"];
	q40 [label = "q40", shape = doublecircle, final="true" ];
	q41 [label = "q41", shape = doublecircle, final="true" ];
	q42 [label = "q42", shape = doublecircle, final="true" ];
	s0 -> q26
	q40 -> q39 [label = "c"];
	q42 -> q12 [label = "a"];
	q41 -> q10 [label = "c"];
	q40 -> q5 [label = "a, b"];
	q42 -> q37 [label = "b"];
	q34 -> q11 [label = "c"];
	q35 -> q2 [label = "a"];
	q33 -> q31 [label = "b"];
	q32 -> q6 [label = "a"];
	q29 -> q14 [label = "b"];
	q29 -> q23 [label = "a"];
	q38 -> q13 [label = "c"];
	q25 -> q18 [label = "c"];
	q27 -> q4 [label = "b"];
	q39 -> q37 [label = "b"];
	q31 -> q33 [label = "c"];
	q30 -> q14 [label = "a, b"];
	q28 -> q34 [label = "a"];
	q24 -> q16 [label = "c"];
	q26 -> q24 [label = "a"];
	q39 -> q29 [label = "a"];
	q38 -> q40 [label = "b"];
	q32 -> q3 [label = "b"];
	q24 -> q17 [label = "b"];
	q28 -> q16 [label = "c"];
	q41 -> q12 [label = "a"];
	q26 -> q23 [label = "b"];
	q24 -> q26 [label = "a"];
	q19 -> q13 [label = "c"];
	q36 -> q17 [label = "b"];
	q9 -> q15 [label = "b"];
	q11 -> q9 [label = "a"];
	q9 -> q20 [label = "a"];
	q11 -> q40 [label = "b"];
	q25 -> q22 [label = "a"];
	q8 -> q28 [label = "c"];
	q12 -> q14 [label = "a, b"];
	q36 -> q16 [label = "c"];
	q10 -> q35 [label = "b"];
	q35 -> q23 [label = "c"];
	q11 -> q8 [label = "c"];
	q13 -> q37 [label = "b"];
	q15 -> q12 [label = "a"];
	q26 -> q25 [label = "c"];
	q20 -> q42 [label = "c"];
	q23 -> q23 [label = "a"];
	q21 -> q14 [label = "a"];
	q29 -> q38 [label = "c"];
	q10 -> q16 [label = "c"];
	q37 -> q5 [label = "a"];
	q7 -> q14 [label = "a"];
	q42 -> q10 [label = "c"];
	q6 -> q3 [label = "a, b"];
	q16 -> q16 [label = "c"];
	q38 -> q12 [label = "a"];
	q35 -> q1 [label = "b"];
	q18 -> q28 [label = "c"];
	q18 -> q30 [label = "a"];
	q33 -> q26 [label = "a"];
	q30 -> q11 [label = "c"];
	q17 -> q33 [label = "c"];
	q22 -> q19 [label = "c"];
	q23 -> q21 [label = "b"];
	q37 -> q39 [label = "c"];
	q10 -> q30 [label = "a"];
	q31 -> q5 [label = "b"];
	q25 -> q40 [label = "b"];
	q14 -> q14 [label = "a"];
	q5 -> q14 [label = "a"];
	q16 -> q35 [label = "b"];
	q20 -> q21 [label = "b"];
	q15 -> q7 [label = "b"];
	q33 -> q28 [label = "c"];
	q18 -> q31 [label = "b"];
	q14 -> q21 [label = "b"];
	q19 -> q40 [label = "b"];
	q3 -> q21 [label = "a"];
	q7 -> q42 [label = "c"];
	q28 -> q37 [label = "b"];
	q23 -> q41 [label = "c"];
	q34 -> q14 [label = "b"];
	q19 -> q29 [label = "a"];
	q39 -> q10 [label = "c"];
	q36 -> q30 [label = "a"];
	q17 -> q30 [label = "a"];
	q16 -> q34 [label = "a"];
	q20 -> q28 [label = "a"];
	q21 -> q41 [label = "c"];
	q4 -> q21 [label = "c"];
	q13 -> q16 [label = "c"];
	q13 -> q30 [label = "a"];
	q9 -> q38 [label = "c"];
	q21 -> q27 [label = "b"];
	q22 -> q15 [label = "b"];
	q3 -> q41 [label = "c"];
	q5 -> q21 [label = "b"];
	q2 -> q14 [label = "c"];
	q17 -> q32 [label = "b"];
	q4 -> q4 [label = "b"];
	q1 -> q14 [label = "c"];
	q27 -> q21 [label = "c"];
	q1 -> q3 [label = "b"];
	q37 -> q32 [label = "b"];
	q8 -> q40 [label = "b"];
	q41 -> q35 [label = "b"];
	q7 -> q27 [label = "b"];
	q15 -> q36 [label = "c"];
	q22 -> q20 [label = "a"];
	q3 -> q27 [label = "b"];
	q32 -> q14 [label = "c"];
	q31 -> q30 [label = "a"];
	q1 -> q0 [label = "a"];
	q27 -> q6 [label = "a"];
	q5 -> q42 [label = "c"];
	q4 -> q0 [label = "a"];
	q8 -> q30 [label = "a"];
	q0 -> q21 [label = "c"];
	q2 -> q3 [label = "a, b"];
	q6 -> q21 [label = "c"];
	q12 -> q38 [label = "c"];
	q34 -> q28 [label = "a"];
	q0 -> q4 [label = "b"];
	q0 -> q3 [label = "a"];
	q14 -> q41 [label = "c"];
}
DFA size: 43 states

NL* output after 12 EQ and 4222 MQ:
digraph finite_state_machine {
	rankdir=LR;
	node [shape = circle];
	s0 [shape = point, style = invis, start="true" ];
	q0 [label = "q0", shape = doublecircle, final="true" ];
	q1 [label = "q1", shape = doublecircle, final="true" ];
	q2 [label = "q2"];
	q3 [label = "q3", shape = doublecircle, final="true" ];
	q4 [label = "q4", shape = doublecircle, final="true" ];
	q5 [label = "q5", shape = doublecircle, final="true" ];
	q6 [label = "q6", shape = doublecircle, final="true" ];
	q7 [label = "q7", shape = doublecircle, final="true" ];
	q8 [label = "q8"];
	q9 [label = "q9", shape = doublecircle, final="true" ];
	q10 [label = "q10", shape = doublecircle, final="true" ];
	q11 [label = "q11", shape = doublecircle, final="true" ];
	q12 [label = "q12"];
	q13 [label = "q13", shape = doublecircle, final="true" ];
	q14 [label = "q14", shape = doublecircle, final="true" ];
	q15 [label = "q15"];
	q16 [label = "q16"];
	q17 [label = "q17", shape = doublecircle, final="true" ];
	q18 [label = "q18", shape = doublecircle, final="true" ];
	q19 [label = "q19", shape = doublecircle, final="true" ];
	q20 [label = "q20", shape = doublecircle, final="true" ];
	q21 [label = "q21", shape = doublecircle, final="true" ];
	q22 [label = "q22", shape = doublecircle, final="true" ];
	q23 [label = "q23", shape = doublecircle, final="true" ];
	s0 -> q12
	q20 -> q23 [label = "b"];
	q20 -> q21 [label = "b"];
	q20 -> q20 [label = "b"];
	q20 -> q14 [label = "b"];
	q20 -> q12 [label = "b"];
	q20 -> q11 [label = "b"];
	q20 -> q7 [label = "b"];
	q20 -> q6 [label = "b"];
	q20 -> q2 [label = "b"];
	q17 -> q9 [label = "c"];
	q21 -> q12 [label = "a"];
	q19 -> q3 [label = "a"];
	q19 -> q18 [label = "b"];
	q17 -> q7 [label = "a"];
	q17 -> q6 [label = "a"];
	q23 -> q15 [label = "c"];
	q21 -> q21 [label = "c"];
	q21 -> q9 [label = "c"];
	q16 -> q17 [label = "c"];
	q16 -> q15 [label = "c"];
	q16 -> q9 [label = "c"];
	q16 -> q8 [label = "c"];
	q16 -> q4 [label = "c"];
	q22 -> q23 [label = "a, b"];
	q22 -> q19 [label = "b"];
	q22 -> q17 [label = "a, b"];
	q22 -> q13 [label = "a, b"];
	q22 -> q11 [label = "a, b"];
	q22 -> q10 [label = "a, b"];
	q22 -> q7 [label = "a, b"];
	q22 -> q5 [label = "a, b"];
	q22 -> q3 [label = "a, b"];
	q22 -> q0 [label = "a, b"];
	q22 -> q15 [label = "c"];
	q22 -> q12 [label = "a, b, c"];
	q22 -> q8 [label = "a, b, c"];
	q22 -> q2 [label = "a, b, c"];
	q18 -> q23 [label = "b"];
	q18 -> q17 [label = "b"];
	q18 -> q14 [label = "b"];
	q18 -> q13 [label = "b"];
	q18 -> q12 [label = "a, b"];
	q10 -> q16 [label = "b"];
	q20 -> q0 [label = "b"];
	q2 -> q15 [label = "a, b"];
	q2 -> q11 [label = "b"];
	q9 -> q10 [label = "b"];
	q16 -> q23 [label = "b"];
	q23 -> q0 [label = "a, b"];
	q2 -> q10 [label = "b"];
	q6 -> q13 [label = "a, b, c"];
	q2 -> q7 [label = "b"];
	q3 -> q8 [label = "a, b, c"];
	q17 -> q10 [label = "b"];
	q2 -> q4 [label = "b, c"];
	q2 -> q2 [label = "a, b"];
	q3 -> q16 [label = "a, b, c"];
	q2 -> q0 [label = "b"];
	q4 -> q8 [label = "c"];
	q7 -> q12 [label = "b"];
	q22 -> q14 [label = "a, b"];
	q10 -> q20 [label = "b"];
	q19 -> q5 [label = "a, b, c"];
	q10 -> q8 [label = "b, c"];
	q20 -> q18 [label = "b"];
	q18 -> q19 [label = "b"];
	q2 -> q5 [label = "b, c"];
	q6 -> q5 [label = "a, b, c"];
	q10 -> q5 [label = "b"];
	q19 -> q6 [label = "a, b, c"];
	q19 -> q21 [label = "b"];
	q10 -> q2 [label = "b"];
	q19 -> q23 [label = "a, b, c"];
	q10 -> q0 [label = "b"];
	q11 -> q0 [label = "a, b"];
	q16 -> q10 [label = "b"];
	q0 -> q13 [label = "b, c"];
	q14 -> q16 [label = "c"];
	q18 -> q16 [label = "b"];
	q3 -> q1 [label = "a, b"];
	q18 -> q4 [label = "b"];
	q10 -> q6 [label = "a, b"];
	q0 -> q17 [label = "c"];
	q9 -> q8 [label = "c"];
	q21 -> q22 [label = "b"];
	q12 -> q15 [label = "a, b"];
	q10 -> q12 [label = "a, b"];
	q0 -> q12 [label = "a"];
	q14 -> q10 [label = "b"];
	q8 -> q9 [label = "c"];
	q18 -> q5 [label = "b"];
	q9 -> q18 [label = "b"];
	q1 -> q8 [label = "a, b, c"];
	q13 -> q8 [label = "c"];
	q2 -> q14 [label = "b"];
	q7 -> q13 [label = "b, c"];
	q11 -> q17 [label = "b, c"];
	q11 -> q23 [label = "b"];
	q11 -> q8 [label = "b, c"];
	q11 -> q11 [label = "b"];
	q15 -> q9 [label = "c"];
	q16 -> q12 [label = "a"];
	q2 -> q17 [label = "b, c"];
	q15 -> q8 [label = "c"];
	q19 -> q11 [label = "a, b, c"];
	q10 -> q14 [label = "b"];
	q15 -> q12 [label = "a"];
	q2 -> q23 [label = "b"];
	q23 -> q7 [label = "a, b"];
	q19 -> q9 [label = "a, b, c"];
	q14 -> q7 [label = "a"];
	q20 -> q15 [label = "a, b, c"];
	q19 -> q2 [label = "a, b, c"];
	q6 -> q17 [label = "a, b"];
	q19 -> q0 [label = "a, b, c"];
	q1 -> q16 [label = "a, b, c"];
	q12 -> q13 [label = "c"];
	q21 -> q23 [label = "b"];
	q2 -> q16 [label = "a, b, c"];
	q11 -> q14 [label = "a, b"];
	q21 -> q7 [label = "a"];
	q19 -> q4 [label = "a, b, c"];
	q6 -> q2 [label = "a, b"];
	q4 -> q9 [label = "c"];
	q0 -> q20 [label = "a"];
	q14 -> q13 [label = "b"];
	q12 -> q8 [label = "a, b"];
	q7 -> q6 [label = "b"];
	q15 -> q18 [label = "b"];
	q21 -> q18 [label = "b"];
	q3 -> q11 [label = "a, b, c"];
	q0 -> q11 [label = "b"];
	q21 -> q14 [label = "b"];
	q23 -> q23 [label = "a, b"];
	q17 -> q8 [label = "c"];
	q9 -> q23 [label = "b"];
	q2 -> q9 [label = "b"];
	q6 -> q15 [label = "a, b"];
	q9 -> q14 [label = "b"];
	q23 -> q10 [label = "a, b"];
	q1 -> q18 [label = "a, b"];
	q10 -> q7 [label = "a, b"];
	q14 -> q12 [label = "a"];
	q19 -> q7 [label = "a, b, c"];
	q23 -> q2 [label = "a, b"];
	q19 -> q16 [label = "a, b, c"];
	q3 -> q14 [label = "a, b, c"];
	q23 -> q11 [label = "a, b"];
	q23 -> q17 [label = "a, b"];
	q17 -> q15 [label = "c"];
	q23 -> q4 [label = "a, b"];
	q19 -> q1 [label = "b"];
	q4 -> q7 [label = "a"];
	q19 -> q13 [label = "a, b, c"];
	q23 -> q14 [label = "a, b"];
	q18 -> q20 [label = "b"];
	q2 -> q13 [label = "b, c"];
	q14 -> q11 [label = "b"];
	q10 -> q13 [label = "b"];
	q23 -> q13 [label = "a, b"];
	q18 -> q11 [label = "b"];
	q19 -> q17 [label = "a, b, c"];
	q23 -> q5 [label = "a, b"];
	q8 -> q12 [label = "a"];
	q11 -> q2 [label = "a, b"];
	q10 -> q17 [label = "b"];
	q23 -> q8 [label = "a, b, c"];
	q2 -> q6 [label = "b"];
	q8 -> q8 [label = "c"];
	q1 -> q14 [label = "a, b"];
	q0 -> q10 [label = "b"];
	q5 -> q10 [label = "b"];
	q7 -> q16 [label = "b"];
	q23 -> q16 [label = "a, b, c"];
	q1 -> q23 [label = "a, b"];
	q17 -> q12 [label = "a"];
	q11 -> q12 [label = "a, b"];
	q19 -> q14 [label = "a, b, c"];
	q7 -> q14 [label = "b"];
	q19 -> q15 [label = "a, b, c"];
	q8 -> q15 [label = "c"];
	q18 -> q2 [label = "b"];
	q2 -> q20 [label = "b"];
	q6 -> q0 [label = "a, b"];
	q9 -> q12 [label = "a"];
	q10 -> q11 [label = "b"];
	q11 -> q20 [label = "b"];
	q21 -> q15 [label = "c"];
	q14 -> q20 [label = "a"];
	q19 -> q20 [label = "a, b, c"];
	q13 -> q17 [label = "c"];
	q11 -> q10 [label = "a, b"];
	q8 -> q10 [label = "b"];
	q7 -> q2 [label = "b"];
	q5 -> q17 [label = "c"];
	q7 -> q5 [label = "b, c"];
	q11 -> q18 [label = "b"];
	q0 -> q4 [label = "c"];
	q21 -> q10 [label = "b"];
	q23 -> q12 [label = "a, b"];
	q23 -> q6 [label = "a, b"];
	q16 -> q2 [label = "a"];
	q0 -> q5 [label = "c"];
	q19 -> q8 [label = "a, b, c"];
	q19 -> q10 [label = "a, b, c"];
	q11 -> q6 [label = "a, b"];
	q0 -> q7 [label = "a"];
	q15 -> q15 [label = "c"];
	q4 -> q6 [label = "a"];
	q10 -> q23 [label = "b"];
	q15 -> q21 [label = "c"];
	q11 -> q13 [label = "a, b"];
	q3 -> q2 [label = "a, b, c"];
	q4 -> q23 [label = "b"];
	q5 -> q23 [label = "b"];
	q6 -> q6 [label = "a, b"];
	q6 -> q7 [label = "a, b"];
	q6 -> q8 [label = "a, b"];
	q6 -> q9 [label = "a, b"];
	q6 -> q11 [label = "a, b"];
	q6 -> q12 [label = "a, b"];
	q22 -> q20 [label = "a, b"];
	q1 -> q11 [label = "a, b"];
	q6 -> q14 [label = "a, b"];
	q1 -> q4 [label = "a, b, c"];
	q16 -> q14 [label = "b"];
	q20 -> q4 [label = "b, c"];
	q6 -> q16 [label = "a, b"];
	q7 -> q9 [label = "a, b"];
	q6 -> q20 [label = "a, b"];
	q3 -> q13 [label = "a, b, c"];
	q6 -> q23 [label = "a, b"];
	q0 -> q8 [label = "c"];
	q0 -> q16 [label = "c"];
	q11 -> q15 [label = "c"];
	q4 -> q12 [label = "a"];
	q5 -> q4 [label = "c"];
	q3 -> q17 [label = "a, b, c"];
	q2 -> q12 [label = "a, b"];
	q5 -> q8 [label = "c"];
	q1 -> q0 [label = "a, b"];
	q1 -> q5 [label = "a, b, c"];
	q3 -> q23 [label = "a, b, c"];
	q1 -> q6 [label = "a, b"];
	q1 -> q17 [label = "a, b, c"];
	q1 -> q7 [label = "a, b"];
	q1 -> q9 [label = "a, b, c"];
	q11 -> q4 [label = "b"];
	q1 -> q10 [label = "a, b"];
	q22 -> q6 [label = "a, b"];
	q1 -> q12 [label = "a, b"];
	q1 -> q13 [label = "a, b, c"];
	q1 -> q15 [label = "a, b, c"];
	q18 -> q8 [label = "b, c"];
	q1 -> q21 [label = "a, b, c"];
	q3 -> q5 [label = "a, b, c"];
	q18 -> q10 [label = "b"];
	q7 -> q20 [label = "b"];
	q11 -> q16 [label = "b"];
	q3 -> q0 [label = "a, b, c"];
	q3 -> q4 [label = "a, b, c"];
	q22 -> q16 [label = "a, b, c"];
	q3 -> q7 [label = "a, b, c"];
	q7 -> q10 [label = "b"];
	q7 -> q11 [label = "b"];
	q3 -> q9 [label = "a, b, c"];
	q3 -> q12 [label = "a, b, c"];
	q9 -> q7 [label = "a"];
	q3 -> q18 [label = "a, b"];
	q3 -> q20 [label = "a, b, c"];
	q3 -> q21 [label = "a, b"];
	q1 -> q2 [label = "a, b"];
	q1 -> q19 [label = "b"];
	q20 -> q10 [label = "b"];
	q1 -> q22 [label = "b"];
	q7 -> q0 [label = "b"];
	q10 -> q4 [label = "b"];
	q7 -> q4 [label = "b"];
	q1 -> q20 [label = "a, b"];
	q6 -> q10 [label = "a, b"];
	q15 -> q10 [label = "b"];
	q3 -> q10 [label = "a, b, c"];
	q7 -> q7 [label = "b"];
	q7 -> q8 [label = "a, b"];
	q20 -> q9 [label = "a, b, c"];
	q7 -> q15 [label = "a, b"];
	q3 -> q15 [label = "a, b, c"];
	q7 -> q17 [label = "b"];
	q20 -> q17 [label = "b, c"];
	q7 -> q23 [label = "b"];
	q4 -> q10 [label = "b"];
	q5 -> q0 [label = "a"];
	q5 -> q14 [label = "a, b"];
	q4 -> q14 [label = "b"];
	q23 -> q20 [label = "a, b"];
	q9 -> q9 [label = "c"];
	q9 -> q15 [label = "c"];
	q21 -> q8 [label = "c"];
	q3 -> q6 [label = "a, b, c"];
	q9 -> q21 [label = "c"];
	q11 -> q5 [label = "a, b"];
	q13 -> q14 [label = "a, b"];
	q12 -> q2 [label = "b"];
	q12 -> q12 [label = "b"];
	q12 -> q16 [label = "b"];
	q10 -> q10 [label = "b"];
	q19 -> q12 [label = "a, b, c"];
	q13 -> q23 [label = "b"];
	q20 -> q5 [label = "b, c"];
	q20 -> q8 [label = "a, b, c"];
	q2 -> q8 [label = "a, b, c"];
	q14 -> q8 [label = "c"];
	q20 -> q13 [label = "b, c"];
	q22 -> q4 [label = "a, b"];
	q20 -> q16 [label = "b, c"];
	q4 -> q15 [label = "c"];
	q18 -> q0 [label = "b"];
	q11 -> q7 [label = "a, b"];
	q13 -> q10 [label = "b"];
	q18 -> q6 [label = "a, b"];
	q6 -> q4 [label = "a, b"];
	q18 -> q7 [label = "a, b"];
}
NFA size: 24 states

