Random target AFA:
digraph finite_state_machine {
	rankdir=LR;
	node [shape = circle];
	s0 [shape = point, style = invis, start="true" ];
	s1 [shape = point, style = invis, start="true" ];
	q0 [label = "q0", shape = doublecircle, final="true" ];
	q1 [label = "q1"];
	q2 [label = "q2"];
	q3 [label = "q3", shape = doublecircle, final="true" ];
	q4 [label = "q4"];
	q5 [label = "q5", shape = doublecircle, final="true" ];
	m0 [label = "", shape = square, style = filled, color=grey, fixedsize=true, width=.2];
	m1 [label = "", shape = square, style = filled, color=grey, fixedsize=true, width=.2];
	m2 [label = "", shape = square, style = filled, color=grey, fixedsize=true, width=.2];
	m3 [label = "", shape = square, style = filled, color=grey, fixedsize=true, width=.2];
	m4 [label = "", shape = square, style = filled, color=grey, fixedsize=true, width=.2];
	m5 [label = "", shape = square, style = filled, color=grey, fixedsize=true, width=.2];
	m6 [label = "", shape = square, style = filled, color=grey, fixedsize=true, width=.2];
	m7 [label = "", shape = square, style = filled, color=grey, fixedsize=true, width=.2];
	m8 [label = "", shape = square, style = filled, color=grey, fixedsize=true, width=.2];
	s0 -> q1
	s1 -> q2
	q4 -> m4 [label = "a"];
	q5 -> q0 [label = "c"];
	q1 -> q2 [label = "a"];
	q2 -> m4 [label = "a"];
	q0 -> q1 [label = "b, c"];
	q4 -> q3 [label = "a"];
	q0 -> q5 [label = "a"];
	q5 -> q1 [label = "a"];
	q0 -> m1 [label = "a"];
	q5 -> q2 [label = "a"];
	q2 -> q5 [label = "c"];
	q5 -> m5 [label = "b, c"];
	q3 -> q5 [label = "c"];
	q3 -> q2 [label = "b"];
	q2 -> q2 [label = "a"];
	q0 -> q2 [label = "b, c"];
	q4 -> m0 [label = "c"];
	q1 -> m6 [label = "a"];
	q3 -> m5 [label = "c"];
	q3 -> q1 [label = "b"];
	q2 -> m3 [label = "b"];
	q1 -> q3 [label = "b, c"];
	q3 -> q3 [label = "a"];
	q2 -> m2 [label = "b"];
	q1 -> m7 [label = "b"];
	q3 -> q4 [label = "a"];
	q2 -> m7 [label = "c"];
	q5 -> m8 [label = "b"];
	q4 -> q0 [label = "b, c"];
	q4 -> q2 [label = "b"];
	m0 -> q2;
	m0 -> q5;
	m1 -> q0;
	m1 -> q5;
	m2 -> q3;
	m2 -> q5;
	m3 -> q1;
	m3 -> q5;
	m4 -> q2;
	m4 -> q3;
	m5 -> q0;
	m5 -> q4;
	m6 -> q3;
	m6 -> q4;
	m7 -> q1;
	m7 -> q3;
	m8 -> q4;
	m8 -> q5;
}

L* output after 11 EQ and 14456 MQ:
digraph finite_state_machine {
	rankdir=LR;
	node [shape = circle];
	s0 [shape = point, style = invis, start="true" ];
	q0 [label = "q0", shape = doublecircle, final="true" ];
	q1 [label = "q1", shape = doublecircle, final="true" ];
	q2 [label = "q2", shape = doublecircle, final="true" ];
	q3 [label = "q3", shape = doublecircle, final="true" ];
	q4 [label = "q4", shape = doublecircle, final="true" ];
	q5 [label = "q5", shape = doublecircle, final="true" ];
	q6 [label = "q6", shape = doublecircle, final="true" ];
	q7 [label = "q7", shape = doublecircle, final="true" ];
	q8 [label = "q8", shape = doublecircle, final="true" ];
	q9 [label = "q9", shape = doublecircle, final="true" ];
	q10 [label = "q10"];
	q11 [label = "q11", shape = doublecircle, final="true" ];
	q12 [label = "q12", shape = doublecircle, final="true" ];
	q13 [label = "q13", shape = doublecircle, final="true" ];
	q14 [label = "q14"];
	q15 [label = "q15", shape = doublecircle, final="true" ];
	q16 [label = "q16", shape = doublecircle, final="true" ];
	q17 [label = "q17", shape = doublecircle, final="true" ];
	q18 [label = "q18", shape = doublecircle, final="true" ];
	q19 [label = "q19", shape = doublecircle, final="true" ];
	q20 [label = "q20", shape = doublecircle, final="true" ];
	q21 [label = "q21"];
	q22 [label = "q22", shape = doublecircle, final="true" ];
	q23 [label = "q23", shape = doublecircle, final="true" ];
	q24 [label = "q24", shape = doublecircle, final="true" ];
	q25 [label = "q25", shape = doublecircle, final="true" ];
	q26 [label = "q26"];
	q27 [label = "q27", shape = doublecircle, final="true" ];
	q28 [label = "q28", shape = doublecircle, final="true" ];
	q29 [label = "q29"];
	q30 [label = "q30", shape = doublecircle, final="true" ];
	q31 [label = "q31", shape = doublecircle, final="true" ];
	q32 [label = "q32", shape = doublecircle, final="true" ];
	q33 [label = "q33", shape = doublecircle, final="true" ];
	q34 [label = "q34", shape = doublecircle, final="true" ];
	q35 [label = "q35", shape = doublecircle, final="true" ];
	q36 [label = "q36"];
	q37 [label = "q37", shape = doublecircle, final="true" ];
	q38 [label = "q38", shape = doublecircle, final="true" ];
	q39 [label = "q39", shape = doublecircle, final="true" ];
	q40 [label = "q40", shape = doublecircle, final="true" ];
	q41 [label = "q41", shape = doublecircle, final="true" ];
	q42 [label = "q42", shape = doublecircle, final="true" ];
	q43 [label = "q43", shape = doublecircle, final="true" ];
	q44 [label = "q44", shape = doublecircle, final="true" ];
	q45 [label = "q45"];
	q46 [label = "q46", shape = doublecircle, final="true" ];
	q47 [label = "q47"];
	q48 [label = "q48", shape = doublecircle, final="true" ];
	q49 [label = "q49", shape = doublecircle, final="true" ];
	q50 [label = "q50", shape = doublecircle, final="true" ];
	q51 [label = "q51", shape = doublecircle, final="true" ];
	q52 [label = "q52"];
	q53 [label = "q53", shape = doublecircle, final="true" ];
	q54 [label = "q54", shape = doublecircle, final="true" ];
	q55 [label = "q55", shape = doublecircle, final="true" ];
	q56 [label = "q56"];
	q57 [label = "q57", shape = doublecircle, final="true" ];
	q58 [label = "q58", shape = doublecircle, final="true" ];
	q59 [label = "q59", shape = doublecircle, final="true" ];
	q60 [label = "q60", shape = doublecircle, final="true" ];
	q61 [label = "q61", shape = doublecircle, final="true" ];
	q62 [label = "q62"];
	q63 [label = "q63", shape = doublecircle, final="true" ];
	q64 [label = "q64", shape = doublecircle, final="true" ];
	q65 [label = "q65", shape = doublecircle, final="true" ];
	q66 [label = "q66", shape = doublecircle, final="true" ];
	q67 [label = "q67", shape = doublecircle, final="true" ];
	q68 [label = "q68", shape = doublecircle, final="true" ];
	q69 [label = "q69", shape = doublecircle, final="true" ];
	q70 [label = "q70", shape = doublecircle, final="true" ];
	q71 [label = "q71", shape = doublecircle, final="true" ];
	q72 [label = "q72", shape = doublecircle, final="true" ];
	q73 [label = "q73", shape = doublecircle, final="true" ];
	q74 [label = "q74", shape = doublecircle, final="true" ];
	q75 [label = "q75", shape = doublecircle, final="true" ];
	q76 [label = "q76", shape = doublecircle, final="true" ];
	q77 [label = "q77", shape = doublecircle, final="true" ];
	q78 [label = "q78", shape = doublecircle, final="true" ];
	q79 [label = "q79", shape = doublecircle, final="true" ];
	q80 [label = "q80", shape = doublecircle, final="true" ];
	q81 [label = "q81"];
	q82 [label = "q82", shape = doublecircle, final="true" ];
	q83 [label = "q83", shape = doublecircle, final="true" ];
	q84 [label = "q84", shape = doublecircle, final="true" ];
	q85 [label = "q85"];
	q86 [label = "q86", shape = doublecircle, final="true" ];
	q87 [label = "q87", shape = doublecircle, final="true" ];
	s0 -> q45
	q83 -> q84 [label = "c"];
	q84 -> q73 [label = "b"];
	q85 -> q42 [label = "a"];
	q20 -> q12 [label = "a"];
	q22 -> q30 [label = "c"];
	q70 -> q80 [label = "b"];
	q15 -> q3 [label = "b"];
	q85 -> q20 [label = "b"];
	q3 -> q37 [label = "c"];
	q60 -> q36 [label = "b"];
	q66 -> q60 [label = "c"];
	q5 -> q52 [label = "b"];
	q31 -> q73 [label = "b"];
	q13 -> q2 [label = "b"];
	q40 -> q15 [label = "a"];
	q42 -> q54 [label = "c"];
	q4 -> q75 [label = "b"];
	q10 -> q37 [label = "c"];
	q1 -> q60 [label = "c"];
	q5 -> q70 [label = "a"];
	q7 -> q71 [label = "b"];
	q41 -> q66 [label = "c"];
	q22 -> q51 [label = "a"];
	q63 -> q8 [label = "a"];
	q1 -> q21 [label = "b"];
	q22 -> q86 [label = "b"];
	q6 -> q0 [label = "b"];
	q52 -> q42 [label = "a"];
	q6 -> q13 [label = "a"];
	q3 -> q86 [label = "b"];
	q1 -> q51 [label = "a"];
	q4 -> q51 [label = "a"];
	q36 -> q71 [label = "b"];
	q2 -> q31 [label = "c"];
	q2 -> q6 [label = "a"];
	q14 -> q46 [label = "b"];
	q6 -> q43 [label = "c"];
	q14 -> q62 [label = "a"];
	q80 -> q60 [label = "c"];
	q18 -> q8 [label = "a"];
	q60 -> q64 [label = "c"];
	q0 -> q22 [label = "b"];
	q2 -> q86 [label = "b"];
	q38 -> q86 [label = "b"];
	q0 -> q32 [label = "a"];
	q69 -> q79 [label = "c"];
	q15 -> q17 [label = "c"];
	q14 -> q37 [label = "c"];
	q75 -> q30 [label = "c"];
	q27 -> q30 [label = "c"];
	q72 -> q23 [label = "b"];
	q9 -> q57 [label = "c"];
	q39 -> q27 [label = "c"];
	q8 -> q25 [label = "b"];
	q81 -> q42 [label = "a"];
	q26 -> q24 [label = "b"];
	q43 -> q16 [label = "a"];
	q51 -> q43 [label = "c"];
	q24 -> q66 [label = "c"];
	q50 -> q57 [label = "c"];
	q57 -> q68 [label = "a"];
	q35 -> q12 [label = "a"];
	q10 -> q41 [label = "b"];
	q11 -> q69 [label = "c"];
	q72 -> q43 [label = "c"];
	q43 -> q36 [label = "b"];
	q34 -> q37 [label = "c"];
	q32 -> q61 [label = "b"];
	q28 -> q12 [label = "a"];
	q10 -> q53 [label = "a"];
	q32 -> q43 [label = "c"];
	q34 -> q46 [label = "b"];
	q86 -> q37 [label = "c"];
	q61 -> q72 [label = "a"];
	q7 -> q57 [label = "c"];
	q39 -> q14 [label = "b"];
	q46 -> q52 [label = "b"];
	q49 -> q29 [label = "a"];
	q55 -> q52 [label = "b"];
	q40 -> q41 [label = "b"];
	q31 -> q13 [label = "a"];
	q45 -> q47 [label = "a"];
	q5 -> q38 [label = "c"];
	q52 -> q37 [label = "c"];
	q18 -> q24 [label = "b"];
	q23 -> q72 [label = "a"];
	q37 -> q60 [label = "c"];
	q84 -> q57 [label = "c"];
	q47 -> q49 [label = "b"];
	q16 -> q86 [label = "a"];
	q25 -> q48 [label = "c"];
	q38 -> q59 [label = "a"];
	q12 -> q17 [label = "c"];
	q41 -> q28 [label = "b"];
	q47 -> q54 [label = "c"];
	q62 -> q54 [label = "c"];
	q30 -> q36 [label = "b"];
	q74 -> q60 [label = "c"];
	q80 -> q21 [label = "b"];
	q41 -> q51 [label = "a"];
	q45 -> q46 [label = "b"];
	q8 -> q17 [label = "c"];
	q55 -> q58 [label = "a"];
	q37 -> q36 [label = "b"];
	q65 -> q7 [label = "a"];
	q28 -> q37 [label = "c"];
	q16 -> q4 [label = "b"];
	q44 -> q32 [label = "a"];
	q59 -> q63 [label = "b"];
	q37 -> q13 [label = "a"];
	q16 -> q57 [label = "c"];
	q19 -> q15 [label = "a"];
	q21 -> q41 [label = "b"];
	q13 -> q57 [label = "c"];
	q34 -> q56 [label = "a"];
	q12 -> q33 [label = "b"];
	q29 -> q17 [label = "c"];
	q31 -> q57 [label = "c"];
	q68 -> q57 [label = "c"];
	q19 -> q17 [label = "c"];
	q45 -> q37 [label = "c"];
	q18 -> q66 [label = "c"];
	q75 -> q12 [label = "a"];
	q0 -> q79 [label = "c"];
	q46 -> q51 [label = "a"];
	q21 -> q42 [label = "a"];
	q26 -> q42 [label = "a"];
	q40 -> q37 [label = "c"];
	q15 -> q51 [label = "a"];
	q29 -> q25 [label = "b"];
	q50 -> q67 [label = "b"];
	q82 -> q11 [label = "c"];
	q24 -> q12 [label = "a"];
	q78 -> q6 [label = "a"];
	q58 -> q10 [label = "a"];
	q39 -> q70 [label = "a"];
	q38 -> q30 [label = "c"];
	q55 -> q38 [label = "c"];
	q79 -> q68 [label = "a"];
	q8 -> q56 [label = "a"];
	q30 -> q11 [label = "c"];
	q24 -> q24 [label = "b"];
	q32 -> q86 [label = "a"];
	q36 -> q42 [label = "a"];
	q29 -> q62 [label = "a"];
	q27 -> q41 [label = "b"];
	q83 -> q76 [label = "a"];
	q12 -> q15 [label = "a"];
	q46 -> q48 [label = "c"];
	q30 -> q13 [label = "a"];
	q28 -> q41 [label = "b"];
	q81 -> q65 [label = "c"];
	q4 -> q11 [label = "c"];
	q62 -> q87 [label = "b"];
	q26 -> q66 [label = "c"];
	q27 -> q19 [label = "a"];
	q57 -> q69 [label = "c"];
	q17 -> q7 [label = "a"];
	q84 -> q7 [label = "a"];
	q86 -> q51 [label = "a"];
	q42 -> q15 [label = "a"];
	q19 -> q18 [label = "b"];
	q23 -> q65 [label = "c"];
	q17 -> q36 [label = "b"];
	q21 -> q30 [label = "c"];
	q23 -> q28 [label = "b"];
	q20 -> q24 [label = "b"];
	q44 -> q86 [label = "b"];
	q59 -> q43 [label = "c"];
	q9 -> q1 [label = "b"];
	q77 -> q36 [label = "b"];
	q43 -> q44 [label = "c"];
	q47 -> q53 [label = "a"];
	q35 -> q48 [label = "c"];
	q33 -> q28 [label = "b"];
	q48 -> q50 [label = "a"];
	q48 -> q36 [label = "b"];
	q50 -> q56 [label = "a"];
	q54 -> q39 [label = "c"];
	q54 -> q85 [label = "b"];
	q51 -> q44 [label = "b"];
	q33 -> q66 [label = "c"];
	q53 -> q54 [label = "c"];
	q36 -> q57 [label = "c"];
	q75 -> q41 [label = "b"];
	q51 -> q51 [label = "a"];
	q59 -> q15 [label = "a"];
	q53 -> q51 [label = "a"];
	q52 -> q41 [label = "b"];
	q9 -> q10 [label = "a"];
	q17 -> q5 [label = "c"];
	q66 -> q36 [label = "b"];
	q49 -> q66 [label = "c"];
	q83 -> q52 [label = "b"];
	q64 -> q86 [label = "b"];
	q25 -> q72 [label = "a"];
	q58 -> q74 [label = "b"];
	q56 -> q17 [label = "c"];
	q61 -> q11 [label = "c"];
	q61 -> q75 [label = "b"];
	q69 -> q16 [label = "a"];
	q73 -> q22 [label = "b"];
	q57 -> q36 [label = "b"];
	q63 -> q65 [label = "c"];
	q58 -> q43 [label = "c"];
	q62 -> q53 [label = "a"];
	q66 -> q7 [label = "a"];
	q60 -> q9 [label = "a"];
	q70 -> q43 [label = "c"];
	q11 -> q16 [label = "a"];
	q64 -> q31 [label = "c"];
	q68 -> q13 [label = "a"];
	q67 -> q52 [label = "b"];
	q65 -> q36 [label = "b"];
	q53 -> q34 [label = "b"];
	q71 -> q65 [label = "c"];
	q7 -> q15 [label = "a"];
	q33 -> q72 [label = "a"];
	q65 -> q11 [label = "c"];
	q71 -> q28 [label = "b"];
	q68 -> q78 [label = "b"];
	q70 -> q10 [label = "a"];
	q56 -> q33 [label = "b"];
	q25 -> q52 [label = "b"];
	q67 -> q77 [label = "c"];
	q69 -> q73 [label = "b"];
	q73 -> q57 [label = "c"];
	q71 -> q51 [label = "a"];
	q77 -> q50 [label = "a"];
	q13 -> q51 [label = "a"];
	q72 -> q15 [label = "a"];
	q74 -> q81 [label = "b"];
	q76 -> q43 [label = "c"];
	q87 -> q56 [label = "a"];
	q74 -> q8 [label = "a"];
	q81 -> q24 [label = "b"];
	q49 -> q35 [label = "b"];
	q56 -> q53 [label = "a"];
	q76 -> q86 [label = "a"];
	q42 -> q87 [label = "b"];
	q85 -> q11 [label = "c"];
	q20 -> q65 [label = "c"];
	q48 -> q55 [label = "c"];
	q54 -> q40 [label = "a"];
	q78 -> q22 [label = "b"];
	q73 -> q51 [label = "a"];
	q3 -> q72 [label = "a"];
	q11 -> q36 [label = "b"];
	q67 -> q51 [label = "a"];
	q77 -> q83 [label = "c"];
	q63 -> q24 [label = "b"];
	q79 -> q79 [label = "c"];
	q44 -> q31 [label = "c"];
	q79 -> q73 [label = "b"];
	q76 -> q82 [label = "b"];
	q80 -> q72 [label = "a"];
	q82 -> q20 [label = "b"];
	q64 -> q76 [label = "a"];
	q82 -> q8 [label = "a"];
	q86 -> q86 [label = "b"];
	q87 -> q66 [label = "c"];
	q35 -> q26 [label = "b"];
	q78 -> q79 [label = "c"];
	q87 -> q35 [label = "b"];
}
DFA size: 88 states

NL* output after 10 EQ and 4422 MQ:
digraph finite_state_machine {
	rankdir=LR;
	node [shape = circle];
	s0 [shape = point, style = invis, start="true" ];
	q0 [label = "q0", shape = doublecircle, final="true" ];
	q1 [label = "q1", shape = doublecircle, final="true" ];
	q2 [label = "q2", shape = doublecircle, final="true" ];
	q3 [label = "q3"];
	q4 [label = "q4", shape = doublecircle, final="true" ];
	q5 [label = "q5", shape = doublecircle, final="true" ];
	q6 [label = "q6", shape = doublecircle, final="true" ];
	q7 [label = "q7", shape = doublecircle, final="true" ];
	q8 [label = "q8", shape = doublecircle, final="true" ];
	q9 [label = "q9", shape = doublecircle, final="true" ];
	q10 [label = "q10", shape = doublecircle, final="true" ];
	q11 [label = "q11", shape = doublecircle, final="true" ];
	q12 [label = "q12", shape = doublecircle, final="true" ];
	q13 [label = "q13", shape = doublecircle, final="true" ];
	q14 [label = "q14", shape = doublecircle, final="true" ];
	q15 [label = "q15"];
	q16 [label = "q16", shape = doublecircle, final="true" ];
	q17 [label = "q17"];
	q18 [label = "q18", shape = doublecircle, final="true" ];
	q19 [label = "q19", shape = doublecircle, final="true" ];
	q20 [label = "q20", shape = doublecircle, final="true" ];
	q21 [label = "q21"];
	q22 [label = "q22", shape = doublecircle, final="true" ];
	q23 [label = "q23", shape = doublecircle, final="true" ];
	q24 [label = "q24", shape = doublecircle, final="true" ];
	q25 [label = "q25"];
	q26 [label = "q26", shape = doublecircle, final="true" ];
	q27 [label = "q27"];
	q28 [label = "q28", shape = doublecircle, final="true" ];
	q29 [label = "q29", shape = doublecircle, final="true" ];
	q30 [label = "q30", shape = doublecircle, final="true" ];
	q31 [label = "q31"];
	s0 -> q17
	q18 -> q14 [label = "c"];
	q17 -> q23 [label = "c"];
	q17 -> q10 [label = "c"];
	q21 -> q15 [label = "a"];
	q23 -> q3 [label = "b"];
	q19 -> q21 [label = "a"];
	q19 -> q15 [label = "a"];
	q17 -> q18 [label = "b, c"];
	q17 -> q16 [label = "b, c"];
	q17 -> q2 [label = "b, c"];
	q23 -> q26 [label = "c"];
	q19 -> q20 [label = "b"];
	q17 -> q15 [label = "a"];
	q21 -> q14 [label = "c"];
	q20 -> q21 [label = "a"];
	q22 -> q21 [label = "b"];
	q22 -> q13 [label = "b"];
	q22 -> q5 [label = "b"];
	q22 -> q3 [label = "b"];
	q22 -> q0 [label = "b"];
	q18 -> q27 [label = "a"];
	q18 -> q24 [label = "a"];
	q18 -> q21 [label = "a"];
	q18 -> q15 [label = "a"];
	q18 -> q8 [label = "a"];
	q18 -> q1 [label = "a"];
	q16 -> q3 [label = "b"];
	q22 -> q26 [label = "c"];
	q18 -> q18 [label = "a"];
	q22 -> q23 [label = "c"];
	q20 -> q3 [label = "b"];
	q22 -> q18 [label = "b, c"];
	q22 -> q14 [label = "c"];
	q22 -> q10 [label = "c"];
	q22 -> q2 [label = "b, c"];
	q16 -> q24 [label = "a"];
	q16 -> q21 [label = "a, b"];
	q16 -> q20 [label = "a"];
	q16 -> q18 [label = "a"];
	q16 -> q17 [label = "b"];
	q16 -> q16 [label = "a"];
	q16 -> q11 [label = "a"];
	q16 -> q8 [label = "a"];
	q20 -> q7 [label = "c"];
	q15 -> q12 [label = "a"];
	q16 -> q15 [label = "a"];
	q11 -> q26 [label = "c"];
	q11 -> q10 [label = "c"];
	q14 -> q24 [label = "a"];
	q14 -> q6 [label = "a"];
	q14 -> q5 [label = "a"];
	q12 -> q13 [label = "b"];
	q10 -> q7 [label = "c"];
	q15 -> q13 [label = "b"];
	q13 -> q21 [label = "a"];
	q3 -> q14 [label = "c"];
	q22 -> q1 [label = "a, b"];
	q3 -> q2 [label = "c"];
	q7 -> q24 [label = "a"];
	q7 -> q19 [label = "a"];
	q2 -> q14 [label = "c"];
	q4 -> q27 [label = "b"];
	q4 -> q13 [label = "b"];
	q4 -> q8 [label = "b"];
	q4 -> q5 [label = "b"];
	q4 -> q3 [label = "b"];
	q4 -> q0 [label = "b"];
	q22 -> q12 [label = "b"];
	q6 -> q27 [label = "a"];
	q6 -> q15 [label = "a"];
	q5 -> q21 [label = "a"];
	q5 -> q15 [label = "a"];
	q7 -> q21 [label = "a, b"];
	q3 -> q8 [label = "a"];
	q3 -> q15 [label = "a"];
	q7 -> q17 [label = "b, c"];
	q3 -> q18 [label = "b, c"];
	q3 -> q13 [label = "b"];
	q9 -> q4 [label = "c"];
	q3 -> q5 [label = "b"];
	q3 -> q3 [label = "b"];
	q1 -> q27 [label = "a"];
	q1 -> q21 [label = "a"];
	q1 -> q18 [label = "a"];
	q22 -> q28 [label = "a"];
	q15 -> q27 [label = "a"];
	q1 -> q16 [label = "a"];
	q1 -> q15 [label = "a"];
	q1 -> q8 [label = "a"];
	q1 -> q1 [label = "a"];
	q5 -> q20 [label = "c"];
	q5 -> q18 [label = "b, c"];
	q5 -> q14 [label = "c"];
	q5 -> q10 [label = "c"];
	q19 -> q17 [label = "a"];
	q5 -> q2 [label = "c"];
	q23 -> q28 [label = "a"];
	q11 -> q11 [label = "a"];
	q23 -> q27 [label = "a"];
	q23 -> q15 [label = "a"];
	q24 -> q18 [label = "b"];
	q28 -> q18 [label = "a"];
	q23 -> q21 [label = "a, b"];
	q23 -> q20 [label = "a"];
	q31 -> q10 [label = "c"];
	q28 -> q26 [label = "c"];
	q28 -> q10 [label = "c"];
	q28 -> q9 [label = "c"];
	q16 -> q23 [label = "a"];
	q28 -> q7 [label = "c"];
	q20 -> q24 [label = "a"];
	q10 -> q24 [label = "a"];
	q26 -> q24 [label = "a"];
	q25 -> q20 [label = "c"];
	q26 -> q21 [label = "a, b"];
	q26 -> q6 [label = "a"];
	q1 -> q13 [label = "b"];
	q26 -> q5 [label = "a"];
	q2 -> q28 [label = "a"];
	q29 -> q31 [label = "c"];
	q19 -> q9 [label = "c"];
	q24 -> q10 [label = "c"];
	q28 -> q21 [label = "a"];
	q28 -> q15 [label = "a"];
	q8 -> q13 [label = "b"];
	q28 -> q12 [label = "a"];
	q6 -> q7 [label = "c"];
	q28 -> q8 [label = "a"];
	q28 -> q2 [label = "a"];
	q0 -> q24 [label = "a"];
	q28 -> q1 [label = "a"];
	q30 -> q14 [label = "c"];
	q31 -> q29 [label = "c"];
	q25 -> q27 [label = "a"];
	q6 -> q2 [label = "b, c"];
	q25 -> q8 [label = "a"];
	q21 -> q18 [label = "b"];
	q31 -> q5 [label = "b"];
	q19 -> q27 [label = "a"];
	q0 -> q13 [label = "b"];
	q22 -> q17 [label = "b"];
	q26 -> q25 [label = "b"];
	q26 -> q29 [label = "c"];
	q9 -> q19 [label = "a"];
	q24 -> q27 [label = "a"];
	q20 -> q9 [label = "c"];
	q30 -> q10 [label = "c"];
	q27 -> q5 [label = "b"];
	q21 -> q27 [label = "a"];
	q29 -> q25 [label = "c"];
	q16 -> q14 [label = "c"];
	q26 -> q13 [label = "a"];
	q0 -> q21 [label = "a"];
	q10 -> q17 [label = "a"];
	q23 -> q8 [label = "a"];
	q28 -> q16 [label = "a"];
	q30 -> q26 [label = "c"];
	q4 -> q12 [label = "b"];
	q11 -> q15 [label = "a"];
	q29 -> q17 [label = "b, c"];
	q31 -> q27 [label = "a"];
	q25 -> q2 [label = "c"];
	q9 -> q22 [label = "c"];
	q10 -> q8 [label = "a"];
	q8 -> q24 [label = "a"];
	q22 -> q27 [label = "b"];
	q16 -> q1 [label = "a"];
	q29 -> q15 [label = "a"];
	q28 -> q30 [label = "b"];
	q6 -> q20 [label = "c"];
	q14 -> q9 [label = "c"];
	q26 -> q17 [label = "a, b"];
	q27 -> q13 [label = "b"];
	q31 -> q13 [label = "b"];
	q29 -> q30 [label = "c"];
	q31 -> q9 [label = "c"];
	q28 -> q13 [label = "b"];
	q31 -> q0 [label = "b"];
	q30 -> q18 [label = "b, c"];
	q11 -> q18 [label = "a, b"];
	q25 -> q26 [label = "c"];
	q28 -> q24 [label = "a"];
	q31 -> q18 [label = "b, c"];
	q29 -> q2 [label = "c"];
	q10 -> q18 [label = "a"];
	q0 -> q20 [label = "c"];
	q29 -> q4 [label = "c"];
	q11 -> q0 [label = "b"];
	q10 -> q0 [label = "a"];
	q2 -> q20 [label = "a"];
	q29 -> q10 [label = "c"];
	q27 -> q8 [label = "a"];
	q28 -> q0 [label = "b"];
	q10 -> q25 [label = "b"];
	q25 -> q14 [label = "c"];
	q12 -> q15 [label = "a"];
	q25 -> q18 [label = "b, c"];
	q11 -> q9 [label = "b, c"];
	q23 -> q17 [label = "b"];
	q10 -> q15 [label = "a"];
	q16 -> q28 [label = "a"];
	q29 -> q6 [label = "c"];
	q27 -> q15 [label = "a"];
	q31 -> q15 [label = "a"];
	q1 -> q2 [label = "a"];
	q10 -> q1 [label = "a"];
	q31 -> q25 [label = "b"];
	q29 -> q22 [label = "c"];
	q17 -> q20 [label = "c"];
	q1 -> q12 [label = "a"];
	q29 -> q1 [label = "a"];
	q11 -> q28 [label = "a"];
	q18 -> q3 [label = "b"];
	q4 -> q15 [label = "a, b"];
	q31 -> q8 [label = "a"];
	q23 -> q18 [label = "a"];
	q26 -> q3 [label = "b"];
	q10 -> q13 [label = "a"];
	q1 -> q0 [label = "b"];
	q27 -> q12 [label = "a"];
	q20 -> q25 [label = "b"];
	q30 -> q24 [label = "a"];
	q23 -> q24 [label = "a"];
	q29 -> q19 [label = "a, c"];
	q27 -> q10 [label = "c"];
	q23 -> q11 [label = "a"];
	q22 -> q8 [label = "b"];
	q24 -> q21 [label = "a"];
	q23 -> q23 [label = "a"];
	q25 -> q15 [label = "a"];
	q30 -> q13 [label = "b"];
	q29 -> q26 [label = "c"];
	q29 -> q24 [label = "c"];
	q26 -> q9 [label = "c"];
	q28 -> q27 [label = "a"];
	q12 -> q8 [label = "a"];
	q3 -> q20 [label = "c"];
	q26 -> q31 [label = "b"];
	q9 -> q21 [label = "b"];
	q10 -> q3 [label = "a, b"];
	q29 -> q5 [label = "c"];
	q22 -> q15 [label = "a, b"];
	q30 -> q3 [label = "b"];
	q29 -> q28 [label = "a"];
	q6 -> q16 [label = "b, c"];
	q25 -> q5 [label = "b"];
	q31 -> q20 [label = "c"];
	q23 -> q1 [label = "a"];
	q12 -> q24 [label = "a, b"];
	q21 -> q10 [label = "c"];
	q6 -> q21 [label = "a"];
	q23 -> q12 [label = "a"];
	q24 -> q2 [label = "b"];
	q27 -> q27 [label = "a"];
	q8 -> q21 [label = "a"];
	q23 -> q2 [label = "a"];
	q19 -> q7 [label = "c"];
	q6 -> q29 [label = "c"];
	q29 -> q13 [label = "c"];
	q31 -> q2 [label = "c"];
	q8 -> q18 [label = "a"];
	q12 -> q5 [label = "b"];
	q25 -> q13 [label = "b"];
	q12 -> q2 [label = "a"];
	q12 -> q18 [label = "a"];
	q29 -> q0 [label = "c"];
	q23 -> q14 [label = "c"];
	q24 -> q15 [label = "a"];
	q31 -> q30 [label = "b"];
	q29 -> q18 [label = "c"];
	q21 -> q2 [label = "b"];
	q29 -> q20 [label = "c"];
	q30 -> q2 [label = "c"];
	q19 -> q10 [label = "c"];
	q2 -> q27 [label = "a"];
	q19 -> q14 [label = "c"];
	q20 -> q26 [label = "c"];
	q19 -> q26 [label = "c"];
	q4 -> q16 [label = "b, c"];
	q9 -> q3 [label = "b"];
	q9 -> q17 [label = "b, c"];
	q8 -> q16 [label = "a"];
	q29 -> q21 [label = "b, c"];
	q11 -> q1 [label = "a"];
	q30 -> q20 [label = "c"];
	q6 -> q9 [label = "c"];
	q17 -> q14 [label = "c"];
	q11 -> q8 [label = "a"];
	q3 -> q0 [label = "b"];
	q11 -> q16 [label = "a"];
	q11 -> q12 [label = "a"];
	q29 -> q3 [label = "b, c"];
	q11 -> q20 [label = "a"];
	q11 -> q23 [label = "a"];
	q0 -> q3 [label = "b"];
	q11 -> q24 [label = "a, b"];
	q11 -> q27 [label = "a"];
	q2 -> q15 [label = "a"];
	q11 -> q3 [label = "b"];
	q12 -> q1 [label = "a"];
	q11 -> q14 [label = "c"];
	q12 -> q10 [label = "c"];
	q4 -> q18 [label = "b, c"];
	q25 -> q10 [label = "c"];
	q0 -> q5 [label = "b"];
	q13 -> q10 [label = "c"];
	q11 -> q7 [label = "b, c"];
	q11 -> q13 [label = "b"];
	q11 -> q17 [label = "b"];
	q1 -> q10 [label = "c"];
	q11 -> q4 [label = "b"];
	q11 -> q30 [label = "b"];
	q11 -> q22 [label = "b"];
	q11 -> q29 [label = "b"];
	q6 -> q14 [label = "c"];
	q13 -> q2 [label = "c"];
	q11 -> q5 [label = "b"];
	q13 -> q14 [label = "c"];
	q25 -> q3 [label = "b"];
	q13 -> q18 [label = "b, c"];
	q8 -> q1 [label = "a"];
	q30 -> q5 [label = "b"];
	q2 -> q8 [label = "a"];
	q13 -> q20 [label = "c"];
	q5 -> q27 [label = "a"];
	q31 -> q3 [label = "b"];
	q8 -> q10 [label = "c"];
	q12 -> q11 [label = "a"];
	q11 -> q2 [label = "a, b"];
	q8 -> q12 [label = "a"];
	q3 -> q27 [label = "a"];
	q31 -> q7 [label = "c"];
	q12 -> q12 [label = "a"];
	q12 -> q16 [label = "a"];
	q2 -> q18 [label = "a"];
	q19 -> q3 [label = "a"];
	q12 -> q20 [label = "a"];
	q12 -> q21 [label = "a, b"];
	q4 -> q1 [label = "a, b"];
	q16 -> q2 [label = "a"];
	q12 -> q27 [label = "a"];
	q22 -> q16 [label = "b, c"];
	q29 -> q14 [label = "c"];
	q12 -> q28 [label = "a"];
	q14 -> q17 [label = "a, b"];
	q14 -> q25 [label = "b"];
	q28 -> q14 [label = "c"];
	q0 -> q0 [label = "b"];
	q11 -> q25 [label = "b"];
	q14 -> q31 [label = "b"];
	q10 -> q27 [label = "a"];
	q14 -> q13 [label = "a"];
	q14 -> q3 [label = "b"];
	q0 -> q18 [label = "b, c"];
	q8 -> q5 [label = "b"];
	q25 -> q0 [label = "b"];
	q8 -> q15 [label = "a"];
	q0 -> q10 [label = "c"];
	q1 -> q24 [label = "a"];
	q10 -> q5 [label = "a"];
	q12 -> q23 [label = "a"];
	q10 -> q21 [label = "a"];
	q31 -> q26 [label = "c"];
	q8 -> q2 [label = "a"];
	q12 -> q17 [label = "b"];
	q1 -> q14 [label = "c"];
	q8 -> q8 [label = "a"];
	q22 -> q20 [label = "c"];
	q8 -> q27 [label = "a"];
	q30 -> q21 [label = "a"];
	q10 -> q31 [label = "b"];
	q22 -> q24 [label = "b"];
	q15 -> q8 [label = "a"];
	q4 -> q2 [label = "b, c"];
	q4 -> q10 [label = "c"];
	q2 -> q17 [label = "b"];
	q4 -> q14 [label = "c"];
	q6 -> q26 [label = "c"];
	q20 -> q14 [label = "c"];
	q4 -> q20 [label = "c"];
	q16 -> q27 [label = "a"];
	q4 -> q23 [label = "c"];
	q3 -> q10 [label = "c"];
	q4 -> q26 [label = "c"];
	q7 -> q4 [label = "c"];
	q2 -> q3 [label = "b"];
	q11 -> q21 [label = "a, b"];
	q2 -> q21 [label = "a, b"];
	q15 -> q10 [label = "c"];
	q6 -> q10 [label = "c"];
	q15 -> q15 [label = "a"];
	q14 -> q21 [label = "a, b"];
	q6 -> q18 [label = "b, c"];
	q6 -> q23 [label = "b, c"];
	q23 -> q16 [label = "a"];
	q30 -> q0 [label = "b"];
	q2 -> q1 [label = "a"];
	q2 -> q24 [label = "a"];
	q24 -> q14 [label = "c"];
	q0 -> q2 [label = "c"];
	q16 -> q12 [label = "a"];
	q31 -> q14 [label = "c"];
	q0 -> q14 [label = "c"];
}
NFA size: 32 states

