Random target AFA:
digraph finite_state_machine {
	rankdir=LR;
	node [shape = circle];
	s0 [shape = point, style = invis, start="true" ];
	s1 [shape = point, style = invis, start="true" ];
	q0 [label = "q0"];
	q1 [label = "q1"];
	q2 [label = "q2"];
	q3 [label = "q3", shape = doublecircle, final="true" ];
	q4 [label = "q4"];
	q5 [label = "q5", shape = doublecircle, final="true" ];
	m0 [label = "", shape = square, style = filled, color=grey, fixedsize=true, width=.2];
	m1 [label = "", shape = square, style = filled, color=grey, fixedsize=true, width=.2];
	m2 [label = "", shape = square, style = filled, color=grey, fixedsize=true, width=.2];
	m3 [label = "", shape = square, style = filled, color=grey, fixedsize=true, width=.2];
	m4 [label = "", shape = square, style = filled, color=grey, fixedsize=true, width=.2];
	s0 -> q2
	s1 -> q2
	q3 -> q3 [label = "c"];
	q3 -> m4 [label = "c"];
	q5 -> m3 [label = "b"];
	q2 -> q1 [label = "c"];
	q1 -> q5 [label = "b"];
	q3 -> q5 [label = "b"];
	q3 -> q2 [label = "a, b"];
	q4 -> m0 [label = "c"];
	q3 -> m1 [label = "a"];
	q0 -> q4 [label = "a, c"];
	q2 -> q5 [label = "b"];
	q4 -> q5 [label = "b, c"];
	q1 -> q2 [label = "b"];
	q5 -> q0 [label = "c"];
	q2 -> q4 [label = "a, b, c"];
	q0 -> q1 [label = "a, c"];
	q0 -> q0 [label = "b"];
	q1 -> m2 [label = "c"];
	q4 -> q4 [label = "a, b"];
	q1 -> q4 [label = "c"];
	q5 -> m1 [label = "a"];
	q0 -> q5 [label = "b"];
	q5 -> q4 [label = "a, b, c"];
	q2 -> m1 [label = "a"];
	q1 -> q3 [label = "a"];
	m0 -> q2;
	m0 -> q3;
	m1 -> q0;
	m1 -> q5;
	m2 -> q1;
	m2 -> q5;
	m3 -> q3;
	m3 -> q4;
	m4 -> q0;
	m4 -> q3;
}

L* output after 8 EQ and 4036 MQ:
digraph finite_state_machine {
	rankdir=LR;
	node [shape = circle];
	s0 [shape = point, style = invis, start="true" ];
	q0 [label = "q0"];
	q1 [label = "q1", shape = doublecircle, final="true" ];
	q2 [label = "q2", shape = doublecircle, final="true" ];
	q3 [label = "q3"];
	q4 [label = "q4"];
	q5 [label = "q5", shape = doublecircle, final="true" ];
	q6 [label = "q6", shape = doublecircle, final="true" ];
	q7 [label = "q7", shape = doublecircle, final="true" ];
	q8 [label = "q8", shape = doublecircle, final="true" ];
	q9 [label = "q9", shape = doublecircle, final="true" ];
	q10 [label = "q10", shape = doublecircle, final="true" ];
	q11 [label = "q11"];
	q12 [label = "q12", shape = doublecircle, final="true" ];
	q13 [label = "q13"];
	q14 [label = "q14", shape = doublecircle, final="true" ];
	q15 [label = "q15", shape = doublecircle, final="true" ];
	q16 [label = "q16", shape = doublecircle, final="true" ];
	q17 [label = "q17", shape = doublecircle, final="true" ];
	q18 [label = "q18", shape = doublecircle, final="true" ];
	q19 [label = "q19"];
	q20 [label = "q20"];
	q21 [label = "q21", shape = doublecircle, final="true" ];
	q22 [label = "q22"];
	q23 [label = "q23", shape = doublecircle, final="true" ];
	q24 [label = "q24"];
	q25 [label = "q25"];
	q26 [label = "q26"];
	q27 [label = "q27", shape = doublecircle, final="true" ];
	q28 [label = "q28", shape = doublecircle, final="true" ];
	q29 [label = "q29", shape = doublecircle, final="true" ];
	q30 [label = "q30"];
	q31 [label = "q31", shape = doublecircle, final="true" ];
	q32 [label = "q32", shape = doublecircle, final="true" ];
	q33 [label = "q33"];
	q34 [label = "q34", shape = doublecircle, final="true" ];
	q35 [label = "q35", shape = doublecircle, final="true" ];
	q36 [label = "q36", shape = doublecircle, final="true" ];
	q37 [label = "q37"];
	q38 [label = "q38", shape = doublecircle, final="true" ];
	s0 -> q22
	q20 -> q21 [label = "b"];
	q19 -> q15 [label = "a"];
	q18 -> q17 [label = "c"];
	q19 -> q23 [label = "b"];
	q16 -> q27 [label = "c"];
	q23 -> q21 [label = "b"];
	q17 -> q16 [label = "a"];
	q22 -> q19 [label = "c"];
	q18 -> q18 [label = "b"];
	q20 -> q10 [label = "c"];
	q13 -> q21 [label = "b"];
	q10 -> q7 [label = "c"];
	q15 -> q23 [label = "b"];
	q13 -> q20 [label = "a"];
	q9 -> q12 [label = "c"];
	q3 -> q1 [label = "c"];
	q5 -> q23 [label = "b"];
	q2 -> q31 [label = "c"];
	q6 -> q13 [label = "a"];
	q1 -> q7 [label = "c"];
	q5 -> q4 [label = "a"];
	q1 -> q23 [label = "b"];
	q7 -> q17 [label = "c"];
	q4 -> q20 [label = "a"];
	q22 -> q21 [label = "b"];
	q0 -> q23 [label = "b"];
	q6 -> q2 [label = "c"];
	q21 -> q18 [label = "c"];
	q2 -> q23 [label = "b"];
	q0 -> q4 [label = "a"];
	q6 -> q23 [label = "b"];
	q4 -> q1 [label = "c"];
	q17 -> q17 [label = "c"];
	q12 -> q7 [label = "c"];
	q3 -> q23 [label = "b"];
	q8 -> q20 [label = "a"];
	q4 -> q21 [label = "b"];
	q27 -> q31 [label = "c"];
	q37 -> q38 [label = "c"];
	q32 -> q33 [label = "a"];
	q34 -> q18 [label = "b"];
	q36 -> q27 [label = "c"];
	q14 -> q29 [label = "c"];
	q31 -> q33 [label = "a"];
	q24 -> q6 [label = "a"];
	q32 -> q29 [label = "c"];
	q17 -> q18 [label = "b"];
	q38 -> q21 [label = "b"];
	q26 -> q5 [label = "c"];
	q24 -> q10 [label = "c"];
	q34 -> q35 [label = "a"];
	q38 -> q9 [label = "c"];
	q38 -> q20 [label = "a"];
	q37 -> q21 [label = "b"];
	q23 -> q17 [label = "c"];
	q24 -> q23 [label = "b"];
	q35 -> q29 [label = "c"];
	q30 -> q4 [label = "a"];
	q14 -> q13 [label = "a"];
	q7 -> q3 [label = "a"];
	q33 -> q36 [label = "a"];
	q30 -> q12 [label = "c"];
	q0 -> q1 [label = "c"];
	q8 -> q21 [label = "b"];
	q5 -> q7 [label = "c"];
	q36 -> q23 [label = "b"];
	q36 -> q13 [label = "a"];
	q34 -> q34 [label = "c"];
	q12 -> q23 [label = "b"];
	q33 -> q12 [label = "c"];
	q11 -> q8 [label = "c"];
	q35 -> q23 [label = "b"];
	q16 -> q23 [label = "b"];
	q37 -> q37 [label = "a"];
	q10 -> q25 [label = "a"];
	q33 -> q23 [label = "b"];
	q21 -> q20 [label = "a"];
	q29 -> q14 [label = "a"];
	q29 -> q31 [label = "c"];
	q29 -> q23 [label = "b"];
	q26 -> q20 [label = "a"];
	q31 -> q34 [label = "c"];
	q16 -> q14 [label = "a"];
	q32 -> q18 [label = "b"];
	q35 -> q14 [label = "a"];
	q23 -> q20 [label = "a"];
	q31 -> q18 [label = "b"];
	q25 -> q23 [label = "b"];
	q18 -> q24 [label = "a"];
	q27 -> q23 [label = "b"];
	q2 -> q13 [label = "a"];
	q25 -> q26 [label = "a"];
	q20 -> q11 [label = "a"];
	q15 -> q13 [label = "a"];
	q27 -> q30 [label = "a"];
	q30 -> q23 [label = "b"];
	q10 -> q23 [label = "b"];
	q12 -> q36 [label = "a"];
	q9 -> q3 [label = "a"];
	q28 -> q13 [label = "a"];
	q28 -> q32 [label = "c"];
	q21 -> q21 [label = "b"];
	q22 -> q20 [label = "a"];
	q25 -> q10 [label = "c"];
	q19 -> q8 [label = "c"];
	q3 -> q36 [label = "a"];
	q14 -> q23 [label = "b"];
	q9 -> q18 [label = "b"];
	q28 -> q23 [label = "b"];
	q11 -> q37 [label = "a"];
	q15 -> q28 [label = "c"];
	q7 -> q18 [label = "b"];
	q11 -> q21 [label = "b"];
	q26 -> q21 [label = "b"];
	q13 -> q12 [label = "c"];
	q1 -> q0 [label = "a"];
	q8 -> q7 [label = "c"];
}
DFA size: 39 states

NL* output after 11 EQ and 1701 MQ:
digraph finite_state_machine {
	rankdir=LR;
	node [shape = circle];
	s0 [shape = point, style = invis, start="true" ];
	q0 [label = "q0", shape = doublecircle, final="true" ];
	q1 [label = "q1", shape = doublecircle, final="true" ];
	q2 [label = "q2"];
	q3 [label = "q3", shape = doublecircle, final="true" ];
	q4 [label = "q4"];
	q5 [label = "q5"];
	q6 [label = "q6", shape = doublecircle, final="true" ];
	q7 [label = "q7", shape = doublecircle, final="true" ];
	q8 [label = "q8"];
	q9 [label = "q9", shape = doublecircle, final="true" ];
	q10 [label = "q10"];
	q11 [label = "q11"];
	q12 [label = "q12", shape = doublecircle, final="true" ];
	q13 [label = "q13"];
	s0 -> q2
	q13 -> q1 [label = "c"];
	q8 -> q11 [label = "c"];
	q8 -> q1 [label = "c"];
	q8 -> q8 [label = "b, c"];
	q8 -> q4 [label = "b, c"];
	q8 -> q13 [label = "a, b, c"];
	q12 -> q10 [label = "c"];
	q12 -> q6 [label = "c"];
	q4 -> q11 [label = "c"];
	q4 -> q1 [label = "c"];
	q6 -> q12 [label = "c"];
	q2 -> q4 [label = "a, b"];
	q0 -> q11 [label = "a, b, c"];
	q0 -> q9 [label = "b, c"];
	q0 -> q8 [label = "a, b, c"];
	q0 -> q4 [label = "a, b, c"];
	q0 -> q3 [label = "b, c"];
	q7 -> q11 [label = "b, c"];
	q7 -> q9 [label = "b, c"];
	q7 -> q7 [label = "b, c"];
	q10 -> q2 [label = "b"];
	q0 -> q5 [label = "a, c"];
	q7 -> q1 [label = "b, c"];
	q1 -> q10 [label = "c"];
	q1 -> q8 [label = "a, b, c"];
	q1 -> q4 [label = "a, b, c"];
	q1 -> q2 [label = "c"];
	q1 -> q0 [label = "c"];
	q6 -> q13 [label = "a, b"];
	q1 -> q3 [label = "b"];
	q6 -> q11 [label = "a, b"];
	q6 -> q8 [label = "a, b"];
	q6 -> q4 [label = "a, b"];
	q4 -> q8 [label = "a, b, c"];
	q4 -> q4 [label = "b, c"];
	q0 -> q2 [label = "b"];
	q6 -> q3 [label = "b"];
	q2 -> q13 [label = "a, b, c"];
	q9 -> q0 [label = "c"];
	q12 -> q1 [label = "b"];
	q7 -> q8 [label = "a, b, c"];
	q1 -> q13 [label = "a, b, c"];
	q10 -> q8 [label = "a, b, c"];
	q10 -> q4 [label = "b, c"];
	q0 -> q13 [label = "a, b, c"];
	q7 -> q0 [label = "c"];
	q11 -> q1 [label = "c"];
	q13 -> q4 [label = "b"];
	q3 -> q4 [label = "a, b, c"];
	q12 -> q11 [label = "a, b, c"];
	q10 -> q13 [label = "a, b, c"];
	q4 -> q9 [label = "c"];
	q7 -> q3 [label = "b, c"];
	q10 -> q9 [label = "c"];
	q9 -> q1 [label = "b, c"];
	q12 -> q4 [label = "a, b, c"];
	q12 -> q0 [label = "c"];
	q0 -> q10 [label = "a, c"];
	q3 -> q2 [label = "c"];
	q13 -> q3 [label = "b"];
	q9 -> q7 [label = "c"];
	q9 -> q2 [label = "b, c"];
	q9 -> q8 [label = "a, b, c"];
	q4 -> q3 [label = "b, c"];
	q13 -> q8 [label = "b"];
	q2 -> q3 [label = "b"];
	q10 -> q11 [label = "a, b, c"];
	q13 -> q13 [label = "a, b"];
	q12 -> q8 [label = "a, b, c"];
	q2 -> q5 [label = "c"];
	q12 -> q3 [label = "b"];
	q3 -> q1 [label = "c"];
	q5 -> q6 [label = "a"];
	q5 -> q8 [label = "b, c"];
	q3 -> q13 [label = "a, b, c"];
	q5 -> q1 [label = "b, c"];
	q11 -> q3 [label = "b, c"];
	q6 -> q1 [label = "b, c"];
	q11 -> q10 [label = "c"];
	q7 -> q13 [label = "a, b, c"];
	q9 -> q3 [label = "b, c"];
	q8 -> q3 [label = "b, c"];
	q11 -> q8 [label = "a, b, c"];
	q10 -> q1 [label = "b, c"];
	q3 -> q7 [label = "c"];
	q11 -> q4 [label = "a, b, c"];
	q11 -> q13 [label = "a, b, c"];
	q12 -> q2 [label = "a, b, c"];
	q9 -> q4 [label = "a, b, c"];
	q9 -> q9 [label = "c"];
	q9 -> q10 [label = "a, c"];
	q6 -> q2 [label = "a, b"];
	q11 -> q11 [label = "c"];
	q9 -> q11 [label = "b, c"];
	q2 -> q8 [label = "a, b, c"];
	q3 -> q3 [label = "b, c"];
	q3 -> q8 [label = "a, b, c"];
	q10 -> q3 [label = "b, c"];
	q3 -> q9 [label = "c"];
	q7 -> q2 [label = "b, c"];
	q3 -> q11 [label = "c"];
	q7 -> q10 [label = "a, c"];
	q4 -> q13 [label = "a, b, c"];
	q9 -> q13 [label = "a, b, c"];
	q5 -> q3 [label = "b, c"];
	q5 -> q4 [label = "b, c"];
	q12 -> q13 [label = "a, b, c"];
	q5 -> q11 [label = "b, c"];
	q0 -> q7 [label = "b"];
	q0 -> q1 [label = "b, c"];
	q5 -> q13 [label = "a, b, c"];
	q7 -> q4 [label = "a, b, c"];
	q1 -> q11 [label = "c"];
	q5 -> q2 [label = "b"];
	q7 -> q5 [label = "a, c"];
}
NFA size: 14 states

AL* output after 10 EQ and 974 MQ:
digraph finite_state_machine {
	rankdir=LR;
	node [shape = circle];
	s0 [shape = point, style = invis, start="true" ];
	q0 [label = "q0", shape = doublecircle, final="true" ];
	q1 [label = "q1", shape = doublecircle, final="true" ];
	q2 [label = "q2", shape = doublecircle, final="true" ];
	q3 [label = "q3", shape = doublecircle, final="true" ];
	q4 [label = "q4", shape = doublecircle, final="true" ];
	q5 [label = "q5"];
	q6 [label = "q6"];
	q7 [label = "q7"];
	m0 [label = "", shape = square, style = filled, color=grey, fixedsize=true, width=.2];
	m1 [label = "", shape = square, style = filled, color=grey, fixedsize=true, width=.2];
	m2 [label = "", shape = square, style = filled, color=grey, fixedsize=true, width=.2];
	m3 [label = "", shape = square, style = filled, color=grey, fixedsize=true, width=.2];
	m4 [label = "", shape = square, style = filled, color=grey, fixedsize=true, width=.2];
	m5 [label = "", shape = square, style = filled, color=grey, fixedsize=true, width=.2];
	m6 [label = "", shape = square, style = filled, color=grey, fixedsize=true, width=.2];
	m7 [label = "", shape = square, style = filled, color=grey, fixedsize=true, width=.2];
	m8 [label = "", shape = square, style = filled, color=grey, fixedsize=true, width=.2];
	s0 -> m0
	q3 -> m4 [label = "c"];
	q5 -> m0 [label = "b"];
	q7 -> m8 [label = "a"];
	q2 -> m4 [label = "c"];
	q2 -> m1 [label = "c"];
	q6 -> m2 [label = "b"];
	q0 -> m1 [label = "c"];
	q6 -> m3 [label = "a, b"];
	q4 -> m2 [label = "b, c"];
	q1 -> m2 [label = "b, c"];
	q1 -> q5 [label = "a, c"];
	q0 -> m2 [label = "b, c"];
	q4 -> m0 [label = "a, b"];
	q2 -> m2 [label = "b"];
	q0 -> q5 [label = "a, c"];
	q4 -> m1 [label = "c"];
	q2 -> m0 [label = "a, b"];
	q0 -> m0 [label = "a"];
	q4 -> m3 [label = "a, b"];
	q6 -> m6 [label = "a"];
	q7 -> m7 [label = "c"];
	q2 -> m3 [label = "a, b"];
	q5 -> m5 [label = "c"];
	q0 -> m4 [label = "b"];
	q5 -> m3 [label = "a, b, c"];
	q1 -> m6 [label = "a"];
	q3 -> m3 [label = "a, b"];
	q7 -> m5 [label = "c"];
	q5 -> m1 [label = "a"];
	q3 -> m2 [label = "b, c"];
	q7 -> m2 [label = "b, c"];
	q5 -> m2 [label = "b, c"];
	q1 -> m4 [label = "b, c"];
	q6 -> q5 [label = "c"];
	q3 -> m6 [label = "a"];
	q7 -> m3 [label = "a, b"];
	m0 -> q0;
	m0 -> q1;
	m0 -> q6;
	m1 -> q0;
	m1 -> q2;
	m1 -> q4;
	m2 -> q1;
	m2 -> q2;
	m2 -> q3;
	m3 -> q0;
	m3 -> q1;
	m3 -> q3;
	m3 -> q4;
	m3 -> q5;
	m3 -> q7;
	m4 -> q0;
	m4 -> q1;
	m5 -> q0;
	m5 -> q1;
	m5 -> q2;
	m5 -> q4;
	m5 -> q6;
	m6 -> q0;
	m6 -> q1;
	m6 -> q2;
	m6 -> q3;
	m6 -> q6;
	m6 -> q7;
	m7 -> q0;
	m7 -> q1;
	m7 -> q5;
	m8 -> q0;
	m8 -> q1;
	m8 -> q2;
	m8 -> q3;
	m8 -> q5;
	m8 -> q6;
	m8 -> q7;
}
AFA size: 8 states

AL** output after 11 EQ and 974 MQ:
digraph finite_state_machine {
	rankdir=LR;
	node [shape = circle];
	s0 [shape = point, style = invis, start="true" ];
	q0 [label = "q0", shape = doublecircle, final="true" ];
	q1 [label = "q1", shape = doublecircle, final="true" ];
	q2 [label = "q2", shape = doublecircle, final="true" ];
	q3 [label = "q3", shape = doublecircle, final="true" ];
	q4 [label = "q4", shape = doublecircle, final="true" ];
	q5 [label = "q5"];
	q6 [label = "q6"];
	q7 [label = "q7"];
	m0 [label = "", shape = square, style = filled, color=grey, fixedsize=true, width=.2];
	m1 [label = "", shape = square, style = filled, color=grey, fixedsize=true, width=.2];
	m2 [label = "", shape = square, style = filled, color=grey, fixedsize=true, width=.2];
	m3 [label = "", shape = square, style = filled, color=grey, fixedsize=true, width=.2];
	m4 [label = "", shape = square, style = filled, color=grey, fixedsize=true, width=.2];
	m5 [label = "", shape = square, style = filled, color=grey, fixedsize=true, width=.2];
	m6 [label = "", shape = square, style = filled, color=grey, fixedsize=true, width=.2];
	m7 [label = "", shape = square, style = filled, color=grey, fixedsize=true, width=.2];
	m8 [label = "", shape = square, style = filled, color=grey, fixedsize=true, width=.2];
	s0 -> m0
	q3 -> m4 [label = "c"];
	q5 -> m0 [label = "b"];
	q7 -> m8 [label = "a"];
	q2 -> m4 [label = "c"];
	q2 -> m1 [label = "c"];
	q6 -> m2 [label = "b"];
	q0 -> m1 [label = "c"];
	q6 -> m3 [label = "a, b"];
	q4 -> m2 [label = "b, c"];
	q1 -> m2 [label = "b, c"];
	q1 -> q5 [label = "a, c"];
	q0 -> m2 [label = "b, c"];
	q4 -> m0 [label = "a, b"];
	q2 -> m2 [label = "b"];
	q0 -> q5 [label = "a, c"];
	q4 -> m1 [label = "c"];
	q2 -> m0 [label = "a, b"];
	q0 -> m0 [label = "a"];
	q4 -> m3 [label = "a, b"];
	q6 -> m6 [label = "a"];
	q7 -> m7 [label = "c"];
	q2 -> m3 [label = "a, b"];
	q5 -> m5 [label = "c"];
	q0 -> m4 [label = "b"];
	q5 -> m3 [label = "a, b, c"];
	q1 -> m6 [label = "a"];
	q3 -> m3 [label = "a, b"];
	q7 -> m5 [label = "c"];
	q5 -> m1 [label = "a"];
	q3 -> m2 [label = "b, c"];
	q7 -> m2 [label = "b, c"];
	q5 -> m2 [label = "b, c"];
	q1 -> m4 [label = "b, c"];
	q6 -> q5 [label = "c"];
	q3 -> m6 [label = "a"];
	q7 -> m3 [label = "a, b"];
	m0 -> q0;
	m0 -> q1;
	m0 -> q6;
	m1 -> q0;
	m1 -> q2;
	m1 -> q4;
	m2 -> q1;
	m2 -> q2;
	m2 -> q3;
	m3 -> q0;
	m3 -> q1;
	m3 -> q3;
	m3 -> q4;
	m3 -> q5;
	m3 -> q7;
	m4 -> q0;
	m4 -> q1;
	m5 -> q0;
	m5 -> q1;
	m5 -> q2;
	m5 -> q4;
	m5 -> q6;
	m6 -> q0;
	m6 -> q1;
	m6 -> q2;
	m6 -> q3;
	m6 -> q6;
	m6 -> q7;
	m7 -> q0;
	m7 -> q1;
	m7 -> q5;
	m8 -> q0;
	m8 -> q1;
	m8 -> q2;
	m8 -> q3;
	m8 -> q5;
	m8 -> q6;
	m8 -> q7;
}
RAFA size: 8 states

