Random target AFA:
digraph finite_state_machine {
	rankdir=LR;
	node [shape = circle];
	s0 [shape = point, style = invis, start="true" ];
	s1 [shape = point, style = invis, start="true" ];
	q0 [label = "q0"];
	q1 [label = "q1", shape = doublecircle, final="true" ];
	q2 [label = "q2"];
	q3 [label = "q3"];
	q4 [label = "q4", shape = doublecircle, final="true" ];
	q5 [label = "q5"];
	m0 [label = "", shape = square, style = filled, color=grey, fixedsize=true, width=.2];
	m1 [label = "", shape = square, style = filled, color=grey, fixedsize=true, width=.2];
	m2 [label = "", shape = square, style = filled, color=grey, fixedsize=true, width=.2];
	m3 [label = "", shape = square, style = filled, color=grey, fixedsize=true, width=.2];
	m4 [label = "", shape = square, style = filled, color=grey, fixedsize=true, width=.2];
	m5 [label = "", shape = square, style = filled, color=grey, fixedsize=true, width=.2];
	m6 [label = "", shape = square, style = filled, color=grey, fixedsize=true, width=.2];
	m7 [label = "", shape = square, style = filled, color=grey, fixedsize=true, width=.2];
	m8 [label = "", shape = square, style = filled, color=grey, fixedsize=true, width=.2];
	m9 [label = "", shape = square, style = filled, color=grey, fixedsize=true, width=.2];
	m10 [label = "", shape = square, style = filled, color=grey, fixedsize=true, width=.2];
	s0 -> q0
	s1 -> q2
	q3 -> q1 [label = "c"];
	q5 -> q1 [label = "b"];
	q4 -> m6 [label = "a"];
	q2 -> q0 [label = "a, c"];
	q2 -> q5 [label = "a"];
	q0 -> m4 [label = "b"];
	q0 -> q2 [label = "b"];
	q4 -> m0 [label = "c"];
	q5 -> q2 [label = "c"];
	q0 -> m1 [label = "a"];
	q1 -> q5 [label = "c"];
	q0 -> q0 [label = "a, c"];
	q4 -> m10 [label = "b"];
	q5 -> q4 [label = "c"];
	q2 -> m2 [label = "b"];
	q1 -> m7 [label = "a"];
	q0 -> m5 [label = "c"];
	q3 -> m8 [label = "a"];
	q1 -> q2 [label = "a"];
	q5 -> q0 [label = "b"];
	q3 -> q3 [label = "b"];
	q3 -> q2 [label = "b"];
	q5 -> q3 [label = "a"];
	q1 -> q4 [label = "b"];
	q1 -> m8 [label = "b"];
	q3 -> m5 [label = "a, c"];
	q2 -> m3 [label = "b"];
	q1 -> q3 [label = "c"];
	q4 -> m9 [label = "b"];
	q4 -> q1 [label = "a, c"];
	q2 -> q4 [label = "c"];
	m0 -> q0;
	m0 -> q1;
	m1 -> q1;
	m1 -> q5;
	m2 -> q2;
	m2 -> q4;
	m3 -> q2;
	m3 -> q3;
	m4 -> q3;
	m4 -> q5;
	m5 -> q4;
	m5 -> q5;
	m6 -> q0;
	m6 -> q3;
	m7 -> q0;
	m7 -> q4;
	m8 -> q1;
	m8 -> q2;
	m9 -> q1;
	m9 -> q3;
	m10 -> q3;
	m10 -> q4;
}

L* output after 12 EQ and 15388 MQ:
digraph finite_state_machine {
	rankdir=LR;
	node [shape = circle];
	s0 [shape = point, style = invis, start="true" ];
	q0 [label = "q0"];
	q1 [label = "q1"];
	q2 [label = "q2"];
	q3 [label = "q3"];
	q4 [label = "q4"];
	q5 [label = "q5", shape = doublecircle, final="true" ];
	q6 [label = "q6", shape = doublecircle, final="true" ];
	q7 [label = "q7", shape = doublecircle, final="true" ];
	q8 [label = "q8"];
	q9 [label = "q9"];
	q10 [label = "q10"];
	q11 [label = "q11"];
	q12 [label = "q12"];
	q13 [label = "q13"];
	q14 [label = "q14", shape = doublecircle, final="true" ];
	q15 [label = "q15"];
	q16 [label = "q16", shape = doublecircle, final="true" ];
	q17 [label = "q17"];
	q18 [label = "q18", shape = doublecircle, final="true" ];
	q19 [label = "q19", shape = doublecircle, final="true" ];
	q20 [label = "q20"];
	q21 [label = "q21"];
	q22 [label = "q22"];
	q23 [label = "q23", shape = doublecircle, final="true" ];
	q24 [label = "q24"];
	q25 [label = "q25", shape = doublecircle, final="true" ];
	q26 [label = "q26"];
	q27 [label = "q27"];
	q28 [label = "q28", shape = doublecircle, final="true" ];
	q29 [label = "q29"];
	q30 [label = "q30", shape = doublecircle, final="true" ];
	q31 [label = "q31"];
	q32 [label = "q32"];
	q33 [label = "q33"];
	q34 [label = "q34", shape = doublecircle, final="true" ];
	q35 [label = "q35", shape = doublecircle, final="true" ];
	q36 [label = "q36", shape = doublecircle, final="true" ];
	q37 [label = "q37", shape = doublecircle, final="true" ];
	q38 [label = "q38"];
	q39 [label = "q39"];
	q40 [label = "q40"];
	q41 [label = "q41"];
	q42 [label = "q42", shape = doublecircle, final="true" ];
	q43 [label = "q43", shape = doublecircle, final="true" ];
	q44 [label = "q44", shape = doublecircle, final="true" ];
	q45 [label = "q45", shape = doublecircle, final="true" ];
	q46 [label = "q46"];
	q47 [label = "q47", shape = doublecircle, final="true" ];
	q48 [label = "q48"];
	q49 [label = "q49", shape = doublecircle, final="true" ];
	q50 [label = "q50", shape = doublecircle, final="true" ];
	q51 [label = "q51", shape = doublecircle, final="true" ];
	q52 [label = "q52", shape = doublecircle, final="true" ];
	q53 [label = "q53", shape = doublecircle, final="true" ];
	q54 [label = "q54", shape = doublecircle, final="true" ];
	q55 [label = "q55", shape = doublecircle, final="true" ];
	q56 [label = "q56"];
	q57 [label = "q57", shape = doublecircle, final="true" ];
	q58 [label = "q58"];
	q59 [label = "q59", shape = doublecircle, final="true" ];
	q60 [label = "q60", shape = doublecircle, final="true" ];
	q61 [label = "q61"];
	q62 [label = "q62", shape = doublecircle, final="true" ];
	q63 [label = "q63", shape = doublecircle, final="true" ];
	q64 [label = "q64"];
	q65 [label = "q65", shape = doublecircle, final="true" ];
	q66 [label = "q66"];
	q67 [label = "q67", shape = doublecircle, final="true" ];
	q68 [label = "q68", shape = doublecircle, final="true" ];
	q69 [label = "q69", shape = doublecircle, final="true" ];
	q70 [label = "q70"];
	q71 [label = "q71", shape = doublecircle, final="true" ];
	q72 [label = "q72", shape = doublecircle, final="true" ];
	q73 [label = "q73"];
	q74 [label = "q74"];
	q75 [label = "q75", shape = doublecircle, final="true" ];
	q76 [label = "q76", shape = doublecircle, final="true" ];
	q77 [label = "q77", shape = doublecircle, final="true" ];
	q78 [label = "q78", shape = doublecircle, final="true" ];
	q79 [label = "q79", shape = doublecircle, final="true" ];
	q80 [label = "q80", shape = doublecircle, final="true" ];
	q81 [label = "q81", shape = doublecircle, final="true" ];
	q82 [label = "q82"];
	q83 [label = "q83"];
	q84 [label = "q84"];
	q85 [label = "q85"];
	q86 [label = "q86", shape = doublecircle, final="true" ];
	q87 [label = "q87"];
	q88 [label = "q88"];
	q89 [label = "q89"];
	q90 [label = "q90", shape = doublecircle, final="true" ];
	q91 [label = "q91"];
	q92 [label = "q92"];
	q93 [label = "q93", shape = doublecircle, final="true" ];
	q94 [label = "q94"];
	q95 [label = "q95"];
	q96 [label = "q96", shape = doublecircle, final="true" ];
	q97 [label = "q97", shape = doublecircle, final="true" ];
	q98 [label = "q98", shape = doublecircle, final="true" ];
	s0 -> q56
	q85 -> q96 [label = "b"];
	q87 -> q31 [label = "a"];
	q84 -> q37 [label = "b"];
	q82 -> q53 [label = "c"];
	q86 -> q32 [label = "a"];
	q85 -> q17 [label = "a"];
	q81 -> q34 [label = "c"];
	q87 -> q55 [label = "b"];
	q83 -> q33 [label = "a"];
	q87 -> q80 [label = "c"];
	q85 -> q52 [label = "c"];
	q84 -> q20 [label = "a"];
	q86 -> q44 [label = "b"];
	q82 -> q21 [label = "a"];
	q86 -> q50 [label = "c"];
	q84 -> q18 [label = "c"];
	q80 -> q35 [label = "a"];
	q79 -> q91 [label = "a"];
	q77 -> q44 [label = "b"];
	q76 -> q37 [label = "b"];
	q74 -> q80 [label = "c"];
	q79 -> q37 [label = "b"];
	q77 -> q0 [label = "a"];
	q79 -> q45 [label = "c"];
	q75 -> q26 [label = "a"];
	q73 -> q88 [label = "a"];
	q78 -> q47 [label = "b"];
	q5 -> q54 [label = "c"];
	q82 -> q39 [label = "b"];
	q75 -> q82 [label = "b"];
	q25 -> q22 [label = "a"];
	q47 -> q67 [label = "a"];
	q4 -> q15 [label = "a"];
	q77 -> q65 [label = "c"];
	q67 -> q69 [label = "b"];
	q0 -> q37 [label = "b"];
	q76 -> q90 [label = "a"];
	q2 -> q37 [label = "b"];
	q44 -> q70 [label = "b"];
	q14 -> q78 [label = "c"];
	q0 -> q20 [label = "a"];
	q64 -> q42 [label = "c"];
	q10 -> q55 [label = "b"];
	q10 -> q89 [label = "a"];
	q83 -> q52 [label = "c"];
	q72 -> q19 [label = "c"];
	q12 -> q4 [label = "a"];
	q42 -> q82 [label = "b"];
	q8 -> q78 [label = "c"];
	q14 -> q37 [label = "b"];
	q13 -> q28 [label = "c"];
	q3 -> q10 [label = "a"];
	q9 -> q55 [label = "b"];
	q21 -> q62 [label = "b"];
	q24 -> q10 [label = "a"];
	q28 -> q78 [label = "c"];
	q24 -> q43 [label = "b"];
	q16 -> q5 [label = "a"];
	q25 -> q47 [label = "b"];
	q8 -> q89 [label = "a"];
	q25 -> q19 [label = "c"];
	q92 -> q80 [label = "c"];
	q31 -> q96 [label = "b"];
	q26 -> q80 [label = "c"];
	q5 -> q44 [label = "b"];
	q63 -> q53 [label = "c"];
	q34 -> q47 [label = "b"];
	q47 -> q39 [label = "b"];
	q19 -> q96 [label = "b"];
	q0 -> q80 [label = "c"];
	q74 -> q37 [label = "b"];
	q36 -> q54 [label = "c"];
	q34 -> q84 [label = "a"];
	q80 -> q37 [label = "b"];
	q20 -> q8 [label = "a"];
	q38 -> q80 [label = "c"];
	q60 -> q65 [label = "c"];
	q45 -> q50 [label = "c"];
	q13 -> q33 [label = "a"];
	q39 -> q34 [label = "c"];
	q40 -> q20 [label = "a"];
	q19 -> q52 [label = "c"];
	q65 -> q52 [label = "c"];
	q48 -> q81 [label = "c"];
	q81 -> q25 [label = "a"];
	q72 -> q66 [label = "a"];
	q37 -> q21 [label = "a"];
	q11 -> q3 [label = "a"];
	q89 -> q55 [label = "b"];
	q33 -> q15 [label = "a"];
	q9 -> q95 [label = "a"];
	q28 -> q23 [label = "a"];
	q32 -> q17 [label = "a"];
	q39 -> q88 [label = "a"];
	q24 -> q16 [label = "c"];
	q51 -> q85 [label = "a"];
	q92 -> q55 [label = "b"];
	q33 -> q45 [label = "c"];
	q40 -> q55 [label = "b"];
	q46 -> q75 [label = "c"];
	q91 -> q24 [label = "a"];
	q61 -> q55 [label = "b"];
	q29 -> q55 [label = "b"];
	q15 -> q80 [label = "c"];
	q41 -> q38 [label = "a"];
	q97 -> q29 [label = "a"];
	q59 -> q83 [label = "c"];
	q93 -> q38 [label = "a"];
	q29 -> q31 [label = "a"];
	q41 -> q55 [label = "b"];
	q29 -> q78 [label = "c"];
	q47 -> q53 [label = "c"];
	q59 -> q47 [label = "b"];
	q37 -> q53 [label = "c"];
	q50 -> q86 [label = "a"];
	q41 -> q78 [label = "c"];
	q67 -> q40 [label = "a"];
	q90 -> q19 [label = "c"];
	q26 -> q55 [label = "b"];
	q42 -> q77 [label = "a"];
	q89 -> q93 [label = "c"];
	q90 -> q47 [label = "b"];
	q30 -> q21 [label = "a"];
	q98 -> q49 [label = "c"];
	q32 -> q96 [label = "b"];
	q57 -> q82 [label = "b"];
	q89 -> q15 [label = "a"];
	q4 -> q37 [label = "b"];
	q17 -> q52 [label = "c"];
	q57 -> q59 [label = "a"];
	q30 -> q70 [label = "b"];
	q46 -> q43 [label = "b"];
	q5 -> q1 [label = "a"];
	q70 -> q53 [label = "c"];
	q97 -> q69 [label = "b"];
	q80 -> q78 [label = "c"];
	q27 -> q12 [label = "a"];
	q20 -> q63 [label = "c"];
	q90 -> q94 [label = "a"];
	q61 -> q46 [label = "a"];
	q95 -> q75 [label = "c"];
	q23 -> q68 [label = "c"];
	q96 -> q50 [label = "c"];
	q23 -> q69 [label = "b"];
	q31 -> q28 [label = "c"];
	q12 -> q45 [label = "c"];
	q94 -> q13 [label = "a"];
	q74 -> q89 [label = "a"];
	q93 -> q37 [label = "b"];
	q30 -> q76 [label = "c"];
	q28 -> q37 [label = "b"];
	q49 -> q49 [label = "c"];
	q26 -> q11 [label = "a"];
	q72 -> q47 [label = "b"];
	q10 -> q80 [label = "c"];
	q36 -> q44 [label = "b"];
	q15 -> q38 [label = "a"];
	q83 -> q96 [label = "b"];
	q33 -> q55 [label = "b"];
	q6 -> q65 [label = "c"];
	q96 -> q66 [label = "a"];
	q78 -> q50 [label = "c"];
	q97 -> q49 [label = "c"];
	q98 -> q69 [label = "b"];
	q4 -> q93 [label = "c"];
	q35 -> q54 [label = "c"];
	q18 -> q6 [label = "a"];
	q95 -> q30 [label = "b"];
	q27 -> q63 [label = "c"];
	q11 -> q55 [label = "b"];
	q6 -> q44 [label = "b"];
	q16 -> q82 [label = "b"];
	q66 -> q62 [label = "b"];
	q32 -> q28 [label = "c"];
	q8 -> q55 [label = "b"];
	q94 -> q16 [label = "c"];
	q35 -> q87 [label = "a"];
	q6 -> q2 [label = "a"];
	q94 -> q30 [label = "b"];
	q98 -> q85 [label = "a"];
	q45 -> q87 [label = "a"];
	q43 -> q21 [label = "a"];
	q43 -> q39 [label = "b"];
	q40 -> q78 [label = "c"];
	q88 -> q92 [label = "a"];
	q44 -> q67 [label = "a"];
	q36 -> q32 [label = "a"];
	q96 -> q44 [label = "b"];
	q95 -> q74 [label = "a"];
	q73 -> q82 [label = "b"];
	q38 -> q38 [label = "a"];
	q1 -> q55 [label = "b"];
	q37 -> q39 [label = "b"];
	q34 -> q97 [label = "c"];
	q3 -> q30 [label = "b"];
	q7 -> q97 [label = "c"];
	q60 -> q47 [label = "b"];
	q91 -> q14 [label = "c"];
	q2 -> q80 [label = "c"];
	q7 -> q2 [label = "a"];
	q49 -> q98 [label = "a"];
	q3 -> q16 [label = "c"];
	q39 -> q82 [label = "b"];
	q54 -> q71 [label = "a"];
	q1 -> q20 [label = "a"];
	q9 -> q78 [label = "c"];
	q71 -> q44 [label = "b"];
	q15 -> q37 [label = "b"];
	q12 -> q55 [label = "b"];
	q14 -> q89 [label = "a"];
	q50 -> q49 [label = "c"];
	q7 -> q44 [label = "b"];
	q11 -> q80 [label = "c"];
	q71 -> q87 [label = "a"];
	q18 -> q37 [label = "b"];
	q22 -> q16 [label = "c"];
	q22 -> q30 [label = "b"];
	q16 -> q53 [label = "c"];
	q13 -> q96 [label = "b"];
	q21 -> q63 [label = "c"];
	q44 -> q53 [label = "c"];
	q17 -> q41 [label = "a"];
	q17 -> q96 [label = "b"];
	q19 -> q7 [label = "a"];
	q22 -> q27 [label = "a"];
	q21 -> q9 [label = "a"];
	q45 -> q47 [label = "b"];
	q92 -> q95 [label = "a"];
	q20 -> q62 [label = "b"];
	q18 -> q78 [label = "c"];
	q42 -> q53 [label = "c"];
	q46 -> q74 [label = "a"];
	q55 -> q70 [label = "b"];
	q43 -> q76 [label = "c"];
	q56 -> q58 [label = "a"];
	q50 -> q69 [label = "b"];
	q52 -> q50 [label = "c"];
	q48 -> q73 [label = "b"];
	q54 -> q52 [label = "c"];
	q2 -> q31 [label = "a"];
	q38 -> q55 [label = "b"];
	q54 -> q96 [label = "b"];
	q81 -> q82 [label = "b"];
	q51 -> q69 [label = "b"];
	q49 -> q69 [label = "b"];
	q55 -> q53 [label = "c"];
	q53 -> q72 [label = "a"];
	q52 -> q47 [label = "b"];
	q51 -> q68 [label = "c"];
	q55 -> q21 [label = "a"];
	q1 -> q80 [label = "c"];
	q58 -> q62 [label = "b"];
	q93 -> q78 [label = "c"];
	q88 -> q43 [label = "b"];
	q56 -> q48 [label = "b"];
	q58 -> q61 [label = "a"];
	q88 -> q16 [label = "c"];
	q56 -> q57 [label = "c"];
	q23 -> q29 [label = "a"];
	q60 -> q84 [label = "a"];
	q52 -> q51 [label = "a"];
	q62 -> q44 [label = "b"];
	q61 -> q45 [label = "c"];
	q73 -> q79 [label = "c"];
	q59 -> q64 [label = "a"];
	q53 -> q97 [label = "c"];
	q69 -> q50 [label = "c"];
	q57 -> q60 [label = "c"];
	q63 -> q82 [label = "b"];
	q58 -> q63 [label = "c"];
	q62 -> q66 [label = "a"];
	q31 -> q41 [label = "a"];
	q69 -> q51 [label = "a"];
	q63 -> q67 [label = "a"];
	q64 -> q27 [label = "a"];
	q68 -> q52 [label = "c"];
	q78 -> q36 [label = "a"];
	q35 -> q44 [label = "b"];
	q53 -> q47 [label = "b"];
	q64 -> q43 [label = "b"];
	q65 -> q41 [label = "a"];
	q66 -> q83 [label = "a"];
	q68 -> q97 [label = "a"];
	q70 -> q70 [label = "b"];
	q48 -> q58 [label = "a"];
	q65 -> q96 [label = "b"];
	q71 -> q50 [label = "c"];
	q66 -> q63 [label = "c"];
	q75 -> q53 [label = "c"];
	q91 -> q37 [label = "b"];
	q68 -> q96 [label = "b"];
	q27 -> q62 [label = "b"];
	q76 -> q45 [label = "c"];
	q70 -> q21 [label = "a"];
	q62 -> q54 [label = "c"];
	q67 -> q68 [label = "c"];
	q69 -> q44 [label = "b"];
}
DFA size: 99 states

NL* output after 12 EQ and 3395 MQ:
digraph finite_state_machine {
	rankdir=LR;
	node [shape = circle];
	s0 [shape = point, style = invis, start="true" ];
	q0 [label = "q0"];
	q1 [label = "q1"];
	q2 [label = "q2", shape = doublecircle, final="true" ];
	q3 [label = "q3", shape = doublecircle, final="true" ];
	q4 [label = "q4"];
	q5 [label = "q5"];
	q6 [label = "q6"];
	q7 [label = "q7", shape = doublecircle, final="true" ];
	q8 [label = "q8"];
	q9 [label = "q9"];
	q10 [label = "q10", shape = doublecircle, final="true" ];
	q11 [label = "q11", shape = doublecircle, final="true" ];
	q12 [label = "q12"];
	q13 [label = "q13", shape = doublecircle, final="true" ];
	q14 [label = "q14"];
	q15 [label = "q15", shape = doublecircle, final="true" ];
	q16 [label = "q16"];
	q17 [label = "q17"];
	q18 [label = "q18"];
	q19 [label = "q19"];
	q20 [label = "q20", shape = doublecircle, final="true" ];
	q21 [label = "q21"];
	q22 [label = "q22"];
	q23 [label = "q23", shape = doublecircle, final="true" ];
	q24 [label = "q24"];
	q25 [label = "q25"];
	q26 [label = "q26", shape = doublecircle, final="true" ];
	q27 [label = "q27", shape = doublecircle, final="true" ];
	q28 [label = "q28"];
	s0 -> q12
	q18 -> q23 [label = "c"];
	q18 -> q21 [label = "c"];
	q18 -> q17 [label = "c"];
	q18 -> q16 [label = "c"];
	q18 -> q11 [label = "c"];
	q18 -> q2 [label = "c"];
	q20 -> q14 [label = "b"];
	q20 -> q8 [label = "b"];
	q22 -> q16 [label = "a"];
	q17 -> q21 [label = "c"];
	q17 -> q2 [label = "c"];
	q21 -> q19 [label = "a"];
	q23 -> q8 [label = "b"];
	q19 -> q21 [label = "a"];
	q17 -> q3 [label = "b"];
	q23 -> q7 [label = "c"];
	q19 -> q8 [label = "b"];
	q19 -> q3 [label = "b"];
	q21 -> q23 [label = "c"];
	q21 -> q22 [label = "c"];
	q21 -> q11 [label = "c"];
	q21 -> q2 [label = "c"];
	q16 -> q20 [label = "c"];
	q16 -> q11 [label = "c"];
	q16 -> q4 [label = "c"];
	q21 -> q4 [label = "a, c"];
	q22 -> q14 [label = "b"];
	q21 -> q13 [label = "c"];
	q22 -> q8 [label = "b"];
	q18 -> q19 [label = "a"];
	q18 -> q1 [label = "a, c"];
	q16 -> q3 [label = "b"];
	q22 -> q10 [label = "c"];
	q22 -> q7 [label = "c"];
	q18 -> q22 [label = "b, c"];
	q18 -> q14 [label = "b"];
	q18 -> q12 [label = "b"];
	q18 -> q8 [label = "b"];
	q18 -> q4 [label = "b, c"];
	q18 -> q3 [label = "b"];
	q16 -> q18 [label = "a"];
	q20 -> q23 [label = "c"];
	q8 -> q11 [label = "c"];
	q5 -> q3 [label = "b"];
	q19 -> q12 [label = "b"];
	q13 -> q23 [label = "c"];
	q16 -> q23 [label = "c"];
	q28 -> q7 [label = "c"];
	q6 -> q8 [label = "b"];
	q15 -> q11 [label = "c"];
	q15 -> q10 [label = "a, c"];
	q20 -> q26 [label = "a"];
	q15 -> q2 [label = "c"];
	q24 -> q6 [label = "b"];
	q11 -> q10 [label = "a, c"];
	q21 -> q8 [label = "b"];
	q25 -> q11 [label = "c"];
	q9 -> q27 [label = "b"];
	q9 -> q12 [label = "b, c"];
	q9 -> q10 [label = "b"];
	q9 -> q8 [label = "b"];
	q13 -> q2 [label = "c"];
	q9 -> q4 [label = "b, c"];
	q28 -> q16 [label = "c"];
	q13 -> q7 [label = "c"];
	q26 -> q12 [label = "a, b"];
	q23 -> q14 [label = "b"];
	q19 -> q13 [label = "c"];
	q5 -> q1 [label = "a, c"];
	q14 -> q7 [label = "c"];
	q21 -> q3 [label = "b"];
	q14 -> q4 [label = "b"];
	q14 -> q9 [label = "a"];
	q23 -> q27 [label = "a"];
	q15 -> q26 [label = "a"];
	q23 -> q10 [label = "a, c"];
	q15 -> q23 [label = "c"];
	q5 -> q13 [label = "c"];
	q6 -> q20 [label = "c"];
	q5 -> q12 [label = "b"];
	q20 -> q7 [label = "a, c"];
	q26 -> q20 [label = "b"];
	q13 -> q25 [label = "a"];
	q26 -> q14 [label = "b"];
	q26 -> q11 [label = "b"];
	q24 -> q12 [label = "b, c"];
	q3 -> q4 [label = "b"];
	q15 -> q7 [label = "a, c"];
	q7 -> q14 [label = "b"];
	q28 -> q2 [label = "c"];
	q28 -> q13 [label = "c"];
	q24 -> q17 [label = "b"];
	q24 -> q22 [label = "c"];
	q24 -> q10 [label = "b"];
	q9 -> q11 [label = "c"];
	q24 -> q8 [label = "b"];
	q27 -> q8 [label = "a, b"];
	q13 -> q8 [label = "b"];
	q26 -> q6 [label = "a"];
	q24 -> q23 [label = "c"];
	q10 -> q21 [label = "c"];
	q25 -> q12 [label = "b"];
	q26 -> q25 [label = "c"];
	q27 -> q2 [label = "c"];
	q24 -> q0 [label = "b"];
	q26 -> q1 [label = "c"];
	q26 -> q19 [label = "c"];
	q28 -> q10 [label = "c"];
	q27 -> q14 [label = "b"];
	q27 -> q15 [label = "b"];
	q1 -> q4 [label = "c"];
	q26 -> q21 [label = "c"];
	q5 -> q4 [label = "b, c"];
	q25 -> q20 [label = "c"];
	q26 -> q24 [label = "c"];
	q26 -> q8 [label = "b"];
	q26 -> q18 [label = "c"];
	q10 -> q3 [label = "b"];
	q22 -> q2 [label = "c"];
	q7 -> q28 [label = "c"];
	q24 -> q20 [label = "c"];
	q26 -> q2 [label = "c"];
	q25 -> q2 [label = "c"];
	q5 -> q21 [label = "c"];
	q16 -> q8 [label = "b"];
	q13 -> q11 [label = "c"];
	q26 -> q15 [label = "b"];
	q26 -> q16 [label = "c"];
	q26 -> q17 [label = "a, c"];
	q28 -> q8 [label = "b"];
	q23 -> q2 [label = "c"];
	q26 -> q4 [label = "a, b, c"];
	q0 -> q20 [label = "c"];
	q1 -> q3 [label = "b"];
	q8 -> q9 [label = "a"];
	q21 -> q16 [label = "c"];
	q7 -> q4 [label = "a, c"];
	q2 -> q3 [label = "b"];
	q19 -> q22 [label = "c"];
	q1 -> q8 [label = "b"];
	q28 -> q14 [label = "b"];
	q9 -> q17 [label = "b"];
	q4 -> q8 [label = "b"];
	q27 -> q11 [label = "c"];
	q27 -> q9 [label = "c"];
	q27 -> q5 [label = "c"];
	q1 -> q21 [label = "a"];
	q27 -> q18 [label = "c"];
	q0 -> q23 [label = "c"];
	q27 -> q20 [label = "c"];
	q21 -> q17 [label = "a, c"];
	q2 -> q8 [label = "b"];
	q19 -> q4 [label = "b, c"];
	q7 -> q21 [label = "c"];
	q17 -> q16 [label = "a"];
	q24 -> q3 [label = "b"];
	q7 -> q24 [label = "c"];
	q27 -> q21 [label = "c"];
	q17 -> q1 [label = "a"];
	q25 -> q23 [label = "c"];
	q9 -> q6 [label = "b"];
	q27 -> q24 [label = "c"];
	q28 -> q17 [label = "a, c"];
	q11 -> q14 [label = "b"];
	q2 -> q16 [label = "c"];
	q9 -> q18 [label = "b"];
	q28 -> q12 [label = "b"];
	q26 -> q22 [label = "b, c"];
	q0 -> q21 [label = "c"];
	q27 -> q28 [label = "c"];
	q25 -> q22 [label = "b, c"];
	q20 -> q10 [label = "a, c"];
	q1 -> q22 [label = "c"];
	q16 -> q13 [label = "c"];
	q28 -> q1 [label = "a, c"];
	q18 -> q20 [label = "c"];
	q26 -> q3 [label = "b"];
	q2 -> q13 [label = "c"];
	q14 -> q11 [label = "c"];
	q28 -> q3 [label = "b"];
	q25 -> q8 [label = "b"];
	q0 -> q13 [label = "c"];
	q17 -> q14 [label = "b"];
	q11 -> q8 [label = "b"];
	q26 -> q28 [label = "c"];
	q25 -> q1 [label = "c"];
	q2 -> q21 [label = "c"];
	q25 -> q4 [label = "a, b, c"];
	q27 -> q6 [label = "a"];
	q13 -> q10 [label = "c"];
	q11 -> q7 [label = "c"];
	q21 -> q21 [label = "c"];
	q25 -> q17 [label = "a, c"];
	q9 -> q0 [label = "b"];
	q27 -> q3 [label = "b"];
	q25 -> q13 [label = "c"];
	q0 -> q22 [label = "c"];
	q20 -> q11 [label = "c"];
	q28 -> q21 [label = "c"];
	q25 -> q16 [label = "c"];
	q27 -> q12 [label = "a"];
	q6 -> q11 [label = "c"];
	q26 -> q9 [label = "c"];
	q21 -> q1 [label = "a, c"];
	q25 -> q3 [label = "b"];
	q2 -> q4 [label = "a, c"];
	q26 -> q0 [label = "a"];
	q25 -> q14 [label = "b"];
	q10 -> q6 [label = "a"];
	q0 -> q17 [label = "c"];
	q18 -> q13 [label = "c"];
	q7 -> q19 [label = "c"];
	q25 -> q18 [label = "a"];
	q10 -> q15 [label = "b"];
	q2 -> q7 [label = "c"];
	q14 -> q22 [label = "b"];
	q8 -> q4 [label = "b"];
	q24 -> q11 [label = "c"];
	q2 -> q22 [label = "c"];
	q24 -> q5 [label = "a"];
	q24 -> q4 [label = "b, c"];
	q12 -> q9 [label = "a"];
	q28 -> q4 [label = "a, b, c"];
	q9 -> q3 [label = "b"];
	q24 -> q13 [label = "c"];
	q15 -> q22 [label = "b"];
	q21 -> q14 [label = "b"];
	q26 -> q23 [label = "b"];
	q0 -> q11 [label = "c"];
	q10 -> q12 [label = "a"];
	q14 -> q10 [label = "c"];
	q14 -> q23 [label = "c"];
	q10 -> q14 [label = "b"];
	q12 -> q11 [label = "c"];
	q4 -> q2 [label = "c"];
	q4 -> q16 [label = "a"];
	q25 -> q21 [label = "c"];
	q5 -> q16 [label = "c"];
	q0 -> q1 [label = "a, c"];
	q0 -> q9 [label = "a"];
	q0 -> q16 [label = "a, c"];
	q0 -> q19 [label = "a"];
	q2 -> q14 [label = "b"];
	q7 -> q13 [label = "c"];
	q0 -> q3 [label = "b"];
	q0 -> q8 [label = "b"];
	q0 -> q14 [label = "b"];
	q2 -> q17 [label = "a, c"];
	q6 -> q3 [label = "b"];
	q0 -> q2 [label = "c"];
	q0 -> q4 [label = "c"];
	q5 -> q2 [label = "c"];
	q9 -> q20 [label = "c"];
	q5 -> q7 [label = "c"];
	q10 -> q5 [label = "c"];
	q24 -> q27 [label = "b"];
	q5 -> q22 [label = "b, c"];
	q7 -> q2 [label = "c"];
	q5 -> q27 [label = "c"];
	q7 -> q1 [label = "c"];
	q3 -> q22 [label = "b"];
	q5 -> q17 [label = "c"];
	q7 -> q5 [label = "c"];
	q7 -> q9 [label = "c"];
	q5 -> q10 [label = "c"];
	q7 -> q16 [label = "c"];
	q7 -> q17 [label = "a, c"];
	q9 -> q5 [label = "a"];
	q7 -> q18 [label = "c"];
	q26 -> q13 [label = "b, c"];
	q7 -> q22 [label = "c"];
	q6 -> q24 [label = "a"];
	q3 -> q9 [label = "a"];
	q3 -> q16 [label = "a"];
	q2 -> q2 [label = "c"];
	q7 -> q3 [label = "b"];
	q7 -> q8 [label = "b"];
	q7 -> q15 [label = "b"];
	q26 -> q5 [label = "c"];
	q1 -> q13 [label = "c"];
	q6 -> q9 [label = "a"];
	q4 -> q14 [label = "b"];
	q8 -> q23 [label = "c"];
	q14 -> q2 [label = "c"];
	q2 -> q1 [label = "c"];
	q2 -> q10 [label = "c"];
	q2 -> q27 [label = "c"];
	q0 -> q24 [label = "a"];
	q13 -> q16 [label = "a"];
	q28 -> q27 [label = "c"];
	q12 -> q8 [label = "b"];
	q7 -> q6 [label = "a"];
	q7 -> q12 [label = "a"];
	q7 -> q25 [label = "c"];
	q5 -> q8 [label = "b"];
	q5 -> q14 [label = "b"];
	q16 -> q22 [label = "c"];
	q15 -> q25 [label = "a"];
	q3 -> q2 [label = "c"];
	q3 -> q11 [label = "c"];
	q3 -> q23 [label = "c"];
	q21 -> q20 [label = "c"];
	q10 -> q18 [label = "c"];
	q9 -> q13 [label = "c"];
	q10 -> q8 [label = "b"];
	q9 -> q22 [label = "c"];
	q15 -> q9 [label = "a"];
	q17 -> q8 [label = "b"];
	q9 -> q23 [label = "c"];
	q15 -> q4 [label = "b"];
	q10 -> q9 [label = "c"];
	q10 -> q24 [label = "c"];
	q24 -> q28 [label = "a"];
	q10 -> q28 [label = "c"];
	q24 -> q18 [label = "b"];
	q28 -> q22 [label = "b, c"];
	q14 -> q16 [label = "a"];
	q13 -> q14 [label = "b"];
	q15 -> q16 [label = "a"];
	q15 -> q27 [label = "a"];
	q20 -> q2 [label = "c"];
}
NFA size: 29 states

AL* output after 12 EQ and 736 MQ:
digraph finite_state_machine {
	rankdir=LR;
	node [shape = circle];
	s0 [shape = point, style = invis, start="true" ];
	s1 [shape = point, style = invis, start="true" ];
	q0 [label = "q0", shape = doublecircle, final="true" ];
	q1 [label = "q1"];
	q2 [label = "q2"];
	q3 [label = "q3"];
	q4 [label = "q4", shape = doublecircle, final="true" ];
	q5 [label = "q5"];
	q6 [label = "q6", shape = doublecircle, final="true" ];
	m0 [label = "", shape = square, style = filled, color=grey, fixedsize=true, width=.2];
	m1 [label = "", shape = square, style = filled, color=grey, fixedsize=true, width=.2];
	m2 [label = "", shape = square, style = filled, color=grey, fixedsize=true, width=.2];
	m3 [label = "", shape = square, style = filled, color=grey, fixedsize=true, width=.2];
	m4 [label = "", shape = square, style = filled, color=grey, fixedsize=true, width=.2];
	m5 [label = "", shape = square, style = filled, color=grey, fixedsize=true, width=.2];
	m6 [label = "", shape = square, style = filled, color=grey, fixedsize=true, width=.2];
	m7 [label = "", shape = square, style = filled, color=grey, fixedsize=true, width=.2];
	m8 [label = "", shape = square, style = filled, color=grey, fixedsize=true, width=.2];
	m9 [label = "", shape = square, style = filled, color=grey, fixedsize=true, width=.2];
	m10 [label = "", shape = square, style = filled, color=grey, fixedsize=true, width=.2];
	m11 [label = "", shape = square, style = filled, color=grey, fixedsize=true, width=.2];
	s0 -> m0
	s1 -> m1
	q3 -> m0 [label = "c"];
	q3 -> m7 [label = "c"];
	q4 -> m4 [label = "b"];
	q1 -> m10 [label = "c"];
	q3 -> m2 [label = "a"];
	q1 -> m3 [label = "b, c"];
	q2 -> m7 [label = "c"];
	q1 -> m1 [label = "b"];
	q5 -> m11 [label = "b"];
	q1 -> q4 [label = "c"];
	q1 -> m9 [label = "b"];
	q4 -> m3 [label = "c"];
	q0 -> m2 [label = "b"];
	q5 -> q3 [label = "a"];
	q2 -> m1 [label = "b"];
	q4 -> m7 [label = "b"];
	q2 -> m4 [label = "b"];
	q0 -> m6 [label = "b"];
	q5 -> m0 [label = "b, c"];
	q0 -> m3 [label = "b"];
	q1 -> m0 [label = "b"];
	q6 -> m5 [label = "c"];
	q4 -> m8 [label = "a"];
	q0 -> q3 [label = "a"];
	q3 -> m8 [label = "a"];
	q4 -> q3 [label = "c"];
	q3 -> m1 [label = "b, c"];
	q6 -> q4 [label = "a, c"];
	q4 -> m2 [label = "c"];
	q6 -> m3 [label = "b"];
	q1 -> m2 [label = "a, c"];
	q2 -> q3 [label = "a"];
	q6 -> m4 [label = "b"];
	q0 -> q4 [label = "a, c"];
	q6 -> m1 [label = "b"];
	q3 -> q4 [label = "b"];
	q4 -> m1 [label = "a, b"];
	q0 -> m0 [label = "b"];
	q5 -> m7 [label = "c"];
	q5 -> m2 [label = "b"];
	q1 -> m4 [label = "b"];
	q5 -> m6 [label = "b, c"];
	q2 -> m0 [label = "c"];
	q1 -> m5 [label = "a, c"];
	q3 -> m4 [label = "a, b"];
	q0 -> m7 [label = "c"];
	q1 -> m8 [label = "a"];
	q3 -> m3 [label = "a"];
	q1 -> m6 [label = "a"];
	m0 -> q1;
	m0 -> q2;
	m0 -> q3;
	m0 -> q4;
	m0 -> q6;
	m1 -> q0;
	m1 -> q2;
	m1 -> q5;
	m2 -> q0;
	m2 -> q1;
	m2 -> q2;
	m2 -> q5;
	m3 -> q0;
	m3 -> q1;
	m3 -> q6;
	m4 -> q0;
	m4 -> q1;
	m4 -> q3;
	m4 -> q5;
	m5 -> q0;
	m5 -> q3;
	m5 -> q6;
	m6 -> q0;
	m6 -> q2;
	m6 -> q4;
	m6 -> q5;
	m7 -> q0;
	m7 -> q6;
	m8 -> q1;
	m8 -> q3;
	m8 -> q4;
	m9 -> q0;
	m9 -> q4;
	m9 -> q6;
	m10 -> q0;
	m10 -> q2;
	m10 -> q3;
	m10 -> q5;
	m11 -> q0;
	m11 -> q1;
	m11 -> q4;
	m11 -> q6;
}
AFA size: 7 states

AL** output after 13 EQ and 736 MQ:
digraph finite_state_machine {
	rankdir=LR;
	node [shape = circle];
	s0 [shape = point, style = invis, start="true" ];
	s1 [shape = point, style = invis, start="true" ];
	q0 [label = "q0", shape = doublecircle, final="true" ];
	q1 [label = "q1"];
	q2 [label = "q2"];
	q3 [label = "q3"];
	q4 [label = "q4", shape = doublecircle, final="true" ];
	q5 [label = "q5"];
	q6 [label = "q6", shape = doublecircle, final="true" ];
	m0 [label = "", shape = square, style = filled, color=grey, fixedsize=true, width=.2];
	m1 [label = "", shape = square, style = filled, color=grey, fixedsize=true, width=.2];
	m2 [label = "", shape = square, style = filled, color=grey, fixedsize=true, width=.2];
	m3 [label = "", shape = square, style = filled, color=grey, fixedsize=true, width=.2];
	m4 [label = "", shape = square, style = filled, color=grey, fixedsize=true, width=.2];
	m5 [label = "", shape = square, style = filled, color=grey, fixedsize=true, width=.2];
	m6 [label = "", shape = square, style = filled, color=grey, fixedsize=true, width=.2];
	m7 [label = "", shape = square, style = filled, color=grey, fixedsize=true, width=.2];
	m8 [label = "", shape = square, style = filled, color=grey, fixedsize=true, width=.2];
	m9 [label = "", shape = square, style = filled, color=grey, fixedsize=true, width=.2];
	m10 [label = "", shape = square, style = filled, color=grey, fixedsize=true, width=.2];
	m11 [label = "", shape = square, style = filled, color=grey, fixedsize=true, width=.2];
	s0 -> m0
	s1 -> m1
	q3 -> m0 [label = "c"];
	q3 -> m7 [label = "c"];
	q4 -> m4 [label = "b"];
	q1 -> m10 [label = "c"];
	q3 -> m2 [label = "a"];
	q1 -> m3 [label = "b, c"];
	q2 -> m7 [label = "c"];
	q1 -> m1 [label = "b"];
	q5 -> m11 [label = "b"];
	q1 -> q4 [label = "c"];
	q1 -> m9 [label = "b"];
	q4 -> m3 [label = "c"];
	q0 -> m2 [label = "b"];
	q5 -> q3 [label = "a"];
	q2 -> m1 [label = "b"];
	q4 -> m7 [label = "b"];
	q2 -> m4 [label = "b"];
	q0 -> m6 [label = "b"];
	q5 -> m0 [label = "b, c"];
	q0 -> m3 [label = "b"];
	q1 -> m0 [label = "b"];
	q6 -> m5 [label = "c"];
	q4 -> m8 [label = "a"];
	q0 -> q3 [label = "a"];
	q3 -> m8 [label = "a"];
	q4 -> q3 [label = "c"];
	q3 -> m1 [label = "b, c"];
	q6 -> q4 [label = "a, c"];
	q4 -> m2 [label = "c"];
	q6 -> m3 [label = "b"];
	q1 -> m2 [label = "a, c"];
	q2 -> q3 [label = "a"];
	q6 -> m4 [label = "b"];
	q0 -> q4 [label = "a, c"];
	q6 -> m1 [label = "b"];
	q3 -> q4 [label = "b"];
	q4 -> m1 [label = "a, b"];
	q0 -> m0 [label = "b"];
	q5 -> m7 [label = "c"];
	q5 -> m2 [label = "b"];
	q1 -> m4 [label = "b"];
	q5 -> m6 [label = "b, c"];
	q2 -> m0 [label = "c"];
	q1 -> m5 [label = "a, c"];
	q3 -> m4 [label = "a, b"];
	q0 -> m7 [label = "c"];
	q1 -> m8 [label = "a"];
	q3 -> m3 [label = "a"];
	q1 -> m6 [label = "a"];
	m0 -> q1;
	m0 -> q2;
	m0 -> q3;
	m0 -> q4;
	m0 -> q6;
	m1 -> q0;
	m1 -> q2;
	m1 -> q5;
	m2 -> q0;
	m2 -> q1;
	m2 -> q2;
	m2 -> q5;
	m3 -> q0;
	m3 -> q1;
	m3 -> q6;
	m4 -> q0;
	m4 -> q1;
	m4 -> q3;
	m4 -> q5;
	m5 -> q0;
	m5 -> q3;
	m5 -> q6;
	m6 -> q0;
	m6 -> q2;
	m6 -> q4;
	m6 -> q5;
	m7 -> q0;
	m7 -> q6;
	m8 -> q1;
	m8 -> q3;
	m8 -> q4;
	m9 -> q0;
	m9 -> q4;
	m9 -> q6;
	m10 -> q0;
	m10 -> q2;
	m10 -> q3;
	m10 -> q5;
	m11 -> q0;
	m11 -> q1;
	m11 -> q4;
	m11 -> q6;
}
RAFA size: 7 states

