Random target AFA:
digraph finite_state_machine {
	rankdir=LR;
	node [shape = circle];
	s0 [shape = point, style = invis, start="true" ];
	s1 [shape = point, style = invis, start="true" ];
	q0 [label = "q0", shape = doublecircle, final="true" ];
	q1 [label = "q1"];
	q2 [label = "q2"];
	q3 [label = "q3"];
	q4 [label = "q4", shape = doublecircle, final="true" ];
	q5 [label = "q5", shape = doublecircle, final="true" ];
	m0 [label = "", shape = square, style = filled, color=grey, fixedsize=true, width=.2];
	m1 [label = "", shape = square, style = filled, color=grey, fixedsize=true, width=.2];
	m2 [label = "", shape = square, style = filled, color=grey, fixedsize=true, width=.2];
	m3 [label = "", shape = square, style = filled, color=grey, fixedsize=true, width=.2];
	m4 [label = "", shape = square, style = filled, color=grey, fixedsize=true, width=.2];
	m5 [label = "", shape = square, style = filled, color=grey, fixedsize=true, width=.2];
	m6 [label = "", shape = square, style = filled, color=grey, fixedsize=true, width=.2];
	m7 [label = "", shape = square, style = filled, color=grey, fixedsize=true, width=.2];
	m8 [label = "", shape = square, style = filled, color=grey, fixedsize=true, width=.2];
	m9 [label = "", shape = square, style = filled, color=grey, fixedsize=true, width=.2];
	m10 [label = "", shape = square, style = filled, color=grey, fixedsize=true, width=.2];
	s0 -> q2
	s1 -> q0
	q5 -> q2 [label = "b"];
	q5 -> q3 [label = "c"];
	q2 -> m5 [label = "a, c"];
	q4 -> q5 [label = "a"];
	q0 -> m4 [label = "b"];
	q0 -> m3 [label = "a"];
	q1 -> q0 [label = "a"];
	q5 -> q5 [label = "b"];
	q0 -> q1 [label = "b"];
	q5 -> m7 [label = "c"];
	q5 -> q0 [label = "a"];
	q0 -> m2 [label = "a"];
	q2 -> q2 [label = "a, b"];
	q4 -> m0 [label = "c"];
	q2 -> q1 [label = "b"];
	q0 -> m6 [label = "c"];
	q5 -> q4 [label = "a"];
	q2 -> m4 [label = "c"];
	q0 -> q4 [label = "c"];
	q4 -> m1 [label = "c"];
	q3 -> q2 [label = "a"];
	q3 -> q5 [label = "b"];
	q3 -> q1 [label = "b"];
	q4 -> q0 [label = "a, b"];
	q1 -> m8 [label = "b"];
	q1 -> q4 [label = "a"];
	q1 -> m9 [label = "b"];
	q3 -> q4 [label = "a, c"];
	q1 -> m10 [label = "c"];
	q1 -> m3 [label = "c"];
	q4 -> q1 [label = "b"];
	m0 -> q1;
	m0 -> q5;
	m1 -> q2;
	m1 -> q5;
	m2 -> q1;
	m2 -> q4;
	m3 -> q2;
	m3 -> q3;
	m4 -> q3;
	m4 -> q4;
	m5 -> q0;
	m5 -> q5;
	m6 -> q4;
	m6 -> q5;
	m7 -> q1;
	m7 -> q2;
	m8 -> q0;
	m8 -> q1;
	m9 -> q0;
	m9 -> q3;
	m10 -> q3;
	m10 -> q5;
}

L* output after 12 EQ and 14295 MQ:
digraph finite_state_machine {
	rankdir=LR;
	node [shape = circle];
	s0 [shape = point, style = invis, start="true" ];
	q0 [label = "q0"];
	q1 [label = "q1", shape = doublecircle, final="true" ];
	q2 [label = "q2", shape = doublecircle, final="true" ];
	q3 [label = "q3", shape = doublecircle, final="true" ];
	q4 [label = "q4", shape = doublecircle, final="true" ];
	q5 [label = "q5", shape = doublecircle, final="true" ];
	q6 [label = "q6", shape = doublecircle, final="true" ];
	q7 [label = "q7", shape = doublecircle, final="true" ];
	q8 [label = "q8", shape = doublecircle, final="true" ];
	q9 [label = "q9", shape = doublecircle, final="true" ];
	q10 [label = "q10", shape = doublecircle, final="true" ];
	q11 [label = "q11", shape = doublecircle, final="true" ];
	q12 [label = "q12", shape = doublecircle, final="true" ];
	q13 [label = "q13", shape = doublecircle, final="true" ];
	q14 [label = "q14", shape = doublecircle, final="true" ];
	q15 [label = "q15", shape = doublecircle, final="true" ];
	q16 [label = "q16", shape = doublecircle, final="true" ];
	q17 [label = "q17", shape = doublecircle, final="true" ];
	q18 [label = "q18", shape = doublecircle, final="true" ];
	q19 [label = "q19", shape = doublecircle, final="true" ];
	q20 [label = "q20", shape = doublecircle, final="true" ];
	q21 [label = "q21", shape = doublecircle, final="true" ];
	q22 [label = "q22", shape = doublecircle, final="true" ];
	q23 [label = "q23", shape = doublecircle, final="true" ];
	q24 [label = "q24", shape = doublecircle, final="true" ];
	q25 [label = "q25", shape = doublecircle, final="true" ];
	q26 [label = "q26"];
	q27 [label = "q27", shape = doublecircle, final="true" ];
	q28 [label = "q28", shape = doublecircle, final="true" ];
	q29 [label = "q29", shape = doublecircle, final="true" ];
	q30 [label = "q30", shape = doublecircle, final="true" ];
	q31 [label = "q31", shape = doublecircle, final="true" ];
	q32 [label = "q32", shape = doublecircle, final="true" ];
	q33 [label = "q33", shape = doublecircle, final="true" ];
	q34 [label = "q34", shape = doublecircle, final="true" ];
	q35 [label = "q35"];
	q36 [label = "q36"];
	q37 [label = "q37", shape = doublecircle, final="true" ];
	q38 [label = "q38", shape = doublecircle, final="true" ];
	q39 [label = "q39", shape = doublecircle, final="true" ];
	q40 [label = "q40"];
	q41 [label = "q41", shape = doublecircle, final="true" ];
	q42 [label = "q42", shape = doublecircle, final="true" ];
	q43 [label = "q43"];
	q44 [label = "q44", shape = doublecircle, final="true" ];
	q45 [label = "q45", shape = doublecircle, final="true" ];
	q46 [label = "q46", shape = doublecircle, final="true" ];
	q47 [label = "q47"];
	q48 [label = "q48", shape = doublecircle, final="true" ];
	q49 [label = "q49"];
	q50 [label = "q50", shape = doublecircle, final="true" ];
	q51 [label = "q51", shape = doublecircle, final="true" ];
	q52 [label = "q52", shape = doublecircle, final="true" ];
	q53 [label = "q53", shape = doublecircle, final="true" ];
	q54 [label = "q54", shape = doublecircle, final="true" ];
	q55 [label = "q55", shape = doublecircle, final="true" ];
	q56 [label = "q56"];
	q57 [label = "q57", shape = doublecircle, final="true" ];
	s0 -> q41
	q45 -> q37 [label = "a"];
	q47 -> q3 [label = "b"];
	q41 -> q40 [label = "b"];
	q43 -> q37 [label = "a"];
	q41 -> q38 [label = "a"];
	q43 -> q19 [label = "b"];
	q45 -> q55 [label = "c"];
	q44 -> q48 [label = "a"];
	q46 -> q26 [label = "c"];
	q44 -> q50 [label = "c"];
	q39 -> q32 [label = "a"];
	q35 -> q44 [label = "c"];
	q38 -> q31 [label = "a"];
	q34 -> q44 [label = "c"];
	q40 -> q34 [label = "b"];
	q39 -> q51 [label = "b"];
	q39 -> q36 [label = "c"];
	q33 -> q46 [label = "c"];
	q33 -> q45 [label = "b"];
	q35 -> q20 [label = "b"];
	q38 -> q35 [label = "b"];
	q36 -> q37 [label = "a"];
	q32 -> q27 [label = "c"];
	q38 -> q30 [label = "c"];
	q34 -> q37 [label = "a"];
	q42 -> q37 [label = "a"];
	q32 -> q21 [label = "b"];
	q36 -> q43 [label = "c"];
	q32 -> q37 [label = "a"];
	q37 -> q20 [label = "b"];
	q31 -> q31 [label = "a"];
	q30 -> q53 [label = "a"];
	q18 -> q8 [label = "a"];
	q16 -> q6 [label = "c"];
	q16 -> q21 [label = "b"];
	q40 -> q33 [label = "c"];
	q53 -> q21 [label = "a"];
	q28 -> q45 [label = "b"];
	q23 -> q22 [label = "c"];
	q17 -> q20 [label = "b"];
	q23 -> q21 [label = "b"];
	q19 -> q21 [label = "b"];
	q21 -> q37 [label = "a"];
	q19 -> q8 [label = "a"];
	q17 -> q7 [label = "c"];
	q16 -> q37 [label = "a"];
	q57 -> q37 [label = "a"];
	q14 -> q10 [label = "b"];
	q22 -> q37 [label = "a"];
	q46 -> q18 [label = "b"];
	q56 -> q37 [label = "a"];
	q18 -> q13 [label = "c"];
	q20 -> q37 [label = "a"];
	q21 -> q9 [label = "c"];
	q3 -> q0 [label = "b"];
	q13 -> q19 [label = "b"];
	q9 -> q29 [label = "c"];
	q47 -> q17 [label = "a"];
	q27 -> q29 [label = "c"];
	q50 -> q42 [label = "b"];
	q42 -> q28 [label = "c"];
	q1 -> q20 [label = "b"];
	q48 -> q48 [label = "a"];
	q54 -> q37 [label = "a"];
	q45 -> q21 [label = "b"];
	q43 -> q46 [label = "c"];
	q56 -> q11 [label = "b"];
	q26 -> q26 [label = "c"];
	q50 -> q43 [label = "c"];
	q55 -> q19 [label = "b"];
	q53 -> q20 [label = "b"];
	q13 -> q25 [label = "c"];
	q20 -> q44 [label = "c"];
	q22 -> q15 [label = "c"];
	q5 -> q8 [label = "a"];
	q52 -> q2 [label = "b"];
	q42 -> q35 [label = "b"];
	q11 -> q28 [label = "c"];
	q48 -> q24 [label = "c"];
	q56 -> q43 [label = "c"];
	q37 -> q29 [label = "c"];
	q50 -> q37 [label = "a"];
	q46 -> q37 [label = "a"];
	q28 -> q25 [label = "c"];
	q47 -> q26 [label = "c"];
	q48 -> q21 [label = "b"];
	q15 -> q19 [label = "b"];
	q55 -> q53 [label = "a"];
	q49 -> q16 [label = "b"];
	q34 -> q35 [label = "b"];
	q14 -> q50 [label = "c"];
	q22 -> q16 [label = "b"];
	q51 -> q14 [label = "c"];
	q57 -> q43 [label = "c"];
	q15 -> q37 [label = "a"];
	q20 -> q20 [label = "b"];
	q24 -> q21 [label = "b"];
	q52 -> q56 [label = "c"];
	q49 -> q15 [label = "c"];
	q12 -> q5 [label = "b"];
	q55 -> q12 [label = "c"];
	q57 -> q11 [label = "b"];
	q17 -> q31 [label = "a"];
	q13 -> q53 [label = "a"];
	q2 -> q20 [label = "b"];
	q27 -> q48 [label = "a"];
	q53 -> q57 [label = "c"];
	q51 -> q51 [label = "b"];
	q49 -> q37 [label = "a"];
	q9 -> q48 [label = "a"];
	q25 -> q3 [label = "b"];
	q52 -> q48 [label = "a"];
	q54 -> q13 [label = "c"];
	q14 -> q48 [label = "a"];
	q3 -> q13 [label = "c"];
	q7 -> q48 [label = "a"];
	q44 -> q32 [label = "b"];
	q54 -> q20 [label = "b"];
	q5 -> q51 [label = "b"];
	q2 -> q14 [label = "c"];
	q41 -> q39 [label = "c"];
	q4 -> q34 [label = "b"];
	q35 -> q37 [label = "a"];
	q12 -> q36 [label = "c"];
	q7 -> q1 [label = "b"];
	q10 -> q27 [label = "c"];
	q28 -> q53 [label = "a"];
	q3 -> q8 [label = "a"];
	q6 -> q12 [label = "c"];
	q7 -> q56 [label = "c"];
	q33 -> q37 [label = "a"];
	q18 -> q35 [label = "b"];
	q1 -> q8 [label = "a"];
	q5 -> q14 [label = "c"];
	q6 -> q53 [label = "a"];
	q4 -> q48 [label = "a"];
	q0 -> q14 [label = "c"];
	q2 -> q37 [label = "a"];
	q0 -> q51 [label = "b"];
	q4 -> q49 [label = "c"];
	q8 -> q21 [label = "a"];
	q10 -> q8 [label = "a"];
	q12 -> q32 [label = "a"];
	q8 -> q4 [label = "c"];
	q11 -> q20 [label = "b"];
	q36 -> q42 [label = "b"];
	q15 -> q46 [label = "c"];
	q29 -> q49 [label = "c"];
	q30 -> q54 [label = "b"];
	q11 -> q37 [label = "a"];
	q24 -> q48 [label = "a"];
	q19 -> q55 [label = "c"];
	q9 -> q32 [label = "b"];
	q40 -> q37 [label = "a"];
	q51 -> q37 [label = "a"];
	q21 -> q21 [label = "b"];
	q8 -> q2 [label = "b"];
	q23 -> q48 [label = "a"];
	q26 -> q18 [label = "b"];
	q29 -> q20 [label = "b"];
	q6 -> q45 [label = "b"];
	q26 -> q37 [label = "a"];
	q30 -> q47 [label = "c"];
	q10 -> q21 [label = "b"];
	q1 -> q14 [label = "c"];
	q24 -> q23 [label = "c"];
	q25 -> q17 [label = "a"];
	q27 -> q10 [label = "b"];
	q0 -> q37 [label = "a"];
	q31 -> q52 [label = "c"];
	q25 -> q26 [label = "c"];
	q29 -> q48 [label = "a"];
	q37 -> q21 [label = "a"];
	q31 -> q20 [label = "b"];
}
DFA size: 58 states

NL* output after 13 EQ and 4928 MQ:
digraph finite_state_machine {
	rankdir=LR;
	node [shape = circle];
	s0 [shape = point, style = invis, start="true" ];
	q0 [label = "q0", shape = doublecircle, final="true" ];
	q1 [label = "q1"];
	q2 [label = "q2", shape = doublecircle, final="true" ];
	q3 [label = "q3"];
	q4 [label = "q4", shape = doublecircle, final="true" ];
	q5 [label = "q5"];
	q6 [label = "q6", shape = doublecircle, final="true" ];
	q7 [label = "q7"];
	q8 [label = "q8"];
	q9 [label = "q9", shape = doublecircle, final="true" ];
	q10 [label = "q10"];
	q11 [label = "q11", shape = doublecircle, final="true" ];
	q12 [label = "q12", shape = doublecircle, final="true" ];
	q13 [label = "q13", shape = doublecircle, final="true" ];
	q14 [label = "q14", shape = doublecircle, final="true" ];
	q15 [label = "q15"];
	q16 [label = "q16", shape = doublecircle, final="true" ];
	q17 [label = "q17", shape = doublecircle, final="true" ];
	q18 [label = "q18", shape = doublecircle, final="true" ];
	q19 [label = "q19", shape = doublecircle, final="true" ];
	q20 [label = "q20", shape = doublecircle, final="true" ];
	q21 [label = "q21", shape = doublecircle, final="true" ];
	q22 [label = "q22", shape = doublecircle, final="true" ];
	q23 [label = "q23", shape = doublecircle, final="true" ];
	s0 -> q11
	q20 -> q21 [label = "b"];
	q20 -> q17 [label = "b"];
	q20 -> q15 [label = "b"];
	q22 -> q23 [label = "a"];
	q17 -> q22 [label = "c"];
	q21 -> q14 [label = "a"];
	q21 -> q9 [label = "a"];
	q20 -> q1 [label = "b"];
	q19 -> q14 [label = "a"];
	q19 -> q9 [label = "a"];
	q17 -> q17 [label = "b"];
	q17 -> q8 [label = "b"];
	q17 -> q5 [label = "b"];
	q17 -> q1 [label = "b"];
	q17 -> q0 [label = "b"];
	q19 -> q15 [label = "b"];
	q19 -> q5 [label = "b"];
	q19 -> q1 [label = "b"];
	q17 -> q23 [label = "a"];
	q17 -> q11 [label = "a, b"];
	q17 -> q9 [label = "a"];
	q17 -> q6 [label = "a, b"];
	q17 -> q3 [label = "a, b"];
	q21 -> q22 [label = "c"];
	q20 -> q20 [label = "a"];
	q20 -> q11 [label = "a, b"];
	q20 -> q6 [label = "a, b"];
	q22 -> q21 [label = "b"];
	q17 -> q21 [label = "b"];
	q22 -> q19 [label = "b"];
	q22 -> q13 [label = "b"];
	q18 -> q12 [label = "a, c"];
	q18 -> q9 [label = "a"];
	q18 -> q3 [label = "a, c"];
	q22 -> q12 [label = "a, c"];
	q0 -> q5 [label = "c"];
	q6 -> q8 [label = "b"];
	q18 -> q6 [label = "a"];
	q13 -> q10 [label = "b"];
	q2 -> q23 [label = "a"];
	q17 -> q14 [label = "a"];
	q11 -> q8 [label = "b"];
	q20 -> q0 [label = "b"];
	q2 -> q15 [label = "a, c"];
	q20 -> q4 [label = "b"];
	q16 -> q14 [label = "a"];
	q2 -> q14 [label = "a"];
	q7 -> q13 [label = "b"];
	q12 -> q5 [label = "c"];
	q19 -> q23 [label = "a"];
	q14 -> q1 [label = "a, b"];
	q2 -> q12 [label = "a"];
	q2 -> q13 [label = "a"];
	q14 -> q11 [label = "a"];
	q2 -> q7 [label = "a"];
	q8 -> q3 [label = "a, c"];
	q11 -> q9 [label = "c"];
	q6 -> q5 [label = "b"];
	q5 -> q21 [label = "b"];
	q2 -> q2 [label = "a"];
	q16 -> q9 [label = "a"];
	q6 -> q4 [label = "c"];
	q7 -> q21 [label = "b"];
	q2 -> q21 [label = "a, b"];
	q14 -> q0 [label = "a, b"];
	q0 -> q23 [label = "a, c"];
	q0 -> q12 [label = "a, b, c"];
	q10 -> q12 [label = "a, c"];
	q14 -> q10 [label = "a"];
	q10 -> q21 [label = "b"];
	q2 -> q6 [label = "a"];
	q1 -> q14 [label = "a"];
	q2 -> q0 [label = "a, b"];
	q10 -> q19 [label = "b"];
	q14 -> q17 [label = "a, b"];
	q8 -> q20 [label = "a"];
	q8 -> q12 [label = "a"];
	q22 -> q3 [label = "a, c"];
	q23 -> q22 [label = "a"];
	q4 -> q3 [label = "a, c"];
	q5 -> q6 [label = "a"];
	q9 -> q1 [label = "a, b"];
	q2 -> q1 [label = "a"];
	q8 -> q23 [label = "a"];
	q5 -> q3 [label = "a, c"];
	q23 -> q7 [label = "a"];
	q15 -> q14 [label = "a"];
	q14 -> q16 [label = "c"];
	q10 -> q20 [label = "a"];
	q12 -> q21 [label = "b"];
	q9 -> q18 [label = "a"];
	q10 -> q11 [label = "a, b"];
	q13 -> q12 [label = "a, b"];
	q10 -> q6 [label = "a, b"];
	q2 -> q9 [label = "a"];
	q6 -> q15 [label = "b"];
	q6 -> q3 [label = "a, b"];
	q0 -> q7 [label = "c"];
	q1 -> q3 [label = "a, b, c"];
	q0 -> q9 [label = "a"];
	q0 -> q1 [label = "b"];
	q8 -> q21 [label = "b"];
	q6 -> q6 [label = "a"];
	q18 -> q23 [label = "a, c"];
	q13 -> q15 [label = "b"];
	q14 -> q18 [label = "a"];
	q16 -> q1 [label = "a"];
	q14 -> q5 [label = "a, b, c"];
	q23 -> q8 [label = "a, c"];
	q0 -> q21 [label = "b"];
	q10 -> q3 [label = "a, c"];
	q9 -> q21 [label = "a, b"];
	q16 -> q13 [label = "a"];
	q9 -> q22 [label = "a"];
	q15 -> q9 [label = "a"];
	q16 -> q18 [label = "a"];
	q23 -> q3 [label = "a, c"];
	q8 -> q6 [label = "a, b"];
	q16 -> q12 [label = "a"];
	q0 -> q14 [label = "a"];
	q7 -> q23 [label = "a"];
	q0 -> q3 [label = "a, b, c"];
	q1 -> q23 [label = "a, c"];
	q4 -> q19 [label = "b"];
	q19 -> q10 [label = "b"];
	q19 -> q8 [label = "b"];
	q11 -> q6 [label = "a"];
	q19 -> q22 [label = "c"];
	q2 -> q17 [label = "a"];
	q9 -> q0 [label = "a, b"];
	q2 -> q20 [label = "a"];
	q9 -> q19 [label = "a"];
	q16 -> q23 [label = "a"];
	q23 -> q0 [label = "a, b"];
	q16 -> q10 [label = "a"];
	q23 -> q21 [label = "a, b"];
	q23 -> q20 [label = "a"];
	q15 -> q17 [label = "b"];
	q10 -> q9 [label = "a"];
	q15 -> q19 [label = "b"];
	q9 -> q12 [label = "a, b"];
	q13 -> q22 [label = "b, c"];
	q1 -> q20 [label = "a"];
	q6 -> q10 [label = "b"];
	q8 -> q5 [label = "c"];
	q12 -> q3 [label = "a, c"];
	q21 -> q23 [label = "a"];
	q2 -> q19 [label = "a, b"];
	q17 -> q12 [label = "a, b"];
	q11 -> q12 [label = "c"];
	q23 -> q17 [label = "a"];
	q13 -> q18 [label = "b, c"];
	q21 -> q1 [label = "b"];
	q4 -> q6 [label = "a"];
	q14 -> q21 [label = "a, b"];
	q8 -> q19 [label = "b"];
	q15 -> q11 [label = "a"];
	q23 -> q13 [label = "a"];
	q15 -> q5 [label = "c"];
	q9 -> q7 [label = "a"];
	q23 -> q18 [label = "a"];
	q17 -> q15 [label = "b"];
	q23 -> q4 [label = "a"];
	q7 -> q5 [label = "c"];
	q0 -> q22 [label = "c"];
	q11 -> q3 [label = "b, c"];
	q9 -> q8 [label = "a, c"];
	q17 -> q19 [label = "b"];
	q16 -> q6 [label = "a, b"];
	q2 -> q3 [label = "a, c"];
	q10 -> q4 [label = "c"];
	q10 -> q14 [label = "a"];
	q15 -> q12 [label = "a"];
	q15 -> q7 [label = "c"];
	q14 -> q19 [label = "a, b"];
	q7 -> q14 [label = "a"];
	q2 -> q22 [label = "a"];
	q23 -> q5 [label = "a, c"];
	q20 -> q3 [label = "a, b, c"];
	q23 -> q12 [label = "a"];
	q23 -> q15 [label = "a"];
	q21 -> q12 [label = "a"];
	q9 -> q20 [label = "a"];
	q23 -> q1 [label = "a"];
	q3 -> q21 [label = "b"];
	q7 -> q12 [label = "a, c"];
	q4 -> q17 [label = "b"];
	q9 -> q3 [label = "a, b, c"];
	q2 -> q8 [label = "a, c"];
	q16 -> q19 [label = "a, b"];
	q14 -> q8 [label = "a, b, c"];
	q23 -> q19 [label = "a"];
	q5 -> q19 [label = "b"];
	q9 -> q5 [label = "a, c"];
	q13 -> q1 [label = "b"];
	q9 -> q17 [label = "a"];
	q9 -> q13 [label = "a"];
	q2 -> q16 [label = "a"];
	q0 -> q0 [label = "b"];
	q9 -> q15 [label = "a"];
	q8 -> q7 [label = "c"];
	q13 -> q17 [label = "b"];
	q11 -> q10 [label = "b"];
	q20 -> q23 [label = "c"];
	q19 -> q3 [label = "a, b"];
	q12 -> q20 [label = "a"];
	q17 -> q10 [label = "b"];
	q2 -> q4 [label = "a"];
	q14 -> q15 [label = "a, b"];
	q4 -> q9 [label = "a"];
	q4 -> q12 [label = "a"];
	q5 -> q5 [label = "c"];
	q1 -> q6 [label = "a"];
	q1 -> q9 [label = "a"];
	q14 -> q6 [label = "a"];
	q8 -> q11 [label = "a"];
	q6 -> q12 [label = "a"];
	q22 -> q6 [label = "a"];
	q17 -> q20 [label = "a"];
	q1 -> q12 [label = "a, b, c"];
	q8 -> q14 [label = "a"];
	q16 -> q22 [label = "a"];
	q7 -> q3 [label = "a, c"];
	q13 -> q19 [label = "b"];
	q1 -> q0 [label = "b"];
	q20 -> q8 [label = "b"];
	q1 -> q1 [label = "b"];
	q1 -> q21 [label = "b"];
	q7 -> q20 [label = "a"];
	q9 -> q4 [label = "a"];
	q3 -> q5 [label = "c"];
	q12 -> q12 [label = "a"];
	q13 -> q3 [label = "a, b"];
	q3 -> q12 [label = "a"];
	q3 -> q20 [label = "a"];
	q15 -> q3 [label = "a, c"];
	q5 -> q11 [label = "a"];
	q5 -> q12 [label = "a"];
	q6 -> q20 [label = "a"];
	q5 -> q14 [label = "a"];
	q8 -> q9 [label = "a"];
	q5 -> q20 [label = "a"];
	q2 -> q10 [label = "a"];
	q13 -> q21 [label = "b"];
	q4 -> q23 [label = "a"];
	q5 -> q23 [label = "a"];
	q1 -> q5 [label = "c"];
	q16 -> q4 [label = "a"];
	q1 -> q7 [label = "c"];
	q16 -> q3 [label = "a, c"];
	q20 -> q10 [label = "b"];
	q1 -> q22 [label = "c"];
	q6 -> q11 [label = "a"];
	q4 -> q21 [label = "b"];
	q7 -> q6 [label = "a"];
	q17 -> q4 [label = "b"];
	q11 -> q23 [label = "c"];
	q7 -> q9 [label = "a"];
	q7 -> q11 [label = "a"];
	q21 -> q3 [label = "a, b"];
	q1 -> q11 [label = "a"];
	q13 -> q9 [label = "a"];
	q11 -> q5 [label = "b"];
	q5 -> q9 [label = "a"];
	q13 -> q14 [label = "a"];
	q19 -> q12 [label = "a"];
	q2 -> q18 [label = "a"];
	q13 -> q23 [label = "a"];
	q13 -> q4 [label = "b"];
	q15 -> q6 [label = "a, b"];
	q3 -> q3 [label = "a, c"];
	q10 -> q23 [label = "a"];
	q15 -> q21 [label = "b"];
	q6 -> q1 [label = "b"];
	q10 -> q5 [label = "c"];
	q14 -> q12 [label = "a, b, c"];
	q10 -> q7 [label = "c"];
	q15 -> q23 [label = "a"];
	q14 -> q4 [label = "a, b"];
	q10 -> q22 [label = "c"];
	q14 -> q7 [label = "a"];
	q14 -> q3 [label = "a, b, c"];
	q14 -> q13 [label = "a"];
	q14 -> q20 [label = "a"];
	q14 -> q22 [label = "a"];
	q13 -> q0 [label = "b"];
	q13 -> q5 [label = "b"];
	q13 -> q6 [label = "b"];
	q13 -> q7 [label = "b"];
	q13 -> q8 [label = "b"];
	q16 -> q8 [label = "a, c"];
	q13 -> q11 [label = "b"];
	q13 -> q13 [label = "b"];
	q2 -> q11 [label = "a"];
	q13 -> q20 [label = "b"];
	q15 -> q20 [label = "a"];
	q20 -> q2 [label = "c"];
	q20 -> q5 [label = "b, c"];
	q20 -> q19 [label = "b"];
	q20 -> q12 [label = "a, b, c"];
	q16 -> q0 [label = "a"];
	q16 -> q2 [label = "a"];
	q16 -> q5 [label = "a, c"];
	q16 -> q7 [label = "a, c"];
	q16 -> q11 [label = "a, b"];
	q16 -> q15 [label = "a, c"];
	q16 -> q20 [label = "a"];
	q16 -> q16 [label = "a"];
	q16 -> q17 [label = "a"];
	q22 -> q9 [label = "a"];
	q16 -> q21 [label = "a, b"];
	q7 -> q19 [label = "b"];
	q18 -> q13 [label = "b"];
	q2 -> q5 [label = "a, c"];
	q18 -> q19 [label = "b"];
	q18 -> q21 [label = "b"];
}
NFA size: 24 states

