Random target AFA:
digraph finite_state_machine {
	rankdir=LR;
	node [shape = circle];
	s0 [shape = point, style = invis, start="true" ];
	s1 [shape = point, style = invis, start="true" ];
	q0 [label = "q0"];
	q1 [label = "q1"];
	q2 [label = "q2", shape = doublecircle, final="true" ];
	q3 [label = "q3", shape = doublecircle, final="true" ];
	q4 [label = "q4", shape = doublecircle, final="true" ];
	q5 [label = "q5", shape = doublecircle, final="true" ];
	m0 [label = "", shape = square, style = filled, color=grey, fixedsize=true, width=.2];
	m1 [label = "", shape = square, style = filled, color=grey, fixedsize=true, width=.2];
	m2 [label = "", shape = square, style = filled, color=grey, fixedsize=true, width=.2];
	m3 [label = "", shape = square, style = filled, color=grey, fixedsize=true, width=.2];
	m4 [label = "", shape = square, style = filled, color=grey, fixedsize=true, width=.2];
	m5 [label = "", shape = square, style = filled, color=grey, fixedsize=true, width=.2];
	m6 [label = "", shape = square, style = filled, color=grey, fixedsize=true, width=.2];
	m7 [label = "", shape = square, style = filled, color=grey, fixedsize=true, width=.2];
	m8 [label = "", shape = square, style = filled, color=grey, fixedsize=true, width=.2];
	m9 [label = "", shape = square, style = filled, color=grey, fixedsize=true, width=.2];
	m10 [label = "", shape = square, style = filled, color=grey, fixedsize=true, width=.2];
	m11 [label = "", shape = square, style = filled, color=grey, fixedsize=true, width=.2];
	s0 -> q2
	s1 -> q1
	q3 -> q5 [label = "c"];
	q2 -> m5 [label = "a"];
	q1 -> q1 [label = "a"];
	q2 -> q0 [label = "a"];
	q5 -> q5 [label = "b"];
	q0 -> q1 [label = "c"];
	q2 -> q5 [label = "c"];
	q2 -> m0 [label = "b"];
	q0 -> q0 [label = "a"];
	q0 -> m4 [label = "b"];
	q1 -> q0 [label = "b, c"];
	q3 -> m8 [label = "b"];
	q0 -> q5 [label = "b"];
	q5 -> m1 [label = "a"];
	q4 -> q2 [label = "a"];
	q4 -> q0 [label = "a"];
	q4 -> m1 [label = "c"];
	q1 -> m11 [label = "c"];
	q5 -> q2 [label = "a, b"];
	q3 -> m10 [label = "a"];
	q0 -> m2 [label = "a, c"];
	q4 -> m0 [label = "c"];
	q5 -> m6 [label = "c"];
	q5 -> m7 [label = "c"];
	q2 -> m3 [label = "b"];
	q1 -> q3 [label = "a"];
	q3 -> q4 [label = "b"];
	q1 -> m9 [label = "b"];
	q3 -> q1 [label = "a"];
	q2 -> q4 [label = "c"];
	q4 -> m3 [label = "b"];
	q4 -> m9 [label = "b"];
	m0 -> q1;
	m0 -> q2;
	m1 -> q3;
	m1 -> q5;
	m2 -> q1;
	m2 -> q3;
	m3 -> q3;
	m3 -> q4;
	m4 -> q2;
	m4 -> q3;
	m5 -> q4;
	m5 -> q5;
	m6 -> q0;
	m6 -> q3;
	m7 -> q0;
	m7 -> q1;
	m8 -> q1;
	m8 -> q5;
	m9 -> q0;
	m9 -> q4;
	m10 -> q0;
	m10 -> q2;
	m11 -> q2;
	m11 -> q5;
}

L* output after 11 EQ and 21971 MQ:
digraph finite_state_machine {
	rankdir=LR;
	node [shape = circle];
	s0 [shape = point, style = invis, start="true" ];
	q0 [label = "q0", shape = doublecircle, final="true" ];
	q1 [label = "q1", shape = doublecircle, final="true" ];
	q2 [label = "q2"];
	q3 [label = "q3", shape = doublecircle, final="true" ];
	q4 [label = "q4", shape = doublecircle, final="true" ];
	q5 [label = "q5", shape = doublecircle, final="true" ];
	q6 [label = "q6", shape = doublecircle, final="true" ];
	q7 [label = "q7", shape = doublecircle, final="true" ];
	q8 [label = "q8", shape = doublecircle, final="true" ];
	q9 [label = "q9", shape = doublecircle, final="true" ];
	q10 [label = "q10", shape = doublecircle, final="true" ];
	q11 [label = "q11", shape = doublecircle, final="true" ];
	q12 [label = "q12", shape = doublecircle, final="true" ];
	q13 [label = "q13", shape = doublecircle, final="true" ];
	q14 [label = "q14", shape = doublecircle, final="true" ];
	q15 [label = "q15", shape = doublecircle, final="true" ];
	q16 [label = "q16", shape = doublecircle, final="true" ];
	q17 [label = "q17", shape = doublecircle, final="true" ];
	q18 [label = "q18", shape = doublecircle, final="true" ];
	q19 [label = "q19", shape = doublecircle, final="true" ];
	q20 [label = "q20", shape = doublecircle, final="true" ];
	q21 [label = "q21", shape = doublecircle, final="true" ];
	q22 [label = "q22", shape = doublecircle, final="true" ];
	q23 [label = "q23", shape = doublecircle, final="true" ];
	q24 [label = "q24", shape = doublecircle, final="true" ];
	q25 [label = "q25", shape = doublecircle, final="true" ];
	q26 [label = "q26", shape = doublecircle, final="true" ];
	q27 [label = "q27", shape = doublecircle, final="true" ];
	q28 [label = "q28", shape = doublecircle, final="true" ];
	q29 [label = "q29", shape = doublecircle, final="true" ];
	q30 [label = "q30", shape = doublecircle, final="true" ];
	q31 [label = "q31", shape = doublecircle, final="true" ];
	q32 [label = "q32"];
	q33 [label = "q33", shape = doublecircle, final="true" ];
	q34 [label = "q34", shape = doublecircle, final="true" ];
	q35 [label = "q35", shape = doublecircle, final="true" ];
	q36 [label = "q36", shape = doublecircle, final="true" ];
	q37 [label = "q37", shape = doublecircle, final="true" ];
	q38 [label = "q38", shape = doublecircle, final="true" ];
	q39 [label = "q39", shape = doublecircle, final="true" ];
	q40 [label = "q40", shape = doublecircle, final="true" ];
	q41 [label = "q41", shape = doublecircle, final="true" ];
	q42 [label = "q42", shape = doublecircle, final="true" ];
	q43 [label = "q43", shape = doublecircle, final="true" ];
	q44 [label = "q44", shape = doublecircle, final="true" ];
	q45 [label = "q45", shape = doublecircle, final="true" ];
	q46 [label = "q46", shape = doublecircle, final="true" ];
	q47 [label = "q47", shape = doublecircle, final="true" ];
	q48 [label = "q48", shape = doublecircle, final="true" ];
	q49 [label = "q49", shape = doublecircle, final="true" ];
	q50 [label = "q50"];
	q51 [label = "q51", shape = doublecircle, final="true" ];
	q52 [label = "q52", shape = doublecircle, final="true" ];
	q53 [label = "q53", shape = doublecircle, final="true" ];
	q54 [label = "q54", shape = doublecircle, final="true" ];
	q55 [label = "q55", shape = doublecircle, final="true" ];
	q56 [label = "q56", shape = doublecircle, final="true" ];
	q57 [label = "q57", shape = doublecircle, final="true" ];
	q58 [label = "q58", shape = doublecircle, final="true" ];
	q59 [label = "q59", shape = doublecircle, final="true" ];
	q60 [label = "q60", shape = doublecircle, final="true" ];
	q61 [label = "q61", shape = doublecircle, final="true" ];
	q62 [label = "q62"];
	q63 [label = "q63", shape = doublecircle, final="true" ];
	q64 [label = "q64", shape = doublecircle, final="true" ];
	q65 [label = "q65", shape = doublecircle, final="true" ];
	q66 [label = "q66", shape = doublecircle, final="true" ];
	q67 [label = "q67", shape = doublecircle, final="true" ];
	q68 [label = "q68", shape = doublecircle, final="true" ];
	q69 [label = "q69", shape = doublecircle, final="true" ];
	q70 [label = "q70", shape = doublecircle, final="true" ];
	q71 [label = "q71", shape = doublecircle, final="true" ];
	q72 [label = "q72", shape = doublecircle, final="true" ];
	q73 [label = "q73", shape = doublecircle, final="true" ];
	q74 [label = "q74", shape = doublecircle, final="true" ];
	q75 [label = "q75", shape = doublecircle, final="true" ];
	q76 [label = "q76", shape = doublecircle, final="true" ];
	q77 [label = "q77", shape = doublecircle, final="true" ];
	q78 [label = "q78", shape = doublecircle, final="true" ];
	q79 [label = "q79", shape = doublecircle, final="true" ];
	q80 [label = "q80", shape = doublecircle, final="true" ];
	q81 [label = "q81", shape = doublecircle, final="true" ];
	q82 [label = "q82", shape = doublecircle, final="true" ];
	q83 [label = "q83", shape = doublecircle, final="true" ];
	q84 [label = "q84", shape = doublecircle, final="true" ];
	q85 [label = "q85", shape = doublecircle, final="true" ];
	q86 [label = "q86", shape = doublecircle, final="true" ];
	q87 [label = "q87", shape = doublecircle, final="true" ];
	q88 [label = "q88", shape = doublecircle, final="true" ];
	q89 [label = "q89", shape = doublecircle, final="true" ];
	q90 [label = "q90", shape = doublecircle, final="true" ];
	q91 [label = "q91", shape = doublecircle, final="true" ];
	q92 [label = "q92", shape = doublecircle, final="true" ];
	q93 [label = "q93", shape = doublecircle, final="true" ];
	q94 [label = "q94", shape = doublecircle, final="true" ];
	q95 [label = "q95", shape = doublecircle, final="true" ];
	q96 [label = "q96", shape = doublecircle, final="true" ];
	s0 -> q54
	q87 -> q74 [label = "a"];
	q84 -> q43 [label = "b"];
	q86 -> q28 [label = "a"];
	q87 -> q40 [label = "b"];
	q83 -> q96 [label = "a"];
	q81 -> q86 [label = "b"];
	q83 -> q89 [label = "b"];
	q85 -> q95 [label = "c"];
	q84 -> q74 [label = "a"];
	q80 -> q95 [label = "c"];
	q86 -> q40 [label = "b"];
	q82 -> q63 [label = "a"];
	q82 -> q71 [label = "b"];
	q77 -> q93 [label = "b"];
	q76 -> q92 [label = "b"];
	q79 -> q94 [label = "b"];
	q77 -> q55 [label = "a"];
	q73 -> q58 [label = "c"];
	q7 -> q65 [label = "b"];
	q33 -> q35 [label = "c"];
	q3 -> q76 [label = "a"];
	q1 -> q40 [label = "b"];
	q5 -> q74 [label = "a"];
	q3 -> q51 [label = "b"];
	q0 -> q95 [label = "c"];
	q79 -> q68 [label = "a"];
	q76 -> q12 [label = "c"];
	q0 -> q21 [label = "b"];
	q1 -> q74 [label = "a"];
	q0 -> q28 [label = "a"];
	q7 -> q3 [label = "c"];
	q23 -> q69 [label = "b"];
	q20 -> q65 [label = "b"];
	q10 -> q23 [label = "a"];
	q71 -> q83 [label = "a"];
	q13 -> q10 [label = "c"];
	q11 -> q78 [label = "b"];
	q63 -> q31 [label = "c"];
	q9 -> q7 [label = "b"];
	q87 -> q88 [label = "c"];
	q65 -> q74 [label = "a"];
	q40 -> q39 [label = "a"];
	q14 -> q9 [label = "c"];
	q7 -> q29 [label = "a"];
	q26 -> q18 [label = "b"];
	q26 -> q63 [label = "a"];
	q54 -> q56 [label = "b"];
	q29 -> q22 [label = "a"];
	q26 -> q79 [label = "c"];
	q61 -> q42 [label = "a"];
	q28 -> q89 [label = "b"];
	q51 -> q49 [label = "c"];
	q27 -> q43 [label = "b"];
	q30 -> q70 [label = "a"];
	q88 -> q36 [label = "b"];
	q1 -> q0 [label = "c"];
	q31 -> q63 [label = "a"];
	q89 -> q43 [label = "b"];
	q11 -> q10 [label = "c"];
	q63 -> q55 [label = "a"];
	q6 -> q66 [label = "b"];
	q31 -> q72 [label = "c"];
	q37 -> q36 [label = "b"];
	q57 -> q59 [label = "c"];
	q36 -> q39 [label = "a"];
	q33 -> q24 [label = "a"];
	q93 -> q11 [label = "c"];
	q58 -> q72 [label = "c"];
	q5 -> q33 [label = "c"];
	q76 -> q81 [label = "a"];
	q57 -> q70 [label = "a"];
	q35 -> q32 [label = "c"];
	q34 -> q28 [label = "a"];
	q24 -> q12 [label = "c"];
	q61 -> q62 [label = "c"];
	q81 -> q73 [label = "a"];
	q38 -> q14 [label = "c"];
	q41 -> q28 [label = "a"];
	q8 -> q4 [label = "c"];
	q32 -> q24 [label = "a"];
	q63 -> q41 [label = "b"];
	q88 -> q25 [label = "a"];
	q93 -> q28 [label = "a"];
	q12 -> q70 [label = "a"];
	q65 -> q43 [label = "b"];
	q43 -> q43 [label = "b"];
	q44 -> q78 [label = "b"];
	q38 -> q67 [label = "a"];
	q28 -> q26 [label = "c"];
	q43 -> q39 [label = "a"];
	q34 -> q36 [label = "b"];
	q53 -> q21 [label = "b"];
	q77 -> q57 [label = "c"];
	q27 -> q70 [label = "a"];
	q85 -> q74 [label = "a"];
	q65 -> q53 [label = "c"];
	q37 -> q70 [label = "a"];
	q74 -> q26 [label = "c"];
	q22 -> q87 [label = "b"];
	q37 -> q91 [label = "c"];
	q32 -> q51 [label = "b"];
	q91 -> q24 [label = "a"];
	q96 -> q41 [label = "b"];
	q42 -> q82 [label = "c"];
	q92 -> q33 [label = "c"];
	q8 -> q5 [label = "b"];
	q94 -> q37 [label = "c"];
	q96 -> q96 [label = "a"];
	q88 -> q35 [label = "c"];
	q45 -> q64 [label = "a"];
	q81 -> q72 [label = "c"];
	q29 -> q26 [label = "c"];
	q56 -> q68 [label = "a"];
	q24 -> q73 [label = "a"];
	q95 -> q23 [label = "a"];
	q25 -> q14 [label = "c"];
	q33 -> q66 [label = "b"];
	q36 -> q27 [label = "c"];
	q96 -> q31 [label = "c"];
	q12 -> q9 [label = "c"];
	q48 -> q43 [label = "b"];
	q46 -> q61 [label = "c"];
	q48 -> q46 [label = "c"];
	q95 -> q95 [label = "c"];
	q94 -> q40 [label = "b"];
	q18 -> q83 [label = "a"];
	q93 -> q19 [label = "b"];
	q30 -> q59 [label = "c"];
	q47 -> q19 [label = "b"];
	q28 -> q55 [label = "a"];
	q15 -> q10 [label = "c"];
	q89 -> q74 [label = "a"];
	q39 -> q26 [label = "c"];
	q90 -> q82 [label = "c"];
	q70 -> q89 [label = "b"];
	q6 -> q2 [label = "c"];
	q94 -> q74 [label = "a"];
	q27 -> q91 [label = "c"];
	q49 -> q20 [label = "b"];
	q51 -> q29 [label = "a"];
	q44 -> q73 [label = "a"];
	q35 -> q42 [label = "a"];
	q48 -> q28 [label = "a"];
	q41 -> q15 [label = "c"];
	q44 -> q79 [label = "c"];
	q16 -> q35 [label = "c"];
	q78 -> q40 [label = "b"];
	q47 -> q45 [label = "c"];
	q25 -> q55 [label = "a"];
	q45 -> q61 [label = "c"];
	q19 -> q43 [label = "b"];
	q46 -> q71 [label = "b"];
	q80 -> q28 [label = "a"];
	q68 -> q44 [label = "c"];
	q38 -> q85 [label = "b"];
	q34 -> q95 [label = "c"];
	q22 -> q44 [label = "c"];
	q10 -> q66 [label = "b"];
	q41 -> q43 [label = "b"];
	q68 -> q73 [label = "a"];
	q40 -> q43 [label = "b"];
	q30 -> q21 [label = "b"];
	q82 -> q79 [label = "c"];
	q42 -> q69 [label = "b"];
	q18 -> q43 [label = "b"];
	q83 -> q26 [label = "c"];
	q23 -> q73 [label = "a"];
	q35 -> q66 [label = "b"];
	q91 -> q51 [label = "b"];
	q59 -> q60 [label = "b"];
	q39 -> q83 [label = "a"];
	q36 -> q40 [label = "b"];
	q91 -> q35 [label = "c"];
	q23 -> q82 [label = "c"];
	q2 -> q8 [label = "a"];
	q13 -> q18 [label = "b"];
	q51 -> q65 [label = "b"];
	q52 -> q51 [label = "b"];
	q74 -> q90 [label = "a"];
	q8 -> q73 [label = "a"];
	q92 -> q74 [label = "a"];
	q92 -> q19 [label = "b"];
	q4 -> q42 [label = "a"];
	q24 -> q92 [label = "b"];
	q29 -> q84 [label = "b"];
	q12 -> q21 [label = "b"];
	q40 -> q27 [label = "c"];
	q17 -> q24 [label = "a"];
	q2 -> q6 [label = "c"];
	q5 -> q65 [label = "b"];
	q3 -> q52 [label = "c"];
	q9 -> q6 [label = "c"];
	q71 -> q13 [label = "c"];
	q13 -> q63 [label = "a"];
	q15 -> q71 [label = "b"];
	q10 -> q11 [label = "c"];
	q39 -> q84 [label = "b"];
	q45 -> q78 [label = "b"];
	q14 -> q70 [label = "a"];
	q15 -> q63 [label = "a"];
	q47 -> q28 [label = "a"];
	q31 -> q18 [label = "b"];
	q20 -> q17 [label = "c"];
	q11 -> q73 [label = "a"];
	q62 -> q60 [label = "b"];
	q19 -> q74 [label = "a"];
	q16 -> q25 [label = "a"];
	q66 -> q40 [label = "b"];
	q67 -> q63 [label = "a"];
	q16 -> q21 [label = "b"];
	q50 -> q76 [label = "a"];
	q20 -> q29 [label = "a"];
	q21 -> q80 [label = "c"];
	q21 -> q40 [label = "b"];
	q59 -> q64 [label = "a"];
	q64 -> q73 [label = "a"];
	q80 -> q43 [label = "b"];
	q95 -> q66 [label = "b"];
	q17 -> q20 [label = "b"];
	q60 -> q65 [label = "b"];
	q21 -> q39 [label = "a"];
	q17 -> q35 [label = "c"];
	q22 -> q63 [label = "a"];
	q18 -> q13 [label = "c"];
	q46 -> q77 [label = "a"];
	q43 -> q80 [label = "c"];
	q54 -> q57 [label = "c"];
	q55 -> q48 [label = "b"];
	q25 -> q85 [label = "b"];
	q89 -> q34 [label = "c"];
	q69 -> q88 [label = "c"];
	q2 -> q7 [label = "b"];
	q50 -> q51 [label = "b"];
	q52 -> q76 [label = "a"];
	q49 -> q76 [label = "a"];
	q53 -> q52 [label = "c"];
	q55 -> q58 [label = "c"];
	q86 -> q46 [label = "c"];
	q49 -> q52 [label = "c"];
	q50 -> q50 [label = "c"];
	q55 -> q63 [label = "a"];
	q58 -> q71 [label = "b"];
	q85 -> q19 [label = "b"];
	q60 -> q59 [label = "c"];
	q56 -> q69 [label = "b"];
	q69 -> q74 [label = "a"];
	q14 -> q43 [label = "b"];
	q58 -> q63 [label = "a"];
	q64 -> q30 [label = "c"];
	q62 -> q61 [label = "c"];
	q56 -> q44 [label = "c"];
	q4 -> q1 [label = "b"];
	q60 -> q70 [label = "a"];
	q57 -> q43 [label = "b"];
	q9 -> q8 [label = "a"];
	q52 -> q50 [label = "c"];
	q42 -> q81 [label = "a"];
	q62 -> q64 [label = "a"];
	q19 -> q16 [label = "c"];
	q59 -> q61 [label = "c"];
	q75 -> q91 [label = "c"];
	q61 -> q66 [label = "b"];
	q64 -> q47 [label = "b"];
	q54 -> q55 [label = "a"];
	q70 -> q26 [label = "c"];
	q67 -> q86 [label = "b"];
	q71 -> q40 [label = "b"];
	q90 -> q63 [label = "a"];
	q68 -> q87 [label = "b"];
	q66 -> q75 [label = "c"];
	q70 -> q67 [label = "a"];
	q6 -> q42 [label = "a"];
	q69 -> q43 [label = "b"];
	q67 -> q72 [label = "c"];
	q32 -> q35 [label = "c"];
	q90 -> q69 [label = "b"];
	q72 -> q73 [label = "a"];
	q74 -> q84 [label = "b"];
	q72 -> q78 [label = "b"];
	q84 -> q37 [label = "c"];
	q79 -> q44 [label = "c"];
	q53 -> q38 [label = "a"];
	q66 -> q74 [label = "a"];
	q75 -> q21 [label = "b"];
	q78 -> q15 [label = "c"];
	q72 -> q72 [label = "c"];
	q78 -> q28 [label = "a"];
	q75 -> q70 [label = "a"];
	q4 -> q9 [label = "c"];
	q73 -> q73 [label = "a"];
	q73 -> q48 [label = "b"];
}
DFA size: 97 states

NL* output after 12 EQ and 10093 MQ:
digraph finite_state_machine {
	rankdir=LR;
	node [shape = circle];
	s0 [shape = point, style = invis, start="true" ];
	q0 [label = "q0"];
	q1 [label = "q1", shape = doublecircle, final="true" ];
	q2 [label = "q2", shape = doublecircle, final="true" ];
	q3 [label = "q3", shape = doublecircle, final="true" ];
	q4 [label = "q4", shape = doublecircle, final="true" ];
	q5 [label = "q5", shape = doublecircle, final="true" ];
	q6 [label = "q6", shape = doublecircle, final="true" ];
	q7 [label = "q7", shape = doublecircle, final="true" ];
	q8 [label = "q8", shape = doublecircle, final="true" ];
	q9 [label = "q9", shape = doublecircle, final="true" ];
	q10 [label = "q10", shape = doublecircle, final="true" ];
	q11 [label = "q11", shape = doublecircle, final="true" ];
	q12 [label = "q12", shape = doublecircle, final="true" ];
	q13 [label = "q13", shape = doublecircle, final="true" ];
	q14 [label = "q14", shape = doublecircle, final="true" ];
	q15 [label = "q15", shape = doublecircle, final="true" ];
	q16 [label = "q16", shape = doublecircle, final="true" ];
	q17 [label = "q17", shape = doublecircle, final="true" ];
	q18 [label = "q18", shape = doublecircle, final="true" ];
	q19 [label = "q19", shape = doublecircle, final="true" ];
	q20 [label = "q20", shape = doublecircle, final="true" ];
	q21 [label = "q21", shape = doublecircle, final="true" ];
	q22 [label = "q22", shape = doublecircle, final="true" ];
	q23 [label = "q23", shape = doublecircle, final="true" ];
	q24 [label = "q24", shape = doublecircle, final="true" ];
	q25 [label = "q25"];
	q26 [label = "q26", shape = doublecircle, final="true" ];
	q27 [label = "q27", shape = doublecircle, final="true" ];
	q28 [label = "q28", shape = doublecircle, final="true" ];
	q29 [label = "q29", shape = doublecircle, final="true" ];
	q30 [label = "q30", shape = doublecircle, final="true" ];
	q31 [label = "q31"];
	q32 [label = "q32", shape = doublecircle, final="true" ];
	q33 [label = "q33", shape = doublecircle, final="true" ];
	q34 [label = "q34", shape = doublecircle, final="true" ];
	q35 [label = "q35", shape = doublecircle, final="true" ];
	q36 [label = "q36", shape = doublecircle, final="true" ];
	q37 [label = "q37", shape = doublecircle, final="true" ];
	q38 [label = "q38", shape = doublecircle, final="true" ];
	q39 [label = "q39", shape = doublecircle, final="true" ];
	s0 -> q29
	q18 -> q30 [label = "c"];
	q18 -> q23 [label = "c"];
	q18 -> q9 [label = "c"];
	q18 -> q4 [label = "c"];
	q18 -> q2 [label = "c"];
	q20 -> q36 [label = "b"];
	q11 -> q8 [label = "a, c"];
	q17 -> q14 [label = "b"];
	q9 -> q18 [label = "b"];
	q27 -> q24 [label = "b"];
	q21 -> q21 [label = "b"];
	q9 -> q10 [label = "b"];
	q28 -> q7 [label = "a"];
	q24 -> q12 [label = "a"];
	q6 -> q21 [label = "b"];
	q23 -> q6 [label = "b"];
	q28 -> q1 [label = "c"];
	q24 -> q33 [label = "a"];
	q32 -> q25 [label = "a"];
	q22 -> q8 [label = "a"];
	q24 -> q20 [label = "b"];
	q13 -> q6 [label = "b"];
	q24 -> q6 [label = "b"];
	q28 -> q6 [label = "b"];
	q24 -> q4 [label = "c"];
	q24 -> q18 [label = "b"];
	q26 -> q35 [label = "a"];
	q30 -> q31 [label = "c"];
	q30 -> q22 [label = "c"];
	q14 -> q4 [label = "c"];
	q10 -> q22 [label = "c"];
	q24 -> q31 [label = "c"];
	q28 -> q0 [label = "a"];
	q30 -> q36 [label = "b"];
	q1 -> q10 [label = "b"];
	q11 -> q4 [label = "c"];
	q16 -> q35 [label = "a"];
	q29 -> q8 [label = "a, b"];
	q39 -> q2 [label = "c"];
	q25 -> q0 [label = "a"];
	q27 -> q6 [label = "b"];
	q16 -> q37 [label = "b"];
	q29 -> q23 [label = "c"];
	q29 -> q2 [label = "c"];
	q29 -> q27 [label = "a, c"];
	q22 -> q6 [label = "b"];
	q39 -> q12 [label = "a"];
	q35 -> q31 [label = "a"];
	q9 -> q14 [label = "b"];
	q33 -> q2 [label = "c"];
	q27 -> q35 [label = "a"];
	q24 -> q10 [label = "b"];
	q27 -> q17 [label = "a"];
	q27 -> q12 [label = "a"];
	q1 -> q0 [label = "a, c"];
	q13 -> q34 [label = "a"];
	q25 -> q22 [label = "a, b, c"];
	q33 -> q35 [label = "a"];
	q39 -> q4 [label = "c"];
	q29 -> q39 [label = "a"];
	q38 -> q21 [label = "b"];
	q34 -> q39 [label = "b"];
	q34 -> q13 [label = "a"];
	q29 -> q32 [label = "a"];
	q35 -> q3 [label = "c"];
	q29 -> q31 [label = "a, c"];
	q24 -> q30 [label = "c"];
	q9 -> q39 [label = "b"];
	q3 -> q6 [label = "b"];
	q25 -> q25 [label = "a"];
	q0 -> q2 [label = "c"];
	q29 -> q6 [label = "a, c"];
	q7 -> q31 [label = "a"];
	q37 -> q10 [label = "b"];
	q16 -> q28 [label = "a"];
	q11 -> q0 [label = "a, c"];
	q25 -> q30 [label = "a"];
	q29 -> q4 [label = "a, c"];
	q24 -> q37 [label = "b"];
	q12 -> q16 [label = "c"];
	q16 -> q32 [label = "a"];
	q27 -> q4 [label = "c"];
	q39 -> q31 [label = "c"];
	q9 -> q36 [label = "b"];
	q28 -> q20 [label = "b"];
	q9 -> q6 [label = "b"];
	q19 -> q2 [label = "c"];
	q28 -> q5 [label = "b"];
	q21 -> q6 [label = "b"];
	q24 -> q0 [label = "a"];
	q30 -> q35 [label = "a"];
	q23 -> q34 [label = "a"];
	q6 -> q17 [label = "a"];
	q30 -> q0 [label = "a"];
	q27 -> q22 [label = "c"];
	q11 -> q10 [label = "b"];
	q22 -> q35 [label = "a"];
	q24 -> q8 [label = "a"];
	q27 -> q0 [label = "a, c"];
	q33 -> q16 [label = "c"];
	q5 -> q6 [label = "b"];
	q24 -> q39 [label = "b"];
	q13 -> q25 [label = "a"];
	q35 -> q22 [label = "a"];
	q32 -> q32 [label = "a"];
	q33 -> q6 [label = "b"];
	q37 -> q17 [label = "a"];
	q13 -> q32 [label = "a"];
	q35 -> q7 [label = "a"];
	q36 -> q22 [label = "c"];
	q16 -> q10 [label = "b"];
	q37 -> q8 [label = "a, c"];
	q39 -> q20 [label = "b"];
	q32 -> q5 [label = "b"];
	q26 -> q25 [label = "c"];
	q21 -> q31 [label = "c"];
	q28 -> q2 [label = "c"];
	q35 -> q32 [label = "a"];
	q29 -> q36 [label = "a, c"];
	q34 -> q4 [label = "a"];
	q38 -> q7 [label = "a"];
	q39 -> q36 [label = "b"];
	q18 -> q17 [label = "a"];
	q39 -> q6 [label = "b"];
	q14 -> q21 [label = "b"];
	q19 -> q22 [label = "c"];
	q1 -> q8 [label = "a, c"];
	q21 -> q8 [label = "a"];
	q38 -> q18 [label = "b"];
	q29 -> q13 [label = "a"];
	q35 -> q2 [label = "c"];
	q14 -> q18 [label = "b"];
	q22 -> q31 [label = "c"];
	q16 -> q38 [label = "b"];
	q13 -> q31 [label = "a"];
	q27 -> q34 [label = "a"];
	q13 -> q19 [label = "a"];
	q39 -> q0 [label = "a, c"];
	q20 -> q17 [label = "a"];
	q24 -> q17 [label = "a"];
	q1 -> q37 [label = "b"];
	q24 -> q22 [label = "c"];
	q33 -> q0 [label = "a"];
	q11 -> q6 [label = "b"];
	q25 -> q6 [label = "b"];
	q19 -> q10 [label = "b"];
	q27 -> q31 [label = "c"];
	q37 -> q6 [label = "b"];
	q34 -> q9 [label = "c"];
	q29 -> q11 [label = "c"];
	q37 -> q21 [label = "b"];
	q29 -> q20 [label = "a"];
	q9 -> q5 [label = "b"];
	q39 -> q22 [label = "c"];
	q37 -> q12 [label = "a"];
	q35 -> q6 [label = "b"];
	q38 -> q35 [label = "a"];
	q30 -> q8 [label = "a"];
	q16 -> q30 [label = "a"];
	q38 -> q34 [label = "a"];
	q38 -> q0 [label = "a"];
	q2 -> q35 [label = "a"];
	q25 -> q7 [label = "a"];
	q26 -> q6 [label = "b"];
	q1 -> q6 [label = "b"];
	q32 -> q2 [label = "c"];
	q37 -> q33 [label = "a"];
	q20 -> q33 [label = "a"];
	q35 -> q30 [label = "a"];
	q8 -> q7 [label = "a"];
	q39 -> q17 [label = "a"];
	q17 -> q7 [label = "a"];
	q24 -> q14 [label = "b"];
	q36 -> q21 [label = "b"];
	q11 -> q17 [label = "a"];
	q18 -> q11 [label = "c"];
	q9 -> q24 [label = "b"];
	q24 -> q24 [label = "b"];
	q15 -> q32 [label = "a"];
	q33 -> q8 [label = "a"];
	q25 -> q26 [label = "c"];
	q29 -> q21 [label = "a, c"];
	q32 -> q8 [label = "a"];
	q18 -> q1 [label = "c"];
	q29 -> q1 [label = "c"];
	q29 -> q25 [label = "a"];
	q16 -> q27 [label = "b"];
	q3 -> q12 [label = "a"];
	q25 -> q21 [label = "b"];
	q37 -> q4 [label = "c"];
	q13 -> q16 [label = "a, c"];
	q26 -> q21 [label = "b"];
	q1 -> q36 [label = "b"];
	q34 -> q31 [label = "a"];
	q33 -> q7 [label = "a"];
	q32 -> q6 [label = "b"];
	q15 -> q17 [label = "a"];
	q39 -> q24 [label = "b"];
	q26 -> q28 [label = "a"];
	q18 -> q14 [label = "b"];
	q34 -> q7 [label = "a"];
	q14 -> q10 [label = "b"];
	q37 -> q24 [label = "b"];
	q38 -> q8 [label = "a"];
	q1 -> q35 [label = "a"];
	q36 -> q6 [label = "b"];
	q36 -> q31 [label = "c"];
	q13 -> q2 [label = "a, c"];
	q34 -> q3 [label = "c"];
	q35 -> q4 [label = "a"];
	q29 -> q28 [label = "a, b"];
	q16 -> q31 [label = "a, b"];
	q20 -> q5 [label = "b"];
	q34 -> q5 [label = "b"];
	q36 -> q8 [label = "a, c"];
	q33 -> q13 [label = "a"];
	q9 -> q37 [label = "b"];
	q33 -> q10 [label = "b"];
	q6 -> q4 [label = "c"];
	q36 -> q24 [label = "b"];
	q39 -> q5 [label = "b"];
	q6 -> q22 [label = "c"];
	q13 -> q17 [label = "a"];
	q3 -> q37 [label = "b"];
	q27 -> q30 [label = "c"];
	q18 -> q6 [label = "b, c"];
	q25 -> q8 [label = "a"];
	q14 -> q39 [label = "b"];
	q30 -> q21 [label = "b"];
	q33 -> q14 [label = "b"];
	q11 -> q12 [label = "a"];
	q37 -> q31 [label = "c"];
	q37 -> q38 [label = "c"];
	q32 -> q28 [label = "a"];
	q30 -> q6 [label = "b"];
	q25 -> q35 [label = "a"];
	q26 -> q0 [label = "a, c"];
	q31 -> q0 [label = "a"];
	q33 -> q3 [label = "c"];
	q39 -> q33 [label = "a"];
	q19 -> q35 [label = "a"];
	q23 -> q0 [label = "a"];
	q37 -> q14 [label = "b"];
	q31 -> q8 [label = "a"];
	q1 -> q5 [label = "b"];
	q38 -> q6 [label = "b"];
	q19 -> q8 [label = "a"];
	q17 -> q1 [label = "c"];
	q38 -> q10 [label = "b"];
	q25 -> q31 [label = "a, b, c"];
	q39 -> q19 [label = "c"];
	q15 -> q13 [label = "a"];
	q35 -> q0 [label = "a"];
	q39 -> q8 [label = "a, c"];
	q36 -> q0 [label = "a, c"];
	q13 -> q29 [label = "a"];
	q28 -> q37 [label = "b"];
	q24 -> q23 [label = "c"];
	q31 -> q21 [label = "b"];
	q36 -> q12 [label = "a"];
	q2 -> q21 [label = "b"];
	q36 -> q17 [label = "a"];
	q29 -> q22 [label = "a, c"];
	q0 -> q7 [label = "a"];
	q25 -> q27 [label = "b"];
	q32 -> q1 [label = "c"];
	q38 -> q2 [label = "c"];
	q1 -> q21 [label = "b"];
	q32 -> q0 [label = "a"];
	q18 -> q3 [label = "c"];
	q26 -> q10 [label = "b"];
	q34 -> q8 [label = "a"];
	q38 -> q31 [label = "c"];
	q35 -> q1 [label = "c"];
	q15 -> q3 [label = "c"];
	q29 -> q9 [label = "c"];
	q3 -> q17 [label = "a"];
	q29 -> q3 [label = "c"];
	q10 -> q11 [label = "c"];
	q27 -> q25 [label = "c"];
	q7 -> q30 [label = "a"];
	q34 -> q30 [label = "a"];
	q14 -> q8 [label = "a"];
	q16 -> q19 [label = "b"];
	q21 -> q17 [label = "a"];
	q25 -> q4 [label = "a, b"];
	q34 -> q32 [label = "a"];
	q3 -> q21 [label = "b"];
	q32 -> q37 [label = "b"];
	q3 -> q18 [label = "b"];
	q24 -> q36 [label = "b"];
	q36 -> q4 [label = "c"];
	q37 -> q19 [label = "c"];
	q5 -> q33 [label = "a"];
	q21 -> q4 [label = "c"];
	q32 -> q7 [label = "a"];
	q20 -> q24 [label = "b"];
	q29 -> q0 [label = "a, b"];
	q14 -> q14 [label = "b"];
	q10 -> q12 [label = "a"];
	q10 -> q31 [label = "c"];
	q36 -> q30 [label = "c"];
	q12 -> q2 [label = "c"];
	q23 -> q8 [label = "a"];
	q10 -> q17 [label = "a"];
	q28 -> q16 [label = "c"];
	q34 -> q6 [label = "b"];
	q9 -> q21 [label = "b"];
	q37 -> q0 [label = "a, c"];
	q35 -> q8 [label = "a"];
	q34 -> q20 [label = "b"];
	q34 -> q22 [label = "a"];
	q32 -> q4 [label = "a"];
	q2 -> q8 [label = "a"];
	q32 -> q22 [label = "a"];
	q15 -> q1 [label = "c"];
	q29 -> q26 [label = "c"];
	q11 -> q21 [label = "b"];
	q14 -> q0 [label = "a"];
	q31 -> q35 [label = "a"];
	q18 -> q0 [label = "a"];
	q11 -> q28 [label = "a"];
	q11 -> q34 [label = "a"];
	q6 -> q24 [label = "b"];
	q11 -> q35 [label = "a"];
	q14 -> q6 [label = "b"];
	q27 -> q8 [label = "a, c"];
	q15 -> q2 [label = "c"];
	q4 -> q31 [label = "c"];
	q15 -> q9 [label = "c"];
	q15 -> q16 [label = "c"];
	q13 -> q5 [label = "b"];
	q23 -> q35 [label = "a"];
	q35 -> q25 [label = "a"];
	q9 -> q0 [label = "a, c"];
	q9 -> q8 [label = "a, c"];
	q12 -> q1 [label = "c"];
	q24 -> q5 [label = "b"];
	q27 -> q28 [label = "a"];
	q9 -> q12 [label = "a"];
	q28 -> q8 [label = "a"];
	q9 -> q17 [label = "a"];
	q13 -> q1 [label = "a, c"];
	q33 -> q9 [label = "c"];
	q9 -> q28 [label = "a"];
	q9 -> q34 [label = "a"];
	q7 -> q0 [label = "a"];
	q9 -> q35 [label = "a"];
	q3 -> q8 [label = "a, c"];
	q11 -> q18 [label = "b"];
	q7 -> q5 [label = "b"];
	q5 -> q17 [label = "a"];
	q8 -> q2 [label = "c"];
	q12 -> q0 [label = "a"];
	q15 -> q6 [label = "b"];
	q12 -> q7 [label = "a"];
	q10 -> q33 [label = "a"];
	q12 -> q8 [label = "a"];
	q20 -> q37 [label = "b"];
	q7 -> q6 [label = "b"];
	q12 -> q32 [label = "a"];
	q6 -> q0 [label = "a"];
	q14 -> q20 [label = "b"];
	q13 -> q4 [label = "a"];
	q14 -> q5 [label = "b"];
	q35 -> q5 [label = "b"];
	q14 -> q24 [label = "b"];
	q14 -> q36 [label = "b"];
	q8 -> q6 [label = "b"];
	q10 -> q8 [label = "a"];
	q18 -> q33 [label = "a"];
	q14 -> q11 [label = "c"];
	q14 -> q22 [label = "c"];
	q14 -> q31 [label = "c"];
	q31 -> q31 [label = "c"];
	q8 -> q0 [label = "a"];
	q4 -> q8 [label = "a"];
	q23 -> q5 [label = "b"];
	q8 -> q8 [label = "a"];
	q10 -> q6 [label = "b"];
	q10 -> q10 [label = "b"];
	q10 -> q14 [label = "b"];
	q10 -> q18 [label = "b"];
	q13 -> q12 [label = "a"];
	q10 -> q21 [label = "b"];
	q10 -> q24 [label = "b"];
	q4 -> q22 [label = "c"];
	q21 -> q24 [label = "b"];
	q0 -> q0 [label = "a"];
	q29 -> q30 [label = "a, c"];
	q0 -> q8 [label = "a"];
	q25 -> q36 [label = "b"];
	q28 -> q32 [label = "a"];
	q2 -> q10 [label = "b"];
	q6 -> q31 [label = "c"];
	q0 -> q6 [label = "b"];
	q2 -> q0 [label = "a, c"];
	q2 -> q28 [label = "a"];
	q18 -> q22 [label = "c"];
	q14 -> q37 [label = "b"];
	q6 -> q6 [label = "b"];
	q32 -> q30 [label = "a"];
	q4 -> q0 [label = "a"];
	q4 -> q35 [label = "a"];
	q34 -> q25 [label = "a"];
	q23 -> q18 [label = "b"];
	q5 -> q0 [label = "a, c"];
	q5 -> q4 [label = "c"];
	q5 -> q8 [label = "a, c"];
	q7 -> q25 [label = "a"];
	q5 -> q19 [label = "c"];
	q37 -> q18 [label = "b"];
	q5 -> q22 [label = "c"];
	q1 -> q28 [label = "a"];
	q3 -> q5 [label = "b"];
	q32 -> q31 [label = "a"];
	q35 -> q20 [label = "b"];
	q9 -> q20 [label = "b"];
	q3 -> q10 [label = "b"];
	q16 -> q25 [label = "a"];
	q7 -> q7 [label = "a"];
	q3 -> q36 [label = "b"];
	q7 -> q1 [label = "c"];
	q7 -> q2 [label = "c"];
	q3 -> q0 [label = "a, c"];
	q3 -> q34 [label = "a"];
	q3 -> q35 [label = "a"];
	q5 -> q12 [label = "a"];
	q21 -> q12 [label = "a"];
	q20 -> q31 [label = "c"];
	q6 -> q8 [label = "a"];
	q13 -> q26 [label = "a"];
	q6 -> q12 [label = "a"];
	q29 -> q5 [label = "a"];
	q34 -> q1 [label = "c"];
	q4 -> q6 [label = "b"];
	q27 -> q21 [label = "b"];
	q32 -> q16 [label = "c"];
	q4 -> q21 [label = "b"];
	q7 -> q4 [label = "a"];
	q16 -> q6 [label = "b"];
	q7 -> q8 [label = "a"];
	q7 -> q22 [label = "a"];
	q20 -> q4 [label = "c"];
	q16 -> q26 [label = "b"];
	q29 -> q35 [label = "a"];
	q7 -> q28 [label = "a"];
	q5 -> q31 [label = "c"];
	q13 -> q28 [label = "a"];
	q7 -> q32 [label = "a"];
	q16 -> q0 [label = "a, b, c"];
	q16 -> q36 [label = "b"];
	q7 -> q35 [label = "a"];
	q5 -> q21 [label = "b"];
	q5 -> q24 [label = "b"];
	q26 -> q31 [label = "c"];
	q13 -> q0 [label = "a"];
	q13 -> q7 [label = "a"];
	q13 -> q8 [label = "a"];
	q13 -> q22 [label = "a"];
	q10 -> q0 [label = "a"];
	q13 -> q30 [label = "a"];
	q16 -> q11 [label = "b"];
	q13 -> q33 [label = "a"];
	q13 -> q35 [label = "a"];
	q15 -> q10 [label = "b"];
	q18 -> q15 [label = "a"];
	q15 -> q14 [label = "b"];
	q16 -> q7 [label = "a"];
	q10 -> q2 [label = "c"];
	q19 -> q21 [label = "b"];
	q15 -> q28 [label = "a"];
	q12 -> q6 [label = "b"];
	q12 -> q10 [label = "b"];
	q14 -> q12 [label = "a"];
	q14 -> q17 [label = "a"];
	q38 -> q22 [label = "c"];
	q14 -> q33 [label = "a"];
	q34 -> q2 [label = "c"];
	q11 -> q22 [label = "c"];
	q11 -> q31 [label = "c"];
	q13 -> q37 [label = "b"];
	q15 -> q0 [label = "a"];
	q15 -> q7 [label = "a"];
	q39 -> q21 [label = "b"];
	q15 -> q8 [label = "a"];
	q19 -> q31 [label = "c"];
	q15 -> q12 [label = "a"];
	q15 -> q33 [label = "a"];
	q20 -> q6 [label = "b"];
	q15 -> q34 [label = "a"];
	q15 -> q35 [label = "a"];
	q20 -> q0 [label = "a, c"];
	q20 -> q8 [label = "a, c"];
	q33 -> q1 [label = "c"];
	q20 -> q19 [label = "c"];
	q20 -> q12 [label = "a"];
	q20 -> q22 [label = "c"];
	q14 -> q2 [label = "c"];
	q16 -> q4 [label = "a, b"];
	q16 -> q8 [label = "a, b, c"];
	q16 -> q22 [label = "a, b"];
	q37 -> q22 [label = "c"];
	q18 -> q10 [label = "b"];
	q18 -> q31 [label = "c"];
	q18 -> q18 [label = "b"];
	q33 -> q28 [label = "a"];
	q18 -> q21 [label = "b"];
	q18 -> q24 [label = "b"];
	q16 -> q2 [label = "b"];
	q29 -> q7 [label = "a"];
	q16 -> q5 [label = "b"];
	q16 -> q12 [label = "b, c"];
	q16 -> q21 [label = "b"];
	q31 -> q6 [label = "b"];
	q18 -> q8 [label = "a"];
	q18 -> q12 [label = "a"];
	q22 -> q21 [label = "b"];
	q33 -> q32 [label = "a"];
	q21 -> q22 [label = "c"];
	q17 -> q0 [label = "a"];
	q10 -> q4 [label = "c"];
	q17 -> q8 [label = "a"];
	q39 -> q37 [label = "b"];
	q17 -> q13 [label = "a"];
	q17 -> q32 [label = "a"];
	q25 -> q2 [label = "c"];
	q19 -> q6 [label = "b"];
	q23 -> q22 [label = "c"];
	q3 -> q28 [label = "a"];
	q23 -> q31 [label = "c"];
	q17 -> q6 [label = "b"];
	q17 -> q10 [label = "b"];
	q19 -> q0 [label = "a"];
	q24 -> q21 [label = "b"];
	q21 -> q0 [label = "a"];
	q15 -> q15 [label = "a"];
	q19 -> q7 [label = "a"];
	q23 -> q21 [label = "b"];
	q26 -> q8 [label = "a"];
	q2 -> q6 [label = "b"];
	q23 -> q36 [label = "b"];
	q32 -> q35 [label = "a"];
	q23 -> q37 [label = "b"];
	q17 -> q2 [label = "c"];
	q17 -> q3 [label = "c"];
	q17 -> q9 [label = "c"];
	q34 -> q0 [label = "a"];
	q17 -> q16 [label = "c"];
	q21 -> q30 [label = "c"];
	q22 -> q0 [label = "a"];
	q23 -> q10 [label = "b"];
	q20 -> q20 [label = "b"];
	q20 -> q21 [label = "b"];
}
NFA size: 40 states

