Random target AFA:
digraph finite_state_machine {
	rankdir=LR;
	node [shape = circle];
	s0 [shape = point, style = invis, start="true" ];
	s1 [shape = point, style = invis, start="true" ];
	q0 [label = "q0"];
	q1 [label = "q1"];
	q2 [label = "q2", shape = doublecircle, final="true" ];
	q3 [label = "q3", shape = doublecircle, final="true" ];
	q4 [label = "q4"];
	q5 [label = "q5", shape = doublecircle, final="true" ];
	m0 [label = "", shape = square, style = filled, color=grey, fixedsize=true, width=.2];
	m1 [label = "", shape = square, style = filled, color=grey, fixedsize=true, width=.2];
	m2 [label = "", shape = square, style = filled, color=grey, fixedsize=true, width=.2];
	m3 [label = "", shape = square, style = filled, color=grey, fixedsize=true, width=.2];
	m4 [label = "", shape = square, style = filled, color=grey, fixedsize=true, width=.2];
	m5 [label = "", shape = square, style = filled, color=grey, fixedsize=true, width=.2];
	m6 [label = "", shape = square, style = filled, color=grey, fixedsize=true, width=.2];
	m7 [label = "", shape = square, style = filled, color=grey, fixedsize=true, width=.2];
	m8 [label = "", shape = square, style = filled, color=grey, fixedsize=true, width=.2];
	m9 [label = "", shape = square, style = filled, color=grey, fixedsize=true, width=.2];
	s0 -> q2
	s1 -> q0
	q3 -> q1 [label = "c"];
	q5 -> q1 [label = "b"];
	q5 -> m9 [label = "b"];
	q2 -> q1 [label = "c"];
	q2 -> q5 [label = "c"];
	q0 -> q3 [label = "c"];
	q2 -> m5 [label = "a"];
	q1 -> q1 [label = "a"];
	q3 -> q0 [label = "a"];
	q0 -> m3 [label = "b"];
	q0 -> m4 [label = "b"];
	q4 -> q5 [label = "c"];
	q1 -> q0 [label = "b"];
	q2 -> q0 [label = "b"];
	q4 -> q1 [label = "a"];
	q3 -> m0 [label = "b"];
	q1 -> q5 [label = "a"];
	q5 -> m7 [label = "a, c"];
	q0 -> q5 [label = "a"];
	q2 -> q2 [label = "a"];
	q4 -> m0 [label = "c"];
	q0 -> q1 [label = "c"];
	q4 -> m6 [label = "a"];
	q3 -> q5 [label = "a"];
	q0 -> m1 [label = "a"];
	q5 -> q2 [label = "c"];
	q1 -> m7 [label = "c"];
	q2 -> m2 [label = "b"];
	q3 -> q4 [label = "b, c"];
	q1 -> q3 [label = "b"];
	q4 -> m5 [label = "b"];
	q5 -> q4 [label = "a"];
	q1 -> m8 [label = "c"];
	q4 -> q0 [label = "b"];
	m0 -> q0;
	m0 -> q3;
	m1 -> q1;
	m1 -> q3;
	m2 -> q0;
	m2 -> q1;
	m3 -> q4;
	m3 -> q5;
	m4 -> q0;
	m4 -> q2;
	m5 -> q0;
	m5 -> q4;
	m6 -> q1;
	m6 -> q2;
	m7 -> q2;
	m7 -> q3;
	m8 -> q2;
	m8 -> q4;
	m9 -> q1;
	m9 -> q5;
}

L* output after 10 EQ and 15183 MQ:
digraph finite_state_machine {
	rankdir=LR;
	node [shape = circle];
	s0 [shape = point, style = invis, start="true" ];
	q0 [label = "q0"];
	q1 [label = "q1", shape = doublecircle, final="true" ];
	q2 [label = "q2", shape = doublecircle, final="true" ];
	q3 [label = "q3", shape = doublecircle, final="true" ];
	q4 [label = "q4"];
	q5 [label = "q5", shape = doublecircle, final="true" ];
	q6 [label = "q6"];
	q7 [label = "q7", shape = doublecircle, final="true" ];
	q8 [label = "q8", shape = doublecircle, final="true" ];
	q9 [label = "q9", shape = doublecircle, final="true" ];
	q10 [label = "q10", shape = doublecircle, final="true" ];
	q11 [label = "q11", shape = doublecircle, final="true" ];
	q12 [label = "q12", shape = doublecircle, final="true" ];
	q13 [label = "q13"];
	q14 [label = "q14", shape = doublecircle, final="true" ];
	q15 [label = "q15", shape = doublecircle, final="true" ];
	q16 [label = "q16", shape = doublecircle, final="true" ];
	q17 [label = "q17"];
	q18 [label = "q18", shape = doublecircle, final="true" ];
	q19 [label = "q19", shape = doublecircle, final="true" ];
	q20 [label = "q20", shape = doublecircle, final="true" ];
	q21 [label = "q21", shape = doublecircle, final="true" ];
	q22 [label = "q22", shape = doublecircle, final="true" ];
	q23 [label = "q23", shape = doublecircle, final="true" ];
	q24 [label = "q24", shape = doublecircle, final="true" ];
	q25 [label = "q25", shape = doublecircle, final="true" ];
	q26 [label = "q26", shape = doublecircle, final="true" ];
	q27 [label = "q27"];
	q28 [label = "q28", shape = doublecircle, final="true" ];
	q29 [label = "q29", shape = doublecircle, final="true" ];
	q30 [label = "q30"];
	q31 [label = "q31", shape = doublecircle, final="true" ];
	q32 [label = "q32", shape = doublecircle, final="true" ];
	q33 [label = "q33", shape = doublecircle, final="true" ];
	q34 [label = "q34", shape = doublecircle, final="true" ];
	q35 [label = "q35"];
	q36 [label = "q36", shape = doublecircle, final="true" ];
	q37 [label = "q37", shape = doublecircle, final="true" ];
	q38 [label = "q38", shape = doublecircle, final="true" ];
	q39 [label = "q39", shape = doublecircle, final="true" ];
	q40 [label = "q40"];
	q41 [label = "q41"];
	q42 [label = "q42", shape = doublecircle, final="true" ];
	q43 [label = "q43"];
	q44 [label = "q44", shape = doublecircle, final="true" ];
	q45 [label = "q45", shape = doublecircle, final="true" ];
	q46 [label = "q46", shape = doublecircle, final="true" ];
	q47 [label = "q47", shape = doublecircle, final="true" ];
	q48 [label = "q48", shape = doublecircle, final="true" ];
	q49 [label = "q49", shape = doublecircle, final="true" ];
	q50 [label = "q50", shape = doublecircle, final="true" ];
	q51 [label = "q51", shape = doublecircle, final="true" ];
	q52 [label = "q52"];
	q53 [label = "q53"];
	q54 [label = "q54", shape = doublecircle, final="true" ];
	q55 [label = "q55"];
	q56 [label = "q56", shape = doublecircle, final="true" ];
	q57 [label = "q57"];
	q58 [label = "q58", shape = doublecircle, final="true" ];
	q59 [label = "q59", shape = doublecircle, final="true" ];
	q60 [label = "q60", shape = doublecircle, final="true" ];
	q61 [label = "q61", shape = doublecircle, final="true" ];
	q62 [label = "q62", shape = doublecircle, final="true" ];
	q63 [label = "q63", shape = doublecircle, final="true" ];
	q64 [label = "q64", shape = doublecircle, final="true" ];
	q65 [label = "q65", shape = doublecircle, final="true" ];
	q66 [label = "q66"];
	q67 [label = "q67"];
	q68 [label = "q68", shape = doublecircle, final="true" ];
	s0 -> q26
	q41 -> q28 [label = "c"];
	q45 -> q34 [label = "a"];
	q47 -> q48 [label = "b"];
	q43 -> q36 [label = "a"];
	q41 -> q31 [label = "a"];
	q40 -> q23 [label = "b"];
	q46 -> q61 [label = "c"];
	q40 -> q31 [label = "a"];
	q42 -> q62 [label = "b"];
	q39 -> q20 [label = "a"];
	q44 -> q9 [label = "c"];
	q37 -> q22 [label = "b"];
	q35 -> q39 [label = "c"];
	q36 -> q40 [label = "b"];
	q39 -> q22 [label = "b"];
	q39 -> q46 [label = "c"];
	q35 -> q36 [label = "a"];
	q37 -> q24 [label = "c"];
	q33 -> q10 [label = "a"];
	q36 -> q34 [label = "a"];
	q32 -> q30 [label = "b"];
	q29 -> q30 [label = "b"];
	q30 -> q31 [label = "a"];
	q26 -> q28 [label = "c"];
	q31 -> q15 [label = "b"];
	q27 -> q37 [label = "c"];
	q29 -> q12 [label = "a"];
	q25 -> q63 [label = "c"];
	q31 -> q33 [label = "c"];
	q27 -> q29 [label = "a"];
	q29 -> q33 [label = "c"];
	q30 -> q23 [label = "b"];
	q28 -> q38 [label = "a"];
	q26 -> q32 [label = "a"];
	q28 -> q24 [label = "c"];
	q21 -> q25 [label = "b"];
	q25 -> q22 [label = "b"];
	q19 -> q65 [label = "c"];
	q11 -> q20 [label = "a"];
	q43 -> q43 [label = "b"];
	q15 -> q65 [label = "c"];
	q11 -> q22 [label = "b"];
	q13 -> q44 [label = "c"];
	q8 -> q14 [label = "c"];
	q32 -> q34 [label = "a"];
	q12 -> q12 [label = "a"];
	q14 -> q22 [label = "b"];
	q10 -> q45 [label = "a"];
	q48 -> q65 [label = "c"];
	q6 -> q29 [label = "a"];
	q54 -> q56 [label = "c"];
	q22 -> q63 [label = "c"];
	q9 -> q12 [label = "a"];
	q54 -> q35 [label = "b"];
	q67 -> q31 [label = "a"];
	q46 -> q19 [label = "b"];
	q6 -> q0 [label = "b"];
	q49 -> q50 [label = "a"];
	q18 -> q12 [label = "a"];
	q49 -> q7 [label = "c"];
	q59 -> q60 [label = "a"];
	q4 -> q1 [label = "c"];
	q53 -> q36 [label = "a"];
	q37 -> q38 [label = "a"];
	q42 -> q9 [label = "c"];
	q34 -> q12 [label = "a"];
	q27 -> q13 [label = "b"];
	q55 -> q57 [label = "b"];
	q23 -> q17 [label = "b"];
	q54 -> q24 [label = "a"];
	q59 -> q56 [label = "c"];
	q17 -> q42 [label = "c"];
	q18 -> q66 [label = "b"];
	q55 -> q36 [label = "a"];
	q56 -> q10 [label = "a"];
	q1 -> q50 [label = "a"];
	q2 -> q50 [label = "a"];
	q60 -> q12 [label = "a"];
	q38 -> q21 [label = "c"];
	q51 -> q12 [label = "a"];
	q62 -> q22 [label = "b"];
	q28 -> q25 [label = "b"];
	q23 -> q18 [label = "a"];
	q9 -> q7 [label = "c"];
	q52 -> q55 [label = "b"];
	q57 -> q59 [label = "a"];
	q65 -> q22 [label = "b"];
	q13 -> q43 [label = "b"];
	q58 -> q19 [label = "b"];
	q61 -> q7 [label = "c"];
	q17 -> q27 [label = "b"];
	q26 -> q27 [label = "b"];
	q0 -> q3 [label = "c"];
	q67 -> q51 [label = "c"];
	q68 -> q61 [label = "c"];
	q50 -> q12 [label = "a"];
	q63 -> q68 [label = "c"];
	q0 -> q29 [label = "a"];
	q23 -> q14 [label = "c"];
	q8 -> q20 [label = "a"];
	q8 -> q41 [label = "b"];
	q65 -> q68 [label = "c"];
	q68 -> q62 [label = "b"];
	q66 -> q31 [label = "a"];
	q47 -> q9 [label = "c"];
	q68 -> q12 [label = "a"];
	q57 -> q47 [label = "c"];
	q32 -> q61 [label = "c"];
	q52 -> q54 [label = "a"];
	q67 -> q23 [label = "b"];
	q38 -> q12 [label = "a"];
	q62 -> q20 [label = "a"];
	q4 -> q36 [label = "a"];
	q50 -> q51 [label = "c"];
	q24 -> q61 [label = "c"];
	q63 -> q38 [label = "a"];
	q51 -> q7 [label = "c"];
	q60 -> q61 [label = "c"];
	q25 -> q20 [label = "a"];
	q12 -> q15 [label = "b"];
	q16 -> q34 [label = "a"];
	q58 -> q12 [label = "a"];
	q56 -> q58 [label = "c"];
	q45 -> q61 [label = "c"];
	q66 -> q23 [label = "b"];
	q9 -> q19 [label = "b"];
	q16 -> q64 [label = "c"];
	q36 -> q33 [label = "c"];
	q58 -> q33 [label = "c"];
	q63 -> q25 [label = "b"];
	q66 -> q64 [label = "c"];
	q64 -> q12 [label = "c"];
	q49 -> q8 [label = "b"];
	q64 -> q22 [label = "b"];
	q5 -> q2 [label = "c"];
	q48 -> q41 [label = "b"];
	q24 -> q19 [label = "b"];
	q55 -> q5 [label = "c"];
	q52 -> q44 [label = "c"];
	q50 -> q15 [label = "b"];
	q48 -> q20 [label = "a"];
	q38 -> q62 [label = "b"];
	q22 -> q41 [label = "b"];
	q47 -> q50 [label = "a"];
	q41 -> q27 [label = "b"];
	q31 -> q12 [label = "a"];
	q45 -> q53 [label = "b"];
	q43 -> q47 [label = "c"];
	q46 -> q50 [label = "a"];
	q44 -> q48 [label = "b"];
	q7 -> q12 [label = "a"];
	q18 -> q64 [label = "c"];
	q42 -> q12 [label = "a"];
	q53 -> q11 [label = "c"];
	q51 -> q8 [label = "b"];
	q20 -> q62 [label = "b"];
	q40 -> q49 [label = "c"];
	q22 -> q20 [label = "a"];
	q21 -> q38 [label = "a"];
	q61 -> q12 [label = "a"];
	q19 -> q16 [label = "a"];
	q17 -> q31 [label = "a"];
	q24 -> q12 [label = "a"];
	q61 -> q62 [label = "b"];
	q21 -> q12 [label = "c"];
	q59 -> q4 [label = "b"];
	q20 -> q12 [label = "a"];
	q30 -> q11 [label = "c"];
	q16 -> q67 [label = "b"];
	q0 -> q13 [label = "b"];
	q15 -> q20 [label = "a"];
	q20 -> q64 [label = "c"];
	q2 -> q19 [label = "b"];
	q11 -> q12 [label = "c"];
	q34 -> q61 [label = "c"];
	q7 -> q15 [label = "b"];
	q14 -> q38 [label = "a"];
	q60 -> q53 [label = "b"];
	q13 -> q29 [label = "a"];
	q10 -> q42 [label = "c"];
	q56 -> q35 [label = "b"];
	q15 -> q22 [label = "b"];
	q10 -> q35 [label = "b"];
	q33 -> q31 [label = "c"];
	q3 -> q9 [label = "c"];
	q34 -> q30 [label = "b"];
	q53 -> q6 [label = "b"];
	q5 -> q48 [label = "b"];
	q44 -> q12 [label = "a"];
	q19 -> q17 [label = "b"];
	q6 -> q3 [label = "c"];
	q14 -> q68 [label = "c"];
	q33 -> q35 [label = "b"];
	q65 -> q20 [label = "a"];
	q1 -> q2 [label = "c"];
	q5 -> q50 [label = "a"];
	q3 -> q12 [label = "a"];
	q57 -> q55 [label = "b"];
	q1 -> q8 [label = "b"];
	q35 -> q52 [label = "b"];
	q4 -> q52 [label = "b"];
	q7 -> q7 [label = "c"];
	q64 -> q38 [label = "a"];
	q2 -> q7 [label = "c"];
	q3 -> q8 [label = "b"];
	q62 -> q14 [label = "c"];
	q12 -> q61 [label = "c"];
}
DFA size: 69 states

NL* output after 18 EQ and 12657 MQ:
digraph finite_state_machine {
	rankdir=LR;
	node [shape = circle];
	s0 [shape = point, style = invis, start="true" ];
	s1 [shape = point, style = invis, start="true" ];
	s2 [shape = point, style = invis, start="true" ];
	s3 [shape = point, style = invis, start="true" ];
	s4 [shape = point, style = invis, start="true" ];
	s5 [shape = point, style = invis, start="true" ];
	s6 [shape = point, style = invis, start="true" ];
	q0 [label = "q0", shape = doublecircle, final="true" ];
	q1 [label = "q1", shape = doublecircle, final="true" ];
	q2 [label = "q2"];
	q3 [label = "q3", shape = doublecircle, final="true" ];
	q4 [label = "q4", shape = doublecircle, final="true" ];
	q5 [label = "q5"];
	q6 [label = "q6"];
	q7 [label = "q7", shape = doublecircle, final="true" ];
	q8 [label = "q8", shape = doublecircle, final="true" ];
	q9 [label = "q9", shape = doublecircle, final="true" ];
	q10 [label = "q10"];
	q11 [label = "q11", shape = doublecircle, final="true" ];
	q12 [label = "q12"];
	q13 [label = "q13", shape = doublecircle, final="true" ];
	q14 [label = "q14", shape = doublecircle, final="true" ];
	q15 [label = "q15"];
	q16 [label = "q16", shape = doublecircle, final="true" ];
	q17 [label = "q17", shape = doublecircle, final="true" ];
	q18 [label = "q18"];
	q19 [label = "q19"];
	q20 [label = "q20", shape = doublecircle, final="true" ];
	q21 [label = "q21"];
	q22 [label = "q22", shape = doublecircle, final="true" ];
	q23 [label = "q23", shape = doublecircle, final="true" ];
	q24 [label = "q24", shape = doublecircle, final="true" ];
	q25 [label = "q25", shape = doublecircle, final="true" ];
	s0 -> q5
	s1 -> q12
	s2 -> q13
	s3 -> q14
	s4 -> q18
	s5 -> q19
	s6 -> q22
	q22 -> q23 [label = "a"];
	q22 -> q22 [label = "a"];
	q22 -> q13 [label = "a"];
	q22 -> q10 [label = "a"];
	q17 -> q25 [label = "c"];
	q17 -> q24 [label = "c"];
	q17 -> q7 [label = "c"];
	q17 -> q6 [label = "c"];
	q17 -> q0 [label = "c"];
	q21 -> q11 [label = "a"];
	q23 -> q21 [label = "b"];
	q19 -> q20 [label = "a"];
	q23 -> q16 [label = "c"];
	q17 -> q15 [label = "b, c"];
	q23 -> q4 [label = "c"];
	q23 -> q3 [label = "c"];
	q19 -> q18 [label = "b"];
	q17 -> q18 [label = "a, b, c"];
	q17 -> q12 [label = "a"];
	q17 -> q11 [label = "a"];
	q17 -> q2 [label = "a, b, c"];
	q21 -> q24 [label = "c"];
	q21 -> q0 [label = "c"];
	q20 -> q20 [label = "a"];
	q20 -> q19 [label = "a"];
	q20 -> q9 [label = "a"];
	q22 -> q18 [label = "a, b"];
	q22 -> q12 [label = "b"];
	q18 -> q20 [label = "a"];
	q18 -> q11 [label = "a"];
	q22 -> q25 [label = "c"];
	q22 -> q16 [label = "c"];
	q16 -> q21 [label = "b"];
	q22 -> q9 [label = "c"];
	q22 -> q4 [label = "c"];
	q20 -> q23 [label = "a"];
	q16 -> q25 [label = "a"];
	q23 -> q0 [label = "c"];
	q16 -> q23 [label = "a"];
	q16 -> q20 [label = "a"];
	q20 -> q13 [label = "a"];
	q16 -> q19 [label = "a, b"];
	q16 -> q17 [label = "b"];
	q16 -> q16 [label = "a"];
	q16 -> q14 [label = "a, c"];
	q16 -> q13 [label = "a, c"];
	q16 -> q11 [label = "a"];
	q16 -> q9 [label = "a"];
	q16 -> q7 [label = "a"];
	q16 -> q4 [label = "a"];
	q16 -> q1 [label = "a"];
	q13 -> q18 [label = "b"];
	q13 -> q12 [label = "b"];
	q14 -> q14 [label = "a"];
	q12 -> q19 [label = "b"];
	q22 -> q19 [label = "a"];
	q17 -> q21 [label = "a"];
	q10 -> q25 [label = "c"];
	q10 -> q14 [label = "c"];
	q15 -> q19 [label = "b"];
	q15 -> q18 [label = "b"];
	q15 -> q12 [label = "b"];
	q15 -> q5 [label = "b"];
	q13 -> q19 [label = "a"];
	q13 -> q13 [label = "a"];
	q3 -> q0 [label = "c"];
	q8 -> q21 [label = "a"];
	q14 -> q18 [label = "b"];
	q3 -> q1 [label = "a"];
	q21 -> q4 [label = "c"];
	q22 -> q14 [label = "a, c"];
	q10 -> q20 [label = "a, c"];
	q4 -> q1 [label = "a"];
	q8 -> q12 [label = "a, b"];
	q12 -> q11 [label = "a"];
	q22 -> q3 [label = "c"];
	q23 -> q22 [label = "a"];
	q14 -> q9 [label = "c"];
	q19 -> q25 [label = "c"];
	q3 -> q14 [label = "a"];
	q8 -> q25 [label = "a, c"];
	q11 -> q22 [label = "a"];
	q8 -> q10 [label = "a, b, c"];
	q0 -> q19 [label = "a, b, c"];
	q12 -> q3 [label = "c"];
	q8 -> q5 [label = "a, b, c"];
	q8 -> q6 [label = "a, c"];
	q8 -> q3 [label = "a, c"];
	q11 -> q9 [label = "a"];
	q25 -> q18 [label = "a, b, c"];
	q3 -> q8 [label = "b"];
	q8 -> q2 [label = "a, b, c"];
	q13 -> q16 [label = "c"];
	q3 -> q19 [label = "a, b, c"];
	q11 -> q6 [label = "b"];
	q21 -> q25 [label = "c"];
	q13 -> q14 [label = "a"];
	q11 -> q5 [label = "b"];
	q22 -> q11 [label = "c"];
	q4 -> q4 [label = "a"];
	q4 -> q18 [label = "a, b, c"];
	q15 -> q14 [label = "c"];
	q22 -> q5 [label = "b"];
	q24 -> q7 [label = "c"];
	q5 -> q3 [label = "c"];
	q9 -> q23 [label = "a"];
	q16 -> q18 [label = "a, b"];
	q9 -> q16 [label = "a"];
	q13 -> q11 [label = "c"];
	q24 -> q15 [label = "b"];
	q23 -> q14 [label = "a, c"];
	q9 -> q13 [label = "a"];
	q25 -> q17 [label = "b"];
	q23 -> q18 [label = "a, b, c"];
	q15 -> q20 [label = "a, c"];
	q15 -> q4 [label = "c"];
	q14 -> q20 [label = "c"];
	q13 -> q5 [label = "b"];
	q15 -> q16 [label = "a, c"];
	q11 -> q20 [label = "a"];
	q17 -> q4 [label = "c"];
	q11 -> q23 [label = "a"];
	q9 -> q18 [label = "a, b"];
	q1 -> q8 [label = "b"];
	q20 -> q5 [label = "b"];
	q2 -> q25 [label = "c"];
	q9 -> q14 [label = "a, c"];
	q2 -> q9 [label = "a, c"];
	q15 -> q10 [label = "b"];
	q6 -> q10 [label = "b, c"];
	q1 -> q20 [label = "a, c"];
	q0 -> q4 [label = "a, c"];
	q6 -> q25 [label = "c"];
	q11 -> q11 [label = "a"];
	q11 -> q10 [label = "a"];
	q25 -> q11 [label = "a"];
	q9 -> q0 [label = "a"];
	q23 -> q19 [label = "a, b, c"];
	q16 -> q10 [label = "a"];
	q0 -> q13 [label = "c"];
	q8 -> q7 [label = "c"];
	q24 -> q2 [label = "a, b"];
	q2 -> q20 [label = "a, c"];
	q6 -> q0 [label = "c"];
	q12 -> q20 [label = "a"];
	q16 -> q5 [label = "b"];
	q3 -> q4 [label = "a"];
	q24 -> q8 [label = "b"];
	q16 -> q0 [label = "a"];
	q1 -> q25 [label = "a, b, c"];
	q25 -> q25 [label = "a"];
	q11 -> q13 [label = "a, c"];
	q16 -> q22 [label = "a"];
	q8 -> q14 [label = "a"];
	q15 -> q25 [label = "c"];
	q3 -> q2 [label = "b"];
	q24 -> q0 [label = "c"];
	q1 -> q24 [label = "b"];
	q25 -> q20 [label = "a"];
	q24 -> q6 [label = "a"];
	q9 -> q19 [label = "a"];
	q17 -> q5 [label = "a, b, c"];
	q9 -> q10 [label = "a"];
	q13 -> q20 [label = "c"];
	q2 -> q11 [label = "a"];
	q25 -> q16 [label = "a"];
	q15 -> q11 [label = "a, c"];
	q23 -> q13 [label = "a, c"];
	q0 -> q10 [label = "a, c"];
	q0 -> q25 [label = "a, c"];
	q25 -> q14 [label = "a"];
	q14 -> q5 [label = "b"];
	q10 -> q9 [label = "a, c"];
	q9 -> q9 [label = "a"];
	q23 -> q20 [label = "a, c"];
	q14 -> q12 [label = "b"];
	q9 -> q22 [label = "a"];
	q15 -> q9 [label = "a, c"];
	q25 -> q19 [label = "a, b, c"];
	q9 -> q20 [label = "a"];
	q24 -> q10 [label = "a, b, c"];
	q24 -> q17 [label = "b"];
	q3 -> q12 [label = "b"];
	q25 -> q12 [label = "b"];
	q25 -> q5 [label = "b"];
	q24 -> q21 [label = "a, b"];
	q7 -> q12 [label = "b"];
	q8 -> q1 [label = "a"];
	q25 -> q4 [label = "a"];
	q24 -> q20 [label = "a"];
	q25 -> q9 [label = "a"];
	q25 -> q1 [label = "a"];
	q1 -> q19 [label = "a, b, c"];
	q8 -> q18 [label = "a, b, c"];
	q24 -> q1 [label = "a"];
	q21 -> q19 [label = "b, c"];
	q8 -> q11 [label = "a"];
	q6 -> q12 [label = "b"];
	q21 -> q3 [label = "c"];
	q22 -> q20 [label = "a, c"];
	q13 -> q9 [label = "c"];
	q1 -> q11 [label = "a"];
	q14 -> q22 [label = "a"];
	q8 -> q4 [label = "a, c"];
	q23 -> q5 [label = "b"];
	q8 -> q16 [label = "a"];
	q24 -> q4 [label = "a"];
	q24 -> q5 [label = "a, b"];
	q9 -> q7 [label = "a"];
	q3 -> q18 [label = "a, b, c"];
	q24 -> q11 [label = "a"];
	q1 -> q10 [label = "a, c"];
	q11 -> q19 [label = "a, b"];
	q1 -> q18 [label = "a, b, c"];
	q23 -> q10 [label = "a, c"];
	q24 -> q9 [label = "a"];
	q6 -> q17 [label = "b"];
	q10 -> q16 [label = "c"];
	q24 -> q14 [label = "a"];
	q24 -> q25 [label = "a"];
	q14 -> q16 [label = "c"];
	q24 -> q18 [label = "a, b, c"];
	q24 -> q19 [label = "a, b, c"];
	q23 -> q11 [label = "a, c"];
	q8 -> q15 [label = "b, c"];
	q25 -> q0 [label = "c"];
	q8 -> q20 [label = "a"];
	q21 -> q2 [label = "b"];
	q3 -> q10 [label = "a, b, c"];
	q21 -> q5 [label = "b"];
	q4 -> q5 [label = "b"];
	q23 -> q12 [label = "b"];
	q24 -> q12 [label = "a, b"];
	q6 -> q21 [label = "b"];
	q21 -> q10 [label = "b, c"];
	q21 -> q18 [label = "b, c"];
	q3 -> q11 [label = "a"];
	q8 -> q24 [label = "c"];
	q20 -> q18 [label = "a, b"];
	q18 -> q19 [label = "b"];
	q2 -> q5 [label = "b"];
	q6 -> q5 [label = "b"];
	q24 -> q3 [label = "a"];
	q19 -> q4 [label = "c"];
	q6 -> q4 [label = "c"];
	q25 -> q8 [label = "b"];
	q6 -> q2 [label = "b"];
	q7 -> q21 [label = "b"];
	q21 -> q20 [label = "a"];
	q10 -> q18 [label = "b"];
	q1 -> q5 [label = "b"];
	q9 -> q12 [label = "b"];
	q25 -> q21 [label = "b"];
	q4 -> q16 [label = "a, c"];
	q17 -> q3 [label = "c"];
	q12 -> q24 [label = "c"];
	q3 -> q21 [label = "b"];
	q4 -> q8 [label = "b"];
	q8 -> q0 [label = "c"];
	q12 -> q25 [label = "c"];
	q4 -> q0 [label = "c"];
	q4 -> q9 [label = "a, c"];
	q4 -> q10 [label = "a, c"];
	q13 -> q22 [label = "a"];
	q4 -> q13 [label = "c"];
	q4 -> q14 [label = "a, c"];
	q4 -> q19 [label = "a, b, c"];
	q1 -> q23 [label = "a"];
	q20 -> q14 [label = "a, c"];
	q4 -> q20 [label = "a, c"];
	q0 -> q1 [label = "a"];
	q0 -> q9 [label = "a, c"];
	q7 -> q25 [label = "a, c"];
	q0 -> q11 [label = "a, c"];
	q16 -> q12 [label = "b"];
	q0 -> q14 [label = "a, c"];
	q0 -> q16 [label = "a, c"];
	q20 -> q22 [label = "a"];
	q14 -> q13 [label = "a"];
	q0 -> q18 [label = "a, b, c"];
	q2 -> q10 [label = "b"];
	q2 -> q18 [label = "b"];
	q2 -> q19 [label = "b"];
	q6 -> q3 [label = "c"];
	q8 -> q19 [label = "a, b, c"];
	q6 -> q18 [label = "b, c"];
	q23 -> q25 [label = "c"];
	q0 -> q12 [label = "b"];
	q0 -> q17 [label = "b"];
	q7 -> q19 [label = "a, b, c"];
	q0 -> q21 [label = "b"];
	q0 -> q0 [label = "c"];
	q7 -> q17 [label = "b"];
	q4 -> q11 [label = "a"];
	q3 -> q16 [label = "a"];
	q4 -> q25 [label = "a"];
	q1 -> q0 [label = "a, c"];
	q3 -> q25 [label = "a"];
	q0 -> q5 [label = "b"];
	q25 -> q10 [label = "a, c"];
	q5 -> q25 [label = "c"];
	q1 -> q1 [label = "a"];
	q23 -> q9 [label = "a, c"];
	q1 -> q4 [label = "a, c"];
	q1 -> q9 [label = "a, c"];
	q23 -> q23 [label = "a"];
	q9 -> q5 [label = "b"];
	q7 -> q18 [label = "a, b, c"];
	q1 -> q13 [label = "a, c"];
	q1 -> q14 [label = "a, c"];
	q1 -> q16 [label = "a, c"];
	q20 -> q10 [label = "a"];
	q1 -> q22 [label = "a"];
	q3 -> q5 [label = "b"];
	q7 -> q20 [label = "a, c"];
	q18 -> q25 [label = "c"];
	q1 -> q21 [label = "b"];
	q3 -> q17 [label = "b"];
	q7 -> q0 [label = "c"];
	q7 -> q3 [label = "c"];
	q17 -> q19 [label = "a, b, c"];
	q10 -> q4 [label = "c"];
	q2 -> q3 [label = "c"];
	q7 -> q4 [label = "a, c"];
	q7 -> q9 [label = "a, c"];
	q6 -> q16 [label = "a"];
	q7 -> q10 [label = "a, c"];
	q7 -> q11 [label = "a, c"];
	q7 -> q13 [label = "c"];
	q2 -> q14 [label = "c"];
	q14 -> q19 [label = "a"];
	q7 -> q14 [label = "a, c"];
	q0 -> q20 [label = "a, c"];
	q1 -> q3 [label = "b, c"];
	q1 -> q6 [label = "b"];
	q17 -> q20 [label = "a"];
	q1 -> q12 [label = "b"];
	q1 -> q7 [label = "a"];
	q1 -> q17 [label = "b"];
	q12 -> q10 [label = "b"];
	q11 -> q14 [label = "a, c"];
	q2 -> q16 [label = "c"];
	q3 -> q9 [label = "a"];
	q3 -> q20 [label = "a"];
	q11 -> q18 [label = "a, b"];
	q7 -> q5 [label = "b"];
	q15 -> q3 [label = "c"];
	q6 -> q19 [label = "b, c"];
	q5 -> q11 [label = "a"];
	q8 -> q9 [label = "a"];
	q5 -> q20 [label = "a"];
	q6 -> q9 [label = "a"];
	q6 -> q11 [label = "a"];
	q6 -> q20 [label = "a"];
	q24 -> q16 [label = "a"];
	q4 -> q12 [label = "b"];
	q4 -> q17 [label = "b"];
	q4 -> q21 [label = "b"];
	q17 -> q10 [label = "a, b, c"];
	q2 -> q4 [label = "c"];
	q7 -> q1 [label = "a"];
	q5 -> q19 [label = "b"];
	q7 -> q16 [label = "a, c"];
	q5 -> q10 [label = "b"];
}
NFA size: 26 states

AL* output after 16 EQ and 4714 MQ:
digraph finite_state_machine {
	rankdir=LR;
	node [shape = circle];
	s0 [shape = point, style = invis, start="true" ];
	s1 [shape = point, style = invis, start="true" ];
	s2 [shape = point, style = invis, start="true" ];
	q0 [label = "q0", shape = doublecircle, final="true" ];
	q1 [label = "q1"];
	q2 [label = "q2", shape = doublecircle, final="true" ];
	q3 [label = "q3", shape = doublecircle, final="true" ];
	q4 [label = "q4", shape = doublecircle, final="true" ];
	q5 [label = "q5", shape = doublecircle, final="true" ];
	q6 [label = "q6", shape = doublecircle, final="true" ];
	q7 [label = "q7"];
	q8 [label = "q8", shape = doublecircle, final="true" ];
	q9 [label = "q9"];
	q10 [label = "q10"];
	q11 [label = "q11", shape = doublecircle, final="true" ];
	m0 [label = "", shape = square, style = filled, color=grey, fixedsize=true, width=.2];
	m1 [label = "", shape = square, style = filled, color=grey, fixedsize=true, width=.2];
	m2 [label = "", shape = square, style = filled, color=grey, fixedsize=true, width=.2];
	m3 [label = "", shape = square, style = filled, color=grey, fixedsize=true, width=.2];
	m4 [label = "", shape = square, style = filled, color=grey, fixedsize=true, width=.2];
	m5 [label = "", shape = square, style = filled, color=grey, fixedsize=true, width=.2];
	m6 [label = "", shape = square, style = filled, color=grey, fixedsize=true, width=.2];
	m7 [label = "", shape = square, style = filled, color=grey, fixedsize=true, width=.2];
	m8 [label = "", shape = square, style = filled, color=grey, fixedsize=true, width=.2];
	m9 [label = "", shape = square, style = filled, color=grey, fixedsize=true, width=.2];
	m10 [label = "", shape = square, style = filled, color=grey, fixedsize=true, width=.2];
	m11 [label = "", shape = square, style = filled, color=grey, fixedsize=true, width=.2];
	m12 [label = "", shape = square, style = filled, color=grey, fixedsize=true, width=.2];
	m13 [label = "", shape = square, style = filled, color=grey, fixedsize=true, width=.2];
	m14 [label = "", shape = square, style = filled, color=grey, fixedsize=true, width=.2];
	m15 [label = "", shape = square, style = filled, color=grey, fixedsize=true, width=.2];
	m16 [label = "", shape = square, style = filled, color=grey, fixedsize=true, width=.2];
	s0 -> m0
	s1 -> m1
	s2 -> m2
	q9 -> m2 [label = "b"];
	q9 -> m12 [label = "b"];
	q9 -> m11 [label = "b"];
	q11 -> m7 [label = "a"];
	q9 -> m6 [label = "a"];
	q11 -> m3 [label = "b"];
	q8 -> m6 [label = "c"];
	q8 -> m3 [label = "c"];
	q8 -> m2 [label = "b"];
	q8 -> m1 [label = "a"];
	q10 -> m12 [label = "b"];
	q10 -> m11 [label = "b"];
	q10 -> m9 [label = "b"];
	q0 -> m8 [label = "a"];
	q0 -> m0 [label = "a"];
	q0 -> m1 [label = "a"];
	q1 -> m5 [label = "c"];
	q1 -> m3 [label = "a, c"];
	q9 -> m3 [label = "a, c"];
	q6 -> m2 [label = "a"];
	q4 -> m2 [label = "b"];
	q6 -> m3 [label = "c"];
	q11 -> m0 [label = "a, c"];
	q9 -> m0 [label = "c"];
	q2 -> m2 [label = "a, b"];
	q2 -> m0 [label = "a, b, c"];
	q1 -> m6 [label = "a, c"];
	q5 -> m3 [label = "a"];
	q3 -> m3 [label = "a, c"];
	q3 -> m5 [label = "c"];
	q5 -> m2 [label = "b"];
	q7 -> m1 [label = "a, c"];
	q5 -> m1 [label = "a, c"];
	q5 -> m8 [label = "a"];
	q3 -> m2 [label = "b"];
	q2 -> m3 [label = "a, b, c"];
	q5 -> m15 [label = "c"];
	q8 -> m8 [label = "a"];
	q4 -> m4 [label = "b"];
	q4 -> m6 [label = "a"];
	q2 -> m1 [label = "c"];
	q6 -> m6 [label = "a"];
	q7 -> m7 [label = "a"];
	q6 -> m4 [label = "c"];
	q10 -> m3 [label = "c"];
	q5 -> m0 [label = "a"];
	q4 -> m3 [label = "a, b"];
	q8 -> m0 [label = "a"];
	q3 -> m0 [label = "a, c"];
	q11 -> m6 [label = "a"];
	q10 -> m6 [label = "a"];
	q7 -> m9 [label = "b"];
	q7 -> m10 [label = "b"];
	q3 -> m8 [label = "a"];
	q0 -> m5 [label = "c"];
	q1 -> m11 [label = "b"];
	q11 -> m8 [label = "a, b"];
	q6 -> m8 [label = "b, c"];
	q9 -> m4 [label = "b, c"];
	q1 -> m12 [label = "b"];
	q11 -> m5 [label = "b"];
	q10 -> m4 [label = "c"];
	q1 -> m2 [label = "b"];
	q0 -> m16 [label = "a"];
	q7 -> m13 [label = "c"];
	q7 -> m3 [label = "c"];
	q2 -> m8 [label = "c"];
	q6 -> m0 [label = "b, c"];
	q5 -> m14 [label = "c"];
	q7 -> m14 [label = "c"];
	q6 -> m7 [label = "b"];
	q3 -> m4 [label = "b"];
	q4 -> m0 [label = "a, c"];
	q11 -> m1 [label = "c"];
	q4 -> m8 [label = "a"];
	q0 -> m3 [label = "c"];
	q4 -> m1 [label = "c"];
	q0 -> m6 [label = "c"];
	q6 -> m5 [label = "b"];
	q3 -> m6 [label = "a, c"];
	q2 -> m6 [label = "a"];
	q0 -> m2 [label = "b"];
	q2 -> m4 [label = "b"];
	m0 -> q0;
	m0 -> q1;
	m0 -> q3;
	m0 -> q8;
	m1 -> q0;
	m1 -> q2;
	m1 -> q3;
	m1 -> q4;
	m1 -> q5;
	m1 -> q8;
	m1 -> q11;
	m2 -> q6;
	m2 -> q9;
	m2 -> q10;
	m3 -> q2;
	m3 -> q3;
	m3 -> q4;
	m3 -> q9;
	m4 -> q2;
	m4 -> q6;
	m5 -> q1;
	m5 -> q2;
	m5 -> q6;
	m5 -> q9;
	m5 -> q10;
	m6 -> q2;
	m6 -> q4;
	m6 -> q11;
	m7 -> q1;
	m7 -> q2;
	m7 -> q3;
	m7 -> q4;
	m7 -> q5;
	m7 -> q9;
	m8 -> q0;
	m8 -> q1;
	m8 -> q3;
	m8 -> q6;
	m8 -> q9;
	m8 -> q10;
	m9 -> q0;
	m9 -> q1;
	m9 -> q3;
	m9 -> q6;
	m9 -> q7;
	m9 -> q8;
	m9 -> q9;
	m9 -> q10;
	m10 -> q1;
	m10 -> q2;
	m10 -> q3;
	m10 -> q4;
	m10 -> q6;
	m10 -> q9;
	m10 -> q10;
	m10 -> q11;
	m11 -> q0;
	m11 -> q1;
	m11 -> q2;
	m11 -> q3;
	m11 -> q4;
	m11 -> q5;
	m11 -> q7;
	m11 -> q8;
	m11 -> q11;
	m12 -> q1;
	m12 -> q2;
	m12 -> q3;
	m12 -> q4;
	m12 -> q5;
	m12 -> q7;
	m12 -> q9;
	m12 -> q11;
	m13 -> q2;
	m13 -> q4;
	m13 -> q6;
	m13 -> q11;
	m14 -> q0;
	m14 -> q1;
	m14 -> q2;
	m14 -> q3;
	m14 -> q6;
	m14 -> q7;
	m14 -> q8;
	m14 -> q9;
	m14 -> q10;
	m15 -> q0;
	m15 -> q1;
	m15 -> q2;
	m15 -> q3;
	m15 -> q4;
	m15 -> q5;
	m15 -> q8;
	m15 -> q9;
	m16 -> q2;
	m16 -> q3;
	m16 -> q4;
	m16 -> q9;
	m16 -> q11;
}
AFA size: 12 states

