Random target AFA:
digraph finite_state_machine {
	rankdir=LR;
	node [shape = circle];
	s0 [shape = point, style = invis, start="true" ];
	s1 [shape = point, style = invis, start="true" ];
	q0 [label = "q0", shape = doublecircle, final="true" ];
	q1 [label = "q1", shape = doublecircle, final="true" ];
	q2 [label = "q2", shape = doublecircle, final="true" ];
	q3 [label = "q3", shape = doublecircle, final="true" ];
	q4 [label = "q4"];
	q5 [label = "q5"];
	m0 [label = "", shape = square, style = filled, color=grey, fixedsize=true, width=.2];
	m1 [label = "", shape = square, style = filled, color=grey, fixedsize=true, width=.2];
	m2 [label = "", shape = square, style = filled, color=grey, fixedsize=true, width=.2];
	m3 [label = "", shape = square, style = filled, color=grey, fixedsize=true, width=.2];
	m4 [label = "", shape = square, style = filled, color=grey, fixedsize=true, width=.2];
	m5 [label = "", shape = square, style = filled, color=grey, fixedsize=true, width=.2];
	m6 [label = "", shape = square, style = filled, color=grey, fixedsize=true, width=.2];
	m7 [label = "", shape = square, style = filled, color=grey, fixedsize=true, width=.2];
	m8 [label = "", shape = square, style = filled, color=grey, fixedsize=true, width=.2];
	m9 [label = "", shape = square, style = filled, color=grey, fixedsize=true, width=.2];
	s0 -> q2
	s1 -> q2
	q5 -> q4 [label = "c"];
	q0 -> q0 [label = "c"];
	q2 -> m1 [label = "a"];
	q3 -> m9 [label = "c"];
	q1 -> q3 [label = "b"];
	q2 -> q4 [label = "a, c"];
	q3 -> q1 [label = "c"];
	q0 -> q3 [label = "b"];
	q4 -> m2 [label = "a"];
	q5 -> q2 [label = "b"];
	q0 -> q2 [label = "a, b"];
	q0 -> q4 [label = "a, c"];
	q3 -> m1 [label = "a"];
	q4 -> q3 [label = "c"];
	q1 -> m4 [label = "a"];
	q1 -> m0 [label = "a"];
	q3 -> q3 [label = "b"];
	q2 -> m0 [label = "b"];
	q2 -> q5 [label = "b"];
	q2 -> m8 [label = "c"];
	q1 -> m5 [label = "b"];
	q3 -> q5 [label = "a, b"];
	q5 -> q5 [label = "a"];
	q4 -> q2 [label = "a, c"];
	q4 -> q0 [label = "b"];
	q1 -> q4 [label = "c"];
	q5 -> m1 [label = "b"];
	q5 -> m3 [label = "c"];
	q1 -> m6 [label = "c"];
	q4 -> m7 [label = "b"];
	m0 -> q0;
	m0 -> q1;
	m1 -> q3;
	m1 -> q5;
	m2 -> q3;
	m2 -> q4;
	m3 -> q4;
	m3 -> q5;
	m4 -> q1;
	m4 -> q5;
	m5 -> q2;
	m5 -> q5;
	m6 -> q1;
	m6 -> q4;
	m7 -> q0;
	m7 -> q5;
	m8 -> q0;
	m8 -> q2;
	m9 -> q0;
	m9 -> q3;
}

L* output after 9 EQ and 6709 MQ:
digraph finite_state_machine {
	rankdir=LR;
	node [shape = circle];
	s0 [shape = point, style = invis, start="true" ];
	q0 [label = "q0", shape = doublecircle, final="true" ];
	q1 [label = "q1", shape = doublecircle, final="true" ];
	q2 [label = "q2", shape = doublecircle, final="true" ];
	q3 [label = "q3", shape = doublecircle, final="true" ];
	q4 [label = "q4", shape = doublecircle, final="true" ];
	q5 [label = "q5", shape = doublecircle, final="true" ];
	q6 [label = "q6", shape = doublecircle, final="true" ];
	q7 [label = "q7", shape = doublecircle, final="true" ];
	q8 [label = "q8", shape = doublecircle, final="true" ];
	q9 [label = "q9", shape = doublecircle, final="true" ];
	q10 [label = "q10", shape = doublecircle, final="true" ];
	q11 [label = "q11", shape = doublecircle, final="true" ];
	q12 [label = "q12", shape = doublecircle, final="true" ];
	q13 [label = "q13", shape = doublecircle, final="true" ];
	q14 [label = "q14", shape = doublecircle, final="true" ];
	q15 [label = "q15", shape = doublecircle, final="true" ];
	q16 [label = "q16", shape = doublecircle, final="true" ];
	q17 [label = "q17", shape = doublecircle, final="true" ];
	q18 [label = "q18", shape = doublecircle, final="true" ];
	q19 [label = "q19", shape = doublecircle, final="true" ];
	q20 [label = "q20", shape = doublecircle, final="true" ];
	q21 [label = "q21"];
	q22 [label = "q22", shape = doublecircle, final="true" ];
	q23 [label = "q23"];
	q24 [label = "q24", shape = doublecircle, final="true" ];
	q25 [label = "q25", shape = doublecircle, final="true" ];
	q26 [label = "q26", shape = doublecircle, final="true" ];
	q27 [label = "q27", shape = doublecircle, final="true" ];
	q28 [label = "q28", shape = doublecircle, final="true" ];
	q29 [label = "q29", shape = doublecircle, final="true" ];
	q30 [label = "q30"];
	q31 [label = "q31", shape = doublecircle, final="true" ];
	q32 [label = "q32", shape = doublecircle, final="true" ];
	q33 [label = "q33", shape = doublecircle, final="true" ];
	q34 [label = "q34", shape = doublecircle, final="true" ];
	q35 [label = "q35", shape = doublecircle, final="true" ];
	q36 [label = "q36", shape = doublecircle, final="true" ];
	q37 [label = "q37", shape = doublecircle, final="true" ];
	q38 [label = "q38", shape = doublecircle, final="true" ];
	q39 [label = "q39"];
	q40 [label = "q40", shape = doublecircle, final="true" ];
	q41 [label = "q41", shape = doublecircle, final="true" ];
	q42 [label = "q42", shape = doublecircle, final="true" ];
	q43 [label = "q43", shape = doublecircle, final="true" ];
	q44 [label = "q44", shape = doublecircle, final="true" ];
	q45 [label = "q45", shape = doublecircle, final="true" ];
	q46 [label = "q46", shape = doublecircle, final="true" ];
	q47 [label = "q47", shape = doublecircle, final="true" ];
	s0 -> q31
	q45 -> q41 [label = "a"];
	q41 -> q43 [label = "b"];
	q47 -> q19 [label = "c"];
	q41 -> q41 [label = "a"];
	q43 -> q10 [label = "b"];
	q47 -> q26 [label = "b"];
	q40 -> q19 [label = "c"];
	q44 -> q46 [label = "a"];
	q46 -> q18 [label = "b"];
	q46 -> q36 [label = "c"];
	q40 -> q11 [label = "a"];
	q42 -> q43 [label = "b"];
	q6 -> q8 [label = "b"];
	q5 -> q9 [label = "c"];
	q4 -> q11 [label = "a"];
	q1 -> q36 [label = "c"];
	q4 -> q14 [label = "b"];
	q2 -> q19 [label = "c"];
	q13 -> q13 [label = "c"];
	q24 -> q23 [label = "a"];
	q0 -> q24 [label = "b"];
	q7 -> q42 [label = "a"];
	q25 -> q42 [label = "a"];
	q32 -> q36 [label = "c"];
	q40 -> q26 [label = "b"];
	q46 -> q47 [label = "a"];
	q28 -> q19 [label = "c"];
	q7 -> q35 [label = "b"];
	q3 -> q45 [label = "c"];
	q47 -> q7 [label = "a"];
	q25 -> q15 [label = "c"];
	q36 -> q14 [label = "b"];
	q2 -> q41 [label = "a"];
	q11 -> q19 [label = "c"];
	q6 -> q2 [label = "a"];
	q12 -> q19 [label = "c"];
	q1 -> q0 [label = "b"];
	q31 -> q30 [label = "a"];
	q36 -> q19 [label = "c"];
	q45 -> q6 [label = "c"];
	q39 -> q26 [label = "b"];
	q19 -> q41 [label = "a"];
	q21 -> q24 [label = "c"];
	q18 -> q16 [label = "b"];
	q8 -> q10 [label = "b"];
	q23 -> q19 [label = "c"];
	q17 -> q5 [label = "b"];
	q21 -> q32 [label = "a"];
	q15 -> q14 [label = "b"];
	q44 -> q19 [label = "c"];
	q22 -> q17 [label = "a"];
	q19 -> q14 [label = "b"];
	q13 -> q2 [label = "a"];
	q32 -> q33 [label = "b"];
	q41 -> q19 [label = "c"];
	q42 -> q19 [label = "c"];
	q18 -> q15 [label = "c"];
	q5 -> q23 [label = "a"];
	q16 -> q15 [label = "c"];
	q26 -> q16 [label = "b"];
	q22 -> q44 [label = "c"];
	q5 -> q22 [label = "b"];
	q18 -> q42 [label = "a"];
	q19 -> q13 [label = "c"];
	q43 -> q37 [label = "c"];
	q16 -> q23 [label = "a"];
	q34 -> q20 [label = "b"];
	q45 -> q8 [label = "b"];
	q2 -> q8 [label = "b"];
	q20 -> q24 [label = "b"];
	q1 -> q47 [label = "a"];
	q17 -> q17 [label = "a"];
	q0 -> q42 [label = "a"];
	q34 -> q11 [label = "a"];
	q37 -> q45 [label = "c"];
	q0 -> q9 [label = "c"];
	q22 -> q16 [label = "b"];
	q6 -> q6 [label = "c"];
	q28 -> q34 [label = "a"];
	q9 -> q19 [label = "c"];
	q16 -> q10 [label = "b"];
	q17 -> q21 [label = "c"];
	q12 -> q1 [label = "a"];
	q20 -> q37 [label = "c"];
	q14 -> q3 [label = "c"];
	q44 -> q14 [label = "b"];
	q4 -> q19 [label = "c"];
	q38 -> q37 [label = "c"];
	q10 -> q10 [label = "b"];
	q8 -> q41 [label = "a"];
	q11 -> q41 [label = "a"];
	q10 -> q42 [label = "a"];
	q14 -> q16 [label = "b"];
	q9 -> q14 [label = "b"];
	q27 -> q35 [label = "b"];
	q3 -> q8 [label = "b"];
	q10 -> q15 [label = "c"];
	q8 -> q3 [label = "c"];
	q9 -> q34 [label = "a"];
	q39 -> q19 [label = "c"];
	q35 -> q9 [label = "c"];
	q15 -> q19 [label = "c"];
	q21 -> q38 [label = "b"];
	q35 -> q10 [label = "b"];
	q23 -> q27 [label = "a"];
	q35 -> q42 [label = "a"];
	q24 -> q22 [label = "b"];
	q30 -> q25 [label = "c"];
	q38 -> q24 [label = "b"];
	q26 -> q41 [label = "a"];
	q24 -> q15 [label = "c"];
	q30 -> q26 [label = "b"];
	q14 -> q41 [label = "a"];
	q29 -> q17 [label = "a"];
	q23 -> q43 [label = "b"];
	q28 -> q20 [label = "b"];
	q15 -> q4 [label = "a"];
	q29 -> q21 [label = "c"];
	q31 -> q29 [label = "b"];
	q36 -> q40 [label = "a"];
	q43 -> q41 [label = "a"];
	q42 -> q7 [label = "a"];
	q27 -> q23 [label = "a"];
	q31 -> q28 [label = "c"];
	q26 -> q37 [label = "c"];
	q25 -> q22 [label = "b"];
	q33 -> q24 [label = "b"];
	q12 -> q14 [label = "b"];
	q13 -> q14 [label = "b"];
	q30 -> q27 [label = "a"];
	q7 -> q36 [label = "c"];
	q34 -> q19 [label = "c"];
	q27 -> q36 [label = "c"];
	q29 -> q24 [label = "b"];
	q32 -> q39 [label = "a"];
	q20 -> q41 [label = "a"];
	q11 -> q26 [label = "b"];
	q33 -> q17 [label = "a"];
	q37 -> q34 [label = "a"];
	q38 -> q34 [label = "a"];
	q33 -> q12 [label = "c"];
	q37 -> q8 [label = "b"];
	q3 -> q4 [label = "a"];
	q39 -> q27 [label = "a"];
}
DFA size: 48 states

NL* output after 11 EQ and 3969 MQ:
digraph finite_state_machine {
	rankdir=LR;
	node [shape = circle];
	s0 [shape = point, style = invis, start="true" ];
	q0 [label = "q0", shape = doublecircle, final="true" ];
	q1 [label = "q1", shape = doublecircle, final="true" ];
	q2 [label = "q2", shape = doublecircle, final="true" ];
	q3 [label = "q3", shape = doublecircle, final="true" ];
	q4 [label = "q4", shape = doublecircle, final="true" ];
	q5 [label = "q5", shape = doublecircle, final="true" ];
	q6 [label = "q6", shape = doublecircle, final="true" ];
	q7 [label = "q7", shape = doublecircle, final="true" ];
	q8 [label = "q8", shape = doublecircle, final="true" ];
	q9 [label = "q9", shape = doublecircle, final="true" ];
	q10 [label = "q10", shape = doublecircle, final="true" ];
	q11 [label = "q11"];
	q12 [label = "q12", shape = doublecircle, final="true" ];
	q13 [label = "q13", shape = doublecircle, final="true" ];
	q14 [label = "q14"];
	q15 [label = "q15", shape = doublecircle, final="true" ];
	q16 [label = "q16", shape = doublecircle, final="true" ];
	q17 [label = "q17", shape = doublecircle, final="true" ];
	q18 [label = "q18", shape = doublecircle, final="true" ];
	q19 [label = "q19", shape = doublecircle, final="true" ];
	q20 [label = "q20"];
	q21 [label = "q21"];
	q22 [label = "q22", shape = doublecircle, final="true" ];
	q23 [label = "q23", shape = doublecircle, final="true" ];
	q24 [label = "q24", shape = doublecircle, final="true" ];
	s0 -> q13
	q18 -> q8 [label = "c"];
	q20 -> q23 [label = "b"];
	q22 -> q11 [label = "a"];
	q17 -> q24 [label = "c"];
	q17 -> q11 [label = "c"];
	q17 -> q8 [label = "c"];
	q17 -> q5 [label = "c"];
	q17 -> q2 [label = "c"];
	q17 -> q1 [label = "c"];
	q17 -> q0 [label = "c"];
	q23 -> q19 [label = "b"];
	q23 -> q0 [label = "b"];
	q19 -> q14 [label = "a"];
	q19 -> q11 [label = "a"];
	q17 -> q23 [label = "b"];
	q17 -> q15 [label = "b"];
	q17 -> q3 [label = "b"];
	q19 -> q9 [label = "b"];
	q17 -> q22 [label = "a, c"];
	q17 -> q20 [label = "a, c"];
	q17 -> q17 [label = "a, c"];
	q17 -> q13 [label = "a, c"];
	q17 -> q6 [label = "a, c"];
	q21 -> q24 [label = "c"];
	q21 -> q22 [label = "a, c"];
	q21 -> q19 [label = "c"];
	q21 -> q11 [label = "c"];
	q21 -> q8 [label = "c"];
	q21 -> q6 [label = "c"];
	q21 -> q5 [label = "c"];
	q21 -> q2 [label = "c"];
	q21 -> q1 [label = "c"];
	q16 -> q17 [label = "c"];
	q16 -> q10 [label = "c"];
	q16 -> q8 [label = "c"];
	q22 -> q15 [label = "b"];
	q18 -> q21 [label = "a"];
	q18 -> q17 [label = "a, c"];
	q18 -> q14 [label = "a"];
	q18 -> q11 [label = "a"];
	q18 -> q6 [label = "a"];
	q18 -> q1 [label = "a"];
	q16 -> q15 [label = "b"];
	q16 -> q13 [label = "b"];
	q16 -> q9 [label = "b"];
	q16 -> q4 [label = "b"];
	q16 -> q3 [label = "b"];
	q16 -> q0 [label = "b"];
	q22 -> q17 [label = "c"];
	q22 -> q10 [label = "c"];
	q18 -> q22 [label = "a, b"];
	q18 -> q16 [label = "a, b"];
	q18 -> q3 [label = "a"];
	q18 -> q0 [label = "b"];
	q22 -> q9 [label = "b"];
	q16 -> q21 [label = "a"];
	q2 -> q20 [label = "a, c"];
	q17 -> q9 [label = "b"];
	q14 -> q9 [label = "b"];
	q24 -> q15 [label = "b"];
	q2 -> q14 [label = "a, c"];
	q7 -> q13 [label = "a, c"];
	q9 -> q19 [label = "b"];
	q2 -> q2 [label = "a, c"];
	q4 -> q11 [label = "a"];
	q0 -> q15 [label = "b"];
	q24 -> q17 [label = "c"];
	q0 -> q12 [label = "b"];
	q10 -> q12 [label = "b"];
	q6 -> q20 [label = "a, c"];
	q3 -> q13 [label = "b"];
	q5 -> q12 [label = "b"];
	q6 -> q8 [label = "c"];
	q1 -> q8 [label = "c"];
	q12 -> q7 [label = "c"];
	q1 -> q20 [label = "c"];
	q6 -> q10 [label = "c"];
	q21 -> q20 [label = "c"];
	q10 -> q18 [label = "b"];
	q1 -> q5 [label = "c"];
	q11 -> q9 [label = "b"];
	q8 -> q3 [label = "b"];
	q11 -> q11 [label = "c"];
	q12 -> q0 [label = "b"];
	q20 -> q19 [label = "c"];
	q2 -> q0 [label = "c"];
	q12 -> q22 [label = "b"];
	q10 -> q9 [label = "b"];
	q14 -> q0 [label = "c"];
	q4 -> q1 [label = "a"];
	q16 -> q14 [label = "a"];
	q7 -> q22 [label = "a, c"];
	q10 -> q6 [label = "a, c"];
	q2 -> q9 [label = "b"];
	q6 -> q15 [label = "b"];
	q0 -> q17 [label = "c"];
	q18 -> q13 [label = "a, b"];
	q7 -> q19 [label = "c"];
	q2 -> q6 [label = "a, c"];
	q18 -> q2 [label = "a"];
	q8 -> q15 [label = "b"];
	q12 -> q3 [label = "a"];
	q8 -> q5 [label = "c"];
	q23 -> q8 [label = "c"];
	q10 -> q17 [label = "a, c"];
	q18 -> q23 [label = "c"];
	q13 -> q15 [label = "b"];
	q14 -> q18 [label = "b"];
	q0 -> q14 [label = "a"];
	q7 -> q23 [label = "b"];
	q20 -> q22 [label = "a, c"];
	q14 -> q13 [label = "a, c"];
	q14 -> q3 [label = "b"];
	q1 -> q23 [label = "b"];
	q4 -> q19 [label = "b"];
	q8 -> q24 [label = "c"];
	q18 -> q19 [label = "b"];
	q2 -> q5 [label = "c"];
	q8 -> q22 [label = "a, c"];
	q7 -> q0 [label = "c"];
	q8 -> q20 [label = "c"];
	q2 -> q1 [label = "a, c"];
	q8 -> q23 [label = "b"];
	q8 -> q11 [label = "c"];
	q24 -> q7 [label = "c"];
	q5 -> q3 [label = "b"];
	q14 -> q4 [label = "b"];
	q10 -> q22 [label = "a, c"];
	q19 -> q7 [label = "c"];
	q15 -> q20 [label = "c"];
	q24 -> q9 [label = "b"];
	q6 -> q17 [label = "c"];
	q11 -> q19 [label = "c"];
	q21 -> q15 [label = "b"];
	q22 -> q3 [label = "b"];
	q23 -> q22 [label = "a, b"];
	q8 -> q2 [label = "c"];
	q10 -> q15 [label = "b"];
	q23 -> q17 [label = "a, c"];
	q9 -> q13 [label = "b"];
	q21 -> q9 [label = "b"];
	q14 -> q22 [label = "a, c"];
	q8 -> q4 [label = "b"];
	q24 -> q11 [label = "a"];
	q12 -> q13 [label = "b"];
	q19 -> q21 [label = "a"];
	q10 -> q2 [label = "a, c"];
	q24 -> q14 [label = "a"];
	q24 -> q10 [label = "c"];
	q4 -> q8 [label = "c"];
	q8 -> q0 [label = "c"];
	q24 -> q20 [label = "a, c"];
	q24 -> q3 [label = "a, b"];
	q7 -> q24 [label = "c"];
	q19 -> q3 [label = "b"];
	q12 -> q20 [label = "c"];
	q3 -> q3 [label = "a"];
	q10 -> q23 [label = "b"];
	q22 -> q8 [label = "c"];
	q21 -> q13 [label = "a, b, c"];
	q24 -> q21 [label = "a"];
	q7 -> q12 [label = "b"];
	q9 -> q3 [label = "a"];
	q24 -> q8 [label = "c"];
	q2 -> q23 [label = "b"];
	q21 -> q18 [label = "b"];
	q11 -> q15 [label = "b"];
	q19 -> q17 [label = "c"];
	q6 -> q3 [label = "b"];
	q4 -> q20 [label = "a, c"];
	q4 -> q3 [label = "a"];
	q22 -> q14 [label = "a"];
	q10 -> q20 [label = "a, c"];
	q21 -> q4 [label = "b"];
	q8 -> q19 [label = "c"];
	q23 -> q13 [label = "a, b"];
	q23 -> q20 [label = "a, c"];
	q8 -> q18 [label = "b"];
	q24 -> q1 [label = "a"];
	q22 -> q20 [label = "a, c"];
	q21 -> q3 [label = "b"];
	q1 -> q11 [label = "c"];
	q18 -> q20 [label = "a, c"];
	q10 -> q13 [label = "a, c"];
	q2 -> q13 [label = "a, c"];
	q8 -> q1 [label = "c"];
	q21 -> q0 [label = "b, c"];
	q19 -> q20 [label = "a, c"];
	q11 -> q3 [label = "b"];
	q2 -> q10 [label = "c"];
	q2 -> q17 [label = "a, c"];
	q9 -> q0 [label = "b"];
	q1 -> q10 [label = "c"];
	q11 -> q4 [label = "b"];
	q0 -> q21 [label = "a"];
	q4 -> q17 [label = "c"];
	q4 -> q22 [label = "b"];
	q10 -> q3 [label = "b"];
	q10 -> q8 [label = "c"];
	q9 -> q22 [label = "b"];
	q0 -> q3 [label = "b"];
	q11 -> q24 [label = "c"];
	q8 -> q6 [label = "a, c"];
	q11 -> q22 [label = "a, c"];
	q21 -> q10 [label = "c"];
	q24 -> q12 [label = "b"];
	q23 -> q6 [label = "a"];
	q3 -> q0 [label = "b"];
	q11 -> q16 [label = "a"];
	q2 -> q22 [label = "a, c"];
	q17 -> q14 [label = "c"];
	q11 -> q8 [label = "c"];
	q17 -> q4 [label = "b"];
	q11 -> q23 [label = "b"];
	q12 -> q8 [label = "c"];
	q7 -> q6 [label = "a, c"];
	q11 -> q13 [label = "a, c"];
	q2 -> q11 [label = "a, c"];
	q13 -> q20 [label = "a, c"];
	q9 -> q8 [label = "c"];
	q0 -> q9 [label = "b"];
	q12 -> q16 [label = "b"];
	q1 -> q14 [label = "c"];
	q8 -> q8 [label = "c"];
	q8 -> q13 [label = "a, c"];
	q8 -> q14 [label = "c"];
	q17 -> q10 [label = "c"];
	q2 -> q4 [label = "b"];
	q14 -> q15 [label = "b"];
	q8 -> q17 [label = "c"];
	q6 -> q4 [label = "b"];
	q12 -> q19 [label = "b"];
	q6 -> q9 [label = "b"];
	q11 -> q1 [label = "c"];
	q0 -> q8 [label = "c"];
	q4 -> q14 [label = "a"];
	q4 -> q21 [label = "a"];
	q5 -> q8 [label = "c"];
	q5 -> q10 [label = "c"];
	q15 -> q19 [label = "b"];
	q10 -> q0 [label = "c"];
	q11 -> q0 [label = "c"];
	q8 -> q9 [label = "b"];
	q5 -> q20 [label = "a, c"];
	q0 -> q20 [label = "a, c"];
	q1 -> q3 [label = "a, b"];
	q2 -> q24 [label = "c"];
	q1 -> q6 [label = "a, c"];
	q1 -> q13 [label = "a, c"];
	q1 -> q16 [label = "a"];
	q1 -> q22 [label = "a, c"];
	q19 -> q15 [label = "b"];
	q7 -> q1 [label = "c"];
	q8 -> q10 [label = "c"];
	q7 -> q2 [label = "c"];
	q13 -> q17 [label = "c"];
	q11 -> q10 [label = "c"];
	q11 -> q18 [label = "b"];
	q5 -> q17 [label = "c"];
	q7 -> q5 [label = "a, c"];
	q7 -> q8 [label = "c"];
	q7 -> q10 [label = "c"];
	q7 -> q11 [label = "c"];
	q15 -> q13 [label = "b"];
	q14 -> q19 [label = "c"];
	q7 -> q14 [label = "c"];
	q7 -> q17 [label = "c"];
	q7 -> q20 [label = "c"];
	q13 -> q3 [label = "b"];
	q1 -> q4 [label = "b"];
	q6 -> q14 [label = "a"];
	q2 -> q15 [label = "b"];
	q20 -> q0 [label = "c"];
	q1 -> q9 [label = "b"];
	q23 -> q23 [label = "c"];
	q7 -> q18 [label = "b"];
	q1 -> q15 [label = "b"];
	q1 -> q18 [label = "b"];
	q7 -> q3 [label = "b"];
	q17 -> q19 [label = "c"];
	q21 -> q16 [label = "a"];
	q2 -> q3 [label = "b"];
	q10 -> q4 [label = "b"];
	q7 -> q4 [label = "b"];
	q7 -> q9 [label = "b"];
	q5 -> q15 [label = "b"];
	q7 -> q15 [label = "b"];
	q14 -> q24 [label = "c"];
	q5 -> q1 [label = "a"];
	q5 -> q14 [label = "a"];
	q1 -> q0 [label = "c"];
	q1 -> q1 [label = "c"];
	q1 -> q17 [label = "c"];
	q6 -> q11 [label = "a"];
	q4 -> q0 [label = "b"];
	q4 -> q13 [label = "b"];
	q21 -> q23 [label = "b"];
	q2 -> q19 [label = "c"];
	q5 -> q4 [label = "b"];
	q3 -> q20 [label = "c"];
	q9 -> q20 [label = "c"];
	q8 -> q12 [label = "b"];
	q11 -> q2 [label = "c"];
	q15 -> q0 [label = "b"];
	q21 -> q14 [label = "c"];
	q0 -> q11 [label = "a"];
	q15 -> q22 [label = "b"];
	q1 -> q19 [label = "c"];
	q1 -> q2 [label = "c"];
	q10 -> q1 [label = "c"];
	q6 -> q1 [label = "a"];
	q1 -> q24 [label = "c"];
	q10 -> q5 [label = "c"];
	q19 -> q12 [label = "b"];
	q2 -> q18 [label = "b"];
	q10 -> q10 [label = "c"];
	q10 -> q14 [label = "c"];
	q10 -> q19 [label = "c"];
	q10 -> q24 [label = "c"];
	q14 -> q16 [label = "a"];
	q5 -> q9 [label = "b"];
	q13 -> q14 [label = "a"];
	q11 -> q5 [label = "c"];
	q19 -> q8 [label = "c"];
	q19 -> q10 [label = "c"];
	q11 -> q6 [label = "c"];
	q11 -> q14 [label = "c"];
	q11 -> q17 [label = "c"];
	q10 -> q11 [label = "c"];
	q11 -> q20 [label = "c"];
	q14 -> q23 [label = "b"];
	q5 -> q11 [label = "a"];
	q15 -> q3 [label = "a"];
	q21 -> q17 [label = "c"];
	q2 -> q8 [label = "c"];
	q20 -> q13 [label = "a, c"];
	q16 -> q11 [label = "a"];
	q16 -> q20 [label = "a, c"];
}
NFA size: 25 states

