Random target AFA:
digraph finite_state_machine {
	rankdir=LR;
	node [shape = circle];
	s0 [shape = point, style = invis, start="true" ];
	s1 [shape = point, style = invis, start="true" ];
	q0 [label = "q0", shape = doublecircle, final="true" ];
	q1 [label = "q1"];
	q2 [label = "q2", shape = doublecircle, final="true" ];
	q3 [label = "q3", shape = doublecircle, final="true" ];
	q4 [label = "q4", shape = doublecircle, final="true" ];
	q5 [label = "q5"];
	m0 [label = "", shape = square, style = filled, color=grey, fixedsize=true, width=.2];
	m1 [label = "", shape = square, style = filled, color=grey, fixedsize=true, width=.2];
	m2 [label = "", shape = square, style = filled, color=grey, fixedsize=true, width=.2];
	m3 [label = "", shape = square, style = filled, color=grey, fixedsize=true, width=.2];
	m4 [label = "", shape = square, style = filled, color=grey, fixedsize=true, width=.2];
	m5 [label = "", shape = square, style = filled, color=grey, fixedsize=true, width=.2];
	m6 [label = "", shape = square, style = filled, color=grey, fixedsize=true, width=.2];
	m7 [label = "", shape = square, style = filled, color=grey, fixedsize=true, width=.2];
	m8 [label = "", shape = square, style = filled, color=grey, fixedsize=true, width=.2];
	m9 [label = "", shape = square, style = filled, color=grey, fixedsize=true, width=.2];
	m10 [label = "", shape = square, style = filled, color=grey, fixedsize=true, width=.2];
	m11 [label = "", shape = square, style = filled, color=grey, fixedsize=true, width=.2];
	s0 -> q2
	s1 -> q1
	q5 -> m7 [label = "b"];
	q5 -> q3 [label = "b"];
	q2 -> q3 [label = "c"];
	q4 -> m8 [label = "a"];
	q0 -> q1 [label = "b"];
	q2 -> m4 [label = "a"];
	q4 -> m7 [label = "a, b"];
	q0 -> m6 [label = "c"];
	q2 -> q1 [label = "b"];
	q0 -> m3 [label = "b"];
	q3 -> m10 [label = "b"];
	q4 -> q5 [label = "b"];
	q0 -> q5 [label = "c"];
	q2 -> m5 [label = "a"];
	q1 -> q1 [label = "a"];
	q1 -> q0 [label = "b"];
	q5 -> m4 [label = "a"];
	q2 -> m2 [label = "b, c"];
	q1 -> m0 [label = "c"];
	q0 -> m1 [label = "a"];
	q4 -> q4 [label = "c"];
	q0 -> q4 [label = "a"];
	q3 -> m1 [label = "a"];
	q4 -> m0 [label = "c"];
	q5 -> m1 [label = "c"];
	q5 -> m8 [label = "c"];
	q1 -> q4 [label = "c"];
	q5 -> m11 [label = "a"];
	q1 -> m9 [label = "a"];
	q3 -> q5 [label = "c"];
	q3 -> q2 [label = "b, c"];
	q1 -> m10 [label = "b"];
	q3 -> q3 [label = "a"];
	m0 -> q3;
	m0 -> q5;
	m1 -> q3;
	m1 -> q4;
	m2 -> q1;
	m2 -> q5;
	m3 -> q2;
	m3 -> q5;
	m4 -> q0;
	m4 -> q1;
	m5 -> q2;
	m5 -> q3;
	m6 -> q1;
	m6 -> q2;
	m7 -> q4;
	m7 -> q5;
	m8 -> q2;
	m8 -> q4;
	m9 -> q0;
	m9 -> q4;
	m10 -> q1;
	m10 -> q4;
	m11 -> q0;
	m11 -> q3;
}

L* output after 13 EQ and 62340 MQ:
digraph finite_state_machine {
	rankdir=LR;
	node [shape = circle];
	s0 [shape = point, style = invis, start="true" ];
	q0 [label = "q0", shape = doublecircle, final="true" ];
	q1 [label = "q1", shape = doublecircle, final="true" ];
	q2 [label = "q2", shape = doublecircle, final="true" ];
	q3 [label = "q3", shape = doublecircle, final="true" ];
	q4 [label = "q4", shape = doublecircle, final="true" ];
	q5 [label = "q5", shape = doublecircle, final="true" ];
	q6 [label = "q6", shape = doublecircle, final="true" ];
	q7 [label = "q7", shape = doublecircle, final="true" ];
	q8 [label = "q8", shape = doublecircle, final="true" ];
	q9 [label = "q9", shape = doublecircle, final="true" ];
	q10 [label = "q10", shape = doublecircle, final="true" ];
	q11 [label = "q11", shape = doublecircle, final="true" ];
	q12 [label = "q12", shape = doublecircle, final="true" ];
	q13 [label = "q13", shape = doublecircle, final="true" ];
	q14 [label = "q14", shape = doublecircle, final="true" ];
	q15 [label = "q15", shape = doublecircle, final="true" ];
	q16 [label = "q16", shape = doublecircle, final="true" ];
	q17 [label = "q17", shape = doublecircle, final="true" ];
	q18 [label = "q18", shape = doublecircle, final="true" ];
	q19 [label = "q19", shape = doublecircle, final="true" ];
	q20 [label = "q20", shape = doublecircle, final="true" ];
	q21 [label = "q21", shape = doublecircle, final="true" ];
	q22 [label = "q22", shape = doublecircle, final="true" ];
	q23 [label = "q23"];
	q24 [label = "q24", shape = doublecircle, final="true" ];
	q25 [label = "q25", shape = doublecircle, final="true" ];
	q26 [label = "q26", shape = doublecircle, final="true" ];
	q27 [label = "q27", shape = doublecircle, final="true" ];
	q28 [label = "q28", shape = doublecircle, final="true" ];
	q29 [label = "q29", shape = doublecircle, final="true" ];
	q30 [label = "q30"];
	q31 [label = "q31", shape = doublecircle, final="true" ];
	q32 [label = "q32", shape = doublecircle, final="true" ];
	q33 [label = "q33", shape = doublecircle, final="true" ];
	q34 [label = "q34", shape = doublecircle, final="true" ];
	q35 [label = "q35", shape = doublecircle, final="true" ];
	q36 [label = "q36", shape = doublecircle, final="true" ];
	q37 [label = "q37", shape = doublecircle, final="true" ];
	q38 [label = "q38", shape = doublecircle, final="true" ];
	q39 [label = "q39", shape = doublecircle, final="true" ];
	q40 [label = "q40", shape = doublecircle, final="true" ];
	q41 [label = "q41", shape = doublecircle, final="true" ];
	q42 [label = "q42", shape = doublecircle, final="true" ];
	q43 [label = "q43", shape = doublecircle, final="true" ];
	q44 [label = "q44", shape = doublecircle, final="true" ];
	q45 [label = "q45", shape = doublecircle, final="true" ];
	q46 [label = "q46", shape = doublecircle, final="true" ];
	q47 [label = "q47", shape = doublecircle, final="true" ];
	q48 [label = "q48", shape = doublecircle, final="true" ];
	q49 [label = "q49", shape = doublecircle, final="true" ];
	q50 [label = "q50", shape = doublecircle, final="true" ];
	q51 [label = "q51", shape = doublecircle, final="true" ];
	q52 [label = "q52", shape = doublecircle, final="true" ];
	q53 [label = "q53", shape = doublecircle, final="true" ];
	q54 [label = "q54", shape = doublecircle, final="true" ];
	q55 [label = "q55", shape = doublecircle, final="true" ];
	q56 [label = "q56", shape = doublecircle, final="true" ];
	q57 [label = "q57", shape = doublecircle, final="true" ];
	q58 [label = "q58"];
	q59 [label = "q59"];
	q60 [label = "q60", shape = doublecircle, final="true" ];
	q61 [label = "q61", shape = doublecircle, final="true" ];
	q62 [label = "q62", shape = doublecircle, final="true" ];
	q63 [label = "q63", shape = doublecircle, final="true" ];
	q64 [label = "q64", shape = doublecircle, final="true" ];
	q65 [label = "q65", shape = doublecircle, final="true" ];
	q66 [label = "q66"];
	q67 [label = "q67", shape = doublecircle, final="true" ];
	q68 [label = "q68", shape = doublecircle, final="true" ];
	q69 [label = "q69"];
	q70 [label = "q70"];
	q71 [label = "q71", shape = doublecircle, final="true" ];
	q72 [label = "q72", shape = doublecircle, final="true" ];
	q73 [label = "q73", shape = doublecircle, final="true" ];
	q74 [label = "q74", shape = doublecircle, final="true" ];
	q75 [label = "q75"];
	q76 [label = "q76", shape = doublecircle, final="true" ];
	q77 [label = "q77", shape = doublecircle, final="true" ];
	q78 [label = "q78", shape = doublecircle, final="true" ];
	q79 [label = "q79", shape = doublecircle, final="true" ];
	q80 [label = "q80", shape = doublecircle, final="true" ];
	q81 [label = "q81", shape = doublecircle, final="true" ];
	q82 [label = "q82", shape = doublecircle, final="true" ];
	q83 [label = "q83"];
	q84 [label = "q84", shape = doublecircle, final="true" ];
	q85 [label = "q85", shape = doublecircle, final="true" ];
	q86 [label = "q86", shape = doublecircle, final="true" ];
	q87 [label = "q87", shape = doublecircle, final="true" ];
	q88 [label = "q88", shape = doublecircle, final="true" ];
	q89 [label = "q89", shape = doublecircle, final="true" ];
	q90 [label = "q90", shape = doublecircle, final="true" ];
	q91 [label = "q91", shape = doublecircle, final="true" ];
	q92 [label = "q92", shape = doublecircle, final="true" ];
	q93 [label = "q93", shape = doublecircle, final="true" ];
	q94 [label = "q94", shape = doublecircle, final="true" ];
	q95 [label = "q95", shape = doublecircle, final="true" ];
	q96 [label = "q96", shape = doublecircle, final="true" ];
	q97 [label = "q97", shape = doublecircle, final="true" ];
	q98 [label = "q98", shape = doublecircle, final="true" ];
	q99 [label = "q99", shape = doublecircle, final="true" ];
	q100 [label = "q100", shape = doublecircle, final="true" ];
	q101 [label = "q101", shape = doublecircle, final="true" ];
	q102 [label = "q102", shape = doublecircle, final="true" ];
	q103 [label = "q103"];
	q104 [label = "q104", shape = doublecircle, final="true" ];
	q105 [label = "q105", shape = doublecircle, final="true" ];
	q106 [label = "q106", shape = doublecircle, final="true" ];
	q107 [label = "q107", shape = doublecircle, final="true" ];
	q108 [label = "q108", shape = doublecircle, final="true" ];
	q109 [label = "q109", shape = doublecircle, final="true" ];
	q110 [label = "q110", shape = doublecircle, final="true" ];
	q111 [label = "q111", shape = doublecircle, final="true" ];
	q112 [label = "q112", shape = doublecircle, final="true" ];
	q113 [label = "q113", shape = doublecircle, final="true" ];
	q114 [label = "q114", shape = doublecircle, final="true" ];
	q115 [label = "q115", shape = doublecircle, final="true" ];
	q116 [label = "q116", shape = doublecircle, final="true" ];
	q117 [label = "q117", shape = doublecircle, final="true" ];
	q118 [label = "q118"];
	q119 [label = "q119"];
	q120 [label = "q120", shape = doublecircle, final="true" ];
	q121 [label = "q121", shape = doublecircle, final="true" ];
	q122 [label = "q122", shape = doublecircle, final="true" ];
	q123 [label = "q123", shape = doublecircle, final="true" ];
	q124 [label = "q124", shape = doublecircle, final="true" ];
	q125 [label = "q125", shape = doublecircle, final="true" ];
	q126 [label = "q126", shape = doublecircle, final="true" ];
	q127 [label = "q127", shape = doublecircle, final="true" ];
	q128 [label = "q128", shape = doublecircle, final="true" ];
	q129 [label = "q129", shape = doublecircle, final="true" ];
	q130 [label = "q130"];
	q131 [label = "q131", shape = doublecircle, final="true" ];
	q132 [label = "q132", shape = doublecircle, final="true" ];
	q133 [label = "q133", shape = doublecircle, final="true" ];
	q134 [label = "q134", shape = doublecircle, final="true" ];
	q135 [label = "q135", shape = doublecircle, final="true" ];
	q136 [label = "q136", shape = doublecircle, final="true" ];
	q137 [label = "q137", shape = doublecircle, final="true" ];
	q138 [label = "q138", shape = doublecircle, final="true" ];
	q139 [label = "q139", shape = doublecircle, final="true" ];
	q140 [label = "q140", shape = doublecircle, final="true" ];
	q141 [label = "q141", shape = doublecircle, final="true" ];
	q142 [label = "q142", shape = doublecircle, final="true" ];
	q143 [label = "q143", shape = doublecircle, final="true" ];
	q144 [label = "q144", shape = doublecircle, final="true" ];
	q145 [label = "q145", shape = doublecircle, final="true" ];
	q146 [label = "q146", shape = doublecircle, final="true" ];
	q147 [label = "q147", shape = doublecircle, final="true" ];
	q148 [label = "q148", shape = doublecircle, final="true" ];
	q149 [label = "q149", shape = doublecircle, final="true" ];
	q150 [label = "q150", shape = doublecircle, final="true" ];
	q151 [label = "q151"];
	q152 [label = "q152", shape = doublecircle, final="true" ];
	q153 [label = "q153", shape = doublecircle, final="true" ];
	q154 [label = "q154", shape = doublecircle, final="true" ];
	q155 [label = "q155", shape = doublecircle, final="true" ];
	q156 [label = "q156", shape = doublecircle, final="true" ];
	q157 [label = "q157", shape = doublecircle, final="true" ];
	q158 [label = "q158", shape = doublecircle, final="true" ];
	q159 [label = "q159", shape = doublecircle, final="true" ];
	q160 [label = "q160", shape = doublecircle, final="true" ];
	q161 [label = "q161", shape = doublecircle, final="true" ];
	q162 [label = "q162", shape = doublecircle, final="true" ];
	q163 [label = "q163", shape = doublecircle, final="true" ];
	q164 [label = "q164", shape = doublecircle, final="true" ];
	q165 [label = "q165", shape = doublecircle, final="true" ];
	q166 [label = "q166", shape = doublecircle, final="true" ];
	q167 [label = "q167", shape = doublecircle, final="true" ];
	q168 [label = "q168", shape = doublecircle, final="true" ];
	q169 [label = "q169", shape = doublecircle, final="true" ];
	q170 [label = "q170", shape = doublecircle, final="true" ];
	q171 [label = "q171", shape = doublecircle, final="true" ];
	q172 [label = "q172", shape = doublecircle, final="true" ];
	q173 [label = "q173", shape = doublecircle, final="true" ];
	q174 [label = "q174", shape = doublecircle, final="true" ];
	q175 [label = "q175"];
	q176 [label = "q176", shape = doublecircle, final="true" ];
	q177 [label = "q177"];
	q178 [label = "q178", shape = doublecircle, final="true" ];
	q179 [label = "q179", shape = doublecircle, final="true" ];
	q180 [label = "q180"];
	q181 [label = "q181"];
	q182 [label = "q182"];
	q183 [label = "q183", shape = doublecircle, final="true" ];
	q184 [label = "q184", shape = doublecircle, final="true" ];
	q185 [label = "q185", shape = doublecircle, final="true" ];
	q186 [label = "q186", shape = doublecircle, final="true" ];
	q187 [label = "q187", shape = doublecircle, final="true" ];
	q188 [label = "q188", shape = doublecircle, final="true" ];
	q189 [label = "q189", shape = doublecircle, final="true" ];
	q190 [label = "q190", shape = doublecircle, final="true" ];
	q191 [label = "q191", shape = doublecircle, final="true" ];
	q192 [label = "q192", shape = doublecircle, final="true" ];
	q193 [label = "q193", shape = doublecircle, final="true" ];
	q194 [label = "q194", shape = doublecircle, final="true" ];
	q195 [label = "q195", shape = doublecircle, final="true" ];
	q196 [label = "q196", shape = doublecircle, final="true" ];
	q197 [label = "q197"];
	q198 [label = "q198", shape = doublecircle, final="true" ];
	q199 [label = "q199", shape = doublecircle, final="true" ];
	q200 [label = "q200", shape = doublecircle, final="true" ];
	q201 [label = "q201", shape = doublecircle, final="true" ];
	q202 [label = "q202", shape = doublecircle, final="true" ];
	q203 [label = "q203", shape = doublecircle, final="true" ];
	q204 [label = "q204", shape = doublecircle, final="true" ];
	q205 [label = "q205", shape = doublecircle, final="true" ];
	q206 [label = "q206", shape = doublecircle, final="true" ];
	q207 [label = "q207", shape = doublecircle, final="true" ];
	q208 [label = "q208", shape = doublecircle, final="true" ];
	q209 [label = "q209", shape = doublecircle, final="true" ];
	q210 [label = "q210", shape = doublecircle, final="true" ];
	q211 [label = "q211", shape = doublecircle, final="true" ];
	q212 [label = "q212"];
	q213 [label = "q213", shape = doublecircle, final="true" ];
	q214 [label = "q214", shape = doublecircle, final="true" ];
	q215 [label = "q215", shape = doublecircle, final="true" ];
	q216 [label = "q216", shape = doublecircle, final="true" ];
	q217 [label = "q217", shape = doublecircle, final="true" ];
	q218 [label = "q218"];
	q219 [label = "q219", shape = doublecircle, final="true" ];
	q220 [label = "q220", shape = doublecircle, final="true" ];
	q221 [label = "q221", shape = doublecircle, final="true" ];
	q222 [label = "q222", shape = doublecircle, final="true" ];
	q223 [label = "q223", shape = doublecircle, final="true" ];
	q224 [label = "q224", shape = doublecircle, final="true" ];
	q225 [label = "q225", shape = doublecircle, final="true" ];
	q226 [label = "q226", shape = doublecircle, final="true" ];
	q227 [label = "q227", shape = doublecircle, final="true" ];
	q228 [label = "q228", shape = doublecircle, final="true" ];
	q229 [label = "q229", shape = doublecircle, final="true" ];
	q230 [label = "q230", shape = doublecircle, final="true" ];
	q231 [label = "q231", shape = doublecircle, final="true" ];
	q232 [label = "q232", shape = doublecircle, final="true" ];
	q233 [label = "q233", shape = doublecircle, final="true" ];
	q234 [label = "q234", shape = doublecircle, final="true" ];
	q235 [label = "q235", shape = doublecircle, final="true" ];
	q236 [label = "q236", shape = doublecircle, final="true" ];
	q237 [label = "q237", shape = doublecircle, final="true" ];
	q238 [label = "q238", shape = doublecircle, final="true" ];
	q239 [label = "q239", shape = doublecircle, final="true" ];
	q240 [label = "q240", shape = doublecircle, final="true" ];
	s0 -> q156
	q181 -> q175 [label = "b"];
	q183 -> q185 [label = "a"];
	q178 -> q149 [label = "c"];
	q180 -> q209 [label = "b"];
	q183 -> q211 [label = "b"];
	q179 -> q81 [label = "a"];
	q177 -> q183 [label = "b"];
	q183 -> q224 [label = "c"];
	q181 -> q144 [label = "c"];
	q179 -> q237 [label = "c"];
	q182 -> q184 [label = "b"];
	q178 -> q236 [label = "a"];
	q176 -> q119 [label = "b"];
	q180 -> q144 [label = "c"];
	q173 -> q163 [label = "b"];
	q171 -> q228 [label = "c"];
	q174 -> q233 [label = "a"];
	q170 -> q161 [label = "c"];
	q173 -> q162 [label = "a"];
	q169 -> q133 [label = "c"];
	q175 -> q144 [label = "c"];
	q171 -> q190 [label = "a"];
	q173 -> q153 [label = "c"];
	q171 -> q51 [label = "b"];
	q169 -> q164 [label = "a"];
	q174 -> q180 [label = "b"];
	q174 -> q149 [label = "c"];
	q168 -> q154 [label = "b"];
	q172 -> q144 [label = "c"];
	q165 -> q163 [label = "b"];
	q166 -> q134 [label = "a"];
	q164 -> q135 [label = "b"];
	q162 -> q228 [label = "c"];
	q167 -> q195 [label = "b"];
	q161 -> q158 [label = "c"];
	q167 -> q153 [label = "c"];
	q163 -> q168 [label = "a"];
	q161 -> q166 [label = "b"];
	q161 -> q157 [label = "a"];
	q166 -> q169 [label = "b"];
	q164 -> q193 [label = "a"];
	q162 -> q167 [label = "a"];
	q160 -> q165 [label = "b"];
	q162 -> q136 [label = "b"];
	q159 -> q162 [label = "a"];
	q155 -> q153 [label = "c"];
	q154 -> q146 [label = "c"];
	q168 -> q188 [label = "a"];
	q157 -> q142 [label = "a"];
	q159 -> q149 [label = "c"];
	q155 -> q188 [label = "a"];
	q153 -> q171 [label = "b"];
	q157 -> q137 [label = "c"];
	q153 -> q145 [label = "a"];
	q156 -> q155 [label = "a"];
	q175 -> q208 [label = "b"];
	q152 -> q224 [label = "c"];
	q158 -> q149 [label = "c"];
	q152 -> q151 [label = "b"];
	q152 -> q172 [label = "a"];
	q151 -> q143 [label = "a"];
	q147 -> q161 [label = "c"];
	q151 -> q148 [label = "b"];
	q149 -> q157 [label = "a"];
	q151 -> q144 [label = "c"];
	q145 -> q103 [label = "b"];
	q147 -> q160 [label = "b"];
	q145 -> q191 [label = "a"];
	q148 -> q142 [label = "a"];
	q144 -> q144 [label = "c"];
	q146 -> q227 [label = "a"];
	q148 -> q158 [label = "c"];
	q146 -> q141 [label = "b"];
	q141 -> q128 [label = "b"];
	q139 -> q229 [label = "c"];
	q142 -> q129 [label = "a"];
	q140 -> q101 [label = "b"];
	q138 -> q149 [label = "c"];
	q143 -> q197 [label = "b"];
	q137 -> q124 [label = "c"];
	q137 -> q160 [label = "b"];
	q141 -> q158 [label = "c"];
	q139 -> q83 [label = "b"];
	q142 -> q198 [label = "b"];
	q140 -> q127 [label = "a"];
	q142 -> q158 [label = "c"];
	q138 -> q230 [label = "a"];
	q136 -> q189 [label = "b"];
	q140 -> q126 [label = "c"];
	q138 -> q199 [label = "b"];
	q146 -> q144 [label = "c"];
	q133 -> q100 [label = "b"];
	q131 -> q122 [label = "c"];
	q134 -> q201 [label = "a"];
	q135 -> q189 [label = "b"];
	q133 -> q157 [label = "a"];
	q129 -> q137 [label = "c"];
	q131 -> q82 [label = "a"];
	q144 -> q14 [label = "b"];
	q129 -> q203 [label = "b"];
	q150 -> q146 [label = "c"];
	q134 -> q202 [label = "b"];
	q181 -> q179 [label = "a"];
	q132 -> q123 [label = "a"];
	q134 -> q158 [label = "c"];
	q143 -> q146 [label = "c"];
	q130 -> q121 [label = "b"];
	q125 -> q118 [label = "b"];
	q123 -> q40 [label = "c"];
	q126 -> q127 [label = "a"];
	q122 -> q122 [label = "c"];
	q166 -> q133 [label = "c"];
	q125 -> q42 [label = "a"];
	q121 -> q228 [label = "c"];
	q123 -> q123 [label = "a"];
	q121 -> q173 [label = "b"];
	q125 -> q41 [label = "c"];
	q123 -> q116 [label = "b"];
	q59 -> q55 [label = "b"];
	q190 -> q140 [label = "c"];
	q182 -> q210 [label = "c"];
	q7 -> q38 [label = "c"];
	q44 -> q144 [label = "c"];
	q159 -> q163 [label = "b"];
	q63 -> q144 [label = "c"];
	q62 -> q234 [label = "a"];
	q59 -> q205 [label = "c"];
	q68 -> q237 [label = "c"];
	q229 -> q122 [label = "c"];
	q197 -> q200 [label = "a"];
	q70 -> q144 [label = "c"];
	q221 -> q48 [label = "b"];
	q64 -> q224 [label = "c"];
	q65 -> q60 [label = "a"];
	q198 -> q189 [label = "b"];
	q65 -> q48 [label = "b"];
	q67 -> q63 [label = "a"];
	q71 -> q199 [label = "b"];
	q70 -> q68 [label = "a"];
	q60 -> q116 [label = "b"];
	q194 -> q167 [label = "a"];
	q237 -> q7 [label = "a"];
	q72 -> q199 [label = "b"];
	q160 -> q164 [label = "a"];
	q74 -> q68 [label = "a"];
	q72 -> q224 [label = "c"];
	q75 -> q65 [label = "b"];
	q78 -> q189 [label = "b"];
	q76 -> q66 [label = "b"];
	q217 -> q228 [label = "c"];
	q97 -> q90 [label = "b"];
	q105 -> q83 [label = "b"];
	q82 -> q70 [label = "b"];
	q139 -> q125 [label = "a"];
	q135 -> q231 [label = "a"];
	q79 -> q81 [label = "a"];
	q80 -> q69 [label = "b"];
	q129 -> q120 [label = "a"];
	q59 -> q62 [label = "a"];
	q124 -> q98 [label = "b"];
	q211 -> q50 [label = "b"];
	q201 -> q129 [label = "a"];
	q154 -> q189 [label = "b"];
	q74 -> q180 [label = "b"];
	q211 -> q113 [label = "a"];
	q158 -> q102 [label = "b"];
	q87 -> q140 [label = "c"];
	q66 -> q61 [label = "b"];
	q137 -> q127 [label = "a"];
	q130 -> q144 [label = "c"];
	q85 -> q108 [label = "a"];
	q188 -> q188 [label = "a"];
	q82 -> q41 [label = "c"];
	q223 -> q237 [label = "c"];
	q84 -> q206 [label = "b"];
	q116 -> q180 [label = "b"];
	q61 -> q140 [label = "c"];
	q58 -> q210 [label = "c"];
	q186 -> q240 [label = "a"];
	q185 -> q80 [label = "a"];
	q103 -> q144 [label = "c"];
	q204 -> q192 [label = "b"];
	q187 -> q37 [label = "b"];
	q185 -> q212 [label = "b"];
	q185 -> q237 [label = "c"];
	q186 -> q212 [label = "b"];
	q75 -> q176 [label = "a"];
	q94 -> q224 [label = "c"];
	q176 -> q182 [label = "c"];
	q111 -> q72 [label = "b"];
	q189 -> q113 [label = "a"];
	q94 -> q79 [label = "a"];
	q188 -> q213 [label = "b"];
	q187 -> q153 [label = "c"];
	q28 -> q21 [label = "b"];
	q128 -> q134 [label = "a"];
	q113 -> q95 [label = "a"];
	q155 -> q154 [label = "b"];
	q127 -> q43 [label = "c"];
	q97 -> q126 [label = "c"];
	q30 -> q23 [label = "b"];
	q148 -> q159 [label = "b"];
	q198 -> q149 [label = "c"];
	q197 -> q144 [label = "c"];
	q83 -> q79 [label = "a"];
	q122 -> q115 [label = "a"];
	q195 -> q79 [label = "a"];
	q1 -> q0 [label = "b"];
	q26 -> q117 [label = "a"];
	q19 -> q233 [label = "a"];
	q193 -> q158 [label = "c"];
	q238 -> q144 [label = "c"];
	q69 -> q144 [label = "c"];
	q195 -> q199 [label = "b"];
	q56 -> q153 [label = "c"];
	q184 -> q228 [label = "c"];
	q77 -> q146 [label = "c"];
	q192 -> q228 [label = "c"];
	q5 -> q191 [label = "a"];
	q177 -> q122 [label = "c"];
	q114 -> q228 [label = "c"];
	q21 -> q228 [label = "c"];
	q73 -> q146 [label = "c"];
	q205 -> q122 [label = "c"];
	q54 -> q158 [label = "c"];
	q223 -> q207 [label = "a"];
	q102 -> q158 [label = "c"];
	q196 -> q96 [label = "b"];
	q118 -> q177 [label = "b"];
	q216 -> q146 [label = "c"];
	q186 -> q140 [label = "c"];
	q235 -> q74 [label = "b"];
	q206 -> q189 [label = "b"];
	q57 -> q43 [label = "c"];
	q4 -> q181 [label = "b"];
	q101 -> q134 [label = "a"];
	q192 -> q196 [label = "a"];
	q220 -> q172 [label = "a"];
	q187 -> q230 [label = "a"];
	q230 -> q197 [label = "b"];
	q51 -> q158 [label = "c"];
	q208 -> q110 [label = "a"];
	q78 -> q224 [label = "c"];
	q149 -> q158 [label = "c"];
	q96 -> q220 [label = "a"];
	q231 -> q153 [label = "c"];
	q98 -> q161 [label = "c"];
	q30 -> q205 [label = "c"];
	q93 -> q89 [label = "a"];
	q215 -> q224 [label = "c"];
	q25 -> q161 [label = "c"];
	q225 -> q144 [label = "c"];
	q73 -> q189 [label = "b"];
	q109 -> q224 [label = "c"];
	q231 -> q151 [label = "b"];
	q184 -> q186 [label = "a"];
	q227 -> q229 [label = "c"];
	q196 -> q188 [label = "a"];
	q177 -> q235 [label = "a"];
	q61 -> q57 [label = "a"];
	q57 -> q181 [label = "b"];
	q184 -> q187 [label = "b"];
	q226 -> q146 [label = "c"];
	q28 -> q228 [label = "c"];
	q229 -> q101 [label = "b"];
	q105 -> q112 [label = "a"];
	q128 -> q133 [label = "c"];
	q202 -> q149 [label = "c"];
	q195 -> q224 [label = "c"];
	q234 -> q144 [label = "c"];
	q200 -> q172 [label = "a"];
	q180 -> q238 [label = "a"];
	q36 -> q224 [label = "c"];
	q223 -> q136 [label = "b"];
	q71 -> q67 [label = "a"];
	q23 -> q122 [label = "c"];
	q144 -> q139 [label = "a"];
	q100 -> q164 [label = "a"];
	q206 -> q179 [label = "a"];
	q96 -> q160 [label = "b"];
	q207 -> q111 [label = "a"];
	q47 -> q173 [label = "b"];
	q86 -> q230 [label = "a"];
	q240 -> q212 [label = "b"];
	q99 -> q47 [label = "b"];
	q227 -> q81 [label = "a"];
	q219 -> q126 [label = "c"];
	q222 -> q223 [label = "a"];
	q65 -> q229 [label = "c"];
	q13 -> q210 [label = "c"];
	q78 -> q68 [label = "a"];
	q22 -> q16 [label = "b"];
	q218 -> q221 [label = "b"];
	q167 -> q132 [label = "a"];
	q61 -> q56 [label = "b"];
	q237 -> q122 [label = "c"];
	q193 -> q214 [label = "b"];
	q216 -> q49 [label = "b"];
	q240 -> q126 [label = "c"];
	q18 -> q146 [label = "c"];
	q239 -> q119 [label = "b"];
	q239 -> q81 [label = "a"];
	q196 -> q228 [label = "c"];
	q224 -> q144 [label = "c"];
	q214 -> q108 [label = "a"];
	q145 -> q140 [label = "c"];
	q208 -> q36 [label = "b"];
	q191 -> q153 [label = "c"];
	q238 -> q95 [label = "a"];
	q239 -> q13 [label = "c"];
	q16 -> q15 [label = "b"];
	q150 -> q226 [label = "b"];
	q103 -> q121 [label = "b"];
	q76 -> q210 [label = "c"];
	q0 -> q224 [label = "c"];
	q235 -> q235 [label = "a"];
	q5 -> q2 [label = "c"];
	q203 -> q190 [label = "a"];
	q107 -> q40 [label = "c"];
	q63 -> q59 [label = "b"];
	q226 -> q106 [label = "a"];
	q35 -> q210 [label = "c"];
	q236 -> q197 [label = "b"];
	q79 -> q229 [label = "c"];
	q205 -> q218 [label = "b"];
	q235 -> q41 [label = "c"];
	q179 -> q197 [label = "b"];
	q237 -> q99 [label = "b"];
	q236 -> q105 [label = "a"];
	q165 -> q161 [label = "c"];
	q227 -> q103 [label = "b"];
	q150 -> q225 [label = "a"];
	q30 -> q176 [label = "a"];
	q202 -> q189 [label = "b"];
	q232 -> q234 [label = "a"];
	q217 -> q163 [label = "b"];
	q175 -> q207 [label = "a"];
	q232 -> q197 [label = "b"];
	q169 -> q170 [label = "b"];
	q190 -> q191 [label = "a"];
	q232 -> q229 [label = "c"];
	q230 -> q105 [label = "a"];
	q83 -> q144 [label = "c"];
	q54 -> q52 [label = "b"];
	q93 -> q204 [label = "b"];
	q238 -> q73 [label = "b"];
	q81 -> q131 [label = "a"];
	q236 -> q153 [label = "c"];
	q210 -> q115 [label = "a"];
	q228 -> q145 [label = "a"];
	q91 -> q133 [label = "c"];
	q64 -> q151 [label = "b"];
	q234 -> q75 [label = "b"];
	q45 -> q44 [label = "a"];
	q213 -> q220 [label = "a"];
	q42 -> q30 [label = "b"];
	q214 -> q161 [label = "c"];
	q160 -> q158 [label = "c"];
	q143 -> q172 [label = "a"];
	q115 -> q38 [label = "c"];
	q219 -> q107 [label = "a"];
	q112 -> q83 [label = "b"];
	q209 -> q36 [label = "b"];
	q4 -> q13 [label = "c"];
	q114 -> q132 [label = "a"];
	q229 -> q7 [label = "a"];
	q219 -> q222 [label = "b"];
	q17 -> q15 [label = "b"];
	q182 -> q239 [label = "a"];
	q200 -> q224 [label = "c"];
	q10 -> q134 [label = "a"];
	q156 -> q149 [label = "c"];
	q20 -> q108 [label = "a"];
	q31 -> q126 [label = "c"];
	q221 -> q229 [label = "c"];
	q118 -> q205 [label = "c"];
	q202 -> q236 [label = "a"];
	q218 -> q176 [label = "a"];
	q9 -> q37 [label = "b"];
	q50 -> q36 [label = "b"];
	q220 -> q146 [label = "c"];
	q218 -> q205 [label = "c"];
	q81 -> q69 [label = "b"];
	q189 -> q50 [label = "b"];
	q205 -> q42 [label = "a"];
	q191 -> q212 [label = "b"];
	q225 -> q95 [label = "a"];
	q216 -> q110 [label = "a"];
	q27 -> q158 [label = "c"];
	q107 -> q191 [label = "a"];
	q165 -> q194 [label = "a"];
	q68 -> q197 [label = "b"];
	q128 -> q204 [label = "b"];
	q29 -> q4 [label = "a"];
	q233 -> q191 [label = "a"];
	q15 -> q224 [label = "c"];
	q132 -> q126 [label = "c"];
	q67 -> q146 [label = "c"];
	q85 -> q161 [label = "c"];
	q93 -> q133 [label = "c"];
	q212 -> q216 [label = "b"];
	q209 -> q109 [label = "a"];
	q209 -> q146 [label = "c"];
	q132 -> q195 [label = "b"];
	q23 -> q17 [label = "b"];
	q217 -> q194 [label = "a"];
	q215 -> q160 [label = "b"];
	q85 -> q160 [label = "b"];
	q27 -> q164 [label = "a"];
	q63 -> q76 [label = "a"];
	q136 -> q200 [label = "a"];
	q8 -> q142 [label = "a"];
	q23 -> q82 [label = "a"];
	q214 -> q199 [label = "b"];
	q208 -> q224 [label = "c"];
	q212 -> q144 [label = "c"];
	q99 -> q190 [label = "a"];
	q76 -> q6 [label = "a"];
	q224 -> q171 [label = "b"];
	q203 -> q149 [label = "c"];
	q90 -> q87 [label = "a"];
	q124 -> q137 [label = "c"];
	q66 -> q205 [label = "c"];
	q207 -> q78 [label = "b"];
	q75 -> q205 [label = "c"];
	q201 -> q203 [label = "b"];
	q89 -> q201 [label = "a"];
	q77 -> q67 [label = "a"];
	q136 -> q224 [label = "c"];
	q71 -> q146 [label = "c"];
	q82 -> q82 [label = "a"];
	q204 -> q168 [label = "a"];
	q83 -> q121 [label = "b"];
	q80 -> q82 [label = "a"];
	q233 -> q126 [label = "c"];
	q50 -> q46 [label = "a"];
	q80 -> q122 [label = "c"];
	q212 -> q179 [label = "a"];
	q200 -> q197 [label = "b"];
	q240 -> q104 [label = "a"];
	q11 -> q8 [label = "a"];
	q33 -> q168 [label = "a"];
	q204 -> q149 [label = "c"];
	q206 -> q224 [label = "c"];
	q191 -> q112 [label = "a"];
	q11 -> q158 [label = "c"];
	q64 -> q63 [label = "a"];
	q124 -> q117 [label = "a"];
	q194 -> q228 [label = "c"];
	q199 -> q168 [label = "a"];
	q44 -> q72 [label = "b"];
	q197 -> q216 [label = "b"];
	q74 -> q224 [label = "c"];
	q234 -> q76 [label = "a"];
	q213 -> q146 [label = "c"];
	q198 -> q233 [label = "a"];
	q95 -> q71 [label = "b"];
	q48 -> q211 [label = "b"];
	q60 -> q235 [label = "a"];
	q190 -> q197 [label = "b"];
	q62 -> q58 [label = "c"];
	q111 -> q122 [label = "c"];
	q58 -> q239 [label = "a"];
	q6 -> q30 [label = "b"];
	q32 -> q158 [label = "c"];
	q73 -> q64 [label = "a"];
	q56 -> q37 [label = "b"];
	q55 -> q34 [label = "b"];
	q201 -> q158 [label = "c"];
	q17 -> q224 [label = "c"];
	q225 -> q77 [label = "b"];
	q60 -> q35 [label = "c"];
	q228 -> q141 [label = "b"];
	q58 -> q54 [label = "b"];
	q79 -> q197 [label = "b"];
	q56 -> q190 [label = "a"];
	q33 -> q153 [label = "c"];
	q52 -> q149 [label = "c"];
	q84 -> q153 [label = "c"];
	q109 -> q111 [label = "a"];
	q54 -> q142 [label = "a"];
	q221 -> q235 [label = "a"];
	q52 -> q33 [label = "b"];
	q141 -> q134 [label = "a"];
	q57 -> q104 [label = "a"];
	q53 -> q123 [label = "a"];
	q49 -> q224 [label = "c"];
	q135 -> q161 [label = "c"];
	q55 -> q140 [label = "c"];
	q51 -> q134 [label = "a"];
	q69 -> q68 [label = "a"];
	q12 -> q126 [label = "c"];
	q215 -> q143 [label = "a"];
	q49 -> q36 [label = "b"];
	q53 -> q43 [label = "c"];
	q103 -> q143 [label = "a"];
	q154 -> q152 [label = "a"];
	q51 -> q159 [label = "b"];
	q147 -> q190 [label = "a"];
	q52 -> q230 [label = "a"];
	q110 -> q206 [label = "b"];
	q48 -> q224 [label = "c"];
	q48 -> q179 [label = "a"];
	q47 -> q162 [label = "a"];
	q6 -> q6 [label = "a"];
	q149 -> q147 [label = "b"];
	q45 -> q136 [label = "b"];
	q68 -> q234 [label = "a"];
	q18 -> q49 [label = "b"];
	q86 -> q160 [label = "b"];
	q43 -> q31 [label = "c"];
	q46 -> q44 [label = "a"];
	q42 -> q29 [label = "c"];
	q49 -> q45 [label = "a"];
	q20 -> q33 [label = "b"];
	q66 -> q62 [label = "a"];
	q22 -> q107 [label = "a"];
	q231 -> q105 [label = "a"];
	q21 -> q230 [label = "a"];
	q199 -> q217 [label = "b"];
	q19 -> q189 [label = "b"];
	q158 -> q145 [label = "a"];
	q16 -> q146 [label = "c"];
	q119 -> q200 [label = "a"];
	q18 -> q45 [label = "a"];
	q77 -> q160 [label = "b"];
	q0 -> q179 [label = "a"];
	q55 -> q53 [label = "a"];
	q34 -> q153 [label = "c"];
	q22 -> q126 [label = "c"];
	q16 -> q179 [label = "a"];
	q157 -> q138 [label = "b"];
	q20 -> q161 [label = "c"];
	q3 -> q1 [label = "b"];
	q170 -> q192 [label = "b"];
	q15 -> q45 [label = "a"];
	q39 -> q5 [label = "a"];
	q226 -> q226 [label = "b"];
	q14 -> q127 [label = "a"];
	q12 -> q9 [label = "b"];
	q10 -> q158 [label = "c"];
	q15 -> q49 [label = "b"];
	q13 -> q239 [label = "a"];
	q9 -> q228 [label = "c"];
	q3 -> q210 [label = "c"];
	q5 -> q119 [label = "b"];
	q2 -> q31 [label = "c"];
	q87 -> q136 [label = "b"];
	q1 -> q126 [label = "c"];
	q156 -> q150 [label = "b"];
	q117 -> q178 [label = "b"];
	q230 -> q228 [label = "c"];
	q7 -> q119 [label = "b"];
	q81 -> q144 [label = "c"];
	q0 -> q15 [label = "b"];
	q3 -> q4 [label = "a"];
	q1 -> q107 [label = "a"];
	q4 -> q125 [label = "a"];
	q89 -> q158 [label = "c"];
	q2 -> q5 [label = "a"];
	q220 -> q151 [label = "b"];
	q6 -> q3 [label = "c"];
	q164 -> q158 [label = "c"];
	q92 -> q162 [label = "a"];
	q10 -> q52 [label = "b"];
	q119 -> q175 [label = "b"];
	q95 -> q144 [label = "c"];
	q14 -> q126 [label = "c"];
	q26 -> q137 [label = "c"];
	q224 -> q227 [label = "a"];
	q8 -> q202 [label = "b"];
	q203 -> q199 [label = "b"];
	q106 -> q96 [label = "b"];
	q199 -> q228 [label = "c"];
	q62 -> q119 [label = "b"];
	q14 -> q11 [label = "b"];
	q13 -> q10 [label = "b"];
	q8 -> q137 [label = "c"];
	q11 -> q159 [label = "b"];
	q113 -> q154 [label = "b"];
	q9 -> q190 [label = "a"];
	q19 -> q161 [label = "c"];
	q21 -> q37 [label = "b"];
	q130 -> q232 [label = "a"];
	q84 -> q132 [label = "a"];
	q24 -> q233 [label = "a"];
	q7 -> q81 [label = "a"];
	q26 -> q19 [label = "b"];
	q41 -> q12 [label = "b"];
	q24 -> q18 [label = "b"];
	q86 -> q149 [label = "c"];
	q24 -> q228 [label = "c"];
	q210 -> q122 [label = "c"];
	q228 -> q153 [label = "c"];
	q28 -> q190 [label = "a"];
	q100 -> q133 [label = "c"];
	q163 -> q192 [label = "b"];
	q111 -> q235 [label = "a"];
	q25 -> q230 [label = "a"];
	q34 -> q33 [label = "b"];
	q94 -> q160 [label = "b"];
	q27 -> q20 [label = "b"];
	q2 -> q10 [label = "b"];
	q25 -> q33 [label = "b"];
	q153 -> q153 [label = "c"];
	q31 -> q24 [label = "b"];
	q117 -> q39 [label = "c"];
	q92 -> q163 [label = "b"];
	q29 -> q22 [label = "b"];
	q39 -> q27 [label = "b"];
	q127 -> q119 [label = "b"];
	q31 -> q127 [label = "a"];
	q32 -> q134 [label = "a"];
	q163 -> q153 [label = "c"];
	q32 -> q25 [label = "b"];
	q34 -> q190 [label = "a"];
	q38 -> q210 [label = "c"];
	q41 -> q210 [label = "c"];
	q72 -> q232 [label = "a"];
	q36 -> q113 [label = "a"];
	q38 -> q32 [label = "b"];
	q131 -> q130 [label = "b"];
	q107 -> q119 [label = "b"];
	q35 -> q28 [label = "b"];
	q90 -> q228 [label = "c"];
	q33 -> q217 [label = "b"];
	q194 -> q215 [label = "b"];
	q35 -> q239 [label = "a"];
	q39 -> q26 [label = "c"];
	q178 -> q180 [label = "b"];
	q50 -> q146 [label = "c"];
	q116 -> q179 [label = "a"];
	q36 -> q226 [label = "b"];
	q193 -> q193 [label = "a"];
	q38 -> q239 [label = "a"];
	q170 -> q196 [label = "a"];
	q213 -> q199 [label = "b"];
	q37 -> q173 [label = "b"];
	q192 -> q192 [label = "b"];
	q40 -> q5 [label = "a"];
	q69 -> q216 [label = "b"];
	q46 -> q224 [label = "c"];
	q101 -> q92 [label = "b"];
	q40 -> q28 [label = "b"];
	q117 -> q142 [label = "a"];
	q42 -> q6 [label = "a"];
	q46 -> q215 [label = "b"];
	q44 -> q111 [label = "a"];
	q104 -> q40 [label = "c"];
	q211 -> q224 [label = "c"];
	q222 -> q49 [label = "b"];
	q40 -> q31 [label = "c"];
	q172 -> q131 [label = "a"];
	q45 -> q224 [label = "c"];
	q43 -> q32 [label = "b"];
	q41 -> q4 [label = "a"];
	q47 -> q228 [label = "c"];
	q70 -> q175 [label = "b"];
	q29 -> q210 [label = "c"];
	q43 -> q5 [label = "a"];
	q172 -> q130 [label = "b"];
	q108 -> q105 [label = "a"];
	q88 -> q193 [label = "a"];
	q115 -> q181 [label = "b"];
	q210 -> q219 [label = "b"];
	q90 -> q173 [label = "b"];
	q92 -> q161 [label = "c"];
	q87 -> q84 [label = "a"];
	q88 -> q85 [label = "b"];
	q12 -> q127 [label = "a"];
	q88 -> q158 [label = "c"];
	q17 -> q185 [label = "a"];
	q91 -> q170 [label = "b"];
	q97 -> q127 [label = "a"];
	q89 -> q86 [label = "b"];
	q91 -> q88 [label = "a"];
	q176 -> q234 [label = "a"];
	q95 -> q95 [label = "a"];
	q98 -> q199 [label = "b"];
	q188 -> q153 [label = "c"];
	q98 -> q190 [label = "a"];
	q189 -> q146 [label = "c"];
	q96 -> q146 [label = "c"];
	q102 -> q93 [label = "b"];
	q101 -> q158 [label = "c"];
	q100 -> q91 [label = "b"];
	q168 -> q228 [label = "c"];
	q53 -> q116 [label = "b"];
	q102 -> q164 [label = "a"];
	q99 -> q228 [label = "c"];
	q104 -> q104 [label = "a"];
	q222 -> q146 [label = "c"];
	q108 -> q228 [label = "c"];
	q104 -> q181 [label = "b"];
	q106 -> q95 [label = "a"];
	q67 -> q151 [label = "b"];
	q110 -> q224 [label = "c"];
	q105 -> q153 [label = "c"];
	q106 -> q224 [label = "c"];
	q108 -> q151 [label = "b"];
	q110 -> q111 [label = "a"];
	q109 -> q94 [label = "b"];
	q233 -> q197 [label = "b"];
	q115 -> q125 [label = "a"];
	q127 -> q191 [label = "a"];
	q112 -> q104 [label = "a"];
	q120 -> q174 [label = "b"];
	q114 -> q206 [label = "b"];
	q116 -> q224 [label = "c"];
	q112 -> q126 [label = "c"];
	q118 -> q176 [label = "a"];
	q119 -> q144 [label = "c"];
	q113 -> q224 [label = "c"];
	q126 -> q99 [label = "b"];
	q37 -> q153 [label = "c"];
	q120 -> q120 [label = "a"];
	q37 -> q162 [label = "a"];
	q122 -> q97 [label = "b"];
	q126 -> q126 [label = "c"];
	q120 -> q39 [label = "c"];
	q133 -> q133 [label = "c"];
	q207 -> q144 [label = "c"];
	q121 -> q114 [label = "a"];
}
DFA size: 241 states

NL* output after 19 EQ and 39004 MQ:
digraph finite_state_machine {
	rankdir=LR;
	node [shape = circle];
	s0 [shape = point, style = invis, start="true" ];
	s1 [shape = point, style = invis, start="true" ];
	s2 [shape = point, style = invis, start="true" ];
	s3 [shape = point, style = invis, start="true" ];
	s4 [shape = point, style = invis, start="true" ];
	s5 [shape = point, style = invis, start="true" ];
	s6 [shape = point, style = invis, start="true" ];
	s7 [shape = point, style = invis, start="true" ];
	s8 [shape = point, style = invis, start="true" ];
	q0 [label = "q0", shape = doublecircle, final="true" ];
	q1 [label = "q1", shape = doublecircle, final="true" ];
	q2 [label = "q2", shape = doublecircle, final="true" ];
	q3 [label = "q3", shape = doublecircle, final="true" ];
	q4 [label = "q4", shape = doublecircle, final="true" ];
	q5 [label = "q5", shape = doublecircle, final="true" ];
	q6 [label = "q6", shape = doublecircle, final="true" ];
	q7 [label = "q7", shape = doublecircle, final="true" ];
	q8 [label = "q8", shape = doublecircle, final="true" ];
	q9 [label = "q9"];
	q10 [label = "q10", shape = doublecircle, final="true" ];
	q11 [label = "q11", shape = doublecircle, final="true" ];
	q12 [label = "q12"];
	q13 [label = "q13", shape = doublecircle, final="true" ];
	q14 [label = "q14", shape = doublecircle, final="true" ];
	q15 [label = "q15", shape = doublecircle, final="true" ];
	q16 [label = "q16", shape = doublecircle, final="true" ];
	q17 [label = "q17", shape = doublecircle, final="true" ];
	q18 [label = "q18", shape = doublecircle, final="true" ];
	q19 [label = "q19", shape = doublecircle, final="true" ];
	q20 [label = "q20", shape = doublecircle, final="true" ];
	q21 [label = "q21", shape = doublecircle, final="true" ];
	q22 [label = "q22", shape = doublecircle, final="true" ];
	q23 [label = "q23", shape = doublecircle, final="true" ];
	q24 [label = "q24", shape = doublecircle, final="true" ];
	q25 [label = "q25", shape = doublecircle, final="true" ];
	q26 [label = "q26"];
	q27 [label = "q27", shape = doublecircle, final="true" ];
	q28 [label = "q28", shape = doublecircle, final="true" ];
	q29 [label = "q29", shape = doublecircle, final="true" ];
	q30 [label = "q30"];
	q31 [label = "q31"];
	q32 [label = "q32", shape = doublecircle, final="true" ];
	q33 [label = "q33"];
	q34 [label = "q34"];
	q35 [label = "q35", shape = doublecircle, final="true" ];
	q36 [label = "q36", shape = doublecircle, final="true" ];
	q37 [label = "q37"];
	q38 [label = "q38", shape = doublecircle, final="true" ];
	q39 [label = "q39"];
	q40 [label = "q40", shape = doublecircle, final="true" ];
	q41 [label = "q41", shape = doublecircle, final="true" ];
	q42 [label = "q42"];
	q43 [label = "q43", shape = doublecircle, final="true" ];
	q44 [label = "q44", shape = doublecircle, final="true" ];
	q45 [label = "q45", shape = doublecircle, final="true" ];
	q46 [label = "q46"];
	q47 [label = "q47", shape = doublecircle, final="true" ];
	q48 [label = "q48"];
	q49 [label = "q49", shape = doublecircle, final="true" ];
	q50 [label = "q50", shape = doublecircle, final="true" ];
	q51 [label = "q51", shape = doublecircle, final="true" ];
	q52 [label = "q52"];
	q53 [label = "q53"];
	q54 [label = "q54", shape = doublecircle, final="true" ];
	q55 [label = "q55", shape = doublecircle, final="true" ];
	q56 [label = "q56", shape = doublecircle, final="true" ];
	q57 [label = "q57", shape = doublecircle, final="true" ];
	q58 [label = "q58", shape = doublecircle, final="true" ];
	q59 [label = "q59", shape = doublecircle, final="true" ];
	s0 -> q12
	s1 -> q31
	s2 -> q39
	s3 -> q42
	s4 -> q45
	s5 -> q46
	s6 -> q50
	s7 -> q51
	s8 -> q53
	q41 -> q55 [label = "c"];
	q41 -> q41 [label = "c"];
	q41 -> q1 [label = "c"];
	q47 -> q50 [label = "b"];
	q47 -> q39 [label = "b"];
	q41 -> q31 [label = "b"];
	q41 -> q12 [label = "b"];
	q43 -> q59 [label = "a"];
	q43 -> q55 [label = "a"];
	q43 -> q43 [label = "a"];
	q47 -> q42 [label = "b, c"];
	q47 -> q35 [label = "c"];
	q47 -> q34 [label = "c"];
	q47 -> q33 [label = "c"];
	q47 -> q16 [label = "c"];
	q47 -> q15 [label = "c"];
	q47 -> q12 [label = "b, c"];
	q47 -> q0 [label = "c"];
	q41 -> q35 [label = "a, c"];
	q41 -> q14 [label = "a, c"];
	q43 -> q42 [label = "b"];
	q43 -> q39 [label = "b"];
	q45 -> q47 [label = "c"];
	q45 -> q44 [label = "c"];
	q45 -> q43 [label = "a, c"];
	q45 -> q35 [label = "c"];
	q45 -> q33 [label = "c"];
	q45 -> q30 [label = "c"];
	q45 -> q20 [label = "c"];
	q45 -> q18 [label = "c"];
	q45 -> q16 [label = "c"];
	q45 -> q8 [label = "a, c"];
	q45 -> q1 [label = "c"];
	q40 -> q44 [label = "c"];
	q40 -> q26 [label = "c"];
	q40 -> q11 [label = "c"];
	q44 -> q2 [label = "a"];
	q46 -> q9 [label = "b"];
	q40 -> q59 [label = "b, c"];
	q40 -> q53 [label = "b, c"];
	q40 -> q49 [label = "b"];
	q40 -> q47 [label = "b"];
	q40 -> q46 [label = "b"];
	q40 -> q43 [label = "b"];
	q40 -> q42 [label = "b, c"];
	q40 -> q39 [label = "b, c"];
	q40 -> q37 [label = "b"];
	q40 -> q34 [label = "b, c"];
	q47 -> q51 [label = "b"];
	q40 -> q33 [label = "b, c"];
	q40 -> q31 [label = "b, c"];
	q40 -> q24 [label = "b"];
	q40 -> q23 [label = "b"];
	q40 -> q12 [label = "b, c"];
	q40 -> q9 [label = "b, c"];
	q40 -> q8 [label = "b"];
	q40 -> q4 [label = "b"];
	q40 -> q3 [label = "b"];
	q40 -> q1 [label = "b, c"];
	q46 -> q44 [label = "c"];
	q46 -> q11 [label = "c"];
	q46 -> q1 [label = "c"];
	q40 -> q38 [label = "a, b"];
	q40 -> q19 [label = "a"];
	q40 -> q5 [label = "a, b, c"];
	q40 -> q2 [label = "a, b"];
	q42 -> q37 [label = "b"];
	q44 -> q44 [label = "c"];
	q44 -> q41 [label = "c"];
	q44 -> q36 [label = "a, c"];
	q44 -> q35 [label = "a, c"];
	q44 -> q11 [label = "c"];
	q39 -> q38 [label = "a"];
	q37 -> q32 [label = "b"];
	q47 -> q11 [label = "c"];
	q37 -> q28 [label = "b"];
	q37 -> q9 [label = "b"];
	q37 -> q7 [label = "b"];
	q35 -> q36 [label = "c"];
	q35 -> q14 [label = "c"];
	q38 -> q36 [label = "a"];
	q38 -> q5 [label = "a"];
	q36 -> q42 [label = "b"];
	q36 -> q31 [label = "b"];
	q40 -> q17 [label = "b"];
	q13 -> q12 [label = "a, b, c"];
	q13 -> q4 [label = "a, b"];
	q13 -> q3 [label = "a, b"];
	q13 -> q1 [label = "a, b, c"];
	q46 -> q41 [label = "a, c"];
	q15 -> q4 [label = "a, b"];
	q15 -> q3 [label = "a, b"];
	q57 -> q6 [label = "a"];
	q18 -> q53 [label = "b"];
	q23 -> q11 [label = "c"];
	q18 -> q28 [label = "b"];
	q18 -> q7 [label = "b"];
	q22 -> q33 [label = "c"];
	q8 -> q2 [label = "b"];
	q41 -> q36 [label = "c"];
	q25 -> q12 [label = "b, c"];
	q40 -> q30 [label = "b, c"];
	q22 -> q11 [label = "c"];
	q32 -> q49 [label = "b"];
	q16 -> q2 [label = "a, b"];
	q13 -> q38 [label = "a, b"];
	q18 -> q49 [label = "a"];
	q58 -> q44 [label = "c"];
	q25 -> q3 [label = "a"];
	q18 -> q17 [label = "a"];
	q48 -> q32 [label = "b"];
	q13 -> q2 [label = "a, b"];
	q22 -> q48 [label = "b"];
	q16 -> q38 [label = "a"];
	q50 -> q49 [label = "c"];
	q36 -> q5 [label = "a, c"];
	q22 -> q12 [label = "b, c"];
	q32 -> q33 [label = "c"];
	q16 -> q59 [label = "b, c"];
	q16 -> q55 [label = "b, c"];
	q21 -> q38 [label = "a, b"];
	q10 -> q7 [label = "b, c"];
	q16 -> q12 [label = "b, c"];
	q58 -> q31 [label = "b"];
	q44 -> q30 [label = "b"];
	q16 -> q11 [label = "c"];
	q16 -> q9 [label = "b, c"];
	q3 -> q26 [label = "c"];
	q13 -> q11 [label = "a, b, c"];
	q16 -> q5 [label = "a, b, c"];
	q23 -> q9 [label = "b, c"];
	q29 -> q7 [label = "b, c"];
	q10 -> q25 [label = "c"];
	q39 -> q9 [label = "b"];
	q21 -> q53 [label = "b, c"];
	q22 -> q41 [label = "a, c"];
	q21 -> q42 [label = "b, c"];
	q10 -> q55 [label = "a, b, c"];
	q57 -> q38 [label = "b"];
	q21 -> q34 [label = "b, c"];
	q46 -> q37 [label = "b"];
	q21 -> q26 [label = "c"];
	q45 -> q17 [label = "a, b, c"];
	q57 -> q31 [label = "b"];
	q4 -> q53 [label = "b"];
	q22 -> q26 [label = "c"];
	q21 -> q9 [label = "b, c"];
	q53 -> q55 [label = "a, c"];
	q40 -> q36 [label = "a, c"];
	q21 -> q1 [label = "c"];
	q13 -> q28 [label = "a, b, c"];
	q17 -> q59 [label = "a"];
	q39 -> q55 [label = "a, c"];
	q22 -> q38 [label = "b"];
	q17 -> q49 [label = "a"];
	q20 -> q32 [label = "b"];
	q19 -> q34 [label = "b"];
	q19 -> q33 [label = "b, c"];
	q52 -> q49 [label = "a, b"];
	q37 -> q5 [label = "a, b, c"];
	q19 -> q31 [label = "b"];
	q10 -> q26 [label = "c"];
	q13 -> q23 [label = "b, c"];
	q19 -> q42 [label = "b"];
	q23 -> q41 [label = "c"];
	q0 -> q55 [label = "b, c"];
	q23 -> q33 [label = "c"];
	q5 -> q5 [label = "a, c"];
	q23 -> q30 [label = "c"];
	q15 -> q36 [label = "c"];
	q21 -> q30 [label = "c"];
	q23 -> q28 [label = "a, c"];
	q17 -> q39 [label = "b"];
	q19 -> q5 [label = "a, c"];
	q53 -> q36 [label = "a, c"];
	q22 -> q31 [label = "b, c"];
	q23 -> q59 [label = "a, b, c"];
	q24 -> q34 [label = "c"];
	q22 -> q1 [label = "c"];
	q23 -> q42 [label = "b"];
	q42 -> q38 [label = "a"];
	q3 -> q30 [label = "c"];
	q29 -> q16 [label = "c"];
	q40 -> q27 [label = "a, b"];
	q50 -> q52 [label = "b"];
	q56 -> q59 [label = "c"];
	q13 -> q29 [label = "b"];
	q21 -> q19 [label = "a"];
	q42 -> q9 [label = "b"];
	q58 -> q14 [label = "a, b, c"];
	q10 -> q20 [label = "c"];
	q29 -> q55 [label = "a, b, c"];
	q21 -> q5 [label = "a, b, c"];
	q20 -> q59 [label = "a, b, c"];
	q51 -> q38 [label = "a"];
	q29 -> q14 [label = "a, b, c"];
	q17 -> q14 [label = "a, c"];
	q32 -> q41 [label = "c"];
	q17 -> q1 [label = "c"];
	q57 -> q11 [label = "c"];
	q22 -> q37 [label = "a, b"];
	q22 -> q36 [label = "a, b, c"];
	q25 -> q38 [label = "a"];
	q13 -> q9 [label = "a, b, c"];
	q23 -> q49 [label = "b"];
	q20 -> q35 [label = "a, b, c"];
	q19 -> q41 [label = "a, c"];
	q29 -> q8 [label = "c"];
	q33 -> q11 [label = "c"];
	q17 -> q35 [label = "c"];
	q28 -> q36 [label = "a, c"];
	q20 -> q36 [label = "a, b, c"];
	q23 -> q44 [label = "c"];
	q20 -> q34 [label = "b"];
	q13 -> q51 [label = "b, c"];
	q18 -> q32 [label = "b"];
	q54 -> q55 [label = "a, b, c"];
	q50 -> q20 [label = "c"];
	q20 -> q14 [label = "a, b, c"];
	q28 -> q31 [label = "b"];
	q20 -> q11 [label = "b, c"];
	q28 -> q34 [label = "b"];
	q22 -> q53 [label = "b, c"];
	q20 -> q9 [label = "b, c"];
	q17 -> q53 [label = "b"];
	q56 -> q36 [label = "a, c"];
	q20 -> q5 [label = "a, b, c"];
	q51 -> q12 [label = "c"];
	q16 -> q43 [label = "b, c"];
	q19 -> q30 [label = "b, c"];
	q13 -> q59 [label = "a, b, c"];
	q18 -> q35 [label = "c"];
	q56 -> q9 [label = "b, c"];
	q32 -> q28 [label = "a"];
	q20 -> q44 [label = "c"];
	q54 -> q41 [label = "a, b, c"];
	q18 -> q31 [label = "c"];
	q18 -> q26 [label = "c"];
	q32 -> q48 [label = "b"];
	q13 -> q10 [label = "b"];
	q18 -> q6 [label = "b, c"];
	q50 -> q38 [label = "a"];
	q27 -> q30 [label = "c"];
	q42 -> q55 [label = "c"];
	q44 -> q55 [label = "a, b, c"];
	q44 -> q42 [label = "b"];
	q44 -> q25 [label = "b"];
	q29 -> q28 [label = "a, c"];
	q44 -> q12 [label = "b"];
	q57 -> q49 [label = "a"];
	q11 -> q12 [label = "b"];
	q46 -> q56 [label = "a"];
	q20 -> q53 [label = "b"];
	q18 -> q14 [label = "a, b, c"];
	q50 -> q16 [label = "c"];
	q46 -> q14 [label = "a, c"];
	q20 -> q30 [label = "b, c"];
	q6 -> q31 [label = "b"];
	q19 -> q35 [label = "a, c"];
	q46 -> q5 [label = "a, c"];
	q3 -> q31 [label = "c"];
	q17 -> q11 [label = "c"];
	q58 -> q38 [label = "b"];
	q38 -> q55 [label = "a"];
	q57 -> q41 [label = "a, b, c"];
	q44 -> q33 [label = "b"];
	q24 -> q42 [label = "b, c"];
	q43 -> q30 [label = "c"];
	q43 -> q14 [label = "a, c"];
	q45 -> q49 [label = "a, b, c"];
	q43 -> q11 [label = "c"];
	q0 -> q8 [label = "c"];
	q29 -> q30 [label = "c"];
	q48 -> q14 [label = "a, b, c"];
	q42 -> q14 [label = "c"];
	q21 -> q41 [label = "a, c"];
	q50 -> q11 [label = "c"];
	q43 -> q5 [label = "a, c"];
	q43 -> q1 [label = "c"];
	q45 -> q59 [label = "a, b, c"];
	q45 -> q55 [label = "a, b, c"];
	q50 -> q33 [label = "c"];
	q34 -> q55 [label = "b, c"];
	q47 -> q1 [label = "c"];
	q45 -> q54 [label = "b"];
	q46 -> q59 [label = "a"];
	q17 -> q12 [label = "b, c"];
	q25 -> q4 [label = "a"];
	q48 -> q11 [label = "c"];
	q45 -> q48 [label = "b"];
	q33 -> q1 [label = "b, c"];
	q45 -> q38 [label = "a, b"];
	q58 -> q35 [label = "a, b, c"];
	q45 -> q28 [label = "a, b, c"];
	q22 -> q32 [label = "b"];
	q7 -> q35 [label = "c"];
	q45 -> q27 [label = "b"];
	q45 -> q5 [label = "a, b, c"];
	q10 -> q23 [label = "b, c"];
	q14 -> q11 [label = "c"];
	q45 -> q4 [label = "b"];
	q24 -> q35 [label = "c"];
	q18 -> q1 [label = "c"];
	q29 -> q1 [label = "b, c"];
	q47 -> q59 [label = "a"];
	q13 -> q27 [label = "a, b"];
	q47 -> q49 [label = "a"];
	q50 -> q5 [label = "a, c"];
	q32 -> q7 [label = "b"];
	q21 -> q44 [label = "c"];
	q47 -> q47 [label = "a"];
	q20 -> q49 [label = "a"];
	q58 -> q30 [label = "b"];
	q47 -> q43 [label = "a"];
	q57 -> q35 [label = "a, c"];
	q43 -> q16 [label = "c"];
	q47 -> q17 [label = "a"];
	q8 -> q59 [label = "a, b, c"];
	q46 -> q35 [label = "c"];
	q25 -> q42 [label = "b"];
	q47 -> q14 [label = "a, c"];
	q21 -> q48 [label = "b"];
	q21 -> q6 [label = "c"];
	q42 -> q5 [label = "c"];
	q14 -> q12 [label = "b"];
	q47 -> q5 [label = "a, c"];
	q30 -> q55 [label = "b, c"];
	q44 -> q5 [label = "a, b, c"];
	q17 -> q33 [label = "c"];
	q26 -> q29 [label = "b"];
	q8 -> q11 [label = "c"];
	q23 -> q8 [label = "c"];
	q56 -> q33 [label = "c"];
	q52 -> q28 [label = "b"];
	q49 -> q14 [label = "a, c"];
	q49 -> q39 [label = "b"];
	q40 -> q14 [label = "a, b, c"];
	q20 -> q33 [label = "b, c"];
	q8 -> q7 [label = "b"];
	q52 -> q32 [label = "b"];
	q8 -> q5 [label = "a, b, c"];
	q18 -> q9 [label = "b, c"];
	q51 -> q41 [label = "c"];
	q25 -> q39 [label = "b"];
	q33 -> q29 [label = "b"];
	q0 -> q2 [label = "a, b"];
	q52 -> q27 [label = "b"];
	q26 -> q37 [label = "b"];
	q45 -> q56 [label = "a, b"];
	q13 -> q16 [label = "c"];
	q52 -> q7 [label = "b"];
	q23 -> q37 [label = "b"];
	q16 -> q1 [label = "b, c"];
	q32 -> q35 [label = "c"];
	q19 -> q53 [label = "b"];
	q22 -> q49 [label = "a, b"];
	q54 -> q35 [label = "a, c"];
	q0 -> q12 [label = "b, c"];
	q21 -> q36 [label = "a, c"];
	q57 -> q12 [label = "b"];
	q9 -> q1 [label = "c"];
	q54 -> q14 [label = "a, b, c"];
	q52 -> q11 [label = "c"];
	q51 -> q35 [label = "c"];
	q52 -> q4 [label = "b"];
	q13 -> q17 [label = "a"];
	q53 -> q37 [label = "b"];
	q3 -> q41 [label = "a"];
	q24 -> q16 [label = "c"];
	q15 -> q27 [label = "a, b"];
	q22 -> q28 [label = "a, b"];
	q58 -> q59 [label = "a"];
	q55 -> q11 [label = "c"];
	q22 -> q55 [label = "a, b, c"];
	q45 -> q41 [label = "a, b, c"];
	q52 -> q44 [label = "c"];
	q20 -> q55 [label = "a, b, c"];
	q26 -> q47 [label = "b"];
	q23 -> q48 [label = "b"];
	q45 -> q12 [label = "a, c"];
	q57 -> q1 [label = "c"];
	q48 -> q7 [label = "b"];
	q54 -> q36 [label = "a, b, c"];
	q52 -> q6 [label = "a, b"];
	q7 -> q39 [label = "b"];
	q39 -> q48 [label = "b"];
	q54 -> q56 [label = "b"];
	q58 -> q42 [label = "b"];
	q39 -> q41 [label = "c"];
	q52 -> q18 [label = "b"];
	q49 -> q51 [label = "b"];
	q17 -> q30 [label = "c"];
	q57 -> q34 [label = "b"];
	q44 -> q1 [label = "b, c"];
	q58 -> q39 [label = "b"];
	q13 -> q24 [label = "b"];
	q50 -> q55 [label = "a, c"];
	q23 -> q16 [label = "c"];
	q50 -> q37 [label = "b, c"];
	q51 -> q30 [label = "c"];
	q53 -> q11 [label = "c"];
	q24 -> q12 [label = "b, c"];
	q52 -> q2 [label = "b"];
	q13 -> q0 [label = "c"];
	q54 -> q58 [label = "a"];
	q15 -> q55 [label = "b, c"];
	q45 -> q36 [label = "a, b, c"];
	q52 -> q14 [label = "a, b, c"];
	q26 -> q17 [label = "b"];
	q17 -> q5 [label = "a, c"];
	q40 -> q6 [label = "c"];
	q59 -> q59 [label = "a"];
	q53 -> q14 [label = "a, c"];
	q53 -> q56 [label = "a"];
	q37 -> q35 [label = "c"];
	q51 -> q14 [label = "a, c"];
	q54 -> q42 [label = "b, c"];
	q33 -> q36 [label = "c"];
	q58 -> q12 [label = "b"];
	q10 -> q41 [label = "a, c"];
	q21 -> q12 [label = "b, c"];
	q44 -> q59 [label = "b"];
	q23 -> q1 [label = "b, c"];
	q50 -> q35 [label = "c"];
	q13 -> q5 [label = "a, b, c"];
	q6 -> q11 [label = "c"];
	q18 -> q5 [label = "a, b, c"];
	q24 -> q26 [label = "c"];
	q16 -> q24 [label = "b"];
	q54 -> q27 [label = "b"];
	q59 -> q1 [label = "c"];
	q58 -> q2 [label = "b"];
	q8 -> q39 [label = "b"];
	q33 -> q14 [label = "b, c"];
	q51 -> q59 [label = "c"];
	q59 -> q11 [label = "c"];
	q22 -> q42 [label = "b, c"];
	q41 -> q42 [label = "b"];
	q34 -> q17 [label = "b"];
	q13 -> q56 [label = "a, b"];
	q56 -> q41 [label = "a"];
	q48 -> q1 [label = "c"];
	q54 -> q59 [label = "a, b, c"];
	q44 -> q8 [label = "b"];
	q22 -> q5 [label = "a, b, c"];
	q18 -> q39 [label = "b"];
	q12 -> q36 [label = "c"];
	q53 -> q9 [label = "b"];
	q42 -> q36 [label = "c"];
	q56 -> q39 [label = "b"];
	q40 -> q35 [label = "a, c"];
	q21 -> q14 [label = "a, b, c"];
	q58 -> q40 [label = "b"];
	q22 -> q35 [label = "a, c"];
	q48 -> q41 [label = "a, c"];
	q24 -> q8 [label = "c"];
	q23 -> q55 [label = "a, b, c"];
	q3 -> q55 [label = "a"];
	q58 -> q56 [label = "b"];
	q46 -> q55 [label = "a, c"];
	q19 -> q55 [label = "a, c"];
	q21 -> q31 [label = "b, c"];
	q10 -> q59 [label = "a, b, c"];
	q13 -> q6 [label = "a, b, c"];
	q50 -> q44 [label = "c"];
	q32 -> q59 [label = "a, b, c"];
	q21 -> q33 [label = "c"];
	q58 -> q41 [label = "a, b, c"];
	q43 -> q53 [label = "b"];
	q40 -> q48 [label = "b"];
	q6 -> q34 [label = "b"];
	q22 -> q14 [label = "a, b, c"];
	q29 -> q41 [label = "c"];
	q56 -> q46 [label = "b"];
	q33 -> q24 [label = "b"];
	q23 -> q17 [label = "b"];
	q58 -> q1 [label = "b, c"];
	q57 -> q5 [label = "a, b, c"];
	q51 -> q9 [label = "b, c"];
	q13 -> q14 [label = "a, b, c"];
	q49 -> q49 [label = "a"];
	q27 -> q39 [label = "b"];
	q57 -> q51 [label = "b"];
	q52 -> q17 [label = "b"];
	q59 -> q42 [label = "b"];
	q20 -> q31 [label = "b"];
	q26 -> q18 [label = "b"];
	q51 -> q44 [label = "c"];
	q15 -> q5 [label = "a, b, c"];
	q59 -> q39 [label = "b"];
	q38 -> q41 [label = "a"];
	q58 -> q55 [label = "a, b, c"];
	q57 -> q2 [label = "b"];
	q52 -> q22 [label = "b"];
	q22 -> q51 [label = "b"];
	q33 -> q27 [label = "a"];
	q50 -> q8 [label = "c"];
	q19 -> q9 [label = "b, c"];
	q33 -> q2 [label = "a, b"];
	q57 -> q56 [label = "b"];
	q53 -> q48 [label = "b"];
	q30 -> q1 [label = "b"];
	q54 -> q46 [label = "b"];
	q44 -> q14 [label = "a, b, c"];
	q28 -> q11 [label = "c"];
	q37 -> q49 [label = "a"];
	q23 -> q4 [label = "a"];
	q56 -> q5 [label = "a, c"];
	q25 -> q9 [label = "b, c"];
	q46 -> q38 [label = "a"];
	q54 -> q6 [label = "a, b, c"];
	q52 -> q37 [label = "b"];
	q54 -> q48 [label = "b"];
	q13 -> q36 [label = "a, b, c"];
	q52 -> q38 [label = "b"];
	q54 -> q1 [label = "c"];
	q56 -> q11 [label = "c"];
	q21 -> q27 [label = "b"];
	q10 -> q46 [label = "b"];
	q35 -> q30 [label = "b"];
	q55 -> q14 [label = "a, c"];
	q7 -> q1 [label = "c"];
	q19 -> q36 [label = "a, c"];
	q9 -> q7 [label = "b"];
	q54 -> q49 [label = "a, b"];
	q48 -> q37 [label = "b"];
	q51 -> q37 [label = "b"];
	q45 -> q9 [label = "a, b, c"];
	q24 -> q5 [label = "a, b, c"];
	q48 -> q17 [label = "b"];
	q19 -> q39 [label = "b"];
	q58 -> q36 [label = "a, b, c"];
	q10 -> q14 [label = "a, b, c"];
	q57 -> q39 [label = "b"];
	q13 -> q43 [label = "a, b, c"];
	q22 -> q52 [label = "b"];
	q57 -> q27 [label = "b"];
	q51 -> q56 [label = "a"];
	q54 -> q28 [label = "b"];
	q10 -> q37 [label = "b, c"];
	q25 -> q18 [label = "b"];
	q50 -> q59 [label = "a, c"];
	q45 -> q2 [label = "b, c"];
	q51 -> q36 [label = "a, c"];
	q50 -> q18 [label = "c"];
	q8 -> q9 [label = "b, c"];
	q16 -> q8 [label = "b, c"];
	q57 -> q42 [label = "b"];
	q49 -> q59 [label = "a"];
	q50 -> q1 [label = "c"];
	q43 -> q33 [label = "c"];
	q15 -> q49 [label = "b, c"];
	q1 -> q1 [label = "c"];
	q40 -> q29 [label = "b"];
	q22 -> q7 [label = "b"];
	q21 -> q59 [label = "b, c"];
	q56 -> q1 [label = "c"];
	q15 -> q18 [label = "b, c"];
	q57 -> q36 [label = "a, b, c"];
	q56 -> q6 [label = "c"];
	q40 -> q56 [label = "a"];
	q52 -> q5 [label = "a, b, c"];
	q18 -> q55 [label = "a, b, c"];
	q56 -> q12 [label = "b, c"];
	q54 -> q22 [label = "b"];
	q4 -> q39 [label = "b"];
	q11 -> q43 [label = "b"];
	q57 -> q55 [label = "a, b, c"];
	q57 -> q21 [label = "b"];
	q13 -> q7 [label = "b, c"];
	q29 -> q59 [label = "a, b, c"];
	q8 -> q8 [label = "c"];
	q51 -> q5 [label = "a, c"];
	q56 -> q55 [label = "a, c"];
	q45 -> q52 [label = "b"];
	q57 -> q59 [label = "a"];
	q15 -> q8 [label = "b, c"];
	q58 -> q11 [label = "b, c"];
	q52 -> q41 [label = "a, b, c"];
	q47 -> q53 [label = "b"];
	q40 -> q52 [label = "b"];
	q22 -> q59 [label = "a, b, c"];
	q1 -> q5 [label = "a, b, c"];
	q23 -> q39 [label = "b"];
	q56 -> q31 [label = "b"];
	q50 -> q41 [label = "c"];
	q7 -> q9 [label = "b, c"];
	q29 -> q26 [label = "c"];
	q59 -> q35 [label = "c"];
	q54 -> q30 [label = "c"];
	q54 -> q53 [label = "b, c"];
	q56 -> q35 [label = "c"];
	q34 -> q38 [label = "a"];
	q7 -> q46 [label = "b"];
	q50 -> q24 [label = "c"];
	q7 -> q38 [label = "b"];
	q15 -> q29 [label = "b"];
	q21 -> q52 [label = "b"];
	q58 -> q49 [label = "a"];
	q3 -> q46 [label = "b"];
	q0 -> q29 [label = "b"];
	q51 -> q1 [label = "c"];
	q21 -> q46 [label = "b"];
	q45 -> q57 [label = "a, b"];
	q43 -> q12 [label = "b, c"];
	q50 -> q6 [label = "a, c"];
	q56 -> q34 [label = "b"];
	q4 -> q5 [label = "a, c"];
	q22 -> q6 [label = "a, b, c"];
	q58 -> q21 [label = "b"];
	q38 -> q12 [label = "b, c"];
	q1 -> q14 [label = "b, c"];
	q50 -> q9 [label = "b, c"];
	q25 -> q29 [label = "b"];
	q21 -> q35 [label = "a, c"];
	q11 -> q5 [label = "a, b, c"];
	q24 -> q9 [label = "b, c"];
	q54 -> q44 [label = "c"];
	q26 -> q49 [label = "b"];
	q50 -> q12 [label = "c"];
	q13 -> q25 [label = "c"];
	q59 -> q14 [label = "a, c"];
	q46 -> q36 [label = "a, c"];
	q50 -> q14 [label = "a, c"];
	q48 -> q6 [label = "a, b"];
	q31 -> q9 [label = "b"];
	q52 -> q55 [label = "a, b, c"];
	q50 -> q17 [label = "c"];
	q58 -> q5 [label = "a, b, c"];
	q51 -> q48 [label = "b"];
	q40 -> q41 [label = "a, c"];
	q22 -> q56 [label = "b"];
	q30 -> q38 [label = "a"];
	q16 -> q3 [label = "a"];
	q51 -> q52 [label = "b"];
	q20 -> q6 [label = "a, b, c"];
	q38 -> q14 [label = "a"];
	q50 -> q36 [label = "a, c"];
	q37 -> q6 [label = "b"];
	q14 -> q14 [label = "c"];
	q16 -> q33 [label = "b"];
	q23 -> q14 [label = "a, b, c"];
	q52 -> q1 [label = "c"];
	q40 -> q55 [label = "a, b, c"];
	q50 -> q47 [label = "c"];
	q17 -> q51 [label = "b"];
	q27 -> q46 [label = "b"];
	q55 -> q12 [label = "b"];
	q54 -> q17 [label = "b"];
	q23 -> q43 [label = "a, b, c"];
	q46 -> q6 [label = "a"];
	q54 -> q54 [label = "b"];
	q40 -> q7 [label = "b"];
	q57 -> q57 [label = "a"];
	q16 -> q30 [label = "b"];
	q52 -> q59 [label = "a, b"];
	q53 -> q5 [label = "a, c"];
	q7 -> q44 [label = "c"];
	q20 -> q42 [label = "b"];
	q22 -> q30 [label = "c"];
	q43 -> q35 [label = "c"];
	q53 -> q38 [label = "a"];
	q51 -> q33 [label = "c"];
	q53 -> q28 [label = "a"];
	q36 -> q36 [label = "c"];
	q48 -> q5 [label = "a, b, c"];
	q53 -> q59 [label = "a"];
	q22 -> q17 [label = "a, b"];
	q56 -> q14 [label = "a, c"];
	q25 -> q47 [label = "b"];
	q39 -> q37 [label = "b"];
	q25 -> q11 [label = "c"];
	q50 -> q30 [label = "c"];
	q47 -> q26 [label = "c"];
	q49 -> q1 [label = "c"];
	q52 -> q56 [label = "b"];
	q21 -> q55 [label = "a, b, c"];
	q49 -> q5 [label = "a, c"];
	q53 -> q1 [label = "c"];
	q54 -> q52 [label = "b"];
	q18 -> q33 [label = "c"];
	q25 -> q37 [label = "b"];
	q56 -> q42 [label = "b"];
	q4 -> q33 [label = "c"];
	q28 -> q39 [label = "b"];
	q18 -> q36 [label = "b, c"];
	q49 -> q11 [label = "c"];
	q19 -> q26 [label = "b"];
	q32 -> q30 [label = "c"];
	q39 -> q36 [label = "a, c"];
	q0 -> q11 [label = "c"];
	q49 -> q55 [label = "a"];
	q52 -> q35 [label = "c"];
	q15 -> q38 [label = "a, b"];
	q55 -> q42 [label = "b"];
	q21 -> q56 [label = "a"];
	q13 -> q32 [label = "b, c"];
	q55 -> q1 [label = "c"];
	q6 -> q42 [label = "b"];
	q53 -> q35 [label = "c"];
	q54 -> q32 [label = "b"];
	q54 -> q12 [label = "b, c"];
	q21 -> q7 [label = "b"];
	q55 -> q35 [label = "c"];
	q13 -> q46 [label = "b"];
	q49 -> q12 [label = "b"];
	q54 -> q21 [label = "b"];
	q18 -> q11 [label = "c"];
	q19 -> q14 [label = "a, c"];
	q19 -> q59 [label = "c"];
	q45 -> q24 [label = "c"];
	q21 -> q39 [label = "b, c"];
	q49 -> q42 [label = "b"];
	q29 -> q2 [label = "a"];
	q10 -> q48 [label = "b"];
	q22 -> q34 [label = "b, c"];
	q45 -> q37 [label = "a, b, c"];
	q53 -> q41 [label = "c"];
	q53 -> q44 [label = "c"];
	q11 -> q14 [label = "b, c"];
	q30 -> q9 [label = "b"];
	q35 -> q12 [label = "b"];
	q23 -> q6 [label = "a, c"];
	q4 -> q55 [label = "a"];
	q48 -> q28 [label = "b"];
	q18 -> q51 [label = "b"];
	q54 -> q2 [label = "b"];
	q48 -> q35 [label = "c"];
	q54 -> q4 [label = "b"];
	q54 -> q34 [label = "b, c"];
	q0 -> q4 [label = "a, b"];
	q22 -> q39 [label = "b, c"];
	q23 -> q35 [label = "c"];
	q20 -> q51 [label = "b"];
	q30 -> q14 [label = "b, c"];
	q29 -> q12 [label = "b, c"];
	q18 -> q42 [label = "b, c"];
	q51 -> q6 [label = "c"];
	q29 -> q42 [label = "b, c"];
	q54 -> q31 [label = "b, c"];
	q54 -> q37 [label = "b"];
	q54 -> q51 [label = "b"];
	q22 -> q9 [label = "a, b, c"];
	q15 -> q47 [label = "b, c"];
	q16 -> q14 [label = "b, c"];
	q8 -> q14 [label = "a, b, c"];
	q22 -> q46 [label = "b"];
	q48 -> q55 [label = "a, b, c"];
	q10 -> q33 [label = "b, c"];
	q0 -> q59 [label = "b, c"];
	q19 -> q46 [label = "b"];
	q54 -> q26 [label = "c"];
	q13 -> q34 [label = "c"];
	q28 -> q14 [label = "a, c"];
	q28 -> q35 [label = "c"];
	q7 -> q42 [label = "b"];
	q16 -> q36 [label = "c"];
	q25 -> q14 [label = "a, b, c"];
	q54 -> q33 [label = "c"];
	q20 -> q7 [label = "b"];
	q50 -> q56 [label = "a"];
	q48 -> q9 [label = "b"];
	q1 -> q36 [label = "c"];
	q26 -> q9 [label = "b"];
	q48 -> q38 [label = "b"];
	q27 -> q33 [label = "c"];
	q23 -> q36 [label = "a, c"];
	q18 -> q59 [label = "a, b, c"];
	q25 -> q7 [label = "b"];
	q48 -> q49 [label = "a, b"];
	q2 -> q34 [label = "c"];
	q50 -> q43 [label = "a, c"];
	q0 -> q17 [label = "b"];
	q56 -> q53 [label = "b"];
	q48 -> q44 [label = "c"];
	q49 -> q35 [label = "c"];
	q48 -> q56 [label = "b"];
	q36 -> q1 [label = "c"];
	q9 -> q9 [label = "b"];
	q29 -> q33 [label = "c"];
	q39 -> q56 [label = "a"];
	q15 -> q2 [label = "a, b, c"];
	q20 -> q26 [label = "b"];
	q23 -> q7 [label = "b"];
	q7 -> q28 [label = "a"];
	q29 -> q35 [label = "c"];
	q35 -> q1 [label = "c"];
	q45 -> q14 [label = "a, b, c"];
	q48 -> q59 [label = "a, b"];
	q19 -> q6 [label = "c"];
	q50 -> q48 [label = "b"];
	q13 -> q39 [label = "b, c"];
	q38 -> q30 [label = "c"];
	q13 -> q41 [label = "a, b, c"];
	q0 -> q6 [label = "c"];
	q13 -> q42 [label = "b, c"];
	q13 -> q53 [label = "b, c"];
	q11 -> q1 [label = "c"];
	q11 -> q11 [label = "c"];
	q29 -> q46 [label = "b"];
	q11 -> q36 [label = "c"];
	q11 -> q55 [label = "b, c"];
	q46 -> q48 [label = "b"];
	q14 -> q5 [label = "a, c"];
	q37 -> q11 [label = "c"];
	q33 -> q5 [label = "a, b, c"];
	q10 -> q2 [label = "a, c"];
	q10 -> q6 [label = "a, c"];
	q25 -> q59 [label = "a, b, c"];
	q10 -> q9 [label = "b, c"];
	q0 -> q47 [label = "b"];
	q10 -> q19 [label = "a"];
	q55 -> q5 [label = "a, c"];
	q10 -> q11 [label = "c"];
	q58 -> q6 [label = "a"];
	q10 -> q12 [label = "b, c"];
	q10 -> q16 [label = "c"];
	q26 -> q2 [label = "a, b"];
	q19 -> q11 [label = "c"];
	q25 -> q55 [label = "a, b, c"];
	q10 -> q17 [label = "b, c"];
	q10 -> q18 [label = "c"];
	q44 -> q9 [label = "b"];
	q10 -> q24 [label = "c"];
	q20 -> q28 [label = "b"];
	q10 -> q28 [label = "a, c"];
	q27 -> q36 [label = "a"];
	q39 -> q11 [label = "c"];
	q10 -> q29 [label = "c"];
	q10 -> q30 [label = "b, c"];
	q10 -> q8 [label = "b, c"];
	q10 -> q34 [label = "b, c"];
	q7 -> q55 [label = "a, b, c"];
	q46 -> q28 [label = "a"];
	q25 -> q8 [label = "c"];
	q10 -> q39 [label = "b, c"];
	q31 -> q17 [label = "b"];
	q10 -> q42 [label = "b, c"];
	q23 -> q23 [label = "b"];
	q5 -> q1 [label = "c"];
	q10 -> q43 [label = "a, b, c"];
	q58 -> q51 [label = "b"];
	q10 -> q44 [label = "c"];
	q10 -> q49 [label = "b, c"];
	q13 -> q37 [label = "a"];
	q54 -> q11 [label = "c"];
	q15 -> q1 [label = "b, c"];
	q25 -> q2 [label = "a, b"];
	q15 -> q9 [label = "b, c"];
	q32 -> q46 [label = "b"];
	q15 -> q13 [label = "b"];
	q8 -> q12 [label = "b, c"];
	q15 -> q14 [label = "b, c"];
	q23 -> q53 [label = "b"];
	q15 -> q17 [label = "b, c"];
	q22 -> q20 [label = "a"];
	q15 -> q24 [label = "b"];
	q7 -> q49 [label = "b"];
	q15 -> q30 [label = "b"];
	q13 -> q49 [label = "a"];
	q15 -> q59 [label = "b, c"];
	q13 -> q47 [label = "a"];
	q13 -> q8 [label = "a, c"];
	q12 -> q9 [label = "b"];
	q29 -> q53 [label = "b, c"];
	q13 -> q18 [label = "a"];
	q3 -> q28 [label = "a"];
	q13 -> q57 [label = "a"];
	q9 -> q5 [label = "a, b, c"];
	q23 -> q46 [label = "b"];
	q9 -> q11 [label = "c"];
	q9 -> q35 [label = "c"];
	q58 -> q27 [label = "b"];
	q20 -> q41 [label = "c"];
	q15 -> q33 [label = "b"];
	q9 -> q36 [label = "c"];
	q9 -> q55 [label = "a, b, c"];
	q47 -> q55 [label = "a"];
	q3 -> q0 [label = "c"];
	q3 -> q1 [label = "c"];
	q3 -> q34 [label = "c"];
	q3 -> q5 [label = "a, c"];
	q3 -> q14 [label = "a, c"];
	q3 -> q33 [label = "c"];
	q3 -> q42 [label = "b, c"];
	q40 -> q18 [label = "b"];
	q35 -> q11 [label = "c"];
	q4 -> q30 [label = "c"];
	q5 -> q12 [label = "b"];
	q7 -> q5 [label = "a, b, c"];
	q7 -> q6 [label = "a, c"];
	q7 -> q14 [label = "a, b, c"];
	q7 -> q36 [label = "a, c"];
	q7 -> q59 [label = "a, b, c"];
	q2 -> q1 [label = "c"];
	q2 -> q5 [label = "a, c"];
	q34 -> q9 [label = "b"];
	q2 -> q12 [label = "b, c"];
	q24 -> q36 [label = "c"];
	q2 -> q14 [label = "a, c"];
	q2 -> q26 [label = "c"];
	q35 -> q55 [label = "c"];
	q16 -> q29 [label = "b"];
	q13 -> q33 [label = "c"];
	q44 -> q43 [label = "b"];
	q2 -> q30 [label = "c"];
	q45 -> q6 [label = "a, b, c"];
	q24 -> q39 [label = "b"];
	q41 -> q34 [label = "b"];
	q2 -> q33 [label = "c"];
	q21 -> q17 [label = "b"];
	q2 -> q42 [label = "b, c"];
	q4 -> q12 [label = "b, c"];
	q32 -> q34 [label = "b"];
	q4 -> q42 [label = "b, c"];
	q17 -> q42 [label = "b"];
	q32 -> q12 [label = "b, c"];
	q4 -> q46 [label = "b"];
	q6 -> q5 [label = "a, c"];
	q6 -> q14 [label = "a, c"];
	q6 -> q55 [label = "a, c"];
	q32 -> q14 [label = "a, b, c"];
	q6 -> q59 [label = "a"];
	q29 -> q25 [label = "c"];
	q1 -> q11 [label = "c"];
	q27 -> q55 [label = "a"];
	q1 -> q55 [label = "b, c"];
	q7 -> q7 [label = "b"];
	q7 -> q12 [label = "b, c"];
	q10 -> q35 [label = "a, c"];
	q7 -> q17 [label = "b"];
	q7 -> q37 [label = "b"];
	q10 -> q0 [label = "c"];
	q7 -> q48 [label = "b"];
	q7 -> q53 [label = "b"];
	q3 -> q36 [label = "a"];
	q51 -> q55 [label = "a, c"];
	q3 -> q43 [label = "a"];
	q3 -> q59 [label = "a"];
	q45 -> q11 [label = "c"];
	q32 -> q36 [label = "a, c"];
	q1 -> q9 [label = "b"];
	q1 -> q12 [label = "b"];
	q1 -> q43 [label = "b"];
	q1 -> q59 [label = "b"];
	q33 -> q55 [label = "b, c"];
	q7 -> q30 [label = "c"];
	q7 -> q33 [label = "c"];
	q12 -> q38 [label = "a"];
	q34 -> q18 [label = "b"];
	q51 -> q11 [label = "c"];
	q26 -> q59 [label = "b"];
	q7 -> q41 [label = "c"];
	q3 -> q39 [label = "b"];
	q36 -> q12 [label = "b"];
	q32 -> q44 [label = "c"];
	q3 -> q53 [label = "b"];
	q59 -> q12 [label = "b"];
	q37 -> q55 [label = "a, b, c"];
	q54 -> q5 [label = "a, b, c"];
	q1 -> q2 [label = "a"];
	q5 -> q14 [label = "c"];
	q15 -> q43 [label = "b, c"];
	q4 -> q6 [label = "a"];
	q29 -> q5 [label = "a, b, c"];
	q21 -> q11 [label = "c"];
	q15 -> q12 [label = "b, c"];
	q4 -> q14 [label = "a, c"];
	q4 -> q36 [label = "a"];
	q41 -> q11 [label = "c"];
	q4 -> q41 [label = "a"];
	q4 -> q59 [label = "a"];
	q54 -> q18 [label = "b"];
	q0 -> q1 [label = "b, c"];
	q0 -> q5 [label = "a, b, c"];
	q33 -> q43 [label = "b"];
	q0 -> q9 [label = "b, c"];
	q0 -> q14 [label = "b, c"];
	q26 -> q55 [label = "b, c"];
	q0 -> q36 [label = "c"];
	q0 -> q43 [label = "b, c"];
	q16 -> q27 [label = "a"];
	q48 -> q48 [label = "b"];
	q6 -> q12 [label = "b"];
	q6 -> q39 [label = "b"];
	q48 -> q36 [label = "a, b, c"];
	q2 -> q55 [label = "a"];
	q11 -> q8 [label = "b"];
	q19 -> q12 [label = "b, c"];
	q0 -> q18 [label = "b"];
	q47 -> q31 [label = "c"];
	q0 -> q24 [label = "b"];
	q29 -> q9 [label = "b, c"];
	q0 -> q27 [label = "a, b"];
	q54 -> q38 [label = "b"];
	q23 -> q56 [label = "a"];
	q0 -> q37 [label = "b"];
	q58 -> q34 [label = "b"];
	q8 -> q30 [label = "c"];
	q53 -> q6 [label = "a"];
	q44 -> q34 [label = "b"];
	q28 -> q6 [label = "a, c"];
	q0 -> q38 [label = "a, b"];
	q41 -> q5 [label = "a, c"];
	q6 -> q35 [label = "c"];
	q25 -> q35 [label = "c"];
	q6 -> q36 [label = "c"];
	q54 -> q39 [label = "b, c"];
	q36 -> q35 [label = "c"];
	q2 -> q53 [label = "b"];
	q4 -> q1 [label = "c"];
	q0 -> q3 [label = "a, b"];
	q27 -> q53 [label = "b"];
	q4 -> q26 [label = "c"];
	q33 -> q59 [label = "b"];
	q4 -> q31 [label = "c"];
	q12 -> q5 [label = "c"];
	q12 -> q14 [label = "c"];
	q10 -> q38 [label = "a, b"];
	q10 -> q52 [label = "b"];
	q25 -> q23 [label = "b"];
	q50 -> q2 [label = "c"];
	q0 -> q49 [label = "b"];
	q8 -> q38 [label = "a"];
	q54 -> q57 [label = "a, b"];
	q8 -> q43 [label = "a, c"];
	q8 -> q55 [label = "a, b, c"];
	q10 -> q31 [label = "b, c"];
	q14 -> q1 [label = "c"];
	q10 -> q3 [label = "a"];
	q10 -> q4 [label = "a"];
	q36 -> q55 [label = "c"];
	q10 -> q27 [label = "a"];
	q18 -> q30 [label = "c"];
	q10 -> q56 [label = "a"];
	q8 -> q42 [label = "b"];
	q34 -> q37 [label = "b"];
	q8 -> q53 [label = "b"];
	q10 -> q36 [label = "a, c"];
	q8 -> q1 [label = "c"];
	q8 -> q6 [label = "c"];
	q24 -> q33 [label = "c"];
	q8 -> q16 [label = "c"];
	q15 -> q37 [label = "b, c"];
	q25 -> q16 [label = "c"];
	q8 -> q33 [label = "c"];
	q32 -> q39 [label = "b"];
	q8 -> q35 [label = "c"];
	q8 -> q36 [label = "c"];
	q27 -> q12 [label = "b, c"];
	q13 -> q15 [label = "c"];
	q31 -> q38 [label = "a"];
	q2 -> q39 [label = "b"];
	q39 -> q35 [label = "c"];
	q13 -> q26 [label = "c"];
	q13 -> q31 [label = "c"];
	q13 -> q44 [label = "c"];
	q18 -> q34 [label = "c"];
	q11 -> q9 [label = "b"];
	q11 -> q59 [label = "b"];
	q15 -> q6 [label = "c"];
	q23 -> q2 [label = "a"];
	q24 -> q25 [label = "c"];
	q47 -> q30 [label = "c"];
	q15 -> q11 [label = "c"];
	q11 -> q2 [label = "a"];
	q19 -> q1 [label = "c"];
	q19 -> q44 [label = "c"];
	q21 -> q2 [label = "b"];
	q21 -> q18 [label = "b"];
	q21 -> q37 [label = "b"];
	q21 -> q49 [label = "b"];
	q29 -> q11 [label = "c"];
	q23 -> q3 [label = "a"];
	q29 -> q38 [label = "b"];
	q25 -> q49 [label = "b"];
	q23 -> q27 [label = "a"];
	q24 -> q2 [label = "a"];
	q24 -> q14 [label = "a, b, c"];
	q13 -> q35 [label = "b, c"];
	q31 -> q2 [label = "b"];
	q24 -> q43 [label = "a, b, c"];
	q24 -> q55 [label = "a, b, c"];
	q27 -> q42 [label = "b, c"];
	q24 -> q59 [label = "a, b, c"];
	q21 -> q4 [label = "b"];
	q31 -> q55 [label = "b, c"];
	q26 -> q1 [label = "b, c"];
	q26 -> q4 [label = "a, b"];
	q29 -> q31 [label = "c"];
	q26 -> q5 [label = "a, b, c"];
	q16 -> q6 [label = "c"];
	q24 -> q0 [label = "c"];
	q26 -> q14 [label = "b, c"];
	q22 -> q44 [label = "c"];
	q29 -> q44 [label = "c"];
	q26 -> q27 [label = "a, b"];
	q26 -> q38 [label = "a, b"];
	q28 -> q1 [label = "c"];
	q28 -> q5 [label = "a, c"];
	q28 -> q9 [label = "b, c"];
	q28 -> q12 [label = "b, c"];
	q28 -> q30 [label = "c"];
	q40 -> q13 [label = "b"];
	q28 -> q33 [label = "c"];
	q28 -> q55 [label = "a, c"];
	q30 -> q2 [label = "b"];
	q28 -> q59 [label = "a, c"];
	q52 -> q48 [label = "b"];
	q24 -> q1 [label = "b, c"];
	q24 -> q7 [label = "b"];
	q10 -> q47 [label = "c"];
	q24 -> q23 [label = "b"];
	q24 -> q53 [label = "b"];
	q30 -> q5 [label = "b, c"];
	q30 -> q36 [label = "c"];
	q57 -> q44 [label = "c"];
	q24 -> q6 [label = "c"];
	q3 -> q12 [label = "b, c"];
	q24 -> q11 [label = "c"];
	q24 -> q30 [label = "c"];
	q52 -> q57 [label = "a"];
	q24 -> q31 [label = "c"];
	q26 -> q43 [label = "b"];
	q30 -> q24 [label = "b"];
	q30 -> q43 [label = "b"];
	q23 -> q38 [label = "a, b"];
	q58 -> q57 [label = "a"];
	q6 -> q1 [label = "c"];
	q30 -> q59 [label = "b"];
	q25 -> q5 [label = "a, b, c"];
	q16 -> q4 [label = "a"];
	q25 -> q27 [label = "a"];
	q25 -> q43 [label = "a, b, c"];
	q25 -> q1 [label = "b, c"];
	q29 -> q0 [label = "c"];
	q29 -> q6 [label = "a, c"];
	q54 -> q7 [label = "b"];
	q29 -> q23 [label = "b, c"];
	q29 -> q34 [label = "c"];
	q29 -> q36 [label = "a, c"];
	q29 -> q39 [label = "b, c"];
	q57 -> q14 [label = "a, b, c"];
	q29 -> q43 [label = "a, b, c"];
	q25 -> q17 [label = "b"];
	q25 -> q24 [label = "b"];
	q27 -> q31 [label = "c"];
	q52 -> q36 [label = "a, b, c"];
	q59 -> q55 [label = "a"];
	q25 -> q53 [label = "b"];
	q27 -> q5 [label = "a"];
	q27 -> q14 [label = "a"];
	q27 -> q41 [label = "a"];
	q10 -> q1 [label = "b, c"];
	q31 -> q5 [label = "b, c"];
	q26 -> q3 [label = "b"];
	q32 -> q37 [label = "b"];
	q31 -> q14 [label = "b, c"];
	q31 -> q36 [label = "c"];
	q25 -> q6 [label = "c"];
	q25 -> q30 [label = "c"];
	q25 -> q33 [label = "c"];
	q52 -> q9 [label = "b"];
	q56 -> q30 [label = "c"];
	q25 -> q36 [label = "c"];
	q54 -> q9 [label = "b, c"];
	q13 -> q30 [label = "c"];
	q31 -> q37 [label = "b"];
	q10 -> q53 [label = "b, c"];
	q31 -> q49 [label = "b"];
	q31 -> q59 [label = "b"];
	q26 -> q11 [label = "c"];
	q7 -> q11 [label = "c"];
	q26 -> q36 [label = "c"];
	q28 -> q42 [label = "b"];
	q28 -> q53 [label = "b"];
	q30 -> q27 [label = "a"];
	q47 -> q2 [label = "a"];
	q3 -> q6 [label = "a"];
	q27 -> q26 [label = "c"];
	q17 -> q55 [label = "a"];
	q27 -> q34 [label = "c"];
	q20 -> q39 [label = "b"];
	q32 -> q5 [label = "a, b, c"];
	q32 -> q6 [label = "a, c"];
	q20 -> q1 [label = "b, c"];
	q32 -> q55 [label = "a, b, c"];
	q2 -> q31 [label = "c"];
	q34 -> q2 [label = "b"];
	q34 -> q5 [label = "b, c"];
	q34 -> q14 [label = "b, c"];
	q34 -> q49 [label = "b"];
	q26 -> q24 [label = "b"];
	q34 -> q59 [label = "b"];
	q36 -> q11 [label = "c"];
	q23 -> q12 [label = "b, c"];
	q36 -> q14 [label = "a, c"];
	q9 -> q14 [label = "a, b, c"];
	q32 -> q9 [label = "b, c"];
	q59 -> q5 [label = "a, c"];
	q23 -> q5 [label = "a, b, c"];
	q4 -> q34 [label = "c"];
	q32 -> q17 [label = "b"];
	q32 -> q31 [label = "b"];
	q32 -> q38 [label = "b"];
	q32 -> q42 [label = "b"];
	q32 -> q52 [label = "b"];
	q20 -> q12 [label = "b, c"];
	q32 -> q53 [label = "b"];
	q50 -> q28 [label = "a, c"];
	q13 -> q55 [label = "a, b, c"];
	q38 -> q33 [label = "c"];
	q32 -> q1 [label = "c"];
	q32 -> q11 [label = "c"];
	q33 -> q9 [label = "b"];
	q38 -> q39 [label = "b"];
	q38 -> q42 [label = "b"];
	q38 -> q46 [label = "b"];
	q37 -> q36 [label = "b, c"];
	q38 -> q53 [label = "b"];
	q10 -> q5 [label = "a, b, c"];
	q9 -> q59 [label = "a, b"];
	q33 -> q4 [label = "a"];
	q41 -> q44 [label = "c"];
	q12 -> q55 [label = "c"];
	q33 -> q38 [label = "a"];
	q37 -> q1 [label = "c"];
	q37 -> q14 [label = "a, b, c"];
	q35 -> q5 [label = "a, c"];
	q18 -> q12 [label = "b, c"];
	q39 -> q1 [label = "c"];
	q44 -> q31 [label = "b"];
	q13 -> q50 [label = "b, c"];
	q39 -> q5 [label = "a, c"];
	q39 -> q14 [label = "a, c"];
	q39 -> q44 [label = "c"];
	q37 -> q59 [label = "a, b"];
	q34 -> q36 [label = "c"];
}
NFA size: 60 states

