Random target AFA:
digraph finite_state_machine {
	rankdir=LR;
	node [shape = circle];
	s0 [shape = point, style = invis, start="true" ];
	s1 [shape = point, style = invis, start="true" ];
	q0 [label = "q0"];
	q1 [label = "q1"];
	q2 [label = "q2", shape = doublecircle, final="true" ];
	q3 [label = "q3", shape = doublecircle, final="true" ];
	q4 [label = "q4"];
	q5 [label = "q5", shape = doublecircle, final="true" ];
	m0 [label = "", shape = square, style = filled, color=grey, fixedsize=true, width=.2];
	m1 [label = "", shape = square, style = filled, color=grey, fixedsize=true, width=.2];
	m2 [label = "", shape = square, style = filled, color=grey, fixedsize=true, width=.2];
	m3 [label = "", shape = square, style = filled, color=grey, fixedsize=true, width=.2];
	m4 [label = "", shape = square, style = filled, color=grey, fixedsize=true, width=.2];
	m5 [label = "", shape = square, style = filled, color=grey, fixedsize=true, width=.2];
	m6 [label = "", shape = square, style = filled, color=grey, fixedsize=true, width=.2];
	m7 [label = "", shape = square, style = filled, color=grey, fixedsize=true, width=.2];
	m8 [label = "", shape = square, style = filled, color=grey, fixedsize=true, width=.2];
	m9 [label = "", shape = square, style = filled, color=grey, fixedsize=true, width=.2];
	s0 -> q2
	s1 -> q1
	q5 -> q4 [label = "b"];
	q2 -> q0 [label = "c"];
	q4 -> m9 [label = "b"];
	q4 -> q4 [label = "b"];
	q5 -> m8 [label = "a"];
	q3 -> m7 [label = "a"];
	q3 -> q3 [label = "a"];
	q1 -> m5 [label = "b, c"];
	q5 -> m6 [label = "c"];
	q3 -> q2 [label = "c"];
	q5 -> q5 [label = "a, b"];
	q5 -> q3 [label = "c"];
	q4 -> q0 [label = "c"];
	q4 -> q3 [label = "c"];
	q0 -> q2 [label = "a"];
	q3 -> q0 [label = "b"];
	q1 -> q1 [label = "a, b"];
	q4 -> m5 [label = "a"];
	q0 -> q3 [label = "a"];
	q2 -> q4 [label = "b, c"];
	q1 -> q4 [label = "a"];
	q0 -> q5 [label = "b"];
	q1 -> q3 [label = "c"];
	q2 -> m1 [label = "a"];
	q0 -> m0 [label = "b"];
	q4 -> q1 [label = "a"];
	q2 -> m2 [label = "a"];
	q0 -> m3 [label = "c"];
	q0 -> m4 [label = "c"];
	m0 -> q2;
	m0 -> q4;
	m1 -> q0;
	m1 -> q5;
	m2 -> q3;
	m2 -> q4;
	m3 -> q4;
	m3 -> q5;
	m4 -> q3;
	m4 -> q5;
	m5 -> q0;
	m5 -> q1;
	m6 -> q2;
	m6 -> q3;
	m7 -> q1;
	m7 -> q3;
	m8 -> q0;
	m8 -> q2;
	m9 -> q0;
	m9 -> q4;
}

L* output after 10 EQ and 24259 MQ:
digraph finite_state_machine {
	rankdir=LR;
	node [shape = circle];
	s0 [shape = point, style = invis, start="true" ];
	q0 [label = "q0", shape = doublecircle, final="true" ];
	q1 [label = "q1", shape = doublecircle, final="true" ];
	q2 [label = "q2", shape = doublecircle, final="true" ];
	q3 [label = "q3", shape = doublecircle, final="true" ];
	q4 [label = "q4"];
	q5 [label = "q5", shape = doublecircle, final="true" ];
	q6 [label = "q6", shape = doublecircle, final="true" ];
	q7 [label = "q7", shape = doublecircle, final="true" ];
	q8 [label = "q8", shape = doublecircle, final="true" ];
	q9 [label = "q9", shape = doublecircle, final="true" ];
	q10 [label = "q10"];
	q11 [label = "q11"];
	q12 [label = "q12", shape = doublecircle, final="true" ];
	q13 [label = "q13", shape = doublecircle, final="true" ];
	q14 [label = "q14", shape = doublecircle, final="true" ];
	q15 [label = "q15", shape = doublecircle, final="true" ];
	q16 [label = "q16", shape = doublecircle, final="true" ];
	q17 [label = "q17", shape = doublecircle, final="true" ];
	q18 [label = "q18", shape = doublecircle, final="true" ];
	q19 [label = "q19"];
	q20 [label = "q20", shape = doublecircle, final="true" ];
	q21 [label = "q21", shape = doublecircle, final="true" ];
	q22 [label = "q22", shape = doublecircle, final="true" ];
	q23 [label = "q23", shape = doublecircle, final="true" ];
	q24 [label = "q24", shape = doublecircle, final="true" ];
	q25 [label = "q25"];
	q26 [label = "q26", shape = doublecircle, final="true" ];
	q27 [label = "q27", shape = doublecircle, final="true" ];
	q28 [label = "q28", shape = doublecircle, final="true" ];
	q29 [label = "q29", shape = doublecircle, final="true" ];
	q30 [label = "q30", shape = doublecircle, final="true" ];
	q31 [label = "q31", shape = doublecircle, final="true" ];
	q32 [label = "q32", shape = doublecircle, final="true" ];
	q33 [label = "q33", shape = doublecircle, final="true" ];
	q34 [label = "q34", shape = doublecircle, final="true" ];
	q35 [label = "q35", shape = doublecircle, final="true" ];
	q36 [label = "q36", shape = doublecircle, final="true" ];
	q37 [label = "q37"];
	q38 [label = "q38"];
	q39 [label = "q39", shape = doublecircle, final="true" ];
	q40 [label = "q40", shape = doublecircle, final="true" ];
	q41 [label = "q41", shape = doublecircle, final="true" ];
	q42 [label = "q42", shape = doublecircle, final="true" ];
	q43 [label = "q43", shape = doublecircle, final="true" ];
	q44 [label = "q44", shape = doublecircle, final="true" ];
	q45 [label = "q45", shape = doublecircle, final="true" ];
	q46 [label = "q46", shape = doublecircle, final="true" ];
	q47 [label = "q47", shape = doublecircle, final="true" ];
	q48 [label = "q48"];
	q49 [label = "q49", shape = doublecircle, final="true" ];
	q50 [label = "q50", shape = doublecircle, final="true" ];
	q51 [label = "q51", shape = doublecircle, final="true" ];
	q52 [label = "q52", shape = doublecircle, final="true" ];
	q53 [label = "q53", shape = doublecircle, final="true" ];
	q54 [label = "q54", shape = doublecircle, final="true" ];
	q55 [label = "q55", shape = doublecircle, final="true" ];
	q56 [label = "q56", shape = doublecircle, final="true" ];
	q57 [label = "q57", shape = doublecircle, final="true" ];
	q58 [label = "q58", shape = doublecircle, final="true" ];
	q59 [label = "q59", shape = doublecircle, final="true" ];
	q60 [label = "q60", shape = doublecircle, final="true" ];
	q61 [label = "q61", shape = doublecircle, final="true" ];
	q62 [label = "q62", shape = doublecircle, final="true" ];
	q63 [label = "q63", shape = doublecircle, final="true" ];
	q64 [label = "q64", shape = doublecircle, final="true" ];
	q65 [label = "q65", shape = doublecircle, final="true" ];
	q66 [label = "q66", shape = doublecircle, final="true" ];
	q67 [label = "q67", shape = doublecircle, final="true" ];
	q68 [label = "q68", shape = doublecircle, final="true" ];
	q69 [label = "q69", shape = doublecircle, final="true" ];
	q70 [label = "q70", shape = doublecircle, final="true" ];
	q71 [label = "q71", shape = doublecircle, final="true" ];
	q72 [label = "q72", shape = doublecircle, final="true" ];
	q73 [label = "q73", shape = doublecircle, final="true" ];
	q74 [label = "q74", shape = doublecircle, final="true" ];
	q75 [label = "q75", shape = doublecircle, final="true" ];
	q76 [label = "q76", shape = doublecircle, final="true" ];
	q77 [label = "q77", shape = doublecircle, final="true" ];
	q78 [label = "q78", shape = doublecircle, final="true" ];
	s0 -> q36
	q45 -> q26 [label = "a"];
	q41 -> q41 [label = "b"];
	q43 -> q30 [label = "a"];
	q40 -> q53 [label = "c"];
	q46 -> q41 [label = "b"];
	q42 -> q32 [label = "a"];
	q40 -> q37 [label = "b"];
	q40 -> q46 [label = "a"];
	q42 -> q31 [label = "b"];
	q47 -> q39 [label = "c"];
	q44 -> q53 [label = "c"];
	q43 -> q48 [label = "b"];
	q39 -> q43 [label = "a"];
	q35 -> q33 [label = "c"];
	q35 -> q34 [label = "a"];
	q33 -> q10 [label = "b"];
	q37 -> q42 [label = "c"];
	q38 -> q42 [label = "c"];
	q34 -> q12 [label = "a"];
	q32 -> q10 [label = "b"];
	q36 -> q39 [label = "c"];
	q34 -> q11 [label = "b"];
	q29 -> q44 [label = "b"];
	q30 -> q23 [label = "a"];
	q31 -> q27 [label = "b"];
	q25 -> q42 [label = "c"];
	q31 -> q53 [label = "c"];
	q27 -> q21 [label = "a"];
	q37 -> q40 [label = "a"];
	q29 -> q29 [label = "c"];
	q27 -> q27 [label = "b"];
	q30 -> q9 [label = "b"];
	q39 -> q44 [label = "b"];
	q26 -> q20 [label = "a"];
	q26 -> q44 [label = "b"];
	q24 -> q50 [label = "a"];
	q9 -> q41 [label = "b"];
	q9 -> q28 [label = "a"];
	q11 -> q27 [label = "b"];
	q24 -> q31 [label = "b"];
	q8 -> q72 [label = "c"];
	q12 -> q34 [label = "a"];
	q8 -> q5 [label = "b"];
	q27 -> q42 [label = "c"];
	q10 -> q43 [label = "a"];
	q12 -> q33 [label = "c"];
	q4 -> q42 [label = "c"];
	q14 -> q10 [label = "b"];
	q0 -> q12 [label = "a"];
	q28 -> q9 [label = "b"];
	q25 -> q49 [label = "a"];
	q2 -> q11 [label = "b"];
	q6 -> q72 [label = "c"];
	q0 -> q11 [label = "b"];
	q2 -> q12 [label = "a"];
	q25 -> q27 [label = "b"];
	q6 -> q4 [label = "b"];
	q5 -> q42 [label = "c"];
	q3 -> q7 [label = "b"];
	q35 -> q27 [label = "b"];
	q14 -> q58 [label = "c"];
	q8 -> q70 [label = "a"];
	q7 -> q42 [label = "c"];
	q3 -> q1 [label = "a"];
	q7 -> q27 [label = "b"];
	q33 -> q57 [label = "c"];
	q29 -> q28 [label = "a"];
	q6 -> q16 [label = "a"];
	q1 -> q1 [label = "a"];
	q4 -> q27 [label = "b"];
	q32 -> q24 [label = "a"];
	q2 -> q53 [label = "c"];
	q7 -> q54 [label = "a"];
	q5 -> q27 [label = "b"];
	q9 -> q53 [label = "c"];
	q57 -> q25 [label = "b"];
	q77 -> q25 [label = "b"];
	q10 -> q27 [label = "b"];
	q57 -> q39 [label = "c"];
	q63 -> q25 [label = "b"];
	q58 -> q39 [label = "c"];
	q36 -> q38 [label = "b"];
	q0 -> q51 [label = "c"];
	q60 -> q25 [label = "b"];
	q59 -> q44 [label = "b"];
	q19 -> q0 [label = "a"];
	q61 -> q64 [label = "a"];
	q61 -> q10 [label = "b"];
	q77 -> q73 [label = "c"];
	q28 -> q22 [label = "a"];
	q20 -> q44 [label = "b"];
	q66 -> q71 [label = "b"];
	q46 -> q40 [label = "a"];
	q19 -> q27 [label = "b"];
	q68 -> q64 [label = "a"];
	q31 -> q26 [label = "a"];
	q64 -> q68 [label = "a"];
	q65 -> q69 [label = "a"];
	q68 -> q61 [label = "c"];
	q39 -> q45 [label = "c"];
	q65 -> q44 [label = "b"];
	q73 -> q61 [label = "a"];
	q38 -> q38 [label = "a, b"];
	q1 -> q55 [label = "c"];
	q63 -> q17 [label = "a"];
	q70 -> q11 [label = "b"];
	q26 -> q29 [label = "c"];
	q65 -> q58 [label = "c"];
	q21 -> q41 [label = "b"];
	q76 -> q19 [label = "b"];
	q60 -> q67 [label = "c"];
	q34 -> q55 [label = "c"];
	q10 -> q53 [label = "c"];
	q47 -> q25 [label = "b"];
	q74 -> q25 [label = "b"];
	q78 -> q10 [label = "b"];
	q75 -> q1 [label = "a"];
	q73 -> q45 [label = "c"];
	q76 -> q16 [label = "a"];
	q77 -> q62 [label = "a"];
	q60 -> q66 [label = "a"];
	q19 -> q42 [label = "c"];
	q13 -> q57 [label = "c"];
	q74 -> q78 [label = "c"];
	q43 -> q29 [label = "c"];
	q68 -> q10 [label = "b"];
	q78 -> q62 [label = "a"];
	q71 -> q42 [label = "c"];
	q70 -> q8 [label = "a"];
	q54 -> q41 [label = "b"];
	q71 -> q27 [label = "b"];
	q21 -> q54 [label = "a"];
	q59 -> q65 [label = "a"];
	q16 -> q15 [label = "c"];
	q69 -> q69 [label = "a"];
	q78 -> q45 [label = "c"];
	q73 -> q44 [label = "b"];
	q30 -> q59 [label = "c"];
	q74 -> q62 [label = "a"];
	q45 -> q29 [label = "c"];
	q46 -> q18 [label = "c"];
	q72 -> q25 [label = "b"];
	q18 -> q57 [label = "c"];
	q76 -> q72 [label = "c"];
	q33 -> q56 [label = "a"];
	q21 -> q51 [label = "c"];
	q72 -> q76 [label = "a"];
	q63 -> q67 [label = "c"];
	q3 -> q53 [label = "c"];
	q12 -> q7 [label = "b"];
	q64 -> q14 [label = "c"];
	q69 -> q57 [label = "c"];
	q69 -> q44 [label = "b"];
	q50 -> q10 [label = "b"];
	q59 -> q58 [label = "c"];
	q53 -> q61 [label = "a, c"];
	q67 -> q73 [label = "c"];
	q75 -> q7 [label = "b"];
	q15 -> q25 [label = "b"];
	q72 -> q77 [label = "c"];
	q58 -> q28 [label = "a"];
	q62 -> q10 [label = "b"];
	q28 -> q29 [label = "c"];
	q13 -> q17 [label = "a"];
	q56 -> q63 [label = "c"];
	q41 -> q42 [label = "c"];
	q66 -> q70 [label = "a"];
	q62 -> q14 [label = "c"];
	q71 -> q75 [label = "a"];
	q56 -> q10 [label = "b"];
	q20 -> q61 [label = "c"];
	q58 -> q27 [label = "b"];
	q4 -> q2 [label = "a"];
	q56 -> q56 [label = "a"];
	q67 -> q43 [label = "a"];
	q55 -> q62 [label = "a"];
	q48 -> q53 [label = "c"];
	q53 -> q44 [label = "b"];
	q51 -> q14 [label = "c"];
	q1 -> q7 [label = "b"];
	q54 -> q54 [label = "a"];
	q51 -> q10 [label = "b"];
	q42 -> q47 [label = "c"];
	q61 -> q29 [label = "c"];
	q52 -> q10 [label = "b"];
	q51 -> q52 [label = "a"];
	q41 -> q54 [label = "a"];
	q50 -> q57 [label = "c"];
	q55 -> q10 [label = "b"];
	q49 -> q51 [label = "c"];
	q55 -> q61 [label = "c"];
	q49 -> q37 [label = "b"];
	q49 -> q46 [label = "a"];
	q24 -> q60 [label = "c"];
	q64 -> q44 [label = "b"];
	q52 -> q62 [label = "a"];
	q54 -> q53 [label = "c"];
	q50 -> q24 [label = "a"];
	q17 -> q44 [label = "b"];
	q48 -> q41 [label = "b"];
	q52 -> q59 [label = "c"];
	q32 -> q58 [label = "c"];
	q48 -> q43 [label = "a"];
	q47 -> q35 [label = "a"];
	q44 -> q28 [label = "a"];
	q36 -> q37 [label = "a"];
	q44 -> q27 [label = "b"];
	q22 -> q22 [label = "a"];
	q70 -> q74 [label = "c"];
	q45 -> q44 [label = "b"];
	q67 -> q27 [label = "b"];
	q23 -> q48 [label = "b"];
	q23 -> q45 [label = "c"];
	q17 -> q13 [label = "a"];
	q23 -> q30 [label = "a"];
	q66 -> q72 [label = "c"];
	q20 -> q20 [label = "a"];
	q37 -> q41 [label = "b"];
	q5 -> q3 [label = "a"];
	q22 -> q9 [label = "b"];
	q11 -> q40 [label = "a"];
	q57 -> q64 [label = "a"];
	q18 -> q14 [label = "a"];
	q16 -> q11 [label = "b"];
	q22 -> q45 [label = "c"];
	q75 -> q51 [label = "c"];
	q18 -> q44 [label = "b"];
	q15 -> q56 [label = "a"];
	q15 -> q77 [label = "c"];
	q13 -> q10 [label = "b"];
	q62 -> q62 [label = "a"];
	q11 -> q42 [label = "c"];
	q17 -> q63 [label = "c"];
	q16 -> q6 [label = "a"];
	q14 -> q17 [label = "a"];
}
DFA size: 79 states

NL* output after 13 EQ and 21535 MQ:
digraph finite_state_machine {
	rankdir=LR;
	node [shape = circle];
	s0 [shape = point, style = invis, start="true" ];
	s1 [shape = point, style = invis, start="true" ];
	q0 [label = "q0", shape = doublecircle, final="true" ];
	q1 [label = "q1", shape = doublecircle, final="true" ];
	q2 [label = "q2", shape = doublecircle, final="true" ];
	q3 [label = "q3"];
	q4 [label = "q4", shape = doublecircle, final="true" ];
	q5 [label = "q5"];
	q6 [label = "q6", shape = doublecircle, final="true" ];
	q7 [label = "q7"];
	q8 [label = "q8", shape = doublecircle, final="true" ];
	q9 [label = "q9", shape = doublecircle, final="true" ];
	q10 [label = "q10", shape = doublecircle, final="true" ];
	q11 [label = "q11", shape = doublecircle, final="true" ];
	q12 [label = "q12", shape = doublecircle, final="true" ];
	q13 [label = "q13", shape = doublecircle, final="true" ];
	q14 [label = "q14", shape = doublecircle, final="true" ];
	q15 [label = "q15", shape = doublecircle, final="true" ];
	q16 [label = "q16", shape = doublecircle, final="true" ];
	q17 [label = "q17", shape = doublecircle, final="true" ];
	q18 [label = "q18", shape = doublecircle, final="true" ];
	q19 [label = "q19", shape = doublecircle, final="true" ];
	q20 [label = "q20", shape = doublecircle, final="true" ];
	q21 [label = "q21"];
	q22 [label = "q22", shape = doublecircle, final="true" ];
	q23 [label = "q23", shape = doublecircle, final="true" ];
	q24 [label = "q24", shape = doublecircle, final="true" ];
	q25 [label = "q25", shape = doublecircle, final="true" ];
	q26 [label = "q26"];
	q27 [label = "q27", shape = doublecircle, final="true" ];
	q28 [label = "q28", shape = doublecircle, final="true" ];
	q29 [label = "q29", shape = doublecircle, final="true" ];
	q30 [label = "q30", shape = doublecircle, final="true" ];
	q31 [label = "q31", shape = doublecircle, final="true" ];
	s0 -> q21
	s1 -> q22
	q18 -> q11 [label = "c"];
	q18 -> q9 [label = "c"];
	q18 -> q3 [label = "c"];
	q20 -> q25 [label = "b"];
	q20 -> q15 [label = "b"];
	q20 -> q10 [label = "b"];
	q20 -> q3 [label = "b"];
	q17 -> q18 [label = "c"];
	q17 -> q6 [label = "c"];
	q19 -> q31 [label = "a"];
	q19 -> q23 [label = "a"];
	q19 -> q14 [label = "a"];
	q19 -> q9 [label = "a"];
	q17 -> q7 [label = "b"];
	q17 -> q3 [label = "b"];
	q23 -> q31 [label = "c"];
	q23 -> q30 [label = "c"];
	q23 -> q26 [label = "b, c"];
	q23 -> q24 [label = "c"];
	q23 -> q17 [label = "c"];
	q23 -> q16 [label = "c"];
	q23 -> q8 [label = "c"];
	q23 -> q5 [label = "c"];
	q23 -> q4 [label = "c"];
	q23 -> q3 [label = "c"];
	q17 -> q17 [label = "a"];
	q17 -> q8 [label = "a"];
	q17 -> q4 [label = "a"];
	q21 -> q4 [label = "c"];
	q20 -> q27 [label = "a"];
	q20 -> q14 [label = "a"];
	q20 -> q8 [label = "a"];
	q22 -> q21 [label = "a, b"];
	q16 -> q7 [label = "b"];
	q16 -> q3 [label = "b"];
	q22 -> q30 [label = "c"];
	q22 -> q26 [label = "a, c"];
	q18 -> q12 [label = "c"];
	q22 -> q25 [label = "c"];
	q22 -> q20 [label = "c"];
	q22 -> q12 [label = "c"];
	q22 -> q11 [label = "c"];
	q22 -> q10 [label = "c"];
	q22 -> q9 [label = "c"];
	q22 -> q8 [label = "c"];
	q22 -> q7 [label = "a, c"];
	q22 -> q6 [label = "c"];
	q22 -> q3 [label = "a, c"];
	q16 -> q17 [label = "a, c"];
	q16 -> q16 [label = "a"];
	q19 -> q27 [label = "a"];
	q16 -> q10 [label = "a, c"];
	q16 -> q8 [label = "a, c"];
	q20 -> q18 [label = "a, c"];
	q20 -> q19 [label = "b"];
	q20 -> q12 [label = "a, c"];
	q23 -> q7 [label = "b, c"];
	q15 -> q14 [label = "a"];
	q22 -> q24 [label = "c"];
	q15 -> q8 [label = "a"];
	q13 -> q13 [label = "b"];
	q13 -> q7 [label = "b"];
	q11 -> q31 [label = "c"];
	q17 -> q12 [label = "c"];
	q11 -> q12 [label = "c"];
	q11 -> q11 [label = "c"];
	q11 -> q9 [label = "c"];
	q14 -> q4 [label = "a"];
	q12 -> q26 [label = "b"];
	q12 -> q7 [label = "b"];
	q10 -> q12 [label = "c"];
	q15 -> q13 [label = "b"];
	q15 -> q7 [label = "b"];
	q13 -> q0 [label = "a"];
	q18 -> q25 [label = "c"];
	q9 -> q31 [label = "c"];
	q9 -> q30 [label = "c"];
	q9 -> q25 [label = "c"];
	q9 -> q24 [label = "c"];
	q9 -> q20 [label = "c"];
	q9 -> q15 [label = "c"];
	q9 -> q12 [label = "c"];
	q9 -> q11 [label = "c"];
	q23 -> q20 [label = "c"];
	q9 -> q9 [label = "c"];
	q3 -> q15 [label = "c"];
	q5 -> q13 [label = "b"];
	q5 -> q7 [label = "b"];
	q7 -> q0 [label = "a"];
	q11 -> q10 [label = "a, c"];
	q9 -> q26 [label = "b"];
	q5 -> q15 [label = "c"];
	q21 -> q20 [label = "c"];
	q19 -> q16 [label = "a, c"];
	q19 -> q13 [label = "b"];
	q24 -> q15 [label = "b"];
	q31 -> q26 [label = "b"];
	q3 -> q14 [label = "a"];
	q27 -> q26 [label = "b"];
	q30 -> q26 [label = "b"];
	q1 -> q26 [label = "b"];
	q19 -> q11 [label = "a, c"];
	q15 -> q12 [label = "c"];
	q19 -> q6 [label = "a, c"];
	q19 -> q15 [label = "a, c"];
	q16 -> q14 [label = "c"];
	q16 -> q26 [label = "b"];
	q26 -> q13 [label = "b"];
	q23 -> q10 [label = "a, c"];
	q6 -> q17 [label = "a"];
	q28 -> q17 [label = "c"];
	q18 -> q5 [label = "c"];
	q28 -> q12 [label = "c"];
	q6 -> q7 [label = "b"];
	q28 -> q11 [label = "c"];
	q19 -> q20 [label = "c"];
	q24 -> q25 [label = "b"];
	q19 -> q24 [label = "a, c"];
	q24 -> q10 [label = "b"];
	q22 -> q5 [label = "c"];
	q24 -> q7 [label = "b"];
	q24 -> q3 [label = "b"];
	q7 -> q24 [label = "c"];
	q23 -> q11 [label = "c"];
	q24 -> q19 [label = "b"];
	q2 -> q15 [label = "a, c"];
	q16 -> q4 [label = "a, c"];
	q1 -> q30 [label = "c"];
	q30 -> q27 [label = "c"];
	q30 -> q14 [label = "c"];
	q5 -> q18 [label = "a"];
	q19 -> q1 [label = "a"];
	q4 -> q7 [label = "b"];
	q3 -> q20 [label = "c"];
	q27 -> q4 [label = "a"];
	q23 -> q12 [label = "c"];
	q23 -> q6 [label = "c"];
	q21 -> q10 [label = "c"];
	q24 -> q12 [label = "a, c"];
	q16 -> q5 [label = "b"];
	q3 -> q4 [label = "a, c"];
	q9 -> q7 [label = "b, c"];
	q11 -> q8 [label = "a, c"];
	q28 -> q15 [label = "a"];
	q28 -> q10 [label = "a, c"];
	q21 -> q24 [label = "c"];
	q31 -> q16 [label = "a"];
	q19 -> q2 [label = "a"];
	q9 -> q3 [label = "c"];
	q24 -> q13 [label = "b"];
	q28 -> q4 [label = "a, c"];
	q28 -> q6 [label = "c"];
	q5 -> q26 [label = "b"];
	q30 -> q7 [label = "b"];
	q8 -> q7 [label = "b"];
	q20 -> q7 [label = "b"];
	q1 -> q25 [label = "a"];
	q22 -> q15 [label = "c"];
	q30 -> q3 [label = "b"];
	q21 -> q15 [label = "c"];
	q26 -> q0 [label = "a"];
	q29 -> q3 [label = "a, b"];
	q25 -> q14 [label = "a"];
	q19 -> q28 [label = "a"];
	q19 -> q0 [label = "a"];
	q17 -> q26 [label = "b"];
	q29 -> q16 [label = "c"];
	q18 -> q10 [label = "a, c"];
	q7 -> q20 [label = "c"];
	q26 -> q15 [label = "c"];
	q28 -> q8 [label = "a, c"];
	q19 -> q7 [label = "b"];
	q26 -> q4 [label = "c"];
	q26 -> q10 [label = "c"];
	q0 -> q7 [label = "b"];
	q1 -> q3 [label = "b"];
	q18 -> q7 [label = "b, c"];
	q6 -> q4 [label = "a"];
	q31 -> q17 [label = "a, c"];
	q27 -> q9 [label = "c"];
	q19 -> q18 [label = "a"];
	q30 -> q6 [label = "c"];
	q20 -> q13 [label = "b"];
	q30 -> q5 [label = "b"];
	q2 -> q8 [label = "a, c"];
	q18 -> q26 [label = "b, c"];
	q5 -> q28 [label = "a"];
	q20 -> q23 [label = "c"];
	q1 -> q28 [label = "a"];
	q19 -> q17 [label = "a, c"];
	q5 -> q2 [label = "a"];
	q19 -> q12 [label = "a, c"];
	q18 -> q15 [label = "a, c"];
	q27 -> q23 [label = "c"];
	q31 -> q18 [label = "c"];
	q29 -> q15 [label = "a"];
	q0 -> q3 [label = "b"];
	q19 -> q4 [label = "a, c"];
	q31 -> q4 [label = "a, c"];
	q29 -> q4 [label = "a, c"];
	q5 -> q10 [label = "a, c"];
	q5 -> q17 [label = "a, c"];
	q26 -> q26 [label = "b"];
	q28 -> q16 [label = "c"];
	q9 -> q4 [label = "a, c"];
	q9 -> q6 [label = "c"];
	q27 -> q24 [label = "a"];
	q27 -> q6 [label = "c"];
	q25 -> q4 [label = "a, c"];
	q5 -> q24 [label = "c"];
	q19 -> q25 [label = "a, c"];
	q30 -> q31 [label = "a"];
	q25 -> q8 [label = "a, c"];
	q31 -> q5 [label = "b"];
	q2 -> q30 [label = "c"];
	q31 -> q20 [label = "c"];
	q5 -> q9 [label = "a"];
	q29 -> q30 [label = "c"];
	q28 -> q7 [label = "b"];
	q18 -> q6 [label = "c"];
	q11 -> q7 [label = "b"];
	q13 -> q10 [label = "c"];
	q13 -> q26 [label = "b"];
	q6 -> q8 [label = "a"];
	q31 -> q8 [label = "a, c"];
	q10 -> q7 [label = "b"];
	q14 -> q12 [label = "c"];
	q28 -> q26 [label = "b"];
	q31 -> q24 [label = "c"];
	q29 -> q21 [label = "a, b"];
	q11 -> q6 [label = "c"];
	q19 -> q10 [label = "a, c"];
	q19 -> q8 [label = "a, c"];
	q27 -> q3 [label = "b"];
	q25 -> q13 [label = "b"];
	q29 -> q26 [label = "a, b"];
	q27 -> q10 [label = "a, c"];
	q27 -> q11 [label = "c"];
	q22 -> q4 [label = "c"];
	q31 -> q12 [label = "c"];
	q19 -> q26 [label = "b"];
	q27 -> q7 [label = "b"];
	q26 -> q24 [label = "c"];
	q30 -> q17 [label = "a, c"];
	q14 -> q10 [label = "a, c"];
	q30 -> q16 [label = "a"];
	q2 -> q20 [label = "c"];
	q29 -> q10 [label = "a, c"];
	q24 -> q8 [label = "a"];
	q16 -> q12 [label = "c"];
	q31 -> q14 [label = "c"];
	q0 -> q4 [label = "a, c"];
	q25 -> q26 [label = "b"];
	q23 -> q25 [label = "a, c"];
	q5 -> q25 [label = "c"];
	q25 -> q10 [label = "a, c"];
	q29 -> q8 [label = "a, c"];
	q29 -> q25 [label = "a"];
	q25 -> q6 [label = "c"];
	q6 -> q9 [label = "c"];
	q29 -> q17 [label = "c"];
	q31 -> q27 [label = "c"];
	q22 -> q17 [label = "c"];
	q26 -> q29 [label = "a"];
	q25 -> q12 [label = "c"];
	q23 -> q15 [label = "a, c"];
	q21 -> q21 [label = "a, b"];
	q25 -> q17 [label = "c"];
	q11 -> q26 [label = "b"];
	q31 -> q6 [label = "c"];
	q31 -> q15 [label = "c"];
	q24 -> q14 [label = "a"];
	q29 -> q7 [label = "a, b"];
	q25 -> q28 [label = "a"];
	q27 -> q12 [label = "c"];
	q6 -> q11 [label = "c"];
	q25 -> q7 [label = "b"];
	q4 -> q12 [label = "c"];
	q26 -> q20 [label = "c"];
	q11 -> q17 [label = "a, c"];
	q9 -> q8 [label = "a, c"];
	q17 -> q5 [label = "b"];
	q9 -> q10 [label = "a, c"];
	q13 -> q20 [label = "c"];
	q2 -> q11 [label = "c"];
	q13 -> q1 [label = "a"];
	q9 -> q17 [label = "a, c"];
	q4 -> q8 [label = "a"];
	q31 -> q10 [label = "a, c"];
	q13 -> q4 [label = "c"];
	q22 -> q31 [label = "c"];
	q13 -> q15 [label = "c"];
	q5 -> q0 [label = "a"];
	q24 -> q18 [label = "c"];
	q13 -> q24 [label = "c"];
	q5 -> q16 [label = "a, c"];
	q8 -> q6 [label = "c"];
	q8 -> q12 [label = "c"];
	q12 -> q11 [label = "c"];
	q2 -> q16 [label = "c"];
	q12 -> q10 [label = "a, c"];
	q2 -> q10 [label = "a, c"];
	q14 -> q3 [label = "b"];
	q1 -> q17 [label = "c"];
	q30 -> q12 [label = "c"];
	q1 -> q7 [label = "b"];
	q14 -> q26 [label = "b"];
	q8 -> q3 [label = "b"];
	q2 -> q7 [label = "b"];
	q3 -> q8 [label = "a"];
	q0 -> q16 [label = "c"];
	q10 -> q8 [label = "a"];
	q5 -> q21 [label = "a"];
	q14 -> q6 [label = "c"];
	q2 -> q24 [label = "c"];
	q3 -> q28 [label = "a"];
	q14 -> q11 [label = "c"];
	q8 -> q4 [label = "a"];
	q12 -> q6 [label = "c"];
	q31 -> q7 [label = "b"];
	q12 -> q12 [label = "c"];
	q0 -> q8 [label = "a, c"];
	q0 -> q15 [label = "a"];
	q0 -> q10 [label = "a, c"];
	q0 -> q25 [label = "a"];
	q12 -> q9 [label = "c"];
	q2 -> q25 [label = "a, c"];
	q1 -> q8 [label = "a, c"];
	q2 -> q26 [label = "b"];
	q30 -> q18 [label = "c"];
	q6 -> q6 [label = "c"];
	q6 -> q10 [label = "a, c"];
	q6 -> q12 [label = "c"];
	q26 -> q7 [label = "b"];
	q27 -> q5 [label = "b"];
	q30 -> q10 [label = "a, c"];
	q0 -> q26 [label = "b"];
	q17 -> q10 [label = "a, c"];
	q14 -> q15 [label = "a"];
	q2 -> q4 [label = "a, c"];
	q6 -> q26 [label = "b"];
	q30 -> q8 [label = "a, c"];
	q0 -> q17 [label = "c"];
	q0 -> q30 [label = "c"];
	q28 -> q25 [label = "a"];
	q5 -> q4 [label = "a, c"];
	q5 -> q11 [label = "a, c"];
	q5 -> q12 [label = "a, c"];
	q5 -> q20 [label = "c"];
	q5 -> q30 [label = "a, c"];
	q23 -> q9 [label = "c"];
	q27 -> q15 [label = "a"];
	q1 -> q4 [label = "a, c"];
	q11 -> q4 [label = "a, c"];
	q1 -> q10 [label = "a, c"];
	q8 -> q26 [label = "b"];
	q1 -> q14 [label = "a"];
	q30 -> q4 [label = "a, c"];
	q2 -> q6 [label = "c"];
	q1 -> q15 [label = "a"];
	q22 -> q16 [label = "c"];
	q3 -> q7 [label = "b"];
	q7 -> q10 [label = "c"];
	q16 -> q18 [label = "c"];
	q9 -> q16 [label = "a, c"];
	q3 -> q26 [label = "b"];
	q16 -> q6 [label = "c"];
	q2 -> q3 [label = "b"];
	q7 -> q4 [label = "c"];
	q19 -> q30 [label = "c"];
	q7 -> q15 [label = "c"];
	q1 -> q13 [label = "b"];
	q11 -> q16 [label = "a, c"];
	q3 -> q0 [label = "a"];
	q24 -> q27 [label = "a"];
	q5 -> q22 [label = "a"];
	q3 -> q2 [label = "a"];
	q16 -> q27 [label = "c"];
	q5 -> q23 [label = "a"];
	q14 -> q7 [label = "b"];
	q5 -> q31 [label = "a"];
	q3 -> q10 [label = "a, c"];
	q7 -> q7 [label = "b"];
	q27 -> q18 [label = "c"];
	q5 -> q6 [label = "a, c"];
	q4 -> q3 [label = "b"];
	q7 -> q13 [label = "b"];
	q28 -> q3 [label = "b"];
	q7 -> q26 [label = "b"];
	q5 -> q14 [label = "a"];
	q8 -> q10 [label = "a, c"];
	q31 -> q3 [label = "b"];
	q5 -> q27 [label = "a"];
	q3 -> q13 [label = "b"];
	q5 -> q29 [label = "a"];
	q1 -> q16 [label = "c"];
	q3 -> q24 [label = "c"];
	q5 -> q8 [label = "a, c"];
	q2 -> q12 [label = "c"];
	q2 -> q17 [label = "c"];
}
NFA size: 32 states

AL* output after 17 EQ and 5250 MQ:
digraph finite_state_machine {
	rankdir=LR;
	node [shape = circle];
	s0 [shape = point, style = invis, start="true" ];
	s1 [shape = point, style = invis, start="true" ];
	q0 [label = "q0", shape = doublecircle, final="true" ];
	q1 [label = "q1", shape = doublecircle, final="true" ];
	q2 [label = "q2", shape = doublecircle, final="true" ];
	q3 [label = "q3", shape = doublecircle, final="true" ];
	q4 [label = "q4"];
	q5 [label = "q5", shape = doublecircle, final="true" ];
	q6 [label = "q6", shape = doublecircle, final="true" ];
	q7 [label = "q7", shape = doublecircle, final="true" ];
	q8 [label = "q8", shape = doublecircle, final="true" ];
	q9 [label = "q9", shape = doublecircle, final="true" ];
	q10 [label = "q10", shape = doublecircle, final="true" ];
	q11 [label = "q11"];
	m0 [label = "", shape = square, style = filled, color=grey, fixedsize=true, width=.2];
	m1 [label = "", shape = square, style = filled, color=grey, fixedsize=true, width=.2];
	m2 [label = "", shape = square, style = filled, color=grey, fixedsize=true, width=.2];
	m3 [label = "", shape = square, style = filled, color=grey, fixedsize=true, width=.2];
	m4 [label = "", shape = square, style = filled, color=grey, fixedsize=true, width=.2];
	m5 [label = "", shape = square, style = filled, color=grey, fixedsize=true, width=.2];
	m6 [label = "", shape = square, style = filled, color=grey, fixedsize=true, width=.2];
	m7 [label = "", shape = square, style = filled, color=grey, fixedsize=true, width=.2];
	m8 [label = "", shape = square, style = filled, color=grey, fixedsize=true, width=.2];
	m9 [label = "", shape = square, style = filled, color=grey, fixedsize=true, width=.2];
	m10 [label = "", shape = square, style = filled, color=grey, fixedsize=true, width=.2];
	m11 [label = "", shape = square, style = filled, color=grey, fixedsize=true, width=.2];
	m12 [label = "", shape = square, style = filled, color=grey, fixedsize=true, width=.2];
	m13 [label = "", shape = square, style = filled, color=grey, fixedsize=true, width=.2];
	m14 [label = "", shape = square, style = filled, color=grey, fixedsize=true, width=.2];
	m15 [label = "", shape = square, style = filled, color=grey, fixedsize=true, width=.2];
	s0 -> m0
	s1 -> m1
	q9 -> m3 [label = "b"];
	q9 -> m8 [label = "b"];
	q9 -> m11 [label = "a"];
	q9 -> m2 [label = "a"];
	q8 -> m3 [label = "c"];
	q8 -> m2 [label = "c"];
	q8 -> m7 [label = "b, c"];
	q10 -> m10 [label = "a"];
	q9 -> m4 [label = "b"];
	q8 -> m15 [label = "a"];
	q8 -> m14 [label = "a"];
	q8 -> m4 [label = "a"];
	q8 -> m13 [label = "a"];
	q10 -> m7 [label = "b"];
	q10 -> m3 [label = "b"];
	q10 -> m8 [label = "b"];
	q4 -> m3 [label = "c"];
	q10 -> m2 [label = "a"];
	q2 -> m3 [label = "b"];
	q6 -> m2 [label = "c"];
	q6 -> m4 [label = "c"];
	q11 -> m0 [label = "a, b"];
	q1 -> m4 [label = "c"];
	q5 -> m2 [label = "c"];
	q6 -> m11 [label = "a"];
	q2 -> m8 [label = "b"];
	q6 -> m0 [label = "a, b"];
	q4 -> m2 [label = "a, c"];
	q8 -> m8 [label = "b, c"];
	q4 -> m4 [label = "c"];
	q6 -> m9 [label = "a, b"];
	q7 -> m11 [label = "a"];
	q2 -> m6 [label = "c"];
	q7 -> m0 [label = "a"];
	q5 -> m7 [label = "c"];
	q4 -> m10 [label = "b"];
	q11 -> m3 [label = "c"];
	q7 -> m10 [label = "a, b"];
	q11 -> m2 [label = "c"];
	q9 -> m1 [label = "c"];
	q11 -> m8 [label = "a, b"];
	q6 -> m8 [label = "a, b"];
	q4 -> m1 [label = "a"];
	q10 -> m5 [label = "c"];
	q6 -> m10 [label = "a, b"];
	q2 -> m4 [label = "b, c"];
	q10 -> m1 [label = "c"];
	q5 -> m0 [label = "a, b"];
	q3 -> m3 [label = "b, c"];
	q5 -> m3 [label = "c"];
	q2 -> m1 [label = "a, c"];
	q0 -> m4 [label = "a, c"];
	q0 -> m9 [label = "b"];
	q9 -> m9 [label = "a, b"];
	q9 -> m6 [label = "c"];
	q1 -> m3 [label = "c"];
	q5 -> m8 [label = "a, b, c"];
	q3 -> m2 [label = "a"];
	q7 -> m2 [label = "c"];
	q4 -> m0 [label = "a, b"];
	q7 -> m9 [label = "a, b"];
	q10 -> m4 [label = "c"];
	q1 -> m2 [label = "a, c"];
	q2 -> m9 [label = "b"];
	q5 -> m10 [label = "a"];
	q7 -> m8 [label = "b"];
	q7 -> m7 [label = "b"];
	q3 -> m10 [label = "a"];
	q0 -> m2 [label = "a, c"];
	q1 -> m9 [label = "b"];
	q1 -> m10 [label = "a, b"];
	q1 -> m8 [label = "b"];
	q0 -> m1 [label = "a, c"];
	q3 -> m1 [label = "c"];
	q0 -> m7 [label = "b"];
	q4 -> m9 [label = "b"];
	q4 -> m8 [label = "b"];
	q1 -> m7 [label = "b"];
	q2 -> m2 [label = "a"];
	q7 -> m3 [label = "c"];
	q3 -> m8 [label = "b"];
	q1 -> m0 [label = "a"];
	q3 -> m7 [label = "b, c"];
	q1 -> m1 [label = "a"];
	q0 -> m8 [label = "b"];
	q8 -> m10 [label = "a, b"];
	q0 -> m3 [label = "b"];
	q6 -> m12 [label = "c"];
	m0 -> q4;
	m0 -> q5;
	m0 -> q6;
	m0 -> q11;
	m1 -> q3;
	m1 -> q5;
	m1 -> q8;
	m2 -> q0;
	m2 -> q2;
	m2 -> q3;
	m2 -> q9;
	m2 -> q10;
	m3 -> q0;
	m3 -> q1;
	m3 -> q2;
	m3 -> q4;
	m4 -> q0;
	m4 -> q1;
	m4 -> q4;
	m4 -> q5;
	m4 -> q6;
	m4 -> q7;
	m4 -> q8;
	m4 -> q11;
	m5 -> q0;
	m5 -> q1;
	m5 -> q2;
	m5 -> q3;
	m5 -> q4;
	m5 -> q9;
	m5 -> q10;
	m6 -> q0;
	m6 -> q1;
	m6 -> q2;
	m6 -> q3;
	m6 -> q4;
	m6 -> q6;
	m6 -> q7;
	m6 -> q8;
	m6 -> q9;
	m6 -> q10;
	m7 -> q1;
	m7 -> q4;
	m7 -> q5;
	m7 -> q6;
	m7 -> q7;
	m7 -> q11;
	m8 -> q1;
	m8 -> q3;
	m8 -> q4;
	m8 -> q5;
	m8 -> q7;
	m8 -> q8;
	m8 -> q11;
	m9 -> q1;
	m9 -> q3;
	m9 -> q5;
	m9 -> q6;
	m9 -> q7;
	m9 -> q8;
	m9 -> q10;
	m10 -> q0;
	m10 -> q1;
	m10 -> q2;
	m10 -> q4;
	m10 -> q6;
	m10 -> q7;
	m10 -> q9;
	m11 -> q0;
	m11 -> q1;
	m11 -> q2;
	m11 -> q3;
	m11 -> q4;
	m11 -> q5;
	m11 -> q6;
	m11 -> q8;
	m11 -> q10;
	m12 -> q0;
	m12 -> q1;
	m12 -> q2;
	m12 -> q4;
	m12 -> q5;
	m12 -> q6;
	m12 -> q11;
	m13 -> q0;
	m13 -> q1;
	m13 -> q2;
	m13 -> q3;
	m13 -> q5;
	m13 -> q6;
	m13 -> q7;
	m13 -> q8;
	m13 -> q9;
	m13 -> q10;
	m14 -> q0;
	m14 -> q1;
	m14 -> q2;
	m14 -> q3;
	m14 -> q4;
	m14 -> q5;
	m14 -> q6;
	m14 -> q8;
	m14 -> q9;
	m14 -> q10;
	m15 -> q0;
	m15 -> q1;
	m15 -> q2;
	m15 -> q3;
	m15 -> q4;
	m15 -> q5;
	m15 -> q7;
	m15 -> q8;
	m15 -> q9;
	m15 -> q10;
	m15 -> q11;
}
AFA size: 12 states

