Random target AFA:
digraph finite_state_machine {
	rankdir=LR;
	node [shape = circle];
	s0 [shape = point, style = invis, start="true" ];
	s1 [shape = point, style = invis, start="true" ];
	q0 [label = "q0"];
	q1 [label = "q1"];
	q2 [label = "q2"];
	q3 [label = "q3"];
	q4 [label = "q4"];
	q5 [label = "q5", shape = doublecircle, final="true" ];
	m0 [label = "", shape = square, style = filled, color=grey, fixedsize=true, width=.2];
	m1 [label = "", shape = square, style = filled, color=grey, fixedsize=true, width=.2];
	m2 [label = "", shape = square, style = filled, color=grey, fixedsize=true, width=.2];
	m3 [label = "", shape = square, style = filled, color=grey, fixedsize=true, width=.2];
	m4 [label = "", shape = square, style = filled, color=grey, fixedsize=true, width=.2];
	m5 [label = "", shape = square, style = filled, color=grey, fixedsize=true, width=.2];
	m6 [label = "", shape = square, style = filled, color=grey, fixedsize=true, width=.2];
	m7 [label = "", shape = square, style = filled, color=grey, fixedsize=true, width=.2];
	m8 [label = "", shape = square, style = filled, color=grey, fixedsize=true, width=.2];
	m9 [label = "", shape = square, style = filled, color=grey, fixedsize=true, width=.2];
	m10 [label = "", shape = square, style = filled, color=grey, fixedsize=true, width=.2];
	s0 -> q2
	s1 -> q2
	q3 -> m10 [label = "c"];
	q0 -> q3 [label = "a, b"];
	q3 -> q0 [label = "a, b, c"];
	q2 -> m2 [label = "a"];
	q0 -> m1 [label = "b"];
	q2 -> m0 [label = "b"];
	q0 -> q1 [label = "c"];
	q5 -> m3 [label = "c"];
	q4 -> m4 [label = "a"];
	q0 -> m3 [label = "c"];
	q4 -> q5 [label = "c"];
	q2 -> q1 [label = "a"];
	q3 -> m7 [label = "b"];
	q4 -> q3 [label = "c"];
	q0 -> q5 [label = "a"];
	q1 -> q4 [label = "a"];
	q5 -> q1 [label = "b"];
	q5 -> m6 [label = "c"];
	q3 -> q3 [label = "a"];
	q1 -> m1 [label = "c"];
	q1 -> q3 [label = "a, b"];
	q4 -> m5 [label = "a"];
	q5 -> q4 [label = "a"];
	q5 -> m5 [label = "a"];
	q1 -> m8 [label = "b"];
	q4 -> q0 [label = "b"];
	q1 -> q2 [label = "c"];
	q4 -> m9 [label = "b"];
	q2 -> q0 [label = "c"];
	q2 -> q3 [label = "c"];
	m0 -> q1;
	m0 -> q2;
	m1 -> q4;
	m1 -> q5;
	m2 -> q2;
	m2 -> q3;
	m3 -> q1;
	m3 -> q5;
	m4 -> q2;
	m4 -> q5;
	m5 -> q0;
	m5 -> q1;
	m6 -> q1;
	m6 -> q3;
	m7 -> q0;
	m7 -> q5;
	m8 -> q2;
	m8 -> q4;
	m9 -> q0;
	m9 -> q3;
	m10 -> q0;
	m10 -> q2;
}

L* output after 12 EQ and 29349 MQ:
digraph finite_state_machine {
	rankdir=LR;
	node [shape = circle];
	s0 [shape = point, style = invis, start="true" ];
	q0 [label = "q0"];
	q1 [label = "q1"];
	q2 [label = "q2"];
	q3 [label = "q3"];
	q4 [label = "q4"];
	q5 [label = "q5", shape = doublecircle, final="true" ];
	q6 [label = "q6"];
	q7 [label = "q7"];
	q8 [label = "q8"];
	q9 [label = "q9", shape = doublecircle, final="true" ];
	q10 [label = "q10"];
	q11 [label = "q11"];
	q12 [label = "q12"];
	q13 [label = "q13"];
	q14 [label = "q14"];
	q15 [label = "q15", shape = doublecircle, final="true" ];
	q16 [label = "q16", shape = doublecircle, final="true" ];
	q17 [label = "q17"];
	q18 [label = "q18"];
	q19 [label = "q19", shape = doublecircle, final="true" ];
	q20 [label = "q20", shape = doublecircle, final="true" ];
	q21 [label = "q21"];
	q22 [label = "q22"];
	q23 [label = "q23"];
	q24 [label = "q24"];
	q25 [label = "q25", shape = doublecircle, final="true" ];
	q26 [label = "q26", shape = doublecircle, final="true" ];
	q27 [label = "q27"];
	q28 [label = "q28"];
	q29 [label = "q29"];
	q30 [label = "q30"];
	q31 [label = "q31"];
	q32 [label = "q32"];
	q33 [label = "q33"];
	q34 [label = "q34"];
	q35 [label = "q35"];
	q36 [label = "q36"];
	q37 [label = "q37"];
	q38 [label = "q38", shape = doublecircle, final="true" ];
	q39 [label = "q39"];
	q40 [label = "q40"];
	q41 [label = "q41", shape = doublecircle, final="true" ];
	q42 [label = "q42"];
	q43 [label = "q43"];
	q44 [label = "q44"];
	q45 [label = "q45"];
	q46 [label = "q46"];
	q47 [label = "q47"];
	q48 [label = "q48"];
	q49 [label = "q49"];
	q50 [label = "q50"];
	q51 [label = "q51"];
	q52 [label = "q52"];
	q53 [label = "q53", shape = doublecircle, final="true" ];
	q54 [label = "q54"];
	q55 [label = "q55"];
	q56 [label = "q56", shape = doublecircle, final="true" ];
	q57 [label = "q57"];
	q58 [label = "q58", shape = doublecircle, final="true" ];
	q59 [label = "q59"];
	q60 [label = "q60"];
	q61 [label = "q61"];
	q62 [label = "q62"];
	q63 [label = "q63"];
	q64 [label = "q64"];
	q65 [label = "q65"];
	q66 [label = "q66"];
	q67 [label = "q67"];
	q68 [label = "q68", shape = doublecircle, final="true" ];
	q69 [label = "q69", shape = doublecircle, final="true" ];
	q70 [label = "q70", shape = doublecircle, final="true" ];
	q71 [label = "q71"];
	q72 [label = "q72"];
	q73 [label = "q73"];
	q74 [label = "q74"];
	q75 [label = "q75"];
	q76 [label = "q76"];
	q77 [label = "q77"];
	q78 [label = "q78"];
	q79 [label = "q79"];
	q80 [label = "q80", shape = doublecircle, final="true" ];
	q81 [label = "q81"];
	q82 [label = "q82"];
	q83 [label = "q83"];
	q84 [label = "q84"];
	q85 [label = "q85"];
	q86 [label = "q86"];
	q87 [label = "q87"];
	q88 [label = "q88"];
	q89 [label = "q89"];
	q90 [label = "q90"];
	q91 [label = "q91"];
	q92 [label = "q92"];
	q93 [label = "q93"];
	q94 [label = "q94"];
	q95 [label = "q95"];
	q96 [label = "q96"];
	q97 [label = "q97"];
	q98 [label = "q98"];
	q99 [label = "q99"];
	q100 [label = "q100"];
	q101 [label = "q101"];
	q102 [label = "q102"];
	q103 [label = "q103"];
	q104 [label = "q104"];
	q105 [label = "q105"];
	q106 [label = "q106"];
	q107 [label = "q107"];
	q108 [label = "q108"];
	q109 [label = "q109"];
	q110 [label = "q110"];
	q111 [label = "q111"];
	q112 [label = "q112"];
	q113 [label = "q113"];
	q114 [label = "q114", shape = doublecircle, final="true" ];
	q115 [label = "q115"];
	q116 [label = "q116"];
	q117 [label = "q117"];
	q118 [label = "q118"];
	q119 [label = "q119"];
	q120 [label = "q120"];
	q121 [label = "q121"];
	q122 [label = "q122"];
	q123 [label = "q123"];
	q124 [label = "q124"];
	q125 [label = "q125"];
	q126 [label = "q126"];
	q127 [label = "q127"];
	q128 [label = "q128"];
	q129 [label = "q129"];
	q130 [label = "q130"];
	q131 [label = "q131"];
	q132 [label = "q132"];
	q133 [label = "q133"];
	q134 [label = "q134", shape = doublecircle, final="true" ];
	q135 [label = "q135"];
	q136 [label = "q136"];
	q137 [label = "q137"];
	q138 [label = "q138"];
	q139 [label = "q139"];
	q140 [label = "q140"];
	q141 [label = "q141"];
	q142 [label = "q142"];
	q143 [label = "q143"];
	q144 [label = "q144", shape = doublecircle, final="true" ];
	q145 [label = "q145"];
	s0 -> q61
	q85 -> q59 [label = "b"];
	q83 -> q57 [label = "c"];
	q87 -> q3 [label = "a"];
	q84 -> q88 [label = "b"];
	q82 -> q57 [label = "c"];
	q86 -> q56 [label = "a"];
	q83 -> q80 [label = "a"];
	q81 -> q88 [label = "b"];
	q85 -> q41 [label = "c"];
	q84 -> q3 [label = "a"];
	q80 -> q104 [label = "c"];
	q84 -> q105 [label = "c"];
	q77 -> q28 [label = "b"];
	q75 -> q137 [label = "c"];
	q77 -> q33 [label = "a"];
	q73 -> q86 [label = "c"];
	q75 -> q48 [label = "b"];
	q78 -> q19 [label = "a"];
	q78 -> q101 [label = "b"];
	q74 -> q83 [label = "a"];
	q72 -> q82 [label = "a"];
	q67 -> q71 [label = "c"];
	q68 -> q32 [label = "b"];
	q71 -> q123 [label = "b"];
	q65 -> q36 [label = "c"];
	q65 -> q59 [label = "b"];
	q67 -> q33 [label = "b"];
	q68 -> q85 [label = "a"];
	q64 -> q52 [label = "c"];
	q70 -> q86 [label = "c"];
	q64 -> q84 [label = "b"];
	q66 -> q35 [label = "b"];
	q64 -> q68 [label = "a"];
	q59 -> q57 [label = "c"];
	q60 -> q79 [label = "b"];
	q58 -> q57 [label = "c"];
	q61 -> q55 [label = "a"];
	q81 -> q80 [label = "a"];
	q61 -> q59 [label = "c"];
	q57 -> q56 [label = "a"];
	q62 -> q40 [label = "b"];
	q60 -> q54 [label = "a"];
	q56 -> q58 [label = "c"];
	q62 -> q38 [label = "c"];
	q58 -> q53 [label = "a"];
	q63 -> q37 [label = "c"];
	q56 -> q57 [label = "b"];
	q60 -> q73 [label = "c"];
	q59 -> q58 [label = "a"];
	q58 -> q52 [label = "b"];
	q55 -> q49 [label = "a"];
	q86 -> q94 [label = "b"];
	q52 -> q40 [label = "b"];
	q53 -> q53 [label = "a"];
	q51 -> q62 [label = "a"];
	q49 -> q59 [label = "b"];
	q52 -> q53 [label = "a"];
	q48 -> q46 [label = "c"];
	q50 -> q81 [label = "b"];
	q47 -> q45 [label = "a"];
	q45 -> q91 [label = "b"];
	q43 -> q58 [label = "c"];
	q82 -> q81 [label = "b"];
	q46 -> q43 [label = "a"];
	q44 -> q127 [label = "b"];
	q42 -> q57 [label = "c"];
	q18 -> q121 [label = "c"];
	q20 -> q32 [label = "b"];
	q22 -> q83 [label = "a"];
	q17 -> q131 [label = "c"];
	q23 -> q88 [label = "b"];
	q73 -> q29 [label = "a"];
	q23 -> q5 [label = "c"];
	q17 -> q59 [label = "a"];
	q81 -> q78 [label = "c"];
	q21 -> q78 [label = "c"];
	q16 -> q21 [label = "c"];
	q71 -> q72 [label = "a"];
	q20 -> q25 [label = "a"];
	q18 -> q59 [label = "a"];
	q16 -> q52 [label = "b"];
	q22 -> q100 [label = "c"];
	q78 -> q66 [label = "c"];
	q18 -> q67 [label = "b"];
	q15 -> q85 [label = "a"];
	q13 -> q94 [label = "b"];
	q14 -> q65 [label = "a"];
	q77 -> q47 [label = "c"];
	q61 -> q60 [label = "b"];
	q13 -> q114 [label = "a"];
	q9 -> q31 [label = "c"];
	q3 -> q104 [label = "c"];
	q7 -> q83 [label = "a"];
	q48 -> q126 [label = "b"];
	q6 -> q33 [label = "a"];
	q1 -> q36 [label = "c"];
	q5 -> q53 [label = "a"];
	q7 -> q67 [label = "b"];
	q1 -> q59 [label = "b"];
	q7 -> q131 [label = "c"];
	q54 -> q75 [label = "b"];
	q3 -> q59 [label = "b"];
	q1 -> q83 [label = "a"];
	q5 -> q78 [label = "c"];
	q82 -> q80 [label = "a"];
	q4 -> q80 [label = "a"];
	q6 -> q127 [label = "b"];
	q69 -> q38 [label = "c"];
	q2 -> q59 [label = "a"];
	q0 -> q67 [label = "b"];
	q6 -> q133 [label = "c"];
	q2 -> q67 [label = "b"];
	q0 -> q82 [label = "a"];
	q99 -> q83 [label = "a"];
	q43 -> q50 [label = "a"];
	q106 -> q43 [label = "a"];
	q53 -> q41 [label = "c"];
	q110 -> q120 [label = "c"];
	q56 -> q50 [label = "a"];
	q111 -> q28 [label = "b"];
	q105 -> q19 [label = "a"];
	q109 -> q36 [label = "c"];
	q57 -> q63 [label = "b"];
	q117 -> q62 [label = "a"];
	q48 -> q125 [label = "a"];
	q95 -> q53 [label = "a"];
	q111 -> q113 [label = "c"];
	q55 -> q64 [label = "c"];
	q106 -> q117 [label = "c"];
	q145 -> q83 [label = "a"];
	q70 -> q85 [label = "a"];
	q107 -> q57 [label = "c"];
	q109 -> q119 [label = "b"];
	q92 -> q110 [label = "a"];
	q79 -> q102 [label = "a"];
	q112 -> q19 [label = "a"];
	q63 -> q83 [label = "a"];
	q29 -> q49 [label = "a"];
	q87 -> q93 [label = "b"];
	q112 -> q115 [label = "b"];
	q46 -> q89 [label = "b"];
	q16 -> q50 [label = "a"];
	q118 -> q88 [label = "b"];
	q104 -> q35 [label = "b"];
	q95 -> q78 [label = "c"];
	q80 -> q52 [label = "b"];
	q119 -> q98 [label = "c"];
	q113 -> q112 [label = "c"];
	q79 -> q73 [label = "c"];
	q116 -> q2 [label = "b"];
	q47 -> q44 [label = "b"];
	q108 -> q23 [label = "a"];
	q11 -> q52 [label = "c"];
	q28 -> q67 [label = "b"];
	q73 -> q77 [label = "b"];
	q119 -> q83 [label = "a"];
	q139 -> q105 [label = "c"];
	q33 -> q59 [label = "a"];
	q26 -> q21 [label = "c"];
	q14 -> q75 [label = "b"];
	q41 -> q53 [label = "a"];
	q104 -> q66 [label = "c"];
	q106 -> q8 [label = "b"];
	q144 -> q57 [label = "b"];
	q124 -> q106 [label = "c"];
	q125 -> q86 [label = "c"];
	q50 -> q80 [label = "a"];
	q121 -> q57 [label = "c"];
	q125 -> q141 [label = "b"];
	q100 -> q16 [label = "a"];
	q143 -> q126 [label = "b"];
	q110 -> q49 [label = "a"];
	q141 -> q144 [label = "a"];
	q62 -> q50 [label = "a"];
	q53 -> q52 [label = "b"];
	q114 -> q121 [label = "c"];
	q127 -> q126 [label = "b"];
	q79 -> q103 [label = "b"];
	q102 -> q75 [label = "b"];
	q142 -> q93 [label = "b"];
	q140 -> q49 [label = "a"];
	q90 -> q43 [label = "a"];
	q144 -> q86 [label = "c"];
	q40 -> q52 [label = "c"];
	q20 -> q34 [label = "c"];
	q124 -> q33 [label = "b"];
	q102 -> q116 [label = "c"];
	q115 -> q105 [label = "c"];
	q116 -> q106 [label = "c"];
	q138 -> q16 [label = "a"];
	q123 -> q59 [label = "c"];
	q137 -> q0 [label = "a"];
	q137 -> q47 [label = "c"];
	q30 -> q37 [label = "c"];
	q133 -> q46 [label = "c"];
	q42 -> q84 [label = "b"];
	q76 -> q81 [label = "c"];
	q117 -> q122 [label = "b"];
	q17 -> q67 [label = "b"];
	q113 -> q111 [label = "b"];
	q139 -> q4 [label = "a"];
	q141 -> q106 [label = "c"];
	q130 -> q47 [label = "c"];
	q142 -> q10 [label = "a"];
	q66 -> q69 [label = "a"];
	q140 -> q74 [label = "b"];
	q130 -> q72 [label = "a"];
	q138 -> q139 [label = "b"];
	q30 -> q140 [label = "a"];
	q117 -> q95 [label = "c"];
	q87 -> q86 [label = "c"];
	q44 -> q92 [label = "c"];
	q37 -> q88 [label = "b"];
	q143 -> q46 [label = "c"];
	q55 -> q74 [label = "b"];
	q135 -> q46 [label = "c"];
	q145 -> q67 [label = "b"];
	q103 -> q129 [label = "c"];
	q137 -> q12 [label = "b"];
	q101 -> q83 [label = "a"];
	q0 -> q86 [label = "c"];
	q41 -> q66 [label = "c"];
	q36 -> q24 [label = "c"];
	q145 -> q86 [label = "c"];
	q72 -> q58 [label = "c"];
	q59 -> q59 [label = "b"];
	q134 -> q50 [label = "a"];
	q85 -> q58 [label = "a"];
	q8 -> q83 [label = "a, c"];
	q129 -> q133 [label = "c"];
	q131 -> q134 [label = "a"];
	q124 -> q70 [label = "a"];
	q126 -> q130 [label = "c"];
	q131 -> q1 [label = "b"];
	q97 -> q113 [label = "c"];
	q123 -> q83 [label = "a"];
	q135 -> q6 [label = "b"];
	q104 -> q19 [label = "a"];
	q31 -> q52 [label = "c"];
	q129 -> q132 [label = "b"];
	q143 -> q87 [label = "a"];
	q80 -> q53 [label = "a"];
	q126 -> q125 [label = "a"];
	q54 -> q65 [label = "a"];
	q97 -> q17 [label = "b"];
	q39 -> q25 [label = "a"];
	q120 -> q139 [label = "b"];
	q51 -> q76 [label = "b"];
	q107 -> q115 [label = "b"];
	q121 -> q19 [label = "a"];
	q113 -> q110 [label = "a"];
	q126 -> q126 [label = "b"];
	q138 -> q57 [label = "c"];
	q114 -> q50 [label = "a"];
	q136 -> q49 [label = "a"];
	q108 -> q22 [label = "b"];
	q33 -> q86 [label = "c"];
	q109 -> q118 [label = "a"];
	q75 -> q87 [label = "a"];
	q93 -> q144 [label = "a"];
	q115 -> q83 [label = "a"];
	q123 -> q67 [label = "b"];
	q135 -> q136 [label = "a"];
	q29 -> q128 [label = "b"];
	q120 -> q16 [label = "a"];
	q133 -> q44 [label = "b"];
	q9 -> q50 [label = "a"];
	q136 -> q13 [label = "c"];
	q98 -> q24 [label = "c"];
	q136 -> q91 [label = "b"];
	q132 -> q127 [label = "b"];
	q127 -> q137 [label = "c"];
	q142 -> q86 [label = "c"];
	q112 -> q57 [label = "c"];
	q122 -> q4 [label = "a"];
	q133 -> q45 [label = "a"];
	q47 -> q27 [label = "c"];
	q38 -> q25 [label = "a"];
	q72 -> q67 [label = "b"];
	q134 -> q52 [label = "b"];
	q128 -> q131 [label = "c"];
	q103 -> q102 [label = "a"];
	q141 -> q145 [label = "b"];
	q119 -> q59 [label = "b"];
	q132 -> q135 [label = "c"];
	q105 -> q78 [label = "c"];
	q89 -> q83 [label = "a"];
	q134 -> q36 [label = "c"];
	q115 -> q59 [label = "b"];
	q19 -> q5 [label = "c"];
	q69 -> q32 [label = "b"];
	q131 -> q57 [label = "c"];
	q128 -> q124 [label = "b"];
	q86 -> q106 [label = "c"];
	q130 -> q7 [label = "b"];
	q128 -> q83 [label = "a"];
	q24 -> q23 [label = "a"];
	q121 -> q139 [label = "b"];
	q70 -> q57 [label = "b"];
	q129 -> q14 [label = "a"];
	q101 -> q59 [label = "b"];
	q102 -> q65 [label = "a"];
	q100 -> q115 [label = "b"];
	q99 -> q81 [label = "c"];
	q103 -> q103 [label = "b"];
	q88 -> q59 [label = "b"];
	q10 -> q81 [label = "b"];
	q101 -> q95 [label = "c"];
	q99 -> q59 [label = "b"];
	q49 -> q82 [label = "a"];
	q33 -> q67 [label = "b"];
	q51 -> q39 [label = "c"];
	q92 -> q86 [label = "c"];
	q97 -> q18 [label = "a"];
	q3 -> q58 [label = "a"];
	q96 -> q52 [label = "c"];
	q37 -> q53 [label = "a"];
	q50 -> q41 [label = "c"];
	q22 -> q59 [label = "b"];
	q2 -> q112 [label = "c"];
	q10 -> q80 [label = "a"];
	q57 -> q51 [label = "c"];
	q122 -> q88 [label = "b"];
	q98 -> q114 [label = "a"];
	q12 -> q67 [label = "b"];
	q88 -> q58 [label = "a"];
	q19 -> q50 [label = "a"];
	q10 -> q104 [label = "c"];
	q100 -> q78 [label = "c"];
	q98 -> q94 [label = "b"];
	q96 -> q88 [label = "b"];
	q96 -> q80 [label = "a"];
	q91 -> q109 [label = "c"];
	q94 -> q83 [label = "a"];
	q66 -> q34 [label = "c"];
	q90 -> q108 [label = "c"];
	q68 -> q31 [label = "c"];
	q95 -> q88 [label = "b"];
	q11 -> q9 [label = "a"];
	q89 -> q107 [label = "c"];
	q91 -> q142 [label = "a"];
	q89 -> q67 [label = "b"];
	q74 -> q124 [label = "b"];
	q93 -> q24 [label = "c"];
	q67 -> q70 [label = "a"];
	q21 -> q19 [label = "a"];
	q122 -> q100 [label = "c"];
	q32 -> q34 [label = "c"];
	q24 -> q99 [label = "b"];
	q93 -> q145 [label = "b"];
	q34 -> q34 [label = "c"];
	q69 -> q50 [label = "a"];
	q88 -> q78 [label = "c"];
	q90 -> q89 [label = "b"];
	q127 -> q125 [label = "a"];
	q45 -> q49 [label = "a"];
	q32 -> q40 [label = "b"];
	q21 -> q139 [label = "b"];
	q132 -> q33 [label = "a"];
	q43 -> q93 [label = "b"];
	q45 -> q138 [label = "c"];
	q39 -> q52 [label = "c"];
	q42 -> q26 [label = "a"];
	q125 -> q59 [label = "a"];
	q40 -> q59 [label = "b"];
	q139 -> q88 [label = "b"];
	q35 -> q95 [label = "c"];
	q74 -> q59 [label = "c"];
	q54 -> q42 [label = "c"];
	q36 -> q94 [label = "b"];
	q35 -> q4 [label = "a"];
	q144 -> q50 [label = "a"];
	q118 -> q50 [label = "a"];
	q37 -> q57 [label = "c"];
	q65 -> q82 [label = "a"];
	q35 -> q88 [label = "b"];
	q120 -> q78 [label = "c"];
	q38 -> q52 [label = "b, c"];
	q36 -> q56 [label = "a"];
	q140 -> q11 [label = "c"];
	q105 -> q115 [label = "b"];
	q34 -> q25 [label = "a"];
	q94 -> q67 [label = "b"];
	q34 -> q96 [label = "b"];
	q32 -> q53 [label = "a"];
	q31 -> q69 [label = "a"];
	q44 -> q33 [label = "a"];
	q26 -> q52 [label = "b"];
	q92 -> q111 [label = "b"];
	q27 -> q36 [label = "c"];
	q52 -> q66 [label = "c"];
	q118 -> q36 [label = "c"];
	q94 -> q112 [label = "c"];
	q23 -> q50 [label = "a"];
	q31 -> q139 [label = "b"];
	q25 -> q20 [label = "c"];
	q29 -> q98 [label = "c"];
	q71 -> q30 [label = "c"];
	q4 -> q88 [label = "b"];
	q27 -> q23 [label = "a"];
	q83 -> q88 [label = "b"];
	q40 -> q58 [label = "a"];
	q25 -> q32 [label = "b"];
	q76 -> q4 [label = "a"];
	q27 -> q22 [label = "b"];
	q25 -> q53 [label = "a"];
	q15 -> q57 [label = "b"];
	q107 -> q16 [label = "a"];
	q39 -> q81 [label = "b"];
	q30 -> q97 [label = "b"];
	q5 -> q52 [label = "b"];
	q110 -> q128 [label = "b"];
	q28 -> q59 [label = "a"];
	q24 -> q31 [label = "c"];
	q26 -> q85 [label = "a"];
	q28 -> q141 [label = "c"];
	q9 -> q32 [label = "b"];
	q12 -> q83 [label = "a"];
	q15 -> q121 [label = "c"];
	q76 -> q88 [label = "b"];
	q11 -> q139 [label = "b"];
	q116 -> q15 [label = "a"];
	q13 -> q106 [label = "c"];
	q63 -> q67 [label = "b"];
	q8 -> q67 [label = "b"];
	q49 -> q5 [label = "c"];
	q111 -> q33 [label = "a"];
	q91 -> q143 [label = "b"];
	q41 -> q32 [label = "b"];
	q14 -> q13 [label = "c"];
	q19 -> q52 [label = "b"];
	q114 -> q57 [label = "b"];
	q108 -> q105 [label = "c"];
	q12 -> q141 [label = "c"];
	q46 -> q90 [label = "c"];
	q4 -> q104 [label = "c"];
}
DFA size: 146 states

NL* output after 17 EQ and 10064 MQ:
digraph finite_state_machine {
	rankdir=LR;
	node [shape = circle];
	s0 [shape = point, style = invis, start="true" ];
	s1 [shape = point, style = invis, start="true" ];
	s2 [shape = point, style = invis, start="true" ];
	s3 [shape = point, style = invis, start="true" ];
	q0 [label = "q0"];
	q1 [label = "q1"];
	q2 [label = "q2"];
	q3 [label = "q3"];
	q4 [label = "q4"];
	q5 [label = "q5"];
	q6 [label = "q6"];
	q7 [label = "q7"];
	q8 [label = "q8"];
	q9 [label = "q9"];
	q10 [label = "q10"];
	q11 [label = "q11"];
	q12 [label = "q12"];
	q13 [label = "q13"];
	q14 [label = "q14"];
	q15 [label = "q15"];
	q16 [label = "q16"];
	q17 [label = "q17"];
	q18 [label = "q18"];
	q19 [label = "q19"];
	q20 [label = "q20"];
	q21 [label = "q21"];
	q22 [label = "q22"];
	q23 [label = "q23"];
	q24 [label = "q24", shape = doublecircle, final="true" ];
	q25 [label = "q25"];
	q26 [label = "q26"];
	q27 [label = "q27"];
	q28 [label = "q28"];
	q29 [label = "q29"];
	q30 [label = "q30"];
	q31 [label = "q31"];
	q32 [label = "q32"];
	s0 -> q14
	s1 -> q21
	s2 -> q22
	s3 -> q26
	q18 -> q31 [label = "c"];
	q18 -> q9 [label = "c"];
	q22 -> q11 [label = "a"];
	q17 -> q16 [label = "c"];
	q21 -> q15 [label = "a"];
	q21 -> q11 [label = "a"];
	q21 -> q4 [label = "a"];
	q19 -> q32 [label = "a"];
	q17 -> q29 [label = "c"];
	q19 -> q13 [label = "a"];
	q19 -> q2 [label = "a"];
	q19 -> q1 [label = "a"];
	q19 -> q0 [label = "a"];
	q23 -> q31 [label = "c"];
	q23 -> q22 [label = "c"];
	q19 -> q21 [label = "a, b"];
	q19 -> q18 [label = "a, b"];
	q8 -> q9 [label = "c"];
	q15 -> q32 [label = "a"];
	q10 -> q27 [label = "a"];
	q13 -> q29 [label = "a, c"];
	q13 -> q25 [label = "a, b, c"];
	q13 -> q14 [label = "a, b, c"];
	q31 -> q10 [label = "c"];
	q9 -> q8 [label = "a"];
	q15 -> q25 [label = "c"];
	q8 -> q14 [label = "a, b, c"];
	q16 -> q22 [label = "c"];
	q8 -> q5 [label = "a, c"];
	q15 -> q17 [label = "a, b, c"];
	q32 -> q6 [label = "a, b, c"];
	q10 -> q9 [label = "c"];
	q15 -> q16 [label = "a, c"];
	q15 -> q11 [label = "a, c"];
	q15 -> q9 [label = "c"];
	q23 -> q30 [label = "a"];
	q18 -> q4 [label = "a, b, c"];
	q11 -> q17 [label = "a, b"];
	q12 -> q10 [label = "c"];
	q2 -> q16 [label = "a, c"];
	q11 -> q6 [label = "a"];
	q30 -> q1 [label = "a, c"];
	q11 -> q4 [label = "a"];
	q15 -> q28 [label = "a, b, c"];
	q9 -> q14 [label = "a, b, c"];
	q9 -> q11 [label = "a, b, c"];
	q18 -> q16 [label = "c"];
	q30 -> q28 [label = "a, b, c"];
	q6 -> q15 [label = "a"];
	q2 -> q9 [label = "c"];
	q28 -> q14 [label = "a, b, c"];
	q19 -> q29 [label = "a, b, c"];
	q11 -> q15 [label = "a"];
	q4 -> q12 [label = "c"];
	q19 -> q17 [label = "a, b, c"];
	q5 -> q2 [label = "a"];
	q19 -> q14 [label = "a, b, c"];
	q19 -> q31 [label = "a"];
	q15 -> q12 [label = "a, c"];
	q24 -> q2 [label = "a"];
	q13 -> q16 [label = "a, c"];
	q25 -> q29 [label = "c"];
	q25 -> q2 [label = "a, b"];
	q19 -> q6 [label = "a, b, c"];
	q13 -> q28 [label = "a, b, c"];
	q7 -> q28 [label = "a, b, c"];
	q19 -> q3 [label = "c"];
	q26 -> q23 [label = "a"];
	q23 -> q17 [label = "a, b"];
	q10 -> q15 [label = "a"];
	q23 -> q6 [label = "a"];
	q32 -> q17 [label = "a, b, c"];
	q24 -> q12 [label = "a, b, c"];
	q13 -> q11 [label = "a, c"];
	q24 -> q15 [label = "a"];
	q24 -> q27 [label = "a"];
	q30 -> q31 [label = "a, c"];
	q24 -> q7 [label = "a"];
	q24 -> q1 [label = "a"];
	q8 -> q18 [label = "a, b"];
	q9 -> q4 [label = "a, b, c"];
	q3 -> q5 [label = "a"];
	q24 -> q23 [label = "b"];
	q8 -> q13 [label = "a"];
	q32 -> q25 [label = "a, b, c"];
	q0 -> q0 [label = "a"];
	q23 -> q15 [label = "a"];
	q24 -> q18 [label = "a, b"];
	q7 -> q31 [label = "a, c"];
	q26 -> q22 [label = "a, b"];
	q1 -> q2 [label = "a"];
	q32 -> q5 [label = "a, c"];
	q26 -> q3 [label = "a"];
	q8 -> q4 [label = "a, c"];
	q14 -> q11 [label = "a"];
	q30 -> q8 [label = "c"];
	q24 -> q28 [label = "a, b, c"];
	q19 -> q9 [label = "a, b, c"];
	q0 -> q2 [label = "a"];
	q19 -> q11 [label = "a, b, c"];
	q10 -> q16 [label = "c"];
	q6 -> q17 [label = "a, b"];
	q20 -> q17 [label = "a, b, c"];
	q24 -> q6 [label = "a, b, c"];
	q13 -> q6 [label = "a, b, c"];
	q24 -> q4 [label = "a, b, c"];
	q23 -> q5 [label = "a"];
	q8 -> q16 [label = "a, c"];
	q24 -> q3 [label = "b, c"];
	q6 -> q13 [label = "a"];
	q25 -> q23 [label = "c"];
	q28 -> q12 [label = "a, c"];
	q22 -> q27 [label = "a"];
	q18 -> q5 [label = "a, b"];
	q28 -> q2 [label = "a"];
	q22 -> q31 [label = "c"];
	q23 -> q11 [label = "a, b"];
	q18 -> q2 [label = "a, c"];
	q29 -> q22 [label = "c"];
	q15 -> q4 [label = "a, c"];
	q29 -> q10 [label = "c"];
	q13 -> q4 [label = "a, c"];
	q6 -> q0 [label = "a"];
	q26 -> q4 [label = "a, c"];
	q15 -> q5 [label = "a, c"];
	q25 -> q15 [label = "a, b"];
	q19 -> q10 [label = "c"];
	q25 -> q6 [label = "a, b"];
	q11 -> q14 [label = "a, b, c"];
	q24 -> q10 [label = "b, c"];
	q30 -> q9 [label = "a, c"];
	q11 -> q2 [label = "a"];
	q25 -> q19 [label = "a"];
	q2 -> q15 [label = "a"];
	q30 -> q4 [label = "a, c"];
	q2 -> q6 [label = "a, c"];
	q30 -> q29 [label = "a, c"];
	q23 -> q21 [label = "a, b, c"];
	q32 -> q15 [label = "a"];
	q20 -> q22 [label = "a, b, c"];
	q27 -> q16 [label = "a, c"];
	q24 -> q31 [label = "a"];
	q1 -> q3 [label = "c"];
	q30 -> q11 [label = "a, c"];
	q28 -> q16 [label = "c"];
	q27 -> q11 [label = "a, c"];
	q29 -> q32 [label = "a, b"];
	q2 -> q13 [label = "a"];
	q13 -> q9 [label = "a, c"];
	q24 -> q13 [label = "a"];
	q7 -> q32 [label = "a, c"];
	q28 -> q4 [label = "a, b, c"];
	q9 -> q3 [label = "c"];
	q26 -> q21 [label = "a, b"];
	q8 -> q27 [label = "a"];
	q26 -> q9 [label = "c"];
	q25 -> q3 [label = "c"];
	q24 -> q21 [label = "a, b"];
	q27 -> q14 [label = "a, b, c"];
	q3 -> q7 [label = "a"];
	q29 -> q17 [label = "a, b"];
	q10 -> q10 [label = "c"];
	q30 -> q0 [label = "a, c"];
	q2 -> q1 [label = "a"];
	q31 -> q29 [label = "a, c"];
	q2 -> q2 [label = "a"];
	q31 -> q16 [label = "a, b, c"];
	q19 -> q25 [label = "a, b, c"];
	q28 -> q11 [label = "a, b, c"];
	q24 -> q22 [label = "b"];
	q30 -> q24 [label = "c"];
	q24 -> q17 [label = "a, b, c"];
	q25 -> q24 [label = "a"];
	q27 -> q31 [label = "c"];
	q0 -> q16 [label = "a, b, c"];
	q27 -> q5 [label = "a, c"];
	q20 -> q9 [label = "c"];
	q28 -> q15 [label = "a"];
	q26 -> q16 [label = "a, c"];
	q26 -> q15 [label = "a, c"];
	q32 -> q28 [label = "a, b, c"];
	q30 -> q6 [label = "a, b, c"];
	q23 -> q27 [label = "a"];
	q32 -> q16 [label = "a, c"];
	q32 -> q19 [label = "a"];
	q27 -> q12 [label = "a, c"];
	q1 -> q0 [label = "a"];
	q24 -> q30 [label = "a"];
	q21 -> q12 [label = "c"];
	q31 -> q9 [label = "c"];
	q27 -> q4 [label = "a, c"];
	q9 -> q2 [label = "a"];
	q8 -> q6 [label = "a, c"];
	q32 -> q32 [label = "a"];
	q11 -> q9 [label = "c"];
	q23 -> q14 [label = "a, b, c"];
	q25 -> q22 [label = "c"];
	q15 -> q10 [label = "c"];
	q32 -> q11 [label = "a, c"];
	q26 -> q29 [label = "a, c"];
	q21 -> q31 [label = "c"];
	q26 -> q25 [label = "c"];
	q26 -> q12 [label = "a, c"];
	q20 -> q6 [label = "a, b, c"];
	q32 -> q4 [label = "a, c"];
	q19 -> q4 [label = "a, b, c"];
	q31 -> q4 [label = "a, b, c"];
	q9 -> q15 [label = "a"];
	q32 -> q1 [label = "a"];
	q27 -> q25 [label = "c"];
	q11 -> q13 [label = "a"];
	q32 -> q29 [label = "a, c"];
	q28 -> q17 [label = "a, b"];
	q15 -> q6 [label = "a, c"];
	q24 -> q25 [label = "a, b, c"];
	q23 -> q2 [label = "a"];
	q2 -> q32 [label = "a"];
	q25 -> q17 [label = "a, b"];
	q32 -> q13 [label = "a"];
	q24 -> q14 [label = "a, b, c"];
	q31 -> q2 [label = "a"];
	q24 -> q0 [label = "a"];
	q26 -> q5 [label = "c"];
	q8 -> q15 [label = "a"];
	q1 -> q13 [label = "a"];
	q24 -> q29 [label = "a, b, c"];
	q27 -> q10 [label = "c"];
	q30 -> q15 [label = "a, c"];
	q20 -> q16 [label = "a, b, c"];
	q11 -> q11 [label = "a"];
	q31 -> q8 [label = "a"];
	q26 -> q1 [label = "c"];
	q1 -> q5 [label = "a, c"];
	q31 -> q3 [label = "a, c"];
	q8 -> q10 [label = "c"];
	q7 -> q2 [label = "a, c"];
	q0 -> q14 [label = "a, b, c"];
	q16 -> q12 [label = "c"];
	q32 -> q14 [label = "a, b, c"];
	q32 -> q2 [label = "a"];
	q8 -> q7 [label = "a"];
	q13 -> q17 [label = "a, b, c"];
	q28 -> q29 [label = "c"];
	q24 -> q11 [label = "a, b, c"];
	q5 -> q4 [label = "a, c"];
	q23 -> q32 [label = "a, b"];
	q27 -> q17 [label = "a, b, c"];
	q30 -> q13 [label = "a, c"];
	q28 -> q13 [label = "a"];
	q23 -> q4 [label = "a"];
	q27 -> q0 [label = "a"];
	q27 -> q20 [label = "c"];
	q30 -> q14 [label = "a, b, c"];
	q29 -> q12 [label = "c"];
	q5 -> q6 [label = "a, b"];
	q27 -> q32 [label = "a"];
	q30 -> q25 [label = "a, b, c"];
	q23 -> q26 [label = "c"];
	q30 -> q32 [label = "a, c"];
	q28 -> q0 [label = "a"];
	q13 -> q5 [label = "a, c"];
	q6 -> q11 [label = "a, c"];
	q26 -> q13 [label = "c"];
	q20 -> q4 [label = "a, b, c"];
	q16 -> q14 [label = "a, b, c"];
	q27 -> q1 [label = "a"];
	q28 -> q19 [label = "a"];
	q10 -> q2 [label = "a"];
	q27 -> q29 [label = "a"];
	q25 -> q14 [label = "a, b, c"];
	q26 -> q6 [label = "c"];
	q1 -> q6 [label = "a, b, c"];
	q26 -> q11 [label = "a, c"];
	q23 -> q10 [label = "c"];
	q26 -> q14 [label = "a, b, c"];
	q26 -> q17 [label = "c"];
	q17 -> q14 [label = "a, b, c"];
	q26 -> q32 [label = "c"];
	q32 -> q0 [label = "a"];
	q31 -> q25 [label = "c"];
	q5 -> q3 [label = "c"];
	q1 -> q12 [label = "a, c"];
	q29 -> q2 [label = "a"];
	q0 -> q17 [label = "a, b, c"];
	q8 -> q17 [label = "a, b, c"];
	q29 -> q4 [label = "a"];
	q26 -> q27 [label = "a"];
	q20 -> q11 [label = "a, b, c"];
	q29 -> q15 [label = "a"];
	q31 -> q15 [label = "a"];
	q5 -> q9 [label = "c"];
	q31 -> q11 [label = "a, b, c"];
	q8 -> q29 [label = "a, c"];
	q25 -> q21 [label = "c"];
	q22 -> q21 [label = "a, b"];
	q5 -> q16 [label = "c"];
	q30 -> q20 [label = "a, c"];
	q30 -> q3 [label = "c"];
	q6 -> q2 [label = "a"];
	q31 -> q5 [label = "c"];
	q29 -> q11 [label = "a, b"];
	q27 -> q13 [label = "a"];
	q31 -> q6 [label = "c"];
	q27 -> q9 [label = "c"];
	q31 -> q17 [label = "c"];
	q6 -> q4 [label = "a, c"];
	q27 -> q2 [label = "a"];
	q29 -> q9 [label = "c"];
	q18 -> q29 [label = "c"];
	q3 -> q17 [label = "a, b"];
	q26 -> q0 [label = "c"];
	q30 -> q5 [label = "a, c"];
	q20 -> q13 [label = "a, b"];
	q29 -> q6 [label = "a"];
	q23 -> q1 [label = "a"];
	q24 -> q32 [label = "a"];
	q25 -> q11 [label = "a, b, c"];
	q27 -> q15 [label = "a"];
	q13 -> q15 [label = "a"];
	q1 -> q4 [label = "a, c"];
	q0 -> q29 [label = "a, b, c"];
	q26 -> q2 [label = "c"];
	q8 -> q11 [label = "a, b, c"];
	q6 -> q12 [label = "a, c"];
	q8 -> q25 [label = "c"];
	q5 -> q15 [label = "a"];
	q8 -> q28 [label = "a, b, c"];
	q22 -> q9 [label = "c"];
	q16 -> q21 [label = "c"];
	q12 -> q2 [label = "a"];
	q32 -> q12 [label = "a, c"];
	q12 -> q4 [label = "a"];
	q16 -> q9 [label = "c"];
	q19 -> q16 [label = "a, b, c"];
	q12 -> q11 [label = "a, b"];
	q12 -> q15 [label = "a"];
	q24 -> q16 [label = "a, b, c"];
	q14 -> q14 [label = "a, b, c"];
	q10 -> q12 [label = "a, c"];
	q21 -> q14 [label = "a, b, c"];
	q8 -> q21 [label = "a, b"];
	q17 -> q17 [label = "a, b"];
	q10 -> q4 [label = "a, b, c"];
	q19 -> q5 [label = "a, b, c"];
	q7 -> q4 [label = "a, c"];
	q16 -> q6 [label = "a"];
	q10 -> q8 [label = "a"];
	q10 -> q11 [label = "a, b, c"];
	q30 -> q12 [label = "a, c"];
	q10 -> q14 [label = "a, b, c"];
	q13 -> q12 [label = "a, c"];
	q10 -> q21 [label = "a, b"];
	q10 -> q22 [label = "a"];
	q14 -> q4 [label = "a"];
	q14 -> q12 [label = "c"];
	q12 -> q14 [label = "a, b, c"];
	q8 -> q0 [label = "a"];
	q8 -> q1 [label = "a"];
	q25 -> q12 [label = "a, c"];
	q8 -> q2 [label = "a"];
	q11 -> q12 [label = "c"];
	q25 -> q4 [label = "a, b, c"];
	q17 -> q12 [label = "a, c"];
	q8 -> q32 [label = "a"];
	q24 -> q9 [label = "a, b, c"];
	q26 -> q31 [label = "c"];
	q13 -> q0 [label = "a"];
	q12 -> q9 [label = "c"];
	q31 -> q28 [label = "c"];
	q12 -> q12 [label = "c"];
	q32 -> q9 [label = "a, c"];
	q3 -> q27 [label = "a"];
	q4 -> q9 [label = "c"];
	q4 -> q10 [label = "c"];
	q5 -> q0 [label = "a"];
	q25 -> q16 [label = "c"];
	q4 -> q14 [label = "a, b, c"];
	q0 -> q1 [label = "a"];
	q0 -> q9 [label = "a, b, c"];
	q0 -> q4 [label = "a, b, c"];
	q23 -> q13 [label = "a, b"];
	q0 -> q5 [label = "a, b, c"];
	q0 -> q32 [label = "a"];
	q0 -> q12 [label = "a, b, c"];
	q19 -> q12 [label = "a, b, c"];
	q0 -> q13 [label = "a"];
	q29 -> q14 [label = "a, b, c"];
	q16 -> q10 [label = "c"];
	q0 -> q10 [label = "c"];
	q0 -> q28 [label = "a, b, c"];
	q2 -> q11 [label = "a, c"];
	q32 -> q10 [label = "a"];
	q0 -> q31 [label = "a"];
	q2 -> q14 [label = "a, b, c"];
	q2 -> q17 [label = "a, b, c"];
	q2 -> q28 [label = "a, b, c"];
	q6 -> q3 [label = "c"];
	q6 -> q14 [label = "a, b, c"];
	q13 -> q2 [label = "a"];
	q6 -> q16 [label = "c"];
	q2 -> q0 [label = "a"];
	q2 -> q4 [label = "a, c"];
	q14 -> q15 [label = "a"];
	q2 -> q5 [label = "a, c"];
	q1 -> q10 [label = "a, c"];
	q30 -> q19 [label = "a, c"];
	q20 -> q18 [label = "c"];
	q18 -> q19 [label = "a"];
	q2 -> q12 [label = "a, c"];
	q30 -> q2 [label = "a, c"];
	q7 -> q25 [label = "a, b, c"];
	q2 -> q29 [label = "a, c"];
	q5 -> q10 [label = "c"];
	q7 -> q16 [label = "a, c"];
	q30 -> q16 [label = "a, c"];
	q5 -> q19 [label = "a"];
	q6 -> q6 [label = "a, b"];
	q0 -> q3 [label = "c"];
	q31 -> q14 [label = "a, b, c"];
	q4 -> q2 [label = "a"];
	q4 -> q4 [label = "a"];
	q30 -> q17 [label = "a, b, c"];
	q29 -> q5 [label = "a"];
	q4 -> q6 [label = "a"];
	q4 -> q11 [label = "a"];
	q20 -> q5 [label = "c"];
	q4 -> q13 [label = "a"];
	q10 -> q29 [label = "c"];
	q23 -> q9 [label = "c"];
	q4 -> q15 [label = "a"];
	q18 -> q0 [label = "a"];
	q4 -> q17 [label = "a, b"];
	q19 -> q27 [label = "a"];
	q5 -> q11 [label = "a, c"];
	q5 -> q12 [label = "a, c"];
	q29 -> q13 [label = "a, b"];
	q5 -> q14 [label = "a, b, c"];
	q3 -> q13 [label = "a, b"];
	q1 -> q1 [label = "a"];
	q20 -> q8 [label = "a"];
	q1 -> q9 [label = "a, c"];
	q1 -> q14 [label = "a, b, c"];
	q1 -> q15 [label = "a"];
	q19 -> q28 [label = "a, b, c"];
	q1 -> q16 [label = "a, c"];
	q29 -> q21 [label = "c"];
	q1 -> q25 [label = "a, b, c"];
	q1 -> q28 [label = "a, b, c"];
	q20 -> q23 [label = "c"];
	q1 -> q29 [label = "a, c"];
	q1 -> q32 [label = "a"];
	q3 -> q2 [label = "a"];
	q3 -> q11 [label = "a, b"];
	q3 -> q21 [label = "a, b, c"];
	q3 -> q32 [label = "a, b"];
	q7 -> q1 [label = "a, c"];
	q1 -> q20 [label = "a"];
	q6 -> q29 [label = "c"];
	q7 -> q5 [label = "a, c"];
	q5 -> q17 [label = "a, b"];
	q7 -> q0 [label = "a, c"];
	q20 -> q28 [label = "c"];
	q25 -> q13 [label = "a, b"];
	q7 -> q6 [label = "a, b, c"];
	q7 -> q9 [label = "a, c"];
	q9 -> q12 [label = "a, c"];
	q24 -> q5 [label = "a, b, c"];
	q27 -> q28 [label = "a, b, c"];
	q7 -> q11 [label = "a, c"];
	q7 -> q12 [label = "a, c"];
	q7 -> q13 [label = "a, c"];
	q7 -> q14 [label = "a, b, c"];
	q7 -> q15 [label = "a, c"];
	q7 -> q17 [label = "a, b, c"];
	q1 -> q19 [label = "a"];
	q3 -> q15 [label = "a"];
	q28 -> q6 [label = "a, b"];
	q8 -> q30 [label = "a"];
	q7 -> q29 [label = "a, c"];
	q25 -> q0 [label = "a"];
	q3 -> q1 [label = "a"];
	q0 -> q6 [label = "a, b, c"];
	q0 -> q15 [label = "a"];
	q3 -> q4 [label = "a"];
	q3 -> q6 [label = "a"];
	q23 -> q12 [label = "c"];
	q3 -> q30 [label = "a"];
	q5 -> q13 [label = "a"];
	q0 -> q25 [label = "a, b, c"];
	q2 -> q10 [label = "c"];
	q25 -> q8 [label = "a"];
	q7 -> q10 [label = "a"];
	q7 -> q19 [label = "a"];
	q20 -> q25 [label = "c"];
	q13 -> q31 [label = "a"];
	q18 -> q13 [label = "a"];
	q3 -> q9 [label = "c"];
	q32 -> q31 [label = "a"];
	q3 -> q10 [label = "c"];
	q3 -> q12 [label = "c"];
	q3 -> q22 [label = "c"];
	q3 -> q14 [label = "a, b, c"];
	q16 -> q15 [label = "a"];
	q9 -> q9 [label = "c"];
	q2 -> q25 [label = "c"];
	q9 -> q10 [label = "c"];
	q9 -> q16 [label = "c"];
	q9 -> q29 [label = "c"];
	q13 -> q1 [label = "a"];
	q27 -> q6 [label = "a, c"];
	q13 -> q13 [label = "a"];
	q13 -> q32 [label = "a"];
	q10 -> q3 [label = "c"];
	q15 -> q0 [label = "a"];
	q22 -> q4 [label = "a"];
	q15 -> q2 [label = "a"];
	q8 -> q12 [label = "a, c"];
	q15 -> q13 [label = "a"];
	q15 -> q15 [label = "a"];
	q18 -> q32 [label = "a"];
	q15 -> q29 [label = "a"];
	q19 -> q15 [label = "a"];
	q20 -> q3 [label = "a, c"];
	q20 -> q10 [label = "c"];
	q20 -> q12 [label = "a, b, c"];
	q23 -> q7 [label = "a, b"];
	q20 -> q19 [label = "a, b"];
	q30 -> q10 [label = "a, c"];
	q20 -> q14 [label = "a, b, c"];
	q20 -> q21 [label = "a, b, c"];
	q20 -> q29 [label = "a, b, c"];
	q1 -> q17 [label = "a, b, c"];
	q16 -> q2 [label = "a"];
	q16 -> q4 [label = "a"];
	q22 -> q15 [label = "a"];
	q0 -> q11 [label = "a, b, c"];
	q16 -> q11 [label = "a, b"];
	q16 -> q13 [label = "a, b"];
	q15 -> q1 [label = "a"];
	q16 -> q17 [label = "a, b"];
	q18 -> q6 [label = "a, b"];
	q18 -> q11 [label = "a, b, c"];
	q26 -> q28 [label = "c"];
	q18 -> q14 [label = "a, b, c"];
	q18 -> q17 [label = "a, b"];
	q22 -> q12 [label = "c"];
	q22 -> q14 [label = "a, b, c"];
	q29 -> q1 [label = "a"];
	q18 -> q1 [label = "a"];
	q18 -> q12 [label = "a, c"];
	q15 -> q14 [label = "a, b, c"];
	q18 -> q15 [label = "a, c"];
	q18 -> q28 [label = "a"];
	q20 -> q0 [label = "a, b"];
	q20 -> q2 [label = "a, b"];
	q1 -> q11 [label = "a, c"];
	q17 -> q15 [label = "a"];
	q20 -> q15 [label = "a, b"];
	q20 -> q24 [label = "a"];
	q20 -> q27 [label = "a"];
	q21 -> q9 [label = "c"];
	q17 -> q0 [label = "a"];
	q17 -> q2 [label = "a"];
	q1 -> q31 [label = "a"];
	q5 -> q29 [label = "c"];
	q17 -> q4 [label = "a, c"];
	q31 -> q12 [label = "a, b, c"];
	q17 -> q6 [label = "a, b"];
	q17 -> q11 [label = "a, c"];
	q17 -> q13 [label = "a"];
}
NFA size: 33 states

AL* output after 14 EQ and 2028 MQ:
digraph finite_state_machine {
	rankdir=LR;
	node [shape = circle];
	s0 [shape = point, style = invis, start="true" ];
	q0 [label = "q0"];
	q1 [label = "q1"];
	q2 [label = "q2"];
	q3 [label = "q3", shape = doublecircle, final="true" ];
	q4 [label = "q4"];
	q5 [label = "q5"];
	q6 [label = "q6"];
	q7 [label = "q7"];
	m0 [label = "", shape = square, style = filled, color=grey, fixedsize=true, width=.2];
	m1 [label = "", shape = square, style = filled, color=grey, fixedsize=true, width=.2];
	m2 [label = "", shape = square, style = filled, color=grey, fixedsize=true, width=.2];
	m3 [label = "", shape = square, style = filled, color=grey, fixedsize=true, width=.2];
	m4 [label = "", shape = square, style = filled, color=grey, fixedsize=true, width=.2];
	m5 [label = "", shape = square, style = filled, color=grey, fixedsize=true, width=.2];
	m6 [label = "", shape = square, style = filled, color=grey, fixedsize=true, width=.2];
	m7 [label = "", shape = square, style = filled, color=grey, fixedsize=true, width=.2];
	m8 [label = "", shape = square, style = filled, color=grey, fixedsize=true, width=.2];
	m9 [label = "", shape = square, style = filled, color=grey, fixedsize=true, width=.2];
	m10 [label = "", shape = square, style = filled, color=grey, fixedsize=true, width=.2];
	m11 [label = "", shape = square, style = filled, color=grey, fixedsize=true, width=.2];
	m12 [label = "", shape = square, style = filled, color=grey, fixedsize=true, width=.2];
	m13 [label = "", shape = square, style = filled, color=grey, fixedsize=true, width=.2];
	s0 -> q7
	q7 -> m6 [label = "a"];
	q6 -> q3 [label = "a"];
	q1 -> m10 [label = "c"];
	q2 -> q6 [label = "c"];
	q1 -> q7 [label = "c"];
	q1 -> q6 [label = "c"];
	q5 -> q4 [label = "a"];
	q7 -> m13 [label = "b"];
	q7 -> m1 [label = "b"];
	q2 -> m7 [label = "a"];
	q4 -> q6 [label = "a, b, c"];
	q5 -> m8 [label = "c"];
	q0 -> m3 [label = "b"];
	q3 -> m5 [label = "c"];
	q0 -> q6 [label = "a, b, c"];
	q6 -> m4 [label = "c"];
	q2 -> m6 [label = "a"];
	q7 -> m4 [label = "a"];
	q6 -> m0 [label = "b"];
	q0 -> m1 [label = "a"];
	q7 -> m0 [label = "c"];
	q0 -> m0 [label = "a, c"];
	q5 -> m0 [label = "b"];
	q2 -> m5 [label = "a, c"];
	q3 -> q4 [label = "a"];
	q2 -> m2 [label = "a, b"];
	q1 -> m0 [label = "b"];
	q4 -> q3 [label = "c"];
	q4 -> m9 [label = "a"];
	q4 -> m0 [label = "a"];
	q5 -> q7 [label = "c"];
	q2 -> m3 [label = "b"];
	q5 -> m10 [label = "c"];
	q5 -> m11 [label = "b"];
	q1 -> q4 [label = "a"];
	q1 -> m2 [label = "a"];
	q3 -> q6 [label = "a, b, c"];
	q1 -> m12 [label = "b"];
	q3 -> m4 [label = "b"];
	q7 -> q6 [label = "c"];
	q6 -> m8 [label = "b"];
	q1 -> m11 [label = "b"];
	m0 -> q0;
	m0 -> q3;
	m0 -> q4;
	m1 -> q1;
	m1 -> q3;
	m1 -> q5;
	m1 -> q7;
	m2 -> q1;
	m2 -> q5;
	m2 -> q6;
	m3 -> q0;
	m3 -> q1;
	m3 -> q2;
	m3 -> q3;
	m3 -> q4;
	m3 -> q5;
	m3 -> q7;
	m4 -> q1;
	m4 -> q5;
	m5 -> q1;
	m5 -> q3;
	m5 -> q5;
	m6 -> q0;
	m6 -> q1;
	m6 -> q2;
	m6 -> q3;
	m6 -> q4;
	m6 -> q7;
	m7 -> q0;
	m7 -> q2;
	m7 -> q3;
	m7 -> q4;
	m7 -> q6;
	m7 -> q7;
	m8 -> q2;
	m8 -> q3;
	m8 -> q4;
	m8 -> q6;
	m9 -> q3;
	m9 -> q7;
	m10 -> q0;
	m10 -> q2;
	m10 -> q3;
	m10 -> q4;
	m11 -> q0;
	m11 -> q4;
	m11 -> q7;
	m12 -> q0;
	m12 -> q1;
	m12 -> q2;
	m12 -> q3;
	m12 -> q5;
	m12 -> q6;
	m12 -> q7;
	m13 -> q0;
	m13 -> q1;
	m13 -> q4;
	m13 -> q5;
	m13 -> q7;
}
AFA size: 8 states

AL** output after 19 EQ and 2525 MQ:
digraph finite_state_machine {
	rankdir=LR;
	node [shape = circle];
	s0 [shape = point, style = invis, start="true" ];
	q0 [label = "q0"];
	q1 [label = "q1"];
	q2 [label = "q2"];
	q3 [label = "q3", shape = doublecircle, final="true" ];
	q4 [label = "q4"];
	q5 [label = "q5"];
	q6 [label = "q6"];
	q7 [label = "q7"];
	m0 [label = "", shape = square, style = filled, color=grey, fixedsize=true, width=.2];
	m1 [label = "", shape = square, style = filled, color=grey, fixedsize=true, width=.2];
	m2 [label = "", shape = square, style = filled, color=grey, fixedsize=true, width=.2];
	m3 [label = "", shape = square, style = filled, color=grey, fixedsize=true, width=.2];
	m4 [label = "", shape = square, style = filled, color=grey, fixedsize=true, width=.2];
	m5 [label = "", shape = square, style = filled, color=grey, fixedsize=true, width=.2];
	m6 [label = "", shape = square, style = filled, color=grey, fixedsize=true, width=.2];
	m7 [label = "", shape = square, style = filled, color=grey, fixedsize=true, width=.2];
	m8 [label = "", shape = square, style = filled, color=grey, fixedsize=true, width=.2];
	m9 [label = "", shape = square, style = filled, color=grey, fixedsize=true, width=.2];
	m10 [label = "", shape = square, style = filled, color=grey, fixedsize=true, width=.2];
	m11 [label = "", shape = square, style = filled, color=grey, fixedsize=true, width=.2];
	m12 [label = "", shape = square, style = filled, color=grey, fixedsize=true, width=.2];
	m13 [label = "", shape = square, style = filled, color=grey, fixedsize=true, width=.2];
	s0 -> q7
	q3 -> m6 [label = "c"];
	q5 -> m4 [label = "b"];
	q7 -> m7 [label = "a"];
	q2 -> q6 [label = "c"];
	q6 -> q3 [label = "a"];
	q5 -> q4 [label = "a"];
	q7 -> m13 [label = "b"];
	q3 -> q4 [label = "a"];
	q1 -> m1 [label = "b"];
	q2 -> m7 [label = "a"];
	q4 -> q6 [label = "a, b, c"];
	q5 -> m3 [label = "b"];
	q0 -> m4 [label = "b"];
	q0 -> m3 [label = "b"];
	q6 -> m2 [label = "c"];
	q1 -> m3 [label = "a, c"];
	q2 -> m1 [label = "b"];
	q7 -> m12 [label = "b"];
	q2 -> m8 [label = "a"];
	q2 -> m0 [label = "a, b"];
	q1 -> m12 [label = "a"];
	q3 -> q6 [label = "a, b, c"];
	q0 -> m0 [label = "a"];
	q6 -> m3 [label = "b"];
	q0 -> q4 [label = "a"];
	q2 -> m6 [label = "a, c"];
	q0 -> m5 [label = "b"];
	q4 -> q3 [label = "c"];
	q0 -> q6 [label = "c"];
	q6 -> m9 [label = "b"];
	q7 -> m3 [label = "c"];
	q5 -> m9 [label = "c"];
	q7 -> m2 [label = "a"];
	q3 -> m2 [label = "b"];
	q0 -> m10 [label = "c"];
	q5 -> q7 [label = "c"];
	q0 -> q7 [label = "c"];
	q5 -> m10 [label = "c"];
	q1 -> q6 [label = "a, b, c"];
	q4 -> m3 [label = "a"];
	q4 -> m11 [label = "a"];
	q7 -> q6 [label = "c"];
	m0 -> q0;
	m0 -> q5;
	m0 -> q6;
	m1 -> q0;
	m1 -> q1;
	m1 -> q2;
	m1 -> q3;
	m1 -> q4;
	m1 -> q5;
	m1 -> q7;
	m2 -> q0;
	m2 -> q5;
	m3 -> q1;
	m3 -> q3;
	m3 -> q4;
	m4 -> q1;
	m4 -> q4;
	m4 -> q7;
	m5 -> q0;
	m5 -> q1;
	m5 -> q2;
	m5 -> q3;
	m5 -> q5;
	m5 -> q6;
	m5 -> q7;
	m6 -> q0;
	m6 -> q3;
	m6 -> q5;
	m7 -> q0;
	m7 -> q1;
	m7 -> q2;
	m7 -> q3;
	m7 -> q4;
	m7 -> q7;
	m8 -> q1;
	m8 -> q2;
	m8 -> q3;
	m8 -> q4;
	m8 -> q6;
	m8 -> q7;
	m9 -> q2;
	m9 -> q3;
	m9 -> q4;
	m9 -> q6;
	m10 -> q1;
	m10 -> q2;
	m10 -> q3;
	m10 -> q4;
	m11 -> q3;
	m11 -> q7;
	m12 -> q0;
	m12 -> q3;
	m12 -> q5;
	m12 -> q7;
	m13 -> q0;
	m13 -> q1;
	m13 -> q4;
	m13 -> q5;
	m13 -> q7;
}
RAFA size: 8 states

