Random target AFA:
digraph finite_state_machine {
	rankdir=LR;
	node [shape = circle];
	s0 [shape = point, style = invis, start="true" ];
	s1 [shape = point, style = invis, start="true" ];
	q0 [label = "q0", shape = doublecircle, final="true" ];
	q1 [label = "q1"];
	q2 [label = "q2"];
	q3 [label = "q3"];
	q4 [label = "q4"];
	q5 [label = "q5", shape = doublecircle, final="true" ];
	m0 [label = "", shape = square, style = filled, color=grey, fixedsize=true, width=.2];
	m1 [label = "", shape = square, style = filled, color=grey, fixedsize=true, width=.2];
	m2 [label = "", shape = square, style = filled, color=grey, fixedsize=true, width=.2];
	m3 [label = "", shape = square, style = filled, color=grey, fixedsize=true, width=.2];
	m4 [label = "", shape = square, style = filled, color=grey, fixedsize=true, width=.2];
	m5 [label = "", shape = square, style = filled, color=grey, fixedsize=true, width=.2];
	m6 [label = "", shape = square, style = filled, color=grey, fixedsize=true, width=.2];
	m7 [label = "", shape = square, style = filled, color=grey, fixedsize=true, width=.2];
	m8 [label = "", shape = square, style = filled, color=grey, fixedsize=true, width=.2];
	s0 -> q0
	s1 -> q1
	q3 -> q2 [label = "c"];
	q4 -> q5 [label = "a, b"];
	q0 -> m3 [label = "c"];
	q2 -> q2 [label = "a"];
	q5 -> m1 [label = "c"];
	q1 -> q4 [label = "a"];
	q5 -> q1 [label = "b"];
	q4 -> m3 [label = "a"];
	q0 -> m0 [label = "a"];
	q4 -> q1 [label = "c"];
	q0 -> q4 [label = "b"];
	q2 -> q3 [label = "a, b"];
	q0 -> q3 [label = "a"];
	q1 -> q0 [label = "a"];
	q5 -> m4 [label = "c"];
	q3 -> q0 [label = "b"];
	q1 -> q1 [label = "b"];
	q0 -> m2 [label = "c"];
	q1 -> q3 [label = "c"];
	q0 -> q5 [label = "b"];
	q4 -> q3 [label = "c"];
	q3 -> m5 [label = "b"];
	q1 -> m6 [label = "b"];
	q3 -> q4 [label = "a"];
	q2 -> m7 [label = "c"];
	q2 -> m1 [label = "b"];
	q5 -> q3 [label = "a"];
	q5 -> q5 [label = "b"];
	q4 -> q4 [label = "b"];
	q2 -> m8 [label = "c"];
	m0 -> q3;
	m0 -> q4;
	m1 -> q0;
	m1 -> q1;
	m2 -> q1;
	m2 -> q4;
	m3 -> q2;
	m3 -> q4;
	m4 -> q1;
	m4 -> q2;
	m5 -> q4;
	m5 -> q5;
	m6 -> q1;
	m6 -> q3;
	m7 -> q3;
	m7 -> q5;
	m8 -> q2;
	m8 -> q3;
}

L* output after 8 EQ and 9685 MQ:
digraph finite_state_machine {
	rankdir=LR;
	node [shape = circle];
	s0 [shape = point, style = invis, start="true" ];
	q0 [label = "q0", shape = doublecircle, final="true" ];
	q1 [label = "q1"];
	q2 [label = "q2", shape = doublecircle, final="true" ];
	q3 [label = "q3"];
	q4 [label = "q4", shape = doublecircle, final="true" ];
	q5 [label = "q5"];
	q6 [label = "q6"];
	q7 [label = "q7"];
	q8 [label = "q8"];
	q9 [label = "q9", shape = doublecircle, final="true" ];
	q10 [label = "q10", shape = doublecircle, final="true" ];
	q11 [label = "q11"];
	q12 [label = "q12", shape = doublecircle, final="true" ];
	q13 [label = "q13", shape = doublecircle, final="true" ];
	q14 [label = "q14", shape = doublecircle, final="true" ];
	q15 [label = "q15"];
	q16 [label = "q16"];
	q17 [label = "q17"];
	q18 [label = "q18"];
	q19 [label = "q19", shape = doublecircle, final="true" ];
	q20 [label = "q20", shape = doublecircle, final="true" ];
	q21 [label = "q21", shape = doublecircle, final="true" ];
	q22 [label = "q22"];
	q23 [label = "q23"];
	q24 [label = "q24"];
	q25 [label = "q25"];
	q26 [label = "q26"];
	q27 [label = "q27", shape = doublecircle, final="true" ];
	q28 [label = "q28"];
	q29 [label = "q29"];
	q30 [label = "q30"];
	q31 [label = "q31"];
	q32 [label = "q32", shape = doublecircle, final="true" ];
	q33 [label = "q33", shape = doublecircle, final="true" ];
	q34 [label = "q34", shape = doublecircle, final="true" ];
	q35 [label = "q35"];
	q36 [label = "q36"];
	q37 [label = "q37", shape = doublecircle, final="true" ];
	q38 [label = "q38"];
	q39 [label = "q39"];
	q40 [label = "q40", shape = doublecircle, final="true" ];
	q41 [label = "q41", shape = doublecircle, final="true" ];
	q42 [label = "q42", shape = doublecircle, final="true" ];
	q43 [label = "q43"];
	q44 [label = "q44", shape = doublecircle, final="true" ];
	q45 [label = "q45"];
	q46 [label = "q46"];
	q47 [label = "q47"];
	q48 [label = "q48", shape = doublecircle, final="true" ];
	q49 [label = "q49", shape = doublecircle, final="true" ];
	q50 [label = "q50", shape = doublecircle, final="true" ];
	q51 [label = "q51", shape = doublecircle, final="true" ];
	q52 [label = "q52", shape = doublecircle, final="true" ];
	q53 [label = "q53"];
	q54 [label = "q54"];
	q55 [label = "q55"];
	q56 [label = "q56"];
	q57 [label = "q57"];
	q58 [label = "q58", shape = doublecircle, final="true" ];
	q59 [label = "q59"];
	q60 [label = "q60"];
	q61 [label = "q61"];
	q62 [label = "q62"];
	q63 [label = "q63"];
	q64 [label = "q64"];
	q65 [label = "q65"];
	q66 [label = "q66"];
	q67 [label = "q67"];
	q68 [label = "q68", shape = doublecircle, final="true" ];
	q69 [label = "q69"];
	q70 [label = "q70"];
	q71 [label = "q71"];
	q72 [label = "q72", shape = doublecircle, final="true" ];
	q73 [label = "q73", shape = doublecircle, final="true" ];
	q74 [label = "q74"];
	q75 [label = "q75", shape = doublecircle, final="true" ];
	q76 [label = "q76", shape = doublecircle, final="true" ];
	q77 [label = "q77"];
	q78 [label = "q78"];
	q79 [label = "q79"];
	q80 [label = "q80", shape = doublecircle, final="true" ];
	q81 [label = "q81"];
	q82 [label = "q82"];
	q83 [label = "q83"];
	q84 [label = "q84"];
	q85 [label = "q85"];
	q86 [label = "q86"];
	s0 -> q44
	q85 -> q7 [label = "b"];
	q83 -> q24 [label = "c"];
	q21 -> q5 [label = "c"];
	q51 -> q50 [label = "b"];
	q39 -> q36 [label = "a"];
	q46 -> q53 [label = "c"];
	q14 -> q42 [label = "a"];
	q66 -> q83 [label = "b"];
	q12 -> q13 [label = "b"];
	q35 -> q51 [label = "b"];
	q10 -> q50 [label = "b"];
	q15 -> q77 [label = "c"];
	q7 -> q37 [label = "a"];
	q31 -> q0 [label = "b"];
	q49 -> q20 [label = "a"];
	q54 -> q73 [label = "a"];
	q1 -> q53 [label = "c"];
	q34 -> q78 [label = "c"];
	q18 -> q9 [label = "b"];
	q5 -> q27 [label = "a"];
	q7 -> q1 [label = "c"];
	q5 -> q83 [label = "b"];
	q52 -> q74 [label = "c"];
	q7 -> q13 [label = "b"];
	q5 -> q38 [label = "c"];
	q52 -> q41 [label = "a"];
	q4 -> q55 [label = "a"];
	q6 -> q50 [label = "b"];
	q0 -> q49 [label = "a"];
	q3 -> q0 [label = "b"];
	q12 -> q3 [label = "c"];
	q78 -> q38 [label = "c"];
	q47 -> q54 [label = "c"];
	q14 -> q74 [label = "c"];
	q3 -> q60 [label = "c"];
	q10 -> q41 [label = "a"];
	q14 -> q50 [label = "b"];
	q12 -> q49 [label = "a"];
	q11 -> q2 [label = "a"];
	q19 -> q30 [label = "c"];
	q58 -> q51 [label = "b"];
	q70 -> q16 [label = "a"];
	q20 -> q54 [label = "c"];
	q23 -> q57 [label = "a"];
	q37 -> q51 [label = "b"];
	q16 -> q30 [label = "c"];
	q24 -> q6 [label = "a"];
	q26 -> q75 [label = "b"];
	q41 -> q30 [label = "c"];
	q17 -> q53 [label = "c"];
	q24 -> q21 [label = "b"];
	q26 -> q47 [label = "a"];
	q36 -> q58 [label = "b"];
	q58 -> q66 [label = "c"];
	q24 -> q53 [label = "c"];
	q4 -> q66 [label = "c"];
	q9 -> q74 [label = "c"];
	q11 -> q51 [label = "b"];
	q8 -> q83 [label = "b"];
	q35 -> q33 [label = "a"];
	q47 -> q20 [label = "b"];
	q64 -> q68 [label = "b"];
	q71 -> q43 [label = "c"];
	q28 -> q63 [label = "b"];
	q31 -> q79 [label = "a"];
	q39 -> q76 [label = "b"];
	q69 -> q36 [label = "a"];
	q11 -> q74 [label = "c"];
	q25 -> q59 [label = "c"];
	q62 -> q69 [label = "c"];
	q50 -> q20 [label = "a"];
	q34 -> q51 [label = "b"];
	q37 -> q42 [label = "a"];
	q55 -> q14 [label = "b"];
	q86 -> q11 [label = "a"];
	q18 -> q20 [label = "a"];
	q2 -> q13 [label = "b"];
	q42 -> q0 [label = "b"];
	q8 -> q62 [label = "c"];
	q38 -> q35 [label = "a"];
	q84 -> q61 [label = "c"];
	q40 -> q55 [label = "a"];
	q16 -> q47 [label = "a"];
	q25 -> q17 [label = "a"];
	q33 -> q17 [label = "a"];
	q22 -> q64 [label = "c"];
	q17 -> q18 [label = "a"];
	q50 -> q50 [label = "b"];
	q0 -> q74 [label = "c"];
	q13 -> q43 [label = "c"];
	q33 -> q59 [label = "c"];
	q61 -> q67 [label = "a"];
	q0 -> q50 [label = "b"];
	q73 -> q20 [label = "b"];
	q13 -> q49 [label = "a"];
	q9 -> q20 [label = "a"];
	q9 -> q50 [label = "b"];
	q32 -> q13 [label = "b"];
	q1 -> q21 [label = "b"];
	q36 -> q77 [label = "c"];
	q29 -> q43 [label = "b"];
	q45 -> q52 [label = "b"];
	q40 -> q52 [label = "b"];
	q46 -> q48 [label = "b"];
	q45 -> q51 [label = "a"];
	q35 -> q43 [label = "c"];
	q6 -> q74 [label = "c"];
	q25 -> q32 [label = "b"];
	q76 -> q55 [label = "a"];
	q36 -> q57 [label = "a"];
	q3 -> q6 [label = "a"];
	q40 -> q29 [label = "c"];
	q45 -> q46 [label = "c"];
	q27 -> q57 [label = "a"];
	q78 -> q7 [label = "b"];
	q72 -> q10 [label = "b"];
	q37 -> q74 [label = "c"];
	q20 -> q20 [label = "a"];
	q23 -> q84 [label = "c"];
	q38 -> q34 [label = "b"];
	q42 -> q18 [label = "a"];
	q26 -> q60 [label = "c"];
	q4 -> q51 [label = "b"];
	q21 -> q51 [label = "b"];
	q30 -> q61 [label = "c"];
	q31 -> q60 [label = "c"];
	q32 -> q49 [label = "a"];
	q62 -> q81 [label = "a"];
	q54 -> q75 [label = "b"];
	q77 -> q39 [label = "c"];
	q6 -> q42 [label = "a"];
	q29 -> q16 [label = "a"];
	q30 -> q80 [label = "b"];
	q13 -> q50 [label = "b"];
	q32 -> q31 [label = "c"];
	q28 -> q64 [label = "c"];
	q41 -> q18 [label = "a"];
	q30 -> q46 [label = "a"];
	q2 -> q57 [label = "a"];
	q44 -> q49 [label = "a"];
	q29 -> q62 [label = "c"];
	q75 -> q49 [label = "a"];
	q27 -> q13 [label = "b"];
	q1 -> q79 [label = "a"];
	q15 -> q57 [label = "a"];
	q21 -> q55 [label = "a"];
	q67 -> q10 [label = "b"];
	q28 -> q46 [label = "a"];
	q43 -> q46 [label = "c"];
	q82 -> q39 [label = "c"];
	q19 -> q75 [label = "b"];
	q17 -> q21 [label = "b"];
	q50 -> q43 [label = "c"];
	q19 -> q47 [label = "a"];
	q34 -> q38 [label = "a"];
	q23 -> q13 [label = "b"];
	q22 -> q23 [label = "a"];
	q20 -> q9 [label = "b"];
	q65 -> q71 [label = "a"];
	q27 -> q84 [label = "c"];
	q41 -> q52 [label = "b"];
	q80 -> q0 [label = "b"];
	q18 -> q54 [label = "c"];
	q42 -> q30 [label = "c"];
	q44 -> q50 [label = "b"];
	q46 -> q47 [label = "a"];
	q22 -> q86 [label = "b"];
	q8 -> q23 [label = "a"];
	q63 -> q70 [label = "c"];
	q48 -> q55 [label = "a"];
	q85 -> q23 [label = "a"];
	q48 -> q14 [label = "b"];
	q43 -> q0 [label = "b"];
	q54 -> q46 [label = "c"];
	q71 -> q50 [label = "b"];
	q48 -> q56 [label = "c"];
	q74 -> q46 [label = "c"];
	q49 -> q14 [label = "b"];
	q55 -> q54 [label = "c"];
	q53 -> q46 [label = "a"];
	q52 -> q50 [label = "b"];
	q51 -> q42 [label = "a"];
	q75 -> q9 [label = "b"];
	q43 -> q37 [label = "a"];
	q51 -> q43 [label = "c"];
	q56 -> q19 [label = "a"];
	q60 -> q39 [label = "c"];
	q66 -> q38 [label = "c"];
	q56 -> q43 [label = "b"];
	q79 -> q51 [label = "b"];
	q67 -> q84 [label = "c"];
	q39 -> q39 [label = "c"];
	q83 -> q13 [label = "b"];
	q56 -> q38 [label = "c"];
	q2 -> q59 [label = "c"];
	q71 -> q42 [label = "a"];
	q53 -> q40 [label = "b"];
	q10 -> q43 [label = "c"];
	q60 -> q16 [label = "a"];
	q62 -> q68 [label = "b"];
	q77 -> q76 [label = "b"];
	q57 -> q18 [label = "a"];
	q44 -> q45 [label = "c"];
	q59 -> q12 [label = "b"];
	q80 -> q49 [label = "a"];
	q61 -> q39 [label = "c"];
	q57 -> q0 [label = "b"];
	q59 -> q36 [label = "a"];
	q57 -> q30 [label = "c"];
	q66 -> q72 [label = "a"];
	q63 -> q52 [label = "b"];
	q60 -> q40 [label = "b"];
	q53 -> q39 [label = "c"];
	q58 -> q65 [label = "a"];
	q68 -> q10 [label = "b"];
	q38 -> q28 [label = "c"];
	q85 -> q62 [label = "c"];
	q59 -> q61 [label = "c"];
	q75 -> q54 [label = "c"];
	q61 -> q76 [label = "b"];
	q81 -> q10 [label = "b"];
	q76 -> q10 [label = "b"];
	q63 -> q11 [label = "a"];
	q64 -> q82 [label = "a"];
	q68 -> q85 [label = "c"];
	q70 -> q64 [label = "c"];
	q64 -> q69 [label = "c"];
	q33 -> q32 [label = "b"];
	q68 -> q38 [label = "a"];
	q70 -> q63 [label = "b"];
	q65 -> q52 [label = "b"];
	q67 -> q57 [label = "a"];
	q69 -> q86 [label = "b"];
	q72 -> q57 [label = "a"];
	q49 -> q54 [label = "c"];
	q74 -> q0 [label = "b"];
	q80 -> q26 [label = "c"];
	q76 -> q8 [label = "c"];
	q47 -> q73 [label = "a"];
	q79 -> q42 [label = "a"];
	q84 -> q12 [label = "b"];
	q16 -> q75 [label = "b"];
	q74 -> q14 [label = "a"];
	q72 -> q84 [label = "c"];
	q73 -> q73 [label = "a"];
	q65 -> q30 [label = "c"];
	q79 -> q74 [label = "c"];
	q73 -> q54 [label = "c"];
	q69 -> q64 [label = "c"];
	q77 -> q15 [label = "a"];
	q78 -> q27 [label = "a"];
	q82 -> q58 [label = "b"];
	q86 -> q22 [label = "c"];
	q82 -> q25 [label = "a"];
	q86 -> q10 [label = "b"];
	q55 -> q51 [label = "a"];
	q84 -> q15 [label = "a"];
	q81 -> q25 [label = "a"];
	q15 -> q4 [label = "b"];
	q83 -> q37 [label = "a"];
	q81 -> q59 [label = "c"];
}
DFA size: 87 states

NL* output after 12 EQ and 5371 MQ:
digraph finite_state_machine {
	rankdir=LR;
	node [shape = circle];
	s0 [shape = point, style = invis, start="true" ];
	q0 [label = "q0"];
	q1 [label = "q1", shape = doublecircle, final="true" ];
	q2 [label = "q2"];
	q3 [label = "q3", shape = doublecircle, final="true" ];
	q4 [label = "q4"];
	q5 [label = "q5"];
	q6 [label = "q6"];
	q7 [label = "q7", shape = doublecircle, final="true" ];
	q8 [label = "q8", shape = doublecircle, final="true" ];
	q9 [label = "q9"];
	q10 [label = "q10"];
	q11 [label = "q11"];
	q12 [label = "q12"];
	q13 [label = "q13"];
	q14 [label = "q14"];
	q15 [label = "q15"];
	q16 [label = "q16"];
	q17 [label = "q17"];
	q18 [label = "q18", shape = doublecircle, final="true" ];
	q19 [label = "q19"];
	q20 [label = "q20", shape = doublecircle, final="true" ];
	q21 [label = "q21"];
	q22 [label = "q22", shape = doublecircle, final="true" ];
	q23 [label = "q23"];
	q24 [label = "q24", shape = doublecircle, final="true" ];
	q25 [label = "q25"];
	q26 [label = "q26"];
	q27 [label = "q27"];
	q28 [label = "q28", shape = doublecircle, final="true" ];
	q29 [label = "q29"];
	s0 -> q18
	q20 -> q22 [label = "b"];
	q20 -> q19 [label = "b"];
	q20 -> q8 [label = "b"];
	q20 -> q0 [label = "b"];
	q22 -> q27 [label = "a"];
	q22 -> q23 [label = "a"];
	q22 -> q10 [label = "a"];
	q22 -> q9 [label = "a"];
	q17 -> q25 [label = "c"];
	q17 -> q16 [label = "c"];
	q17 -> q15 [label = "c"];
	q17 -> q10 [label = "c"];
	q17 -> q5 [label = "c"];
	q23 -> q8 [label = "b"];
	q23 -> q21 [label = "c"];
	q19 -> q19 [label = "b"];
	q19 -> q8 [label = "b"];
	q17 -> q29 [label = "a"];
	q19 -> q0 [label = "b"];
	q17 -> q26 [label = "a"];
	q17 -> q23 [label = "a, c"];
	q17 -> q7 [label = "a, b"];
	q20 -> q23 [label = "b"];
	q16 -> q25 [label = "c"];
	q20 -> q21 [label = "a"];
	q20 -> q16 [label = "a"];
	q20 -> q2 [label = "a"];
	q22 -> q13 [label = "b"];
	q17 -> q0 [label = "a"];
	q18 -> q27 [label = "a"];
	q18 -> q24 [label = "a"];
	q18 -> q21 [label = "a, c"];
	q18 -> q20 [label = "a"];
	q18 -> q17 [label = "a, c"];
	q18 -> q16 [label = "a, c"];
	q18 -> q14 [label = "a"];
	q18 -> q2 [label = "a, c"];
	q18 -> q1 [label = "a"];
	q16 -> q20 [label = "b"];
	q22 -> q25 [label = "a, c"];
	q22 -> q21 [label = "a, c"];
	q22 -> q12 [label = "c"];
	q18 -> q29 [label = "b"];
	q18 -> q26 [label = "b"];
	q18 -> q23 [label = "a, b, c"];
	q18 -> q22 [label = "b"];
	q18 -> q19 [label = "a, b"];
	q18 -> q11 [label = "b"];
	q18 -> q8 [label = "a, b"];
	q18 -> q3 [label = "a, b"];
	q18 -> q0 [label = "a, b"];
	q20 -> q29 [label = "b, c"];
	q4 -> q21 [label = "c"];
	q4 -> q2 [label = "c"];
	q13 -> q24 [label = "a"];
	q12 -> q2 [label = "c"];
	q10 -> q24 [label = "b"];
	q8 -> q7 [label = "b"];
	q20 -> q7 [label = "b"];
	q16 -> q0 [label = "a"];
	q1 -> q25 [label = "a, c"];
	q10 -> q14 [label = "b"];
	q28 -> q23 [label = "a"];
	q28 -> q14 [label = "a, c"];
	q8 -> q21 [label = "a"];
	q19 -> q11 [label = "a, b"];
	q24 -> q2 [label = "a"];
	q27 -> q27 [label = "a"];
	q24 -> q21 [label = "a"];
	q7 -> q12 [label = "c"];
	q8 -> q29 [label = "b"];
	q8 -> q22 [label = "b"];
	q7 -> q0 [label = "a, b"];
	q16 -> q19 [label = "a"];
	q14 -> q8 [label = "b"];
	q14 -> q7 [label = "b"];
	q11 -> q25 [label = "a, c"];
	q19 -> q13 [label = "c"];
	q5 -> q25 [label = "a, c"];
	q21 -> q23 [label = "a"];
	q7 -> q27 [label = "a"];
	q27 -> q2 [label = "a"];
	q12 -> q27 [label = "a"];
	q7 -> q11 [label = "b"];
	q27 -> q5 [label = "a"];
	q1 -> q21 [label = "a, c"];
	q13 -> q3 [label = "b"];
	q13 -> q25 [label = "c"];
	q4 -> q13 [label = "b"];
	q13 -> q16 [label = "c"];
	q3 -> q19 [label = "a, b"];
	q12 -> q13 [label = "b"];
	q9 -> q27 [label = "a"];
	q11 -> q21 [label = "a, c"];
	q10 -> q5 [label = "a"];
	q9 -> q5 [label = "a"];
	q10 -> q23 [label = "a"];
	q15 -> q21 [label = "a, b, c"];
	q12 -> q25 [label = "c"];
	q8 -> q0 [label = "a, b"];
	q11 -> q27 [label = "a"];
	q11 -> q28 [label = "b"];
	q8 -> q8 [label = "b"];
	q8 -> q26 [label = "b"];
	q11 -> q10 [label = "a"];
	q9 -> q0 [label = "a"];
	q11 -> q9 [label = "a"];
	q3 -> q8 [label = "b"];
	q13 -> q21 [label = "c"];
	q19 -> q21 [label = "c"];
	q21 -> q24 [label = "b"];
	q0 -> q21 [label = "c"];
	q24 -> q16 [label = "a"];
	q8 -> q16 [label = "a"];
	q29 -> q21 [label = "c"];
	q28 -> q0 [label = "a"];
	q17 -> q21 [label = "c"];
	q10 -> q25 [label = "c"];
	q27 -> q16 [label = "a"];
	q6 -> q26 [label = "b, c"];
	q4 -> q14 [label = "b"];
	q29 -> q0 [label = "a"];
	q27 -> q11 [label = "a"];
	q27 -> q9 [label = "a"];
	q13 -> q20 [label = "a"];
	q27 -> q10 [label = "a, c"];
	q9 -> q11 [label = "a"];
	q9 -> q14 [label = "b"];
	q17 -> q8 [label = "a, b"];
	q9 -> q23 [label = "a"];
	q17 -> q22 [label = "a"];
	q4 -> q16 [label = "c"];
	q5 -> q16 [label = "a"];
	q25 -> q21 [label = "c"];
	q8 -> q19 [label = "b"];
	q15 -> q15 [label = "a"];
	q19 -> q16 [label = "c"];
	q17 -> q9 [label = "c"];
	q14 -> q9 [label = "c"];
	q19 -> q25 [label = "c"];
	q7 -> q29 [label = "b"];
	q24 -> q29 [label = "c"];
	q19 -> q26 [label = "b"];
	q20 -> q26 [label = "b, c"];
	q15 -> q2 [label = "a, b"];
	q18 -> q28 [label = "b"];
	q2 -> q24 [label = "b"];
	q0 -> q7 [label = "b"];
	q8 -> q25 [label = "c"];
	q12 -> q21 [label = "c"];
	q4 -> q1 [label = "a"];
	q26 -> q13 [label = "b"];
	q7 -> q22 [label = "b"];
	q29 -> q23 [label = "a"];
	q11 -> q13 [label = "b"];
	q15 -> q25 [label = "a"];
	q3 -> q2 [label = "a"];
	q29 -> q5 [label = "a"];
	q26 -> q11 [label = "a"];
	q3 -> q4 [label = "c"];
	q29 -> q13 [label = "b"];
	q13 -> q1 [label = "a"];
	q25 -> q14 [label = "b"];
	q26 -> q0 [label = "a"];
	q19 -> q4 [label = "c"];
	q6 -> q2 [label = "c"];
	q18 -> q7 [label = "b"];
	q6 -> q4 [label = "c"];
	q7 -> q21 [label = "a, c"];
	q27 -> q21 [label = "a, c"];
	q28 -> q6 [label = "a"];
	q14 -> q25 [label = "c"];
	q10 -> q27 [label = "a"];
	q8 -> q4 [label = "c"];
	q29 -> q11 [label = "a"];
	q19 -> q23 [label = "b"];
	q27 -> q25 [label = "a, c"];
	q26 -> q5 [label = "a"];
	q22 -> q2 [label = "a"];
	q13 -> q28 [label = "b"];
	q7 -> q28 [label = "b"];
	q26 -> q16 [label = "c"];
	q0 -> q11 [label = "a"];
	q26 -> q23 [label = "a"];
	q20 -> q11 [label = "b"];
	q26 -> q27 [label = "a"];
	q28 -> q21 [label = "a, c"];
	q8 -> q23 [label = "a, b"];
	q22 -> q5 [label = "a"];
	q24 -> q7 [label = "b"];
	q5 -> q3 [label = "b"];
	q15 -> q14 [label = "b"];
	q29 -> q27 [label = "a"];
	q29 -> q2 [label = "c"];
	q3 -> q23 [label = "a, b"];
	q26 -> q2 [label = "c"];
	q5 -> q21 [label = "a, c"];
	q11 -> q23 [label = "a"];
	q16 -> q23 [label = "a"];
	q28 -> q7 [label = "b"];
	q6 -> q8 [label = "b"];
	q27 -> q23 [label = "a"];
	q28 -> q8 [label = "a, b"];
	q25 -> q23 [label = "a"];
	q28 -> q19 [label = "a"];
	q28 -> q13 [label = "b"];
	q27 -> q8 [label = "b"];
	q17 -> q24 [label = "b"];
	q13 -> q8 [label = "a, b"];
	q8 -> q2 [label = "a"];
	q26 -> q21 [label = "c"];
	q17 -> q27 [label = "c"];
	q3 -> q17 [label = "a"];
	q28 -> q2 [label = "a, c"];
	q19 -> q14 [label = "c"];
	q11 -> q2 [label = "a"];
	q6 -> q21 [label = "c"];
	q5 -> q2 [label = "a"];
	q19 -> q2 [label = "c"];
	q28 -> q20 [label = "a"];
	q28 -> q16 [label = "a, c"];
	q28 -> q24 [label = "a"];
	q8 -> q11 [label = "b"];
	q6 -> q12 [label = "c"];
	q1 -> q11 [label = "a"];
	q28 -> q17 [label = "a"];
	q28 -> q12 [label = "c"];
	q6 -> q7 [label = "b"];
	q28 -> q27 [label = "a"];
	q1 -> q5 [label = "a"];
	q26 -> q1 [label = "a"];
	q27 -> q0 [label = "a"];
	q28 -> q1 [label = "a"];
	q19 -> q29 [label = "b"];
	q6 -> q13 [label = "c"];
	q28 -> q25 [label = "c"];
	q16 -> q15 [label = "c"];
	q3 -> q22 [label = "b"];
	q19 -> q7 [label = "b"];
	q15 -> q5 [label = "a"];
	q6 -> q9 [label = "c"];
	q13 -> q2 [label = "c"];
	q6 -> q14 [label = "c"];
	q6 -> q16 [label = "c"];
	q6 -> q17 [label = "c"];
	q23 -> q11 [label = "a"];
	q15 -> q23 [label = "a"];
	q6 -> q23 [label = "a, b, c"];
	q6 -> q25 [label = "c"];
	q6 -> q29 [label = "b, c"];
	q0 -> q8 [label = "b"];
	q7 -> q14 [label = "c"];
	q14 -> q19 [label = "a"];
	q24 -> q8 [label = "b"];
	q2 -> q23 [label = "a"];
	q6 -> q0 [label = "a, b"];
	q6 -> q11 [label = "a, b"];
	q18 -> q6 [label = "a"];
	q6 -> q22 [label = "a, b"];
	q23 -> q25 [label = "c"];
	q0 -> q12 [label = "c"];
	q28 -> q28 [label = "b"];
	q0 -> q25 [label = "c"];
	q4 -> q0 [label = "a"];
	q5 -> q23 [label = "a"];
	q4 -> q23 [label = "a"];
	q18 -> q13 [label = "b"];
	q7 -> q19 [label = "b"];
	q17 -> q11 [label = "a"];
	q4 -> q27 [label = "a"];
	q26 -> q22 [label = "a"];
	q1 -> q2 [label = "a"];
	q1 -> q9 [label = "a"];
	q14 -> q6 [label = "a"];
	q1 -> q10 [label = "a, c"];
	q22 -> q16 [label = "a"];
	q3 -> q7 [label = "b"];
	q12 -> q28 [label = "b"];
	q22 -> q28 [label = "b"];
	q15 -> q27 [label = "a"];
	q1 -> q16 [label = "a"];
	q1 -> q23 [label = "a"];
	q2 -> q0 [label = "a"];
	q1 -> q27 [label = "a"];
	q11 -> q16 [label = "a"];
	q3 -> q0 [label = "a, b"];
	q3 -> q11 [label = "b"];
	q3 -> q29 [label = "b"];
	q3 -> q26 [label = "b"];
	q17 -> q20 [label = "b"];
	q1 -> q12 [label = "c"];
	q17 -> q19 [label = "a"];
	q7 -> q4 [label = "c"];
	q6 -> q10 [label = "c"];
	q15 -> q10 [label = "a"];
	q7 -> q13 [label = "b, c"];
	q5 -> q10 [label = "a, c"];
	q7 -> q16 [label = "a, c"];
	q1 -> q7 [label = "b"];
	q19 -> q22 [label = "a, b"];
	q1 -> q8 [label = "b"];
	q2 -> q25 [label = "c"];
	q3 -> q16 [label = "a"];
	q3 -> q21 [label = "a"];
	q12 -> q24 [label = "b"];
	q25 -> q27 [label = "a"];
	q7 -> q3 [label = "b"];
	q13 -> q19 [label = "a"];
	q7 -> q7 [label = "b"];
	q7 -> q8 [label = "b"];
	q7 -> q23 [label = "a, b"];
	q28 -> q3 [label = "a, b"];
	q7 -> q26 [label = "b"];
	q5 -> q0 [label = "a"];
	q17 -> q2 [label = "c"];
	q5 -> q5 [label = "a"];
	q21 -> q25 [label = "c"];
	q11 -> q5 [label = "a"];
	q5 -> q9 [label = "a"];
	q7 -> q2 [label = "a, c"];
	q5 -> q27 [label = "a"];
	q7 -> q1 [label = "a"];
	q7 -> q25 [label = "c"];
	q5 -> q8 [label = "b"];
	q1 -> q0 [label = "a"];
	q3 -> q25 [label = "c"];
	q3 -> q6 [label = "a"];
	q9 -> q21 [label = "c"];
	q13 -> q0 [label = "a"];
	q13 -> q6 [label = "a"];
	q19 -> q12 [label = "c"];
	q13 -> q23 [label = "a"];
	q13 -> q27 [label = "a"];
	q16 -> q24 [label = "b"];
	q15 -> q16 [label = "a, b"];
	q12 -> q23 [label = "a"];
	q10 -> q21 [label = "c"];
	q12 -> q14 [label = "b"];
	q14 -> q0 [label = "a"];
	q6 -> q19 [label = "b"];
	q5 -> q11 [label = "a"];
	q14 -> q23 [label = "a"];
	q11 -> q12 [label = "c"];
	q13 -> q7 [label = "b"];
	q13 -> q13 [label = "b"];
	q15 -> q9 [label = "a"];
}
NFA size: 30 states

AL* output after 11 EQ and 3616 MQ:
digraph finite_state_machine {
	rankdir=LR;
	node [shape = circle];
	s0 [shape = point, style = invis, start="true" ];
	s1 [shape = point, style = invis, start="true" ];
	s2 [shape = point, style = invis, start="true" ];
	s3 [shape = point, style = invis, start="true" ];
	s4 [shape = point, style = invis, start="true" ];
	s5 [shape = point, style = invis, start="true" ];
	q0 [label = "q0"];
	q1 [label = "q1", shape = doublecircle, final="true" ];
	q2 [label = "q2"];
	q3 [label = "q3"];
	q4 [label = "q4"];
	q5 [label = "q5"];
	q6 [label = "q6", shape = doublecircle, final="true" ];
	q7 [label = "q7", shape = doublecircle, final="true" ];
	q8 [label = "q8", shape = doublecircle, final="true" ];
	m0 [label = "", shape = square, style = filled, color=grey, fixedsize=true, width=.2];
	m1 [label = "", shape = square, style = filled, color=grey, fixedsize=true, width=.2];
	m2 [label = "", shape = square, style = filled, color=grey, fixedsize=true, width=.2];
	m3 [label = "", shape = square, style = filled, color=grey, fixedsize=true, width=.2];
	m4 [label = "", shape = square, style = filled, color=grey, fixedsize=true, width=.2];
	m5 [label = "", shape = square, style = filled, color=grey, fixedsize=true, width=.2];
	m6 [label = "", shape = square, style = filled, color=grey, fixedsize=true, width=.2];
	m7 [label = "", shape = square, style = filled, color=grey, fixedsize=true, width=.2];
	m8 [label = "", shape = square, style = filled, color=grey, fixedsize=true, width=.2];
	m9 [label = "", shape = square, style = filled, color=grey, fixedsize=true, width=.2];
	m10 [label = "", shape = square, style = filled, color=grey, fixedsize=true, width=.2];
	m11 [label = "", shape = square, style = filled, color=grey, fixedsize=true, width=.2];
	m12 [label = "", shape = square, style = filled, color=grey, fixedsize=true, width=.2];
	s0 -> m0
	s1 -> m1
	s2 -> m2
	s3 -> m3
	s4 -> m4
	s5 -> m5
	q3 -> m2 [label = "c"];
	q3 -> m8 [label = "c"];
	q5 -> m4 [label = "b"];
	q4 -> m5 [label = "b"];
	q4 -> m0 [label = "b"];
	q1 -> m11 [label = "c"];
	q6 -> m3 [label = "b"];
	q7 -> m4 [label = "b, c"];
	q0 -> m2 [label = "b"];
	q6 -> m4 [label = "a, b, c"];
	q7 -> m7 [label = "b, c"];
	q6 -> m7 [label = "a, b, c"];
	q2 -> m4 [label = "b, c"];
	q4 -> m7 [label = "a"];
	q2 -> m2 [label = "a, b, c"];
	q6 -> m0 [label = "a, b"];
	q2 -> m8 [label = "a, b"];
	q7 -> m1 [label = "b"];
	q8 -> m1 [label = "a, b"];
	q8 -> m3 [label = "b"];
	q0 -> m3 [label = "b"];
	q6 -> m6 [label = "a, c"];
	q2 -> m1 [label = "b"];
	q0 -> m4 [label = "a, b"];
	q6 -> m1 [label = "a, b"];
	q0 -> m9 [label = "c"];
	q2 -> m0 [label = "a, b"];
	q1 -> m6 [label = "a"];
	q0 -> m5 [label = "a, b"];
	q8 -> m4 [label = "a, b, c"];
	q5 -> m9 [label = "a"];
	q6 -> m8 [label = "b"];
	q2 -> m6 [label = "c"];
	q3 -> m6 [label = "a, b"];
	q8 -> m6 [label = "a, c"];
	q7 -> m8 [label = "b"];
	q8 -> m7 [label = "a, b"];
	q7 -> m2 [label = "b, c"];
	q5 -> m2 [label = "b"];
	q2 -> m7 [label = "a, b"];
	q0 -> m1 [label = "a, b"];
	q0 -> m7 [label = "a"];
	q1 -> m8 [label = "b, c"];
	q1 -> m0 [label = "b"];
	q0 -> m0 [label = "a, b"];
	q7 -> m0 [label = "b"];
	q0 -> m8 [label = "a, b"];
	q3 -> m11 [label = "b"];
	q6 -> m2 [label = "b"];
	q4 -> m1 [label = "a, b"];
	q0 -> m6 [label = "c"];
	q1 -> m7 [label = "a"];
	q4 -> m9 [label = "c"];
	q4 -> m8 [label = "a, b"];
	q8 -> m8 [label = "b"];
	q4 -> m4 [label = "a"];
	q7 -> m6 [label = "a"];
	q5 -> m6 [label = "a, b, c"];
	q3 -> m12 [label = "c"];
	q1 -> m4 [label = "b"];
	q1 -> m10 [label = "a"];
	q1 -> m2 [label = "a, b, c"];
	q8 -> m0 [label = "a, b"];
	q3 -> m0 [label = "b"];
	q1 -> m3 [label = "b"];
	q8 -> m2 [label = "a, b, c"];
	q3 -> m9 [label = "a"];
	q5 -> m0 [label = "a"];
	q1 -> m12 [label = "c"];
	m0 -> q1;
	m0 -> q6;
	m0 -> q7;
	m0 -> q8;
	m1 -> q2;
	m1 -> q6;
	m1 -> q7;
	m1 -> q8;
	m2 -> q0;
	m2 -> q1;
	m2 -> q3;
	m2 -> q5;
	m2 -> q6;
	m2 -> q8;
	m3 -> q0;
	m3 -> q4;
	m3 -> q6;
	m3 -> q8;
	m4 -> q0;
	m4 -> q2;
	m4 -> q5;
	m4 -> q6;
	m4 -> q8;
	m5 -> q0;
	m5 -> q4;
	m5 -> q6;
	m5 -> q7;
	m6 -> q0;
	m6 -> q4;
	m7 -> q1;
	m7 -> q2;
	m7 -> q3;
	m7 -> q5;
	m7 -> q8;
	m8 -> q0;
	m8 -> q1;
	m8 -> q2;
	m8 -> q3;
	m8 -> q4;
	m8 -> q7;
	m8 -> q8;
	m9 -> q3;
	m9 -> q5;
	m10 -> q1;
	m10 -> q3;
	m10 -> q5;
	m10 -> q6;
	m10 -> q7;
	m10 -> q8;
	m11 -> q0;
	m11 -> q2;
	m11 -> q5;
	m11 -> q6;
	m11 -> q7;
	m11 -> q8;
	m12 -> q0;
	m12 -> q3;
	m12 -> q4;
	m12 -> q5;
}
AFA size: 9 states

