Random target AFA:
digraph finite_state_machine {
	rankdir=LR;
	node [shape = circle];
	s0 [shape = point, style = invis, start="true" ];
	s1 [shape = point, style = invis, start="true" ];
	q0 [label = "q0", shape = doublecircle, final="true" ];
	q1 [label = "q1"];
	q2 [label = "q2"];
	q3 [label = "q3"];
	q4 [label = "q4", shape = doublecircle, final="true" ];
	q5 [label = "q5"];
	m0 [label = "", shape = square, style = filled, color=grey, fixedsize=true, width=.2];
	m1 [label = "", shape = square, style = filled, color=grey, fixedsize=true, width=.2];
	m2 [label = "", shape = square, style = filled, color=grey, fixedsize=true, width=.2];
	m3 [label = "", shape = square, style = filled, color=grey, fixedsize=true, width=.2];
	m4 [label = "", shape = square, style = filled, color=grey, fixedsize=true, width=.2];
	m5 [label = "", shape = square, style = filled, color=grey, fixedsize=true, width=.2];
	m6 [label = "", shape = square, style = filled, color=grey, fixedsize=true, width=.2];
	s0 -> q0
	s1 -> q0
	q4 -> q4 [label = "b"];
	q1 -> q5 [label = "c"];
	q1 -> m3 [label = "c"];
	q2 -> m5 [label = "c"];
	q5 -> m4 [label = "a"];
	q3 -> q4 [label = "b, c"];
	q5 -> q5 [label = "b"];
	q3 -> q2 [label = "a, b"];
	q1 -> q0 [label = "a"];
	q4 -> q2 [label = "c"];
	q3 -> m6 [label = "c"];
	q2 -> q1 [label = "b"];
	q0 -> q1 [label = "a"];
	q2 -> m1 [label = "b"];
	q0 -> m2 [label = "c"];
	q0 -> q4 [label = "b, c"];
	q0 -> m0 [label = "a, b"];
	q4 -> m3 [label = "a"];
	q2 -> q3 [label = "a"];
	q3 -> q1 [label = "a"];
	q2 -> q4 [label = "a"];
	q4 -> q3 [label = "a, b"];
	q1 -> q4 [label = "b"];
	q5 -> q1 [label = "a, c"];
	q5 -> q0 [label = "b"];
	q2 -> q2 [label = "c"];
	q1 -> q2 [label = "a, b"];
	m0 -> q0;
	m0 -> q4;
	m1 -> q3;
	m1 -> q5;
	m2 -> q3;
	m2 -> q4;
	m3 -> q2;
	m3 -> q4;
	m4 -> q1;
	m4 -> q2;
	m5 -> q0;
	m5 -> q2;
	m6 -> q2;
	m6 -> q5;
}

L* output after 8 EQ and 4919 MQ:
digraph finite_state_machine {
	rankdir=LR;
	node [shape = circle];
	s0 [shape = point, style = invis, start="true" ];
	q0 [label = "q0", shape = doublecircle, final="true" ];
	q1 [label = "q1"];
	q2 [label = "q2", shape = doublecircle, final="true" ];
	q3 [label = "q3", shape = doublecircle, final="true" ];
	q4 [label = "q4"];
	q5 [label = "q5", shape = doublecircle, final="true" ];
	q6 [label = "q6", shape = doublecircle, final="true" ];
	q7 [label = "q7", shape = doublecircle, final="true" ];
	q8 [label = "q8", shape = doublecircle, final="true" ];
	q9 [label = "q9", shape = doublecircle, final="true" ];
	q10 [label = "q10", shape = doublecircle, final="true" ];
	q11 [label = "q11", shape = doublecircle, final="true" ];
	q12 [label = "q12", shape = doublecircle, final="true" ];
	q13 [label = "q13", shape = doublecircle, final="true" ];
	q14 [label = "q14"];
	q15 [label = "q15"];
	q16 [label = "q16"];
	q17 [label = "q17"];
	q18 [label = "q18", shape = doublecircle, final="true" ];
	q19 [label = "q19", shape = doublecircle, final="true" ];
	q20 [label = "q20", shape = doublecircle, final="true" ];
	q21 [label = "q21"];
	q22 [label = "q22"];
	q23 [label = "q23", shape = doublecircle, final="true" ];
	q24 [label = "q24"];
	q25 [label = "q25"];
	q26 [label = "q26", shape = doublecircle, final="true" ];
	q27 [label = "q27", shape = doublecircle, final="true" ];
	q28 [label = "q28", shape = doublecircle, final="true" ];
	q29 [label = "q29", shape = doublecircle, final="true" ];
	q30 [label = "q30"];
	q31 [label = "q31", shape = doublecircle, final="true" ];
	q32 [label = "q32", shape = doublecircle, final="true" ];
	q33 [label = "q33"];
	q34 [label = "q34", shape = doublecircle, final="true" ];
	q35 [label = "q35", shape = doublecircle, final="true" ];
	q36 [label = "q36", shape = doublecircle, final="true" ];
	q37 [label = "q37", shape = doublecircle, final="true" ];
	q38 [label = "q38", shape = doublecircle, final="true" ];
	q39 [label = "q39", shape = doublecircle, final="true" ];
	q40 [label = "q40", shape = doublecircle, final="true" ];
	q41 [label = "q41"];
	q42 [label = "q42", shape = doublecircle, final="true" ];
	q43 [label = "q43", shape = doublecircle, final="true" ];
	q44 [label = "q44"];
	s0 -> q28
	q41 -> q17 [label = "c"];
	q41 -> q34 [label = "b"];
	q12 -> q30 [label = "c"];
	q2 -> q34 [label = "a"];
	q9 -> q12 [label = "c"];
	q7 -> q6 [label = "a"];
	q8 -> q37 [label = "a"];
	q4 -> q6 [label = "a"];
	q5 -> q32 [label = "c"];
	q12 -> q39 [label = "a"];
	q6 -> q39 [label = "b"];
	q7 -> q4 [label = "c"];
	q9 -> q42 [label = "b"];
	q7 -> q5 [label = "b"];
	q0 -> q32 [label = "c"];
	q6 -> q37 [label = "a"];
	q4 -> q3 [label = "b"];
	q13 -> q8 [label = "c"];
	q2 -> q7 [label = "c"];
	q6 -> q19 [label = "c"];
	q34 -> q39 [label = "b"];
	q1 -> q0 [label = "a"];
	q28 -> q23 [label = "b, c"];
	q5 -> q37 [label = "a"];
	q19 -> q20 [label = "a"];
	q8 -> q44 [label = "c"];
	q16 -> q14 [label = "c"];
	q3 -> q37 [label = "a"];
	q22 -> q39 [label = "a"];
	q23 -> q21 [label = "a"];
	q23 -> q20 [label = "b"];
	q19 -> q34 [label = "b"];
	q15 -> q34 [label = "a"];
	q37 -> q29 [label = "a"];
	q35 -> q12 [label = "c"];
	q1 -> q9 [label = "b"];
	q22 -> q18 [label = "b"];
	q44 -> q44 [label = "c"];
	q11 -> q7 [label = "c"];
	q15 -> q40 [label = "b"];
	q23 -> q17 [label = "c"];
	q16 -> q37 [label = "a"];
	q10 -> q43 [label = "c"];
	q35 -> q34 [label = "a"];
	q29 -> q32 [label = "c"];
	q20 -> q39 [label = "b"];
	q21 -> q33 [label = "a"];
	q20 -> q33 [label = "a"];
	q5 -> q11 [label = "b"];
	q13 -> q37 [label = "a"];
	q8 -> q42 [label = "b"];
	q44 -> q10 [label = "b"];
	q16 -> q19 [label = "b"];
	q3 -> q1 [label = "c"];
	q14 -> q24 [label = "a"];
	q20 -> q19 [label = "c"];
	q21 -> q19 [label = "c"];
	q22 -> q30 [label = "c"];
	q42 -> q12 [label = "c"];
	q3 -> q2 [label = "b"];
	q18 -> q15 [label = "c"];
	q36 -> q11 [label = "b"];
	q41 -> q20 [label = "a"];
	q13 -> q35 [label = "b"];
	q14 -> q22 [label = "c"];
	q14 -> q9 [label = "b"];
	q27 -> q19 [label = "b"];
	q42 -> q29 [label = "a"];
	q33 -> q32 [label = "c"];
	q0 -> q38 [label = "b"];
	q11 -> q29 [label = "a, b"];
	q9 -> q37 [label = "a"];
	q32 -> q40 [label = "b"];
	q15 -> q22 [label = "c"];
	q27 -> q26 [label = "a"];
	q19 -> q17 [label = "c"];
	q28 -> q27 [label = "a"];
	q21 -> q38 [label = "b"];
	q25 -> q31 [label = "b"];
	q24 -> q37 [label = "a"];
	q31 -> q37 [label = "a"];
	q26 -> q18 [label = "b"];
	q24 -> q38 [label = "b"];
	q10 -> q10 [label = "b"];
	q25 -> q24 [label = "a"];
	q18 -> q29 [label = "a, b"];
	q26 -> q29 [label = "a"];
	q43 -> q29 [label = "a"];
	q30 -> q22 [label = "c"];
	q4 -> q4 [label = "c"];
	q24 -> q32 [label = "c"];
	q30 -> q13 [label = "b"];
	q2 -> q5 [label = "b"];
	q31 -> q36 [label = "c"];
	q34 -> q37 [label = "a"];
	q1 -> q22 [label = "c"];
	q25 -> q22 [label = "c"];
	q43 -> q44 [label = "c"];
	q17 -> q20 [label = "a"];
	q43 -> q10 [label = "b"];
	q12 -> q29 [label = "b"];
	q29 -> q29 [label = "a, b"];
	q0 -> q37 [label = "a"];
	q26 -> q19 [label = "c"];
	q30 -> q34 [label = "a"];
	q17 -> q16 [label = "b"];
	q37 -> q18 [label = "b"];
	q27 -> q25 [label = "c"];
	q39 -> q19 [label = "c"];
	q32 -> q22 [label = "c"];
	q17 -> q17 [label = "c"];
	q31 -> q35 [label = "b"];
	q38 -> q41 [label = "c"];
	q36 -> q26 [label = "a"];
	q10 -> q29 [label = "a"];
	q36 -> q30 [label = "c"];
	q38 -> q29 [label = "a, b"];
	q33 -> q29 [label = "a"];
	q37 -> q32 [label = "c"];
	q33 -> q18 [label = "b"];
	q39 -> q29 [label = "a, b"];
	q34 -> q32 [label = "c"];
	q32 -> q34 [label = "a"];
	q42 -> q10 [label = "b"];
	q40 -> q37 [label = "a"];
	q35 -> q40 [label = "b"];
	q40 -> q42 [label = "b"];
	q44 -> q29 [label = "a"];
	q40 -> q43 [label = "c"];
}
DFA size: 45 states

NL* output after 10 EQ and 2467 MQ:
digraph finite_state_machine {
	rankdir=LR;
	node [shape = circle];
	s0 [shape = point, style = invis, start="true" ];
	q0 [label = "q0"];
	q1 [label = "q1", shape = doublecircle, final="true" ];
	q2 [label = "q2"];
	q3 [label = "q3", shape = doublecircle, final="true" ];
	q4 [label = "q4"];
	q5 [label = "q5", shape = doublecircle, final="true" ];
	q6 [label = "q6", shape = doublecircle, final="true" ];
	q7 [label = "q7"];
	q8 [label = "q8", shape = doublecircle, final="true" ];
	q9 [label = "q9"];
	q10 [label = "q10"];
	q11 [label = "q11"];
	q12 [label = "q12"];
	q13 [label = "q13", shape = doublecircle, final="true" ];
	q14 [label = "q14"];
	q15 [label = "q15", shape = doublecircle, final="true" ];
	s0 -> q5
	q9 -> q12 [label = "b"];
	q9 -> q9 [label = "b"];
	q9 -> q6 [label = "b"];
	q9 -> q3 [label = "b"];
	q11 -> q8 [label = "a"];
	q15 -> q3 [label = "c"];
	q5 -> q8 [label = "b, c"];
	q6 -> q11 [label = "a, b"];
	q9 -> q5 [label = "a"];
	q1 -> q2 [label = "a, b"];
	q9 -> q14 [label = "a, b"];
	q12 -> q6 [label = "a"];
	q4 -> q8 [label = "b"];
	q4 -> q0 [label = "b"];
	q1 -> q11 [label = "a, b"];
	q3 -> q2 [label = "b, c"];
	q4 -> q10 [label = "a, b"];
	q15 -> q8 [label = "b, c"];
	q0 -> q10 [label = "a, b"];
	q9 -> q11 [label = "a, b, c"];
	q11 -> q11 [label = "c"];
	q9 -> q2 [label = "b, c"];
	q1 -> q7 [label = "c"];
	q1 -> q5 [label = "a, b"];
	q3 -> q11 [label = "a, b, c"];
	q11 -> q10 [label = "a"];
	q7 -> q2 [label = "c"];
	q15 -> q7 [label = "b"];
	q4 -> q15 [label = "b"];
	q15 -> q4 [label = "b"];
	q4 -> q5 [label = "b"];
	q13 -> q6 [label = "a, b"];
	q7 -> q9 [label = "c"];
	q13 -> q5 [label = "a, b"];
	q15 -> q2 [label = "a, b"];
	q10 -> q14 [label = "b, c"];
	q15 -> q12 [label = "a"];
	q2 -> q2 [label = "c"];
	q4 -> q11 [label = "c"];
	q15 -> q5 [label = "a, b"];
	q10 -> q13 [label = "b"];
	q9 -> q7 [label = "c"];
	q3 -> q10 [label = "a, b"];
	q9 -> q8 [label = "a, b"];
	q13 -> q2 [label = "a, b"];
	q7 -> q15 [label = "b"];
	q14 -> q11 [label = "c"];
	q11 -> q12 [label = "b"];
	q6 -> q10 [label = "a"];
	q4 -> q4 [label = "b"];
	q12 -> q8 [label = "b"];
	q12 -> q5 [label = "a"];
	q1 -> q0 [label = "c"];
	q13 -> q9 [label = "a, b"];
	q15 -> q0 [label = "b"];
	q15 -> q10 [label = "a"];
	q13 -> q1 [label = "a, b"];
	q14 -> q8 [label = "a, b"];
	q15 -> q9 [label = "a"];
	q0 -> q8 [label = "b"];
	q7 -> q5 [label = "b"];
	q4 -> q7 [label = "b"];
	q2 -> q8 [label = "a"];
	q13 -> q13 [label = "a, b"];
	q7 -> q12 [label = "a"];
	q13 -> q8 [label = "a, b"];
	q10 -> q11 [label = "a, b, c"];
	q13 -> q12 [label = "a, b"];
	q13 -> q11 [label = "a, b, c"];
	q9 -> q13 [label = "a, b"];
	q5 -> q6 [label = "a"];
	q12 -> q11 [label = "a, b"];
	q13 -> q14 [label = "a, b, c"];
	q12 -> q14 [label = "b"];
	q1 -> q4 [label = "c"];
	q6 -> q14 [label = "b"];
	q6 -> q5 [label = "a"];
	q10 -> q8 [label = "b, c"];
	q2 -> q5 [label = "a"];
	q13 -> q3 [label = "a, b"];
	q3 -> q5 [label = "a, b"];
	q1 -> q8 [label = "b"];
	q12 -> q12 [label = "a"];
	q7 -> q10 [label = "a"];
	q3 -> q7 [label = "c"];
	q7 -> q11 [label = "c"];
	q3 -> q8 [label = "b"];
	q3 -> q13 [label = "b"];
	q0 -> q6 [label = "a"];
	q3 -> q14 [label = "b"];
	q1 -> q6 [label = "a"];
	q1 -> q10 [label = "a"];
	q1 -> q12 [label = "a"];
	q2 -> q1 [label = "b"];
	q4 -> q12 [label = "a"];
	q0 -> q5 [label = "a, b"];
	q10 -> q2 [label = "a"];
	q0 -> q2 [label = "c"];
	q0 -> q9 [label = "c"];
	q0 -> q11 [label = "c"];
	q13 -> q10 [label = "a, b"];
	q6 -> q8 [label = "b"];
	q0 -> q0 [label = "b"];
	q0 -> q4 [label = "b"];
	q0 -> q7 [label = "b"];
	q0 -> q15 [label = "b"];
	q6 -> q7 [label = "c"];
	q1 -> q14 [label = "b"];
	q2 -> q6 [label = "b"];
	q15 -> q11 [label = "a, b"];
	q2 -> q12 [label = "b"];
	q4 -> q2 [label = "c"];
	q4 -> q9 [label = "c"];
	q10 -> q9 [label = "a"];
	q12 -> q7 [label = "c"];
	q8 -> q10 [label = "a, b"];
	q10 -> q10 [label = "a"];
	q12 -> q4 [label = "c"];
	q14 -> q10 [label = "a, b"];
	q0 -> q12 [label = "a"];
	q10 -> q12 [label = "a"];
	q8 -> q8 [label = "b"];
	q14 -> q5 [label = "b"];
	q1 -> q9 [label = "a"];
	q14 -> q6 [label = "b"];
	q14 -> q12 [label = "b"];
	q12 -> q2 [label = "a"];
	q15 -> q6 [label = "a, c"];
	q12 -> q9 [label = "a"];
	q2 -> q10 [label = "a"];
	q12 -> q10 [label = "a"];
	q9 -> q1 [label = "b"];
	q15 -> q14 [label = "b"];
	q8 -> q11 [label = "c"];
	q2 -> q11 [label = "c"];
	q9 -> q10 [label = "a"];
}
NFA size: 16 states

AL* output after 13 EQ and 891 MQ:
digraph finite_state_machine {
	rankdir=LR;
	node [shape = circle];
	s0 [shape = point, style = invis, start="true" ];
	s1 [shape = point, style = invis, start="true" ];
	s2 [shape = point, style = invis, start="true" ];
	q0 [label = "q0"];
	q1 [label = "q1", shape = doublecircle, final="true" ];
	q2 [label = "q2"];
	q3 [label = "q3", shape = doublecircle, final="true" ];
	q4 [label = "q4"];
	q5 [label = "q5", shape = doublecircle, final="true" ];
	q6 [label = "q6"];
	q7 [label = "q7", shape = doublecircle, final="true" ];
	m0 [label = "", shape = square, style = filled, color=grey, fixedsize=true, width=.2];
	m1 [label = "", shape = square, style = filled, color=grey, fixedsize=true, width=.2];
	m2 [label = "", shape = square, style = filled, color=grey, fixedsize=true, width=.2];
	m3 [label = "", shape = square, style = filled, color=grey, fixedsize=true, width=.2];
	m4 [label = "", shape = square, style = filled, color=grey, fixedsize=true, width=.2];
	m5 [label = "", shape = square, style = filled, color=grey, fixedsize=true, width=.2];
	m6 [label = "", shape = square, style = filled, color=grey, fixedsize=true, width=.2];
	m7 [label = "", shape = square, style = filled, color=grey, fixedsize=true, width=.2];
	m8 [label = "", shape = square, style = filled, color=grey, fixedsize=true, width=.2];
	m9 [label = "", shape = square, style = filled, color=grey, fixedsize=true, width=.2];
	s0 -> m0
	s1 -> m1
	s2 -> m2
	q3 -> q6 [label = "c"];
	q5 -> m4 [label = "b"];
	q7 -> m3 [label = "a"];
	q4 -> m0 [label = "b"];
	q6 -> m6 [label = "a"];
	q6 -> m4 [label = "a"];
	q6 -> m1 [label = "a"];
	q1 -> m9 [label = "c"];
	q1 -> m4 [label = "c"];
	q5 -> m6 [label = "a"];
	q5 -> q6 [label = "a, b"];
	q1 -> m7 [label = "b"];
	q7 -> m8 [label = "b, c"];
	q3 -> m6 [label = "a, b"];
	q3 -> m4 [label = "b"];
	q3 -> m1 [label = "a, b"];
	q2 -> q6 [label = "a, b, c"];
	q4 -> m7 [label = "b"];
	q2 -> m4 [label = "b, c"];
	q0 -> m6 [label = "b"];
	q4 -> m8 [label = "a"];
	q0 -> m4 [label = "b"];
	q0 -> m3 [label = "a"];
	q0 -> q6 [label = "a, b, c"];
	q1 -> m3 [label = "a, c"];
	q6 -> q6 [label = "c"];
	q2 -> m0 [label = "b, c"];
	q4 -> m3 [label = "a, c"];
	q3 -> m0 [label = "b"];
	q2 -> m6 [label = "b"];
	q5 -> m0 [label = "a, b"];
	q2 -> m5 [label = "b"];
	q1 -> m8 [label = "c"];
	q4 -> q6 [label = "c"];
	q0 -> m7 [label = "c"];
	q4 -> m6 [label = "b"];
	q5 -> m1 [label = "a"];
	q5 -> m8 [label = "c"];
	q3 -> m8 [label = "a, b"];
	q0 -> m5 [label = "b"];
	q4 -> m2 [label = "b"];
	q6 -> m0 [label = "a"];
	q7 -> m4 [label = "b, c"];
	q0 -> m1 [label = "a"];
	q6 -> m3 [label = "b"];
	q2 -> m1 [label = "a"];
	q2 -> m3 [label = "a"];
	q6 -> m8 [label = "a"];
	q4 -> m1 [label = "a, b"];
	q7 -> m0 [label = "a, b, c"];
	q0 -> m0 [label = "a, b, c"];
	q5 -> m7 [label = "c"];
	q6 -> m5 [label = "b"];
	q1 -> m0 [label = "a, b, c"];
	q1 -> m1 [label = "a, b"];
	q1 -> q6 [label = "a, b"];
	m0 -> q1;
	m0 -> q3;
	m0 -> q5;
	m0 -> q7;
	m1 -> q0;
	m1 -> q1;
	m1 -> q2;
	m1 -> q7;
	m2 -> q0;
	m2 -> q1;
	m2 -> q5;
	m2 -> q6;
	m2 -> q7;
	m3 -> q0;
	m3 -> q5;
	m4 -> q1;
	m4 -> q3;
	m4 -> q4;
	m5 -> q0;
	m5 -> q1;
	m5 -> q2;
	m5 -> q4;
	m5 -> q7;
	m6 -> q0;
	m6 -> q1;
	m6 -> q2;
	m6 -> q5;
	m7 -> q1;
	m7 -> q4;
	m8 -> q0;
	m8 -> q2;
	m8 -> q3;
	m8 -> q4;
	m8 -> q6;
	m9 -> q1;
	m9 -> q4;
	m9 -> q6;
}
AFA size: 8 states

AL** output after 14 EQ and 891 MQ:
digraph finite_state_machine {
	rankdir=LR;
	node [shape = circle];
	s0 [shape = point, style = invis, start="true" ];
	s1 [shape = point, style = invis, start="true" ];
	s2 [shape = point, style = invis, start="true" ];
	q0 [label = "q0"];
	q1 [label = "q1", shape = doublecircle, final="true" ];
	q2 [label = "q2"];
	q3 [label = "q3", shape = doublecircle, final="true" ];
	q4 [label = "q4"];
	q5 [label = "q5", shape = doublecircle, final="true" ];
	q6 [label = "q6"];
	q7 [label = "q7", shape = doublecircle, final="true" ];
	m0 [label = "", shape = square, style = filled, color=grey, fixedsize=true, width=.2];
	m1 [label = "", shape = square, style = filled, color=grey, fixedsize=true, width=.2];
	m2 [label = "", shape = square, style = filled, color=grey, fixedsize=true, width=.2];
	m3 [label = "", shape = square, style = filled, color=grey, fixedsize=true, width=.2];
	m4 [label = "", shape = square, style = filled, color=grey, fixedsize=true, width=.2];
	m5 [label = "", shape = square, style = filled, color=grey, fixedsize=true, width=.2];
	m6 [label = "", shape = square, style = filled, color=grey, fixedsize=true, width=.2];
	m7 [label = "", shape = square, style = filled, color=grey, fixedsize=true, width=.2];
	m8 [label = "", shape = square, style = filled, color=grey, fixedsize=true, width=.2];
	m9 [label = "", shape = square, style = filled, color=grey, fixedsize=true, width=.2];
	s0 -> m0
	s1 -> m1
	s2 -> m2
	q3 -> q6 [label = "c"];
	q5 -> m4 [label = "b"];
	q7 -> m3 [label = "a"];
	q4 -> m0 [label = "b"];
	q6 -> m6 [label = "a"];
	q6 -> m4 [label = "a"];
	q6 -> m1 [label = "a"];
	q1 -> m9 [label = "c"];
	q1 -> m4 [label = "c"];
	q5 -> m6 [label = "a"];
	q5 -> q6 [label = "a, b"];
	q1 -> m7 [label = "b"];
	q7 -> m8 [label = "b, c"];
	q3 -> m6 [label = "a, b"];
	q3 -> m4 [label = "b"];
	q3 -> m1 [label = "a, b"];
	q2 -> q6 [label = "a, b, c"];
	q4 -> m7 [label = "b"];
	q2 -> m4 [label = "b, c"];
	q0 -> m6 [label = "b"];
	q4 -> m8 [label = "a"];
	q0 -> m4 [label = "b"];
	q0 -> m3 [label = "a"];
	q0 -> q6 [label = "a, b, c"];
	q1 -> m3 [label = "a, c"];
	q6 -> q6 [label = "c"];
	q2 -> m0 [label = "b, c"];
	q4 -> m3 [label = "a, c"];
	q3 -> m0 [label = "b"];
	q2 -> m6 [label = "b"];
	q5 -> m0 [label = "a, b"];
	q2 -> m5 [label = "b"];
	q1 -> m8 [label = "c"];
	q4 -> q6 [label = "c"];
	q0 -> m7 [label = "c"];
	q4 -> m6 [label = "b"];
	q5 -> m1 [label = "a"];
	q5 -> m8 [label = "c"];
	q3 -> m8 [label = "a, b"];
	q0 -> m5 [label = "b"];
	q4 -> m2 [label = "b"];
	q6 -> m0 [label = "a"];
	q7 -> m4 [label = "b, c"];
	q0 -> m1 [label = "a"];
	q6 -> m3 [label = "b"];
	q2 -> m1 [label = "a"];
	q2 -> m3 [label = "a"];
	q6 -> m8 [label = "a"];
	q4 -> m1 [label = "a, b"];
	q7 -> m0 [label = "a, b, c"];
	q0 -> m0 [label = "a, b, c"];
	q5 -> m7 [label = "c"];
	q6 -> m5 [label = "b"];
	q1 -> m0 [label = "a, b, c"];
	q1 -> m1 [label = "a, b"];
	q1 -> q6 [label = "a, b"];
	m0 -> q1;
	m0 -> q3;
	m0 -> q5;
	m0 -> q7;
	m1 -> q0;
	m1 -> q1;
	m1 -> q2;
	m1 -> q7;
	m2 -> q0;
	m2 -> q1;
	m2 -> q5;
	m2 -> q6;
	m2 -> q7;
	m3 -> q0;
	m3 -> q5;
	m4 -> q1;
	m4 -> q3;
	m4 -> q4;
	m5 -> q0;
	m5 -> q1;
	m5 -> q2;
	m5 -> q4;
	m5 -> q7;
	m6 -> q0;
	m6 -> q1;
	m6 -> q2;
	m6 -> q5;
	m7 -> q1;
	m7 -> q4;
	m8 -> q0;
	m8 -> q2;
	m8 -> q3;
	m8 -> q4;
	m8 -> q6;
	m9 -> q1;
	m9 -> q4;
	m9 -> q6;
}
RAFA size: 8 states

