Random target AFA:
digraph finite_state_machine {
	rankdir=LR;
	node [shape = circle];
	s0 [shape = point, style = invis, start="true" ];
	s1 [shape = point, style = invis, start="true" ];
	q0 [label = "q0"];
	q1 [label = "q1", shape = doublecircle, final="true" ];
	q2 [label = "q2"];
	q3 [label = "q3"];
	q4 [label = "q4"];
	q5 [label = "q5"];
	m0 [label = "", shape = square, style = filled, color=grey, fixedsize=true, width=.2];
	m1 [label = "", shape = square, style = filled, color=grey, fixedsize=true, width=.2];
	m2 [label = "", shape = square, style = filled, color=grey, fixedsize=true, width=.2];
	m3 [label = "", shape = square, style = filled, color=grey, fixedsize=true, width=.2];
	m4 [label = "", shape = square, style = filled, color=grey, fixedsize=true, width=.2];
	m5 [label = "", shape = square, style = filled, color=grey, fixedsize=true, width=.2];
	m6 [label = "", shape = square, style = filled, color=grey, fixedsize=true, width=.2];
	m7 [label = "", shape = square, style = filled, color=grey, fixedsize=true, width=.2];
	m8 [label = "", shape = square, style = filled, color=grey, fixedsize=true, width=.2];
	m9 [label = "", shape = square, style = filled, color=grey, fixedsize=true, width=.2];
	s0 -> q1
	s1 -> q1
	q3 -> m4 [label = "c"];
	q5 -> q0 [label = "b"];
	q5 -> m9 [label = "b"];
	q2 -> m2 [label = "a"];
	q2 -> q0 [label = "a"];
	q0 -> q2 [label = "b"];
	q2 -> q3 [label = "b"];
	q2 -> q4 [label = "c"];
	q4 -> q1 [label = "c"];
	q4 -> m4 [label = "a"];
	q0 -> m3 [label = "c"];
	q4 -> q2 [label = "c"];
	q1 -> q0 [label = "c"];
	q4 -> q5 [label = "b"];
	q0 -> q3 [label = "a"];
	q3 -> q0 [label = "b, c"];
	q0 -> q0 [label = "c"];
	q1 -> q3 [label = "a"];
	q0 -> q5 [label = "b"];
	q5 -> m1 [label = "c"];
	q5 -> q2 [label = "c"];
	q1 -> m4 [label = "a"];
	q3 -> m3 [label = "b"];
	q2 -> m8 [label = "c"];
	q4 -> q4 [label = "a, b"];
	q1 -> m5 [label = "b"];
	q1 -> q2 [label = "b"];
	q0 -> m0 [label = "a"];
	q5 -> m7 [label = "a"];
	q3 -> m6 [label = "a"];
	q3 -> q5 [label = "a"];
	q2 -> m1 [label = "b"];
	q5 -> q3 [label = "a"];
	q1 -> q5 [label = "c"];
	m0 -> q2;
	m0 -> q4;
	m1 -> q1;
	m1 -> q3;
	m2 -> q0;
	m2 -> q2;
	m3 -> q1;
	m3 -> q4;
	m4 -> q4;
	m4 -> q5;
	m5 -> q1;
	m5 -> q2;
	m6 -> q3;
	m6 -> q4;
	m7 -> q0;
	m7 -> q5;
	m8 -> q0;
	m8 -> q3;
	m9 -> q2;
	m9 -> q3;
}

L* output after 10 EQ and 8142 MQ:
digraph finite_state_machine {
	rankdir=LR;
	node [shape = circle];
	s0 [shape = point, style = invis, start="true" ];
	q0 [label = "q0"];
	q1 [label = "q1"];
	q2 [label = "q2"];
	q3 [label = "q3"];
	q4 [label = "q4"];
	q5 [label = "q5"];
	q6 [label = "q6"];
	q7 [label = "q7"];
	q8 [label = "q8"];
	q9 [label = "q9"];
	q10 [label = "q10"];
	q11 [label = "q11"];
	q12 [label = "q12"];
	q13 [label = "q13"];
	q14 [label = "q14"];
	q15 [label = "q15"];
	q16 [label = "q16", shape = doublecircle, final="true" ];
	q17 [label = "q17"];
	q18 [label = "q18"];
	q19 [label = "q19"];
	q20 [label = "q20"];
	q21 [label = "q21"];
	q22 [label = "q22", shape = doublecircle, final="true" ];
	q23 [label = "q23"];
	q24 [label = "q24"];
	q25 [label = "q25"];
	q26 [label = "q26"];
	q27 [label = "q27"];
	q28 [label = "q28"];
	q29 [label = "q29", shape = doublecircle, final="true" ];
	q30 [label = "q30"];
	q31 [label = "q31"];
	q32 [label = "q32", shape = doublecircle, final="true" ];
	q33 [label = "q33"];
	q34 [label = "q34"];
	q35 [label = "q35"];
	q36 [label = "q36"];
	q37 [label = "q37"];
	q38 [label = "q38"];
	q39 [label = "q39"];
	q40 [label = "q40"];
	q41 [label = "q41"];
	q42 [label = "q42"];
	q43 [label = "q43", shape = doublecircle, final="true" ];
	q44 [label = "q44"];
	q45 [label = "q45"];
	q46 [label = "q46"];
	q47 [label = "q47"];
	q48 [label = "q48"];
	q49 [label = "q49"];
	q50 [label = "q50"];
	q51 [label = "q51"];
	q52 [label = "q52"];
	q53 [label = "q53", shape = doublecircle, final="true" ];
	q54 [label = "q54"];
	q55 [label = "q55"];
	q56 [label = "q56"];
	q57 [label = "q57"];
	q58 [label = "q58"];
	q59 [label = "q59"];
	q60 [label = "q60"];
	q61 [label = "q61"];
	q62 [label = "q62"];
	q63 [label = "q63"];
	q64 [label = "q64"];
	s0 -> q22
	q47 -> q19 [label = "b"];
	q41 -> q48 [label = "b"];
	q43 -> q10 [label = "a"];
	q41 -> q10 [label = "a"];
	q45 -> q28 [label = "c"];
	q40 -> q26 [label = "c"];
	q46 -> q5 [label = "b"];
	q42 -> q62 [label = "a"];
	q40 -> q63 [label = "b"];
	q39 -> q47 [label = "a"];
	q37 -> q45 [label = "b"];
	q35 -> q29 [label = "c"];
	q38 -> q46 [label = "a"];
	q36 -> q9 [label = "b"];
	q34 -> q37 [label = "c"];
	q39 -> q64 [label = "b"];
	q39 -> q38 [label = "c"];
	q35 -> q62 [label = "a"];
	q33 -> q15 [label = "a"];
	q32 -> q53 [label = "c"];
	q38 -> q20 [label = "c"];
	q34 -> q7 [label = "a"];
	q32 -> q31 [label = "b"];
	q34 -> q36 [label = "b"];
	q29 -> q17 [label = "b"];
	q28 -> q31 [label = "b"];
	q26 -> q28 [label = "c"];
	q29 -> q19 [label = "a"];
	q25 -> q20 [label = "c"];
	q31 -> q32 [label = "c"];
	q37 -> q20 [label = "c"];
	q30 -> q52 [label = "b"];
	q28 -> q30 [label = "a"];
	q31 -> q30 [label = "a, b"];
	q30 -> q16 [label = "c"];
	q26 -> q19 [label = "a"];
	q18 -> q28 [label = "c"];
	q7 -> q63 [label = "b"];
	q36 -> q59 [label = "c"];
	q50 -> q29 [label = "c"];
	q51 -> q42 [label = "a"];
	q23 -> q33 [label = "b"];
	q18 -> q19 [label = "a, b"];
	q54 -> q58 [label = "c"];
	q42 -> q30 [label = "b"];
	q48 -> q50 [label = "c"];
	q50 -> q51 [label = "a"];
	q44 -> q26 [label = "c"];
	q35 -> q30 [label = "b"];
	q51 -> q61 [label = "b"];
	q49 -> q19 [label = "b"];
	q28 -> q32 [label = "c"];
	q55 -> q29 [label = "c"];
	q11 -> q28 [label = "c"];
	q23 -> q26 [label = "c"];
	q6 -> q42 [label = "a"];
	q52 -> q52 [label = "b"];
	q49 -> q41 [label = "c"];
	q57 -> q32 [label = "c"];
	q49 -> q13 [label = "a"];
	q3 -> q28 [label = "c"];
	q7 -> q40 [label = "a"];
	q54 -> q15 [label = "a"];
	q62 -> q16 [label = "c"];
	q53 -> q30 [label = "a"];
	q60 -> q13 [label = "a"];
	q24 -> q12 [label = "a"];
	q61 -> q62 [label = "a"];
	q46 -> q49 [label = "a"];
	q24 -> q27 [label = "c"];
	q2 -> q38 [label = "c"];
	q33 -> q17 [label = "b"];
	q62 -> q62 [label = "a"];
	q59 -> q60 [label = "c"];
	q63 -> q15 [label = "a"];
	q47 -> q41 [label = "c"];
	q59 -> q3 [label = "b"];
	q63 -> q58 [label = "c"];
	q10 -> q56 [label = "b"];
	q4 -> q56 [label = "b"];
	q4 -> q15 [label = "a"];
	q44 -> q47 [label = "a"];
	q64 -> q56 [label = "b"];
	q53 -> q52 [label = "b"];
	q16 -> q19 [label = "a"];
	q3 -> q2 [label = "a"];
	q53 -> q53 [label = "c"];
	q64 -> q59 [label = "c"];
	q12 -> q9 [label = "b"];
	q52 -> q32 [label = "c"];
	q57 -> q61 [label = "a"];
	q0 -> q44 [label = "a"];
	q13 -> q26 [label = "c"];
	q59 -> q15 [label = "a"];
	q14 -> q19 [label = "b"];
	q20 -> q17 [label = "b"];
	q57 -> q62 [label = "b"];
	q45 -> q8 [label = "a"];
	q26 -> q18 [label = "b"];
	q62 -> q30 [label = "b"];
	q1 -> q56 [label = "b"];
	q52 -> q30 [label = "a"];
	q61 -> q52 [label = "b"];
	q55 -> q62 [label = "a"];
	q47 -> q15 [label = "a"];
	q46 -> q26 [label = "c"];
	q25 -> q11 [label = "b"];
	q56 -> q28 [label = "c"];
	q19 -> q13 [label = "a"];
	q37 -> q39 [label = "a"];
	q11 -> q56 [label = "b"];
	q61 -> q29 [label = "c"];
	q56 -> q56 [label = "b"];
	q29 -> q61 [label = "c"];
	q24 -> q34 [label = "b"];
	q56 -> q19 [label = "a"];
	q8 -> q13 [label = "a"];
	q60 -> q60 [label = "c"];
	q22 -> q24 [label = "b"];
	q58 -> q45 [label = "b"];
	q30 -> q62 [label = "a"];
	q63 -> q17 [label = "b"];
	q48 -> q54 [label = "b"];
	q5 -> q56 [label = "b"];
	q1 -> q15 [label = "a"];
	q64 -> q15 [label = "a"];
	q43 -> q61 [label = "c"];
	q58 -> q15 [label = "a"];
	q32 -> q30 [label = "a"];
	q3 -> q54 [label = "b"];
	q27 -> q35 [label = "b"];
	q45 -> q19 [label = "b"];
	q22 -> q23 [label = "a"];
	q12 -> q36 [label = "c"];
	q43 -> q48 [label = "b"];
	q50 -> q31 [label = "b"];
	q17 -> q28 [label = "c"];
	q48 -> q4 [label = "a"];
	q21 -> q14 [label = "a"];
	q60 -> q17 [label = "b"];
	q17 -> q54 [label = "b"];
	q58 -> q20 [label = "c"];
	q19 -> q56 [label = "b"];
	q44 -> q64 [label = "b"];
	q14 -> q15 [label = "a"];
	q17 -> q10 [label = "a"];
	q21 -> q38 [label = "c"];
	q16 -> q52 [label = "c"];
	q4 -> q20 [label = "c"];
	q42 -> q43 [label = "c"];
	q0 -> q20 [label = "c"];
	q20 -> q19 [label = "a"];
	q16 -> q18 [label = "b"];
	q40 -> q40 [label = "a"];
	q22 -> q25 [label = "c"];
	q20 -> q55 [label = "c"];
	q8 -> q56 [label = "b"];
	q13 -> q19 [label = "b"];
	q33 -> q59 [label = "c"];
	q10 -> q26 [label = "c"];
	q13 -> q13 [label = "a"];
	q54 -> q56 [label = "b"];
	q9 -> q57 [label = "c"];
	q27 -> q29 [label = "c"];
	q1 -> q0 [label = "c"];
	q36 -> q44 [label = "a"];
	q5 -> q13 [label = "a"];
	q51 -> q16 [label = "c"];
	q8 -> q38 [label = "c"];
	q38 -> q18 [label = "b"];
	q7 -> q41 [label = "c"];
	q55 -> q31 [label = "b"];
	q5 -> q20 [label = "c"];
	q2 -> q15 [label = "a"];
	q6 -> q61 [label = "b"];
	q0 -> q45 [label = "b"];
	q25 -> q21 [label = "a"];
	q6 -> q43 [label = "c"];
	q2 -> q56 [label = "b"];
	q10 -> q15 [label = "a"];
	q14 -> q26 [label = "c"];
	q12 -> q39 [label = "a"];
	q15 -> q14 [label = "a"];
	q15 -> q54 [label = "b"];
	q9 -> q1 [label = "a, b"];
	q41 -> q55 [label = "c"];
	q15 -> q26 [label = "c"];
	q11 -> q8 [label = "a"];
	q19 -> q26 [label = "c"];
	q21 -> q54 [label = "b"];
	q27 -> q6 [label = "a"];
	q23 -> q7 [label = "a"];
}
DFA size: 65 states

NL* output after 13 EQ and 3864 MQ:
digraph finite_state_machine {
	rankdir=LR;
	node [shape = circle];
	s0 [shape = point, style = invis, start="true" ];
	q0 [label = "q0"];
	q1 [label = "q1"];
	q2 [label = "q2"];
	q3 [label = "q3"];
	q4 [label = "q4"];
	q5 [label = "q5"];
	q6 [label = "q6"];
	q7 [label = "q7"];
	q8 [label = "q8"];
	q9 [label = "q9"];
	q10 [label = "q10", shape = doublecircle, final="true" ];
	q11 [label = "q11"];
	q12 [label = "q12"];
	q13 [label = "q13"];
	q14 [label = "q14"];
	q15 [label = "q15"];
	q16 [label = "q16"];
	q17 [label = "q17"];
	q18 [label = "q18"];
	q19 [label = "q19"];
	q20 [label = "q20"];
	q21 [label = "q21"];
	q22 [label = "q22"];
	q23 [label = "q23"];
	q24 [label = "q24"];
	q25 [label = "q25"];
	q26 [label = "q26"];
	s0 -> q10
	q18 -> q17 [label = "c"];
	q18 -> q9 [label = "c"];
	q20 -> q24 [label = "b"];
	q20 -> q23 [label = "b"];
	q20 -> q20 [label = "b"];
	q20 -> q17 [label = "b"];
	q20 -> q19 [label = "b"];
	q20 -> q12 [label = "b"];
	q20 -> q11 [label = "b"];
	q20 -> q8 [label = "b"];
	q20 -> q2 [label = "b"];
	q22 -> q15 [label = "a"];
	q17 -> q21 [label = "c"];
	q17 -> q7 [label = "c"];
	q23 -> q20 [label = "b"];
	q23 -> q8 [label = "b"];
	q17 -> q15 [label = "b"];
	q23 -> q24 [label = "b, c"];
	q22 -> q3 [label = "a"];
	q23 -> q22 [label = "b, c"];
	q23 -> q21 [label = "b, c"];
	q23 -> q19 [label = "c"];
	q23 -> q17 [label = "c"];
	q23 -> q16 [label = "b, c"];
	q23 -> q11 [label = "b, c"];
	q20 -> q26 [label = "b"];
	q19 -> q26 [label = "b"];
	q20 -> q1 [label = "b"];
	q19 -> q14 [label = "a, b"];
	q19 -> q9 [label = "b"];
	q19 -> q6 [label = "a, b"];
	q19 -> q4 [label = "a, b"];
	q19 -> q2 [label = "b"];
	q22 -> q6 [label = "a"];
	q17 -> q20 [label = "a"];
	q17 -> q18 [label = "a"];
	q17 -> q14 [label = "a"];
	q17 -> q11 [label = "a, c"];
	q17 -> q8 [label = "a"];
	q17 -> q6 [label = "a"];
	q17 -> q5 [label = "a, c"];
	q17 -> q4 [label = "a, b"];
	q17 -> q0 [label = "a"];
	q21 -> q24 [label = "c"];
	q21 -> q22 [label = "c"];
	q21 -> q19 [label = "c"];
	q21 -> q17 [label = "c"];
	q16 -> q16 [label = "c"];
	q20 -> q14 [label = "a, b"];
	q20 -> q6 [label = "a, b"];
	q20 -> q3 [label = "a, b"];
	q22 -> q26 [label = "b"];
	q22 -> q9 [label = "b"];
	q16 -> q2 [label = "b"];
	q22 -> q24 [label = "c"];
	q22 -> q22 [label = "c"];
	q22 -> q16 [label = "c"];
	q22 -> q5 [label = "c"];
	q16 -> q22 [label = "c"];
	q22 -> q1 [label = "c"];
	q18 -> q25 [label = "b"];
	q18 -> q24 [label = "b"];
	q18 -> q22 [label = "b"];
	q18 -> q21 [label = "b"];
	q18 -> q20 [label = "b"];
	q18 -> q18 [label = "b"];
	q18 -> q15 [label = "a, b"];
	q18 -> q14 [label = "a, b"];
	q18 -> q11 [label = "b"];
	q18 -> q8 [label = "b"];
	q18 -> q5 [label = "b"];
	q4 -> q5 [label = "b, c"];
	q12 -> q22 [label = "b, c"];
	q4 -> q11 [label = "c"];
	q3 -> q16 [label = "b, c"];
	q12 -> q11 [label = "b, c"];
	q12 -> q7 [label = "c"];
	q25 -> q25 [label = "a, b"];
	q10 -> q9 [label = "b"];
	q8 -> q3 [label = "a"];
	q11 -> q9 [label = "b, c"];
	q2 -> q7 [label = "c"];
	q12 -> q21 [label = "b, c"];
	q20 -> q4 [label = "a, b"];
	q7 -> q22 [label = "c"];
	q17 -> q9 [label = "b"];
	q14 -> q9 [label = "c"];
	q19 -> q16 [label = "c"];
	q0 -> q6 [label = "a, b"];
	q6 -> q24 [label = "c"];
	q3 -> q14 [label = "a"];
	q14 -> q4 [label = "a"];
	q8 -> q11 [label = "b"];
	q15 -> q14 [label = "a"];
	q18 -> q16 [label = "b"];
	q3 -> q1 [label = "b"];
	q18 -> q4 [label = "a, b"];
	q12 -> q0 [label = "a, b"];
	q8 -> q24 [label = "c"];
	q20 -> q18 [label = "b"];
	q18 -> q19 [label = "b"];
	q2 -> q5 [label = "a, b"];
	q6 -> q5 [label = "b, c"];
	q10 -> q8 [label = "c"];
	q8 -> q22 [label = "c"];
	q26 -> q17 [label = "c"];
	q25 -> q18 [label = "a, b"];
	q12 -> q15 [label = "a, b"];
	q25 -> q20 [label = "b"];
	q26 -> q24 [label = "c"];
	q12 -> q1 [label = "b, c"];
	q15 -> q1 [label = "b"];
	q8 -> q1 [label = "c"];
	q14 -> q1 [label = "b"];
	q21 -> q3 [label = "b"];
	q13 -> q9 [label = "c"];
	q11 -> q12 [label = "b"];
	q8 -> q17 [label = "c"];
	q13 -> q17 [label = "c"];
	q8 -> q12 [label = "b"];
	q11 -> q2 [label = "b"];
	q20 -> q0 [label = "b"];
	q25 -> q19 [label = "b"];
	q6 -> q21 [label = "c"];
	q5 -> q2 [label = "b"];
	q15 -> q21 [label = "c"];
	q15 -> q11 [label = "c"];
	q11 -> q4 [label = "a"];
	q19 -> q5 [label = "c"];
	q10 -> q11 [label = "c"];
	q21 -> q26 [label = "b"];
	q16 -> q4 [label = "a"];
	q25 -> q22 [label = "b"];
	q1 -> q22 [label = "c"];
	q25 -> q8 [label = "b"];
	q13 -> q1 [label = "b"];
	q8 -> q19 [label = "c"];
	q14 -> q16 [label = "b"];
	q13 -> q24 [label = "b"];
	q24 -> q18 [label = "a"];
	q25 -> q11 [label = "b"];
	q25 -> q17 [label = "c"];
	q19 -> q22 [label = "c"];
	q25 -> q6 [label = "a, b"];
	q6 -> q9 [label = "c"];
	q11 -> q1 [label = "c"];
	q26 -> q5 [label = "a, b, c"];
	q21 -> q23 [label = "a, b"];
	q21 -> q6 [label = "a, b"];
	q16 -> q9 [label = "b"];
	q12 -> q4 [label = "a, b"];
	q23 -> q18 [label = "a, b"];
	q20 -> q15 [label = "a, b"];
	q25 -> q5 [label = "b"];
	q21 -> q9 [label = "b, c"];
	q25 -> q4 [label = "a, b"];
	q13 -> q13 [label = "a, b"];
	q26 -> q11 [label = "c"];
	q23 -> q1 [label = "b, c"];
	q21 -> q12 [label = "b"];
	q16 -> q5 [label = "c"];
	q3 -> q4 [label = "a, b"];
	q19 -> q3 [label = "a, b"];
	q12 -> q20 [label = "b"];
	q25 -> q1 [label = "b"];
	q24 -> q1 [label = "c"];
	q14 -> q17 [label = "c"];
	q17 -> q19 [label = "a"];
	q21 -> q16 [label = "c"];
	q10 -> q4 [label = "a"];
	q16 -> q6 [label = "a"];
	q8 -> q2 [label = "b"];
	q0 -> q23 [label = "b"];
	q26 -> q21 [label = "c"];
	q5 -> q4 [label = "a"];
	q25 -> q16 [label = "b"];
	q8 -> q9 [label = "b, c"];
	q24 -> q24 [label = "c"];
	q21 -> q1 [label = "c"];
	q13 -> q18 [label = "a, b"];
	q25 -> q3 [label = "a, b"];
	q2 -> q4 [label = "a, b"];
	q26 -> q9 [label = "c"];
	q8 -> q15 [label = "a"];
	q25 -> q0 [label = "b"];
	q12 -> q5 [label = "a, b, c"];
	q1 -> q26 [label = "b"];
	q21 -> q18 [label = "b"];
	q3 -> q11 [label = "c"];
	q19 -> q11 [label = "c"];
	q24 -> q2 [label = "b"];
	q25 -> q15 [label = "a, b"];
	q11 -> q15 [label = "a"];
	q24 -> q16 [label = "c"];
	q8 -> q5 [label = "b, c"];
	q12 -> q3 [label = "a, b"];
	q13 -> q22 [label = "b"];
	q26 -> q16 [label = "b, c"];
	q22 -> q2 [label = "b"];
	q24 -> q25 [label = "a"];
	q18 -> q1 [label = "b"];
	q26 -> q19 [label = "b, c"];
	q11 -> q26 [label = "b"];
	q16 -> q15 [label = "a"];
	q1 -> q5 [label = "c"];
	q26 -> q1 [label = "b, c"];
	q10 -> q6 [label = "a"];
	q0 -> q17 [label = "b"];
	q7 -> q19 [label = "c"];
	q25 -> q9 [label = "c"];
	q18 -> q23 [label = "b"];
	q25 -> q24 [label = "b"];
	q24 -> q6 [label = "a, b"];
	q17 -> q1 [label = "a, c"];
	q25 -> q23 [label = "a, b"];
	q22 -> q14 [label = "a"];
	q21 -> q4 [label = "a, b"];
	q0 -> q16 [label = "b, c"];
	q25 -> q14 [label = "a, b"];
	q21 -> q15 [label = "a, b"];
	q26 -> q0 [label = "a"];
	q24 -> q23 [label = "a"];
	q12 -> q17 [label = "c"];
	q8 -> q8 [label = "b"];
	q8 -> q26 [label = "b"];
	q1 -> q14 [label = "a, b"];
	q15 -> q5 [label = "b, c"];
	q26 -> q4 [label = "a, b"];
	q0 -> q20 [label = "b"];
	q1 -> q3 [label = "a, b"];
	q17 -> q16 [label = "a, c"];
	q24 -> q3 [label = "a, b"];
	q7 -> q24 [label = "c"];
	q8 -> q4 [label = "a"];
	q9 -> q7 [label = "c"];
	q3 -> q18 [label = "a"];
	q23 -> q5 [label = "b, c"];
	q8 -> q16 [label = "c"];
	q24 -> q5 [label = "c"];
	q24 -> q4 [label = "a, b"];
	q20 -> q21 [label = "b"];
	q12 -> q19 [label = "b, c"];
	q24 -> q26 [label = "b"];
	q11 -> q17 [label = "c"];
	q26 -> q20 [label = "b"];
	q13 -> q25 [label = "a, b"];
	q12 -> q24 [label = "b, c"];
	q3 -> q21 [label = "c"];
	q24 -> q15 [label = "a, b"];
	q23 -> q14 [label = "a, b"];
	q13 -> q11 [label = "b"];
	q14 -> q5 [label = "b"];
	q18 -> q6 [label = "a, b"];
	q13 -> q10 [label = "c"];
	q6 -> q22 [label = "c"];
	q0 -> q12 [label = "b"];
	q23 -> q25 [label = "a, b"];
	q20 -> q25 [label = "b"];
	q24 -> q22 [label = "c"];
	q0 -> q15 [label = "a, b"];
	q21 -> q2 [label = "b"];
	q0 -> q4 [label = "a, b"];
	q0 -> q14 [label = "a, b"];
	q6 -> q11 [label = "c"];
	q3 -> q6 [label = "a"];
	q6 -> q16 [label = "b, c"];
	q7 -> q9 [label = "c"];
	q5 -> q15 [label = "a"];
	q24 -> q9 [label = "b"];
	q6 -> q17 [label = "c"];
	q11 -> q19 [label = "c"];
	q6 -> q19 [label = "c"];
	q0 -> q0 [label = "b"];
	q7 -> q17 [label = "c"];
	q24 -> q14 [label = "a, b"];
	q0 -> q2 [label = "b"];
	q0 -> q5 [label = "b, c"];
	q0 -> q8 [label = "b"];
	q12 -> q16 [label = "b, c"];
	q0 -> q1 [label = "b"];
	q0 -> q9 [label = "b"];
	q7 -> q25 [label = "b"];
	q21 -> q14 [label = "b"];
	q0 -> q11 [label = "b, c"];
	q20 -> q22 [label = "b, c"];
	q0 -> q18 [label = "b"];
	q0 -> q19 [label = "b"];
	q0 -> q21 [label = "b, c"];
	q0 -> q22 [label = "b"];
	q0 -> q25 [label = "b"];
	q20 -> q9 [label = "b"];
	q26 -> q7 [label = "c"];
	q0 -> q26 [label = "b"];
	q4 -> q14 [label = "a"];
	q5 -> q5 [label = "c"];
	q1 -> q15 [label = "a, b"];
	q23 -> q9 [label = "c"];
	q1 -> q4 [label = "a, b"];
	q6 -> q14 [label = "a"];
	q1 -> q6 [label = "a, b"];
	q9 -> q4 [label = "b"];
	q3 -> q5 [label = "b, c"];
	q12 -> q23 [label = "b"];
	q3 -> q19 [label = "b"];
	q0 -> q24 [label = "b"];
	q13 -> q16 [label = "b"];
	q3 -> q20 [label = "b"];
	q19 -> q15 [label = "a, b"];
	q7 -> q1 [label = "c"];
	q7 -> q5 [label = "c"];
	q7 -> q10 [label = "c"];
	q7 -> q16 [label = "c"];
	q26 -> q22 [label = "c"];
	q1 -> q2 [label = "b"];
	q1 -> q9 [label = "b"];
	q9 -> q5 [label = "a"];
	q7 -> q18 [label = "b"];
	q14 -> q6 [label = "a"];
	q21 -> q5 [label = "c"];
	q7 -> q7 [label = "b"];
	q7 -> q13 [label = "a, b"];
	q14 -> q19 [label = "b"];
	q7 -> q14 [label = "b"];
	q1 -> q16 [label = "c"];
	q17 -> q22 [label = "a, c"];
	q5 -> q16 [label = "c"];
	q25 -> q21 [label = "b"];
	q4 -> q16 [label = "b"];
	q2 -> q9 [label = "c"];
	q21 -> q25 [label = "b"];
	q11 -> q5 [label = "c"];
	q5 -> q9 [label = "b"];
	q13 -> q14 [label = "a, b"];
	q12 -> q14 [label = "b"];
	q15 -> q20 [label = "b"];
	q6 -> q1 [label = "b, c"];
	q10 -> q5 [label = "c"];
	q12 -> q6 [label = "b"];
	q12 -> q25 [label = "b"];
	q12 -> q18 [label = "b"];
	q14 -> q14 [label = "a"];
	q11 -> q16 [label = "c"];
	q11 -> q22 [label = "c"];
	q0 -> q3 [label = "a, b"];
	q11 -> q24 [label = "c"];
	q15 -> q16 [label = "b, c"];
	q13 -> q5 [label = "b"];
	q13 -> q7 [label = "b"];
	q17 -> q24 [label = "c"];
	q13 -> q8 [label = "b"];
	q13 -> q20 [label = "b"];
	q13 -> q21 [label = "b"];
	q12 -> q8 [label = "b"];
	q15 -> q18 [label = "a"];
	q12 -> q9 [label = "c"];
	q20 -> q5 [label = "b, c"];
	q22 -> q4 [label = "a"];
	q20 -> q16 [label = "b, c"];
	q18 -> q3 [label = "a, b"];
	q18 -> q0 [label = "b"];
}
NFA size: 27 states

AL* output after 13 EQ and 1447 MQ:
digraph finite_state_machine {
	rankdir=LR;
	node [shape = circle];
	s0 [shape = point, style = invis, start="true" ];
	q0 [label = "q0"];
	q1 [label = "q1"];
	q2 [label = "q2"];
	q3 [label = "q3"];
	q4 [label = "q4"];
	q5 [label = "q5", shape = doublecircle, final="true" ];
	q6 [label = "q6"];
	q7 [label = "q7"];
	q8 [label = "q8"];
	m0 [label = "", shape = square, style = filled, color=grey, fixedsize=true, width=.2];
	m1 [label = "", shape = square, style = filled, color=grey, fixedsize=true, width=.2];
	m2 [label = "", shape = square, style = filled, color=grey, fixedsize=true, width=.2];
	m3 [label = "", shape = square, style = filled, color=grey, fixedsize=true, width=.2];
	m4 [label = "", shape = square, style = filled, color=grey, fixedsize=true, width=.2];
	m5 [label = "", shape = square, style = filled, color=grey, fixedsize=true, width=.2];
	m6 [label = "", shape = square, style = filled, color=grey, fixedsize=true, width=.2];
	m7 [label = "", shape = square, style = filled, color=grey, fixedsize=true, width=.2];
	m8 [label = "", shape = square, style = filled, color=grey, fixedsize=true, width=.2];
	m9 [label = "", shape = square, style = filled, color=grey, fixedsize=true, width=.2];
	m10 [label = "", shape = square, style = filled, color=grey, fixedsize=true, width=.2];
	m11 [label = "", shape = square, style = filled, color=grey, fixedsize=true, width=.2];
	m12 [label = "", shape = square, style = filled, color=grey, fixedsize=true, width=.2];
	m13 [label = "", shape = square, style = filled, color=grey, fixedsize=true, width=.2];
	m14 [label = "", shape = square, style = filled, color=grey, fixedsize=true, width=.2];
	s0 -> q5
	q3 -> m2 [label = "c"];
	q3 -> m4 [label = "c"];
	q3 -> q5 [label = "c"];
	q5 -> m4 [label = "b"];
	q7 -> m2 [label = "a"];
	q7 -> m0 [label = "a"];
	q2 -> m13 [label = "c"];
	q2 -> m4 [label = "c"];
	q1 -> m3 [label = "c"];
	q5 -> m10 [label = "a"];
	q7 -> m10 [label = "b"];
	q7 -> m11 [label = "b"];
	q5 -> m1 [label = "a"];
	q7 -> m1 [label = "b"];
	q7 -> m8 [label = "b"];
	q1 -> m2 [label = "b, c"];
	q1 -> m4 [label = "b, c"];
	q8 -> m1 [label = "a, c"];
	q2 -> m2 [label = "a, b"];
	q1 -> m7 [label = "a"];
	q2 -> m11 [label = "a, b"];
	q8 -> m7 [label = "b"];
	q8 -> m9 [label = "a"];
	q6 -> m13 [label = "a, b"];
	q5 -> m11 [label = "a"];
	q0 -> m10 [label = "a"];
	q8 -> m2 [label = "c"];
	q1 -> m8 [label = "a"];
	q6 -> m7 [label = "a"];
	q0 -> m11 [label = "a, b"];
	q1 -> m5 [label = "b"];
	q0 -> m7 [label = "a"];
	q0 -> m1 [label = "a, b, c"];
	q4 -> m2 [label = "b, c"];
	q2 -> m8 [label = "a, b"];
	q6 -> m0 [label = "b"];
	q0 -> m8 [label = "a, b"];
	q6 -> m4 [label = "c"];
	q8 -> m0 [label = "c"];
	q0 -> m5 [label = "a"];
	q8 -> m4 [label = "b"];
	q6 -> q5 [label = "c"];
	q2 -> m6 [label = "a, b"];
	q3 -> m6 [label = "a, b"];
	q8 -> m6 [label = "a, b"];
	q4 -> m6 [label = "a"];
	q8 -> m8 [label = "a"];
	q1 -> m0 [label = "b, c"];
	q4 -> m0 [label = "b, c"];
	q4 -> m5 [label = "a, c"];
	q0 -> m0 [label = "b, c"];
	q0 -> m2 [label = "b"];
	q0 -> m12 [label = "b"];
	q4 -> m11 [label = "a"];
	q2 -> m1 [label = "a, b"];
	q6 -> m6 [label = "a, b"];
	q0 -> m4 [label = "c"];
	q2 -> m0 [label = "a, b"];
	q1 -> m6 [label = "a, b"];
	q0 -> m6 [label = "a"];
	q4 -> m1 [label = "a, b"];
	q4 -> m3 [label = "b"];
	q4 -> m7 [label = "a"];
	q4 -> m10 [label = "a"];
	q5 -> m0 [label = "c"];
	q5 -> m5 [label = "a, c"];
	q5 -> m8 [label = "a"];
	q7 -> m6 [label = "b"];
	q8 -> m5 [label = "b"];
	q5 -> m6 [label = "a, c"];
	q5 -> m2 [label = "c"];
	q3 -> m7 [label = "b"];
	q1 -> m1 [label = "a, c"];
	q8 -> m10 [label = "a"];
	q0 -> m3 [label = "b, c"];
	q3 -> m14 [label = "b"];
	q1 -> m9 [label = "a"];
	q1 -> m10 [label = "a"];
	q8 -> m3 [label = "c"];
	q3 -> m13 [label = "a, b"];
	q7 -> m13 [label = "c"];
	q7 -> m14 [label = "c"];
	m0 -> q1;
	m0 -> q5;
	m0 -> q8;
	m1 -> q0;
	m1 -> q3;
	m1 -> q4;
	m1 -> q5;
	m1 -> q6;
	m2 -> q1;
	m2 -> q3;
	m2 -> q6;
	m2 -> q8;
	m3 -> q0;
	m3 -> q1;
	m3 -> q2;
	m3 -> q3;
	m3 -> q5;
	m3 -> q6;
	m4 -> q2;
	m4 -> q7;
	m5 -> q0;
	m5 -> q1;
	m5 -> q2;
	m5 -> q3;
	m5 -> q6;
	m6 -> q0;
	m6 -> q1;
	m6 -> q2;
	m6 -> q4;
	m6 -> q6;
	m7 -> q0;
	m7 -> q1;
	m7 -> q2;
	m7 -> q5;
	m7 -> q8;
	m8 -> q2;
	m8 -> q4;
	m8 -> q5;
	m8 -> q7;
	m9 -> q2;
	m9 -> q3;
	m9 -> q6;
	m9 -> q7;
	m10 -> q0;
	m10 -> q1;
	m10 -> q3;
	m10 -> q4;
	m10 -> q6;
	m10 -> q8;
	m11 -> q0;
	m11 -> q2;
	m11 -> q3;
	m11 -> q4;
	m11 -> q6;
	m11 -> q7;
	m12 -> q0;
	m12 -> q1;
	m12 -> q2;
	m12 -> q4;
	m12 -> q6;
	m12 -> q7;
	m13 -> q3;
	m13 -> q6;
	m14 -> q1;
	m14 -> q2;
	m14 -> q3;
	m14 -> q4;
	m14 -> q5;
	m14 -> q7;
	m14 -> q8;
}
AFA size: 9 states

AL** output after 14 EQ and 1447 MQ:
digraph finite_state_machine {
	rankdir=LR;
	node [shape = circle];
	s0 [shape = point, style = invis, start="true" ];
	q0 [label = "q0"];
	q1 [label = "q1"];
	q2 [label = "q2"];
	q3 [label = "q3"];
	q4 [label = "q4"];
	q5 [label = "q5", shape = doublecircle, final="true" ];
	q6 [label = "q6"];
	q7 [label = "q7"];
	q8 [label = "q8"];
	m0 [label = "", shape = square, style = filled, color=grey, fixedsize=true, width=.2];
	m1 [label = "", shape = square, style = filled, color=grey, fixedsize=true, width=.2];
	m2 [label = "", shape = square, style = filled, color=grey, fixedsize=true, width=.2];
	m3 [label = "", shape = square, style = filled, color=grey, fixedsize=true, width=.2];
	m4 [label = "", shape = square, style = filled, color=grey, fixedsize=true, width=.2];
	m5 [label = "", shape = square, style = filled, color=grey, fixedsize=true, width=.2];
	m6 [label = "", shape = square, style = filled, color=grey, fixedsize=true, width=.2];
	m7 [label = "", shape = square, style = filled, color=grey, fixedsize=true, width=.2];
	m8 [label = "", shape = square, style = filled, color=grey, fixedsize=true, width=.2];
	m9 [label = "", shape = square, style = filled, color=grey, fixedsize=true, width=.2];
	m10 [label = "", shape = square, style = filled, color=grey, fixedsize=true, width=.2];
	m11 [label = "", shape = square, style = filled, color=grey, fixedsize=true, width=.2];
	m12 [label = "", shape = square, style = filled, color=grey, fixedsize=true, width=.2];
	m13 [label = "", shape = square, style = filled, color=grey, fixedsize=true, width=.2];
	m14 [label = "", shape = square, style = filled, color=grey, fixedsize=true, width=.2];
	s0 -> q5
	q3 -> m2 [label = "c"];
	q3 -> m4 [label = "c"];
	q3 -> q5 [label = "c"];
	q5 -> m4 [label = "b"];
	q7 -> m2 [label = "a"];
	q7 -> m0 [label = "a"];
	q2 -> m13 [label = "c"];
	q2 -> m4 [label = "c"];
	q1 -> m3 [label = "c"];
	q5 -> m10 [label = "a"];
	q7 -> m10 [label = "b"];
	q7 -> m11 [label = "b"];
	q5 -> m1 [label = "a"];
	q7 -> m1 [label = "b"];
	q7 -> m8 [label = "b"];
	q1 -> m2 [label = "b, c"];
	q1 -> m4 [label = "b, c"];
	q8 -> m1 [label = "a, c"];
	q2 -> m2 [label = "a, b"];
	q1 -> m7 [label = "a"];
	q2 -> m11 [label = "a, b"];
	q8 -> m7 [label = "b"];
	q8 -> m9 [label = "a"];
	q6 -> m13 [label = "a, b"];
	q5 -> m11 [label = "a"];
	q0 -> m10 [label = "a"];
	q8 -> m2 [label = "c"];
	q1 -> m8 [label = "a"];
	q6 -> m7 [label = "a"];
	q0 -> m11 [label = "a, b"];
	q1 -> m5 [label = "b"];
	q0 -> m7 [label = "a"];
	q0 -> m1 [label = "a, b, c"];
	q4 -> m2 [label = "b, c"];
	q2 -> m8 [label = "a, b"];
	q6 -> m0 [label = "b"];
	q0 -> m8 [label = "a, b"];
	q6 -> m4 [label = "c"];
	q8 -> m0 [label = "c"];
	q0 -> m5 [label = "a"];
	q8 -> m4 [label = "b"];
	q6 -> q5 [label = "c"];
	q2 -> m6 [label = "a, b"];
	q3 -> m6 [label = "a, b"];
	q8 -> m6 [label = "a, b"];
	q4 -> m6 [label = "a"];
	q8 -> m8 [label = "a"];
	q1 -> m0 [label = "b, c"];
	q4 -> m0 [label = "b, c"];
	q4 -> m5 [label = "a, c"];
	q0 -> m0 [label = "b, c"];
	q0 -> m2 [label = "b"];
	q0 -> m12 [label = "b"];
	q4 -> m11 [label = "a"];
	q2 -> m1 [label = "a, b"];
	q6 -> m6 [label = "a, b"];
	q0 -> m4 [label = "c"];
	q2 -> m0 [label = "a, b"];
	q1 -> m6 [label = "a, b"];
	q0 -> m6 [label = "a"];
	q4 -> m1 [label = "a, b"];
	q4 -> m3 [label = "b"];
	q4 -> m7 [label = "a"];
	q4 -> m10 [label = "a"];
	q5 -> m0 [label = "c"];
	q5 -> m5 [label = "a, c"];
	q5 -> m8 [label = "a"];
	q7 -> m6 [label = "b"];
	q8 -> m5 [label = "b"];
	q5 -> m6 [label = "a, c"];
	q5 -> m2 [label = "c"];
	q3 -> m7 [label = "b"];
	q1 -> m1 [label = "a, c"];
	q8 -> m10 [label = "a"];
	q0 -> m3 [label = "b, c"];
	q3 -> m14 [label = "b"];
	q1 -> m9 [label = "a"];
	q1 -> m10 [label = "a"];
	q8 -> m3 [label = "c"];
	q3 -> m13 [label = "a, b"];
	q7 -> m13 [label = "c"];
	q7 -> m14 [label = "c"];
	m0 -> q1;
	m0 -> q5;
	m0 -> q8;
	m1 -> q0;
	m1 -> q3;
	m1 -> q4;
	m1 -> q5;
	m1 -> q6;
	m2 -> q1;
	m2 -> q3;
	m2 -> q6;
	m2 -> q8;
	m3 -> q0;
	m3 -> q1;
	m3 -> q2;
	m3 -> q3;
	m3 -> q5;
	m3 -> q6;
	m4 -> q2;
	m4 -> q7;
	m5 -> q0;
	m5 -> q1;
	m5 -> q2;
	m5 -> q3;
	m5 -> q6;
	m6 -> q0;
	m6 -> q1;
	m6 -> q2;
	m6 -> q4;
	m6 -> q6;
	m7 -> q0;
	m7 -> q1;
	m7 -> q2;
	m7 -> q5;
	m7 -> q8;
	m8 -> q2;
	m8 -> q4;
	m8 -> q5;
	m8 -> q7;
	m9 -> q2;
	m9 -> q3;
	m9 -> q6;
	m9 -> q7;
	m10 -> q0;
	m10 -> q1;
	m10 -> q3;
	m10 -> q4;
	m10 -> q6;
	m10 -> q8;
	m11 -> q0;
	m11 -> q2;
	m11 -> q3;
	m11 -> q4;
	m11 -> q6;
	m11 -> q7;
	m12 -> q0;
	m12 -> q1;
	m12 -> q2;
	m12 -> q4;
	m12 -> q6;
	m12 -> q7;
	m13 -> q3;
	m13 -> q6;
	m14 -> q1;
	m14 -> q2;
	m14 -> q3;
	m14 -> q4;
	m14 -> q5;
	m14 -> q7;
	m14 -> q8;
}
RAFA size: 9 states

