Random target AFA:
digraph finite_state_machine {
	rankdir=LR;
	node [shape = circle];
	s0 [shape = point, style = invis, start="true" ];
	s1 [shape = point, style = invis, start="true" ];
	q0 [label = "q0", shape = doublecircle, final="true" ];
	q1 [label = "q1"];
	q2 [label = "q2"];
	q3 [label = "q3"];
	q4 [label = "q4"];
	q5 [label = "q5"];
	m0 [label = "", shape = square, style = filled, color=grey, fixedsize=true, width=.2];
	m1 [label = "", shape = square, style = filled, color=grey, fixedsize=true, width=.2];
	m2 [label = "", shape = square, style = filled, color=grey, fixedsize=true, width=.2];
	m3 [label = "", shape = square, style = filled, color=grey, fixedsize=true, width=.2];
	m4 [label = "", shape = square, style = filled, color=grey, fixedsize=true, width=.2];
	m5 [label = "", shape = square, style = filled, color=grey, fixedsize=true, width=.2];
	m6 [label = "", shape = square, style = filled, color=grey, fixedsize=true, width=.2];
	m7 [label = "", shape = square, style = filled, color=grey, fixedsize=true, width=.2];
	m8 [label = "", shape = square, style = filled, color=grey, fixedsize=true, width=.2];
	s0 -> q2
	s1 -> q0
	q2 -> q4 [label = "c"];
	q4 -> q1 [label = "b"];
	q5 -> m7 [label = "a"];
	q3 -> q4 [label = "a"];
	q3 -> q3 [label = "a, b, c"];
	q3 -> m5 [label = "c"];
	q1 -> m6 [label = "a"];
	q5 -> q2 [label = "c"];
	q4 -> m0 [label = "c"];
	q5 -> m1 [label = "b"];
	q1 -> q4 [label = "a, b"];
	q0 -> q5 [label = "a"];
	q1 -> q5 [label = "c"];
	q0 -> m1 [label = "a, c"];
	q0 -> q0 [label = "b"];
	q2 -> q3 [label = "b, c"];
	q2 -> m2 [label = "b"];
	q1 -> q0 [label = "c"];
	q4 -> q2 [label = "a, c"];
	q0 -> m3 [label = "b"];
	q0 -> q3 [label = "c"];
	q4 -> m8 [label = "b"];
	q2 -> m4 [label = "a"];
	q2 -> q0 [label = "a"];
	q5 -> q5 [label = "a, b"];
	q3 -> q2 [label = "b"];
	q5 -> m5 [label = "c"];
	q4 -> q0 [label = "a"];
	m0 -> q0;
	m0 -> q5;
	m1 -> q0;
	m1 -> q4;
	m2 -> q0;
	m2 -> q2;
	m3 -> q1;
	m3 -> q5;
	m4 -> q0;
	m4 -> q3;
	m5 -> q4;
	m5 -> q5;
	m6 -> q2;
	m6 -> q4;
	m7 -> q1;
	m7 -> q3;
	m8 -> q1;
	m8 -> q4;
}

L* output after 11 EQ and 8436 MQ:
digraph finite_state_machine {
	rankdir=LR;
	node [shape = circle];
	s0 [shape = point, style = invis, start="true" ];
	q0 [label = "q0"];
	q1 [label = "q1"];
	q2 [label = "q2"];
	q3 [label = "q3"];
	q4 [label = "q4"];
	q5 [label = "q5"];
	q6 [label = "q6"];
	q7 [label = "q7", shape = doublecircle, final="true" ];
	q8 [label = "q8", shape = doublecircle, final="true" ];
	q9 [label = "q9"];
	q10 [label = "q10"];
	q11 [label = "q11"];
	q12 [label = "q12", shape = doublecircle, final="true" ];
	q13 [label = "q13"];
	q14 [label = "q14", shape = doublecircle, final="true" ];
	q15 [label = "q15", shape = doublecircle, final="true" ];
	q16 [label = "q16"];
	q17 [label = "q17", shape = doublecircle, final="true" ];
	q18 [label = "q18"];
	q19 [label = "q19"];
	q20 [label = "q20", shape = doublecircle, final="true" ];
	q21 [label = "q21", shape = doublecircle, final="true" ];
	q22 [label = "q22"];
	q23 [label = "q23"];
	q24 [label = "q24"];
	q25 [label = "q25"];
	q26 [label = "q26", shape = doublecircle, final="true" ];
	q27 [label = "q27", shape = doublecircle, final="true" ];
	q28 [label = "q28", shape = doublecircle, final="true" ];
	q29 [label = "q29"];
	q30 [label = "q30", shape = doublecircle, final="true" ];
	q31 [label = "q31", shape = doublecircle, final="true" ];
	q32 [label = "q32", shape = doublecircle, final="true" ];
	q33 [label = "q33"];
	q34 [label = "q34"];
	q35 [label = "q35"];
	q36 [label = "q36", shape = doublecircle, final="true" ];
	q37 [label = "q37", shape = doublecircle, final="true" ];
	q38 [label = "q38", shape = doublecircle, final="true" ];
	q39 [label = "q39", shape = doublecircle, final="true" ];
	q40 [label = "q40", shape = doublecircle, final="true" ];
	q41 [label = "q41", shape = doublecircle, final="true" ];
	q42 [label = "q42", shape = doublecircle, final="true" ];
	q43 [label = "q43", shape = doublecircle, final="true" ];
	q44 [label = "q44"];
	q45 [label = "q45", shape = doublecircle, final="true" ];
	q46 [label = "q46"];
	s0 -> q30
	q41 -> q21 [label = "c"];
	q41 -> q45 [label = "b"];
	q43 -> q21 [label = "b"];
	q40 -> q21 [label = "c"];
	q44 -> q45 [label = "a"];
	q42 -> q14 [label = "a"];
	q45 -> q45 [label = "a"];
	q0 -> q44 [label = "a"];
	q21 -> q17 [label = "a"];
	q2 -> q31 [label = "a"];
	q2 -> q6 [label = "b"];
	q1 -> q14 [label = "a"];
	q3 -> q4 [label = "b"];
	q25 -> q34 [label = "a"];
	q1 -> q5 [label = "c"];
	q11 -> q6 [label = "c"];
	q6 -> q31 [label = "a"];
	q5 -> q19 [label = "c"];
	q10 -> q5 [label = "c"];
	q37 -> q40 [label = "b"];
	q6 -> q5 [label = "c"];
	q36 -> q6 [label = "c"];
	q12 -> q45 [label = "b, c"];
	q38 -> q21 [label = "b"];
	q20 -> q45 [label = "b"];
	q19 -> q45 [label = "a"];
	q1 -> q0 [label = "b"];
	q13 -> q9 [label = "b"];
	q13 -> q17 [label = "a"];
	q18 -> q24 [label = "c"];
	q15 -> q11 [label = "c"];
	q22 -> q16 [label = "b"];
	q21 -> q5 [label = "c"];
	q4 -> q17 [label = "a, c"];
	q34 -> q39 [label = "a"];
	q16 -> q17 [label = "a"];
	q5 -> q23 [label = "b"];
	q4 -> q9 [label = "b"];
	q42 -> q43 [label = "b"];
	q11 -> q2 [label = "b"];
	q17 -> q12 [label = "b"];
	q5 -> q26 [label = "a"];
	q30 -> q28 [label = "a"];
	q42 -> q5 [label = "c"];
	q44 -> q13 [label = "b"];
	q43 -> q6 [label = "c"];
	q45 -> q12 [label = "b"];
	q46 -> q3 [label = "a"];
	q23 -> q17 [label = "c"];
	q33 -> q6 [label = "c"];
	q0 -> q11 [label = "c"];
	q7 -> q39 [label = "a"];
	q26 -> q19 [label = "c"];
	q18 -> q32 [label = "a"];
	q17 -> q45 [label = "a"];
	q7 -> q41 [label = "b"];
	q43 -> q44 [label = "a"];
	q2 -> q29 [label = "c"];
	q45 -> q19 [label = "c"];
	q16 -> q29 [label = "c"];
	q31 -> q22 [label = "c"];
	q21 -> q21 [label = "b"];
	q40 -> q37 [label = "b"];
	q27 -> q21 [label = "b"];
	q23 -> q5 [label = "b"];
	q36 -> q34 [label = "a"];
	q15 -> q32 [label = "a"];
	q25 -> q18 [label = "b"];
	q9 -> q19 [label = "c"];
	q16 -> q10 [label = "b"];
	q7 -> q22 [label = "c"];
	q27 -> q33 [label = "c"];
	q15 -> q14 [label = "b"];
	q39 -> q41 [label = "b"];
	q36 -> q15 [label = "b"];
	q22 -> q17 [label = "a"];
	q32 -> q6 [label = "c"];
	q22 -> q5 [label = "c"];
	q18 -> q25 [label = "b"];
	q14 -> q34 [label = "a"];
	q46 -> q11 [label = "c"];
	q14 -> q6 [label = "c"];
	q8 -> q14 [label = "b"];
	q3 -> q45 [label = "a"];
	q13 -> q45 [label = "c"];
	q27 -> q44 [label = "a"];
	q8 -> q6 [label = "c"];
	q11 -> q31 [label = "a"];
	q9 -> q13 [label = "b"];
	q35 -> q7 [label = "a"];
	q19 -> q19 [label = "c"];
	q23 -> q31 [label = "a"];
	q24 -> q36 [label = "a"];
	q26 -> q20 [label = "b"];
	q46 -> q6 [label = "b"];
	q20 -> q17 [label = "a, c"];
	q28 -> q6 [label = "c"];
	q24 -> q46 [label = "b"];
	q26 -> q45 [label = "a"];
	q10 -> q10 [label = "b"];
	q25 -> q24 [label = "c"];
	q30 -> q29 [label = "c"];
	q24 -> q5 [label = "c"];
	q14 -> q8 [label = "b"];
	q12 -> q17 [label = "a"];
	q38 -> q6 [label = "c"];
	q3 -> q22 [label = "c"];
	q28 -> q25 [label = "a"];
	q30 -> q27 [label = "b"];
	q29 -> q22 [label = "c"];
	q29 -> q26 [label = "a"];
	q31 -> q20 [label = "b"];
	q28 -> q28 [label = "b"];
	q35 -> q42 [label = "c"];
	q29 -> q23 [label = "b"];
	q31 -> q45 [label = "a"];
	q0 -> q10 [label = "b"];
	q34 -> q35 [label = "b"];
	q32 -> q37 [label = "a"];
	q32 -> q38 [label = "b"];
	q33 -> q3 [label = "a"];
	q35 -> q34 [label = "b"];
	q41 -> q17 [label = "a"];
	q33 -> q2 [label = "b"];
	q39 -> q19 [label = "c"];
	q9 -> q45 [label = "a"];
	q40 -> q7 [label = "a"];
	q10 -> q17 [label = "a"];
	q37 -> q39 [label = "a"];
	q8 -> q32 [label = "a"];
	q37 -> q22 [label = "c"];
	q34 -> q1 [label = "c"];
	q17 -> q22 [label = "c"];
	q38 -> q17 [label = "a"];
	q39 -> q39 [label = "a"];
	q6 -> q2 [label = "b"];
	q19 -> q4 [label = "b"];
	q44 -> q22 [label = "c"];
}
DFA size: 47 states

NL* output after 11 EQ and 3372 MQ:
digraph finite_state_machine {
	rankdir=LR;
	node [shape = circle];
	s0 [shape = point, style = invis, start="true" ];
	q0 [label = "q0"];
	q1 [label = "q1"];
	q2 [label = "q2"];
	q3 [label = "q3", shape = doublecircle, final="true" ];
	q4 [label = "q4"];
	q5 [label = "q5", shape = doublecircle, final="true" ];
	q6 [label = "q6"];
	q7 [label = "q7", shape = doublecircle, final="true" ];
	q8 [label = "q8", shape = doublecircle, final="true" ];
	q9 [label = "q9", shape = doublecircle, final="true" ];
	q10 [label = "q10"];
	q11 [label = "q11"];
	q12 [label = "q12"];
	q13 [label = "q13"];
	q14 [label = "q14"];
	q15 [label = "q15"];
	q16 [label = "q16"];
	q17 [label = "q17"];
	q18 [label = "q18", shape = doublecircle, final="true" ];
	q19 [label = "q19"];
	s0 -> q7
	q18 -> q15 [label = "c"];
	q18 -> q12 [label = "c"];
	q17 -> q12 [label = "c"];
	q19 -> q2 [label = "a"];
	q19 -> q12 [label = "b"];
	q17 -> q14 [label = "a, b"];
	q17 -> q11 [label = "a, b"];
	q17 -> q5 [label = "a"];
	q18 -> q16 [label = "a"];
	q18 -> q11 [label = "a"];
	q16 -> q17 [label = "b"];
	q16 -> q16 [label = "a"];
	q16 -> q12 [label = "a, c"];
	q16 -> q11 [label = "a, b"];
	q16 -> q8 [label = "a"];
	q16 -> q7 [label = "a"];
	q16 -> q5 [label = "a"];
	q16 -> q3 [label = "a"];
	q15 -> q2 [label = "a"];
	q13 -> q12 [label = "b"];
	q16 -> q1 [label = "a, c"];
	q14 -> q18 [label = "a"];
	q18 -> q4 [label = "c"];
	q18 -> q5 [label = "b"];
	q14 -> q8 [label = "a"];
	q15 -> q19 [label = "b"];
	q15 -> q6 [label = "b"];
	q17 -> q8 [label = "a, c"];
	q14 -> q3 [label = "a"];
	q4 -> q19 [label = "b"];
	q6 -> q18 [label = "a"];
	q1 -> q15 [label = "c"];
	q1 -> q12 [label = "c"];
	q1 -> q10 [label = "c"];
	q1 -> q4 [label = "c"];
	q5 -> q18 [label = "a, b"];
	q5 -> q11 [label = "a, b"];
	q5 -> q8 [label = "a, b"];
	q17 -> q16 [label = "a, b"];
	q10 -> q19 [label = "b"];
	q2 -> q0 [label = "a, b"];
	q14 -> q12 [label = "c"];
	q10 -> q2 [label = "a"];
	q4 -> q12 [label = "c"];
	q12 -> q18 [label = "a"];
	q15 -> q10 [label = "a"];
	q7 -> q4 [label = "c"];
	q2 -> q6 [label = "a, b"];
	q8 -> q12 [label = "c"];
	q13 -> q19 [label = "c"];
	q9 -> q6 [label = "b"];
	q17 -> q1 [label = "c"];
	q3 -> q18 [label = "a, b"];
	q0 -> q16 [label = "a"];
	q7 -> q15 [label = "c"];
	q13 -> q11 [label = "c"];
	q13 -> q10 [label = "a, b, c"];
	q13 -> q9 [label = "c"];
	q1 -> q0 [label = "b"];
	q13 -> q14 [label = "c"];
	q13 -> q8 [label = "c"];
	q7 -> q8 [label = "a"];
	q13 -> q5 [label = "c"];
	q17 -> q7 [label = "c"];
	q9 -> q5 [label = "b"];
	q10 -> q18 [label = "a"];
	q10 -> q10 [label = "a"];
	q13 -> q0 [label = "c"];
	q17 -> q18 [label = "a"];
	q9 -> q9 [label = "b"];
	q0 -> q0 [label = "a, b"];
	q11 -> q16 [label = "a"];
	q5 -> q3 [label = "a"];
	q8 -> q11 [label = "a"];
	q9 -> q1 [label = "b"];
	q11 -> q14 [label = "a, b"];
	q8 -> q4 [label = "c"];
	q9 -> q16 [label = "a"];
	q9 -> q4 [label = "a, b"];
	q0 -> q19 [label = "a, b"];
	q9 -> q0 [label = "a, b"];
	q9 -> q3 [label = "b"];
	q12 -> q12 [label = "c"];
	q10 -> q7 [label = "a"];
	q1 -> q19 [label = "b"];
	q8 -> q8 [label = "b"];
	q2 -> q18 [label = "a"];
	q9 -> q12 [label = "b"];
	q19 -> q15 [label = "a, b, c"];
	q9 -> q11 [label = "a, b"];
	q11 -> q11 [label = "a"];
	q12 -> q19 [label = "b"];
	q6 -> q2 [label = "a"];
	q6 -> q4 [label = "a, b, c"];
	q19 -> q4 [label = "a, b, c"];
	q13 -> q4 [label = "a, b, c"];
	q15 -> q12 [label = "c"];
	q9 -> q15 [label = "a, b, c"];
	q2 -> q16 [label = "a"];
	q4 -> q6 [label = "b"];
	q15 -> q15 [label = "a, c"];
	q10 -> q1 [label = "a, c"];
	q0 -> q1 [label = "b"];
	q9 -> q2 [label = "a"];
	q13 -> q2 [label = "a, c"];
	q10 -> q4 [label = "a, c"];
	q9 -> q8 [label = "b"];
	q17 -> q3 [label = "a"];
	q10 -> q13 [label = "b"];
	q9 -> q7 [label = "b"];
	q3 -> q0 [label = "b"];
	q2 -> q10 [label = "a"];
	q12 -> q10 [label = "c"];
	q12 -> q15 [label = "c"];
	q6 -> q10 [label = "a, c"];
	q4 -> q4 [label = "a, c"];
	q15 -> q4 [label = "a, c"];
	q4 -> q15 [label = "a, c"];
	q0 -> q2 [label = "a"];
	q9 -> q14 [label = "a, b"];
	q1 -> q18 [label = "a"];
	q18 -> q14 [label = "a"];
	q0 -> q4 [label = "a, b, c"];
	q0 -> q14 [label = "a, b"];
	q16 -> q18 [label = "a"];
	q8 -> q15 [label = "c"];
	q0 -> q10 [label = "a"];
	q0 -> q11 [label = "a, b"];
	q3 -> q12 [label = "c"];
	q0 -> q15 [label = "a, b, c"];
	q11 -> q12 [label = "c"];
	q2 -> q19 [label = "a, b"];
	q10 -> q6 [label = "b"];
	q6 -> q15 [label = "a, b, c"];
	q10 -> q12 [label = "a, c"];
	q12 -> q4 [label = "c"];
	q0 -> q12 [label = "b"];
	q13 -> q15 [label = "a, b, c"];
	q2 -> q1 [label = "a, c"];
	q3 -> q16 [label = "a"];
	q2 -> q2 [label = "a"];
	q9 -> q18 [label = "b"];
	q1 -> q8 [label = "a"];
	q2 -> q3 [label = "a"];
	q3 -> q3 [label = "b"];
	q2 -> q4 [label = "a, c"];
	q2 -> q5 [label = "a"];
	q13 -> q18 [label = "a, c"];
	q2 -> q13 [label = "b"];
	q2 -> q8 [label = "a"];
	q14 -> q11 [label = "a, b"];
	q2 -> q9 [label = "a"];
	q9 -> q19 [label = "a, b"];
	q9 -> q10 [label = "a"];
	q2 -> q11 [label = "a"];
	q2 -> q12 [label = "a, c"];
	q2 -> q14 [label = "a"];
	q16 -> q14 [label = "a, b"];
	q2 -> q15 [label = "a, c"];
	q4 -> q2 [label = "a"];
	q4 -> q10 [label = "a"];
	q4 -> q18 [label = "a"];
	q5 -> q4 [label = "c"];
	q6 -> q12 [label = "b"];
	q1 -> q11 [label = "a"];
	q3 -> q4 [label = "b, c"];
	q13 -> q3 [label = "c"];
	q3 -> q5 [label = "a, b"];
	q10 -> q15 [label = "a, c"];
	q2 -> q7 [label = "a"];
	q3 -> q8 [label = "a, b"];
	q3 -> q9 [label = "b"];
	q3 -> q11 [label = "a, b"];
	q0 -> q6 [label = "b"];
	q3 -> q14 [label = "a, b"];
	q3 -> q15 [label = "b, c"];
	q19 -> q10 [label = "a"];
	q13 -> q16 [label = "c"];
	q3 -> q19 [label = "b"];
	q7 -> q10 [label = "c"];
	q5 -> q15 [label = "c"];
	q7 -> q9 [label = "b"];
}
NFA size: 20 states

AL* output after 11 EQ and 1208 MQ:
digraph finite_state_machine {
	rankdir=LR;
	node [shape = circle];
	s0 [shape = point, style = invis, start="true" ];
	s1 [shape = point, style = invis, start="true" ];
	q0 [label = "q0"];
	q1 [label = "q1"];
	q2 [label = "q2"];
	q3 [label = "q3"];
	q4 [label = "q4", shape = doublecircle, final="true" ];
	q5 [label = "q5"];
	q6 [label = "q6", shape = doublecircle, final="true" ];
	q7 [label = "q7"];
	q8 [label = "q8"];
	q9 [label = "q9", shape = doublecircle, final="true" ];
	m0 [label = "", shape = square, style = filled, color=grey, fixedsize=true, width=.2];
	m1 [label = "", shape = square, style = filled, color=grey, fixedsize=true, width=.2];
	m2 [label = "", shape = square, style = filled, color=grey, fixedsize=true, width=.2];
	m3 [label = "", shape = square, style = filled, color=grey, fixedsize=true, width=.2];
	m4 [label = "", shape = square, style = filled, color=grey, fixedsize=true, width=.2];
	m5 [label = "", shape = square, style = filled, color=grey, fixedsize=true, width=.2];
	m6 [label = "", shape = square, style = filled, color=grey, fixedsize=true, width=.2];
	m7 [label = "", shape = square, style = filled, color=grey, fixedsize=true, width=.2];
	m8 [label = "", shape = square, style = filled, color=grey, fixedsize=true, width=.2];
	m9 [label = "", shape = square, style = filled, color=grey, fixedsize=true, width=.2];
	m10 [label = "", shape = square, style = filled, color=grey, fixedsize=true, width=.2];
	m11 [label = "", shape = square, style = filled, color=grey, fixedsize=true, width=.2];
	s0 -> m0
	s1 -> m1
	q9 -> m0 [label = "b"];
	q9 -> m8 [label = "a"];
	q9 -> m7 [label = "a, b"];
	q9 -> m4 [label = "a"];
	q8 -> m7 [label = "b"];
	q8 -> m1 [label = "b, c"];
	q7 -> m4 [label = "b"];
	q6 -> m0 [label = "a, b"];
	q6 -> m3 [label = "a"];
	q4 -> m2 [label = "a, b, c"];
	q1 -> m3 [label = "a, b, c"];
	q9 -> m3 [label = "a, b, c"];
	q4 -> m3 [label = "b, c"];
	q4 -> m7 [label = "a, b"];
	q2 -> m4 [label = "a, b"];
	q4 -> m0 [label = "b"];
	q2 -> m3 [label = "b, c"];
	q9 -> m2 [label = "c"];
	q1 -> m4 [label = "b"];
	q7 -> m7 [label = "a, b, c"];
	q7 -> m0 [label = "a, c"];
	q5 -> m7 [label = "c"];
	q0 -> m0 [label = "a"];
	q3 -> m2 [label = "a, b, c"];
	q3 -> m9 [label = "b"];
	q8 -> m2 [label = "a, b, c"];
	q1 -> m1 [label = "c"];
	q5 -> m2 [label = "a, b, c"];
	q2 -> m7 [label = "a, b"];
	q3 -> m4 [label = "c"];
	q5 -> m5 [label = "a, b, c"];
	q4 -> m1 [label = "b"];
	q6 -> m7 [label = "a, b"];
	q9 -> m1 [label = "c"];
	q5 -> m0 [label = "a, c"];
	q2 -> m5 [label = "a"];
	q3 -> m3 [label = "c"];
	q1 -> m6 [label = "a"];
	q2 -> m1 [label = "c"];
	q0 -> m4 [label = "b, c"];
	q0 -> m9 [label = "b"];
	q7 -> m5 [label = "a, b"];
	q3 -> m5 [label = "a"];
	q1 -> m7 [label = "a, b"];
	q1 -> m8 [label = "a, b"];
	q0 -> m1 [label = "a, c"];
	q3 -> m1 [label = "a, b, c"];
	q0 -> m7 [label = "a"];
	q5 -> m1 [label = "b"];
	q7 -> m1 [label = "c"];
	q7 -> m3 [label = "c"];
	q1 -> m0 [label = "a"];
	q6 -> m5 [label = "c"];
	q1 -> m10 [label = "a"];
	q4 -> m5 [label = "a"];
	q4 -> m4 [label = "a"];
	q0 -> m3 [label = "b, c"];
	q6 -> m2 [label = "b, c"];
	q2 -> m10 [label = "b"];
	q0 -> m5 [label = "a"];
	q7 -> m6 [label = "a"];
	q8 -> m5 [label = "a, c"];
	q2 -> m11 [label = "b"];
	q3 -> m0 [label = "a"];
	q8 -> m0 [label = "a"];
	m0 -> q4;
	m0 -> q6;
	m0 -> q9;
	m1 -> q5;
	m1 -> q6;
	m1 -> q8;
	m2 -> q3;
	m2 -> q4;
	m2 -> q5;
	m2 -> q8;
	m3 -> q0;
	m3 -> q1;
	m3 -> q2;
	m3 -> q3;
	m3 -> q7;
	m3 -> q8;
	m3 -> q9;
	m4 -> q0;
	m4 -> q1;
	m4 -> q2;
	m4 -> q4;
	m4 -> q6;
	m4 -> q7;
	m4 -> q9;
	m5 -> q0;
	m5 -> q3;
	m6 -> q3;
	m6 -> q4;
	m6 -> q5;
	m6 -> q6;
	m6 -> q8;
	m7 -> q0;
	m7 -> q1;
	m7 -> q2;
	m7 -> q4;
	m7 -> q5;
	m7 -> q7;
	m7 -> q9;
	m8 -> q0;
	m8 -> q2;
	m8 -> q3;
	m8 -> q4;
	m8 -> q5;
	m8 -> q7;
	m8 -> q8;
	m9 -> q5;
	m9 -> q7;
	m10 -> q0;
	m10 -> q1;
	m10 -> q3;
	m10 -> q5;
	m10 -> q6;
	m10 -> q7;
	m10 -> q8;
	m11 -> q0;
	m11 -> q1;
	m11 -> q3;
	m11 -> q4;
	m11 -> q5;
	m11 -> q7;
	m11 -> q8;
}
AFA size: 10 states

AL** output after 12 EQ and 1208 MQ:
digraph finite_state_machine {
	rankdir=LR;
	node [shape = circle];
	s0 [shape = point, style = invis, start="true" ];
	s1 [shape = point, style = invis, start="true" ];
	q0 [label = "q0"];
	q1 [label = "q1"];
	q2 [label = "q2"];
	q3 [label = "q3"];
	q4 [label = "q4", shape = doublecircle, final="true" ];
	q5 [label = "q5"];
	q6 [label = "q6", shape = doublecircle, final="true" ];
	q7 [label = "q7"];
	q8 [label = "q8"];
	q9 [label = "q9", shape = doublecircle, final="true" ];
	m0 [label = "", shape = square, style = filled, color=grey, fixedsize=true, width=.2];
	m1 [label = "", shape = square, style = filled, color=grey, fixedsize=true, width=.2];
	m2 [label = "", shape = square, style = filled, color=grey, fixedsize=true, width=.2];
	m3 [label = "", shape = square, style = filled, color=grey, fixedsize=true, width=.2];
	m4 [label = "", shape = square, style = filled, color=grey, fixedsize=true, width=.2];
	m5 [label = "", shape = square, style = filled, color=grey, fixedsize=true, width=.2];
	m6 [label = "", shape = square, style = filled, color=grey, fixedsize=true, width=.2];
	m7 [label = "", shape = square, style = filled, color=grey, fixedsize=true, width=.2];
	m8 [label = "", shape = square, style = filled, color=grey, fixedsize=true, width=.2];
	m9 [label = "", shape = square, style = filled, color=grey, fixedsize=true, width=.2];
	m10 [label = "", shape = square, style = filled, color=grey, fixedsize=true, width=.2];
	m11 [label = "", shape = square, style = filled, color=grey, fixedsize=true, width=.2];
	s0 -> m0
	s1 -> m1
	q9 -> m0 [label = "b"];
	q9 -> m8 [label = "a"];
	q9 -> m7 [label = "a, b"];
	q9 -> m4 [label = "a"];
	q8 -> m7 [label = "b"];
	q8 -> m1 [label = "b, c"];
	q7 -> m4 [label = "b"];
	q6 -> m0 [label = "a, b"];
	q6 -> m3 [label = "a"];
	q4 -> m2 [label = "a, b, c"];
	q1 -> m3 [label = "a, b, c"];
	q9 -> m3 [label = "a, b, c"];
	q4 -> m3 [label = "b, c"];
	q4 -> m7 [label = "a, b"];
	q2 -> m4 [label = "a, b"];
	q4 -> m0 [label = "b"];
	q2 -> m3 [label = "b, c"];
	q9 -> m2 [label = "c"];
	q1 -> m4 [label = "b"];
	q7 -> m7 [label = "a, b, c"];
	q7 -> m0 [label = "a, c"];
	q5 -> m7 [label = "c"];
	q0 -> m0 [label = "a"];
	q3 -> m2 [label = "a, b, c"];
	q3 -> m9 [label = "b"];
	q8 -> m2 [label = "a, b, c"];
	q1 -> m1 [label = "c"];
	q5 -> m2 [label = "a, b, c"];
	q2 -> m7 [label = "a, b"];
	q3 -> m4 [label = "c"];
	q5 -> m5 [label = "a, b, c"];
	q4 -> m1 [label = "b"];
	q6 -> m7 [label = "a, b"];
	q9 -> m1 [label = "c"];
	q5 -> m0 [label = "a, c"];
	q2 -> m5 [label = "a"];
	q3 -> m3 [label = "c"];
	q1 -> m6 [label = "a"];
	q2 -> m1 [label = "c"];
	q0 -> m4 [label = "b, c"];
	q0 -> m9 [label = "b"];
	q7 -> m5 [label = "a, b"];
	q3 -> m5 [label = "a"];
	q1 -> m7 [label = "a, b"];
	q1 -> m8 [label = "a, b"];
	q0 -> m1 [label = "a, c"];
	q3 -> m1 [label = "a, b, c"];
	q0 -> m7 [label = "a"];
	q5 -> m1 [label = "b"];
	q7 -> m1 [label = "c"];
	q7 -> m3 [label = "c"];
	q1 -> m0 [label = "a"];
	q6 -> m5 [label = "c"];
	q1 -> m10 [label = "a"];
	q4 -> m5 [label = "a"];
	q4 -> m4 [label = "a"];
	q0 -> m3 [label = "b, c"];
	q6 -> m2 [label = "b, c"];
	q2 -> m10 [label = "b"];
	q0 -> m5 [label = "a"];
	q7 -> m6 [label = "a"];
	q8 -> m5 [label = "a, c"];
	q2 -> m11 [label = "b"];
	q3 -> m0 [label = "a"];
	q8 -> m0 [label = "a"];
	m0 -> q4;
	m0 -> q6;
	m0 -> q9;
	m1 -> q5;
	m1 -> q6;
	m1 -> q8;
	m2 -> q3;
	m2 -> q4;
	m2 -> q5;
	m2 -> q8;
	m3 -> q0;
	m3 -> q1;
	m3 -> q2;
	m3 -> q3;
	m3 -> q7;
	m3 -> q8;
	m3 -> q9;
	m4 -> q0;
	m4 -> q1;
	m4 -> q2;
	m4 -> q4;
	m4 -> q6;
	m4 -> q7;
	m4 -> q9;
	m5 -> q0;
	m5 -> q3;
	m6 -> q3;
	m6 -> q4;
	m6 -> q5;
	m6 -> q6;
	m6 -> q8;
	m7 -> q0;
	m7 -> q1;
	m7 -> q2;
	m7 -> q4;
	m7 -> q5;
	m7 -> q7;
	m7 -> q9;
	m8 -> q0;
	m8 -> q2;
	m8 -> q3;
	m8 -> q4;
	m8 -> q5;
	m8 -> q7;
	m8 -> q8;
	m9 -> q5;
	m9 -> q7;
	m10 -> q0;
	m10 -> q1;
	m10 -> q3;
	m10 -> q5;
	m10 -> q6;
	m10 -> q7;
	m10 -> q8;
	m11 -> q0;
	m11 -> q1;
	m11 -> q3;
	m11 -> q4;
	m11 -> q5;
	m11 -> q7;
	m11 -> q8;
}
RAFA size: 10 states

