Random target AFA:
digraph finite_state_machine {
	rankdir=LR;
	node [shape = circle];
	s0 [shape = point, style = invis, start="true" ];
	s1 [shape = point, style = invis, start="true" ];
	q0 [label = "q0"];
	q1 [label = "q1"];
	q2 [label = "q2"];
	q3 [label = "q3", shape = doublecircle, final="true" ];
	q4 [label = "q4", shape = doublecircle, final="true" ];
	q5 [label = "q5"];
	m0 [label = "", shape = square, style = filled, color=grey, fixedsize=true, width=.2];
	m1 [label = "", shape = square, style = filled, color=grey, fixedsize=true, width=.2];
	m2 [label = "", shape = square, style = filled, color=grey, fixedsize=true, width=.2];
	m3 [label = "", shape = square, style = filled, color=grey, fixedsize=true, width=.2];
	m4 [label = "", shape = square, style = filled, color=grey, fixedsize=true, width=.2];
	m5 [label = "", shape = square, style = filled, color=grey, fixedsize=true, width=.2];
	m6 [label = "", shape = square, style = filled, color=grey, fixedsize=true, width=.2];
	m7 [label = "", shape = square, style = filled, color=grey, fixedsize=true, width=.2];
	m8 [label = "", shape = square, style = filled, color=grey, fixedsize=true, width=.2];
	m9 [label = "", shape = square, style = filled, color=grey, fixedsize=true, width=.2];
	m10 [label = "", shape = square, style = filled, color=grey, fixedsize=true, width=.2];
	s0 -> q2
	s1 -> q0
	q5 -> m9 [label = "b"];
	q5 -> m8 [label = "b"];
	q5 -> q3 [label = "a"];
	q1 -> q5 [label = "b"];
	q3 -> q5 [label = "a, b"];
	q5 -> q4 [label = "a"];
	q3 -> m3 [label = "b"];
	q1 -> q2 [label = "a"];
	q4 -> m0 [label = "c"];
	q0 -> q4 [label = "b"];
	q1 -> m7 [label = "c"];
	q1 -> q1 [label = "b, c"];
	q4 -> m5 [label = "a"];
	q0 -> q1 [label = "a, b"];
	q3 -> m10 [label = "c"];
	q4 -> q5 [label = "b"];
	q1 -> q0 [label = "a"];
	q0 -> m4 [label = "c"];
	q2 -> q4 [label = "b, c"];
	q2 -> m2 [label = "a"];
	q2 -> q5 [label = "c"];
	q5 -> q2 [label = "c"];
	q2 -> m3 [label = "a"];
	q4 -> m1 [label = "c"];
	q0 -> q5 [label = "c"];
	q3 -> q3 [label = "a, c"];
	q5 -> m6 [label = "c"];
	q4 -> q1 [label = "a"];
	m0 -> q0;
	m0 -> q3;
	m1 -> q0;
	m1 -> q4;
	m2 -> q2;
	m2 -> q5;
	m3 -> q3;
	m3 -> q4;
	m4 -> q0;
	m4 -> q2;
	m5 -> q1;
	m5 -> q4;
	m6 -> q4;
	m6 -> q5;
	m7 -> q0;
	m7 -> q1;
	m8 -> q2;
	m8 -> q3;
	m9 -> q0;
	m9 -> q5;
	m10 -> q3;
	m10 -> q5;
}

L* output after 13 EQ and 30355 MQ:
digraph finite_state_machine {
	rankdir=LR;
	node [shape = circle];
	s0 [shape = point, style = invis, start="true" ];
	q0 [label = "q0", shape = doublecircle, final="true" ];
	q1 [label = "q1", shape = doublecircle, final="true" ];
	q2 [label = "q2", shape = doublecircle, final="true" ];
	q3 [label = "q3", shape = doublecircle, final="true" ];
	q4 [label = "q4", shape = doublecircle, final="true" ];
	q5 [label = "q5", shape = doublecircle, final="true" ];
	q6 [label = "q6"];
	q7 [label = "q7", shape = doublecircle, final="true" ];
	q8 [label = "q8"];
	q9 [label = "q9"];
	q10 [label = "q10", shape = doublecircle, final="true" ];
	q11 [label = "q11", shape = doublecircle, final="true" ];
	q12 [label = "q12", shape = doublecircle, final="true" ];
	q13 [label = "q13", shape = doublecircle, final="true" ];
	q14 [label = "q14"];
	q15 [label = "q15", shape = doublecircle, final="true" ];
	q16 [label = "q16", shape = doublecircle, final="true" ];
	q17 [label = "q17", shape = doublecircle, final="true" ];
	q18 [label = "q18", shape = doublecircle, final="true" ];
	q19 [label = "q19"];
	q20 [label = "q20", shape = doublecircle, final="true" ];
	q21 [label = "q21", shape = doublecircle, final="true" ];
	q22 [label = "q22", shape = doublecircle, final="true" ];
	q23 [label = "q23", shape = doublecircle, final="true" ];
	q24 [label = "q24", shape = doublecircle, final="true" ];
	q25 [label = "q25", shape = doublecircle, final="true" ];
	q26 [label = "q26", shape = doublecircle, final="true" ];
	q27 [label = "q27", shape = doublecircle, final="true" ];
	q28 [label = "q28", shape = doublecircle, final="true" ];
	q29 [label = "q29", shape = doublecircle, final="true" ];
	q30 [label = "q30"];
	q31 [label = "q31", shape = doublecircle, final="true" ];
	q32 [label = "q32", shape = doublecircle, final="true" ];
	q33 [label = "q33", shape = doublecircle, final="true" ];
	q34 [label = "q34"];
	q35 [label = "q35"];
	q36 [label = "q36", shape = doublecircle, final="true" ];
	q37 [label = "q37", shape = doublecircle, final="true" ];
	q38 [label = "q38", shape = doublecircle, final="true" ];
	q39 [label = "q39", shape = doublecircle, final="true" ];
	q40 [label = "q40", shape = doublecircle, final="true" ];
	q41 [label = "q41"];
	q42 [label = "q42"];
	q43 [label = "q43"];
	q44 [label = "q44", shape = doublecircle, final="true" ];
	q45 [label = "q45", shape = doublecircle, final="true" ];
	q46 [label = "q46"];
	q47 [label = "q47", shape = doublecircle, final="true" ];
	q48 [label = "q48", shape = doublecircle, final="true" ];
	q49 [label = "q49", shape = doublecircle, final="true" ];
	q50 [label = "q50"];
	q51 [label = "q51", shape = doublecircle, final="true" ];
	q52 [label = "q52", shape = doublecircle, final="true" ];
	q53 [label = "q53"];
	q54 [label = "q54", shape = doublecircle, final="true" ];
	q55 [label = "q55", shape = doublecircle, final="true" ];
	q56 [label = "q56", shape = doublecircle, final="true" ];
	q57 [label = "q57", shape = doublecircle, final="true" ];
	q58 [label = "q58"];
	q59 [label = "q59"];
	q60 [label = "q60", shape = doublecircle, final="true" ];
	q61 [label = "q61"];
	q62 [label = "q62", shape = doublecircle, final="true" ];
	q63 [label = "q63"];
	q64 [label = "q64", shape = doublecircle, final="true" ];
	q65 [label = "q65"];
	q66 [label = "q66", shape = doublecircle, final="true" ];
	q67 [label = "q67"];
	q68 [label = "q68"];
	q69 [label = "q69", shape = doublecircle, final="true" ];
	q70 [label = "q70", shape = doublecircle, final="true" ];
	q71 [label = "q71"];
	q72 [label = "q72"];
	q73 [label = "q73", shape = doublecircle, final="true" ];
	q74 [label = "q74"];
	q75 [label = "q75", shape = doublecircle, final="true" ];
	q76 [label = "q76", shape = doublecircle, final="true" ];
	q77 [label = "q77"];
	q78 [label = "q78", shape = doublecircle, final="true" ];
	q79 [label = "q79", shape = doublecircle, final="true" ];
	q80 [label = "q80", shape = doublecircle, final="true" ];
	q81 [label = "q81", shape = doublecircle, final="true" ];
	q82 [label = "q82", shape = doublecircle, final="true" ];
	q83 [label = "q83", shape = doublecircle, final="true" ];
	q84 [label = "q84", shape = doublecircle, final="true" ];
	q85 [label = "q85", shape = doublecircle, final="true" ];
	q86 [label = "q86"];
	q87 [label = "q87", shape = doublecircle, final="true" ];
	q88 [label = "q88", shape = doublecircle, final="true" ];
	q89 [label = "q89", shape = doublecircle, final="true" ];
	q90 [label = "q90"];
	q91 [label = "q91"];
	q92 [label = "q92", shape = doublecircle, final="true" ];
	q93 [label = "q93", shape = doublecircle, final="true" ];
	q94 [label = "q94"];
	q95 [label = "q95"];
	q96 [label = "q96"];
	q97 [label = "q97"];
	q98 [label = "q98"];
	q99 [label = "q99"];
	q100 [label = "q100"];
	q101 [label = "q101"];
	q102 [label = "q102", shape = doublecircle, final="true" ];
	q103 [label = "q103"];
	q104 [label = "q104", shape = doublecircle, final="true" ];
	q105 [label = "q105", shape = doublecircle, final="true" ];
	q106 [label = "q106", shape = doublecircle, final="true" ];
	q107 [label = "q107", shape = doublecircle, final="true" ];
	q108 [label = "q108", shape = doublecircle, final="true" ];
	q109 [label = "q109", shape = doublecircle, final="true" ];
	q110 [label = "q110", shape = doublecircle, final="true" ];
	q111 [label = "q111", shape = doublecircle, final="true" ];
	q112 [label = "q112", shape = doublecircle, final="true" ];
	q113 [label = "q113", shape = doublecircle, final="true" ];
	q114 [label = "q114", shape = doublecircle, final="true" ];
	q115 [label = "q115", shape = doublecircle, final="true" ];
	q116 [label = "q116", shape = doublecircle, final="true" ];
	q117 [label = "q117", shape = doublecircle, final="true" ];
	q118 [label = "q118", shape = doublecircle, final="true" ];
	q119 [label = "q119"];
	q120 [label = "q120", shape = doublecircle, final="true" ];
	q121 [label = "q121", shape = doublecircle, final="true" ];
	q122 [label = "q122", shape = doublecircle, final="true" ];
	q123 [label = "q123"];
	q124 [label = "q124", shape = doublecircle, final="true" ];
	q125 [label = "q125", shape = doublecircle, final="true" ];
	q126 [label = "q126", shape = doublecircle, final="true" ];
	q127 [label = "q127", shape = doublecircle, final="true" ];
	q128 [label = "q128", shape = doublecircle, final="true" ];
	q129 [label = "q129", shape = doublecircle, final="true" ];
	q130 [label = "q130", shape = doublecircle, final="true" ];
	q131 [label = "q131", shape = doublecircle, final="true" ];
	q132 [label = "q132", shape = doublecircle, final="true" ];
	q133 [label = "q133", shape = doublecircle, final="true" ];
	q134 [label = "q134", shape = doublecircle, final="true" ];
	q135 [label = "q135", shape = doublecircle, final="true" ];
	q136 [label = "q136", shape = doublecircle, final="true" ];
	q137 [label = "q137", shape = doublecircle, final="true" ];
	q138 [label = "q138"];
	q139 [label = "q139", shape = doublecircle, final="true" ];
	q140 [label = "q140"];
	q141 [label = "q141", shape = doublecircle, final="true" ];
	q142 [label = "q142", shape = doublecircle, final="true" ];
	q143 [label = "q143", shape = doublecircle, final="true" ];
	q144 [label = "q144"];
	q145 [label = "q145"];
	q146 [label = "q146"];
	q147 [label = "q147"];
	q148 [label = "q148", shape = doublecircle, final="true" ];
	q149 [label = "q149", shape = doublecircle, final="true" ];
	q150 [label = "q150", shape = doublecircle, final="true" ];
	q151 [label = "q151", shape = doublecircle, final="true" ];
	q152 [label = "q152", shape = doublecircle, final="true" ];
	q153 [label = "q153", shape = doublecircle, final="true" ];
	q154 [label = "q154", shape = doublecircle, final="true" ];
	q155 [label = "q155", shape = doublecircle, final="true" ];
	s0 -> q71
	q83 -> q83 [label = "c"];
	q87 -> q125 [label = "a"];
	q84 -> q79 [label = "b"];
	q86 -> q62 [label = "a"];
	q85 -> q108 [label = "a"];
	q87 -> q48 [label = "b"];
	q81 -> q51 [label = "b"];
	q84 -> q51 [label = "c"];
	q82 -> q104 [label = "b"];
	q77 -> q60 [label = "b"];
	q75 -> q28 [label = "c"];
	q79 -> q123 [label = "c"];
	q75 -> q56 [label = "a"];
	q75 -> q60 [label = "b"];
	q73 -> q122 [label = "a"];
	q78 -> q60 [label = "b"];
	q76 -> q155 [label = "a"];
	q78 -> q52 [label = "c"];
	q80 -> q79 [label = "b"];
	q72 -> q87 [label = "b"];
	q77 -> q53 [label = "c"];
	q74 -> q79 [label = "b"];
	q72 -> q155 [label = "a"];
	q67 -> q59 [label = "c"];
	q68 -> q61 [label = "b"];
	q66 -> q72 [label = "c"];
	q73 -> q76 [label = "b"];
	q71 -> q66 [label = "c"];
	q65 -> q60 [label = "b"];
	q67 -> q60 [label = "b"];
	q70 -> q68 [label = "b"];
	q66 -> q75 [label = "a"];
	q64 -> q79 [label = "b"];
	q66 -> q76 [label = "b"];
	q71 -> q70 [label = "a"];
	q64 -> q78 [label = "a"];
	q60 -> q61 [label = "b"];
	q58 -> q126 [label = "c"];
	q57 -> q46 [label = "c"];
	q63 -> q81 [label = "c"];
	q59 -> q62 [label = "a"];
	q61 -> q84 [label = "c"];
	q59 -> q60 [label = "b"];
	q62 -> q79 [label = "b"];
	q62 -> q83 [label = "c"];
	q58 -> q122 [label = "a"];
	q56 -> q51 [label = "b"];
	q60 -> q74 [label = "c"];
	q55 -> q45 [label = "a"];
	q53 -> q60 [label = "b"];
	q50 -> q111 [label = "c"];
	q51 -> q54 [label = "a"];
	q49 -> q60 [label = "b"];
	q49 -> q85 [label = "a"];
	q52 -> q54 [label = "a"];
	q48 -> q41 [label = "c"];
	q79 -> q54 [label = "a"];
	q65 -> q77 [label = "c"];
	q54 -> q56 [label = "a, c"];
	q69 -> q67 [label = "c"];
	q52 -> q43 [label = "c"];
	q50 -> q51 [label = "b"];
	q48 -> q45 [label = "a"];
	q47 -> q112 [label = "a"];
	q69 -> q63 [label = "a"];
	q45 -> q48 [label = "b"];
	q46 -> q54 [label = "a"];
	q44 -> q40 [label = "b"];
	q65 -> q64 [label = "a"];
	q42 -> q44 [label = "c"];
	q18 -> q39 [label = "c"];
	q20 -> q33 [label = "b"];
	q71 -> q69 [label = "b"];
	q17 -> q17 [label = "c"];
	q21 -> q54 [label = "a"];
	q19 -> q85 [label = "a"];
	q17 -> q11 [label = "b"];
	q17 -> q82 [label = "a"];
	q16 -> q10 [label = "c"];
	q20 -> q114 [label = "a"];
	q18 -> q82 [label = "a"];
	q77 -> q54 [label = "a"];
	q16 -> q55 [label = "b"];
	q22 -> q22 [label = "c"];
	q18 -> q48 [label = "b"];
	q16 -> q23 [label = "a"];
	q20 -> q26 [label = "c"];
	q15 -> q23 [label = "a"];
	q11 -> q6 [label = "c"];
	q14 -> q122 [label = "a"];
	q15 -> q42 [label = "b"];
	q9 -> q36 [label = "c"];
	q5 -> q60 [label = "b"];
	q51 -> q104 [label = "b"];
	q4 -> q60 [label = "b"];
	q6 -> q92 [label = "a"];
	q7 -> q48 [label = "b"];
	q68 -> q62 [label = "a"];
	q63 -> q79 [label = "b"];
	q3 -> q122 [label = "a"];
	q7 -> q2 [label = "c"];
	q74 -> q57 [label = "c"];
	q1 -> q113 [label = "a"];
	q55 -> q55 [label = "b"];
	q2 -> q82 [label = "a"];
	q6 -> q89 [label = "c"];
	q12 -> q12 [label = "c"];
	q72 -> q105 [label = "c"];
	q10 -> q40 [label = "b"];
	q14 -> q8 [label = "c"];
	q10 -> q5 [label = "a"];
	q14 -> q15 [label = "b"];
	q8 -> q3 [label = "c"];
	q11 -> q35 [label = "b"];
	q15 -> q9 [label = "c"];
	q9 -> q40 [label = "b"];
	q21 -> q60 [label = "b"];
	q58 -> q76 [label = "b"];
	q1 -> q15 [label = "b"];
	q23 -> q108 [label = "a"];
	q24 -> q108 [label = "a"];
	q74 -> q64 [label = "a"];
	q63 -> q80 [label = "a"];
	q26 -> q48 [label = "b"];
	q6 -> q88 [label = "b"];
	q30 -> q76 [label = "c"];
	q59 -> q86 [label = "c"];
	q24 -> q13 [label = "c"];
	q26 -> q113 [label = "a"];
	q28 -> q56 [label = "a"];
	q30 -> q40 [label = "b"];
	q82 -> q124 [label = "a"];
	q25 -> q124 [label = "a"];
	q27 -> q60 [label = "b"];
	q84 -> q85 [label = "a"];
	q51 -> q110 [label = "c"];
	q29 -> q93 [label = "c"];
	q25 -> q60 [label = "b"];
	q94 -> q17 [label = "a"];
	q40 -> q35 [label = "b"];
	q55 -> q44 [label = "c"];
	q112 -> q25 [label = "c"];
	q5 -> q113 [label = "a"];
	q104 -> q85 [label = "a"];
	q22 -> q124 [label = "a"];
	q116 -> q122 [label = "a"];
	q25 -> q155 [label = "c"];
	q108 -> q104 [label = "b"];
	q114 -> q117 [label = "c"];
	q117 -> q118 [label = "b"];
	q119 -> q120 [label = "a"];
	q118 -> q155 [label = "a"];
	q8 -> q15 [label = "b"];
	q124 -> q83 [label = "c"];
	q115 -> q132 [label = "a"];
	q19 -> q49 [label = "c"];
	q120 -> q60 [label = "b"];
	q19 -> q60 [label = "b"];
	q105 -> q155 [label = "a"];
	q127 -> q78 [label = "a"];
	q143 -> q122 [label = "a"];
	q124 -> q108 [label = "a"];
	q126 -> q76 [label = "b"];
	q111 -> q54 [label = "a"];
	q121 -> q85 [label = "a"];
	q98 -> q131 [label = "a"];
	q9 -> q4 [label = "a"];
	q125 -> q136 [label = "c"];
	q83 -> q76 [label = "b"];
	q64 -> q73 [label = "c"];
	q10 -> q76 [label = "c"];
	q113 -> q104 [label = "b"];
	q121 -> q60 [label = "b"];
	q121 -> q53 [label = "c"];
	q80 -> q81 [label = "c"];
	q61 -> q62 [label = "a"];
	q45 -> q108 [label = "a"];
	q21 -> q19 [label = "c"];
	q125 -> q60 [label = "b"];
	q130 -> q127 [label = "a"];
	q57 -> q104 [label = "b"];
	q128 -> q108 [label = "a"];
	q132 -> q107 [label = "c"];
	q132 -> q60 [label = "b"];
	q111 -> q111 [label = "c"];
	q132 -> q124 [label = "a"];
	q134 -> q118 [label = "b"];
	q129 -> q60 [label = "b"];
	q107 -> q124 [label = "a"];
	q129 -> q117 [label = "c"];
	q61 -> q104 [label = "b"];
	q123 -> q57 [label = "c"];
	q110 -> q54 [label = "a"];
	q154 -> q43 [label = "c"];
	q133 -> q79 [label = "b"];
	q13 -> q113 [label = "a"];
	q131 -> q127 [label = "a"];
	q151 -> q145 [label = "c"];
	q127 -> q137 [label = "c"];
	q73 -> q58 [label = "c"];
	q89 -> q75 [label = "a"];
	q86 -> q49 [label = "c"];
	q119 -> q40 [label = "b"];
	q88 -> q27 [label = "a"];
	q145 -> q23 [label = "a"];
	q146 -> q106 [label = "c"];
	q145 -> q55 [label = "b"];
	q26 -> q20 [label = "c"];
	q147 -> q149 [label = "a"];
	q137 -> q140 [label = "c"];
	q144 -> q62 [label = "a"];
	q7 -> q108 [label = "a"];
	q32 -> q114 [label = "a"];
	q144 -> q147 [label = "c"];
	q96 -> q112 [label = "a"];
	q135 -> q16 [label = "b"];
	q148 -> q48 [label = "b"];
	q78 -> q80 [label = "a"];
	q28 -> q22 [label = "c"];
	q103 -> q132 [label = "a"];
	q119 -> q36 [label = "c"];
	q149 -> q152 [label = "a"];
	q155 -> q155 [label = "c"];
	q108 -> q133 [label = "c"];
	q136 -> q54 [label = "a"];
	q130 -> q68 [label = "b"];
	q92 -> q98 [label = "c"];
	q57 -> q54 [label = "a"];
	q151 -> q38 [label = "a"];
	q44 -> q38 [label = "a"];
	q118 -> q42 [label = "b"];
	q142 -> q122 [label = "a"];
	q48 -> q42 [label = "b"];
	q130 -> q138 [label = "c"];
	q149 -> q79 [label = "b"];
	q133 -> q108 [label = "c"];
	q102 -> q131 [label = "a"];
	q151 -> q40 [label = "b"];
	q153 -> q91 [label = "c"];
	q34 -> q70 [label = "a"];
	q80 -> q80 [label = "a"];
	q155 -> q56 [label = "a"];
	q139 -> q141 [label = "a"];
	q153 -> q33 [label = "b"];
	q141 -> q60 [label = "b"];
	q138 -> q14 [label = "c"];
	q115 -> q116 [label = "c"];
	q155 -> q60 [label = "b"];
	q56 -> q56 [label = "a, c"];
	q148 -> q150 [label = "a"];
	q150 -> q153 [label = "c"];
	q105 -> q105 [label = "c"];
	q53 -> q54 [label = "a"];
	q35 -> q29 [label = "b"];
	q147 -> q79 [label = "b"];
	q107 -> q108 [label = "c"];
	q12 -> q15 [label = "b"];
	q107 -> q79 [label = "b"];
	q146 -> q45 [label = "a"];
	q135 -> q134 [label = "c"];
	q39 -> q33 [label = "b"];
	q1 -> q12 [label = "c"];
	q144 -> q61 [label = "b"];
	q118 -> q119 [label = "c"];
	q34 -> q89 [label = "c"];
	q148 -> q151 [label = "c"];
	q150 -> q48 [label = "b"];
	q115 -> q33 [label = "b"];
	q133 -> q56 [label = "a"];
	q137 -> q122 [label = "a"];
	q50 -> q54 [label = "a"];
	q0 -> q15 [label = "b"];
	q99 -> q93 [label = "c"];
	q81 -> q54 [label = "a"];
	q146 -> q148 [label = "b"];
	q110 -> q79 [label = "b"];
	q113 -> q134 [label = "c"];
	q140 -> q142 [label = "c"];
	q129 -> q113 [label = "a"];
	q70 -> q65 [label = "c"];
	q27 -> q21 [label = "c"];
	q110 -> q51 [label = "c"];
	q152 -> q154 [label = "c"];
	q141 -> q134 [label = "c"];
	q106 -> q112 [label = "a"];
	q123 -> q79 [label = "b"];
	q101 -> q122 [label = "a"];
	q139 -> q140 [label = "c"];
	q106 -> q76 [label = "c"];
	q87 -> q47 [label = "c"];
	q62 -> q82 [label = "a"];
	q150 -> q78 [label = "a"];
	q140 -> q16 [label = "b"];
	q46 -> q79 [label = "b"];
	q82 -> q107 [label = "c"];
	q4 -> q127 [label = "a"];
	q116 -> q48 [label = "b"];
	q105 -> q76 [label = "b"];
	q8 -> q122 [label = "a"];
	q152 -> q64 [label = "a"];
	q42 -> q18 [label = "a"];
	q135 -> q108 [label = "a"];
	q0 -> q8 [label = "c"];
	q145 -> q106 [label = "c"];
	q142 -> q118 [label = "b"];
	q123 -> q80 [label = "a"];
	q143 -> q16 [label = "b"];
	q39 -> q82 [label = "a"];
	q122 -> q56 [label = "a"];
	q100 -> q96 [label = "c"];
	q141 -> q108 [label = "a"];
	q136 -> q53 [label = "c"];
	q13 -> q13 [label = "c"];
	q101 -> q48 [label = "b"];
	q92 -> q127 [label = "a"];
	q67 -> q63 [label = "a"];
	q68 -> q74 [label = "c"];
	q139 -> q118 [label = "b"];
	q120 -> q64 [label = "a"];
	q143 -> q142 [label = "c"];
	q117 -> q135 [label = "c"];
	q120 -> q121 [label = "c"];
	q46 -> q51 [label = "c"];
	q93 -> q40 [label = "b"];
	q137 -> q118 [label = "b"];
	q43 -> q110 [label = "c"];
	q122 -> q133 [label = "c"];
	q97 -> q41 [label = "c"];
	q95 -> q100 [label = "c"];
	q128 -> q60 [label = "b"];
	q126 -> q126 [label = "c"];
	q140 -> q122 [label = "a"];
	q13 -> q15 [label = "b"];
	q138 -> q127 [label = "a"];
	q76 -> q106 [label = "c"];
	q113 -> q108 [label = "a"];
	q154 -> q85 [label = "a"];
	q138 -> q15 [label = "b"];
	q49 -> q49 [label = "c"];
	q136 -> q60 [label = "b"];
	q114 -> q113 [label = "a"];
	q112 -> q60 [label = "b"];
	q142 -> q143 [label = "c"];
	q128 -> q24 [label = "c"];
	q36 -> q30 [label = "c"];
	q91 -> q122 [label = "a"];
	q90 -> q88 [label = "b"];
	q114 -> q104 [label = "b"];
	q112 -> q124 [label = "a"];
	q109 -> q60 [label = "b"];
	q32 -> q33 [label = "b"];
	q111 -> q51 [label = "b"];
	q153 -> q132 [label = "a"];
	q109 -> q109 [label = "c"];
	q2 -> q33 [label = "b"];
	q37 -> q31 [label = "c"];
	q89 -> q96 [label = "c"];
	q95 -> q70 [label = "a"];
	q104 -> q84 [label = "c"];
	q93 -> q146 [label = "c"];
	q104 -> q104 [label = "b"];
	q3 -> q3 [label = "c"];
	q106 -> q40 [label = "b"];
	q23 -> q60 [label = "b"];
	q100 -> q55 [label = "b"];
	q60 -> q85 [label = "a"];
	q45 -> q39 [label = "c"];
	q28 -> q60 [label = "b"];
	q88 -> q94 [label = "b"];
	q98 -> q101 [label = "c"];
	q103 -> q33 [label = "b"];
	q125 -> q80 [label = "a"];
	q40 -> q34 [label = "c"];
	q37 -> q48 [label = "b"];
	q85 -> q83 [label = "c"];
	q103 -> q116 [label = "c"];
	q52 -> q79 [label = "b"];
	q99 -> q102 [label = "a"];
	q2 -> q26 [label = "c"];
	q97 -> q42 [label = "b"];
	q69 -> q144 [label = "b"];
	q154 -> q79 [label = "b"];
	q94 -> q99 [label = "b"];
	q101 -> q103 [label = "c"];
	q37 -> q127 [label = "a"];
	q12 -> q108 [label = "a"];
	q99 -> q48 [label = "b"];
	q35 -> q17 [label = "a"];
	q4 -> q0 [label = "c"];
	q97 -> q18 [label = "a"];
	q102 -> q97 [label = "b"];
	q100 -> q128 [label = "a"];
	q5 -> q1 [label = "c"];
	q96 -> q76 [label = "c"];
	q102 -> q98 [label = "c"];
	q96 -> q88 [label = "b"];
	q38 -> q48 [label = "b"];
	q98 -> q33 [label = "b"];
	q91 -> q115 [label = "c"];
	q53 -> q109 [label = "c"];
	q11 -> q7 [label = "a"];
	q109 -> q54 [label = "a"];
	q92 -> q97 [label = "b"];
	q3 -> q15 [label = "b"];
	q38 -> q32 [label = "c"];
	q90 -> q89 [label = "c"];
	q91 -> q48 [label = "b"];
	q0 -> q141 [label = "a"];
	q95 -> q88 [label = "b"];
	q70 -> q64 [label = "a"];
	q134 -> q135 [label = "c"];
	q152 -> q60 [label = "b"];
	q27 -> q80 [label = "a"];
	q117 -> q113 [label = "a"];
	q116 -> q115 [label = "c"];
	q93 -> q26 [label = "a"];
	q89 -> q55 [label = "b"];
	q149 -> q73 [label = "c"];
	q94 -> q41 [label = "c"];
	q33 -> q35 [label = "b"];
	q90 -> q130 [label = "a"];
	q86 -> q60 [label = "b"];
	q41 -> q36 [label = "c"];
	q108 -> q56 [label = "a"];
	q47 -> q40 [label = "b"];
	q41 -> q40 [label = "b"];
	q43 -> q54 [label = "a"];
	q42 -> q55 [label = "b"];
	q47 -> q145 [label = "c"];
	q41 -> q37 [label = "a"];
	q124 -> q51 [label = "b"];
	q131 -> q139 [label = "c"];
	q43 -> q104 [label = "b"];
	q81 -> q50 [label = "c"];
	q127 -> q60 [label = "b"];
	q40 -> q75 [label = "a"];
	q44 -> q76 [label = "c"];
	q35 -> q44 [label = "c"];
	q31 -> q91 [label = "c"];
	q38 -> q113 [label = "a"];
	q23 -> q12 [label = "c"];
	q147 -> q57 [label = "c"];
	q33 -> q128 [label = "a"];
	q85 -> q79 [label = "b"];
	q54 -> q79 [label = "b"];
	q88 -> q95 [label = "c"];
	q131 -> q60 [label = "b"];
	q126 -> q122 [label = "a"];
	q36 -> q55 [label = "b"];
	q33 -> q90 [label = "c"];
	q79 -> q61 [label = "b"];
	q39 -> q45 [label = "c"];
	q83 -> q108 [label = "a"];
	q24 -> q15 [label = "b"];
	q36 -> q155 [label = "a"];
	q22 -> q60 [label = "b"];
	q32 -> q45 [label = "c"];
	q34 -> q88 [label = "b"];
	q76 -> q55 [label = "b"];
	q31 -> q129 [label = "a"];
	q29 -> q48 [label = "b"];
	q30 -> q112 [label = "a"];
	q122 -> q60 [label = "b"];
	q134 -> q108 [label = "a"];
	q31 -> q33 [label = "b"];
	q29 -> q92 [label = "a"];
}
DFA size: 156 states

NL* output after 14 EQ and 11875 MQ:
digraph finite_state_machine {
	rankdir=LR;
	node [shape = circle];
	s0 [shape = point, style = invis, start="true" ];
	q0 [label = "q0"];
	q1 [label = "q1", shape = doublecircle, final="true" ];
	q2 [label = "q2", shape = doublecircle, final="true" ];
	q3 [label = "q3", shape = doublecircle, final="true" ];
	q4 [label = "q4", shape = doublecircle, final="true" ];
	q5 [label = "q5", shape = doublecircle, final="true" ];
	q6 [label = "q6"];
	q7 [label = "q7"];
	q8 [label = "q8", shape = doublecircle, final="true" ];
	q9 [label = "q9"];
	q10 [label = "q10", shape = doublecircle, final="true" ];
	q11 [label = "q11", shape = doublecircle, final="true" ];
	q12 [label = "q12", shape = doublecircle, final="true" ];
	q13 [label = "q13", shape = doublecircle, final="true" ];
	q14 [label = "q14"];
	q15 [label = "q15"];
	q16 [label = "q16"];
	q17 [label = "q17"];
	q18 [label = "q18", shape = doublecircle, final="true" ];
	q19 [label = "q19", shape = doublecircle, final="true" ];
	q20 [label = "q20"];
	q21 [label = "q21"];
	q22 [label = "q22"];
	q23 [label = "q23", shape = doublecircle, final="true" ];
	q24 [label = "q24"];
	q25 [label = "q25"];
	q26 [label = "q26"];
	q27 [label = "q27"];
	q28 [label = "q28", shape = doublecircle, final="true" ];
	q29 [label = "q29", shape = doublecircle, final="true" ];
	q30 [label = "q30", shape = doublecircle, final="true" ];
	q31 [label = "q31"];
	q32 [label = "q32", shape = doublecircle, final="true" ];
	q33 [label = "q33"];
	q34 [label = "q34"];
	q35 [label = "q35"];
	q36 [label = "q36"];
	q37 [label = "q37"];
	q38 [label = "q38", shape = doublecircle, final="true" ];
	q39 [label = "q39", shape = doublecircle, final="true" ];
	q40 [label = "q40", shape = doublecircle, final="true" ];
	q41 [label = "q41"];
	q42 [label = "q42"];
	q43 [label = "q43"];
	q44 [label = "q44", shape = doublecircle, final="true" ];
	q45 [label = "q45", shape = doublecircle, final="true" ];
	q46 [label = "q46", shape = doublecircle, final="true" ];
	q47 [label = "q47", shape = doublecircle, final="true" ];
	q48 [label = "q48", shape = doublecircle, final="true" ];
	s0 -> q17
	q45 -> q45 [label = "a"];
	q45 -> q44 [label = "a"];
	q45 -> q39 [label = "a"];
	q45 -> q36 [label = "a"];
	q45 -> q32 [label = "a"];
	q45 -> q21 [label = "a"];
	q45 -> q20 [label = "a"];
	q45 -> q12 [label = "a"];
	q45 -> q10 [label = "a"];
	q45 -> q7 [label = "a"];
	q47 -> q8 [label = "b"];
	q41 -> q41 [label = "b"];
	q41 -> q22 [label = "b"];
	q41 -> q16 [label = "b"];
	q43 -> q31 [label = "a"];
	q43 -> q17 [label = "a"];
	q43 -> q13 [label = "a"];
	q47 -> q26 [label = "c"];
	q41 -> q48 [label = "a"];
	q41 -> q47 [label = "a"];
	q41 -> q36 [label = "a, b"];
	q41 -> q31 [label = "a"];
	q41 -> q27 [label = "a"];
	q41 -> q23 [label = "a"];
	q41 -> q13 [label = "a"];
	q45 -> q13 [label = "a"];
	q45 -> q47 [label = "c"];
	q45 -> q25 [label = "a, c"];
	q44 -> q38 [label = "a"];
	q46 -> q32 [label = "b"];
	q46 -> q29 [label = "b"];
	q42 -> q45 [label = "a"];
	q42 -> q28 [label = "a"];
	q42 -> q26 [label = "a"];
	q42 -> q12 [label = "a"];
	q42 -> q3 [label = "a"];
	q40 -> q8 [label = "b"];
	q46 -> q37 [label = "c"];
	q46 -> q36 [label = "c"];
	q46 -> q14 [label = "c"];
	q40 -> q44 [label = "a"];
	q40 -> q39 [label = "a"];
	q41 -> q15 [label = "a"];
	q40 -> q38 [label = "a"];
	q40 -> q30 [label = "a"];
	q40 -> q28 [label = "a"];
	q40 -> q13 [label = "a"];
	q40 -> q12 [label = "a"];
	q40 -> q10 [label = "a"];
	q42 -> q13 [label = "b"];
	q39 -> q45 [label = "a"];
	q39 -> q44 [label = "a"];
	q41 -> q30 [label = "a"];
	q39 -> q39 [label = "a"];
	q39 -> q13 [label = "a"];
	q39 -> q12 [label = "a"];
	q39 -> q7 [label = "a"];
	q37 -> q33 [label = "b"];
	q37 -> q24 [label = "b"];
	q46 -> q33 [label = "c"];
	q37 -> q14 [label = "b"];
	q35 -> q44 [label = "c"];
	q35 -> q37 [label = "c"];
	q35 -> q33 [label = "c"];
	q35 -> q13 [label = "c"];
	q38 -> q44 [label = "a"];
	q38 -> q36 [label = "a"];
	q38 -> q10 [label = "a"];
	q45 -> q40 [label = "c"];
	q36 -> q24 [label = "b"];
	q36 -> q8 [label = "b"];
	q39 -> q33 [label = "b"];
	q39 -> q24 [label = "b"];
	q37 -> q11 [label = "a"];
	q37 -> q3 [label = "a"];
	q37 -> q1 [label = "a"];
	q33 -> q6 [label = "c"];
	q38 -> q12 [label = "a"];
	q39 -> q40 [label = "c"];
	q35 -> q28 [label = "a"];
	q35 -> q22 [label = "a"];
	q35 -> q5 [label = "a"];
	q45 -> q38 [label = "a"];
	q35 -> q0 [label = "a"];
	q33 -> q36 [label = "b"];
	q37 -> q34 [label = "c"];
	q37 -> q6 [label = "c"];
	q38 -> q33 [label = "b"];
	q37 -> q36 [label = "b"];
	q38 -> q24 [label = "b"];
	q33 -> q15 [label = "c"];
	q36 -> q23 [label = "c"];
	q34 -> q32 [label = "b"];
	q32 -> q20 [label = "a"];
	q41 -> q46 [label = "a"];
	q32 -> q19 [label = "a"];
	q32 -> q4 [label = "a"];
	q31 -> q12 [label = "a"];
	q39 -> q32 [label = "a"];
	q31 -> q10 [label = "a"];
	q27 -> q26 [label = "c"];
	q27 -> q9 [label = "c"];
	q35 -> q32 [label = "b, c"];
	q30 -> q44 [label = "a"];
	q30 -> q39 [label = "a"];
	q30 -> q38 [label = "a"];
	q30 -> q36 [label = "a"];
	q30 -> q33 [label = "a"];
	q41 -> q38 [label = "a"];
	q30 -> q24 [label = "a"];
	q30 -> q14 [label = "a"];
	q29 -> q28 [label = "a"];
	q29 -> q11 [label = "a"];
	q25 -> q26 [label = "c"];
	q35 -> q39 [label = "a"];
	q31 -> q37 [label = "c"];
	q31 -> q32 [label = "b, c"];
	q31 -> q29 [label = "c"];
	q31 -> q8 [label = "c"];
	q27 -> q44 [label = "a"];
	q47 -> q29 [label = "b"];
	q41 -> q35 [label = "a"];
	q27 -> q39 [label = "a, c"];
	q27 -> q38 [label = "a, c"];
	q27 -> q22 [label = "a"];
	q27 -> q18 [label = "a"];
	q40 -> q9 [label = "c"];
	q27 -> q16 [label = "a"];
	q27 -> q13 [label = "a"];
	q27 -> q12 [label = "a, c"];
	q27 -> q5 [label = "a"];
	q27 -> q0 [label = "a"];
	q41 -> q25 [label = "a"];
	q34 -> q12 [label = "a"];
	q25 -> q29 [label = "b"];
	q27 -> q8 [label = "b"];
	q25 -> q44 [label = "a"];
	q25 -> q13 [label = "a"];
	q25 -> q10 [label = "a"];
	q30 -> q29 [label = "a, b"];
	q28 -> q48 [label = "a"];
	q30 -> q8 [label = "a, b"];
	q28 -> q45 [label = "a"];
	q28 -> q44 [label = "a"];
	q28 -> q42 [label = "a"];
	q28 -> q40 [label = "a"];
	q28 -> q37 [label = "a"];
	q28 -> q36 [label = "a"];
	q28 -> q33 [label = "a, b"];
	q28 -> q29 [label = "a"];
	q28 -> q27 [label = "a"];
	q28 -> q26 [label = "a"];
	q28 -> q14 [label = "a"];
	q28 -> q12 [label = "a"];
	q28 -> q9 [label = "a"];
	q28 -> q7 [label = "a"];
	q28 -> q3 [label = "a"];
	q28 -> q1 [label = "a"];
	q24 -> q6 [label = "c"];
	q30 -> q28 [label = "a, c"];
	q45 -> q18 [label = "a"];
	q26 -> q48 [label = "a"];
	q26 -> q45 [label = "a"];
	q26 -> q44 [label = "a"];
	q26 -> q38 [label = "a"];
	q26 -> q36 [label = "a"];
	q26 -> q32 [label = "a"];
	q26 -> q28 [label = "a"];
	q26 -> q26 [label = "a"];
	q42 -> q44 [label = "b"];
	q26 -> q22 [label = "a"];
	q35 -> q14 [label = "c"];
	q26 -> q20 [label = "a"];
	q26 -> q19 [label = "a"];
	q26 -> q18 [label = "a"];
	q26 -> q11 [label = "a"];
	q26 -> q7 [label = "a"];
	q26 -> q5 [label = "a"];
	q29 -> q31 [label = "c"];
	q26 -> q4 [label = "a"];
	q26 -> q3 [label = "a"];
	q26 -> q1 [label = "a"];
	q24 -> q36 [label = "b"];
	q24 -> q33 [label = "b"];
	q28 -> q30 [label = "a, c"];
	q26 -> q33 [label = "b"];
	q26 -> q24 [label = "b"];
	q24 -> q38 [label = "a"];
	q21 -> q41 [label = "b"];
	q21 -> q29 [label = "b"];
	q21 -> q18 [label = "b"];
	q9 -> q24 [label = "b"];
	q11 -> q48 [label = "a"];
	q42 -> q39 [label = "a"];
	q11 -> q47 [label = "a"];
	q11 -> q45 [label = "a"];
	q11 -> q44 [label = "a"];
	q11 -> q42 [label = "a"];
	q11 -> q40 [label = "a"];
	q11 -> q39 [label = "a"];
	q11 -> q36 [label = "a"];
	q11 -> q32 [label = "a"];
	q11 -> q27 [label = "a"];
	q11 -> q26 [label = "a"];
	q11 -> q25 [label = "a"];
	q11 -> q22 [label = "a"];
	q11 -> q21 [label = "a"];
	q11 -> q20 [label = "a"];
	q11 -> q13 [label = "a"];
	q28 -> q10 [label = "a"];
	q11 -> q11 [label = "a"];
	q11 -> q9 [label = "a"];
	q42 -> q48 [label = "a"];
	q11 -> q4 [label = "a"];
	q11 -> q3 [label = "a"];
	q15 -> q24 [label = "c"];
	q9 -> q48 [label = "a"];
	q9 -> q38 [label = "a"];
	q9 -> q36 [label = "a"];
	q44 -> q23 [label = "c"];
	q9 -> q32 [label = "a"];
	q9 -> q30 [label = "a"];
	q35 -> q42 [label = "c"];
	q9 -> q28 [label = "a"];
	q43 -> q15 [label = "a"];
	q25 -> q8 [label = "b"];
	q7 -> q10 [label = "a"];
	q0 -> q47 [label = "a"];
	q5 -> q8 [label = "b"];
	q2 -> q12 [label = "a, b"];
	q3 -> q30 [label = "a, c"];
	q9 -> q40 [label = "a, c"];
	q37 -> q35 [label = "c"];
	q1 -> q16 [label = "a"];
	q13 -> q38 [label = "a"];
	q4 -> q8 [label = "b"];
	q12 -> q25 [label = "a, c"];
	q2 -> q33 [label = "b"];
	q0 -> q44 [label = "a"];
	q12 -> q24 [label = "b"];
	q3 -> q20 [label = "a"];
	q9 -> q22 [label = "a"];
	q10 -> q45 [label = "a"];
	q44 -> q46 [label = "c"];
	q11 -> q1 [label = "a, c"];
	q13 -> q24 [label = "b"];
	q15 -> q39 [label = "a"];
	q20 -> q22 [label = "c"];
	q0 -> q18 [label = "b"];
	q26 -> q27 [label = "a, c"];
	q14 -> q13 [label = "b"];
	q16 -> q47 [label = "a"];
	q16 -> q46 [label = "a"];
	q37 -> q28 [label = "a"];
	q16 -> q40 [label = "a"];
	q4 -> q39 [label = "a"];
	q16 -> q30 [label = "a"];
	q0 -> q17 [label = "a"];
	q43 -> q6 [label = "a"];
	q36 -> q33 [label = "b"];
	q16 -> q17 [label = "a"];
	q16 -> q16 [label = "c"];
	q28 -> q24 [label = "a, b"];
	q0 -> q33 [label = "b"];
	q38 -> q25 [label = "c"];
	q16 -> q6 [label = "a"];
	q17 -> q19 [label = "b"];
	q35 -> q38 [label = "a"];
	q24 -> q14 [label = "b"];
	q2 -> q3 [label = "a"];
	q18 -> q41 [label = "b"];
	q44 -> q8 [label = "b"];
	q3 -> q7 [label = "a"];
	q16 -> q38 [label = "a, b"];
	q22 -> q31 [label = "a"];
	q29 -> q14 [label = "b"];
	q26 -> q30 [label = "a"];
	q16 -> q10 [label = "b"];
	q0 -> q13 [label = "a"];
	q16 -> q8 [label = "b"];
	q16 -> q18 [label = "b"];
	q23 -> q29 [label = "b"];
	q3 -> q26 [label = "a"];
	q9 -> q13 [label = "a"];
	q18 -> q44 [label = "a"];
	q11 -> q2 [label = "a"];
	q5 -> q38 [label = "a, b"];
	q3 -> q24 [label = "a, b"];
	q9 -> q3 [label = "a"];
	q18 -> q39 [label = "a"];
	q0 -> q23 [label = "a"];
	q18 -> q31 [label = "a"];
	q5 -> q41 [label = "b"];
	q21 -> q13 [label = "a"];
	q18 -> q15 [label = "a"];
	q18 -> q12 [label = "a"];
	q10 -> q36 [label = "a"];
	q22 -> q41 [label = "b"];
	q16 -> q35 [label = "a"];
	q37 -> q8 [label = "b"];
	q35 -> q29 [label = "c"];
	q9 -> q16 [label = "a"];
	q11 -> q30 [label = "a, c"];
	q16 -> q24 [label = "b"];
	q15 -> q8 [label = "b, c"];
	q43 -> q33 [label = "b, c"];
	q4 -> q2 [label = "c"];
	q29 -> q6 [label = "c"];
	q22 -> q18 [label = "b"];
	q25 -> q12 [label = "a"];
	q22 -> q33 [label = "b"];
	q20 -> q38 [label = "b"];
	q32 -> q33 [label = "b"];
	q22 -> q12 [label = "b"];
	q12 -> q33 [label = "b"];
	q20 -> q36 [label = "a"];
	q4 -> q29 [label = "b"];
	q41 -> q33 [label = "b"];
	q0 -> q41 [label = "b"];
	q20 -> q25 [label = "a"];
	q5 -> q33 [label = "b"];
	q20 -> q21 [label = "a"];
	q5 -> q45 [label = "a"];
	q20 -> q20 [label = "a"];
	q37 -> q13 [label = "b"];
	q20 -> q17 [label = "a"];
	q27 -> q29 [label = "b"];
	q6 -> q38 [label = "a"];
	q20 -> q6 [label = "a"];
	q15 -> q37 [label = "c"];
	q16 -> q22 [label = "c"];
	q34 -> q38 [label = "a"];
	q23 -> q42 [label = "c"];
	q22 -> q1 [label = "a"];
	q43 -> q2 [label = "c"];
	q16 -> q41 [label = "b"];
	q16 -> q0 [label = "c"];
	q16 -> q36 [label = "a"];
	q9 -> q33 [label = "b"];
	q48 -> q22 [label = "a"];
	q21 -> q21 [label = "c"];
	q46 -> q28 [label = "a"];
	q0 -> q31 [label = "a"];
	q23 -> q14 [label = "c"];
	q16 -> q34 [label = "a"];
	q16 -> q31 [label = "a"];
	q9 -> q39 [label = "a"];
	q21 -> q20 [label = "c"];
	q19 -> q34 [label = "a"];
	q28 -> q11 [label = "a"];
	q19 -> q25 [label = "a"];
	q0 -> q22 [label = "c"];
	q39 -> q36 [label = "a"];
	q18 -> q17 [label = "a"];
	q19 -> q21 [label = "a"];
	q30 -> q10 [label = "a"];
	q5 -> q44 [label = "a"];
	q9 -> q47 [label = "a, c"];
	q0 -> q30 [label = "a"];
	q46 -> q24 [label = "c"];
	q19 -> q20 [label = "a, c"];
	q44 -> q24 [label = "b"];
	q29 -> q33 [label = "b"];
	q19 -> q17 [label = "a"];
	q19 -> q6 [label = "a"];
	q0 -> q48 [label = "a"];
	q43 -> q24 [label = "b, c"];
	q40 -> q36 [label = "a"];
	q26 -> q12 [label = "a"];
	q43 -> q32 [label = "b, c"];
	q43 -> q38 [label = "a, b, c"];
	q16 -> q12 [label = "b"];
	q43 -> q10 [label = "b, c"];
	q7 -> q45 [label = "a"];
	q43 -> q19 [label = "b, c"];
	q3 -> q18 [label = "a"];
	q43 -> q8 [label = "b, c"];
	q16 -> q23 [label = "a"];
	q16 -> q33 [label = "b"];
	q13 -> q12 [label = "a"];
	q0 -> q39 [label = "a"];
	q18 -> q36 [label = "a"];
	q47 -> q44 [label = "a"];
	q16 -> q13 [label = "a"];
	q9 -> q8 [label = "b"];
	q2 -> q43 [label = "a"];
	q9 -> q44 [label = "a"];
	q7 -> q12 [label = "a"];
	q28 -> q38 [label = "a"];
	q22 -> q22 [label = "c"];
	q30 -> q12 [label = "a"];
	q43 -> q18 [label = "b, c"];
	q35 -> q30 [label = "a"];
	q20 -> q33 [label = "b"];
	q34 -> q10 [label = "a"];
	q42 -> q34 [label = "c"];
	q17 -> q32 [label = "c"];
	q20 -> q31 [label = "a"];
	q21 -> q12 [label = "a, b"];
	q37 -> q44 [label = "b"];
	q3 -> q10 [label = "a"];
	q9 -> q20 [label = "a"];
	q47 -> q9 [label = "c"];
	q9 -> q26 [label = "a"];
	q14 -> q48 [label = "a"];
	q22 -> q25 [label = "a"];
	q48 -> q18 [label = "a"];
	q47 -> q39 [label = "a"];
	q17 -> q12 [label = "a"];
	q45 -> q33 [label = "b"];
	q2 -> q19 [label = "a"];
	q2 -> q28 [label = "a"];
	q48 -> q16 [label = "a"];
	q17 -> q29 [label = "c"];
	q27 -> q10 [label = "a"];
	q11 -> q5 [label = "a"];
	q22 -> q47 [label = "a"];
	q21 -> q17 [label = "a"];
	q2 -> q8 [label = "b"];
	q2 -> q5 [label = "a"];
	q43 -> q29 [label = "b, c"];
	q14 -> q36 [label = "b"];
	q3 -> q1 [label = "a, c"];
	q27 -> q36 [label = "a"];
	q24 -> q24 [label = "b"];
	q43 -> q40 [label = "c"];
	q45 -> q8 [label = "b"];
	q1 -> q39 [label = "a"];
	q48 -> q13 [label = "a"];
	q11 -> q19 [label = "a"];
	q48 -> q5 [label = "a"];
	q45 -> q24 [label = "b"];
	q48 -> q0 [label = "a"];
	q41 -> q40 [label = "a"];
	q3 -> q12 [label = "a"];
	q8 -> q14 [label = "b"];
	q48 -> q8 [label = "a, b"];
	q20 -> q10 [label = "b"];
	q16 -> q29 [label = "b"];
	q1 -> q22 [label = "a"];
	q47 -> q13 [label = "a"];
	q21 -> q34 [label = "a"];
	q48 -> q24 [label = "a"];
	q43 -> q20 [label = "c"];
	q47 -> q0 [label = "a"];
	q48 -> q48 [label = "c"];
	q21 -> q8 [label = "b"];
	q48 -> q38 [label = "a"];
	q22 -> q16 [label = "c"];
	q5 -> q32 [label = "a"];
	q2 -> q40 [label = "a"];
	q26 -> q0 [label = "a"];
	q0 -> q38 [label = "a, b"];
	q24 -> q15 [label = "c"];
	q43 -> q37 [label = "c"];
	q5 -> q3 [label = "a"];
	q22 -> q13 [label = "a"];
	q43 -> q12 [label = "b, c"];
	q1 -> q12 [label = "a"];
	q24 -> q48 [label = "a"];
	q12 -> q44 [label = "a"];
	q43 -> q47 [label = "c"];
	q27 -> q30 [label = "a"];
	q26 -> q39 [label = "a"];
	q18 -> q6 [label = "a"];
	q12 -> q36 [label = "a"];
	q48 -> q33 [label = "a"];
	q11 -> q28 [label = "a, c"];
	q0 -> q27 [label = "a"];
	q47 -> q38 [label = "a"];
	q5 -> q22 [label = "c"];
	q48 -> q36 [label = "a"];
	q45 -> q4 [label = "a"];
	q27 -> q28 [label = "a"];
	q9 -> q12 [label = "a"];
	q18 -> q13 [label = "a"];
	q43 -> q21 [label = "c"];
	q48 -> q39 [label = "a"];
	q2 -> q36 [label = "a"];
	q14 -> q23 [label = "c"];
	q44 -> q45 [label = "a"];
	q47 -> q16 [label = "a"];
	q2 -> q16 [label = "a, c"];
	q12 -> q10 [label = "a"];
	q22 -> q46 [label = "a"];
	q21 -> q26 [label = "c"];
	q9 -> q19 [label = "a"];
	q43 -> q7 [label = "c"];
	q21 -> q44 [label = "a"];
	q39 -> q8 [label = "b"];
	q20 -> q7 [label = "a"];
	q0 -> q28 [label = "a"];
	q43 -> q26 [label = "c"];
	q1 -> q10 [label = "a"];
	q20 -> q18 [label = "b"];
	q17 -> q18 [label = "a"];
	q23 -> q28 [label = "a"];
	q20 -> q41 [label = "b"];
	q7 -> q7 [label = "a, c"];
	q16 -> q25 [label = "a"];
	q46 -> q8 [label = "b"];
	q48 -> q12 [label = "a"];
	q5 -> q18 [label = "b"];
	q18 -> q33 [label = "b"];
	q0 -> q34 [label = "a"];
	q43 -> q41 [label = "b, c"];
	q48 -> q44 [label = "a"];
	q3 -> q29 [label = "a"];
	q47 -> q5 [label = "a"];
	q4 -> q43 [label = "a"];
	q46 -> q38 [label = "a"];
	q35 -> q12 [label = "a"];
	q11 -> q14 [label = "a"];
	q48 -> q29 [label = "a"];
	q22 -> q27 [label = "a"];
	q10 -> q25 [label = "a, c"];
	q16 -> q1 [label = "a"];
	q16 -> q48 [label = "a"];
	q20 -> q8 [label = "b"];
	q42 -> q46 [label = "c"];
	q38 -> q38 [label = "a"];
	q15 -> q33 [label = "c"];
	q0 -> q45 [label = "a"];
	q37 -> q30 [label = "a"];
	q10 -> q32 [label = "a"];
	q47 -> q28 [label = "a"];
	q19 -> q15 [label = "a"];
	q42 -> q31 [label = "c"];
	q42 -> q38 [label = "a"];
	q11 -> q8 [label = "a, b"];
	q18 -> q10 [label = "a"];
	q42 -> q15 [label = "c"];
	q42 -> q23 [label = "c"];
	q7 -> q25 [label = "a, c"];
	q18 -> q38 [label = "a"];
	q48 -> q41 [label = "a"];
	q22 -> q35 [label = "a"];
	q46 -> q42 [label = "c"];
	q3 -> q37 [label = "a"];
	q2 -> q22 [label = "a, c"];
	q5 -> q29 [label = "b"];
	q18 -> q21 [label = "c"];
	q2 -> q20 [label = "a"];
	q3 -> q13 [label = "a"];
	q42 -> q6 [label = "c"];
	q20 -> q12 [label = "b"];
	q25 -> q38 [label = "a"];
	q22 -> q36 [label = "a"];
	q11 -> q38 [label = "a, b"];
	q18 -> q34 [label = "a"];
	q19 -> q7 [label = "a"];
	q22 -> q10 [label = "b"];
	q41 -> q1 [label = "a"];
	q20 -> q24 [label = "b"];
	q10 -> q24 [label = "b"];
	q17 -> q10 [label = "a"];
	q2 -> q4 [label = "a"];
	q35 -> q10 [label = "a"];
	q48 -> q14 [label = "a"];
	q19 -> q41 [label = "b"];
	q22 -> q17 [label = "a"];
	q1 -> q13 [label = "a"];
	q22 -> q30 [label = "a"];
	q5 -> q12 [label = "a, b"];
	q22 -> q29 [label = "b"];
	q21 -> q45 [label = "a"];
	q22 -> q23 [label = "a"];
	q22 -> q34 [label = "a"];
	q17 -> q37 [label = "c"];
	q7 -> q8 [label = "b"];
	q22 -> q38 [label = "a, b"];
	q41 -> q24 [label = "b"];
	q13 -> q8 [label = "b"];
	q18 -> q25 [label = "a, c"];
	q22 -> q40 [label = "a"];
	q3 -> q22 [label = "a"];
	q9 -> q18 [label = "a"];
	q17 -> q8 [label = "c"];
	q15 -> q32 [label = "b, c"];
	q41 -> q17 [label = "a"];
	q21 -> q6 [label = "a"];
	q21 -> q7 [label = "a, c"];
	q35 -> q24 [label = "c"];
	q47 -> q12 [label = "a"];
	q21 -> q10 [label = "a, b"];
	q17 -> q38 [label = "a"];
	q41 -> q14 [label = "b"];
	q31 -> q38 [label = "a"];
	q46 -> q12 [label = "a"];
	q23 -> q8 [label = "b"];
	q20 -> q43 [label = "a"];
	q41 -> q6 [label = "a"];
	q21 -> q15 [label = "a"];
	q47 -> q18 [label = "a"];
	q21 -> q25 [label = "a, c"];
	q5 -> q9 [label = "a"];
	q30 -> q13 [label = "a"];
	q28 -> q13 [label = "a"];
	q1 -> q33 [label = "a"];
	q26 -> q25 [label = "a, c"];
	q21 -> q31 [label = "a"];
	q18 -> q7 [label = "a, c"];
	q21 -> q32 [label = "a"];
	q4 -> q7 [label = "a"];
	q11 -> q41 [label = "a, b"];
	q2 -> q11 [label = "a"];
	q46 -> q39 [label = "a"];
	q10 -> q7 [label = "a, c"];
	q21 -> q38 [label = "a, b"];
	q5 -> q40 [label = "a"];
	q17 -> q23 [label = "c"];
	q21 -> q39 [label = "a"];
	q33 -> q48 [label = "a"];
	q5 -> q39 [label = "a"];
	q19 -> q31 [label = "a"];
	q15 -> q12 [label = "a"];
	q28 -> q8 [label = "a, b"];
	q15 -> q29 [label = "b, c"];
	q18 -> q32 [label = "a"];
	q5 -> q17 [label = "a"];
	q11 -> q18 [label = "a, b"];
	q23 -> q32 [label = "b"];
	q7 -> q13 [label = "a"];
	q7 -> q36 [label = "a"];
	q7 -> q38 [label = "a"];
	q7 -> q39 [label = "a"];
	q7 -> q44 [label = "a"];
	q4 -> q10 [label = "a, b"];
	q5 -> q0 [label = "c"];
	q32 -> q34 [label = "c"];
	q19 -> q43 [label = "a"];
	q4 -> q12 [label = "a, b"];
	q43 -> q34 [label = "a"];
	q4 -> q18 [label = "a, b"];
	q41 -> q43 [label = "c"];
	q4 -> q4 [label = "a"];
	q4 -> q24 [label = "b"];
	q8 -> q3 [label = "a"];
	q28 -> q39 [label = "a"];
	q4 -> q33 [label = "b"];
	q18 -> q24 [label = "b"];
	q20 -> q29 [label = "b"];
	q3 -> q33 [label = "a, b"];
	q4 -> q41 [label = "b"];
	q6 -> q12 [label = "a"];
	q5 -> q31 [label = "a"];
	q22 -> q48 [label = "a"];
	q5 -> q6 [label = "a"];
	q5 -> q7 [label = "a"];
	q5 -> q13 [label = "a"];
	q5 -> q15 [label = "a"];
	q5 -> q25 [label = "a"];
	q0 -> q5 [label = "c"];
	q5 -> q27 [label = "a"];
	q26 -> q40 [label = "a"];
	q5 -> q28 [label = "a"];
	q5 -> q30 [label = "a"];
	q38 -> q39 [label = "a"];
	q0 -> q46 [label = "a"];
	q5 -> q35 [label = "a"];
	q3 -> q0 [label = "a"];
	q11 -> q0 [label = "a"];
	q5 -> q10 [label = "a, b"];
	q5 -> q36 [label = "a"];
	q1 -> q28 [label = "a, c"];
	q5 -> q46 [label = "a"];
	q5 -> q48 [label = "a"];
	q43 -> q36 [label = "a"];
	q4 -> q32 [label = "a"];
	q39 -> q25 [label = "a, c"];
	q0 -> q36 [label = "a"];
	q28 -> q28 [label = "a"];
	q10 -> q39 [label = "a"];
	q48 -> q10 [label = "a"];
	q12 -> q13 [label = "a"];
	q19 -> q36 [label = "a"];
	q9 -> q7 [label = "a"];
	q9 -> q0 [label = "a"];
	q3 -> q3 [label = "a"];
	q3 -> q40 [label = "a"];
	q3 -> q5 [label = "a"];
	q22 -> q8 [label = "b"];
	q5 -> q1 [label = "a"];
	q9 -> q4 [label = "a"];
	q42 -> q36 [label = "b"];
	q3 -> q8 [label = "a, b"];
	q30 -> q30 [label = "a"];
	q3 -> q9 [label = "a"];
	q48 -> q28 [label = "a"];
	q3 -> q2 [label = "a"];
	q3 -> q11 [label = "a"];
	q39 -> q10 [label = "a"];
	q14 -> q46 [label = "c"];
	q16 -> q15 [label = "a"];
	q3 -> q14 [label = "a"];
	q3 -> q16 [label = "a"];
	q4 -> q38 [label = "a, b"];
	q3 -> q19 [label = "a"];
	q11 -> q7 [label = "a"];
	q3 -> q21 [label = "a"];
	q18 -> q45 [label = "a"];
	q3 -> q25 [label = "a"];
	q3 -> q27 [label = "a"];
	q12 -> q12 [label = "a"];
	q3 -> q28 [label = "a"];
	q2 -> q24 [label = "b"];
	q3 -> q36 [label = "a"];
	q1 -> q38 [label = "a"];
	q27 -> q45 [label = "c"];
	q44 -> q33 [label = "b"];
	q2 -> q0 [label = "a, c"];
	q3 -> q38 [label = "a"];
	q3 -> q44 [label = "a"];
	q29 -> q1 [label = "a"];
	q16 -> q27 [label = "a"];
	q3 -> q45 [label = "a"];
	q45 -> q19 [label = "a"];
	q3 -> q47 [label = "a"];
	q2 -> q35 [label = "a"];
	q3 -> q48 [label = "a"];
	q43 -> q22 [label = "c"];
	q5 -> q34 [label = "a"];
	q3 -> q32 [label = "a"];
	q14 -> q6 [label = "c"];
	q11 -> q37 [label = "a"];
	q15 -> q38 [label = "a"];
	q1 -> q8 [label = "a, b"];
	q1 -> q29 [label = "a, b"];
	q7 -> q32 [label = "a"];
	q42 -> q35 [label = "c"];
	q7 -> q26 [label = "c"];
	q1 -> q5 [label = "a"];
	q22 -> q6 [label = "a"];
	q1 -> q14 [label = "a"];
	q37 -> q31 [label = "c"];
	q11 -> q12 [label = "a, b"];
	q1 -> q18 [label = "a"];
	q11 -> q33 [label = "a, b"];
	q4 -> q31 [label = "a"];
	q1 -> q24 [label = "a"];
	q1 -> q30 [label = "a"];
	q26 -> q21 [label = "a"];
	q26 -> q9 [label = "a"];
	q1 -> q36 [label = "a"];
	q0 -> q24 [label = "b"];
	q26 -> q16 [label = "a"];
	q7 -> q24 [label = "b"];
	q1 -> q41 [label = "a"];
	q1 -> q44 [label = "a"];
	q23 -> q33 [label = "c"];
	q5 -> q5 [label = "c"];
	q5 -> q16 [label = "c"];
	q4 -> q6 [label = "a"];
	q26 -> q47 [label = "a"];
	q4 -> q13 [label = "a"];
	q16 -> q5 [label = "c"];
	q4 -> q15 [label = "a"];
	q3 -> q41 [label = "a"];
	q4 -> q17 [label = "a"];
	q4 -> q22 [label = "c"];
	q39 -> q38 [label = "a"];
	q10 -> q12 [label = "a"];
	q4 -> q19 [label = "a"];
	q2 -> q46 [label = "a"];
	q4 -> q20 [label = "a, c"];
	q4 -> q21 [label = "a"];
	q47 -> q10 [label = "a"];
	q4 -> q25 [label = "a"];
	q4 -> q34 [label = "a"];
	q1 -> q0 [label = "a"];
	q4 -> q36 [label = "a"];
	q4 -> q44 [label = "a"];
	q26 -> q10 [label = "a"];
	q4 -> q45 [label = "a"];
	q21 -> q24 [label = "b"];
	q0 -> q0 [label = "c"];
	q0 -> q16 [label = "c"];
	q11 -> q16 [label = "a"];
	q5 -> q11 [label = "a"];
	q6 -> q32 [label = "b, c"];
	q2 -> q1 [label = "a"];
	q2 -> q2 [label = "a"];
	q28 -> q47 [label = "a"];
	q26 -> q8 [label = "b"];
	q2 -> q6 [label = "a"];
	q2 -> q7 [label = "a"];
	q44 -> q12 [label = "a"];
	q2 -> q9 [label = "a"];
	q2 -> q13 [label = "a"];
	q10 -> q13 [label = "a"];
	q2 -> q15 [label = "a"];
	q3 -> q42 [label = "a"];
	q2 -> q17 [label = "a"];
	q2 -> q18 [label = "a, b"];
	q10 -> q10 [label = "a"];
	q29 -> q3 [label = "a"];
	q14 -> q15 [label = "c"];
	q13 -> q23 [label = "c"];
	q2 -> q21 [label = "a"];
	q35 -> q36 [label = "c"];
	q26 -> q13 [label = "a"];
	q2 -> q23 [label = "a"];
	q35 -> q16 [label = "a"];
	q9 -> q10 [label = "a"];
	q2 -> q25 [label = "a"];
	q13 -> q33 [label = "b"];
	q43 -> q25 [label = "a, c"];
	q2 -> q26 [label = "a"];
	q2 -> q27 [label = "a"];
	q40 -> q29 [label = "b"];
	q2 -> q30 [label = "a"];
	q47 -> q30 [label = "a"];
	q2 -> q31 [label = "a"];
	q2 -> q32 [label = "a"];
	q2 -> q34 [label = "a"];
	q41 -> q34 [label = "a"];
	q40 -> q26 [label = "c"];
	q2 -> q39 [label = "a"];
	q11 -> q29 [label = "a, b"];
	q7 -> q29 [label = "b"];
	q2 -> q44 [label = "a"];
	q34 -> q37 [label = "c"];
	q2 -> q45 [label = "a"];
	q34 -> q18 [label = "a"];
	q25 -> q39 [label = "a"];
	q9 -> q45 [label = "a"];
	q2 -> q47 [label = "a"];
	q2 -> q48 [label = "a"];
	q44 -> q39 [label = "a"];
	q28 -> q25 [label = "a"];
	q0 -> q3 [label = "a"];
	q35 -> q18 [label = "a"];
	q11 -> q24 [label = "a, b"];
	q29 -> q30 [label = "a"];
	q0 -> q8 [label = "b"];
	q21 -> q22 [label = "c"];
	q0 -> q10 [label = "a, b"];
	q25 -> q36 [label = "a"];
	q28 -> q32 [label = "a"];
	q2 -> q10 [label = "a, b"];
	q0 -> q25 [label = "a"];
	q47 -> q22 [label = "a"];
	q0 -> q12 [label = "a, b"];
	q26 -> q2 [label = "a"];
	q0 -> q29 [label = "b"];
	q20 -> q34 [label = "a"];
	q6 -> q8 [label = "c"];
	q48 -> q30 [label = "a"];
	q6 -> q29 [label = "c"];
	q6 -> q37 [label = "c"];
	q42 -> q9 [label = "a"];
	q9 -> q2 [label = "a"];
	q8 -> q6 [label = "c"];
	q2 -> q41 [label = "b"];
	q0 -> q1 [label = "a"];
	q5 -> q23 [label = "a"];
	q0 -> q9 [label = "a"];
	q3 -> q4 [label = "a"];
	q0 -> q15 [label = "a"];
	q0 -> q6 [label = "a"];
	q38 -> q13 [label = "a"];
	q0 -> q32 [label = "a"];
	q0 -> q7 [label = "a"];
	q36 -> q38 [label = "a"];
	q22 -> q15 [label = "a"];
	q0 -> q11 [label = "a"];
	q20 -> q15 [label = "a"];
	q5 -> q24 [label = "b"];
	q0 -> q26 [label = "a"];
	q0 -> q35 [label = "a"];
	q47 -> q36 [label = "a"];
	q7 -> q33 [label = "b"];
	q12 -> q38 [label = "a"];
	q9 -> q25 [label = "a, c"];
	q9 -> q11 [label = "a"];
	q0 -> q40 [label = "a"];
	q5 -> q47 [label = "a"];
	q10 -> q33 [label = "b"];
	q9 -> q27 [label = "a, c"];
	q12 -> q7 [label = "a"];
	q10 -> q41 [label = "b"];
	q8 -> q28 [label = "a"];
	q10 -> q38 [label = "a"];
	q10 -> q44 [label = "a"];
	q8 -> q33 [label = "b"];
	q22 -> q24 [label = "b"];
	q12 -> q32 [label = "a"];
	q5 -> q26 [label = "a"];
	q12 -> q39 [label = "a"];
	q2 -> q29 [label = "b"];
	q3 -> q39 [label = "a"];
	q12 -> q45 [label = "a"];
	q21 -> q33 [label = "b"];
	q11 -> q10 [label = "a, b"];
	q2 -> q38 [label = "a, b"];
	q21 -> q36 [label = "a"];
	q9 -> q1 [label = "a"];
	q9 -> q5 [label = "a"];
	q9 -> q9 [label = "a"];
	q35 -> q8 [label = "c"];
	q9 -> q21 [label = "a"];
}
NFA size: 49 states

