Random target AFA:
digraph finite_state_machine {
	rankdir=LR;
	node [shape = circle];
	s0 [shape = point, style = invis, start="true" ];
	s1 [shape = point, style = invis, start="true" ];
	q0 [label = "q0"];
	q1 [label = "q1"];
	q2 [label = "q2", shape = doublecircle, final="true" ];
	q3 [label = "q3"];
	q4 [label = "q4"];
	q5 [label = "q5"];
	m0 [label = "", shape = square, style = filled, color=grey, fixedsize=true, width=.2];
	m1 [label = "", shape = square, style = filled, color=grey, fixedsize=true, width=.2];
	m2 [label = "", shape = square, style = filled, color=grey, fixedsize=true, width=.2];
	m3 [label = "", shape = square, style = filled, color=grey, fixedsize=true, width=.2];
	m4 [label = "", shape = square, style = filled, color=grey, fixedsize=true, width=.2];
	m5 [label = "", shape = square, style = filled, color=grey, fixedsize=true, width=.2];
	m6 [label = "", shape = square, style = filled, color=grey, fixedsize=true, width=.2];
	m7 [label = "", shape = square, style = filled, color=grey, fixedsize=true, width=.2];
	m8 [label = "", shape = square, style = filled, color=grey, fixedsize=true, width=.2];
	m9 [label = "", shape = square, style = filled, color=grey, fixedsize=true, width=.2];
	s0 -> q0
	s1 -> q1
	q3 -> q0 [label = "c"];
	q5 -> q0 [label = "b"];
	q5 -> q1 [label = "b"];
	q4 -> q5 [label = "a, b"];
	q0 -> m3 [label = "c"];
	q1 -> q0 [label = "b"];
	q2 -> m9 [label = "c"];
	q0 -> q0 [label = "a"];
	q5 -> q2 [label = "c"];
	q0 -> m1 [label = "c"];
	q0 -> m2 [label = "b"];
	q2 -> m1 [label = "b"];
	q4 -> q2 [label = "c"];
	q4 -> q0 [label = "c"];
	q5 -> q5 [label = "a, c"];
	q0 -> q2 [label = "b"];
	q2 -> q2 [label = "a"];
	q0 -> q5 [label = "a"];
	q1 -> q4 [label = "c"];
	q1 -> q1 [label = "a"];
	q3 -> q4 [label = "c"];
	q1 -> m7 [label = "c"];
	q3 -> q1 [label = "b"];
	q3 -> m5 [label = "b"];
	q1 -> m6 [label = "b"];
	q3 -> q2 [label = "a"];
	q3 -> q5 [label = "a"];
	q1 -> m4 [label = "a"];
	q5 -> m6 [label = "a"];
	q2 -> q5 [label = "a"];
	q2 -> m0 [label = "b"];
	q4 -> q4 [label = "a, b"];
	q2 -> m8 [label = "c"];
	m0 -> q4;
	m0 -> q5;
	m1 -> q2;
	m1 -> q3;
	m2 -> q1;
	m2 -> q4;
	m3 -> q0;
	m3 -> q2;
	m4 -> q0;
	m4 -> q4;
	m5 -> q1;
	m5 -> q5;
	m6 -> q3;
	m6 -> q4;
	m7 -> q1;
	m7 -> q3;
	m8 -> q2;
	m8 -> q5;
	m9 -> q0;
	m9 -> q3;
}

L* output after 12 EQ and 10869 MQ:
digraph finite_state_machine {
	rankdir=LR;
	node [shape = circle];
	s0 [shape = point, style = invis, start="true" ];
	q0 [label = "q0"];
	q1 [label = "q1"];
	q2 [label = "q2", shape = doublecircle, final="true" ];
	q3 [label = "q3", shape = doublecircle, final="true" ];
	q4 [label = "q4", shape = doublecircle, final="true" ];
	q5 [label = "q5", shape = doublecircle, final="true" ];
	q6 [label = "q6", shape = doublecircle, final="true" ];
	q7 [label = "q7"];
	q8 [label = "q8", shape = doublecircle, final="true" ];
	q9 [label = "q9"];
	q10 [label = "q10", shape = doublecircle, final="true" ];
	q11 [label = "q11", shape = doublecircle, final="true" ];
	q12 [label = "q12"];
	q13 [label = "q13"];
	q14 [label = "q14", shape = doublecircle, final="true" ];
	q15 [label = "q15", shape = doublecircle, final="true" ];
	q16 [label = "q16"];
	q17 [label = "q17"];
	q18 [label = "q18"];
	q19 [label = "q19"];
	q20 [label = "q20", shape = doublecircle, final="true" ];
	q21 [label = "q21"];
	q22 [label = "q22"];
	q23 [label = "q23", shape = doublecircle, final="true" ];
	q24 [label = "q24"];
	q25 [label = "q25"];
	q26 [label = "q26"];
	q27 [label = "q27"];
	q28 [label = "q28"];
	q29 [label = "q29"];
	q30 [label = "q30"];
	q31 [label = "q31", shape = doublecircle, final="true" ];
	q32 [label = "q32"];
	q33 [label = "q33", shape = doublecircle, final="true" ];
	q34 [label = "q34"];
	q35 [label = "q35"];
	q36 [label = "q36"];
	q37 [label = "q37"];
	q38 [label = "q38", shape = doublecircle, final="true" ];
	q39 [label = "q39"];
	q40 [label = "q40", shape = doublecircle, final="true" ];
	q41 [label = "q41", shape = doublecircle, final="true" ];
	q42 [label = "q42"];
	q43 [label = "q43", shape = doublecircle, final="true" ];
	q44 [label = "q44", shape = doublecircle, final="true" ];
	q45 [label = "q45", shape = doublecircle, final="true" ];
	q46 [label = "q46", shape = doublecircle, final="true" ];
	q47 [label = "q47"];
	q48 [label = "q48"];
	q49 [label = "q49"];
	q50 [label = "q50"];
	q51 [label = "q51", shape = doublecircle, final="true" ];
	q52 [label = "q52", shape = doublecircle, final="true" ];
	q53 [label = "q53", shape = doublecircle, final="true" ];
	q54 [label = "q54"];
	q55 [label = "q55"];
	q56 [label = "q56"];
	q57 [label = "q57"];
	q58 [label = "q58"];
	q59 [label = "q59"];
	q60 [label = "q60", shape = doublecircle, final="true" ];
	q61 [label = "q61", shape = doublecircle, final="true" ];
	q62 [label = "q62"];
	q63 [label = "q63", shape = doublecircle, final="true" ];
	q64 [label = "q64", shape = doublecircle, final="true" ];
	q65 [label = "q65", shape = doublecircle, final="true" ];
	q66 [label = "q66", shape = doublecircle, final="true" ];
	q67 [label = "q67", shape = doublecircle, final="true" ];
	q68 [label = "q68", shape = doublecircle, final="true" ];
	q69 [label = "q69"];
	q70 [label = "q70", shape = doublecircle, final="true" ];
	q71 [label = "q71", shape = doublecircle, final="true" ];
	q72 [label = "q72", shape = doublecircle, final="true" ];
	s0 -> q30
	q43 -> q66 [label = "a"];
	q41 -> q27 [label = "b"];
	q45 -> q53 [label = "c"];
	q46 -> q54 [label = "b"];
	q42 -> q72 [label = "a"];
	q40 -> q40 [label = "a"];
	q43 -> q65 [label = "b"];
	q39 -> q57 [label = "a"];
	q37 -> q42 [label = "b"];
	q35 -> q36 [label = "c"];
	q38 -> q8 [label = "a"];
	q36 -> q42 [label = "b"];
	q34 -> q44 [label = "c"];
	q39 -> q15 [label = "b"];
	q37 -> q29 [label = "a"];
	q39 -> q64 [label = "c"];
	q35 -> q70 [label = "a"];
	q37 -> q37 [label = "c"];
	q35 -> q23 [label = "b"];
	q38 -> q28 [label = "b"];
	q34 -> q63 [label = "a"];
	q34 -> q24 [label = "b"];
	q31 -> q33 [label = "a"];
	q29 -> q58 [label = "b"];
	q40 -> q70 [label = "c"];
	q27 -> q46 [label = "c"];
	q28 -> q65 [label = "b"];
	q31 -> q35 [label = "c"];
	q29 -> q4 [label = "c"];
	q25 -> q25 [label = "a"];
	q30 -> q31 [label = "b"];
	q28 -> q40 [label = "a"];
	q33 -> q43 [label = "b"];
	q30 -> q34 [label = "c"];
	q26 -> q21 [label = "b"];
	q41 -> q71 [label = "a"];
	q24 -> q63 [label = "a"];
	q23 -> q8 [label = "a"];
	q26 -> q35 [label = "c"];
	q21 -> q28 [label = "b"];
	q19 -> q20 [label = "c"];
	q30 -> q32 [label = "a"];
	q9 -> q65 [label = "b"];
	q15 -> q49 [label = "c"];
	q9 -> q66 [label = "a"];
	q11 -> q10 [label = "b"];
	q13 -> q41 [label = "c"];
	q8 -> q70 [label = "c"];
	q45 -> q11 [label = "a"];
	q12 -> q12 [label = "a"];
	q10 -> q66 [label = "a"];
	q40 -> q43 [label = "b"];
	q8 -> q8 [label = "a"];
	q10 -> q65 [label = "b"];
	q12 -> q70 [label = "c"];
	q0 -> q72 [label = "a"];
	q47 -> q16 [label = "b"];
	q2 -> q1 [label = "b"];
	q6 -> q70 [label = "c"];
	q50 -> q64 [label = "c"];
	q4 -> q4 [label = "c"];
	q54 -> q63 [label = "a"];
	q38 -> q45 [label = "c"];
	q53 -> q55 [label = "b"];
	q55 -> q61 [label = "c"];
	q56 -> q33 [label = "a"];
	q60 -> q44 [label = "c"];
	q47 -> q45 [label = "c"];
	q27 -> q66 [label = "a"];
	q55 -> q8 [label = "a"];
	q44 -> q6 [label = "a"];
	q20 -> q41 [label = "a"];
	q11 -> q11 [label = "a"];
	q23 -> q47 [label = "b"];
	q4 -> q3 [label = "a"];
	q7 -> q7 [label = "a"];
	q32 -> q39 [label = "a"];
	q6 -> q5 [label = "b"];
	q16 -> q48 [label = "c"];
	q58 -> q68 [label = "b"];
	q58 -> q66 [label = "a"];
	q56 -> q48 [label = "c"];
	q59 -> q43 [label = "b"];
	q70 -> q4 [label = "c"];
	q43 -> q60 [label = "c"];
	q57 -> q43 [label = "b"];
	q63 -> q70 [label = "c"];
	q27 -> q65 [label = "b"];
	q62 -> q28 [label = "b"];
	q61 -> q62 [label = "b"];
	q57 -> q64 [label = "c"];
	q24 -> q7 [label = "b"];
	q61 -> q71 [label = "a"];
	q60 -> q63 [label = "b"];
	q26 -> q13 [label = "a"];
	q51 -> q36 [label = "c"];
	q62 -> q8 [label = "a"];
	q64 -> q5 [label = "b"];
	q58 -> q46 [label = "c"];
	q72 -> q8 [label = "a"];
	q28 -> q45 [label = "c"];
	q49 -> q44 [label = "c"];
	q71 -> q27 [label = "b"];
	q52 -> q61 [label = "c"];
	q67 -> q14 [label = "c"];
	q63 -> q50 [label = "b"];
	q66 -> q64 [label = "c"];
	q70 -> q11 [label = "a"];
	q48 -> q53 [label = "c"];
	q69 -> q43 [label = "b"];
	q14 -> q63 [label = "a"];
	q25 -> q58 [label = "b"];
	q48 -> q11 [label = "a"];
	q44 -> q51 [label = "c"];
	q69 -> q69 [label = "a"];
	q60 -> q6 [label = "a"];
	q68 -> q65 [label = "b"];
	q72 -> q9 [label = "b"];
	q72 -> q41 [label = "c"];
	q14 -> q50 [label = "b"];
	q57 -> q57 [label = "a"];
	q52 -> q28 [label = "b"];
	q65 -> q40 [label = "a"];
	q17 -> q12 [label = "a"];
	q69 -> q70 [label = "c"];
	q61 -> q53 [label = "c"];
	q59 -> q41 [label = "c"];
	q67 -> q66 [label = "a"];
	q49 -> q63 [label = "b"];
	q47 -> q8 [label = "a"];
	q68 -> q33 [label = "a"];
	q33 -> q41 [label = "c"];
	q68 -> q48 [label = "c"];
	q29 -> q25 [label = "a"];
	q56 -> q65 [label = "b"];
	q51 -> q70 [label = "a"];
	q63 -> q63 [label = "a"];
	q53 -> q2 [label = "c"];
	q51 -> q23 [label = "b"];
	q0 -> q16 [label = "b"];
	q66 -> q43 [label = "b"];
	q49 -> q6 [label = "a"];
	q41 -> q4 [label = "c"];
	q3 -> q70 [label = "c"];
	q9 -> q60 [label = "c"];
	q33 -> q40 [label = "a"];
	q24 -> q70 [label = "c"];
	q54 -> q50 [label = "b"];
	q64 -> q6 [label = "a, c"];
	q16 -> q65 [label = "b"];
	q54 -> q70 [label = "c"];
	q14 -> q6 [label = "c"];
	q65 -> q65 [label = "b"];
	q62 -> q61 [label = "c"];
	q66 -> q66 [label = "a"];
	q55 -> q56 [label = "b"];
	q50 -> q5 [label = "a, b"];
	q31 -> q38 [label = "b"];
	q13 -> q9 [label = "b"];
	q42 -> q22 [label = "c"];
	q7 -> q64 [label = "c"];
	q71 -> q71 [label = "a"];
	q65 -> q45 [label = "c"];
	q1 -> q0 [label = "b"];
	q48 -> q52 [label = "b"];
	q45 -> q52 [label = "b"];
	q71 -> q70 [label = "c"];
	q12 -> q9 [label = "b"];
	q21 -> q13 [label = "a"];
	q46 -> q63 [label = "a"];
	q25 -> q70 [label = "c"];
	q6 -> q6 [label = "a"];
	q44 -> q63 [label = "b"];
	q1 -> q20 [label = "c"];
	q36 -> q4 [label = "a"];
	q0 -> q48 [label = "c"];
	q2 -> q4 [label = "a"];
	q3 -> q3 [label = "a"];
	q20 -> q18 [label = "b"];
	q67 -> q43 [label = "b"];
	q22 -> q41 [label = "a"];
	q17 -> q45 [label = "c"];
	q19 -> q8 [label = "a"];
	q18 -> q20 [label = "c"];
	q17 -> q16 [label = "b"];
	q53 -> q3 [label = "a"];
	q22 -> q19 [label = "b"];
	q32 -> q14 [label = "c"];
	q5 -> q64 [label = "c"];
	q23 -> q20 [label = "c"];
	q19 -> q17 [label = "b"];
	q46 -> q44 [label = "c"];
	q21 -> q48 [label = "c"];
	q18 -> q47 [label = "b"];
	q8 -> q9 [label = "b"];
	q1 -> q8 [label = "a"];
	q16 -> q59 [label = "a"];
	q20 -> q36 [label = "c"];
	q36 -> q37 [label = "c"];
	q15 -> q67 [label = "a"];
	q42 -> q26 [label = "b"];
	q22 -> q36 [label = "c"];
	q11 -> q70 [label = "c"];
	q70 -> q10 [label = "b"];
	q10 -> q46 [label = "c"];
	q15 -> q65 [label = "b"];
	q52 -> q8 [label = "a"];
	q13 -> q12 [label = "a"];
	q18 -> q8 [label = "a"];
	q5 -> q5 [label = "a, b"];
	q32 -> q15 [label = "b"];
	q3 -> q58 [label = "b"];
	q2 -> q36 [label = "c"];
	q4 -> q58 [label = "b"];
	q59 -> q69 [label = "a"];
	q7 -> q5 [label = "b"];
}
DFA size: 73 states

NL* output after 13 EQ and 4652 MQ:
digraph finite_state_machine {
	rankdir=LR;
	node [shape = circle];
	s0 [shape = point, style = invis, start="true" ];
	q0 [label = "q0"];
	q1 [label = "q1", shape = doublecircle, final="true" ];
	q2 [label = "q2"];
	q3 [label = "q3"];
	q4 [label = "q4", shape = doublecircle, final="true" ];
	q5 [label = "q5"];
	q6 [label = "q6", shape = doublecircle, final="true" ];
	q7 [label = "q7"];
	q8 [label = "q8"];
	q9 [label = "q9"];
	q10 [label = "q10", shape = doublecircle, final="true" ];
	q11 [label = "q11"];
	q12 [label = "q12"];
	q13 [label = "q13"];
	q14 [label = "q14"];
	q15 [label = "q15"];
	q16 [label = "q16"];
	q17 [label = "q17"];
	q18 [label = "q18"];
	q19 [label = "q19"];
	q20 [label = "q20"];
	q21 [label = "q21"];
	q22 [label = "q22"];
	q23 [label = "q23"];
	q24 [label = "q24"];
	q25 [label = "q25"];
	q26 [label = "q26"];
	q27 [label = "q27", shape = doublecircle, final="true" ];
	s0 -> q17
	q18 -> q27 [label = "c"];
	q18 -> q22 [label = "c"];
	q18 -> q14 [label = "c"];
	q18 -> q6 [label = "c"];
	q20 -> q21 [label = "b"];
	q22 -> q27 [label = "a"];
	q22 -> q22 [label = "a"];
	q22 -> q4 [label = "a"];
	q17 -> q24 [label = "c"];
	q17 -> q15 [label = "c"];
	q17 -> q3 [label = "c"];
	q21 -> q11 [label = "a"];
	q23 -> q21 [label = "b"];
	q23 -> q3 [label = "b"];
	q19 -> q20 [label = "a"];
	q23 -> q24 [label = "b"];
	q19 -> q19 [label = "a"];
	q19 -> q5 [label = "a"];
	q17 -> q14 [label = "b"];
	q17 -> q13 [label = "b, c"];
	q17 -> q4 [label = "b"];
	q23 -> q22 [label = "b, c"];
	q19 -> q23 [label = "a, b"];
	q19 -> q18 [label = "a, b"];
	q19 -> q9 [label = "b"];
	q19 -> q0 [label = "b"];
	q17 -> q17 [label = "a"];
	q21 -> q22 [label = "c"];
	q16 -> q24 [label = "c"];
	q16 -> q18 [label = "c"];
	q16 -> q11 [label = "c"];
	q16 -> q7 [label = "c"];
	q16 -> q3 [label = "c"];
	q20 -> q27 [label = "a"];
	q20 -> q20 [label = "a"];
	q20 -> q5 [label = "a"];
	q20 -> q3 [label = "a"];
	q22 -> q24 [label = "b"];
	q18 -> q18 [label = "a"];
	q18 -> q11 [label = "a, c"];
	q16 -> q23 [label = "b, c"];
	q16 -> q20 [label = "b, c"];
	q16 -> q13 [label = "b, c"];
	q16 -> q9 [label = "b"];
	q16 -> q4 [label = "b, c"];
	q22 -> q13 [label = "a, c"];
	q22 -> q12 [label = "a, c"];
	q18 -> q17 [label = "b"];
	q19 -> q24 [label = "a"];
	q18 -> q13 [label = "b, c"];
	q18 -> q12 [label = "a, b, c"];
	q18 -> q5 [label = "b"];
	q18 -> q3 [label = "b"];
	q16 -> q25 [label = "a, c"];
	q16 -> q21 [label = "a, b, c"];
	q16 -> q17 [label = "a, b"];
	q16 -> q16 [label = "a"];
	q16 -> q19 [label = "c"];
	q20 -> q13 [label = "a, c"];
	q20 -> q12 [label = "a, c"];
	q15 -> q27 [label = "a"];
	q15 -> q7 [label = "a"];
	q19 -> q10 [label = "a"];
	q19 -> q8 [label = "b"];
	q11 -> q6 [label = "c"];
	q14 -> q27 [label = "a"];
	q14 -> q6 [label = "a"];
	q19 -> q3 [label = "a"];
	q12 -> q20 [label = "b"];
	q15 -> q19 [label = "a, b"];
	q13 -> q13 [label = "a"];
	q13 -> q11 [label = "a"];
	q13 -> q4 [label = "a"];
	q5 -> q14 [label = "b"];
	q23 -> q13 [label = "b, c"];
	q15 -> q11 [label = "a"];
	q2 -> q26 [label = "c"];
	q2 -> q14 [label = "c"];
	q4 -> q20 [label = "b"];
	q6 -> q18 [label = "a"];
	q6 -> q11 [label = "a"];
	q6 -> q6 [label = "a"];
	q5 -> q24 [label = "a"];
	q16 -> q27 [label = "c"];
	q5 -> q23 [label = "a, b"];
	q5 -> q21 [label = "a, b"];
	q5 -> q10 [label = "a"];
	q5 -> q7 [label = "a"];
	q5 -> q5 [label = "a"];
	q5 -> q3 [label = "a"];
	q19 -> q17 [label = "b"];
	q5 -> q2 [label = "a, b"];
	q7 -> q26 [label = "b"];
	q7 -> q24 [label = "b"];
	q23 -> q26 [label = "b, c"];
	q7 -> q23 [label = "a, b"];
	q7 -> q21 [label = "a, b"];
	q7 -> q20 [label = "b"];
	q7 -> q17 [label = "b"];
	q7 -> q14 [label = "b"];
	q18 -> q26 [label = "c"];
	q7 -> q9 [label = "b"];
	q3 -> q23 [label = "a"];
	q16 -> q15 [label = "c"];
	q3 -> q22 [label = "a, c"];
	q3 -> q13 [label = "a, c"];
	q3 -> q12 [label = "a, c"];
	q3 -> q11 [label = "a"];
	q7 -> q7 [label = "a"];
	q3 -> q10 [label = "a"];
	q3 -> q7 [label = "a"];
	q16 -> q5 [label = "c"];
	q3 -> q4 [label = "a, c"];
	q7 -> q13 [label = "b, c"];
	q7 -> q12 [label = "a, b, c"];
	q8 -> q22 [label = "b, c"];
	q8 -> q6 [label = "b, c"];
	q13 -> q12 [label = "a, c"];
	q12 -> q11 [label = "a"];
	q8 -> q12 [label = "a, b, c"];
	q9 -> q24 [label = "b"];
	q5 -> q9 [label = "b"];
	q11 -> q5 [label = "b"];
	q9 -> q26 [label = "b, c"];
	q5 -> q25 [label = "a"];
	q0 -> q5 [label = "b, c"];
	q11 -> q3 [label = "b"];
	q2 -> q10 [label = "a"];
	q3 -> q18 [label = "a"];
	q9 -> q7 [label = "a"];
	q15 -> q20 [label = "a, b, c"];
	q24 -> q7 [label = "a"];
	q8 -> q23 [label = "a, b"];
	q15 -> q13 [label = "a, c"];
	q7 -> q11 [label = "a, c"];
	q18 -> q4 [label = "c"];
	q15 -> q6 [label = "a, c"];
	q5 -> q11 [label = "a"];
	q15 -> q3 [label = "a, c"];
	q24 -> q10 [label = "a"];
	q11 -> q11 [label = "a, c"];
	q9 -> q27 [label = "b"];
	q14 -> q24 [label = "b"];
	q9 -> q23 [label = "b"];
	q1 -> q18 [label = "a, b"];
	q23 -> q23 [label = "b"];
	q7 -> q18 [label = "a"];
	q9 -> q5 [label = "b"];
	q3 -> q6 [label = "a"];
	q9 -> q21 [label = "b"];
	q16 -> q2 [label = "b, c"];
	q26 -> q18 [label = "a"];
	q10 -> q3 [label = "a"];
	q15 -> q12 [label = "a, c"];
	q5 -> q18 [label = "a"];
	q9 -> q13 [label = "b, c"];
	q9 -> q12 [label = "a, b, c"];
	q15 -> q2 [label = "a, b"];
	q19 -> q26 [label = "c"];
	q23 -> q20 [label = "b"];
	q9 -> q9 [label = "b"];
	q3 -> q5 [label = "a"];
	q9 -> q4 [label = "b"];
	q3 -> q27 [label = "a"];
	q12 -> q12 [label = "a, c"];
	q9 -> q8 [label = "a"];
	q9 -> q2 [label = "b"];
	q23 -> q14 [label = "b, c"];
	q19 -> q13 [label = "a, c"];
	q7 -> q5 [label = "b"];
	q11 -> q18 [label = "a"];
	q0 -> q4 [label = "b, c"];
	q9 -> q25 [label = "b"];
	q9 -> q10 [label = "b"];
	q13 -> q20 [label = "b"];
	q2 -> q11 [label = "a"];
	q19 -> q6 [label = "a, c"];
	q9 -> q22 [label = "b, c"];
	q21 -> q21 [label = "b"];
	q1 -> q23 [label = "a, b"];
	q9 -> q6 [label = "b"];
	q27 -> q24 [label = "b"];
	q27 -> q22 [label = "a, b"];
	q15 -> q1 [label = "c"];
	q8 -> q5 [label = "b"];
	q1 -> q21 [label = "a, b"];
	q8 -> q13 [label = "b, c"];
	q24 -> q23 [label = "a"];
	q10 -> q21 [label = "a, b"];
	q2 -> q6 [label = "a"];
	q4 -> q3 [label = "b"];
	q5 -> q6 [label = "a, c"];
	q27 -> q18 [label = "a"];
	q8 -> q2 [label = "b"];
	q0 -> q23 [label = "a, b, c"];
	q27 -> q11 [label = "a"];
	q7 -> q27 [label = "c"];
	q21 -> q23 [label = "b"];
	q0 -> q24 [label = "b, c"];
	q7 -> q3 [label = "b"];
	q25 -> q27 [label = "c"];
	q21 -> q7 [label = "a"];
	q19 -> q4 [label = "a, c"];
	q6 -> q4 [label = "a, c"];
	q25 -> q22 [label = "c"];
	q20 -> q10 [label = "a"];
	q1 -> q22 [label = "a, b, c"];
	q25 -> q6 [label = "c"];
	q15 -> q4 [label = "a, c"];
	q13 -> q6 [label = "a"];
	q24 -> q20 [label = "a"];
	q15 -> q14 [label = "c"];
	q23 -> q7 [label = "a"];
	q27 -> q6 [label = "a, c"];
	q2 -> q23 [label = "b"];
	q17 -> q22 [label = "b, c"];
	q25 -> q21 [label = "a, b"];
	q4 -> q6 [label = "a"];
	q25 -> q4 [label = "c"];
	q10 -> q11 [label = "a"];
	q11 -> q20 [label = "b"];
	q14 -> q20 [label = "b"];
	q8 -> q21 [label = "a, b"];
	q20 -> q11 [label = "a"];
	q26 -> q27 [label = "a, b"];
	q0 -> q3 [label = "b, c"];
	q17 -> q12 [label = "b, c"];
	q11 -> q12 [label = "a, b, c"];
	q19 -> q14 [label = "c"];
	q20 -> q4 [label = "a"];
	q16 -> q14 [label = "b"];
	q7 -> q22 [label = "b, c"];
	q26 -> q13 [label = "a, b, c"];
	q0 -> q21 [label = "a, b, c"];
	q4 -> q12 [label = "a, b, c"];
	q3 -> q25 [label = "a"];
	q27 -> q12 [label = "a, b, c"];
	q26 -> q26 [label = "a"];
	q25 -> q23 [label = "a, b"];
	q11 -> q13 [label = "b, c"];
	q26 -> q24 [label = "b"];
	q20 -> q6 [label = "a"];
	q26 -> q12 [label = "a, b, c"];
	q25 -> q12 [label = "a, b, c"];
	q27 -> q4 [label = "a, c"];
	q3 -> q20 [label = "a, b"];
	q21 -> q13 [label = "c"];
	q24 -> q21 [label = "a, b"];
	q3 -> q3 [label = "a"];
	q15 -> q21 [label = "a, b, c"];
	q10 -> q23 [label = "a"];
	q25 -> q26 [label = "c"];
	q24 -> q25 [label = "a, b"];
	q23 -> q2 [label = "b"];
	q19 -> q7 [label = "a, b"];
	q15 -> q5 [label = "a"];
	q26 -> q4 [label = "a, b, c"];
	q26 -> q10 [label = "b"];
	q2 -> q24 [label = "a"];
	q15 -> q24 [label = "a, b, c"];
	q26 -> q11 [label = "a"];
	q23 -> q12 [label = "a, b, c"];
	q24 -> q12 [label = "a, c"];
	q9 -> q20 [label = "b"];
	q21 -> q12 [label = "a, b, c"];
	q27 -> q3 [label = "b"];
	q25 -> q13 [label = "c"];
	q19 -> q25 [label = "a, b"];
	q0 -> q22 [label = "b, c"];
	q25 -> q14 [label = "c"];
	q15 -> q23 [label = "a"];
	q23 -> q11 [label = "a"];
	q24 -> q18 [label = "a"];
	q25 -> q9 [label = "b"];
	q25 -> q18 [label = "a"];
	q8 -> q3 [label = "b"];
	q2 -> q7 [label = "a"];
	q24 -> q11 [label = "a"];
	q11 -> q4 [label = "c"];
	q1 -> q10 [label = "a, b"];
	q17 -> q16 [label = "a"];
	q24 -> q3 [label = "a"];
	q1 -> q27 [label = "a, b"];
	q25 -> q11 [label = "a"];
	q19 -> q2 [label = "a"];
	q9 -> q3 [label = "b"];
	q24 -> q13 [label = "a, c"];
	q21 -> q14 [label = "c"];
	q15 -> q22 [label = "a, c"];
	q0 -> q11 [label = "a, b, c"];
	q26 -> q14 [label = "a"];
	q24 -> q22 [label = "a, c"];
	q0 -> q15 [label = "b, c"];
	q27 -> q13 [label = "a, b, c"];
	q18 -> q20 [label = "b"];
	q14 -> q11 [label = "a"];
	q10 -> q13 [label = "a, c"];
	q2 -> q13 [label = "a, c"];
	q26 -> q3 [label = "b"];
	q1 -> q3 [label = "a, b"];
	q0 -> q20 [label = "b, c"];
	q11 -> q17 [label = "b"];
	q26 -> q20 [label = "b"];
	q4 -> q13 [label = "a, b, c"];
	q19 -> q11 [label = "a, b, c"];
	q27 -> q27 [label = "a"];
	q24 -> q2 [label = "a"];
	q20 -> q24 [label = "a"];
	q10 -> q24 [label = "a"];
	q8 -> q7 [label = "a"];
	q20 -> q7 [label = "a"];
	q25 -> q25 [label = "a"];
	q1 -> q25 [label = "a, b"];
	q24 -> q6 [label = "a"];
	q14 -> q10 [label = "b"];
	q14 -> q14 [label = "a"];
	q10 -> q12 [label = "a, c"];
	q23 -> q25 [label = "b"];
	q0 -> q12 [label = "a, b, c"];
	q5 -> q20 [label = "a, b"];
	q24 -> q24 [label = "a"];
	q8 -> q9 [label = "a, b"];
	q16 -> q6 [label = "c"];
	q7 -> q4 [label = "c"];
	q10 -> q4 [label = "a, c"];
	q2 -> q3 [label = "a"];
	q19 -> q22 [label = "a, c"];
	q1 -> q8 [label = "a"];
	q16 -> q22 [label = "b, c"];
	q15 -> q25 [label = "a, b"];
	q3 -> q2 [label = "a, b"];
	q8 -> q14 [label = "b"];
	q0 -> q19 [label = "b, c"];
	q8 -> q17 [label = "b"];
	q8 -> q20 [label = "b"];
	q8 -> q24 [label = "b"];
	q2 -> q5 [label = "a"];
	q6 -> q5 [label = "b"];
	q8 -> q25 [label = "a, b"];
	q0 -> q16 [label = "a, b"];
	q19 -> q21 [label = "a, b"];
	q10 -> q2 [label = "a, b"];
	q10 -> q6 [label = "a"];
	q0 -> q17 [label = "a, b"];
	q14 -> q12 [label = "a, b, c"];
	q10 -> q7 [label = "a"];
	q5 -> q13 [label = "a, b, c"];
	q19 -> q12 [label = "a, b, c"];
	q10 -> q10 [label = "a"];
	q19 -> q16 [label = "b"];
	q10 -> q18 [label = "a"];
	q1 -> q5 [label = "a, b"];
	q10 -> q20 [label = "a, b"];
	q14 -> q4 [label = "a"];
	q10 -> q22 [label = "a, c"];
	q17 -> q21 [label = "b"];
	q10 -> q25 [label = "a, b"];
	q14 -> q22 [label = "a"];
	q8 -> q4 [label = "b, c"];
	q10 -> q27 [label = "a"];
	q20 -> q22 [label = "a, c"];
	q14 -> q3 [label = "b"];
	q27 -> q20 [label = "b"];
	q14 -> q13 [label = "a, b, c"];
	q0 -> q18 [label = "a, b, c"];
	q1 -> q14 [label = "a, c"];
	q8 -> q26 [label = "b"];
	q8 -> q8 [label = "a"];
	q8 -> q18 [label = "a"];
	q0 -> q0 [label = "a, b"];
	q0 -> q8 [label = "a, b, c"];
	q0 -> q10 [label = "b, c"];
	q0 -> q25 [label = "a, b, c"];
	q9 -> q11 [label = "a"];
	q9 -> q14 [label = "b, c"];
	q2 -> q9 [label = "b"];
	q6 -> q13 [label = "a, b, c"];
	q15 -> q10 [label = "a, c"];
	q1 -> q20 [label = "a, b"];
	q7 -> q25 [label = "a, b"];
	q3 -> q24 [label = "a"];
	q2 -> q12 [label = "a, b, c"];
	q2 -> q21 [label = "b"];
	q8 -> q11 [label = "a, c"];
	q6 -> q12 [label = "a, b, c"];
	q22 -> q20 [label = "b"];
	q8 -> q27 [label = "b, c"];
	q1 -> q11 [label = "a, b"];
	q0 -> q9 [label = "a, b, c"];
	q0 -> q1 [label = "b, c"];
	q0 -> q2 [label = "b, c"];
	q0 -> q6 [label = "b, c"];
	q2 -> q20 [label = "a"];
	q16 -> q10 [label = "c"];
	q19 -> q27 [label = "a, c"];
	q0 -> q13 [label = "b, c"];
	q16 -> q12 [label = "a, b, c"];
	q0 -> q14 [label = "b, c"];
	q27 -> q5 [label = "b"];
	q0 -> q26 [label = "b, c"];
	q0 -> q27 [label = "b, c"];
	q2 -> q4 [label = "a"];
	q23 -> q5 [label = "b"];
	q24 -> q5 [label = "a"];
	q24 -> q4 [label = "a, c"];
	q2 -> q22 [label = "a, c"];
	q2 -> q27 [label = "a"];
	q0 -> q7 [label = "a, b, c"];
	q6 -> q3 [label = "b"];
	q1 -> q26 [label = "a"];
	q6 -> q20 [label = "b"];
	q5 -> q12 [label = "a, b, c"];
	q22 -> q11 [label = "a"];
	q4 -> q4 [label = "a"];
	q4 -> q11 [label = "a"];
	q5 -> q4 [label = "a, c"];
	q24 -> q27 [label = "a"];
	q5 -> q22 [label = "a, b, c"];
	q7 -> q2 [label = "b"];
	q8 -> q10 [label = "b"];
	q5 -> q27 [label = "a, c"];
	q1 -> q1 [label = "a"];
	q26 -> q22 [label = "a, b"];
	q1 -> q19 [label = "a, b"];
	q1 -> q2 [label = "a, b"];
	q23 -> q9 [label = "b"];
	q1 -> q4 [label = "a, b, c"];
	q26 -> q6 [label = "a, b, c"];
	q25 -> q7 [label = "a"];
	q1 -> q6 [label = "a, b"];
	q14 -> q26 [label = "a"];
	q1 -> q7 [label = "a, b"];
	q1 -> q9 [label = "a"];
	q22 -> q6 [label = "a"];
	q17 -> q20 [label = "b, c"];
	q1 -> q12 [label = "a, b, c"];
	q26 -> q5 [label = "b"];
	q1 -> q13 [label = "a, b, c"];
	q10 -> q5 [label = "a"];
	q1 -> q24 [label = "a, b"];
	q3 -> q21 [label = "a, b"];
	q15 -> q18 [label = "a"];
	q7 -> q6 [label = "c"];
}
NFA size: 28 states

