Random target AFA:
digraph finite_state_machine {
	rankdir=LR;
	node [shape = circle];
	s0 [shape = point, style = invis, start="true" ];
	s1 [shape = point, style = invis, start="true" ];
	q0 [label = "q0"];
	q1 [label = "q1"];
	q2 [label = "q2", shape = doublecircle, final="true" ];
	q3 [label = "q3", shape = doublecircle, final="true" ];
	q4 [label = "q4"];
	q5 [label = "q5"];
	m0 [label = "", shape = square, style = filled, color=grey, fixedsize=true, width=.2];
	m1 [label = "", shape = square, style = filled, color=grey, fixedsize=true, width=.2];
	m2 [label = "", shape = square, style = filled, color=grey, fixedsize=true, width=.2];
	m3 [label = "", shape = square, style = filled, color=grey, fixedsize=true, width=.2];
	m4 [label = "", shape = square, style = filled, color=grey, fixedsize=true, width=.2];
	m5 [label = "", shape = square, style = filled, color=grey, fixedsize=true, width=.2];
	m6 [label = "", shape = square, style = filled, color=grey, fixedsize=true, width=.2];
	s0 -> q0
	s1 -> q1
	q3 -> q0 [label = "c"];
	q2 -> m5 [label = "c"];
	q1 -> q1 [label = "c"];
	q5 -> q4 [label = "a, b"];
	q3 -> q5 [label = "b"];
	q5 -> m6 [label = "b"];
	q3 -> m4 [label = "a"];
	q3 -> q3 [label = "b"];
	q5 -> q0 [label = "a"];
	q1 -> q2 [label = "a, b"];
	q1 -> m3 [label = "c"];
	q1 -> q5 [label = "a"];
	q0 -> m1 [label = "b, c"];
	q4 -> q3 [label = "c"];
	q0 -> q2 [label = "a, b"];
	q2 -> q3 [label = "b, c"];
	q0 -> q1 [label = "a"];
	q2 -> m0 [label = "b"];
	q3 -> q1 [label = "a"];
	q2 -> q4 [label = "a"];
	q2 -> m2 [label = "a"];
	q4 -> m1 [label = "b"];
	q0 -> q5 [label = "c"];
	q4 -> q4 [label = "a, c"];
	q4 -> m2 [label = "a"];
	q5 -> m3 [label = "c"];
	q3 -> q2 [label = "c"];
	q4 -> q0 [label = "b"];
	q5 -> q3 [label = "c"];
	m0 -> q2;
	m0 -> q5;
	m1 -> q2;
	m1 -> q4;
	m2 -> q0;
	m2 -> q2;
	m3 -> q1;
	m3 -> q5;
	m4 -> q0;
	m4 -> q1;
	m5 -> q4;
	m5 -> q5;
	m6 -> q2;
	m6 -> q3;
}

L* output after 10 EQ and 4430 MQ:
digraph finite_state_machine {
	rankdir=LR;
	node [shape = circle];
	s0 [shape = point, style = invis, start="true" ];
	q0 [label = "q0", shape = doublecircle, final="true" ];
	q1 [label = "q1", shape = doublecircle, final="true" ];
	q2 [label = "q2", shape = doublecircle, final="true" ];
	q3 [label = "q3", shape = doublecircle, final="true" ];
	q4 [label = "q4", shape = doublecircle, final="true" ];
	q5 [label = "q5", shape = doublecircle, final="true" ];
	q6 [label = "q6", shape = doublecircle, final="true" ];
	q7 [label = "q7", shape = doublecircle, final="true" ];
	q8 [label = "q8", shape = doublecircle, final="true" ];
	q9 [label = "q9", shape = doublecircle, final="true" ];
	q10 [label = "q10", shape = doublecircle, final="true" ];
	q11 [label = "q11", shape = doublecircle, final="true" ];
	q12 [label = "q12", shape = doublecircle, final="true" ];
	q13 [label = "q13", shape = doublecircle, final="true" ];
	q14 [label = "q14", shape = doublecircle, final="true" ];
	q15 [label = "q15"];
	q16 [label = "q16"];
	q17 [label = "q17"];
	q18 [label = "q18", shape = doublecircle, final="true" ];
	q19 [label = "q19", shape = doublecircle, final="true" ];
	q20 [label = "q20", shape = doublecircle, final="true" ];
	q21 [label = "q21", shape = doublecircle, final="true" ];
	q22 [label = "q22"];
	q23 [label = "q23"];
	q24 [label = "q24", shape = doublecircle, final="true" ];
	q25 [label = "q25", shape = doublecircle, final="true" ];
	q26 [label = "q26", shape = doublecircle, final="true" ];
	q27 [label = "q27", shape = doublecircle, final="true" ];
	q28 [label = "q28", shape = doublecircle, final="true" ];
	q29 [label = "q29", shape = doublecircle, final="true" ];
	q30 [label = "q30", shape = doublecircle, final="true" ];
	q31 [label = "q31", shape = doublecircle, final="true" ];
	q32 [label = "q32"];
	q33 [label = "q33", shape = doublecircle, final="true" ];
	q34 [label = "q34", shape = doublecircle, final="true" ];
	q35 [label = "q35", shape = doublecircle, final="true" ];
	q36 [label = "q36", shape = doublecircle, final="true" ];
	q37 [label = "q37", shape = doublecircle, final="true" ];
	q38 [label = "q38"];
	s0 -> q22
	q18 -> q27 [label = "c"];
	q21 -> q19 [label = "a"];
	q19 -> q27 [label = "b"];
	q17 -> q17 [label = "a"];
	q21 -> q24 [label = "c"];
	q16 -> q34 [label = "c"];
	q20 -> q17 [label = "a"];
	q16 -> q12 [label = "b"];
	q22 -> q15 [label = "c"];
	q16 -> q11 [label = "a"];
	q20 -> q14 [label = "b, c"];
	q11 -> q36 [label = "c"];
	q14 -> q16 [label = "a"];
	q12 -> q14 [label = "b"];
	q15 -> q25 [label = "b"];
	q3 -> q29 [label = "c"];
	q2 -> q0 [label = "c"];
	q6 -> q26 [label = "a"];
	q7 -> q35 [label = "b"];
	q3 -> q7 [label = "a"];
	q7 -> q34 [label = "c"];
	q4 -> q7 [label = "a"];
	q4 -> q29 [label = "b"];
	q0 -> q5 [label = "b"];
	q10 -> q34 [label = "c"];
	q9 -> q36 [label = "c"];
	q6 -> q1 [label = "c"];
	q2 -> q29 [label = "b"];
	q1 -> q1 [label = "c"];
	q4 -> q5 [label = "c"];
	q23 -> q12 [label = "b"];
	q12 -> q30 [label = "c"];
	q10 -> q35 [label = "b"];
	q14 -> q35 [label = "c"];
	q15 -> q19 [label = "a"];
	q26 -> q34 [label = "c"];
	q0 -> q0 [label = "c"];
	q28 -> q5 [label = "b"];
	q35 -> q29 [label = "c"];
	q18 -> q29 [label = "b"];
	q23 -> q10 [label = "a"];
	q32 -> q12 [label = "b"];
	q13 -> q35 [label = "b"];
	q27 -> q29 [label = "b"];
	q3 -> q30 [label = "b"];
	q36 -> q38 [label = "a"];
	q35 -> q10 [label = "a"];
	q21 -> q18 [label = "b"];
	q29 -> q13 [label = "a"];
	q19 -> q13 [label = "a"];
	q23 -> q28 [label = "c"];
	q8 -> q35 [label = "b"];
	q31 -> q5 [label = "b"];
	q27 -> q5 [label = "c"];
	q37 -> q29 [label = "b"];
	q17 -> q18 [label = "c"];
	q7 -> q9 [label = "a"];
	q33 -> q31 [label = "c"];
	q29 -> q28 [label = "b"];
	q30 -> q3 [label = "c"];
	q2 -> q26 [label = "a"];
	q27 -> q10 [label = "a"];
	q36 -> q29 [label = "b"];
	q34 -> q29 [label = "b"];
	q24 -> q26 [label = "a"];
	q38 -> q12 [label = "b"];
	q25 -> q35 [label = "b"];
	q18 -> q16 [label = "a"];
	q37 -> q16 [label = "a"];
	q25 -> q16 [label = "a"];
	q32 -> q31 [label = "c"];
	q32 -> q26 [label = "a"];
	q34 -> q2 [label = "c"];
	q38 -> q34 [label = "c"];
	q35 -> q30 [label = "b"];
	q28 -> q32 [label = "a"];
	q8 -> q7 [label = "a"];
	q33 -> q27 [label = "b"];
	q22 -> q20 [label = "b"];
	q6 -> q30 [label = "b"];
	q37 -> q4 [label = "c"];
	q5 -> q5 [label = "b, c"];
	q28 -> q4 [label = "c"];
	q36 -> q4 [label = "c"];
	q31 -> q2 [label = "c"];
	q5 -> q13 [label = "a"];
	q34 -> q26 [label = "a"];
	q25 -> q37 [label = "c"];
	q30 -> q32 [label = "a"];
	q29 -> q29 [label = "c"];
	q1 -> q33 [label = "a"];
	q9 -> q8 [label = "a"];
	q11 -> q27 [label = "b"];
	q17 -> q12 [label = "b"];
	q9 -> q27 [label = "b"];
	q30 -> q28 [label = "b"];
	q31 -> q33 [label = "a"];
	q33 -> q33 [label = "a"];
	q24 -> q6 [label = "c"];
	q26 -> q19 [label = "a"];
	q24 -> q30 [label = "b"];
	q38 -> q9 [label = "a"];
	q26 -> q27 [label = "b"];
	q1 -> q28 [label = "b"];
	q19 -> q28 [label = "c"];
	q15 -> q24 [label = "c"];
	q13 -> q31 [label = "c"];
	q22 -> q21 [label = "a"];
	q0 -> q33 [label = "a"];
	q11 -> q23 [label = "a"];
	q8 -> q28 [label = "c"];
	q13 -> q26 [label = "a"];
	q12 -> q10 [label = "a"];
	q14 -> q30 [label = "b"];
	q10 -> q11 [label = "a"];
}
DFA size: 39 states

NL* output after 8 EQ and 1760 MQ:
digraph finite_state_machine {
	rankdir=LR;
	node [shape = circle];
	s0 [shape = point, style = invis, start="true" ];
	q0 [label = "q0", shape = doublecircle, final="true" ];
	q1 [label = "q1", shape = doublecircle, final="true" ];
	q2 [label = "q2", shape = doublecircle, final="true" ];
	q3 [label = "q3", shape = doublecircle, final="true" ];
	q4 [label = "q4"];
	q5 [label = "q5", shape = doublecircle, final="true" ];
	q6 [label = "q6", shape = doublecircle, final="true" ];
	q7 [label = "q7"];
	q8 [label = "q8", shape = doublecircle, final="true" ];
	q9 [label = "q9"];
	q10 [label = "q10", shape = doublecircle, final="true" ];
	q11 [label = "q11"];
	q12 [label = "q12"];
	q13 [label = "q13", shape = doublecircle, final="true" ];
	q14 [label = "q14", shape = doublecircle, final="true" ];
	q15 [label = "q15", shape = doublecircle, final="true" ];
	q16 [label = "q16"];
	q17 [label = "q17", shape = doublecircle, final="true" ];
	s0 -> q9
	q11 -> q15 [label = "a"];
	q11 -> q8 [label = "a"];
	q11 -> q7 [label = "a"];
	q11 -> q14 [label = "a, b"];
	q11 -> q12 [label = "a, b"];
	q14 -> q15 [label = "b"];
	q8 -> q14 [label = "b, c"];
	q8 -> q13 [label = "b, c"];
	q8 -> q10 [label = "b, c"];
	q8 -> q6 [label = "b, c"];
	q14 -> q14 [label = "c"];
	q14 -> q13 [label = "b, c"];
	q12 -> q14 [label = "c"];
	q12 -> q12 [label = "a, c"];
	q4 -> q16 [label = "c"];
	q4 -> q14 [label = "c"];
	q4 -> q6 [label = "c"];
	q4 -> q5 [label = "c"];
	q16 -> q12 [label = "a, c"];
	q7 -> q16 [label = "a"];
	q3 -> q14 [label = "a, b, c"];
	q17 -> q17 [label = "b"];
	q12 -> q13 [label = "c"];
	q13 -> q16 [label = "a"];
	q9 -> q10 [label = "a, b"];
	q16 -> q10 [label = "a, b, c"];
	q1 -> q1 [label = "c"];
	q10 -> q13 [label = "b, c"];
	q10 -> q10 [label = "b, c"];
	q6 -> q6 [label = "c"];
	q16 -> q1 [label = "c"];
	q14 -> q12 [label = "a, c"];
	q11 -> q1 [label = "c"];
	q14 -> q16 [label = "a"];
	q0 -> q13 [label = "b, c"];
	q13 -> q15 [label = "c"];
	q5 -> q0 [label = "b, c"];
	q0 -> q17 [label = "b, c"];
	q6 -> q15 [label = "b, c"];
	q13 -> q13 [label = "b, c"];
	q17 -> q4 [label = "a"];
	q13 -> q12 [label = "a"];
	q16 -> q6 [label = "c"];
	q17 -> q16 [label = "a"];
	q17 -> q10 [label = "b, c"];
	q3 -> q5 [label = "c"];
	q5 -> q7 [label = "c"];
	q17 -> q14 [label = "b"];
	q13 -> q10 [label = "b, c"];
	q8 -> q7 [label = "a, b"];
	q17 -> q5 [label = "b"];
	q3 -> q10 [label = "a, b, c"];
	q9 -> q11 [label = "a, c"];
	q6 -> q2 [label = "c"];
	q4 -> q13 [label = "c"];
	q17 -> q15 [label = "c"];
	q5 -> q4 [label = "a"];
	q17 -> q0 [label = "c"];
	q15 -> q16 [label = "a"];
	q2 -> q5 [label = "c"];
	q6 -> q5 [label = "c"];
	q17 -> q8 [label = "b"];
	q16 -> q4 [label = "c"];
	q7 -> q10 [label = "a, b, c"];
	q15 -> q13 [label = "b, c"];
	q3 -> q7 [label = "a, b"];
	q17 -> q7 [label = "a"];
	q16 -> q8 [label = "a"];
	q11 -> q10 [label = "a, b, c"];
	q15 -> q10 [label = "a, b, c"];
	q3 -> q6 [label = "b, c"];
	q16 -> q13 [label = "c"];
	q16 -> q15 [label = "b"];
	q4 -> q12 [label = "a, c"];
	q5 -> q17 [label = "b"];
	q16 -> q5 [label = "c"];
	q5 -> q10 [label = "b, c"];
	q7 -> q14 [label = "c"];
	q12 -> q15 [label = "b"];
	q14 -> q6 [label = "c"];
	q1 -> q9 [label = "c"];
	q16 -> q16 [label = "c"];
	q13 -> q17 [label = "b"];
	q7 -> q6 [label = "c"];
	q8 -> q12 [label = "a, b, c"];
	q5 -> q6 [label = "c"];
	q17 -> q6 [label = "b"];
	q7 -> q17 [label = "c"];
	q0 -> q0 [label = "c"];
	q15 -> q12 [label = "a"];
	q2 -> q6 [label = "c"];
	q11 -> q3 [label = "a"];
	q12 -> q10 [label = "b, c"];
	q2 -> q10 [label = "a, b, c"];
	q2 -> q12 [label = "a, c"];
	q2 -> q8 [label = "c"];
	q2 -> q13 [label = "b, c"];
	q2 -> q17 [label = "c"];
	q4 -> q10 [label = "a, b, c"];
	q17 -> q13 [label = "b, c"];
	q4 -> q15 [label = "b"];
	q1 -> q4 [label = "a"];
	q6 -> q14 [label = "c"];
	q5 -> q15 [label = "b, c"];
	q6 -> q16 [label = "a"];
	q1 -> q0 [label = "c"];
	q1 -> q10 [label = "a, b, c"];
	q1 -> q13 [label = "b, c"];
	q3 -> q13 [label = "b, c"];
	q5 -> q12 [label = "a, c"];
	q5 -> q16 [label = "a"];
	q7 -> q15 [label = "b"];
	q1 -> q15 [label = "c"];
	q5 -> q5 [label = "c"];
	q0 -> q16 [label = "a"];
	q11 -> q13 [label = "c"];
	q3 -> q2 [label = "a"];
	q15 -> q17 [label = "c"];
	q8 -> q5 [label = "c"];
	q8 -> q15 [label = "b"];
	q0 -> q10 [label = "a, b, c"];
	q7 -> q12 [label = "a, c"];
	q3 -> q15 [label = "a, b"];
	q7 -> q5 [label = "c"];
	q6 -> q12 [label = "a, c"];
	q1 -> q11 [label = "a"];
	q11 -> q2 [label = "a"];
	q17 -> q12 [label = "a, b"];
	q5 -> q2 [label = "c"];
	q7 -> q8 [label = "c"];
	q2 -> q14 [label = "c"];
	q7 -> q13 [label = "c"];
	q1 -> q3 [label = "a"];
	q1 -> q8 [label = "a"];
	q1 -> q12 [label = "a"];
	q1 -> q16 [label = "a"];
	q5 -> q14 [label = "c"];
	q4 -> q3 [label = "a"];
	q4 -> q8 [label = "a"];
	q3 -> q12 [label = "a, b, c"];
	q0 -> q15 [label = "c"];
	q6 -> q0 [label = "b, c"];
	q4 -> q4 [label = "c"];
	q6 -> q10 [label = "b, c"];
	q6 -> q13 [label = "b, c"];
	q5 -> q13 [label = "b, c"];
	q6 -> q17 [label = "b"];
	q2 -> q4 [label = "a"];
	q1 -> q17 [label = "b"];
	q2 -> q16 [label = "a"];
	q6 -> q7 [label = "c"];
	q16 -> q14 [label = "c"];
	q2 -> q15 [label = "b"];
	q0 -> q4 [label = "a"];
	q10 -> q12 [label = "a"];
	q14 -> q10 [label = "b, c"];
	q0 -> q12 [label = "a"];
	q17 -> q9 [label = "a"];
	q4 -> q1 [label = "c"];
}
NFA size: 18 states

AL* output after 9 EQ and 885 MQ:
digraph finite_state_machine {
	rankdir=LR;
	node [shape = circle];
	s0 [shape = point, style = invis, start="true" ];
	s1 [shape = point, style = invis, start="true" ];
	q0 [label = "q0", shape = doublecircle, final="true" ];
	q1 [label = "q1"];
	q2 [label = "q2"];
	q3 [label = "q3", shape = doublecircle, final="true" ];
	q4 [label = "q4"];
	q5 [label = "q5", shape = doublecircle, final="true" ];
	q6 [label = "q6"];
	q7 [label = "q7", shape = doublecircle, final="true" ];
	m0 [label = "", shape = square, style = filled, color=grey, fixedsize=true, width=.2];
	m1 [label = "", shape = square, style = filled, color=grey, fixedsize=true, width=.2];
	m2 [label = "", shape = square, style = filled, color=grey, fixedsize=true, width=.2];
	m3 [label = "", shape = square, style = filled, color=grey, fixedsize=true, width=.2];
	m4 [label = "", shape = square, style = filled, color=grey, fixedsize=true, width=.2];
	m5 [label = "", shape = square, style = filled, color=grey, fixedsize=true, width=.2];
	m6 [label = "", shape = square, style = filled, color=grey, fixedsize=true, width=.2];
	s0 -> m0
	s1 -> m1
	q3 -> m5 [label = "c"];
	q5 -> m5 [label = "b"];
	q4 -> m1 [label = "b"];
	q0 -> q5 [label = "b, c"];
	q6 -> m5 [label = "a, c"];
	q5 -> m0 [label = "a"];
	q2 -> m5 [label = "a"];
	q4 -> m5 [label = "a"];
	q2 -> m2 [label = "a, b"];
	q2 -> m1 [label = "a"];
	q1 -> q5 [label = "c"];
	q0 -> m2 [label = "a"];
	q6 -> m0 [label = "a, c"];
	q6 -> m3 [label = "a, b"];
	q4 -> m2 [label = "a, c"];
	q1 -> m2 [label = "a, c"];
	q2 -> m4 [label = "b"];
	q3 -> m3 [label = "a"];
	q4 -> q5 [label = "c"];
	q2 -> m3 [label = "a, b"];
	q4 -> m3 [label = "a, b"];
	q3 -> m0 [label = "a"];
	q5 -> q5 [label = "b, c"];
	q3 -> q5 [label = "b, c"];
	q7 -> m6 [label = "c"];
	q4 -> m0 [label = "c"];
	q7 -> q5 [label = "b, c"];
	q1 -> m1 [label = "b"];
	q1 -> m3 [label = "b"];
	q5 -> m1 [label = "c"];
	q7 -> m2 [label = "a, b, c"];
	q3 -> m2 [label = "a"];
	q2 -> q5 [label = "c"];
	q2 -> m0 [label = "c"];
	q7 -> m1 [label = "a, b"];
	q5 -> m2 [label = "a"];
	m0 -> q2;
	m0 -> q4;
	m0 -> q6;
	m1 -> q3;
	m1 -> q6;
	m2 -> q1;
	m2 -> q4;
	m2 -> q7;
	m3 -> q0;
	m3 -> q3;
	m3 -> q5;
	m3 -> q7;
	m4 -> q3;
	m4 -> q5;
	m4 -> q6;
	m5 -> q2;
	m5 -> q7;
	m6 -> q2;
	m6 -> q4;
	m6 -> q6;
	m6 -> q7;
}
AFA size: 8 states

AL** output after 10 EQ and 885 MQ:
digraph finite_state_machine {
	rankdir=LR;
	node [shape = circle];
	s0 [shape = point, style = invis, start="true" ];
	s1 [shape = point, style = invis, start="true" ];
	q0 [label = "q0", shape = doublecircle, final="true" ];
	q1 [label = "q1"];
	q2 [label = "q2"];
	q3 [label = "q3", shape = doublecircle, final="true" ];
	q4 [label = "q4"];
	q5 [label = "q5", shape = doublecircle, final="true" ];
	q6 [label = "q6"];
	q7 [label = "q7", shape = doublecircle, final="true" ];
	m0 [label = "", shape = square, style = filled, color=grey, fixedsize=true, width=.2];
	m1 [label = "", shape = square, style = filled, color=grey, fixedsize=true, width=.2];
	m2 [label = "", shape = square, style = filled, color=grey, fixedsize=true, width=.2];
	m3 [label = "", shape = square, style = filled, color=grey, fixedsize=true, width=.2];
	m4 [label = "", shape = square, style = filled, color=grey, fixedsize=true, width=.2];
	m5 [label = "", shape = square, style = filled, color=grey, fixedsize=true, width=.2];
	m6 [label = "", shape = square, style = filled, color=grey, fixedsize=true, width=.2];
	s0 -> m0
	s1 -> m1
	q3 -> m5 [label = "c"];
	q5 -> m5 [label = "b"];
	q4 -> m1 [label = "b"];
	q0 -> q5 [label = "b, c"];
	q6 -> m5 [label = "a, c"];
	q5 -> m0 [label = "a"];
	q2 -> m5 [label = "a"];
	q4 -> m5 [label = "a"];
	q2 -> m2 [label = "a, b"];
	q2 -> m1 [label = "a"];
	q1 -> q5 [label = "c"];
	q0 -> m2 [label = "a"];
	q6 -> m0 [label = "a, c"];
	q6 -> m3 [label = "a, b"];
	q4 -> m2 [label = "a, c"];
	q1 -> m2 [label = "a, c"];
	q2 -> m4 [label = "b"];
	q3 -> m3 [label = "a"];
	q4 -> q5 [label = "c"];
	q2 -> m3 [label = "a, b"];
	q4 -> m3 [label = "a, b"];
	q3 -> m0 [label = "a"];
	q5 -> q5 [label = "b, c"];
	q3 -> q5 [label = "b, c"];
	q7 -> m6 [label = "c"];
	q4 -> m0 [label = "c"];
	q7 -> q5 [label = "b, c"];
	q1 -> m1 [label = "b"];
	q1 -> m3 [label = "b"];
	q5 -> m1 [label = "c"];
	q7 -> m2 [label = "a, b, c"];
	q3 -> m2 [label = "a"];
	q2 -> q5 [label = "c"];
	q2 -> m0 [label = "c"];
	q7 -> m1 [label = "a, b"];
	q5 -> m2 [label = "a"];
	m0 -> q2;
	m0 -> q4;
	m0 -> q6;
	m1 -> q3;
	m1 -> q6;
	m2 -> q1;
	m2 -> q4;
	m2 -> q7;
	m3 -> q0;
	m3 -> q3;
	m3 -> q5;
	m3 -> q7;
	m4 -> q3;
	m4 -> q5;
	m4 -> q6;
	m5 -> q2;
	m5 -> q7;
	m6 -> q2;
	m6 -> q4;
	m6 -> q6;
	m6 -> q7;
}
RAFA size: 8 states

