Random target AFA:
digraph finite_state_machine {
	rankdir=LR;
	node [shape = circle];
	s0 [shape = point, style = invis, start="true" ];
	s1 [shape = point, style = invis, start="true" ];
	q0 [label = "q0", shape = doublecircle, final="true" ];
	q1 [label = "q1"];
	q2 [label = "q2", shape = doublecircle, final="true" ];
	q3 [label = "q3"];
	q4 [label = "q4", shape = doublecircle, final="true" ];
	q5 [label = "q5", shape = doublecircle, final="true" ];
	m0 [label = "", shape = square, style = filled, color=grey, fixedsize=true, width=.2];
	m1 [label = "", shape = square, style = filled, color=grey, fixedsize=true, width=.2];
	m2 [label = "", shape = square, style = filled, color=grey, fixedsize=true, width=.2];
	m3 [label = "", shape = square, style = filled, color=grey, fixedsize=true, width=.2];
	m4 [label = "", shape = square, style = filled, color=grey, fixedsize=true, width=.2];
	m5 [label = "", shape = square, style = filled, color=grey, fixedsize=true, width=.2];
	m6 [label = "", shape = square, style = filled, color=grey, fixedsize=true, width=.2];
	m7 [label = "", shape = square, style = filled, color=grey, fixedsize=true, width=.2];
	s0 -> q0
	s1 -> q1
	q3 -> q1 [label = "c"];
	q0 -> q3 [label = "a, c"];
	q1 -> q1 [label = "a"];
	q3 -> q0 [label = "b"];
	q0 -> q0 [label = "a"];
	q5 -> m7 [label = "b"];
	q2 -> q1 [label = "b"];
	q1 -> m2 [label = "b"];
	q0 -> m2 [label = "c"];
	q2 -> m1 [label = "a"];
	q4 -> q1 [label = "c"];
	q5 -> q0 [label = "a"];
	q4 -> m3 [label = "a"];
	q2 -> q2 [label = "a, c"];
	q4 -> m0 [label = "c"];
	q0 -> q2 [label = "b"];
	q0 -> q1 [label = "b"];
	q5 -> q5 [label = "c"];
	q3 -> q5 [label = "c"];
	q3 -> q2 [label = "a"];
	q4 -> q0 [label = "b"];
	q3 -> q3 [label = "b"];
	q4 -> q4 [label = "a"];
	q1 -> m5 [label = "b"];
	q3 -> q4 [label = "a"];
	q5 -> m4 [label = "a, c"];
	q1 -> q0 [label = "c"];
	q1 -> m6 [label = "c"];
	q4 -> m6 [label = "b"];
	q2 -> q3 [label = "c"];
	q5 -> q2 [label = "b"];
	m0 -> q1;
	m0 -> q2;
	m1 -> q0;
	m1 -> q5;
	m2 -> q1;
	m2 -> q3;
	m3 -> q0;
	m3 -> q3;
	m4 -> q1;
	m4 -> q4;
	m5 -> q0;
	m5 -> q1;
	m6 -> q1;
	m6 -> q5;
	m7 -> q4;
	m7 -> q5;
}

L* output after 7 EQ and 5347 MQ:
digraph finite_state_machine {
	rankdir=LR;
	node [shape = circle];
	s0 [shape = point, style = invis, start="true" ];
	q0 [label = "q0", shape = doublecircle, final="true" ];
	q1 [label = "q1", shape = doublecircle, final="true" ];
	q2 [label = "q2", shape = doublecircle, final="true" ];
	q3 [label = "q3", shape = doublecircle, final="true" ];
	q4 [label = "q4", shape = doublecircle, final="true" ];
	q5 [label = "q5", shape = doublecircle, final="true" ];
	q6 [label = "q6", shape = doublecircle, final="true" ];
	q7 [label = "q7", shape = doublecircle, final="true" ];
	q8 [label = "q8", shape = doublecircle, final="true" ];
	q9 [label = "q9", shape = doublecircle, final="true" ];
	q10 [label = "q10", shape = doublecircle, final="true" ];
	q11 [label = "q11", shape = doublecircle, final="true" ];
	q12 [label = "q12", shape = doublecircle, final="true" ];
	q13 [label = "q13", shape = doublecircle, final="true" ];
	q14 [label = "q14", shape = doublecircle, final="true" ];
	q15 [label = "q15", shape = doublecircle, final="true" ];
	q16 [label = "q16", shape = doublecircle, final="true" ];
	q17 [label = "q17", shape = doublecircle, final="true" ];
	q18 [label = "q18", shape = doublecircle, final="true" ];
	q19 [label = "q19", shape = doublecircle, final="true" ];
	q20 [label = "q20", shape = doublecircle, final="true" ];
	q21 [label = "q21"];
	q22 [label = "q22", shape = doublecircle, final="true" ];
	q23 [label = "q23", shape = doublecircle, final="true" ];
	q24 [label = "q24"];
	q25 [label = "q25", shape = doublecircle, final="true" ];
	q26 [label = "q26", shape = doublecircle, final="true" ];
	q27 [label = "q27", shape = doublecircle, final="true" ];
	q28 [label = "q28", shape = doublecircle, final="true" ];
	q29 [label = "q29", shape = doublecircle, final="true" ];
	q30 [label = "q30", shape = doublecircle, final="true" ];
	q31 [label = "q31", shape = doublecircle, final="true" ];
	q32 [label = "q32", shape = doublecircle, final="true" ];
	q33 [label = "q33", shape = doublecircle, final="true" ];
	q34 [label = "q34", shape = doublecircle, final="true" ];
	q35 [label = "q35", shape = doublecircle, final="true" ];
	q36 [label = "q36", shape = doublecircle, final="true" ];
	q37 [label = "q37", shape = doublecircle, final="true" ];
	q38 [label = "q38", shape = doublecircle, final="true" ];
	q39 [label = "q39"];
	q40 [label = "q40", shape = doublecircle, final="true" ];
	q41 [label = "q41", shape = doublecircle, final="true" ];
	q42 [label = "q42", shape = doublecircle, final="true" ];
	q43 [label = "q43", shape = doublecircle, final="true" ];
	s0 -> q27
	q41 -> q13 [label = "c"];
	q43 -> q25 [label = "b"];
	q40 -> q38 [label = "a"];
	q42 -> q25 [label = "b"];
	q39 -> q39 [label = "a"];
	q37 -> q25 [label = "b"];
	q35 -> q14 [label = "c"];
	q36 -> q32 [label = "b"];
	q33 -> q41 [label = "c"];
	q37 -> q38 [label = "c"];
	q38 -> q26 [label = "b"];
	q32 -> q38 [label = "c"];
	q36 -> q6 [label = "c"];
	q35 -> q9 [label = "a"];
	q33 -> q42 [label = "a"];
	q31 -> q27 [label = "a"];
	q29 -> q24 [label = "b"];
	q27 -> q22 [label = "c"];
	q30 -> q40 [label = "a"];
	q28 -> q11 [label = "b"];
	q32 -> q10 [label = "b"];
	q31 -> q36 [label = "c"];
	q25 -> q38 [label = "c"];
	q27 -> q26 [label = "a"];
	q36 -> q22 [label = "a"];
	q25 -> q24 [label = "b"];
	q27 -> q25 [label = "b"];
	q30 -> q34 [label = "b"];
	q35 -> q34 [label = "b"];
	q28 -> q38 [label = "a"];
	q24 -> q21 [label = "b"];
	q40 -> q11 [label = "b"];
	q25 -> q23 [label = "a"];
	q26 -> q26 [label = "a, b, c"];
	q40 -> q5 [label = "c"];
	q23 -> q11 [label = "a"];
	q21 -> q21 [label = "b"];
	q30 -> q35 [label = "c"];
	q9 -> q25 [label = "b"];
	q34 -> q41 [label = "c"];
	q15 -> q22 [label = "c"];
	q9 -> q38 [label = "a"];
	q24 -> q24 [label = "a"];
	q12 -> q28 [label = "a"];
	q28 -> q19 [label = "c"];
	q6 -> q2 [label = "c"];
	q11 -> q38 [label = "c"];
	q13 -> q26 [label = "b, c"];
	q19 -> q15 [label = "c"];
	q18 -> q28 [label = "a"];
	q22 -> q26 [label = "b"];
	q10 -> q22 [label = "c"];
	q16 -> q26 [label = "a, c"];
	q38 -> q13 [label = "c"];
	q7 -> q4 [label = "a"];
	q15 -> q32 [label = "b"];
	q0 -> q6 [label = "c"];
	q38 -> q38 [label = "a"];
	q16 -> q11 [label = "b"];
	q11 -> q25 [label = "b"];
	q43 -> q41 [label = "c"];
	q42 -> q41 [label = "c"];
	q4 -> q38 [label = "a"];
	q12 -> q25 [label = "b"];
	q20 -> q22 [label = "a"];
	q21 -> q18 [label = "c"];
	q14 -> q34 [label = "b"];
	q18 -> q30 [label = "c"];
	q42 -> q38 [label = "a"];
	q13 -> q16 [label = "a"];
	q5 -> q1 [label = "a"];
	q39 -> q21 [label = "b"];
	q39 -> q12 [label = "c"];
	q11 -> q26 [label = "a"];
	q19 -> q16 [label = "a"];
	q17 -> q38 [label = "b"];
	q3 -> q3 [label = "c"];
	q18 -> q29 [label = "b"];
	q8 -> q24 [label = "b"];
	q14 -> q28 [label = "a"];
	q14 -> q3 [label = "c"];
	q0 -> q38 [label = "a"];
	q20 -> q25 [label = "b"];
	q29 -> q33 [label = "a"];
	q10 -> q8 [label = "b"];
	q17 -> q31 [label = "c"];
	q34 -> q43 [label = "a"];
	q29 -> q41 [label = "c"];
	q15 -> q26 [label = "a"];
	q21 -> q39 [label = "a"];
	q6 -> q4 [label = "a"];
	q37 -> q16 [label = "a"];
	q22 -> q19 [label = "c"];
	q4 -> q13 [label = "c"];
	q22 -> q38 [label = "a"];
	q23 -> q38 [label = "c"];
	q34 -> q10 [label = "b"];
	q32 -> q37 [label = "a"];
	q19 -> q38 [label = "b"];
	q24 -> q20 [label = "c"];
	q3 -> q4 [label = "a"];
	q9 -> q7 [label = "c"];
	q5 -> q26 [label = "b, c"];
	q33 -> q25 [label = "b"];
	q2 -> q0 [label = "c"];
	q17 -> q40 [label = "a"];
	q6 -> q38 [label = "b"];
	q41 -> q4 [label = "a"];
	q8 -> q22 [label = "c"];
	q20 -> q17 [label = "c"];
	q2 -> q16 [label = "a"];
	q1 -> q26 [label = "c"];
	q31 -> q34 [label = "b"];
	q7 -> q26 [label = "b"];
	q1 -> q11 [label = "b"];
	q43 -> q4 [label = "a"];
	q23 -> q25 [label = "b"];
	q10 -> q37 [label = "a"];
	q8 -> q23 [label = "a"];
	q7 -> q19 [label = "c"];
	q3 -> q34 [label = "b"];
	q1 -> q16 [label = "a"];
	q0 -> q32 [label = "b"];
	q2 -> q34 [label = "b"];
	q41 -> q26 [label = "b"];
	q4 -> q11 [label = "b"];
	q12 -> q17 [label = "c"];
}
DFA size: 44 states

NL* output after 10 EQ and 5190 MQ:
digraph finite_state_machine {
	rankdir=LR;
	node [shape = circle];
	s0 [shape = point, style = invis, start="true" ];
	s1 [shape = point, style = invis, start="true" ];
	s2 [shape = point, style = invis, start="true" ];
	s3 [shape = point, style = invis, start="true" ];
	s4 [shape = point, style = invis, start="true" ];
	s5 [shape = point, style = invis, start="true" ];
	s6 [shape = point, style = invis, start="true" ];
	s7 [shape = point, style = invis, start="true" ];
	q0 [label = "q0", shape = doublecircle, final="true" ];
	q1 [label = "q1", shape = doublecircle, final="true" ];
	q2 [label = "q2", shape = doublecircle, final="true" ];
	q3 [label = "q3", shape = doublecircle, final="true" ];
	q4 [label = "q4"];
	q5 [label = "q5"];
	q6 [label = "q6", shape = doublecircle, final="true" ];
	q7 [label = "q7", shape = doublecircle, final="true" ];
	q8 [label = "q8", shape = doublecircle, final="true" ];
	q9 [label = "q9", shape = doublecircle, final="true" ];
	q10 [label = "q10", shape = doublecircle, final="true" ];
	q11 [label = "q11", shape = doublecircle, final="true" ];
	q12 [label = "q12"];
	q13 [label = "q13", shape = doublecircle, final="true" ];
	q14 [label = "q14", shape = doublecircle, final="true" ];
	q15 [label = "q15", shape = doublecircle, final="true" ];
	q16 [label = "q16", shape = doublecircle, final="true" ];
	q17 [label = "q17", shape = doublecircle, final="true" ];
	q18 [label = "q18", shape = doublecircle, final="true" ];
	s0 -> q2
	s1 -> q3
	s2 -> q4
	s3 -> q5
	s4 -> q12
	s5 -> q14
	s6 -> q15
	s7 -> q16
	q11 -> q14 [label = "a"];
	q11 -> q3 [label = "a"];
	q15 -> q8 [label = "c"];
	q15 -> q6 [label = "c"];
	q15 -> q3 [label = "c"];
	q9 -> q3 [label = "a"];
	q11 -> q12 [label = "a, b"];
	q11 -> q7 [label = "b"];
	q11 -> q4 [label = "a, b"];
	q13 -> q13 [label = "c"];
	q13 -> q11 [label = "c"];
	q12 -> q12 [label = "a"];
	q14 -> q12 [label = "b"];
	q14 -> q7 [label = "b"];
	q14 -> q5 [label = "b"];
	q8 -> q12 [label = "b"];
	q8 -> q10 [label = "b"];
	q8 -> q4 [label = "b, c"];
	q10 -> q5 [label = "b"];
	q12 -> q2 [label = "c"];
	q8 -> q17 [label = "a"];
	q4 -> q2 [label = "c"];
	q15 -> q11 [label = "c"];
	q2 -> q12 [label = "b"];
	q0 -> q18 [label = "c"];
	q0 -> q16 [label = "a, b, c"];
	q0 -> q14 [label = "a, b, c"];
	q0 -> q13 [label = "c"];
	q10 -> q16 [label = "b"];
	q0 -> q11 [label = "c"];
	q15 -> q1 [label = "c"];
	q0 -> q10 [label = "a, c"];
	q0 -> q9 [label = "a, b, c"];
	q0 -> q8 [label = "c"];
	q0 -> q5 [label = "a, b, c"];
	q0 -> q2 [label = "a, b, c"];
	q0 -> q0 [label = "a, c"];
	q4 -> q12 [label = "a"];
	q5 -> q14 [label = "c"];
	q0 -> q15 [label = "a, b, c"];
	q3 -> q12 [label = "b"];
	q2 -> q14 [label = "a"];
	q7 -> q13 [label = "c"];
	q15 -> q13 [label = "c"];
	q3 -> q7 [label = "b"];
	q7 -> q11 [label = "c"];
	q7 -> q10 [label = "c"];
	q7 -> q8 [label = "c"];
	q11 -> q10 [label = "b"];
	q7 -> q2 [label = "c"];
	q7 -> q1 [label = "c"];
	q2 -> q6 [label = "a"];
	q1 -> q14 [label = "b"];
	q1 -> q13 [label = "b"];
	q1 -> q10 [label = "b"];
	q2 -> q3 [label = "a"];
	q1 -> q8 [label = "b"];
	q1 -> q6 [label = "b"];
	q1 -> q2 [label = "b"];
	q1 -> q1 [label = "b"];
	q3 -> q11 [label = "a"];
	q3 -> q4 [label = "a, b"];
	q2 -> q4 [label = "a, b"];
	q3 -> q3 [label = "a"];
	q7 -> q5 [label = "b"];
	q3 -> q13 [label = "a"];
	q5 -> q12 [label = "a"];
	q12 -> q14 [label = "c"];
	q13 -> q14 [label = "a"];
	q7 -> q14 [label = "c"];
	q15 -> q7 [label = "a"];
	q10 -> q14 [label = "a, c"];
	q15 -> q12 [label = "a, b"];
	q9 -> q14 [label = "a, c"];
	q2 -> q2 [label = "a"];
	q3 -> q16 [label = "b"];
	q16 -> q9 [label = "a"];
	q16 -> q5 [label = "a, b"];
	q16 -> q11 [label = "c"];
	q16 -> q8 [label = "c"];
	q15 -> q2 [label = "a, c"];
	q18 -> q7 [label = "a, b, c"];
	q0 -> q1 [label = "c"];
	q10 -> q1 [label = "c"];
	q13 -> q4 [label = "a, b, c"];
	q7 -> q4 [label = "a, b, c"];
	q16 -> q15 [label = "a"];
	q16 -> q13 [label = "c"];
	q18 -> q10 [label = "a, b, c"];
	q10 -> q2 [label = "a, c"];
	q16 -> q14 [label = "c"];
	q9 -> q16 [label = "b"];
	q0 -> q3 [label = "a, b, c"];
	q17 -> q6 [label = "a"];
	q1 -> q9 [label = "b"];
	q14 -> q6 [label = "a"];
	q17 -> q14 [label = "a, b"];
	q17 -> q9 [label = "a, b"];
	q15 -> q15 [label = "a"];
	q18 -> q12 [label = "a, b, c"];
	q9 -> q2 [label = "a, c"];
	q18 -> q1 [label = "b, c"];
	q1 -> q7 [label = "b"];
	q16 -> q3 [label = "c"];
	q17 -> q17 [label = "a"];
	q18 -> q11 [label = "b, c"];
	q18 -> q2 [label = "a, b, c"];
	q18 -> q18 [label = "b, c"];
	q7 -> q12 [label = "a, b, c"];
	q16 -> q16 [label = "a"];
	q18 -> q3 [label = "b, c"];
	q18 -> q6 [label = "b, c"];
	q18 -> q9 [label = "a, b, c"];
	q15 -> q4 [label = "a, b, c"];
	q17 -> q13 [label = "a"];
	q17 -> q15 [label = "b, c"];
	q5 -> q4 [label = "a, b"];
	q10 -> q13 [label = "c"];
	q15 -> q5 [label = "a, b"];
	q9 -> q7 [label = "a, b, c"];
	q17 -> q3 [label = "a, b"];
	q10 -> q10 [label = "c"];
	q0 -> q7 [label = "a, b, c"];
	q1 -> q3 [label = "b"];
	q18 -> q16 [label = "a, b, c"];
	q17 -> q10 [label = "a, c"];
	q16 -> q6 [label = "c"];
	q17 -> q16 [label = "b, c"];
	q16 -> q7 [label = "a"];
	q15 -> q16 [label = "a, b"];
	q17 -> q11 [label = "a"];
	q9 -> q13 [label = "c"];
	q16 -> q2 [label = "c"];
	q18 -> q17 [label = "b, c"];
	q16 -> q4 [label = "a, b, c"];
	q1 -> q5 [label = "c"];
	q18 -> q0 [label = "a, b, c"];
	q7 -> q7 [label = "a, c"];
	q13 -> q8 [label = "c"];
	q17 -> q4 [label = "a, b, c"];
	q9 -> q4 [label = "a, b, c"];
	q8 -> q7 [label = "b"];
	q17 -> q5 [label = "b, c"];
	q14 -> q8 [label = "c"];
	q18 -> q4 [label = "a, b, c"];
	q18 -> q5 [label = "a, b, c"];
	q16 -> q12 [label = "a, b"];
	q15 -> q9 [label = "a"];
	q0 -> q4 [label = "a, b, c"];
	q18 -> q14 [label = "a, b, c"];
	q9 -> q5 [label = "b"];
	q17 -> q7 [label = "a, b, c"];
	q9 -> q9 [label = "a, c"];
	q17 -> q18 [label = "c"];
	q17 -> q1 [label = "a"];
	q13 -> q6 [label = "a"];
	q6 -> q16 [label = "b"];
	q7 -> q9 [label = "a, c"];
	q13 -> q7 [label = "b"];
	q5 -> q2 [label = "c"];
	q17 -> q12 [label = "a, b, c"];
	q11 -> q2 [label = "a, c"];
	q3 -> q2 [label = "a"];
	q18 -> q15 [label = "a, b, c"];
	q11 -> q13 [label = "c"];
	q1 -> q17 [label = "a, b"];
	q14 -> q2 [label = "a"];
	q17 -> q8 [label = "a"];
	q14 -> q3 [label = "a"];
	q0 -> q6 [label = "a, c"];
	q3 -> q14 [label = "a"];
	q14 -> q4 [label = "a, b"];
	q14 -> q14 [label = "a"];
	q18 -> q13 [label = "b, c"];
	q1 -> q4 [label = "b, c"];
	q6 -> q14 [label = "a, b"];
	q6 -> q5 [label = "b, c"];
	q10 -> q8 [label = "c"];
	q10 -> q9 [label = "a, c"];
	q8 -> q11 [label = "c"];
	q5 -> q3 [label = "c"];
	q15 -> q14 [label = "a, c"];
	q9 -> q1 [label = "c"];
	q13 -> q12 [label = "b"];
	q10 -> q11 [label = "c"];
	q0 -> q12 [label = "a, b, c"];
	q12 -> q4 [label = "a, b"];
	q10 -> q12 [label = "a, b, c"];
	q10 -> q4 [label = "a, b, c"];
	q9 -> q8 [label = "c"];
	q13 -> q2 [label = "a, c"];
	q18 -> q8 [label = "b, c"];
	q5 -> q5 [label = "a"];
	q3 -> q5 [label = "b"];
	q13 -> q3 [label = "a"];
	q9 -> q10 [label = "c"];
	q9 -> q11 [label = "c"];
	q6 -> q4 [label = "a, b, c"];
	q6 -> q2 [label = "a, b, c"];
	q9 -> q12 [label = "a, b, c"];
	q14 -> q16 [label = "b"];
	q3 -> q1 [label = "a, c"];
	q10 -> q15 [label = "b"];
	q2 -> q7 [label = "b"];
	q3 -> q8 [label = "a, c"];
	q14 -> q1 [label = "c"];
	q2 -> q8 [label = "c"];
	q6 -> q15 [label = "b"];
	q0 -> q17 [label = "a, c"];
	q6 -> q1 [label = "a, c"];
	q6 -> q3 [label = "a, b"];
	q16 -> q1 [label = "c"];
	q6 -> q6 [label = "a"];
	q6 -> q7 [label = "a, b"];
	q13 -> q10 [label = "b"];
	q6 -> q8 [label = "a, c"];
	q6 -> q9 [label = "a, b"];
	q4 -> q4 [label = "a, b"];
	q6 -> q10 [label = "a"];
	q3 -> q6 [label = "a"];
	q6 -> q11 [label = "a, c"];
	q6 -> q13 [label = "a, c"];
	q10 -> q7 [label = "a, c"];
	q6 -> q17 [label = "a"];
	q6 -> q12 [label = "a, b, c"];
	q1 -> q11 [label = "b, c"];
	q17 -> q2 [label = "a, b"];
	q1 -> q12 [label = "b, c"];
}
NFA size: 19 states

AL* output after 12 EQ and 3330 MQ:
digraph finite_state_machine {
	rankdir=LR;
	node [shape = circle];
	s0 [shape = point, style = invis, start="true" ];
	s1 [shape = point, style = invis, start="true" ];
	q0 [label = "q0", shape = doublecircle, final="true" ];
	q1 [label = "q1", shape = doublecircle, final="true" ];
	q2 [label = "q2", shape = doublecircle, final="true" ];
	q3 [label = "q3"];
	q4 [label = "q4", shape = doublecircle, final="true" ];
	q5 [label = "q5", shape = doublecircle, final="true" ];
	q6 [label = "q6", shape = doublecircle, final="true" ];
	q7 [label = "q7", shape = doublecircle, final="true" ];
	q8 [label = "q8", shape = doublecircle, final="true" ];
	m0 [label = "", shape = square, style = filled, color=grey, fixedsize=true, width=.2];
	m1 [label = "", shape = square, style = filled, color=grey, fixedsize=true, width=.2];
	m2 [label = "", shape = square, style = filled, color=grey, fixedsize=true, width=.2];
	m3 [label = "", shape = square, style = filled, color=grey, fixedsize=true, width=.2];
	m4 [label = "", shape = square, style = filled, color=grey, fixedsize=true, width=.2];
	m5 [label = "", shape = square, style = filled, color=grey, fixedsize=true, width=.2];
	m6 [label = "", shape = square, style = filled, color=grey, fixedsize=true, width=.2];
	m7 [label = "", shape = square, style = filled, color=grey, fixedsize=true, width=.2];
	m8 [label = "", shape = square, style = filled, color=grey, fixedsize=true, width=.2];
	m9 [label = "", shape = square, style = filled, color=grey, fixedsize=true, width=.2];
	m10 [label = "", shape = square, style = filled, color=grey, fixedsize=true, width=.2];
	m11 [label = "", shape = square, style = filled, color=grey, fixedsize=true, width=.2];
	m12 [label = "", shape = square, style = filled, color=grey, fixedsize=true, width=.2];
	m13 [label = "", shape = square, style = filled, color=grey, fixedsize=true, width=.2];
	m14 [label = "", shape = square, style = filled, color=grey, fixedsize=true, width=.2];
	s0 -> m0
	s1 -> m1
	q5 -> m3 [label = "b"];
	q7 -> m2 [label = "a"];
	q0 -> m2 [label = "c"];
	q6 -> m0 [label = "b"];
	q6 -> m3 [label = "a, c"];
	q4 -> m2 [label = "b"];
	q5 -> m0 [label = "c"];
	q2 -> m3 [label = "b, c"];
	q5 -> m10 [label = "a"];
	q8 -> m1 [label = "c"];
	q7 -> m4 [label = "b"];
	q1 -> m14 [label = "b"];
	q1 -> m6 [label = "b"];
	q2 -> m0 [label = "a, b, c"];
	q3 -> m1 [label = "c"];
	q0 -> m1 [label = "c"];
	q1 -> m5 [label = "c"];
	q7 -> m1 [label = "a, b"];
	q5 -> m1 [label = "a, b"];
	q2 -> m10 [label = "a"];
	q6 -> m4 [label = "b"];
	q0 -> m4 [label = "a"];
	q2 -> m1 [label = "b, c"];
	q6 -> m6 [label = "b"];
	q2 -> m5 [label = "a"];
	q2 -> m6 [label = "a"];
	q0 -> m5 [label = "a"];
	q8 -> m4 [label = "a"];
	q7 -> m3 [label = "a, c"];
	q6 -> m5 [label = "c"];
	q1 -> m0 [label = "b"];
	q8 -> m6 [label = "a"];
	q4 -> m7 [label = "c"];
	q0 -> m6 [label = "a, b"];
	q4 -> m1 [label = "a, c"];
	q1 -> m11 [label = "c"];
	q0 -> m8 [label = "a"];
	q3 -> m11 [label = "b"];
	q0 -> m0 [label = "a, b"];
	q5 -> m7 [label = "c"];
	q7 -> m0 [label = "b, c"];
	q0 -> m3 [label = "c"];
	q4 -> m0 [label = "a"];
	q5 -> m5 [label = "c"];
	q1 -> m1 [label = "a"];
	q1 -> m3 [label = "a, c"];
	q8 -> m3 [label = "c"];
	q3 -> m13 [label = "b"];
	q0 -> m9 [label = "b"];
	q6 -> m1 [label = "a"];
	q8 -> m5 [label = "a"];
	q7 -> m6 [label = "c"];
	q4 -> m12 [label = "b"];
	q3 -> m12 [label = "b, c"];
	q1 -> m4 [label = "b"];
	q5 -> m2 [label = "a, b"];
	q8 -> m0 [label = "a, b"];
	q3 -> m0 [label = "a"];
	q4 -> m6 [label = "b"];
	q4 -> m4 [label = "b"];
	q8 -> m2 [label = "c"];
	q4 -> m14 [label = "b"];
	m0 -> q0;
	m0 -> q2;
	m0 -> q3;
	m0 -> q4;
	m0 -> q8;
	m1 -> q1;
	m1 -> q6;
	m1 -> q7;
	m2 -> q0;
	m2 -> q2;
	m2 -> q3;
	m2 -> q4;
	m2 -> q7;
	m2 -> q8;
	m3 -> q2;
	m3 -> q5;
	m4 -> q0;
	m4 -> q2;
	m4 -> q5;
	m4 -> q7;
	m4 -> q8;
	m5 -> q1;
	m5 -> q4;
	m5 -> q5;
	m5 -> q6;
	m5 -> q7;
	m6 -> q0;
	m6 -> q1;
	m6 -> q2;
	m6 -> q6;
	m6 -> q7;
	m6 -> q8;
	m7 -> q1;
	m7 -> q2;
	m7 -> q4;
	m7 -> q5;
	m8 -> q1;
	m8 -> q2;
	m8 -> q5;
	m8 -> q6;
	m8 -> q7;
	m9 -> q0;
	m9 -> q1;
	m9 -> q2;
	m9 -> q4;
	m9 -> q5;
	m9 -> q6;
	m9 -> q7;
	m10 -> q2;
	m10 -> q5;
	m10 -> q7;
	m11 -> q0;
	m11 -> q1;
	m11 -> q2;
	m11 -> q3;
	m11 -> q4;
	m11 -> q6;
	m11 -> q7;
	m11 -> q8;
	m12 -> q0;
	m12 -> q1;
	m12 -> q2;
	m12 -> q3;
	m12 -> q4;
	m12 -> q5;
	m12 -> q6;
	m12 -> q8;
	m13 -> q0;
	m13 -> q2;
	m13 -> q3;
	m13 -> q4;
	m13 -> q5;
	m13 -> q7;
	m13 -> q8;
	m14 -> q0;
	m14 -> q1;
	m14 -> q2;
	m14 -> q4;
	m14 -> q5;
	m14 -> q7;
}
AFA size: 9 states

