Random target AFA:
digraph finite_state_machine {
	rankdir=LR;
	node [shape = circle];
	s0 [shape = point, style = invis, start="true" ];
	s1 [shape = point, style = invis, start="true" ];
	q0 [label = "q0"];
	q1 [label = "q1"];
	q2 [label = "q2"];
	q3 [label = "q3", shape = doublecircle, final="true" ];
	q4 [label = "q4"];
	q5 [label = "q5", shape = doublecircle, final="true" ];
	m0 [label = "", shape = square, style = filled, color=grey, fixedsize=true, width=.2];
	m1 [label = "", shape = square, style = filled, color=grey, fixedsize=true, width=.2];
	m2 [label = "", shape = square, style = filled, color=grey, fixedsize=true, width=.2];
	m3 [label = "", shape = square, style = filled, color=grey, fixedsize=true, width=.2];
	m4 [label = "", shape = square, style = filled, color=grey, fixedsize=true, width=.2];
	m5 [label = "", shape = square, style = filled, color=grey, fixedsize=true, width=.2];
	m6 [label = "", shape = square, style = filled, color=grey, fixedsize=true, width=.2];
	m7 [label = "", shape = square, style = filled, color=grey, fixedsize=true, width=.2];
	m8 [label = "", shape = square, style = filled, color=grey, fixedsize=true, width=.2];
	s0 -> q2
	s1 -> q1
	q3 -> q4 [label = "c"];
	q5 -> m0 [label = "b"];
	q5 -> m3 [label = "b"];
	q1 -> m8 [label = "c"];
	q3 -> m6 [label = "a"];
	q1 -> m0 [label = "b"];
	q3 -> q1 [label = "a, b"];
	q3 -> m5 [label = "b"];
	q1 -> q5 [label = "a, b"];
	q4 -> m0 [label = "c"];
	q0 -> m2 [label = "a"];
	q4 -> m2 [label = "b"];
	q4 -> q4 [label = "a, b"];
	q1 -> q4 [label = "a"];
	q5 -> q1 [label = "a, c"];
	q4 -> m1 [label = "c"];
	q0 -> q5 [label = "a, c"];
	q2 -> m3 [label = "b"];
	q0 -> m4 [label = "b"];
	q1 -> q2 [label = "c"];
	q5 -> m7 [label = "a"];
	q2 -> q2 [label = "b, c"];
	q5 -> q0 [label = "c"];
	q3 -> q0 [label = "c"];
	q0 -> q3 [label = "b"];
	q2 -> q0 [label = "a, c"];
	q2 -> q3 [label = "a"];
	q4 -> q3 [label = "a"];
	m0 -> q2;
	m0 -> q4;
	m1 -> q1;
	m1 -> q5;
	m2 -> q0;
	m2 -> q3;
	m3 -> q1;
	m3 -> q2;
	m4 -> q1;
	m4 -> q3;
	m5 -> q4;
	m5 -> q5;
	m6 -> q3;
	m6 -> q5;
	m7 -> q1;
	m7 -> q4;
	m8 -> q2;
	m8 -> q3;
}

L* output after 9 EQ and 6953 MQ:
digraph finite_state_machine {
	rankdir=LR;
	node [shape = circle];
	s0 [shape = point, style = invis, start="true" ];
	q0 [label = "q0"];
	q1 [label = "q1", shape = doublecircle, final="true" ];
	q2 [label = "q2", shape = doublecircle, final="true" ];
	q3 [label = "q3"];
	q4 [label = "q4", shape = doublecircle, final="true" ];
	q5 [label = "q5", shape = doublecircle, final="true" ];
	q6 [label = "q6", shape = doublecircle, final="true" ];
	q7 [label = "q7", shape = doublecircle, final="true" ];
	q8 [label = "q8", shape = doublecircle, final="true" ];
	q9 [label = "q9"];
	q10 [label = "q10", shape = doublecircle, final="true" ];
	q11 [label = "q11", shape = doublecircle, final="true" ];
	q12 [label = "q12"];
	q13 [label = "q13", shape = doublecircle, final="true" ];
	q14 [label = "q14"];
	q15 [label = "q15"];
	q16 [label = "q16", shape = doublecircle, final="true" ];
	q17 [label = "q17", shape = doublecircle, final="true" ];
	q18 [label = "q18", shape = doublecircle, final="true" ];
	q19 [label = "q19"];
	q20 [label = "q20"];
	q21 [label = "q21"];
	q22 [label = "q22", shape = doublecircle, final="true" ];
	q23 [label = "q23", shape = doublecircle, final="true" ];
	q24 [label = "q24"];
	q25 [label = "q25", shape = doublecircle, final="true" ];
	q26 [label = "q26", shape = doublecircle, final="true" ];
	q27 [label = "q27", shape = doublecircle, final="true" ];
	q28 [label = "q28"];
	q29 [label = "q29", shape = doublecircle, final="true" ];
	q30 [label = "q30"];
	q31 [label = "q31", shape = doublecircle, final="true" ];
	q32 [label = "q32", shape = doublecircle, final="true" ];
	q33 [label = "q33", shape = doublecircle, final="true" ];
	q34 [label = "q34"];
	q35 [label = "q35"];
	q36 [label = "q36"];
	q37 [label = "q37", shape = doublecircle, final="true" ];
	q38 [label = "q38", shape = doublecircle, final="true" ];
	q39 [label = "q39", shape = doublecircle, final="true" ];
	q40 [label = "q40", shape = doublecircle, final="true" ];
	q41 [label = "q41", shape = doublecircle, final="true" ];
	q42 [label = "q42"];
	q43 [label = "q43", shape = doublecircle, final="true" ];
	q44 [label = "q44", shape = doublecircle, final="true" ];
	q45 [label = "q45", shape = doublecircle, final="true" ];
	q46 [label = "q46", shape = doublecircle, final="true" ];
	q47 [label = "q47", shape = doublecircle, final="true" ];
	q48 [label = "q48", shape = doublecircle, final="true" ];
	q49 [label = "q49", shape = doublecircle, final="true" ];
	q50 [label = "q50", shape = doublecircle, final="true" ];
	s0 -> q34
	q41 -> q36 [label = "c"];
	q47 -> q26 [label = "b"];
	q43 -> q27 [label = "a"];
	q41 -> q26 [label = "a"];
	q44 -> q45 [label = "a"];
	q42 -> q47 [label = "a"];
	q40 -> q49 [label = "b"];
	q40 -> q26 [label = "a"];
	q42 -> q42 [label = "b"];
	q44 -> q23 [label = "c"];
	q39 -> q27 [label = "a"];
	q35 -> q3 [label = "c"];
	q39 -> q42 [label = "b"];
	q45 -> q44 [label = "c"];
	q28 -> q38 [label = "c"];
	q32 -> q25 [label = "a"];
	q1 -> q6 [label = "b"];
	q14 -> q14 [label = "b"];
	q49 -> q19 [label = "b"];
	q3 -> q37 [label = "b"];
	q2 -> q24 [label = "c"];
	q29 -> q27 [label = "a"];
	q39 -> q24 [label = "c"];
	q7 -> q5 [label = "a"];
	q11 -> q40 [label = "a"];
	q13 -> q40 [label = "a"];
	q15 -> q2 [label = "b"];
	q10 -> q24 [label = "c"];
	q21 -> q38 [label = "c"];
	q12 -> q12 [label = "b"];
	q13 -> q6 [label = "b"];
	q33 -> q31 [label = "c"];
	q22 -> q46 [label = "c"];
	q46 -> q29 [label = "b"];
	q22 -> q41 [label = "b"];
	q48 -> q20 [label = "b"];
	q33 -> q27 [label = "a, b"];
	q9 -> q7 [label = "c"];
	q26 -> q39 [label = "b"];
	q40 -> q24 [label = "c"];
	q18 -> q36 [label = "c"];
	q43 -> q24 [label = "c"];
	q16 -> q26 [label = "a"];
	q15 -> q47 [label = "a"];
	q17 -> q45 [label = "a"];
	q23 -> q37 [label = "b"];
	q12 -> q28 [label = "c"];
	q48 -> q36 [label = "c"];
	q8 -> q27 [label = "a"];
	q4 -> q8 [label = "b"];
	q46 -> q27 [label = "a"];
	q7 -> q23 [label = "c"];
	q5 -> q26 [label = "a"];
	q50 -> q27 [label = "a"];
	q43 -> q2 [label = "b"];
	q24 -> q33 [label = "a"];
	q31 -> q27 [label = "a"];
	q49 -> q5 [label = "a"];
	q21 -> q47 [label = "a"];
	q38 -> q25 [label = "a"];
	q47 -> q27 [label = "a"];
	q50 -> q23 [label = "c"];
	q41 -> q43 [label = "b"];
	q49 -> q24 [label = "c"];
	q38 -> q23 [label = "c"];
	q31 -> q29 [label = "b"];
	q19 -> q12 [label = "b"];
	q32 -> q30 [label = "b"];
	q11 -> q9 [label = "c"];
	q7 -> q18 [label = "b"];
	q42 -> q3 [label = "c"];
	q20 -> q17 [label = "b"];
	q24 -> q38 [label = "c"];
	q16 -> q4 [label = "b"];
	q44 -> q48 [label = "b"];
	q22 -> q40 [label = "a"];
	q47 -> q21 [label = "c"];
	q17 -> q24 [label = "c"];
	q11 -> q10 [label = "b"];
	q45 -> q27 [label = "a, b"];
	q19 -> q16 [label = "a"];
	q27 -> q27 [label = "a"];
	q50 -> q18 [label = "b"];
	q17 -> q14 [label = "b"];
	q36 -> q38 [label = "c"];
	q30 -> q28 [label = "c"];
	q3 -> q38 [label = "c"];
	q14 -> q33 [label = "a"];
	q18 -> q5 [label = "a"];
	q20 -> q3 [label = "c"];
	q34 -> q32 [label = "b"];
	q18 -> q15 [label = "b"];
	q48 -> q45 [label = "a"];
	q30 -> q30 [label = "b"];
	q16 -> q21 [label = "c"];
	q24 -> q37 [label = "b"];
	q20 -> q33 [label = "a"];
	q5 -> q36 [label = "c"];
	q28 -> q37 [label = "b"];
	q4 -> q27 [label = "a"];
	q1 -> q31 [label = "c"];
	q26 -> q27 [label = "a"];
	q0 -> q3 [label = "c"];
	q6 -> q27 [label = "a"];
	q14 -> q3 [label = "c"];
	q6 -> q43 [label = "b"];
	q0 -> q32 [label = "b"];
	q9 -> q29 [label = "b"];
	q32 -> q24 [label = "c"];
	q3 -> q1 [label = "a"];
	q0 -> q33 [label = "a"];
	q4 -> q24 [label = "c"];
	q2 -> q5 [label = "a"];
	q8 -> q24 [label = "c"];
	q10 -> q8 [label = "b"];
	q5 -> q4 [label = "b"];
	q10 -> q26 [label = "a"];
	q12 -> q11 [label = "a"];
	q30 -> q22 [label = "a"];
	q6 -> q36 [label = "c"];
	q2 -> q12 [label = "b"];
	q9 -> q47 [label = "a"];
	q15 -> q3 [label = "c"];
	q19 -> q3 [label = "c"];
	q21 -> q29 [label = "b"];
	q46 -> q50 [label = "c"];
	q23 -> q45 [label = "a"];
	q37 -> q0 [label = "b"];
	q13 -> q31 [label = "c"];
	q26 -> q24 [label = "c"];
	q36 -> q48 [label = "b"];
	q28 -> q13 [label = "a"];
	q25 -> q26 [label = "a"];
	q1 -> q26 [label = "a"];
	q27 -> q26 [label = "b"];
	q8 -> q19 [label = "b"];
	q29 -> q36 [label = "c"];
	q31 -> q23 [label = "c"];
	q25 -> q44 [label = "c"];
	q27 -> q36 [label = "c"];
	q29 -> q35 [label = "b"];
	q25 -> q6 [label = "b"];
	q34 -> q33 [label = "a"];
	q36 -> q33 [label = "a"];
	q38 -> q37 [label = "b"];
	q35 -> q39 [label = "b"];
	q34 -> q28 [label = "c"];
	q23 -> q23 [label = "c"];
	q37 -> q36 [label = "c"];
	q35 -> q47 [label = "a"];
	q37 -> q25 [label = "a"];
}
DFA size: 51 states

NL* output after 11 EQ and 2955 MQ:
digraph finite_state_machine {
	rankdir=LR;
	node [shape = circle];
	s0 [shape = point, style = invis, start="true" ];
	s1 [shape = point, style = invis, start="true" ];
	s2 [shape = point, style = invis, start="true" ];
	q0 [label = "q0", shape = doublecircle, final="true" ];
	q1 [label = "q1", shape = doublecircle, final="true" ];
	q2 [label = "q2", shape = doublecircle, final="true" ];
	q3 [label = "q3"];
	q4 [label = "q4", shape = doublecircle, final="true" ];
	q5 [label = "q5"];
	q6 [label = "q6"];
	q7 [label = "q7"];
	q8 [label = "q8"];
	q9 [label = "q9", shape = doublecircle, final="true" ];
	q10 [label = "q10", shape = doublecircle, final="true" ];
	q11 [label = "q11", shape = doublecircle, final="true" ];
	q12 [label = "q12", shape = doublecircle, final="true" ];
	q13 [label = "q13", shape = doublecircle, final="true" ];
	q14 [label = "q14", shape = doublecircle, final="true" ];
	q15 [label = "q15"];
	q16 [label = "q16", shape = doublecircle, final="true" ];
	q17 [label = "q17", shape = doublecircle, final="true" ];
	q18 [label = "q18"];
	q19 [label = "q19"];
	q20 [label = "q20", shape = doublecircle, final="true" ];
	q21 [label = "q21", shape = doublecircle, final="true" ];
	s0 -> q7
	s1 -> q8
	s2 -> q19
	q18 -> q7 [label = "c"];
	q18 -> q6 [label = "c"];
	q17 -> q19 [label = "a, b, c"];
	q17 -> q15 [label = "a, b, c"];
	q17 -> q14 [label = "a, b"];
	q17 -> q4 [label = "a, b"];
	q16 -> q8 [label = "c"];
	q16 -> q7 [label = "c"];
	q20 -> q21 [label = "a"];
	q20 -> q17 [label = "a"];
	q18 -> q21 [label = "a"];
	q19 -> q21 [label = "a"];
	q18 -> q17 [label = "a"];
	q18 -> q9 [label = "a"];
	q16 -> q15 [label = "b, c"];
	q18 -> q19 [label = "b, c"];
	q16 -> q21 [label = "a"];
	q16 -> q17 [label = "a"];
	q17 -> q20 [label = "a, b"];
	q16 -> q12 [label = "a"];
	q16 -> q11 [label = "a"];
	q16 -> q4 [label = "a"];
	q20 -> q18 [label = "c"];
	q20 -> q8 [label = "c"];
	q20 -> q6 [label = "c"];
	q15 -> q21 [label = "a"];
	q11 -> q8 [label = "c"];
	q11 -> q7 [label = "c"];
	q11 -> q6 [label = "c"];
	q14 -> q21 [label = "a"];
	q16 -> q6 [label = "c"];
	q18 -> q20 [label = "b"];
	q14 -> q17 [label = "a"];
	q14 -> q12 [label = "a"];
	q17 -> q3 [label = "c"];
	q10 -> q13 [label = "c"];
	q13 -> q21 [label = "a"];
	q13 -> q5 [label = "a, b"];
	q13 -> q4 [label = "a"];
	q9 -> q3 [label = "c"];
	q16 -> q19 [label = "b, c"];
	q3 -> q1 [label = "c"];
	q7 -> q10 [label = "a"];
	q13 -> q9 [label = "a"];
	q6 -> q0 [label = "a"];
	q16 -> q3 [label = "c"];
	q1 -> q7 [label = "c"];
	q1 -> q6 [label = "c"];
	q1 -> q2 [label = "c"];
	q1 -> q1 [label = "c"];
	q16 -> q5 [label = "c"];
	q5 -> q17 [label = "a"];
	q5 -> q9 [label = "a"];
	q3 -> q21 [label = "a"];
	q3 -> q17 [label = "a"];
	q3 -> q9 [label = "a"];
	q1 -> q16 [label = "b"];
	q5 -> q5 [label = "b"];
	q1 -> q15 [label = "b, c"];
	q2 -> q6 [label = "c"];
	q1 -> q14 [label = "b, c"];
	q7 -> q6 [label = "c"];
	q3 -> q20 [label = "b, c"];
	q3 -> q15 [label = "b, c"];
	q18 -> q15 [label = "b, c"];
	q3 -> q2 [label = "b"];
	q3 -> q5 [label = "b"];
	q1 -> q21 [label = "a"];
	q17 -> q2 [label = "a, b"];
	q1 -> q12 [label = "a"];
	q1 -> q11 [label = "a, c"];
	q20 -> q15 [label = "c"];
	q14 -> q7 [label = "c"];
	q2 -> q14 [label = "a"];
	q13 -> q12 [label = "a"];
	q10 -> q11 [label = "a, b"];
	q16 -> q18 [label = "b, c"];
	q15 -> q17 [label = "a"];
	q8 -> q15 [label = "b"];
	q7 -> q21 [label = "a"];
	q12 -> q19 [label = "a, b, c"];
	q11 -> q19 [label = "a, b, c"];
	q17 -> q5 [label = "a, c"];
	q8 -> q7 [label = "b, c"];
	q8 -> q6 [label = "c"];
	q2 -> q7 [label = "c"];
	q8 -> q3 [label = "a"];
	q13 -> q20 [label = "a, b, c"];
	q11 -> q4 [label = "a"];
	q14 -> q19 [label = "b, c"];
	q2 -> q8 [label = "c"];
	q13 -> q18 [label = "a, c"];
	q12 -> q14 [label = "a, b"];
	q13 -> q14 [label = "a, b, c"];
	q13 -> q11 [label = "a, c"];
	q14 -> q15 [label = "b, c"];
	q12 -> q11 [label = "a"];
	q5 -> q6 [label = "c"];
	q12 -> q5 [label = "a, c"];
	q11 -> q15 [label = "a, b, c"];
	q12 -> q18 [label = "a, b, c"];
	q10 -> q3 [label = "c"];
	q9 -> q21 [label = "a"];
	q0 -> q19 [label = "b, c"];
	q12 -> q2 [label = "a, b"];
	q13 -> q19 [label = "a, b, c"];
	q5 -> q7 [label = "c"];
	q19 -> q6 [label = "c"];
	q14 -> q6 [label = "c"];
	q13 -> q15 [label = "a, b, c"];
	q6 -> q7 [label = "b, c"];
	q11 -> q14 [label = "a, b"];
	q12 -> q20 [label = "a, b"];
	q6 -> q21 [label = "a"];
	q11 -> q2 [label = "a"];
	q9 -> q20 [label = "a, b"];
	q9 -> q12 [label = "a"];
	q15 -> q19 [label = "b, c"];
	q20 -> q12 [label = "a"];
	q8 -> q0 [label = "a"];
	q9 -> q11 [label = "a, b"];
	q19 -> q19 [label = "b, c"];
	q11 -> q11 [label = "a"];
	q9 -> q4 [label = "a, b"];
	q4 -> q8 [label = "c"];
	q9 -> q17 [label = "a"];
	q1 -> q8 [label = "c"];
	q9 -> q18 [label = "a, b, c"];
	q8 -> q9 [label = "a"];
	q9 -> q5 [label = "a, b, c"];
	q17 -> q11 [label = "a, b"];
	q11 -> q20 [label = "a, b"];
	q19 -> q7 [label = "c"];
	q2 -> q17 [label = "a"];
	q9 -> q2 [label = "a, b"];
	q0 -> q1 [label = "c"];
	q13 -> q16 [label = "a, b"];
	q3 -> q19 [label = "b, c"];
	q21 -> q11 [label = "a, b"];
	q0 -> q16 [label = "b"];
	q21 -> q4 [label = "b"];
	q15 -> q7 [label = "c"];
	q20 -> q11 [label = "a"];
	q7 -> q7 [label = "b, c"];
	q4 -> q20 [label = "a, b"];
	q9 -> q15 [label = "a, b, c"];
	q1 -> q17 [label = "a"];
	q2 -> q16 [label = "a"];
	q13 -> q17 [label = "a"];
	q8 -> q20 [label = "b"];
	q12 -> q15 [label = "a, b, c"];
	q8 -> q19 [label = "b, c"];
	q1 -> q18 [label = "c"];
	q9 -> q14 [label = "a, b"];
	q12 -> q6 [label = "c"];
	q4 -> q15 [label = "a, b, c"];
	q15 -> q6 [label = "c"];
	q5 -> q21 [label = "a"];
	q2 -> q5 [label = "a"];
	q17 -> q18 [label = "a, b, c"];
	q9 -> q9 [label = "a"];
	q20 -> q7 [label = "c"];
	q6 -> q20 [label = "b, c"];
	q14 -> q8 [label = "c"];
	q4 -> q7 [label = "c"];
	q8 -> q10 [label = "a"];
	q13 -> q2 [label = "a, b, c"];
	q10 -> q4 [label = "b"];
	q8 -> q13 [label = "a"];
	q12 -> q7 [label = "c"];
	q15 -> q15 [label = "c"];
	q4 -> q6 [label = "c"];
	q4 -> q19 [label = "a, b, c"];
	q0 -> q11 [label = "a, b, c"];
	q2 -> q15 [label = "a, b, c"];
	q2 -> q19 [label = "a, b, c"];
	q8 -> q21 [label = "a"];
	q14 -> q18 [label = "c"];
	q6 -> q6 [label = "c"];
	q7 -> q19 [label = "b, c"];
	q6 -> q1 [label = "c"];
	q6 -> q15 [label = "b, c"];
	q21 -> q3 [label = "c"];
	q14 -> q4 [label = "a"];
	q3 -> q14 [label = "b, c"];
	q2 -> q20 [label = "a"];
	q6 -> q19 [label = "b, c"];
	q12 -> q4 [label = "a"];
	q10 -> q12 [label = "b"];
	q0 -> q12 [label = "b"];
	q0 -> q2 [label = "b, c"];
	q11 -> q18 [label = "a, c"];
	q0 -> q4 [label = "b, c"];
	q0 -> q14 [label = "b, c"];
	q9 -> q16 [label = "a"];
	q0 -> q3 [label = "c"];
	q0 -> q15 [label = "b, c"];
	q0 -> q18 [label = "b, c"];
	q12 -> q8 [label = "c"];
	q2 -> q4 [label = "a"];
	q20 -> q19 [label = "b, c"];
	q0 -> q20 [label = "b, c"];
	q3 -> q16 [label = "b"];
	q4 -> q11 [label = "a"];
	q2 -> q2 [label = "a"];
	q14 -> q11 [label = "a"];
	q1 -> q20 [label = "b, c"];
	q2 -> q9 [label = "a"];
	q9 -> q19 [label = "a, b, c"];
	q2 -> q11 [label = "a"];
	q2 -> q12 [label = "a"];
	q2 -> q18 [label = "a, c"];
	q1 -> q19 [label = "b, c"];
	q2 -> q21 [label = "a"];
	q11 -> q5 [label = "a"];
	q4 -> q18 [label = "a, c"];
	q0 -> q5 [label = "c"];
	q5 -> q19 [label = "b, c"];
	q13 -> q1 [label = "c"];
	q0 -> q13 [label = "c"];
	q8 -> q17 [label = "a"];
	q4 -> q2 [label = "a, b"];
	q4 -> q14 [label = "a, b"];
	q6 -> q10 [label = "a"];
	q12 -> q3 [label = "c"];
	q4 -> q4 [label = "a"];
	q4 -> q5 [label = "a"];
	q6 -> q16 [label = "b"];
	q5 -> q15 [label = "b, c"];
	q20 -> q4 [label = "a"];
	q6 -> q14 [label = "b, c"];
	q1 -> q4 [label = "a"];
}
NFA size: 22 states

AL* output after 11 EQ and 1347 MQ:
digraph finite_state_machine {
	rankdir=LR;
	node [shape = circle];
	s0 [shape = point, style = invis, start="true" ];
	s1 [shape = point, style = invis, start="true" ];
	s2 [shape = point, style = invis, start="true" ];
	q0 [label = "q0", shape = doublecircle, final="true" ];
	q1 [label = "q1", shape = doublecircle, final="true" ];
	q2 [label = "q2", shape = doublecircle, final="true" ];
	q3 [label = "q3"];
	q4 [label = "q4", shape = doublecircle, final="true" ];
	q5 [label = "q5"];
	q6 [label = "q6", shape = doublecircle, final="true" ];
	q7 [label = "q7"];
	q8 [label = "q8"];
	q9 [label = "q9", shape = doublecircle, final="true" ];
	q10 [label = "q10", shape = doublecircle, final="true" ];
	m0 [label = "", shape = square, style = filled, color=grey, fixedsize=true, width=.2];
	m1 [label = "", shape = square, style = filled, color=grey, fixedsize=true, width=.2];
	m2 [label = "", shape = square, style = filled, color=grey, fixedsize=true, width=.2];
	m3 [label = "", shape = square, style = filled, color=grey, fixedsize=true, width=.2];
	m4 [label = "", shape = square, style = filled, color=grey, fixedsize=true, width=.2];
	m5 [label = "", shape = square, style = filled, color=grey, fixedsize=true, width=.2];
	m6 [label = "", shape = square, style = filled, color=grey, fixedsize=true, width=.2];
	m7 [label = "", shape = square, style = filled, color=grey, fixedsize=true, width=.2];
	m8 [label = "", shape = square, style = filled, color=grey, fixedsize=true, width=.2];
	m9 [label = "", shape = square, style = filled, color=grey, fixedsize=true, width=.2];
	m10 [label = "", shape = square, style = filled, color=grey, fixedsize=true, width=.2];
	m11 [label = "", shape = square, style = filled, color=grey, fixedsize=true, width=.2];
	s0 -> m0
	s1 -> m1
	s2 -> m2
	q9 -> m6 [label = "b"];
	q9 -> m10 [label = "a"];
	q9 -> m2 [label = "a, b"];
	q9 -> m7 [label = "a, b"];
	q9 -> m0 [label = "a, b"];
	q8 -> m1 [label = "b, c"];
	q10 -> m7 [label = "a"];
	q10 -> m6 [label = "a"];
	q8 -> m11 [label = "a"];
	q6 -> m3 [label = "a, c"];
	q10 -> m1 [label = "b, c"];
	q7 -> m4 [label = "b"];
	q6 -> m0 [label = "b"];
	q2 -> m4 [label = "a, c"];
	q4 -> m0 [label = "a, b"];
	q8 -> m3 [label = "a, c"];
	q10 -> m3 [label = "a, c"];
	q8 -> m6 [label = "a, b"];
	q6 -> m7 [label = "a"];
	q2 -> m3 [label = "c"];
	q10 -> m2 [label = "a, c"];
	q6 -> m5 [label = "a, b, c"];
	q1 -> m0 [label = "b"];
	q9 -> m3 [label = "c"];
	q1 -> m3 [label = "a, c"];
	q9 -> m4 [label = "a, c"];
	q3 -> m3 [label = "a, c"];
	q5 -> m3 [label = "a, c"];
	q7 -> m5 [label = "a"];
	q9 -> m5 [label = "c"];
	q1 -> m2 [label = "a, b"];
	q1 -> m6 [label = "a"];
	q2 -> m0 [label = "a, b"];
	q1 -> m1 [label = "b, c"];
	q2 -> m7 [label = "a, b"];
	q3 -> m4 [label = "c"];
	q2 -> m1 [label = "c"];
	q0 -> m4 [label = "a, c"];
	q6 -> m6 [label = "a"];
	q7 -> m1 [label = "b, c"];
	q5 -> m1 [label = "b, c"];
	q0 -> m10 [label = "a"];
	q5 -> m6 [label = "a"];
	q7 -> m6 [label = "a"];
	q4 -> m5 [label = "a, b, c"];
	q7 -> m3 [label = "a, c"];
	q2 -> m9 [label = "b"];
	q3 -> m5 [label = "a, b"];
	q1 -> m8 [label = "b"];
	q3 -> m1 [label = "b, c"];
	q1 -> m5 [label = "c"];
	q0 -> m7 [label = "a, b, c"];
	q1 -> m7 [label = "a"];
	q2 -> m2 [label = "b"];
	q0 -> m3 [label = "c"];
	q8 -> m4 [label = "c"];
	q0 -> m5 [label = "c"];
	q0 -> m9 [label = "b"];
	q6 -> m1 [label = "b, c"];
	q0 -> m6 [label = "b"];
	q0 -> m0 [label = "a, b"];
	q0 -> m2 [label = "a, b"];
	q2 -> m5 [label = "a, c"];
	q3 -> m6 [label = "a, b"];
	q2 -> m6 [label = "b"];
	q4 -> m7 [label = "a, b, c"];
	q4 -> m3 [label = "c"];
	q4 -> m6 [label = "a, b"];
	q4 -> m4 [label = "c"];
	m0 -> q0;
	m0 -> q2;
	m0 -> q3;
	m0 -> q4;
	m0 -> q7;
	m0 -> q8;
	m0 -> q9;
	m1 -> q1;
	m1 -> q3;
	m1 -> q5;
	m1 -> q6;
	m1 -> q7;
	m1 -> q8;
	m1 -> q10;
	m2 -> q2;
	m2 -> q3;
	m2 -> q4;
	m2 -> q6;
	m2 -> q7;
	m3 -> q0;
	m3 -> q2;
	m3 -> q3;
	m3 -> q4;
	m3 -> q8;
	m3 -> q9;
	m4 -> q0;
	m4 -> q1;
	m4 -> q2;
	m4 -> q4;
	m4 -> q6;
	m4 -> q9;
	m4 -> q10;
	m5 -> q3;
	m5 -> q4;
	m5 -> q6;
	m6 -> q0;
	m6 -> q1;
	m6 -> q2;
	m6 -> q4;
	m6 -> q6;
	m6 -> q9;
	m7 -> q1;
	m7 -> q2;
	m7 -> q3;
	m7 -> q5;
	m7 -> q6;
	m7 -> q7;
	m7 -> q8;
	m7 -> q10;
	m8 -> q0;
	m8 -> q1;
	m8 -> q2;
	m8 -> q3;
	m8 -> q4;
	m8 -> q6;
	m8 -> q8;
	m8 -> q9;
	m8 -> q10;
	m9 -> q1;
	m9 -> q3;
	m9 -> q4;
	m9 -> q5;
	m9 -> q6;
	m9 -> q7;
	m9 -> q8;
	m9 -> q10;
	m10 -> q0;
	m10 -> q1;
	m10 -> q2;
	m10 -> q3;
	m10 -> q4;
	m10 -> q6;
	m10 -> q8;
	m10 -> q9;
	m11 -> q0;
	m11 -> q1;
	m11 -> q2;
	m11 -> q3;
	m11 -> q4;
	m11 -> q5;
	m11 -> q6;
	m11 -> q7;
	m11 -> q8;
	m11 -> q10;
}
AFA size: 11 states

AL** output after 12 EQ and 1347 MQ:
digraph finite_state_machine {
	rankdir=LR;
	node [shape = circle];
	s0 [shape = point, style = invis, start="true" ];
	s1 [shape = point, style = invis, start="true" ];
	s2 [shape = point, style = invis, start="true" ];
	q0 [label = "q0", shape = doublecircle, final="true" ];
	q1 [label = "q1", shape = doublecircle, final="true" ];
	q2 [label = "q2", shape = doublecircle, final="true" ];
	q3 [label = "q3"];
	q4 [label = "q4", shape = doublecircle, final="true" ];
	q5 [label = "q5"];
	q6 [label = "q6", shape = doublecircle, final="true" ];
	q7 [label = "q7"];
	q8 [label = "q8"];
	q9 [label = "q9", shape = doublecircle, final="true" ];
	q10 [label = "q10", shape = doublecircle, final="true" ];
	m0 [label = "", shape = square, style = filled, color=grey, fixedsize=true, width=.2];
	m1 [label = "", shape = square, style = filled, color=grey, fixedsize=true, width=.2];
	m2 [label = "", shape = square, style = filled, color=grey, fixedsize=true, width=.2];
	m3 [label = "", shape = square, style = filled, color=grey, fixedsize=true, width=.2];
	m4 [label = "", shape = square, style = filled, color=grey, fixedsize=true, width=.2];
	m5 [label = "", shape = square, style = filled, color=grey, fixedsize=true, width=.2];
	m6 [label = "", shape = square, style = filled, color=grey, fixedsize=true, width=.2];
	m7 [label = "", shape = square, style = filled, color=grey, fixedsize=true, width=.2];
	m8 [label = "", shape = square, style = filled, color=grey, fixedsize=true, width=.2];
	m9 [label = "", shape = square, style = filled, color=grey, fixedsize=true, width=.2];
	m10 [label = "", shape = square, style = filled, color=grey, fixedsize=true, width=.2];
	m11 [label = "", shape = square, style = filled, color=grey, fixedsize=true, width=.2];
	s0 -> m0
	s1 -> m1
	s2 -> m2
	q9 -> m6 [label = "b"];
	q9 -> m10 [label = "a"];
	q9 -> m2 [label = "a, b"];
	q9 -> m7 [label = "a, b"];
	q9 -> m0 [label = "a, b"];
	q8 -> m1 [label = "b, c"];
	q10 -> m7 [label = "a"];
	q10 -> m6 [label = "a"];
	q8 -> m11 [label = "a"];
	q6 -> m3 [label = "a, c"];
	q10 -> m1 [label = "b, c"];
	q7 -> m4 [label = "b"];
	q6 -> m0 [label = "b"];
	q2 -> m4 [label = "a, c"];
	q4 -> m0 [label = "a, b"];
	q8 -> m3 [label = "a, c"];
	q10 -> m3 [label = "a, c"];
	q8 -> m6 [label = "a, b"];
	q6 -> m7 [label = "a"];
	q2 -> m3 [label = "c"];
	q10 -> m2 [label = "a, c"];
	q6 -> m5 [label = "a, b, c"];
	q1 -> m0 [label = "b"];
	q9 -> m3 [label = "c"];
	q1 -> m3 [label = "a, c"];
	q9 -> m4 [label = "a, c"];
	q3 -> m3 [label = "a, c"];
	q5 -> m3 [label = "a, c"];
	q7 -> m5 [label = "a"];
	q9 -> m5 [label = "c"];
	q1 -> m2 [label = "a, b"];
	q1 -> m6 [label = "a"];
	q2 -> m0 [label = "a, b"];
	q1 -> m1 [label = "b, c"];
	q2 -> m7 [label = "a, b"];
	q3 -> m4 [label = "c"];
	q2 -> m1 [label = "c"];
	q0 -> m4 [label = "a, c"];
	q6 -> m6 [label = "a"];
	q7 -> m1 [label = "b, c"];
	q5 -> m1 [label = "b, c"];
	q0 -> m10 [label = "a"];
	q5 -> m6 [label = "a"];
	q7 -> m6 [label = "a"];
	q4 -> m5 [label = "a, b, c"];
	q7 -> m3 [label = "a, c"];
	q2 -> m9 [label = "b"];
	q3 -> m5 [label = "a, b"];
	q1 -> m8 [label = "b"];
	q3 -> m1 [label = "b, c"];
	q1 -> m5 [label = "c"];
	q0 -> m7 [label = "a, b, c"];
	q1 -> m7 [label = "a"];
	q2 -> m2 [label = "b"];
	q0 -> m3 [label = "c"];
	q8 -> m4 [label = "c"];
	q0 -> m5 [label = "c"];
	q0 -> m9 [label = "b"];
	q6 -> m1 [label = "b, c"];
	q0 -> m6 [label = "b"];
	q0 -> m0 [label = "a, b"];
	q0 -> m2 [label = "a, b"];
	q2 -> m5 [label = "a, c"];
	q3 -> m6 [label = "a, b"];
	q2 -> m6 [label = "b"];
	q4 -> m7 [label = "a, b, c"];
	q4 -> m3 [label = "c"];
	q4 -> m6 [label = "a, b"];
	q4 -> m4 [label = "c"];
	m0 -> q0;
	m0 -> q2;
	m0 -> q3;
	m0 -> q4;
	m0 -> q7;
	m0 -> q8;
	m0 -> q9;
	m1 -> q1;
	m1 -> q3;
	m1 -> q5;
	m1 -> q6;
	m1 -> q7;
	m1 -> q8;
	m1 -> q10;
	m2 -> q2;
	m2 -> q3;
	m2 -> q4;
	m2 -> q6;
	m2 -> q7;
	m3 -> q0;
	m3 -> q2;
	m3 -> q3;
	m3 -> q4;
	m3 -> q8;
	m3 -> q9;
	m4 -> q0;
	m4 -> q1;
	m4 -> q2;
	m4 -> q4;
	m4 -> q6;
	m4 -> q9;
	m4 -> q10;
	m5 -> q3;
	m5 -> q4;
	m5 -> q6;
	m6 -> q0;
	m6 -> q1;
	m6 -> q2;
	m6 -> q4;
	m6 -> q6;
	m6 -> q9;
	m7 -> q1;
	m7 -> q2;
	m7 -> q3;
	m7 -> q5;
	m7 -> q6;
	m7 -> q7;
	m7 -> q8;
	m7 -> q10;
	m8 -> q0;
	m8 -> q1;
	m8 -> q2;
	m8 -> q3;
	m8 -> q4;
	m8 -> q6;
	m8 -> q8;
	m8 -> q9;
	m8 -> q10;
	m9 -> q1;
	m9 -> q3;
	m9 -> q4;
	m9 -> q5;
	m9 -> q6;
	m9 -> q7;
	m9 -> q8;
	m9 -> q10;
	m10 -> q0;
	m10 -> q1;
	m10 -> q2;
	m10 -> q3;
	m10 -> q4;
	m10 -> q6;
	m10 -> q8;
	m10 -> q9;
	m11 -> q0;
	m11 -> q1;
	m11 -> q2;
	m11 -> q3;
	m11 -> q4;
	m11 -> q5;
	m11 -> q6;
	m11 -> q7;
	m11 -> q8;
	m11 -> q10;
}
RAFA size: 11 states

