Random target AFA:
digraph finite_state_machine {
	rankdir=LR;
	node [shape = circle];
	s0 [shape = point, style = invis, start="true" ];
	s1 [shape = point, style = invis, start="true" ];
	q0 [label = "q0"];
	q1 [label = "q1"];
	q2 [label = "q2", shape = doublecircle, final="true" ];
	q3 [label = "q3", shape = doublecircle, final="true" ];
	q4 [label = "q4"];
	q5 [label = "q5"];
	m0 [label = "", shape = square, style = filled, color=grey, fixedsize=true, width=.2];
	m1 [label = "", shape = square, style = filled, color=grey, fixedsize=true, width=.2];
	m2 [label = "", shape = square, style = filled, color=grey, fixedsize=true, width=.2];
	m3 [label = "", shape = square, style = filled, color=grey, fixedsize=true, width=.2];
	m4 [label = "", shape = square, style = filled, color=grey, fixedsize=true, width=.2];
	m5 [label = "", shape = square, style = filled, color=grey, fixedsize=true, width=.2];
	m6 [label = "", shape = square, style = filled, color=grey, fixedsize=true, width=.2];
	m7 [label = "", shape = square, style = filled, color=grey, fixedsize=true, width=.2];
	m8 [label = "", shape = square, style = filled, color=grey, fixedsize=true, width=.2];
	m9 [label = "", shape = square, style = filled, color=grey, fixedsize=true, width=.2];
	s0 -> q2
	s1 -> q0
	q3 -> m2 [label = "c"];
	q5 -> m9 [label = "b"];
	q2 -> q1 [label = "c"];
	q2 -> m4 [label = "a"];
	q2 -> q0 [label = "a"];
	q0 -> m3 [label = "b"];
	q4 -> q2 [label = "c"];
	q1 -> q0 [label = "a"];
	q4 -> q5 [label = "b"];
	q0 -> q3 [label = "b"];
	q4 -> m5 [label = "a"];
	q2 -> m2 [label = "b"];
	q3 -> q0 [label = "c"];
	q1 -> m0 [label = "a"];
	q2 -> q3 [label = "b"];
	q0 -> q0 [label = "a, c"];
	q2 -> m0 [label = "c"];
	q0 -> m1 [label = "a"];
	q1 -> q5 [label = "c"];
	q4 -> m3 [label = "a"];
	q0 -> q4 [label = "c"];
	q4 -> m0 [label = "c"];
	q5 -> m6 [label = "c"];
	q5 -> m7 [label = "c"];
	q1 -> q2 [label = "b"];
	q3 -> m6 [label = "b"];
	q3 -> q1 [label = "b"];
	q3 -> q2 [label = "a"];
	q5 -> q3 [label = "a, b"];
	q5 -> q1 [label = "a"];
	q1 -> q3 [label = "c"];
	q3 -> m8 [label = "a"];
	q4 -> q3 [label = "b"];
	m0 -> q0;
	m0 -> q1;
	m1 -> q2;
	m1 -> q4;
	m2 -> q1;
	m2 -> q5;
	m3 -> q1;
	m3 -> q4;
	m4 -> q2;
	m4 -> q5;
	m5 -> q1;
	m5 -> q2;
	m6 -> q3;
	m6 -> q5;
	m7 -> q0;
	m7 -> q4;
	m8 -> q0;
	m8 -> q3;
	m9 -> q0;
	m9 -> q5;
}

L* output after 10 EQ and 8805 MQ:
digraph finite_state_machine {
	rankdir=LR;
	node [shape = circle];
	s0 [shape = point, style = invis, start="true" ];
	q0 [label = "q0"];
	q1 [label = "q1", shape = doublecircle, final="true" ];
	q2 [label = "q2"];
	q3 [label = "q3", shape = doublecircle, final="true" ];
	q4 [label = "q4", shape = doublecircle, final="true" ];
	q5 [label = "q5", shape = doublecircle, final="true" ];
	q6 [label = "q6"];
	q7 [label = "q7", shape = doublecircle, final="true" ];
	q8 [label = "q8", shape = doublecircle, final="true" ];
	q9 [label = "q9", shape = doublecircle, final="true" ];
	q10 [label = "q10", shape = doublecircle, final="true" ];
	q11 [label = "q11", shape = doublecircle, final="true" ];
	q12 [label = "q12", shape = doublecircle, final="true" ];
	q13 [label = "q13", shape = doublecircle, final="true" ];
	q14 [label = "q14", shape = doublecircle, final="true" ];
	q15 [label = "q15", shape = doublecircle, final="true" ];
	q16 [label = "q16", shape = doublecircle, final="true" ];
	q17 [label = "q17"];
	q18 [label = "q18", shape = doublecircle, final="true" ];
	q19 [label = "q19", shape = doublecircle, final="true" ];
	q20 [label = "q20", shape = doublecircle, final="true" ];
	q21 [label = "q21", shape = doublecircle, final="true" ];
	q22 [label = "q22", shape = doublecircle, final="true" ];
	q23 [label = "q23", shape = doublecircle, final="true" ];
	q24 [label = "q24", shape = doublecircle, final="true" ];
	q25 [label = "q25"];
	q26 [label = "q26", shape = doublecircle, final="true" ];
	q27 [label = "q27", shape = doublecircle, final="true" ];
	q28 [label = "q28"];
	q29 [label = "q29", shape = doublecircle, final="true" ];
	q30 [label = "q30"];
	q31 [label = "q31", shape = doublecircle, final="true" ];
	q32 [label = "q32"];
	q33 [label = "q33", shape = doublecircle, final="true" ];
	q34 [label = "q34", shape = doublecircle, final="true" ];
	q35 [label = "q35"];
	q36 [label = "q36", shape = doublecircle, final="true" ];
	q37 [label = "q37", shape = doublecircle, final="true" ];
	q38 [label = "q38", shape = doublecircle, final="true" ];
	q39 [label = "q39", shape = doublecircle, final="true" ];
	q40 [label = "q40"];
	q41 [label = "q41"];
	q42 [label = "q42", shape = doublecircle, final="true" ];
	q43 [label = "q43", shape = doublecircle, final="true" ];
	q44 [label = "q44", shape = doublecircle, final="true" ];
	q45 [label = "q45", shape = doublecircle, final="true" ];
	q46 [label = "q46"];
	q47 [label = "q47", shape = doublecircle, final="true" ];
	q48 [label = "q48", shape = doublecircle, final="true" ];
	q49 [label = "q49", shape = doublecircle, final="true" ];
	s0 -> q33
	q41 -> q26 [label = "c"];
	q45 -> q22 [label = "a"];
	q47 -> q36 [label = "b"];
	q41 -> q21 [label = "b"];
	q47 -> q48 [label = "c"];
	q43 -> q36 [label = "b"];
	q45 -> q39 [label = "c"];
	q44 -> q33 [label = "a"];
	q46 -> q47 [label = "b"];
	q42 -> q22 [label = "a"];
	q46 -> q7 [label = "c"];
	q40 -> q24 [label = "a"];
	q42 -> q45 [label = "b"];
	q39 -> q22 [label = "a"];
	q37 -> q29 [label = "b"];
	q38 -> q22 [label = "a"];
	q3 -> q21 [label = "b"];
	q1 -> q32 [label = "a"];
	q18 -> q18 [label = "b"];
	q7 -> q45 [label = "b"];
	q28 -> q35 [label = "a"];
	q10 -> q29 [label = "b"];
	q13 -> q12 [label = "a"];
	q36 -> q18 [label = "b"];
	q15 -> q18 [label = "b"];
	q14 -> q33 [label = "a"];
	q16 -> q25 [label = "c"];
	q31 -> q20 [label = "a"];
	q43 -> q20 [label = "a"];
	q5 -> q24 [label = "a"];
	q13 -> q49 [label = "b"];
	q4 -> q22 [label = "a"];
	q22 -> q18 [label = "b"];
	q10 -> q35 [label = "a"];
	q5 -> q37 [label = "c"];
	q1 -> q0 [label = "c"];
	q22 -> q9 [label = "c"];
	q21 -> q18 [label = "a"];
	q6 -> q5 [label = "c"];
	q10 -> q8 [label = "c"];
	q38 -> q40 [label = "c"];
	q2 -> q6 [label = "c"];
	q2 -> q31 [label = "b"];
	q47 -> q33 [label = "a"];
	q20 -> q17 [label = "c"];
	q8 -> q22 [label = "a"];
	q26 -> q37 [label = "c"];
	q18 -> q33 [label = "a"];
	q20 -> q31 [label = "b"];
	q44 -> q46 [label = "c"];
	q0 -> q19 [label = "b"];
	q24 -> q43 [label = "b"];
	q28 -> q21 [label = "b"];
	q48 -> q49 [label = "b"];
	q18 -> q15 [label = "c"];
	q11 -> q5 [label = "c"];
	q4 -> q18 [label = "b"];
	q19 -> q36 [label = "b"];
	q7 -> q22 [label = "a"];
	q0 -> q3 [label = "c"];
	q1 -> q31 [label = "b"];
	q2 -> q32 [label = "a"];
	q43 -> q27 [label = "c"];
	q9 -> q42 [label = "c"];
	q41 -> q24 [label = "a"];
	q17 -> q35 [label = "a"];
	q49 -> q33 [label = "a"];
	q48 -> q2 [label = "a"];
	q49 -> q13 [label = "c"];
	q7 -> q3 [label = "c"];
	q19 -> q22 [label = "a"];
	q22 -> q33 [label = "a"];
	q3 -> q24 [label = "a"];
	q25 -> q21 [label = "b"];
	q28 -> q26 [label = "c"];
	q21 -> q27 [label = "c"];
	q20 -> q32 [label = "a"];
	q45 -> q18 [label = "b"];
	q16 -> q14 [label = "b"];
	q12 -> q31 [label = "b"];
	q23 -> q21 [label = "b"];
	q6 -> q19 [label = "b"];
	q40 -> q41 [label = "c"];
	q13 -> q7 [label = "c"];
	q36 -> q33 [label = "a"];
	q0 -> q35 [label = "a"];
	q34 -> q38 [label = "c"];
	q49 -> q36 [label = "b"];
	q4 -> q15 [label = "c"];
	q12 -> q6 [label = "c"];
	q8 -> q4 [label = "b"];
	q24 -> q11 [label = "c"];
	q27 -> q43 [label = "b"];
	q3 -> q37 [label = "c"];
	q30 -> q29 [label = "b"];
	q12 -> q32 [label = "a"];
	q40 -> q43 [label = "b"];
	q8 -> q8 [label = "c"];
	q44 -> q36 [label = "b"];
	q23 -> q10 [label = "c"];
	q11 -> q19 [label = "b"];
	q16 -> q12 [label = "a"];
	q9 -> q22 [label = "a"];
	q15 -> q7 [label = "c"];
	q11 -> q35 [label = "a"];
	q46 -> q12 [label = "a"];
	q9 -> q4 [label = "b"];
	q19 -> q16 [label = "c"];
	q21 -> q36 [label = "b"];
	q23 -> q24 [label = "a"];
	q17 -> q49 [label = "b"];
	q24 -> q32 [label = "a"];
	q25 -> q23 [label = "c"];
	q26 -> q19 [label = "b"];
	q42 -> q37 [label = "c"];
	q26 -> q35 [label = "a"];
	q30 -> q35 [label = "a"];
	q35 -> q11 [label = "c"];
	q48 -> q7 [label = "c"];
	q37 -> q24 [label = "a"];
	q39 -> q25 [label = "c"];
	q31 -> q34 [label = "b"];
	q14 -> q36 [label = "b"];
	q25 -> q24 [label = "a"];
	q5 -> q19 [label = "b"];
	q29 -> q13 [label = "c"];
	q6 -> q35 [label = "a"];
	q27 -> q12 [label = "a"];
	q31 -> q27 [label = "c"];
	q29 -> q22 [label = "a"];
	q15 -> q22 [label = "a"];
	q17 -> q7 [label = "c"];
	q32 -> q28 [label = "c"];
	q27 -> q25 [label = "c"];
	q29 -> q36 [label = "b"];
	q32 -> q32 [label = "a"];
	q14 -> q16 [label = "c"];
	q34 -> q44 [label = "b"];
	q36 -> q39 [label = "c"];
	q32 -> q31 [label = "b"];
	q38 -> q36 [label = "b"];
	q30 -> q42 [label = "c"];
	q34 -> q1 [label = "a"];
	q33 -> q32 [label = "a"];
	q35 -> q43 [label = "b"];
	q37 -> q8 [label = "c"];
	q33 -> q31 [label = "b"];
	q35 -> q32 [label = "a"];
	q33 -> q30 [label = "c"];
	q39 -> q36 [label = "b"];
}
DFA size: 50 states

NL* output after 11 EQ and 6776 MQ:
digraph finite_state_machine {
	rankdir=LR;
	node [shape = circle];
	s0 [shape = point, style = invis, start="true" ];
	s1 [shape = point, style = invis, start="true" ];
	s2 [shape = point, style = invis, start="true" ];
	s3 [shape = point, style = invis, start="true" ];
	q0 [label = "q0"];
	q1 [label = "q1", shape = doublecircle, final="true" ];
	q2 [label = "q2", shape = doublecircle, final="true" ];
	q3 [label = "q3"];
	q4 [label = "q4"];
	q5 [label = "q5", shape = doublecircle, final="true" ];
	q6 [label = "q6"];
	q7 [label = "q7"];
	q8 [label = "q8", shape = doublecircle, final="true" ];
	q9 [label = "q9", shape = doublecircle, final="true" ];
	q10 [label = "q10", shape = doublecircle, final="true" ];
	q11 [label = "q11"];
	q12 [label = "q12", shape = doublecircle, final="true" ];
	q13 [label = "q13", shape = doublecircle, final="true" ];
	q14 [label = "q14", shape = doublecircle, final="true" ];
	q15 [label = "q15"];
	q16 [label = "q16"];
	q17 [label = "q17", shape = doublecircle, final="true" ];
	q18 [label = "q18"];
	q19 [label = "q19", shape = doublecircle, final="true" ];
	q20 [label = "q20"];
	q21 [label = "q21", shape = doublecircle, final="true" ];
	q22 [label = "q22", shape = doublecircle, final="true" ];
	s0 -> q1
	s1 -> q9
	s2 -> q11
	s3 -> q20
	q18 -> q9 [label = "c"];
	q20 -> q10 [label = "b"];
	q22 -> q20 [label = "a"];
	q22 -> q1 [label = "a"];
	q17 -> q19 [label = "c"];
	q19 -> q20 [label = "a"];
	q17 -> q21 [label = "b"];
	q17 -> q10 [label = "b"];
	q17 -> q2 [label = "b"];
	q19 -> q17 [label = "b"];
	q17 -> q20 [label = "a"];
	q17 -> q1 [label = "a, c"];
	q16 -> q4 [label = "c"];
	q18 -> q11 [label = "a, c"];
	q18 -> q7 [label = "a, c"];
	q18 -> q0 [label = "c"];
	q16 -> q21 [label = "b"];
	q22 -> q11 [label = "a, c"];
	q18 -> q21 [label = "b"];
	q18 -> q10 [label = "b"];
	q16 -> q20 [label = "a, c"];
	q16 -> q11 [label = "a, c"];
	q16 -> q7 [label = "a, c"];
	q20 -> q4 [label = "c"];
	q20 -> q0 [label = "c"];
	q15 -> q20 [label = "a"];
	q13 -> q21 [label = "b"];
	q13 -> q10 [label = "b"];
	q13 -> q2 [label = "b"];
	q11 -> q7 [label = "c"];
	q11 -> q4 [label = "c"];
	q14 -> q22 [label = "a"];
	q14 -> q19 [label = "a"];
	q18 -> q20 [label = "a, c"];
	q14 -> q17 [label = "a"];
	q14 -> q15 [label = "a"];
	q14 -> q13 [label = "a"];
	q18 -> q4 [label = "c"];
	q18 -> q5 [label = "b"];
	q14 -> q8 [label = "a"];
	q19 -> q13 [label = "b"];
	q14 -> q7 [label = "a"];
	q13 -> q20 [label = "a"];
	q13 -> q11 [label = "a"];
	q3 -> q10 [label = "b, c"];
	q0 -> q11 [label = "a, c"];
	q6 -> q9 [label = "c"];
	q20 -> q11 [label = "a, c"];
	q7 -> q7 [label = "c"];
	q4 -> q20 [label = "a, c"];
	q0 -> q20 [label = "a, c"];
	q4 -> q9 [label = "c"];
	q10 -> q9 [label = "a"];
	q21 -> q10 [label = "b"];
	q4 -> q7 [label = "a, c"];
	q8 -> q20 [label = "a"];
	q14 -> q16 [label = "c"];
	q7 -> q0 [label = "c"];
	q19 -> q14 [label = "c"];
	q0 -> q16 [label = "c"];
	q8 -> q10 [label = "b"];
	q14 -> q2 [label = "a, b"];
	q22 -> q2 [label = "b"];
	q2 -> q10 [label = "b"];
	q12 -> q1 [label = "a"];
	q14 -> q10 [label = "a, b"];
	q10 -> q12 [label = "b"];
	q6 -> q18 [label = "c"];
	q8 -> q16 [label = "c"];
	q12 -> q14 [label = "c"];
	q19 -> q0 [label = "c"];
	q20 -> q20 [label = "c"];
	q14 -> q21 [label = "a, b"];
	q8 -> q6 [label = "c"];
	q14 -> q12 [label = "a, b"];
	q14 -> q1 [label = "a"];
	q2 -> q8 [label = "c"];
	q8 -> q1 [label = "a"];
	q19 -> q11 [label = "a, c"];
	q17 -> q11 [label = "a"];
	q11 -> q20 [label = "c"];
	q14 -> q20 [label = "a"];
	q15 -> q16 [label = "c"];
	q15 -> q21 [label = "c"];
	q19 -> q6 [label = "c"];
	q0 -> q7 [label = "a, c"];
	q16 -> q1 [label = "a"];
	q8 -> q21 [label = "b"];
	q0 -> q1 [label = "c"];
	q5 -> q13 [label = "a"];
	q13 -> q12 [label = "b"];
	q19 -> q5 [label = "c"];
	q19 -> q8 [label = "c"];
	q19 -> q2 [label = "b"];
	q21 -> q2 [label = "b"];
	q5 -> q10 [label = "a, b"];
	q5 -> q17 [label = "a"];
	q6 -> q7 [label = "a, c"];
	q19 -> q22 [label = "c"];
	q16 -> q10 [label = "b"];
	q9 -> q10 [label = "b"];
	q2 -> q11 [label = "a"];
	q21 -> q21 [label = "b"];
	q0 -> q21 [label = "b"];
	q19 -> q21 [label = "b, c"];
	q4 -> q0 [label = "c"];
	q15 -> q0 [label = "c"];
	q18 -> q1 [label = "a, c"];
	q1 -> q0 [label = "c"];
	q13 -> q9 [label = "a"];
	q15 -> q6 [label = "c"];
	q21 -> q12 [label = "b"];
	q2 -> q2 [label = "b"];
	q4 -> q11 [label = "a, c"];
	q3 -> q16 [label = "c"];
	q11 -> q11 [label = "a, c"];
	q9 -> q11 [label = "a"];
	q3 -> q17 [label = "b"];
	q16 -> q18 [label = "c"];
	q15 -> q1 [label = "a"];
	q15 -> q17 [label = "b"];
	q0 -> q10 [label = "b"];
	q3 -> q2 [label = "b"];
	q4 -> q21 [label = "b"];
	q8 -> q11 [label = "a, c"];
	q15 -> q14 [label = "c"];
	q17 -> q9 [label = "a"];
	q4 -> q1 [label = "c"];
	q12 -> q13 [label = "b"];
	q19 -> q10 [label = "b, c"];
	q2 -> q21 [label = "b"];
	q15 -> q22 [label = "c"];
	q15 -> q11 [label = "a, c"];
	q2 -> q12 [label = "b"];
	q21 -> q8 [label = "c"];
	q11 -> q10 [label = "b"];
	q6 -> q1 [label = "a, c"];
	q0 -> q2 [label = "b"];
	q0 -> q5 [label = "b"];
	q7 -> q1 [label = "c"];
	q6 -> q11 [label = "a, c"];
	q3 -> q6 [label = "c"];
	q13 -> q15 [label = "c"];
	q2 -> q1 [label = "a"];
	q14 -> q11 [label = "a, c"];
	q2 -> q9 [label = "a"];
	q22 -> q10 [label = "b"];
	q4 -> q4 [label = "c"];
	q6 -> q10 [label = "b"];
	q10 -> q8 [label = "c"];
	q6 -> q5 [label = "b"];
	q5 -> q21 [label = "a, b"];
	q0 -> q4 [label = "c"];
	q14 -> q9 [label = "a"];
	q19 -> q16 [label = "c"];
	q3 -> q14 [label = "c"];
	q2 -> q20 [label = "a"];
	q0 -> q6 [label = "c"];
	q3 -> q21 [label = "b, c"];
	q0 -> q8 [label = "c"];
	q22 -> q16 [label = "c"];
	q0 -> q9 [label = "c"];
	q22 -> q21 [label = "b"];
	q0 -> q18 [label = "c"];
	q5 -> q8 [label = "c"];
	q1 -> q11 [label = "a, c"];
	q17 -> q12 [label = "b"];
	q6 -> q21 [label = "b"];
	q5 -> q2 [label = "a, b"];
	q20 -> q7 [label = "c"];
	q5 -> q12 [label = "a, b"];
	q6 -> q20 [label = "a, c"];
	q3 -> q13 [label = "b"];
	q22 -> q6 [label = "c"];
	q15 -> q10 [label = "c"];
	q7 -> q4 [label = "c"];
	q1 -> q10 [label = "b"];
	q3 -> q11 [label = "a, c"];
	q3 -> q20 [label = "a"];
	q7 -> q11 [label = "a, c"];
	q3 -> q7 [label = "a"];
	q7 -> q10 [label = "b"];
	q6 -> q4 [label = "c"];
	q7 -> q21 [label = "b"];
	q5 -> q9 [label = "a"];
	q4 -> q5 [label = "b"];
	q15 -> q8 [label = "c"];
	q4 -> q10 [label = "b"];
	q2 -> q22 [label = "c"];
	q21 -> q9 [label = "a"];
	q3 -> q0 [label = "c"];
	q7 -> q20 [label = "c"];
	q3 -> q5 [label = "c"];
	q3 -> q8 [label = "c"];
	q15 -> q5 [label = "c"];
	q3 -> q22 [label = "c"];
	q9 -> q3 [label = "c"];
	q13 -> q1 [label = "a"];
}
NFA size: 23 states

