Random target AFA:
digraph finite_state_machine {
	rankdir=LR;
	node [shape = circle];
	s0 [shape = point, style = invis, start="true" ];
	s1 [shape = point, style = invis, start="true" ];
	q0 [label = "q0"];
	q1 [label = "q1"];
	q2 [label = "q2"];
	q3 [label = "q3", shape = doublecircle, final="true" ];
	q4 [label = "q4"];
	q5 [label = "q5", shape = doublecircle, final="true" ];
	m0 [label = "", shape = square, style = filled, color=grey, fixedsize=true, width=.2];
	m1 [label = "", shape = square, style = filled, color=grey, fixedsize=true, width=.2];
	m2 [label = "", shape = square, style = filled, color=grey, fixedsize=true, width=.2];
	m3 [label = "", shape = square, style = filled, color=grey, fixedsize=true, width=.2];
	m4 [label = "", shape = square, style = filled, color=grey, fixedsize=true, width=.2];
	m5 [label = "", shape = square, style = filled, color=grey, fixedsize=true, width=.2];
	m6 [label = "", shape = square, style = filled, color=grey, fixedsize=true, width=.2];
	m7 [label = "", shape = square, style = filled, color=grey, fixedsize=true, width=.2];
	m8 [label = "", shape = square, style = filled, color=grey, fixedsize=true, width=.2];
	s0 -> q0
	s1 -> q0
	q3 -> q1 [label = "c"];
	q5 -> m2 [label = "c"];
	q0 -> m0 [label = "b"];
	q4 -> q1 [label = "a"];
	q0 -> q2 [label = "a"];
	q4 -> m3 [label = "a"];
	q5 -> q0 [label = "a, c"];
	q1 -> q2 [label = "c"];
	q4 -> q5 [label = "c"];
	q0 -> m2 [label = "c"];
	q5 -> q2 [label = "a"];
	q0 -> m1 [label = "c"];
	q2 -> m1 [label = "a"];
	q1 -> q3 [label = "a"];
	q1 -> q4 [label = "a, c"];
	q3 -> q4 [label = "b"];
	q3 -> m4 [label = "b"];
	q2 -> q5 [label = "a, b"];
	q4 -> q4 [label = "b, c"];
	q1 -> m5 [label = "b"];
	q1 -> m6 [label = "b"];
	q0 -> q1 [label = "a, b"];
	q5 -> q5 [label = "b"];
	q3 -> q2 [label = "a"];
	q3 -> q5 [label = "a"];
	q4 -> m7 [label = "b"];
	q2 -> q1 [label = "c"];
	q2 -> q3 [label = "c"];
	q5 -> m4 [label = "b"];
	q3 -> m8 [label = "c"];
	m0 -> q1;
	m0 -> q4;
	m1 -> q3;
	m1 -> q4;
	m2 -> q1;
	m2 -> q2;
	m3 -> q0;
	m3 -> q1;
	m4 -> q2;
	m4 -> q3;
	m5 -> q0;
	m5 -> q3;
	m6 -> q0;
	m6 -> q4;
	m7 -> q2;
	m7 -> q5;
	m8 -> q1;
	m8 -> q5;
}

L* output after 11 EQ and 14094 MQ:
digraph finite_state_machine {
	rankdir=LR;
	node [shape = circle];
	s0 [shape = point, style = invis, start="true" ];
	q0 [label = "q0", shape = doublecircle, final="true" ];
	q1 [label = "q1"];
	q2 [label = "q2", shape = doublecircle, final="true" ];
	q3 [label = "q3", shape = doublecircle, final="true" ];
	q4 [label = "q4", shape = doublecircle, final="true" ];
	q5 [label = "q5", shape = doublecircle, final="true" ];
	q6 [label = "q6", shape = doublecircle, final="true" ];
	q7 [label = "q7", shape = doublecircle, final="true" ];
	q8 [label = "q8", shape = doublecircle, final="true" ];
	q9 [label = "q9"];
	q10 [label = "q10"];
	q11 [label = "q11"];
	q12 [label = "q12", shape = doublecircle, final="true" ];
	q13 [label = "q13", shape = doublecircle, final="true" ];
	q14 [label = "q14"];
	q15 [label = "q15", shape = doublecircle, final="true" ];
	q16 [label = "q16", shape = doublecircle, final="true" ];
	q17 [label = "q17", shape = doublecircle, final="true" ];
	q18 [label = "q18", shape = doublecircle, final="true" ];
	q19 [label = "q19"];
	q20 [label = "q20", shape = doublecircle, final="true" ];
	q21 [label = "q21", shape = doublecircle, final="true" ];
	q22 [label = "q22", shape = doublecircle, final="true" ];
	q23 [label = "q23", shape = doublecircle, final="true" ];
	q24 [label = "q24"];
	q25 [label = "q25", shape = doublecircle, final="true" ];
	q26 [label = "q26"];
	q27 [label = "q27"];
	q28 [label = "q28"];
	q29 [label = "q29"];
	q30 [label = "q30"];
	q31 [label = "q31"];
	q32 [label = "q32"];
	q33 [label = "q33"];
	q34 [label = "q34"];
	q35 [label = "q35", shape = doublecircle, final="true" ];
	q36 [label = "q36", shape = doublecircle, final="true" ];
	q37 [label = "q37", shape = doublecircle, final="true" ];
	q38 [label = "q38"];
	q39 [label = "q39"];
	q40 [label = "q40"];
	q41 [label = "q41", shape = doublecircle, final="true" ];
	q42 [label = "q42", shape = doublecircle, final="true" ];
	q43 [label = "q43"];
	q44 [label = "q44", shape = doublecircle, final="true" ];
	q45 [label = "q45"];
	q46 [label = "q46", shape = doublecircle, final="true" ];
	q47 [label = "q47", shape = doublecircle, final="true" ];
	q48 [label = "q48", shape = doublecircle, final="true" ];
	q49 [label = "q49"];
	q50 [label = "q50"];
	q51 [label = "q51", shape = doublecircle, final="true" ];
	q52 [label = "q52", shape = doublecircle, final="true" ];
	q53 [label = "q53", shape = doublecircle, final="true" ];
	q54 [label = "q54"];
	q55 [label = "q55"];
	q56 [label = "q56", shape = doublecircle, final="true" ];
	q57 [label = "q57", shape = doublecircle, final="true" ];
	q58 [label = "q58", shape = doublecircle, final="true" ];
	q59 [label = "q59"];
	q60 [label = "q60", shape = doublecircle, final="true" ];
	q61 [label = "q61", shape = doublecircle, final="true" ];
	q62 [label = "q62", shape = doublecircle, final="true" ];
	q63 [label = "q63", shape = doublecircle, final="true" ];
	q64 [label = "q64", shape = doublecircle, final="true" ];
	q65 [label = "q65", shape = doublecircle, final="true" ];
	q66 [label = "q66"];
	q67 [label = "q67"];
	q68 [label = "q68", shape = doublecircle, final="true" ];
	q69 [label = "q69", shape = doublecircle, final="true" ];
	q70 [label = "q70"];
	q71 [label = "q71"];
	q72 [label = "q72", shape = doublecircle, final="true" ];
	q73 [label = "q73"];
	q74 [label = "q74"];
	q75 [label = "q75", shape = doublecircle, final="true" ];
	q76 [label = "q76"];
	q77 [label = "q77", shape = doublecircle, final="true" ];
	q78 [label = "q78", shape = doublecircle, final="true" ];
	q79 [label = "q79", shape = doublecircle, final="true" ];
	q80 [label = "q80", shape = doublecircle, final="true" ];
	q81 [label = "q81"];
	s0 -> q39
	q41 -> q60 [label = "c"];
	q45 -> q51 [label = "a"];
	q43 -> q44 [label = "a"];
	q41 -> q47 [label = "a"];
	q43 -> q29 [label = "b"];
	q45 -> q28 [label = "c"];
	q40 -> q46 [label = "c"];
	q37 -> q56 [label = "b"];
	q39 -> q45 [label = "c"];
	q35 -> q34 [label = "a"];
	q35 -> q41 [label = "b"];
	q33 -> q17 [label = "a"];
	q38 -> q66 [label = "b"];
	q44 -> q23 [label = "a"];
	q36 -> q19 [label = "c"];
	q27 -> q71 [label = "c"];
	q31 -> q69 [label = "b"];
	q25 -> q24 [label = "b"];
	q25 -> q72 [label = "a"];
	q30 -> q16 [label = "c"];
	q26 -> q62 [label = "a, c"];
	q24 -> q57 [label = "b"];
	q47 -> q37 [label = "b"];
	q26 -> q35 [label = "b"];
	q24 -> q65 [label = "a"];
	q38 -> q55 [label = "a"];
	q23 -> q13 [label = "a"];
	q21 -> q41 [label = "b"];
	q19 -> q62 [label = "c"];
	q9 -> q30 [label = "b"];
	q11 -> q3 [label = "a"];
	q9 -> q17 [label = "a"];
	q46 -> q41 [label = "b"];
	q13 -> q63 [label = "c"];
	q8 -> q41 [label = "b"];
	q42 -> q48 [label = "b"];
	q10 -> q12 [label = "a"];
	q15 -> q64 [label = "c"];
	q14 -> q16 [label = "c"];
	q8 -> q12 [label = "a"];
	q14 -> q69 [label = "b"];
	q10 -> q35 [label = "b"];
	q12 -> q64 [label = "c"];
	q47 -> q64 [label = "c"];
	q24 -> q14 [label = "c"];
	q4 -> q46 [label = "c"];
	q0 -> q13 [label = "a"];
	q2 -> q56 [label = "b"];
	q2 -> q63 [label = "a"];
	q3 -> q41 [label = "b"];
	q7 -> q64 [label = "c"];
	q32 -> q61 [label = "b"];
	q3 -> q62 [label = "a"];
	q1 -> q62 [label = "c"];
	q30 -> q70 [label = "b"];
	q5 -> q1 [label = "c"];
	q6 -> q62 [label = "a, b"];
	q4 -> q56 [label = "b"];
	q34 -> q62 [label = "a"];
	q2 -> q64 [label = "c"];
	q36 -> q41 [label = "b"];
	q7 -> q63 [label = "a"];
	q5 -> q56 [label = "b"];
	q3 -> q46 [label = "c"];
	q40 -> q41 [label = "a"];
	q13 -> q7 [label = "a"];
	q15 -> q41 [label = "b"];
	q10 -> q62 [label = "c"];
	q40 -> q42 [label = "b"];
	q63 -> q62 [label = "b"];
	q59 -> q21 [label = "c"];
	q63 -> q63 [label = "a, c"];
	q66 -> q21 [label = "c"];
	q74 -> q30 [label = "b"];
	q50 -> q61 [label = "c"];
	q51 -> q31 [label = "b"];
	q37 -> q63 [label = "a"];
	q64 -> q62 [label = "a, b, c"];
	q66 -> q78 [label = "a"];
	q70 -> q69 [label = "b"];
	q31 -> q68 [label = "a"];
	q66 -> q35 [label = "b"];
	q62 -> q63 [label = "a, c"];
	q32 -> q16 [label = "c"];
	q69 -> q41 [label = "b"];
	q74 -> q46 [label = "a"];
	q25 -> q73 [label = "c"];
	q54 -> q12 [label = "a"];
	q65 -> q20 [label = "a"];
	q29 -> q45 [label = "c"];
	q73 -> q3 [label = "a"];
	q38 -> q21 [label = "c"];
	q60 -> q62 [label = "b"];
	q68 -> q56 [label = "b"];
	q42 -> q34 [label = "a"];
	q70 -> q4 [label = "a"];
	q65 -> q19 [label = "c"];
	q17 -> q41 [label = "b"];
	q76 -> q70 [label = "b"];
	q79 -> q37 [label = "b"];
	q74 -> q10 [label = "c"];
	q58 -> q26 [label = "c"];
	q75 -> q9 [label = "c"];
	q41 -> q41 [label = "b"];
	q76 -> q61 [label = "c"];
	q12 -> q63 [label = "a"];
	q69 -> q18 [label = "c"];
	q49 -> q35 [label = "b"];
	q5 -> q64 [label = "a"];
	q69 -> q79 [label = "a"];
	q80 -> q8 [label = "a"];
	q80 -> q41 [label = "b"];
	q77 -> q62 [label = "a"];
	q80 -> q81 [label = "c"];
	q45 -> q38 [label = "b"];
	q71 -> q80 [label = "a"];
	q0 -> q64 [label = "c"];
	q68 -> q64 [label = "c"];
	q8 -> q62 [label = "c"];
	q81 -> q12 [label = "a"];
	q78 -> q81 [label = "c"];
	q6 -> q46 [label = "c"];
	q81 -> q69 [label = "b"];
	q51 -> q54 [label = "c"];
	q73 -> q69 [label = "b"];
	q16 -> q41 [label = "b"];
	q79 -> q62 [label = "a"];
	q12 -> q41 [label = "b"];
	q70 -> q21 [label = "c"];
	q73 -> q16 [label = "c"];
	q0 -> q41 [label = "b"];
	q77 -> q56 [label = "b"];
	q79 -> q46 [label = "c"];
	q33 -> q28 [label = "c"];
	q4 -> q16 [label = "a"];
	q75 -> q79 [label = "a"];
	q20 -> q12 [label = "a"];
	q78 -> q56 [label = "b"];
	q53 -> q58 [label = "c"];
	q53 -> q12 [label = "a"];
	q34 -> q5 [label = "b"];
	q65 -> q56 [label = "b"];
	q29 -> q27 [label = "b"];
	q71 -> q16 [label = "c"];
	q59 -> q70 [label = "b"];
	q78 -> q8 [label = "a"];
	q76 -> q2 [label = "a"];
	q31 -> q61 [label = "c"];
	q67 -> q62 [label = "a, c"];
	q58 -> q62 [label = "a"];
	q72 -> q46 [label = "c"];
	q55 -> q75 [label = "b"];
	q57 -> q11 [label = "c"];
	q39 -> q40 [label = "a"];
	q21 -> q6 [label = "a"];
	q81 -> q62 [label = "c"];
	q57 -> q56 [label = "b"];
	q32 -> q46 [label = "a"];
	q55 -> q16 [label = "a"];
	q67 -> q61 [label = "b"];
	q57 -> q34 [label = "a"];
	q62 -> q41 [label = "b"];
	q77 -> q46 [label = "c"];
	q60 -> q64 [label = "a"];
	q35 -> q18 [label = "c"];
	q11 -> q16 [label = "c"];
	q56 -> q32 [label = "c"];
	q56 -> q56 [label = "b"];
	q27 -> q29 [label = "b"];
	q1 -> q0 [label = "a"];
	q1 -> q61 [label = "b"];
	q48 -> q52 [label = "b"];
	q44 -> q61 [label = "c"];
	q60 -> q13 [label = "c"];
	q49 -> q62 [label = "c"];
	q44 -> q50 [label = "b"];
	q58 -> q76 [label = "b"];
	q39 -> q43 [label = "b"];
	q56 -> q47 [label = "a"];
	q34 -> q46 [label = "c"];
	q36 -> q20 [label = "a"];
	q15 -> q7 [label = "a"];
	q61 -> q64 [label = "a"];
	q19 -> q12 [label = "a"];
	q52 -> q48 [label = "b"];
	q55 -> q46 [label = "c"];
	q30 -> q46 [label = "a"];
	q59 -> q77 [label = "a"];
	q51 -> q53 [label = "a"];
	q72 -> q15 [label = "a"];
	q49 -> q36 [label = "a"];
	q52 -> q47 [label = "a"];
	q72 -> q52 [label = "b"];
	q71 -> q35 [label = "b"];
	q18 -> q13 [label = "c"];
	q22 -> q37 [label = "b"];
	q54 -> q59 [label = "b"];
	q18 -> q6 [label = "a"];
	q75 -> q48 [label = "b"];
	q48 -> q32 [label = "c"];
	q11 -> q61 [label = "b"];
	q54 -> q26 [label = "c"];
	q50 -> q65 [label = "a"];
	q50 -> q35 [label = "b"];
	q37 -> q67 [label = "c"];
	q29 -> q40 [label = "a"];
	q52 -> q74 [label = "c"];
	q47 -> q63 [label = "a"];
	q33 -> q30 [label = "b"];
	q28 -> q38 [label = "b"];
	q61 -> q13 [label = "c"];
	q43 -> q49 [label = "c"];
	q13 -> q62 [label = "b"];
	q28 -> q15 [label = "a"];
	q46 -> q62 [label = "a, c"];
	q7 -> q62 [label = "b"];
	q68 -> q13 [label = "a"];
	q42 -> q33 [label = "c"];
	q20 -> q62 [label = "b, c"];
	q22 -> q7 [label = "a"];
	q61 -> q41 [label = "b"];
	q17 -> q46 [label = "c"];
	q48 -> q22 [label = "a"];
	q19 -> q61 [label = "b"];
	q23 -> q52 [label = "b"];
	q23 -> q64 [label = "c"];
	q27 -> q25 [label = "a"];
	q17 -> q16 [label = "a"];
	q21 -> q13 [label = "c"];
	q9 -> q10 [label = "c"];
	q53 -> q41 [label = "b"];
	q16 -> q63 [label = "c"];
	q22 -> q64 [label = "c"];
	q18 -> q62 [label = "b"];
	q16 -> q7 [label = "a"];
	q28 -> q26 [label = "c"];
	q14 -> q46 [label = "a"];
}
DFA size: 82 states

NL* output after 16 EQ and 7908 MQ:
digraph finite_state_machine {
	rankdir=LR;
	node [shape = circle];
	s0 [shape = point, style = invis, start="true" ];
	s1 [shape = point, style = invis, start="true" ];
	q0 [label = "q0"];
	q1 [label = "q1"];
	q2 [label = "q2", shape = doublecircle, final="true" ];
	q3 [label = "q3", shape = doublecircle, final="true" ];
	q4 [label = "q4"];
	q5 [label = "q5", shape = doublecircle, final="true" ];
	q6 [label = "q6", shape = doublecircle, final="true" ];
	q7 [label = "q7"];
	q8 [label = "q8", shape = doublecircle, final="true" ];
	q9 [label = "q9"];
	q10 [label = "q10", shape = doublecircle, final="true" ];
	q11 [label = "q11"];
	q12 [label = "q12"];
	q13 [label = "q13", shape = doublecircle, final="true" ];
	q14 [label = "q14"];
	q15 [label = "q15"];
	q16 [label = "q16"];
	q17 [label = "q17", shape = doublecircle, final="true" ];
	q18 [label = "q18"];
	q19 [label = "q19", shape = doublecircle, final="true" ];
	q20 [label = "q20"];
	q21 [label = "q21"];
	q22 [label = "q22"];
	q23 [label = "q23", shape = doublecircle, final="true" ];
	q24 [label = "q24", shape = doublecircle, final="true" ];
	q25 [label = "q25", shape = doublecircle, final="true" ];
	q26 [label = "q26", shape = doublecircle, final="true" ];
	s0 -> q12
	s1 -> q15
	q18 -> q22 [label = "c"];
	q18 -> q4 [label = "c"];
	q22 -> q25 [label = "a"];
	q22 -> q9 [label = "a"];
	q17 -> q7 [label = "c"];
	q17 -> q0 [label = "c"];
	q21 -> q24 [label = "a"];
	q21 -> q19 [label = "a"];
	q21 -> q6 [label = "a"];
	q21 -> q2 [label = "a"];
	q19 -> q20 [label = "a"];
	q19 -> q11 [label = "a"];
	q19 -> q9 [label = "a"];
	q17 -> q18 [label = "b"];
	q23 -> q25 [label = "c"];
	q23 -> q22 [label = "c"];
	q23 -> q20 [label = "c"];
	q23 -> q11 [label = "c"];
	q23 -> q8 [label = "c"];
	q17 -> q15 [label = "c"];
	q23 -> q4 [label = "c"];
	q23 -> q0 [label = "c"];
	q19 -> q24 [label = "b"];
	q19 -> q18 [label = "b"];
	q19 -> q6 [label = "b"];
	q19 -> q3 [label = "b"];
	q17 -> q23 [label = "a"];
	q17 -> q16 [label = "a, b, c"];
	q21 -> q22 [label = "c"];
	q21 -> q18 [label = "a, c"];
	q21 -> q9 [label = "c"];
	q16 -> q22 [label = "c"];
	q16 -> q7 [label = "c"];
	q20 -> q24 [label = "a, b"];
	q20 -> q19 [label = "a"];
	q20 -> q3 [label = "a"];
	q18 -> q26 [label = "a"];
	q18 -> q17 [label = "a"];
	q18 -> q16 [label = "a, c"];
	q18 -> q9 [label = "a, c"];
	q16 -> q15 [label = "b"];
	q22 -> q24 [label = "c"];
	q22 -> q22 [label = "c"];
	q22 -> q19 [label = "b, c"];
	q22 -> q17 [label = "a, c"];
	q22 -> q15 [label = "b, c"];
	q22 -> q10 [label = "b, c"];
	q22 -> q7 [label = "c"];
	q22 -> q0 [label = "c"];
	q18 -> q15 [label = "b, c"];
	q18 -> q10 [label = "b"];
	q16 -> q16 [label = "c"];
	q16 -> q17 [label = "a"];
	q20 -> q25 [label = "c"];
	q20 -> q23 [label = "a, c"];
	q20 -> q21 [label = "a, c"];
	q20 -> q20 [label = "c"];
	q20 -> q17 [label = "a, c"];
	q22 -> q4 [label = "b, c"];
	q20 -> q16 [label = "a, c"];
	q20 -> q11 [label = "c"];
	q20 -> q4 [label = "a, c"];
	q20 -> q2 [label = "a, c"];
	q20 -> q1 [label = "a, c"];
	q15 -> q9 [label = "a"];
	q11 -> q25 [label = "c"];
	q17 -> q4 [label = "c"];
	q11 -> q23 [label = "c"];
	q11 -> q13 [label = "c"];
	q11 -> q11 [label = "c"];
	q11 -> q9 [label = "c"];
	q11 -> q2 [label = "c"];
	q11 -> q1 [label = "c"];
	q14 -> q6 [label = "a"];
	q10 -> q7 [label = "c"];
	q13 -> q26 [label = "a"];
	q13 -> q25 [label = "a"];
	q13 -> q19 [label = "a"];
	q11 -> q5 [label = "c"];
	q13 -> q14 [label = "a, b"];
	q13 -> q13 [label = "a"];
	q13 -> q8 [label = "a"];
	q15 -> q16 [label = "a, b"];
	q13 -> q5 [label = "a"];
	q13 -> q4 [label = "a, b"];
	q13 -> q3 [label = "a"];
	q13 -> q2 [label = "a"];
	q13 -> q0 [label = "a, b"];
	q9 -> q22 [label = "c"];
	q9 -> q18 [label = "c"];
	q22 -> q16 [label = "a, c"];
	q3 -> q7 [label = "c"];
	q5 -> q22 [label = "b"];
	q5 -> q18 [label = "b"];
	q5 -> q4 [label = "b"];
	q6 -> q23 [label = "a"];
	q14 -> q23 [label = "a"];
	q6 -> q19 [label = "a"];
	q6 -> q6 [label = "a"];
	q20 -> q10 [label = "a, b"];
	q1 -> q22 [label = "c"];
	q5 -> q5 [label = "a"];
	q19 -> q17 [label = "b"];
	q5 -> q2 [label = "a"];
	q7 -> q15 [label = "b"];
	q9 -> q16 [label = "c"];
	q3 -> q26 [label = "a"];
	q3 -> q24 [label = "a"];
	q3 -> q23 [label = "a"];
	q3 -> q20 [label = "a"];
	q11 -> q20 [label = "c"];
	q10 -> q11 [label = "a"];
	q12 -> q7 [label = "c"];
	q8 -> q26 [label = "c"];
	q0 -> q16 [label = "a, b, c"];
	q8 -> q24 [label = "c"];
	q25 -> q2 [label = "a"];
	q26 -> q2 [label = "a"];
	q18 -> q19 [label = "b"];
	q20 -> q18 [label = "a, c"];
	q2 -> q5 [label = "a"];
	q5 -> q21 [label = "c"];
	q6 -> q18 [label = "a"];
	q8 -> q19 [label = "c"];
	q8 -> q17 [label = "c"];
	q13 -> q1 [label = "a"];
	q9 -> q17 [label = "a"];
	q8 -> q10 [label = "c"];
	q8 -> q5 [label = "c"];
	q13 -> q22 [label = "a, c"];
	q4 -> q4 [label = "c"];
	q21 -> q17 [label = "a"];
	q20 -> q13 [label = "c"];
	q2 -> q8 [label = "b"];
	q3 -> q19 [label = "a"];
	q13 -> q7 [label = "a, c"];
	q20 -> q6 [label = "a"];
	q26 -> q12 [label = "a, c"];
	q9 -> q8 [label = "a"];
	q9 -> q4 [label = "a"];
	q11 -> q24 [label = "a"];
	q8 -> q9 [label = "a, c"];
	q21 -> q16 [label = "a, c"];
	q7 -> q4 [label = "b"];
	q2 -> q3 [label = "a, b"];
	q20 -> q5 [label = "a, c"];
	q12 -> q9 [label = "a, b"];
	q2 -> q25 [label = "a"];
	q11 -> q22 [label = "a, c"];
	q11 -> q19 [label = "a"];
	q12 -> q11 [label = "a"];
	q11 -> q17 [label = "a, c"];
	q24 -> q16 [label = "a, b, c"];
	q11 -> q15 [label = "a, b, c"];
	q1 -> q26 [label = "a"];
	q13 -> q17 [label = "a"];
	q11 -> q10 [label = "a, b"];
	q11 -> q8 [label = "a, c"];
	q11 -> q16 [label = "a, c"];
	q11 -> q3 [label = "a"];
	q13 -> q21 [label = "a, c"];
	q2 -> q10 [label = "a, b"];
	q8 -> q22 [label = "b, c"];
	q26 -> q17 [label = "a, b"];
	q21 -> q7 [label = "a, c"];
	q19 -> q4 [label = "c"];
	q18 -> q7 [label = "c"];
	q6 -> q4 [label = "c"];
	q7 -> q21 [label = "c"];
	q19 -> q19 [label = "b"];
	q23 -> q24 [label = "a, b"];
	q23 -> q23 [label = "a, c"];
	q23 -> q10 [label = "a, b"];
	q1 -> q18 [label = "a, c"];
	q23 -> q19 [label = "a"];
	q25 -> q8 [label = "a"];
	q4 -> q19 [label = "c"];
	q1 -> q23 [label = "a"];
	q19 -> q15 [label = "a, b, c"];
	q13 -> q24 [label = "a"];
	q14 -> q16 [label = "a, b, c"];
	q24 -> q18 [label = "a"];
	q20 -> q15 [label = "a, b, c"];
	q25 -> q5 [label = "a"];
	q26 -> q10 [label = "b"];
	q2 -> q24 [label = "a, b"];
	q6 -> q3 [label = "a, b"];
	q0 -> q7 [label = "c"];
	q14 -> q18 [label = "a"];
	q13 -> q15 [label = "a, b"];
	q25 -> q24 [label = "b"];
	q6 -> q17 [label = "a"];
	q24 -> q9 [label = "a"];
	q21 -> q4 [label = "b"];
	q10 -> q20 [label = "a"];
	q19 -> q22 [label = "c"];
	q19 -> q10 [label = "b"];
	q11 -> q6 [label = "a"];
	q25 -> q6 [label = "b"];
	q6 -> q9 [label = "c"];
	q13 -> q6 [label = "a"];
	q24 -> q20 [label = "a"];
	q21 -> q1 [label = "a"];
	q13 -> q18 [label = "a, c"];
	q25 -> q3 [label = "b"];
	q14 -> q15 [label = "a, b, c"];
	q2 -> q4 [label = "b"];
	q3 -> q3 [label = "a"];
	q25 -> q22 [label = "a, c"];
	q21 -> q21 [label = "a, c"];
	q23 -> q15 [label = "a, b, c"];
	q25 -> q17 [label = "a, b"];
	q25 -> q4 [label = "a, c"];
	q14 -> q22 [label = "b, c"];
	q8 -> q4 [label = "c"];
	q23 -> q14 [label = "c"];
	q24 -> q15 [label = "a, c"];
	q14 -> q4 [label = "b, c"];
	q19 -> q16 [label = "a, b, c"];
	q14 -> q9 [label = "a, c"];
	q24 -> q11 [label = "a"];
	q11 -> q4 [label = "a, c"];
	q1 -> q10 [label = "a"];
	q19 -> q0 [label = "c"];
	q1 -> q16 [label = "a, b, c"];
	q19 -> q7 [label = "c"];
	q26 -> q4 [label = "a, c"];
	q23 -> q2 [label = "a, c"];
	q26 -> q8 [label = "a"];
	q25 -> q14 [label = "a, c"];
	q14 -> q20 [label = "a"];
	q21 -> q15 [label = "a, b"];
	q26 -> q0 [label = "a, c"];
	q8 -> q18 [label = "b"];
	q24 -> q23 [label = "a"];
	q2 -> q6 [label = "a, b"];
	q25 -> q16 [label = "a, b, c"];
	q23 -> q18 [label = "a, c"];
	q23 -> q1 [label = "a, c"];
	q26 -> q14 [label = "a, c"];
	q8 -> q15 [label = "c"];
	q25 -> q0 [label = "a, c"];
	q20 -> q9 [label = "c"];
	q26 -> q7 [label = "a, c"];
	q23 -> q7 [label = "a, c"];
	q2 -> q23 [label = "a"];
	q10 -> q9 [label = "a"];
	q26 -> q15 [label = "a, b, c"];
	q26 -> q16 [label = "a, b, c"];
	q23 -> q21 [label = "a, c"];
	q25 -> q1 [label = "a, c"];
	q25 -> q15 [label = "a, b, c"];
	q14 -> q0 [label = "c"];
	q11 -> q21 [label = "c"];
	q2 -> q21 [label = "a, c"];
	q26 -> q24 [label = "b"];
	q26 -> q21 [label = "a, c"];
	q3 -> q17 [label = "a"];
	q24 -> q6 [label = "b"];
	q25 -> q18 [label = "a, b, c"];
	q23 -> q17 [label = "a, c"];
	q10 -> q15 [label = "a, c"];
	q2 -> q7 [label = "a, c"];
	q25 -> q23 [label = "a"];
	q8 -> q16 [label = "a, b, c"];
	q2 -> q22 [label = "b"];
	q23 -> q5 [label = "a, c"];
	q22 -> q5 [label = "c"];
	q24 -> q7 [label = "c"];
	q8 -> q7 [label = "c"];
	q20 -> q7 [label = "a, c"];
	q1 -> q25 [label = "a"];
	q2 -> q20 [label = "a"];
	q6 -> q0 [label = "c"];
	q21 -> q10 [label = "a"];
	q23 -> q6 [label = "a"];
	q24 -> q12 [label = "a, c"];
	q26 -> q18 [label = "a, b, c"];
	q13 -> q11 [label = "a, c"];
	q7 -> q5 [label = "a"];
	q11 -> q18 [label = "a, c"];
	q0 -> q4 [label = "b, c"];
	q11 -> q0 [label = "a, c"];
	q13 -> q23 [label = "a"];
	q2 -> q18 [label = "a, b"];
	q19 -> q12 [label = "a, c"];
	q8 -> q0 [label = "c"];
	q24 -> q17 [label = "a"];
	q0 -> q15 [label = "a, b, c"];
	q3 -> q12 [label = "a, c"];
	q24 -> q25 [label = "a"];
	q3 -> q25 [label = "a"];
	q1 -> q0 [label = "b"];
	q23 -> q3 [label = "a, b"];
	q8 -> q6 [label = "a"];
	q15 -> q7 [label = "c"];
	q14 -> q11 [label = "a"];
	q2 -> q13 [label = "a, c"];
	q26 -> q3 [label = "b"];
	q1 -> q3 [label = "a"];
	q0 -> q20 [label = "a"];
	q26 -> q19 [label = "b"];
	q4 -> q9 [label = "a"];
	q10 -> q12 [label = "a, c"];
	q14 -> q10 [label = "a, c"];
	q10 -> q16 [label = "a, b"];
	q26 -> q23 [label = "a"];
	q0 -> q11 [label = "a"];
	q14 -> q5 [label = "c"];
	q11 -> q7 [label = "c"];
	q13 -> q10 [label = "a"];
	q6 -> q22 [label = "c"];
	q14 -> q17 [label = "a, c"];
	q14 -> q19 [label = "a, c"];
	q2 -> q0 [label = "b"];
	q14 -> q25 [label = "a, c"];
	q9 -> q15 [label = "a, b"];
	q0 -> q0 [label = "c"];
	q8 -> q20 [label = "a"];
	q10 -> q6 [label = "b"];
	q0 -> q17 [label = "a, c"];
	q4 -> q0 [label = "c"];
	q4 -> q5 [label = "c"];
	q4 -> q7 [label = "c"];
	q4 -> q10 [label = "c"];
	q2 -> q17 [label = "a, b"];
	q18 -> q0 [label = "c"];
	q4 -> q15 [label = "c"];
	q17 -> q22 [label = "c"];
	q5 -> q16 [label = "b, c"];
	q25 -> q21 [label = "a, c"];
	q4 -> q16 [label = "a, b, c"];
	q4 -> q22 [label = "b, c"];
	q4 -> q17 [label = "c"];
	q4 -> q24 [label = "c"];
	q12 -> q16 [label = "a, b"];
	q0 -> q9 [label = "a"];
	q20 -> q22 [label = "a, c"];
	q14 -> q3 [label = "a"];
	q0 -> q18 [label = "a"];
	q0 -> q23 [label = "a"];
	q0 -> q10 [label = "c"];
	q0 -> q25 [label = "a"];
	q2 -> q14 [label = "b"];
	q20 -> q0 [label = "a, c"];
	q25 -> q19 [label = "b"];
	q2 -> q15 [label = "a, b, c"];
	q11 -> q14 [label = "a, c"];
	q2 -> q16 [label = "a, b, c"];
	q21 -> q23 [label = "a"];
	q2 -> q19 [label = "a, b"];
	q21 -> q11 [label = "c"];
	q6 -> q7 [label = "c"];
	q8 -> q11 [label = "a"];
	q6 -> q12 [label = "a, c"];
	q21 -> q3 [label = "a"];
	q13 -> q9 [label = "a, c"];
	q1 -> q11 [label = "a, c"];
	q6 -> q16 [label = "a, c"];
	q8 -> q25 [label = "c"];
	q5 -> q15 [label = "a, b, c"];
	q0 -> q22 [label = "b, c"];
	q23 -> q16 [label = "a, c"];
	q8 -> q23 [label = "a"];
	q2 -> q1 [label = "a, c"];
	q2 -> q2 [label = "a"];
	q4 -> q11 [label = "a"];
	q3 -> q16 [label = "a, b, c"];
	q6 -> q15 [label = "a, b, c"];
	q2 -> q9 [label = "a, c"];
	q6 -> q10 [label = "a, b"];
	q1 -> q20 [label = "a"];
	q13 -> q20 [label = "a"];
	q2 -> q11 [label = "a"];
	q23 -> q13 [label = "c"];
	q15 -> q11 [label = "a"];
	q2 -> q26 [label = "a"];
	q25 -> q10 [label = "b"];
	q0 -> q5 [label = "c"];
	q0 -> q19 [label = "c"];
	q13 -> q16 [label = "a, b, c"];
	q0 -> q24 [label = "c"];
	q20 -> q14 [label = "a, c"];
	q4 -> q20 [label = "a"];
	q21 -> q5 [label = "a"];
	q3 -> q10 [label = "a"];
	q7 -> q7 [label = "a, c"];
	q14 -> q7 [label = "c"];
	q14 -> q24 [label = "a, c"];
	q5 -> q1 [label = "c"];
	q5 -> q7 [label = "a, c"];
	q20 -> q8 [label = "a, c"];
	q1 -> q1 [label = "a"];
	q1 -> q19 [label = "a"];
	q26 -> q22 [label = "a, c"];
	q1 -> q2 [label = "a"];
	q26 -> q1 [label = "a, c"];
	q1 -> q5 [label = "a"];
	q26 -> q6 [label = "b"];
	q25 -> q7 [label = "a, c"];
	q1 -> q6 [label = "a"];
	q14 -> q26 [label = "a, c"];
	q1 -> q17 [label = "a"];
	q1 -> q7 [label = "a, c"];
	q1 -> q9 [label = "a, c"];
	q26 -> q5 [label = "a"];
	q1 -> q13 [label = "a"];
	q1 -> q15 [label = "a, b"];
	q18 -> q25 [label = "a"];
	q1 -> q21 [label = "a, c"];
	q1 -> q24 [label = "a"];
	q3 -> q6 [label = "a, b"];
	q7 -> q16 [label = "c"];
	q23 -> q9 [label = "c"];
	q1 -> q4 [label = "b"];
	q6 -> q24 [label = "a, b"];
	q3 -> q9 [label = "a, c"];
	q3 -> q11 [label = "a"];
	q3 -> q15 [label = "a, c"];
	q9 -> q7 [label = "c"];
	q3 -> q18 [label = "a"];
}
NFA size: 27 states

