Random target AFA:
digraph finite_state_machine {
	rankdir=LR;
	node [shape = circle];
	s0 [shape = point, style = invis, start="true" ];
	s1 [shape = point, style = invis, start="true" ];
	q0 [label = "q0"];
	q1 [label = "q1", shape = doublecircle, final="true" ];
	q2 [label = "q2"];
	q3 [label = "q3", shape = doublecircle, final="true" ];
	q4 [label = "q4", shape = doublecircle, final="true" ];
	q5 [label = "q5"];
	m0 [label = "", shape = square, style = filled, color=grey, fixedsize=true, width=.2];
	m1 [label = "", shape = square, style = filled, color=grey, fixedsize=true, width=.2];
	m2 [label = "", shape = square, style = filled, color=grey, fixedsize=true, width=.2];
	m3 [label = "", shape = square, style = filled, color=grey, fixedsize=true, width=.2];
	m4 [label = "", shape = square, style = filled, color=grey, fixedsize=true, width=.2];
	m5 [label = "", shape = square, style = filled, color=grey, fixedsize=true, width=.2];
	m6 [label = "", shape = square, style = filled, color=grey, fixedsize=true, width=.2];
	m7 [label = "", shape = square, style = filled, color=grey, fixedsize=true, width=.2];
	m8 [label = "", shape = square, style = filled, color=grey, fixedsize=true, width=.2];
	s0 -> q0
	s1 -> q2
	q5 -> m8 [label = "b"];
	q2 -> q4 [label = "a"];
	q3 -> q1 [label = "b, c"];
	q2 -> m3 [label = "a"];
	q0 -> q0 [label = "c"];
	q5 -> q5 [label = "b"];
	q0 -> q1 [label = "a"];
	q4 -> m0 [label = "c"];
	q0 -> m1 [label = "b"];
	q0 -> m2 [label = "b"];
	q1 -> q5 [label = "b"];
	q2 -> q3 [label = "b"];
	q4 -> q5 [label = "a"];
	q4 -> q0 [label = "a"];
	q4 -> q2 [label = "b"];
	q4 -> q3 [label = "b, c"];
	q2 -> q5 [label = "b"];
	q1 -> m5 [label = "a"];
	q3 -> q4 [label = "b"];
	q1 -> q4 [label = "b, c"];
	q5 -> q1 [label = "a"];
	q3 -> q0 [label = "a"];
	q1 -> q1 [label = "c"];
	q0 -> m4 [label = "c"];
	q5 -> m3 [label = "c"];
	q1 -> m6 [label = "a"];
	q3 -> m3 [label = "a, c"];
	q5 -> m7 [label = "a"];
	q2 -> q0 [label = "c"];
	q5 -> q3 [label = "c"];
	q2 -> m1 [label = "c"];
	m0 -> q2;
	m0 -> q3;
	m1 -> q0;
	m1 -> q3;
	m2 -> q3;
	m2 -> q5;
	m3 -> q0;
	m3 -> q5;
	m4 -> q4;
	m4 -> q5;
	m5 -> q2;
	m5 -> q5;
	m6 -> q0;
	m6 -> q2;
	m7 -> q0;
	m7 -> q1;
	m8 -> q1;
	m8 -> q5;
}

L* output after 10 EQ and 17365 MQ:
digraph finite_state_machine {
	rankdir=LR;
	node [shape = circle];
	s0 [shape = point, style = invis, start="true" ];
	q0 [label = "q0", shape = doublecircle, final="true" ];
	q1 [label = "q1"];
	q2 [label = "q2", shape = doublecircle, final="true" ];
	q3 [label = "q3", shape = doublecircle, final="true" ];
	q4 [label = "q4", shape = doublecircle, final="true" ];
	q5 [label = "q5"];
	q6 [label = "q6", shape = doublecircle, final="true" ];
	q7 [label = "q7", shape = doublecircle, final="true" ];
	q8 [label = "q8", shape = doublecircle, final="true" ];
	q9 [label = "q9", shape = doublecircle, final="true" ];
	q10 [label = "q10", shape = doublecircle, final="true" ];
	q11 [label = "q11", shape = doublecircle, final="true" ];
	q12 [label = "q12", shape = doublecircle, final="true" ];
	q13 [label = "q13", shape = doublecircle, final="true" ];
	q14 [label = "q14", shape = doublecircle, final="true" ];
	q15 [label = "q15", shape = doublecircle, final="true" ];
	q16 [label = "q16"];
	q17 [label = "q17", shape = doublecircle, final="true" ];
	q18 [label = "q18"];
	q19 [label = "q19", shape = doublecircle, final="true" ];
	q20 [label = "q20"];
	q21 [label = "q21"];
	q22 [label = "q22"];
	q23 [label = "q23"];
	q24 [label = "q24"];
	q25 [label = "q25"];
	q26 [label = "q26"];
	q27 [label = "q27"];
	q28 [label = "q28", shape = doublecircle, final="true" ];
	q29 [label = "q29", shape = doublecircle, final="true" ];
	q30 [label = "q30", shape = doublecircle, final="true" ];
	q31 [label = "q31"];
	q32 [label = "q32", shape = doublecircle, final="true" ];
	q33 [label = "q33", shape = doublecircle, final="true" ];
	q34 [label = "q34"];
	q35 [label = "q35", shape = doublecircle, final="true" ];
	q36 [label = "q36"];
	q37 [label = "q37", shape = doublecircle, final="true" ];
	q38 [label = "q38"];
	q39 [label = "q39", shape = doublecircle, final="true" ];
	q40 [label = "q40", shape = doublecircle, final="true" ];
	q41 [label = "q41"];
	q42 [label = "q42", shape = doublecircle, final="true" ];
	q43 [label = "q43", shape = doublecircle, final="true" ];
	q44 [label = "q44"];
	q45 [label = "q45", shape = doublecircle, final="true" ];
	q46 [label = "q46", shape = doublecircle, final="true" ];
	q47 [label = "q47", shape = doublecircle, final="true" ];
	q48 [label = "q48", shape = doublecircle, final="true" ];
	q49 [label = "q49", shape = doublecircle, final="true" ];
	q50 [label = "q50"];
	q51 [label = "q51", shape = doublecircle, final="true" ];
	q52 [label = "q52", shape = doublecircle, final="true" ];
	q53 [label = "q53", shape = doublecircle, final="true" ];
	q54 [label = "q54", shape = doublecircle, final="true" ];
	q55 [label = "q55", shape = doublecircle, final="true" ];
	q56 [label = "q56", shape = doublecircle, final="true" ];
	q57 [label = "q57", shape = doublecircle, final="true" ];
	q58 [label = "q58"];
	q59 [label = "q59", shape = doublecircle, final="true" ];
	q60 [label = "q60", shape = doublecircle, final="true" ];
	q61 [label = "q61"];
	q62 [label = "q62", shape = doublecircle, final="true" ];
	q63 [label = "q63", shape = doublecircle, final="true" ];
	q64 [label = "q64", shape = doublecircle, final="true" ];
	q65 [label = "q65", shape = doublecircle, final="true" ];
	q66 [label = "q66", shape = doublecircle, final="true" ];
	q67 [label = "q67"];
	q68 [label = "q68", shape = doublecircle, final="true" ];
	q69 [label = "q69", shape = doublecircle, final="true" ];
	q70 [label = "q70", shape = doublecircle, final="true" ];
	q71 [label = "q71", shape = doublecircle, final="true" ];
	q72 [label = "q72", shape = doublecircle, final="true" ];
	q73 [label = "q73", shape = doublecircle, final="true" ];
	q74 [label = "q74", shape = doublecircle, final="true" ];
	q75 [label = "q75"];
	q76 [label = "q76", shape = doublecircle, final="true" ];
	s0 -> q34
	q41 -> q53 [label = "c"];
	q41 -> q50 [label = "b"];
	q45 -> q35 [label = "c"];
	q40 -> q74 [label = "c"];
	q42 -> q40 [label = "a"];
	q40 -> q51 [label = "b"];
	q39 -> q75 [label = "a"];
	q35 -> q74 [label = "c"];
	q34 -> q36 [label = "c"];
	q39 -> q48 [label = "b"];
	q33 -> q29 [label = "c"];
	q39 -> q19 [label = "c"];
	q36 -> q37 [label = "a"];
	q38 -> q44 [label = "c"];
	q35 -> q48 [label = "b"];
	q34 -> q35 [label = "a"];
	q32 -> q15 [label = "b"];
	q36 -> q49 [label = "c"];
	q34 -> q47 [label = "b"];
	q37 -> q38 [label = "a"];
	q31 -> q27 [label = "a"];
	q27 -> q58 [label = "c"];
	q45 -> q30 [label = "a"];
	q30 -> q30 [label = "a"];
	q28 -> q51 [label = "b"];
	q26 -> q59 [label = "c"];
	q31 -> q26 [label = "b"];
	q25 -> q50 [label = "b"];
	q27 -> q23 [label = "b"];
	q25 -> q60 [label = "a"];
	q30 -> q56 [label = "b"];
	q28 -> q25 [label = "a"];
	q24 -> q20 [label = "c"];
	q26 -> q22 [label = "a"];
	q24 -> q21 [label = "b"];
	q28 -> q35 [label = "c"];
	q25 -> q13 [label = "c"];
	q26 -> q50 [label = "b"];
	q9 -> q63 [label = "b"];
	q9 -> q76 [label = "a"];
	q12 -> q35 [label = "a"];
	q14 -> q15 [label = "b"];
	q46 -> q17 [label = "b"];
	q8 -> q76 [label = "a"];
	q10 -> q35 [label = "b"];
	q12 -> q74 [label = "c"];
	q0 -> q40 [label = "a"];
	q2 -> q51 [label = "b"];
	q0 -> q74 [label = "b"];
	q0 -> q11 [label = "c"];
	q1 -> q22 [label = "a"];
	q3 -> q48 [label = "b"];
	q7 -> q10 [label = "c"];
	q1 -> q13 [label = "c"];
	q6 -> q16 [label = "a"];
	q4 -> q48 [label = "b"];
	q62 -> q68 [label = "c"];
	q21 -> q50 [label = "b"];
	q57 -> q75 [label = "a"];
	q60 -> q6 [label = "c"];
	q51 -> q54 [label = "b"];
	q57 -> q9 [label = "c"];
	q43 -> q33 [label = "b"];
	q73 -> q46 [label = "c"];
	q62 -> q16 [label = "a"];
	q59 -> q8 [label = "c"];
	q22 -> q62 [label = "c"];
	q43 -> q38 [label = "a"];
	q61 -> q67 [label = "b"];
	q55 -> q65 [label = "b"];
	q63 -> q69 [label = "a"];
	q54 -> q35 [label = "a"];
	q56 -> q9 [label = "c"];
	q20 -> q18 [label = "c"];
	q44 -> q36 [label = "c"];
	q64 -> q54 [label = "b"];
	q47 -> q11 [label = "c"];
	q65 -> q55 [label = "a"];
	q47 -> q35 [label = "b"];
	q53 -> q45 [label = "a"];
	q38 -> q43 [label = "a"];
	q11 -> q76 [label = "a"];
	q64 -> q69 [label = "a"];
	q59 -> q63 [label = "b"];
	q20 -> q31 [label = "b"];
	q50 -> q37 [label = "a"];
	q60 -> q66 [label = "b"];
	q76 -> q45 [label = "a"];
	q41 -> q52 [label = "a"];
	q15 -> q11 [label = "c"];
	q5 -> q1 [label = "c"];
	q72 -> q54 [label = "b"];
	q70 -> q45 [label = "a"];
	q37 -> q39 [label = "c"];
	q65 -> q53 [label = "c"];
	q15 -> q48 [label = "b"];
	q73 -> q75 [label = "a"];
	q48 -> q11 [label = "c"];
	q74 -> q74 [label = "c"];
	q72 -> q46 [label = "c"];
	q64 -> q9 [label = "c"];
	q32 -> q16 [label = "a"];
	q73 -> q54 [label = "b"];
	q4 -> q11 [label = "c"];
	q62 -> q4 [label = "b"];
	q71 -> q73 [label = "b"];
	q44 -> q37 [label = "a"];
	q70 -> q72 [label = "b"];
	q69 -> q45 [label = "a"];
	q1 -> q41 [label = "b"];
	q61 -> q61 [label = "a"];
	q74 -> q40 [label = "a"];
	q53 -> q64 [label = "b"];
	q49 -> q10 [label = "c"];
	q75 -> q37 [label = "a"];
	q68 -> q74 [label = "c"];
	q75 -> q49 [label = "c"];
	q63 -> q74 [label = "c"];
	q2 -> q25 [label = "a"];
	q57 -> q54 [label = "b"];
	q40 -> q45 [label = "a"];
	q50 -> q9 [label = "c"];
	q72 -> q69 [label = "a"];
	q66 -> q46 [label = "c"];
	q42 -> q54 [label = "b"];
	q3 -> q40 [label = "a"];
	q9 -> q8 [label = "c"];
	q47 -> q76 [label = "a"];
	q46 -> q76 [label = "a, c"];
	q58 -> q7 [label = "c"];
	q70 -> q8 [label = "c"];
	q29 -> q57 [label = "b"];
	q67 -> q52 [label = "a"];
	q63 -> q48 [label = "b"];
	q33 -> q55 [label = "a"];
	q29 -> q45 [label = "a"];
	q74 -> q12 [label = "b"];
	q52 -> q33 [label = "b"];
	q35 -> q40 [label = "a"];
	q76 -> q35 [label = "c"];
	q19 -> q74 [label = "c"];
	q76 -> q51 [label = "b"];
	q32 -> q28 [label = "c"];
	q60 -> q38 [label = "a"];
	q29 -> q76 [label = "c"];
	q68 -> q35 [label = "b"];
	q52 -> q62 [label = "c"];
	q27 -> q24 [label = "a"];
	q10 -> q76 [label = "a"];
	q65 -> q0 [label = "b"];
	q49 -> q63 [label = "b"];
	q71 -> q76 [label = "c"];
	q6 -> q2 [label = "c"];
	q68 -> q16 [label = "a"];
	q69 -> q49 [label = "c"];
	q8 -> q74 [label = "c"];
	q42 -> q46 [label = "c"];
	q67 -> q50 [label = "b"];
	q56 -> q0 [label = "b"];
	q58 -> q41 [label = "b"];
	q56 -> q40 [label = "a"];
	q31 -> q70 [label = "c"];
	q55 -> q45 [label = "a"];
	q51 -> q40 [label = "a"];
	q51 -> q9 [label = "c"];
	q24 -> q61 [label = "a"];
	q55 -> q49 [label = "c"];
	q58 -> q22 [label = "a"];
	q53 -> q8 [label = "c"];
	q30 -> q14 [label = "c"];
	q71 -> q45 [label = "a"];
	q49 -> q76 [label = "a"];
	q36 -> q41 [label = "b"];
	q7 -> q63 [label = "b"];
	q66 -> q0 [label = "b"];
	q66 -> q40 [label = "a"];
	q48 -> q12 [label = "b"];
	q5 -> q22 [label = "a"];
	q54 -> q74 [label = "b"];
	q33 -> q0 [label = "b"];
	q54 -> q11 [label = "c"];
	q17 -> q48 [label = "b"];
	q50 -> q50 [label = "b"];
	q14 -> q40 [label = "c"];
	q75 -> q50 [label = "b"];
	q48 -> q35 [label = "a"];
	q4 -> q69 [label = "a"];
	q23 -> q26 [label = "b"];
	q59 -> q16 [label = "a"];
	q43 -> q32 [label = "c"];
	q44 -> q31 [label = "b"];
	q16 -> q37 [label = "a"];
	q18 -> q22 [label = "a"];
	q16 -> q50 [label = "b"];
	q45 -> q51 [label = "b"];
	q18 -> q49 [label = "c"];
	q21 -> q46 [label = "c"];
	q22 -> q24 [label = "a"];
	q37 -> q42 [label = "b"];
	q6 -> q15 [label = "b"];
	q21 -> q37 [label = "a"];
	q19 -> q75 [label = "a"];
	q17 -> q75 [label = "a"];
	q16 -> q13 [label = "c"];
	q19 -> q12 [label = "b"];
	q11 -> q35 [label = "b, c"];
	q8 -> q3 [label = "b"];
	q20 -> q22 [label = "a"];
	q69 -> q56 [label = "b"];
	q67 -> q29 [label = "c"];
	q22 -> q21 [label = "b"];
	q18 -> q41 [label = "b"];
	q15 -> q75 [label = "a"];
	q13 -> q4 [label = "b"];
	q13 -> q10 [label = "c"];
	q61 -> q5 [label = "c"];
	q14 -> q76 [label = "a"];
	q12 -> q12 [label = "b"];
	q23 -> q27 [label = "a"];
	q10 -> q74 [label = "c"];
	q13 -> q76 [label = "a"];
	q23 -> q71 [label = "c"];
	q3 -> q11 [label = "c"];
	q38 -> q50 [label = "b"];
	q5 -> q31 [label = "b"];
	q17 -> q74 [label = "c"];
	q7 -> q16 [label = "a"];
	q52 -> q38 [label = "a"];
	q2 -> q74 [label = "c"];
}
DFA size: 77 states

NL* output after 14 EQ and 12038 MQ:
digraph finite_state_machine {
	rankdir=LR;
	node [shape = circle];
	s0 [shape = point, style = invis, start="true" ];
	s1 [shape = point, style = invis, start="true" ];
	s2 [shape = point, style = invis, start="true" ];
	s3 [shape = point, style = invis, start="true" ];
	s4 [shape = point, style = invis, start="true" ];
	s5 [shape = point, style = invis, start="true" ];
	s6 [shape = point, style = invis, start="true" ];
	q0 [label = "q0"];
	q1 [label = "q1"];
	q2 [label = "q2"];
	q3 [label = "q3", shape = doublecircle, final="true" ];
	q4 [label = "q4", shape = doublecircle, final="true" ];
	q5 [label = "q5", shape = doublecircle, final="true" ];
	q6 [label = "q6", shape = doublecircle, final="true" ];
	q7 [label = "q7", shape = doublecircle, final="true" ];
	q8 [label = "q8", shape = doublecircle, final="true" ];
	q9 [label = "q9"];
	q10 [label = "q10", shape = doublecircle, final="true" ];
	q11 [label = "q11", shape = doublecircle, final="true" ];
	q12 [label = "q12"];
	q13 [label = "q13", shape = doublecircle, final="true" ];
	q14 [label = "q14"];
	q15 [label = "q15"];
	q16 [label = "q16"];
	q17 [label = "q17"];
	q18 [label = "q18"];
	q19 [label = "q19"];
	q20 [label = "q20"];
	q21 [label = "q21"];
	q22 [label = "q22"];
	q23 [label = "q23"];
	q24 [label = "q24", shape = doublecircle, final="true" ];
	s0 -> q2
	s1 -> q9
	s2 -> q12
	s3 -> q14
	s4 -> q16
	s5 -> q18
	s6 -> q23
	q20 -> q19 [label = "b"];
	q22 -> q20 [label = "a"];
	q17 -> q24 [label = "c"];
	q17 -> q6 [label = "c"];
	q17 -> q1 [label = "c"];
	q23 -> q19 [label = "b"];
	q21 -> q16 [label = "a"];
	q17 -> q19 [label = "b, c"];
	q17 -> q17 [label = "b"];
	q17 -> q15 [label = "b, c"];
	q17 -> q0 [label = "b"];
	q19 -> q18 [label = "b"];
	q17 -> q23 [label = "a, b, c"];
	q17 -> q18 [label = "a, b"];
	q17 -> q16 [label = "a, c"];
	q21 -> q6 [label = "c"];
	q16 -> q16 [label = "c"];
	q16 -> q2 [label = "c"];
	q22 -> q18 [label = "a, b"];
	q22 -> q12 [label = "b"];
	q22 -> q0 [label = "b"];
	q22 -> q23 [label = "a, b, c"];
	q22 -> q22 [label = "c"];
	q17 -> q21 [label = "b"];
	q22 -> q19 [label = "b, c"];
	q22 -> q15 [label = "b, c"];
	q22 -> q10 [label = "c"];
	q22 -> q2 [label = "c"];
	q18 -> q21 [label = "b"];
	q20 -> q18 [label = "a"];
	q18 -> q19 [label = "b"];
	q23 -> q0 [label = "b"];
	q16 -> q23 [label = "a, c"];
	q20 -> q23 [label = "a, b, c"];
	q20 -> q16 [label = "c"];
	q20 -> q6 [label = "c"];
	q20 -> q2 [label = "c"];
	q13 -> q21 [label = "b"];
	q13 -> q19 [label = "b"];
	q13 -> q7 [label = "b"];
	q13 -> q4 [label = "b"];
	q13 -> q0 [label = "b"];
	q11 -> q24 [label = "c"];
	q11 -> q13 [label = "c"];
	q11 -> q11 [label = "c"];
	q14 -> q11 [label = "a"];
	q14 -> q4 [label = "a"];
	q12 -> q21 [label = "b"];
	q20 -> q21 [label = "b"];
	q12 -> q19 [label = "b"];
	q12 -> q17 [label = "b"];
	q12 -> q15 [label = "b"];
	q12 -> q12 [label = "b"];
	q12 -> q0 [label = "b"];
	q10 -> q6 [label = "c"];
	q10 -> q2 [label = "c"];
	q4 -> q6 [label = "b, c"];
	q22 -> q24 [label = "c"];
	q4 -> q2 [label = "a, b, c"];
	q8 -> q17 [label = "b"];
	q12 -> q16 [label = "c"];
	q12 -> q2 [label = "b, c"];
	q10 -> q19 [label = "b"];
	q14 -> q17 [label = "a, b"];
	q11 -> q19 [label = "a, b, c"];
	q5 -> q13 [label = "a, c"];
	q10 -> q0 [label = "b"];
	q11 -> q0 [label = "a, b"];
	q19 -> q23 [label = "b"];
	q14 -> q1 [label = "a, c"];
	q8 -> q1 [label = "a, b, c"];
	q13 -> q18 [label = "a, c"];
	q10 -> q23 [label = "a, b"];
	q21 -> q13 [label = "a"];
	q24 -> q21 [label = "c"];
	q7 -> q12 [label = "b"];
	q21 -> q20 [label = "a"];
	q19 -> q16 [label = "a"];
	q10 -> q18 [label = "a"];
	q3 -> q23 [label = "a, b, c"];
	q1 -> q5 [label = "c"];
	q14 -> q19 [label = "a, b"];
	q14 -> q9 [label = "a, c"];
	q24 -> q15 [label = "a, b, c"];
	q18 -> q23 [label = "a, b"];
	q14 -> q18 [label = "a, b"];
	q6 -> q6 [label = "b"];
	q14 -> q10 [label = "a, b"];
	q12 -> q18 [label = "b"];
	q10 -> q12 [label = "a"];
	q0 -> q12 [label = "b"];
	q14 -> q5 [label = "a, b"];
	q24 -> q7 [label = "b"];
	q9 -> q1 [label = "c"];
	q8 -> q20 [label = "a, b, c"];
	q18 -> q2 [label = "c"];
	q8 -> q15 [label = "a, b, c"];
	q8 -> q5 [label = "a, c"];
	q0 -> q10 [label = "a"];
	q15 -> q17 [label = "b"];
	q8 -> q2 [label = "a, b, c"];
	q0 -> q23 [label = "a, b"];
	q2 -> q18 [label = "a"];
	q13 -> q23 [label = "a, b, c"];
	q13 -> q22 [label = "c"];
	q4 -> q5 [label = "b, c"];
	q13 -> q16 [label = "c"];
	q16 -> q19 [label = "b"];
	q14 -> q8 [label = "b"];
	q21 -> q17 [label = "b"];
	q3 -> q19 [label = "a, b, c"];
	q3 -> q18 [label = "a, b, c"];
	q14 -> q0 [label = "a, b"];
	q13 -> q17 [label = "c"];
	q11 -> q10 [label = "b, c"];
	q8 -> q10 [label = "a, b, c"];
	q7 -> q2 [label = "a, b, c"];
	q8 -> q6 [label = "b"];
	q11 -> q8 [label = "b"];
	q13 -> q10 [label = "b, c"];
	q11 -> q7 [label = "b"];
	q2 -> q23 [label = "a, c"];
	q11 -> q6 [label = "b, c"];
	q21 -> q10 [label = "a"];
	q24 -> q12 [label = "a, b, c"];
	q3 -> q4 [label = "a, b"];
	q8 -> q22 [label = "b"];
	q7 -> q0 [label = "b"];
	q9 -> q23 [label = "a, c"];
	q1 -> q18 [label = "a, b"];
	q17 -> q10 [label = "c"];
	q14 -> q15 [label = "a, b"];
	q21 -> q12 [label = "b"];
	q9 -> q20 [label = "a"];
	q19 -> q17 [label = "b"];
	q5 -> q2 [label = "c"];
	q13 -> q11 [label = "c"];
	q11 -> q17 [label = "a, b, c"];
	q13 -> q13 [label = "c"];
	q8 -> q13 [label = "a, b, c"];
	q24 -> q23 [label = "a, b, c"];
	q21 -> q0 [label = "b"];
	q10 -> q7 [label = "b"];
	q14 -> q12 [label = "a, b"];
	q8 -> q16 [label = "a, b, c"];
	q24 -> q5 [label = "c"];
	q24 -> q4 [label = "b"];
	q9 -> q18 [label = "a"];
	q15 -> q23 [label = "b, c"];
	q24 -> q19 [label = "a, b, c"];
	q20 -> q0 [label = "b"];
	q2 -> q15 [label = "b"];
	q13 -> q20 [label = "c"];
	q24 -> q0 [label = "a, b, c"];
	q21 -> q21 [label = "b"];
	q21 -> q2 [label = "b, c"];
	q24 -> q22 [label = "b, c"];
	q24 -> q17 [label = "b, c"];
	q0 -> q15 [label = "b, c"];
	q3 -> q12 [label = "a, b, c"];
	q13 -> q6 [label = "c"];
	q24 -> q20 [label = "a, b, c"];
	q24 -> q10 [label = "b, c"];
	q4 -> q8 [label = "b, c"];
	q8 -> q0 [label = "a, c"];
	q9 -> q10 [label = "a"];
	q9 -> q19 [label = "b"];
	q2 -> q16 [label = "a, c"];
	q12 -> q10 [label = "a"];
	q11 -> q3 [label = "b"];
	q11 -> q21 [label = "a, b"];
	q14 -> q6 [label = "a, b"];
	q23 -> q23 [label = "a, b"];
	q7 -> q18 [label = "b"];
	q1 -> q9 [label = "c"];
	q11 -> q22 [label = "a, c"];
	q14 -> q20 [label = "a"];
	q21 -> q15 [label = "b, c"];
	q24 -> q6 [label = "b, c"];
	q15 -> q2 [label = "b"];
	q21 -> q19 [label = "b, c"];
	q8 -> q18 [label = "a, b, c"];
	q24 -> q1 [label = "a, b, c"];
	q8 -> q11 [label = "b"];
	q6 -> q12 [label = "a"];
	q14 -> q22 [label = "a, c"];
	q8 -> q4 [label = "b"];
	q24 -> q11 [label = "b"];
	q11 -> q4 [label = "b, c"];
	q1 -> q10 [label = "c"];
	q6 -> q17 [label = "b"];
	q24 -> q9 [label = "a, c"];
	q4 -> q1 [label = "a"];
	q7 -> q22 [label = "a"];
	q12 -> q9 [label = "c"];
	q19 -> q2 [label = "b"];
	q24 -> q13 [label = "b, c"];
	q11 -> q2 [label = "a, b, c"];
	q8 -> q12 [label = "a, c"];
	q12 -> q23 [label = "a, b"];
	q3 -> q5 [label = "a, b, c"];
	q19 -> q5 [label = "c"];
	q13 -> q12 [label = "a"];
	q13 -> q2 [label = "c"];
	q17 -> q12 [label = "b"];
	q11 -> q12 [label = "a, b"];
	q21 -> q23 [label = "a, b"];
	q2 -> q19 [label = "b"];
	q16 -> q18 [label = "a"];
	q9 -> q16 [label = "a, c"];
	q24 -> q18 [label = "a, b, c"];
	q14 -> q16 [label = "a, c"];
	q18 -> q16 [label = "c"];
	q3 -> q1 [label = "a, b, c"];
	q11 -> q1 [label = "a, c"];
	q6 -> q9 [label = "a"];
	q11 -> q9 [label = "a"];
	q3 -> q8 [label = "b, c"];
	q21 -> q18 [label = "a, b"];
	q3 -> q11 [label = "a, b"];
	q24 -> q2 [label = "a, b, c"];
	q11 -> q20 [label = "a, c"];
	q15 -> q16 [label = "a, c"];
	q11 -> q23 [label = "a, b, c"];
	q15 -> q18 [label = "b"];
	q7 -> q6 [label = "b"];
	q0 -> q5 [label = "c"];
	q4 -> q18 [label = "a, b"];
	q23 -> q2 [label = "c"];
	q15 -> q5 [label = "c"];
	q3 -> q22 [label = "a, b"];
	q18 -> q0 [label = "b"];
	q4 -> q15 [label = "a, b, c"];
	q4 -> q19 [label = "a, b, c"];
	q1 -> q23 [label = "a, b, c"];
	q0 -> q16 [label = "a"];
	q6 -> q1 [label = "a, c"];
	q6 -> q15 [label = "a, b, c"];
	q0 -> q17 [label = "b"];
	q7 -> q19 [label = "b, c"];
	q6 -> q2 [label = "a, b, c"];
	q6 -> q4 [label = "b"];
	q7 -> q21 [label = "b"];
	q6 -> q13 [label = "c"];
	q6 -> q10 [label = "b, c"];
	q15 -> q10 [label = "c"];
	q1 -> q20 [label = "a"];
	q6 -> q16 [label = "a, c"];
	q5 -> q15 [label = "c"];
	q7 -> q9 [label = "a"];
	q14 -> q21 [label = "a, b"];
	q8 -> q19 [label = "a, b, c"];
	q6 -> q18 [label = "a, b, c"];
	q14 -> q23 [label = "a, b, c"];
	q6 -> q19 [label = "a, b, c"];
	q6 -> q20 [label = "a, c"];
	q5 -> q12 [label = "a, c"];
	q3 -> q13 [label = "a, b, c"];
	q6 -> q23 [label = "a, b, c"];
	q9 -> q15 [label = "b"];
	q0 -> q0 [label = "b"];
	q3 -> q15 [label = "a, b, c"];
	q7 -> q17 [label = "b"];
	q0 -> q2 [label = "b, c"];
	q20 -> q22 [label = "c"];
	q14 -> q13 [label = "a"];
	q0 -> q18 [label = "b"];
	q0 -> q19 [label = "b, c"];
	q0 -> q21 [label = "b"];
	q4 -> q0 [label = "a, b"];
	q4 -> q9 [label = "a"];
	q24 -> q16 [label = "a, b, c"];
	q11 -> q15 [label = "a, b, c"];
	q4 -> q12 [label = "a, b"];
	q5 -> q16 [label = "a, c"];
	q4 -> q16 [label = "a"];
	q4 -> q22 [label = "a"];
	q4 -> q17 [label = "a, b"];
	q4 -> q20 [label = "a"];
	q21 -> q5 [label = "c"];
	q3 -> q10 [label = "a, b, c"];
	q7 -> q7 [label = "b"];
	q4 -> q3 [label = "b"];
	q4 -> q21 [label = "a, b"];
	q8 -> q23 [label = "a, b, c"];
	q14 -> q2 [label = "a, b, c"];
	q2 -> q1 [label = "c"];
	q14 -> q7 [label = "a"];
	q5 -> q1 [label = "c"];
	q17 -> q2 [label = "b, c"];
	q5 -> q5 [label = "c"];
	q1 -> q15 [label = "b, c"];
	q11 -> q5 [label = "b"];
	q5 -> q9 [label = "c"];
	q9 -> q13 [label = "a"];
	q5 -> q18 [label = "a, c"];
	q11 -> q18 [label = "a, b, c"];
	q7 -> q5 [label = "b, c"];
	q4 -> q7 [label = "b"];
	q8 -> q9 [label = "a, c"];
	q5 -> q20 [label = "a, c"];
	q4 -> q23 [label = "a, b"];
	q5 -> q23 [label = "a, b, c"];
	q16 -> q22 [label = "c"];
	q22 -> q1 [label = "c"];
	q3 -> q2 [label = "a, b, c"];
	q1 -> q16 [label = "a, c"];
	q11 -> q16 [label = "a, c"];
	q3 -> q0 [label = "a, b, c"];
	q21 -> q8 [label = "c"];
	q3 -> q6 [label = "a, b, c"];
	q22 -> q16 [label = "a, c"];
	q3 -> q7 [label = "a, b"];
	q7 -> q10 [label = "a, b"];
	q3 -> q9 [label = "a, b, c"];
	q3 -> q16 [label = "a, b, c"];
	q2 -> q2 [label = "c"];
	q3 -> q17 [label = "a, b"];
	q5 -> q4 [label = "b"];
	q3 -> q20 [label = "a, b, c"];
	q3 -> q21 [label = "a, b"];
	q3 -> q24 [label = "b, c"];
	q7 -> q1 [label = "a"];
	q7 -> q15 [label = "b, c"];
	q1 -> q0 [label = "b"];
	q17 -> q20 [label = "a"];
	q22 -> q6 [label = "c"];
	q1 -> q12 [label = "b"];
	q7 -> q8 [label = "b"];
	q7 -> q23 [label = "a, b"];
	q1 -> q1 [label = "c"];
	q1 -> q19 [label = "b, c"];
	q1 -> q2 [label = "c"];
	q1 -> q6 [label = "c"];
	q20 -> q10 [label = "c"];
	q1 -> q22 [label = "c"];
	q2 -> q20 [label = "a"];
	q6 -> q0 [label = "a"];
	q5 -> q0 [label = "c"];
	q4 -> q10 [label = "b"];
	q5 -> q10 [label = "a, b, c"];
	q5 -> q19 [label = "b, c"];
	q7 -> q16 [label = "a"];
	q9 -> q2 [label = "c"];
	q9 -> q9 [label = "c"];
	q9 -> q22 [label = "c"];
}
NFA size: 25 states

