Random target AFA:
digraph finite_state_machine {
	rankdir=LR;
	node [shape = circle];
	s0 [shape = point, style = invis, start="true" ];
	s1 [shape = point, style = invis, start="true" ];
	q0 [label = "q0"];
	q1 [label = "q1", shape = doublecircle, final="true" ];
	q2 [label = "q2"];
	q3 [label = "q3", shape = doublecircle, final="true" ];
	q4 [label = "q4"];
	q5 [label = "q5"];
	m0 [label = "", shape = square, style = filled, color=grey, fixedsize=true, width=.2];
	m1 [label = "", shape = square, style = filled, color=grey, fixedsize=true, width=.2];
	m2 [label = "", shape = square, style = filled, color=grey, fixedsize=true, width=.2];
	m3 [label = "", shape = square, style = filled, color=grey, fixedsize=true, width=.2];
	m4 [label = "", shape = square, style = filled, color=grey, fixedsize=true, width=.2];
	m5 [label = "", shape = square, style = filled, color=grey, fixedsize=true, width=.2];
	m6 [label = "", shape = square, style = filled, color=grey, fixedsize=true, width=.2];
	m7 [label = "", shape = square, style = filled, color=grey, fixedsize=true, width=.2];
	s0 -> q2
	s1 -> q2
	q2 -> m6 [label = "c"];
	q4 -> q4 [label = "b"];
	q5 -> m3 [label = "a"];
	q5 -> q3 [label = "a"];
	q2 -> m7 [label = "c"];
	q3 -> q4 [label = "a, c"];
	q1 -> m5 [label = "b"];
	q3 -> m4 [label = "a, b"];
	q1 -> q0 [label = "c"];
	q4 -> q5 [label = "c"];
	q5 -> q0 [label = "b"];
	q2 -> q2 [label = "a"];
	q1 -> q5 [label = "a"];
	q1 -> q3 [label = "a, c"];
	q2 -> m1 [label = "b"];
	q0 -> m0 [label = "a"];
	q4 -> q1 [label = "a"];
	q2 -> m2 [label = "b"];
	q0 -> q4 [label = "b, c"];
	q3 -> q0 [label = "b, c"];
	q0 -> q3 [label = "b"];
	q4 -> q3 [label = "b"];
	q4 -> m4 [label = "a"];
	q2 -> m3 [label = "a"];
	q1 -> q4 [label = "b"];
	q0 -> q5 [label = "a"];
	q5 -> q1 [label = "c"];
	m0 -> q0;
	m0 -> q5;
	m1 -> q2;
	m1 -> q4;
	m2 -> q0;
	m2 -> q1;
	m3 -> q0;
	m3 -> q4;
	m4 -> q4;
	m4 -> q5;
	m5 -> q3;
	m5 -> q4;
	m6 -> q1;
	m6 -> q3;
	m7 -> q0;
	m7 -> q2;
}

L* output after 10 EQ and 7278 MQ:
digraph finite_state_machine {
	rankdir=LR;
	node [shape = circle];
	s0 [shape = point, style = invis, start="true" ];
	q0 [label = "q0", shape = doublecircle, final="true" ];
	q1 [label = "q1", shape = doublecircle, final="true" ];
	q2 [label = "q2", shape = doublecircle, final="true" ];
	q3 [label = "q3", shape = doublecircle, final="true" ];
	q4 [label = "q4", shape = doublecircle, final="true" ];
	q5 [label = "q5"];
	q6 [label = "q6", shape = doublecircle, final="true" ];
	q7 [label = "q7"];
	q8 [label = "q8", shape = doublecircle, final="true" ];
	q9 [label = "q9", shape = doublecircle, final="true" ];
	q10 [label = "q10", shape = doublecircle, final="true" ];
	q11 [label = "q11"];
	q12 [label = "q12"];
	q13 [label = "q13"];
	q14 [label = "q14"];
	q15 [label = "q15"];
	q16 [label = "q16", shape = doublecircle, final="true" ];
	q17 [label = "q17"];
	q18 [label = "q18", shape = doublecircle, final="true" ];
	q19 [label = "q19"];
	q20 [label = "q20", shape = doublecircle, final="true" ];
	q21 [label = "q21"];
	q22 [label = "q22"];
	q23 [label = "q23"];
	q24 [label = "q24", shape = doublecircle, final="true" ];
	q25 [label = "q25"];
	q26 [label = "q26"];
	q27 [label = "q27"];
	q28 [label = "q28", shape = doublecircle, final="true" ];
	q29 [label = "q29", shape = doublecircle, final="true" ];
	q30 [label = "q30", shape = doublecircle, final="true" ];
	q31 [label = "q31"];
	q32 [label = "q32", shape = doublecircle, final="true" ];
	q33 [label = "q33"];
	q34 [label = "q34"];
	q35 [label = "q35"];
	q36 [label = "q36", shape = doublecircle, final="true" ];
	q37 [label = "q37"];
	q38 [label = "q38", shape = doublecircle, final="true" ];
	q39 [label = "q39", shape = doublecircle, final="true" ];
	q40 [label = "q40", shape = doublecircle, final="true" ];
	q41 [label = "q41", shape = doublecircle, final="true" ];
	q42 [label = "q42", shape = doublecircle, final="true" ];
	q43 [label = "q43", shape = doublecircle, final="true" ];
	q44 [label = "q44", shape = doublecircle, final="true" ];
	q45 [label = "q45", shape = doublecircle, final="true" ];
	q46 [label = "q46", shape = doublecircle, final="true" ];
	q47 [label = "q47"];
	q48 [label = "q48", shape = doublecircle, final="true" ];
	q49 [label = "q49"];
	q50 [label = "q50"];
	q51 [label = "q51"];
	q52 [label = "q52"];
	q53 [label = "q53", shape = doublecircle, final="true" ];
	q54 [label = "q54"];
	q55 [label = "q55"];
	q56 [label = "q56"];
	q57 [label = "q57", shape = doublecircle, final="true" ];
	q58 [label = "q58", shape = doublecircle, final="true" ];
	q59 [label = "q59"];
	q60 [label = "q60", shape = doublecircle, final="true" ];
	q61 [label = "q61", shape = doublecircle, final="true" ];
	s0 -> q19
	q41 -> q43 [label = "c"];
	q45 -> q16 [label = "a"];
	q47 -> q14 [label = "c"];
	q45 -> q10 [label = "c"];
	q44 -> q38 [label = "a"];
	q46 -> q24 [label = "b"];
	q40 -> q39 [label = "a"];
	q42 -> q59 [label = "b"];
	q44 -> q46 [label = "c"];
	q35 -> q54 [label = "c"];
	q36 -> q56 [label = "b"];
	q40 -> q16 [label = "c"];
	q39 -> q50 [label = "b"];
	q37 -> q38 [label = "a"];
	q42 -> q58 [label = "a"];
	q33 -> q14 [label = "c"];
	q35 -> q42 [label = "a"];
	q33 -> q48 [label = "b"];
	q37 -> q44 [label = "c"];
	q35 -> q48 [label = "b"];
	q36 -> q61 [label = "a"];
	q32 -> q34 [label = "c"];
	q38 -> q40 [label = "c"];
	q34 -> q16 [label = "a"];
	q32 -> q50 [label = "b"];
	q34 -> q24 [label = "b, c"];
	q32 -> q38 [label = "a"];
	q47 -> q24 [label = "b"];
	q31 -> q38 [label = "a"];
	q29 -> q50 [label = "b"];
	q28 -> q56 [label = "b"];
	q31 -> q50 [label = "b"];
	q29 -> q57 [label = "a"];
	q31 -> q9 [label = "c"];
	q27 -> q38 [label = "a"];
	q25 -> q49 [label = "b"];
	q19 -> q22 [label = "b"];
	q5 -> q48 [label = "b"];
	q26 -> q13 [label = "c"];
	q21 -> q24 [label = "b"];
	q23 -> q17 [label = "c"];
	q17 -> q48 [label = "b"];
	q22 -> q15 [label = "c"];
	q30 -> q48 [label = "b"];
	q43 -> q24 [label = "c"];
	q18 -> q59 [label = "b"];
	q11 -> q5 [label = "c"];
	q22 -> q31 [label = "a"];
	q17 -> q60 [label = "c"];
	q20 -> q23 [label = "b"];
	q50 -> q48 [label = "b"];
	q22 -> q35 [label = "b"];
	q18 -> q8 [label = "c"];
	q41 -> q38 [label = "a"];
	q46 -> q16 [label = "a"];
	q52 -> q6 [label = "c"];
	q20 -> q26 [label = "c"];
	q6 -> q3 [label = "c"];
	q30 -> q39 [label = "a"];
	q59 -> q52 [label = "c"];
	q48 -> q24 [label = "b"];
	q3 -> q24 [label = "b, c"];
	q48 -> q14 [label = "c"];
	q41 -> q50 [label = "b"];
	q28 -> q29 [label = "a"];
	q17 -> q39 [label = "a"];
	q52 -> q16 [label = "a"];
	q0 -> q3 [label = "c"];
	q53 -> q55 [label = "c"];
	q3 -> q16 [label = "a"];
	q0 -> q58 [label = "a"];
	q16 -> q24 [label = "b"];
	q6 -> q38 [label = "a"];
	q56 -> q51 [label = "c"];
	q49 -> q41 [label = "a"];
	q52 -> q24 [label = "b"];
	q61 -> q57 [label = "a"];
	q19 -> q21 [label = "a"];
	q45 -> q24 [label = "b"];
	q37 -> q50 [label = "b"];
	q60 -> q43 [label = "c"];
	q54 -> q0 [label = "c"];
	q60 -> q58 [label = "a"];
	q54 -> q24 [label = "b"];
	q43 -> q39 [label = "a"];
	q1 -> q39 [label = "a"];
	q29 -> q30 [label = "c"];
	q57 -> q24 [label = "b"];
	q50 -> q6 [label = "a"];
	q38 -> q24 [label = "b"];
	q61 -> q40 [label = "c"];
	q46 -> q47 [label = "c"];
	q9 -> q59 [label = "b"];
	q49 -> q48 [label = "b"];
	q47 -> q16 [label = "a"];
	q48 -> q2 [label = "a"];
	q59 -> q42 [label = "a"];
	q59 -> q48 [label = "b"];
	q60 -> q59 [label = "b"];
	q12 -> q10 [label = "c"];
	q57 -> q16 [label = "a"];
	q55 -> q16 [label = "a"];
	q53 -> q1 [label = "a"];
	q51 -> q39 [label = "a"];
	q58 -> q50 [label = "b"];
	q27 -> q24 [label = "b"];
	q8 -> q10 [label = "c"];
	q51 -> q48 [label = "b"];
	q18 -> q58 [label = "a"];
	q13 -> q48 [label = "b"];
	q56 -> q18 [label = "a"];
	q57 -> q38 [label = "c"];
	q49 -> q51 [label = "c"];
	q21 -> q28 [label = "c"];
	q9 -> q4 [label = "c"];
	q53 -> q24 [label = "b"];
	q36 -> q43 [label = "c"];
	q50 -> q52 [label = "c"];
	q55 -> q24 [label = "b"];
	q2 -> q38 [label = "c"];
	q38 -> q16 [label = "a"];
	q58 -> q16 [label = "a"];
	q24 -> q16 [label = "a"];
	q58 -> q40 [label = "c"];
	q15 -> q7 [label = "a"];
	q25 -> q36 [label = "c"];
	q10 -> q14 [label = "c"];
	q43 -> q48 [label = "b"];
	q55 -> q40 [label = "c"];
	q27 -> q18 [label = "c"];
	q23 -> q48 [label = "b"];
	q1 -> q48 [label = "b"];
	q9 -> q58 [label = "a"];
	q20 -> q25 [label = "a"];
	q39 -> q16 [label = "a, c"];
	q14 -> q16 [label = "a, c"];
	q12 -> q48 [label = "b"];
	q15 -> q48 [label = "b"];
	q44 -> q50 [label = "b"];
	q11 -> q41 [label = "a"];
	q13 -> q6 [label = "a"];
	q7 -> q16 [label = "a"];
	q14 -> q24 [label = "b"];
	q8 -> q48 [label = "b"];
	q56 -> q48 [label = "b"];
	q4 -> q24 [label = "b"];
	q54 -> q16 [label = "a"];
	q1 -> q30 [label = "c"];
	q5 -> q39 [label = "a"];
	q8 -> q39 [label = "a"];
	q7 -> q50 [label = "b"];
	q7 -> q41 [label = "c"];
	q5 -> q32 [label = "c"];
	q12 -> q39 [label = "a"];
	q21 -> q27 [label = "a"];
	q4 -> q16 [label = "a"];
	q40 -> q48 [label = "b"];
	q25 -> q53 [label = "a"];
	q6 -> q50 [label = "b"];
	q33 -> q39 [label = "a"];
	q0 -> q59 [label = "b"];
	q2 -> q48 [label = "b"];
	q51 -> q41 [label = "c"];
	q10 -> q48 [label = "b"];
	q4 -> q33 [label = "c"];
	q24 -> q24 [label = "b"];
	q10 -> q39 [label = "a"];
	q13 -> q37 [label = "c"];
	q11 -> q59 [label = "b"];
	q15 -> q11 [label = "c"];
	q2 -> q39 [label = "a"];
	q19 -> q20 [label = "c"];
	q23 -> q18 [label = "a"];
	q30 -> q40 [label = "c"];
	q16 -> q16 [label = "a, c"];
	q26 -> q48 [label = "b"];
	q61 -> q50 [label = "b"];
	q28 -> q12 [label = "c"];
	q26 -> q37 [label = "a"];
	q42 -> q45 [label = "c"];
	q24 -> q14 [label = "c"];
}
DFA size: 62 states

NL* output after 14 EQ and 4722 MQ:
digraph finite_state_machine {
	rankdir=LR;
	node [shape = circle];
	s0 [shape = point, style = invis, start="true" ];
	q0 [label = "q0"];
	q1 [label = "q1", shape = doublecircle, final="true" ];
	q2 [label = "q2"];
	q3 [label = "q3", shape = doublecircle, final="true" ];
	q4 [label = "q4", shape = doublecircle, final="true" ];
	q5 [label = "q5"];
	q6 [label = "q6"];
	q7 [label = "q7"];
	q8 [label = "q8"];
	q9 [label = "q9", shape = doublecircle, final="true" ];
	q10 [label = "q10"];
	q11 [label = "q11"];
	q12 [label = "q12"];
	q13 [label = "q13"];
	q14 [label = "q14", shape = doublecircle, final="true" ];
	q15 [label = "q15"];
	q16 [label = "q16"];
	q17 [label = "q17", shape = doublecircle, final="true" ];
	q18 [label = "q18"];
	q19 [label = "q19"];
	q20 [label = "q20"];
	q21 [label = "q21"];
	q22 [label = "q22"];
	q23 [label = "q23", shape = doublecircle, final="true" ];
	q24 [label = "q24", shape = doublecircle, final="true" ];
	q25 [label = "q25", shape = doublecircle, final="true" ];
	q26 [label = "q26", shape = doublecircle, final="true" ];
	q27 [label = "q27"];
	q28 [label = "q28"];
	q29 [label = "q29"];
	q30 [label = "q30", shape = doublecircle, final="true" ];
	q31 [label = "q31", shape = doublecircle, final="true" ];
	s0 -> q18
	q18 -> q17 [label = "c"];
	q20 -> q29 [label = "b"];
	q22 -> q31 [label = "a"];
	q22 -> q27 [label = "a"];
	q22 -> q26 [label = "a"];
	q22 -> q14 [label = "a"];
	q22 -> q11 [label = "a"];
	q22 -> q5 [label = "a"];
	q22 -> q3 [label = "a"];
	q17 -> q10 [label = "c"];
	q21 -> q31 [label = "a"];
	q21 -> q27 [label = "a"];
	q21 -> q26 [label = "a"];
	q21 -> q23 [label = "a"];
	q21 -> q20 [label = "a"];
	q21 -> q18 [label = "a"];
	q21 -> q11 [label = "a"];
	q21 -> q4 [label = "a"];
	q21 -> q3 [label = "a"];
	q19 -> q26 [label = "a"];
	q19 -> q20 [label = "a"];
	q19 -> q19 [label = "a"];
	q19 -> q18 [label = "a"];
	q19 -> q17 [label = "a"];
	q19 -> q14 [label = "a"];
	q19 -> q9 [label = "a"];
	q4 -> q19 [label = "b, c"];
	q4 -> q13 [label = "a, c"];
	q10 -> q29 [label = "b"];
	q15 -> q8 [label = "c"];
	q22 -> q24 [label = "a, c"];
	q10 -> q30 [label = "b"];
	q10 -> q6 [label = "b"];
	q14 -> q21 [label = "c"];
	q15 -> q15 [label = "b"];
	q16 -> q19 [label = "b"];
	q20 -> q13 [label = "a"];
	q21 -> q17 [label = "a, c"];
	q10 -> q27 [label = "a"];
	q2 -> q31 [label = "a"];
	q8 -> q5 [label = "a"];
	q8 -> q6 [label = "b"];
	q14 -> q6 [label = "b"];
	q4 -> q17 [label = "a, c"];
	q4 -> q22 [label = "c"];
	q13 -> q26 [label = "a, c"];
	q6 -> q8 [label = "c"];
	q13 -> q19 [label = "a, c"];
	q13 -> q14 [label = "a, c"];
	q9 -> q18 [label = "a"];
	q28 -> q12 [label = "a, b, c"];
	q4 -> q8 [label = "a, c"];
	q8 -> q12 [label = "c"];
	q15 -> q13 [label = "c"];
	q4 -> q10 [label = "b, c"];
	q5 -> q0 [label = "a"];
	q11 -> q30 [label = "a"];
	q19 -> q8 [label = "c"];
	q11 -> q6 [label = "b"];
	q30 -> q1 [label = "b"];
	q9 -> q15 [label = "b"];
	q28 -> q14 [label = "a, c"];
	q21 -> q24 [label = "a"];
	q23 -> q15 [label = "b"];
	q0 -> q0 [label = "a, b, c"];
	q21 -> q29 [label = "b, c"];
	q8 -> q19 [label = "c"];
	q24 -> q13 [label = "a"];
	q28 -> q20 [label = "a"];
	q23 -> q26 [label = "a"];
	q7 -> q23 [label = "a"];
	q23 -> q17 [label = "a, c"];
	q10 -> q15 [label = "b"];
	q31 -> q30 [label = "a"];
	q24 -> q15 [label = "a, b"];
	q24 -> q12 [label = "a, b, c"];
	q21 -> q10 [label = "c"];
	q13 -> q6 [label = "b"];
	q10 -> q20 [label = "a"];
	q6 -> q17 [label = "a"];
	q26 -> q6 [label = "b"];
	q25 -> q7 [label = "a, b, c"];
	q1 -> q6 [label = "a, b, c"];
	q24 -> q19 [label = "a, b"];
	q23 -> q11 [label = "a"];
	q8 -> q11 [label = "a"];
	q6 -> q12 [label = "a"];
	q24 -> q7 [label = "b"];
	q20 -> q17 [label = "a, c"];
	q24 -> q6 [label = "a, b"];
	q24 -> q9 [label = "a"];
	q26 -> q31 [label = "a"];
	q27 -> q4 [label = "a"];
	q3 -> q20 [label = "a"];
	q24 -> q31 [label = "a"];
	q1 -> q3 [label = "a"];
	q30 -> q11 [label = "c"];
	q24 -> q18 [label = "a, c"];
	q13 -> q24 [label = "a"];
	q9 -> q31 [label = "a"];
	q1 -> q21 [label = "a"];
	q4 -> q12 [label = "a, b, c"];
	q11 -> q15 [label = "a, b"];
	q23 -> q6 [label = "b"];
	q12 -> q20 [label = "a"];
	q26 -> q11 [label = "a"];
	q0 -> q10 [label = "a, b, c"];
	q0 -> q25 [label = "a, b"];
	q28 -> q21 [label = "a"];
	q20 -> q11 [label = "a"];
	q28 -> q18 [label = "a"];
	q21 -> q15 [label = "b, c"];
	q28 -> q11 [label = "a"];
	q14 -> q10 [label = "c"];
	q30 -> q29 [label = "b"];
	q30 -> q25 [label = "b"];
	q4 -> q21 [label = "c"];
	q27 -> q21 [label = "a"];
	q30 -> q24 [label = "b"];
	q24 -> q22 [label = "c"];
	q2 -> q30 [label = "b"];
	q13 -> q12 [label = "a, c"];
	q31 -> q31 [label = "a"];
	q5 -> q26 [label = "a, c"];
	q13 -> q9 [label = "a, c"];
	q13 -> q17 [label = "a, c"];
	q28 -> q29 [label = "b"];
	q23 -> q29 [label = "b"];
	q24 -> q11 [label = "a"];
	q5 -> q4 [label = "a"];
	q30 -> q15 [label = "a, b, c"];
	q31 -> q12 [label = "a, b, c"];
	q0 -> q29 [label = "a, b, c"];
	q20 -> q16 [label = "a"];
	q28 -> q24 [label = "b"];
	q28 -> q17 [label = "a, b, c"];
	q26 -> q22 [label = "c"];
	q1 -> q2 [label = "a"];
	q4 -> q7 [label = "b, c"];
	q0 -> q27 [label = "a, c"];
	q23 -> q4 [label = "a"];
	q31 -> q29 [label = "a, b"];
	q26 -> q4 [label = "a"];
	q26 -> q10 [label = "c"];
	q10 -> q18 [label = "a"];
	q27 -> q7 [label = "b"];
	q20 -> q26 [label = "a"];
	q23 -> q14 [label = "a"];
	q25 -> q22 [label = "a"];
	q28 -> q9 [label = "a, b, c"];
	q0 -> q22 [label = "a, c"];
	q27 -> q29 [label = "b"];
	q7 -> q20 [label = "a, c"];
	q28 -> q1 [label = "b"];
	q28 -> q0 [label = "b"];
	q23 -> q19 [label = "a"];
	q15 -> q17 [label = "a"];
	q9 -> q6 [label = "b"];
	q30 -> q21 [label = "c"];
	q30 -> q18 [label = "c"];
	q6 -> q6 [label = "b"];
	q4 -> q2 [label = "a, c"];
	q31 -> q14 [label = "a, c"];
	q0 -> q14 [label = "a"];
	q16 -> q12 [label = "b"];
	q26 -> q9 [label = "a"];
	q26 -> q21 [label = "c"];
	q31 -> q8 [label = "a, c"];
	q1 -> q5 [label = "a"];
	q28 -> q7 [label = "b"];
	q29 -> q23 [label = "a"];
	q2 -> q27 [label = "a"];
	q27 -> q19 [label = "a, b"];
	q30 -> q17 [label = "a, b"];
	q4 -> q6 [label = "b, c"];
	q22 -> q23 [label = "a"];
	q21 -> q30 [label = "b"];
	q4 -> q15 [label = "a, b, c"];
	q23 -> q9 [label = "a"];
	q27 -> q3 [label = "c"];
	q30 -> q12 [label = "a, b, c"];
	q29 -> q18 [label = "c"];
	q1 -> q7 [label = "a, b, c"];
	q1 -> q17 [label = "a, b"];
	q14 -> q26 [label = "a"];
	q27 -> q9 [label = "a"];
	q25 -> q30 [label = "a, b"];
	q28 -> q16 [label = "a"];
	q27 -> q11 [label = "a"];
	q29 -> q20 [label = "c"];
	q31 -> q28 [label = "a"];
	q23 -> q18 [label = "a"];
	q31 -> q19 [label = "b, c"];
	q27 -> q13 [label = "a"];
	q21 -> q5 [label = "a"];
	q29 -> q11 [label = "c"];
	q31 -> q13 [label = "a, c"];
	q3 -> q17 [label = "a, c"];
	q13 -> q3 [label = "a"];
	q25 -> q10 [label = "a, b, c"];
	q0 -> q5 [label = "a, c"];
	q5 -> q25 [label = "a"];
	q27 -> q18 [label = "a, c"];
	q5 -> q6 [label = "a, b"];
	q21 -> q6 [label = "b, c"];
	q26 -> q17 [label = "a, c"];
	q26 -> q15 [label = "b"];
	q26 -> q23 [label = "c"];
	q28 -> q10 [label = "a, b"];
	q31 -> q16 [label = "a"];
	q25 -> q15 [label = "a, b, c"];
	q0 -> q23 [label = "a"];
	q14 -> q12 [label = "a, c"];
	q10 -> q7 [label = "c"];
	q23 -> q20 [label = "a"];
	q9 -> q9 [label = "a"];
	q24 -> q4 [label = "a"];
	q31 -> q10 [label = "b, c"];
	q14 -> q20 [label = "a"];
	q13 -> q4 [label = "a"];
	q31 -> q6 [label = "b, c"];
	q24 -> q28 [label = "a"];
	q28 -> q30 [label = "b"];
	q29 -> q15 [label = "b"];
	q16 -> q1 [label = "b"];
	q25 -> q19 [label = "a, b, c"];
	q2 -> q15 [label = "b"];
	q27 -> q23 [label = "c"];
	q31 -> q18 [label = "a"];
	q12 -> q18 [label = "a"];
	q24 -> q16 [label = "a, c"];
	q25 -> q20 [label = "a"];
	q14 -> q14 [label = "a"];
	q27 -> q12 [label = "a, b, c"];
	q25 -> q28 [label = "a"];
	q1 -> q0 [label = "a, b, c"];
	q3 -> q25 [label = "a, c"];
	q30 -> q8 [label = "a, b, c"];
	q0 -> q17 [label = "a, b"];
	q16 -> q30 [label = "b"];
	q21 -> q14 [label = "a"];
	q24 -> q8 [label = "a, c"];
	q22 -> q4 [label = "a"];
	q27 -> q8 [label = "a"];
	q24 -> q21 [label = "a, c"];
	q27 -> q14 [label = "a"];
	q3 -> q7 [label = "b"];
	q29 -> q17 [label = "a"];
	q5 -> q30 [label = "a"];
	q25 -> q6 [label = "a, b, c"];
	q31 -> q5 [label = "a"];
	q25 -> q8 [label = "a, b, c"];
	q0 -> q20 [label = "a, c"];
	q6 -> q2 [label = "c"];
	q25 -> q29 [label = "a, b, c"];
	q29 -> q9 [label = "a"];
	q0 -> q24 [label = "a, b"];
	q30 -> q13 [label = "a, c"];
	q28 -> q13 [label = "a"];
	q31 -> q26 [label = "c"];
	q27 -> q6 [label = "a, b"];
	q24 -> q29 [label = "b"];
	q27 -> q10 [label = "a, b"];
	q22 -> q18 [label = "a"];
	q29 -> q6 [label = "b"];
	q16 -> q28 [label = "a"];
	q25 -> q11 [label = "a"];
	q27 -> q16 [label = "a"];
	q30 -> q20 [label = "c"];
	q6 -> q9 [label = "a"];
	q14 -> q17 [label = "a, c"];
	q27 -> q25 [label = "a"];
	q8 -> q18 [label = "a"];
	q7 -> q30 [label = "b"];
	q27 -> q26 [label = "a"];
	q0 -> q21 [label = "a, c"];
	q24 -> q17 [label = "a"];
	q0 -> q16 [label = "a, c"];
	q9 -> q11 [label = "a"];
	q2 -> q9 [label = "a, c"];
	q6 -> q15 [label = "b"];
	q25 -> q1 [label = "a, b"];
	q25 -> q9 [label = "a, b"];
	q12 -> q15 [label = "b"];
	q25 -> q17 [label = "a, b"];
	q27 -> q31 [label = "a"];
	q25 -> q24 [label = "a, b"];
	q14 -> q18 [label = "a"];
	q1 -> q4 [label = "a"];
	q13 -> q15 [label = "b"];
	q25 -> q25 [label = "a, b"];
	q1 -> q25 [label = "a, b"];
	q16 -> q0 [label = "b"];
	q26 -> q12 [label = "c"];
	q20 -> q6 [label = "a, b"];
	q25 -> q12 [label = "a, b, c"];
	q29 -> q8 [label = "c"];
	q22 -> q17 [label = "a, c"];
	q19 -> q22 [label = "c"];
	q23 -> q12 [label = "a, c"];
	q29 -> q16 [label = "c"];
	q30 -> q7 [label = "b"];
	q31 -> q23 [label = "a"];
	q29 -> q28 [label = "c"];
	q25 -> q5 [label = "a"];
	q14 -> q29 [label = "b"];
	q25 -> q23 [label = "a"];
	q6 -> q13 [label = "c"];
	q19 -> q29 [label = "b"];
	q12 -> q8 [label = "c"];
	q25 -> q13 [label = "a"];
	q7 -> q6 [label = "b"];
	q25 -> q3 [label = "a"];
	q25 -> q4 [label = "a"];
	q25 -> q14 [label = "a"];
	q31 -> q15 [label = "a, b, c"];
	q4 -> q14 [label = "a, c"];
	q25 -> q16 [label = "a"];
	q28 -> q26 [label = "a"];
	q5 -> q9 [label = "a, c"];
	q8 -> q29 [label = "b"];
	q31 -> q11 [label = "a"];
	q25 -> q21 [label = "a"];
	q4 -> q16 [label = "a"];
	q5 -> q16 [label = "a"];
	q2 -> q4 [label = "a"];
	q25 -> q26 [label = "a"];
	q25 -> q27 [label = "a"];
	q7 -> q3 [label = "a"];
	q30 -> q9 [label = "a, b"];
	q24 -> q10 [label = "a, b, c"];
	q30 -> q0 [label = "b"];
	q20 -> q9 [label = "a"];
	q30 -> q14 [label = "a"];
	q29 -> q12 [label = "a"];
	q27 -> q20 [label = "a"];
	q0 -> q18 [label = "a, c"];
	q30 -> q6 [label = "b, c"];
	q1 -> q8 [label = "a, b, c"];
	q4 -> q23 [label = "a, c"];
	q0 -> q31 [label = "a"];
	q3 -> q10 [label = "a, b, c"];
	q4 -> q29 [label = "a, b, c"];
	q0 -> q1 [label = "a, b"];
	q5 -> q23 [label = "a"];
	q0 -> q9 [label = "a, b"];
	q28 -> q25 [label = "a, b"];
	q0 -> q3 [label = "a"];
	q0 -> q4 [label = "a"];
	q0 -> q7 [label = "a, b, c"];
	q29 -> q30 [label = "b"];
	q0 -> q8 [label = "a, b, c"];
	q0 -> q12 [label = "a, b, c"];
	q23 -> q25 [label = "c"];
	q19 -> q12 [label = "a"];
	q0 -> q13 [label = "a, c"];
	q29 -> q14 [label = "a"];
	q16 -> q10 [label = "b"];
	q0 -> q19 [label = "a, b, c"];
	q20 -> q7 [label = "b"];
	q0 -> q28 [label = "a, c"];
	q2 -> q11 [label = "a"];
	q0 -> q2 [label = "a, c"];
	q13 -> q20 [label = "a"];
	q27 -> q15 [label = "a, b"];
	q0 -> q30 [label = "a, b"];
	q26 -> q8 [label = "c"];
	q2 -> q6 [label = "b"];
	q2 -> q29 [label = "b"];
	q30 -> q16 [label = "c"];
	q5 -> q19 [label = "a, b, c"];
	q5 -> q10 [label = "a, b"];
	q24 -> q14 [label = "a"];
	q31 -> q2 [label = "a"];
	q2 -> q3 [label = "a"];
	q16 -> q6 [label = "b"];
	q2 -> q5 [label = "a"];
	q1 -> q10 [label = "a, b, c"];
	q30 -> q19 [label = "b, c"];
	q20 -> q18 [label = "a"];
	q2 -> q12 [label = "a, c"];
	q5 -> q8 [label = "a"];
	q2 -> q14 [label = "a, c"];
	q2 -> q17 [label = "a, c"];
	q2 -> q18 [label = "a, c"];
	q14 -> q15 [label = "b"];
	q13 -> q23 [label = "a"];
	q7 -> q27 [label = "a, c"];
	q2 -> q24 [label = "a"];
	q23 -> q31 [label = "a"];
	q13 -> q18 [label = "a"];
	q3 -> q28 [label = "a"];
	q2 -> q26 [label = "a, c"];
	q4 -> q5 [label = "a"];
	q4 -> q11 [label = "a"];
	q4 -> q28 [label = "a"];
	q9 -> q10 [label = "c"];
	q4 -> q30 [label = "a"];
	q29 -> q13 [label = "c"];
	q5 -> q14 [label = "a, c"];
	q5 -> q17 [label = "a, c"];
	q20 -> q28 [label = "a"];
	q5 -> q18 [label = "a, c"];
	q3 -> q31 [label = "a"];
	q26 -> q18 [label = "a"];
	q5 -> q20 [label = "a, c"];
	q1 -> q1 [label = "a, b"];
	q20 -> q8 [label = "a"];
	q31 -> q21 [label = "c"];
	q1 -> q9 [label = "a, b"];
	q1 -> q12 [label = "a, b, c"];
	q22 -> q6 [label = "b"];
	q1 -> q14 [label = "a"];
	q1 -> q15 [label = "a, b, c"];
	q1 -> q16 [label = "a"];
	q11 -> q12 [label = "b"];
	q25 -> q18 [label = "a"];
	q1 -> q18 [label = "a"];
	q6 -> q29 [label = "b"];
	q1 -> q20 [label = "a"];
	q1 -> q22 [label = "a"];
	q16 -> q29 [label = "b"];
	q20 -> q10 [label = "a, b"];
	q2 -> q19 [label = "a, c"];
	q1 -> q23 [label = "a"];
	q4 -> q31 [label = "a"];
	q1 -> q24 [label = "a, b"];
	q1 -> q26 [label = "a"];
	q1 -> q27 [label = "a"];
	q1 -> q28 [label = "a"];
	q20 -> q23 [label = "c"];
	q16 -> q25 [label = "b"];
	q1 -> q29 [label = "a, b, c"];
	q1 -> q30 [label = "a, b"];
	q3 -> q6 [label = "a, b"];
	q9 -> q21 [label = "c"];
	q21 -> q8 [label = "c"];
	q3 -> q12 [label = "a, b, c"];
	q1 -> q19 [label = "a, b, c"];
	q4 -> q18 [label = "a"];
	q3 -> q15 [label = "a, b"];
	q7 -> q17 [label = "a"];
	q4 -> q9 [label = "a, c"];
	q14 -> q8 [label = "c"];
	q3 -> q19 [label = "a, b"];
	q3 -> q29 [label = "b"];
	q16 -> q18 [label = "a"];
	q7 -> q18 [label = "a, c"];
	q0 -> q6 [label = "a, b, c"];
	q0 -> q15 [label = "a, b, c"];
	q3 -> q4 [label = "a"];
	q3 -> q8 [label = "a, c"];
	q30 -> q30 [label = "b"];
	q3 -> q9 [label = "a"];
	q3 -> q11 [label = "a"];
	q2 -> q20 [label = "a, c"];
	q3 -> q13 [label = "a"];
	q1 -> q31 [label = "a"];
	q5 -> q29 [label = "a, b"];
	q3 -> q16 [label = "a"];
	q3 -> q18 [label = "a"];
	q29 -> q29 [label = "b"];
	q3 -> q21 [label = "a"];
	q7 -> q15 [label = "b"];
	q8 -> q30 [label = "b"];
	q28 -> q6 [label = "a, b"];
	q7 -> q29 [label = "b"];
	q5 -> q1 [label = "a"];
	q22 -> q20 [label = "a"];
	q5 -> q31 [label = "a"];
	q5 -> q2 [label = "a"];
	q5 -> q3 [label = "a"];
	q5 -> q5 [label = "a"];
	q5 -> q7 [label = "a, b"];
	q5 -> q11 [label = "a"];
	q31 -> q7 [label = "b"];
	q5 -> q13 [label = "a"];
	q5 -> q15 [label = "a, b"];
	q5 -> q21 [label = "a"];
	q5 -> q22 [label = "a"];
	q12 -> q29 [label = "b"];
	q1 -> q11 [label = "a"];
	q17 -> q15 [label = "b"];
	q20 -> q15 [label = "a, b"];
	q0 -> q26 [label = "a"];
	q5 -> q24 [label = "a"];
	q5 -> q27 [label = "a"];
	q5 -> q28 [label = "a"];
	q7 -> q9 [label = "a"];
	q6 -> q14 [label = "a"];
	q7 -> q12 [label = "a"];
	q7 -> q14 [label = "a"];
	q14 -> q19 [label = "a"];
	q7 -> q19 [label = "a"];
	q20 -> q25 [label = "a"];
	q13 -> q31 [label = "a"];
	q28 -> q15 [label = "a, b"];
	q7 -> q24 [label = "a"];
	q28 -> q4 [label = "a"];
	q7 -> q26 [label = "a"];
	q25 -> q0 [label = "a, b"];
	q3 -> q1 [label = "c"];
	q24 -> q20 [label = "a"];
	q30 -> q28 [label = "c"];
	q18 -> q16 [label = "a"];
	q9 -> q8 [label = "c"];
	q27 -> q28 [label = "a"];
	q9 -> q12 [label = "c"];
	q24 -> q26 [label = "a"];
	q2 -> q23 [label = "a"];
	q13 -> q5 [label = "a"];
	q16 -> q24 [label = "b"];
	q13 -> q11 [label = "a"];
	q16 -> q8 [label = "b"];
	q13 -> q27 [label = "a"];
	q24 -> q25 [label = "a"];
	q15 -> q6 [label = "b"];
	q9 -> q17 [label = "a"];
	q28 -> q8 [label = "a, b"];
	q15 -> q29 [label = "b"];
	q15 -> q30 [label = "b"];
	q4 -> q26 [label = "c"];
	q14 -> q4 [label = "a"];
	q28 -> q28 [label = "a"];
	q6 -> q30 [label = "b"];
	q31 -> q17 [label = "a, c"];
	q14 -> q9 [label = "a"];
	q14 -> q11 [label = "a"];
	q14 -> q31 [label = "a"];
	q11 -> q9 [label = "c"];
	q11 -> q17 [label = "c"];
	q11 -> q26 [label = "c"];
	q3 -> q14 [label = "a"];
	q16 -> q15 [label = "b"];
	q13 -> q29 [label = "b"];
	q21 -> q19 [label = "a, c"];
	q13 -> q30 [label = "b"];
	q15 -> q9 [label = "a"];
	q15 -> q12 [label = "a"];
	q15 -> q14 [label = "a"];
	q20 -> q12 [label = "a, b, c"];
	q20 -> q19 [label = "a, b"];
	q16 -> q16 [label = "a"];
	q16 -> q17 [label = "b, c"];
	q18 -> q12 [label = "b"];
	q22 -> q9 [label = "a, c"];
	q22 -> q12 [label = "a, c"];
	q28 -> q19 [label = "a, b"];
	q16 -> q7 [label = "b"];
	q3 -> q26 [label = "a"];
	q16 -> q9 [label = "b, c"];
	q18 -> q18 [label = "a"];
	q0 -> q11 [label = "a, c"];
	q22 -> q15 [label = "b"];
	q5 -> q12 [label = "a, b, c"];
	q22 -> q29 [label = "b"];
	q8 -> q15 [label = "b"];
	q1 -> q13 [label = "a"];
	q22 -> q30 [label = "b"];
	q20 -> q4 [label = "a"];
	q28 -> q31 [label = "a"];
	q30 -> q10 [label = "b, c"];
	q20 -> q14 [label = "a"];
	q23 -> q10 [label = "c"];
	q20 -> q20 [label = "a"];
	q20 -> q21 [label = "a"];
	q27 -> q17 [label = "a, c"];
	q21 -> q7 [label = "c"];
	q25 -> q31 [label = "a"];
	q21 -> q9 [label = "a, c"];
	q31 -> q9 [label = "a, c"];
	q20 -> q31 [label = "a"];
	q21 -> q12 [label = "a, c"];
	q17 -> q11 [label = "a"];
	q25 -> q2 [label = "a"];
	q22 -> q19 [label = "a, c"];
	q19 -> q6 [label = "b"];
	q19 -> q15 [label = "b"];
	q23 -> q8 [label = "c"];
}
NFA size: 32 states

