Random target AFA:
digraph finite_state_machine {
	rankdir=LR;
	node [shape = circle];
	s0 [shape = point, style = invis, start="true" ];
	s1 [shape = point, style = invis, start="true" ];
	q0 [label = "q0", shape = doublecircle, final="true" ];
	q1 [label = "q1"];
	q2 [label = "q2", shape = doublecircle, final="true" ];
	q3 [label = "q3"];
	q4 [label = "q4"];
	q5 [label = "q5", shape = doublecircle, final="true" ];
	m0 [label = "", shape = square, style = filled, color=grey, fixedsize=true, width=.2];
	m1 [label = "", shape = square, style = filled, color=grey, fixedsize=true, width=.2];
	m2 [label = "", shape = square, style = filled, color=grey, fixedsize=true, width=.2];
	m3 [label = "", shape = square, style = filled, color=grey, fixedsize=true, width=.2];
	m4 [label = "", shape = square, style = filled, color=grey, fixedsize=true, width=.2];
	m5 [label = "", shape = square, style = filled, color=grey, fixedsize=true, width=.2];
	m6 [label = "", shape = square, style = filled, color=grey, fixedsize=true, width=.2];
	m7 [label = "", shape = square, style = filled, color=grey, fixedsize=true, width=.2];
	s0 -> q0
	s1 -> q1
	q3 -> q2 [label = "c"];
	q2 -> q1 [label = "c"];
	q2 -> m7 [label = "c"];
	q0 -> q3 [label = "c"];
	q3 -> q0 [label = "b"];
	q5 -> m4 [label = "b"];
	q1 -> q0 [label = "a"];
	q2 -> q0 [label = "a"];
	q2 -> m3 [label = "a"];
	q1 -> q2 [label = "a"];
	q2 -> q5 [label = "b"];
	q4 -> q4 [label = "a"];
	q0 -> q0 [label = "b"];
	q2 -> q2 [label = "b"];
	q4 -> m0 [label = "c"];
	q0 -> m0 [label = "a"];
	q5 -> q0 [label = "a"];
	q4 -> m3 [label = "a"];
	q3 -> m0 [label = "a, c"];
	q4 -> m1 [label = "c"];
	q1 -> q4 [label = "b"];
	q5 -> m0 [label = "c"];
	q5 -> m5 [label = "c"];
	q5 -> q3 [label = "a, b"];
	q4 -> q2 [label = "b"];
	q4 -> q0 [label = "b"];
	q3 -> q3 [label = "b"];
	q0 -> m4 [label = "c"];
	q1 -> m6 [label = "b"];
	q3 -> m1 [label = "a"];
	q1 -> m4 [label = "c"];
	q0 -> m2 [label = "a"];
	q1 -> q5 [label = "c"];
	m0 -> q1;
	m0 -> q4;
	m1 -> q3;
	m1 -> q4;
	m2 -> q0;
	m2 -> q1;
	m3 -> q2;
	m3 -> q5;
	m4 -> q4;
	m4 -> q5;
	m5 -> q2;
	m5 -> q4;
	m6 -> q0;
	m6 -> q4;
	m7 -> q0;
	m7 -> q3;
}

L* output after 12 EQ and 14268 MQ:
digraph finite_state_machine {
	rankdir=LR;
	node [shape = circle];
	s0 [shape = point, style = invis, start="true" ];
	q0 [label = "q0", shape = doublecircle, final="true" ];
	q1 [label = "q1", shape = doublecircle, final="true" ];
	q2 [label = "q2"];
	q3 [label = "q3", shape = doublecircle, final="true" ];
	q4 [label = "q4", shape = doublecircle, final="true" ];
	q5 [label = "q5"];
	q6 [label = "q6"];
	q7 [label = "q7"];
	q8 [label = "q8", shape = doublecircle, final="true" ];
	q9 [label = "q9", shape = doublecircle, final="true" ];
	q10 [label = "q10", shape = doublecircle, final="true" ];
	q11 [label = "q11", shape = doublecircle, final="true" ];
	q12 [label = "q12", shape = doublecircle, final="true" ];
	q13 [label = "q13"];
	q14 [label = "q14", shape = doublecircle, final="true" ];
	q15 [label = "q15", shape = doublecircle, final="true" ];
	q16 [label = "q16"];
	q17 [label = "q17", shape = doublecircle, final="true" ];
	q18 [label = "q18", shape = doublecircle, final="true" ];
	q19 [label = "q19"];
	q20 [label = "q20", shape = doublecircle, final="true" ];
	q21 [label = "q21"];
	q22 [label = "q22", shape = doublecircle, final="true" ];
	q23 [label = "q23", shape = doublecircle, final="true" ];
	q24 [label = "q24"];
	q25 [label = "q25", shape = doublecircle, final="true" ];
	q26 [label = "q26"];
	q27 [label = "q27", shape = doublecircle, final="true" ];
	q28 [label = "q28"];
	q29 [label = "q29", shape = doublecircle, final="true" ];
	q30 [label = "q30", shape = doublecircle, final="true" ];
	q31 [label = "q31", shape = doublecircle, final="true" ];
	q32 [label = "q32", shape = doublecircle, final="true" ];
	q33 [label = "q33"];
	q34 [label = "q34", shape = doublecircle, final="true" ];
	q35 [label = "q35", shape = doublecircle, final="true" ];
	q36 [label = "q36", shape = doublecircle, final="true" ];
	q37 [label = "q37", shape = doublecircle, final="true" ];
	q38 [label = "q38"];
	q39 [label = "q39"];
	q40 [label = "q40", shape = doublecircle, final="true" ];
	q41 [label = "q41", shape = doublecircle, final="true" ];
	q42 [label = "q42", shape = doublecircle, final="true" ];
	q43 [label = "q43", shape = doublecircle, final="true" ];
	q44 [label = "q44", shape = doublecircle, final="true" ];
	q45 [label = "q45", shape = doublecircle, final="true" ];
	q46 [label = "q46", shape = doublecircle, final="true" ];
	q47 [label = "q47"];
	q48 [label = "q48", shape = doublecircle, final="true" ];
	q49 [label = "q49", shape = doublecircle, final="true" ];
	q50 [label = "q50"];
	q51 [label = "q51", shape = doublecircle, final="true" ];
	q52 [label = "q52", shape = doublecircle, final="true" ];
	q53 [label = "q53", shape = doublecircle, final="true" ];
	q54 [label = "q54"];
	q55 [label = "q55", shape = doublecircle, final="true" ];
	q56 [label = "q56"];
	q57 [label = "q57", shape = doublecircle, final="true" ];
	q58 [label = "q58", shape = doublecircle, final="true" ];
	q59 [label = "q59", shape = doublecircle, final="true" ];
	q60 [label = "q60", shape = doublecircle, final="true" ];
	q61 [label = "q61", shape = doublecircle, final="true" ];
	q62 [label = "q62", shape = doublecircle, final="true" ];
	q63 [label = "q63", shape = doublecircle, final="true" ];
	q64 [label = "q64", shape = doublecircle, final="true" ];
	q65 [label = "q65", shape = doublecircle, final="true" ];
	q66 [label = "q66", shape = doublecircle, final="true" ];
	q67 [label = "q67", shape = doublecircle, final="true" ];
	q68 [label = "q68"];
	q69 [label = "q69"];
	q70 [label = "q70"];
	q71 [label = "q71"];
	q72 [label = "q72", shape = doublecircle, final="true" ];
	q73 [label = "q73", shape = doublecircle, final="true" ];
	q74 [label = "q74", shape = doublecircle, final="true" ];
	q75 [label = "q75", shape = doublecircle, final="true" ];
	q76 [label = "q76", shape = doublecircle, final="true" ];
	q77 [label = "q77", shape = doublecircle, final="true" ];
	q78 [label = "q78", shape = doublecircle, final="true" ];
	q79 [label = "q79", shape = doublecircle, final="true" ];
	q80 [label = "q80", shape = doublecircle, final="true" ];
	q81 [label = "q81", shape = doublecircle, final="true" ];
	q82 [label = "q82", shape = doublecircle, final="true" ];
	q83 [label = "q83", shape = doublecircle, final="true" ];
	q84 [label = "q84", shape = doublecircle, final="true" ];
	q85 [label = "q85", shape = doublecircle, final="true" ];
	s0 -> q43
	q85 -> q35 [label = "a"];
	q81 -> q36 [label = "b"];
	q83 -> q75 [label = "b"];
	q81 -> q64 [label = "a"];
	q80 -> q30 [label = "c"];
	q82 -> q65 [label = "a"];
	q80 -> q75 [label = "b"];
	q82 -> q49 [label = "b"];
	q80 -> q35 [label = "a"];
	q79 -> q63 [label = "a"];
	q77 -> q75 [label = "b"];
	q83 -> q64 [label = "a"];
	q78 -> q35 [label = "a"];
	q77 -> q67 [label = "a"];
	q79 -> q56 [label = "c"];
	q73 -> q34 [label = "b"];
	q78 -> q36 [label = "b"];
	q76 -> q65 [label = "a"];
	q74 -> q35 [label = "a"];
	q76 -> q52 [label = "c"];
	q67 -> q69 [label = "c"];
	q71 -> q85 [label = "b"];
	q65 -> q30 [label = "c"];
	q71 -> q68 [label = "c"];
	q67 -> q37 [label = "a"];
	q67 -> q34 [label = "b"];
	q74 -> q47 [label = "c"];
	q68 -> q29 [label = "a"];
	q64 -> q36 [label = "b"];
	q68 -> q19 [label = "c"];
	q64 -> q37 [label = "a"];
	q63 -> q37 [label = "a"];
	q84 -> q36 [label = "b"];
	q59 -> q20 [label = "c"];
	q62 -> q44 [label = "a"];
	q58 -> q21 [label = "c"];
	q63 -> q77 [label = "b"];
	q61 -> q37 [label = "a"];
	q59 -> q55 [label = "a"];
	q61 -> q62 [label = "c"];
	q60 -> q75 [label = "b"];
	q62 -> q83 [label = "b"];
	q60 -> q67 [label = "a"];
	q58 -> q80 [label = "a"];
	q60 -> q61 [label = "c"];
	q58 -> q60 [label = "b"];
	q72 -> q73 [label = "a"];
	q51 -> q30 [label = "c"];
	q55 -> q37 [label = "a"];
	q50 -> q25 [label = "c"];
	q55 -> q49 [label = "b"];
	q49 -> q52 [label = "c"];
	q74 -> q46 [label = "b"];
	q51 -> q64 [label = "a"];
	q49 -> q49 [label = "b"];
	q53 -> q30 [label = "c"];
	q75 -> q49 [label = "b"];
	q51 -> q75 [label = "b"];
	q52 -> q44 [label = "a"];
	q72 -> q72 [label = "b"];
	q48 -> q54 [label = "c"];
	q54 -> q4 [label = "c"];
	q72 -> q30 [label = "c"];
	q52 -> q42 [label = "c"];
	q75 -> q35 [label = "a"];
	q48 -> q64 [label = "a"];
	q59 -> q51 [label = "b"];
	q45 -> q72 [label = "b"];
	q46 -> q63 [label = "a"];
	q44 -> q46 [label = "b"];
	q66 -> q67 [label = "a"];
	q42 -> q41 [label = "c"];
	q21 -> q78 [label = "a"];
	q23 -> q46 [label = "b"];
	q61 -> q46 [label = "b"];
	q19 -> q84 [label = "a"];
	q24 -> q24 [label = "c"];
	q71 -> q84 [label = "a"];
	q1 -> q50 [label = "c"];
	q85 -> q46 [label = "b"];
	q28 -> q44 [label = "a"];
	q24 -> q78 [label = "a"];
	q81 -> q70 [label = "c"];
	q27 -> q49 [label = "b"];
	q27 -> q57 [label = "c"];
	q28 -> q81 [label = "b"];
	q31 -> q80 [label = "a"];
	q34 -> q75 [label = "b"];
	q18 -> q16 [label = "c"];
	q26 -> q10 [label = "c"];
	q29 -> q37 [label = "a"];
	q38 -> q24 [label = "c"];
	q36 -> q50 [label = "c"];
	q31 -> q27 [label = "b"];
	q9 -> q8 [label = "a"];
	q34 -> q67 [label = "a"];
	q64 -> q69 [label = "c"];
	q43 -> q44 [label = "a"];
	q35 -> q37 [label = "a"];
	q43 -> q45 [label = "c"];
	q5 -> q24 [label = "c"];
	q82 -> q50 [label = "c"];
	q32 -> q28 [label = "c"];
	q21 -> q38 [label = "c"];
	q68 -> q66 [label = "b"];
	q62 -> q10 [label = "c"];
	q36 -> q35 [label = "a"];
	q32 -> q78 [label = "a"];
	q23 -> q11 [label = "a"];
	q10 -> q80 [label = "a"];
	q84 -> q35 [label = "a"];
	q33 -> q37 [label = "a"];
	q30 -> q49 [label = "b"];
	q0 -> q65 [label = "a"];
	q11 -> q70 [label = "c"];
	q70 -> q77 [label = "b"];
	q54 -> q29 [label = "a"];
	q22 -> q77 [label = "b"];
	q29 -> q68 [label = "c"];
	q17 -> q57 [label = "c"];
	q47 -> q51 [label = "b"];
	q56 -> q22 [label = "c"];
	q17 -> q49 [label = "b"];
	q45 -> q32 [label = "c"];
	q66 -> q70 [label = "c"];
	q20 -> q17 [label = "b"];
	q20 -> q80 [label = "a"];
	q46 -> q49 [label = "b"];
	q52 -> q76 [label = "b"];
	q37 -> q54 [label = "c"];
	q37 -> q36 [label = "b"];
	q33 -> q75 [label = "b"];
	q78 -> q54 [label = "c"];
	q2 -> q44 [label = "a"];
	q55 -> q52 [label = "c"];
	q6 -> q85 [label = "b"];
	q40 -> q75 [label = "b"];
	q70 -> q9 [label = "c"];
	q3 -> q49 [label = "b"];
	q46 -> q50 [label = "c"];
	q2 -> q1 [label = "b"];
	q7 -> q5 [label = "c"];
	q5 -> q18 [label = "b"];
	q50 -> q55 [label = "b"];
	q39 -> q38 [label = "c"];
	q15 -> q14 [label = "b"];
	q76 -> q49 [label = "b"];
	q73 -> q64 [label = "a"];
	q42 -> q55 [label = "a"];
	q40 -> q65 [label = "a"];
	q12 -> q7 [label = "c"];
	q85 -> q26 [label = "c"];
	q38 -> q11 [label = "a"];
	q44 -> q37 [label = "a"];
	q24 -> q18 [label = "b"];
	q41 -> q55 [label = "a, b"];
	q45 -> q53 [label = "a"];
	q41 -> q40 [label = "c"];
	q36 -> q49 [label = "b"];
	q13 -> q12 [label = "c"];
	q25 -> q65 [label = "a"];
	q21 -> q85 [label = "b"];
	q16 -> q15 [label = "c"];
	q31 -> q56 [label = "c"];
	q25 -> q56 [label = "c"];
	q28 -> q58 [label = "c"];
	q30 -> q37 [label = "a"];
	q27 -> q63 [label = "a"];
	q43 -> q48 [label = "b"];
	q22 -> q21 [label = "c"];
	q65 -> q75 [label = "b"];
	q42 -> q76 [label = "b"];
	q39 -> q74 [label = "b"];
	q73 -> q69 [label = "c"];
	q39 -> q11 [label = "a"];
	q25 -> q49 [label = "b"];
	q35 -> q54 [label = "c"];
	q0 -> q77 [label = "b"];
	q29 -> q36 [label = "b"];
	q34 -> q33 [label = "c"];
	q69 -> q29 [label = "a"];
	q57 -> q44 [label = "a"];
	q37 -> q37 [label = "a"];
	q11 -> q37 [label = "a"];
	q79 -> q49 [label = "b"];
	q56 -> q44 [label = "a, b"];
	q53 -> q64 [label = "a"];
	q23 -> q28 [label = "c"];
	q14 -> q67 [label = "a"];
	q26 -> q44 [label = "a"];
	q19 -> q19 [label = "c"];
	q69 -> q77 [label = "b"];
	q54 -> q77 [label = "b"];
	q32 -> q79 [label = "b"];
	q9 -> q3 [label = "b"];
	q44 -> q47 [label = "c"];
	q17 -> q35 [label = "a"];
	q77 -> q30 [label = "c"];
	q15 -> q7 [label = "c"];
	q11 -> q36 [label = "b"];
	q47 -> q44 [label = "a"];
	q15 -> q8 [label = "a"];
	q8 -> q70 [label = "c"];
	q63 -> q30 [label = "c"];
	q12 -> q11 [label = "a"];
	q53 -> q77 [label = "b"];
	q14 -> q75 [label = "b"];
	q3 -> q2 [label = "c"];
	q8 -> q35 [label = "a"];
	q8 -> q36 [label = "b"];
	q35 -> q34 [label = "b"];
	q14 -> q13 [label = "c"];
	q65 -> q37 [label = "a"];
	q10 -> q60 [label = "b"];
	q6 -> q38 [label = "c"];
	q5 -> q8 [label = "a"];
	q69 -> q71 [label = "c"];
	q22 -> q65 [label = "a"];
	q19 -> q18 [label = "b"];
	q40 -> q39 [label = "c"];
	q0 -> q6 [label = "c"];
	q9 -> q28 [label = "c"];
	q4 -> q28 [label = "c"];
	q4 -> q78 [label = "a"];
	q1 -> q37 [label = "a"];
	q84 -> q68 [label = "c"];
	q66 -> q36 [label = "b"];
	q57 -> q59 [label = "c"];
	q3 -> q63 [label = "a"];
	q7 -> q18 [label = "b"];
	q75 -> q52 [label = "c"];
	q70 -> q37 [label = "a"];
	q30 -> q57 [label = "c"];
	q26 -> q83 [label = "b"];
	q6 -> q8 [label = "a"];
	q38 -> q66 [label = "b"];
	q4 -> q3 [label = "b"];
	q12 -> q34 [label = "b"];
	q18 -> q67 [label = "a"];
	q47 -> q31 [label = "c"];
	q1 -> q49 [label = "b"];
	q2 -> q0 [label = "c"];
	q13 -> q37 [label = "a"];
	q7 -> q8 [label = "a"];
	q48 -> q74 [label = "b"];
	q10 -> q6 [label = "c"];
	q50 -> q44 [label = "a"];
	q33 -> q23 [label = "c"];
	q13 -> q36 [label = "b"];
	q20 -> q39 [label = "c"];
	q16 -> q37 [label = "a"];
	q83 -> q33 [label = "c"];
	q49 -> q63 [label = "a"];
	q18 -> q36 [label = "b"];
	q57 -> q82 [label = "b"];
	q16 -> q34 [label = "b"];
}
DFA size: 86 states

NL* output after 16 EQ and 6358 MQ:
digraph finite_state_machine {
	rankdir=LR;
	node [shape = circle];
	s0 [shape = point, style = invis, start="true" ];
	q0 [label = "q0"];
	q1 [label = "q1"];
	q2 [label = "q2", shape = doublecircle, final="true" ];
	q3 [label = "q3", shape = doublecircle, final="true" ];
	q4 [label = "q4", shape = doublecircle, final="true" ];
	q5 [label = "q5", shape = doublecircle, final="true" ];
	q6 [label = "q6", shape = doublecircle, final="true" ];
	q7 [label = "q7", shape = doublecircle, final="true" ];
	q8 [label = "q8", shape = doublecircle, final="true" ];
	q9 [label = "q9"];
	q10 [label = "q10", shape = doublecircle, final="true" ];
	q11 [label = "q11"];
	q12 [label = "q12", shape = doublecircle, final="true" ];
	q13 [label = "q13"];
	q14 [label = "q14"];
	q15 [label = "q15", shape = doublecircle, final="true" ];
	q16 [label = "q16", shape = doublecircle, final="true" ];
	q17 [label = "q17", shape = doublecircle, final="true" ];
	q18 [label = "q18"];
	q19 [label = "q19", shape = doublecircle, final="true" ];
	q20 [label = "q20"];
	q21 [label = "q21", shape = doublecircle, final="true" ];
	q22 [label = "q22", shape = doublecircle, final="true" ];
	q23 [label = "q23"];
	q24 [label = "q24", shape = doublecircle, final="true" ];
	q25 [label = "q25", shape = doublecircle, final="true" ];
	q26 [label = "q26"];
	q27 [label = "q27", shape = doublecircle, final="true" ];
	q28 [label = "q28"];
	s0 -> q17
	q18 -> q20 [label = "c"];
	q20 -> q10 [label = "b"];
	q22 -> q4 [label = "a"];
	q17 -> q16 [label = "c"];
	q21 -> q27 [label = "a"];
	q21 -> q18 [label = "a"];
	q21 -> q7 [label = "a"];
	q23 -> q24 [label = "c"];
	q19 -> q19 [label = "b"];
	q17 -> q27 [label = "a"];
	q17 -> q21 [label = "a"];
	q17 -> q20 [label = "a, b"];
	q17 -> q18 [label = "a, b"];
	q17 -> q12 [label = "a"];
	q17 -> q7 [label = "a"];
	q17 -> q6 [label = "a"];
	q17 -> q4 [label = "a"];
	q21 -> q28 [label = "a, c"];
	q21 -> q20 [label = "a, c"];
	q20 -> q20 [label = "a"];
	q22 -> q7 [label = "a, b"];
	q22 -> q23 [label = "c"];
	q22 -> q0 [label = "c"];
	q16 -> q28 [label = "a"];
	q16 -> q20 [label = "a"];
	q16 -> q19 [label = "a, b"];
	q16 -> q14 [label = "a"];
	q16 -> q13 [label = "a"];
	q22 -> q28 [label = "c"];
	q15 -> q27 [label = "a"];
	q13 -> q25 [label = "b"];
	q13 -> q19 [label = "b"];
	q13 -> q5 [label = "b"];
	q13 -> q2 [label = "b"];
	q11 -> q11 [label = "c"];
	q14 -> q7 [label = "a"];
	q12 -> q10 [label = "b"];
	q12 -> q5 [label = "b"];
	q12 -> q2 [label = "b"];
	q10 -> q11 [label = "c"];
	q10 -> q9 [label = "c"];
	q15 -> q7 [label = "a, b"];
	q15 -> q6 [label = "b"];
	q15 -> q4 [label = "b"];
	q8 -> q2 [label = "b"];
	q14 -> q19 [label = "b"];
	q14 -> q10 [label = "b"];
	q12 -> q4 [label = "a"];
	q12 -> q21 [label = "a"];
	q10 -> q20 [label = "a, c"];
	q24 -> q7 [label = "a"];
	q9 -> q1 [label = "c"];
	q14 -> q2 [label = "b"];
	q13 -> q26 [label = "c"];
	q13 -> q11 [label = "c"];
	q11 -> q10 [label = "b"];
	q25 -> q11 [label = "c"];
	q9 -> q27 [label = "a"];
	q9 -> q15 [label = "a"];
	q9 -> q20 [label = "a"];
	q25 -> q19 [label = "b"];
	q5 -> q2 [label = "b"];
	q9 -> q12 [label = "a"];
	q23 -> q18 [label = "a, b"];
	q12 -> q20 [label = "a, c"];
	q26 -> q11 [label = "c"];
	q3 -> q4 [label = "b"];
	q8 -> q0 [label = "c"];
	q24 -> q10 [label = "a, b"];
	q24 -> q11 [label = "c"];
	q18 -> q6 [label = "b"];
	q13 -> q10 [label = "b"];
	q11 -> q7 [label = "a"];
	q15 -> q14 [label = "c"];
	q23 -> q7 [label = "a"];
	q15 -> q28 [label = "a, c"];
	q1 -> q10 [label = "a, b"];
	q11 -> q4 [label = "a"];
	q9 -> q0 [label = "c"];
	q9 -> q5 [label = "b"];
	q9 -> q2 [label = "b"];
	q24 -> q26 [label = "c"];
	q15 -> q10 [label = "b"];
	q6 -> q10 [label = "b"];
	q22 -> q11 [label = "c"];
	q4 -> q4 [label = "b"];
	q17 -> q26 [label = "a"];
	q19 -> q28 [label = "a, c"];
	q19 -> q25 [label = "c"];
	q19 -> q18 [label = "c"];
	q3 -> q14 [label = "a"];
	q19 -> q20 [label = "a, c"];
	q19 -> q14 [label = "c"];
	q19 -> q9 [label = "c"];
	q19 -> q6 [label = "c"];
	q5 -> q7 [label = "b"];
	q4 -> q5 [label = "b"];
	q23 -> q27 [label = "a"];
	q21 -> q21 [label = "a"];
	q23 -> q15 [label = "a, b"];
	q24 -> q18 [label = "c"];
	q22 -> q3 [label = "b"];
	q23 -> q22 [label = "a"];
	q27 -> q18 [label = "a"];
	q5 -> q6 [label = "b"];
	q23 -> q21 [label = "a, b"];
	q23 -> q20 [label = "a, b"];
	q27 -> q21 [label = "a"];
	q19 -> q10 [label = "c"];
	q12 -> q13 [label = "c"];
	q2 -> q27 [label = "a"];
	q3 -> q19 [label = "a, b"];
	q25 -> q27 [label = "a"];
	q6 -> q2 [label = "b"];
	q18 -> q7 [label = "a, b"];
	q6 -> q4 [label = "b"];
	q7 -> q21 [label = "a"];
	q8 -> q1 [label = "c"];
	q13 -> q18 [label = "a, c"];
	q27 -> q20 [label = "a, c"];
	q5 -> q28 [label = "a, c"];
	q9 -> q18 [label = "a"];
	q20 -> q5 [label = "b"];
	q2 -> q25 [label = "b"];
	q25 -> q2 [label = "b"];
	q20 -> q18 [label = "a"];
	q2 -> q5 [label = "b"];
	q6 -> q5 [label = "b"];
	q5 -> q21 [label = "a"];
	q15 -> q5 [label = "b"];
	q19 -> q7 [label = "c"];
	q26 -> q4 [label = "a"];
	q26 -> q10 [label = "b"];
	q19 -> q13 [label = "c"];
	q14 -> q18 [label = "a, c"];
	q6 -> q6 [label = "b"];
	q25 -> q20 [label = "a, c"];
	q27 -> q4 [label = "a"];
	q3 -> q20 [label = "a, c"];
	q26 -> q28 [label = "c"];
	q3 -> q26 [label = "c"];
	q25 -> q26 [label = "c"];
	q27 -> q28 [label = "a, c"];
	q15 -> q13 [label = "c"];
	q12 -> q27 [label = "a"];
	q12 -> q28 [label = "a, c"];
	q3 -> q7 [label = "b"];
	q7 -> q10 [label = "b"];
	q14 -> q5 [label = "b"];
	q19 -> q2 [label = "c"];
	q21 -> q2 [label = "b"];
	q25 -> q4 [label = "b"];
	q23 -> q10 [label = "a, b"];
	q10 -> q7 [label = "b"];
	q5 -> q13 [label = "c"];
	q14 -> q20 [label = "a"];
	q26 -> q0 [label = "c"];
	q9 -> q4 [label = "a"];
	q3 -> q5 [label = "b"];
	q18 -> q10 [label = "b"];
	q7 -> q20 [label = "a, c"];
	q6 -> q20 [label = "a, c"];
	q3 -> q13 [label = "a"];
	q12 -> q18 [label = "a"];
	q6 -> q11 [label = "c"];
	q9 -> q21 [label = "a"];
	q3 -> q6 [label = "b"];
	q4 -> q12 [label = "a"];
	q12 -> q7 [label = "a"];
	q20 -> q7 [label = "a"];
	q25 -> q25 [label = "b"];
	q28 -> q10 [label = "b"];
	q27 -> q14 [label = "c"];
	q27 -> q15 [label = "a"];
	q1 -> q4 [label = "a"];
	q26 -> q20 [label = "c"];
	q13 -> q22 [label = "c"];
	q4 -> q13 [label = "c"];
	q12 -> q15 [label = "a"];
	q25 -> q18 [label = "c"];
	q2 -> q7 [label = "b"];
	q25 -> q9 [label = "c"];
	q19 -> q22 [label = "c"];
	q25 -> q6 [label = "b, c"];
	q6 -> q9 [label = "c"];
	q9 -> q28 [label = "a, c"];
	q25 -> q7 [label = "b, c"];
	q26 -> q6 [label = "b"];
	q27 -> q2 [label = "b"];
	q15 -> q20 [label = "a, c"];
	q27 -> q10 [label = "b"];
	q16 -> q21 [label = "a"];
	q8 -> q28 [label = "c"];
	q25 -> q5 [label = "b"];
	q3 -> q0 [label = "c"];
	q19 -> q26 [label = "c"];
	q27 -> q7 [label = "a"];
	q1 -> q5 [label = "a"];
	q3 -> q23 [label = "c"];
	q25 -> q22 [label = "c"];
	q23 -> q0 [label = "c"];
	q28 -> q7 [label = "a"];
	q19 -> q11 [label = "c"];
	q27 -> q27 [label = "a"];
	q24 -> q2 [label = "a, b"];
	q8 -> q7 [label = "a"];
	q17 -> q22 [label = "a"];
	q25 -> q21 [label = "a"];
	q4 -> q6 [label = "b"];
	q27 -> q5 [label = "b"];
	q26 -> q7 [label = "a, b"];
	q24 -> q4 [label = "a"];
	q23 -> q5 [label = "a, b"];
	q24 -> q5 [label = "a"];
	q9 -> q7 [label = "a"];
	q3 -> q18 [label = "c"];
	q17 -> q15 [label = "a, b"];
	q23 -> q4 [label = "a"];
	q20 -> q28 [label = "a, c"];
	q7 -> q5 [label = "b"];
	q11 -> q28 [label = "c"];
	q4 -> q7 [label = "b"];
	q23 -> q26 [label = "a"];
	q14 -> q25 [label = "b"];
	q24 -> q19 [label = "a"];
	q23 -> q11 [label = "a, c"];
	q6 -> q21 [label = "a"];
	q21 -> q10 [label = "b"];
	q23 -> q6 [label = "a"];
	q23 -> q12 [label = "a"];
	q10 -> q21 [label = "a"];
	q2 -> q6 [label = "b"];
	q24 -> q28 [label = "c"];
	q10 -> q28 [label = "a, c"];
	q14 -> q28 [label = "a, c"];
	q10 -> q27 [label = "a"];
	q8 -> q4 [label = "a"];
	q8 -> q5 [label = "a"];
	q28 -> q28 [label = "c"];
	q0 -> q10 [label = "a, b"];
	q19 -> q21 [label = "a"];
	q10 -> q2 [label = "b"];
	q9 -> q8 [label = "c"];
	q10 -> q6 [label = "b"];
	q10 -> q5 [label = "b"];
	q6 -> q1 [label = "c"];
	q23 -> q28 [label = "a, b, c"];
	q12 -> q14 [label = "c"];
	q4 -> q14 [label = "c"];
	q4 -> q20 [label = "a, c"];
	q3 -> q10 [label = "b"];
	q21 -> q5 [label = "b"];
	q7 -> q7 [label = "b"];
	q17 -> q5 [label = "a"];
	q9 -> q10 [label = "b"];
	q4 -> q28 [label = "a, c"];
	q0 -> q4 [label = "a"];
	q25 -> q10 [label = "b, c"];
	q0 -> q5 [label = "a"];
	q2 -> q2 [label = "b"];
	q3 -> q16 [label = "b"];
	q17 -> q10 [label = "a"];
	q2 -> q4 [label = "b"];
	q15 -> q21 [label = "a"];
	q3 -> q3 [label = "b"];
	q2 -> q10 [label = "b"];
	q2 -> q20 [label = "a, c"];
	q6 -> q0 [label = "c"];
	q6 -> q23 [label = "c"];
	q6 -> q28 [label = "a, c"];
	q2 -> q21 [label = "a"];
	q7 -> q27 [label = "a"];
	q2 -> q19 [label = "b"];
	q2 -> q28 [label = "a, c"];
	q13 -> q28 [label = "a, c"];
	q24 -> q25 [label = "a, b"];
	q7 -> q28 [label = "a, c"];
	q0 -> q7 [label = "a"];
	q6 -> q3 [label = "b"];
	q6 -> q7 [label = "b"];
	q21 -> q14 [label = "c"];
	q0 -> q11 [label = "c"];
	q13 -> q20 [label = "a"];
	q2 -> q11 [label = "c"];
	q0 -> q28 [label = "c"];
	q4 -> q21 [label = "a"];
	q17 -> q11 [label = "a"];
	q4 -> q27 [label = "a"];
	q5 -> q9 [label = "c"];
	q5 -> q11 [label = "c"];
	q5 -> q14 [label = "c"];
	q5 -> q20 [label = "a, c"];
	q1 -> q7 [label = "a"];
	q16 -> q22 [label = "c"];
	q22 -> q1 [label = "c"];
	q3 -> q2 [label = "b"];
	q25 -> q28 [label = "a, c"];
	q1 -> q0 [label = "c"];
	q27 -> q12 [label = "a"];
	q3 -> q25 [label = "b"];
	q3 -> q11 [label = "a, c"];
	q17 -> q28 [label = "a, b"];
	q3 -> q12 [label = "a"];
	q3 -> q21 [label = "a"];
	q12 -> q12 [label = "a"];
	q3 -> q27 [label = "a"];
	q18 -> q28 [label = "c"];
	q3 -> q28 [label = "a, c"];
	q10 -> q4 [label = "b"];
	q7 -> q4 [label = "b"];
	q15 -> q18 [label = "a"];
	q7 -> q6 [label = "b"];
	q7 -> q2 [label = "b"];
	q8 -> q10 [label = "a, b"];
	q5 -> q27 [label = "a"];
	q22 -> q20 [label = "c"];
	q1 -> q11 [label = "c"];
	q8 -> q11 [label = "c"];
	q6 -> q12 [label = "a"];
	q1 -> q28 [label = "c"];
	q6 -> q27 [label = "a"];
	q4 -> q2 [label = "b"];
	q4 -> q10 [label = "b"];
	q9 -> q11 [label = "c"];
	q2 -> q9 [label = "c"];
	q10 -> q10 [label = "b"];
	q2 -> q18 [label = "c"];
	q2 -> q26 [label = "c"];
	q7 -> q12 [label = "a"];
	q5 -> q4 [label = "b"];
	q5 -> q5 [label = "b"];
	q5 -> q10 [label = "b"];
	q3 -> q1 [label = "c"];
	q13 -> q7 [label = "a"];
}
NFA size: 29 states

