Random target AFA:
digraph finite_state_machine {
	rankdir=LR;
	node [shape = circle];
	s0 [shape = point, style = invis, start="true" ];
	s1 [shape = point, style = invis, start="true" ];
	q0 [label = "q0", shape = doublecircle, final="true" ];
	q1 [label = "q1"];
	q2 [label = "q2", shape = doublecircle, final="true" ];
	q3 [label = "q3"];
	q4 [label = "q4", shape = doublecircle, final="true" ];
	q5 [label = "q5"];
	m0 [label = "", shape = square, style = filled, color=grey, fixedsize=true, width=.2];
	m1 [label = "", shape = square, style = filled, color=grey, fixedsize=true, width=.2];
	m2 [label = "", shape = square, style = filled, color=grey, fixedsize=true, width=.2];
	m3 [label = "", shape = square, style = filled, color=grey, fixedsize=true, width=.2];
	m4 [label = "", shape = square, style = filled, color=grey, fixedsize=true, width=.2];
	m5 [label = "", shape = square, style = filled, color=grey, fixedsize=true, width=.2];
	m6 [label = "", shape = square, style = filled, color=grey, fixedsize=true, width=.2];
	m7 [label = "", shape = square, style = filled, color=grey, fixedsize=true, width=.2];
	s0 -> q1
	s1 -> q1
	q3 -> m7 [label = "c"];
	q3 -> q3 [label = "c"];
	q1 -> q1 [label = "a"];
	q3 -> q0 [label = "b"];
	q2 -> m2 [label = "b"];
	q2 -> q1 [label = "b, c"];
	q0 -> q5 [label = "a"];
	q5 -> q1 [label = "a"];
	q0 -> q4 [label = "c"];
	q3 -> m2 [label = "b"];
	q2 -> m0 [label = "a"];
	q2 -> q5 [label = "a"];
	q0 -> q2 [label = "b, c"];
	q4 -> m0 [label = "c"];
	q0 -> m1 [label = "a"];
	q5 -> m5 [label = "c"];
	q0 -> q1 [label = "b"];
	q5 -> q5 [label = "b"];
	q5 -> m4 [label = "c"];
	q1 -> q0 [label = "a"];
	q4 -> q0 [label = "b"];
	q4 -> q2 [label = "b"];
	q1 -> q3 [label = "b, c"];
	q1 -> m6 [label = "b"];
	q3 -> m3 [label = "a"];
	q3 -> q5 [label = "a"];
	q4 -> m3 [label = "a"];
	q5 -> q0 [label = "a, b"];
	q1 -> q2 [label = "c"];
	q4 -> q1 [label = "a, c"];
	q2 -> q4 [label = "c"];
	m0 -> q1;
	m0 -> q4;
	m1 -> q0;
	m1 -> q3;
	m2 -> q1;
	m2 -> q2;
	m3 -> q1;
	m3 -> q5;
	m4 -> q0;
	m4 -> q5;
	m5 -> q2;
	m5 -> q3;
	m6 -> q3;
	m6 -> q4;
	m7 -> q4;
	m7 -> q5;
}

L* output after 9 EQ and 5130 MQ:
digraph finite_state_machine {
	rankdir=LR;
	node [shape = circle];
	s0 [shape = point, style = invis, start="true" ];
	q0 [label = "q0", shape = doublecircle, final="true" ];
	q1 [label = "q1", shape = doublecircle, final="true" ];
	q2 [label = "q2", shape = doublecircle, final="true" ];
	q3 [label = "q3", shape = doublecircle, final="true" ];
	q4 [label = "q4", shape = doublecircle, final="true" ];
	q5 [label = "q5", shape = doublecircle, final="true" ];
	q6 [label = "q6", shape = doublecircle, final="true" ];
	q7 [label = "q7", shape = doublecircle, final="true" ];
	q8 [label = "q8", shape = doublecircle, final="true" ];
	q9 [label = "q9", shape = doublecircle, final="true" ];
	q10 [label = "q10", shape = doublecircle, final="true" ];
	q11 [label = "q11", shape = doublecircle, final="true" ];
	q12 [label = "q12", shape = doublecircle, final="true" ];
	q13 [label = "q13", shape = doublecircle, final="true" ];
	q14 [label = "q14"];
	q15 [label = "q15", shape = doublecircle, final="true" ];
	q16 [label = "q16", shape = doublecircle, final="true" ];
	q17 [label = "q17"];
	q18 [label = "q18"];
	q19 [label = "q19", shape = doublecircle, final="true" ];
	q20 [label = "q20", shape = doublecircle, final="true" ];
	q21 [label = "q21", shape = doublecircle, final="true" ];
	q22 [label = "q22", shape = doublecircle, final="true" ];
	q23 [label = "q23", shape = doublecircle, final="true" ];
	q24 [label = "q24"];
	q25 [label = "q25", shape = doublecircle, final="true" ];
	q26 [label = "q26"];
	q27 [label = "q27", shape = doublecircle, final="true" ];
	q28 [label = "q28"];
	q29 [label = "q29", shape = doublecircle, final="true" ];
	q30 [label = "q30"];
	q31 [label = "q31", shape = doublecircle, final="true" ];
	q32 [label = "q32"];
	q33 [label = "q33"];
	q34 [label = "q34", shape = doublecircle, final="true" ];
	q35 [label = "q35"];
	q36 [label = "q36"];
	q37 [label = "q37"];
	q38 [label = "q38"];
	q39 [label = "q39"];
	q40 [label = "q40", shape = doublecircle, final="true" ];
	q41 [label = "q41", shape = doublecircle, final="true" ];
	q42 [label = "q42", shape = doublecircle, final="true" ];
	q43 [label = "q43", shape = doublecircle, final="true" ];
	q44 [label = "q44"];
	q45 [label = "q45"];
	q46 [label = "q46", shape = doublecircle, final="true" ];
	s0 -> q30
	q41 -> q41 [label = "a"];
	q43 -> q23 [label = "b"];
	q46 -> q13 [label = "b"];
	q0 -> q44 [label = "a"];
	q6 -> q44 [label = "a"];
	q20 -> q12 [label = "c"];
	q6 -> q12 [label = "c"];
	q0 -> q43 [label = "b"];
	q4 -> q41 [label = "a"];
	q3 -> q7 [label = "b"];
	q16 -> q4 [label = "c"];
	q11 -> q7 [label = "b"];
	q36 -> q39 [label = "c"];
	q1 -> q9 [label = "c"];
	q7 -> q23 [label = "b"];
	q2 -> q41 [label = "a"];
	q32 -> q41 [label = "a"];
	q27 -> q29 [label = "b"];
	q3 -> q45 [label = "a"];
	q22 -> q43 [label = "b"];
	q2 -> q0 [label = "b"];
	q2 -> q9 [label = "c"];
	q5 -> q7 [label = "b"];
	q41 -> q19 [label = "b"];
	q42 -> q19 [label = "c"];
	q10 -> q7 [label = "b"];
	q39 -> q5 [label = "c"];
	q12 -> q4 [label = "c"];
	q0 -> q12 [label = "c"];
	q12 -> q43 [label = "b"];
	q28 -> q21 [label = "b"];
	q30 -> q28 [label = "b"];
	q5 -> q2 [label = "c"];
	q19 -> q19 [label = "b, c"];
	q1 -> q41 [label = "a, b"];
	q3 -> q1 [label = "c"];
	q34 -> q44 [label = "a"];
	q14 -> q45 [label = "a"];
	q21 -> q31 [label = "b"];
	q22 -> q38 [label = "a"];
	q7 -> q41 [label = "a"];
	q15 -> q8 [label = "b"];
	q13 -> q15 [label = "b"];
	q26 -> q24 [label = "c"];
	q43 -> q41 [label = "a"];
	q18 -> q33 [label = "c"];
	q29 -> q41 [label = "a"];
	q44 -> q41 [label = "a, b"];
	q32 -> q34 [label = "b"];
	q19 -> q41 [label = "a"];
	q38 -> q29 [label = "a"];
	q43 -> q19 [label = "c"];
	q41 -> q12 [label = "c"];
	q45 -> q41 [label = "a, b"];
	q27 -> q25 [label = "c"];
	q15 -> q41 [label = "a"];
	q20 -> q32 [label = "b"];
	q40 -> q12 [label = "c"];
	q23 -> q19 [label = "c"];
	q17 -> q45 [label = "a"];
	q13 -> q41 [label = "a"];
	q6 -> q31 [label = "b"];
	q10 -> q45 [label = "a"];
	q21 -> q22 [label = "c"];
	q18 -> q38 [label = "a"];
	q16 -> q7 [label = "b"];
	q30 -> q27 [label = "c"];
	q16 -> q44 [label = "a"];
	q30 -> q29 [label = "a"];
	q18 -> q7 [label = "b"];
	q9 -> q41 [label = "a, b"];
	q8 -> q41 [label = "a"];
	q8 -> q19 [label = "b"];
	q35 -> q38 [label = "a"];
	q34 -> q43 [label = "b"];
	q46 -> q44 [label = "a"];
	q11 -> q25 [label = "c"];
	q14 -> q7 [label = "b"];
	q21 -> q44 [label = "a"];
	q12 -> q45 [label = "a"];
	q8 -> q22 [label = "c"];
	q25 -> q42 [label = "b"];
	q13 -> q19 [label = "c"];
	q17 -> q7 [label = "b"];
	q15 -> q22 [label = "c"];
	q11 -> q38 [label = "a"];
	q9 -> q19 [label = "c"];
	q23 -> q41 [label = "a"];
	q24 -> q37 [label = "a"];
	q28 -> q35 [label = "c"];
	q24 -> q20 [label = "b"];
	q26 -> q29 [label = "a"];
	q24 -> q18 [label = "c"];
	q26 -> q41 [label = "b"];
	q28 -> q26 [label = "a"];
	q7 -> q12 [label = "c"];
	q25 -> q41 [label = "a"];
	q29 -> q22 [label = "c"];
	q27 -> q36 [label = "a"];
	q31 -> q19 [label = "c"];
	q25 -> q9 [label = "c"];
	q40 -> q41 [label = "a"];
	q31 -> q32 [label = "b"];
	q29 -> q23 [label = "b"];
	q38 -> q16 [label = "c"];
	q45 -> q10 [label = "c"];
	q34 -> q22 [label = "c"];
	q32 -> q11 [label = "c"];
	q36 -> q29 [label = "a"];
	q17 -> q17 [label = "c"];
	q35 -> q6 [label = "b"];
	q38 -> q41 [label = "b"];
	q37 -> q17 [label = "c"];
	q33 -> q45 [label = "a"];
	q33 -> q46 [label = "b"];
	q20 -> q41 [label = "a"];
	q33 -> q17 [label = "c"];
	q37 -> q41 [label = "a, b"];
	q5 -> q38 [label = "a"];
	q39 -> q40 [label = "b"];
	q36 -> q41 [label = "b"];
	q31 -> q41 [label = "a"];
	q4 -> q9 [label = "c"];
	q42 -> q43 [label = "b"];
	q35 -> q33 [label = "c"];
	q39 -> q44 [label = "a"];
	q4 -> q19 [label = "b"];
	q22 -> q25 [label = "c"];
	q14 -> q3 [label = "c"];
	q44 -> q14 [label = "c"];
	q23 -> q8 [label = "b"];
	q46 -> q12 [label = "c"];
	q10 -> q4 [label = "c"];
	q40 -> q15 [label = "b"];
	q42 -> q44 [label = "a"];
}
DFA size: 47 states

NL* output after 11 EQ and 2636 MQ:
digraph finite_state_machine {
	rankdir=LR;
	node [shape = circle];
	s0 [shape = point, style = invis, start="true" ];
	q0 [label = "q0", shape = doublecircle, final="true" ];
	q1 [label = "q1", shape = doublecircle, final="true" ];
	q2 [label = "q2", shape = doublecircle, final="true" ];
	q3 [label = "q3", shape = doublecircle, final="true" ];
	q4 [label = "q4"];
	q5 [label = "q5"];
	q6 [label = "q6", shape = doublecircle, final="true" ];
	q7 [label = "q7", shape = doublecircle, final="true" ];
	q8 [label = "q8"];
	q9 [label = "q9", shape = doublecircle, final="true" ];
	q10 [label = "q10"];
	q11 [label = "q11", shape = doublecircle, final="true" ];
	q12 [label = "q12", shape = doublecircle, final="true" ];
	q13 [label = "q13", shape = doublecircle, final="true" ];
	q14 [label = "q14"];
	q15 [label = "q15", shape = doublecircle, final="true" ];
	q16 [label = "q16"];
	q17 [label = "q17"];
	q18 [label = "q18"];
	q19 [label = "q19"];
	s0 -> q8
	q17 -> q3 [label = "c"];
	q19 -> q19 [label = "a"];
	q19 -> q18 [label = "a"];
	q19 -> q5 [label = "a"];
	q17 -> q8 [label = "b"];
	q17 -> q7 [label = "b"];
	q6 -> q8 [label = "b"];
	q6 -> q5 [label = "a, c"];
	q2 -> q1 [label = "a, c"];
	q6 -> q17 [label = "c"];
	q11 -> q19 [label = "a"];
	q12 -> q5 [label = "a, c"];
	q2 -> q19 [label = "a, b, c"];
	q11 -> q12 [label = "b"];
	q2 -> q17 [label = "a, b, c"];
	q4 -> q10 [label = "c"];
	q15 -> q8 [label = "a, c"];
	q2 -> q11 [label = "a, b"];
	q9 -> q19 [label = "b"];
	q2 -> q6 [label = "a, b"];
	q0 -> q18 [label = "a"];
	q0 -> q17 [label = "a, b"];
	q7 -> q19 [label = "a, c"];
	q6 -> q9 [label = "c"];
	q0 -> q11 [label = "a, b"];
	q10 -> q16 [label = "c"];
	q0 -> q5 [label = "a"];
	q4 -> q18 [label = "a"];
	q0 -> q14 [label = "a"];
	q0 -> q4 [label = "a, c"];
	q18 -> q14 [label = "b"];
	q7 -> q17 [label = "a, c"];
	q12 -> q15 [label = "c"];
	q12 -> q12 [label = "c"];
	q4 -> q17 [label = "b"];
	q12 -> q9 [label = "c"];
	q12 -> q2 [label = "c"];
	q2 -> q0 [label = "a, c"];
	q6 -> q13 [label = "c"];
	q14 -> q11 [label = "a, b"];
	q10 -> q19 [label = "b"];
	q14 -> q17 [label = "a, b, c"];
	q17 -> q16 [label = "a, c"];
	q10 -> q11 [label = "b"];
	q13 -> q12 [label = "b"];
	q8 -> q17 [label = "a"];
	q4 -> q16 [label = "c"];
	q5 -> q16 [label = "a, c"];
	q15 -> q14 [label = "a, c"];
	q12 -> q3 [label = "c"];
	q1 -> q5 [label = "a, c"];
	q14 -> q1 [label = "b"];
	q13 -> q18 [label = "a"];
	q13 -> q15 [label = "c"];
	q14 -> q18 [label = "b"];
	q14 -> q16 [label = "b"];
	q14 -> q10 [label = "b"];
	q12 -> q4 [label = "a, c"];
	q2 -> q8 [label = "a, c"];
	q16 -> q19 [label = "b"];
	q14 -> q8 [label = "a, b"];
	q1 -> q14 [label = "a"];
	q8 -> q8 [label = "a"];
	q12 -> q17 [label = "a, c"];
	q14 -> q6 [label = "b"];
	q1 -> q9 [label = "c"];
	q14 -> q5 [label = "b"];
	q2 -> q10 [label = "a, b, c"];
	q11 -> q3 [label = "c"];
	q6 -> q10 [label = "a, c"];
	q15 -> q10 [label = "a, b, c"];
	q15 -> q9 [label = "b, c"];
	q0 -> q8 [label = "a, b"];
	q3 -> q8 [label = "a, b, c"];
	q11 -> q9 [label = "c"];
	q15 -> q17 [label = "a, b, c"];
	q15 -> q1 [label = "a, c"];
	q0 -> q10 [label = "a, b, c"];
	q15 -> q7 [label = "a, c"];
	q14 -> q19 [label = "a, b, c"];
	q7 -> q14 [label = "a"];
	q0 -> q6 [label = "a"];
	q10 -> q18 [label = "a"];
	q19 -> q16 [label = "a, c"];
	q14 -> q4 [label = "b"];
	q3 -> q14 [label = "a"];
	q15 -> q4 [label = "a, c"];
	q18 -> q5 [label = "b"];
	q9 -> q18 [label = "a"];
	q8 -> q9 [label = "c"];
	q1 -> q8 [label = "a, b"];
	q11 -> q16 [label = "a, c"];
	q2 -> q16 [label = "a, c"];
	q12 -> q10 [label = "a, b, c"];
	q11 -> q14 [label = "a"];
	q6 -> q7 [label = "b"];
	q12 -> q1 [label = "a, c"];
	q9 -> q8 [label = "b, c"];
	q6 -> q16 [label = "a, c"];
	q7 -> q9 [label = "c"];
	q0 -> q19 [label = "a, b"];
	q15 -> q6 [label = "a, b"];
	q18 -> q4 [label = "b"];
	q12 -> q0 [label = "a, c"];
	q2 -> q7 [label = "a, c"];
	q15 -> q0 [label = "a, c"];
	q15 -> q19 [label = "a, b, c"];
	q15 -> q2 [label = "c"];
	q12 -> q13 [label = "c"];
	q19 -> q8 [label = "b"];
	q19 -> q10 [label = "a, c"];
	q13 -> q16 [label = "c"];
	q3 -> q19 [label = "b"];
	q7 -> q8 [label = "a, b"];
	q18 -> q7 [label = "b"];
	q6 -> q4 [label = "a, c"];
	q19 -> q4 [label = "a, c"];
	q12 -> q19 [label = "a, c"];
	q0 -> q16 [label = "a, c"];
	q4 -> q5 [label = "c"];
	q13 -> q8 [label = "a, b, c"];
	q17 -> q4 [label = "a, c"];
	q4 -> q8 [label = "a, b"];
	q8 -> q10 [label = "b, c"];
	q13 -> q5 [label = "c"];
	q15 -> q16 [label = "a, c"];
	q12 -> q6 [label = "a, c"];
	q2 -> q9 [label = "c"];
	q9 -> q11 [label = "b"];
	q9 -> q14 [label = "a"];
	q1 -> q18 [label = "a"];
	q12 -> q7 [label = "a, c"];
	q2 -> q14 [label = "a, c"];
	q7 -> q13 [label = "c"];
	q14 -> q7 [label = "b"];
	q12 -> q11 [label = "a, c"];
	q5 -> q6 [label = "b"];
	q8 -> q11 [label = "a"];
	q6 -> q12 [label = "b"];
	q1 -> q11 [label = "a"];
	q12 -> q14 [label = "a, c"];
	q11 -> q5 [label = "a"];
	q13 -> q14 [label = "a"];
	q6 -> q3 [label = "c"];
	q0 -> q7 [label = "a"];
	q1 -> q3 [label = "c"];
	q3 -> q1 [label = "b"];
	q18 -> q16 [label = "b"];
	q15 -> q12 [label = "c"];
	q14 -> q14 [label = "b"];
	q12 -> q18 [label = "a, c"];
	q3 -> q6 [label = "b"];
	q14 -> q0 [label = "b"];
	q1 -> q19 [label = "a, c"];
	q0 -> q3 [label = "c"];
	q16 -> q18 [label = "a"];
	q9 -> q16 [label = "c"];
	q12 -> q16 [label = "a, c"];
	q0 -> q1 [label = "a"];
	q0 -> q9 [label = "c"];
	q16 -> q10 [label = "c"];
	q0 -> q13 [label = "c"];
	q9 -> q17 [label = "b"];
	q13 -> q1 [label = "b"];
	q4 -> q14 [label = "a"];
	q5 -> q4 [label = "a, c"];
	q3 -> q17 [label = "b"];
	q5 -> q5 [label = "a, c"];
	q18 -> q8 [label = "a, b"];
	q16 -> q5 [label = "c"];
	q1 -> q0 [label = "a, b"];
	q18 -> q1 [label = "b"];
	q1 -> q1 [label = "a"];
	q1 -> q4 [label = "a, c"];
	q13 -> q2 [label = "c"];
	q6 -> q14 [label = "a"];
	q1 -> q6 [label = "a"];
	q1 -> q17 [label = "a, c"];
	q1 -> q7 [label = "a"];
	q11 -> q4 [label = "a, c"];
	q1 -> q10 [label = "a, b, c"];
	q1 -> q16 [label = "a, c"];
	q3 -> q7 [label = "b"];
	q7 -> q10 [label = "a, b, c"];
	q7 -> q11 [label = "a"];
	q3 -> q11 [label = "b"];
	q7 -> q3 [label = "c"];
	q13 -> q19 [label = "b"];
	q11 -> q18 [label = "a"];
	q5 -> q17 [label = "a, b"];
	q7 -> q5 [label = "a, c"];
	q5 -> q18 [label = "a"];
	q4 -> q7 [label = "b"];
	q5 -> q19 [label = "a, b, c"];
	q5 -> q10 [label = "a, c"];
	q7 -> q16 [label = "a, c"];
	q3 -> q18 [label = "a"];
	q13 -> q6 [label = "b"];
	q17 -> q1 [label = "b"];
	q5 -> q14 [label = "a"];
	q1 -> q13 [label = "c"];
	q8 -> q19 [label = "a"];
	q6 -> q18 [label = "a"];
	q4 -> q1 [label = "b"];
	q4 -> q6 [label = "b"];
	q4 -> q11 [label = "b"];
	q2 -> q2 [label = "c"];
	q3 -> q16 [label = "c"];
	q4 -> q19 [label = "b"];
	q5 -> q8 [label = "a"];
	q2 -> q12 [label = "c"];
	q15 -> q11 [label = "a, b"];
	q7 -> q0 [label = "a"];
	q16 -> q16 [label = "c"];
	q7 -> q1 [label = "a"];
	q12 -> q8 [label = "a, b, c"];
	q15 -> q18 [label = "a, c"];
	q7 -> q6 [label = "a"];
	q3 -> q10 [label = "c"];
	q7 -> q7 [label = "a"];
	q6 -> q19 [label = "a, c"];
	q15 -> q3 [label = "c"];
	q5 -> q11 [label = "b"];
	q3 -> q2 [label = "c"];
	q11 -> q13 [label = "c"];
	q3 -> q5 [label = "c"];
	q9 -> q2 [label = "c"];
	q7 -> q18 [label = "a"];
	q9 -> q5 [label = "c"];
	q0 -> q0 [label = "a, b"];
	q9 -> q15 [label = "c"];
	q2 -> q18 [label = "a, c"];
	q10 -> q10 [label = "c"];
	q13 -> q7 [label = "b"];
	q11 -> q10 [label = "a, c"];
	q13 -> q17 [label = "b"];
	q13 -> q11 [label = "b"];
	q16 -> q8 [label = "a"];
	q16 -> q14 [label = "a"];
	q18 -> q0 [label = "b"];
	q13 -> q10 [label = "c"];
	q11 -> q7 [label = "b"];
	q18 -> q6 [label = "b"];
	q18 -> q10 [label = "b"];
	q18 -> q11 [label = "a, b"];
	q18 -> q17 [label = "a, b"];
	q18 -> q18 [label = "b"];
	q2 -> q5 [label = "a, c"];
	q18 -> q19 [label = "a, b, c"];
	q16 -> q11 [label = "b"];
	q9 -> q10 [label = "c"];
	q17 -> q5 [label = "a"];
	q2 -> q4 [label = "a, c"];
	q17 -> q10 [label = "a, c"];
	q11 -> q8 [label = "b"];
	q17 -> q14 [label = "a"];
	q17 -> q18 [label = "a"];
	q16 -> q6 [label = "b"];
	q7 -> q4 [label = "a, c"];
	q2 -> q3 [label = "c"];
	q17 -> q19 [label = "a"];
	q15 -> q5 [label = "a, c"];
	q19 -> q7 [label = "b"];
}
NFA size: 20 states

