Random target AFA:
digraph finite_state_machine {
	rankdir=LR;
	node [shape = circle];
	s0 [shape = point, style = invis, start="true" ];
	s1 [shape = point, style = invis, start="true" ];
	q0 [label = "q0"];
	q1 [label = "q1", shape = doublecircle, final="true" ];
	q2 [label = "q2"];
	q3 [label = "q3"];
	q4 [label = "q4"];
	q5 [label = "q5", shape = doublecircle, final="true" ];
	m0 [label = "", shape = square, style = filled, color=grey, fixedsize=true, width=.2];
	m1 [label = "", shape = square, style = filled, color=grey, fixedsize=true, width=.2];
	m2 [label = "", shape = square, style = filled, color=grey, fixedsize=true, width=.2];
	m3 [label = "", shape = square, style = filled, color=grey, fixedsize=true, width=.2];
	m4 [label = "", shape = square, style = filled, color=grey, fixedsize=true, width=.2];
	m5 [label = "", shape = square, style = filled, color=grey, fixedsize=true, width=.2];
	m6 [label = "", shape = square, style = filled, color=grey, fixedsize=true, width=.2];
	m7 [label = "", shape = square, style = filled, color=grey, fixedsize=true, width=.2];
	m8 [label = "", shape = square, style = filled, color=grey, fixedsize=true, width=.2];
	m9 [label = "", shape = square, style = filled, color=grey, fixedsize=true, width=.2];
	s0 -> q2
	s1 -> q0
	q3 -> q0 [label = "c"];
	q4 -> q5 [label = "a, b"];
	q5 -> m0 [label = "c"];
	q4 -> q3 [label = "a"];
	q2 -> q1 [label = "a"];
	q3 -> m7 [label = "a"];
	q2 -> q4 [label = "b"];
	q3 -> q1 [label = "b"];
	q2 -> m2 [label = "b"];
	q1 -> q5 [label = "b"];
	q5 -> m3 [label = "c"];
	q4 -> m8 [label = "b"];
	q0 -> q3 [label = "a, b, c"];
	q5 -> q5 [label = "a"];
	q5 -> q3 [label = "b"];
	q2 -> q2 [label = "a"];
	q0 -> q2 [label = "c"];
	q4 -> m0 [label = "c"];
	q1 -> m4 [label = "a"];
	q4 -> q0 [label = "c"];
	q1 -> m8 [label = "c"];
	q1 -> q4 [label = "a"];
	q3 -> m5 [label = "b"];
	q1 -> q3 [label = "b, c"];
	q0 -> m1 [label = "a"];
	q5 -> q2 [label = "a"];
	q3 -> m6 [label = "a"];
	q2 -> m9 [label = "c"];
	q2 -> q0 [label = "c"];
	q3 -> m4 [label = "c"];
	m0 -> q0;
	m0 -> q1;
	m1 -> q0;
	m1 -> q3;
	m2 -> q0;
	m2 -> q5;
	m3 -> q3;
	m3 -> q4;
	m4 -> q2;
	m4 -> q4;
	m5 -> q1;
	m5 -> q4;
	m6 -> q0;
	m6 -> q2;
	m7 -> q1;
	m7 -> q2;
	m8 -> q2;
	m8 -> q3;
	m9 -> q0;
	m9 -> q4;
}

L* output after 8 EQ and 20220 MQ:
digraph finite_state_machine {
	rankdir=LR;
	node [shape = circle];
	s0 [shape = point, style = invis, start="true" ];
	q0 [label = "q0"];
	q1 [label = "q1", shape = doublecircle, final="true" ];
	q2 [label = "q2", shape = doublecircle, final="true" ];
	q3 [label = "q3"];
	q4 [label = "q4", shape = doublecircle, final="true" ];
	q5 [label = "q5"];
	q6 [label = "q6", shape = doublecircle, final="true" ];
	q7 [label = "q7"];
	q8 [label = "q8"];
	q9 [label = "q9"];
	q10 [label = "q10", shape = doublecircle, final="true" ];
	q11 [label = "q11", shape = doublecircle, final="true" ];
	q12 [label = "q12", shape = doublecircle, final="true" ];
	q13 [label = "q13"];
	q14 [label = "q14"];
	q15 [label = "q15"];
	q16 [label = "q16"];
	q17 [label = "q17"];
	q18 [label = "q18", shape = doublecircle, final="true" ];
	q19 [label = "q19"];
	q20 [label = "q20"];
	q21 [label = "q21"];
	q22 [label = "q22"];
	q23 [label = "q23", shape = doublecircle, final="true" ];
	q24 [label = "q24", shape = doublecircle, final="true" ];
	q25 [label = "q25"];
	q26 [label = "q26"];
	q27 [label = "q27"];
	q28 [label = "q28"];
	q29 [label = "q29", shape = doublecircle, final="true" ];
	q30 [label = "q30"];
	q31 [label = "q31"];
	q32 [label = "q32", shape = doublecircle, final="true" ];
	q33 [label = "q33", shape = doublecircle, final="true" ];
	q34 [label = "q34", shape = doublecircle, final="true" ];
	q35 [label = "q35"];
	q36 [label = "q36", shape = doublecircle, final="true" ];
	q37 [label = "q37"];
	q38 [label = "q38", shape = doublecircle, final="true" ];
	q39 [label = "q39", shape = doublecircle, final="true" ];
	q40 [label = "q40", shape = doublecircle, final="true" ];
	q41 [label = "q41", shape = doublecircle, final="true" ];
	q42 [label = "q42"];
	q43 [label = "q43", shape = doublecircle, final="true" ];
	q44 [label = "q44"];
	q45 [label = "q45"];
	q46 [label = "q46"];
	q47 [label = "q47"];
	q48 [label = "q48"];
	q49 [label = "q49", shape = doublecircle, final="true" ];
	q50 [label = "q50"];
	q51 [label = "q51", shape = doublecircle, final="true" ];
	q52 [label = "q52", shape = doublecircle, final="true" ];
	q53 [label = "q53", shape = doublecircle, final="true" ];
	q54 [label = "q54", shape = doublecircle, final="true" ];
	q55 [label = "q55"];
	q56 [label = "q56", shape = doublecircle, final="true" ];
	q57 [label = "q57"];
	q58 [label = "q58", shape = doublecircle, final="true" ];
	q59 [label = "q59", shape = doublecircle, final="true" ];
	q60 [label = "q60"];
	q61 [label = "q61"];
	q62 [label = "q62", shape = doublecircle, final="true" ];
	q63 [label = "q63", shape = doublecircle, final="true" ];
	q64 [label = "q64", shape = doublecircle, final="true" ];
	q65 [label = "q65", shape = doublecircle, final="true" ];
	q66 [label = "q66", shape = doublecircle, final="true" ];
	q67 [label = "q67", shape = doublecircle, final="true" ];
	q68 [label = "q68"];
	q69 [label = "q69", shape = doublecircle, final="true" ];
	q70 [label = "q70", shape = doublecircle, final="true" ];
	q71 [label = "q71", shape = doublecircle, final="true" ];
	q72 [label = "q72"];
	q73 [label = "q73", shape = doublecircle, final="true" ];
	q74 [label = "q74", shape = doublecircle, final="true" ];
	q75 [label = "q75", shape = doublecircle, final="true" ];
	q76 [label = "q76", shape = doublecircle, final="true" ];
	q77 [label = "q77"];
	q78 [label = "q78"];
	q79 [label = "q79", shape = doublecircle, final="true" ];
	q80 [label = "q80", shape = doublecircle, final="true" ];
	q81 [label = "q81", shape = doublecircle, final="true" ];
	q82 [label = "q82"];
	q83 [label = "q83"];
	q84 [label = "q84"];
	q85 [label = "q85"];
	q86 [label = "q86", shape = doublecircle, final="true" ];
	q87 [label = "q87"];
	q88 [label = "q88"];
	q89 [label = "q89"];
	q90 [label = "q90"];
	s0 -> q48
	q85 -> q86 [label = "b"];
	q87 -> q12 [label = "a"];
	q84 -> q33 [label = "b"];
	q82 -> q85 [label = "c"];
	q86 -> q54 [label = "a"];
	q85 -> q59 [label = "a"];
	q81 -> q42 [label = "c"];
	q87 -> q89 [label = "b"];
	q83 -> q87 [label = "a"];
	q87 -> q82 [label = "c"];
	q81 -> q80 [label = "a"];
	q85 -> q35 [label = "c"];
	q20 -> q35 [label = "c"];
	q69 -> q59 [label = "a"];
	q12 -> q69 [label = "a"];
	q15 -> q14 [label = "a"];
	q61 -> q73 [label = "b"];
	q14 -> q6 [label = "a"];
	q12 -> q33 [label = "b"];
	q10 -> q42 [label = "c"];
	q22 -> q6 [label = "a"];
	q5 -> q84 [label = "b"];
	q6 -> q78 [label = "b"];
	q9 -> q82 [label = "c"];
	q6 -> q69 [label = "a"];
	q54 -> q42 [label = "c"];
	q7 -> q30 [label = "c"];
	q15 -> q37 [label = "c"];
	q50 -> q42 [label = "c"];
	q2 -> q37 [label = "c"];
	q0 -> q82 [label = "c"];
	q3 -> q80 [label = "a"];
	q3 -> q46 [label = "c"];
	q3 -> q2 [label = "b"];
	q36 -> q11 [label = "a"];
	q48 -> q49 [label = "a"];
	q2 -> q80 [label = "a"];
	q90 -> q30 [label = "c"];
	q1 -> q64 [label = "b"];
	q54 -> q43 [label = "b"];
	q2 -> q33 [label = "b"];
	q12 -> q37 [label = "c"];
	q7 -> q3 [label = "a"];
	q25 -> q42 [label = "c"];
	q0 -> q64 [label = "a"];
	q38 -> q59 [label = "a"];
	q4 -> q42 [label = "c"];
	q14 -> q13 [label = "b"];
	q13 -> q37 [label = "c"];
	q89 -> q37 [label = "c"];
	q66 -> q75 [label = "a"];
	q11 -> q38 [label = "a"];
	q10 -> q43 [label = "b"];
	q16 -> q37 [label = "c"];
	q9 -> q32 [label = "b"];
	q43 -> q63 [label = "a"];
	q15 -> q67 [label = "b"];
	q21 -> q18 [label = "b"];
	q24 -> q21 [label = "a"];
	q26 -> q22 [label = "b"];
	q28 -> q46 [label = "c"];
	q47 -> q32 [label = "b"];
	q30 -> q26 [label = "c"];
	q28 -> q90 [label = "a"];
	q29 -> q37 [label = "c"];
	q5 -> q80 [label = "a"];
	q76 -> q42 [label = "c"];
	q57 -> q36 [label = "b"];
	q24 -> q20 [label = "c"];
	q13 -> q87 [label = "a"];
	q40 -> q52 [label = "b"];
	q18 -> q37 [label = "c"];
	q70 -> q59 [label = "a"];
	q25 -> q43 [label = "b"];
	q22 -> q67 [label = "b"];
	q27 -> q7 [label = "a"];
	q18 -> q74 [label = "a"];
	q42 -> q65 [label = "b"];
	q4 -> q69 [label = "a"];
	q19 -> q32 [label = "a"];
	q44 -> q45 [label = "c"];
	q39 -> q66 [label = "a"];
	q65 -> q74 [label = "a"];
	q46 -> q45 [label = "c"];
	q63 -> q54 [label = "b"];
	q41 -> q41 [label = "a"];
	q13 -> q71 [label = "b"];
	q58 -> q43 [label = "b"];
	q89 -> q74 [label = "a"];
	q6 -> q37 [label = "c"];
	q30 -> q28 [label = "a"];
	q81 -> q43 [label = "b"];
	q8 -> q80 [label = "a"];
	q51 -> q54 [label = "b"];
	q29 -> q70 [label = "a"];
	q73 -> q55 [label = "c"];
	q1 -> q88 [label = "c"];
	q38 -> q62 [label = "b"];
	q68 -> q74 [label = "a"];
	q59 -> q54 [label = "b"];
	q62 -> q44 [label = "c"];
	q37 -> q45 [label = "c"];
	q69 -> q37 [label = "c"];
	q9 -> q4 [label = "a"];
	q32 -> q71 [label = "b"];
	q89 -> q71 [label = "b"];
	q88 -> q90 [label = "a"];
	q88 -> q35 [label = "c"];
	q8 -> q12 [label = "b"];
	q49 -> q44 [label = "c"];
	q73 -> q9 [label = "a"];
	q39 -> q44 [label = "c"];
	q17 -> q15 [label = "b"];
	q19 -> q82 [label = "c"];
	q83 -> q58 [label = "b"];
	q90 -> q31 [label = "b"];
	q41 -> q44 [label = "c"];
	q41 -> q52 [label = "b"];
	q28 -> q24 [label = "b"];
	q72 -> q46 [label = "c"];
	q40 -> q42 [label = "c"];
	q5 -> q46 [label = "c"];
	q68 -> q42 [label = "c"];
	q46 -> q83 [label = "b"];
	q33 -> q43 [label = "b"];
	q45 -> q45 [label = "c"];
	q63 -> q49 [label = "a"];
	q1 -> q0 [label = "a"];
	q45 -> q49 [label = "a"];
	q26 -> q32 [label = "a"];
	q90 -> q8 [label = "a"];
	q23 -> q19 [label = "a"];
	q35 -> q45 [label = "c"];
	q32 -> q70 [label = "a"];
	q37 -> q61 [label = "a"];
	q27 -> q23 [label = "b"];
	q26 -> q35 [label = "c"];
	q79 -> q74 [label = "a"];
	q34 -> q37 [label = "c"];
	q47 -> q82 [label = "c"];
	q88 -> q1 [label = "b"];
	q33 -> q42 [label = "c"];
	q30 -> q27 [label = "b"];
	q43 -> q43 [label = "b"];
	q84 -> q80 [label = "a"];
	q11 -> q33 [label = "b"];
	q24 -> q64 [label = "b"];
	q42 -> q64 [label = "a"];
	q33 -> q69 [label = "a"];
	q40 -> q49 [label = "a"];
	q62 -> q43 [label = "b"];
	q59 -> q55 [label = "c"];
	q72 -> q34 [label = "a"];
	q39 -> q43 [label = "b"];
	q34 -> q56 [label = "a"];
	q11 -> q37 [label = "c"];
	q25 -> q77 [label = "a"];
	q38 -> q42 [label = "c"];
	q75 -> q42 [label = "c"];
	q14 -> q82 [label = "c"];
	q35 -> q68 [label = "b"];
	q37 -> q67 [label = "b"];
	q29 -> q25 [label = "b"];
	q8 -> q46 [label = "c"];
	q4 -> q39 [label = "b"];
	q35 -> q64 [label = "a"];
	q34 -> q33 [label = "b"];
	q65 -> q58 [label = "b"];
	q31 -> q29 [label = "a"];
	q27 -> q46 [label = "c"];
	q56 -> q37 [label = "c"];
	q16 -> q74 [label = "a"];
	q22 -> q37 [label = "c"];
	q72 -> q84 [label = "b"];
	q20 -> q17 [label = "a"];
	q47 -> q33 [label = "a"];
	q46 -> q61 [label = "a"];
	q67 -> q42 [label = "c"];
	q19 -> q16 [label = "b"];
	q71 -> q43 [label = "b"];
	q23 -> q20 [label = "c"];
	q32 -> q37 [label = "c"];
	q73 -> q64 [label = "b"];
	q23 -> q67 [label = "b"];
	q21 -> q32 [label = "a"];
	q17 -> q30 [label = "c"];
	q7 -> q31 [label = "b"];
	q78 -> q80 [label = "a"];
	q61 -> q72 [label = "a"];
	q16 -> q25 [label = "b"];
	q20 -> q23 [label = "b"];
	q42 -> q45 [label = "c"];
	q44 -> q39 [label = "b"];
	q43 -> q44 [label = "c"];
	q18 -> q25 [label = "b"];
	q44 -> q53 [label = "a"];
	q45 -> q62 [label = "b"];
	q31 -> q37 [label = "c"];
	q50 -> q43 [label = "b"];
	q74 -> q78 [label = "b"];
	q79 -> q71 [label = "b"];
	q52 -> q44 [label = "c"];
	q66 -> q37 [label = "c"];
	q50 -> q53 [label = "a"];
	q48 -> q50 [label = "b"];
	q48 -> q45 [label = "c"];
	q52 -> q40 [label = "a"];
	q49 -> q51 [label = "a"];
	q53 -> q42 [label = "c"];
	q49 -> q52 [label = "b"];
	q60 -> q46 [label = "c"];
	q57 -> q60 [label = "a"];
	q51 -> q41 [label = "a"];
	q55 -> q45 [label = "c"];
	q17 -> q5 [label = "a"];
	q53 -> q56 [label = "a"];
	q55 -> q58 [label = "b"];
	q52 -> q43 [label = "b"];
	q31 -> q67 [label = "b"];
	q54 -> q38 [label = "a"];
	q51 -> q55 [label = "c"];
	q53 -> q39 [label = "b"];
	q55 -> q57 [label = "a"];
	q56 -> q59 [label = "a"];
	q59 -> q51 [label = "a"];
	q68 -> q58 [label = "b"];
	q10 -> q75 [label = "a"];
	q56 -> q54 [label = "b"];
	q58 -> q47 [label = "a"];
	q60 -> q34 [label = "a"];
	q61 -> q35 [label = "c"];
	q63 -> q37 [label = "c"];
	q74 -> q37 [label = "c"];
	q76 -> q53 [label = "a"];
	q21 -> q82 [label = "c"];
	q57 -> q35 [label = "c"];
	q58 -> q44 [label = "c"];
	q60 -> q12 [label = "b"];
	q83 -> q42 [label = "c"];
	q76 -> q43 [label = "b"];
	q80 -> q81 [label = "b"];
	q62 -> q10 [label = "a"];
	q64 -> q70 [label = "a"];
	q66 -> q33 [label = "b"];
	q64 -> q58 [label = "b"];
	q75 -> q59 [label = "a"];
	q70 -> q37 [label = "c"];
	q75 -> q52 [label = "b"];
	q64 -> q42 [label = "c"];
	q74 -> q56 [label = "a"];
	q70 -> q50 [label = "b"];
	q67 -> q58 [label = "b"];
	q67 -> q87 [label = "a"];
	q71 -> q42 [label = "c"];
	q36 -> q55 [label = "c"];
	q65 -> q42 [label = "c"];
	q79 -> q37 [label = "c"];
	q69 -> q76 [label = "b"];
	q71 -> q77 [label = "a"];
	q78 -> q42 [label = "c"];
	q78 -> q43 [label = "b"];
	q77 -> q82 [label = "c"];
	q77 -> q12 [label = "a"];
	q80 -> q56 [label = "a"];
	q82 -> q88 [label = "a, b"];
	q77 -> q79 [label = "b"];
	q0 -> q29 [label = "b"];
	q84 -> q37 [label = "c"];
	q86 -> q55 [label = "c"];
	q86 -> q64 [label = "b"];
	q36 -> q64 [label = "b"];
	q80 -> q37 [label = "c"];
}
DFA size: 91 states

NL* output after 14 EQ and 15836 MQ:
digraph finite_state_machine {
	rankdir=LR;
	node [shape = circle];
	s0 [shape = point, style = invis, start="true" ];
	s1 [shape = point, style = invis, start="true" ];
	s2 [shape = point, style = invis, start="true" ];
	s3 [shape = point, style = invis, start="true" ];
	s4 [shape = point, style = invis, start="true" ];
	s5 [shape = point, style = invis, start="true" ];
	s6 [shape = point, style = invis, start="true" ];
	s7 [shape = point, style = invis, start="true" ];
	s8 [shape = point, style = invis, start="true" ];
	s9 [shape = point, style = invis, start="true" ];
	s10 [shape = point, style = invis, start="true" ];
	s11 [shape = point, style = invis, start="true" ];
	q0 [label = "q0"];
	q1 [label = "q1"];
	q2 [label = "q2"];
	q3 [label = "q3"];
	q4 [label = "q4"];
	q5 [label = "q5"];
	q6 [label = "q6"];
	q7 [label = "q7"];
	q8 [label = "q8", shape = doublecircle, final="true" ];
	q9 [label = "q9"];
	q10 [label = "q10"];
	q11 [label = "q11", shape = doublecircle, final="true" ];
	q12 [label = "q12", shape = doublecircle, final="true" ];
	q13 [label = "q13"];
	q14 [label = "q14", shape = doublecircle, final="true" ];
	q15 [label = "q15"];
	q16 [label = "q16"];
	q17 [label = "q17"];
	q18 [label = "q18", shape = doublecircle, final="true" ];
	q19 [label = "q19"];
	q20 [label = "q20"];
	q21 [label = "q21"];
	q22 [label = "q22"];
	q23 [label = "q23"];
	q24 [label = "q24"];
	q25 [label = "q25", shape = doublecircle, final="true" ];
	q26 [label = "q26"];
	q27 [label = "q27"];
	q28 [label = "q28"];
	s0 -> q0
	s1 -> q1
	s2 -> q4
	s3 -> q5
	s4 -> q6
	s5 -> q9
	s6 -> q15
	s7 -> q19
	s8 -> q20
	s9 -> q21
	s10 -> q24
	s11 -> q26
	q20 -> q27 [label = "b"];
	q22 -> q0 [label = "a"];
	q23 -> q27 [label = "b"];
	q23 -> q26 [label = "c"];
	q23 -> q21 [label = "c"];
	q17 -> q8 [label = "a"];
	q17 -> q7 [label = "a"];
	q17 -> q4 [label = "a, b"];
	q21 -> q26 [label = "c"];
	q21 -> q24 [label = "c"];
	q21 -> q15 [label = "c"];
	q21 -> q9 [label = "c"];
	q20 -> q25 [label = "a"];
	q20 -> q18 [label = "a"];
	q20 -> q14 [label = "a"];
	q20 -> q10 [label = "a, b"];
	q20 -> q3 [label = "a, b"];
	q22 -> q18 [label = "b"];
	q18 -> q17 [label = "a"];
	q16 -> q28 [label = "b"];
	q16 -> q13 [label = "b, c"];
	q16 -> q8 [label = "b"];
	q16 -> q7 [label = "b"];
	q16 -> q2 [label = "b"];
	q22 -> q26 [label = "c"];
	q22 -> q21 [label = "c"];
	q22 -> q15 [label = "c"];
	q18 -> q22 [label = "b"];
	q22 -> q25 [label = "b"];
	q18 -> q12 [label = "b"];
	q18 -> q9 [label = "b"];
	q18 -> q8 [label = "b"];
	q18 -> q5 [label = "b"];
	q18 -> q2 [label = "b"];
	q16 -> q12 [label = "a"];
	q16 -> q4 [label = "a"];
	q20 -> q20 [label = "c"];
	q20 -> q12 [label = "a"];
	q20 -> q19 [label = "c"];
	q20 -> q17 [label = "a, b, c"];
	q20 -> q16 [label = "a, b, c"];
	q20 -> q7 [label = "a, b, c"];
	q20 -> q6 [label = "a, b, c"];
	q20 -> q2 [label = "a, b, c"];
	q20 -> q1 [label = "a, b, c"];
	q20 -> q0 [label = "a, b, c"];
	q15 -> q12 [label = "a"];
	q15 -> q4 [label = "a"];
	q13 -> q8 [label = "b"];
	q11 -> q19 [label = "c"];
	q17 -> q9 [label = "a, b"];
	q14 -> q9 [label = "a"];
	q14 -> q6 [label = "a"];
	q14 -> q5 [label = "a"];
	q14 -> q0 [label = "a"];
	q12 -> q22 [label = "b"];
	q12 -> q7 [label = "b"];
	q12 -> q2 [label = "b"];
	q10 -> q21 [label = "c"];
	q10 -> q19 [label = "c"];
	q15 -> q16 [label = "a, b"];
	q15 -> q9 [label = "a, b"];
	q15 -> q7 [label = "a, b"];
	q13 -> q9 [label = "a"];
	q3 -> q26 [label = "c"];
	q3 -> q21 [label = "c"];
	q3 -> q19 [label = "c"];
	q5 -> q7 [label = "b"];
	q5 -> q28 [label = "b"];
	q7 -> q9 [label = "a"];
	q2 -> q26 [label = "c"];
	q11 -> q21 [label = "c"];
	q2 -> q21 [label = "c"];
	q21 -> q23 [label = "c"];
	q2 -> q19 [label = "c"];
	q17 -> q5 [label = "a, b"];
	q4 -> q28 [label = "b"];
	q4 -> q22 [label = "b"];
	q22 -> q24 [label = "a"];
	q15 -> q8 [label = "a"];
	q4 -> q2 [label = "b"];
	q6 -> q16 [label = "a"];
	q6 -> q14 [label = "a"];
	q6 -> q12 [label = "a"];
	q6 -> q7 [label = "a"];
	q1 -> q26 [label = "c"];
	q1 -> q21 [label = "c"];
	q5 -> q14 [label = "a"];
	q5 -> q12 [label = "a"];
	q5 -> q6 [label = "a"];
	q17 -> q2 [label = "a"];
	q5 -> q5 [label = "a"];
	q5 -> q4 [label = "a"];
	q4 -> q10 [label = "b"];
	q5 -> q0 [label = "a"];
	q7 -> q28 [label = "b"];
	q16 -> q26 [label = "c"];
	q16 -> q14 [label = "a"];
	q20 -> q4 [label = "a, b, c"];
	q7 -> q22 [label = "b"];
	q7 -> q8 [label = "b"];
	q7 -> q2 [label = "b"];
	q3 -> q24 [label = "a"];
	q1 -> q3 [label = "b"];
	q7 -> q26 [label = "c"];
	q9 -> q9 [label = "a"];
	q23 -> q15 [label = "c"];
	q25 -> q17 [label = "a"];
	q11 -> q26 [label = "b, c"];
	q9 -> q6 [label = "a"];
	q15 -> q26 [label = "c"];
	q10 -> q9 [label = "a, b"];
	q28 -> q26 [label = "c"];
	q4 -> q6 [label = "a"];
	q20 -> q5 [label = "a, b, c"];
	q12 -> q9 [label = "a"];
	q0 -> q16 [label = "b"];
	q11 -> q17 [label = "a, b"];
	q12 -> q10 [label = "b"];
	q11 -> q14 [label = "a"];
	q17 -> q12 [label = "a, b"];
	q11 -> q12 [label = "a"];
	q18 -> q6 [label = "a"];
	q11 -> q7 [label = "a, b"];
	q15 -> q14 [label = "a"];
	q23 -> q7 [label = "a, b"];
	q11 -> q25 [label = "a"];
	q14 -> q24 [label = "a"];
	q5 -> q1 [label = "a"];
	q14 -> q7 [label = "b"];
	q5 -> q9 [label = "a"];
	q11 -> q5 [label = "a, b"];
	q0 -> q5 [label = "a"];
	q11 -> q3 [label = "a, b"];
	q12 -> q1 [label = "a"];
	q11 -> q1 [label = "a, b"];
	q25 -> q6 [label = "a"];
	q6 -> q9 [label = "a, b"];
	q23 -> q18 [label = "a, b"];
	q14 -> q11 [label = "a"];
	q10 -> q13 [label = "b, c"];
	q11 -> q6 [label = "a, b"];
	q14 -> q1 [label = "a"];
	q19 -> q23 [label = "c"];
	q10 -> q2 [label = "b"];
	q19 -> q21 [label = "c"];
	q5 -> q2 [label = "b"];
	q19 -> q17 [label = "c"];
	q18 -> q14 [label = "b"];
	q27 -> q26 [label = "c"];
	q19 -> q15 [label = "c"];
	q19 -> q9 [label = "a, c"];
	q4 -> q7 [label = "b"];
	q11 -> q28 [label = "a, b"];
	q19 -> q1 [label = "c"];
	q22 -> q8 [label = "b"];
	q21 -> q13 [label = "a, b, c"];
	q11 -> q11 [label = "a"];
	q4 -> q19 [label = "c"];
	q19 -> q13 [label = "a, b, c"];
	q23 -> q14 [label = "a"];
	q19 -> q5 [label = "c"];
	q27 -> q28 [label = "a"];
	q23 -> q11 [label = "a"];
	q12 -> q6 [label = "a"];
	q20 -> q28 [label = "a, b, c"];
	q7 -> q5 [label = "a"];
	q11 -> q18 [label = "a"];
	q15 -> q19 [label = "c"];
	q10 -> q0 [label = "a, b"];
	q25 -> q14 [label = "b"];
	q23 -> q19 [label = "c"];
	q28 -> q0 [label = "a"];
	q17 -> q21 [label = "c"];
	q22 -> q19 [label = "c"];
	q10 -> q25 [label = "b"];
	q11 -> q2 [label = "a, b"];
	q23 -> q6 [label = "a, b, c"];
	q23 -> q12 [label = "a"];
	q6 -> q21 [label = "c"];
	q25 -> q12 [label = "b"];
	q25 -> q4 [label = "b"];
	q25 -> q9 [label = "b"];
	q21 -> q22 [label = "a, b, c"];
	q11 -> q10 [label = "b"];
	q27 -> q22 [label = "a"];
	q21 -> q2 [label = "a, b, c"];
	q19 -> q2 [label = "a, b, c"];
	q27 -> q13 [label = "a"];
	q9 -> q26 [label = "c"];
	q27 -> q16 [label = "a"];
	q6 -> q26 [label = "c"];
	q4 -> q14 [label = "a"];
	q9 -> q0 [label = "a"];
	q15 -> q28 [label = "a"];
	q11 -> q4 [label = "a, b"];
	q11 -> q9 [label = "a, b"];
	q23 -> q17 [label = "a, b"];
	q10 -> q15 [label = "b, c"];
	q3 -> q8 [label = "a, b"];
	q14 -> q4 [label = "a"];
	q10 -> q22 [label = "b"];
	q12 -> q5 [label = "a"];
	q25 -> q13 [label = "b, c"];
	q24 -> q7 [label = "b"];
	q9 -> q1 [label = "a"];
	q11 -> q0 [label = "a, b"];
	q27 -> q9 [label = "a, b"];
	q25 -> q22 [label = "b, c"];
	q1 -> q5 [label = "a, b"];
	q6 -> q2 [label = "a"];
	q25 -> q8 [label = "b"];
	q17 -> q14 [label = "a"];
	q11 -> q8 [label = "a"];
	q26 -> q28 [label = "a"];
	q22 -> q6 [label = "c"];
	q1 -> q12 [label = "a"];
	q25 -> q27 [label = "a"];
	q19 -> q4 [label = "c"];
	q20 -> q21 [label = "c"];
	q12 -> q19 [label = "c"];
	q18 -> q7 [label = "b"];
	q6 -> q4 [label = "a, b"];
	q7 -> q21 [label = "c"];
	q28 -> q9 [label = "a"];
	q23 -> q0 [label = "a, b"];
	q24 -> q9 [label = "a"];
	q4 -> q1 [label = "a"];
	q1 -> q16 [label = "a, b"];
	q3 -> q6 [label = "a, b"];
	q28 -> q8 [label = "b"];
	q28 -> q19 [label = "c"];
	q28 -> q18 [label = "b"];
	q19 -> q19 [label = "c"];
	q23 -> q24 [label = "a, b"];
	q27 -> q14 [label = "a, b"];
	q23 -> q9 [label = "a, b"];
	q1 -> q4 [label = "a, b"];
	q9 -> q5 [label = "a"];
	q21 -> q28 [label = "a, b, c"];
	q11 -> q24 [label = "a"];
	q26 -> q15 [label = "c"];
	q3 -> q5 [label = "a, b"];
	q10 -> q28 [label = "b"];
	q24 -> q28 [label = "a"];
	q25 -> q2 [label = "b, c"];
	q26 -> q2 [label = "a, b"];
	q10 -> q8 [label = "b"];
	q6 -> q5 [label = "a, b"];
	q5 -> q21 [label = "c"];
	q19 -> q20 [label = "c"];
	q27 -> q4 [label = "a, b"];
	q27 -> q2 [label = "a"];
	q19 -> q6 [label = "c"];
	q11 -> q15 [label = "b"];
	q4 -> q12 [label = "a"];
	q24 -> q16 [label = "b"];
	q4 -> q4 [label = "a"];
	q20 -> q26 [label = "a, b, c"];
	q15 -> q2 [label = "a, b"];
	q27 -> q7 [label = "a"];
	q19 -> q26 [label = "c"];
	q20 -> q11 [label = "a"];
	q28 -> q21 [label = "c"];
	q25 -> q16 [label = "b"];
	q23 -> q1 [label = "a"];
	q12 -> q24 [label = "a"];
	q28 -> q24 [label = "a"];
	q24 -> q1 [label = "a"];
	q23 -> q25 [label = "a, b"];
	q24 -> q0 [label = "a"];
	q10 -> q5 [label = "a, b"];
	q1 -> q24 [label = "a"];
	q24 -> q2 [label = "a"];
	q8 -> q7 [label = "b"];
	q20 -> q24 [label = "a, c"];
	q10 -> q24 [label = "a, b"];
	q27 -> q21 [label = "c"];
	q17 -> q16 [label = "a"];
	q24 -> q3 [label = "a"];
	q23 -> q5 [label = "a, b"];
	q24 -> q5 [label = "a"];
	q13 -> q6 [label = "c"];
	q9 -> q7 [label = "b"];
	q3 -> q18 [label = "b"];
	q24 -> q6 [label = "a"];
	q24 -> q17 [label = "a"];
	q17 -> q28 [label = "a"];
	q3 -> q12 [label = "a, b"];
	q17 -> q26 [label = "c"];
	q21 -> q0 [label = "c"];
	q19 -> q0 [label = "c"];
	q19 -> q28 [label = "a, b, c"];
	q15 -> q5 [label = "a, b"];
	q19 -> q7 [label = "b, c"];
	q23 -> q2 [label = "a, b"];
	q10 -> q18 [label = "b"];
	q19 -> q16 [label = "c"];
	q0 -> q6 [label = "a"];
	q3 -> q14 [label = "a, b"];
	q23 -> q3 [label = "a"];
	q8 -> q6 [label = "a"];
	q20 -> q15 [label = "a, b, c"];
	q25 -> q5 [label = "b"];
	q22 -> q9 [label = "a"];
	q16 -> q21 [label = "c"];
	q8 -> q28 [label = "b"];
	q11 -> q16 [label = "a, b"];
	q3 -> q0 [label = "a, b"];
	q23 -> q4 [label = "a"];
	q11 -> q13 [label = "b, c"];
	q16 -> q22 [label = "b"];
	q3 -> q2 [label = "a, b"];
	q11 -> q22 [label = "b"];
	q11 -> q27 [label = "b"];
	q13 -> q15 [label = "c"];
	q26 -> q26 [label = "c"];
	q13 -> q19 [label = "c"];
	q13 -> q21 [label = "c"];
	q6 -> q8 [label = "a"];
	q13 -> q26 [label = "c"];
	q12 -> q12 [label = "a"];
	q8 -> q13 [label = "b, c"];
	q18 -> q4 [label = "b"];
	q15 -> q6 [label = "c"];
	q12 -> q0 [label = "a"];
	q4 -> q9 [label = "a"];
	q16 -> q9 [label = "a"];
	q12 -> q4 [label = "a"];
	q14 -> q10 [label = "b"];
	q14 -> q14 [label = "a"];
	q10 -> q12 [label = "b"];
	q23 -> q28 [label = "a"];
	q12 -> q14 [label = "a"];
	q23 -> q16 [label = "a, b"];
	q14 -> q2 [label = "b"];
	q20 -> q22 [label = "a, b, c"];
	q14 -> q13 [label = "b, c"];
	q14 -> q22 [label = "b"];
	q27 -> q8 [label = "a"];
	q14 -> q28 [label = "b"];
	q8 -> q2 [label = "b"];
	q8 -> q22 [label = "b"];
	q10 -> q6 [label = "a, b, c"];
	q0 -> q17 [label = "a"];
	q18 -> q13 [label = "b, c"];
	q19 -> q24 [label = "c"];
	q7 -> q19 [label = "c"];
	q23 -> q8 [label = "a, b"];
	q10 -> q17 [label = "a, b, c"];
	q20 -> q23 [label = "a, c"];
	q1 -> q28 [label = "a, b"];
	q14 -> q19 [label = "c"];
	q2 -> q0 [label = "a"];
	q15 -> q15 [label = "c"];
	q14 -> q21 [label = "c"];
	q10 -> q3 [label = "b"];
	q10 -> q4 [label = "b"];
	q14 -> q12 [label = "a"];
	q10 -> q7 [label = "b, c"];
	q10 -> q10 [label = "b"];
	q24 -> q26 [label = "c"];
	q10 -> q14 [label = "b"];
	q3 -> q17 [label = "a, b"];
	q12 -> q13 [label = "b, c"];
	q12 -> q21 [label = "c"];
	q12 -> q26 [label = "c"];
	q4 -> q13 [label = "b, c"];
	q4 -> q21 [label = "c"];
	q7 -> q7 [label = "b"];
	q4 -> q26 [label = "c"];
	q20 -> q8 [label = "a"];
	q6 -> q28 [label = "a"];
	q1 -> q1 [label = "a, b"];
	q0 -> q0 [label = "a"];
	q10 -> q16 [label = "b, c"];
	q0 -> q2 [label = "a"];
	q0 -> q1 [label = "a"];
	q0 -> q9 [label = "a"];
	q0 -> q28 [label = "a"];
	q16 -> q19 [label = "c"];
	q20 -> q13 [label = "a, b, c"];
	q2 -> q8 [label = "b"];
	q0 -> q7 [label = "b"];
	q2 -> q9 [label = "a"];
	q20 -> q9 [label = "a, b, c"];
	q27 -> q5 [label = "a, b"];
	q0 -> q26 [label = "c"];
	q4 -> q0 [label = "a"];
	q4 -> q5 [label = "a"];
	q4 -> q24 [label = "a"];
	q5 -> q26 [label = "c"];
	q27 -> q12 [label = "a, b"];
	q25 -> q28 [label = "b, c"];
	q1 -> q0 [label = "a, b"];
	q1 -> q19 [label = "c"];
	q10 -> q1 [label = "b"];
	q1 -> q2 [label = "a, b"];
	q25 -> q7 [label = "b"];
	q1 -> q6 [label = "a, b"];
	q1 -> q17 [label = "a, b"];
	q14 -> q26 [label = "c"];
	q1 -> q7 [label = "a, b"];
	q19 -> q22 [label = "a, b, c"];
	q1 -> q8 [label = "a"];
	q1 -> q9 [label = "a, b"];
	q18 -> q28 [label = "b"];
	q3 -> q28 [label = "a, b"];
	q8 -> q8 [label = "b"];
	q1 -> q14 [label = "a"];
	q18 -> q16 [label = "b"];
	q3 -> q1 [label = "a, b"];
	q15 -> q21 [label = "c"];
	q3 -> q3 [label = "b"];
	q16 -> q5 [label = "a"];
	q10 -> q26 [label = "b, c"];
	q3 -> q4 [label = "a, b"];
	q12 -> q28 [label = "b"];
	q3 -> q7 [label = "a, b"];
	q3 -> q9 [label = "a, b"];
	q3 -> q16 [label = "a, b"];
	q7 -> q13 [label = "b, c"];
}
NFA size: 29 states

AL* output after 15 EQ and 5345 MQ:
digraph finite_state_machine {
	rankdir=LR;
	node [shape = circle];
	s0 [shape = point, style = invis, start="true" ];
	s1 [shape = point, style = invis, start="true" ];
	q0 [label = "q0"];
	q1 [label = "q1"];
	q2 [label = "q2", shape = doublecircle, final="true" ];
	q3 [label = "q3"];
	q4 [label = "q4"];
	q5 [label = "q5"];
	q6 [label = "q6", shape = doublecircle, final="true" ];
	q7 [label = "q7", shape = doublecircle, final="true" ];
	m0 [label = "", shape = square, style = filled, color=grey, fixedsize=true, width=.2];
	m1 [label = "", shape = square, style = filled, color=grey, fixedsize=true, width=.2];
	m2 [label = "", shape = square, style = filled, color=grey, fixedsize=true, width=.2];
	m3 [label = "", shape = square, style = filled, color=grey, fixedsize=true, width=.2];
	m4 [label = "", shape = square, style = filled, color=grey, fixedsize=true, width=.2];
	m5 [label = "", shape = square, style = filled, color=grey, fixedsize=true, width=.2];
	m6 [label = "", shape = square, style = filled, color=grey, fixedsize=true, width=.2];
	m7 [label = "", shape = square, style = filled, color=grey, fixedsize=true, width=.2];
	m8 [label = "", shape = square, style = filled, color=grey, fixedsize=true, width=.2];
	m9 [label = "", shape = square, style = filled, color=grey, fixedsize=true, width=.2];
	m10 [label = "", shape = square, style = filled, color=grey, fixedsize=true, width=.2];
	m11 [label = "", shape = square, style = filled, color=grey, fixedsize=true, width=.2];
	m12 [label = "", shape = square, style = filled, color=grey, fixedsize=true, width=.2];
	m13 [label = "", shape = square, style = filled, color=grey, fixedsize=true, width=.2];
	m14 [label = "", shape = square, style = filled, color=grey, fixedsize=true, width=.2];
	m15 [label = "", shape = square, style = filled, color=grey, fixedsize=true, width=.2];
	s0 -> q3
	s1 -> m0
	q3 -> m0 [label = "c"];
	q7 -> m0 [label = "a"];
	q2 -> m14 [label = "c"];
	q6 -> m15 [label = "a"];
	q6 -> m1 [label = "a"];
	q1 -> m2 [label = "c"];
	q5 -> m6 [label = "a"];
	q5 -> m5 [label = "a, b"];
	q5 -> m9 [label = "a, b"];
	q7 -> m3 [label = "b"];
	q2 -> q3 [label = "c"];
	q7 -> m8 [label = "b"];
	q7 -> m1 [label = "b"];
	q2 -> m0 [label = "a"];
	q0 -> m8 [label = "b"];
	q4 -> q6 [label = "b"];
	q0 -> m7 [label = "b"];
	q4 -> m1 [label = "c"];
	q2 -> m6 [label = "b"];
	q7 -> q3 [label = "c"];
	q2 -> m5 [label = "a, b"];
	q0 -> m4 [label = "a"];
	q0 -> m3 [label = "a"];
	q7 -> m14 [label = "c"];
	q1 -> q3 [label = "c"];
	q2 -> m3 [label = "b"];
	q6 -> m3 [label = "a"];
	q0 -> m1 [label = "a, b"];
	q4 -> m2 [label = "c"];
	q7 -> q6 [label = "a"];
	q0 -> m12 [label = "c"];
	q6 -> m9 [label = "b"];
	q6 -> m6 [label = "b, c"];
	q7 -> m7 [label = "c"];
	q0 -> m10 [label = "c"];
	q4 -> q3 [label = "c"];
	q0 -> m11 [label = "c"];
	q2 -> m7 [label = "c"];
	q1 -> m1 [label = "b, c"];
	q7 -> m15 [label = "b"];
	q4 -> m13 [label = "a"];
	q7 -> m6 [label = "b"];
	q4 -> m12 [label = "a"];
	q5 -> q3 [label = "c"];
	q6 -> m5 [label = "b"];
	q1 -> m0 [label = "a"];
	q1 -> q6 [label = "a, b"];
	q3 -> m6 [label = "a, b, c"];
	q1 -> m15 [label = "b"];
	m0 -> q1;
	m0 -> q7;
	m1 -> q1;
	m1 -> q2;
	m1 -> q5;
	m1 -> q7;
	m2 -> q0;
	m2 -> q1;
	m2 -> q5;
	m2 -> q6;
	m2 -> q7;
	m3 -> q5;
	m3 -> q6;
	m4 -> q1;
	m4 -> q2;
	m4 -> q4;
	m4 -> q7;
	m5 -> q2;
	m5 -> q6;
	m5 -> q7;
	m6 -> q1;
	m6 -> q4;
	m7 -> q1;
	m7 -> q2;
	m7 -> q4;
	m7 -> q5;
	m7 -> q6;
	m8 -> q2;
	m8 -> q3;
	m8 -> q6;
	m8 -> q7;
	m9 -> q1;
	m9 -> q2;
	m9 -> q7;
	m10 -> q0;
	m10 -> q1;
	m10 -> q3;
	m10 -> q5;
	m10 -> q6;
	m10 -> q7;
	m11 -> q1;
	m11 -> q3;
	m11 -> q4;
	m12 -> q0;
	m12 -> q1;
	m12 -> q2;
	m12 -> q3;
	m12 -> q5;
	m12 -> q7;
	m13 -> q0;
	m13 -> q1;
	m13 -> q6;
	m13 -> q7;
	m14 -> q1;
	m14 -> q2;
	m14 -> q4;
	m14 -> q5;
	m14 -> q7;
	m15 -> q3;
	m15 -> q5;
}
AFA size: 8 states

