Random target AFA:
digraph finite_state_machine {
	rankdir=LR;
	node [shape = circle];
	s0 [shape = point, style = invis, start="true" ];
	s1 [shape = point, style = invis, start="true" ];
	q0 [label = "q0", shape = doublecircle, final="true" ];
	q1 [label = "q1", shape = doublecircle, final="true" ];
	q2 [label = "q2"];
	q3 [label = "q3", shape = doublecircle, final="true" ];
	q4 [label = "q4"];
	q5 [label = "q5"];
	m0 [label = "", shape = square, style = filled, color=grey, fixedsize=true, width=.2];
	m1 [label = "", shape = square, style = filled, color=grey, fixedsize=true, width=.2];
	m2 [label = "", shape = square, style = filled, color=grey, fixedsize=true, width=.2];
	m3 [label = "", shape = square, style = filled, color=grey, fixedsize=true, width=.2];
	m4 [label = "", shape = square, style = filled, color=grey, fixedsize=true, width=.2];
	m5 [label = "", shape = square, style = filled, color=grey, fixedsize=true, width=.2];
	s0 -> q1
	s1 -> q1
	q3 -> q1 [label = "c"];
	q2 -> q3 [label = "c"];
	q5 -> q2 [label = "a"];
	q1 -> m5 [label = "c"];
	q3 -> m4 [label = "a"];
	q5 -> q5 [label = "b"];
	q3 -> q2 [label = "a"];
	q3 -> q4 [label = "b"];
	q1 -> q5 [label = "c"];
	q1 -> m3 [label = "a"];
	q4 -> q3 [label = "b, c"];
	q1 -> q3 [label = "a"];
	q2 -> m1 [label = "a"];
	q4 -> q4 [label = "a"];
	q1 -> q1 [label = "b"];
	q3 -> q0 [label = "b"];
	q0 -> q3 [label = "a, c"];
	q0 -> q4 [label = "a"];
	q0 -> q2 [label = "b, c"];
	q4 -> q1 [label = "c"];
	q0 -> m0 [label = "b"];
	q2 -> q0 [label = "b"];
	q5 -> m2 [label = "c"];
	q4 -> q2 [label = "b"];
	q1 -> q0 [label = "b"];
	q4 -> q5 [label = "a"];
	q2 -> q2 [label = "b, c"];
	q5 -> q0 [label = "a, b, c"];
	m0 -> q0;
	m0 -> q1;
	m1 -> q2;
	m1 -> q4;
	m2 -> q0;
	m2 -> q5;
	m3 -> q2;
	m3 -> q5;
	m4 -> q1;
	m4 -> q5;
	m5 -> q3;
	m5 -> q5;
}

L* output after 8 EQ and 4340 MQ:
digraph finite_state_machine {
	rankdir=LR;
	node [shape = circle];
	s0 [shape = point, style = invis, start="true" ];
	q0 [label = "q0", shape = doublecircle, final="true" ];
	q1 [label = "q1", shape = doublecircle, final="true" ];
	q2 [label = "q2", shape = doublecircle, final="true" ];
	q3 [label = "q3", shape = doublecircle, final="true" ];
	q4 [label = "q4", shape = doublecircle, final="true" ];
	q5 [label = "q5", shape = doublecircle, final="true" ];
	q6 [label = "q6", shape = doublecircle, final="true" ];
	q7 [label = "q7", shape = doublecircle, final="true" ];
	q8 [label = "q8", shape = doublecircle, final="true" ];
	q9 [label = "q9", shape = doublecircle, final="true" ];
	q10 [label = "q10", shape = doublecircle, final="true" ];
	q11 [label = "q11", shape = doublecircle, final="true" ];
	q12 [label = "q12", shape = doublecircle, final="true" ];
	q13 [label = "q13", shape = doublecircle, final="true" ];
	q14 [label = "q14"];
	q15 [label = "q15", shape = doublecircle, final="true" ];
	q16 [label = "q16"];
	q17 [label = "q17", shape = doublecircle, final="true" ];
	q18 [label = "q18", shape = doublecircle, final="true" ];
	q19 [label = "q19"];
	q20 [label = "q20", shape = doublecircle, final="true" ];
	q21 [label = "q21", shape = doublecircle, final="true" ];
	q22 [label = "q22", shape = doublecircle, final="true" ];
	q23 [label = "q23", shape = doublecircle, final="true" ];
	q24 [label = "q24", shape = doublecircle, final="true" ];
	q25 [label = "q25", shape = doublecircle, final="true" ];
	q26 [label = "q26", shape = doublecircle, final="true" ];
	q27 [label = "q27"];
	q28 [label = "q28", shape = doublecircle, final="true" ];
	q29 [label = "q29"];
	q30 [label = "q30", shape = doublecircle, final="true" ];
	q31 [label = "q31", shape = doublecircle, final="true" ];
	q32 [label = "q32", shape = doublecircle, final="true" ];
	q33 [label = "q33"];
	q34 [label = "q34"];
	q35 [label = "q35", shape = doublecircle, final="true" ];
	q36 [label = "q36", shape = doublecircle, final="true" ];
	s0 -> q20
	q18 -> q10 [label = "c"];
	q20 -> q13 [label = "b"];
	q22 -> q27 [label = "a"];
	q21 -> q26 [label = "a"];
	q23 -> q24 [label = "b, c"];
	q19 -> q17 [label = "b"];
	q21 -> q5 [label = "c"];
	q16 -> q8 [label = "c"];
	q20 -> q18 [label = "a"];
	q22 -> q11 [label = "b"];
	q16 -> q9 [label = "b"];
	q22 -> q25 [label = "c"];
	q16 -> q15 [label = "a"];
	q20 -> q19 [label = "c"];
	q15 -> q14 [label = "a"];
	q13 -> q13 [label = "b"];
	q11 -> q25 [label = "c"];
	q12 -> q12 [label = "b"];
	q10 -> q23 [label = "c"];
	q13 -> q22 [label = "a"];
	q15 -> q12 [label = "b"];
	q4 -> q11 [label = "b"];
	q1 -> q24 [label = "c"];
	q7 -> q11 [label = "b"];
	q3 -> q16 [label = "a"];
	q5 -> q1 [label = "b"];
	q1 -> q1 [label = "b"];
	q18 -> q16 [label = "a"];
	q3 -> q11 [label = "b"];
	q1 -> q11 [label = "a"];
	q5 -> q17 [label = "c"];
	q4 -> q26 [label = "a"];
	q7 -> q16 [label = "a"];
	q6 -> q27 [label = "a"];
	q25 -> q28 [label = "a"];
	q9 -> q22 [label = "a"];
	q5 -> q4 [label = "a"];
	q25 -> q24 [label = "b, c"];
	q29 -> q14 [label = "a"];
	q26 -> q8 [label = "c"];
	q28 -> q24 [label = "b, c"];
	q30 -> q22 [label = "a"];
	q30 -> q30 [label = "b"];
	q36 -> q12 [label = "b"];
	q9 -> q8 [label = "c"];
	q29 -> q7 [label = "c"];
	q27 -> q24 [label = "a, b, c"];
	q32 -> q34 [label = "a"];
	q8 -> q11 [label = "b"];
	q7 -> q25 [label = "c"];
	q33 -> q32 [label = "a"];
	q17 -> q11 [label = "a, c"];
	q35 -> q7 [label = "c"];
	q34 -> q30 [label = "b"];
	q17 -> q17 [label = "b"];
	q18 -> q11 [label = "b"];
	q12 -> q7 [label = "c"];
	q33 -> q8 [label = "c"];
	q8 -> q9 [label = "a"];
	q14 -> q21 [label = "c"];
	q29 -> q12 [label = "b"];
	q14 -> q29 [label = "a"];
	q31 -> q33 [label = "a"];
	q33 -> q9 [label = "b"];
	q32 -> q4 [label = "c"];
	q34 -> q34 [label = "a"];
	q36 -> q3 [label = "a"];
	q24 -> q24 [label = "a, b, c"];
	q35 -> q36 [label = "b"];
	q34 -> q4 [label = "c"];
	q8 -> q25 [label = "c"];
	q19 -> q12 [label = "a"];
	q32 -> q30 [label = "b"];
	q36 -> q7 [label = "c"];
	q0 -> q1 [label = "b"];
	q30 -> q4 [label = "c"];
	q2 -> q0 [label = "c"];
	q31 -> q25 [label = "c"];
	q26 -> q32 [label = "a"];
	q26 -> q9 [label = "b"];
	q23 -> q9 [label = "a"];
	q13 -> q23 [label = "c"];
	q19 -> q35 [label = "c"];
	q12 -> q6 [label = "a"];
	q31 -> q11 [label = "b"];
	q9 -> q9 [label = "b"];
	q28 -> q26 [label = "a"];
	q11 -> q24 [label = "a"];
	q0 -> q17 [label = "c"];
	q4 -> q25 [label = "c"];
	q2 -> q24 [label = "b"];
	q14 -> q30 [label = "b"];
	q3 -> q2 [label = "c"];
	q35 -> q6 [label = "a"];
	q21 -> q11 [label = "b"];
	q10 -> q31 [label = "a"];
	q15 -> q7 [label = "c"];
	q10 -> q13 [label = "b"];
	q0 -> q11 [label = "a"];
	q11 -> q11 [label = "b"];
	q6 -> q2 [label = "c"];
	q2 -> q28 [label = "a"];
	q6 -> q11 [label = "b"];
}
DFA size: 37 states

NL* output after 8 EQ and 1408 MQ:
digraph finite_state_machine {
	rankdir=LR;
	node [shape = circle];
	s0 [shape = point, style = invis, start="true" ];
	q0 [label = "q0", shape = doublecircle, final="true" ];
	q1 [label = "q1", shape = doublecircle, final="true" ];
	q2 [label = "q2", shape = doublecircle, final="true" ];
	q3 [label = "q3", shape = doublecircle, final="true" ];
	q4 [label = "q4", shape = doublecircle, final="true" ];
	q5 [label = "q5"];
	q6 [label = "q6"];
	q7 [label = "q7", shape = doublecircle, final="true" ];
	q8 [label = "q8"];
	q9 [label = "q9"];
	q10 [label = "q10", shape = doublecircle, final="true" ];
	q11 [label = "q11", shape = doublecircle, final="true" ];
	q12 [label = "q12", shape = doublecircle, final="true" ];
	q13 [label = "q13"];
	q14 [label = "q14", shape = doublecircle, final="true" ];
	s0 -> q3
	q9 -> q2 [label = "b"];
	q11 -> q6 [label = "a"];
	q11 -> q14 [label = "b"];
	q11 -> q12 [label = "b"];
	q11 -> q11 [label = "b"];
	q11 -> q8 [label = "a, b"];
	q11 -> q7 [label = "a, b"];
	q8 -> q11 [label = "c"];
	q12 -> q13 [label = "a"];
	q9 -> q14 [label = "b"];
	q12 -> q6 [label = "a"];
	q12 -> q5 [label = "a"];
	q14 -> q2 [label = "b"];
	q8 -> q14 [label = "b"];
	q8 -> q8 [label = "b"];
	q8 -> q7 [label = "b"];
	q8 -> q2 [label = "b"];
	q4 -> q2 [label = "b, c"];
	q4 -> q14 [label = "b"];
	q4 -> q0 [label = "b"];
	q2 -> q9 [label = "b, c"];
	q5 -> q9 [label = "a, b"];
	q5 -> q8 [label = "b"];
	q5 -> q7 [label = "a, b"];
	q5 -> q5 [label = "b"];
	q9 -> q9 [label = "b, c"];
	q0 -> q0 [label = "b"];
	q9 -> q4 [label = "c"];
	q10 -> q9 [label = "a, b, c"];
	q10 -> q8 [label = "a, b, c"];
	q10 -> q6 [label = "a, c"];
	q7 -> q4 [label = "c"];
	q10 -> q3 [label = "c"];
	q3 -> q9 [label = "b"];
	q10 -> q2 [label = "a, b, c"];
	q4 -> q12 [label = "b"];
	q10 -> q7 [label = "a, b, c"];
	q13 -> q11 [label = "a, b, c"];
	q13 -> q13 [label = "a, b, c"];
	q11 -> q0 [label = "b"];
	q10 -> q0 [label = "b, c"];
	q6 -> q8 [label = "b, c"];
	q13 -> q10 [label = "a, b, c"];
	q0 -> q8 [label = "a, b"];
	q13 -> q6 [label = "a, b, c"];
	q7 -> q9 [label = "b, c"];
	q7 -> q8 [label = "a"];
	q13 -> q5 [label = "a, b, c"];
	q2 -> q0 [label = "a, c"];
	q12 -> q2 [label = "b"];
	q13 -> q0 [label = "a, b, c"];
	q11 -> q4 [label = "b"];
	q9 -> q0 [label = "c"];
	q4 -> q9 [label = "b, c"];
	q12 -> q0 [label = "b"];
	q3 -> q2 [label = "b"];
	q0 -> q10 [label = "b"];
	q9 -> q7 [label = "b, c"];
	q3 -> q5 [label = "c"];
	q13 -> q3 [label = "a, b, c"];
	q9 -> q8 [label = "a"];
	q13 -> q2 [label = "a, b, c"];
	q10 -> q4 [label = "b, c"];
	q13 -> q4 [label = "a, b, c"];
	q7 -> q14 [label = "b"];
	q7 -> q0 [label = "c"];
	q5 -> q14 [label = "a, b, c"];
	q13 -> q7 [label = "a, b, c"];
	q1 -> q0 [label = "a"];
	q14 -> q8 [label = "a"];
	q13 -> q1 [label = "a, b, c"];
	q10 -> q11 [label = "b, c"];
	q13 -> q12 [label = "a, b, c"];
	q12 -> q14 [label = "b"];
	q13 -> q14 [label = "a, b, c"];
	q13 -> q8 [label = "a, b, c"];
	q14 -> q12 [label = "a"];
	q11 -> q2 [label = "b"];
	q5 -> q2 [label = "a, b"];
	q1 -> q11 [label = "a"];
	q14 -> q0 [label = "a, c"];
	q12 -> q9 [label = "a, b"];
	q12 -> q7 [label = "b"];
	q10 -> q1 [label = "c"];
	q3 -> q7 [label = "b"];
	q5 -> q6 [label = "b"];
	q12 -> q11 [label = "b, c"];
	q2 -> q14 [label = "b"];
	q14 -> q7 [label = "c"];
	q11 -> q3 [label = "c"];
	q12 -> q10 [label = "b"];
	q12 -> q12 [label = "b"];
	q1 -> q14 [label = "b, c"];
	q4 -> q7 [label = "b, c"];
	q4 -> q8 [label = "a, b, c"];
	q4 -> q10 [label = "b"];
	q6 -> q7 [label = "a, b, c"];
	q11 -> q1 [label = "c"];
	q6 -> q9 [label = "a, b, c"];
	q0 -> q11 [label = "b, c"];
	q1 -> q2 [label = "b, c"];
	q6 -> q14 [label = "b"];
	q1 -> q4 [label = "a"];
	q1 -> q5 [label = "b, c"];
	q1 -> q6 [label = "b, c"];
	q1 -> q7 [label = "a, b, c"];
	q1 -> q9 [label = "a, b, c"];
	q11 -> q10 [label = "b"];
	q7 -> q2 [label = "b"];
	q4 -> q3 [label = "c"];
	q7 -> q7 [label = "b, c"];
	q4 -> q11 [label = "b"];
	q2 -> q2 [label = "b"];
	q3 -> q4 [label = "a"];
	q1 -> q1 [label = "b"];
	q3 -> q6 [label = "b"];
	q6 -> q11 [label = "c"];
	q2 -> q4 [label = "c"];
	q12 -> q8 [label = "a, b"];
	q3 -> q3 [label = "b"];
	q11 -> q9 [label = "a, b"];
	q2 -> q7 [label = "b, c"];
	q3 -> q8 [label = "b"];
	q6 -> q6 [label = "b"];
	q4 -> q6 [label = "a, c"];
	q0 -> q3 [label = "c"];
	q0 -> q4 [label = "b"];
	q0 -> q14 [label = "b"];
	q6 -> q4 [label = "c"];
	q6 -> q2 [label = "b"];
	q0 -> q2 [label = "b"];
	q1 -> q3 [label = "b"];
	q0 -> q7 [label = "b"];
	q0 -> q9 [label = "b"];
	q13 -> q9 [label = "a, b, c"];
	q6 -> q0 [label = "c"];
	q4 -> q4 [label = "b"];
	q12 -> q3 [label = "c"];
	q6 -> q10 [label = "c"];
	q10 -> q10 [label = "b"];
	q0 -> q12 [label = "b"];
	q12 -> q4 [label = "b"];
	q10 -> q12 [label = "b"];
	q1 -> q8 [label = "a, b, c"];
	q8 -> q9 [label = "a, b"];
	q10 -> q14 [label = "a, b"];
	q14 -> q9 [label = "c"];
	q3 -> q14 [label = "b"];
	q0 -> q6 [label = "a"];
	q14 -> q4 [label = "c"];
}
NFA size: 15 states

