Random target AFA:
digraph finite_state_machine {
	rankdir=LR;
	node [shape = circle];
	s0 [shape = point, style = invis, start="true" ];
	s1 [shape = point, style = invis, start="true" ];
	q0 [label = "q0"];
	q1 [label = "q1", shape = doublecircle, final="true" ];
	q2 [label = "q2", shape = doublecircle, final="true" ];
	q3 [label = "q3"];
	q4 [label = "q4"];
	q5 [label = "q5"];
	m0 [label = "", shape = square, style = filled, color=grey, fixedsize=true, width=.2];
	m1 [label = "", shape = square, style = filled, color=grey, fixedsize=true, width=.2];
	m2 [label = "", shape = square, style = filled, color=grey, fixedsize=true, width=.2];
	m3 [label = "", shape = square, style = filled, color=grey, fixedsize=true, width=.2];
	m4 [label = "", shape = square, style = filled, color=grey, fixedsize=true, width=.2];
	m5 [label = "", shape = square, style = filled, color=grey, fixedsize=true, width=.2];
	m6 [label = "", shape = square, style = filled, color=grey, fixedsize=true, width=.2];
	m7 [label = "", shape = square, style = filled, color=grey, fixedsize=true, width=.2];
	m8 [label = "", shape = square, style = filled, color=grey, fixedsize=true, width=.2];
	s0 -> q0
	s1 -> q1
	q2 -> m8 [label = "c"];
	q4 -> q4 [label = "b"];
	q3 -> q0 [label = "c"];
	q1 -> m7 [label = "c"];
	q1 -> m6 [label = "c"];
	q5 -> q5 [label = "a"];
	q3 -> q2 [label = "a"];
	q1 -> q5 [label = "b"];
	q5 -> m6 [label = "b"];
	q1 -> m5 [label = "b"];
	q3 -> q3 [label = "b, c"];
	q3 -> q4 [label = "a, b"];
	q1 -> m4 [label = "a"];
	q1 -> q4 [label = "a"];
	q5 -> q1 [label = "c"];
	q0 -> q4 [label = "a"];
	q5 -> q2 [label = "b"];
	q2 -> q5 [label = "a, c"];
	q4 -> m3 [label = "a"];
	q4 -> q1 [label = "c"];
	q2 -> m1 [label = "b"];
	q4 -> m0 [label = "c"];
	q0 -> m2 [label = "c"];
	q2 -> q4 [label = "b"];
	q0 -> q0 [label = "a"];
	q0 -> q1 [label = "b, c"];
	q5 -> q0 [label = "c"];
	q2 -> q3 [label = "a"];
	q4 -> q3 [label = "a"];
	m0 -> q0;
	m0 -> q3;
	m1 -> q2;
	m1 -> q4;
	m2 -> q3;
	m2 -> q4;
	m3 -> q3;
	m3 -> q5;
	m4 -> q0;
	m4 -> q4;
	m5 -> q4;
	m5 -> q5;
	m6 -> q0;
	m6 -> q5;
	m7 -> q1;
	m7 -> q5;
	m8 -> q2;
	m8 -> q3;
}

L* output after 8 EQ and 9590 MQ:
digraph finite_state_machine {
	rankdir=LR;
	node [shape = circle];
	s0 [shape = point, style = invis, start="true" ];
	q0 [label = "q0", shape = doublecircle, final="true" ];
	q1 [label = "q1", shape = doublecircle, final="true" ];
	q2 [label = "q2", shape = doublecircle, final="true" ];
	q3 [label = "q3", shape = doublecircle, final="true" ];
	q4 [label = "q4"];
	q5 [label = "q5", shape = doublecircle, final="true" ];
	q6 [label = "q6"];
	q7 [label = "q7", shape = doublecircle, final="true" ];
	q8 [label = "q8"];
	q9 [label = "q9", shape = doublecircle, final="true" ];
	q10 [label = "q10"];
	q11 [label = "q11", shape = doublecircle, final="true" ];
	q12 [label = "q12"];
	q13 [label = "q13", shape = doublecircle, final="true" ];
	q14 [label = "q14", shape = doublecircle, final="true" ];
	q15 [label = "q15"];
	q16 [label = "q16"];
	q17 [label = "q17", shape = doublecircle, final="true" ];
	q18 [label = "q18", shape = doublecircle, final="true" ];
	q19 [label = "q19", shape = doublecircle, final="true" ];
	q20 [label = "q20", shape = doublecircle, final="true" ];
	q21 [label = "q21", shape = doublecircle, final="true" ];
	q22 [label = "q22", shape = doublecircle, final="true" ];
	q23 [label = "q23", shape = doublecircle, final="true" ];
	q24 [label = "q24"];
	q25 [label = "q25"];
	q26 [label = "q26"];
	q27 [label = "q27"];
	q28 [label = "q28"];
	q29 [label = "q29", shape = doublecircle, final="true" ];
	q30 [label = "q30", shape = doublecircle, final="true" ];
	q31 [label = "q31", shape = doublecircle, final="true" ];
	q32 [label = "q32"];
	q33 [label = "q33"];
	q34 [label = "q34", shape = doublecircle, final="true" ];
	q35 [label = "q35", shape = doublecircle, final="true" ];
	q36 [label = "q36", shape = doublecircle, final="true" ];
	q37 [label = "q37"];
	q38 [label = "q38"];
	q39 [label = "q39", shape = doublecircle, final="true" ];
	q40 [label = "q40", shape = doublecircle, final="true" ];
	q41 [label = "q41", shape = doublecircle, final="true" ];
	q42 [label = "q42", shape = doublecircle, final="true" ];
	q43 [label = "q43"];
	q44 [label = "q44"];
	q45 [label = "q45"];
	q46 [label = "q46", shape = doublecircle, final="true" ];
	q47 [label = "q47"];
	q48 [label = "q48"];
	q49 [label = "q49", shape = doublecircle, final="true" ];
	q50 [label = "q50", shape = doublecircle, final="true" ];
	q51 [label = "q51", shape = doublecircle, final="true" ];
	q52 [label = "q52"];
	q53 [label = "q53", shape = doublecircle, final="true" ];
	q54 [label = "q54", shape = doublecircle, final="true" ];
	q55 [label = "q55", shape = doublecircle, final="true" ];
	q56 [label = "q56", shape = doublecircle, final="true" ];
	q57 [label = "q57", shape = doublecircle, final="true" ];
	q58 [label = "q58", shape = doublecircle, final="true" ];
	q59 [label = "q59", shape = doublecircle, final="true" ];
	q60 [label = "q60"];
	q61 [label = "q61", shape = doublecircle, final="true" ];
	q62 [label = "q62", shape = doublecircle, final="true" ];
	q63 [label = "q63", shape = doublecircle, final="true" ];
	q64 [label = "q64", shape = doublecircle, final="true" ];
	q65 [label = "q65"];
	q66 [label = "q66", shape = doublecircle, final="true" ];
	q67 [label = "q67"];
	q68 [label = "q68"];
	q69 [label = "q69"];
	q70 [label = "q70", shape = doublecircle, final="true" ];
	q71 [label = "q71"];
	q72 [label = "q72", shape = doublecircle, final="true" ];
	q73 [label = "q73", shape = doublecircle, final="true" ];
	s0 -> q31
	q45 -> q44 [label = "a"];
	q43 -> q17 [label = "a"];
	q41 -> q28 [label = "a"];
	q43 -> q43 [label = "b"];
	q40 -> q31 [label = "c"];
	q46 -> q59 [label = "b"];
	q35 -> q55 [label = "c"];
	q38 -> q19 [label = "a"];
	q42 -> q17 [label = "a"];
	q37 -> q38 [label = "a"];
	q35 -> q42 [label = "b"];
	q33 -> q35 [label = "a"];
	q38 -> q18 [label = "b"];
	q34 -> q43 [label = "a"];
	q32 -> q34 [label = "b"];
	q36 -> q36 [label = "c"];
	q34 -> q37 [label = "b"];
	q31 -> q32 [label = "a"];
	q29 -> q67 [label = "b"];
	q37 -> q31 [label = "c"];
	q30 -> q15 [label = "a"];
	q28 -> q24 [label = "b"];
	q26 -> q13 [label = "c"];
	q31 -> q40 [label = "b"];
	q29 -> q25 [label = "a"];
	q27 -> q16 [label = "a"];
	q25 -> q43 [label = "b"];
	q29 -> q22 [label = "c"];
	q25 -> q56 [label = "a"];
	q30 -> q34 [label = "b"];
	q24 -> q23 [label = "c"];
	q24 -> q24 [label = "b"];
	q26 -> q46 [label = "b"];
	q28 -> q73 [label = "c"];
	q24 -> q68 [label = "a"];
	q23 -> q69 [label = "a"];
	q19 -> q51 [label = "c"];
	q9 -> q67 [label = "b"];
	q15 -> q36 [label = "c"];
	q9 -> q4 [label = "a"];
	q45 -> q73 [label = "c"];
	q11 -> q62 [label = "b"];
	q14 -> q9 [label = "b"];
	q8 -> q39 [label = "b"];
	q14 -> q51 [label = "c"];
	q10 -> q67 [label = "b"];
	q4 -> q36 [label = "c"];
	q2 -> q14 [label = "b"];
	q34 -> q22 [label = "c"];
	q6 -> q73 [label = "c"];
	q0 -> q29 [label = "b"];
	q2 -> q16 [label = "a"];
	q8 -> q61 [label = "c"];
	q6 -> q29 [label = "b"];
	q4 -> q19 [label = "a"];
	q65 -> q73 [label = "c"];
	q30 -> q72 [label = "c"];
	q53 -> q19 [label = "b"];
	q55 -> q63 [label = "a"];
	q57 -> q50 [label = "a"];
	q0 -> q73 [label = "c"];
	q59 -> q9 [label = "b"];
	q45 -> q29 [label = "b"];
	q47 -> q14 [label = "b"];
	q63 -> q11 [label = "b"];
	q63 -> q51 [label = "c"];
	q25 -> q36 [label = "c"];
	q48 -> q29 [label = "b"];
	q61 -> q65 [label = "a"];
	q13 -> q13 [label = "c"];
	q62 -> q31 [label = "c"];
	q58 -> q17 [label = "a"];
	q62 -> q38 [label = "a"];
	q61 -> q66 [label = "b"];
	q63 -> q15 [label = "a"];
	q26 -> q45 [label = "a"];
	q59 -> q61 [label = "c"];
	q47 -> q37 [label = "a"];
	q72 -> q8 [label = "a"];
	q51 -> q52 [label = "a"];
	q62 -> q39 [label = "b"];
	q69 -> q41 [label = "c"];
	q18 -> q50 [label = "a"];
	q70 -> q38 [label = "a"];
	q71 -> q30 [label = "a"];
	q67 -> q67 [label = "b"];
	q48 -> q60 [label = "a"];
	q72 -> q61 [label = "c"];
	q60 -> q14 [label = "a"];
	q44 -> q58 [label = "b"];
	q67 -> q25 [label = "a"];
	q64 -> q18 [label = "b"];
	q14 -> q38 [label = "a"];
	q46 -> q31 [label = "c"];
	q60 -> q36 [label = "c"];
	q52 -> q11 [label = "b"];
	q73 -> q5 [label = "b"];
	q39 -> q29 [label = "b"];
	q72 -> q7 [label = "b"];
	q7 -> q51 [label = "c"];
	q69 -> q60 [label = "a"];
	q49 -> q37 [label = "a"];
	q23 -> q12 [label = "c"];
	q7 -> q16 [label = "a"];
	q44 -> q36 [label = "c"];
	q59 -> q38 [label = "a"];
	q73 -> q6 [label = "a"];
	q73 -> q61 [label = "c"];
	q22 -> q48 [label = "a"];
	q41 -> q26 [label = "c"];
	q66 -> q16 [label = "a"];
	q54 -> q45 [label = "a"];
	q3 -> q55 [label = "c"];
	q33 -> q36 [label = "c"];
	q4 -> q43 [label = "b"];
	q58 -> q43 [label = "b"];
	q71 -> q36 [label = "c"];
	q44 -> q19 [label = "a"];
	q15 -> q57 [label = "b"];
	q5 -> q16 [label = "a"];
	q55 -> q3 [label = "b"];
	q36 -> q20 [label = "b"];
	q51 -> q61 [label = "c"];
	q64 -> q50 [label = "a"];
	q7 -> q14 [label = "b"];
	q37 -> q39 [label = "b"];
	q70 -> q24 [label = "b"];
	q32 -> q33 [label = "a"];
	q10 -> q4 [label = "a"];
	q13 -> q2 [label = "b"];
	q57 -> q64 [label = "b"];
	q64 -> q36 [label = "c"];
	q42 -> q16 [label = "b"];
	q27 -> q14 [label = "b"];
	q8 -> q38 [label = "a"];
	q56 -> q10 [label = "b"];
	q68 -> q71 [label = "c"];
	q0 -> q38 [label = "a"];
	q58 -> q36 [label = "c"];
	q40 -> q37 [label = "a"];
	q21 -> q21 [label = "a"];
	q17 -> q50 [label = "a"];
	q42 -> q36 [label = "c"];
	q66 -> q19 [label = "b"];
	q31 -> q54 [label = "c"];
	q67 -> q22 [label = "c"];
	q19 -> q38 [label = "a"];
	q11 -> q16 [label = "a"];
	q70 -> q72 [label = "c"];
	q22 -> q54 [label = "c"];
	q9 -> q73 [label = "c"];
	q5 -> q61 [label = "c"];
	q53 -> q16 [label = "a"];
	q47 -> q31 [label = "c"];
	q12 -> q22 [label = "c"];
	q49 -> q31 [label = "c"];
	q55 -> q36 [label = "c"];
	q65 -> q15 [label = "a"];
	q49 -> q14 [label = "b"];
	q69 -> q24 [label = "b"];
	q68 -> q43 [label = "b"];
	q53 -> q51 [label = "c"];
	q65 -> q34 [label = "b"];
	q22 -> q49 [label = "b"];
	q66 -> q61 [label = "c"];
	q10 -> q73 [label = "c"];
	q40 -> q19 [label = "b"];
	q51 -> q53 [label = "b"];
	q27 -> q31 [label = "c"];
	q54 -> q62 [label = "b"];
	q1 -> q31 [label = "c"];
	q1 -> q38 [label = "a"];
	q39 -> q72 [label = "c"];
	q52 -> q15 [label = "a"];
	q52 -> q61 [label = "c"];
	q35 -> q21 [label = "a"];
	q68 -> q70 [label = "a"];
	q48 -> q41 [label = "c"];
	q54 -> q22 [label = "c"];
	q50 -> q50 [label = "a"];
	q28 -> q44 [label = "a"];
	q17 -> q43 [label = "b"];
	q57 -> q55 [label = "c"];
	q50 -> q18 [label = "b"];
	q33 -> q42 [label = "b"];
	q18 -> q58 [label = "b"];
	q12 -> q45 [label = "a"];
	q43 -> q36 [label = "c"];
	q46 -> q16 [label = "a"];
	q18 -> q55 [label = "c"];
	q20 -> q50 [label = "a, b"];
	q17 -> q55 [label = "c"];
	q16 -> q36 [label = "c"];
	q61 -> q61 [label = "c"];
	q23 -> q47 [label = "b"];
	q19 -> q39 [label = "b"];
	q16 -> q18 [label = "b"];
	q3 -> q50 [label = "a, b"];
	q16 -> q50 [label = "a"];
	q20 -> q36 [label = "c"];
	q41 -> q27 [label = "b"];
	q38 -> q36 [label = "c"];
	q71 -> q42 [label = "b"];
	q56 -> q38 [label = "a"];
	q15 -> q21 [label = "a"];
	q11 -> q72 [label = "c"];
	q21 -> q55 [label = "c"];
	q12 -> q1 [label = "b"];
	q60 -> q58 [label = "b"];
	q13 -> q45 [label = "a"];
	q21 -> q57 [label = "b"];
	q5 -> q14 [label = "b"];
	q39 -> q38 [label = "a"];
	q50 -> q55 [label = "c"];
	q2 -> q31 [label = "c"];
	q36 -> q30 [label = "a"];
	q56 -> q51 [label = "c"];
	q6 -> q38 [label = "a"];
	q32 -> q41 [label = "c"];
	q1 -> q0 [label = "b"];
}
DFA size: 74 states

NL* output after 13 EQ and 5740 MQ:
digraph finite_state_machine {
	rankdir=LR;
	node [shape = circle];
	s0 [shape = point, style = invis, start="true" ];
	s1 [shape = point, style = invis, start="true" ];
	s2 [shape = point, style = invis, start="true" ];
	q0 [label = "q0", shape = doublecircle, final="true" ];
	q1 [label = "q1", shape = doublecircle, final="true" ];
	q2 [label = "q2", shape = doublecircle, final="true" ];
	q3 [label = "q3"];
	q4 [label = "q4", shape = doublecircle, final="true" ];
	q5 [label = "q5"];
	q6 [label = "q6", shape = doublecircle, final="true" ];
	q7 [label = "q7", shape = doublecircle, final="true" ];
	q8 [label = "q8"];
	q9 [label = "q9"];
	q10 [label = "q10", shape = doublecircle, final="true" ];
	q11 [label = "q11"];
	q12 [label = "q12"];
	q13 [label = "q13"];
	q14 [label = "q14"];
	q15 [label = "q15", shape = doublecircle, final="true" ];
	q16 [label = "q16", shape = doublecircle, final="true" ];
	q17 [label = "q17"];
	q18 [label = "q18", shape = doublecircle, final="true" ];
	q19 [label = "q19", shape = doublecircle, final="true" ];
	q20 [label = "q20"];
	q21 [label = "q21", shape = doublecircle, final="true" ];
	q22 [label = "q22", shape = doublecircle, final="true" ];
	q23 [label = "q23"];
	q24 [label = "q24", shape = doublecircle, final="true" ];
	q25 [label = "q25"];
	q26 [label = "q26"];
	q27 [label = "q27"];
	q28 [label = "q28", shape = doublecircle, final="true" ];
	q29 [label = "q29"];
	q30 [label = "q30"];
	q31 [label = "q31"];
	s0 -> q18
	s1 -> q24
	s2 -> q28
	q18 -> q6 [label = "c"];
	q18 -> q5 [label = "c"];
	q20 -> q31 [label = "b"];
	q20 -> q9 [label = "b"];
	q22 -> q29 [label = "a"];
	q23 -> q31 [label = "b"];
	q19 -> q31 [label = "a"];
	q19 -> q20 [label = "a"];
	q17 -> q16 [label = "b"];
	q23 -> q20 [label = "b, c"];
	q23 -> q15 [label = "b, c"];
	q17 -> q15 [label = "c"];
	q23 -> q4 [label = "c"];
	q19 -> q11 [label = "b"];
	q17 -> q31 [label = "a"];
	q17 -> q30 [label = "a"];
	q17 -> q29 [label = "a"];
	q17 -> q25 [label = "a, b"];
	q17 -> q23 [label = "a"];
	q17 -> q17 [label = "a"];
	q17 -> q13 [label = "a"];
	q21 -> q24 [label = "c"];
	q20 -> q26 [label = "a"];
	q20 -> q11 [label = "a, b"];
	q18 -> q17 [label = "a"];
	q18 -> q11 [label = "a"];
	q22 -> q21 [label = "c"];
	q22 -> q15 [label = "c"];
	q22 -> q12 [label = "c"];
	q22 -> q7 [label = "c"];
	q17 -> q20 [label = "a"];
	q22 -> q6 [label = "c"];
	q22 -> q5 [label = "c"];
	q18 -> q27 [label = "b"];
	q18 -> q21 [label = "b"];
	q18 -> q7 [label = "b"];
	q16 -> q20 [label = "a"];
	q16 -> q11 [label = "a, b"];
	q16 -> q9 [label = "a"];
	q20 -> q20 [label = "b, c"];
	q15 -> q26 [label = "a"];
	q13 -> q11 [label = "b"];
	q21 -> q28 [label = "c"];
	q11 -> q24 [label = "c"];
	q14 -> q31 [label = "a"];
	q14 -> q29 [label = "a"];
	q14 -> q27 [label = "a"];
	q14 -> q20 [label = "a"];
	q12 -> q19 [label = "b"];
	q12 -> q2 [label = "b"];
	q10 -> q24 [label = "c"];
	q10 -> q21 [label = "c"];
	q10 -> q18 [label = "c"];
	q10 -> q7 [label = "c"];
	q10 -> q6 [label = "c"];
	q15 -> q14 [label = "b"];
	q17 -> q24 [label = "c"];
	q13 -> q8 [label = "a"];
	q9 -> q28 [label = "c"];
	q9 -> q24 [label = "c"];
	q9 -> q15 [label = "c"];
	q9 -> q12 [label = "c"];
	q3 -> q15 [label = "c"];
	q3 -> q12 [label = "c"];
	q3 -> q6 [label = "c"];
	q9 -> q4 [label = "c"];
	q3 -> q5 [label = "c"];
	q3 -> q4 [label = "c"];
	q3 -> q28 [label = "c"];
	q2 -> q24 [label = "c"];
	q2 -> q18 [label = "c"];
	q17 -> q11 [label = "a, b"];
	q4 -> q27 [label = "b"];
	q4 -> q19 [label = "b"];
	q4 -> q14 [label = "b"];
	q22 -> q24 [label = "c"];
	q4 -> q2 [label = "b"];
	q4 -> q1 [label = "b"];
	q4 -> q0 [label = "b"];
	q6 -> q26 [label = "a"];
	q6 -> q13 [label = "a"];
	q16 -> q25 [label = "a, b"];
	q20 -> q23 [label = "c"];
	q1 -> q28 [label = "c"];
	q1 -> q18 [label = "c"];
	q5 -> q13 [label = "a"];
	q7 -> q26 [label = "b"];
	q3 -> q24 [label = "c"];
	q7 -> q25 [label = "a, b"];
	q16 -> q14 [label = "b"];
	q7 -> q22 [label = "b"];
	q7 -> q13 [label = "b"];
	q7 -> q11 [label = "a, b"];
	q7 -> q10 [label = "b"];
	q3 -> q31 [label = "a"];
	q3 -> q29 [label = "a"];
	q3 -> q8 [label = "a"];
	q1 -> q30 [label = "b"];
	q1 -> q26 [label = "b"];
	q13 -> q24 [label = "c"];
	q27 -> q28 [label = "c"];
	q13 -> q6 [label = "c"];
	q23 -> q5 [label = "c"];
	q24 -> q5 [label = "c"];
	q16 -> q24 [label = "c"];
	q13 -> q5 [label = "c"];
	q23 -> q18 [label = "c"];
	q31 -> q28 [label = "c"];
	q12 -> q1 [label = "b"];
	q9 -> q8 [label = "a"];
	q11 -> q11 [label = "b"];
	q31 -> q4 [label = "c"];
	q5 -> q1 [label = "b"];
	q14 -> q24 [label = "c"];
	q15 -> q12 [label = "c"];
	q13 -> q31 [label = "a"];
	q7 -> q19 [label = "b"];
	q19 -> q24 [label = "c"];
	q23 -> q28 [label = "c"];
	q5 -> q30 [label = "a"];
	q21 -> q30 [label = "b"];
	q8 -> q13 [label = "a"];
	q21 -> q26 [label = "b"];
	q22 -> q8 [label = "a"];
	q21 -> q13 [label = "b"];
	q10 -> q15 [label = "c"];
	q23 -> q17 [label = "a"];
	q21 -> q1 [label = "b"];
	q28 -> q26 [label = "a"];
	q17 -> q26 [label = "a"];
	q19 -> q28 [label = "c"];
	q21 -> q0 [label = "b"];
	q10 -> q12 [label = "c"];
	q29 -> q0 [label = "a"];
	q23 -> q30 [label = "a"];
	q23 -> q26 [label = "a"];
	q8 -> q26 [label = "a"];
	q23 -> q22 [label = "a"];
	q8 -> q12 [label = "c"];
	q12 -> q11 [label = "a, b"];
	q23 -> q19 [label = "a, b"];
	q21 -> q18 [label = "c"];
	q31 -> q5 [label = "c"];
	q29 -> q13 [label = "a"];
	q31 -> q26 [label = "a"];
	q17 -> q9 [label = "a"];
	q14 -> q9 [label = "b"];
	q6 -> q24 [label = "c"];
	q0 -> q6 [label = "c"];
	q0 -> q25 [label = "b"];
	q23 -> q11 [label = "a, b"];
	q9 -> q20 [label = "a"];
	q23 -> q9 [label = "a, b"];
	q12 -> q6 [label = "c"];
	q24 -> q26 [label = "a"];
	q26 -> q11 [label = "b"];
	q28 -> q6 [label = "c"];
	q14 -> q25 [label = "b"];
	q26 -> q29 [label = "a"];
	q26 -> q20 [label = "a"];
	q20 -> q25 [label = "b"];
	q30 -> q24 [label = "c"];
	q28 -> q30 [label = "a"];
	q21 -> q11 [label = "a, b"];
	q12 -> q13 [label = "a"];
	q3 -> q19 [label = "b"];
	q30 -> q11 [label = "b"];
	q27 -> q26 [label = "b"];
	q6 -> q30 [label = "a"];
	q27 -> q3 [label = "b"];
	q12 -> q5 [label = "c"];
	q21 -> q22 [label = "b"];
	q9 -> q6 [label = "c"];
	q27 -> q24 [label = "c"];
	q8 -> q10 [label = "a"];
	q27 -> q22 [label = "b"];
	q29 -> q9 [label = "a, b"];
	q31 -> q25 [label = "a, b"];
	q29 -> q25 [label = "a, b"];
	q2 -> q20 [label = "a"];
	q29 -> q10 [label = "a"];
	q28 -> q7 [label = "b"];
	q7 -> q0 [label = "b"];
	q29 -> q24 [label = "c"];
	q10 -> q11 [label = "b"];
	q29 -> q3 [label = "a"];
	q11 -> q20 [label = "a"];
	q23 -> q3 [label = "a"];
	q29 -> q5 [label = "c"];
	q8 -> q6 [label = "c"];
	q19 -> q25 [label = "b"];
	q30 -> q31 [label = "a"];
	q13 -> q28 [label = "c"];
	q7 -> q28 [label = "c"];
	q6 -> q9 [label = "a"];
	q30 -> q20 [label = "a"];
	q29 -> q31 [label = "b"];
	q3 -> q20 [label = "a"];
	q26 -> q31 [label = "a"];
	q13 -> q29 [label = "a"];
	q21 -> q19 [label = "b"];
	q22 -> q20 [label = "a"];
	q21 -> q3 [label = "b"];
	q1 -> q11 [label = "b"];
	q31 -> q18 [label = "c"];
	q7 -> q3 [label = "b"];
	q31 -> q24 [label = "c"];
	q22 -> q27 [label = "a, c"];
	q29 -> q15 [label = "c"];
	q29 -> q30 [label = "a"];
	q31 -> q9 [label = "a, b"];
	q15 -> q13 [label = "a"];
	q25 -> q31 [label = "a"];
	q25 -> q20 [label = "a"];
	q26 -> q24 [label = "c"];
	q12 -> q15 [label = "c"];
	q27 -> q30 [label = "b"];
	q3 -> q11 [label = "b"];
	q22 -> q28 [label = "c"];
	q15 -> q27 [label = "b"];
	q31 -> q22 [label = "a"];
	q0 -> q8 [label = "a"];
	q5 -> q26 [label = "a"];
	q13 -> q12 [label = "c"];
	q31 -> q31 [label = "b"];
	q30 -> q25 [label = "b"];
	q28 -> q27 [label = "b"];
	q18 -> q30 [label = "a"];
	q24 -> q11 [label = "a"];
	q12 -> q28 [label = "c"];
	q30 -> q29 [label = "a"];
	q15 -> q11 [label = "a, b"];
	q23 -> q13 [label = "a"];
	q2 -> q26 [label = "a, b"];
	q13 -> q4 [label = "c"];
	q31 -> q10 [label = "a"];
	q31 -> q6 [label = "c"];
	q27 -> q10 [label = "b"];
	q23 -> q24 [label = "b, c"];
	q29 -> q19 [label = "a, b"];
	q23 -> q12 [label = "c"];
	q23 -> q6 [label = "c"];
	q21 -> q10 [label = "b"];
	q24 -> q27 [label = "b"];
	q26 -> q15 [label = "c"];
	q4 -> q6 [label = "c"];
	q27 -> q19 [label = "b"];
	q2 -> q27 [label = "a"];
	q29 -> q23 [label = "c"];
	q9 -> q31 [label = "a"];
	q1 -> q31 [label = "a"];
	q28 -> q11 [label = "a"];
	q29 -> q22 [label = "a"];
	q14 -> q30 [label = "b"];
	q28 -> q5 [label = "c"];
	q31 -> q11 [label = "a, b"];
	q21 -> q9 [label = "b"];
	q8 -> q28 [label = "c"];
	q4 -> q13 [label = "a, b"];
	q10 -> q29 [label = "a"];
	q27 -> q9 [label = "b"];
	q29 -> q20 [label = "b, c"];
	q0 -> q31 [label = "a"];
	q27 -> q11 [label = "a, b"];
	q4 -> q28 [label = "c"];
	q31 -> q15 [label = "c"];
	q29 -> q4 [label = "c"];
	q31 -> q23 [label = "c"];
	q16 -> q31 [label = "a"];
	q29 -> q28 [label = "c"];
	q27 -> q13 [label = "b"];
	q29 -> q11 [label = "a, b"];
	q31 -> q13 [label = "a"];
	q27 -> q14 [label = "a"];
	q29 -> q18 [label = "c"];
	q30 -> q19 [label = "b"];
	q31 -> q20 [label = "b, c"];
	q2 -> q30 [label = "a, b"];
	q6 -> q14 [label = "b"];
	q7 -> q30 [label = "b"];
	q27 -> q25 [label = "a, b"];
	q22 -> q4 [label = "c"];
	q0 -> q29 [label = "a"];
	q31 -> q12 [label = "c"];
	q30 -> q15 [label = "c"];
	q10 -> q28 [label = "c"];
	q8 -> q20 [label = "b, c"];
	q6 -> q28 [label = "c"];
	q16 -> q28 [label = "c"];
	q29 -> q6 [label = "c"];
	q25 -> q11 [label = "b"];
	q9 -> q25 [label = "b"];
	q8 -> q19 [label = "a"];
	q31 -> q19 [label = "a"];
	q0 -> q11 [label = "b"];
	q21 -> q14 [label = "a, b"];
	q4 -> q25 [label = "a, b"];
	q25 -> q28 [label = "c"];
	q3 -> q25 [label = "b"];
	q29 -> q26 [label = "a"];
	q15 -> q5 [label = "c"];
	q5 -> q9 [label = "a"];
	q21 -> q25 [label = "a, b"];
	q8 -> q30 [label = "a"];
	q8 -> q5 [label = "c"];
	q8 -> q15 [label = "c"];
	q8 -> q18 [label = "c"];
	q8 -> q11 [label = "a, b"];
	q8 -> q24 [label = "c"];
	q10 -> q8 [label = "a"];
	q8 -> q0 [label = "a"];
	q12 -> q25 [label = "a, b"];
	q12 -> q26 [label = "a"];
	q23 -> q16 [label = "b"];
	q8 -> q23 [label = "c"];
	q12 -> q30 [label = "a"];
	q0 -> q9 [label = "b"];
	q9 -> q11 [label = "b"];
	q2 -> q9 [label = "a, b"];
	q1 -> q20 [label = "a"];
	q7 -> q14 [label = "a"];
	q14 -> q19 [label = "b"];
	q14 -> q26 [label = "b"];
	q8 -> q9 [label = "a, b"];
	q17 -> q19 [label = "b"];
	q10 -> q4 [label = "c"];
	q2 -> q3 [label = "a, b"];
	q12 -> q9 [label = "a"];
	q2 -> q25 [label = "a, b"];
	q1 -> q8 [label = "a"];
	q8 -> q25 [label = "a, b"];
	q8 -> q31 [label = "b"];
	q10 -> q9 [label = "b"];
	q10 -> q20 [label = "a"];
	q2 -> q31 [label = "a"];
	q14 -> q22 [label = "b"];
	q8 -> q4 [label = "c"];
	q10 -> q27 [label = "a, c"];
	q20 -> q22 [label = "a"];
	q14 -> q3 [label = "b"];
	q14 -> q13 [label = "b"];
	q0 -> q18 [label = "c"];
	q22 -> q31 [label = "a"];
	q13 -> q15 [label = "c"];
	q25 -> q24 [label = "c"];
	q14 -> q18 [label = "c"];
	q14 -> q28 [label = "c"];
	q8 -> q1 [label = "a"];
	q14 -> q11 [label = "b"];
	q2 -> q13 [label = "a, b"];
	q20 -> q13 [label = "a"];
	q14 -> q8 [label = "a"];
	q2 -> q8 [label = "a"];
	q18 -> q26 [label = "a"];
	q7 -> q9 [label = "b"];
	q5 -> q28 [label = "c"];
	q4 -> q24 [label = "c"];
	q8 -> q3 [label = "a"];
	q15 -> q25 [label = "b"];
	q8 -> q14 [label = "a"];
	q0 -> q19 [label = "b"];
	q8 -> q22 [label = "a"];
	q10 -> q25 [label = "b"];
	q3 -> q27 [label = "a"];
	q12 -> q12 [label = "c"];
	q12 -> q24 [label = "c"];
	q4 -> q5 [label = "c"];
	q4 -> q12 [label = "c"];
	q4 -> q15 [label = "c"];
	q22 -> q11 [label = "b"];
	q4 -> q4 [label = "c"];
	q4 -> q18 [label = "c"];
	q5 -> q25 [label = "a, b"];
	q0 -> q5 [label = "c"];
	q4 -> q9 [label = "a, b"];
	q4 -> q7 [label = "b"];
	q0 -> q27 [label = "a"];
	q2 -> q28 [label = "c"];
	q2 -> q19 [label = "b"];
	q2 -> q14 [label = "a"];
	q5 -> q19 [label = "b"];
	q2 -> q29 [label = "a"];
	q10 -> q5 [label = "c"];
	q1 -> q24 [label = "c"];
	q6 -> q1 [label = "b"];
	q6 -> q11 [label = "a, b"];
	q5 -> q11 [label = "a, b"];
	q6 -> q19 [label = "b"];
	q10 -> q31 [label = "a"];
	q6 -> q25 [label = "a, b"];
	q0 -> q4 [label = "c"];
	q23 -> q25 [label = "a, b"];
	q0 -> q12 [label = "c"];
	q0 -> q15 [label = "c"];
	q0 -> q24 [label = "c"];
	q13 -> q20 [label = "a"];
	q2 -> q11 [label = "a, b"];
	q0 -> q28 [label = "c"];
	q27 -> q0 [label = "b"];
	q27 -> q18 [label = "c"];
	q29 -> q12 [label = "c"];
	q4 -> q3 [label = "a, b"];
	q4 -> q11 [label = "a, b"];
	q4 -> q26 [label = "a, b"];
	q4 -> q30 [label = "a, b"];
	q5 -> q24 [label = "c"];
	q2 -> q0 [label = "b"];
	q1 -> q27 [label = "a"];
	q7 -> q24 [label = "c"];
	q1 -> q29 [label = "a"];
	q23 -> q23 [label = "c"];
	q9 -> q5 [label = "c"];
	q7 -> q18 [label = "c"];
	q1 -> q9 [label = "b"];
	q0 -> q20 [label = "a"];
	q1 -> q3 [label = "b"];
	q1 -> q13 [label = "b"];
	q1 -> q19 [label = "b"];
	q25 -> q25 [label = "b"];
	q1 -> q25 [label = "b"];
}
NFA size: 32 states

AL* output after 19 EQ and 2715 MQ:
digraph finite_state_machine {
	rankdir=LR;
	node [shape = circle];
	s0 [shape = point, style = invis, start="true" ];
	s1 [shape = point, style = invis, start="true" ];
	q0 [label = "q0", shape = doublecircle, final="true" ];
	q1 [label = "q1"];
	q2 [label = "q2"];
	q3 [label = "q3", shape = doublecircle, final="true" ];
	q4 [label = "q4", shape = doublecircle, final="true" ];
	q5 [label = "q5"];
	q6 [label = "q6", shape = doublecircle, final="true" ];
	q7 [label = "q7"];
	q8 [label = "q8", shape = doublecircle, final="true" ];
	m0 [label = "", shape = square, style = filled, color=grey, fixedsize=true, width=.2];
	m1 [label = "", shape = square, style = filled, color=grey, fixedsize=true, width=.2];
	m2 [label = "", shape = square, style = filled, color=grey, fixedsize=true, width=.2];
	m3 [label = "", shape = square, style = filled, color=grey, fixedsize=true, width=.2];
	m4 [label = "", shape = square, style = filled, color=grey, fixedsize=true, width=.2];
	m5 [label = "", shape = square, style = filled, color=grey, fixedsize=true, width=.2];
	m6 [label = "", shape = square, style = filled, color=grey, fixedsize=true, width=.2];
	m7 [label = "", shape = square, style = filled, color=grey, fixedsize=true, width=.2];
	m8 [label = "", shape = square, style = filled, color=grey, fixedsize=true, width=.2];
	m9 [label = "", shape = square, style = filled, color=grey, fixedsize=true, width=.2];
	m10 [label = "", shape = square, style = filled, color=grey, fixedsize=true, width=.2];
	m11 [label = "", shape = square, style = filled, color=grey, fixedsize=true, width=.2];
	s0 -> m0
	s1 -> m1
	q3 -> m6 [label = "c"];
	q7 -> q4 [label = "a"];
	q4 -> m5 [label = "b"];
	q6 -> m5 [label = "a"];
	q1 -> m1 [label = "c"];
	q5 -> m5 [label = "a, b"];
	q5 -> m0 [label = "a"];
	q7 -> m5 [label = "b"];
	q2 -> m0 [label = "c"];
	q1 -> m5 [label = "b"];
	q7 -> m0 [label = "c"];
	q3 -> m4 [label = "b"];
	q3 -> m5 [label = "a, b"];
	q1 -> q7 [label = "a"];
	q5 -> m6 [label = "c"];
	q4 -> m1 [label = "c"];
	q4 -> m4 [label = "a, c"];
	q0 -> m8 [label = "a"];
	q2 -> q4 [label = "b"];
	q6 -> m4 [label = "a, b"];
	q8 -> m4 [label = "b"];
	q0 -> m7 [label = "a"];
	q2 -> m1 [label = "c"];
	q8 -> m1 [label = "b, c"];
	q8 -> m3 [label = "c"];
	q2 -> m2 [label = "b"];
	q6 -> m1 [label = "c"];
	q6 -> m0 [label = "c"];
	q1 -> m6 [label = "c"];
	q5 -> m3 [label = "c"];
	q0 -> m9 [label = "b, c"];
	q0 -> m4 [label = "b"];
	q0 -> m3 [label = "c"];
	q8 -> m0 [label = "a"];
	q2 -> q7 [label = "a"];
	q0 -> m5 [label = "a, b"];
	q8 -> m5 [label = "a"];
	q0 -> m11 [label = "c"];
	q4 -> m7 [label = "c"];
	q2 -> m4 [label = "a"];
	q5 -> q7 [label = "a"];
	q0 -> m6 [label = "c"];
	q3 -> m1 [label = "c"];
	q3 -> q7 [label = "a"];
	q7 -> q7 [label = "b, c"];
	q6 -> q4 [label = "b"];
	q4 -> q7 [label = "a"];
	q0 -> m2 [label = "c"];
	q3 -> m2 [label = "c"];
	q5 -> m1 [label = "b, c"];
	q4 -> m6 [label = "c"];
	q8 -> m2 [label = "c"];
	q0 -> m10 [label = "c"];
	m0 -> q5;
	m0 -> q8;
	m1 -> q0;
	m1 -> q3;
	m1 -> q6;
	m1 -> q8;
	m2 -> q2;
	m2 -> q5;
	m2 -> q6;
	m2 -> q8;
	m3 -> q0;
	m3 -> q1;
	m3 -> q2;
	m3 -> q3;
	m3 -> q4;
	m3 -> q5;
	m3 -> q7;
	m4 -> q2;
	m4 -> q6;
	m5 -> q1;
	m5 -> q2;
	m5 -> q3;
	m5 -> q4;
	m5 -> q5;
	m6 -> q0;
	m6 -> q5;
	m6 -> q7;
	m6 -> q8;
	m7 -> q4;
	m7 -> q7;
	m8 -> q2;
	m8 -> q4;
	m8 -> q5;
	m8 -> q6;
	m8 -> q8;
	m9 -> q0;
	m9 -> q3;
	m9 -> q6;
	m9 -> q7;
	m9 -> q8;
	m10 -> q0;
	m10 -> q3;
	m10 -> q5;
	m10 -> q6;
	m10 -> q8;
	m11 -> q0;
	m11 -> q2;
	m11 -> q3;
	m11 -> q6;
	m11 -> q8;
}
AFA size: 9 states

AL** output after 20 EQ and 2715 MQ:
digraph finite_state_machine {
	rankdir=LR;
	node [shape = circle];
	s0 [shape = point, style = invis, start="true" ];
	s1 [shape = point, style = invis, start="true" ];
	q0 [label = "q0", shape = doublecircle, final="true" ];
	q1 [label = "q1"];
	q2 [label = "q2"];
	q3 [label = "q3", shape = doublecircle, final="true" ];
	q4 [label = "q4", shape = doublecircle, final="true" ];
	q5 [label = "q5"];
	q6 [label = "q6", shape = doublecircle, final="true" ];
	q7 [label = "q7"];
	q8 [label = "q8", shape = doublecircle, final="true" ];
	m0 [label = "", shape = square, style = filled, color=grey, fixedsize=true, width=.2];
	m1 [label = "", shape = square, style = filled, color=grey, fixedsize=true, width=.2];
	m2 [label = "", shape = square, style = filled, color=grey, fixedsize=true, width=.2];
	m3 [label = "", shape = square, style = filled, color=grey, fixedsize=true, width=.2];
	m4 [label = "", shape = square, style = filled, color=grey, fixedsize=true, width=.2];
	m5 [label = "", shape = square, style = filled, color=grey, fixedsize=true, width=.2];
	m6 [label = "", shape = square, style = filled, color=grey, fixedsize=true, width=.2];
	m7 [label = "", shape = square, style = filled, color=grey, fixedsize=true, width=.2];
	m8 [label = "", shape = square, style = filled, color=grey, fixedsize=true, width=.2];
	m9 [label = "", shape = square, style = filled, color=grey, fixedsize=true, width=.2];
	m10 [label = "", shape = square, style = filled, color=grey, fixedsize=true, width=.2];
	m11 [label = "", shape = square, style = filled, color=grey, fixedsize=true, width=.2];
	s0 -> m0
	s1 -> m1
	q3 -> m6 [label = "c"];
	q7 -> q4 [label = "a"];
	q4 -> m5 [label = "b"];
	q6 -> m5 [label = "a"];
	q1 -> m1 [label = "c"];
	q5 -> m5 [label = "a, b"];
	q5 -> m0 [label = "a"];
	q7 -> m5 [label = "b"];
	q2 -> m0 [label = "c"];
	q1 -> m5 [label = "b"];
	q7 -> m0 [label = "c"];
	q3 -> m4 [label = "b"];
	q3 -> m5 [label = "a, b"];
	q1 -> q7 [label = "a"];
	q5 -> m6 [label = "c"];
	q4 -> m1 [label = "c"];
	q4 -> m4 [label = "a, c"];
	q0 -> m8 [label = "a"];
	q2 -> q4 [label = "b"];
	q6 -> m4 [label = "a, b"];
	q8 -> m4 [label = "b"];
	q0 -> m7 [label = "a"];
	q2 -> m1 [label = "c"];
	q8 -> m1 [label = "b, c"];
	q8 -> m3 [label = "c"];
	q2 -> m2 [label = "b"];
	q6 -> m1 [label = "c"];
	q6 -> m0 [label = "c"];
	q1 -> m6 [label = "c"];
	q5 -> m3 [label = "c"];
	q0 -> m9 [label = "b, c"];
	q0 -> m4 [label = "b"];
	q0 -> m3 [label = "c"];
	q8 -> m0 [label = "a"];
	q2 -> q7 [label = "a"];
	q0 -> m5 [label = "a, b"];
	q8 -> m5 [label = "a"];
	q0 -> m11 [label = "c"];
	q4 -> m7 [label = "c"];
	q2 -> m4 [label = "a"];
	q5 -> q7 [label = "a"];
	q0 -> m6 [label = "c"];
	q3 -> m1 [label = "c"];
	q3 -> q7 [label = "a"];
	q7 -> q7 [label = "b, c"];
	q6 -> q4 [label = "b"];
	q4 -> q7 [label = "a"];
	q0 -> m2 [label = "c"];
	q3 -> m2 [label = "c"];
	q5 -> m1 [label = "b, c"];
	q4 -> m6 [label = "c"];
	q8 -> m2 [label = "c"];
	q0 -> m10 [label = "c"];
	m0 -> q5;
	m0 -> q8;
	m1 -> q0;
	m1 -> q3;
	m1 -> q6;
	m1 -> q8;
	m2 -> q2;
	m2 -> q5;
	m2 -> q6;
	m2 -> q8;
	m3 -> q0;
	m3 -> q1;
	m3 -> q2;
	m3 -> q3;
	m3 -> q4;
	m3 -> q5;
	m3 -> q7;
	m4 -> q2;
	m4 -> q6;
	m5 -> q1;
	m5 -> q2;
	m5 -> q3;
	m5 -> q4;
	m5 -> q5;
	m6 -> q0;
	m6 -> q5;
	m6 -> q7;
	m6 -> q8;
	m7 -> q4;
	m7 -> q7;
	m8 -> q2;
	m8 -> q4;
	m8 -> q5;
	m8 -> q6;
	m8 -> q8;
	m9 -> q0;
	m9 -> q3;
	m9 -> q6;
	m9 -> q7;
	m9 -> q8;
	m10 -> q0;
	m10 -> q3;
	m10 -> q5;
	m10 -> q6;
	m10 -> q8;
	m11 -> q0;
	m11 -> q2;
	m11 -> q3;
	m11 -> q6;
	m11 -> q8;
}
RAFA size: 9 states

