Random target AFA:
digraph finite_state_machine {
	rankdir=LR;
	node [shape = circle];
	s0 [shape = point, style = invis, start="true" ];
	s1 [shape = point, style = invis, start="true" ];
	q0 [label = "q0"];
	q1 [label = "q1"];
	q2 [label = "q2", shape = doublecircle, final="true" ];
	q3 [label = "q3"];
	q4 [label = "q4", shape = doublecircle, final="true" ];
	q5 [label = "q5"];
	m0 [label = "", shape = square, style = filled, color=grey, fixedsize=true, width=.2];
	m1 [label = "", shape = square, style = filled, color=grey, fixedsize=true, width=.2];
	m2 [label = "", shape = square, style = filled, color=grey, fixedsize=true, width=.2];
	m3 [label = "", shape = square, style = filled, color=grey, fixedsize=true, width=.2];
	m4 [label = "", shape = square, style = filled, color=grey, fixedsize=true, width=.2];
	m5 [label = "", shape = square, style = filled, color=grey, fixedsize=true, width=.2];
	m6 [label = "", shape = square, style = filled, color=grey, fixedsize=true, width=.2];
	s0 -> q0
	s1 -> q1
	q0 -> m0 [label = "c"];
	q4 -> q1 [label = "c"];
	q2 -> q4 [label = "a, c"];
	q3 -> q1 [label = "a, b"];
	q2 -> m6 [label = "c"];
	q4 -> m1 [label = "a"];
	q0 -> q5 [label = "a"];
	q0 -> q2 [label = "c"];
	q0 -> q4 [label = "b"];
	q5 -> q2 [label = "b"];
	q2 -> q0 [label = "b"];
	q2 -> q1 [label = "a"];
	q2 -> q5 [label = "b"];
	q4 -> q4 [label = "c"];
	q1 -> m2 [label = "b"];
	q0 -> q1 [label = "a"];
	q5 -> q5 [label = "c"];
	q4 -> q2 [label = "a"];
	q4 -> q0 [label = "b"];
	q5 -> q0 [label = "a, c"];
	q1 -> q2 [label = "a"];
	q1 -> q3 [label = "a, c"];
	q3 -> q4 [label = "b, c"];
	q3 -> q3 [label = "c"];
	q1 -> m3 [label = "b"];
	q3 -> q5 [label = "a"];
	q5 -> m4 [label = "a"];
	q1 -> m4 [label = "c"];
	q4 -> m5 [label = "b"];
	q5 -> q4 [label = "b"];
	m0 -> q3;
	m0 -> q4;
	m1 -> q0;
	m1 -> q4;
	m2 -> q1;
	m2 -> q5;
	m3 -> q0;
	m3 -> q2;
	m4 -> q0;
	m4 -> q5;
	m5 -> q4;
	m5 -> q5;
	m6 -> q1;
	m6 -> q2;
}

L* output after 8 EQ and 5162 MQ:
digraph finite_state_machine {
	rankdir=LR;
	node [shape = circle];
	s0 [shape = point, style = invis, start="true" ];
	q0 [label = "q0", shape = doublecircle, final="true" ];
	q1 [label = "q1", shape = doublecircle, final="true" ];
	q2 [label = "q2", shape = doublecircle, final="true" ];
	q3 [label = "q3", shape = doublecircle, final="true" ];
	q4 [label = "q4", shape = doublecircle, final="true" ];
	q5 [label = "q5"];
	q6 [label = "q6", shape = doublecircle, final="true" ];
	q7 [label = "q7", shape = doublecircle, final="true" ];
	q8 [label = "q8", shape = doublecircle, final="true" ];
	q9 [label = "q9", shape = doublecircle, final="true" ];
	q10 [label = "q10"];
	q11 [label = "q11", shape = doublecircle, final="true" ];
	q12 [label = "q12", shape = doublecircle, final="true" ];
	q13 [label = "q13", shape = doublecircle, final="true" ];
	q14 [label = "q14", shape = doublecircle, final="true" ];
	q15 [label = "q15", shape = doublecircle, final="true" ];
	q16 [label = "q16", shape = doublecircle, final="true" ];
	q17 [label = "q17"];
	q18 [label = "q18", shape = doublecircle, final="true" ];
	q19 [label = "q19", shape = doublecircle, final="true" ];
	q20 [label = "q20"];
	q21 [label = "q21", shape = doublecircle, final="true" ];
	q22 [label = "q22", shape = doublecircle, final="true" ];
	q23 [label = "q23", shape = doublecircle, final="true" ];
	q24 [label = "q24", shape = doublecircle, final="true" ];
	q25 [label = "q25", shape = doublecircle, final="true" ];
	q26 [label = "q26"];
	q27 [label = "q27"];
	q28 [label = "q28", shape = doublecircle, final="true" ];
	q29 [label = "q29", shape = doublecircle, final="true" ];
	q30 [label = "q30"];
	q31 [label = "q31", shape = doublecircle, final="true" ];
	q32 [label = "q32", shape = doublecircle, final="true" ];
	q33 [label = "q33", shape = doublecircle, final="true" ];
	q34 [label = "q34", shape = doublecircle, final="true" ];
	q35 [label = "q35", shape = doublecircle, final="true" ];
	q36 [label = "q36", shape = doublecircle, final="true" ];
	s0 -> q20
	q18 -> q11 [label = "c"];
	q17 -> q9 [label = "c"];
	q21 -> q35 [label = "a"];
	q22 -> q19 [label = "a"];
	q17 -> q16 [label = "b"];
	q17 -> q10 [label = "a"];
	q21 -> q13 [label = "c"];
	q20 -> q19 [label = "a"];
	q22 -> q36 [label = "c"];
	q18 -> q17 [label = "b"];
	q16 -> q33 [label = "a"];
	q20 -> q15 [label = "c"];
	q15 -> q21 [label = "a"];
	q12 -> q23 [label = "b"];
	q15 -> q13 [label = "b"];
	q3 -> q13 [label = "c"];
	q2 -> q11 [label = "c"];
	q4 -> q13 [label = "b"];
	q5 -> q14 [label = "a"];
	q3 -> q14 [label = "b"];
	q22 -> q23 [label = "b"];
	q7 -> q13 [label = "a"];
	q1 -> q14 [label = "a"];
	q5 -> q34 [label = "c"];
	q4 -> q1 [label = "a"];
	q6 -> q24 [label = "b"];
	q6 -> q11 [label = "c"];
	q20 -> q18 [label = "b"];
	q0 -> q26 [label = "b"];
	q29 -> q36 [label = "c"];
	q28 -> q23 [label = "b"];
	q25 -> q13 [label = "b"];
	q18 -> q12 [label = "a"];
	q27 -> q16 [label = "b"];
	q10 -> q34 [label = "c"];
	q25 -> q36 [label = "c"];
	q24 -> q19 [label = "a"];
	q29 -> q19 [label = "a"];
	q19 -> q14 [label = "a, b"];
	q16 -> q17 [label = "b"];
	q32 -> q33 [label = "c"];
	q11 -> q24 [label = "b"];
	q35 -> q2 [label = "c"];
	q15 -> q6 [label = "c"];
	q31 -> q33 [label = "a"];
	q30 -> q14 [label = "a"];
	q33 -> q26 [label = "b"];
	q31 -> q8 [label = "c"];
	q34 -> q22 [label = "b"];
	q33 -> q11 [label = "c"];
	q36 -> q13 [label = "b"];
	q27 -> q4 [label = "c"];
	q36 -> q11 [label = "c"];
	q36 -> q19 [label = "a"];
	q35 -> q13 [label = "b"];
	q11 -> q11 [label = "c"];
	q9 -> q11 [label = "a, c"];
	q35 -> q21 [label = "a"];
	q29 -> q32 [label = "b"];
	q6 -> q3 [label = "a"];
	q2 -> q13 [label = "b"];
	q34 -> q13 [label = "a"];
	q27 -> q5 [label = "a"];
	q33 -> q36 [label = "a"];
	q32 -> q32 [label = "b"];
	q34 -> q14 [label = "c"];
	q25 -> q19 [label = "a"];
	q1 -> q22 [label = "b"];
	q8 -> q11 [label = "c"];
	q13 -> q22 [label = "b"];
	q5 -> q0 [label = "b"];
	q30 -> q0 [label = "b"];
	q28 -> q3 [label = "a"];
	q31 -> q26 [label = "b"];
	q24 -> q36 [label = "c"];
	q1 -> q13 [label = "c"];
	q30 -> q7 [label = "c"];
	q26 -> q30 [label = "a"];
	q7 -> q14 [label = "b, c"];
	q24 -> q29 [label = "b"];
	q0 -> q11 [label = "c"];
	q28 -> q33 [label = "c"];
	q14 -> q14 [label = "a, b, c"];
	q26 -> q31 [label = "b"];
	q10 -> q25 [label = "a"];
	q23 -> q14 [label = "a, c"];
	q21 -> q22 [label = "b"];
	q9 -> q26 [label = "b"];
	q12 -> q19 [label = "a"];
	q11 -> q19 [label = "a"];
	q3 -> q25 [label = "a"];
	q32 -> q3 [label = "a"];
	q13 -> q14 [label = "a, c"];
	q2 -> q3 [label = "a"];
	q8 -> q27 [label = "b"];
	q26 -> q7 [label = "c"];
	q8 -> q15 [label = "a"];
	q16 -> q8 [label = "c"];
	q10 -> q0 [label = "b"];
	q12 -> q11 [label = "c"];
	q4 -> q11 [label = "c"];
	q23 -> q28 [label = "b"];
	q19 -> q13 [label = "c"];
	q0 -> q12 [label = "a"];
}
DFA size: 37 states

NL* output after 9 EQ and 2317 MQ:
digraph finite_state_machine {
	rankdir=LR;
	node [shape = circle];
	s0 [shape = point, style = invis, start="true" ];
	q0 [label = "q0", shape = doublecircle, final="true" ];
	q1 [label = "q1", shape = doublecircle, final="true" ];
	q2 [label = "q2"];
	q3 [label = "q3", shape = doublecircle, final="true" ];
	q4 [label = "q4", shape = doublecircle, final="true" ];
	q5 [label = "q5"];
	q6 [label = "q6", shape = doublecircle, final="true" ];
	q7 [label = "q7"];
	q8 [label = "q8", shape = doublecircle, final="true" ];
	q9 [label = "q9"];
	q10 [label = "q10", shape = doublecircle, final="true" ];
	q11 [label = "q11"];
	q12 [label = "q12", shape = doublecircle, final="true" ];
	q13 [label = "q13"];
	q14 [label = "q14", shape = doublecircle, final="true" ];
	q15 [label = "q15", shape = doublecircle, final="true" ];
	q16 [label = "q16", shape = doublecircle, final="true" ];
	s0 -> q7
	q11 -> q12 [label = "a"];
	q11 -> q7 [label = "a"];
	q11 -> q6 [label = "a"];
	q9 -> q11 [label = "a"];
	q11 -> q14 [label = "a, b"];
	q11 -> q16 [label = "a"];
	q11 -> q8 [label = "a, b"];
	q13 -> q12 [label = "c"];
	q13 -> q4 [label = "c"];
	q13 -> q0 [label = "c"];
	q14 -> q5 [label = "b"];
	q10 -> q14 [label = "a"];
	q10 -> q10 [label = "a"];
	q8 -> q14 [label = "a"];
	q8 -> q12 [label = "a"];
	q8 -> q10 [label = "a, c"];
	q8 -> q8 [label = "a, c"];
	q8 -> q6 [label = "a, c"];
	q10 -> q9 [label = "b"];
	q12 -> q6 [label = "a, c"];
	q4 -> q0 [label = "c"];
	q0 -> q13 [label = "b"];
	q0 -> q11 [label = "b"];
	q0 -> q9 [label = "b"];
	q0 -> q8 [label = "b"];
	q0 -> q4 [label = "b"];
	q0 -> q2 [label = "b"];
	q0 -> q1 [label = "a, b"];
	q2 -> q16 [label = "a"];
	q2 -> q14 [label = "a, b"];
	q11 -> q10 [label = "a, b"];
	q7 -> q2 [label = "a"];
	q3 -> q11 [label = "a"];
	q7 -> q8 [label = "a, b"];
	q13 -> q5 [label = "a, c"];
	q12 -> q13 [label = "b"];
	q5 -> q11 [label = "a"];
	q13 -> q13 [label = "a, c"];
	q15 -> q10 [label = "b, c"];
	q1 -> q5 [label = "b, c"];
	q7 -> q6 [label = "a"];
	q15 -> q5 [label = "b"];
	q4 -> q15 [label = "c"];
	q15 -> q4 [label = "b"];
	q15 -> q2 [label = "b"];
	q13 -> q2 [label = "a"];
	q7 -> q15 [label = "a, c"];
	q2 -> q12 [label = "a"];
	q15 -> q11 [label = "b"];
	q16 -> q11 [label = "a"];
	q3 -> q6 [label = "a, b, c"];
	q16 -> q15 [label = "a"];
	q16 -> q13 [label = "b"];
	q7 -> q1 [label = "a"];
	q4 -> q12 [label = "b, c"];
	q16 -> q6 [label = "a, c"];
	q10 -> q8 [label = "a"];
	q6 -> q5 [label = "b"];
	q2 -> q5 [label = "a, c"];
	q0 -> q5 [label = "b"];
	q11 -> q5 [label = "a, c"];
	q16 -> q2 [label = "a"];
	q15 -> q7 [label = "b"];
	q7 -> q14 [label = "a"];
	q2 -> q15 [label = "a"];
	q16 -> q14 [label = "a"];
	q6 -> q6 [label = "c"];
	q16 -> q1 [label = "a"];
	q14 -> q12 [label = "a"];
	q7 -> q3 [label = "a"];
	q0 -> q10 [label = "b, c"];
	q15 -> q1 [label = "a, b"];
	q4 -> q9 [label = "a, b, c"];
	q16 -> q8 [label = "a, b, c"];
	q1 -> q15 [label = "a"];
	q3 -> q10 [label = "a, b, c"];
	q11 -> q0 [label = "a"];
	q5 -> q10 [label = "b"];
	q16 -> q5 [label = "b"];
	q16 -> q12 [label = "a"];
	q15 -> q9 [label = "b"];
	q3 -> q9 [label = "b"];
	q6 -> q8 [label = "c"];
	q13 -> q10 [label = "b"];
	q15 -> q3 [label = "b, c"];
	q0 -> q15 [label = "c"];
	q3 -> q12 [label = "a"];
	q11 -> q15 [label = "a"];
	q6 -> q3 [label = "c"];
	q12 -> q5 [label = "b"];
	q15 -> q6 [label = "a, b"];
	q12 -> q9 [label = "b"];
	q13 -> q14 [label = "b"];
	q16 -> q16 [label = "a"];
	q11 -> q4 [label = "c"];
	q11 -> q13 [label = "c"];
	q4 -> q5 [label = "a, b, c"];
	q1 -> q1 [label = "c"];
	q13 -> q9 [label = "a, c"];
	q1 -> q0 [label = "a"];
	q14 -> q8 [label = "a"];
	q13 -> q11 [label = "a"];
	q4 -> q13 [label = "a, c"];
	q10 -> q12 [label = "a"];
	q14 -> q10 [label = "a"];
	q1 -> q2 [label = "c"];
	q1 -> q4 [label = "c"];
	q5 -> q15 [label = "c"];
	q4 -> q16 [label = "b, c"];
	q9 -> q12 [label = "c"];
	q13 -> q7 [label = "a"];
	q14 -> q13 [label = "b"];
	q14 -> q14 [label = "a"];
	q1 -> q6 [label = "b, c"];
	q7 -> q12 [label = "a"];
	q7 -> q16 [label = "a"];
	q12 -> q8 [label = "a, c"];
	q3 -> q3 [label = "c"];
	q2 -> q4 [label = "a, c"];
	q2 -> q9 [label = "a, c"];
	q4 -> q6 [label = "a, b, c"];
	q1 -> q10 [label = "b, c"];
	q4 -> q7 [label = "a, b, c"];
	q2 -> q13 [label = "a, c"];
	q2 -> q8 [label = "a, b"];
	q8 -> q16 [label = "a"];
	q4 -> q8 [label = "a, b, c"];
	q15 -> q8 [label = "b"];
	q4 -> q10 [label = "a, b, c"];
	q4 -> q14 [label = "b, c"];
	q4 -> q2 [label = "a, c"];
	q10 -> q6 [label = "a, c"];
	q6 -> q15 [label = "a"];
	q0 -> q7 [label = "b"];
	q1 -> q3 [label = "c"];
	q16 -> q3 [label = "a, c"];
	q1 -> q7 [label = "b, c"];
	q11 -> q3 [label = "a"];
	q12 -> q10 [label = "a, c"];
	q2 -> q10 [label = "a, b"];
	q14 -> q6 [label = "a, c"];
	q1 -> q9 [label = "b, c"];
	q1 -> q11 [label = "c"];
	q5 -> q2 [label = "a"];
	q1 -> q13 [label = "c"];
	q3 -> q1 [label = "a"];
	q14 -> q9 [label = "b"];
	q0 -> q6 [label = "a, b"];
	q3 -> q14 [label = "a"];
	q1 -> q12 [label = "b"];
	q13 -> q15 [label = "c"];
	q2 -> q1 [label = "a"];
	q1 -> q16 [label = "b"];
	q6 -> q9 [label = "b"];
	q3 -> q5 [label = "b"];
	q15 -> q13 [label = "b"];
	q7 -> q10 [label = "a, b"];
	q7 -> q11 [label = "a"];
	q3 -> q7 [label = "b"];
	q5 -> q12 [label = "c"];
	q4 -> q1 [label = "a, c"];
	q4 -> q3 [label = "a, c"];
	q12 -> q3 [label = "a, c"];
	q6 -> q10 [label = "c"];
	q4 -> q4 [label = "a, c"];
	q0 -> q3 [label = "b, c"];
	q0 -> q14 [label = "c"];
	q2 -> q0 [label = "a"];
	q16 -> q9 [label = "b"];
	q4 -> q11 [label = "a, c"];
	q2 -> q2 [label = "a"];
	q8 -> q9 [label = "b"];
	q1 -> q8 [label = "b, c"];
	q2 -> q3 [label = "a"];
	q1 -> q14 [label = "b"];
	q2 -> q6 [label = "a"];
	q8 -> q3 [label = "c"];
	q3 -> q8 [label = "a, b, c"];
	q11 -> q9 [label = "a, c"];
	q2 -> q7 [label = "a"];
	q9 -> q10 [label = "b"];
	q16 -> q10 [label = "a, b, c"];
	q2 -> q11 [label = "a"];
}
NFA size: 17 states

AL* output after 12 EQ and 1381 MQ:
digraph finite_state_machine {
	rankdir=LR;
	node [shape = circle];
	s0 [shape = point, style = invis, start="true" ];
	s1 [shape = point, style = invis, start="true" ];
	s2 [shape = point, style = invis, start="true" ];
	s3 [shape = point, style = invis, start="true" ];
	q0 [label = "q0", shape = doublecircle, final="true" ];
	q1 [label = "q1", shape = doublecircle, final="true" ];
	q2 [label = "q2", shape = doublecircle, final="true" ];
	q3 [label = "q3"];
	q4 [label = "q4"];
	q5 [label = "q5", shape = doublecircle, final="true" ];
	q6 [label = "q6", shape = doublecircle, final="true" ];
	q7 [label = "q7", shape = doublecircle, final="true" ];
	q8 [label = "q8"];
	m0 [label = "", shape = square, style = filled, color=grey, fixedsize=true, width=.2];
	m1 [label = "", shape = square, style = filled, color=grey, fixedsize=true, width=.2];
	m2 [label = "", shape = square, style = filled, color=grey, fixedsize=true, width=.2];
	m3 [label = "", shape = square, style = filled, color=grey, fixedsize=true, width=.2];
	m4 [label = "", shape = square, style = filled, color=grey, fixedsize=true, width=.2];
	m5 [label = "", shape = square, style = filled, color=grey, fixedsize=true, width=.2];
	m6 [label = "", shape = square, style = filled, color=grey, fixedsize=true, width=.2];
	m7 [label = "", shape = square, style = filled, color=grey, fixedsize=true, width=.2];
	m8 [label = "", shape = square, style = filled, color=grey, fixedsize=true, width=.2];
	m9 [label = "", shape = square, style = filled, color=grey, fixedsize=true, width=.2];
	m10 [label = "", shape = square, style = filled, color=grey, fixedsize=true, width=.2];
	m11 [label = "", shape = square, style = filled, color=grey, fixedsize=true, width=.2];
	s0 -> m0
	s1 -> m1
	s2 -> m2
	s3 -> m3
	q5 -> m9 [label = "b"];
	q2 -> m9 [label = "c"];
	q4 -> m5 [label = "b"];
	q4 -> m2 [label = "b"];
	q1 -> m10 [label = "c"];
	q1 -> m0 [label = "c"];
	q5 -> m1 [label = "b"];
	q7 -> m1 [label = "b"];
	q6 -> m3 [label = "a, b, c"];
	q6 -> m0 [label = "a, b, c"];
	q2 -> m3 [label = "b, c"];
	q2 -> m2 [label = "b"];
	q2 -> m1 [label = "a, b, c"];
	q8 -> m3 [label = "a, b"];
	q0 -> m3 [label = "a, b, c"];
	q2 -> m10 [label = "a"];
	q7 -> m6 [label = "a"];
	q5 -> m6 [label = "a"];
	q8 -> m5 [label = "b, c"];
	q6 -> m7 [label = "a, b, c"];
	q0 -> m11 [label = "c"];
	q5 -> m3 [label = "a, c"];
	q2 -> m0 [label = "c"];
	q1 -> m6 [label = "a"];
	q3 -> m3 [label = "a, b"];
	q0 -> m5 [label = "c"];
	q8 -> m4 [label = "c"];
	q7 -> m3 [label = "c"];
	q0 -> m0 [label = "a, b"];
	q5 -> m7 [label = "c"];
	q7 -> m0 [label = "c"];
	q6 -> m5 [label = "c"];
	q4 -> m10 [label = "c"];
	q8 -> m6 [label = "c"];
	q8 -> m7 [label = "b"];
	q3 -> m9 [label = "a, c"];
	q8 -> m2 [label = "c"];
	q0 -> m10 [label = "c"];
	q7 -> m2 [label = "b, c"];
	q4 -> m11 [label = "a, c"];
	q4 -> m7 [label = "b"];
	q4 -> m3 [label = "a, b"];
	q3 -> m0 [label = "a"];
	q8 -> m0 [label = "a"];
	q7 -> m11 [label = "a, c"];
	q5 -> m0 [label = "c"];
	q8 -> m8 [label = "a, b"];
	q4 -> m6 [label = "a, c"];
	q6 -> m9 [label = "a, b"];
	q6 -> m11 [label = "c"];
	q3 -> m5 [label = "b"];
	q0 -> m9 [label = "a, b"];
	q6 -> m1 [label = "b"];
	q0 -> m6 [label = "c"];
	q4 -> m8 [label = "b"];
	q1 -> m7 [label = "c"];
	q4 -> m9 [label = "a"];
	q2 -> m6 [label = "a, b"];
	q2 -> m5 [label = "b"];
	q3 -> m6 [label = "b, c"];
	q5 -> m4 [label = "a, c"];
	q2 -> m7 [label = "c"];
	q5 -> m2 [label = "a, c"];
	q5 -> m5 [label = "a, c"];
	q1 -> m2 [label = "a, c"];
	q6 -> m10 [label = "c"];
	q1 -> m11 [label = "a, c"];
	q3 -> m1 [label = "a, c"];
	q0 -> m1 [label = "b"];
	q0 -> m7 [label = "a, b"];
	q1 -> m5 [label = "a, b, c"];
	q1 -> m3 [label = "a, c"];
	q8 -> m9 [label = "a"];
	q7 -> m7 [label = "c"];
	q7 -> m10 [label = "a, c"];
	q7 -> m5 [label = "b, c"];
	q1 -> m1 [label = "b"];
	m0 -> q0;
	m0 -> q2;
	m0 -> q4;
	m0 -> q5;
	m0 -> q6;
	m0 -> q7;
	m1 -> q0;
	m1 -> q3;
	m1 -> q4;
	m1 -> q8;
	m2 -> q1;
	m2 -> q2;
	m2 -> q3;
	m2 -> q4;
	m2 -> q7;
	m3 -> q1;
	m3 -> q2;
	m3 -> q4;
	m3 -> q5;
	m3 -> q7;
	m4 -> q0;
	m4 -> q2;
	m4 -> q3;
	m4 -> q4;
	m4 -> q6;
	m4 -> q7;
	m4 -> q8;
	m5 -> q1;
	m5 -> q2;
	m5 -> q3;
	m5 -> q5;
	m5 -> q7;
	m5 -> q8;
	m6 -> q0;
	m6 -> q5;
	m6 -> q6;
	m7 -> q0;
	m7 -> q1;
	m7 -> q2;
	m7 -> q5;
	m7 -> q6;
	m7 -> q7;
	m8 -> q0;
	m8 -> q1;
	m8 -> q3;
	m8 -> q4;
	m8 -> q5;
	m8 -> q6;
	m8 -> q8;
	m9 -> q2;
	m9 -> q3;
	m10 -> q0;
	m10 -> q2;
	m10 -> q3;
	m10 -> q6;
	m11 -> q0;
	m11 -> q3;
	m11 -> q4;
	m11 -> q6;
	m11 -> q8;
}
AFA size: 9 states

