Random target AFA:
digraph finite_state_machine {
	rankdir=LR;
	node [shape = circle];
	s0 [shape = point, style = invis, start="true" ];
	s1 [shape = point, style = invis, start="true" ];
	q0 [label = "q0", shape = doublecircle, final="true" ];
	q1 [label = "q1"];
	q2 [label = "q2"];
	q3 [label = "q3", shape = doublecircle, final="true" ];
	q4 [label = "q4", shape = doublecircle, final="true" ];
	q5 [label = "q5", shape = doublecircle, final="true" ];
	m0 [label = "", shape = square, style = filled, color=grey, fixedsize=true, width=.2];
	m1 [label = "", shape = square, style = filled, color=grey, fixedsize=true, width=.2];
	m2 [label = "", shape = square, style = filled, color=grey, fixedsize=true, width=.2];
	m3 [label = "", shape = square, style = filled, color=grey, fixedsize=true, width=.2];
	m4 [label = "", shape = square, style = filled, color=grey, fixedsize=true, width=.2];
	m5 [label = "", shape = square, style = filled, color=grey, fixedsize=true, width=.2];
	m6 [label = "", shape = square, style = filled, color=grey, fixedsize=true, width=.2];
	m7 [label = "", shape = square, style = filled, color=grey, fixedsize=true, width=.2];
	m8 [label = "", shape = square, style = filled, color=grey, fixedsize=true, width=.2];
	s0 -> q1
	s1 -> q2
	q5 -> m0 [label = "b"];
	q2 -> q3 [label = "c"];
	q3 -> q4 [label = "c"];
	q5 -> m8 [label = "a"];
	q5 -> q3 [label = "a"];
	q3 -> q2 [label = "a"];
	q1 -> m6 [label = "c"];
	q3 -> m5 [label = "b, c"];
	q1 -> m4 [label = "a"];
	q4 -> q3 [label = "a, c"];
	q0 -> m0 [label = "a"];
	q1 -> q3 [label = "a"];
	q0 -> m1 [label = "a"];
	q3 -> m6 [label = "b"];
	q2 -> q1 [label = "b"];
	q2 -> m2 [label = "b"];
	q4 -> q2 [label = "b"];
	q4 -> q5 [label = "b"];
	q1 -> q0 [label = "b"];
	q0 -> m3 [label = "b, c"];
	q1 -> m7 [label = "b"];
	q0 -> q3 [label = "b"];
	q0 -> q1 [label = "c"];
	q1 -> q2 [label = "c"];
	q2 -> q2 [label = "a, c"];
	q5 -> q0 [label = "b, c"];
	q5 -> q2 [label = "c"];
	q4 -> m1 [label = "a"];
	m0 -> q3;
	m0 -> q4;
	m1 -> q3;
	m1 -> q5;
	m2 -> q1;
	m2 -> q2;
	m3 -> q1;
	m3 -> q3;
	m4 -> q0;
	m4 -> q3;
	m5 -> q0;
	m5 -> q4;
	m6 -> q0;
	m6 -> q5;
	m7 -> q0;
	m7 -> q1;
	m8 -> q4;
	m8 -> q5;
}

L* output after 8 EQ and 10531 MQ:
digraph finite_state_machine {
	rankdir=LR;
	node [shape = circle];
	s0 [shape = point, style = invis, start="true" ];
	q0 [label = "q0"];
	q1 [label = "q1", shape = doublecircle, final="true" ];
	q2 [label = "q2", shape = doublecircle, final="true" ];
	q3 [label = "q3"];
	q4 [label = "q4", shape = doublecircle, final="true" ];
	q5 [label = "q5", shape = doublecircle, final="true" ];
	q6 [label = "q6", shape = doublecircle, final="true" ];
	q7 [label = "q7", shape = doublecircle, final="true" ];
	q8 [label = "q8", shape = doublecircle, final="true" ];
	q9 [label = "q9", shape = doublecircle, final="true" ];
	q10 [label = "q10", shape = doublecircle, final="true" ];
	q11 [label = "q11", shape = doublecircle, final="true" ];
	q12 [label = "q12", shape = doublecircle, final="true" ];
	q13 [label = "q13", shape = doublecircle, final="true" ];
	q14 [label = "q14", shape = doublecircle, final="true" ];
	q15 [label = "q15", shape = doublecircle, final="true" ];
	q16 [label = "q16", shape = doublecircle, final="true" ];
	q17 [label = "q17", shape = doublecircle, final="true" ];
	q18 [label = "q18", shape = doublecircle, final="true" ];
	q19 [label = "q19", shape = doublecircle, final="true" ];
	q20 [label = "q20", shape = doublecircle, final="true" ];
	q21 [label = "q21", shape = doublecircle, final="true" ];
	q22 [label = "q22", shape = doublecircle, final="true" ];
	q23 [label = "q23", shape = doublecircle, final="true" ];
	q24 [label = "q24", shape = doublecircle, final="true" ];
	q25 [label = "q25", shape = doublecircle, final="true" ];
	q26 [label = "q26"];
	q27 [label = "q27"];
	q28 [label = "q28", shape = doublecircle, final="true" ];
	q29 [label = "q29", shape = doublecircle, final="true" ];
	q30 [label = "q30", shape = doublecircle, final="true" ];
	q31 [label = "q31", shape = doublecircle, final="true" ];
	q32 [label = "q32"];
	q33 [label = "q33", shape = doublecircle, final="true" ];
	q34 [label = "q34", shape = doublecircle, final="true" ];
	q35 [label = "q35", shape = doublecircle, final="true" ];
	q36 [label = "q36", shape = doublecircle, final="true" ];
	q37 [label = "q37", shape = doublecircle, final="true" ];
	q38 [label = "q38", shape = doublecircle, final="true" ];
	q39 [label = "q39", shape = doublecircle, final="true" ];
	q40 [label = "q40", shape = doublecircle, final="true" ];
	q41 [label = "q41", shape = doublecircle, final="true" ];
	q42 [label = "q42"];
	q43 [label = "q43"];
	q44 [label = "q44", shape = doublecircle, final="true" ];
	q45 [label = "q45", shape = doublecircle, final="true" ];
	q46 [label = "q46"];
	q47 [label = "q47", shape = doublecircle, final="true" ];
	q48 [label = "q48"];
	q49 [label = "q49", shape = doublecircle, final="true" ];
	q50 [label = "q50", shape = doublecircle, final="true" ];
	q51 [label = "q51", shape = doublecircle, final="true" ];
	q52 [label = "q52", shape = doublecircle, final="true" ];
	q53 [label = "q53", shape = doublecircle, final="true" ];
	q54 [label = "q54", shape = doublecircle, final="true" ];
	q55 [label = "q55", shape = doublecircle, final="true" ];
	q56 [label = "q56", shape = doublecircle, final="true" ];
	q57 [label = "q57", shape = doublecircle, final="true" ];
	q58 [label = "q58", shape = doublecircle, final="true" ];
	q59 [label = "q59", shape = doublecircle, final="true" ];
	q60 [label = "q60", shape = doublecircle, final="true" ];
	q61 [label = "q61", shape = doublecircle, final="true" ];
	q62 [label = "q62", shape = doublecircle, final="true" ];
	q63 [label = "q63"];
	q64 [label = "q64", shape = doublecircle, final="true" ];
	q65 [label = "q65", shape = doublecircle, final="true" ];
	q66 [label = "q66"];
	q67 [label = "q67"];
	q68 [label = "q68", shape = doublecircle, final="true" ];
	q69 [label = "q69"];
	q70 [label = "q70"];
	q71 [label = "q71", shape = doublecircle, final="true" ];
	q72 [label = "q72", shape = doublecircle, final="true" ];
	q73 [label = "q73", shape = doublecircle, final="true" ];
	q74 [label = "q74", shape = doublecircle, final="true" ];
	q75 [label = "q75", shape = doublecircle, final="true" ];
	q76 [label = "q76", shape = doublecircle, final="true" ];
	q77 [label = "q77"];
	q78 [label = "q78", shape = doublecircle, final="true" ];
	q79 [label = "q79", shape = doublecircle, final="true" ];
	q80 [label = "q80", shape = doublecircle, final="true" ];
	q81 [label = "q81", shape = doublecircle, final="true" ];
	q82 [label = "q82", shape = doublecircle, final="true" ];
	q83 [label = "q83", shape = doublecircle, final="true" ];
	q84 [label = "q84", shape = doublecircle, final="true" ];
	q85 [label = "q85", shape = doublecircle, final="true" ];
	s0 -> q43
	q83 -> q20 [label = "c"];
	q81 -> q52 [label = "c"];
	q81 -> q75 [label = "b"];
	q85 -> q52 [label = "c"];
	q84 -> q41 [label = "a"];
	q80 -> q81 [label = "c"];
	q80 -> q44 [label = "a"];
	q75 -> q24 [label = "c"];
	q78 -> q41 [label = "a"];
	q76 -> q13 [label = "b"];
	q79 -> q13 [label = "b"];
	q79 -> q52 [label = "c"];
	q75 -> q38 [label = "a"];
	q73 -> q25 [label = "b"];
	q78 -> q84 [label = "b"];
	q76 -> q44 [label = "a"];
	q74 -> q44 [label = "a"];
	q72 -> q47 [label = "b"];
	q74 -> q31 [label = "b"];
	q71 -> q47 [label = "a"];
	q69 -> q67 [label = "b"];
	q67 -> q70 [label = "c"];
	q68 -> q9 [label = "b"];
	q69 -> q32 [label = "a"];
	q76 -> q52 [label = "c"];
	q65 -> q26 [label = "c"];
	q71 -> q79 [label = "c"];
	q67 -> q55 [label = "a"];
	q69 -> q68 [label = "c"];
	q77 -> q10 [label = "b"];
	q70 -> q61 [label = "b"];
	q68 -> q63 [label = "a"];
	q70 -> q50 [label = "c"];
	q64 -> q9 [label = "b"];
	q68 -> q47 [label = "c"];
	q72 -> q48 [label = "c"];
	q60 -> q49 [label = "b"];
	q61 -> q55 [label = "a"];
	q63 -> q68 [label = "c"];
	q57 -> q84 [label = "b"];
	q57 -> q11 [label = "a"];
	q62 -> q52 [label = "c"];
	q58 -> q55 [label = "a"];
	q64 -> q47 [label = "a, c"];
	q55 -> q32 [label = "a"];
	q53 -> q40 [label = "b"];
	q51 -> q34 [label = "c"];
	q50 -> q52 [label = "c"];
	q53 -> q44 [label = "a"];
	q51 -> q47 [label = "a"];
	q49 -> q35 [label = "b"];
	q79 -> q41 [label = "a"];
	q53 -> q53 [label = "c"];
	q51 -> q72 [label = "b"];
	q72 -> q55 [label = "a"];
	q66 -> q47 [label = "a"];
	q49 -> q55 [label = "a"];
	q54 -> q33 [label = "b"];
	q84 -> q18 [label = "c"];
	q75 -> q80 [label = "b"];
	q48 -> q50 [label = "c"];
	q54 -> q47 [label = "a, c"];
	q52 -> q41 [label = "a"];
	q50 -> q41 [label = "a"];
	q71 -> q78 [label = "b"];
	q52 -> q12 [label = "c"];
	q50 -> q51 [label = "b"];
	q82 -> q22 [label = "b"];
	q70 -> q11 [label = "a"];
	q48 -> q47 [label = "a"];
	q45 -> q37 [label = "b"];
	q60 -> q64 [label = "c"];
	q43 -> q52 [label = "c"];
	q46 -> q46 [label = "a"];
	q44 -> q71 [label = "b"];
	q63 -> q46 [label = "a"];
	q42 -> q50 [label = "c"];
	q58 -> q77 [label = "c"];
	q20 -> q6 [label = "b"];
	q17 -> q14 [label = "c"];
	q21 -> q44 [label = "a"];
	q23 -> q31 [label = "b"];
	q62 -> q28 [label = "b"];
	q17 -> q4 [label = "b"];
	q23 -> q52 [label = "c"];
	q56 -> q38 [label = "c"];
	q30 -> q75 [label = "b"];
	q47 -> q54 [label = "c"];
	q27 -> q58 [label = "b"];
	q77 -> q50 [label = "c"];
	q67 -> q65 [label = "b"];
	q18 -> q52 [label = "c"];
	q25 -> q78 [label = "b"];
	q32 -> q56 [label = "c"];
	q47 -> q46 [label = "a"];
	q31 -> q74 [label = "c"];
	q25 -> q20 [label = "c"];
	q31 -> q37 [label = "b"];
	q1 -> q22 [label = "b"];
	q32 -> q27 [label = "b"];
	q38 -> q71 [label = "b"];
	q61 -> q65 [label = "b"];
	q59 -> q62 [label = "c"];
	q28 -> q47 [label = "a"];
	q60 -> q63 [label = "a"];
	q30 -> q47 [label = "a"];
	q26 -> q17 [label = "c"];
	q30 -> q52 [label = "c"];
	q31 -> q44 [label = "a"];
	q2 -> q44 [label = "a"];
	q37 -> q30 [label = "c"];
	q0 -> q50 [label = "c"];
	q3 -> q11 [label = "a"];
	q22 -> q44 [label = "a"];
	q16 -> q44 [label = "a"];
	q85 -> q45 [label = "b"];
	q63 -> q67 [label = "b"];
	q55 -> q39 [label = "c"];
	q48 -> q72 [label = "b"];
	q35 -> q46 [label = "a"];
	q43 -> q44 [label = "a"];
	q73 -> q41 [label = "a"];
	q35 -> q49 [label = "b"];
	q45 -> q36 [label = "c"];
	q10 -> q77 [label = "c"];
	q44 -> q46 [label = "a"];
	q33 -> q38 [label = "a"];
	q43 -> q45 [label = "b"];
	q13 -> q78 [label = "b"];
	q66 -> q58 [label = "b"];
	q27 -> q59 [label = "c"];
	q41 -> q73 [label = "c"];
	q82 -> q21 [label = "c"];
	q38 -> q44 [label = "a"];
	q41 -> q46 [label = "a"];
	q37 -> q41 [label = "a"];
	q4 -> q55 [label = "a"];
	q36 -> q44 [label = "a"];
	q29 -> q83 [label = "b"];
	q42 -> q11 [label = "a"];
	q21 -> q75 [label = "b"];
	q45 -> q47 [label = "a"];
	q13 -> q76 [label = "c"];
	q12 -> q5 [label = "b"];
	q38 -> q53 [label = "c"];
	q11 -> q39 [label = "c"];
	q33 -> q45 [label = "b"];
	q47 -> q49 [label = "b"];
	q40 -> q31 [label = "b"];
	q5 -> q31 [label = "b"];
	q24 -> q21 [label = "c"];
	q28 -> q57 [label = "b"];
	q73 -> q53 [label = "c"];
	q65 -> q69 [label = "a"];
	q33 -> q82 [label = "c"];
	q66 -> q50 [label = "c"];
	q40 -> q38 [label = "a"];
	q12 -> q12 [label = "c"];
	q42 -> q10 [label = "b"];
	q78 -> q23 [label = "c"];
	q34 -> q28 [label = "b"];
	q36 -> q45 [label = "b"];
	q52 -> q13 [label = "b"];
	q34 -> q44 [label = "a"];
	q29 -> q47 [label = "a, c"];
	q12 -> q44 [label = "a"];
	q32 -> q46 [label = "a"];
	q59 -> q11 [label = "a"];
	q17 -> q46 [label = "a"];
	q34 -> q52 [label = "c"];
	q39 -> q47 [label = "c"];
	q58 -> q60 [label = "b"];
	q15 -> q6 [label = "b"];
	q83 -> q57 [label = "b"];
	q39 -> q83 [label = "b"];
	q55 -> q49 [label = "b"];
	q16 -> q5 [label = "b"];
	q8 -> q69 [label = "a"];
	q11 -> q46 [label = "a"];
	q16 -> q52 [label = "c"];
	q40 -> q82 [label = "c"];
	q26 -> q47 [label = "a"];
	q24 -> q80 [label = "b"];
	q46 -> q48 [label = "b"];
	q28 -> q76 [label = "c"];
	q62 -> q41 [label = "a"];
	q59 -> q61 [label = "b"];
	q26 -> q7 [label = "b"];
	q36 -> q52 [label = "c"];
	q41 -> q71 [label = "b"];
	q24 -> q44 [label = "a"];
	q19 -> q19 [label = "b"];
	q23 -> q47 [label = "a"];
	q35 -> q29 [label = "c"];
	q5 -> q1 [label = "c"];
	q9 -> q47 [label = "a"];
	q19 -> q15 [label = "c"];
	q77 -> q47 [label = "a"];
	q2 -> q6 [label = "b"];
	q6 -> q78 [label = "b"];
	q82 -> q41 [label = "a"];
	q9 -> q57 [label = "b"];
	q74 -> q52 [label = "c"];
	q11 -> q49 [label = "b"];
	q8 -> q3 [label = "c"];
	q14 -> q9 [label = "b"];
	q8 -> q8 [label = "b"];
	q10 -> q55 [label = "a"];
	q10 -> q35 [label = "b"];
	q22 -> q16 [label = "c"];
	q14 -> q47 [label = "c"];
	q4 -> q0 [label = "c"];
	q84 -> q19 [label = "b"];
	q85 -> q47 [label = "a"];
	q0 -> q11 [label = "a"];
	q49 -> q42 [label = "c"];
	q6 -> q2 [label = "c"];
	q57 -> q85 [label = "c"];
	q3 -> q17 [label = "c"];
	q0 -> q58 [label = "b"];
	q80 -> q37 [label = "b"];
	q19 -> q41 [label = "a"];
	q27 -> q11 [label = "a"];
	q4 -> q65 [label = "b"];
	q21 -> q12 [label = "c"];
	q3 -> q7 [label = "b"];
	q2 -> q52 [label = "c"];
	q46 -> q44 [label = "c"];
	q22 -> q78 [label = "b"];
	q25 -> q44 [label = "a"];
	q1 -> q44 [label = "a"];
	q7 -> q42 [label = "c"];
	q65 -> q8 [label = "b"];
	q56 -> q46 [label = "a"];
	q15 -> q47 [label = "a"];
	q61 -> q66 [label = "c"];
	q44 -> q53 [label = "c"];
	q7 -> q60 [label = "b"];
	q5 -> q38 [label = "a"];
	q39 -> q11 [label = "a"];
	q15 -> q52 [label = "c"];
	q1 -> q21 [label = "c"];
	q6 -> q44 [label = "a"];
	q7 -> q55 [label = "a"];
	q9 -> q79 [label = "c"];
	q81 -> q44 [label = "a"];
	q37 -> q84 [label = "b"];
	q13 -> q47 [label = "a"];
	q14 -> q11 [label = "a"];
	q20 -> q52 [label = "c"];
	q83 -> q44 [label = "a"];
	q56 -> q9 [label = "b"];
	q18 -> q5 [label = "b"];
	q18 -> q47 [label = "a"];
	q20 -> q41 [label = "a"];
}
DFA size: 86 states

NL* output after 14 EQ and 14539 MQ:
digraph finite_state_machine {
	rankdir=LR;
	node [shape = circle];
	s0 [shape = point, style = invis, start="true" ];
	s1 [shape = point, style = invis, start="true" ];
	s2 [shape = point, style = invis, start="true" ];
	s3 [shape = point, style = invis, start="true" ];
	s4 [shape = point, style = invis, start="true" ];
	s5 [shape = point, style = invis, start="true" ];
	s6 [shape = point, style = invis, start="true" ];
	s7 [shape = point, style = invis, start="true" ];
	s8 [shape = point, style = invis, start="true" ];
	s9 [shape = point, style = invis, start="true" ];
	s10 [shape = point, style = invis, start="true" ];
	q0 [label = "q0"];
	q1 [label = "q1", shape = doublecircle, final="true" ];
	q2 [label = "q2", shape = doublecircle, final="true" ];
	q3 [label = "q3"];
	q4 [label = "q4"];
	q5 [label = "q5"];
	q6 [label = "q6", shape = doublecircle, final="true" ];
	q7 [label = "q7"];
	q8 [label = "q8", shape = doublecircle, final="true" ];
	q9 [label = "q9", shape = doublecircle, final="true" ];
	q10 [label = "q10", shape = doublecircle, final="true" ];
	q11 [label = "q11", shape = doublecircle, final="true" ];
	q12 [label = "q12", shape = doublecircle, final="true" ];
	q13 [label = "q13", shape = doublecircle, final="true" ];
	q14 [label = "q14"];
	q15 [label = "q15"];
	q16 [label = "q16", shape = doublecircle, final="true" ];
	q17 [label = "q17", shape = doublecircle, final="true" ];
	q18 [label = "q18"];
	q19 [label = "q19"];
	q20 [label = "q20"];
	q21 [label = "q21", shape = doublecircle, final="true" ];
	q22 [label = "q22"];
	s0 -> q0
	s1 -> q3
	s2 -> q4
	s3 -> q5
	s4 -> q7
	s5 -> q14
	s6 -> q15
	s7 -> q18
	s8 -> q19
	s9 -> q20
	s10 -> q22
	q18 -> q19 [label = "c"];
	q18 -> q3 [label = "c"];
	q20 -> q8 [label = "b"];
	q17 -> q18 [label = "c"];
	q21 -> q22 [label = "a"];
	q17 -> q22 [label = "b"];
	q17 -> q21 [label = "b"];
	q19 -> q20 [label = "b"];
	q17 -> q10 [label = "a, b"];
	q17 -> q5 [label = "a, b"];
	q21 -> q6 [label = "c"];
	q21 -> q4 [label = "c"];
	q21 -> q0 [label = "c"];
	q16 -> q21 [label = "c"];
	q16 -> q8 [label = "c"];
	q20 -> q10 [label = "a"];
	q20 -> q5 [label = "a"];
	q22 -> q7 [label = "b"];
	q16 -> q20 [label = "b"];
	q16 -> q14 [label = "b"];
	q16 -> q7 [label = "b"];
	q16 -> q1 [label = "b"];
	q16 -> q0 [label = "b"];
	q17 -> q2 [label = "a, b"];
	q16 -> q22 [label = "a, b, c"];
	q18 -> q17 [label = "b"];
	q16 -> q2 [label = "a, b, c"];
	q20 -> q3 [label = "c"];
	q20 -> q2 [label = "a, b, c"];
	q13 -> q17 [label = "b"];
	q13 -> q7 [label = "b"];
	q22 -> q15 [label = "a"];
	q14 -> q13 [label = "a"];
	q10 -> q16 [label = "c"];
	q15 -> q20 [label = "b"];
	q15 -> q18 [label = "b"];
	q15 -> q7 [label = "b"];
	q15 -> q3 [label = "b"];
	q15 -> q0 [label = "b"];
	q13 -> q15 [label = "a"];
	q9 -> q16 [label = "c"];
	q22 -> q22 [label = "a"];
	q3 -> q15 [label = "c"];
	q12 -> q8 [label = "b"];
	q3 -> q3 [label = "c"];
	q3 -> q1 [label = "c"];
	q7 -> q5 [label = "a"];
	q4 -> q7 [label = "b"];
	q12 -> q21 [label = "b"];
	q4 -> q1 [label = "b"];
	q16 -> q3 [label = "b"];
	q1 -> q7 [label = "c"];
	q18 -> q1 [label = "b, c"];
	q1 -> q0 [label = "c"];
	q5 -> q22 [label = "a"];
	q13 -> q1 [label = "b"];
	q5 -> q19 [label = "a"];
	q18 -> q8 [label = "b"];
	q5 -> q5 [label = "a"];
	q13 -> q5 [label = "a"];
	q7 -> q8 [label = "b"];
	q3 -> q10 [label = "a"];
	q3 -> q5 [label = "a, c"];
	q1 -> q21 [label = "b"];
	q7 -> q7 [label = "c"];
	q13 -> q19 [label = "a"];
	q7 -> q3 [label = "c"];
	q1 -> q10 [label = "a"];
	q16 -> q4 [label = "b"];
	q1 -> q5 [label = "a"];
	q1 -> q2 [label = "a, b"];
	q5 -> q6 [label = "c"];
	q11 -> q14 [label = "b"];
	q11 -> q7 [label = "b"];
	q11 -> q18 [label = "b"];
	q16 -> q5 [label = "a, b, c"];
	q10 -> q0 [label = "c"];
	q11 -> q0 [label = "b"];
	q18 -> q15 [label = "c"];
	q3 -> q2 [label = "a, b, c"];
	q11 -> q13 [label = "a, c"];
	q9 -> q15 [label = "a, c"];
	q9 -> q13 [label = "a, c"];
	q13 -> q11 [label = "c"];
	q4 -> q13 [label = "a"];
	q15 -> q19 [label = "a, c"];
	q7 -> q10 [label = "a"];
	q3 -> q7 [label = "b, c"];
	q15 -> q13 [label = "c"];
	q12 -> q0 [label = "c"];
	q18 -> q22 [label = "a, c"];
	q4 -> q21 [label = "a"];
	q20 -> q22 [label = "a"];
	q3 -> q8 [label = "b"];
	q11 -> q9 [label = "b"];
	q11 -> q4 [label = "b"];
	q9 -> q0 [label = "a, b, c"];
	q15 -> q6 [label = "c"];
	q17 -> q20 [label = "c"];
	q9 -> q22 [label = "a, c"];
	q10 -> q1 [label = "b"];
	q0 -> q1 [label = "b"];
	q1 -> q3 [label = "c"];
	q0 -> q7 [label = "b"];
	q14 -> q10 [label = "a"];
	q12 -> q4 [label = "c"];
	q2 -> q5 [label = "a"];
	q6 -> q5 [label = "a, c"];
	q16 -> q13 [label = "c"];
	q9 -> q21 [label = "a, b, c"];
	q1 -> q8 [label = "b"];
	q9 -> q18 [label = "b, c"];
	q14 -> q12 [label = "b"];
	q12 -> q20 [label = "c"];
	q16 -> q10 [label = "a, b, c"];
	q9 -> q10 [label = "a, c"];
	q9 -> q19 [label = "a, c"];
	q11 -> q6 [label = "b"];
	q19 -> q22 [label = "a, c"];
	q15 -> q4 [label = "b"];
	q19 -> q8 [label = "c"];
	q10 -> q17 [label = "b"];
	q14 -> q15 [label = "c"];
	q12 -> q22 [label = "b"];
	q2 -> q0 [label = "c"];
	q14 -> q19 [label = "c"];
	q9 -> q6 [label = "a, c"];
	q15 -> q21 [label = "c"];
	q11 -> q22 [label = "a, b, c"];
	q21 -> q7 [label = "b"];
	q4 -> q8 [label = "a"];
	q9 -> q17 [label = "b, c"];
	q22 -> q19 [label = "a"];
	q6 -> q18 [label = "b"];
	q20 -> q1 [label = "b"];
	q17 -> q7 [label = "c"];
	q15 -> q22 [label = "a, c"];
	q9 -> q5 [label = "a, c"];
	q5 -> q7 [label = "b"];
	q19 -> q6 [label = "c"];
	q10 -> q5 [label = "a"];
	q19 -> q19 [label = "a, c"];
	q11 -> q21 [label = "a, c"];
	q14 -> q2 [label = "a, b, c"];
	q21 -> q2 [label = "b"];
	q19 -> q2 [label = "c"];
	q18 -> q7 [label = "b, c"];
	q15 -> q2 [label = "c"];
	q11 -> q8 [label = "a, c"];
	q15 -> q15 [label = "a, c"];
	q21 -> q1 [label = "b"];
	q12 -> q13 [label = "b"];
	q3 -> q19 [label = "c"];
	q21 -> q17 [label = "b"];
	q13 -> q16 [label = "c"];
	q21 -> q5 [label = "a"];
	q4 -> q5 [label = "a, c"];
	q9 -> q3 [label = "b, c"];
	q9 -> q2 [label = "a, b, c"];
	q13 -> q2 [label = "b"];
	q9 -> q8 [label = "a, b, c"];
	q19 -> q5 [label = "a, c"];
	q9 -> q4 [label = "a, b"];
	q17 -> q3 [label = "c"];
	q3 -> q22 [label = "a, c"];
	q15 -> q5 [label = "a, c"];
	q9 -> q7 [label = "b, c"];
	q14 -> q21 [label = "a"];
	q14 -> q5 [label = "a, c"];
	q6 -> q22 [label = "a, c"];
	q9 -> q12 [label = "b, c"];
	q6 -> q0 [label = "b"];
	q11 -> q1 [label = "b"];
	q1 -> q18 [label = "c"];
	q9 -> q14 [label = "b"];
	q15 -> q14 [label = "b"];
	q9 -> q1 [label = "b, c"];
	q12 -> q10 [label = "a, b"];
	q11 -> q3 [label = "b"];
	q13 -> q0 [label = "c"];
	q22 -> q6 [label = "c"];
	q15 -> q10 [label = "c"];
	q7 -> q2 [label = "a, b"];
	q11 -> q10 [label = "a, b, c"];
	q10 -> q6 [label = "c"];
	q6 -> q1 [label = "b"];
	q11 -> q20 [label = "b"];
	q13 -> q4 [label = "c"];
	q13 -> q6 [label = "c"];
	q8 -> q0 [label = "c"];
	q8 -> q4 [label = "c"];
	q0 -> q22 [label = "a, c"];
	q12 -> q2 [label = "a, b"];
	q14 -> q1 [label = "b, c"];
	q14 -> q7 [label = "b, c"];
	q18 -> q5 [label = "a, c"];
	q14 -> q8 [label = "a, b"];
	q8 -> q2 [label = "b"];
	q14 -> q17 [label = "b"];
	q10 -> q19 [label = "a"];
	q1 -> q20 [label = "c"];
	q6 -> q13 [label = "c"];
	q19 -> q7 [label = "b"];
	q10 -> q22 [label = "a"];
	q11 -> q2 [label = "a, b, c"];
	q9 -> q20 [label = "b, c"];
	q6 -> q21 [label = "c"];
	q22 -> q5 [label = "a"];
	q17 -> q8 [label = "b"];
	q14 -> q3 [label = "c"];
	q16 -> q18 [label = "b"];
	q0 -> q10 [label = "a"];
	q8 -> q5 [label = "a"];
	q18 -> q10 [label = "a"];
	q10 -> q2 [label = "b"];
	q11 -> q5 [label = "a, b, c"];
	q0 -> q5 [label = "a, c"];
	q11 -> q19 [label = "b"];
	q10 -> q7 [label = "b"];
	q12 -> q14 [label = "c"];
	q6 -> q14 [label = "b"];
	q13 -> q22 [label = "a"];
	q6 -> q10 [label = "c"];
	q12 -> q3 [label = "c"];
	q6 -> q7 [label = "b"];
	q14 -> q22 [label = "a, c"];
	q12 -> q7 [label = "c"];
	q12 -> q18 [label = "c"];
	q4 -> q2 [label = "a, b, c"];
	q18 -> q2 [label = "a, b, c"];
	q19 -> q15 [label = "a, c"];
	q4 -> q22 [label = "a, c"];
	q0 -> q2 [label = "a, b, c"];
	q11 -> q15 [label = "b"];
	q12 -> q5 [label = "a, b"];
	q6 -> q3 [label = "b"];
	q17 -> q0 [label = "c"];
	q2 -> q2 [label = "b"];
	q6 -> q8 [label = "c"];
	q6 -> q2 [label = "b, c"];
	q6 -> q4 [label = "b"];
	q20 -> q7 [label = "b, c"];
	q6 -> q20 [label = "b"];
	q15 -> q8 [label = "c"];
	q4 -> q10 [label = "a"];
}
NFA size: 23 states

AL* output after 17 EQ and 2842 MQ:
digraph finite_state_machine {
	rankdir=LR;
	node [shape = circle];
	s0 [shape = point, style = invis, start="true" ];
	s1 [shape = point, style = invis, start="true" ];
	s2 [shape = point, style = invis, start="true" ];
	q0 [label = "q0", shape = doublecircle, final="true" ];
	q1 [label = "q1"];
	q2 [label = "q2", shape = doublecircle, final="true" ];
	q3 [label = "q3", shape = doublecircle, final="true" ];
	q4 [label = "q4", shape = doublecircle, final="true" ];
	q5 [label = "q5"];
	q6 [label = "q6", shape = doublecircle, final="true" ];
	q7 [label = "q7"];
	m0 [label = "", shape = square, style = filled, color=grey, fixedsize=true, width=.2];
	m1 [label = "", shape = square, style = filled, color=grey, fixedsize=true, width=.2];
	m2 [label = "", shape = square, style = filled, color=grey, fixedsize=true, width=.2];
	m3 [label = "", shape = square, style = filled, color=grey, fixedsize=true, width=.2];
	m4 [label = "", shape = square, style = filled, color=grey, fixedsize=true, width=.2];
	m5 [label = "", shape = square, style = filled, color=grey, fixedsize=true, width=.2];
	m6 [label = "", shape = square, style = filled, color=grey, fixedsize=true, width=.2];
	m7 [label = "", shape = square, style = filled, color=grey, fixedsize=true, width=.2];
	m8 [label = "", shape = square, style = filled, color=grey, fixedsize=true, width=.2];
	m9 [label = "", shape = square, style = filled, color=grey, fixedsize=true, width=.2];
	m10 [label = "", shape = square, style = filled, color=grey, fixedsize=true, width=.2];
	s0 -> m0
	s1 -> m1
	s2 -> m2
	q5 -> q6 [label = "b"];
	q4 -> m4 [label = "b"];
	q6 -> m10 [label = "a"];
	q1 -> q4 [label = "c"];
	q4 -> m5 [label = "b"];
	q5 -> q4 [label = "a"];
	q6 -> q4 [label = "b"];
	q2 -> m0 [label = "a, c"];
	q2 -> m6 [label = "a"];
	q2 -> q4 [label = "a, c"];
	q0 -> m0 [label = "c"];
	q7 -> m0 [label = "a, c"];
	q4 -> m2 [label = "a"];
	q1 -> m2 [label = "a"];
	q0 -> m4 [label = "b, c"];
	q0 -> m3 [label = "a"];
	q2 -> q6 [label = "b, c"];
	q5 -> m0 [label = "c"];
	q6 -> m1 [label = "c"];
	q1 -> m0 [label = "a, c"];
	q2 -> m1 [label = "b"];
	q0 -> m2 [label = "a"];
	q4 -> m0 [label = "a"];
	q7 -> m5 [label = "b"];
	q7 -> m9 [label = "c"];
	q0 -> m5 [label = "b"];
	q4 -> q3 [label = "c"];
	q0 -> m7 [label = "c"];
	q7 -> m2 [label = "a, c"];
	q5 -> m8 [label = "c"];
	q3 -> q4 [label = "a, c"];
	q5 -> m2 [label = "c"];
	q5 -> m5 [label = "c"];
	q3 -> q2 [label = "b"];
	q7 -> m7 [label = "b, c"];
	q1 -> m1 [label = "b"];
	m0 -> q1;
	m0 -> q2;
	m0 -> q3;
	m1 -> q2;
	m1 -> q5;
	m2 -> q1;
	m2 -> q2;
	m2 -> q4;
	m2 -> q7;
	m3 -> q1;
	m3 -> q2;
	m3 -> q3;
	m3 -> q7;
	m4 -> q3;
	m4 -> q6;
	m5 -> q2;
	m5 -> q5;
	m5 -> q6;
	m6 -> q2;
	m6 -> q3;
	m6 -> q5;
	m7 -> q0;
	m7 -> q2;
	m7 -> q3;
	m7 -> q4;
	m7 -> q5;
	m8 -> q0;
	m8 -> q2;
	m8 -> q3;
	m8 -> q4;
	m8 -> q6;
	m9 -> q4;
	m9 -> q6;
	m10 -> q0;
	m10 -> q2;
	m10 -> q4;
}
AFA size: 8 states

AL** output after 18 EQ and 2842 MQ:
digraph finite_state_machine {
	rankdir=LR;
	node [shape = circle];
	s0 [shape = point, style = invis, start="true" ];
	s1 [shape = point, style = invis, start="true" ];
	s2 [shape = point, style = invis, start="true" ];
	q0 [label = "q0", shape = doublecircle, final="true" ];
	q1 [label = "q1"];
	q2 [label = "q2", shape = doublecircle, final="true" ];
	q3 [label = "q3", shape = doublecircle, final="true" ];
	q4 [label = "q4", shape = doublecircle, final="true" ];
	q5 [label = "q5"];
	q6 [label = "q6", shape = doublecircle, final="true" ];
	q7 [label = "q7"];
	m0 [label = "", shape = square, style = filled, color=grey, fixedsize=true, width=.2];
	m1 [label = "", shape = square, style = filled, color=grey, fixedsize=true, width=.2];
	m2 [label = "", shape = square, style = filled, color=grey, fixedsize=true, width=.2];
	m3 [label = "", shape = square, style = filled, color=grey, fixedsize=true, width=.2];
	m4 [label = "", shape = square, style = filled, color=grey, fixedsize=true, width=.2];
	m5 [label = "", shape = square, style = filled, color=grey, fixedsize=true, width=.2];
	m6 [label = "", shape = square, style = filled, color=grey, fixedsize=true, width=.2];
	m7 [label = "", shape = square, style = filled, color=grey, fixedsize=true, width=.2];
	m8 [label = "", shape = square, style = filled, color=grey, fixedsize=true, width=.2];
	m9 [label = "", shape = square, style = filled, color=grey, fixedsize=true, width=.2];
	m10 [label = "", shape = square, style = filled, color=grey, fixedsize=true, width=.2];
	s0 -> m0
	s1 -> m1
	s2 -> m2
	q5 -> q6 [label = "b"];
	q4 -> m4 [label = "b"];
	q6 -> m10 [label = "a"];
	q1 -> q4 [label = "c"];
	q4 -> m5 [label = "b"];
	q5 -> q4 [label = "a"];
	q6 -> q4 [label = "b"];
	q2 -> m0 [label = "a, c"];
	q2 -> m6 [label = "a"];
	q2 -> q4 [label = "a, c"];
	q0 -> m0 [label = "c"];
	q7 -> m0 [label = "a, c"];
	q4 -> m2 [label = "a"];
	q1 -> m2 [label = "a"];
	q0 -> m4 [label = "b, c"];
	q0 -> m3 [label = "a"];
	q2 -> q6 [label = "b, c"];
	q5 -> m0 [label = "c"];
	q6 -> m1 [label = "c"];
	q1 -> m0 [label = "a, c"];
	q2 -> m1 [label = "b"];
	q0 -> m2 [label = "a"];
	q4 -> m0 [label = "a"];
	q7 -> m5 [label = "b"];
	q7 -> m9 [label = "c"];
	q0 -> m5 [label = "b"];
	q4 -> q3 [label = "c"];
	q0 -> m7 [label = "c"];
	q7 -> m2 [label = "a, c"];
	q5 -> m8 [label = "c"];
	q3 -> q4 [label = "a, c"];
	q5 -> m2 [label = "c"];
	q5 -> m5 [label = "c"];
	q3 -> q2 [label = "b"];
	q7 -> m7 [label = "b, c"];
	q1 -> m1 [label = "b"];
	m0 -> q1;
	m0 -> q2;
	m0 -> q3;
	m1 -> q2;
	m1 -> q5;
	m2 -> q1;
	m2 -> q2;
	m2 -> q4;
	m2 -> q7;
	m3 -> q1;
	m3 -> q2;
	m3 -> q3;
	m3 -> q7;
	m4 -> q3;
	m4 -> q6;
	m5 -> q2;
	m5 -> q5;
	m5 -> q6;
	m6 -> q2;
	m6 -> q3;
	m6 -> q5;
	m7 -> q0;
	m7 -> q2;
	m7 -> q3;
	m7 -> q4;
	m7 -> q5;
	m8 -> q0;
	m8 -> q2;
	m8 -> q3;
	m8 -> q4;
	m8 -> q6;
	m9 -> q4;
	m9 -> q6;
	m10 -> q0;
	m10 -> q2;
	m10 -> q4;
}
RAFA size: 8 states

