Random target AFA:
digraph finite_state_machine {
	rankdir=LR;
	node [shape = circle];
	s0 [shape = point, style = invis, start="true" ];
	s1 [shape = point, style = invis, start="true" ];
	q0 [label = "q0"];
	q1 [label = "q1"];
	q2 [label = "q2"];
	q3 [label = "q3"];
	q4 [label = "q4", shape = doublecircle, final="true" ];
	q5 [label = "q5", shape = doublecircle, final="true" ];
	m0 [label = "", shape = square, style = filled, color=grey, fixedsize=true, width=.2];
	m1 [label = "", shape = square, style = filled, color=grey, fixedsize=true, width=.2];
	m2 [label = "", shape = square, style = filled, color=grey, fixedsize=true, width=.2];
	m3 [label = "", shape = square, style = filled, color=grey, fixedsize=true, width=.2];
	m4 [label = "", shape = square, style = filled, color=grey, fixedsize=true, width=.2];
	m5 [label = "", shape = square, style = filled, color=grey, fixedsize=true, width=.2];
	m6 [label = "", shape = square, style = filled, color=grey, fixedsize=true, width=.2];
	s0 -> q1
	s1 -> q0
	q3 -> q4 [label = "c"];
	q2 -> q5 [label = "c"];
	q4 -> q3 [label = "b"];
	q1 -> q4 [label = "c"];
	q5 -> q1 [label = "a"];
	q3 -> m3 [label = "a"];
	q1 -> q5 [label = "b, c"];
	q2 -> q1 [label = "b"];
	q4 -> q2 [label = "a, c"];
	q4 -> q5 [label = "c"];
	q0 -> q1 [label = "b"];
	q5 -> q0 [label = "b, c"];
	q3 -> m1 [label = "b, c"];
	q3 -> m2 [label = "a, b"];
	q0 -> q4 [label = "a"];
	q4 -> m5 [label = "b"];
	q5 -> m4 [label = "a"];
	q0 -> q3 [label = "a, b, c"];
	q2 -> m6 [label = "c"];
	q2 -> q4 [label = "a, b"];
	q0 -> m0 [label = "c"];
	q1 -> q3 [label = "a, b"];
	q4 -> q0 [label = "a"];
	m0 -> q1;
	m0 -> q3;
	m1 -> q1;
	m1 -> q2;
	m2 -> q3;
	m2 -> q5;
	m3 -> q0;
	m3 -> q5;
	m4 -> q0;
	m4 -> q3;
	m5 -> q3;
	m5 -> q4;
	m6 -> q1;
	m6 -> q4;
}

L* output after 12 EQ and 15656 MQ:
digraph finite_state_machine {
	rankdir=LR;
	node [shape = circle];
	s0 [shape = point, style = invis, start="true" ];
	q0 [label = "q0"];
	q1 [label = "q1"];
	q2 [label = "q2"];
	q3 [label = "q3", shape = doublecircle, final="true" ];
	q4 [label = "q4", shape = doublecircle, final="true" ];
	q5 [label = "q5", shape = doublecircle, final="true" ];
	q6 [label = "q6", shape = doublecircle, final="true" ];
	q7 [label = "q7", shape = doublecircle, final="true" ];
	q8 [label = "q8"];
	q9 [label = "q9", shape = doublecircle, final="true" ];
	q10 [label = "q10", shape = doublecircle, final="true" ];
	q11 [label = "q11"];
	q12 [label = "q12", shape = doublecircle, final="true" ];
	q13 [label = "q13"];
	q14 [label = "q14", shape = doublecircle, final="true" ];
	q15 [label = "q15", shape = doublecircle, final="true" ];
	q16 [label = "q16", shape = doublecircle, final="true" ];
	q17 [label = "q17", shape = doublecircle, final="true" ];
	q18 [label = "q18", shape = doublecircle, final="true" ];
	q19 [label = "q19", shape = doublecircle, final="true" ];
	q20 [label = "q20"];
	q21 [label = "q21", shape = doublecircle, final="true" ];
	q22 [label = "q22"];
	q23 [label = "q23"];
	q24 [label = "q24", shape = doublecircle, final="true" ];
	q25 [label = "q25"];
	q26 [label = "q26", shape = doublecircle, final="true" ];
	q27 [label = "q27"];
	q28 [label = "q28"];
	q29 [label = "q29", shape = doublecircle, final="true" ];
	q30 [label = "q30", shape = doublecircle, final="true" ];
	q31 [label = "q31", shape = doublecircle, final="true" ];
	q32 [label = "q32"];
	q33 [label = "q33", shape = doublecircle, final="true" ];
	q34 [label = "q34", shape = doublecircle, final="true" ];
	q35 [label = "q35", shape = doublecircle, final="true" ];
	q36 [label = "q36", shape = doublecircle, final="true" ];
	q37 [label = "q37", shape = doublecircle, final="true" ];
	q38 [label = "q38", shape = doublecircle, final="true" ];
	q39 [label = "q39", shape = doublecircle, final="true" ];
	q40 [label = "q40", shape = doublecircle, final="true" ];
	q41 [label = "q41"];
	q42 [label = "q42"];
	q43 [label = "q43", shape = doublecircle, final="true" ];
	q44 [label = "q44", shape = doublecircle, final="true" ];
	q45 [label = "q45", shape = doublecircle, final="true" ];
	q46 [label = "q46", shape = doublecircle, final="true" ];
	q47 [label = "q47", shape = doublecircle, final="true" ];
	q48 [label = "q48", shape = doublecircle, final="true" ];
	q49 [label = "q49", shape = doublecircle, final="true" ];
	q50 [label = "q50", shape = doublecircle, final="true" ];
	q51 [label = "q51", shape = doublecircle, final="true" ];
	q52 [label = "q52"];
	q53 [label = "q53", shape = doublecircle, final="true" ];
	q54 [label = "q54"];
	q55 [label = "q55", shape = doublecircle, final="true" ];
	q56 [label = "q56", shape = doublecircle, final="true" ];
	q57 [label = "q57", shape = doublecircle, final="true" ];
	q58 [label = "q58"];
	q59 [label = "q59", shape = doublecircle, final="true" ];
	q60 [label = "q60"];
	q61 [label = "q61", shape = doublecircle, final="true" ];
	q62 [label = "q62", shape = doublecircle, final="true" ];
	q63 [label = "q63", shape = doublecircle, final="true" ];
	q64 [label = "q64"];
	q65 [label = "q65", shape = doublecircle, final="true" ];
	q66 [label = "q66", shape = doublecircle, final="true" ];
	q67 [label = "q67"];
	q68 [label = "q68"];
	q69 [label = "q69"];
	q70 [label = "q70", shape = doublecircle, final="true" ];
	q71 [label = "q71", shape = doublecircle, final="true" ];
	q72 [label = "q72", shape = doublecircle, final="true" ];
	q73 [label = "q73"];
	q74 [label = "q74"];
	q75 [label = "q75", shape = doublecircle, final="true" ];
	q76 [label = "q76", shape = doublecircle, final="true" ];
	q77 [label = "q77"];
	q78 [label = "q78", shape = doublecircle, final="true" ];
	q79 [label = "q79"];
	q80 [label = "q80", shape = doublecircle, final="true" ];
	q81 [label = "q81", shape = doublecircle, final="true" ];
	q82 [label = "q82"];
	q83 [label = "q83"];
	q84 [label = "q84", shape = doublecircle, final="true" ];
	q85 [label = "q85"];
	q86 [label = "q86", shape = doublecircle, final="true" ];
	q87 [label = "q87", shape = doublecircle, final="true" ];
	q88 [label = "q88", shape = doublecircle, final="true" ];
	q89 [label = "q89", shape = doublecircle, final="true" ];
	q90 [label = "q90"];
	q91 [label = "q91", shape = doublecircle, final="true" ];
	q92 [label = "q92", shape = doublecircle, final="true" ];
	q93 [label = "q93", shape = doublecircle, final="true" ];
	q94 [label = "q94", shape = doublecircle, final="true" ];
	q95 [label = "q95", shape = doublecircle, final="true" ];
	q96 [label = "q96", shape = doublecircle, final="true" ];
	s0 -> q54
	q85 -> q67 [label = "b"];
	q83 -> q24 [label = "c"];
	q84 -> q85 [label = "b"];
	q82 -> q84 [label = "c"];
	q86 -> q63 [label = "a"];
	q81 -> q94 [label = "c"];
	q87 -> q43 [label = "b"];
	q83 -> q77 [label = "a"];
	q83 -> q2 [label = "b"];
	q81 -> q45 [label = "a"];
	q84 -> q67 [label = "a"];
	q82 -> q79 [label = "a"];
	q82 -> q40 [label = "b"];
	q79 -> q25 [label = "a"];
	q75 -> q87 [label = "c"];
	q76 -> q81 [label = "b"];
	q79 -> q82 [label = "b"];
	q77 -> q25 [label = "a"];
	q73 -> q76 [label = "c"];
	q79 -> q96 [label = "c"];
	q7 -> q43 [label = "b"];
	q60 -> q64 [label = "a"];
	q5 -> q51 [label = "c"];
	q2 -> q14 [label = "b"];
	q92 -> q91 [label = "c"];
	q2 -> q77 [label = "a"];
	q0 -> q14 [label = "b"];
	q0 -> q62 [label = "c"];
	q6 -> q29 [label = "c"];
	q3 -> q72 [label = "a"];
	q12 -> q7 [label = "c"];
	q8 -> q25 [label = "a"];
	q5 -> q73 [label = "b"];
	q3 -> q39 [label = "c"];
	q91 -> q43 [label = "b"];
	q8 -> q4 [label = "c"];
	q11 -> q20 [label = "b"];
	q9 -> q17 [label = "a"];
	q51 -> q72 [label = "a"];
	q13 -> q6 [label = "c"];
	q96 -> q40 [label = "b"];
	q38 -> q49 [label = "b"];
	q9 -> q49 [label = "b"];
	q19 -> q86 [label = "c"];
	q23 -> q11 [label = "a"];
	q32 -> q78 [label = "c"];
	q5 -> q72 [label = "a"];
	q85 -> q15 [label = "a"];
	q26 -> q20 [label = "b"];
	q28 -> q95 [label = "c"];
	q24 -> q74 [label = "a"];
	q24 -> q40 [label = "b"];
	q60 -> q65 [label = "c"];
	q1 -> q12 [label = "b"];
	q12 -> q78 [label = "b"];
	q30 -> q92 [label = "c"];
	q28 -> q77 [label = "a"];
	q20 -> q62 [label = "c"];
	q29 -> q51 [label = "c"];
	q25 -> q20 [label = "b"];
	q25 -> q11 [label = "a"];
	q26 -> q22 [label = "a"];
	q10 -> q1 [label = "b"];
	q7 -> q36 [label = "c"];
	q28 -> q40 [label = "b"];
	q30 -> q17 [label = "a"];
	q4 -> q3 [label = "c"];
	q27 -> q18 [label = "c"];
	q29 -> q43 [label = "b"];
	q41 -> q15 [label = "a"];
	q31 -> q49 [label = "b"];
	q15 -> q20 [label = "b"];
	q31 -> q17 [label = "a"];
	q78 -> q67 [label = "a"];
	q32 -> q15 [label = "a"];
	q4 -> q32 [label = "a"];
	q36 -> q51 [label = "c"];
	q32 -> q17 [label = "b"];
	q34 -> q63 [label = "a"];
	q38 -> q91 [label = "c"];
	q22 -> q19 [label = "c"];
	q54 -> q57 [label = "c"];
	q58 -> q62 [label = "c"];
	q40 -> q14 [label = "b"];
	q90 -> q40 [label = "b"];
	q10 -> q41 [label = "a"];
	q94 -> q86 [label = "c"];
	q84 -> q39 [label = "c"];
	q36 -> q49 [label = "b"];
	q20 -> q40 [label = "b"];
	q88 -> q86 [label = "c"];
	q67 -> q95 [label = "c"];
	q36 -> q72 [label = "a"];
	q35 -> q81 [label = "b"];
	q93 -> q33 [label = "c"];
	q27 -> q23 [label = "a"];
	q21 -> q1 [label = "b"];
	q41 -> q76 [label = "c"];
	q3 -> q49 [label = "b"];
	q91 -> q63 [label = "a"];
	q1 -> q76 [label = "c"];
	q2 -> q95 [label = "c"];
	q11 -> q11 [label = "a"];
	q57 -> q42 [label = "b"];
	q96 -> q32 [label = "a"];
	q41 -> q46 [label = "b"];
	q35 -> q39 [label = "c"];
	q89 -> q68 [label = "a"];
	q50 -> q38 [label = "c"];
	q95 -> q81 [label = "b"];
	q88 -> q49 [label = "b"];
	q44 -> q67 [label = "a"];
	q94 -> q43 [label = "b"];
	q64 -> q27 [label = "a"];
	q75 -> q28 [label = "a"];
	q30 -> q73 [label = "b"];
	q46 -> q51 [label = "b"];
	q44 -> q50 [label = "c"];
	q68 -> q46 [label = "b"];
	q37 -> q30 [label = "c"];
	q67 -> q77 [label = "a"];
	q34 -> q34 [label = "c"];
	q6 -> q81 [label = "b"];
	q14 -> q14 [label = "b"];
	q4 -> q40 [label = "b"];
	q14 -> q7 [label = "c"];
	q89 -> q42 [label = "b"];
	q21 -> q39 [label = "c"];
	q95 -> q41 [label = "a"];
	q55 -> q58 [label = "b"];
	q65 -> q90 [label = "a"];
	q45 -> q74 [label = "a"];
	q90 -> q77 [label = "a"];
	q93 -> q70 [label = "a"];
	q50 -> q43 [label = "b"];
	q42 -> q75 [label = "b"];
	q69 -> q79 [label = "a"];
	q8 -> q82 [label = "b"];
	q92 -> q73 [label = "b"];
	q62 -> q48 [label = "c"];
	q37 -> q43 [label = "b"];
	q63 -> q88 [label = "c"];
	q89 -> q36 [label = "c"];
	q66 -> q67 [label = "b"];
	q53 -> q72 [label = "a"];
	q94 -> q63 [label = "a"];
	q91 -> q34 [label = "c"];
	q43 -> q56 [label = "b"];
	q70 -> q70 [label = "a"];
	q13 -> q40 [label = "b"];
	q90 -> q35 [label = "c"];
	q29 -> q72 [label = "a"];
	q22 -> q26 [label = "a"];
	q46 -> q86 [label = "c"];
	q96 -> q31 [label = "c"];
	q70 -> q88 [label = "c"];
	q47 -> q2 [label = "b"];
	q24 -> q9 [label = "c"];
	q46 -> q41 [label = "a"];
	q43 -> q45 [label = "a"];
	q47 -> q93 [label = "c"];
	q87 -> q48 [label = "c"];
	q57 -> q86 [label = "c"];
	q40 -> q87 [label = "c"];
	q80 -> q13 [label = "a"];
	q17 -> q78 [label = "b"];
	q86 -> q49 [label = "b"];
	q26 -> q59 [label = "c"];
	q42 -> q15 [label = "a"];
	q39 -> q92 [label = "c"];
	q51 -> q43 [label = "b"];
	q33 -> q49 [label = "b"];
	q37 -> q17 [label = "a"];
	q52 -> q44 [label = "c"];
	q39 -> q17 [label = "a"];
	q93 -> q75 [label = "b"];
	q33 -> q29 [label = "c"];
	q35 -> q67 [label = "a"];
	q10 -> q36 [label = "c"];
	q7 -> q63 [label = "a"];
	q63 -> q46 [label = "b"];
	q59 -> q48 [label = "c"];
	q9 -> q5 [label = "c"];
	q15 -> q22 [label = "a"];
	q49 -> q56 [label = "b"];
	q6 -> q67 [label = "a"];
	q58 -> q61 [label = "b"];
	q11 -> q18 [label = "c"];
	q13 -> q77 [label = "a"];
	q16 -> q63 [label = "a"];
	q18 -> q1 [label = "b"];
	q16 -> q49 [label = "b"];
	q80 -> q37 [label = "c"];
	q20 -> q8 [label = "a"];
	q17 -> q59 [label = "c"];
	q16 -> q36 [label = "c"];
	q49 -> q70 [label = "a"];
	q48 -> q17 [label = "a"];
	q17 -> q74 [label = "a"];
	q19 -> q1 [label = "b"];
	q23 -> q21 [label = "c"];
	q23 -> q20 [label = "b"];
	q66 -> q71 [label = "c"];
	q87 -> q63 [label = "a"];
	q19 -> q41 [label = "a"];
	q14 -> q28 [label = "a"];
	q18 -> q48 [label = "c"];
	q52 -> q26 [label = "a"];
	q42 -> q76 [label = "c"];
	q77 -> q20 [label = "b"];
	q44 -> q1 [label = "b"];
	q53 -> q39 [label = "c"];
	q45 -> q40 [label = "b"];
	q55 -> q52 [label = "a"];
	q81 -> q12 [label = "b"];
	q59 -> q49 [label = "b"];
	q76 -> q41 [label = "a"];
	q95 -> q36 [label = "c"];
	q47 -> q28 [label = "a"];
	q73 -> q15 [label = "a"];
	q48 -> q49 [label = "b"];
	q50 -> q63 [label = "a"];
	q48 -> q92 [label = "c"];
	q64 -> q20 [label = "b"];
	q40 -> q28 [label = "a"];
	q68 -> q19 [label = "c"];
	q54 -> q56 [label = "b"];
	q22 -> q17 [label = "b"];
	q55 -> q59 [label = "c"];
	q34 -> q49 [label = "b"];
	q67 -> q78 [label = "b"];
	q52 -> q17 [label = "b"];
	q33 -> q72 [label = "a"];
	q54 -> q55 [label = "a"];
	q18 -> q41 [label = "a"];
	q53 -> q73 [label = "b"];
	q85 -> q45 [label = "c"];
	q56 -> q67 [label = "a"];
	q39 -> q43 [label = "b"];
	q62 -> q66 [label = "b"];
	q74 -> q76 [label = "c"];
	q56 -> q51 [label = "b"];
	q58 -> q60 [label = "a"];
	q71 -> q70 [label = "a"];
	q71 -> q16 [label = "c"];
	q45 -> q16 [label = "c"];
	q56 -> q50 [label = "c"];
	q12 -> q28 [label = "a"];
	q57 -> q68 [label = "a"];
	q61 -> q87 [label = "c"];
	q92 -> q72 [label = "a"];
	q74 -> q15 [label = "a"];
	q59 -> q63 [label = "a"];
	q61 -> q28 [label = "a"];
	q60 -> q69 [label = "b"];
	q62 -> q41 [label = "a"];
	q61 -> q47 [label = "b"];
	q63 -> q70 [label = "a"];
	q66 -> q45 [label = "a"];
	q15 -> q16 [label = "c"];
	q64 -> q89 [label = "c"];
	q0 -> q8 [label = "a"];
	q68 -> q26 [label = "a"];
	q1 -> q15 [label = "a"];
	q21 -> q67 [label = "a"];
	q43 -> q94 [label = "c"];
	q70 -> q17 [label = "b"];
	q88 -> q63 [label = "a"];
	q69 -> q80 [label = "c"];
	q80 -> q83 [label = "b"];
	q65 -> q40 [label = "b"];
	q65 -> q53 [label = "c"];
	q71 -> q75 [label = "b"];
	q69 -> q0 [label = "b"];
	q72 -> q78 [label = "b"];
	q72 -> q74 [label = "a"];
	q74 -> q17 [label = "b"];
	q49 -> q88 [label = "c"];
	q76 -> q86 [label = "c"];
	q86 -> q38 [label = "c"];
	q25 -> q10 [label = "c"];
	q72 -> q16 [label = "c"];
	q27 -> q58 [label = "b"];
	q78 -> q81 [label = "b"];
	q75 -> q78 [label = "b"];
	q51 -> q91 [label = "c"];
	q77 -> q95 [label = "c"];
	q31 -> q30 [label = "c"];
	q38 -> q72 [label = "a"];
	q78 -> q50 [label = "c"];
	q73 -> q56 [label = "b"];
}
DFA size: 97 states

NL* output after 14 EQ and 6045 MQ:
digraph finite_state_machine {
	rankdir=LR;
	node [shape = circle];
	s0 [shape = point, style = invis, start="true" ];
	s1 [shape = point, style = invis, start="true" ];
	q0 [label = "q0", shape = doublecircle, final="true" ];
	q1 [label = "q1", shape = doublecircle, final="true" ];
	q2 [label = "q2", shape = doublecircle, final="true" ];
	q3 [label = "q3", shape = doublecircle, final="true" ];
	q4 [label = "q4"];
	q5 [label = "q5", shape = doublecircle, final="true" ];
	q6 [label = "q6"];
	q7 [label = "q7", shape = doublecircle, final="true" ];
	q8 [label = "q8", shape = doublecircle, final="true" ];
	q9 [label = "q9"];
	q10 [label = "q10"];
	q11 [label = "q11", shape = doublecircle, final="true" ];
	q12 [label = "q12", shape = doublecircle, final="true" ];
	q13 [label = "q13"];
	q14 [label = "q14", shape = doublecircle, final="true" ];
	q15 [label = "q15", shape = doublecircle, final="true" ];
	q16 [label = "q16"];
	q17 [label = "q17"];
	q18 [label = "q18", shape = doublecircle, final="true" ];
	q19 [label = "q19"];
	q20 [label = "q20", shape = doublecircle, final="true" ];
	q21 [label = "q21"];
	q22 [label = "q22"];
	q23 [label = "q23"];
	q24 [label = "q24"];
	q25 [label = "q25", shape = doublecircle, final="true" ];
	q26 [label = "q26"];
	q27 [label = "q27", shape = doublecircle, final="true" ];
	q28 [label = "q28"];
	q29 [label = "q29", shape = doublecircle, final="true" ];
	q30 [label = "q30"];
	q31 [label = "q31", shape = doublecircle, final="true" ];
	q32 [label = "q32", shape = doublecircle, final="true" ];
	q33 [label = "q33"];
	s0 -> q16
	s1 -> q21
	q18 -> q31 [label = "c"];
	q18 -> q25 [label = "c"];
	q18 -> q14 [label = "c"];
	q18 -> q12 [label = "c"];
	q18 -> q3 [label = "c"];
	q18 -> q2 [label = "c"];
	q23 -> q5 [label = "b"];
	q17 -> q24 [label = "b"];
	q23 -> q33 [label = "b, c"];
	q23 -> q32 [label = "c"];
	q23 -> q28 [label = "b, c"];
	q23 -> q25 [label = "b, c"];
	q8 -> q25 [label = "b"];
	q5 -> q15 [label = "b"];
	q8 -> q19 [label = "b"];
	q14 -> q21 [label = "b"];
	q10 -> q30 [label = "a"];
	q14 -> q22 [label = "a, b"];
	q14 -> q30 [label = "a, b, c"];
	q14 -> q23 [label = "b"];
	q14 -> q16 [label = "a, b"];
	q13 -> q24 [label = "b, c"];
	q14 -> q6 [label = "b"];
	q12 -> q33 [label = "a, b"];
	q12 -> q21 [label = "a"];
	q12 -> q24 [label = "a, b, c"];
	q14 -> q19 [label = "a, b"];
	q14 -> q33 [label = "a, b"];
	q11 -> q19 [label = "a, b"];
	q12 -> q17 [label = "a, b"];
	q8 -> q26 [label = "b"];
	q12 -> q16 [label = "a"];
	q0 -> q9 [label = "a, b"];
	q12 -> q10 [label = "a, b"];
	q2 -> q16 [label = "a, b"];
	q12 -> q9 [label = "a, c"];
	q8 -> q1 [label = "c"];
	q33 -> q25 [label = "c"];
	q13 -> q30 [label = "a, b, c"];
	q13 -> q26 [label = "a, b, c"];
	q6 -> q8 [label = "c"];
	q13 -> q25 [label = "b, c"];
	q13 -> q11 [label = "c"];
	q11 -> q33 [label = "b"];
	q23 -> q10 [label = "a, b, c"];
	q1 -> q18 [label = "a, b"];
	q11 -> q4 [label = "b"];
	q11 -> q30 [label = "a, b, c"];
	q12 -> q6 [label = "a, b"];
	q15 -> q28 [label = "a, b"];
	q15 -> q32 [label = "c"];
	q8 -> q9 [label = "a, b"];
	q24 -> q24 [label = "b"];
	q9 -> q33 [label = "b"];
	q12 -> q22 [label = "a"];
	q15 -> q25 [label = "b, c"];
	q15 -> q17 [label = "c"];
	q32 -> q9 [label = "a, b, c"];
	q32 -> q6 [label = "b"];
	q10 -> q9 [label = "b"];
	q15 -> q14 [label = "c"];
	q20 -> q19 [label = "b"];
	q23 -> q7 [label = "c"];
	q15 -> q7 [label = "c"];
	q11 -> q24 [label = "a, b, c"];
	q8 -> q3 [label = "c"];
	q4 -> q24 [label = "b"];
	q11 -> q9 [label = "a, b, c"];
	q9 -> q30 [label = "b"];
	q27 -> q16 [label = "a, b"];
	q9 -> q15 [label = "b"];
	q9 -> q25 [label = "b, c"];
	q33 -> q8 [label = "c"];
	q19 -> q12 [label = "c"];
	q11 -> q10 [label = "a, b"];
	q21 -> q33 [label = "b"];
	q14 -> q26 [label = "a, b"];
	q1 -> q17 [label = "b"];
	q15 -> q15 [label = "b"];
	q19 -> q7 [label = "c"];
	q22 -> q10 [label = "a, b"];
	q1 -> q33 [label = "a, b"];
	q21 -> q16 [label = "b, c"];
	q2 -> q3 [label = "c"];
	q7 -> q4 [label = "a"];
	q12 -> q13 [label = "a, c"];
	q7 -> q33 [label = "a, b"];
	q21 -> q17 [label = "b, c"];
	q16 -> q19 [label = "b"];
	q20 -> q13 [label = "a"];
	q21 -> q11 [label = "b"];
	q27 -> q17 [label = "b, c"];
	q21 -> q7 [label = "b"];
	q31 -> q4 [label = "a, b"];
	q21 -> q5 [label = "b"];
	q3 -> q10 [label = "a, b"];
	q23 -> q30 [label = "a, b, c"];
	q15 -> q9 [label = "a, b"];
	q23 -> q17 [label = "a, c"];
	q33 -> q28 [label = "b"];
	q26 -> q19 [label = "b"];
	q32 -> q23 [label = "b"];
	q31 -> q16 [label = "a, b"];
	q7 -> q19 [label = "a"];
	q24 -> q19 [label = "b"];
	q23 -> q11 [label = "c"];
	q24 -> q9 [label = "b"];
	q6 -> q17 [label = "a, b, c"];
	q29 -> q14 [label = "c"];
	q26 -> q30 [label = "a"];
	q20 -> q12 [label = "c"];
	q30 -> q25 [label = "c"];
	q5 -> q26 [label = "a, b"];
	q7 -> q28 [label = "a"];
	q22 -> q2 [label = "c"];
	q32 -> q3 [label = "c"];
	q1 -> q24 [label = "a, b, c"];
	q29 -> q24 [label = "a, b, c"];
	q7 -> q0 [label = "c"];
	q14 -> q0 [label = "c"];
	q29 -> q10 [label = "a, b"];
	q32 -> q28 [label = "a, b"];
	q30 -> q17 [label = "c"];
	q29 -> q5 [label = "b"];
	q32 -> q19 [label = "a, b"];
	q25 -> q28 [label = "a"];
	q3 -> q25 [label = "a, b"];
	q1 -> q0 [label = "c"];
	q31 -> q33 [label = "a, b"];
	q28 -> q17 [label = "a, c"];
	q9 -> q28 [label = "b"];
	q33 -> q9 [label = "b"];
	q3 -> q6 [label = "b"];
	q12 -> q19 [label = "a"];
	q27 -> q0 [label = "c"];
	q8 -> q4 [label = "b"];
	q14 -> q11 [label = "a"];
	q21 -> q26 [label = "a, b, c"];
	q31 -> q28 [label = "a, b"];
	q23 -> q18 [label = "b, c"];
	q18 -> q30 [label = "a"];
	q31 -> q24 [label = "a, b, c"];
	q7 -> q3 [label = "c"];
	q26 -> q17 [label = "c"];
	q23 -> q2 [label = "c"];
	q24 -> q25 [label = "c"];
	q31 -> q22 [label = "a"];
	q1 -> q16 [label = "b"];
	q27 -> q30 [label = "a, b, c"];
	q11 -> q17 [label = "a, b, c"];
	q23 -> q20 [label = "a, c"];
	q9 -> q9 [label = "b"];
	q24 -> q4 [label = "b"];
	q13 -> q17 [label = "c"];
	q2 -> q22 [label = "a"];
	q31 -> q10 [label = "a, b"];
	q29 -> q4 [label = "b"];
	q14 -> q24 [label = "a, b, c"];
	q13 -> q28 [label = "b"];
	q5 -> q31 [label = "b, c"];
	q33 -> q10 [label = "a, b"];
	q26 -> q7 [label = "c"];
	q20 -> q9 [label = "a"];
	q33 -> q30 [label = "a, b"];
	q27 -> q14 [label = "c"];
	q32 -> q15 [label = "c"];
	q0 -> q18 [label = "a"];
	q4 -> q26 [label = "b"];
	q33 -> q33 [label = "b"];
	q14 -> q4 [label = "a, b"];
	q19 -> q25 [label = "b, c"];
	q28 -> q9 [label = "b"];
	q0 -> q22 [label = "b"];
	q31 -> q26 [label = "a, b"];
	q5 -> q3 [label = "c"];
	q6 -> q22 [label = "b"];
	q28 -> q7 [label = "c"];
	q29 -> q23 [label = "a"];
	q27 -> q19 [label = "b"];
	q30 -> q7 [label = "c"];
	q31 -> q23 [label = "b"];
	q29 -> q31 [label = "c"];
	q13 -> q32 [label = "c"];
	q11 -> q28 [label = "a, b, c"];
	q4 -> q7 [label = "c"];
	q21 -> q4 [label = "b"];
	q5 -> q33 [label = "b"];
	q23 -> q16 [label = "a, c"];
	q12 -> q30 [label = "a, c"];
	q2 -> q1 [label = "c"];
	q32 -> q30 [label = "a, b, c"];
	q1 -> q6 [label = "b"];
	q23 -> q27 [label = "c"];
	q27 -> q21 [label = "a"];
	q32 -> q16 [label = "a, b"];
	q6 -> q20 [label = "a, c"];
	q3 -> q5 [label = "a, b"];
	q21 -> q15 [label = "b"];
	q13 -> q4 [label = "b"];
	q14 -> q20 [label = "a"];
	q33 -> q19 [label = "b"];
	q18 -> q8 [label = "c"];
	q31 -> q6 [label = "b"];
	q33 -> q4 [label = "b"];
	q2 -> q21 [label = "a"];
	q23 -> q26 [label = "a, b, c"];
	q30 -> q32 [label = "c"];
	q32 -> q22 [label = "a"];
	q25 -> q3 [label = "c"];
	q29 -> q32 [label = "c"];
	q2 -> q13 [label = "a, c"];
	q13 -> q9 [label = "b"];
	q32 -> q10 [label = "a, b"];
	q5 -> q30 [label = "a, b"];
	q32 -> q17 [label = "a, b"];
	q13 -> q16 [label = "c"];
	q21 -> q10 [label = "b, c"];
	q21 -> q19 [label = "b"];
	q27 -> q23 [label = "b"];
	q20 -> q17 [label = "c"];
	q29 -> q15 [label = "a, b, c"];
	q22 -> q27 [label = "c"];
	q21 -> q30 [label = "b, c"];
	q29 -> q19 [label = "a, b"];
	q27 -> q10 [label = "b"];
	q22 -> q12 [label = "c"];
	q32 -> q33 [label = "a, b"];
	q8 -> q30 [label = "a, b"];
	q11 -> q29 [label = "c"];
	q33 -> q16 [label = "a, b"];
	q27 -> q9 [label = "a, b, c"];
	q25 -> q30 [label = "a"];
	q29 -> q28 [label = "a, b, c"];
	q27 -> q32 [label = "c"];
	q15 -> q19 [label = "b"];
	q29 -> q20 [label = "a"];
	q0 -> q24 [label = "a, b, c"];
	q29 -> q9 [label = "a, b, c"];
	q3 -> q17 [label = "b"];
	q31 -> q19 [label = "a, b"];
	q27 -> q13 [label = "a, c"];
	q29 -> q18 [label = "b"];
	q13 -> q19 [label = "b"];
	q28 -> q10 [label = "a, b"];
	q8 -> q10 [label = "b"];
	q31 -> q3 [label = "c"];
	q31 -> q18 [label = "b"];
	q33 -> q17 [label = "a, b, c"];
	q26 -> q32 [label = "c"];
	q27 -> q24 [label = "a, b, c"];
	q14 -> q17 [label = "a, b"];
	q23 -> q24 [label = "b, c"];
	q27 -> q25 [label = "c"];
	q8 -> q18 [label = "b"];
	q7 -> q30 [label = "a, c"];
	q27 -> q28 [label = "b, c"];
	q0 -> q21 [label = "b"];
	q0 -> q16 [label = "b, c"];
	q1 -> q10 [label = "a, b"];
	q30 -> q19 [label = "b"];
	q2 -> q30 [label = "a, b, c"];
	q29 -> q17 [label = "a, c"];
	q21 -> q28 [label = "b"];
	q13 -> q8 [label = "b"];
	q9 -> q19 [label = "b"];
	q6 -> q33 [label = "b"];
	q9 -> q10 [label = "a, b"];
	q4 -> q28 [label = "b"];
	q14 -> q28 [label = "a, b"];
	q28 -> q18 [label = "b"];
	q28 -> q19 [label = "b"];
	q28 -> q25 [label = "b, c"];
	q5 -> q4 [label = "b"];
	q14 -> q9 [label = "a, b, c"];
	q6 -> q30 [label = "a, b, c"];
	q31 -> q17 [label = "a, b"];
	q28 -> q28 [label = "b"];
	q21 -> q22 [label = "b"];
	q0 -> q10 [label = "a, b, c"];
	q28 -> q32 [label = "c"];
	q2 -> q10 [label = "a, b"];
	q25 -> q33 [label = "b"];
	q0 -> q25 [label = "a, c"];
	q12 -> q28 [label = "a"];
	q28 -> q30 [label = "a, b"];
	q28 -> q33 [label = "b"];
	q8 -> q24 [label = "a, b"];
	q26 -> q2 [label = "c"];
	q25 -> q10 [label = "b"];
	q0 -> q5 [label = "a"];
	q5 -> q25 [label = "b, c"];
	q21 -> q31 [label = "b"];
	q26 -> q25 [label = "c"];
	q29 -> q8 [label = "a"];
	q22 -> q17 [label = "a, b, c"];
	q8 -> q28 [label = "a, b"];
	q22 -> q9 [label = "b, c"];
	q21 -> q9 [label = "b"];
	q4 -> q33 [label = "b"];
	q5 -> q9 [label = "a, b"];
	q31 -> q11 [label = "b"];
	q31 -> q15 [label = "b, c"];
	q5 -> q14 [label = "c"];
	q29 -> q13 [label = "a"];
	q5 -> q11 [label = "b"];
	q11 -> q16 [label = "a, b"];
	q3 -> q0 [label = "c"];
	q0 -> q23 [label = "b"];
	q31 -> q0 [label = "c"];
	q14 -> q10 [label = "a, b"];
	q12 -> q4 [label = "a"];
	q10 -> q16 [label = "a"];
	q29 -> q33 [label = "b"];
	q19 -> q17 [label = "a, c"];
	q5 -> q2 [label = "c"];
	q27 -> q26 [label = "a, b"];
	q27 -> q31 [label = "c"];
	q25 -> q24 [label = "a, b"];
	q6 -> q19 [label = "b, c"];
	q14 -> q18 [label = "a"];
	q1 -> q4 [label = "a, b"];
	q13 -> q15 [label = "b"];
	q22 -> q31 [label = "b, c"];
	q6 -> q4 [label = "b"];
	q21 -> q27 [label = "c"];
	q25 -> q9 [label = "a"];
	q11 -> q26 [label = "a, b"];
	q9 -> q18 [label = "b"];
	q3 -> q22 [label = "b"];
	q25 -> q17 [label = "a"];
	q0 -> q0 [label = "c"];
	q21 -> q24 [label = "b"];
	q23 -> q15 [label = "b, c"];
	q32 -> q24 [label = "a, b, c"];
	q13 -> q7 [label = "c"];
	q32 -> q4 [label = "a, b"];
	q24 -> q10 [label = "a"];
	q30 -> q9 [label = "b"];
	q6 -> q26 [label = "a, b, c"];
	q30 -> q24 [label = "b"];
	q20 -> q25 [label = "c"];
	q8 -> q33 [label = "b"];
	q20 -> q32 [label = "c"];
	q10 -> q26 [label = "a"];
	q29 -> q3 [label = "c"];
	q14 -> q15 [label = "a, c"];
	q33 -> q26 [label = "a, b"];
	q2 -> q4 [label = "a, b"];
	q10 -> q24 [label = "b"];
	q20 -> q24 [label = "a"];
	q12 -> q0 [label = "c"];
	q12 -> q1 [label = "c"];
	q12 -> q3 [label = "c"];
	q12 -> q15 [label = "c"];
	q4 -> q12 [label = "c"];
	q4 -> q17 [label = "a, b, c"];
	q4 -> q25 [label = "b, c"];
	q0 -> q4 [label = "a, b"];
	q29 -> q30 [label = "a, b, c"];
	q0 -> q8 [label = "a"];
	q22 -> q16 [label = "a, b"];
	q27 -> q7 [label = "c"];
	q5 -> q32 [label = "b, c"];
	q0 -> q19 [label = "a, b"];
	q0 -> q20 [label = "a"];
	q13 -> q20 [label = "a, b"];
	q27 -> q15 [label = "c"];
	q0 -> q30 [label = "a, b, c"];
	q28 -> q24 [label = "b"];
	q0 -> q33 [label = "a, b, c"];
	q16 -> q17 [label = "c"];
	q30 -> q26 [label = "a"];
	q2 -> q6 [label = "a, b"];
	q2 -> q9 [label = "a, b, c"];
	q6 -> q15 [label = "c"];
	q2 -> q17 [label = "a, b"];
	q2 -> q28 [label = "a, b"];
	q2 -> q24 [label = "a, b, c"];
	q23 -> q31 [label = "c"];
	q13 -> q18 [label = "b"];
	q3 -> q28 [label = "a, b"];
	q18 -> q28 [label = "a"];
	q13 -> q33 [label = "b, c"];
	q2 -> q26 [label = "a, b"];
	q2 -> q33 [label = "a, b"];
	q10 -> q25 [label = "c"];
	q22 -> q19 [label = "b"];
	q22 -> q28 [label = "b, c"];
	q6 -> q9 [label = "b, c"];
	q6 -> q10 [label = "a, b, c"];
	q1 -> q20 [label = "a, b"];
	q15 -> q10 [label = "b"];
	q6 -> q16 [label = "a, b, c"];
	q6 -> q24 [label = "b, c"];
	q30 -> q30 [label = "a"];
	q3 -> q9 [label = "a, b"];
	q6 -> q28 [label = "b, c"];
	q20 -> q8 [label = "c"];
	q3 -> q4 [label = "a, b"];
	q0 -> q15 [label = "a"];
	q0 -> q6 [label = "b, c"];
	q0 -> q32 [label = "c"];
	q8 -> q17 [label = "a"];
	q0 -> q17 [label = "b, c"];
	q16 -> q30 [label = "c"];
	q0 -> q7 [label = "c"];
	q0 -> q14 [label = "c"];
	q33 -> q24 [label = "b"];
	q4 -> q10 [label = "a, b"];
	q13 -> q10 [label = "a, b, c"];
	q27 -> q1 [label = "c"];
	q5 -> q7 [label = "b, c"];
	q5 -> q8 [label = "c"];
	q3 -> q24 [label = "a, b, c"];
	q5 -> q12 [label = "c"];
	q31 -> q9 [label = "a, b, c"];
	q20 -> q31 [label = "c"];
	q5 -> q17 [label = "a, b, c"];
	q1 -> q5 [label = "a, b"];
	q1 -> q8 [label = "a, b"];
	q1 -> q9 [label = "a, b"];
	q1 -> q15 [label = "a, b"];
	q1 -> q25 [label = "a, b"];
	q0 -> q28 [label = "a, b"];
	q20 -> q7 [label = "c"];
	q1 -> q26 [label = "a, b"];
	q1 -> q28 [label = "a, b"];
	q1 -> q30 [label = "a, b, c"];
	q3 -> q11 [label = "b"];
	q7 -> q17 [label = "a, b"];
	q3 -> q16 [label = "b"];
	q8 -> q13 [label = "a"];
	q3 -> q18 [label = "a, b"];
	q9 -> q7 [label = "c"];
	q14 -> q8 [label = "a"];
	q4 -> q9 [label = "b"];
	q3 -> q19 [label = "a, b"];
	q29 -> q29 [label = "a"];
	q3 -> q21 [label = "b"];
	q3 -> q23 [label = "b"];
	q16 -> q9 [label = "b"];
	q3 -> q26 [label = "a, b"];
	q23 -> q12 [label = "c"];
	q29 -> q16 [label = "a"];
	q3 -> q30 [label = "a, b, c"];
	q12 -> q26 [label = "a"];
	q29 -> q26 [label = "a, b"];
	q7 -> q9 [label = "a, c"];
	q5 -> q28 [label = "a, b"];
	q18 -> q26 [label = "a"];
	q7 -> q15 [label = "c"];
	q28 -> q15 [label = "b"];
	q7 -> q24 [label = "a, b, c"];
	q31 -> q25 [label = "b"];
	q32 -> q0 [label = "c"];
	q1 -> q21 [label = "b"];
	q1 -> q22 [label = "b"];
	q2 -> q19 [label = "a, b"];
	q1 -> q23 [label = "b"];
	q1 -> q29 [label = "b"];
	q3 -> q8 [label = "a"];
	q3 -> q20 [label = "a"];
	q7 -> q6 [label = "b"];
	q14 -> q3 [label = "c"];
	q15 -> q18 [label = "b"];
	q7 -> q10 [label = "a, b"];
	q5 -> q10 [label = "a, b"];
	q5 -> q19 [label = "a, b"];
	q21 -> q25 [label = "b"];
	q7 -> q16 [label = "a"];
	q5 -> q16 [label = "a, b"];
	q4 -> q16 [label = "b"];
	q17 -> q15 [label = "c"];
	q12 -> q23 [label = "a"];
	q0 -> q26 [label = "a, b, c"];
	q1 -> q11 [label = "b"];
	q5 -> q24 [label = "a, b"];
	q4 -> q4 [label = "b"];
	q1 -> q19 [label = "a, b"];
	q3 -> q15 [label = "a, b"];
	q4 -> q18 [label = "b"];
	q22 -> q11 [label = "b"];
	q4 -> q11 [label = "b"];
	q23 -> q9 [label = "b, c"];
	q27 -> q3 [label = "c"];
	q29 -> q7 [label = "c"];
	q4 -> q15 [label = "b"];
	q4 -> q19 [label = "b"];
	q4 -> q30 [label = "b"];
	q2 -> q0 [label = "c"];
	q2 -> q15 [label = "c"];
	q7 -> q22 [label = "a"];
	q16 -> q26 [label = "a"];
	q28 -> q4 [label = "b"];
	q7 -> q26 [label = "a"];
	q18 -> q32 [label = "c"];
	q9 -> q17 [label = "c"];
	q15 -> q4 [label = "b"];
	q15 -> q24 [label = "a, b"];
	q28 -> q16 [label = "a"];
	q15 -> q26 [label = "b"];
	q15 -> q30 [label = "a, b"];
	q15 -> q33 [label = "b"];
	q10 -> q8 [label = "c"];
	q5 -> q18 [label = "b"];
	q18 -> q33 [label = "b"];
	q12 -> q11 [label = "b"];
	q14 -> q5 [label = "a"];
	q32 -> q26 [label = "a, b"];
	q14 -> q25 [label = "a"];
	q11 -> q8 [label = "c"];
	q11 -> q25 [label = "c"];
	q2 -> q23 [label = "a, b"];
	q13 -> q5 [label = "b"];
	q16 -> q24 [label = "b"];
	q31 -> q30 [label = "a, b, c"];
	q20 -> q1 [label = "c"];
	q21 -> q18 [label = "b"];
	q20 -> q2 [label = "c"];
	q20 -> q3 [label = "c"];
	q22 -> q18 [label = "b"];
	q28 -> q31 [label = "c"];
	q20 -> q14 [label = "c"];
	q18 -> q10 [label = "a, b"];
	q9 -> q24 [label = "b"];
	q18 -> q11 [label = "b"];
	q18 -> q17 [label = "a, b, c"];
	q3 -> q33 [label = "a, b"];
	q18 -> q24 [label = "a, b"];
	q11 -> q15 [label = "c"];
	q22 -> q7 [label = "b, c"];
	q9 -> q4 [label = "b"];
	q22 -> q8 [label = "c"];
	q0 -> q11 [label = "c"];
	q22 -> q15 [label = "b, c"];
	q22 -> q24 [label = "b, c"];
	q9 -> q26 [label = "b"];
	q22 -> q25 [label = "b, c"];
	q8 -> q15 [label = "b"];
	q22 -> q30 [label = "a, b, c"];
	q22 -> q32 [label = "b, c"];
	q28 -> q26 [label = "a, b"];
	q18 -> q9 [label = "a"];
	q18 -> q16 [label = "a"];
	q18 -> q19 [label = "a"];
	q22 -> q4 [label = "b"];
	q22 -> q26 [label = "a, b"];
	q22 -> q33 [label = "b"];
	q20 -> q30 [label = "a"];
	q29 -> q1 [label = "c"];
	q29 -> q25 [label = "a, b, c"];
	q16 -> q27 [label = "c"];
	q21 -> q20 [label = "a, c"];
	q17 -> q16 [label = "a"];
	q6 -> q25 [label = "c"];
	q19 -> q18 [label = "b"];
	q18 -> q7 [label = "c"];
	q21 -> q32 [label = "b"];
	q23 -> q4 [label = "b, c"];
	q23 -> q8 [label = "c"];
	q23 -> q19 [label = "b, c"];
}
NFA size: 34 states

