Random target AFA:
digraph finite_state_machine {
	rankdir=LR;
	node [shape = circle];
	s0 [shape = point, style = invis, start="true" ];
	s1 [shape = point, style = invis, start="true" ];
	q0 [label = "q0"];
	q1 [label = "q1", shape = doublecircle, final="true" ];
	q2 [label = "q2", shape = doublecircle, final="true" ];
	q3 [label = "q3"];
	q4 [label = "q4", shape = doublecircle, final="true" ];
	q5 [label = "q5"];
	m0 [label = "", shape = square, style = filled, color=grey, fixedsize=true, width=.2];
	m1 [label = "", shape = square, style = filled, color=grey, fixedsize=true, width=.2];
	m2 [label = "", shape = square, style = filled, color=grey, fixedsize=true, width=.2];
	m3 [label = "", shape = square, style = filled, color=grey, fixedsize=true, width=.2];
	m4 [label = "", shape = square, style = filled, color=grey, fixedsize=true, width=.2];
	m5 [label = "", shape = square, style = filled, color=grey, fixedsize=true, width=.2];
	m6 [label = "", shape = square, style = filled, color=grey, fixedsize=true, width=.2];
	m7 [label = "", shape = square, style = filled, color=grey, fixedsize=true, width=.2];
	m8 [label = "", shape = square, style = filled, color=grey, fixedsize=true, width=.2];
	s0 -> q0
	s1 -> q1
	q5 -> m5 [label = "c"];
	q5 -> q5 [label = "b"];
	q4 -> q0 [label = "a"];
	q4 -> q2 [label = "a"];
	q0 -> m3 [label = "c"];
	q4 -> q5 [label = "c"];
	q2 -> q5 [label = "a"];
	q5 -> q2 [label = "a"];
	q2 -> q3 [label = "a"];
	q1 -> q0 [label = "a"];
	q5 -> m4 [label = "c"];
	q3 -> q0 [label = "a, b"];
	q2 -> q0 [label = "b"];
	q0 -> m2 [label = "c"];
	q2 -> m1 [label = "b"];
	q1 -> q3 [label = "c"];
	q3 -> m7 [label = "c"];
	q0 -> q0 [label = "a, b"];
	q0 -> m0 [label = "a"];
	q4 -> q3 [label = "c"];
	q3 -> m6 [label = "b"];
	q4 -> m7 [label = "b"];
	q2 -> q1 [label = "c"];
	q1 -> q4 [label = "b, c"];
	q3 -> q5 [label = "a, c"];
	q0 -> q3 [label = "b"];
	q4 -> m8 [label = "b"];
	q2 -> q4 [label = "c"];
	q5 -> m2 [label = "a"];
	q5 -> m6 [label = "b"];
	m0 -> q0;
	m0 -> q2;
	m1 -> q1;
	m1 -> q5;
	m2 -> q3;
	m2 -> q4;
	m3 -> q2;
	m3 -> q5;
	m4 -> q0;
	m4 -> q1;
	m5 -> q0;
	m5 -> q5;
	m6 -> q4;
	m6 -> q5;
	m7 -> q2;
	m7 -> q3;
	m8 -> q1;
	m8 -> q3;
}

L* output after 9 EQ and 5504 MQ:
digraph finite_state_machine {
	rankdir=LR;
	node [shape = circle];
	s0 [shape = point, style = invis, start="true" ];
	q0 [label = "q0"];
	q1 [label = "q1"];
	q2 [label = "q2"];
	q3 [label = "q3"];
	q4 [label = "q4"];
	q5 [label = "q5"];
	q6 [label = "q6"];
	q7 [label = "q7"];
	q8 [label = "q8"];
	q9 [label = "q9"];
	q10 [label = "q10"];
	q11 [label = "q11"];
	q12 [label = "q12"];
	q13 [label = "q13"];
	q14 [label = "q14"];
	q15 [label = "q15", shape = doublecircle, final="true" ];
	q16 [label = "q16"];
	q17 [label = "q17"];
	q18 [label = "q18"];
	q19 [label = "q19"];
	q20 [label = "q20", shape = doublecircle, final="true" ];
	q21 [label = "q21"];
	q22 [label = "q22"];
	q23 [label = "q23", shape = doublecircle, final="true" ];
	q24 [label = "q24"];
	q25 [label = "q25", shape = doublecircle, final="true" ];
	q26 [label = "q26"];
	q27 [label = "q27"];
	q28 [label = "q28"];
	q29 [label = "q29", shape = doublecircle, final="true" ];
	q30 [label = "q30"];
	q31 [label = "q31"];
	q32 [label = "q32", shape = doublecircle, final="true" ];
	q33 [label = "q33"];
	q34 [label = "q34", shape = doublecircle, final="true" ];
	q35 [label = "q35", shape = doublecircle, final="true" ];
	q36 [label = "q36", shape = doublecircle, final="true" ];
	q37 [label = "q37"];
	q38 [label = "q38"];
	q39 [label = "q39"];
	q40 [label = "q40"];
	q41 [label = "q41"];
	q42 [label = "q42"];
	q43 [label = "q43"];
	q44 [label = "q44"];
	q45 [label = "q45"];
	q46 [label = "q46"];
	q47 [label = "q47", shape = doublecircle, final="true" ];
	q48 [label = "q48"];
	q49 [label = "q49", shape = doublecircle, final="true" ];
	q50 [label = "q50"];
	s0 -> q34
	q41 -> q30 [label = "b"];
	q43 -> q25 [label = "a"];
	q47 -> q35 [label = "c"];
	q41 -> q20 [label = "a"];
	q43 -> q37 [label = "b"];
	q45 -> q14 [label = "c"];
	q44 -> q20 [label = "a"];
	q46 -> q13 [label = "b"];
	q42 -> q27 [label = "a"];
	q40 -> q42 [label = "b"];
	q46 -> q24 [label = "c"];
	q42 -> q30 [label = "b"];
	q44 -> q14 [label = "c"];
	q39 -> q22 [label = "a"];
	q37 -> q37 [label = "b"];
	q34 -> q36 [label = "c"];
	q39 -> q45 [label = "b"];
	q1 -> q22 [label = "a"];
	q16 -> q13 [label = "b"];
	q4 -> q2 [label = "b"];
	q2 -> q11 [label = "c"];
	q50 -> q47 [label = "a"];
	q48 -> q12 [label = "c"];
	q27 -> q37 [label = "b"];
	q45 -> q13 [label = "b"];
	q9 -> q5 [label = "c"];
	q3 -> q30 [label = "b"];
	q13 -> q10 [label = "c"];
	q7 -> q30 [label = "b"];
	q15 -> q37 [label = "b"];
	q10 -> q38 [label = "c"];
	q3 -> q20 [label = "a"];
	q11 -> q50 [label = "c"];
	q16 -> q20 [label = "a"];
	q18 -> q13 [label = "b"];
	q20 -> q37 [label = "a"];
	q18 -> q40 [label = "a"];
	q4 -> q50 [label = "c"];
	q19 -> q37 [label = "a"];
	q22 -> q42 [label = "b"];
	q50 -> q50 [label = "c"];
	q34 -> q32 [label = "b"];
	q10 -> q47 [label = "a"];
	q46 -> q20 [label = "a"];
	q48 -> q19 [label = "a"];
	q17 -> q50 [label = "c"];
	q6 -> q20 [label = "a"];
	q45 -> q40 [label = "a"];
	q49 -> q29 [label = "a"];
	q16 -> q14 [label = "c"];
	q19 -> q42 [label = "b"];
	q50 -> q43 [label = "b"];
	q38 -> q47 [label = "a"];
	q1 -> q0 [label = "b"];
	q48 -> q18 [label = "b"];
	q5 -> q3 [label = "b"];
	q31 -> q24 [label = "c"];
	q13 -> q29 [label = "a"];
	q12 -> q20 [label = "a"];
	q36 -> q50 [label = "c"];
	q42 -> q14 [label = "c"];
	q37 -> q47 [label = "a"];
	q12 -> q8 [label = "b"];
	q7 -> q20 [label = "a"];
	q44 -> q46 [label = "b"];
	q49 -> q13 [label = "b"];
	q0 -> q40 [label = "a"];
	q23 -> q25 [label = "a"];
	q27 -> q25 [label = "a"];
	q17 -> q16 [label = "b"];
	q13 -> q30 [label = "b"];
	q5 -> q47 [label = "a"];
	q6 -> q30 [label = "b"];
	q11 -> q47 [label = "a"];
	q33 -> q28 [label = "c"];
	q20 -> q42 [label = "b"];
	q43 -> q50 [label = "c"];
	q22 -> q50 [label = "c"];
	q22 -> q37 [label = "a"];
	q2 -> q40 [label = "a"];
	q15 -> q47 [label = "a"];
	q25 -> q42 [label = "b"];
	q20 -> q23 [label = "c"];
	q5 -> q50 [label = "c"];
	q47 -> q37 [label = "b"];
	q23 -> q15 [label = "c"];
	q14 -> q47 [label = "a"];
	q28 -> q38 [label = "c"];
	q21 -> q29 [label = "a"];
	q23 -> q49 [label = "b"];
	q33 -> q33 [label = "a"];
	q1 -> q38 [label = "c"];
	q31 -> q30 [label = "b"];
	q17 -> q25 [label = "a"];
	q7 -> q11 [label = "c"];
	q8 -> q20 [label = "a"];
	q21 -> q11 [label = "c"];
	q14 -> q50 [label = "c"];
	q4 -> q22 [label = "a"];
	q21 -> q30 [label = "b"];
	q8 -> q13 [label = "b"];
	q38 -> q44 [label = "c"];
	q41 -> q1 [label = "c"];
	q0 -> q4 [label = "c"];
	q0 -> q13 [label = "b"];
	q6 -> q4 [label = "c"];
	q25 -> q35 [label = "c"];
	q2 -> q13 [label = "b"];
	q12 -> q14 [label = "c"];
	q49 -> q14 [label = "c"];
	q30 -> q24 [label = "c"];
	q38 -> q43 [label = "b"];
	q10 -> q6 [label = "b"];
	q40 -> q39 [label = "c"];
	q3 -> q14 [label = "c"];
	q14 -> q9 [label = "b"];
	q29 -> q23 [label = "c"];
	q35 -> q15 [label = "b, c"];
	q8 -> q10 [label = "c"];
	q18 -> q10 [label = "c"];
	q15 -> q50 [label = "c"];
	q9 -> q37 [label = "b"];
	q11 -> q7 [label = "b"];
	q9 -> q25 [label = "a"];
	q19 -> q17 [label = "c"];
	q36 -> q21 [label = "b"];
	q24 -> q47 [label = "a"];
	q28 -> q26 [label = "b"];
	q26 -> q41 [label = "b"];
	q24 -> q27 [label = "b"];
	q47 -> q47 [label = "a"];
	q37 -> q50 [label = "c"];
	q26 -> q40 [label = "a"];
	q28 -> q22 [label = "a"];
	q30 -> q30 [label = "b"];
	q25 -> q37 [label = "a"];
	q24 -> q38 [label = "c"];
	q29 -> q47 [label = "a"];
	q26 -> q48 [label = "c"];
	q30 -> q29 [label = "a"];
	q32 -> q24 [label = "c"];
	q39 -> q50 [label = "c"];
	q27 -> q39 [label = "c"];
	q40 -> q22 [label = "a"];
	q29 -> q37 [label = "b"];
	q31 -> q27 [label = "a"];
	q32 -> q29 [label = "a"];
	q36 -> q47 [label = "a"];
	q32 -> q30 [label = "b"];
	q34 -> q33 [label = "a"];
	q33 -> q31 [label = "b"];
	q35 -> q47 [label = "a"];
}
DFA size: 51 states

NL* output after 14 EQ and 4976 MQ:
digraph finite_state_machine {
	rankdir=LR;
	node [shape = circle];
	s0 [shape = point, style = invis, start="true" ];
	s1 [shape = point, style = invis, start="true" ];
	q0 [label = "q0"];
	q1 [label = "q1"];
	q2 [label = "q2"];
	q3 [label = "q3"];
	q4 [label = "q4"];
	q5 [label = "q5"];
	q6 [label = "q6"];
	q7 [label = "q7", shape = doublecircle, final="true" ];
	q8 [label = "q8"];
	q9 [label = "q9"];
	q10 [label = "q10", shape = doublecircle, final="true" ];
	q11 [label = "q11", shape = doublecircle, final="true" ];
	q12 [label = "q12"];
	q13 [label = "q13"];
	q14 [label = "q14"];
	q15 [label = "q15"];
	q16 [label = "q16"];
	q17 [label = "q17"];
	q18 [label = "q18"];
	q19 [label = "q19"];
	q20 [label = "q20", shape = doublecircle, final="true" ];
	q21 [label = "q21"];
	q22 [label = "q22"];
	q23 [label = "q23"];
	q24 [label = "q24"];
	q25 [label = "q25", shape = doublecircle, final="true" ];
	q26 [label = "q26"];
	s0 -> q9
	s1 -> q11
	q18 -> q24 [label = "c"];
	q18 -> q8 [label = "c"];
	q18 -> q5 [label = "c"];
	q18 -> q1 [label = "c"];
	q22 -> q12 [label = "a"];
	q17 -> q8 [label = "c"];
	q17 -> q5 [label = "c"];
	q17 -> q3 [label = "c"];
	q21 -> q24 [label = "a"];
	q21 -> q18 [label = "a"];
	q21 -> q15 [label = "a"];
	q21 -> q8 [label = "a"];
	q21 -> q2 [label = "a"];
	q23 -> q18 [label = "b"];
	q19 -> q9 [label = "a"];
	q17 -> q23 [label = "b"];
	q21 -> q12 [label = "a"];
	q23 -> q1 [label = "c"];
	q19 -> q22 [label = "b"];
	q17 -> q12 [label = "a"];
	q21 -> q26 [label = "a, c"];
	q21 -> q19 [label = "a, c"];
	q16 -> q8 [label = "c"];
	q16 -> q5 [label = "c"];
	q16 -> q3 [label = "c"];
	q16 -> q1 [label = "c"];
	q20 -> q23 [label = "a"];
	q20 -> q17 [label = "a, b"];
	q20 -> q9 [label = "a, b"];
	q20 -> q3 [label = "a, b"];
	q20 -> q2 [label = "a"];
	q22 -> q23 [label = "b"];
	q22 -> q22 [label = "b"];
	q22 -> q15 [label = "b"];
	q18 -> q21 [label = "a"];
	q18 -> q12 [label = "a"];
	q16 -> q18 [label = "b"];
	q16 -> q2 [label = "b"];
	q22 -> q5 [label = "c"];
	q23 -> q22 [label = "b"];
	q22 -> q3 [label = "c"];
	q18 -> q22 [label = "b"];
	q18 -> q15 [label = "b"];
	q18 -> q9 [label = "a, b"];
	q22 -> q9 [label = "a, b"];
	q16 -> q21 [label = "a"];
	q16 -> q20 [label = "a"];
	q16 -> q12 [label = "a"];
	q16 -> q9 [label = "a"];
	q20 -> q12 [label = "a"];
	q20 -> q19 [label = "a, c"];
	q20 -> q16 [label = "a, c"];
	q20 -> q7 [label = "c"];
	q20 -> q1 [label = "a, c"];
	q15 -> q20 [label = "a"];
	q15 -> q12 [label = "a"];
	q11 -> q26 [label = "c"];
	q11 -> q25 [label = "c"];
	q11 -> q24 [label = "c"];
	q11 -> q19 [label = "c"];
	q11 -> q3 [label = "c"];
	q11 -> q1 [label = "c"];
	q11 -> q0 [label = "c"];
	q14 -> q12 [label = "a"];
	q17 -> q9 [label = "a, b"];
	q14 -> q9 [label = "a"];
	q12 -> q22 [label = "b"];
	q12 -> q6 [label = "b"];
	q20 -> q24 [label = "a"];
	q10 -> q24 [label = "c"];
	q21 -> q14 [label = "a, c"];
	q15 -> q22 [label = "b"];
	q15 -> q9 [label = "a, b"];
	q12 -> q0 [label = "b"];
	q15 -> q6 [label = "b"];
	q13 -> q25 [label = "a"];
	q19 -> q12 [label = "a"];
	q13 -> q23 [label = "a"];
	q13 -> q21 [label = "a"];
	q13 -> q20 [label = "a"];
	q13 -> q13 [label = "a"];
	q13 -> q12 [label = "a, b"];
	q17 -> q24 [label = "c"];
	q13 -> q8 [label = "a"];
	q16 -> q24 [label = "c"];
	q13 -> q5 [label = "a, b"];
	q13 -> q4 [label = "a, b"];
	q13 -> q2 [label = "a, b"];
	q13 -> q1 [label = "a, b"];
	q13 -> q0 [label = "a, b"];
	q3 -> q19 [label = "c"];
	q21 -> q4 [label = "a"];
	q10 -> q20 [label = "a"];
	q12 -> q21 [label = "a"];
	q24 -> q9 [label = "a, b"];
	q4 -> q1 [label = "a, b, c"];
	q16 -> q26 [label = "c"];
	q20 -> q4 [label = "a"];
	q7 -> q22 [label = "b, c"];
	q10 -> q19 [label = "a"];
	q14 -> q17 [label = "b"];
	q15 -> q19 [label = "a"];
	q10 -> q0 [label = "a"];
	q4 -> q19 [label = "a, b, c"];
	q10 -> q15 [label = "a, b"];
	q11 -> q9 [label = "a, b"];
	q13 -> q16 [label = "a, b, c"];
	q0 -> q12 [label = "a"];
	q12 -> q1 [label = "a, c"];
	q11 -> q22 [label = "b, c"];
	q8 -> q25 [label = "a"];
	q25 -> q1 [label = "c"];
	q2 -> q21 [label = "a"];
	q13 -> q17 [label = "a, b"];
	q11 -> q10 [label = "b"];
	q20 -> q22 [label = "a, b"];
	q14 -> q3 [label = "b, c"];
	q14 -> q13 [label = "c"];
	q10 -> q12 [label = "a"];
	q14 -> q14 [label = "a, c"];
	q10 -> q9 [label = "a, b"];
	q15 -> q1 [label = "c"];
	q12 -> q3 [label = "b"];
	q8 -> q5 [label = "a"];
	q7 -> q3 [label = "b, c"];
	q9 -> q6 [label = "b"];
	q20 -> q26 [label = "a, c"];
	q15 -> q2 [label = "b"];
	q19 -> q26 [label = "c"];
	q23 -> q24 [label = "c"];
	q19 -> q19 [label = "a, c"];
	q13 -> q3 [label = "a, b"];
	q12 -> q12 [label = "a"];
	q21 -> q9 [label = "a, b"];
	q20 -> q15 [label = "a"];
	q25 -> q5 [label = "c"];
	q21 -> q6 [label = "a, b"];
	q24 -> q0 [label = "a, b"];
	q9 -> q9 [label = "a, b"];
	q23 -> q20 [label = "a"];
	q23 -> q21 [label = "a"];
	q20 -> q13 [label = "a"];
	q16 -> q19 [label = "a, c"];
	q21 -> q17 [label = "a, b"];
	q14 -> q8 [label = "c"];
	q23 -> q19 [label = "a"];
	q21 -> q21 [label = "a"];
	q23 -> q15 [label = "a, b"];
	q13 -> q24 [label = "a"];
	q14 -> q16 [label = "c"];
	q24 -> q18 [label = "a"];
	q13 -> q9 [label = "a, b"];
	q21 -> q3 [label = "a, b"];
	q24 -> q15 [label = "a, b"];
	q23 -> q13 [label = "a"];
	q5 -> q19 [label = "a, c"];
	q7 -> q16 [label = "c"];
	q17 -> q26 [label = "c"];
	q21 -> q0 [label = "a, b"];
	q25 -> q26 [label = "c"];
	q15 -> q23 [label = "b"];
	q24 -> q19 [label = "a, c"];
	q25 -> q2 [label = "b"];
	q26 -> q2 [label = "b"];
	q8 -> q24 [label = "a"];
	q6 -> q5 [label = "c"];
	q5 -> q21 [label = "a"];
	q20 -> q18 [label = "a"];
	q18 -> q19 [label = "a"];
	q2 -> q5 [label = "c"];
	q17 -> q22 [label = "b"];
	q4 -> q16 [label = "b"];
	q25 -> q21 [label = "a"];
	q4 -> q6 [label = "b"];
	q25 -> q4 [label = "a"];
	q25 -> q20 [label = "a"];
	q26 -> q24 [label = "c"];
	q26 -> q21 [label = "a"];
	q11 -> q23 [label = "b"];
	q15 -> q18 [label = "b"];
	q7 -> q6 [label = "c"];
	q25 -> q22 [label = "b"];
	q12 -> q14 [label = "a, c"];
	q14 -> q0 [label = "b"];
	q25 -> q15 [label = "a, b"];
	q26 -> q8 [label = "c"];
	q25 -> q9 [label = "a, b"];
	q21 -> q22 [label = "a, b"];
	q7 -> q2 [label = "b, c"];
	q8 -> q10 [label = "a"];
	q18 -> q23 [label = "b"];
	q13 -> q15 [label = "a, b"];
	q25 -> q24 [label = "c"];
	q20 -> q5 [label = "a, c"];
	q12 -> q9 [label = "a, b"];
	q24 -> q13 [label = "a, c"];
	q8 -> q12 [label = "a, b"];
	q11 -> q2 [label = "b, c"];
	q20 -> q0 [label = "a, b"];
	q2 -> q15 [label = "b"];
	q25 -> q19 [label = "a, c"];
	q25 -> q12 [label = "a"];
	q20 -> q6 [label = "a, b"];
	q26 -> q12 [label = "a"];
	q26 -> q9 [label = "a"];
	q21 -> q1 [label = "a, c"];
	q13 -> q18 [label = "a, b"];
	q25 -> q3 [label = "a, c"];
	q23 -> q9 [label = "a, b"];
	q18 -> q2 [label = "b"];
	q8 -> q15 [label = "a, b"];
	q25 -> q0 [label = "a"];
	q6 -> q3 [label = "a, c"];
	q24 -> q2 [label = "a"];
	q11 -> q17 [label = "c"];
	q26 -> q20 [label = "a"];
	q13 -> q22 [label = "a, b"];
	q4 -> q13 [label = "b"];
	q24 -> q10 [label = "a"];
	q13 -> q6 [label = "a"];
	q24 -> q20 [label = "a"];
	q10 -> q3 [label = "a, c"];
	q10 -> q8 [label = "c"];
	q9 -> q22 [label = "b"];
	q22 -> q2 [label = "b"];
	q24 -> q25 [label = "a"];
	q1 -> q0 [label = "b"];
	q17 -> q1 [label = "c"];
	q25 -> q23 [label = "b"];
	q13 -> q19 [label = "a, b, c"];
	q26 -> q26 [label = "c"];
	q14 -> q1 [label = "a, c"];
	q8 -> q1 [label = "a"];
	q24 -> q3 [label = "a, b, c"];
	q7 -> q24 [label = "c"];
	q23 -> q6 [label = "b"];
	q23 -> q12 [label = "a"];
	q24 -> q12 [label = "a"];
	q12 -> q5 [label = "a, c"];
	q25 -> q13 [label = "a"];
	q0 -> q22 [label = "b"];
	q23 -> q2 [label = "b"];
	q15 -> q5 [label = "c"];
	q18 -> q20 [label = "a"];
	q10 -> q13 [label = "a"];
	q26 -> q3 [label = "c"];
	q26 -> q19 [label = "a, c"];
	q4 -> q9 [label = "a, b"];
	q11 -> q6 [label = "b"];
	q21 -> q13 [label = "a"];
	q24 -> q21 [label = "a"];
	q15 -> q21 [label = "a"];
	q10 -> q23 [label = "b"];
	q7 -> q12 [label = "a, c"];
	q14 -> q5 [label = "a, c"];
	q13 -> q10 [label = "a"];
	q6 -> q22 [label = "b"];
	q24 -> q6 [label = "a"];
	q10 -> q1 [label = "c"];
	q1 -> q19 [label = "a, c"];
	q26 -> q22 [label = "b"];
	q8 -> q21 [label = "a"];
	q6 -> q6 [label = "b"];
	q14 -> q22 [label = "b"];
	q8 -> q4 [label = "a, b"];
	q10 -> q21 [label = "a"];
	q8 -> q13 [label = "a, c"];
	q24 -> q23 [label = "a"];
	q20 -> q21 [label = "a"];
	q12 -> q19 [label = "a, c"];
	q25 -> q8 [label = "c"];
	q6 -> q2 [label = "b"];
	q7 -> q21 [label = "a, c"];
	q6 -> q4 [label = "a"];
	q24 -> q17 [label = "a"];
	q24 -> q22 [label = "a"];
	q0 -> q15 [label = "b"];
	q3 -> q12 [label = "a"];
	q8 -> q9 [label = "a, b"];
	q24 -> q24 [label = "a"];
	q24 -> q26 [label = "a"];
	q23 -> q0 [label = "a"];
	q6 -> q12 [label = "a"];
	q23 -> q3 [label = "a, c"];
	q8 -> q6 [label = "a"];
	q17 -> q15 [label = "b"];
	q23 -> q4 [label = "a"];
	q11 -> q18 [label = "b, c"];
	q7 -> q5 [label = "a, c"];
	q14 -> q26 [label = "c"];
	q8 -> q2 [label = "a"];
	q0 -> q23 [label = "b"];
	q16 -> q22 [label = "b"];
	q22 -> q1 [label = "c"];
	q8 -> q14 [label = "a"];
	q0 -> q19 [label = "c"];
	q8 -> q0 [label = "a, b"];
	q4 -> q8 [label = "b"];
	q8 -> q17 [label = "a"];
	q22 -> q24 [label = "c"];
	q4 -> q2 [label = "b"];
	q24 -> q1 [label = "a"];
	q8 -> q18 [label = "a"];
	q8 -> q20 [label = "a"];
	q8 -> q22 [label = "a"];
	q7 -> q0 [label = "b, c"];
	q5 -> q3 [label = "b, c"];
	q12 -> q17 [label = "b"];
	q1 -> q14 [label = "a"];
	q8 -> q8 [label = "a"];
	q8 -> q26 [label = "a"];
	q19 -> q21 [label = "a"];
	q10 -> q2 [label = "b"];
	q10 -> q6 [label = "b"];
	q10 -> q5 [label = "c"];
	q6 -> q1 [label = "c"];
	q7 -> q19 [label = "a, b, c"];
	q4 -> q23 [label = "b"];
	q10 -> q18 [label = "b"];
	q26 -> q1 [label = "c"];
	q1 -> q5 [label = "a"];
	q10 -> q22 [label = "b"];
	q4 -> q5 [label = "a, b, c"];
	q4 -> q14 [label = "a, b, c"];
	q2 -> q2 [label = "b"];
	q6 -> q15 [label = "a, b"];
	q2 -> q9 [label = "a, b"];
	q23 -> q5 [label = "c"];
	q24 -> q4 [label = "a"];
	q24 -> q5 [label = "a"];
	q8 -> q16 [label = "a"];
	q2 -> q22 [label = "b"];
	q24 -> q8 [label = "a"];
	q2 -> q23 [label = "b"];
	q13 -> q26 [label = "a, b, c"];
	q6 -> q8 [label = "c"];
	q24 -> q14 [label = "a"];
	q0 -> q2 [label = "b"];
	q7 -> q25 [label = "b, c"];
	q2 -> q12 [label = "a"];
	q14 -> q24 [label = "c"];
	q5 -> q1 [label = "a"];
	q21 -> q23 [label = "a"];
	q2 -> q19 [label = "a"];
	q6 -> q9 [label = "a, b"];
	q14 -> q21 [label = "a"];
	q15 -> q15 [label = "b"];
	q8 -> q19 [label = "a, c"];
	q6 -> q18 [label = "b"];
	q6 -> q23 [label = "b"];
	q0 -> q9 [label = "a, b"];
	q0 -> q1 [label = "c"];
	q0 -> q5 [label = "c"];
	q4 -> q4 [label = "b"];
	q4 -> q18 [label = "b"];
	q24 -> q16 [label = "a"];
	q11 -> q15 [label = "b"];
	q4 -> q12 [label = "a, b"];
	q20 -> q14 [label = "a, c"];
	q4 -> q20 [label = "a"];
	q4 -> q3 [label = "b"];
	q4 -> q21 [label = "a, b"];
	q5 -> q13 [label = "c"];
	q20 -> q8 [label = "a"];
	q1 -> q1 [label = "a"];
	q21 -> q5 [label = "a, c"];
	q4 -> q26 [label = "b"];
	q1 -> q9 [label = "a"];
	q23 -> q23 [label = "b"];
	q9 -> q5 [label = "c"];
	q7 -> q18 [label = "b, c"];
	q1 -> q12 [label = "a"];
	q1 -> q21 [label = "a"];
	q7 -> q20 [label = "a"];
	q6 -> q24 [label = "c"];
	q3 -> q9 [label = "a, b"];
	q7 -> q1 [label = "a, c"];
	q17 -> q19 [label = "c"];
	q21 -> q16 [label = "a, c"];
	q10 -> q4 [label = "a"];
	q2 -> q3 [label = "c"];
	q7 -> q4 [label = "c"];
	q7 -> q8 [label = "c"];
	q7 -> q9 [label = "a, c"];
	q7 -> q10 [label = "c"];
	q7 -> q13 [label = "c"];
	q14 -> q19 [label = "a, c"];
	q7 -> q14 [label = "a, c"];
	q7 -> q15 [label = "c"];
	q3 -> q15 [label = "b"];
	q7 -> q17 [label = "b, c"];
	q7 -> q23 [label = "c"];
	q7 -> q26 [label = "b, c"];
	q1 -> q3 [label = "b, c"];
	q2 -> q24 [label = "c"];
	q17 -> q2 [label = "b"];
	q5 -> q5 [label = "a"];
	q11 -> q5 [label = "c"];
	q13 -> q14 [label = "a, b"];
	q5 -> q9 [label = "a"];
	q5 -> q12 [label = "a"];
	q5 -> q14 [label = "a"];
	q26 -> q5 [label = "c"];
	q1 -> q13 [label = "c"];
	q2 -> q20 [label = "a"];
	q6 -> q0 [label = "a"];
	q4 -> q0 [label = "b"];
	q18 -> q3 [label = "c"];
	q4 -> q15 [label = "b"];
	q4 -> q17 [label = "b"];
	q4 -> q22 [label = "b"];
	q8 -> q3 [label = "a, b, c"];
	q4 -> q24 [label = "b"];
	q8 -> q23 [label = "a"];
	q2 -> q1 [label = "c"];
}
NFA size: 27 states

