Random target AFA:
digraph finite_state_machine {
	rankdir=LR;
	node [shape = circle];
	s0 [shape = point, style = invis, start="true" ];
	s1 [shape = point, style = invis, start="true" ];
	q0 [label = "q0"];
	q1 [label = "q1"];
	q2 [label = "q2"];
	q3 [label = "q3"];
	q4 [label = "q4"];
	q5 [label = "q5", shape = doublecircle, final="true" ];
	m0 [label = "", shape = square, style = filled, color=grey, fixedsize=true, width=.2];
	m1 [label = "", shape = square, style = filled, color=grey, fixedsize=true, width=.2];
	m2 [label = "", shape = square, style = filled, color=grey, fixedsize=true, width=.2];
	m3 [label = "", shape = square, style = filled, color=grey, fixedsize=true, width=.2];
	m4 [label = "", shape = square, style = filled, color=grey, fixedsize=true, width=.2];
	m5 [label = "", shape = square, style = filled, color=grey, fixedsize=true, width=.2];
	m6 [label = "", shape = square, style = filled, color=grey, fixedsize=true, width=.2];
	m7 [label = "", shape = square, style = filled, color=grey, fixedsize=true, width=.2];
	s0 -> q0
	s1 -> q2
	q3 -> m3 [label = "c"];
	q2 -> q3 [label = "c"];
	q4 -> m6 [label = "b"];
	q3 -> q5 [label = "a"];
	q1 -> q1 [label = "b"];
	q3 -> q4 [label = "b"];
	q3 -> q1 [label = "a, b"];
	q1 -> q2 [label = "a, c"];
	q5 -> q5 [label = "b"];
	q5 -> m5 [label = "a"];
	q5 -> q3 [label = "c"];
	q0 -> m1 [label = "b"];
	q4 -> q1 [label = "c"];
	q0 -> m0 [label = "a"];
	q1 -> q4 [label = "b"];
	q0 -> q5 [label = "a"];
	q3 -> m7 [label = "c"];
	q2 -> q1 [label = "a, b"];
	q5 -> q2 [label = "a, b"];
	q2 -> q5 [label = "b, c"];
	q0 -> q4 [label = "b"];
	q2 -> m2 [label = "a"];
	q0 -> q1 [label = "c"];
	q4 -> q2 [label = "a"];
	q0 -> m3 [label = "c"];
	q4 -> q3 [label = "c"];
	q4 -> m4 [label = "a, b"];
	m0 -> q4;
	m0 -> q5;
	m1 -> q1;
	m1 -> q5;
	m2 -> q1;
	m2 -> q3;
	m3 -> q0;
	m3 -> q4;
	m4 -> q1;
	m4 -> q2;
	m5 -> q2;
	m5 -> q4;
	m6 -> q2;
	m6 -> q5;
	m7 -> q0;
	m7 -> q2;
}

L* output after 6 EQ and 2444 MQ:
digraph finite_state_machine {
	rankdir=LR;
	node [shape = circle];
	s0 [shape = point, style = invis, start="true" ];
	q0 [label = "q0"];
	q1 [label = "q1", shape = doublecircle, final="true" ];
	q2 [label = "q2"];
	q3 [label = "q3"];
	q4 [label = "q4", shape = doublecircle, final="true" ];
	q5 [label = "q5"];
	q6 [label = "q6", shape = doublecircle, final="true" ];
	q7 [label = "q7", shape = doublecircle, final="true" ];
	q8 [label = "q8"];
	q9 [label = "q9", shape = doublecircle, final="true" ];
	q10 [label = "q10"];
	q11 [label = "q11"];
	q12 [label = "q12", shape = doublecircle, final="true" ];
	q13 [label = "q13", shape = doublecircle, final="true" ];
	q14 [label = "q14"];
	q15 [label = "q15"];
	q16 [label = "q16"];
	q17 [label = "q17"];
	q18 [label = "q18", shape = doublecircle, final="true" ];
	q19 [label = "q19"];
	q20 [label = "q20", shape = doublecircle, final="true" ];
	q21 [label = "q21"];
	q22 [label = "q22", shape = doublecircle, final="true" ];
	q23 [label = "q23", shape = doublecircle, final="true" ];
	q24 [label = "q24"];
	q25 [label = "q25"];
	q26 [label = "q26"];
	q27 [label = "q27", shape = doublecircle, final="true" ];
	q28 [label = "q28", shape = doublecircle, final="true" ];
	q29 [label = "q29", shape = doublecircle, final="true" ];
	q30 [label = "q30"];
	s0 -> q14
	q22 -> q11 [label = "a"];
	q23 -> q9 [label = "b"];
	q19 -> q11 [label = "a"];
	q23 -> q25 [label = "c"];
	q19 -> q6 [label = "b"];
	q16 -> q4 [label = "c"];
	q20 -> q9 [label = "b"];
	q22 -> q24 [label = "c"];
	q20 -> q23 [label = "c"];
	q16 -> q22 [label = "b"];
	q15 -> q8 [label = "b"];
	q21 -> q29 [label = "c"];
	q13 -> q11 [label = "a"];
	q7 -> q18 [label = "a"];
	q2 -> q15 [label = "c"];
	q11 -> q4 [label = "c"];
	q11 -> q13 [label = "b"];
	q15 -> q21 [label = "c"];
	q19 -> q26 [label = "c"];
	q7 -> q27 [label = "c"];
	q11 -> q10 [label = "a"];
	q21 -> q6 [label = "b"];
	q0 -> q6 [label = "b"];
	q26 -> q6 [label = "b"];
	q23 -> q18 [label = "a"];
	q2 -> q13 [label = "a"];
	q1 -> q18 [label = "a"];
	q18 -> q9 [label = "b"];
	q12 -> q9 [label = "b"];
	q28 -> q18 [label = "a"];
	q17 -> q23 [label = "c"];
	q28 -> q28 [label = "c"];
	q24 -> q6 [label = "b"];
	q5 -> q18 [label = "a"];
	q28 -> q9 [label = "b"];
	q8 -> q11 [label = "a"];
	q26 -> q27 [label = "c"];
	q9 -> q9 [label = "b"];
	q6 -> q9 [label = "b"];
	q13 -> q9 [label = "b"];
	q1 -> q0 [label = "c"];
	q29 -> q18 [label = "a"];
	q25 -> q30 [label = "c"];
	q9 -> q3 [label = "a"];
	q25 -> q8 [label = "b"];
	q24 -> q23 [label = "c"];
	q5 -> q6 [label = "b"];
	q13 -> q17 [label = "c"];
	q8 -> q26 [label = "c"];
	q27 -> q9 [label = "b"];
	q27 -> q12 [label = "c"];
	q22 -> q9 [label = "b"];
	q29 -> q9 [label = "b"];
	q26 -> q18 [label = "a"];
	q7 -> q9 [label = "b"];
	q15 -> q16 [label = "a"];
	q30 -> q3 [label = "a"];
	q9 -> q7 [label = "c"];
	q30 -> q6 [label = "b"];
	q16 -> q3 [label = "a"];
	q25 -> q18 [label = "a"];
	q12 -> q18 [label = "a"];
	q17 -> q6 [label = "b"];
	q24 -> q18 [label = "a"];
	q14 -> q6 [label = "b"];
	q21 -> q3 [label = "a"];
	q8 -> q19 [label = "b"];
	q3 -> q20 [label = "c"];
	q10 -> q11 [label = "a, c"];
	q20 -> q18 [label = "a"];
	q14 -> q12 [label = "c"];
	q5 -> q28 [label = "c"];
	q29 -> q1 [label = "c"];
	q6 -> q11 [label = "a"];
	q30 -> q7 [label = "c"];
	q10 -> q8 [label = "b"];
	q17 -> q13 [label = "a"];
	q12 -> q5 [label = "c"];
	q4 -> q2 [label = "c"];
	q0 -> q18 [label = "a"];
	q18 -> q3 [label = "a"];
	q27 -> q18 [label = "a"];
	q1 -> q9 [label = "b"];
	q2 -> q8 [label = "b"];
	q6 -> q26 [label = "c"];
	q4 -> q18 [label = "a"];
	q0 -> q5 [label = "c"];
	q3 -> q6 [label = "b"];
	q18 -> q20 [label = "c"];
	q3 -> q3 [label = "a"];
	q14 -> q13 [label = "a"];
	q4 -> q9 [label = "b"];
}
DFA size: 31 states

NL* output after 9 EQ and 2324 MQ:
digraph finite_state_machine {
	rankdir=LR;
	node [shape = circle];
	s0 [shape = point, style = invis, start="true" ];
	s1 [shape = point, style = invis, start="true" ];
	s2 [shape = point, style = invis, start="true" ];
	q0 [label = "q0", shape = doublecircle, final="true" ];
	q1 [label = "q1", shape = doublecircle, final="true" ];
	q2 [label = "q2", shape = doublecircle, final="true" ];
	q3 [label = "q3"];
	q4 [label = "q4"];
	q5 [label = "q5", shape = doublecircle, final="true" ];
	q6 [label = "q6"];
	q7 [label = "q7"];
	q8 [label = "q8", shape = doublecircle, final="true" ];
	q9 [label = "q9"];
	q10 [label = "q10"];
	q11 [label = "q11"];
	q12 [label = "q12"];
	q13 [label = "q13"];
	s0 -> q6
	s1 -> q9
	s2 -> q10
	q9 -> q11 [label = "b"];
	q11 -> q11 [label = "b"];
	q8 -> q13 [label = "b"];
	q8 -> q12 [label = "b"];
	q8 -> q11 [label = "b"];
	q8 -> q3 [label = "b"];
	q8 -> q6 [label = "a, b"];
	q8 -> q5 [label = "a, b"];
	q8 -> q4 [label = "a, b"];
	q8 -> q0 [label = "a, b"];
	q8 -> q9 [label = "c"];
	q10 -> q12 [label = "b"];
	q10 -> q7 [label = "a, b"];
	q9 -> q5 [label = "a"];
	q10 -> q5 [label = "a, b"];
	q10 -> q0 [label = "b"];
	q12 -> q10 [label = "c"];
	q12 -> q6 [label = "a, c"];
	q4 -> q8 [label = "c"];
	q2 -> q13 [label = "b"];
	q2 -> q12 [label = "b"];
	q2 -> q11 [label = "b"];
	q10 -> q11 [label = "b"];
	q2 -> q3 [label = "b"];
	q6 -> q8 [label = "c"];
	q0 -> q13 [label = "b"];
	q0 -> q11 [label = "b"];
	q0 -> q0 [label = "b"];
	q2 -> q7 [label = "a, b"];
	q2 -> q6 [label = "a, b"];
	q2 -> q5 [label = "a, b"];
	q2 -> q4 [label = "a, b"];
	q2 -> q0 [label = "a, b"];
	q12 -> q4 [label = "c"];
	q6 -> q5 [label = "b"];
	q0 -> q6 [label = "a, b, c"];
	q0 -> q3 [label = "b"];
	q0 -> q4 [label = "b, c"];
	q4 -> q6 [label = "a"];
	q2 -> q9 [label = "c"];
	q12 -> q3 [label = "c"];
	q6 -> q7 [label = "a, b"];
	q3 -> q8 [label = "c"];
	q3 -> q4 [label = "a, c"];
	q3 -> q10 [label = "c"];
	q9 -> q7 [label = "a, b, c"];
	q13 -> q3 [label = "c"];
	q3 -> q0 [label = "b"];
	q5 -> q4 [label = "b"];
	q5 -> q11 [label = "b"];
	q13 -> q6 [label = "a, c"];
	q4 -> q5 [label = "b"];
	q11 -> q12 [label = "b"];
	q5 -> q5 [label = "b"];
	q1 -> q9 [label = "c"];
	q5 -> q7 [label = "b"];
	q3 -> q5 [label = "b"];
	q0 -> q12 [label = "b"];
	q13 -> q7 [label = "b, c"];
	q1 -> q6 [label = "a, b"];
	q11 -> q10 [label = "c"];
	q11 -> q3 [label = "c"];
	q8 -> q7 [label = "a, b"];
	q1 -> q0 [label = "a, b"];
	q5 -> q3 [label = "b"];
	q13 -> q11 [label = "b"];
	q9 -> q13 [label = "c"];
	q11 -> q4 [label = "c"];
	q13 -> q4 [label = "a, c"];
	q5 -> q10 [label = "c"];
	q5 -> q0 [label = "b"];
	q5 -> q6 [label = "a, b, c"];
	q7 -> q6 [label = "a, c"];
	q3 -> q11 [label = "b"];
	q0 -> q10 [label = "c"];
	q3 -> q2 [label = "c"];
	q12 -> q0 [label = "b"];
	q12 -> q5 [label = "b"];
	q0 -> q5 [label = "b"];
	q3 -> q6 [label = "a, c"];
	q12 -> q12 [label = "b"];
	q12 -> q11 [label = "b"];
	q10 -> q9 [label = "c"];
	q1 -> q13 [label = "b, c"];
	q10 -> q8 [label = "c"];
	q4 -> q0 [label = "b"];
	q5 -> q12 [label = "b"];
	q0 -> q7 [label = "b"];
	q5 -> q13 [label = "b"];
	q2 -> q8 [label = "c"];
	q4 -> q7 [label = "a, b"];
	q11 -> q6 [label = "a, c"];
	q1 -> q5 [label = "a, b"];
	q1 -> q7 [label = "a, b, c"];
	q1 -> q11 [label = "b, c"];
	q2 -> q1 [label = "c"];
	q1 -> q12 [label = "b, c"];
	q7 -> q7 [label = "b"];
	q7 -> q11 [label = "b"];
	q11 -> q7 [label = "b, c"];
	q3 -> q7 [label = "a, b"];
	q1 -> q3 [label = "b"];
	q1 -> q4 [label = "a, b"];
	q12 -> q7 [label = "b, c"];
	q3 -> q12 [label = "b"];
	q4 -> q4 [label = "a"];
}
NFA size: 14 states

AL* output after 11 EQ and 1492 MQ:
digraph finite_state_machine {
	rankdir=LR;
	node [shape = circle];
	s0 [shape = point, style = invis, start="true" ];
	s1 [shape = point, style = invis, start="true" ];
	s2 [shape = point, style = invis, start="true" ];
	q0 [label = "q0", shape = doublecircle, final="true" ];
	q1 [label = "q1"];
	q2 [label = "q2"];
	q3 [label = "q3"];
	q4 [label = "q4", shape = doublecircle, final="true" ];
	q5 [label = "q5"];
	q6 [label = "q6"];
	q7 [label = "q7"];
	m0 [label = "", shape = square, style = filled, color=grey, fixedsize=true, width=.2];
	m1 [label = "", shape = square, style = filled, color=grey, fixedsize=true, width=.2];
	m2 [label = "", shape = square, style = filled, color=grey, fixedsize=true, width=.2];
	m3 [label = "", shape = square, style = filled, color=grey, fixedsize=true, width=.2];
	m4 [label = "", shape = square, style = filled, color=grey, fixedsize=true, width=.2];
	m5 [label = "", shape = square, style = filled, color=grey, fixedsize=true, width=.2];
	m6 [label = "", shape = square, style = filled, color=grey, fixedsize=true, width=.2];
	m7 [label = "", shape = square, style = filled, color=grey, fixedsize=true, width=.2];
	m8 [label = "", shape = square, style = filled, color=grey, fixedsize=true, width=.2];
	m9 [label = "", shape = square, style = filled, color=grey, fixedsize=true, width=.2];
	m10 [label = "", shape = square, style = filled, color=grey, fixedsize=true, width=.2];
	s0 -> m0
	s1 -> m1
	s2 -> m2
	q3 -> m0 [label = "c"];
	q5 -> m4 [label = "b"];
	q5 -> m5 [label = "a"];
	q7 -> m2 [label = "b"];
	q7 -> m3 [label = "b"];
	q3 -> m1 [label = "a"];
	q0 -> m3 [label = "b"];
	q1 -> m0 [label = "c"];
	q6 -> m5 [label = "b, c"];
	q2 -> m4 [label = "b"];
	q5 -> m3 [label = "a, b, c"];
	q3 -> m3 [label = "a, b"];
	q2 -> m6 [label = "a"];
	q2 -> m2 [label = "b"];
	q2 -> m1 [label = "a, c"];
	q0 -> m2 [label = "b"];
	q4 -> m0 [label = "c"];
	q1 -> m3 [label = "b, c"];
	q2 -> m3 [label = "b, c"];
	q7 -> m4 [label = "b"];
	q6 -> m0 [label = "c"];
	q0 -> m1 [label = "a, b, c"];
	q4 -> m2 [label = "b, c"];
	q6 -> m3 [label = "a, b"];
	q1 -> m2 [label = "b"];
	q4 -> m3 [label = "a, b"];
	q4 -> m5 [label = "a, b"];
	q2 -> m10 [label = "c"];
	q0 -> m5 [label = "b"];
	q3 -> m8 [label = "b"];
	q4 -> m1 [label = "a, b"];
	q5 -> m2 [label = "b, c"];
	q0 -> m0 [label = "c"];
	q5 -> m7 [label = "c"];
	q1 -> m1 [label = "a, c"];
	q3 -> m5 [label = "b, c"];
	q7 -> m1 [label = "a, c"];
	q1 -> m9 [label = "b"];
	m0 -> q4;
	m0 -> q5;
	m1 -> q3;
	m1 -> q6;
	m2 -> q1;
	m2 -> q2;
	m2 -> q5;
	m3 -> q0;
	m3 -> q1;
	m3 -> q2;
	m3 -> q7;
	m4 -> q0;
	m4 -> q1;
	m4 -> q3;
	m4 -> q4;
	m4 -> q6;
	m5 -> q0;
	m5 -> q4;
	m6 -> q0;
	m6 -> q1;
	m6 -> q2;
	m6 -> q3;
	m6 -> q4;
	m6 -> q7;
	m7 -> q2;
	m7 -> q3;
	m7 -> q4;
	m7 -> q5;
	m7 -> q6;
	m8 -> q1;
	m8 -> q2;
	m8 -> q3;
	m8 -> q5;
	m8 -> q6;
	m9 -> q0;
	m9 -> q3;
	m9 -> q4;
	m9 -> q6;
	m10 -> q1;
	m10 -> q2;
	m10 -> q4;
	m10 -> q5;
}
AFA size: 8 states

AL** output after 12 EQ and 1492 MQ:
digraph finite_state_machine {
	rankdir=LR;
	node [shape = circle];
	s0 [shape = point, style = invis, start="true" ];
	s1 [shape = point, style = invis, start="true" ];
	s2 [shape = point, style = invis, start="true" ];
	q0 [label = "q0", shape = doublecircle, final="true" ];
	q1 [label = "q1"];
	q2 [label = "q2"];
	q3 [label = "q3"];
	q4 [label = "q4", shape = doublecircle, final="true" ];
	q5 [label = "q5"];
	q6 [label = "q6"];
	q7 [label = "q7"];
	m0 [label = "", shape = square, style = filled, color=grey, fixedsize=true, width=.2];
	m1 [label = "", shape = square, style = filled, color=grey, fixedsize=true, width=.2];
	m2 [label = "", shape = square, style = filled, color=grey, fixedsize=true, width=.2];
	m3 [label = "", shape = square, style = filled, color=grey, fixedsize=true, width=.2];
	m4 [label = "", shape = square, style = filled, color=grey, fixedsize=true, width=.2];
	m5 [label = "", shape = square, style = filled, color=grey, fixedsize=true, width=.2];
	m6 [label = "", shape = square, style = filled, color=grey, fixedsize=true, width=.2];
	m7 [label = "", shape = square, style = filled, color=grey, fixedsize=true, width=.2];
	m8 [label = "", shape = square, style = filled, color=grey, fixedsize=true, width=.2];
	m9 [label = "", shape = square, style = filled, color=grey, fixedsize=true, width=.2];
	m10 [label = "", shape = square, style = filled, color=grey, fixedsize=true, width=.2];
	s0 -> m0
	s1 -> m1
	s2 -> m2
	q3 -> m0 [label = "c"];
	q5 -> m4 [label = "b"];
	q5 -> m5 [label = "a"];
	q7 -> m2 [label = "b"];
	q7 -> m3 [label = "b"];
	q3 -> m1 [label = "a"];
	q0 -> m3 [label = "b"];
	q1 -> m0 [label = "c"];
	q6 -> m5 [label = "b, c"];
	q2 -> m4 [label = "b"];
	q5 -> m3 [label = "a, b, c"];
	q3 -> m3 [label = "a, b"];
	q2 -> m6 [label = "a"];
	q2 -> m2 [label = "b"];
	q2 -> m1 [label = "a, c"];
	q0 -> m2 [label = "b"];
	q4 -> m0 [label = "c"];
	q1 -> m3 [label = "b, c"];
	q2 -> m3 [label = "b, c"];
	q7 -> m4 [label = "b"];
	q6 -> m0 [label = "c"];
	q0 -> m1 [label = "a, b, c"];
	q4 -> m2 [label = "b, c"];
	q6 -> m3 [label = "a, b"];
	q1 -> m2 [label = "b"];
	q4 -> m3 [label = "a, b"];
	q4 -> m5 [label = "a, b"];
	q2 -> m10 [label = "c"];
	q0 -> m5 [label = "b"];
	q3 -> m8 [label = "b"];
	q4 -> m1 [label = "a, b"];
	q5 -> m2 [label = "b, c"];
	q0 -> m0 [label = "c"];
	q5 -> m7 [label = "c"];
	q1 -> m1 [label = "a, c"];
	q3 -> m5 [label = "b, c"];
	q7 -> m1 [label = "a, c"];
	q1 -> m9 [label = "b"];
	m0 -> q4;
	m0 -> q5;
	m1 -> q3;
	m1 -> q6;
	m2 -> q1;
	m2 -> q2;
	m2 -> q5;
	m3 -> q0;
	m3 -> q1;
	m3 -> q2;
	m3 -> q7;
	m4 -> q0;
	m4 -> q1;
	m4 -> q3;
	m4 -> q4;
	m4 -> q6;
	m5 -> q0;
	m5 -> q4;
	m6 -> q0;
	m6 -> q1;
	m6 -> q2;
	m6 -> q3;
	m6 -> q4;
	m6 -> q7;
	m7 -> q2;
	m7 -> q3;
	m7 -> q4;
	m7 -> q5;
	m7 -> q6;
	m8 -> q1;
	m8 -> q2;
	m8 -> q3;
	m8 -> q5;
	m8 -> q6;
	m9 -> q0;
	m9 -> q3;
	m9 -> q4;
	m9 -> q6;
	m10 -> q1;
	m10 -> q2;
	m10 -> q4;
	m10 -> q5;
}
RAFA size: 8 states

