Random target AFA:
digraph finite_state_machine {
	rankdir=LR;
	node [shape = circle];
	s0 [shape = point, style = invis, start="true" ];
	s1 [shape = point, style = invis, start="true" ];
	q0 [label = "q0", shape = doublecircle, final="true" ];
	q1 [label = "q1"];
	q2 [label = "q2"];
	q3 [label = "q3", shape = doublecircle, final="true" ];
	q4 [label = "q4"];
	q5 [label = "q5"];
	m0 [label = "", shape = square, style = filled, color=grey, fixedsize=true, width=.2];
	m1 [label = "", shape = square, style = filled, color=grey, fixedsize=true, width=.2];
	m2 [label = "", shape = square, style = filled, color=grey, fixedsize=true, width=.2];
	m3 [label = "", shape = square, style = filled, color=grey, fixedsize=true, width=.2];
	m4 [label = "", shape = square, style = filled, color=grey, fixedsize=true, width=.2];
	m5 [label = "", shape = square, style = filled, color=grey, fixedsize=true, width=.2];
	m6 [label = "", shape = square, style = filled, color=grey, fixedsize=true, width=.2];
	m7 [label = "", shape = square, style = filled, color=grey, fixedsize=true, width=.2];
	s0 -> q0
	s1 -> q2
	q5 -> m4 [label = "c"];
	q4 -> m5 [label = "b"];
	q4 -> q5 [label = "a"];
	q2 -> q4 [label = "b"];
	q0 -> q2 [label = "c"];
	q0 -> q4 [label = "a"];
	q0 -> q5 [label = "b"];
	q2 -> q1 [label = "a, b"];
	q1 -> q3 [label = "b, c"];
	q5 -> q5 [label = "c"];
	q3 -> q5 [label = "c"];
	q3 -> q2 [label = "b"];
	q2 -> m1 [label = "a"];
	q5 -> q3 [label = "a, b"];
	q4 -> q2 [label = "c"];
	q4 -> q0 [label = "b"];
	q0 -> m2 [label = "c"];
	q1 -> q5 [label = "a"];
	q3 -> q0 [label = "a, c"];
	q1 -> m0 [label = "a"];
	q3 -> m5 [label = "b"];
	q1 -> m6 [label = "b"];
	q1 -> m7 [label = "c"];
	q3 -> q4 [label = "a"];
	q0 -> m0 [label = "a"];
	q5 -> m7 [label = "a"];
	q4 -> m3 [label = "a"];
	q5 -> q0 [label = "b"];
	q4 -> q4 [label = "c"];
	q2 -> q5 [label = "c"];
	m0 -> q0;
	m0 -> q3;
	m1 -> q4;
	m1 -> q5;
	m2 -> q3;
	m2 -> q4;
	m3 -> q2;
	m3 -> q5;
	m4 -> q3;
	m4 -> q5;
	m5 -> q1;
	m5 -> q5;
	m6 -> q0;
	m6 -> q5;
	m7 -> q2;
	m7 -> q3;
}

L* output after 11 EQ and 13982 MQ:
digraph finite_state_machine {
	rankdir=LR;
	node [shape = circle];
	s0 [shape = point, style = invis, start="true" ];
	q0 [label = "q0", shape = doublecircle, final="true" ];
	q1 [label = "q1", shape = doublecircle, final="true" ];
	q2 [label = "q2", shape = doublecircle, final="true" ];
	q3 [label = "q3", shape = doublecircle, final="true" ];
	q4 [label = "q4", shape = doublecircle, final="true" ];
	q5 [label = "q5", shape = doublecircle, final="true" ];
	q6 [label = "q6", shape = doublecircle, final="true" ];
	q7 [label = "q7", shape = doublecircle, final="true" ];
	q8 [label = "q8", shape = doublecircle, final="true" ];
	q9 [label = "q9", shape = doublecircle, final="true" ];
	q10 [label = "q10", shape = doublecircle, final="true" ];
	q11 [label = "q11", shape = doublecircle, final="true" ];
	q12 [label = "q12", shape = doublecircle, final="true" ];
	q13 [label = "q13", shape = doublecircle, final="true" ];
	q14 [label = "q14", shape = doublecircle, final="true" ];
	q15 [label = "q15", shape = doublecircle, final="true" ];
	q16 [label = "q16", shape = doublecircle, final="true" ];
	q17 [label = "q17", shape = doublecircle, final="true" ];
	q18 [label = "q18", shape = doublecircle, final="true" ];
	q19 [label = "q19", shape = doublecircle, final="true" ];
	q20 [label = "q20", shape = doublecircle, final="true" ];
	q21 [label = "q21", shape = doublecircle, final="true" ];
	q22 [label = "q22", shape = doublecircle, final="true" ];
	q23 [label = "q23", shape = doublecircle, final="true" ];
	q24 [label = "q24", shape = doublecircle, final="true" ];
	q25 [label = "q25", shape = doublecircle, final="true" ];
	q26 [label = "q26", shape = doublecircle, final="true" ];
	q27 [label = "q27", shape = doublecircle, final="true" ];
	q28 [label = "q28", shape = doublecircle, final="true" ];
	q29 [label = "q29"];
	q30 [label = "q30", shape = doublecircle, final="true" ];
	q31 [label = "q31", shape = doublecircle, final="true" ];
	q32 [label = "q32", shape = doublecircle, final="true" ];
	q33 [label = "q33", shape = doublecircle, final="true" ];
	q34 [label = "q34", shape = doublecircle, final="true" ];
	q35 [label = "q35", shape = doublecircle, final="true" ];
	q36 [label = "q36", shape = doublecircle, final="true" ];
	q37 [label = "q37", shape = doublecircle, final="true" ];
	q38 [label = "q38"];
	q39 [label = "q39", shape = doublecircle, final="true" ];
	q40 [label = "q40"];
	q41 [label = "q41", shape = doublecircle, final="true" ];
	q42 [label = "q42", shape = doublecircle, final="true" ];
	q43 [label = "q43", shape = doublecircle, final="true" ];
	q44 [label = "q44"];
	q45 [label = "q45", shape = doublecircle, final="true" ];
	q46 [label = "q46", shape = doublecircle, final="true" ];
	q47 [label = "q47", shape = doublecircle, final="true" ];
	q48 [label = "q48", shape = doublecircle, final="true" ];
	q49 [label = "q49", shape = doublecircle, final="true" ];
	q50 [label = "q50", shape = doublecircle, final="true" ];
	q51 [label = "q51", shape = doublecircle, final="true" ];
	q52 [label = "q52", shape = doublecircle, final="true" ];
	q53 [label = "q53", shape = doublecircle, final="true" ];
	q54 [label = "q54"];
	q55 [label = "q55", shape = doublecircle, final="true" ];
	q56 [label = "q56", shape = doublecircle, final="true" ];
	q57 [label = "q57", shape = doublecircle, final="true" ];
	s0 -> q41
	q45 -> q22 [label = "a"];
	q47 -> q42 [label = "b"];
	q43 -> q25 [label = "a"];
	q43 -> q45 [label = "b"];
	q40 -> q33 [label = "c"];
	q44 -> q50 [label = "a"];
	q46 -> q45 [label = "b"];
	q42 -> q25 [label = "a"];
	q40 -> q35 [label = "b"];
	q46 -> q49 [label = "c"];
	q42 -> q24 [label = "b"];
	q39 -> q36 [label = "a"];
	q37 -> q45 [label = "b"];
	q38 -> q32 [label = "a"];
	q36 -> q51 [label = "b"];
	q34 -> q29 [label = "c"];
	q39 -> q51 [label = "b"];
	q39 -> q55 [label = "c"];
	q40 -> q37 [label = "a"];
	q33 -> q48 [label = "b"];
	q37 -> q30 [label = "c"];
	q38 -> q56 [label = "b"];
	q36 -> q46 [label = "a"];
	q32 -> q27 [label = "c"];
	q34 -> q36 [label = "a"];
	q32 -> q45 [label = "b"];
	q36 -> q29 [label = "c"];
	q32 -> q28 [label = "a"];
	q27 -> q47 [label = "c"];
	q30 -> q26 [label = "a"];
	q3 -> q28 [label = "a"];
	q55 -> q49 [label = "c"];
	q33 -> q42 [label = "a"];
	q34 -> q57 [label = "b"];
	q16 -> q17 [label = "b"];
	q44 -> q38 [label = "c"];
	q20 -> q28 [label = "a"];
	q17 -> q25 [label = "a"];
	q2 -> q6 [label = "a"];
	q38 -> q44 [label = "c"];
	q21 -> q23 [label = "c"];
	q56 -> q24 [label = "b"];
	q24 -> q18 [label = "b"];
	q15 -> q36 [label = "a"];
	q19 -> q27 [label = "b"];
	q12 -> q24 [label = "b"];
	q7 -> q11 [label = "c"];
	q0 -> q47 [label = "c"];
	q19 -> q46 [label = "a"];
	q23 -> q18 [label = "b"];
	q21 -> q42 [label = "a"];
	q49 -> q17 [label = "a"];
	q26 -> q28 [label = "a"];
	q17 -> q23 [label = "c"];
	q20 -> q23 [label = "c"];
	q56 -> q28 [label = "a"];
	q45 -> q47 [label = "c"];
	q18 -> q42 [label = "a"];
	q14 -> q48 [label = "b"];
	q44 -> q53 [label = "b"];
	q42 -> q23 [label = "c"];
	q35 -> q47 [label = "c"];
	q18 -> q23 [label = "c"];
	q23 -> q49 [label = "c"];
	q2 -> q1 [label = "b"];
	q46 -> q25 [label = "a"];
	q1 -> q0 [label = "b"];
	q22 -> q36 [label = "a"];
	q9 -> q28 [label = "a"];
	q47 -> q20 [label = "a"];
	q12 -> q9 [label = "a"];
	q48 -> q19 [label = "a"];
	q24 -> q56 [label = "a"];
	q52 -> q48 [label = "b"];
	q51 -> q15 [label = "a"];
	q48 -> q23 [label = "c"];
	q4 -> q12 [label = "b"];
	q30 -> q38 [label = "c"];
	q16 -> q6 [label = "a"];
	q8 -> q7 [label = "a"];
	q1 -> q25 [label = "a"];
	q51 -> q47 [label = "c"];
	q50 -> q28 [label = "a"];
	q35 -> q34 [label = "a"];
	q57 -> q12 [label = "b"];
	q23 -> q42 [label = "a"];
	q30 -> q27 [label = "b"];
	q57 -> q3 [label = "a"];
	q8 -> q24 [label = "b"];
	q27 -> q24 [label = "b"];
	q49 -> q29 [label = "c"];
	q53 -> q34 [label = "a"];
	q11 -> q8 [label = "b"];
	q29 -> q29 [label = "c"];
	q55 -> q13 [label = "b"];
	q7 -> q46 [label = "a"];
	q49 -> q42 [label = "b"];
	q57 -> q38 [label = "c"];
	q21 -> q48 [label = "b"];
	q7 -> q27 [label = "b"];
	q22 -> q27 [label = "b"];
	q53 -> q47 [label = "c"];
	q50 -> q4 [label = "c"];
	q52 -> q56 [label = "a"];
	q18 -> q18 [label = "b"];
	q51 -> q14 [label = "b"];
	q41 -> q40 [label = "b"];
	q2 -> q38 [label = "c"];
	q1 -> q23 [label = "c"];
	q54 -> q56 [label = "b"];
	q29 -> q56 [label = "b"];
	q54 -> q54 [label = "c"];
	q20 -> q45 [label = "b"];
	q53 -> q24 [label = "b"];
	q55 -> q19 [label = "a"];
	q52 -> q30 [label = "c"];
	q10 -> q46 [label = "a"];
	q17 -> q45 [label = "b"];
	q50 -> q16 [label = "b"];
	q48 -> q18 [label = "b"];
	q11 -> q29 [label = "c"];
	q47 -> q54 [label = "c"];
	q14 -> q56 [label = "a"];
	q26 -> q16 [label = "b"];
	q10 -> q33 [label = "c"];
	q15 -> q57 [label = "b"];
	q13 -> q10 [label = "a"];
	q9 -> q49 [label = "c"];
	q3 -> q49 [label = "c"];
	q5 -> q42 [label = "b"];
	q4 -> q54 [label = "c"];
	q41 -> q38 [label = "c"];
	q16 -> q38 [label = "c"];
	q5 -> q20 [label = "a"];
	q3 -> q2 [label = "b"];
	q27 -> q31 [label = "a"];
	q13 -> q42 [label = "b"];
	q5 -> q38 [label = "c"];
	q33 -> q49 [label = "c"];
	q0 -> q18 [label = "b"];
	q25 -> q25 [label = "a"];
	q35 -> q52 [label = "b"];
	q4 -> q3 [label = "a"];
	q6 -> q33 [label = "c"];
	q31 -> q28 [label = "a"];
	q24 -> q47 [label = "c"];
	q6 -> q51 [label = "b"];
	q0 -> q22 [label = "a"];
	q12 -> q47 [label = "c"];
	q43 -> q27 [label = "c"];
	q25 -> q49 [label = "c"];
	q10 -> q51 [label = "b"];
	q14 -> q47 [label = "c"];
	q29 -> q43 [label = "a"];
	q41 -> q39 [label = "a"];
	q13 -> q33 [label = "c"];
	q22 -> q33 [label = "c"];
	q6 -> q36 [label = "a"];
	q15 -> q11 [label = "c"];
	q9 -> q24 [label = "b"];
	q11 -> q17 [label = "a"];
	q45 -> q21 [label = "b"];
	q19 -> q33 [label = "c"];
	q37 -> q31 [label = "a"];
	q28 -> q29 [label = "c"];
	q28 -> q27 [label = "b"];
	q28 -> q46 [label = "a"];
	q25 -> q24 [label = "b"];
	q56 -> q23 [label = "c"];
	q54 -> q32 [label = "a"];
	q31 -> q49 [label = "c"];
	q31 -> q5 [label = "b"];
	q8 -> q23 [label = "c"];
	q26 -> q49 [label = "c"];
}
DFA size: 58 states

NL* output after 16 EQ and 6858 MQ:
digraph finite_state_machine {
	rankdir=LR;
	node [shape = circle];
	s0 [shape = point, style = invis, start="true" ];
	q0 [label = "q0", shape = doublecircle, final="true" ];
	q1 [label = "q1", shape = doublecircle, final="true" ];
	q2 [label = "q2", shape = doublecircle, final="true" ];
	q3 [label = "q3", shape = doublecircle, final="true" ];
	q4 [label = "q4", shape = doublecircle, final="true" ];
	q5 [label = "q5", shape = doublecircle, final="true" ];
	q6 [label = "q6", shape = doublecircle, final="true" ];
	q7 [label = "q7", shape = doublecircle, final="true" ];
	q8 [label = "q8", shape = doublecircle, final="true" ];
	q9 [label = "q9", shape = doublecircle, final="true" ];
	q10 [label = "q10", shape = doublecircle, final="true" ];
	q11 [label = "q11", shape = doublecircle, final="true" ];
	q12 [label = "q12", shape = doublecircle, final="true" ];
	q13 [label = "q13", shape = doublecircle, final="true" ];
	q14 [label = "q14"];
	q15 [label = "q15"];
	q16 [label = "q16", shape = doublecircle, final="true" ];
	q17 [label = "q17", shape = doublecircle, final="true" ];
	q18 [label = "q18", shape = doublecircle, final="true" ];
	q19 [label = "q19", shape = doublecircle, final="true" ];
	q20 [label = "q20"];
	q21 [label = "q21", shape = doublecircle, final="true" ];
	q22 [label = "q22"];
	q23 [label = "q23", shape = doublecircle, final="true" ];
	q24 [label = "q24", shape = doublecircle, final="true" ];
	s0 -> q12
	q18 -> q22 [label = "c"];
	q18 -> q12 [label = "c"];
	q18 -> q10 [label = "c"];
	q0 -> q8 [label = "b"];
	q0 -> q5 [label = "b"];
	q11 -> q5 [label = "a"];
	q4 -> q18 [label = "b"];
	q6 -> q20 [label = "c"];
	q5 -> q12 [label = "b, c"];
	q0 -> q17 [label = "b"];
	q6 -> q12 [label = "b, c"];
	q6 -> q7 [label = "a, c"];
	q6 -> q3 [label = "c"];
	q19 -> q17 [label = "a, c"];
	q11 -> q15 [label = "b, c"];
	q2 -> q18 [label = "b"];
	q2 -> q15 [label = "b, c"];
	q2 -> q10 [label = "b, c"];
	q11 -> q3 [label = "b, c"];
	q22 -> q2 [label = "b"];
	q6 -> q15 [label = "c"];
	q2 -> q9 [label = "b"];
	q6 -> q13 [label = "a, b"];
	q2 -> q7 [label = "b, c"];
	q11 -> q9 [label = "b"];
	q10 -> q15 [label = "c"];
	q20 -> q22 [label = "c"];
	q9 -> q18 [label = "b"];
	q2 -> q0 [label = "b, c"];
	q7 -> q23 [label = "b"];
	q0 -> q4 [label = "a, b"];
	q8 -> q3 [label = "c"];
	q4 -> q24 [label = "c"];
	q4 -> q22 [label = "c"];
	q4 -> q17 [label = "a, c"];
	q15 -> q4 [label = "b"];
	q4 -> q5 [label = "c"];
	q6 -> q23 [label = "c"];
	q4 -> q1 [label = "c"];
	q17 -> q24 [label = "a"];
	q8 -> q7 [label = "a, c"];
	q5 -> q21 [label = "a, c"];
	q10 -> q1 [label = "b"];
	q8 -> q21 [label = "a"];
	q18 -> q23 [label = "c"];
	q14 -> q18 [label = "b"];
	q14 -> q24 [label = "c"];
	q11 -> q11 [label = "b"];
	q0 -> q22 [label = "b"];
	q14 -> q5 [label = "c"];
	q20 -> q20 [label = "c"];
	q14 -> q22 [label = "c"];
	q14 -> q17 [label = "c"];
	q14 -> q6 [label = "c"];
	q2 -> q3 [label = "b, c"];
	q10 -> q4 [label = "a, b"];
	q21 -> q22 [label = "b, c"];
	q17 -> q9 [label = "a"];
	q14 -> q9 [label = "a, c"];
	q13 -> q1 [label = "c"];
	q11 -> q1 [label = "a"];
	q12 -> q15 [label = "c"];
	q21 -> q7 [label = "b"];
	q11 -> q19 [label = "a"];
	q6 -> q17 [label = "a, c"];
	q24 -> q7 [label = "a, c"];
	q9 -> q1 [label = "a"];
	q5 -> q3 [label = "c"];
	q8 -> q17 [label = "a"];
	q13 -> q24 [label = "c"];
	q14 -> q15 [label = "c"];
	q2 -> q11 [label = "b"];
	q17 -> q5 [label = "a"];
	q9 -> q10 [label = "b"];
	q0 -> q13 [label = "a, b"];
	q16 -> q10 [label = "c"];
	q8 -> q10 [label = "b"];
	q7 -> q2 [label = "b"];
	q13 -> q18 [label = "b"];
	q17 -> q16 [label = "b"];
	q24 -> q3 [label = "c"];
	q7 -> q24 [label = "a"];
	q20 -> q8 [label = "a, b"];
	q19 -> q22 [label = "b, c"];
	q4 -> q6 [label = "c"];
	q23 -> q1 [label = "a"];
	q6 -> q0 [label = "b, c"];
	q9 -> q12 [label = "b"];
	q11 -> q2 [label = "a, b"];
	q8 -> q12 [label = "b"];
	q23 -> q22 [label = "b"];
	q21 -> q23 [label = "b"];
	q8 -> q2 [label = "c"];
	q11 -> q16 [label = "b"];
	q24 -> q10 [label = "b"];
	q8 -> q0 [label = "b"];
	q12 -> q13 [label = "a"];
	q0 -> q24 [label = "b"];
	q13 -> q16 [label = "b"];
	q13 -> q5 [label = "c"];
	q20 -> q9 [label = "a"];
	q24 -> q17 [label = "a"];
	q24 -> q22 [label = "a, c"];
	q0 -> q15 [label = "c"];
	q4 -> q20 [label = "c"];
	q7 -> q7 [label = "b"];
	q10 -> q14 [label = "b"];
	q10 -> q13 [label = "a, b"];
	q23 -> q18 [label = "b"];
	q8 -> q16 [label = "b, c"];
	q2 -> q22 [label = "b, c"];
	q23 -> q5 [label = "a"];
	q2 -> q2 [label = "b"];
	q3 -> q16 [label = "b"];
	q16 -> q9 [label = "b"];
	q23 -> q24 [label = "a"];
	q20 -> q5 [label = "b"];
	q24 -> q21 [label = "a"];
	q3 -> q15 [label = "c"];
	q0 -> q1 [label = "b"];
	q0 -> q9 [label = "b"];
	q9 -> q16 [label = "b"];
	q11 -> q12 [label = "b, c"];
	q8 -> q18 [label = "b, c"];
	q24 -> q23 [label = "c"];
	q4 -> q9 [label = "c"];
	q20 -> q19 [label = "b"];
	q10 -> q9 [label = "b"];
	q15 -> q19 [label = "b"];
	q13 -> q6 [label = "c"];
	q9 -> q7 [label = "c"];
	q3 -> q18 [label = "b"];
	q17 -> q1 [label = "a"];
	q11 -> q22 [label = "b, c"];
	q1 -> q20 [label = "c"];
	q6 -> q10 [label = "b, c"];
	q10 -> q24 [label = "b"];
	q20 -> q24 [label = "a, b"];
	q10 -> q5 [label = "b"];
	q5 -> q7 [label = "a, c"];
	q11 -> q24 [label = "a"];
	q10 -> q8 [label = "b"];
	q9 -> q22 [label = "c"];
	q0 -> q14 [label = "b"];
	q16 -> q12 [label = "c"];
	q15 -> q22 [label = "c"];
	q20 -> q1 [label = "b"];
	q9 -> q21 [label = "a"];
	q19 -> q20 [label = "c"];
	q9 -> q24 [label = "a"];
	q11 -> q0 [label = "b, c"];
	q11 -> q18 [label = "a, b"];
	q5 -> q17 [label = "a, c"];
	q6 -> q22 [label = "a, c"];
	q11 -> q7 [label = "b, c"];
	q2 -> q23 [label = "b, c"];
	q23 -> q7 [label = "b"];
	q9 -> q0 [label = "b"];
	q2 -> q16 [label = "b"];
	q8 -> q22 [label = "a, c"];
	q11 -> q23 [label = "b, c"];
	q10 -> q17 [label = "b"];
	q6 -> q21 [label = "a, b, c"];
	q24 -> q12 [label = "b"];
	q11 -> q21 [label = "a"];
	q2 -> q21 [label = "a"];
	q18 -> q7 [label = "c"];
	q6 -> q4 [label = "a, b"];
	q6 -> q19 [label = "a, b"];
	q5 -> q0 [label = "b, c"];
	q5 -> q15 [label = "c"];
	q7 -> q9 [label = "b"];
	q8 -> q9 [label = "c"];
	q5 -> q20 [label = "c"];
	q9 -> q19 [label = "a"];
	q5 -> q22 [label = "a, c"];
	q5 -> q23 [label = "c"];
	q18 -> q15 [label = "b, c"];
	q1 -> q17 [label = "a, c"];
	q1 -> q7 [label = "a, c"];
	q16 -> q3 [label = "c"];
	q17 -> q17 [label = "a"];
	q1 -> q21 [label = "a, c"];
	q3 -> q5 [label = "a"];
	q1 -> q22 [label = "a, c"];
	q3 -> q7 [label = "b"];
	q15 -> q13 [label = "b"];
	q3 -> q9 [label = "b"];
	q3 -> q11 [label = "b"];
	q3 -> q23 [label = "b"];
	q7 -> q15 [label = "c"];
	q1 -> q10 [label = "b, c"];
	q17 -> q20 [label = "c"];
	q1 -> q12 [label = "b, c"];
	q3 -> q2 [label = "b"];
	q16 -> q22 [label = "b, c"];
	q3 -> q1 [label = "a"];
	q2 -> q12 [label = "b, c"];
	q3 -> q24 [label = "a"];
	q19 -> q15 [label = "c"];
	q7 -> q1 [label = "a"];
	q7 -> q3 [label = "b"];
	q5 -> q10 [label = "b, c"];
	q7 -> q16 [label = "b"];
	q1 -> q0 [label = "c"];
	q1 -> q3 [label = "c"];
	q1 -> q15 [label = "c"];
	q1 -> q23 [label = "c"];
	q8 -> q23 [label = "c"];
	q23 -> q16 [label = "b"];
	q6 -> q14 [label = "a"];
	q7 -> q22 [label = "b"];
	q20 -> q4 [label = "b"];
	q11 -> q10 [label = "b, c"];
	q13 -> q17 [label = "a"];
	q15 -> q1 [label = "b"];
	q15 -> q2 [label = "b"];
	q16 -> q23 [label = "c"];
	q15 -> q18 [label = "b"];
	q3 -> q3 [label = "b"];
	q15 -> q21 [label = "b"];
	q12 -> q14 [label = "b"];
	q15 -> q24 [label = "a, b"];
	q20 -> q15 [label = "c"];
	q16 -> q21 [label = "a"];
	q18 -> q3 [label = "c"];
	q4 -> q15 [label = "c"];
	q18 -> q0 [label = "c"];
	q18 -> q9 [label = "b"];
	q22 -> q15 [label = "c"];
	q3 -> q22 [label = "b, c"];
	q16 -> q15 [label = "b, c"];
	q18 -> q21 [label = "a"];
	q22 -> q18 [label = "b"];
	q15 -> q8 [label = "a, b"];
	q22 -> q24 [label = "a"];
	q16 -> q0 [label = "c"];
	q16 -> q7 [label = "c"];
	q14 -> q20 [label = "c"];
	q21 -> q15 [label = "c"];
	q21 -> q20 [label = "c"];
	q21 -> q17 [label = "a"];
	q16 -> q19 [label = "a"];
	q20 -> q13 [label = "b"];
	q14 -> q1 [label = "c"];
	q19 -> q23 [label = "b"];
	q23 -> q15 [label = "c"];
	q17 -> q18 [label = "b"];
	q15 -> q5 [label = "b"];
	q19 -> q7 [label = "b"];
	q23 -> q2 [label = "b"];
	q23 -> q3 [label = "b"];
	q23 -> q9 [label = "b"];
	q7 -> q18 [label = "b"];
	q9 -> q5 [label = "a"];
	q23 -> q23 [label = "b"];
	q23 -> q11 [label = "b"];
	q17 -> q15 [label = "c"];
	q4 -> q16 [label = "b"];
	q17 -> q22 [label = "c"];
	q20 -> q2 [label = "b"];
	q20 -> q18 [label = "b"];
	q20 -> q21 [label = "b"];
}
NFA size: 25 states

AL* output after 15 EQ and 2600 MQ:
digraph finite_state_machine {
	rankdir=LR;
	node [shape = circle];
	s0 [shape = point, style = invis, start="true" ];
	s1 [shape = point, style = invis, start="true" ];
	q0 [label = "q0", shape = doublecircle, final="true" ];
	q1 [label = "q1", shape = doublecircle, final="true" ];
	q2 [label = "q2", shape = doublecircle, final="true" ];
	q3 [label = "q3", shape = doublecircle, final="true" ];
	q4 [label = "q4", shape = doublecircle, final="true" ];
	q5 [label = "q5"];
	q6 [label = "q6", shape = doublecircle, final="true" ];
	q7 [label = "q7", shape = doublecircle, final="true" ];
	q8 [label = "q8", shape = doublecircle, final="true" ];
	q9 [label = "q9", shape = doublecircle, final="true" ];
	q10 [label = "q10"];
	q11 [label = "q11", shape = doublecircle, final="true" ];
	m0 [label = "", shape = square, style = filled, color=grey, fixedsize=true, width=.2];
	m1 [label = "", shape = square, style = filled, color=grey, fixedsize=true, width=.2];
	m2 [label = "", shape = square, style = filled, color=grey, fixedsize=true, width=.2];
	m3 [label = "", shape = square, style = filled, color=grey, fixedsize=true, width=.2];
	m4 [label = "", shape = square, style = filled, color=grey, fixedsize=true, width=.2];
	m5 [label = "", shape = square, style = filled, color=grey, fixedsize=true, width=.2];
	m6 [label = "", shape = square, style = filled, color=grey, fixedsize=true, width=.2];
	m7 [label = "", shape = square, style = filled, color=grey, fixedsize=true, width=.2];
	m8 [label = "", shape = square, style = filled, color=grey, fixedsize=true, width=.2];
	m9 [label = "", shape = square, style = filled, color=grey, fixedsize=true, width=.2];
	m10 [label = "", shape = square, style = filled, color=grey, fixedsize=true, width=.2];
	m11 [label = "", shape = square, style = filled, color=grey, fixedsize=true, width=.2];
	m12 [label = "", shape = square, style = filled, color=grey, fixedsize=true, width=.2];
	s0 -> m0
	s1 -> m1
	q9 -> m8 [label = "b"];
	q9 -> m0 [label = "b"];
	q9 -> m5 [label = "a, b"];
	q9 -> m4 [label = "a"];
	q11 -> m4 [label = "a, b"];
	q11 -> m6 [label = "a, b"];
	q8 -> m1 [label = "a, b, c"];
	q8 -> m2 [label = "a, c"];
	q10 -> m8 [label = "b"];
	q10 -> m1 [label = "b"];
	q4 -> m0 [label = "c"];
	q6 -> m5 [label = "a, b"];
	q1 -> m0 [label = "b, c"];
	q6 -> m4 [label = "a"];
	q4 -> m8 [label = "b"];
	q2 -> m2 [label = "b, c"];
	q7 -> m4 [label = "a"];
	q4 -> m2 [label = "a"];
	q6 -> m0 [label = "c"];
	q4 -> m7 [label = "b"];
	q2 -> m4 [label = "a, b"];
	q2 -> m0 [label = "c"];
	q5 -> m10 [label = "c"];
	q11 -> m3 [label = "c"];
	q3 -> m5 [label = "b, c"];
	q4 -> m5 [label = "b, c"];
	q5 -> m4 [label = "b"];
	q11 -> m2 [label = "b, c"];
	q9 -> m1 [label = "a, b, c"];
	q6 -> m3 [label = "c"];
	q10 -> m0 [label = "c"];
	q0 -> m2 [label = "a, c"];
	q9 -> m2 [label = "c"];
	q2 -> m3 [label = "c"];
	q10 -> m2 [label = "a, c"];
	q10 -> m5 [label = "a, b, c"];
	q8 -> m0 [label = "b, c"];
	q3 -> m0 [label = "b"];
	q4 -> m1 [label = "b"];
	q7 -> m1 [label = "a, c"];
	q5 -> m1 [label = "b"];
	q3 -> m2 [label = "a, c"];
	q7 -> m2 [label = "b, c"];
	q11 -> m11 [label = "a"];
	q1 -> m2 [label = "a, b, c"];
	q10 -> m4 [label = "c"];
	q5 -> m6 [label = "a, b"];
	q11 -> m0 [label = "c"];
	q1 -> m4 [label = "a, c"];
	q5 -> m2 [label = "c"];
	q1 -> m1 [label = "a, b, c"];
	q7 -> m0 [label = "b, c"];
	q0 -> m0 [label = "c"];
	q7 -> m5 [label = "b"];
	q3 -> m4 [label = "a"];
	q7 -> m3 [label = "c"];
	q5 -> m9 [label = "c"];
	q3 -> m8 [label = "b"];
	q8 -> m4 [label = "a, c"];
	q0 -> m5 [label = "a, b"];
	q4 -> m11 [label = "a"];
	q8 -> m8 [label = "b"];
	q4 -> m4 [label = "a, c"];
	q0 -> m4 [label = "a, c"];
	q6 -> m2 [label = "b, c"];
	q6 -> m1 [label = "b"];
	q2 -> m5 [label = "b"];
	q2 -> m6 [label = "a, b"];
	q2 -> m11 [label = "a"];
	q5 -> m5 [label = "a, b"];
	q2 -> m12 [label = "a"];
	q0 -> m1 [label = "b"];
	q3 -> m1 [label = "a, b, c"];
	q0 -> m7 [label = "b"];
	q0 -> m8 [label = "b"];
	m0 -> q2;
	m0 -> q5;
	m0 -> q11;
	m1 -> q1;
	m1 -> q2;
	m1 -> q6;
	m1 -> q7;
	m1 -> q11;
	m2 -> q0;
	m2 -> q5;
	m2 -> q6;
	m2 -> q9;
	m2 -> q10;
	m3 -> q0;
	m3 -> q1;
	m3 -> q3;
	m3 -> q4;
	m3 -> q5;
	m3 -> q7;
	m3 -> q8;
	m3 -> q9;
	m3 -> q10;
	m4 -> q0;
	m4 -> q1;
	m4 -> q4;
	m4 -> q8;
	m4 -> q10;
	m5 -> q1;
	m5 -> q3;
	m5 -> q7;
	m5 -> q8;
	m5 -> q9;
	m6 -> q3;
	m6 -> q4;
	m6 -> q10;
	m7 -> q0;
	m7 -> q2;
	m7 -> q5;
	m7 -> q6;
	m7 -> q9;
	m7 -> q10;
	m7 -> q11;
	m8 -> q0;
	m8 -> q2;
	m8 -> q3;
	m8 -> q4;
	m8 -> q5;
	m8 -> q6;
	m8 -> q7;
	m8 -> q9;
	m8 -> q10;
	m9 -> q0;
	m9 -> q1;
	m9 -> q2;
	m9 -> q4;
	m9 -> q6;
	m9 -> q7;
	m9 -> q8;
	m9 -> q10;
	m9 -> q11;
	m10 -> q1;
	m10 -> q2;
	m10 -> q5;
	m10 -> q6;
	m10 -> q7;
	m10 -> q11;
	m11 -> q0;
	m11 -> q1;
	m11 -> q2;
	m11 -> q3;
	m11 -> q4;
	m11 -> q6;
	m11 -> q7;
	m11 -> q8;
	m11 -> q9;
	m11 -> q11;
	m12 -> q0;
	m12 -> q1;
	m12 -> q2;
	m12 -> q3;
	m12 -> q5;
	m12 -> q6;
	m12 -> q7;
	m12 -> q8;
	m12 -> q9;
	m12 -> q10;
	m12 -> q11;
}
AFA size: 12 states

AL** output after 16 EQ and 2600 MQ:
digraph finite_state_machine {
	rankdir=LR;
	node [shape = circle];
	s0 [shape = point, style = invis, start="true" ];
	s1 [shape = point, style = invis, start="true" ];
	q0 [label = "q0", shape = doublecircle, final="true" ];
	q1 [label = "q1", shape = doublecircle, final="true" ];
	q2 [label = "q2", shape = doublecircle, final="true" ];
	q3 [label = "q3", shape = doublecircle, final="true" ];
	q4 [label = "q4", shape = doublecircle, final="true" ];
	q5 [label = "q5"];
	q6 [label = "q6", shape = doublecircle, final="true" ];
	q7 [label = "q7", shape = doublecircle, final="true" ];
	q8 [label = "q8", shape = doublecircle, final="true" ];
	q9 [label = "q9", shape = doublecircle, final="true" ];
	q10 [label = "q10"];
	q11 [label = "q11", shape = doublecircle, final="true" ];
	m0 [label = "", shape = square, style = filled, color=grey, fixedsize=true, width=.2];
	m1 [label = "", shape = square, style = filled, color=grey, fixedsize=true, width=.2];
	m2 [label = "", shape = square, style = filled, color=grey, fixedsize=true, width=.2];
	m3 [label = "", shape = square, style = filled, color=grey, fixedsize=true, width=.2];
	m4 [label = "", shape = square, style = filled, color=grey, fixedsize=true, width=.2];
	m5 [label = "", shape = square, style = filled, color=grey, fixedsize=true, width=.2];
	m6 [label = "", shape = square, style = filled, color=grey, fixedsize=true, width=.2];
	m7 [label = "", shape = square, style = filled, color=grey, fixedsize=true, width=.2];
	m8 [label = "", shape = square, style = filled, color=grey, fixedsize=true, width=.2];
	m9 [label = "", shape = square, style = filled, color=grey, fixedsize=true, width=.2];
	m10 [label = "", shape = square, style = filled, color=grey, fixedsize=true, width=.2];
	m11 [label = "", shape = square, style = filled, color=grey, fixedsize=true, width=.2];
	m12 [label = "", shape = square, style = filled, color=grey, fixedsize=true, width=.2];
	s0 -> m0
	s1 -> m1
	q9 -> m8 [label = "b"];
	q9 -> m0 [label = "b"];
	q9 -> m5 [label = "a, b"];
	q9 -> m4 [label = "a"];
	q11 -> m4 [label = "a, b"];
	q11 -> m6 [label = "a, b"];
	q8 -> m1 [label = "a, b, c"];
	q8 -> m2 [label = "a, c"];
	q10 -> m8 [label = "b"];
	q10 -> m1 [label = "b"];
	q4 -> m0 [label = "c"];
	q6 -> m5 [label = "a, b"];
	q1 -> m0 [label = "b, c"];
	q6 -> m4 [label = "a"];
	q4 -> m8 [label = "b"];
	q2 -> m2 [label = "b, c"];
	q7 -> m4 [label = "a"];
	q4 -> m2 [label = "a"];
	q6 -> m0 [label = "c"];
	q4 -> m7 [label = "b"];
	q2 -> m4 [label = "a, b"];
	q2 -> m0 [label = "c"];
	q5 -> m10 [label = "c"];
	q11 -> m3 [label = "c"];
	q3 -> m5 [label = "b, c"];
	q4 -> m5 [label = "b, c"];
	q5 -> m4 [label = "b"];
	q11 -> m2 [label = "b, c"];
	q9 -> m1 [label = "a, b, c"];
	q6 -> m3 [label = "c"];
	q10 -> m0 [label = "c"];
	q0 -> m2 [label = "a, c"];
	q9 -> m2 [label = "c"];
	q2 -> m3 [label = "c"];
	q10 -> m2 [label = "a, c"];
	q10 -> m5 [label = "a, b, c"];
	q8 -> m0 [label = "b, c"];
	q3 -> m0 [label = "b"];
	q4 -> m1 [label = "b"];
	q7 -> m1 [label = "a, c"];
	q5 -> m1 [label = "b"];
	q3 -> m2 [label = "a, c"];
	q7 -> m2 [label = "b, c"];
	q11 -> m11 [label = "a"];
	q1 -> m2 [label = "a, b, c"];
	q10 -> m4 [label = "c"];
	q5 -> m6 [label = "a, b"];
	q11 -> m0 [label = "c"];
	q1 -> m4 [label = "a, c"];
	q5 -> m2 [label = "c"];
	q1 -> m1 [label = "a, b, c"];
	q7 -> m0 [label = "b, c"];
	q0 -> m0 [label = "c"];
	q7 -> m5 [label = "b"];
	q3 -> m4 [label = "a"];
	q7 -> m3 [label = "c"];
	q5 -> m9 [label = "c"];
	q3 -> m8 [label = "b"];
	q8 -> m4 [label = "a, c"];
	q0 -> m5 [label = "a, b"];
	q4 -> m11 [label = "a"];
	q8 -> m8 [label = "b"];
	q4 -> m4 [label = "a, c"];
	q0 -> m4 [label = "a, c"];
	q6 -> m2 [label = "b, c"];
	q6 -> m1 [label = "b"];
	q2 -> m5 [label = "b"];
	q2 -> m6 [label = "a, b"];
	q2 -> m11 [label = "a"];
	q5 -> m5 [label = "a, b"];
	q2 -> m12 [label = "a"];
	q0 -> m1 [label = "b"];
	q3 -> m1 [label = "a, b, c"];
	q0 -> m7 [label = "b"];
	q0 -> m8 [label = "b"];
	m0 -> q2;
	m0 -> q5;
	m0 -> q11;
	m1 -> q1;
	m1 -> q2;
	m1 -> q6;
	m1 -> q7;
	m1 -> q11;
	m2 -> q0;
	m2 -> q5;
	m2 -> q6;
	m2 -> q9;
	m2 -> q10;
	m3 -> q0;
	m3 -> q1;
	m3 -> q3;
	m3 -> q4;
	m3 -> q5;
	m3 -> q7;
	m3 -> q8;
	m3 -> q9;
	m3 -> q10;
	m4 -> q0;
	m4 -> q1;
	m4 -> q4;
	m4 -> q8;
	m4 -> q10;
	m5 -> q1;
	m5 -> q3;
	m5 -> q7;
	m5 -> q8;
	m5 -> q9;
	m6 -> q3;
	m6 -> q4;
	m6 -> q10;
	m7 -> q0;
	m7 -> q2;
	m7 -> q5;
	m7 -> q6;
	m7 -> q9;
	m7 -> q10;
	m7 -> q11;
	m8 -> q0;
	m8 -> q2;
	m8 -> q3;
	m8 -> q4;
	m8 -> q5;
	m8 -> q6;
	m8 -> q7;
	m8 -> q9;
	m8 -> q10;
	m9 -> q0;
	m9 -> q1;
	m9 -> q2;
	m9 -> q4;
	m9 -> q6;
	m9 -> q7;
	m9 -> q8;
	m9 -> q10;
	m9 -> q11;
	m10 -> q1;
	m10 -> q2;
	m10 -> q5;
	m10 -> q6;
	m10 -> q7;
	m10 -> q11;
	m11 -> q0;
	m11 -> q1;
	m11 -> q2;
	m11 -> q3;
	m11 -> q4;
	m11 -> q6;
	m11 -> q7;
	m11 -> q8;
	m11 -> q9;
	m11 -> q11;
	m12 -> q0;
	m12 -> q1;
	m12 -> q2;
	m12 -> q3;
	m12 -> q5;
	m12 -> q6;
	m12 -> q7;
	m12 -> q8;
	m12 -> q9;
	m12 -> q10;
	m12 -> q11;
}
RAFA size: 12 states

