Random target AFA:
digraph finite_state_machine {
	rankdir=LR;
	node [shape = circle];
	s0 [shape = point, style = invis, start="true" ];
	q0 [label = "q0"];
	q1 [label = "q1"];
	q2 [label = "q2"];
	q3 [label = "q3", shape = doublecircle, final="true" ];
	q4 [label = "q4", shape = doublecircle, final="true" ];
	q5 [label = "q5"];
	q6 [label = "q6", shape = doublecircle, final="true" ];
	m0 [label = "", shape = square, style = filled, color=grey, fixedsize=true, width=.2];
	m1 [label = "", shape = square, style = filled, color=grey, fixedsize=true, width=.2];
	m2 [label = "", shape = square, style = filled, color=grey, fixedsize=true, width=.2];
	m3 [label = "", shape = square, style = filled, color=grey, fixedsize=true, width=.2];
	m4 [label = "", shape = square, style = filled, color=grey, fixedsize=true, width=.2];
	m5 [label = "", shape = square, style = filled, color=grey, fixedsize=true, width=.2];
	s0 -> m0
	q4 -> q3 [label = "b"];
	q6 -> q5 [label = "a"];
	q1 -> q6 [label = "c"];
	q1 -> q2 [label = "c"];
	q5 -> q3 [label = "b"];
	q5 -> m5 [label = "a"];
	q5 -> q1 [label = "b"];
	q1 -> q4 [label = "b"];
	q3 -> m4 [label = "b"];
	q5 -> q4 [label = "c"];
	q0 -> q4 [label = "a, c"];
	q2 -> q5 [label = "a"];
	q2 -> q0 [label = "b, c"];
	q6 -> q3 [label = "a"];
	q2 -> q1 [label = "b"];
	q4 -> q5 [label = "c"];
	q4 -> q2 [label = "a"];
	q2 -> q4 [label = "a, b"];
	q1 -> m3 [label = "a"];
	q6 -> m2 [label = "b"];
	q6 -> m1 [label = "c"];
	q0 -> q1 [label = "c"];
	q0 -> q0 [label = "b"];
	q3 -> m0 [label = "a"];
	q4 -> q1 [label = "a"];
	q3 -> q0 [label = "c"];
	q1 -> q1 [label = "c"];
	q0 -> q3 [label = "c"];
	m0 -> q3;
	m0 -> q4;
	m1 -> q2;
	m1 -> q4;
	m2 -> q0;
	m2 -> q5;
	m3 -> q0;
	m3 -> q3;
	m3 -> q5;
	m4 -> q2;
	m4 -> q3;
	m5 -> q0;
	m5 -> q4;
	m5 -> q5;
}

L* output after 9 EQ and 9220 MQ:
digraph finite_state_machine {
	rankdir=LR;
	node [shape = circle];
	s0 [shape = point, style = invis, start="true" ];
	q0 [label = "q0", shape = doublecircle, final="true" ];
	q1 [label = "q1", shape = doublecircle, final="true" ];
	q2 [label = "q2", shape = doublecircle, final="true" ];
	q3 [label = "q3", shape = doublecircle, final="true" ];
	q4 [label = "q4", shape = doublecircle, final="true" ];
	q5 [label = "q5", shape = doublecircle, final="true" ];
	q6 [label = "q6", shape = doublecircle, final="true" ];
	q7 [label = "q7", shape = doublecircle, final="true" ];
	q8 [label = "q8"];
	q9 [label = "q9", shape = doublecircle, final="true" ];
	q10 [label = "q10", shape = doublecircle, final="true" ];
	q11 [label = "q11", shape = doublecircle, final="true" ];
	q12 [label = "q12", shape = doublecircle, final="true" ];
	q13 [label = "q13", shape = doublecircle, final="true" ];
	q14 [label = "q14", shape = doublecircle, final="true" ];
	q15 [label = "q15", shape = doublecircle, final="true" ];
	q16 [label = "q16"];
	q17 [label = "q17", shape = doublecircle, final="true" ];
	q18 [label = "q18", shape = doublecircle, final="true" ];
	q19 [label = "q19"];
	q20 [label = "q20", shape = doublecircle, final="true" ];
	q21 [label = "q21"];
	q22 [label = "q22", shape = doublecircle, final="true" ];
	q23 [label = "q23"];
	q24 [label = "q24", shape = doublecircle, final="true" ];
	q25 [label = "q25"];
	q26 [label = "q26", shape = doublecircle, final="true" ];
	q27 [label = "q27"];
	q28 [label = "q28", shape = doublecircle, final="true" ];
	q29 [label = "q29", shape = doublecircle, final="true" ];
	q30 [label = "q30"];
	q31 [label = "q31"];
	q32 [label = "q32"];
	q33 [label = "q33"];
	q34 [label = "q34"];
	q35 [label = "q35", shape = doublecircle, final="true" ];
	q36 [label = "q36"];
	q37 [label = "q37"];
	q38 [label = "q38", shape = doublecircle, final="true" ];
	q39 [label = "q39", shape = doublecircle, final="true" ];
	q40 [label = "q40"];
	q41 [label = "q41"];
	q42 [label = "q42", shape = doublecircle, final="true" ];
	q43 [label = "q43"];
	q44 [label = "q44", shape = doublecircle, final="true" ];
	q45 [label = "q45"];
	q46 [label = "q46", shape = doublecircle, final="true" ];
	q47 [label = "q47", shape = doublecircle, final="true" ];
	q48 [label = "q48"];
	q49 [label = "q49"];
	q50 [label = "q50", shape = doublecircle, final="true" ];
	q51 [label = "q51", shape = doublecircle, final="true" ];
	s0 -> q35
	q41 -> q37 [label = "c"];
	q47 -> q24 [label = "b"];
	q43 -> q43 [label = "a"];
	q47 -> q48 [label = "c"];
	q41 -> q43 [label = "a"];
	q43 -> q38 [label = "b"];
	q40 -> q42 [label = "c"];
	q46 -> q10 [label = "b"];
	q40 -> q27 [label = "b"];
	q42 -> q44 [label = "b"];
	q44 -> q23 [label = "c"];
	q39 -> q34 [label = "a"];
	q37 -> q38 [label = "b"];
	q35 -> q32 [label = "c"];
	q36 -> q49 [label = "b"];
	q33 -> q31 [label = "c"];
	q39 -> q40 [label = "c"];
	q3 -> q13 [label = "a"];
	q5 -> q5 [label = "a, c"];
	q42 -> q45 [label = "a"];
	q37 -> q30 [label = "a"];
	q4 -> q46 [label = "b"];
	q19 -> q7 [label = "c"];
	q2 -> q51 [label = "c"];
	q3 -> q4 [label = "c"];
	q15 -> q46 [label = "b"];
	q12 -> q29 [label = "b"];
	q0 -> q4 [label = "c"];
	q20 -> q6 [label = "c"];
	q9 -> q11 [label = "c"];
	q46 -> q47 [label = "a"];
	q18 -> q38 [label = "b"];
	q7 -> q3 [label = "a"];
	q44 -> q39 [label = "a"];
	q10 -> q9 [label = "b"];
	q22 -> q37 [label = "c"];
	q13 -> q38 [label = "b"];
	q32 -> q26 [label = "c"];
	q51 -> q18 [label = "a"];
	q9 -> q8 [label = "b"];
	q24 -> q33 [label = "b"];
	q13 -> q43 [label = "a"];
	q29 -> q50 [label = "a"];
	q10 -> q1 [label = "c"];
	q20 -> q16 [label = "a"];
	q41 -> q24 [label = "b"];
	q6 -> q6 [label = "c"];
	q21 -> q7 [label = "c"];
	q15 -> q2 [label = "a"];
	q48 -> q42 [label = "c"];
	q23 -> q29 [label = "c"];
	q49 -> q35 [label = "a"];
	q18 -> q15 [label = "c"];
	q45 -> q11 [label = "b"];
	q14 -> q43 [label = "a"];
	q49 -> q49 [label = "b"];
	q7 -> q28 [label = "b"];
	q50 -> q11 [label = "b"];
	q48 -> q38 [label = "b"];
	q47 -> q45 [label = "a"];
	q34 -> q34 [label = "a"];
	q49 -> q19 [label = "c"];
	q40 -> q41 [label = "a"];
	q25 -> q30 [label = "a"];
	q30 -> q49 [label = "b"];
	q45 -> q51 [label = "c"];
	q3 -> q38 [label = "b"];
	q19 -> q36 [label = "b"];
	q21 -> q22 [label = "a"];
	q51 -> q5 [label = "c"];
	q42 -> q20 [label = "c"];
	q44 -> q24 [label = "b"];
	q38 -> q28 [label = "b"];
	q16 -> q38 [label = "b"];
	q51 -> q11 [label = "b"];
	q17 -> q14 [label = "a"];
	q34 -> q32 [label = "c"];
	q43 -> q20 [label = "c"];
	q30 -> q30 [label = "a"];
	q50 -> q51 [label = "c"];
	q16 -> q13 [label = "a"];
	q4 -> q12 [label = "c"];
	q10 -> q2 [label = "a"];
	q17 -> q24 [label = "b"];
	q11 -> q10 [label = "b"];
	q22 -> q43 [label = "a"];
	q12 -> q5 [label = "c"];
	q1 -> q11 [label = "b"];
	q28 -> q24 [label = "b"];
	q17 -> q23 [label = "c"];
	q11 -> q5 [label = "c"];
	q18 -> q50 [label = "a"];
	q9 -> q26 [label = "a"];
	q14 -> q48 [label = "c"];
	q19 -> q22 [label = "a"];
	q2 -> q11 [label = "b"];
	q2 -> q5 [label = "a"];
	q23 -> q46 [label = "b"];
	q7 -> q51 [label = "c"];
	q4 -> q0 [label = "a"];
	q6 -> q38 [label = "b"];
	q48 -> q41 [label = "a"];
	q50 -> q6 [label = "a"];
	q11 -> q2 [label = "a"];
	q0 -> q38 [label = "b"];
	q13 -> q20 [label = "c"];
	q0 -> q50 [label = "a"];
	q27 -> q36 [label = "b"];
	q8 -> q8 [label = "b"];
	q12 -> q50 [label = "a"];
	q46 -> q5 [label = "c"];
	q14 -> q24 [label = "b"];
	q29 -> q28 [label = "b"];
	q8 -> q11 [label = "c"];
	q28 -> q23 [label = "c"];
	q15 -> q12 [label = "c"];
	q21 -> q17 [label = "b"];
	q8 -> q26 [label = "a"];
	q23 -> q26 [label = "a"];
	q32 -> q30 [label = "a"];
	q24 -> q35 [label = "a"];
	q38 -> q39 [label = "a"];
	q26 -> q24 [label = "b"];
	q26 -> q45 [label = "a"];
	q25 -> q24 [label = "b"];
	q36 -> q22 [label = "a"];
	q5 -> q11 [label = "b"];
	q30 -> q25 [label = "c"];
	q37 -> q26 [label = "c"];
	q24 -> q31 [label = "c"];
	q31 -> q29 [label = "c"];
	q45 -> q6 [label = "a"];
	q35 -> q34 [label = "a"];
	q22 -> q24 [label = "b"];
	q28 -> q50 [label = "a"];
	q29 -> q51 [label = "c"];
	q39 -> q33 [label = "b"];
	q6 -> q45 [label = "a"];
	q26 -> q37 [label = "c"];
	q27 -> q35 [label = "a"];
	q25 -> q25 [label = "c"];
	q31 -> q31 [label = "b"];
	q1 -> q5 [label = "c"];
	q16 -> q4 [label = "c"];
	q27 -> q7 [label = "c"];
	q35 -> q33 [label = "b"];
	q31 -> q26 [label = "a"];
	q34 -> q33 [label = "b"];
	q36 -> q21 [label = "c"];
	q32 -> q27 [label = "b"];
	q38 -> q51 [label = "c"];
	q20 -> q38 [label = "b"];
	q1 -> q2 [label = "a"];
	q33 -> q35 [label = "a"];
	q33 -> q33 [label = "b"];
}
DFA size: 52 states

NL* output after 12 EQ and 4909 MQ:
digraph finite_state_machine {
	rankdir=LR;
	node [shape = circle];
	s0 [shape = point, style = invis, start="true" ];
	s1 [shape = point, style = invis, start="true" ];
	q0 [label = "q0", shape = doublecircle, final="true" ];
	q1 [label = "q1"];
	q2 [label = "q2", shape = doublecircle, final="true" ];
	q3 [label = "q3", shape = doublecircle, final="true" ];
	q4 [label = "q4", shape = doublecircle, final="true" ];
	q5 [label = "q5"];
	q6 [label = "q6"];
	q7 [label = "q7", shape = doublecircle, final="true" ];
	q8 [label = "q8", shape = doublecircle, final="true" ];
	q9 [label = "q9"];
	q10 [label = "q10"];
	q11 [label = "q11", shape = doublecircle, final="true" ];
	q12 [label = "q12"];
	q13 [label = "q13"];
	q14 [label = "q14"];
	q15 [label = "q15"];
	q16 [label = "q16"];
	q17 [label = "q17", shape = doublecircle, final="true" ];
	q18 [label = "q18"];
	q19 [label = "q19"];
	q20 [label = "q20"];
	q21 [label = "q21"];
	q22 [label = "q22"];
	s0 -> q11
	s1 -> q12
	q18 -> q18 [label = "c"];
	q17 -> q14 [label = "c"];
	q17 -> q11 [label = "b"];
	q17 -> q7 [label = "b"];
	q17 -> q22 [label = "a"];
	q17 -> q18 [label = "a, c"];
	q17 -> q15 [label = "a, c"];
	q17 -> q13 [label = "a, b"];
	q17 -> q9 [label = "a"];
	q17 -> q5 [label = "a"];
	q17 -> q1 [label = "a"];
	q21 -> q19 [label = "c"];
	q21 -> q15 [label = "c"];
	q16 -> q13 [label = "c"];
	q16 -> q9 [label = "c"];
	q16 -> q7 [label = "c"];
	q16 -> q4 [label = "c"];
	q16 -> q3 [label = "c"];
	q16 -> q2 [label = "c"];
	q20 -> q11 [label = "a"];
	q20 -> q5 [label = "a"];
	q6 -> q21 [label = "b"];
	q21 -> q12 [label = "a"];
	q9 -> q20 [label = "b, c"];
	q2 -> q1 [label = "a, c"];
	q0 -> q19 [label = "b"];
	q0 -> q11 [label = "b, c"];
	q0 -> q8 [label = "b"];
	q0 -> q4 [label = "c"];
	q0 -> q3 [label = "b"];
	q6 -> q11 [label = "c"];
	q6 -> q5 [label = "a, c"];
	q10 -> q8 [label = "b"];
	q5 -> q21 [label = "b"];
	q1 -> q19 [label = "b"];
	q0 -> q17 [label = "c"];
	q2 -> q20 [label = "a, b, c"];
	q19 -> q18 [label = "c"];
	q0 -> q6 [label = "c"];
	q3 -> q14 [label = "c"];
	q2 -> q15 [label = "a, b, c"];
	q16 -> q14 [label = "b"];
	q8 -> q1 [label = "c"];
	q2 -> q12 [label = "a, b, c"];
	q5 -> q1 [label = "a"];
	q22 -> q12 [label = "a, b, c"];
	q9 -> q19 [label = "c"];
	q2 -> q7 [label = "a, b, c"];
	q8 -> q3 [label = "b, c"];
	q10 -> q15 [label = "a, c"];
	q0 -> q18 [label = "a, c"];
	q22 -> q21 [label = "b, c"];
	q0 -> q15 [label = "a, c"];
	q3 -> q12 [label = "a, b"];
	q0 -> q13 [label = "a, b"];
	q0 -> q5 [label = "a, c"];
	q4 -> q14 [label = "c"];
	q4 -> q11 [label = "b, c"];
	q2 -> q2 [label = "c"];
	q3 -> q16 [label = "c"];
	q4 -> q6 [label = "c"];
	q4 -> q1 [label = "a, c"];
	q12 -> q21 [label = "b"];
	q10 -> q21 [label = "b"];
	q2 -> q6 [label = "c"];
	q10 -> q19 [label = "b"];
	q14 -> q17 [label = "c"];
	q17 -> q19 [label = "a"];
	q16 -> q6 [label = "b"];
	q2 -> q3 [label = "a, b, c"];
	q9 -> q18 [label = "a, b, c"];
	q8 -> q9 [label = "c"];
	q1 -> q8 [label = "b"];
	q10 -> q11 [label = "b, c"];
	q19 -> q5 [label = "c"];
	q13 -> q12 [label = "a, b"];
	q12 -> q14 [label = "c"];
	q13 -> q14 [label = "c"];
	q6 -> q17 [label = "c"];
	q5 -> q13 [label = "b"];
	q4 -> q7 [label = "b, c"];
	q13 -> q15 [label = "c"];
	q14 -> q18 [label = "c"];
	q8 -> q21 [label = "b, c"];
	q17 -> q10 [label = "c"];
	q14 -> q15 [label = "a, c"];
	q8 -> q17 [label = "b"];
	q4 -> q10 [label = "c"];
	q2 -> q17 [label = "b"];
	q9 -> q5 [label = "a, c"];
	q8 -> q6 [label = "c"];
	q3 -> q6 [label = "c"];
	q9 -> q21 [label = "b, c"];
	q10 -> q3 [label = "b"];
	q13 -> q6 [label = "c"];
	q9 -> q7 [label = "b, c"];
	q3 -> q18 [label = "c"];
	q0 -> q7 [label = "b, c"];
	q0 -> q1 [label = "a, c"];
	q5 -> q18 [label = "a, c"];
	q9 -> q13 [label = "b, c"];
	q9 -> q12 [label = "a, b, c"];
	q19 -> q15 [label = "b, c"];
	q0 -> q21 [label = "a, b"];
	q4 -> q22 [label = "a"];
	q1 -> q14 [label = "c"];
	q8 -> q8 [label = "c"];
	q8 -> q0 [label = "c"];
	q1 -> q3 [label = "b"];
	q0 -> q20 [label = "a"];
	q4 -> q9 [label = "a"];
	q20 -> q12 [label = "a"];
	q20 -> q19 [label = "c"];
	q19 -> q20 [label = "b, c"];
	q8 -> q12 [label = "a, b, c"];
	q21 -> q21 [label = "b, c"];
	q7 -> q21 [label = "b"];
	q2 -> q13 [label = "a, b, c"];
	q10 -> q13 [label = "b"];
	q14 -> q11 [label = "c"];
	q6 -> q15 [label = "a, c"];
	q9 -> q11 [label = "a, b, c"];
	q2 -> q9 [label = "c"];
	q17 -> q12 [label = "a, b"];
	q11 -> q12 [label = "a, b"];
	q2 -> q19 [label = "c"];
	q19 -> q3 [label = "c"];
	q2 -> q18 [label = "a, b, c"];
	q19 -> q12 [label = "a, c"];
	q0 -> q0 [label = "c"];
	q9 -> q15 [label = "a, b, c"];
	q8 -> q22 [label = "c"];
	q14 -> q5 [label = "c"];
	q20 -> q20 [label = "c"];
	q19 -> q8 [label = "c"];
	q4 -> q15 [label = "a, c"];
	q19 -> q7 [label = "c"];
	q19 -> q11 [label = "a, c"];
	q2 -> q21 [label = "a, b, c"];
	q11 -> q21 [label = "b"];
	q19 -> q19 [label = "c"];
	q0 -> q12 [label = "a, b, c"];
	q10 -> q12 [label = "b, c"];
	q19 -> q13 [label = "c"];
	q20 -> q15 [label = "a, c"];
	q10 -> q7 [label = "b"];
	q14 -> q12 [label = "c"];
	q2 -> q0 [label = "c"];
	q21 -> q11 [label = "a"];
	q6 -> q7 [label = "c"];
	q8 -> q2 [label = "c"];
	q4 -> q5 [label = "a, c"];
	q13 -> q16 [label = "c"];
	q3 -> q19 [label = "c"];
	q12 -> q13 [label = "b"];
	q13 -> q19 [label = "c"];
	q11 -> q13 [label = "b"];
	q18 -> q15 [label = "a, c"];
	q2 -> q11 [label = "a, b, c"];
	q13 -> q20 [label = "c"];
	q8 -> q10 [label = "c"];
	q4 -> q0 [label = "c"];
	q19 -> q21 [label = "b, c"];
	q19 -> q9 [label = "c"];
	q8 -> q7 [label = "a, b, c"];
	q17 -> q21 [label = "a, b"];
	q22 -> q19 [label = "b, c"];
	q8 -> q15 [label = "b, c"];
	q8 -> q5 [label = "b, c"];
	q0 -> q10 [label = "c"];
	q16 -> q18 [label = "a, c"];
	q6 -> q12 [label = "a, c"];
	q8 -> q11 [label = "a, b, c"];
	q8 -> q13 [label = "b, c"];
	q12 -> q15 [label = "c"];
	q8 -> q18 [label = "b, c"];
	q19 -> q2 [label = "c"];
	q9 -> q3 [label = "b, c"];
	q12 -> q12 [label = "a, b"];
	q15 -> q15 [label = "a, c"];
	q14 -> q21 [label = "b"];
	q6 -> q18 [label = "a, c"];
	q8 -> q19 [label = "c"];
	q3 -> q10 [label = "c"];
	q8 -> q20 [label = "b, c"];
	q4 -> q13 [label = "a, b"];
	q4 -> q19 [label = "a"];
	q22 -> q5 [label = "a, b, c"];
	q4 -> q20 [label = "a"];
	q4 -> q3 [label = "b"];
	q4 -> q21 [label = "a, b"];
	q22 -> q8 [label = "b, c"];
	q5 -> q10 [label = "c"];
	q16 -> q5 [label = "a, c"];
	q5 -> q14 [label = "c"];
	q5 -> q15 [label = "a, c"];
	q4 -> q18 [label = "a, c"];
	q22 -> q11 [label = "a, b, c"];
	q1 -> q1 [label = "a, c"];
	q1 -> q5 [label = "a, c"];
	q21 -> q20 [label = "c"];
	q10 -> q18 [label = "c"];
	q1 -> q15 [label = "a, c"];
	q5 -> q5 [label = "a"];
	q1 -> q18 [label = "a, c"];
	q3 -> q11 [label = "a, b"];
	q3 -> q13 [label = "b"];
	q5 -> q12 [label = "a, b"];
	q3 -> q21 [label = "b, c"];
	q22 -> q0 [label = "a, c"];
	q15 -> q18 [label = "c"];
	q7 -> q6 [label = "c"];
	q14 -> q19 [label = "b"];
	q7 -> q14 [label = "c"];
	q7 -> q15 [label = "c"];
	q1 -> q7 [label = "b, c"];
	q1 -> q13 [label = "b"];
	q1 -> q21 [label = "b"];
	q7 -> q12 [label = "a, b"];
	q3 -> q15 [label = "c"];
	q22 -> q22 [label = "c"];
	q7 -> q13 [label = "b"];
	q2 -> q14 [label = "c"];
	q1 -> q0 [label = "c"];
	q1 -> q6 [label = "c"];
	q1 -> q10 [label = "c"];
	q13 -> q21 [label = "b, c"];
	q2 -> q10 [label = "c"];
	q22 -> q2 [label = "b, c"];
	q8 -> q16 [label = "c"];
	q2 -> q22 [label = "c"];
	q5 -> q7 [label = "b"];
	q10 -> q5 [label = "c"];
	q6 -> q19 [label = "b"];
	q5 -> q11 [label = "b"];
	q3 -> q9 [label = "c"];
	q3 -> q20 [label = "c"];
	q9 -> q2 [label = "c"];
	q9 -> q8 [label = "c"];
	q9 -> q9 [label = "c"];
	q16 -> q8 [label = "c"];
	q13 -> q11 [label = "a"];
	q15 -> q21 [label = "b"];
	q10 -> q17 [label = "c"];
	q2 -> q16 [label = "c"];
	q11 -> q14 [label = "c"];
	q4 -> q12 [label = "a, b, c"];
	q11 -> q15 [label = "c"];
	q13 -> q13 [label = "b"];
	q20 -> q9 [label = "c"];
	q2 -> q5 [label = "a, b, c"];
	q20 -> q18 [label = "a, c"];
	q20 -> q21 [label = "b, c"];
	q16 -> q11 [label = "a, c"];
	q0 -> q14 [label = "c"];
	q16 -> q12 [label = "a, c"];
	q16 -> q15 [label = "a, b, c"];
	q16 -> q20 [label = "b, c"];
	q16 -> q16 [label = "b"];
	q16 -> q17 [label = "a, c"];
	q6 -> q4 [label = "c"];
	q18 -> q7 [label = "b"];
	q18 -> q11 [label = "b"];
	q18 -> q12 [label = "b"];
	q22 -> q7 [label = "a, b, c"];
	q18 -> q13 [label = "b"];
	q18 -> q21 [label = "b"];
	q8 -> q14 [label = "c"];
	q22 -> q1 [label = "a, c"];
	q22 -> q3 [label = "b, c"];
	q17 -> q20 [label = "a"];
	q1 -> q12 [label = "a, b, c"];
	q22 -> q6 [label = "a, b, c"];
	q22 -> q10 [label = "a, c"];
	q22 -> q13 [label = "b, c"];
	q22 -> q14 [label = "a, b, c"];
	q22 -> q15 [label = "a, b, c"];
	q3 -> q7 [label = "a, b"];
	q22 -> q16 [label = "b, c"];
	q22 -> q18 [label = "a, b, c"];
	q1 -> q11 [label = "b, c"];
	q22 -> q20 [label = "b, c"];
	q2 -> q8 [label = "c"];
	q16 -> q19 [label = "b, c"];
	q22 -> q9 [label = "b, c"];
	q16 -> q21 [label = "b, c"];
	q22 -> q4 [label = "a, b"];
	q22 -> q17 [label = "a, b"];
}
NFA size: 23 states

AL* output after 14 EQ and 1990 MQ:
digraph finite_state_machine {
	rankdir=LR;
	node [shape = circle];
	s0 [shape = point, style = invis, start="true" ];
	q0 [label = "q0", shape = doublecircle, final="true" ];
	q1 [label = "q1", shape = doublecircle, final="true" ];
	q2 [label = "q2", shape = doublecircle, final="true" ];
	q3 [label = "q3"];
	q4 [label = "q4"];
	q5 [label = "q5"];
	q6 [label = "q6", shape = doublecircle, final="true" ];
	q7 [label = "q7"];
	m0 [label = "", shape = square, style = filled, color=grey, fixedsize=true, width=.2];
	m1 [label = "", shape = square, style = filled, color=grey, fixedsize=true, width=.2];
	m2 [label = "", shape = square, style = filled, color=grey, fixedsize=true, width=.2];
	m3 [label = "", shape = square, style = filled, color=grey, fixedsize=true, width=.2];
	m4 [label = "", shape = square, style = filled, color=grey, fixedsize=true, width=.2];
	m5 [label = "", shape = square, style = filled, color=grey, fixedsize=true, width=.2];
	m6 [label = "", shape = square, style = filled, color=grey, fixedsize=true, width=.2];
	m7 [label = "", shape = square, style = filled, color=grey, fixedsize=true, width=.2];
	m8 [label = "", shape = square, style = filled, color=grey, fixedsize=true, width=.2];
	m9 [label = "", shape = square, style = filled, color=grey, fixedsize=true, width=.2];
	m10 [label = "", shape = square, style = filled, color=grey, fixedsize=true, width=.2];
	s0 -> m0
	q5 -> m3 [label = "b"];
	q7 -> m10 [label = "a"];
	q2 -> m9 [label = "c"];
	q4 -> m5 [label = "b"];
	q4 -> m7 [label = "b"];
	q2 -> m5 [label = "c"];
	q5 -> m0 [label = "a"];
	q3 -> m8 [label = "c"];
	q0 -> m5 [label = "c"];
	q3 -> q6 [label = "a, b"];
	q0 -> m3 [label = "b"];
	q6 -> m5 [label = "c"];
	q6 -> m4 [label = "c"];
	q2 -> m6 [label = "a"];
	q6 -> m3 [label = "b"];
	q6 -> m0 [label = "b"];
	q2 -> q6 [label = "b"];
	q7 -> q6 [label = "c"];
	q3 -> m9 [label = "c"];
	q2 -> m3 [label = "b"];
	q0 -> m2 [label = "a"];
	q1 -> m8 [label = "c"];
	q4 -> q6 [label = "a, c"];
	q6 -> m8 [label = "a"];
	q4 -> m1 [label = "c"];
	q7 -> m0 [label = "b"];
	q5 -> m7 [label = "c"];
	q5 -> m5 [label = "c"];
	q1 -> m3 [label = "a"];
	q1 -> m4 [label = "a"];
	q1 -> m1 [label = "b"];
	q3 -> m4 [label = "a"];
	q3 -> m1 [label = "b"];
	q1 -> q6 [label = "a, b, c"];
	q3 -> m7 [label = "b"];
	q2 -> m8 [label = "c"];
	q2 -> m0 [label = "a"];
	q1 -> m5 [label = "a, b, c"];
	q7 -> m1 [label = "b"];
	q3 -> m5 [label = "a, b, c"];
	q1 -> m7 [label = "b"];
	m0 -> q0;
	m0 -> q1;
	m0 -> q2;
	m0 -> q6;
	m1 -> q1;
	m1 -> q2;
	m1 -> q3;
	m2 -> q0;
	m2 -> q1;
	m2 -> q2;
	m2 -> q3;
	m2 -> q5;
	m2 -> q6;
	m3 -> q1;
	m3 -> q2;
	m3 -> q3;
	m3 -> q5;
	m4 -> q1;
	m4 -> q3;
	m4 -> q7;
	m5 -> q1;
	m5 -> q4;
	m5 -> q7;
	m6 -> q1;
	m6 -> q2;
	m6 -> q3;
	m6 -> q4;
	m6 -> q5;
	m6 -> q7;
	m7 -> q1;
	m7 -> q3;
	m7 -> q4;
	m8 -> q1;
	m8 -> q3;
	m9 -> q1;
	m9 -> q6;
	m10 -> q1;
	m10 -> q3;
	m10 -> q4;
	m10 -> q6;
	m10 -> q7;
}
AFA size: 8 states

AL** output after 15 EQ and 1990 MQ:
digraph finite_state_machine {
	rankdir=LR;
	node [shape = circle];
	s0 [shape = point, style = invis, start="true" ];
	q0 [label = "q0", shape = doublecircle, final="true" ];
	q1 [label = "q1", shape = doublecircle, final="true" ];
	q2 [label = "q2", shape = doublecircle, final="true" ];
	q3 [label = "q3"];
	q4 [label = "q4"];
	q5 [label = "q5"];
	q6 [label = "q6", shape = doublecircle, final="true" ];
	q7 [label = "q7"];
	m0 [label = "", shape = square, style = filled, color=grey, fixedsize=true, width=.2];
	m1 [label = "", shape = square, style = filled, color=grey, fixedsize=true, width=.2];
	m2 [label = "", shape = square, style = filled, color=grey, fixedsize=true, width=.2];
	m3 [label = "", shape = square, style = filled, color=grey, fixedsize=true, width=.2];
	m4 [label = "", shape = square, style = filled, color=grey, fixedsize=true, width=.2];
	m5 [label = "", shape = square, style = filled, color=grey, fixedsize=true, width=.2];
	m6 [label = "", shape = square, style = filled, color=grey, fixedsize=true, width=.2];
	m7 [label = "", shape = square, style = filled, color=grey, fixedsize=true, width=.2];
	m8 [label = "", shape = square, style = filled, color=grey, fixedsize=true, width=.2];
	m9 [label = "", shape = square, style = filled, color=grey, fixedsize=true, width=.2];
	m10 [label = "", shape = square, style = filled, color=grey, fixedsize=true, width=.2];
	s0 -> m0
	q5 -> m3 [label = "b"];
	q7 -> m10 [label = "a"];
	q2 -> m9 [label = "c"];
	q4 -> m5 [label = "b"];
	q4 -> m7 [label = "b"];
	q2 -> m5 [label = "c"];
	q5 -> m0 [label = "a"];
	q3 -> m8 [label = "c"];
	q0 -> m5 [label = "c"];
	q3 -> q6 [label = "a, b"];
	q0 -> m3 [label = "b"];
	q6 -> m5 [label = "c"];
	q6 -> m4 [label = "c"];
	q2 -> m6 [label = "a"];
	q6 -> m3 [label = "b"];
	q6 -> m0 [label = "b"];
	q2 -> q6 [label = "b"];
	q7 -> q6 [label = "c"];
	q3 -> m9 [label = "c"];
	q2 -> m3 [label = "b"];
	q0 -> m2 [label = "a"];
	q1 -> m8 [label = "c"];
	q4 -> q6 [label = "a, c"];
	q6 -> m8 [label = "a"];
	q4 -> m1 [label = "c"];
	q7 -> m0 [label = "b"];
	q5 -> m7 [label = "c"];
	q5 -> m5 [label = "c"];
	q1 -> m3 [label = "a"];
	q1 -> m4 [label = "a"];
	q1 -> m1 [label = "b"];
	q3 -> m4 [label = "a"];
	q3 -> m1 [label = "b"];
	q1 -> q6 [label = "a, b, c"];
	q3 -> m7 [label = "b"];
	q2 -> m8 [label = "c"];
	q2 -> m0 [label = "a"];
	q1 -> m5 [label = "a, b, c"];
	q7 -> m1 [label = "b"];
	q3 -> m5 [label = "a, b, c"];
	q1 -> m7 [label = "b"];
	m0 -> q0;
	m0 -> q1;
	m0 -> q2;
	m0 -> q6;
	m1 -> q1;
	m1 -> q2;
	m1 -> q3;
	m2 -> q0;
	m2 -> q1;
	m2 -> q2;
	m2 -> q3;
	m2 -> q5;
	m2 -> q6;
	m3 -> q1;
	m3 -> q2;
	m3 -> q3;
	m3 -> q5;
	m4 -> q1;
	m4 -> q3;
	m4 -> q7;
	m5 -> q1;
	m5 -> q4;
	m5 -> q7;
	m6 -> q1;
	m6 -> q2;
	m6 -> q3;
	m6 -> q4;
	m6 -> q5;
	m6 -> q7;
	m7 -> q1;
	m7 -> q3;
	m7 -> q4;
	m8 -> q1;
	m8 -> q3;
	m9 -> q1;
	m9 -> q6;
	m10 -> q1;
	m10 -> q3;
	m10 -> q4;
	m10 -> q6;
	m10 -> q7;
}
RAFA size: 8 states

