Random target AFA:
digraph finite_state_machine {
	rankdir=LR;
	node [shape = circle];
	s0 [shape = point, style = invis, start="true" ];
	q0 [label = "q0"];
	q1 [label = "q1", shape = doublecircle, final="true" ];
	q2 [label = "q2", shape = doublecircle, final="true" ];
	q3 [label = "q3"];
	q4 [label = "q4"];
	q5 [label = "q5"];
	q6 [label = "q6"];
	m0 [label = "", shape = square, style = filled, color=grey, fixedsize=true, width=.2];
	m1 [label = "", shape = square, style = filled, color=grey, fixedsize=true, width=.2];
	m2 [label = "", shape = square, style = filled, color=grey, fixedsize=true, width=.2];
	m3 [label = "", shape = square, style = filled, color=grey, fixedsize=true, width=.2];
	m4 [label = "", shape = square, style = filled, color=grey, fixedsize=true, width=.2];
	m5 [label = "", shape = square, style = filled, color=grey, fixedsize=true, width=.2];
	s0 -> m0
	q4 -> q4 [label = "b"];
	q4 -> q3 [label = "b"];
	q1 -> q2 [label = "c"];
	q3 -> q3 [label = "c"];
	q3 -> m4 [label = "a"];
	q1 -> m3 [label = "b"];
	q5 -> m5 [label = "a"];
	q3 -> q2 [label = "b"];
	q1 -> q6 [label = "a"];
	q1 -> q0 [label = "a, c"];
	q4 -> q2 [label = "c"];
	q0 -> q6 [label = "a, b"];
	q2 -> q3 [label = "a"];
	q5 -> q6 [label = "b"];
	q2 -> q0 [label = "b"];
	q6 -> q3 [label = "b"];
	q0 -> m2 [label = "c"];
	q0 -> q4 [label = "b"];
	q6 -> m1 [label = "c"];
	q6 -> q1 [label = "b"];
	q6 -> q2 [label = "a"];
	q6 -> q4 [label = "b"];
	q5 -> q1 [label = "c"];
	q2 -> q6 [label = "c"];
	q5 -> q4 [label = "c"];
	q4 -> q6 [label = "a"];
	m0 -> q4;
	m0 -> q6;
	m1 -> q1;
	m1 -> q3;
	m2 -> q3;
	m2 -> q6;
	m3 -> q2;
	m3 -> q5;
	m4 -> q1;
	m4 -> q3;
	m4 -> q4;
	m5 -> q0;
	m5 -> q3;
}

L* output after 16 EQ and 58506 MQ:
digraph finite_state_machine {
	rankdir=LR;
	node [shape = circle];
	s0 [shape = point, style = invis, start="true" ];
	q0 [label = "q0", shape = doublecircle, final="true" ];
	q1 [label = "q1"];
	q2 [label = "q2"];
	q3 [label = "q3"];
	q4 [label = "q4", shape = doublecircle, final="true" ];
	q5 [label = "q5"];
	q6 [label = "q6"];
	q7 [label = "q7"];
	q8 [label = "q8"];
	q9 [label = "q9"];
	q10 [label = "q10", shape = doublecircle, final="true" ];
	q11 [label = "q11", shape = doublecircle, final="true" ];
	q12 [label = "q12"];
	q13 [label = "q13"];
	q14 [label = "q14", shape = doublecircle, final="true" ];
	q15 [label = "q15"];
	q16 [label = "q16", shape = doublecircle, final="true" ];
	q17 [label = "q17"];
	q18 [label = "q18"];
	q19 [label = "q19", shape = doublecircle, final="true" ];
	q20 [label = "q20", shape = doublecircle, final="true" ];
	q21 [label = "q21"];
	q22 [label = "q22"];
	q23 [label = "q23"];
	q24 [label = "q24"];
	q25 [label = "q25"];
	q26 [label = "q26"];
	q27 [label = "q27"];
	q28 [label = "q28"];
	q29 [label = "q29"];
	q30 [label = "q30"];
	q31 [label = "q31"];
	q32 [label = "q32", shape = doublecircle, final="true" ];
	q33 [label = "q33", shape = doublecircle, final="true" ];
	q34 [label = "q34", shape = doublecircle, final="true" ];
	q35 [label = "q35"];
	q36 [label = "q36", shape = doublecircle, final="true" ];
	q37 [label = "q37", shape = doublecircle, final="true" ];
	q38 [label = "q38", shape = doublecircle, final="true" ];
	q39 [label = "q39"];
	q40 [label = "q40", shape = doublecircle, final="true" ];
	q41 [label = "q41"];
	q42 [label = "q42"];
	q43 [label = "q43", shape = doublecircle, final="true" ];
	q44 [label = "q44"];
	q45 [label = "q45", shape = doublecircle, final="true" ];
	q46 [label = "q46", shape = doublecircle, final="true" ];
	q47 [label = "q47", shape = doublecircle, final="true" ];
	q48 [label = "q48", shape = doublecircle, final="true" ];
	q49 [label = "q49"];
	q50 [label = "q50", shape = doublecircle, final="true" ];
	q51 [label = "q51"];
	q52 [label = "q52"];
	q53 [label = "q53"];
	q54 [label = "q54"];
	q55 [label = "q55"];
	q56 [label = "q56"];
	q57 [label = "q57"];
	q58 [label = "q58"];
	q59 [label = "q59"];
	q60 [label = "q60"];
	q61 [label = "q61"];
	q62 [label = "q62"];
	q63 [label = "q63"];
	q64 [label = "q64"];
	q65 [label = "q65", shape = doublecircle, final="true" ];
	q66 [label = "q66"];
	q67 [label = "q67"];
	q68 [label = "q68"];
	q69 [label = "q69"];
	q70 [label = "q70"];
	q71 [label = "q71"];
	q72 [label = "q72"];
	q73 [label = "q73"];
	q74 [label = "q74"];
	q75 [label = "q75"];
	q76 [label = "q76"];
	q77 [label = "q77"];
	q78 [label = "q78"];
	q79 [label = "q79"];
	q80 [label = "q80"];
	q81 [label = "q81", shape = doublecircle, final="true" ];
	q82 [label = "q82", shape = doublecircle, final="true" ];
	q83 [label = "q83"];
	q84 [label = "q84", shape = doublecircle, final="true" ];
	q85 [label = "q85", shape = doublecircle, final="true" ];
	q86 [label = "q86"];
	q87 [label = "q87"];
	q88 [label = "q88"];
	q89 [label = "q89", shape = doublecircle, final="true" ];
	q90 [label = "q90", shape = doublecircle, final="true" ];
	q91 [label = "q91"];
	q92 [label = "q92", shape = doublecircle, final="true" ];
	q93 [label = "q93", shape = doublecircle, final="true" ];
	q94 [label = "q94"];
	q95 [label = "q95"];
	q96 [label = "q96"];
	q97 [label = "q97"];
	q98 [label = "q98"];
	q99 [label = "q99", shape = doublecircle, final="true" ];
	q100 [label = "q100"];
	q101 [label = "q101"];
	q102 [label = "q102"];
	q103 [label = "q103", shape = doublecircle, final="true" ];
	q104 [label = "q104"];
	q105 [label = "q105", shape = doublecircle, final="true" ];
	q106 [label = "q106"];
	q107 [label = "q107", shape = doublecircle, final="true" ];
	q108 [label = "q108"];
	q109 [label = "q109", shape = doublecircle, final="true" ];
	q110 [label = "q110"];
	q111 [label = "q111"];
	q112 [label = "q112"];
	q113 [label = "q113", shape = doublecircle, final="true" ];
	q114 [label = "q114"];
	q115 [label = "q115", shape = doublecircle, final="true" ];
	q116 [label = "q116"];
	q117 [label = "q117", shape = doublecircle, final="true" ];
	q118 [label = "q118", shape = doublecircle, final="true" ];
	q119 [label = "q119", shape = doublecircle, final="true" ];
	q120 [label = "q120"];
	q121 [label = "q121", shape = doublecircle, final="true" ];
	q122 [label = "q122"];
	q123 [label = "q123"];
	q124 [label = "q124"];
	q125 [label = "q125", shape = doublecircle, final="true" ];
	q126 [label = "q126", shape = doublecircle, final="true" ];
	q127 [label = "q127"];
	q128 [label = "q128", shape = doublecircle, final="true" ];
	q129 [label = "q129", shape = doublecircle, final="true" ];
	q130 [label = "q130"];
	q131 [label = "q131"];
	q132 [label = "q132"];
	q133 [label = "q133", shape = doublecircle, final="true" ];
	q134 [label = "q134"];
	q135 [label = "q135"];
	q136 [label = "q136"];
	q137 [label = "q137"];
	q138 [label = "q138"];
	q139 [label = "q139"];
	q140 [label = "q140"];
	q141 [label = "q141"];
	q142 [label = "q142"];
	q143 [label = "q143"];
	q144 [label = "q144"];
	q145 [label = "q145"];
	q146 [label = "q146"];
	q147 [label = "q147"];
	q148 [label = "q148", shape = doublecircle, final="true" ];
	q149 [label = "q149"];
	q150 [label = "q150"];
	q151 [label = "q151"];
	q152 [label = "q152", shape = doublecircle, final="true" ];
	q153 [label = "q153", shape = doublecircle, final="true" ];
	q154 [label = "q154"];
	q155 [label = "q155", shape = doublecircle, final="true" ];
	q156 [label = "q156"];
	q157 [label = "q157"];
	q158 [label = "q158"];
	q159 [label = "q159", shape = doublecircle, final="true" ];
	q160 [label = "q160"];
	q161 [label = "q161"];
	q162 [label = "q162"];
	q163 [label = "q163"];
	q164 [label = "q164"];
	q165 [label = "q165"];
	q166 [label = "q166"];
	q167 [label = "q167"];
	q168 [label = "q168"];
	q169 [label = "q169"];
	q170 [label = "q170"];
	q171 [label = "q171"];
	q172 [label = "q172"];
	q173 [label = "q173"];
	q174 [label = "q174"];
	q175 [label = "q175"];
	q176 [label = "q176", shape = doublecircle, final="true" ];
	q177 [label = "q177"];
	q178 [label = "q178", shape = doublecircle, final="true" ];
	q179 [label = "q179", shape = doublecircle, final="true" ];
	q180 [label = "q180", shape = doublecircle, final="true" ];
	q181 [label = "q181", shape = doublecircle, final="true" ];
	q182 [label = "q182", shape = doublecircle, final="true" ];
	q183 [label = "q183", shape = doublecircle, final="true" ];
	q184 [label = "q184", shape = doublecircle, final="true" ];
	q185 [label = "q185", shape = doublecircle, final="true" ];
	q186 [label = "q186", shape = doublecircle, final="true" ];
	q187 [label = "q187", shape = doublecircle, final="true" ];
	q188 [label = "q188"];
	q189 [label = "q189", shape = doublecircle, final="true" ];
	q190 [label = "q190"];
	q191 [label = "q191", shape = doublecircle, final="true" ];
	q192 [label = "q192", shape = doublecircle, final="true" ];
	q193 [label = "q193"];
	q194 [label = "q194", shape = doublecircle, final="true" ];
	q195 [label = "q195"];
	q196 [label = "q196", shape = doublecircle, final="true" ];
	q197 [label = "q197"];
	q198 [label = "q198", shape = doublecircle, final="true" ];
	q199 [label = "q199"];
	q200 [label = "q200"];
	q201 [label = "q201", shape = doublecircle, final="true" ];
	q202 [label = "q202", shape = doublecircle, final="true" ];
	q203 [label = "q203"];
	q204 [label = "q204", shape = doublecircle, final="true" ];
	q205 [label = "q205", shape = doublecircle, final="true" ];
	q206 [label = "q206", shape = doublecircle, final="true" ];
	q207 [label = "q207"];
	q208 [label = "q208"];
	q209 [label = "q209", shape = doublecircle, final="true" ];
	q210 [label = "q210"];
	q211 [label = "q211"];
	q212 [label = "q212"];
	q213 [label = "q213", shape = doublecircle, final="true" ];
	q214 [label = "q214", shape = doublecircle, final="true" ];
	q215 [label = "q215", shape = doublecircle, final="true" ];
	q216 [label = "q216", shape = doublecircle, final="true" ];
	s0 -> q132
	q179 -> q191 [label = "c"];
	q181 -> q192 [label = "b"];
	q183 -> q117 [label = "a"];
	q178 -> q191 [label = "c"];
	q182 -> q94 [label = "a"];
	q183 -> q194 [label = "b"];
	q179 -> q190 [label = "a"];
	q179 -> q176 [label = "b"];
	q177 -> q101 [label = "a"];
	q181 -> q105 [label = "c"];
	q180 -> q94 [label = "a"];
	q176 -> q121 [label = "c"];
	q178 -> q190 [label = "a"];
	q182 -> q39 [label = "c"];
	q178 -> q189 [label = "b"];
	q176 -> q137 [label = "a"];
	q175 -> q94 [label = "a"];
	q173 -> q123 [label = "b"];
	q171 -> q96 [label = "c"];
	q172 -> q148 [label = "b"];
	q170 -> q58 [label = "c"];
	q169 -> q140 [label = "c"];
	q175 -> q40 [label = "c"];
	q171 -> q65 [label = "a"];
	q169 -> q174 [label = "b"];
	q171 -> q47 [label = "b"];
	q174 -> q123 [label = "b"];
	q168 -> q160 [label = "c"];
	q174 -> q161 [label = "c"];
	q170 -> q173 [label = "a"];
	q172 -> q159 [label = "c"];
	q170 -> q175 [label = "b"];
	q167 -> q102 [label = "a"];
	q165 -> q136 [label = "b"];
	q163 -> q5 [label = "c"];
	q166 -> q171 [label = "a"];
	q164 -> q41 [label = "b"];
	q162 -> q168 [label = "c"];
	q167 -> q212 [label = "b"];
	q165 -> q158 [label = "a"];
	q167 -> q140 [label = "c"];
	q165 -> q57 [label = "c"];
	q161 -> q134 [label = "a"];
	q166 -> q172 [label = "b"];
	q166 -> q211 [label = "c"];
	q162 -> q6 [label = "a"];
	q164 -> q170 [label = "c"];
	q162 -> q42 [label = "b"];
	q157 -> q164 [label = "b"];
	q158 -> q63 [label = "a"];
	q154 -> q208 [label = "c"];
	q159 -> q166 [label = "b"];
	q157 -> q64 [label = "a"];
	q159 -> q7 [label = "c"];
	q155 -> q156 [label = "a"];
	q157 -> q58 [label = "c"];
	q155 -> q187 [label = "b"];
	q153 -> q106 [label = "a"];
	q158 -> q78 [label = "b"];
	q152 -> q112 [label = "c"];
	q158 -> q165 [label = "c"];
	q183 -> q105 [label = "c"];
	q152 -> q49 [label = "b"];
	q156 -> q127 [label = "c"];
	q154 -> q44 [label = "b"];
	q177 -> q172 [label = "b"];
	q152 -> q207 [label = "a"];
	q151 -> q102 [label = "a"];
	q172 -> q119 [label = "a"];
	q148 -> q129 [label = "b"];
	q146 -> q79 [label = "c"];
	q177 -> q140 [label = "c"];
	q70 -> q113 [label = "b"];
	q13 -> q11 [label = "b"];
	q15 -> q158 [label = "a"];
	q201 -> q195 [label = "a"];
	q6 -> q158 [label = "a"];
	q18 -> q13 [label = "a"];
	q19 -> q108 [label = "a"];
	q156 -> q43 [label = "b"];
	q147 -> q113 [label = "b"];
	q21 -> q1 [label = "a"];
	q20 -> q94 [label = "a"];
	q37 -> q179 [label = "b"];
	q148 -> q104 [label = "a"];
	q22 -> q13 [label = "a"];
	q46 -> q207 [label = "a"];
	q45 -> q204 [label = "b"];
	q47 -> q195 [label = "a"];
	q48 -> q203 [label = "a"];
	q191 -> q121 [label = "a"];
	q17 -> q118 [label = "c"];
	q50 -> q36 [label = "b"];
	q101 -> q160 [label = "c"];
	q52 -> q27 [label = "c"];
	q48 -> q36 [label = "b"];
	q40 -> q20 [label = "b"];
	q51 -> q44 [label = "b"];
	q49 -> q140 [label = "c"];
	q53 -> q2 [label = "a"];
	q92 -> q205 [label = "b"];
	q106 -> q186 [label = "b"];
	q50 -> q105 [label = "c"];
	q58 -> q158 [label = "a"];
	q211 -> q180 [label = "b"];
	q13 -> q209 [label = "a"];
	q55 -> q102 [label = "a"];
	q52 -> q6 [label = "a"];
	q60 -> q28 [label = "b"];
	q199 -> q65 [label = "a"];
	q92 -> q199 [label = "c"];
	q61 -> q5 [label = "a"];
	q79 -> q74 [label = "c"];
	q63 -> q78 [label = "b"];
	q16 -> q90 [label = "c"];
	q82 -> q137 [label = "c"];
	q11 -> q10 [label = "b"];
	q120 -> q119 [label = "a"];
	q59 -> q58 [label = "c"];
	q10 -> q156 [label = "a"];
	q5 -> q14 [label = "b"];
	q71 -> q148 [label = "b"];
	q66 -> q200 [label = "b"];
	q64 -> q60 [label = "c"];
	q68 -> q158 [label = "a"];
	q69 -> q66 [label = "c"];
	q66 -> q55 [label = "c"];
	q38 -> q117 [label = "a"];
	q68 -> q28 [label = "b"];
	q174 -> q5 [label = "a"];
	q69 -> q115 [label = "b"];
	q23 -> q116 [label = "a"];
	q72 -> q68 [label = "a"];
	q133 -> q117 [label = "a"];
	q20 -> q214 [label = "c"];
	q42 -> q146 [label = "c"];
	q173 -> q62 [label = "a"];
	q60 -> q64 [label = "a"];
	q151 -> q154 [label = "b"];
	q135 -> q142 [label = "b"];
	q78 -> q72 [label = "c"];
	q135 -> q59 [label = "c"];
	q72 -> q58 [label = "c"];
	q24 -> q72 [label = "c"];
	q73 -> q63 [label = "a"];
	q75 -> q31 [label = "b"];
	q209 -> q127 [label = "a"];
	q64 -> q63 [label = "a"];
	q17 -> q37 [label = "b"];
	q211 -> q160 [label = "c"];
	q160 -> q210 [label = "b"];
	q33 -> q137 [label = "a"];
	q78 -> q41 [label = "b"];
	q131 -> q134 [label = "a"];
	q73 -> q145 [label = "b"];
	q76 -> q143 [label = "b"];
	q62 -> q102 [label = "a"];
	q207 -> q46 [label = "b"];
	q73 -> q146 [label = "c"];
	q185 -> q196 [label = "b"];
	q65 -> q127 [label = "a"];
	q25 -> q15 [label = "c"];
	q18 -> q19 [label = "b"];
	q28 -> q42 [label = "b"];
	q181 -> q104 [label = "a"];
	q196 -> q43 [label = "b"];
	q83 -> q94 [label = "a"];
	q39 -> q19 [label = "b"];
	q200 -> q6 [label = "a"];
	q5 -> q96 [label = "c"];
	q87 -> q58 [label = "c"];
	q188 -> q168 [label = "c"];
	q7 -> q99 [label = "a"];
	q83 -> q129 [label = "b"];
	q106 -> q127 [label = "c"];
	q204 -> q156 [label = "a"];
	q109 -> q48 [label = "b"];
	q202 -> q35 [label = "b"];
	q192 -> q178 [label = "b"];
	q204 -> q176 [label = "b"];
	q134 -> q102 [label = "a"];
	q204 -> q121 [label = "c"];
	q15 -> q12 [label = "b"];
	q117 -> q9 [label = "c"];
	q58 -> q138 [label = "c"];
	q200 -> q143 [label = "b"];
	q51 -> q27 [label = "c"];
	q195 -> q4 [label = "a"];
	q98 -> q180 [label = "b"];
	q128 -> q127 [label = "a"];
	q150 -> q45 [label = "b"];
	q98 -> q159 [label = "c"];
	q133 -> q179 [label = "b"];
	q14 -> q35 [label = "b"];
	q112 -> q160 [label = "c"];
	q31 -> q41 [label = "b"];
	q216 -> q104 [label = "a"];
	q63 -> q80 [label = "a"];
	q11 -> q104 [label = "a"];
	q43 -> q191 [label = "c"];
	q207 -> q102 [label = "a"];
	q63 -> q124 [label = "c"];
	q45 -> q105 [label = "c"];
	q34 -> q195 [label = "a"];
	q194 -> q191 [label = "a, c"];
	q14 -> q95 [label = "a"];
	q66 -> q158 [label = "a"];
	q182 -> q193 [label = "b"];
	q44 -> q22 [label = "b"];
	q114 -> q115 [label = "b"];
	q82 -> q81 [label = "b"];
	q201 -> q89 [label = "c"];
	q186 -> q101 [label = "c"];
	q10 -> q121 [label = "c"];
	q85 -> q82 [label = "c"];
	q1 -> q96 [label = "c"];
	q65 -> q26 [label = "c"];
	q215 -> q128 [label = "a"];
	q214 -> q85 [label = "b"];
	q195 -> q91 [label = "c"];
	q191 -> q137 [label = "c"];
	q215 -> q84 [label = "b"];
	q197 -> q118 [label = "c"];
	q118 -> q127 [label = "a"];
	q189 -> q121 [label = "a, c"];
	q199 -> q216 [label = "b"];
	q89 -> q156 [label = "a"];
	q53 -> q142 [label = "b"];
	q62 -> q76 [label = "b"];
	q51 -> q149 [label = "a"];
	q70 -> q68 [label = "a"];
	q25 -> q158 [label = "a"];
	q184 -> q204 [label = "b"];
	q21 -> q159 [label = "c"];
	q22 -> q159 [label = "c"];
	q180 -> q129 [label = "b"];
	q104 -> q119 [label = "a"];
	q212 -> q147 [label = "c"];
	q213 -> q48 [label = "b"];
	q1 -> q148 [label = "b"];
	q128 -> q126 [label = "b"];
	q212 -> q44 [label = "b"];
	q102 -> q134 [label = "c"];
	q128 -> q137 [label = "c"];
	q24 -> q41 [label = "b"];
	q189 -> q198 [label = "b"];
	q211 -> q61 [label = "a"];
	q173 -> q140 [label = "c"];
	q185 -> q214 [label = "c"];
	q216 -> q89 [label = "c"];
	q38 -> q105 [label = "c"];
	q53 -> q72 [label = "c"];
	q192 -> q121 [label = "a, c"];
	q163 -> q102 [label = "a"];
	q50 -> q104 [label = "a"];
	q77 -> q172 [label = "b"];
	q207 -> q91 [label = "c"];
	q18 -> q159 [label = "c"];
	q215 -> q9 [label = "c"];
	q208 -> q180 [label = "b"];
	q133 -> q105 [label = "c"];
	q197 -> q116 [label = "a"];
	q114 -> q158 [label = "a"];
	q142 -> q131 [label = "a"];
	q205 -> q112 [label = "c"];
	q160 -> q158 [label = "a"];
	q67 -> q111 [label = "b"];
	q213 -> q107 [label = "c"];
	q129 -> q176 [label = "b"];
	q194 -> q178 [label = "b"];
	q120 -> q133 [label = "b"];
	q203 -> q34 [label = "b"];
	q74 -> q29 [label = "b"];
	q185 -> q108 [label = "a"];
	q100 -> q102 [label = "a"];
	q84 -> q195 [label = "a"];
	q106 -> q163 [label = "a"];
	q127 -> q102 [label = "a"];
	q71 -> q66 [label = "c"];
	q196 -> q215 [label = "a"];
	q77 -> q70 [label = "c"];
	q140 -> q64 [label = "a"];
	q141 -> q80 [label = "a"];
	q190 -> q194 [label = "b"];
	q76 -> q70 [label = "c"];
	q23 -> q19 [label = "b"];
	q209 -> q9 [label = "c"];
	q127 -> q127 [label = "c"];
	q187 -> q153 [label = "c"];
	q139 -> q159 [label = "c"];
	q54 -> q95 [label = "a"];
	q81 -> q189 [label = "b"];
	q214 -> q97 [label = "c"];
	q3 -> q91 [label = "c"];
	q26 -> q50 [label = "b"];
	q41 -> q21 [label = "b"];
	q67 -> q94 [label = "a"];
	q127 -> q125 [label = "b"];
	q196 -> q153 [label = "c"];
	q80 -> q80 [label = "a"];
	q206 -> q104 [label = "a"];
	q164 -> q169 [label = "a"];
	q149 -> q46 [label = "b"];
	q149 -> q102 [label = "a"];
	q190 -> q4 [label = "a"];
	q163 -> q76 [label = "b"];
	q188 -> q139 [label = "b"];
	q84 -> q192 [label = "b"];
	q59 -> q54 [label = "b"];
	q142 -> q157 [label = "c"];
	q140 -> q115 [label = "b"];
	q187 -> q215 [label = "a"];
	q94 -> q91 [label = "c"];
	q155 -> q90 [label = "c"];
	q49 -> q23 [label = "b"];
	q176 -> q189 [label = "b"];
	q101 -> q125 [label = "a"];
	q74 -> q158 [label = "a"];
	q17 -> q13 [label = "a"];
	q70 -> q160 [label = "c"];
	q80 -> q31 [label = "b"];
	q205 -> q94 [label = "a"];
	q92 -> q127 [label = "a"];
	q188 -> q171 [label = "a"];
	q137 -> q99 [label = "a"];
	q54 -> q27 [label = "c"];
	q160 -> q167 [label = "c"];
	q103 -> q183 [label = "b"];
	q195 -> q38 [label = "b"];
	q202 -> q39 [label = "c"];
	q190 -> q127 [label = "c"];
	q186 -> q137 [label = "a"];
	q138 -> q64 [label = "a"];
	q186 -> q197 [label = "b"];
	q57 -> q79 [label = "c"];
	q212 -> q5 [label = "a"];
	q74 -> q57 [label = "c"];
	q193 -> q118 [label = "c"];
	q61 -> q44 [label = "b"];
	q85 -> q192 [label = "b"];
	q26 -> q65 [label = "a"];
	q34 -> q36 [label = "b"];
	q95 -> q91 [label = "c"];
	q116 -> q50 [label = "b"];
	q67 -> q27 [label = "c"];
	q201 -> q36 [label = "b"];
	q75 -> q56 [label = "c"];
	q55 -> q25 [label = "c"];
	q8 -> q0 [label = "b"];
	q87 -> q61 [label = "a"];
	q95 -> q152 [label = "b"];
	q2 -> q63 [label = "a"];
	q86 -> q3 [label = "a"];
	q153 -> q155 [label = "b"];
	q191 -> q198 [label = "b"];
	q145 -> q123 [label = "b"];
	q77 -> q71 [label = "a"];
	q27 -> q160 [label = "c"];
	q147 -> q160 [label = "c"];
	q75 -> q64 [label = "a"];
	q147 -> q134 [label = "a"];
	q22 -> q180 [label = "b"];
	q79 -> q30 [label = "b"];
	q5 -> q102 [label = "a"];
	q81 -> q121 [label = "c"];
	q138 -> q144 [label = "b"];
	q42 -> q21 [label = "b"];
	q57 -> q64 [label = "a"];
	q199 -> q151 [label = "c"];
	q30 -> q170 [label = "c"];
	q16 -> q137 [label = "a"];
	q113 -> q111 [label = "b"];
	q135 -> q141 [label = "a"];
	q56 -> q56 [label = "c"];
	q14 -> q112 [label = "c"];
	q213 -> q94 [label = "a"];
	q108 -> q184 [label = "b"];
	q129 -> q137 [label = "a"];
	q76 -> q69 [label = "a"];
	q108 -> q92 [label = "a"];
	q161 -> q79 [label = "c"];
	q210 -> q87 [label = "c"];
	q142 -> q98 [label = "b"];
	q81 -> q156 [label = "a"];
	q23 -> q159 [label = "c"];
	q200 -> q211 [label = "c"];
	q136 -> q140 [label = "a, c"];
	q80 -> q75 [label = "c"];
	q141 -> q145 [label = "b"];
	q11 -> q105 [label = "c"];
	q20 -> q196 [label = "b"];
	q36 -> q121 [label = "c"];
	q43 -> q190 [label = "a"];
	q65 -> q77 [label = "b"];
	q59 -> q64 [label = "a"];
	q86 -> q33 [label = "b"];
	q54 -> q49 [label = "b"];
	q86 -> q127 [label = "c"];
	q115 -> q95 [label = "a"];
	q69 -> q158 [label = "a"];
	q2 -> q140 [label = "c"];
	q97 -> q8 [label = "c"];
	q123 -> q139 [label = "b"];
	q68 -> q140 [label = "c"];
	q78 -> q73 [label = "a"];
	q175 -> q48 [label = "b"];
	q55 -> q51 [label = "b"];
	q210 -> q169 [label = "a"];
	q32 -> q106 [label = "a"];
	q84 -> q105 [label = "c"];
	q205 -> q193 [label = "b"];
	q102 -> q63 [label = "a"];
	q197 -> q37 [label = "b"];
	q208 -> q88 [label = "a"];
	q111 -> q118 [label = "c"];
	q19 -> q129 [label = "b"];
	q49 -> q101 [label = "a"];
	q7 -> q34 [label = "b"];
	q124 -> q138 [label = "c"];
	q3 -> q102 [label = "a"];
	q7 -> q96 [label = "c"];
	q3 -> q14 [label = "b"];
	q35 -> q101 [label = "a"];
	q1 -> q65 [label = "a"];
	q16 -> q187 [label = "b"];
	q124 -> q158 [label = "a"];
	q6 -> q152 [label = "b"];
	q88 -> q3 [label = "a"];
	q151 -> q149 [label = "c"];
	q168 -> q173 [label = "a"];
	q193 -> q119 [label = "a"];
	q82 -> q86 [label = "a"];
	q0 -> q35 [label = "b"];
	q2 -> q145 [label = "b"];
	q96 -> q202 [label = "b"];
	q0 -> q207 [label = "a"];
	q71 -> q65 [label = "a"];
	q131 -> q123 [label = "b"];
	q4 -> q9 [label = "c"];
	q97 -> q99 [label = "a"];
	q187 -> q194 [label = "b"];
	q126 -> q101 [label = "c"];
	q79 -> q158 [label = "a"];
	q12 -> q208 [label = "c"];
	q0 -> q39 [label = "c"];
	q10 -> q81 [label = "b"];
	q109 -> q108 [label = "a"];
	q8 -> q102 [label = "a"];
	q12 -> q6 [label = "a"];
	q48 -> q153 [label = "c"];
	q198 -> q198 [label = "b"];
	q100 -> q200 [label = "b"];
	q206 -> q89 [label = "c"];
	q8 -> q8 [label = "c"];
	q208 -> q160 [label = "c"];
	q90 -> q97 [label = "c"];
	q116 -> q96 [label = "c"];
	q161 -> q188 [label = "b"];
	q145 -> q161 [label = "c"];
	q9 -> q99 [label = "a"];
	q15 -> q55 [label = "c"];
	q9 -> q216 [label = "b"];
	q202 -> q95 [label = "a"];
	q21 -> q180 [label = "b"];
	q56 -> q24 [label = "b"];
	q209 -> q205 [label = "b"];
	q24 -> q2 [label = "a"];
	q28 -> q140 [label = "a, c"];
	q30 -> q142 [label = "b"];
	q32 -> q16 [label = "b"];
	q6 -> q96 [label = "c"];
	q27 -> q213 [label = "b"];
	q184 -> q195 [label = "a"];
	q43 -> q81 [label = "b"];
	q25 -> q14 [label = "b"];
	q27 -> q110 [label = "a"];
	q31 -> q59 [label = "c"];
	q29 -> q114 [label = "a"];
	q30 -> q169 [label = "a"];
	q98 -> q150 [label = "a"];
	q31 -> q141 [label = "a"];
	q40 -> q97 [label = "c"];
	q32 -> q137 [label = "c"];
	q36 -> q137 [label = "a"];
	q113 -> q112 [label = "c"];
	q35 -> q18 [label = "b"];
	q37 -> q153 [label = "c"];
	q12 -> q44 [label = "b"];
	q39 -> q160 [label = "c"];
	q90 -> q206 [label = "b"];
	q33 -> q101 [label = "c"];
	q108 -> q91 [label = "c"];
	q134 -> q136 [label = "b"];
	q37 -> q215 [label = "a"];
	q130 -> q129 [label = "b"];
	q34 -> q105 [label = "c"];
	q36 -> q81 [label = "b"];
	q52 -> q123 [label = "b"];
	q118 -> q182 [label = "b"];
	q114 -> q96 [label = "c"];
	q35 -> q140 [label = "c"];
	q72 -> q67 [label = "b"];
	q139 -> q180 [label = "b"];
	q56 -> q64 [label = "a"];
	q46 -> q112 [label = "c"];
	q42 -> q101 [label = "a"];
	q123 -> q140 [label = "c"];
	q44 -> q101 [label = "a"];
	q44 -> q140 [label = "c"];
	q91 -> q202 [label = "b"];
	q4 -> q128 [label = "a"];
	q102 -> q78 [label = "b"];
	q41 -> q131 [label = "a"];
	q47 -> q105 [label = "c"];
	q156 -> q209 [label = "a"];
	q47 -> q129 [label = "b"];
	q45 -> q104 [label = "a"];
	q115 -> q49 [label = "b"];
	q41 -> q157 [label = "c"];
	q198 -> q191 [label = "a, c"];
	q88 -> q35 [label = "b"];
	q88 -> q140 [label = "c"];
	q96 -> q151 [label = "c"];
	q94 -> q47 [label = "b"];
	q93 -> q153 [label = "c"];
	q33 -> q17 [label = "b"];
	q29 -> q44 [label = "b"];
	q89 -> q189 [label = "b"];
	q91 -> q102 [label = "a"];
	q125 -> q127 [label = "a"];
	q38 -> q43 [label = "b"];
	q89 -> q137 [label = "c"];
	q109 -> q107 [label = "c"];
	q119 -> q128 [label = "a"];
	q61 -> q140 [label = "c"];
	q210 -> q142 [label = "b"];
	q93 -> q203 [label = "a"];
	q13 -> q96 [label = "c"];
	q94 -> q65 [label = "a"];
	q26 -> q15 [label = "c"];
	q40 -> q106 [label = "a"];
	q91 -> q8 [label = "c"];
	q180 -> q153 [label = "c"];
	q132 -> q124 [label = "c"];
	q184 -> q105 [label = "c"];
	q101 -> q148 [label = "b"];
	q216 -> q36 [label = "b"];
	q95 -> q158 [label = "a"];
	q96 -> q158 [label = "a"];
	q60 -> q157 [label = "c"];
	q99 -> q77 [label = "b"];
	q203 -> q99 [label = "a"];
	q97 -> q201 [label = "b"];
	q153 -> q137 [label = "c"];
	q99 -> q127 [label = "a"];
	q103 -> q90 [label = "c"];
	q206 -> q192 [label = "b"];
	q130 -> q128 [label = "c"];
	q57 -> q52 [label = "b"];
	q99 -> q116 [label = "c"];
	q159 -> q127 [label = "a"];
	q103 -> q121 [label = "a"];
	q104 -> q133 [label = "b"];
	q4 -> q181 [label = "b"];
	q90 -> q128 [label = "a"];
	q110 -> q140 [label = "c"];
	q104 -> q91 [label = "c"];
	q105 -> q137 [label = "a, c"];
	q107 -> q185 [label = "b"];
	q105 -> q103 [label = "b"];
	q107 -> q106 [label = "a"];
	q113 -> q94 [label = "a"];
	q148 -> q105 [label = "c"];
	q58 -> q53 [label = "b"];
	q29 -> q147 [label = "c"];
	q111 -> q93 [label = "b"];
	q124 -> q135 [label = "b"];
	q110 -> q163 [label = "a"];
	q107 -> q97 [label = "c"];
	q111 -> q116 [label = "a"];
	q150 -> q92 [label = "a"];
	q46 -> q35 [label = "b"];
	q112 -> q110 [label = "a"];
	q64 -> q31 [label = "b"];
	q118 -> q97 [label = "c"];
	q116 -> q99 [label = "a"];
	q119 -> q199 [label = "c"];
	q154 -> q149 [label = "a"];
	q117 -> q121 [label = "a"];
	q119 -> q181 [label = "b"];
	q115 -> q112 [label = "c"];
	q117 -> q183 [label = "b"];
	q110 -> q49 [label = "b"];
	q122 -> q65 [label = "a"];
	q120 -> q118 [label = "c"];
	q126 -> q120 [label = "b"];
	q121 -> q128 [label = "a"];
	q122 -> q148 [label = "b"];
	q125 -> q101 [label = "c"];
	q121 -> q178 [label = "b"];
	q214 -> q86 [label = "a"];
	q100 -> q149 [label = "c"];
	q129 -> q121 [label = "c"];
	q123 -> q101 [label = "a"];
	q121 -> q137 [label = "c"];
	q9 -> q8 [label = "c"];
	q39 -> q88 [label = "a"];
	q122 -> q100 [label = "c"];
	q62 -> q25 [label = "c"];
	q126 -> q137 [label = "a"];
	q125 -> q177 [label = "b"];
	q130 -> q122 [label = "a"];
	q87 -> q83 [label = "b"];
	q134 -> q140 [label = "c"];
	q132 -> q131 [label = "a"];
	q83 -> q32 [label = "c"];
	q144 -> q114 [label = "a"];
	q132 -> q130 [label = "b"];
	q19 -> q153 [label = "c"];
	q131 -> q157 [label = "c"];
	q168 -> q213 [label = "b"];
	q140 -> q160 [label = "c"];
	q136 -> q143 [label = "b"];
	q169 -> q63 [label = "a"];
	q141 -> q157 [label = "c"];
	q137 -> q179 [label = "b"];
	q139 -> q116 [label = "a"];
	q143 -> q146 [label = "c"];
	q85 -> q108 [label = "a"];
	q137 -> q127 [label = "c"];
	q143 -> q98 [label = "b"];
	q112 -> q109 [label = "b"];
	q138 -> q157 [label = "c"];
	q203 -> q91 [label = "c"];
	q93 -> q204 [label = "b"];
	q143 -> q101 [label = "a"];
	q146 -> q162 [label = "b"];
	q144 -> q123 [label = "b"];
	q146 -> q64 [label = "a"];
	q150 -> q96 [label = "c"];
	q144 -> q147 [label = "c"];
	q145 -> q114 [label = "a"];
	q193 -> q184 [label = "b"];
	q149 -> q96 [label = "c"];
}
DFA size: 217 states

NL* output after 21 EQ and 19699 MQ:
digraph finite_state_machine {
	rankdir=LR;
	node [shape = circle];
	s0 [shape = point, style = invis, start="true" ];
	s1 [shape = point, style = invis, start="true" ];
	s2 [shape = point, style = invis, start="true" ];
	q0 [label = "q0"];
	q1 [label = "q1"];
	q2 [label = "q2"];
	q3 [label = "q3"];
	q4 [label = "q4"];
	q5 [label = "q5"];
	q6 [label = "q6"];
	q7 [label = "q7"];
	q8 [label = "q8"];
	q9 [label = "q9"];
	q10 [label = "q10", shape = doublecircle, final="true" ];
	q11 [label = "q11"];
	q12 [label = "q12"];
	q13 [label = "q13"];
	q14 [label = "q14"];
	q15 [label = "q15"];
	q16 [label = "q16"];
	q17 [label = "q17", shape = doublecircle, final="true" ];
	q18 [label = "q18"];
	q19 [label = "q19"];
	q20 [label = "q20", shape = doublecircle, final="true" ];
	q21 [label = "q21"];
	q22 [label = "q22"];
	q23 [label = "q23"];
	q24 [label = "q24"];
	q25 [label = "q25"];
	q26 [label = "q26"];
	q27 [label = "q27"];
	q28 [label = "q28"];
	q29 [label = "q29"];
	q30 [label = "q30"];
	q31 [label = "q31"];
	q32 [label = "q32"];
	q33 [label = "q33"];
	q34 [label = "q34"];
	q35 [label = "q35"];
	q36 [label = "q36"];
	q37 [label = "q37"];
	q38 [label = "q38"];
	q39 [label = "q39"];
	q40 [label = "q40"];
	q41 [label = "q41"];
	s0 -> q14
	s1 -> q24
	s2 -> q36
	q18 -> q40 [label = "c"];
	q18 -> q13 [label = "c"];
	q20 -> q3 [label = "b"];
	q22 -> q23 [label = "a"];
	q17 -> q38 [label = "c"];
	q17 -> q31 [label = "c"];
	q17 -> q14 [label = "c"];
	q21 -> q23 [label = "a"];
	q21 -> q7 [label = "a"];
	q17 -> q35 [label = "b"];
	q17 -> q34 [label = "b"];
	q17 -> q32 [label = "b"];
	q23 -> q37 [label = "c"];
	q19 -> q25 [label = "a, b"];
	q19 -> q14 [label = "a, b"];
	q19 -> q4 [label = "b"];
	q19 -> q2 [label = "b"];
	q17 -> q39 [label = "a, c"];
	q17 -> q37 [label = "a, c"];
	q17 -> q36 [label = "a, c"];
	q17 -> q24 [label = "a, c"];
	q17 -> q23 [label = "a"];
	q17 -> q22 [label = "a"];
	q17 -> q9 [label = "a, b"];
	q17 -> q7 [label = "a"];
	q17 -> q4 [label = "a, b"];
	q17 -> q0 [label = "a, b"];
	q21 -> q40 [label = "c"];
	q21 -> q39 [label = "c"];
	q21 -> q37 [label = "c"];
	q21 -> q24 [label = "a, c"];
	q21 -> q13 [label = "c"];
	q16 -> q40 [label = "c"];
	q16 -> q29 [label = "c"];
	q16 -> q28 [label = "c"];
	q16 -> q16 [label = "c"];
	q16 -> q13 [label = "c"];
	q16 -> q12 [label = "c"];
	q16 -> q4 [label = "c"];
	q20 -> q14 [label = "a, b"];
	q20 -> q6 [label = "a"];
	q22 -> q32 [label = "b"];
	q22 -> q26 [label = "b"];
	q18 -> q36 [label = "a, c"];
	q16 -> q41 [label = "b"];
	q16 -> q37 [label = "b, c"];
	q16 -> q34 [label = "b"];
	q16 -> q32 [label = "b"];
	q16 -> q30 [label = "b"];
	q16 -> q26 [label = "b"];
	q16 -> q21 [label = "b, c"];
	q16 -> q18 [label = "b"];
	q16 -> q11 [label = "b"];
	q17 -> q33 [label = "b, c"];
	q18 -> q37 [label = "a, c"];
	q16 -> q10 [label = "b"];
	q16 -> q5 [label = "b"];
	q16 -> q2 [label = "b"];
	q22 -> q40 [label = "c"];
	q22 -> q37 [label = "c"];
	q22 -> q36 [label = "a, c"];
	q22 -> q27 [label = "c"];
	q18 -> q28 [label = "b"];
	q16 -> q39 [label = "c"];
	q18 -> q9 [label = "b"];
	q18 -> q8 [label = "b"];
	q18 -> q4 [label = "b"];
	q18 -> q0 [label = "b"];
	q16 -> q0 [label = "c"];
	q16 -> q36 [label = "a, b, c"];
	q16 -> q24 [label = "a, c"];
	q16 -> q7 [label = "a, c"];
	q20 -> q41 [label = "b, c"];
	q20 -> q38 [label = "a, b, c"];
	q20 -> q36 [label = "a, b, c"];
	q20 -> q35 [label = "a, b, c"];
	q20 -> q32 [label = "a, b, c"];
	q20 -> q28 [label = "a, b, c"];
	q20 -> q26 [label = "a, b, c"];
	q20 -> q25 [label = "a, b, c"];
	q20 -> q23 [label = "a, b, c"];
	q20 -> q22 [label = "b, c"];
	q20 -> q21 [label = "b, c"];
	q20 -> q19 [label = "a, c"];
	q17 -> q18 [label = "c"];
	q20 -> q18 [label = "a, b, c"];
	q20 -> q16 [label = "b, c"];
	q20 -> q13 [label = "a, b, c"];
	q20 -> q12 [label = "a, b, c"];
	q20 -> q11 [label = "b, c"];
	q20 -> q10 [label = "b, c"];
	q20 -> q9 [label = "a, b, c"];
	q20 -> q8 [label = "a, b, c"];
	q20 -> q4 [label = "a, b, c"];
	q20 -> q1 [label = "a, b, c"];
	q20 -> q2 [label = "b, c"];
	q20 -> q0 [label = "a, b, c"];
	q15 -> q31 [label = "a"];
	q13 -> q41 [label = "b"];
	q13 -> q32 [label = "b"];
	q13 -> q11 [label = "b"];
	q11 -> q40 [label = "c"];
	q11 -> q39 [label = "c"];
	q11 -> q38 [label = "c"];
	q11 -> q36 [label = "c"];
	q11 -> q25 [label = "c"];
	q11 -> q13 [label = "c"];
	q14 -> q18 [label = "a"];
	q12 -> q34 [label = "b"];
	q17 -> q16 [label = "a"];
	q12 -> q27 [label = "b"];
	q12 -> q21 [label = "b"];
	q12 -> q11 [label = "b"];
	q12 -> q10 [label = "b"];
	q12 -> q5 [label = "b"];
	q12 -> q2 [label = "b"];
	q10 -> q38 [label = "c"];
	q10 -> q33 [label = "c"];
	q16 -> q1 [label = "b, c"];
	q10 -> q25 [label = "c"];
	q10 -> q18 [label = "c"];
	q19 -> q7 [label = "b"];
	q18 -> q34 [label = "b"];
	q15 -> q15 [label = "b"];
	q15 -> q14 [label = "a, b"];
	q15 -> q3 [label = "b"];
	q9 -> q40 [label = "c"];
	q9 -> q39 [label = "c"];
	q9 -> q28 [label = "c"];
	q19 -> q8 [label = "a, b"];
	q17 -> q1 [label = "a"];
	q9 -> q13 [label = "c"];
	q21 -> q26 [label = "b"];
	q1 -> q39 [label = "c"];
	q23 -> q24 [label = "a"];
	q23 -> q36 [label = "a, c"];
	q26 -> q8 [label = "b"];
	q28 -> q40 [label = "c"];
	q28 -> q24 [label = "c"];
	q26 -> q28 [label = "a, b"];
	q17 -> q28 [label = "a, b, c"];
	q38 -> q22 [label = "b, c"];
	q11 -> q8 [label = "b"];
	q30 -> q36 [label = "c"];
	q11 -> q4 [label = "a"];
	q15 -> q28 [label = "a, b, c"];
	q30 -> q24 [label = "c"];
	q24 -> q22 [label = "c"];
	q12 -> q1 [label = "b"];
	q30 -> q14 [label = "c"];
	q31 -> q29 [label = "b"];
	q29 -> q26 [label = "b"];
	q37 -> q37 [label = "c"];
	q14 -> q0 [label = "b"];
	q27 -> q34 [label = "b"];
	q20 -> q39 [label = "a, b, c"];
	q28 -> q36 [label = "a, b, c"];
	q10 -> q0 [label = "a, b"];
	q29 -> q22 [label = "c"];
	q19 -> q35 [label = "b"];
	q33 -> q3 [label = "b"];
	q29 -> q4 [label = "c"];
	q6 -> q35 [label = "b"];
	q25 -> q35 [label = "b"];
	q17 -> q19 [label = "b"];
	q5 -> q37 [label = "c"];
	q25 -> q34 [label = "b"];
	q25 -> q32 [label = "b"];
	q6 -> q23 [label = "a, b, c"];
	q3 -> q1 [label = "a, b, c"];
	q25 -> q0 [label = "b"];
	q21 -> q36 [label = "a, c"];
	q27 -> q37 [label = "c"];
	q21 -> q28 [label = "c"];
	q41 -> q24 [label = "c"];
	q29 -> q23 [label = "a, c"];
	q8 -> q37 [label = "a, b, c"];
	q2 -> q27 [label = "a, c"];
	q31 -> q28 [label = "b"];
	q25 -> q27 [label = "a, b"];
	q11 -> q24 [label = "c"];
	q35 -> q18 [label = "a"];
	q38 -> q28 [label = "b"];
	q1 -> q32 [label = "b"];
	q15 -> q6 [label = "a"];
	q2 -> q32 [label = "b"];
	q31 -> q22 [label = "b, c"];
	q25 -> q5 [label = "b"];
	q25 -> q21 [label = "b"];
	q31 -> q11 [label = "b"];
	q25 -> q22 [label = "b, c"];
	q33 -> q35 [label = "b"];
	q31 -> q8 [label = "b"];
	q19 -> q23 [label = "b"];
	q35 -> q33 [label = "a"];
	q3 -> q27 [label = "a, b, c"];
	q31 -> q4 [label = "b"];
	q31 -> q1 [label = "a, b"];
	q31 -> q3 [label = "b"];
	q31 -> q0 [label = "b"];
	q24 -> q23 [label = "c"];
	q28 -> q37 [label = "b, c"];
	q28 -> q27 [label = "b"];
	q15 -> q18 [label = "a, b, c"];
	q6 -> q41 [label = "a, b"];
	q25 -> q36 [label = "a, b, c"];
	q17 -> q29 [label = "a"];
	q19 -> q13 [label = "a, b, c"];
	q28 -> q23 [label = "b"];
	q28 -> q2 [label = "b"];
	q30 -> q28 [label = "a, b"];
	q33 -> q2 [label = "b"];
	q2 -> q9 [label = "b"];
	q35 -> q12 [label = "a, b"];
	q30 -> q9 [label = "a"];
	q20 -> q30 [label = "b, c"];
	q6 -> q31 [label = "b"];
	q31 -> q39 [label = "b"];
	q16 -> q22 [label = "b, c"];
	q15 -> q37 [label = "a, b, c"];
	q31 -> q40 [label = "b, c"];
	q29 -> q36 [label = "a, c"];
	q31 -> q37 [label = "a, b, c"];
	q35 -> q39 [label = "a, b"];
	q27 -> q40 [label = "c"];
	q34 -> q37 [label = "a, c"];
	q8 -> q3 [label = "b"];
	q4 -> q24 [label = "a, c"];
	q27 -> q32 [label = "b"];
	q29 -> q28 [label = "c"];
	q8 -> q38 [label = "b"];
	q27 -> q24 [label = "c"];
	q41 -> q39 [label = "c"];
	q29 -> q30 [label = "b"];
	q21 -> q12 [label = "c"];
	q20 -> q31 [label = "a"];
	q31 -> q9 [label = "b"];
	q30 -> q39 [label = "c"];
	q12 -> q13 [label = "c"];
	q24 -> q37 [label = "c"];
	q29 -> q11 [label = "b"];
	q31 -> q34 [label = "a, b"];
	q31 -> q32 [label = "a, b"];
	q38 -> q35 [label = "b"];
	q6 -> q26 [label = "a"];
	q31 -> q27 [label = "a, b"];
	q31 -> q23 [label = "a, b, c"];
	q31 -> q18 [label = "a"];
	q6 -> q38 [label = "b"];
	q31 -> q16 [label = "b"];
	q3 -> q7 [label = "b, c"];
	q15 -> q27 [label = "a, b, c"];
	q36 -> q37 [label = "c"];
	q6 -> q0 [label = "b"];
	q32 -> q40 [label = "c"];
	q31 -> q13 [label = "b"];
	q0 -> q36 [label = "a, b, c"];
	q30 -> q40 [label = "c"];
	q33 -> q36 [label = "a, b, c"];
	q4 -> q37 [label = "b, c"];
	q39 -> q34 [label = "b"];
	q31 -> q21 [label = "b"];
	q39 -> q32 [label = "b"];
	q22 -> q24 [label = "a"];
	q12 -> q32 [label = "b"];
	q35 -> q23 [label = "b"];
	q33 -> q4 [label = "b"];
	q25 -> q41 [label = "b"];
	q35 -> q2 [label = "b"];
	q29 -> q24 [label = "a"];
	q39 -> q22 [label = "b, c"];
	q18 -> q35 [label = "b"];
	q32 -> q28 [label = "a, b"];
	q39 -> q23 [label = "a, b, c"];
	q30 -> q38 [label = "c"];
	q14 -> q4 [label = "b"];
	q41 -> q36 [label = "c"];
	q3 -> q17 [label = "c"];
	q40 -> q23 [label = "a"];
	q30 -> q0 [label = "a"];
	q8 -> q23 [label = "b"];
	q2 -> q1 [label = "a"];
	q33 -> q24 [label = "b, c"];
	q35 -> q31 [label = "a"];
	q40 -> q37 [label = "c"];
	q6 -> q3 [label = "b"];
	q31 -> q24 [label = "b"];
	q35 -> q24 [label = "a, b, c"];
	q34 -> q13 [label = "a, c"];
	q3 -> q28 [label = "a, b"];
	q35 -> q37 [label = "a, b, c"];
	q34 -> q39 [label = "a, c"];
	q25 -> q9 [label = "b"];
	q38 -> q21 [label = "b"];
	q39 -> q41 [label = "b"];
	q18 -> q1 [label = "a"];
	q16 -> q27 [label = "b, c"];
	q29 -> q1 [label = "c"];
	q1 -> q12 [label = "c"];
	q25 -> q37 [label = "a, b, c"];
	q26 -> q37 [label = "c"];
	q11 -> q37 [label = "c"];
	q15 -> q38 [label = "a, b"];
	q4 -> q23 [label = "b"];
	q36 -> q32 [label = "b"];
	q29 -> q37 [label = "c"];
	q38 -> q1 [label = "a, b"];
	q15 -> q8 [label = "a, b"];
	q39 -> q21 [label = "b"];
	q23 -> q27 [label = "c"];
	q8 -> q40 [label = "b, c"];
	q6 -> q18 [label = "a"];
	q38 -> q18 [label = "a"];
	q35 -> q38 [label = "a, b"];
	q31 -> q2 [label = "b"];
	q34 -> q36 [label = "a, c"];
	q29 -> q21 [label = "c"];
	q32 -> q8 [label = "b"];
	q38 -> q9 [label = "b"];
	q16 -> q23 [label = "a, b, c"];
	q31 -> q26 [label = "a"];
	q8 -> q2 [label = "b"];
	q31 -> q7 [label = "b"];
	q5 -> q13 [label = "c"];
	q20 -> q40 [label = "a, b, c"];
	q34 -> q24 [label = "a, c"];
	q38 -> q23 [label = "a, b, c"];
	q38 -> q8 [label = "b"];
	q0 -> q12 [label = "c"];
	q12 -> q36 [label = "a, b, c"];
	q26 -> q39 [label = "c"];
	q3 -> q12 [label = "a, b"];
	q41 -> q40 [label = "c"];
	q2 -> q24 [label = "a, c"];
	q30 -> q31 [label = "c"];
	q17 -> q26 [label = "b"];
	q27 -> q13 [label = "c"];
	q41 -> q37 [label = "c"];
	q41 -> q28 [label = "a, b"];
	q8 -> q8 [label = "b"];
	q20 -> q27 [label = "a, b, c"];
	q38 -> q14 [label = "b"];
	q13 -> q40 [label = "c"];
	q41 -> q0 [label = "a"];
	q35 -> q28 [label = "a, b"];
	q33 -> q8 [label = "b"];
	q25 -> q11 [label = "b"];
	q41 -> q13 [label = "c"];
	q24 -> q32 [label = "b"];
	q3 -> q10 [label = "b, c"];
	q40 -> q40 [label = "c"];
	q35 -> q14 [label = "a, b"];
	q38 -> q3 [label = "b"];
	q6 -> q20 [label = "b"];
	q38 -> q27 [label = "a, b"];
	q5 -> q40 [label = "c"];
	q38 -> q13 [label = "b"];
	q20 -> q24 [label = "a, b, c"];
	q29 -> q0 [label = "c"];
	q14 -> q14 [label = "b"];
	q10 -> q12 [label = "a, c"];
	q40 -> q36 [label = "a, c"];
	q39 -> q36 [label = "a, b, c"];
	q38 -> q37 [label = "a, b, c"];
	q17 -> q6 [label = "c"];
	q31 -> q12 [label = "b"];
	q31 -> q25 [label = "b"];
	q38 -> q36 [label = "a, b, c"];
	q2 -> q39 [label = "a"];
	q40 -> q5 [label = "b"];
	q1 -> q37 [label = "c"];
	q41 -> q25 [label = "c"];
	q34 -> q12 [label = "a, c"];
	q34 -> q35 [label = "b"];
	q31 -> q15 [label = "b"];
	q31 -> q41 [label = "b"];
	q26 -> q40 [label = "c"];
	q5 -> q28 [label = "a, b"];
	q40 -> q32 [label = "b"];
	q14 -> q39 [label = "b"];
	q6 -> q2 [label = "a, b"];
	q19 -> q6 [label = "a, b"];
	q25 -> q2 [label = "b"];
	q25 -> q23 [label = "a, b, c"];
	q6 -> q13 [label = "b, c"];
	q27 -> q23 [label = "a"];
	q31 -> q36 [label = "a, b, c"];
	q9 -> q37 [label = "b, c"];
	q32 -> q39 [label = "c"];
	q35 -> q40 [label = "a, b, c"];
	q6 -> q24 [label = "b, c"];
	q3 -> q9 [label = "b"];
	q30 -> q37 [label = "c"];
	q33 -> q37 [label = "a, b, c"];
	q31 -> q35 [label = "b"];
	q38 -> q41 [label = "b"];
	q37 -> q23 [label = "a"];
	q15 -> q9 [label = "b, c"];
	q15 -> q24 [label = "a, b, c"];
	q35 -> q6 [label = "a"];
	q33 -> q13 [label = "b, c"];
	q35 -> q8 [label = "a, b"];
	q35 -> q3 [label = "b"];
	q33 -> q27 [label = "a, b"];
	q19 -> q39 [label = "a, b, c"];
	q14 -> q7 [label = "b"];
	q14 -> q24 [label = "b"];
	q20 -> q17 [label = "b, c"];
	q7 -> q37 [label = "c"];
	q38 -> q0 [label = "b"];
	q2 -> q35 [label = "b"];
	q29 -> q40 [label = "c"];
	q2 -> q34 [label = "b"];
	q38 -> q25 [label = "b"];
	q10 -> q35 [label = "b"];
	q7 -> q24 [label = "a"];
	q37 -> q40 [label = "c"];
	q31 -> q14 [label = "b"];
	q4 -> q2 [label = "b"];
	q33 -> q7 [label = "b"];
	q41 -> q4 [label = "a"];
	q10 -> q36 [label = "a, c"];
	q6 -> q22 [label = "a, b, c"];
	q3 -> q37 [label = "a, b, c"];
	q33 -> q23 [label = "b"];
	q26 -> q24 [label = "c"];
	q38 -> q39 [label = "b"];
	q26 -> q33 [label = "b"];
	q33 -> q12 [label = "b"];
	q33 -> q31 [label = "b"];
	q17 -> q27 [label = "a, c"];
	q4 -> q40 [label = "c"];
	q39 -> q5 [label = "b"];
	q38 -> q11 [label = "b"];
	q15 -> q5 [label = "b, c"];
	q17 -> q12 [label = "a, c"];
	q25 -> q4 [label = "b"];
	q33 -> q38 [label = "b"];
	q15 -> q2 [label = "b, c"];
	q34 -> q28 [label = "a, b, c"];
	q6 -> q21 [label = "a, b"];
	q38 -> q5 [label = "b"];
	q33 -> q39 [label = "b"];
	q23 -> q32 [label = "b"];
	q35 -> q4 [label = "b"];
	q34 -> q40 [label = "a, c"];
	q35 -> q7 [label = "b"];
	q35 -> q35 [label = "b"];
	q31 -> q5 [label = "b"];
	q32 -> q37 [label = "c"];
	q8 -> q13 [label = "b, c"];
	q3 -> q18 [label = "a, c"];
	q15 -> q36 [label = "a, b, c"];
	q33 -> q18 [label = "a"];
	q30 -> q8 [label = "b"];
	q38 -> q34 [label = "b"];
	q31 -> q38 [label = "b"];
	q38 -> q2 [label = "b"];
	q38 -> q32 [label = "b"];
	q3 -> q15 [label = "b"];
	q9 -> q23 [label = "b"];
	q38 -> q7 [label = "b"];
	q7 -> q22 [label = "c"];
	q30 -> q4 [label = "a"];
	q34 -> q8 [label = "b"];
	q26 -> q36 [label = "c"];
	q39 -> q2 [label = "b"];
	q21 -> q32 [label = "b"];
	q19 -> q18 [label = "a, b"];
	q6 -> q25 [label = "b"];
	q29 -> q27 [label = "c"];
	q39 -> q1 [label = "b"];
	q25 -> q40 [label = "b, c"];
	q17 -> q13 [label = "a, c"];
	q39 -> q37 [label = "b, c"];
	q25 -> q28 [label = "b"];
	q3 -> q25 [label = "a, b"];
	q15 -> q33 [label = "a"];
	q38 -> q38 [label = "b"];
	q3 -> q5 [label = "b, c"];
	q32 -> q24 [label = "c"];
	q38 -> q12 [label = "b"];
	q39 -> q40 [label = "c"];
	q29 -> q32 [label = "b"];
	q32 -> q36 [label = "c"];
	q12 -> q41 [label = "b"];
	q21 -> q34 [label = "b"];
	q0 -> q13 [label = "c"];
	q19 -> q12 [label = "a, b, c"];
	q29 -> q5 [label = "b"];
	q19 -> q24 [label = "a, b, c"];
	q19 -> q28 [label = "a, b, c"];
	q19 -> q40 [label = "a, b, c"];
	q15 -> q4 [label = "a, b, c"];
	q9 -> q2 [label = "b"];
	q8 -> q36 [label = "a, b, c"];
	q9 -> q36 [label = "a, b, c"];
	q11 -> q9 [label = "a"];
	q11 -> q28 [label = "a, b"];
	q0 -> q27 [label = "b, c"];
	q15 -> q0 [label = "b, c"];
	q16 -> q17 [label = "b"];
	q15 -> q1 [label = "b, c"];
	q15 -> q7 [label = "a, b, c"];
	q14 -> q29 [label = "b"];
	q15 -> q10 [label = "b, c"];
	q6 -> q10 [label = "a, b"];
	q15 -> q11 [label = "b, c"];
	q15 -> q16 [label = "b, c"];
	q0 -> q37 [label = "b, c"];
	q15 -> q17 [label = "b, c"];
	q10 -> q9 [label = "a, b"];
	q35 -> q25 [label = "a, b"];
	q19 -> q36 [label = "a, b, c"];
	q3 -> q3 [label = "b"];
	q3 -> q40 [label = "a, b, c"];
	q30 -> q33 [label = "b"];
	q15 -> q22 [label = "b, c"];
	q20 -> q37 [label = "a, b, c"];
	q15 -> q23 [label = "a, b, c"];
	q38 -> q40 [label = "b, c"];
	q8 -> q14 [label = "b"];
	q15 -> q26 [label = "b, c"];
	q19 -> q38 [label = "a, b"];
	q18 -> q32 [label = "b"];
	q15 -> q29 [label = "b, c"];
	q15 -> q30 [label = "b, c"];
	q15 -> q32 [label = "b, c"];
	q15 -> q34 [label = "b, c"];
	q15 -> q39 [label = "a, b, c"];
	q19 -> q3 [label = "b"];
	q15 -> q40 [label = "a, b, c"];
	q3 -> q32 [label = "b, c"];
	q9 -> q24 [label = "a, c"];
	q13 -> q22 [label = "c"];
	q20 -> q5 [label = "b, c"];
	q4 -> q13 [label = "c"];
	q13 -> q36 [label = "a, c"];
	q13 -> q37 [label = "c"];
	q8 -> q24 [label = "b, c"];
	q4 -> q36 [label = "a, b, c"];
	q2 -> q18 [label = "c"];
	q14 -> q1 [label = "b"];
	q14 -> q8 [label = "b"];
	q2 -> q8 [label = "b"];
	q14 -> q12 [label = "b"];
	q33 -> q25 [label = "b"];
	q40 -> q41 [label = "b"];
	q10 -> q7 [label = "a"];
	q14 -> q13 [label = "b"];
	q13 -> q23 [label = "a, c"];
	q14 -> q15 [label = "b"];
	q2 -> q4 [label = "a, b"];
	q14 -> q16 [label = "b"];
	q14 -> q22 [label = "b, c"];
	q38 -> q24 [label = "b"];
	q37 -> q36 [label = "a, c"];
	q10 -> q23 [label = "a"];
	q8 -> q4 [label = "b"];
	q10 -> q27 [label = "a, c"];
	q14 -> q23 [label = "b, c"];
	q2 -> q36 [label = "a, c"];
	q14 -> q27 [label = "a, b"];
	q35 -> q13 [label = "a, b, c"];
	q14 -> q28 [label = "b"];
	q0 -> q40 [label = "c"];
	q14 -> q32 [label = "b"];
	q14 -> q34 [label = "b"];
	q14 -> q35 [label = "b"];
	q37 -> q32 [label = "b"];
	q19 -> q27 [label = "a, b, c"];
	q6 -> q32 [label = "a, b"];
	q14 -> q36 [label = "a, b, c"];
	q18 -> q22 [label = "a"];
	q14 -> q37 [label = "a, b, c"];
	q2 -> q40 [label = "a, c"];
	q30 -> q25 [label = "c"];
	q14 -> q40 [label = "b"];
	q7 -> q36 [label = "a, c"];
	q5 -> q4 [label = "a"];
	q20 -> q33 [label = "a, c"];
	q8 -> q7 [label = "b"];
	q15 -> q13 [label = "a, b, c"];
	q8 -> q12 [label = "b"];
	q8 -> q25 [label = "b"];
	q25 -> q1 [label = "a, b"];
	q34 -> q4 [label = "b"];
	q41 -> q8 [label = "b"];
	q8 -> q28 [label = "b"];
	q8 -> q35 [label = "b"];
	q15 -> q41 [label = "b, c"];
	q3 -> q0 [label = "a, b"];
	q17 -> q8 [label = "b, c"];
	q10 -> q4 [label = "a, b"];
	q10 -> q13 [label = "a, c"];
	q2 -> q13 [label = "a, c"];
	q29 -> q41 [label = "b"];
	q6 -> q34 [label = "a, b"];
	q33 -> q40 [label = "b, c"];
	q10 -> q24 [label = "a, c"];
	q27 -> q36 [label = "a, c"];
	q39 -> q11 [label = "b"];
	q10 -> q28 [label = "a, b, c"];
	q10 -> q37 [label = "a, c"];
	q3 -> q35 [label = "b"];
	q10 -> q40 [label = "a, c"];
	q8 -> q18 [label = "a"];
	q10 -> q8 [label = "b, c"];
	q19 -> q31 [label = "a, b"];
	q15 -> q12 [label = "a, b, c"];
	q10 -> q26 [label = "b"];
	q3 -> q4 [label = "a, b"];
	q10 -> q32 [label = "b"];
	q25 -> q8 [label = "b"];
	q10 -> q34 [label = "b"];
	q7 -> q21 [label = "c"];
	q6 -> q15 [label = "b"];
	q9 -> q27 [label = "b, c"];
	q12 -> q7 [label = "c"];
	q15 -> q25 [label = "a, b, c"];
	q12 -> q22 [label = "b, c"];
	q12 -> q24 [label = "c"];
	q36 -> q36 [label = "a, c"];
	q12 -> q29 [label = "c"];
	q32 -> q13 [label = "c"];
	q12 -> q37 [label = "b, c"];
	q12 -> q40 [label = "c"];
	q18 -> q24 [label = "c"];
	q20 -> q29 [label = "b, c"];
	q35 -> q27 [label = "a, b, c"];
	q3 -> q33 [label = "a"];
	q19 -> q37 [label = "a, b, c"];
	q4 -> q27 [label = "b, c"];
	q29 -> q9 [label = "c"];
	q0 -> q24 [label = "a, c"];
	q8 -> q27 [label = "a, b"];
	q1 -> q36 [label = "a, c"];
	q18 -> q27 [label = "a"];
	q3 -> q38 [label = "a, b"];
	q2 -> q0 [label = "a, b"];
	q1 -> q27 [label = "c"];
	q2 -> q28 [label = "a, b"];
	q34 -> q27 [label = "a, c"];
	q7 -> q27 [label = "c"];
	q24 -> q36 [label = "a, c"];
	q3 -> q23 [label = "a, b, c"];
	q10 -> q1 [label = "a"];
	q6 -> q7 [label = "b, c"];
	q6 -> q36 [label = "a, b, c"];
	q6 -> q37 [label = "a, b, c"];
	q30 -> q13 [label = "c"];
	q28 -> q13 [label = "c"];
	q6 -> q40 [label = "b, c"];
	q0 -> q2 [label = "b"];
	q0 -> q23 [label = "b"];
	q15 -> q21 [label = "b, c"];
	q2 -> q37 [label = "a, c"];
	q17 -> q25 [label = "c"];
	q2 -> q12 [label = "a"];
	q3 -> q24 [label = "a, b, c"];
	q5 -> q8 [label = "b"];
	q13 -> q5 [label = "b"];
	q6 -> q11 [label = "a, b"];
	q35 -> q36 [label = "a, b, c"];
	q26 -> q13 [label = "c"];
	q2 -> q23 [label = "a"];
	q14 -> q5 [label = "b"];
	q6 -> q1 [label = "a, b"];
	q1 -> q24 [label = "a, c"];
	q21 -> q27 [label = "c"];
	q6 -> q4 [label = "b"];
	q3 -> q41 [label = "b, c"];
	q6 -> q5 [label = "a, b"];
	q20 -> q34 [label = "a, b, c"];
	q6 -> q8 [label = "b"];
	q17 -> q40 [label = "a, c"];
	q22 -> q28 [label = "c"];
	q6 -> q9 [label = "b"];
	q6 -> q12 [label = "b"];
	q6 -> q14 [label = "b"];
	q6 -> q16 [label = "b"];
	q6 -> q27 [label = "a, b"];
	q33 -> q14 [label = "b"];
	q8 -> q39 [label = "b"];
	q6 -> q28 [label = "b"];
	q18 -> q23 [label = "a"];
	q6 -> q39 [label = "b"];
	q20 -> q7 [label = "a, b, c"];
	q0 -> q28 [label = "c"];
	q0 -> q39 [label = "c"];
	q20 -> q15 [label = "b"];
	q12 -> q23 [label = "a, b, c"];
	q5 -> q24 [label = "c"];
	q5 -> q25 [label = "c"];
	q11 -> q0 [label = "a"];
	q5 -> q36 [label = "c"];
	q14 -> q21 [label = "b"];
	q5 -> q39 [label = "c"];
	q1 -> q23 [label = "a"];
	q3 -> q8 [label = "a, b"];
	q3 -> q2 [label = "b, c"];
	q3 -> q11 [label = "b, c"];
	q18 -> q21 [label = "a"];
	q33 -> q28 [label = "b"];
	q3 -> q13 [label = "a, b, c"];
	q3 -> q14 [label = "a, b"];
	q3 -> q16 [label = "b"];
	q3 -> q21 [label = "b, c"];
	q9 -> q18 [label = "b"];
	q3 -> q22 [label = "b, c"];
	q3 -> q29 [label = "b, c"];
	q16 -> q9 [label = "c"];
	q3 -> q26 [label = "c"];
	q19 -> q33 [label = "a, b"];
	q3 -> q34 [label = "b, c"];
	q3 -> q36 [label = "a, b, c"];
	q3 -> q39 [label = "a, b"];
	q7 -> q1 [label = "c"];
	q7 -> q23 [label = "c"];
	q17 -> q21 [label = "a"];
	q39 -> q27 [label = "b"];
	q1 -> q34 [label = "b"];
	q3 -> q6 [label = "a"];
	q38 -> q4 [label = "b"];
	q3 -> q31 [label = "a"];
	q6 -> q29 [label = "b, c"];
	q7 -> q5 [label = "b"];
	q7 -> q32 [label = "b"];
	q1 -> q13 [label = "c"];
	q1 -> q28 [label = "c"];
	q1 -> q40 [label = "c"];
	q6 -> q17 [label = "a"];
	q10 -> q39 [label = "a, c"];
	q14 -> q9 [label = "b"];
	q6 -> q30 [label = "a"];
	q15 -> q35 [label = "b"];
	q3 -> q30 [label = "c"];
	q24 -> q5 [label = "b"];
	q9 -> q12 [label = "c"];
}
NFA size: 42 states

AL* output after 23 EQ and 7876 MQ:
digraph finite_state_machine {
	rankdir=LR;
	node [shape = circle];
	s0 [shape = point, style = invis, start="true" ];
	q0 [label = "q0"];
	q1 [label = "q1", shape = doublecircle, final="true" ];
	q2 [label = "q2"];
	q3 [label = "q3"];
	q4 [label = "q4"];
	q5 [label = "q5"];
	q6 [label = "q6"];
	q7 [label = "q7"];
	q8 [label = "q8"];
	q9 [label = "q9", shape = doublecircle, final="true" ];
	q10 [label = "q10"];
	q11 [label = "q11"];
	m0 [label = "", shape = square, style = filled, color=grey, fixedsize=true, width=.2];
	m1 [label = "", shape = square, style = filled, color=grey, fixedsize=true, width=.2];
	m2 [label = "", shape = square, style = filled, color=grey, fixedsize=true, width=.2];
	m3 [label = "", shape = square, style = filled, color=grey, fixedsize=true, width=.2];
	m4 [label = "", shape = square, style = filled, color=grey, fixedsize=true, width=.2];
	m5 [label = "", shape = square, style = filled, color=grey, fixedsize=true, width=.2];
	m6 [label = "", shape = square, style = filled, color=grey, fixedsize=true, width=.2];
	m7 [label = "", shape = square, style = filled, color=grey, fixedsize=true, width=.2];
	m8 [label = "", shape = square, style = filled, color=grey, fixedsize=true, width=.2];
	m9 [label = "", shape = square, style = filled, color=grey, fixedsize=true, width=.2];
	m10 [label = "", shape = square, style = filled, color=grey, fixedsize=true, width=.2];
	m11 [label = "", shape = square, style = filled, color=grey, fixedsize=true, width=.2];
	m12 [label = "", shape = square, style = filled, color=grey, fixedsize=true, width=.2];
	m13 [label = "", shape = square, style = filled, color=grey, fixedsize=true, width=.2];
	m14 [label = "", shape = square, style = filled, color=grey, fixedsize=true, width=.2];
	m15 [label = "", shape = square, style = filled, color=grey, fixedsize=true, width=.2];
	m16 [label = "", shape = square, style = filled, color=grey, fixedsize=true, width=.2];
	m17 [label = "", shape = square, style = filled, color=grey, fixedsize=true, width=.2];
	m18 [label = "", shape = square, style = filled, color=grey, fixedsize=true, width=.2];
	m19 [label = "", shape = square, style = filled, color=grey, fixedsize=true, width=.2];
	m20 [label = "", shape = square, style = filled, color=grey, fixedsize=true, width=.2];
	m21 [label = "", shape = square, style = filled, color=grey, fixedsize=true, width=.2];
	m22 [label = "", shape = square, style = filled, color=grey, fixedsize=true, width=.2];
	s0 -> m0
	q9 -> m1 [label = "a"];
	q11 -> q9 [label = "b"];
	q8 -> m7 [label = "c"];
	q8 -> q1 [label = "b"];
	q10 -> m21 [label = "b"];
	q0 -> m19 [label = "a"];
	q2 -> m8 [label = "b"];
	q6 -> m15 [label = "c"];
	q0 -> m16 [label = "b"];
	q0 -> m8 [label = "b"];
	q0 -> m1 [label = "b"];
	q2 -> m2 [label = "a"];
	q6 -> m1 [label = "b"];
	q0 -> m15 [label = "c"];
	q11 -> m12 [label = "a"];
	q4 -> m8 [label = "b"];
	q2 -> q8 [label = "a"];
	q7 -> m5 [label = "a"];
	q0 -> m9 [label = "a"];
	q0 -> m18 [label = "a"];
	q3 -> m3 [label = "c"];
	q4 -> q9 [label = "b, c"];
	q5 -> m4 [label = "b"];
	q8 -> q9 [label = "a"];
	q3 -> m8 [label = "b"];
	q2 -> q9 [label = "c"];
	q10 -> m6 [label = "a"];
	q2 -> m17 [label = "b"];
	q7 -> m2 [label = "c"];
	q6 -> m9 [label = "a"];
	q2 -> m1 [label = "b"];
	q1 -> q9 [label = "b, c"];
	q3 -> q8 [label = "a, b"];
	q10 -> m2 [label = "c"];
	q10 -> m22 [label = "b"];
	q9 -> q8 [label = "c"];
	q9 -> q3 [label = "b"];
	q2 -> m7 [label = "c"];
	q1 -> m1 [label = "b, c"];
	q1 -> q3 [label = "a, c"];
	q11 -> m1 [label = "c"];
	q5 -> m10 [label = "a"];
	q1 -> m8 [label = "b"];
	q4 -> q8 [label = "a"];
	q7 -> m11 [label = "b"];
	q7 -> m10 [label = "c"];
	q1 -> m12 [label = "a"];
	q1 -> q8 [label = "a"];
	q6 -> m8 [label = "b"];
	q4 -> m1 [label = "b, c"];
	q5 -> m13 [label = "c"];
	q0 -> m20 [label = "a"];
	q7 -> m6 [label = "a"];
	q4 -> m12 [label = "a"];
	q0 -> m14 [label = "c"];
	m0 -> q0;
	m0 -> q1;
	m0 -> q2;
	m0 -> q4;
	m0 -> q6;
	m0 -> q8;
	m1 -> q1;
	m1 -> q4;
	m1 -> q11;
	m2 -> q1;
	m2 -> q4;
	m2 -> q9;
	m2 -> q11;
	m3 -> q1;
	m3 -> q2;
	m3 -> q4;
	m3 -> q8;
	m3 -> q11;
	m4 -> q3;
	m4 -> q8;
	m5 -> q1;
	m5 -> q2;
	m5 -> q3;
	m5 -> q4;
	m5 -> q7;
	m5 -> q9;
	m5 -> q10;
	m5 -> q11;
	m6 -> q0;
	m6 -> q1;
	m6 -> q2;
	m6 -> q4;
	m6 -> q6;
	m6 -> q7;
	m6 -> q8;
	m6 -> q10;
	m6 -> q11;
	m7 -> q1;
	m7 -> q4;
	m7 -> q7;
	m7 -> q11;
	m8 -> q1;
	m8 -> q2;
	m8 -> q4;
	m9 -> q2;
	m9 -> q8;
	m9 -> q9;
	m10 -> q1;
	m10 -> q3;
	m10 -> q4;
	m10 -> q11;
	m11 -> q5;
	m11 -> q9;
	m12 -> q1;
	m12 -> q2;
	m12 -> q4;
	m12 -> q7;
	m12 -> q10;
	m12 -> q11;
	m13 -> q0;
	m13 -> q1;
	m13 -> q8;
	m14 -> q0;
	m14 -> q1;
	m14 -> q2;
	m14 -> q3;
	m14 -> q4;
	m14 -> q7;
	m14 -> q8;
	m14 -> q11;
	m15 -> q1;
	m15 -> q4;
	m15 -> q7;
	m15 -> q9;
	m15 -> q11;
	m16 -> q1;
	m16 -> q5;
	m16 -> q9;
	m17 -> q1;
	m17 -> q9;
	m18 -> q1;
	m18 -> q3;
	m18 -> q4;
	m18 -> q9;
	m18 -> q11;
	m19 -> q3;
	m19 -> q5;
	m19 -> q9;
	m20 -> q1;
	m20 -> q2;
	m20 -> q3;
	m20 -> q4;
	m20 -> q9;
	m21 -> q1;
	m21 -> q2;
	m21 -> q4;
	m21 -> q5;
	m21 -> q9;
	m22 -> q1;
	m22 -> q3;
	m22 -> q4;
	m22 -> q5;
	m22 -> q9;
	m22 -> q11;
}
AFA size: 12 states

