Random target AFA:
digraph finite_state_machine {
	rankdir=LR;
	node [shape = circle];
	s0 [shape = point, style = invis, start="true" ];
	q0 [label = "q0"];
	q1 [label = "q1"];
	q2 [label = "q2", shape = doublecircle, final="true" ];
	q3 [label = "q3"];
	q4 [label = "q4"];
	q5 [label = "q5", shape = doublecircle, final="true" ];
	q6 [label = "q6"];
	m0 [label = "", shape = square, style = filled, color=grey, fixedsize=true, width=.2];
	m1 [label = "", shape = square, style = filled, color=grey, fixedsize=true, width=.2];
	m2 [label = "", shape = square, style = filled, color=grey, fixedsize=true, width=.2];
	m3 [label = "", shape = square, style = filled, color=grey, fixedsize=true, width=.2];
	m4 [label = "", shape = square, style = filled, color=grey, fixedsize=true, width=.2];
	m5 [label = "", shape = square, style = filled, color=grey, fixedsize=true, width=.2];
	m6 [label = "", shape = square, style = filled, color=grey, fixedsize=true, width=.2];
	m7 [label = "", shape = square, style = filled, color=grey, fixedsize=true, width=.2];
	m8 [label = "", shape = square, style = filled, color=grey, fixedsize=true, width=.2];
	m9 [label = "", shape = square, style = filled, color=grey, fixedsize=true, width=.2];
	m10 [label = "", shape = square, style = filled, color=grey, fixedsize=true, width=.2];
	s0 -> m0
	q2 -> m10 [label = "c"];
	q4 -> m9 [label = "b"];
	q6 -> m8 [label = "a"];
	q5 -> m7 [label = "a"];
	q3 -> q0 [label = "a, c"];
	q1 -> m6 [label = "b"];
	q3 -> q3 [label = "a, b"];
	q3 -> q5 [label = "b"];
	q3 -> q6 [label = "b, c"];
	q1 -> q5 [label = "a, c"];
	q5 -> q4 [label = "c"];
	q5 -> q3 [label = "b, c"];
	q4 -> m1 [label = "c"];
	q0 -> m5 [label = "c"];
	q0 -> m2 [label = "a"];
	q2 -> q3 [label = "a, b"];
	q3 -> q1 [label = "c"];
	q6 -> m4 [label = "b"];
	q5 -> q6 [label = "c"];
	q2 -> q0 [label = "a"];
	q2 -> q1 [label = "b"];
	q6 -> q3 [label = "c"];
	q6 -> q6 [label = "c"];
	q4 -> q2 [label = "a"];
	q0 -> m3 [label = "b"];
	q4 -> q5 [label = "a"];
	q4 -> q3 [label = "a"];
	m0 -> q0;
	m0 -> q5;
	m1 -> q2;
	m1 -> q3;
	m1 -> q4;
	m2 -> q1;
	m2 -> q2;
	m3 -> q4;
	m3 -> q6;
	m4 -> q3;
	m4 -> q4;
	m5 -> q0;
	m5 -> q6;
	m6 -> q0;
	m6 -> q1;
	m6 -> q4;
	m7 -> q0;
	m7 -> q2;
	m7 -> q6;
	m8 -> q0;
	m8 -> q1;
	m9 -> q1;
	m9 -> q5;
	m10 -> q1;
	m10 -> q3;
	m10 -> q5;
}

L* output after 12 EQ and 20800 MQ:
digraph finite_state_machine {
	rankdir=LR;
	node [shape = circle];
	s0 [shape = point, style = invis, start="true" ];
	q0 [label = "q0"];
	q1 [label = "q1"];
	q2 [label = "q2", shape = doublecircle, final="true" ];
	q3 [label = "q3", shape = doublecircle, final="true" ];
	q4 [label = "q4"];
	q5 [label = "q5"];
	q6 [label = "q6"];
	q7 [label = "q7"];
	q8 [label = "q8"];
	q9 [label = "q9"];
	q10 [label = "q10"];
	q11 [label = "q11"];
	q12 [label = "q12"];
	q13 [label = "q13"];
	q14 [label = "q14"];
	q15 [label = "q15"];
	q16 [label = "q16"];
	q17 [label = "q17"];
	q18 [label = "q18"];
	q19 [label = "q19"];
	q20 [label = "q20"];
	q21 [label = "q21"];
	q22 [label = "q22", shape = doublecircle, final="true" ];
	q23 [label = "q23"];
	q24 [label = "q24"];
	q25 [label = "q25", shape = doublecircle, final="true" ];
	q26 [label = "q26", shape = doublecircle, final="true" ];
	q27 [label = "q27"];
	q28 [label = "q28"];
	q29 [label = "q29"];
	q30 [label = "q30"];
	q31 [label = "q31"];
	q32 [label = "q32"];
	q33 [label = "q33"];
	q34 [label = "q34"];
	q35 [label = "q35"];
	q36 [label = "q36"];
	q37 [label = "q37"];
	q38 [label = "q38"];
	q39 [label = "q39"];
	q40 [label = "q40"];
	q41 [label = "q41"];
	q42 [label = "q42"];
	q43 [label = "q43"];
	q44 [label = "q44"];
	q45 [label = "q45"];
	q46 [label = "q46"];
	q47 [label = "q47"];
	q48 [label = "q48"];
	q49 [label = "q49"];
	q50 [label = "q50"];
	s0 -> q34
	q47 -> q12 [label = "b"];
	q43 -> q21 [label = "a"];
	q43 -> q10 [label = "b"];
	q46 -> q47 [label = "b"];
	q42 -> q21 [label = "a"];
	q44 -> q46 [label = "a"];
	q40 -> q13 [label = "b"];
	q46 -> q48 [label = "c"];
	q42 -> q10 [label = "b"];
	q39 -> q18 [label = "a"];
	q37 -> q26 [label = "b"];
	q36 -> q26 [label = "b"];
	q4 -> q20 [label = "a"];
	q5 -> q21 [label = "a"];
	q28 -> q26 [label = "b"];
	q1 -> q22 [label = "c"];
	q6 -> q33 [label = "a"];
	q4 -> q48 [label = "b"];
	q40 -> q34 [label = "c"];
	q5 -> q13 [label = "b"];
	q0 -> q1 [label = "c"];
	q41 -> q19 [label = "c"];
	q9 -> q6 [label = "c"];
	q30 -> q28 [label = "b"];
	q12 -> q13 [label = "b"];
	q14 -> q43 [label = "a"];
	q7 -> q33 [label = "a"];
	q28 -> q35 [label = "c"];
	q8 -> q11 [label = "c"];
	q15 -> q14 [label = "a"];
	q44 -> q48 [label = "c"];
	q3 -> q23 [label = "c"];
	q20 -> q19 [label = "c"];
	q29 -> q28 [label = "b"];
	q17 -> q10 [label = "b"];
	q7 -> q13 [label = "b"];
	q26 -> q28 [label = "a"];
	q35 -> q24 [label = "b"];
	q50 -> q42 [label = "b"];
	q17 -> q46 [label = "a"];
	q49 -> q36 [label = "c"];
	q15 -> q50 [label = "b"];
	q14 -> q32 [label = "b"];
	q45 -> q28 [label = "b"];
	q33 -> q19 [label = "c"];
	q47 -> q17 [label = "a"];
	q42 -> q45 [label = "c"];
	q16 -> q21 [label = "a"];
	q13 -> q33 [label = "a"];
	q49 -> q21 [label = "a"];
	q20 -> q32 [label = "b"];
	q31 -> q11 [label = "c"];
	q48 -> q21 [label = "a"];
	q7 -> q8 [label = "c"];
	q34 -> q39 [label = "c"];
	q10 -> q9 [label = "c"];
	q46 -> q21 [label = "a"];
	q22 -> q2 [label = "c"];
	q18 -> q19 [label = "c"];
	q38 -> q28 [label = "a"];
	q43 -> q48 [label = "c"];
	q50 -> q31 [label = "c"];
	q5 -> q4 [label = "c"];
	q24 -> q38 [label = "c"];
	q44 -> q10 [label = "b"];
	q25 -> q28 [label = "b"];
	q41 -> q44 [label = "a"];
	q40 -> q43 [label = "a"];
	q16 -> q47 [label = "b"];
	q27 -> q36 [label = "c"];
	q50 -> q28 [label = "a"];
	q21 -> q19 [label = "c"];
	q27 -> q24 [label = "b"];
	q45 -> q0 [label = "c"];
	q12 -> q8 [label = "c"];
	q26 -> q26 [label = "b"];
	q21 -> q33 [label = "a"];
	q3 -> q28 [label = "a"];
	q15 -> q36 [label = "c"];
	q23 -> q26 [label = "b"];
	q1 -> q26 [label = "a, b"];
	q16 -> q15 [label = "c"];
	q25 -> q37 [label = "c"];
	q19 -> q33 [label = "a"];
	q45 -> q20 [label = "a"];
	q20 -> q18 [label = "a"];
	q0 -> q26 [label = "a, b"];
	q34 -> q32 [label = "b"];
	q13 -> q13 [label = "b"];
	q34 -> q33 [label = "a"];
	q25 -> q29 [label = "a"];
	q19 -> q13 [label = "b"];
	q28 -> q28 [label = "a"];
	q6 -> q13 [label = "b"];
	q22 -> q26 [label = "a, b"];
	q2 -> q3 [label = "a"];
	q37 -> q1 [label = "c"];
	q8 -> q21 [label = "a"];
	q6 -> q6 [label = "c"];
	q17 -> q16 [label = "c"];
	q27 -> q25 [label = "a"];
	q2 -> q2 [label = "c"];
	q4 -> q11 [label = "c"];
	q47 -> q31 [label = "c"];
	q14 -> q19 [label = "c"];
	q18 -> q43 [label = "a"];
	q10 -> q43 [label = "a"];
	q23 -> q22 [label = "c"];
	q8 -> q12 [label = "b"];
	q12 -> q21 [label = "a"];
	q38 -> q11 [label = "c"];
	q13 -> q9 [label = "c"];
	q31 -> q30 [label = "a"];
	q48 -> q49 [label = "c"];
	q11 -> q13 [label = "b"];
	q41 -> q32 [label = "b"];
	q32 -> q40 [label = "a"];
	q18 -> q13 [label = "b"];
	q9 -> q33 [label = "a"];
	q31 -> q5 [label = "b"];
	q11 -> q11 [label = "c"];
	q11 -> q21 [label = "a"];
	q10 -> q13 [label = "b"];
	q3 -> q22 [label = "b"];
	q9 -> q7 [label = "b"];
	q19 -> q34 [label = "c"];
	q21 -> q32 [label = "b"];
	q23 -> q3 [label = "a"];
	q48 -> q10 [label = "b"];
	q24 -> q42 [label = "b"];
	q30 -> q27 [label = "c"];
	q29 -> q27 [label = "c"];
	q36 -> q1 [label = "c"];
	q29 -> q41 [label = "a"];
	q26 -> q23 [label = "c"];
	q2 -> q26 [label = "b"];
	q30 -> q29 [label = "a"];
	q32 -> q12 [label = "b"];
	q32 -> q31 [label = "c"];
	q36 -> q28 [label = "a"];
	q24 -> q28 [label = "a"];
	q49 -> q50 [label = "b"];
	q33 -> q13 [label = "b"];
	q38 -> q42 [label = "b"];
	q33 -> q33 [label = "a"];
	q35 -> q25 [label = "a"];
	q39 -> q39 [label = "c"];
	q37 -> q3 [label = "a"];
	q35 -> q26 [label = "c"];
	q39 -> q32 [label = "b"];
}
DFA size: 51 states

NL* output after 15 EQ and 20307 MQ:
digraph finite_state_machine {
	rankdir=LR;
	node [shape = circle];
	s0 [shape = point, style = invis, start="true" ];
	s1 [shape = point, style = invis, start="true" ];
	s2 [shape = point, style = invis, start="true" ];
	s3 [shape = point, style = invis, start="true" ];
	s4 [shape = point, style = invis, start="true" ];
	s5 [shape = point, style = invis, start="true" ];
	s6 [shape = point, style = invis, start="true" ];
	q0 [label = "q0", shape = doublecircle, final="true" ];
	q1 [label = "q1"];
	q2 [label = "q2"];
	q3 [label = "q3"];
	q4 [label = "q4"];
	q5 [label = "q5"];
	q6 [label = "q6"];
	q7 [label = "q7"];
	q8 [label = "q8"];
	q9 [label = "q9"];
	q10 [label = "q10"];
	q11 [label = "q11"];
	q12 [label = "q12", shape = doublecircle, final="true" ];
	q13 [label = "q13"];
	q14 [label = "q14"];
	q15 [label = "q15"];
	q16 [label = "q16"];
	q17 [label = "q17"];
	q18 [label = "q18"];
	q19 [label = "q19"];
	q20 [label = "q20"];
	q21 [label = "q21"];
	q22 [label = "q22"];
	q23 [label = "q23"];
	q24 [label = "q24"];
	q25 [label = "q25"];
	q26 [label = "q26"];
	q27 [label = "q27"];
	q28 [label = "q28"];
	q29 [label = "q29"];
	q30 [label = "q30"];
	q31 [label = "q31"];
	s0 -> q3
	s1 -> q5
	s2 -> q8
	s3 -> q19
	s4 -> q20
	s5 -> q28
	s6 -> q29
	q18 -> q17 [label = "c"];
	q18 -> q2 [label = "c"];
	q23 -> q4 [label = "b"];
	q23 -> q8 [label = "b, c"];
	q19 -> q18 [label = "b"];
	q17 -> q31 [label = "a"];
	q17 -> q29 [label = "a"];
	q17 -> q28 [label = "a"];
	q17 -> q27 [label = "a"];
	q17 -> q7 [label = "a, b, c"];
	q17 -> q6 [label = "a"];
	q17 -> q2 [label = "a"];
	q16 -> q13 [label = "c"];
	q22 -> q27 [label = "b"];
	q18 -> q28 [label = "a"];
	q18 -> q27 [label = "a"];
	q16 -> q17 [label = "b, c"];
	q16 -> q16 [label = "b"];
	q20 -> q4 [label = "b"];
	q16 -> q14 [label = "b"];
	q22 -> q29 [label = "a, c"];
	q22 -> q22 [label = "c"];
	q21 -> q13 [label = "c"];
	q22 -> q8 [label = "b, c"];
	q22 -> q7 [label = "c"];
	q22 -> q3 [label = "a, b, c"];
	q18 -> q8 [label = "a, b"];
	q18 -> q7 [label = "b, c"];
	q18 -> q3 [label = "a, b, c"];
	q16 -> q28 [label = "a, b, c"];
	q16 -> q23 [label = "a, b, c"];
	q16 -> q20 [label = "a, b, c"];
	q16 -> q15 [label = "a, b"];
	q16 -> q7 [label = "a, b, c"];
	q16 -> q5 [label = "a, b, c"];
	q16 -> q3 [label = "a, b, c"];
	q20 -> q3 [label = "a, b, c"];
	q10 -> q30 [label = "c"];
	q10 -> q25 [label = "c"];
	q10 -> q24 [label = "c"];
	q10 -> q19 [label = "c"];
	q15 -> q14 [label = "b"];
	q15 -> q9 [label = "b"];
	q5 -> q8 [label = "b"];
	q21 -> q11 [label = "c"];
	q6 -> q7 [label = "a"];
	q1 -> q26 [label = "c"];
	q5 -> q29 [label = "a"];
	q7 -> q8 [label = "b"];
	q3 -> q8 [label = "b"];
	q3 -> q3 [label = "a, b, c"];
	q16 -> q4 [label = "a, b, c"];
	q1 -> q30 [label = "a, b, c"];
	q1 -> q29 [label = "a, b, c"];
	q16 -> q25 [label = "c"];
	q1 -> q28 [label = "a, b, c"];
	q1 -> q27 [label = "a, b, c"];
	q1 -> q23 [label = "a, b, c"];
	q16 -> q29 [label = "a, b, c"];
	q1 -> q22 [label = "a, b, c"];
	q1 -> q18 [label = "a, b, c"];
	q1 -> q15 [label = "a, b, c"];
	q17 -> q20 [label = "a"];
	q1 -> q12 [label = "a, b"];
	q1 -> q9 [label = "a, b, c"];
	q1 -> q8 [label = "a, b, c"];
	q1 -> q4 [label = "a, b, c"];
	q5 -> q3 [label = "a, b, c"];
	q4 -> q29 [label = "a"];
	q2 -> q29 [label = "a"];
	q2 -> q20 [label = "a"];
	q20 -> q18 [label = "b"];
	q2 -> q5 [label = "a"];
	q10 -> q2 [label = "c"];
	q0 -> q30 [label = "b, c"];
	q0 -> q21 [label = "b, c"];
	q16 -> q10 [label = "c"];
	q0 -> q13 [label = "b, c"];
	q0 -> q12 [label = "b"];
	q6 -> q29 [label = "a, c"];
	q20 -> q8 [label = "b, c"];
	q6 -> q28 [label = "c"];
	q17 -> q30 [label = "b"];
	q6 -> q8 [label = "b, c"];
	q2 -> q7 [label = "b, c"];
	q16 -> q27 [label = "b, c"];
	q0 -> q31 [label = "a, b, c"];
	q22 -> q4 [label = "c"];
	q0 -> q29 [label = "a, b, c"];
	q1 -> q3 [label = "a, b, c"];
	q0 -> q20 [label = "a, b, c"];
	q0 -> q19 [label = "a, b, c"];
	q0 -> q16 [label = "a, b, c"];
	q0 -> q15 [label = "a, b, c"];
	q0 -> q14 [label = "a, b, c"];
	q0 -> q8 [label = "a, b, c"];
	q6 -> q3 [label = "a, b, c"];
	q0 -> q7 [label = "a, b, c"];
	q0 -> q6 [label = "a, b, c"];
	q0 -> q4 [label = "a, b, c"];
	q0 -> q2 [label = "a, b, c"];
	q4 -> q5 [label = "c"];
	q4 -> q3 [label = "a, b, c"];
	q4 -> q8 [label = "b"];
	q12 -> q25 [label = "c"];
	q12 -> q21 [label = "c"];
	q0 -> q1 [label = "c"];
	q0 -> q9 [label = "a, b, c"];
	q12 -> q16 [label = "b, c"];
	q23 -> q28 [label = "c"];
	q21 -> q30 [label = "c"];
	q12 -> q14 [label = "b, c"];
	q12 -> q13 [label = "c"];
	q12 -> q11 [label = "c"];
	q20 -> q5 [label = "b"];
	q12 -> q9 [label = "b, c"];
	q12 -> q6 [label = "b, c"];
	q8 -> q29 [label = "a"];
	q1 -> q17 [label = "a, b, c"];
	q1 -> q7 [label = "a, b, c"];
	q14 -> q26 [label = "c"];
	q1 -> q24 [label = "a, b, c"];
	q10 -> q5 [label = "a, c"];
	q10 -> q3 [label = "a, b, c"];
	q1 -> q14 [label = "a, b, c"];
	q12 -> q17 [label = "b, c"];
	q8 -> q8 [label = "b"];
	q14 -> q31 [label = "a, b"];
	q14 -> q30 [label = "b, c"];
	q14 -> q27 [label = "a, b, c"];
	q14 -> q25 [label = "b, c"];
	q10 -> q27 [label = "b"];
	q14 -> q22 [label = "a, b, c"];
	q15 -> q15 [label = "b"];
	q14 -> q21 [label = "b"];
	q14 -> q19 [label = "a, b, c"];
	q14 -> q17 [label = "a, b, c"];
	q2 -> q4 [label = "b"];
	q14 -> q15 [label = "a, b"];
	q12 -> q18 [label = "b, c"];
	q14 -> q14 [label = "a, b"];
	q10 -> q7 [label = "c"];
	q14 -> q12 [label = "b"];
	q14 -> q10 [label = "b, c"];
	q14 -> q9 [label = "a, b"];
	q14 -> q24 [label = "a, b, c"];
	q14 -> q7 [label = "a, b, c"];
	q14 -> q6 [label = "a, b, c"];
	q14 -> q20 [label = "a, b, c"];
	q21 -> q15 [label = "b, c"];
	q9 -> q4 [label = "a, b"];
	q21 -> q20 [label = "a, b, c"];
	q0 -> q25 [label = "b, c"];
	q0 -> q10 [label = "b, c"];
	q28 -> q28 [label = "c"];
	q26 -> q14 [label = "c"];
	q9 -> q17 [label = "a"];
	q21 -> q23 [label = "a, b, c"];
	q21 -> q6 [label = "b, c"];
	q7 -> q7 [label = "c"];
	q21 -> q5 [label = "a, b, c"];
	q10 -> q22 [label = "c"];
	q14 -> q4 [label = "a, b, c"];
	q21 -> q10 [label = "c"];
	q23 -> q6 [label = "a"];
	q9 -> q30 [label = "b"];
	q28 -> q8 [label = "b, c"];
	q21 -> q8 [label = "b, c"];
	q25 -> q11 [label = "c"];
	q16 -> q19 [label = "a, b, c"];
	q2 -> q8 [label = "b"];
	q14 -> q8 [label = "a, b, c"];
	q21 -> q17 [label = "b, c"];
	q30 -> q5 [label = "a, c"];
	q20 -> q29 [label = "a, c"];
	q28 -> q5 [label = "c"];
	q10 -> q28 [label = "c"];
	q24 -> q28 [label = "c"];
	q24 -> q24 [label = "c"];
	q7 -> q29 [label = "a"];
	q9 -> q24 [label = "a, b"];
	q11 -> q27 [label = "a"];
	q24 -> q10 [label = "c"];
	q1 -> q0 [label = "a"];
	q25 -> q28 [label = "c"];
	q24 -> q8 [label = "b, c"];
	q14 -> q28 [label = "a, b, c"];
	q27 -> q8 [label = "b"];
	q17 -> q24 [label = "a"];
	q13 -> q8 [label = "a, b, c"];
	q22 -> q5 [label = "a"];
	q24 -> q7 [label = "c"];
	q24 -> q30 [label = "c"];
	q16 -> q2 [label = "a, b, c"];
	q12 -> q27 [label = "b, c"];
	q26 -> q18 [label = "b, c"];
	q26 -> q31 [label = "a, b, c"];
	q17 -> q16 [label = "a"];
	q24 -> q3 [label = "a, b, c"];
	q17 -> q19 [label = "a"];
	q16 -> q6 [label = "b, c"];
	q10 -> q4 [label = "c"];
	q2 -> q3 [label = "a, b, c"];
	q21 -> q16 [label = "b, c"];
	q5 -> q4 [label = "b"];
	q28 -> q29 [label = "a, c"];
	q16 -> q30 [label = "c"];
	q0 -> q17 [label = "a, b, c"];
	q30 -> q8 [label = "b"];
	q13 -> q12 [label = "a"];
	q30 -> q7 [label = "c"];
	q24 -> q2 [label = "c"];
	q18 -> q29 [label = "a"];
	q7 -> q20 [label = "a"];
	q27 -> q29 [label = "a"];
	q28 -> q3 [label = "a, b, c"];
	q21 -> q22 [label = "b, c"];
	q11 -> q10 [label = "b"];
	q13 -> q17 [label = "b, c"];
	q27 -> q22 [label = "a"];
	q15 -> q13 [label = "c"];
	q25 -> q31 [label = "b, c"];
	q25 -> q30 [label = "c"];
	q26 -> q12 [label = "a, c"];
	q13 -> q7 [label = "a, b, c"];
	q0 -> q24 [label = "a, b, c"];
	q13 -> q16 [label = "a, c"];
	q25 -> q29 [label = "a, c"];
	q26 -> q30 [label = "a, b, c"];
	q30 -> q3 [label = "a, b, c"];
	q12 -> q19 [label = "a, b, c"];
	q28 -> q19 [label = "c"];
	q25 -> q23 [label = "c"];
	q30 -> q20 [label = "a"];
	q25 -> q22 [label = "c"];
	q25 -> q19 [label = "c"];
	q11 -> q2 [label = "a, c"];
	q9 -> q20 [label = "a"];
	q21 -> q21 [label = "c"];
	q25 -> q17 [label = "b, c"];
	q9 -> q9 [label = "a"];
	q25 -> q14 [label = "c"];
	q17 -> q22 [label = "a"];
	q25 -> q21 [label = "c"];
	q25 -> q6 [label = "c"];
	q11 -> q17 [label = "a, c"];
	q26 -> q20 [label = "a, c"];
	q13 -> q25 [label = "a, c"];
	q26 -> q2 [label = "a, b, c"];
	q26 -> q10 [label = "a, c"];
	q31 -> q3 [label = "a, b, c"];
	q16 -> q9 [label = "b"];
	q12 -> q4 [label = "a, b, c"];
	q31 -> q29 [label = "a, b"];
	q21 -> q2 [label = "b, c"];
	q0 -> q5 [label = "a, b, c"];
	q25 -> q10 [label = "c"];
	q15 -> q19 [label = "b, c"];
	q24 -> q22 [label = "c"];
	q1 -> q19 [label = "a, b, c"];
	q1 -> q2 [label = "a, b, c"];
	q26 -> q22 [label = "a, c"];
	q1 -> q13 [label = "c"];
	q26 -> q5 [label = "a, b, c"];
	q0 -> q22 [label = "a, b, c"];
	q30 -> q31 [label = "c"];
	q26 -> q8 [label = "a, b, c"];
	q25 -> q15 [label = "c"];
	q10 -> q20 [label = "a, c"];
	q21 -> q4 [label = "b, c"];
	q0 -> q27 [label = "a, b, c"];
	q4 -> q7 [label = "c"];
	q11 -> q28 [label = "a, b"];
	q14 -> q11 [label = "b"];
	q26 -> q3 [label = "a, b, c"];
	q16 -> q31 [label = "a, b"];
	q29 -> q28 [label = "c"];
	q10 -> q31 [label = "c"];
	q29 -> q8 [label = "b, c"];
	q15 -> q31 [label = "b"];
	q26 -> q16 [label = "a, c"];
	q26 -> q15 [label = "c"];
	q11 -> q31 [label = "a, c"];
	q26 -> q24 [label = "a, c"];
	q25 -> q20 [label = "a, c"];
	q13 -> q31 [label = "a, b, c"];
	q25 -> q8 [label = "b, c"];
	q31 -> q20 [label = "a"];
	q16 -> q8 [label = "a, b, c"];
	q13 -> q11 [label = "b, c"];
	q0 -> q26 [label = "b, c"];
	q26 -> q7 [label = "a, b, c"];
	q27 -> q5 [label = "c"];
	q31 -> q7 [label = "b, c"];
	q13 -> q3 [label = "a, b, c"];
	q10 -> q21 [label = "c"];
	q12 -> q23 [label = "a, b, c"];
	q0 -> q23 [label = "a, b, c"];
	q29 -> q29 [label = "a, c"];
	q11 -> q16 [label = "a"];
	q21 -> q19 [label = "b, c"];
	q13 -> q29 [label = "a, c"];
	q21 -> q9 [label = "b, c"];
	q26 -> q11 [label = "b, c"];
	q26 -> q9 [label = "b, c"];
	q15 -> q20 [label = "a, b, c"];
	q24 -> q20 [label = "a, c"];
	q13 -> q6 [label = "a, c"];
	q23 -> q5 [label = "b"];
	q24 -> q5 [label = "a, c"];
	q24 -> q4 [label = "c"];
	q30 -> q29 [label = "a"];
	q26 -> q19 [label = "a, c"];
	q1 -> q5 [label = "a, b, c"];
	q31 -> q8 [label = "b"];
	q7 -> q3 [label = "a, b, c"];
	q25 -> q27 [label = "b, c"];
	q31 -> q24 [label = "b"];
	q26 -> q17 [label = "b, c"];
	q1 -> q25 [label = "a, b, c"];
	q25 -> q25 [label = "c"];
	q12 -> q7 [label = "a, b, c"];
	q26 -> q29 [label = "a, c"];
	q26 -> q25 [label = "a, c"];
	q23 -> q3 [label = "a, b, c"];
	q24 -> q29 [label = "a, c"];
	q27 -> q7 [label = "a"];
	q15 -> q2 [label = "b, c"];
	q26 -> q27 [label = "a, b, c"];
	q16 -> q18 [label = "b, c"];
	q3 -> q29 [label = "a"];
	q23 -> q29 [label = "a, c"];
	q9 -> q16 [label = "a"];
	q25 -> q4 [label = "b, c"];
	q11 -> q8 [label = "a, b"];
	q26 -> q28 [label = "a, c"];
	q23 -> q18 [label = "b"];
	q31 -> q28 [label = "b"];
	q16 -> q24 [label = "a, b, c"];
	q15 -> q16 [label = "b"];
	q13 -> q5 [label = "a, b, c"];
	q31 -> q5 [label = "a"];
	q21 -> q18 [label = "b, c"];
	q19 -> q4 [label = "b"];
	q21 -> q7 [label = "b, c"];
	q31 -> q4 [label = "b"];
	q19 -> q19 [label = "c"];
	q1 -> q31 [label = "a, b, c"];
	q9 -> q27 [label = "a"];
	q1 -> q6 [label = "a, b, c"];
	q26 -> q6 [label = "a, c"];
	q25 -> q7 [label = "b, c"];
	q12 -> q15 [label = "a, b, c"];
	q25 -> q18 [label = "b, c"];
	q11 -> q9 [label = "a, c"];
	q12 -> q31 [label = "a, b, c"];
	q8 -> q3 [label = "a, b, c"];
	q25 -> q9 [label = "b, c"];
	q21 -> q24 [label = "b, c"];
	q25 -> q16 [label = "c"];
	q21 -> q27 [label = "b, c"];
	q25 -> q2 [label = "b, c"];
	q19 -> q29 [label = "a, c"];
	q9 -> q15 [label = "a"];
	q26 -> q21 [label = "a, c"];
	q21 -> q31 [label = "b, c"];
	q12 -> q20 [label = "a, b, c"];
	q19 -> q3 [label = "a, b, c"];
	q24 -> q25 [label = "c"];
	q13 -> q28 [label = "a, c"];
	q19 -> q5 [label = "b, c"];
	q11 -> q6 [label = "a"];
	q30 -> q2 [label = "c"];
	q19 -> q8 [label = "b, c"];
	q15 -> q4 [label = "b, c"];
	q19 -> q20 [label = "c"];
	q19 -> q23 [label = "c"];
	q19 -> q28 [label = "c"];
	q28 -> q20 [label = "c"];
	q21 -> q29 [label = "a, b, c"];
	q9 -> q3 [label = "a, b, c"];
	q9 -> q7 [label = "a, b, c"];
	q26 -> q4 [label = "a, b, c"];
	q15 -> q5 [label = "a, b, c"];
	q12 -> q1 [label = "c"];
	q9 -> q8 [label = "a, b"];
	q13 -> q2 [label = "a, b, c"];
	q17 -> q5 [label = "a"];
	q9 -> q10 [label = "b"];
	q24 -> q27 [label = "b"];
	q12 -> q29 [label = "a, b, c"];
	q9 -> q19 [label = "a"];
	q10 -> q8 [label = "b, c"];
	q9 -> q22 [label = "a, b"];
	q0 -> q3 [label = "a, b, c"];
	q21 -> q28 [label = "b, c"];
	q11 -> q24 [label = "a, b"];
	q9 -> q28 [label = "a, b"];
	q9 -> q29 [label = "a, b"];
	q11 -> q3 [label = "a, b, c"];
	q1 -> q10 [label = "a, b, c"];
	q11 -> q30 [label = "b"];
	q15 -> q28 [label = "b, c"];
	q11 -> q4 [label = "a, b"];
	q12 -> q10 [label = "c"];
	q11 -> q14 [label = "a"];
	q11 -> q29 [label = "a, b"];
	q25 -> q5 [label = "a, b, c"];
	q15 -> q24 [label = "b, c"];
	q11 -> q15 [label = "a"];
	q27 -> q3 [label = "a, b, c"];
	q12 -> q5 [label = "a, b, c"];
	q20 -> q28 [label = "c"];
	q7 -> q5 [label = "a"];
	q11 -> q18 [label = "a"];
	q11 -> q19 [label = "a"];
	q24 -> q19 [label = "c"];
	q15 -> q23 [label = "a, b, c"];
	q29 -> q3 [label = "a, b, c"];
	q11 -> q20 [label = "a"];
	q11 -> q22 [label = "a, b"];
	q17 -> q4 [label = "a, b"];
	q11 -> q23 [label = "a"];
	q14 -> q23 [label = "a, b, c"];
	q15 -> q3 [label = "a, b, c"];
	q18 -> q4 [label = "b"];
	q15 -> q6 [label = "a, b, c"];
	q14 -> q29 [label = "a, b, c"];
	q15 -> q7 [label = "b, c"];
	q22 -> q24 [label = "c"];
	q4 -> q2 [label = "c"];
	q15 -> q8 [label = "b, c"];
	q1 -> q20 [label = "a, b, c"];
	q15 -> q10 [label = "c"];
	q15 -> q17 [label = "b, c"];
	q12 -> q8 [label = "a, b, c"];
	q15 -> q18 [label = "b, c"];
	q0 -> q11 [label = "b, c"];
	q21 -> q14 [label = "b, c"];
	q26 -> q23 [label = "c"];
	q15 -> q22 [label = "b, c"];
	q9 -> q5 [label = "a"];
	q16 -> q22 [label = "a, b, c"];
	q15 -> q25 [label = "c"];
	q22 -> q28 [label = "c"];
	q1 -> q16 [label = "a, b, c"];
	q31 -> q22 [label = "b"];
	q15 -> q27 [label = "b, c"];
	q15 -> q29 [label = "a, b, c"];
	q1 -> q21 [label = "a, b, c"];
	q9 -> q31 [label = "a"];
	q10 -> q29 [label = "a, c"];
	q13 -> q22 [label = "a, c"];
	q8 -> q5 [label = "c"];
	q12 -> q3 [label = "a, b, c"];
	q15 -> q30 [label = "c"];
	q9 -> q2 [label = "a"];
	q9 -> q6 [label = "a"];
	q9 -> q14 [label = "a"];
	q17 -> q8 [label = "a, b"];
	q9 -> q23 [label = "a"];
	q18 -> q5 [label = "c"];
	q9 -> q18 [label = "a"];
	q13 -> q4 [label = "a, b, c"];
	q10 -> q10 [label = "c"];
	q13 -> q23 [label = "c"];
	q22 -> q20 [label = "a"];
	q1 -> q11 [label = "a, b, c"];
	q21 -> q3 [label = "a, b, c"];
	q13 -> q9 [label = "b, c"];
	q18 -> q6 [label = "a"];
	q6 -> q22 [label = "a"];
	q11 -> q7 [label = "a, b, c"];
	q13 -> q10 [label = "a, c"];
	q21 -> q25 [label = "c"];
	q11 -> q5 [label = "a, c"];
	q13 -> q14 [label = "c"];
	q14 -> q18 [label = "a, b, c"];
	q25 -> q24 [label = "c"];
	q13 -> q15 [label = "c"];
	q25 -> q3 [label = "a, b, c"];
	q13 -> q18 [label = "b, c"];
	q13 -> q19 [label = "a, c"];
	q0 -> q28 [label = "a, b, c"];
	q13 -> q20 [label = "a, c"];
	q31 -> q23 [label = "a"];
	q13 -> q21 [label = "a, c"];
	q13 -> q30 [label = "a, b, c"];
	q14 -> q16 [label = "a, b"];
	q13 -> q24 [label = "a, c"];
	q13 -> q27 [label = "a, b, c"];
	q12 -> q2 [label = "a, b, c"];
	q12 -> q22 [label = "a, b, c"];
	q17 -> q3 [label = "a, b, c"];
	q12 -> q24 [label = "a, b, c"];
	q12 -> q28 [label = "a, b, c"];
	q12 -> q30 [label = "c"];
	q14 -> q2 [label = "a, b, c"];
	q0 -> q18 [label = "a, b, c"];
	q14 -> q13 [label = "c"];
	q14 -> q3 [label = "a, b, c"];
	q14 -> q5 [label = "a, b, c"];
}
NFA size: 32 states

AL* output after 16 EQ and 7234 MQ:
digraph finite_state_machine {
	rankdir=LR;
	node [shape = circle];
	s0 [shape = point, style = invis, start="true" ];
	s1 [shape = point, style = invis, start="true" ];
	s2 [shape = point, style = invis, start="true" ];
	q0 [label = "q0", shape = doublecircle, final="true" ];
	q1 [label = "q1"];
	q2 [label = "q2"];
	q3 [label = "q3"];
	q4 [label = "q4"];
	q5 [label = "q5"];
	q6 [label = "q6"];
	q7 [label = "q7"];
	q8 [label = "q8"];
	q9 [label = "q9"];
	q10 [label = "q10"];
	q11 [label = "q11"];
	q12 [label = "q12", shape = doublecircle, final="true" ];
	q13 [label = "q13"];
	m0 [label = "", shape = square, style = filled, color=grey, fixedsize=true, width=.2];
	m1 [label = "", shape = square, style = filled, color=grey, fixedsize=true, width=.2];
	m2 [label = "", shape = square, style = filled, color=grey, fixedsize=true, width=.2];
	m3 [label = "", shape = square, style = filled, color=grey, fixedsize=true, width=.2];
	m4 [label = "", shape = square, style = filled, color=grey, fixedsize=true, width=.2];
	m5 [label = "", shape = square, style = filled, color=grey, fixedsize=true, width=.2];
	m6 [label = "", shape = square, style = filled, color=grey, fixedsize=true, width=.2];
	m7 [label = "", shape = square, style = filled, color=grey, fixedsize=true, width=.2];
	m8 [label = "", shape = square, style = filled, color=grey, fixedsize=true, width=.2];
	m9 [label = "", shape = square, style = filled, color=grey, fixedsize=true, width=.2];
	m10 [label = "", shape = square, style = filled, color=grey, fixedsize=true, width=.2];
	m11 [label = "", shape = square, style = filled, color=grey, fixedsize=true, width=.2];
	m12 [label = "", shape = square, style = filled, color=grey, fixedsize=true, width=.2];
	m13 [label = "", shape = square, style = filled, color=grey, fixedsize=true, width=.2];
	m14 [label = "", shape = square, style = filled, color=grey, fixedsize=true, width=.2];
	m15 [label = "", shape = square, style = filled, color=grey, fixedsize=true, width=.2];
	m16 [label = "", shape = square, style = filled, color=grey, fixedsize=true, width=.2];
	m17 [label = "", shape = square, style = filled, color=grey, fixedsize=true, width=.2];
	m18 [label = "", shape = square, style = filled, color=grey, fixedsize=true, width=.2];
	m19 [label = "", shape = square, style = filled, color=grey, fixedsize=true, width=.2];
	m20 [label = "", shape = square, style = filled, color=grey, fixedsize=true, width=.2];
	m21 [label = "", shape = square, style = filled, color=grey, fixedsize=true, width=.2];
	s0 -> m0
	s1 -> m1
	s2 -> m2
	q9 -> m21 [label = "b"];
	q9 -> m5 [label = "b"];
	q3 -> m1 [label = "a"];
	q5 -> m10 [label = "a"];
	q2 -> m3 [label = "a"];
	q1 -> m3 [label = "b, c"];
	q9 -> m3 [label = "c"];
	q8 -> m20 [label = "c"];
	q7 -> m2 [label = "a"];
	q5 -> m8 [label = "b"];
	q2 -> m11 [label = "c"];
	q7 -> m10 [label = "a"];
	q13 -> m3 [label = "a, b"];
	q3 -> m9 [label = "a"];
	q6 -> m18 [label = "c"];
	q0 -> q9 [label = "b, c"];
	q7 -> m13 [label = "b"];
	q4 -> m7 [label = "b"];
	q6 -> m10 [label = "b"];
	q3 -> m6 [label = "c"];
	q8 -> m1 [label = "a"];
	q10 -> m5 [label = "c"];
	q13 -> m4 [label = "b"];
	q6 -> m17 [label = "c"];
	q11 -> m2 [label = "c"];
	q12 -> m3 [label = "b"];
	q5 -> m9 [label = "b"];
	q7 -> m11 [label = "b"];
	q12 -> q1 [label = "c"];
	q5 -> m12 [label = "a"];
	q11 -> m1 [label = "c"];
	q4 -> m9 [label = "b, c"];
	q4 -> m8 [label = "b"];
	q11 -> m12 [label = "a"];
	q3 -> m3 [label = "b, c"];
	q0 -> m4 [label = "b"];
	q9 -> m4 [label = "a, c"];
	q5 -> m7 [label = "b"];
	q11 -> m0 [label = "c"];
	q1 -> q9 [label = "c"];
	q1 -> m4 [label = "b"];
	q5 -> m2 [label = "c"];
	q7 -> m14 [label = "c"];
	q0 -> q1 [label = "c"];
	q12 -> m9 [label = "a"];
	q6 -> m1 [label = "a"];
	q13 -> q9 [label = "c"];
	q1 -> q0 [label = "a"];
	q4 -> m15 [label = "a"];
	q6 -> m16 [label = "b"];
	q8 -> m10 [label = "b"];
	q0 -> m3 [label = "a, b"];
	q2 -> m19 [label = "b"];
	q4 -> m0 [label = "c"];
	q4 -> m1 [label = "c"];
	q10 -> m19 [label = "b"];
	q10 -> m3 [label = "a"];
	q8 -> m16 [label = "b"];
	q4 -> m2 [label = "c"];
	q12 -> m17 [label = "a"];
	q11 -> m16 [label = "b"];
	m0 -> q0;
	m0 -> q1;
	m0 -> q3;
	m0 -> q4;
	m0 -> q7;
	m0 -> q9;
	m0 -> q10;
	m0 -> q12;
	m0 -> q13;
	m1 -> q0;
	m1 -> q1;
	m1 -> q3;
	m1 -> q4;
	m1 -> q5;
	m1 -> q9;
	m1 -> q12;
	m1 -> q13;
	m2 -> q0;
	m2 -> q1;
	m2 -> q3;
	m2 -> q4;
	m2 -> q6;
	m2 -> q9;
	m2 -> q11;
	m2 -> q12;
	m2 -> q13;
	m3 -> q0;
	m3 -> q1;
	m3 -> q13;
	m4 -> q0;
	m4 -> q12;
	m5 -> q0;
	m5 -> q1;
	m5 -> q2;
	m5 -> q10;
	m5 -> q13;
	m6 -> q1;
	m6 -> q9;
	m7 -> q0;
	m7 -> q1;
	m7 -> q2;
	m7 -> q7;
	m7 -> q9;
	m7 -> q10;
	m7 -> q12;
	m7 -> q13;
	m8 -> q0;
	m8 -> q1;
	m8 -> q3;
	m8 -> q7;
	m8 -> q9;
	m8 -> q10;
	m8 -> q12;
	m8 -> q13;
	m9 -> q0;
	m9 -> q1;
	m9 -> q2;
	m9 -> q5;
	m9 -> q7;
	m9 -> q9;
	m9 -> q10;
	m9 -> q13;
	m10 -> q0;
	m10 -> q1;
	m10 -> q2;
	m10 -> q5;
	m10 -> q9;
	m10 -> q10;
	m10 -> q11;
	m10 -> q12;
	m10 -> q13;
	m11 -> q0;
	m11 -> q1;
	m11 -> q2;
	m11 -> q3;
	m11 -> q6;
	m11 -> q8;
	m11 -> q9;
	m11 -> q10;
	m11 -> q12;
	m11 -> q13;
	m12 -> q0;
	m12 -> q1;
	m12 -> q3;
	m12 -> q6;
	m12 -> q8;
	m12 -> q9;
	m12 -> q12;
	m12 -> q13;
	m13 -> q0;
	m13 -> q1;
	m13 -> q3;
	m13 -> q6;
	m13 -> q7;
	m13 -> q9;
	m13 -> q10;
	m13 -> q12;
	m13 -> q13;
	m14 -> q0;
	m14 -> q1;
	m14 -> q2;
	m14 -> q9;
	m14 -> q10;
	m14 -> q13;
	m15 -> q0;
	m15 -> q1;
	m15 -> q3;
	m15 -> q4;
	m15 -> q5;
	m15 -> q6;
	m15 -> q8;
	m15 -> q9;
	m15 -> q11;
	m15 -> q12;
	m15 -> q13;
	m16 -> q0;
	m16 -> q1;
	m16 -> q3;
	m16 -> q4;
	m16 -> q6;
	m16 -> q7;
	m16 -> q9;
	m16 -> q10;
	m16 -> q11;
	m16 -> q12;
	m16 -> q13;
	m17 -> q0;
	m17 -> q1;
	m17 -> q3;
	m17 -> q12;
	m17 -> q13;
	m18 -> q0;
	m18 -> q1;
	m18 -> q3;
	m18 -> q9;
	m18 -> q12;
	m19 -> q0;
	m19 -> q1;
	m19 -> q3;
	m19 -> q6;
	m19 -> q9;
	m19 -> q12;
	m20 -> q0;
	m20 -> q1;
	m20 -> q3;
	m20 -> q6;
	m20 -> q9;
	m20 -> q12;
	m20 -> q13;
	m21 -> q0;
	m21 -> q1;
	m21 -> q3;
	m21 -> q9;
	m21 -> q10;
	m21 -> q12;
}
AFA size: 14 states

AL** output after 17 EQ and 7234 MQ:
digraph finite_state_machine {
	rankdir=LR;
	node [shape = circle];
	s0 [shape = point, style = invis, start="true" ];
	s1 [shape = point, style = invis, start="true" ];
	s2 [shape = point, style = invis, start="true" ];
	q0 [label = "q0", shape = doublecircle, final="true" ];
	q1 [label = "q1"];
	q2 [label = "q2"];
	q3 [label = "q3"];
	q4 [label = "q4"];
	q5 [label = "q5"];
	q6 [label = "q6"];
	q7 [label = "q7"];
	q8 [label = "q8"];
	q9 [label = "q9"];
	q10 [label = "q10"];
	q11 [label = "q11"];
	q12 [label = "q12", shape = doublecircle, final="true" ];
	q13 [label = "q13"];
	m0 [label = "", shape = square, style = filled, color=grey, fixedsize=true, width=.2];
	m1 [label = "", shape = square, style = filled, color=grey, fixedsize=true, width=.2];
	m2 [label = "", shape = square, style = filled, color=grey, fixedsize=true, width=.2];
	m3 [label = "", shape = square, style = filled, color=grey, fixedsize=true, width=.2];
	m4 [label = "", shape = square, style = filled, color=grey, fixedsize=true, width=.2];
	m5 [label = "", shape = square, style = filled, color=grey, fixedsize=true, width=.2];
	m6 [label = "", shape = square, style = filled, color=grey, fixedsize=true, width=.2];
	m7 [label = "", shape = square, style = filled, color=grey, fixedsize=true, width=.2];
	m8 [label = "", shape = square, style = filled, color=grey, fixedsize=true, width=.2];
	m9 [label = "", shape = square, style = filled, color=grey, fixedsize=true, width=.2];
	m10 [label = "", shape = square, style = filled, color=grey, fixedsize=true, width=.2];
	m11 [label = "", shape = square, style = filled, color=grey, fixedsize=true, width=.2];
	m12 [label = "", shape = square, style = filled, color=grey, fixedsize=true, width=.2];
	m13 [label = "", shape = square, style = filled, color=grey, fixedsize=true, width=.2];
	m14 [label = "", shape = square, style = filled, color=grey, fixedsize=true, width=.2];
	m15 [label = "", shape = square, style = filled, color=grey, fixedsize=true, width=.2];
	m16 [label = "", shape = square, style = filled, color=grey, fixedsize=true, width=.2];
	m17 [label = "", shape = square, style = filled, color=grey, fixedsize=true, width=.2];
	m18 [label = "", shape = square, style = filled, color=grey, fixedsize=true, width=.2];
	m19 [label = "", shape = square, style = filled, color=grey, fixedsize=true, width=.2];
	m20 [label = "", shape = square, style = filled, color=grey, fixedsize=true, width=.2];
	m21 [label = "", shape = square, style = filled, color=grey, fixedsize=true, width=.2];
	s0 -> m0
	s1 -> m1
	s2 -> m2
	q9 -> m21 [label = "b"];
	q9 -> m5 [label = "b"];
	q3 -> m1 [label = "a"];
	q5 -> m10 [label = "a"];
	q2 -> m3 [label = "a"];
	q1 -> m3 [label = "b, c"];
	q9 -> m3 [label = "c"];
	q8 -> m20 [label = "c"];
	q7 -> m2 [label = "a"];
	q5 -> m8 [label = "b"];
	q2 -> m11 [label = "c"];
	q7 -> m10 [label = "a"];
	q13 -> m3 [label = "a, b"];
	q3 -> m9 [label = "a"];
	q6 -> m18 [label = "c"];
	q0 -> q9 [label = "b, c"];
	q7 -> m13 [label = "b"];
	q4 -> m7 [label = "b"];
	q6 -> m10 [label = "b"];
	q3 -> m6 [label = "c"];
	q8 -> m1 [label = "a"];
	q10 -> m5 [label = "c"];
	q13 -> m4 [label = "b"];
	q6 -> m17 [label = "c"];
	q11 -> m2 [label = "c"];
	q12 -> m3 [label = "b"];
	q5 -> m9 [label = "b"];
	q7 -> m11 [label = "b"];
	q12 -> q1 [label = "c"];
	q5 -> m12 [label = "a"];
	q11 -> m1 [label = "c"];
	q4 -> m9 [label = "b, c"];
	q4 -> m8 [label = "b"];
	q11 -> m12 [label = "a"];
	q3 -> m3 [label = "b, c"];
	q0 -> m4 [label = "b"];
	q9 -> m4 [label = "a, c"];
	q5 -> m7 [label = "b"];
	q11 -> m0 [label = "c"];
	q1 -> q9 [label = "c"];
	q1 -> m4 [label = "b"];
	q5 -> m2 [label = "c"];
	q7 -> m14 [label = "c"];
	q0 -> q1 [label = "c"];
	q12 -> m9 [label = "a"];
	q6 -> m1 [label = "a"];
	q13 -> q9 [label = "c"];
	q1 -> q0 [label = "a"];
	q4 -> m15 [label = "a"];
	q6 -> m16 [label = "b"];
	q8 -> m10 [label = "b"];
	q0 -> m3 [label = "a, b"];
	q2 -> m19 [label = "b"];
	q4 -> m0 [label = "c"];
	q4 -> m1 [label = "c"];
	q10 -> m19 [label = "b"];
	q10 -> m3 [label = "a"];
	q8 -> m16 [label = "b"];
	q4 -> m2 [label = "c"];
	q12 -> m17 [label = "a"];
	q11 -> m16 [label = "b"];
	m0 -> q0;
	m0 -> q1;
	m0 -> q3;
	m0 -> q4;
	m0 -> q7;
	m0 -> q9;
	m0 -> q10;
	m0 -> q12;
	m0 -> q13;
	m1 -> q0;
	m1 -> q1;
	m1 -> q3;
	m1 -> q4;
	m1 -> q5;
	m1 -> q9;
	m1 -> q12;
	m1 -> q13;
	m2 -> q0;
	m2 -> q1;
	m2 -> q3;
	m2 -> q4;
	m2 -> q6;
	m2 -> q9;
	m2 -> q11;
	m2 -> q12;
	m2 -> q13;
	m3 -> q0;
	m3 -> q1;
	m3 -> q13;
	m4 -> q0;
	m4 -> q12;
	m5 -> q0;
	m5 -> q1;
	m5 -> q2;
	m5 -> q10;
	m5 -> q13;
	m6 -> q1;
	m6 -> q9;
	m7 -> q0;
	m7 -> q1;
	m7 -> q2;
	m7 -> q7;
	m7 -> q9;
	m7 -> q10;
	m7 -> q12;
	m7 -> q13;
	m8 -> q0;
	m8 -> q1;
	m8 -> q3;
	m8 -> q7;
	m8 -> q9;
	m8 -> q10;
	m8 -> q12;
	m8 -> q13;
	m9 -> q0;
	m9 -> q1;
	m9 -> q2;
	m9 -> q5;
	m9 -> q7;
	m9 -> q9;
	m9 -> q10;
	m9 -> q13;
	m10 -> q0;
	m10 -> q1;
	m10 -> q2;
	m10 -> q5;
	m10 -> q9;
	m10 -> q10;
	m10 -> q11;
	m10 -> q12;
	m10 -> q13;
	m11 -> q0;
	m11 -> q1;
	m11 -> q2;
	m11 -> q3;
	m11 -> q6;
	m11 -> q8;
	m11 -> q9;
	m11 -> q10;
	m11 -> q12;
	m11 -> q13;
	m12 -> q0;
	m12 -> q1;
	m12 -> q3;
	m12 -> q6;
	m12 -> q8;
	m12 -> q9;
	m12 -> q12;
	m12 -> q13;
	m13 -> q0;
	m13 -> q1;
	m13 -> q3;
	m13 -> q6;
	m13 -> q7;
	m13 -> q9;
	m13 -> q10;
	m13 -> q12;
	m13 -> q13;
	m14 -> q0;
	m14 -> q1;
	m14 -> q2;
	m14 -> q9;
	m14 -> q10;
	m14 -> q13;
	m15 -> q0;
	m15 -> q1;
	m15 -> q3;
	m15 -> q4;
	m15 -> q5;
	m15 -> q6;
	m15 -> q8;
	m15 -> q9;
	m15 -> q11;
	m15 -> q12;
	m15 -> q13;
	m16 -> q0;
	m16 -> q1;
	m16 -> q3;
	m16 -> q4;
	m16 -> q6;
	m16 -> q7;
	m16 -> q9;
	m16 -> q10;
	m16 -> q11;
	m16 -> q12;
	m16 -> q13;
	m17 -> q0;
	m17 -> q1;
	m17 -> q3;
	m17 -> q12;
	m17 -> q13;
	m18 -> q0;
	m18 -> q1;
	m18 -> q3;
	m18 -> q9;
	m18 -> q12;
	m19 -> q0;
	m19 -> q1;
	m19 -> q3;
	m19 -> q6;
	m19 -> q9;
	m19 -> q12;
	m20 -> q0;
	m20 -> q1;
	m20 -> q3;
	m20 -> q6;
	m20 -> q9;
	m20 -> q12;
	m20 -> q13;
	m21 -> q0;
	m21 -> q1;
	m21 -> q3;
	m21 -> q9;
	m21 -> q10;
	m21 -> q12;
}
RAFA size: 14 states

