Random target AFA:
digraph finite_state_machine {
	rankdir=LR;
	node [shape = circle];
	s0 [shape = point, style = invis, start="true" ];
	q0 [label = "q0", shape = doublecircle, final="true" ];
	q1 [label = "q1", shape = doublecircle, final="true" ];
	q2 [label = "q2"];
	q3 [label = "q3"];
	q4 [label = "q4"];
	q5 [label = "q5", shape = doublecircle, final="true" ];
	q6 [label = "q6"];
	m0 [label = "", shape = square, style = filled, color=grey, fixedsize=true, width=.2];
	m1 [label = "", shape = square, style = filled, color=grey, fixedsize=true, width=.2];
	m2 [label = "", shape = square, style = filled, color=grey, fixedsize=true, width=.2];
	m3 [label = "", shape = square, style = filled, color=grey, fixedsize=true, width=.2];
	m4 [label = "", shape = square, style = filled, color=grey, fixedsize=true, width=.2];
	m5 [label = "", shape = square, style = filled, color=grey, fixedsize=true, width=.2];
	m6 [label = "", shape = square, style = filled, color=grey, fixedsize=true, width=.2];
	s0 -> q3
	q2 -> q3 [label = "c"];
	q6 -> q2 [label = "a"];
	q5 -> q2 [label = "a"];
	q5 -> q4 [label = "a"];
	q4 -> m5 [label = "b"];
	q3 -> q0 [label = "a"];
	q1 -> q6 [label = "b"];
	q3 -> m4 [label = "b"];
	q1 -> q2 [label = "a"];
	q4 -> q6 [label = "c"];
	q0 -> q2 [label = "a"];
	q0 -> q1 [label = "a"];
	q2 -> m0 [label = "b"];
	q3 -> m6 [label = "c"];
	q6 -> q6 [label = "c"];
	q1 -> q3 [label = "c"];
	q2 -> m1 [label = "a"];
	q1 -> q5 [label = "a, c"];
	q6 -> m2 [label = "b"];
	q0 -> q6 [label = "a, b"];
	q6 -> q0 [label = "c"];
	q0 -> m3 [label = "c"];
	q4 -> q2 [label = "a"];
	q5 -> q3 [label = "b"];
	q5 -> q5 [label = "a"];
	q4 -> q0 [label = "a"];
	q5 -> q6 [label = "b, c"];
	m0 -> q0;
	m0 -> q5;
	m1 -> q2;
	m1 -> q4;
	m2 -> q0;
	m2 -> q4;
	m2 -> q6;
	m3 -> q1;
	m3 -> q5;
	m4 -> q0;
	m4 -> q2;
	m5 -> q1;
	m5 -> q3;
	m5 -> q6;
	m6 -> q3;
	m6 -> q6;
}

L* output after 10 EQ and 6030 MQ:
digraph finite_state_machine {
	rankdir=LR;
	node [shape = circle];
	s0 [shape = point, style = invis, start="true" ];
	q0 [label = "q0"];
	q1 [label = "q1"];
	q2 [label = "q2"];
	q3 [label = "q3", shape = doublecircle, final="true" ];
	q4 [label = "q4", shape = doublecircle, final="true" ];
	q5 [label = "q5", shape = doublecircle, final="true" ];
	q6 [label = "q6", shape = doublecircle, final="true" ];
	q7 [label = "q7", shape = doublecircle, final="true" ];
	q8 [label = "q8", shape = doublecircle, final="true" ];
	q9 [label = "q9", shape = doublecircle, final="true" ];
	q10 [label = "q10", shape = doublecircle, final="true" ];
	q11 [label = "q11"];
	q12 [label = "q12"];
	q13 [label = "q13"];
	q14 [label = "q14", shape = doublecircle, final="true" ];
	q15 [label = "q15"];
	q16 [label = "q16"];
	q17 [label = "q17"];
	q18 [label = "q18", shape = doublecircle, final="true" ];
	q19 [label = "q19"];
	q20 [label = "q20"];
	q21 [label = "q21", shape = doublecircle, final="true" ];
	q22 [label = "q22", shape = doublecircle, final="true" ];
	q23 [label = "q23"];
	q24 [label = "q24", shape = doublecircle, final="true" ];
	q25 [label = "q25"];
	q26 [label = "q26", shape = doublecircle, final="true" ];
	q27 [label = "q27"];
	q28 [label = "q28"];
	q29 [label = "q29"];
	q30 [label = "q30"];
	q31 [label = "q31", shape = doublecircle, final="true" ];
	q32 [label = "q32", shape = doublecircle, final="true" ];
	q33 [label = "q33", shape = doublecircle, final="true" ];
	q34 [label = "q34", shape = doublecircle, final="true" ];
	q35 [label = "q35", shape = doublecircle, final="true" ];
	q36 [label = "q36", shape = doublecircle, final="true" ];
	q37 [label = "q37"];
	q38 [label = "q38", shape = doublecircle, final="true" ];
	q39 [label = "q39", shape = doublecircle, final="true" ];
	q40 [label = "q40"];
	q41 [label = "q41", shape = doublecircle, final="true" ];
	q42 [label = "q42"];
	q43 [label = "q43"];
	s0 -> q27
	q41 -> q31 [label = "b"];
	q43 -> q20 [label = "a"];
	q22 -> q23 [label = "b"];
	q4 -> q32 [label = "c"];
	q25 -> q30 [label = "c"];
	q6 -> q4 [label = "c"];
	q16 -> q17 [label = "b, c"];
	q0 -> q17 [label = "c"];
	q10 -> q10 [label = "c"];
	q34 -> q36 [label = "c"];
	q1 -> q25 [label = "a"];
	q5 -> q14 [label = "b"];
	q18 -> q19 [label = "b"];
	q8 -> q14 [label = "b"];
	q7 -> q4 [label = "c"];
	q1 -> q0 [label = "b"];
	q33 -> q8 [label = "a"];
	q3 -> q8 [label = "a"];
	q5 -> q33 [label = "a"];
	q26 -> q24 [label = "a"];
	q6 -> q5 [label = "a"];
	q41 -> q9 [label = "a"];
	q12 -> q43 [label = "b"];
	q12 -> q30 [label = "c"];
	q7 -> q3 [label = "a"];
	q9 -> q19 [label = "c"];
	q25 -> q16 [label = "a"];
	q17 -> q25 [label = "a"];
	q17 -> q17 [label = "c"];
	q17 -> q2 [label = "b"];
	q26 -> q22 [label = "c"];
	q2 -> q17 [label = "c"];
	q13 -> q20 [label = "a"];
	q43 -> q1 [label = "b"];
	q11 -> q32 [label = "c"];
	q19 -> q28 [label = "b"];
	q38 -> q23 [label = "b"];
	q5 -> q18 [label = "c"];
	q4 -> q7 [label = "a"];
	q22 -> q21 [label = "a"];
	q40 -> q37 [label = "c"];
	q4 -> q11 [label = "b"];
	q14 -> q6 [label = "a"];
	q41 -> q42 [label = "c"];
	q0 -> q0 [label = "b"];
	q3 -> q14 [label = "b"];
	q20 -> q16 [label = "a"];
	q27 -> q25 [label = "b"];
	q2 -> q16 [label = "a"];
	q1 -> q17 [label = "c"];
	q24 -> q18 [label = "c"];
	q42 -> q37 [label = "c"];
	q31 -> q9 [label = "a"];
	q37 -> q43 [label = "b"];
	q20 -> q27 [label = "c"];
	q28 -> q15 [label = "b"];
	q35 -> q23 [label = "b"];
	q29 -> q41 [label = "a"];
	q18 -> q39 [label = "a"];
	q8 -> q4 [label = "c"];
	q32 -> q24 [label = "a"];
	q14 -> q32 [label = "c"];
	q18 -> q10 [label = "c"];
	q21 -> q33 [label = "a"];
	q21 -> q14 [label = "b"];
	q15 -> q20 [label = "a"];
	q19 -> q34 [label = "a"];
	q16 -> q16 [label = "a"];
	q7 -> q14 [label = "b"];
	q11 -> q20 [label = "a"];
	q38 -> q9 [label = "a"];
	q21 -> q19 [label = "c"];
	q32 -> q10 [label = "c"];
	q15 -> q43 [label = "b"];
	q10 -> q5 [label = "a"];
	q40 -> q20 [label = "a"];
	q12 -> q16 [label = "a"];
	q36 -> q7 [label = "a"];
	q43 -> q40 [label = "c"];
	q13 -> q29 [label = "c"];
	q15 -> q40 [label = "c"];
	q9 -> q21 [label = "a"];
	q9 -> q31 [label = "b"];
	q0 -> q16 [label = "a"];
	q19 -> q32 [label = "c"];
	q23 -> q20 [label = "a"];
	q10 -> q23 [label = "b"];
	q8 -> q39 [label = "a"];
	q24 -> q21 [label = "a"];
	q22 -> q37 [label = "c"];
	q26 -> q23 [label = "b"];
	q28 -> q29 [label = "c"];
	q42 -> q34 [label = "a"];
	q2 -> q1 [label = "b"];
	q24 -> q31 [label = "b"];
	q23 -> q43 [label = "b"];
	q28 -> q20 [label = "a"];
	q29 -> q37 [label = "c"];
	q25 -> q15 [label = "b"];
	q39 -> q14 [label = "b"];
	q11 -> q15 [label = "b"];
	q27 -> q26 [label = "a"];
	q3 -> q18 [label = "c"];
	q31 -> q32 [label = "c"];
	q31 -> q23 [label = "b"];
	q30 -> q35 [label = "a"];
	q34 -> q31 [label = "b"];
	q36 -> q37 [label = "c"];
	q32 -> q23 [label = "b"];
	q30 -> q17 [label = "c"];
	q34 -> q24 [label = "a"];
	q37 -> q20 [label = "a"];
	q38 -> q40 [label = "c"];
	q29 -> q13 [label = "b"];
	q37 -> q23 [label = "c"];
	q33 -> q14 [label = "b"];
	q20 -> q38 [label = "b"];
	q35 -> q9 [label = "a"];
	q6 -> q31 [label = "b"];
	q23 -> q32 [label = "c"];
	q30 -> q12 [label = "b"];
	q39 -> q18 [label = "c"];
	q33 -> q19 [label = "c"];
	q14 -> q11 [label = "b"];
	q42 -> q28 [label = "b"];
	q36 -> q11 [label = "b"];
	q13 -> q43 [label = "b"];
	q35 -> q29 [label = "c"];
	q27 -> q17 [label = "c"];
	q39 -> q39 [label = "a"];
	q40 -> q43 [label = "b"];
}
DFA size: 44 states

NL* output after 11 EQ and 2882 MQ:
digraph finite_state_machine {
	rankdir=LR;
	node [shape = circle];
	s0 [shape = point, style = invis, start="true" ];
	s1 [shape = point, style = invis, start="true" ];
	s2 [shape = point, style = invis, start="true" ];
	s3 [shape = point, style = invis, start="true" ];
	s4 [shape = point, style = invis, start="true" ];
	q0 [label = "q0"];
	q1 [label = "q1"];
	q2 [label = "q2"];
	q3 [label = "q3"];
	q4 [label = "q4"];
	q5 [label = "q5"];
	q6 [label = "q6"];
	q7 [label = "q7"];
	q8 [label = "q8", shape = doublecircle, final="true" ];
	q9 [label = "q9"];
	q10 [label = "q10", shape = doublecircle, final="true" ];
	q11 [label = "q11", shape = doublecircle, final="true" ];
	q12 [label = "q12"];
	q13 [label = "q13"];
	q14 [label = "q14", shape = doublecircle, final="true" ];
	q15 [label = "q15", shape = doublecircle, final="true" ];
	q16 [label = "q16"];
	q17 [label = "q17"];
	q18 [label = "q18"];
	q19 [label = "q19", shape = doublecircle, final="true" ];
	q20 [label = "q20"];
	s0 -> q0
	s1 -> q2
	s2 -> q4
	s3 -> q9
	s4 -> q20
	q17 -> q4 [label = "c"];
	q19 -> q20 [label = "a"];
	q19 -> q19 [label = "a"];
	q19 -> q3 [label = "a"];
	q17 -> q2 [label = "b, c"];
	q19 -> q12 [label = "b"];
	q17 -> q18 [label = "a"];
	q17 -> q1 [label = "a, b, c"];
	q16 -> q7 [label = "c"];
	q20 -> q16 [label = "a"];
	q20 -> q5 [label = "a"];
	q20 -> q3 [label = "a"];
	q18 -> q3 [label = "a"];
	q16 -> q2 [label = "b, c"];
	q18 -> q2 [label = "b, c"];
	q18 -> q0 [label = "a, b, c"];
	q17 -> q17 [label = "c"];
	q16 -> q3 [label = "a"];
	q16 -> q0 [label = "a, b, c"];
	q20 -> q2 [label = "a, c"];
	q15 -> q13 [label = "a"];
	q13 -> q5 [label = "b"];
	q16 -> q1 [label = "a, c"];
	q14 -> q18 [label = "a"];
	q14 -> q15 [label = "a"];
	q14 -> q14 [label = "a"];
	q14 -> q13 [label = "a"];
	q14 -> q3 [label = "a"];
	q15 -> q19 [label = "a, b"];
	q13 -> q3 [label = "a, b"];
	q13 -> q1 [label = "a, b"];
	q7 -> q13 [label = "a"];
	q7 -> q6 [label = "a"];
	q13 -> q19 [label = "b"];
	q7 -> q3 [label = "a"];
	q17 -> q0 [label = "a, b, c"];
	q2 -> q2 [label = "c"];
	q20 -> q4 [label = "a, c"];
	q20 -> q0 [label = "a, b, c"];
	q1 -> q4 [label = "c"];
	q2 -> q4 [label = "c"];
	q3 -> q3 [label = "a"];
	q1 -> q2 [label = "b, c"];
	q7 -> q16 [label = "b, c"];
	q5 -> q18 [label = "a"];
	q7 -> q5 [label = "c"];
	q7 -> q4 [label = "c"];
	q11 -> q10 [label = "c"];
	q7 -> q2 [label = "b, c"];
	q7 -> q1 [label = "a, b, c"];
	q16 -> q16 [label = "c"];
	q7 -> q0 [label = "a, b, c"];
	q3 -> q0 [label = "a, b, c"];
	q18 -> q16 [label = "b"];
	q1 -> q3 [label = "a"];
	q1 -> q1 [label = "a"];
	q18 -> q1 [label = "a, b"];
	q1 -> q0 [label = "a, b, c"];
	q5 -> q5 [label = "c"];
	q5 -> q4 [label = "c"];
	q5 -> q1 [label = "a, b, c"];
	q15 -> q15 [label = "a"];
	q4 -> q6 [label = "a"];
	q7 -> q7 [label = "c"];
	q4 -> q3 [label = "a"];
	q0 -> q2 [label = "c"];
	q6 -> q16 [label = "b"];
	q2 -> q6 [label = "a"];
	q5 -> q0 [label = "a, b, c"];
	q2 -> q1 [label = "a"];
	q6 -> q20 [label = "c"];
	q14 -> q12 [label = "b"];
	q3 -> q4 [label = "b, c"];
	q12 -> q20 [label = "c"];
	q8 -> q0 [label = "a, b, c"];
	q13 -> q20 [label = "b, c"];
	q3 -> q2 [label = "b, c"];
	q11 -> q13 [label = "a"];
	q11 -> q12 [label = "b, c"];
	q9 -> q2 [label = "a, c"];
	q19 -> q14 [label = "a"];
	q15 -> q7 [label = "a, b, c"];
	q17 -> q3 [label = "a"];
	q15 -> q5 [label = "a, b, c"];
	q10 -> q13 [label = "a"];
	q17 -> q13 [label = "a"];
	q15 -> q4 [label = "a, b, c"];
	q20 -> q18 [label = "a"];
	q19 -> q1 [label = "a, b, c"];
	q13 -> q0 [label = "a, b, c"];
	q4 -> q18 [label = "a"];
	q11 -> q5 [label = "a, b, c"];
	q15 -> q3 [label = "a, b, c"];
	q12 -> q7 [label = "c"];
	q10 -> q14 [label = "a, c"];
	q15 -> q12 [label = "b, c"];
	q18 -> q5 [label = "b"];
	q18 -> q4 [label = "b, c"];
	q12 -> q17 [label = "c"];
	q15 -> q2 [label = "a, b, c"];
	q11 -> q9 [label = "c"];
	q8 -> q3 [label = "a, b, c"];
	q8 -> q6 [label = "a, b, c"];
	q20 -> q6 [label = "a, b"];
	q15 -> q0 [label = "a, b, c"];
	q17 -> q5 [label = "c"];
	q8 -> q7 [label = "a, b, c"];
	q8 -> q2 [label = "a, b, c"];
	q11 -> q14 [label = "a, c"];
	q9 -> q3 [label = "a, b"];
	q12 -> q12 [label = "c"];
	q9 -> q10 [label = "a"];
	q9 -> q19 [label = "a"];
	q11 -> q4 [label = "a, b, c"];
	q9 -> q0 [label = "a, b, c"];
	q19 -> q7 [label = "a, b, c"];
	q9 -> q6 [label = "a, b"];
	q0 -> q4 [label = "c"];
	q11 -> q18 [label = "a, b, c"];
	q15 -> q18 [label = "a, b, c"];
	q19 -> q18 [label = "a"];
	q14 -> q4 [label = "a, b, c"];
	q19 -> q16 [label = "a, b, c"];
	q14 -> q20 [label = "a"];
	q15 -> q16 [label = "a, b, c"];
	q11 -> q20 [label = "a, b, c"];
	q13 -> q4 [label = "b, c"];
	q17 -> q12 [label = "c"];
	q5 -> q2 [label = "b, c"];
	q11 -> q2 [label = "a, b, c"];
	q9 -> q20 [label = "a"];
	q13 -> q9 [label = "c"];
	q6 -> q0 [label = "a, b, c"];
	q11 -> q8 [label = "c"];
	q11 -> q16 [label = "a, b, c"];
	q11 -> q17 [label = "a, b, c"];
	q19 -> q13 [label = "a"];
	q14 -> q7 [label = "a, b, c"];
	q9 -> q4 [label = "a, c"];
	q8 -> q1 [label = "a, b, c"];
	q14 -> q1 [label = "a, b, c"];
	q11 -> q6 [label = "a, b, c"];
	q19 -> q2 [label = "a, b, c"];
	q17 -> q7 [label = "c"];
	q20 -> q1 [label = "a, b"];
	q9 -> q5 [label = "a"];
	q19 -> q6 [label = "a, b"];
	q5 -> q7 [label = "c"];
	q10 -> q5 [label = "a, b, c"];
	q16 -> q4 [label = "c"];
	q10 -> q18 [label = "a"];
	q6 -> q4 [label = "c"];
	q6 -> q2 [label = "b, c"];
	q19 -> q4 [label = "a, b, c"];
	q12 -> q19 [label = "c"];
	q19 -> q0 [label = "a, b, c"];
	q5 -> q13 [label = "a"];
	q11 -> q19 [label = "a, b, c"];
	q10 -> q7 [label = "a, b, c"];
	q15 -> q9 [label = "a, b, c"];
	q16 -> q13 [label = "a"];
	q10 -> q3 [label = "a, c"];
	q11 -> q1 [label = "a, b, c"];
	q3 -> q1 [label = "a"];
	q14 -> q16 [label = "a, b, c"];
	q15 -> q20 [label = "a, b, c"];
	q11 -> q7 [label = "a, b, c"];
	q15 -> q6 [label = "a, b, c"];
	q8 -> q4 [label = "a, b, c"];
	q8 -> q14 [label = "a, c"];
	q8 -> q10 [label = "a, c"];
	q13 -> q2 [label = "b, c"];
	q10 -> q4 [label = "a, b, c"];
	q5 -> q6 [label = "a"];
	q8 -> q12 [label = "a, b, c"];
	q8 -> q16 [label = "a, b, c"];
	q8 -> q18 [label = "a, b, c"];
	q8 -> q19 [label = "a, c"];
	q12 -> q6 [label = "a, c"];
	q8 -> q20 [label = "a, b, c"];
	q20 -> q19 [label = "a"];
	q12 -> q0 [label = "a, b, c"];
	q2 -> q3 [label = "a"];
	q9 -> q18 [label = "a, b"];
	q8 -> q9 [label = "a, b"];
	q12 -> q4 [label = "c"];
	q10 -> q12 [label = "a, b"];
	q13 -> q16 [label = "b"];
	q12 -> q13 [label = "a"];
	q12 -> q18 [label = "a, c"];
	q6 -> q1 [label = "a, b"];
	q10 -> q6 [label = "a, b"];
	q14 -> q0 [label = "a, b, c"];
	q14 -> q2 [label = "a, b, c"];
	q11 -> q3 [label = "a, b, c"];
	q12 -> q1 [label = "a, b, c"];
	q12 -> q10 [label = "c"];
	q20 -> q20 [label = "a"];
	q14 -> q5 [label = "a, b, c"];
	q10 -> q17 [label = "a, b"];
	q7 -> q18 [label = "a"];
	q14 -> q6 [label = "a, b"];
	q16 -> q5 [label = "c"];
	q11 -> q0 [label = "a, b, c"];
	q10 -> q0 [label = "a, b, c"];
	q10 -> q2 [label = "a, b, c"];
	q19 -> q5 [label = "a, b, c"];
	q10 -> q11 [label = "a"];
	q10 -> q16 [label = "a, b, c"];
	q18 -> q20 [label = "c"];
	q17 -> q16 [label = "b, c"];
	q16 -> q6 [label = "a"];
	q14 -> q17 [label = "a, b, c"];
	q10 -> q19 [label = "a, c"];
	q14 -> q19 [label = "a"];
	q2 -> q0 [label = "a, b, c"];
	q4 -> q1 [label = "a, b"];
	q10 -> q20 [label = "a, c"];
	q12 -> q2 [label = "b, c"];
	q8 -> q8 [label = "a"];
	q15 -> q14 [label = "a"];
	q5 -> q3 [label = "a"];
	q9 -> q1 [label = "a, b"];
	q8 -> q11 [label = "a"];
	q8 -> q13 [label = "a"];
	q16 -> q18 [label = "a"];
	q15 -> q17 [label = "a, b, c"];
	q15 -> q1 [label = "a, b, c"];
	q8 -> q5 [label = "a, b, c"];
	q8 -> q15 [label = "a"];
	q19 -> q17 [label = "a, b"];
	q6 -> q3 [label = "a"];
	q11 -> q15 [label = "a"];
	q12 -> q5 [label = "c"];
	q2 -> q18 [label = "a"];
	q12 -> q16 [label = "b, c"];
	q10 -> q1 [label = "a, b, c"];
	q0 -> q1 [label = "a"];
	q4 -> q0 [label = "a, b, c"];
	q5 -> q16 [label = "b, c"];
	q8 -> q17 [label = "a, b, c"];
	q4 -> q2 [label = "c"];
	q12 -> q3 [label = "a, c"];
	q4 -> q4 [label = "c"];
	q7 -> q17 [label = "c"];
	q0 -> q0 [label = "a, b, c"];
	q17 -> q6 [label = "a, c"];
	q9 -> q16 [label = "a"];
	q0 -> q3 [label = "a"];
}
NFA size: 21 states

AL* output after 15 EQ and 2008 MQ:
digraph finite_state_machine {
	rankdir=LR;
	node [shape = circle];
	s0 [shape = point, style = invis, start="true" ];
	q0 [label = "q0"];
	q1 [label = "q1"];
	q2 [label = "q2", shape = doublecircle, final="true" ];
	q3 [label = "q3"];
	q4 [label = "q4", shape = doublecircle, final="true" ];
	q5 [label = "q5", shape = doublecircle, final="true" ];
	q6 [label = "q6", shape = doublecircle, final="true" ];
	q7 [label = "q7", shape = doublecircle, final="true" ];
	q8 [label = "q8"];
	q9 [label = "q9"];
	q10 [label = "q10"];
	m0 [label = "", shape = square, style = filled, color=grey, fixedsize=true, width=.2];
	m1 [label = "", shape = square, style = filled, color=grey, fixedsize=true, width=.2];
	m2 [label = "", shape = square, style = filled, color=grey, fixedsize=true, width=.2];
	m3 [label = "", shape = square, style = filled, color=grey, fixedsize=true, width=.2];
	m4 [label = "", shape = square, style = filled, color=grey, fixedsize=true, width=.2];
	m5 [label = "", shape = square, style = filled, color=grey, fixedsize=true, width=.2];
	m6 [label = "", shape = square, style = filled, color=grey, fixedsize=true, width=.2];
	m7 [label = "", shape = square, style = filled, color=grey, fixedsize=true, width=.2];
	m8 [label = "", shape = square, style = filled, color=grey, fixedsize=true, width=.2];
	m9 [label = "", shape = square, style = filled, color=grey, fixedsize=true, width=.2];
	m10 [label = "", shape = square, style = filled, color=grey, fixedsize=true, width=.2];
	m11 [label = "", shape = square, style = filled, color=grey, fixedsize=true, width=.2];
	m12 [label = "", shape = square, style = filled, color=grey, fixedsize=true, width=.2];
	m13 [label = "", shape = square, style = filled, color=grey, fixedsize=true, width=.2];
	m14 [label = "", shape = square, style = filled, color=grey, fixedsize=true, width=.2];
	m15 [label = "", shape = square, style = filled, color=grey, fixedsize=true, width=.2];
	s0 -> m0
	q8 -> m13 [label = "a"];
	q10 -> m14 [label = "b"];
	q10 -> m15 [label = "b"];
	q4 -> m0 [label = "c"];
	q4 -> m3 [label = "c"];
	q0 -> m12 [label = "a"];
	q2 -> m7 [label = "a"];
	q2 -> m0 [label = "a, b"];
	q5 -> m0 [label = "a, b, c"];
	q4 -> m8 [label = "a"];
	q0 -> m13 [label = "a"];
	q2 -> m3 [label = "a, c"];
	q2 -> m9 [label = "c"];
	q6 -> q4 [label = "a"];
	q8 -> m0 [label = "c"];
	q7 -> m11 [label = "c"];
	q8 -> m6 [label = "b"];
	q10 -> m3 [label = "a"];
	q7 -> m8 [label = "a"];
	q6 -> m4 [label = "b"];
	q7 -> m7 [label = "a"];
	q9 -> m10 [label = "b"];
	q9 -> m3 [label = "c"];
	q5 -> m4 [label = "b, c"];
	q3 -> m8 [label = "a"];
	q6 -> m9 [label = "c"];
	q3 -> m5 [label = "c"];
	q2 -> q4 [label = "a"];
	q9 -> m4 [label = "c"];
	q10 -> m2 [label = "c"];
	q8 -> m12 [label = "a"];
	q4 -> m4 [label = "b, c"];
	q1 -> m10 [label = "b"];
	q5 -> m6 [label = "b"];
	q1 -> m4 [label = "c"];
	q9 -> m8 [label = "a"];
	q10 -> m1 [label = "c"];
	q0 -> m1 [label = "b, c"];
	q7 -> m4 [label = "b"];
	q1 -> m8 [label = "a"];
	q5 -> m7 [label = "a"];
	q4 -> m6 [label = "b"];
	q5 -> m8 [label = "a"];
	q3 -> m2 [label = "b"];
	q2 -> m4 [label = "b, c"];
	q4 -> m7 [label = "a, c"];
	q0 -> m2 [label = "b, c"];
	m0 -> q2;
	m0 -> q10;
	m1 -> q1;
	m1 -> q2;
	m1 -> q4;
	m1 -> q5;
	m1 -> q6;
	m1 -> q7;
	m1 -> q8;
	m1 -> q9;
	m1 -> q10;
	m2 -> q1;
	m2 -> q2;
	m2 -> q3;
	m2 -> q4;
	m2 -> q5;
	m2 -> q6;
	m2 -> q7;
	m2 -> q9;
	m2 -> q10;
	m3 -> q2;
	m3 -> q6;
	m4 -> q2;
	m4 -> q4;
	m4 -> q9;
	m5 -> q1;
	m5 -> q2;
	m5 -> q4;
	m5 -> q5;
	m5 -> q7;
	m5 -> q9;
	m6 -> q2;
	m6 -> q4;
	m6 -> q5;
	m6 -> q6;
	m6 -> q7;
	m7 -> q2;
	m7 -> q5;
	m8 -> q4;
	m8 -> q5;
	m8 -> q8;
	m9 -> q2;
	m9 -> q4;
	m9 -> q5;
	m9 -> q7;
	m10 -> q1;
	m10 -> q2;
	m10 -> q3;
	m10 -> q4;
	m10 -> q5;
	m10 -> q6;
	m10 -> q7;
	m10 -> q9;
	m11 -> q1;
	m11 -> q2;
	m11 -> q4;
	m11 -> q5;
	m11 -> q9;
	m12 -> q0;
	m12 -> q2;
	m12 -> q4;
	m12 -> q5;
	m12 -> q6;
	m12 -> q7;
	m12 -> q8;
	m12 -> q10;
	m13 -> q0;
	m13 -> q1;
	m13 -> q2;
	m13 -> q3;
	m13 -> q4;
	m13 -> q5;
	m13 -> q6;
	m13 -> q7;
	m13 -> q8;
	m13 -> q9;
	m14 -> q2;
	m14 -> q4;
	m14 -> q5;
	m14 -> q6;
	m14 -> q8;
	m14 -> q9;
	m15 -> q2;
	m15 -> q4;
	m15 -> q5;
	m15 -> q6;
	m15 -> q7;
	m15 -> q8;
	m15 -> q10;
}
AFA size: 11 states

AL** output after 16 EQ and 2008 MQ:
digraph finite_state_machine {
	rankdir=LR;
	node [shape = circle];
	s0 [shape = point, style = invis, start="true" ];
	q0 [label = "q0"];
	q1 [label = "q1"];
	q2 [label = "q2", shape = doublecircle, final="true" ];
	q3 [label = "q3"];
	q4 [label = "q4", shape = doublecircle, final="true" ];
	q5 [label = "q5", shape = doublecircle, final="true" ];
	q6 [label = "q6", shape = doublecircle, final="true" ];
	q7 [label = "q7", shape = doublecircle, final="true" ];
	q8 [label = "q8"];
	q9 [label = "q9"];
	q10 [label = "q10"];
	m0 [label = "", shape = square, style = filled, color=grey, fixedsize=true, width=.2];
	m1 [label = "", shape = square, style = filled, color=grey, fixedsize=true, width=.2];
	m2 [label = "", shape = square, style = filled, color=grey, fixedsize=true, width=.2];
	m3 [label = "", shape = square, style = filled, color=grey, fixedsize=true, width=.2];
	m4 [label = "", shape = square, style = filled, color=grey, fixedsize=true, width=.2];
	m5 [label = "", shape = square, style = filled, color=grey, fixedsize=true, width=.2];
	m6 [label = "", shape = square, style = filled, color=grey, fixedsize=true, width=.2];
	m7 [label = "", shape = square, style = filled, color=grey, fixedsize=true, width=.2];
	m8 [label = "", shape = square, style = filled, color=grey, fixedsize=true, width=.2];
	m9 [label = "", shape = square, style = filled, color=grey, fixedsize=true, width=.2];
	m10 [label = "", shape = square, style = filled, color=grey, fixedsize=true, width=.2];
	m11 [label = "", shape = square, style = filled, color=grey, fixedsize=true, width=.2];
	m12 [label = "", shape = square, style = filled, color=grey, fixedsize=true, width=.2];
	m13 [label = "", shape = square, style = filled, color=grey, fixedsize=true, width=.2];
	m14 [label = "", shape = square, style = filled, color=grey, fixedsize=true, width=.2];
	m15 [label = "", shape = square, style = filled, color=grey, fixedsize=true, width=.2];
	s0 -> m0
	q8 -> m13 [label = "a"];
	q10 -> m14 [label = "b"];
	q10 -> m15 [label = "b"];
	q4 -> m0 [label = "c"];
	q4 -> m3 [label = "c"];
	q0 -> m12 [label = "a"];
	q2 -> m7 [label = "a"];
	q2 -> m0 [label = "a, b"];
	q5 -> m0 [label = "a, b, c"];
	q4 -> m8 [label = "a"];
	q0 -> m13 [label = "a"];
	q2 -> m3 [label = "a, c"];
	q2 -> m9 [label = "c"];
	q6 -> q4 [label = "a"];
	q8 -> m0 [label = "c"];
	q7 -> m11 [label = "c"];
	q8 -> m6 [label = "b"];
	q10 -> m3 [label = "a"];
	q7 -> m8 [label = "a"];
	q6 -> m4 [label = "b"];
	q7 -> m7 [label = "a"];
	q9 -> m10 [label = "b"];
	q9 -> m3 [label = "c"];
	q5 -> m4 [label = "b, c"];
	q3 -> m8 [label = "a"];
	q6 -> m9 [label = "c"];
	q3 -> m5 [label = "c"];
	q2 -> q4 [label = "a"];
	q9 -> m4 [label = "c"];
	q10 -> m2 [label = "c"];
	q8 -> m12 [label = "a"];
	q4 -> m4 [label = "b, c"];
	q1 -> m10 [label = "b"];
	q5 -> m6 [label = "b"];
	q1 -> m4 [label = "c"];
	q9 -> m8 [label = "a"];
	q10 -> m1 [label = "c"];
	q0 -> m1 [label = "b, c"];
	q7 -> m4 [label = "b"];
	q1 -> m8 [label = "a"];
	q5 -> m7 [label = "a"];
	q4 -> m6 [label = "b"];
	q5 -> m8 [label = "a"];
	q3 -> m2 [label = "b"];
	q2 -> m4 [label = "b, c"];
	q4 -> m7 [label = "a, c"];
	q0 -> m2 [label = "b, c"];
	m0 -> q2;
	m0 -> q10;
	m1 -> q1;
	m1 -> q2;
	m1 -> q4;
	m1 -> q5;
	m1 -> q6;
	m1 -> q7;
	m1 -> q8;
	m1 -> q9;
	m1 -> q10;
	m2 -> q1;
	m2 -> q2;
	m2 -> q3;
	m2 -> q4;
	m2 -> q5;
	m2 -> q6;
	m2 -> q7;
	m2 -> q9;
	m2 -> q10;
	m3 -> q2;
	m3 -> q6;
	m4 -> q2;
	m4 -> q4;
	m4 -> q9;
	m5 -> q1;
	m5 -> q2;
	m5 -> q4;
	m5 -> q5;
	m5 -> q7;
	m5 -> q9;
	m6 -> q2;
	m6 -> q4;
	m6 -> q5;
	m6 -> q6;
	m6 -> q7;
	m7 -> q2;
	m7 -> q5;
	m8 -> q4;
	m8 -> q5;
	m8 -> q8;
	m9 -> q2;
	m9 -> q4;
	m9 -> q5;
	m9 -> q7;
	m10 -> q1;
	m10 -> q2;
	m10 -> q3;
	m10 -> q4;
	m10 -> q5;
	m10 -> q6;
	m10 -> q7;
	m10 -> q9;
	m11 -> q1;
	m11 -> q2;
	m11 -> q4;
	m11 -> q5;
	m11 -> q9;
	m12 -> q0;
	m12 -> q2;
	m12 -> q4;
	m12 -> q5;
	m12 -> q6;
	m12 -> q7;
	m12 -> q8;
	m12 -> q10;
	m13 -> q0;
	m13 -> q1;
	m13 -> q2;
	m13 -> q3;
	m13 -> q4;
	m13 -> q5;
	m13 -> q6;
	m13 -> q7;
	m13 -> q8;
	m13 -> q9;
	m14 -> q2;
	m14 -> q4;
	m14 -> q5;
	m14 -> q6;
	m14 -> q8;
	m14 -> q9;
	m15 -> q2;
	m15 -> q4;
	m15 -> q5;
	m15 -> q6;
	m15 -> q7;
	m15 -> q8;
	m15 -> q10;
}
RAFA size: 11 states

