Random target AFA:
digraph finite_state_machine {
	rankdir=LR;
	node [shape = circle];
	s0 [shape = point, style = invis, start="true" ];
	s1 [shape = point, style = invis, start="true" ];
	q0 [label = "q0"];
	q1 [label = "q1"];
	q2 [label = "q2", shape = doublecircle, final="true" ];
	q3 [label = "q3"];
	q4 [label = "q4"];
	q5 [label = "q5"];
	q6 [label = "q6"];
	m0 [label = "", shape = square, style = filled, color=grey, fixedsize=true, width=.2];
	m1 [label = "", shape = square, style = filled, color=grey, fixedsize=true, width=.2];
	m2 [label = "", shape = square, style = filled, color=grey, fixedsize=true, width=.2];
	s0 -> q5
	s1 -> q4
	q3 -> q3 [label = "c"];
	q6 -> m2 [label = "a"];
	q3 -> q5 [label = "a"];
	q4 -> q5 [label = "b"];
	q1 -> q0 [label = "b"];
	q1 -> q6 [label = "b"];
	q1 -> q3 [label = "a"];
	q4 -> q3 [label = "a"];
	q3 -> m0 [label = "b"];
	q4 -> q1 [label = "c"];
	q0 -> q4 [label = "a, c"];
	q0 -> q2 [label = "a"];
	q6 -> q1 [label = "c"];
	q5 -> q0 [label = "b"];
	q1 -> q2 [label = "a, c"];
	q2 -> q2 [label = "b"];
	q2 -> q1 [label = "b, c"];
	q1 -> q4 [label = "c"];
	q5 -> m1 [label = "a"];
	q0 -> q5 [label = "c"];
	q2 -> q6 [label = "a, b"];
	q2 -> q4 [label = "a"];
	q0 -> q0 [label = "a"];
	q0 -> q1 [label = "b, c"];
	q5 -> q6 [label = "b, c"];
	q2 -> q0 [label = "a"];
	q6 -> q5 [label = "b"];
	m0 -> q1;
	m0 -> q3;
	m1 -> q1;
	m1 -> q4;
	m2 -> q1;
	m2 -> q2;
}

L* output after 7 EQ and 4139 MQ:
digraph finite_state_machine {
	rankdir=LR;
	node [shape = circle];
	s0 [shape = point, style = invis, start="true" ];
	q0 [label = "q0"];
	q1 [label = "q1", shape = doublecircle, final="true" ];
	q2 [label = "q2"];
	q3 [label = "q3", shape = doublecircle, final="true" ];
	q4 [label = "q4"];
	q5 [label = "q5"];
	q6 [label = "q6"];
	q7 [label = "q7"];
	q8 [label = "q8"];
	q9 [label = "q9", shape = doublecircle, final="true" ];
	q10 [label = "q10"];
	q11 [label = "q11"];
	q12 [label = "q12"];
	q13 [label = "q13"];
	q14 [label = "q14"];
	q15 [label = "q15"];
	q16 [label = "q16"];
	q17 [label = "q17"];
	q18 [label = "q18", shape = doublecircle, final="true" ];
	q19 [label = "q19"];
	q20 [label = "q20"];
	q21 [label = "q21"];
	q22 [label = "q22"];
	q23 [label = "q23"];
	q24 [label = "q24", shape = doublecircle, final="true" ];
	q25 [label = "q25", shape = doublecircle, final="true" ];
	q26 [label = "q26"];
	q27 [label = "q27"];
	q28 [label = "q28", shape = doublecircle, final="true" ];
	q29 [label = "q29"];
	q30 [label = "q30"];
	q31 [label = "q31"];
	q32 [label = "q32"];
	q33 [label = "q33"];
	q34 [label = "q34"];
	q35 [label = "q35"];
	q36 [label = "q36"];
	q37 [label = "q37"];
	q38 [label = "q38", shape = doublecircle, final="true" ];
	q39 [label = "q39"];
	q40 [label = "q40"];
	q41 [label = "q41"];
	q42 [label = "q42", shape = doublecircle, final="true" ];
	q43 [label = "q43", shape = doublecircle, final="true" ];
	q44 [label = "q44"];
	q45 [label = "q45"];
	q46 [label = "q46"];
	q47 [label = "q47"];
	s0 -> q31
	q45 -> q40 [label = "a"];
	q47 -> q25 [label = "c"];
	q41 -> q44 [label = "a"];
	q43 -> q25 [label = "b"];
	q45 -> q14 [label = "c"];
	q40 -> q16 [label = "c"];
	q46 -> q17 [label = "b"];
	q40 -> q17 [label = "b"];
	q46 -> q3 [label = "c"];
	q2 -> q17 [label = "b"];
	q4 -> q46 [label = "b"];
	q19 -> q47 [label = "c"];
	q0 -> q38 [label = "a"];
	q20 -> q25 [label = "c"];
	q2 -> q24 [label = "a"];
	q4 -> q39 [label = "a"];
	q31 -> q30 [label = "a"];
	q41 -> q45 [label = "c"];
	q3 -> q11 [label = "a"];
	q0 -> q47 [label = "c"];
	q8 -> q20 [label = "b"];
	q7 -> q20 [label = "b"];
	q26 -> q23 [label = "c"];
	q13 -> q42 [label = "a"];
	q10 -> q6 [label = "c"];
	q6 -> q7 [label = "a"];
	q12 -> q46 [label = "b"];
	q14 -> q24 [label = "a"];
	q6 -> q5 [label = "c"];
	q29 -> q28 [label = "a"];
	q23 -> q41 [label = "b"];
	q28 -> q37 [label = "c"];
	q22 -> q42 [label = "a"];
	q16 -> q29 [label = "b"];
	q17 -> q37 [label = "c"];
	q18 -> q2 [label = "c"];
	q42 -> q13 [label = "c"];
	q3 -> q25 [label = "b"];
	q39 -> q38 [label = "a"];
	q44 -> q17 [label = "b"];
	q43 -> q22 [label = "c"];
	q37 -> q43 [label = "a"];
	q19 -> q28 [label = "a"];
	q7 -> q39 [label = "a"];
	q26 -> q19 [label = "b"];
	q3 -> q14 [label = "c"];
	q11 -> q47 [label = "c"];
	q20 -> q38 [label = "a"];
	q30 -> q26 [label = "a"];
	q36 -> q39 [label = "a"];
	q40 -> q12 [label = "a"];
	q5 -> q19 [label = "b"];
	q47 -> q9 [label = "a"];
	q4 -> q13 [label = "c"];
	q13 -> q25 [label = "c"];
	q17 -> q46 [label = "b"];
	q21 -> q44 [label = "a"];
	q1 -> q0 [label = "a"];
	q24 -> q25 [label = "b"];
	q27 -> q29 [label = "b"];
	q38 -> q47 [label = "c"];
	q21 -> q45 [label = "c"];
	q42 -> q39 [label = "a"];
	q10 -> q17 [label = "b"];
	q1 -> q25 [label = "b"];
	q37 -> q25 [label = "c"];
	q32 -> q32 [label = "b"];
	q46 -> q43 [label = "a"];
	q16 -> q14 [label = "c"];
	q38 -> q38 [label = "a"];
	q32 -> q18 [label = "a"];
	q35 -> q14 [label = "c"];
	q15 -> q20 [label = "b"];
	q45 -> q41 [label = "b"];
	q2 -> q43 [label = "c"];
	q18 -> q11 [label = "a"];
	q7 -> q22 [label = "c"];
	q13 -> q8 [label = "b"];
	q18 -> q25 [label = "b"];
	q5 -> q4 [label = "a"];
	q20 -> q20 [label = "b"];
	q0 -> q46 [label = "b"];
	q16 -> q7 [label = "a"];
	q35 -> q29 [label = "b"];
	q15 -> q11 [label = "a"];
	q12 -> q2 [label = "c"];
	q8 -> q28 [label = "a"];
	q6 -> q17 [label = "b"];
	q10 -> q7 [label = "a"];
	q5 -> q6 [label = "c"];
	q23 -> q22 [label = "c"];
	q12 -> q11 [label = "a"];
	q44 -> q30 [label = "a"];
	q21 -> q32 [label = "b"];
	q30 -> q21 [label = "b"];
	q41 -> q17 [label = "b"];
	q8 -> q47 [label = "c"];
	q33 -> q19 [label = "b"];
	q17 -> q28 [label = "a"];
	q11 -> q20 [label = "b"];
	q9 -> q11 [label = "a"];
	q15 -> q22 [label = "c"];
	q39 -> q20 [label = "b"];
	q11 -> q38 [label = "a"];
	q23 -> q40 [label = "a"];
	q24 -> q39 [label = "a"];
	q26 -> q34 [label = "a"];
	q36 -> q20 [label = "b"];
	q30 -> q33 [label = "c"];
	q27 -> q24 [label = "a"];
	q24 -> q22 [label = "c"];
	q9 -> q13 [label = "c"];
	q29 -> q20 [label = "b"];
	q29 -> q37 [label = "c"];
	q43 -> q11 [label = "a"];
	q38 -> q25 [label = "b"];
	q22 -> q19 [label = "b"];
	q28 -> q38 [label = "a"];
	q9 -> q25 [label = "b"];
	q31 -> q29 [label = "b"];
	q47 -> q8 [label = "b"];
	q25 -> q38 [label = "a"];
	q25 -> q25 [label = "b, c"];
	q31 -> q27 [label = "c"];
	q28 -> q25 [label = "b"];
	q34 -> q17 [label = "b"];
	q36 -> q13 [label = "c"];
	q14 -> q17 [label = "b"];
	q27 -> q25 [label = "c"];
	q34 -> q30 [label = "a"];
	q22 -> q43 [label = "c"];
	q32 -> q35 [label = "c"];
	q33 -> q36 [label = "a"];
	q35 -> q15 [label = "a"];
	q42 -> q25 [label = "b"];
	q39 -> q37 [label = "c"];
	q19 -> q46 [label = "b"];
	q33 -> q33 [label = "c"];
	q1 -> q14 [label = "c"];
	q34 -> q16 [label = "c"];
	q37 -> q29 [label = "b"];
	q14 -> q1 [label = "c"];
	q44 -> q10 [label = "c"];
}
DFA size: 48 states

NL* output after 12 EQ and 4227 MQ:
digraph finite_state_machine {
	rankdir=LR;
	node [shape = circle];
	s0 [shape = point, style = invis, start="true" ];
	s1 [shape = point, style = invis, start="true" ];
	s2 [shape = point, style = invis, start="true" ];
	q0 [label = "q0"];
	q1 [label = "q1", shape = doublecircle, final="true" ];
	q2 [label = "q2"];
	q3 [label = "q3"];
	q4 [label = "q4"];
	q5 [label = "q5"];
	q6 [label = "q6"];
	q7 [label = "q7"];
	q8 [label = "q8", shape = doublecircle, final="true" ];
	q9 [label = "q9"];
	q10 [label = "q10"];
	q11 [label = "q11"];
	q12 [label = "q12"];
	q13 [label = "q13"];
	q14 [label = "q14"];
	q15 [label = "q15"];
	q16 [label = "q16"];
	q17 [label = "q17"];
	q18 [label = "q18"];
	q19 [label = "q19"];
	q20 [label = "q20"];
	q21 [label = "q21"];
	q22 [label = "q22"];
	s0 -> q5
	s1 -> q9
	s2 -> q11
	q22 -> q19 [label = "a"];
	q22 -> q0 [label = "a"];
	q17 -> q20 [label = "c"];
	q19 -> q22 [label = "a"];
	q19 -> q19 [label = "a"];
	q19 -> q13 [label = "a"];
	q19 -> q12 [label = "a"];
	q19 -> q9 [label = "a"];
	q19 -> q7 [label = "a"];
	q19 -> q14 [label = "a, b"];
	q19 -> q3 [label = "a, b"];
	q17 -> q18 [label = "a"];
	q17 -> q4 [label = "a"];
	q21 -> q20 [label = "c"];
	q20 -> q18 [label = "a"];
	q20 -> q16 [label = "a, b"];
	q22 -> q14 [label = "a, b"];
	q22 -> q5 [label = "a, b"];
	q22 -> q3 [label = "b"];
	q16 -> q20 [label = "c"];
	q16 -> q15 [label = "b"];
	q17 -> q10 [label = "b"];
	q22 -> q17 [label = "a, c"];
	q22 -> q16 [label = "a, c"];
	q22 -> q4 [label = "c"];
	q18 -> q21 [label = "a, b, c"];
	q18 -> q19 [label = "a, b"];
	q18 -> q18 [label = "b"];
	q19 -> q21 [label = "a"];
	q16 -> q2 [label = "c"];
	q18 -> q17 [label = "a, b, c"];
	q18 -> q15 [label = "b"];
	q22 -> q7 [label = "c"];
	q18 -> q12 [label = "a, b"];
	q18 -> q11 [label = "a, b"];
	q18 -> q10 [label = "a, b"];
	q18 -> q9 [label = "a, b"];
	q18 -> q7 [label = "b, c"];
	q18 -> q6 [label = "b"];
	q18 -> q0 [label = "a, b"];
	q16 -> q14 [label = "a"];
	q20 -> q21 [label = "c"];
	q13 -> q10 [label = "b"];
	q11 -> q17 [label = "c"];
	q14 -> q19 [label = "a"];
	q19 -> q11 [label = "a, b"];
	q15 -> q12 [label = "b"];
	q15 -> q10 [label = "b"];
	q13 -> q4 [label = "a"];
	q17 -> q12 [label = "b"];
	q9 -> q20 [label = "c"];
	q9 -> q13 [label = "c"];
	q9 -> q2 [label = "c"];
	q3 -> q16 [label = "c"];
	q5 -> q12 [label = "b"];
	q7 -> q15 [label = "a"];
	q7 -> q6 [label = "a"];
	q2 -> q1 [label = "c"];
	q4 -> q15 [label = "b"];
	q6 -> q11 [label = "a"];
	q6 -> q5 [label = "a"];
	q19 -> q6 [label = "a"];
	q5 -> q7 [label = "a"];
	q7 -> q3 [label = "a, b"];
	q3 -> q11 [label = "a"];
	q1 -> q20 [label = "b, c"];
	q1 -> q15 [label = "b"];
	q1 -> q13 [label = "b"];
	q1 -> q9 [label = "b"];
	q1 -> q6 [label = "b"];
	q8 -> q6 [label = "b"];
	q8 -> q3 [label = "b"];
	q14 -> q12 [label = "b"];
	q20 -> q4 [label = "a"];
	q18 -> q13 [label = "a, b"];
	q1 -> q4 [label = "a, b"];
	q1 -> q2 [label = "b, c"];
	q12 -> q21 [label = "a"];
	q4 -> q7 [label = "c"];
	q13 -> q18 [label = "a"];
	q8 -> q1 [label = "b"];
	q2 -> q8 [label = "a"];
	q18 -> q5 [label = "a, b"];
	q18 -> q4 [label = "b"];
	q12 -> q17 [label = "a, c"];
	q1 -> q18 [label = "b"];
	q9 -> q14 [label = "b"];
	q8 -> q21 [label = "a, b, c"];
	q5 -> q13 [label = "c"];
	q20 -> q12 [label = "b"];
	q8 -> q0 [label = "a, b"];
	q8 -> q8 [label = "b"];
	q12 -> q16 [label = "a"];
	q2 -> q18 [label = "a"];
	q9 -> q12 [label = "b"];
	q11 -> q16 [label = "b"];
	q1 -> q8 [label = "b"];
	q8 -> q9 [label = "a, b"];
	q8 -> q13 [label = "a, b"];
	q10 -> q10 [label = "b"];
	q0 -> q17 [label = "a"];
	q21 -> q16 [label = "a, b"];
	q19 -> q18 [label = "a"];
	q19 -> q16 [label = "a"];
	q21 -> q3 [label = "a, b"];
	q8 -> q20 [label = "b, c"];
	q12 -> q20 [label = "b, c"];
	q21 -> q12 [label = "b"];
	q9 -> q10 [label = "b"];
	q22 -> q9 [label = "a"];
	q8 -> q11 [label = "a, b"];
	q18 -> q3 [label = "b"];
	q1 -> q22 [label = "a, b"];
	q13 -> q14 [label = "b"];
	q12 -> q14 [label = "a, b, c"];
	q1 -> q11 [label = "b"];
	q6 -> q12 [label = "b"];
	q2 -> q21 [label = "c"];
	q1 -> q19 [label = "a, b"];
	q14 -> q16 [label = "a, b"];
	q0 -> q13 [label = "a"];
	q19 -> q2 [label = "b, c"];
	q12 -> q9 [label = "a, c"];
	q22 -> q12 [label = "a"];
	q15 -> q11 [label = "a"];
	q2 -> q12 [label = "b"];
	q21 -> q10 [label = "b"];
	q22 -> q15 [label = "b"];
	q14 -> q13 [label = "c"];
	q9 -> q17 [label = "c"];
	q8 -> q16 [label = "a, b"];
	q12 -> q15 [label = "b, c"];
	q11 -> q7 [label = "a"];
	q10 -> q1 [label = "a"];
	q19 -> q10 [label = "a, b"];
	q13 -> q16 [label = "a, b"];
	q12 -> q13 [label = "a, c"];
	q13 -> q2 [label = "c"];
	q20 -> q10 [label = "b"];
	q11 -> q12 [label = "b"];
	q21 -> q4 [label = "a, b"];
	q0 -> q16 [label = "a, b"];
	q10 -> q13 [label = "a, c"];
	q9 -> q7 [label = "a"];
	q6 -> q22 [label = "b"];
	q8 -> q19 [label = "a, b"];
	q3 -> q10 [label = "b"];
	q12 -> q11 [label = "a, b, c"];
	q8 -> q12 [label = "a, b"];
	q19 -> q20 [label = "a, b, c"];
	q11 -> q10 [label = "b"];
	q22 -> q13 [label = "a, c"];
	q8 -> q4 [label = "b"];
	q9 -> q16 [label = "b"];
	q21 -> q22 [label = "a, b"];
	q8 -> q10 [label = "a, b"];
	q13 -> q20 [label = "c"];
	q8 -> q2 [label = "b, c"];
	q1 -> q21 [label = "b"];
	q7 -> q20 [label = "c"];
	q8 -> q7 [label = "b, c"];
	q1 -> q0 [label = "b"];
	q8 -> q18 [label = "b"];
	q15 -> q16 [label = "b, c"];
	q0 -> q20 [label = "a, c"];
	q12 -> q0 [label = "a, c"];
	q18 -> q22 [label = "b"];
	q4 -> q21 [label = "c"];
	q8 -> q5 [label = "a, b"];
	q8 -> q15 [label = "b"];
	q0 -> q10 [label = "b"];
	q8 -> q22 [label = "b"];
	q1 -> q17 [label = "b"];
	q2 -> q16 [label = "a, b"];
	q5 -> q10 [label = "b"];
	q5 -> q17 [label = "c"];
	q10 -> q0 [label = "a, c"];
	q19 -> q5 [label = "a, b"];
	q13 -> q12 [label = "b"];
	q10 -> q11 [label = "a"];
	q10 -> q17 [label = "a, c"];
	q1 -> q14 [label = "b"];
	q10 -> q21 [label = "a"];
	q17 -> q16 [label = "a, b"];
	q18 -> q20 [label = "b, c"];
	q10 -> q19 [label = "a"];
	q14 -> q17 [label = "c"];
	q12 -> q2 [label = "b, c"];
	q5 -> q16 [label = "b"];
	q8 -> q17 [label = "a, b, c"];
	q4 -> q2 [label = "c"];
	q4 -> q14 [label = "a"];
	q12 -> q12 [label = "a"];
	q4 -> q17 [label = "c"];
	q7 -> q17 [label = "c"];
	q0 -> q0 [label = "a"];
	q18 -> q14 [label = "a, b"];
	q0 -> q4 [label = "a"];
	q0 -> q14 [label = "b"];
	q10 -> q16 [label = "a"];
	q0 -> q11 [label = "a"];
	q19 -> q0 [label = "a"];
	q1 -> q16 [label = "a, b"];
	q22 -> q21 [label = "a, c"];
	q0 -> q18 [label = "a"];
	q22 -> q20 [label = "b, c"];
	q2 -> q4 [label = "a"];
	q8 -> q14 [label = "a, b"];
	q0 -> q19 [label = "a"];
	q22 -> q11 [label = "a, b"];
	q6 -> q16 [label = "b, c"];
	q19 -> q15 [label = "a, b"];
	q18 -> q2 [label = "b, c"];
	q0 -> q21 [label = "a"];
	q22 -> q2 [label = "b, c"];
	q12 -> q1 [label = "a"];
	q12 -> q10 [label = "a, b, c"];
	q2 -> q10 [label = "b"];
	q16 -> q3 [label = "b"];
	q1 -> q7 [label = "a, b"];
	q14 -> q10 [label = "b"];
	q0 -> q12 [label = "b"];
	q19 -> q4 [label = "a"];
	q12 -> q19 [label = "a"];
	q6 -> q4 [label = "b, c"];
	q7 -> q21 [label = "c"];
	q19 -> q17 [label = "a, c"];
	q12 -> q5 [label = "a, b, c"];
	q6 -> q3 [label = "b"];
	q0 -> q2 [label = "c"];
	q22 -> q10 [label = "a, b"];
	q12 -> q3 [label = "b, c"];
	q6 -> q10 [label = "b"];
	q18 -> q16 [label = "a, b"];
	q0 -> q7 [label = "a"];
	q1 -> q3 [label = "a, b"];
	q1 -> q10 [label = "a, b"];
	q1 -> q12 [label = "a, b"];
	q4 -> q3 [label = "b"];
	q4 -> q20 [label = "c"];
	q7 -> q7 [label = "c"];
	q1 -> q1 [label = "b"];
	q1 -> q5 [label = "b"];
}
NFA size: 23 states

AL* output after 17 EQ and 2808 MQ:
digraph finite_state_machine {
	rankdir=LR;
	node [shape = circle];
	s0 [shape = point, style = invis, start="true" ];
	s1 [shape = point, style = invis, start="true" ];
	s2 [shape = point, style = invis, start="true" ];
	s3 [shape = point, style = invis, start="true" ];
	s4 [shape = point, style = invis, start="true" ];
	q0 [label = "q0"];
	q1 [label = "q1"];
	q2 [label = "q2"];
	q3 [label = "q3"];
	q4 [label = "q4", shape = doublecircle, final="true" ];
	q5 [label = "q5", shape = doublecircle, final="true" ];
	q6 [label = "q6"];
	q7 [label = "q7"];
	q8 [label = "q8"];
	q9 [label = "q9"];
	m0 [label = "", shape = square, style = filled, color=grey, fixedsize=true, width=.2];
	m1 [label = "", shape = square, style = filled, color=grey, fixedsize=true, width=.2];
	m2 [label = "", shape = square, style = filled, color=grey, fixedsize=true, width=.2];
	m3 [label = "", shape = square, style = filled, color=grey, fixedsize=true, width=.2];
	m4 [label = "", shape = square, style = filled, color=grey, fixedsize=true, width=.2];
	m5 [label = "", shape = square, style = filled, color=grey, fixedsize=true, width=.2];
	m6 [label = "", shape = square, style = filled, color=grey, fixedsize=true, width=.2];
	m7 [label = "", shape = square, style = filled, color=grey, fixedsize=true, width=.2];
	m8 [label = "", shape = square, style = filled, color=grey, fixedsize=true, width=.2];
	m9 [label = "", shape = square, style = filled, color=grey, fixedsize=true, width=.2];
	m10 [label = "", shape = square, style = filled, color=grey, fixedsize=true, width=.2];
	m11 [label = "", shape = square, style = filled, color=grey, fixedsize=true, width=.2];
	m12 [label = "", shape = square, style = filled, color=grey, fixedsize=true, width=.2];
	s0 -> m0
	s1 -> m1
	s2 -> m2
	s3 -> m3
	s4 -> m4
	q9 -> m8 [label = "a"];
	q8 -> q6 [label = "c"];
	q8 -> m8 [label = "b"];
	q8 -> m4 [label = "a, b"];
	q8 -> m5 [label = "a"];
	q8 -> m0 [label = "a, b"];
	q0 -> m3 [label = "a"];
	q5 -> m12 [label = "a"];
	q4 -> q6 [label = "b, c"];
	q2 -> m4 [label = "a"];
	q6 -> m8 [label = "a"];
	q1 -> m11 [label = "a"];
	q2 -> m10 [label = "c"];
	q2 -> m9 [label = "c"];
	q2 -> m8 [label = "b, c"];
	q2 -> m0 [label = "a"];
	q5 -> m2 [label = "a"];
	q5 -> m11 [label = "a"];
	q1 -> q6 [label = "b, c"];
	q2 -> m11 [label = "b"];
	q7 -> m4 [label = "a, b"];
	q6 -> m3 [label = "c"];
	q9 -> m5 [label = "c"];
	q5 -> q6 [label = "b, c"];
	q0 -> m11 [label = "a"];
	q9 -> m1 [label = "c"];
	q6 -> m7 [label = "a, c"];
	q9 -> m2 [label = "c"];
	q0 -> m7 [label = "a"];
	q0 -> m1 [label = "c"];
	q3 -> m1 [label = "c"];
	q1 -> m4 [label = "b, c"];
	q3 -> m12 [label = "b"];
	q9 -> m9 [label = "a"];
	q9 -> m6 [label = "c"];
	q9 -> m3 [label = "a, c"];
	q1 -> m3 [label = "a"];
	q9 -> m11 [label = "b"];
	q3 -> q6 [label = "c"];
	q5 -> m7 [label = "b"];
	q7 -> m0 [label = "a, b"];
	q9 -> m12 [label = "b"];
	q7 -> m2 [label = "a, c"];
	q3 -> m2 [label = "b"];
	q1 -> m1 [label = "c"];
	q7 -> m8 [label = "a, b, c"];
	q7 -> m9 [label = "a, c"];
	q7 -> m5 [label = "c"];
	q5 -> m3 [label = "a"];
	q3 -> m3 [label = "a"];
	q2 -> m1 [label = "c"];
	q0 -> m4 [label = "c"];
	q8 -> m2 [label = "a, b"];
	q3 -> m9 [label = "a"];
	q2 -> m3 [label = "a"];
	q7 -> m3 [label = "c"];
	q1 -> m9 [label = "c"];
	q3 -> m11 [label = "b"];
	q2 -> m2 [label = "a"];
	q4 -> m11 [label = "a"];
	q4 -> m7 [label = "b"];
	q4 -> m3 [label = "a"];
	q3 -> m8 [label = "a"];
	q0 -> m12 [label = "b"];
	q4 -> m12 [label = "a"];
	q1 -> m7 [label = "a"];
	q4 -> m8 [label = "a"];
	q5 -> m9 [label = "c"];
	q0 -> q6 [label = "b, c"];
	q6 -> m11 [label = "b"];
	q6 -> m12 [label = "b"];
	q2 -> m12 [label = "b"];
	m0 -> q0;
	m0 -> q1;
	m0 -> q2;
	m0 -> q3;
	m0 -> q6;
	m0 -> q9;
	m1 -> q0;
	m1 -> q1;
	m1 -> q3;
	m1 -> q4;
	m1 -> q5;
	m1 -> q8;
	m2 -> q0;
	m2 -> q2;
	m2 -> q3;
	m2 -> q4;
	m2 -> q5;
	m2 -> q6;
	m2 -> q9;
	m3 -> q3;
	m3 -> q4;
	m3 -> q6;
	m3 -> q7;
	m3 -> q9;
	m4 -> q0;
	m4 -> q1;
	m4 -> q2;
	m4 -> q3;
	m4 -> q4;
	m4 -> q5;
	m4 -> q9;
	m5 -> q0;
	m5 -> q1;
	m5 -> q4;
	m5 -> q5;
	m5 -> q6;
	m6 -> q0;
	m6 -> q1;
	m6 -> q2;
	m6 -> q5;
	m6 -> q6;
	m6 -> q7;
	m6 -> q8;
	m7 -> q4;
	m7 -> q5;
	m8 -> q1;
	m8 -> q2;
	m8 -> q5;
	m8 -> q6;
	m8 -> q7;
	m9 -> q0;
	m9 -> q1;
	m9 -> q2;
	m9 -> q4;
	m9 -> q5;
	m9 -> q7;
	m9 -> q8;
	m10 -> q0;
	m10 -> q1;
	m10 -> q4;
	m10 -> q5;
	m10 -> q6;
	m10 -> q8;
	m11 -> q0;
	m11 -> q1;
	m11 -> q6;
	m12 -> q0;
	m12 -> q1;
	m12 -> q4;
	m12 -> q5;
}
AFA size: 10 states

