Random target AFA:
digraph finite_state_machine {
	rankdir=LR;
	node [shape = circle];
	s0 [shape = point, style = invis, start="true" ];
	q0 [label = "q0"];
	q1 [label = "q1", shape = doublecircle, final="true" ];
	q2 [label = "q2", shape = doublecircle, final="true" ];
	q3 [label = "q3"];
	q4 [label = "q4"];
	q5 [label = "q5"];
	q6 [label = "q6"];
	m0 [label = "", shape = square, style = filled, color=grey, fixedsize=true, width=.2];
	m1 [label = "", shape = square, style = filled, color=grey, fixedsize=true, width=.2];
	m2 [label = "", shape = square, style = filled, color=grey, fixedsize=true, width=.2];
	m3 [label = "", shape = square, style = filled, color=grey, fixedsize=true, width=.2];
	m4 [label = "", shape = square, style = filled, color=grey, fixedsize=true, width=.2];
	m5 [label = "", shape = square, style = filled, color=grey, fixedsize=true, width=.2];
	m6 [label = "", shape = square, style = filled, color=grey, fixedsize=true, width=.2];
	m7 [label = "", shape = square, style = filled, color=grey, fixedsize=true, width=.2];
	m8 [label = "", shape = square, style = filled, color=grey, fixedsize=true, width=.2];
	s0 -> m0
	q2 -> m8 [label = "c"];
	q6 -> m6 [label = "a"];
	q1 -> q6 [label = "c"];
	q5 -> q0 [label = "b"];
	q1 -> q2 [label = "c"];
	q3 -> q6 [label = "a"];
	q1 -> m5 [label = "b"];
	q3 -> q4 [label = "c"];
	q4 -> q6 [label = "c"];
	q0 -> m1 [label = "a"];
	q0 -> m2 [label = "b"];
	q5 -> q4 [label = "b"];
	q2 -> q6 [label = "b"];
	q3 -> q1 [label = "b"];
	q2 -> q4 [label = "a, b"];
	q2 -> q5 [label = "a, b"];
	q4 -> m7 [label = "b"];
	q6 -> q3 [label = "c"];
	q6 -> m3 [label = "b"];
	q0 -> q6 [label = "c"];
	q4 -> q2 [label = "a"];
	q3 -> q2 [label = "a, b"];
	q4 -> q0 [label = "a"];
	q3 -> q0 [label = "c"];
	q1 -> q1 [label = "a, c"];
	q5 -> m4 [label = "a, c"];
	m0 -> q0;
	m0 -> q1;
	m0 -> q2;
	m1 -> q0;
	m1 -> q4;
	m1 -> q5;
	m2 -> q1;
	m2 -> q2;
	m3 -> q0;
	m3 -> q5;
	m4 -> q2;
	m4 -> q5;
	m5 -> q2;
	m5 -> q4;
	m6 -> q0;
	m6 -> q2;
	m7 -> q1;
	m7 -> q5;
	m8 -> q4;
	m8 -> q6;
}

L* output after 9 EQ and 21330 MQ:
digraph finite_state_machine {
	rankdir=LR;
	node [shape = circle];
	s0 [shape = point, style = invis, start="true" ];
	q0 [label = "q0"];
	q1 [label = "q1"];
	q2 [label = "q2"];
	q3 [label = "q3"];
	q4 [label = "q4", shape = doublecircle, final="true" ];
	q5 [label = "q5"];
	q6 [label = "q6"];
	q7 [label = "q7"];
	q8 [label = "q8"];
	q9 [label = "q9"];
	q10 [label = "q10"];
	q11 [label = "q11", shape = doublecircle, final="true" ];
	q12 [label = "q12"];
	q13 [label = "q13"];
	q14 [label = "q14"];
	q15 [label = "q15"];
	q16 [label = "q16", shape = doublecircle, final="true" ];
	q17 [label = "q17", shape = doublecircle, final="true" ];
	q18 [label = "q18", shape = doublecircle, final="true" ];
	q19 [label = "q19"];
	q20 [label = "q20", shape = doublecircle, final="true" ];
	q21 [label = "q21"];
	q22 [label = "q22"];
	q23 [label = "q23"];
	q24 [label = "q24"];
	q25 [label = "q25"];
	q26 [label = "q26"];
	q27 [label = "q27"];
	q28 [label = "q28", shape = doublecircle, final="true" ];
	q29 [label = "q29"];
	q30 [label = "q30"];
	q31 [label = "q31"];
	q32 [label = "q32", shape = doublecircle, final="true" ];
	q33 [label = "q33"];
	q34 [label = "q34"];
	q35 [label = "q35"];
	q36 [label = "q36"];
	q37 [label = "q37"];
	q38 [label = "q38"];
	q39 [label = "q39"];
	q40 [label = "q40"];
	q41 [label = "q41"];
	q42 [label = "q42"];
	q43 [label = "q43"];
	q44 [label = "q44", shape = doublecircle, final="true" ];
	q45 [label = "q45"];
	q46 [label = "q46"];
	q47 [label = "q47", shape = doublecircle, final="true" ];
	q48 [label = "q48"];
	q49 [label = "q49"];
	q50 [label = "q50"];
	q51 [label = "q51", shape = doublecircle, final="true" ];
	q52 [label = "q52"];
	q53 [label = "q53"];
	q54 [label = "q54", shape = doublecircle, final="true" ];
	q55 [label = "q55"];
	q56 [label = "q56"];
	q57 [label = "q57"];
	q58 [label = "q58"];
	q59 [label = "q59"];
	q60 [label = "q60", shape = doublecircle, final="true" ];
	q61 [label = "q61"];
	q62 [label = "q62", shape = doublecircle, final="true" ];
	q63 [label = "q63", shape = doublecircle, final="true" ];
	q64 [label = "q64"];
	q65 [label = "q65", shape = doublecircle, final="true" ];
	q66 [label = "q66", shape = doublecircle, final="true" ];
	q67 [label = "q67", shape = doublecircle, final="true" ];
	q68 [label = "q68", shape = doublecircle, final="true" ];
	q69 [label = "q69", shape = doublecircle, final="true" ];
	q70 [label = "q70"];
	q71 [label = "q71"];
	q72 [label = "q72"];
	q73 [label = "q73", shape = doublecircle, final="true" ];
	q74 [label = "q74", shape = doublecircle, final="true" ];
	q75 [label = "q75"];
	q76 [label = "q76", shape = doublecircle, final="true" ];
	q77 [label = "q77", shape = doublecircle, final="true" ];
	q78 [label = "q78", shape = doublecircle, final="true" ];
	q79 [label = "q79"];
	s0 -> q37
	q40 -> q48 [label = "c"];
	q46 -> q59 [label = "b"];
	q42 -> q42 [label = "a"];
	q40 -> q40 [label = "a"];
	q42 -> q43 [label = "b"];
	q44 -> q48 [label = "c"];
	q39 -> q14 [label = "a"];
	q37 -> q38 [label = "b"];
	q38 -> q40 [label = "a"];
	q36 -> q33 [label = "b"];
	q37 -> q31 [label = "a"];
	q39 -> q29 [label = "c"];
	q37 -> q39 [label = "c"];
	q35 -> q33 [label = "b"];
	q33 -> q44 [label = "a"];
	q36 -> q56 [label = "a"];
	q32 -> q57 [label = "b"];
	q36 -> q34 [label = "c"];
	q32 -> q46 [label = "a"];
	q29 -> q13 [label = "b"];
	q30 -> q26 [label = "a"];
	q28 -> q47 [label = "b"];
	q40 -> q41 [label = "b"];
	q26 -> q12 [label = "c"];
	q25 -> q12 [label = "c"];
	q31 -> q22 [label = "c"];
	q25 -> q33 [label = "b"];
	q27 -> q63 [label = "b"];
	q30 -> q30 [label = "b"];
	q26 -> q26 [label = "a"];
	q24 -> q41 [label = "b"];
	q29 -> q21 [label = "c"];
	q28 -> q36 [label = "c"];
	q30 -> q12 [label = "c"];
	q23 -> q32 [label = "a"];
	q19 -> q64 [label = "c"];
	q15 -> q27 [label = "c"];
	q9 -> q40 [label = "a"];
	q11 -> q6 [label = "b"];
	q13 -> q22 [label = "c"];
	q8 -> q39 [label = "c"];
	q9 -> q41 [label = "b"];
	q10 -> q0 [label = "a"];
	q14 -> q39 [label = "c"];
	q8 -> q40 [label = "a"];
	q10 -> q5 [label = "b"];
	q47 -> q59 [label = "b"];
	q12 -> q12 [label = "c"];
	q4 -> q48 [label = "c"];
	q2 -> q8 [label = "b"];
	q14 -> q9 [label = "b"];
	q6 -> q24 [label = "b"];
	q4 -> q7 [label = "a"];
	q3 -> q30 [label = "b"];
	q27 -> q32 [label = "a"];
	q1 -> q33 [label = "b"];
	q21 -> q51 [label = "b"];
	q3 -> q3 [label = "a"];
	q7 -> q6 [label = "b"];
	q45 -> q42 [label = "a"];
	q24 -> q35 [label = "c"];
	q5 -> q26 [label = "a"];
	q33 -> q24 [label = "b"];
	q1 -> q22 [label = "c"];
	q6 -> q42 [label = "a"];
	q26 -> q41 [label = "b"];
	q4 -> q6 [label = "b"];
	q6 -> q39 [label = "c"];
	q7 -> q4 [label = "a"];
	q5 -> q38 [label = "b"];
	q35 -> q56 [label = "a"];
	q13 -> q0 [label = "a"];
	q15 -> q78 [label = "b"];
	q57 -> q59 [label = "b"];
	q38 -> q30 [label = "b"];
	q32 -> q23 [label = "c"];
	q55 -> q38 [label = "b"];
	q59 -> q44 [label = "a"];
	q63 -> q67 [label = "c"];
	q0 -> q5 [label = "b"];
	q68 -> q68 [label = "a"];
	q61 -> q44 [label = "a"];
	q11 -> q35 [label = "c"];
	q69 -> q19 [label = "c"];
	q78 -> q66 [label = "b"];
	q50 -> q44 [label = "a"];
	q60 -> q57 [label = "b"];
	q76 -> q72 [label = "a"];
	q79 -> q65 [label = "a"];
	q63 -> q68 [label = "a"];
	q56 -> q58 [label = "b"];
	q66 -> q72 [label = "a"];
	q61 -> q51 [label = "b"];
	q29 -> q14 [label = "a"];
	q57 -> q27 [label = "c"];
	q71 -> q13 [label = "b"];
	q12 -> q55 [label = "b"];
	q47 -> q27 [label = "c"];
	q68 -> q67 [label = "c"];
	q17 -> q73 [label = "c"];
	q77 -> q77 [label = "c"];
	q70 -> q11 [label = "b"];
	q72 -> q43 [label = "b"];
	q8 -> q38 [label = "b"];
	q71 -> q75 [label = "c"];
	q68 -> q74 [label = "b"];
	q27 -> q64 [label = "c"];
	q60 -> q67 [label = "c"];
	q55 -> q22 [label = "c"];
	q64 -> q60 [label = "b"];
	q52 -> q23 [label = "c"];
	q2 -> q0 [label = "a"];
	q78 -> q28 [label = "a"];
	q5 -> q12 [label = "c"];
	q66 -> q35 [label = "c"];
	q71 -> q14 [label = "a"];
	q76 -> q43 [label = "b"];
	q21 -> q65 [label = "a"];
	q43 -> q44 [label = "a"];
	q24 -> q40 [label = "a"];
	q64 -> q69 [label = "a"];
	q75 -> q65 [label = "a"];
	q74 -> q27 [label = "c"];
	q66 -> q45 [label = "b"];
	q56 -> q1 [label = "a"];
	q62 -> q28 [label = "a"];
	q65 -> q57 [label = "b"];
	q69 -> q47 [label = "b"];
	q13 -> q8 [label = "b"];
	q48 -> q13 [label = "b"];
	q39 -> q55 [label = "b"];
	q73 -> q77 [label = "c"];
	q63 -> q57 [label = "b"];
	q70 -> q19 [label = "c"];
	q58 -> q44 [label = "a"];
	q48 -> q14 [label = "a"];
	q69 -> q46 [label = "a"];
	q33 -> q48 [label = "c"];
	q67 -> q57 [label = "b"];
	q11 -> q7 [label = "a"];
	q64 -> q70 [label = "c"];
	q59 -> q66 [label = "b"];
	q67 -> q73 [label = "c"];
	q75 -> q79 [label = "c"];
	q79 -> q51 [label = "b"];
	q75 -> q11 [label = "b"];
	q79 -> q71 [label = "c"];
	q74 -> q78 [label = "b"];
	q38 -> q39 [label = "c"];
	q70 -> q44 [label = "a"];
	q72 -> q76 [label = "a"];
	q44 -> q46 [label = "a"];
	q74 -> q28 [label = "a"];
	q23 -> q60 [label = "b"];
	q72 -> q36 [label = "c"];
	q47 -> q28 [label = "a"];
	q35 -> q29 [label = "c"];
	q2 -> q12 [label = "c"];
	q22 -> q12 [label = "c"];
	q61 -> q48 [label = "c"];
	q41 -> q49 [label = "b"];
	q20 -> q59 [label = "b"];
	q1 -> q25 [label = "a"];
	q57 -> q44 [label = "a"];
	q43 -> q45 [label = "b"];
	q34 -> q32 [label = "a"];
	q17 -> q68 [label = "a"];
	q45 -> q35 [label = "c"];
	q76 -> q48 [label = "c"];
	q62 -> q59 [label = "b"];
	q56 -> q39 [label = "c"];
	q60 -> q20 [label = "a"];
	q65 -> q71 [label = "c"];
	q18 -> q15 [label = "b"];
	q34 -> q61 [label = "c"];
	q9 -> q39 [label = "c"];
	q62 -> q36 [label = "c"];
	q58 -> q45 [label = "b"];
	q53 -> q41 [label = "b"];
	q51 -> q35 [label = "c"];
	q52 -> q11 [label = "b"];
	q7 -> q36 [label = "c"];
	q58 -> q48 [label = "c"];
	q50 -> q52 [label = "c"];
	q77 -> q17 [label = "a"];
	q21 -> q39 [label = "c"];
	q67 -> q20 [label = "a"];
	q46 -> q44 [label = "a"];
	q31 -> q30 [label = "b"];
	q49 -> q25 [label = "c"];
	q73 -> q18 [label = "a, b"];
	q51 -> q53 [label = "a"];
	q3 -> q12 [label = "c"];
	q49 -> q41 [label = "b"];
	q28 -> q62 [label = "a"];
	q53 -> q36 [label = "c"];
	q12 -> q2 [label = "a"];
	q20 -> q67 [label = "c"];
	q51 -> q41 [label = "b"];
	q41 -> q42 [label = "a"];
	q0 -> q0 [label = "a"];
	q65 -> q46 [label = "a"];
	q19 -> q60 [label = "b"];
	q77 -> q18 [label = "b"];
	q49 -> q26 [label = "a"];
	q23 -> q50 [label = "c"];
	q16 -> q47 [label = "b"];
	q34 -> q60 [label = "b"];
	q54 -> q41 [label = "b"];
	q52 -> q65 [label = "a"];
	q55 -> q3 [label = "a"];
	q48 -> q34 [label = "c"];
	q17 -> q74 [label = "b"];
	q10 -> q22 [label = "c"];
	q54 -> q48 [label = "c"];
	q16 -> q67 [label = "c"];
	q41 -> q39 [label = "c"];
	q50 -> q11 [label = "b"];
	q25 -> q25 [label = "a"];
	q59 -> q36 [label = "c"];
	q45 -> q45 [label = "b"];
	q46 -> q36 [label = "c"];
	q43 -> q36 [label = "c"];
	q44 -> q47 [label = "b"];
	q31 -> q3 [label = "a"];
	q0 -> q12 [label = "c"];
	q14 -> q10 [label = "a"];
	q42 -> q48 [label = "c"];
	q18 -> q73 [label = "c"];
	q22 -> q2 [label = "a"];
	q54 -> q53 [label = "a"];
	q18 -> q68 [label = "a"];
	q78 -> q36 [label = "c"];
	q19 -> q32 [label = "a"];
	q20 -> q16 [label = "a"];
	q22 -> q13 [label = "b"];
	q53 -> q54 [label = "a"];
	q16 -> q20 [label = "a"];
	q15 -> q44 [label = "a"];
}
DFA size: 80 states

NL* output after 13 EQ and 14949 MQ:
digraph finite_state_machine {
	rankdir=LR;
	node [shape = circle];
	s0 [shape = point, style = invis, start="true" ];
	s1 [shape = point, style = invis, start="true" ];
	q0 [label = "q0"];
	q1 [label = "q1"];
	q2 [label = "q2"];
	q3 [label = "q3"];
	q4 [label = "q4"];
	q5 [label = "q5", shape = doublecircle, final="true" ];
	q6 [label = "q6", shape = doublecircle, final="true" ];
	q7 [label = "q7"];
	q8 [label = "q8"];
	q9 [label = "q9"];
	q10 [label = "q10"];
	q11 [label = "q11", shape = doublecircle, final="true" ];
	q12 [label = "q12"];
	q13 [label = "q13"];
	q14 [label = "q14"];
	q15 [label = "q15"];
	q16 [label = "q16"];
	q17 [label = "q17"];
	q18 [label = "q18"];
	q19 [label = "q19"];
	q20 [label = "q20"];
	q21 [label = "q21"];
	q22 [label = "q22"];
	q23 [label = "q23"];
	q24 [label = "q24", shape = doublecircle, final="true" ];
	q25 [label = "q25"];
	q26 [label = "q26", shape = doublecircle, final="true" ];
	q27 [label = "q27"];
	q28 [label = "q28", shape = doublecircle, final="true" ];
	q29 [label = "q29"];
	q30 [label = "q30"];
	s0 -> q4
	s1 -> q16
	q20 -> q15 [label = "b"];
	q20 -> q12 [label = "b"];
	q22 -> q22 [label = "a"];
	q22 -> q0 [label = "a"];
	q17 -> q21 [label = "c"];
	q17 -> q7 [label = "c"];
	q23 -> q24 [label = "b"];
	q23 -> q20 [label = "b"];
	q17 -> q18 [label = "b"];
	q17 -> q4 [label = "a, b"];
	q16 -> q7 [label = "c"];
	q22 -> q15 [label = "b"];
	q18 -> q22 [label = "a"];
	q18 -> q0 [label = "a"];
	q22 -> q7 [label = "b, c"];
	q18 -> q18 [label = "a, b"];
	q16 -> q17 [label = "a"];
	q16 -> q4 [label = "a, b"];
	q20 -> q21 [label = "c"];
	q20 -> q18 [label = "a, b, c"];
	q20 -> q7 [label = "b, c"];
	q22 -> q18 [label = "a, b"];
	q20 -> q3 [label = "c"];
	q20 -> q2 [label = "c"];
	q20 -> q1 [label = "b, c"];
	q15 -> q29 [label = "a"];
	q15 -> q22 [label = "a"];
	q15 -> q16 [label = "a"];
	q15 -> q13 [label = "a"];
	q12 -> q20 [label = "b"];
	q10 -> q21 [label = "c"];
	q10 -> q19 [label = "c"];
	q10 -> q7 [label = "c"];
	q10 -> q0 [label = "c"];
	q15 -> q4 [label = "a, b"];
	q13 -> q29 [label = "a"];
	q13 -> q15 [label = "a, b"];
	q13 -> q13 [label = "a"];
	q13 -> q4 [label = "a, b"];
	q13 -> q0 [label = "a"];
	q9 -> q23 [label = "c"];
	q5 -> q23 [label = "b"];
	q5 -> q8 [label = "b"];
	q7 -> q1 [label = "a"];
	q15 -> q0 [label = "a"];
	q2 -> q7 [label = "c"];
	q6 -> q5 [label = "a"];
	q3 -> q21 [label = "a"];
	q10 -> q23 [label = "c"];
	q3 -> q3 [label = "a"];
	q1 -> q18 [label = "b"];
	q7 -> q7 [label = "c"];
	q3 -> q30 [label = "b"];
	q3 -> q17 [label = "b"];
	q3 -> q16 [label = "b"];
	q7 -> q17 [label = "b"];
	q3 -> q15 [label = "b"];
	q3 -> q14 [label = "b"];
	q3 -> q12 [label = "b"];
	q3 -> q8 [label = "b"];
	q3 -> q7 [label = "a, b, c"];
	q3 -> q4 [label = "a, b"];
	q3 -> q1 [label = "a, b"];
	q5 -> q29 [label = "a, b, c"];
	q5 -> q28 [label = "a, c"];
	q5 -> q24 [label = "a, c"];
	q5 -> q21 [label = "a, b, c"];
	q5 -> q20 [label = "a, b, c"];
	q5 -> q15 [label = "a, b, c"];
	q14 -> q30 [label = "a"];
	q5 -> q14 [label = "a, b, c"];
	q5 -> q13 [label = "a, b, c"];
	q5 -> q12 [label = "a, b, c"];
	q5 -> q19 [label = "c"];
	q5 -> q10 [label = "c"];
	q5 -> q7 [label = "a, b, c"];
	q5 -> q3 [label = "a, c"];
	q19 -> q17 [label = "b"];
	q5 -> q2 [label = "a, b, c"];
	q5 -> q0 [label = "a, b, c"];
	q4 -> q18 [label = "b"];
	q4 -> q4 [label = "a, b"];
	q22 -> q12 [label = "b"];
	q6 -> q27 [label = "a, b"];
	q6 -> q8 [label = "a, b"];
	q0 -> q15 [label = "b"];
	q6 -> q29 [label = "a, b, c"];
	q1 -> q1 [label = "a"];
	q6 -> q28 [label = "c"];
	q6 -> q26 [label = "a, c"];
	q6 -> q25 [label = "a, b, c"];
	q6 -> q24 [label = "a, c"];
	q5 -> q11 [label = "a"];
	q6 -> q19 [label = "b, c"];
	q6 -> q17 [label = "a, b, c"];
	q6 -> q16 [label = "a, b, c"];
	q6 -> q14 [label = "a, b, c"];
	q6 -> q10 [label = "b, c"];
	q6 -> q7 [label = "a, b, c"];
	q18 -> q7 [label = "c"];
	q6 -> q4 [label = "a, b, c"];
	q0 -> q7 [label = "c"];
	q6 -> q3 [label = "a, b, c"];
	q6 -> q2 [label = "a, b, c"];
	q6 -> q1 [label = "a, b, c"];
	q6 -> q0 [label = "a, b, c"];
	q2 -> q18 [label = "b"];
	q2 -> q4 [label = "a, b"];
	q2 -> q0 [label = "b"];
	q0 -> q22 [label = "a"];
	q0 -> q4 [label = "a, b"];
	q13 -> q22 [label = "a"];
	q10 -> q29 [label = "b"];
	q10 -> q17 [label = "b"];
	q23 -> q4 [label = "a, b"];
	q30 -> q14 [label = "c"];
	q25 -> q15 [label = "a, b"];
	q24 -> q20 [label = "a"];
	q12 -> q3 [label = "a"];
	q26 -> q12 [label = "b"];
	q13 -> q7 [label = "b, c"];
	q26 -> q18 [label = "a, b"];
	q9 -> q21 [label = "a, b"];
	q26 -> q17 [label = "a"];
	q8 -> q22 [label = "a, b"];
	q26 -> q15 [label = "a, b"];
	q26 -> q16 [label = "a"];
	q23 -> q14 [label = "a, c"];
	q24 -> q15 [label = "a, b"];
	q10 -> q18 [label = "c"];
	q19 -> q16 [label = "a, c"];
	q19 -> q18 [label = "c"];
	q23 -> q21 [label = "a"];
	q24 -> q2 [label = "c"];
	q13 -> q12 [label = "b"];
	q5 -> q26 [label = "a, c"];
	q30 -> q7 [label = "c"];
	q8 -> q7 [label = "a, c"];
	q23 -> q3 [label = "a"];
	q24 -> q29 [label = "a, c"];
	q10 -> q22 [label = "c"];
	q14 -> q4 [label = "a, b"];
	q30 -> q22 [label = "b"];
	q9 -> q10 [label = "a"];
	q9 -> q25 [label = "b"];
	q6 -> q6 [label = "c"];
	q30 -> q18 [label = "b"];
	q5 -> q17 [label = "a, b, c"];
	q11 -> q18 [label = "a, b"];
	q25 -> q26 [label = "a"];
	q12 -> q2 [label = "a"];
	q14 -> q17 [label = "b"];
	q27 -> q23 [label = "b"];
	q27 -> q30 [label = "a, b"];
	q27 -> q28 [label = "a"];
	q12 -> q7 [label = "a, c"];
	q24 -> q17 [label = "a, c"];
	q24 -> q22 [label = "a, c"];
	q13 -> q16 [label = "a"];
	q25 -> q29 [label = "a, c"];
	q11 -> q25 [label = "a, b"];
	q5 -> q1 [label = "a, b, c"];
	q14 -> q7 [label = "c"];
	q25 -> q12 [label = "b"];
	q26 -> q25 [label = "a"];
	q26 -> q29 [label = "a"];
	q6 -> q20 [label = "a, b, c"];
	q27 -> q1 [label = "a, b, c"];
	q21 -> q2 [label = "a, b"];
	q16 -> q14 [label = "c"];
	q20 -> q4 [label = "a, b, c"];
	q26 -> q13 [label = "a"];
	q28 -> q0 [label = "a, b"];
	q27 -> q11 [label = "a"];
	q1 -> q7 [label = "c"];
	q27 -> q17 [label = "a, b, c"];
	q28 -> q3 [label = "a, b"];
	q27 -> q29 [label = "a, b, c"];
	q24 -> q25 [label = "a"];
	q28 -> q15 [label = "a, b"];
	q26 -> q1 [label = "b"];
	q6 -> q30 [label = "a, b, c"];
	q25 -> q13 [label = "a"];
	q27 -> q3 [label = "a, c"];
	q8 -> q13 [label = "a"];
	q22 -> q4 [label = "a, b"];
	q30 -> q15 [label = "b"];
	q8 -> q20 [label = "b"];
	q30 -> q16 [label = "b"];
	q20 -> q22 [label = "a, c"];
	q0 -> q18 [label = "a, b"];
	q27 -> q20 [label = "b"];
	q8 -> q1 [label = "a"];
	q26 -> q0 [label = "a"];
	q27 -> q13 [label = "a, b"];
	q25 -> q14 [label = "c"];
	q26 -> q10 [label = "c"];
	q28 -> q8 [label = "a, b"];
	q28 -> q19 [label = "b, c"];
	q27 -> q26 [label = "a"];
	q24 -> q16 [label = "a"];
	q11 -> q15 [label = "a, b"];
	q30 -> q4 [label = "a, b"];
	q20 -> q0 [label = "a, c"];
	q2 -> q15 [label = "b"];
	q25 -> q19 [label = "c"];
	q23 -> q1 [label = "a"];
	q9 -> q20 [label = "b"];
	q9 -> q30 [label = "a, b, c"];
	q30 -> q1 [label = "a"];
	q9 -> q29 [label = "a, b, c"];
	q29 -> q4 [label = "a, b"];
	q11 -> q0 [label = "a, b"];
	q24 -> q7 [label = "b, c"];
	q9 -> q1 [label = "a, b, c"];
	q6 -> q12 [label = "a, b, c"];
	q8 -> q11 [label = "a"];
	q28 -> q1 [label = "a, b"];
	q24 -> q3 [label = "c"];
	q27 -> q21 [label = "a, b, c"];
	q8 -> q2 [label = "a"];
	q29 -> q15 [label = "b"];
	q28 -> q30 [label = "a, b"];
	q24 -> q21 [label = "c"];
	q27 -> q8 [label = "b"];
	q27 -> q4 [label = "a, b, c"];
	q28 -> q2 [label = "a, b"];
	q27 -> q2 [label = "a, b, c"];
	q24 -> q0 [label = "a, c"];
	q27 -> q14 [label = "a, b, c"];
	q27 -> q19 [label = "c"];
	q25 -> q1 [label = "b, c"];
	q25 -> q22 [label = "a, c"];
	q27 -> q7 [label = "a, b, c"];
	q23 -> q0 [label = "a, b"];
	q28 -> q7 [label = "a, b, c"];
	q8 -> q21 [label = "a, c"];
	q5 -> q6 [label = "a, c"];
	q27 -> q18 [label = "a, b, c"];
	q27 -> q0 [label = "a, b, c"];
	q23 -> q22 [label = "a, b"];
	q11 -> q2 [label = "a, b"];
	q8 -> q12 [label = "a"];
	q27 -> q10 [label = "c"];
	q28 -> q10 [label = "b"];
	q26 -> q19 [label = "c"];
	q14 -> q16 [label = "a"];
	q28 -> q22 [label = "a, b"];
	q24 -> q18 [label = "a, b, c"];
	q28 -> q13 [label = "a, b"];
	q15 -> q17 [label = "a"];
	q10 -> q9 [label = "c"];
	q30 -> q17 [label = "a"];
	q1 -> q0 [label = "b"];
	q27 -> q12 [label = "a, b"];
	q12 -> q18 [label = "a, b"];
	q25 -> q7 [label = "b, c"];
	q28 -> q16 [label = "a, b"];
	q9 -> q4 [label = "a, b, c"];
	q25 -> q16 [label = "a"];
	q26 -> q22 [label = "a"];
	q10 -> q1 [label = "a, b, c"];
	q28 -> q21 [label = "a, b, c"];
	q19 -> q29 [label = "b"];
	q6 -> q13 [label = "a, b, c"];
	q25 -> q2 [label = "c"];
	q28 -> q17 [label = "a, b"];
	q26 -> q21 [label = "c"];
	q24 -> q14 [label = "c"];
	q29 -> q7 [label = "c"];
	q10 -> q16 [label = "a, c"];
	q28 -> q18 [label = "a, b"];
	q6 -> q21 [label = "a, b, c"];
	q24 -> q12 [label = "b"];
	q23 -> q12 [label = "a"];
	q1 -> q4 [label = "a, b"];
	q27 -> q15 [label = "a, b"];
	q13 -> q17 [label = "a"];
	q27 -> q22 [label = "a, b, c"];
	q11 -> q10 [label = "b, c"];
	q15 -> q18 [label = "a, b"];
	q28 -> q27 [label = "a, b"];
	q16 -> q18 [label = "b"];
	q3 -> q29 [label = "b"];
	q9 -> q16 [label = "a, b, c"];
	q23 -> q29 [label = "a, b"];
	q15 -> q14 [label = "c"];
	q23 -> q7 [label = "a, c"];
	q6 -> q22 [label = "a, b, c"];
	q13 -> q10 [label = "c"];
	q11 -> q7 [label = "a, b, c"];
	q5 -> q16 [label = "a, b, c"];
	q25 -> q21 [label = "c"];
	q26 -> q7 [label = "b, c"];
	q26 -> q14 [label = "c"];
	q5 -> q4 [label = "a, b, c"];
	q28 -> q29 [label = "a, b"];
	q28 -> q25 [label = "a, b"];
	q23 -> q18 [label = "a, b"];
	q3 -> q18 [label = "a, b"];
	q9 -> q7 [label = "a, b, c"];
	q13 -> q18 [label = "a, b"];
	q21 -> q1 [label = "a, b"];
	q25 -> q3 [label = "c"];
	q25 -> q4 [label = "a, b, c"];
	q5 -> q25 [label = "a, b, c"];
	q25 -> q10 [label = "c"];
	q23 -> q15 [label = "a, b"];
	q25 -> q17 [label = "a, c"];
	q16 -> q15 [label = "b"];
	q3 -> q22 [label = "a"];
	q11 -> q26 [label = "b"];
	q8 -> q3 [label = "a"];
	q23 -> q17 [label = "a, b"];
	q11 -> q21 [label = "a, b, c"];
	q23 -> q30 [label = "a"];
	q21 -> q4 [label = "a, b"];
	q21 -> q17 [label = "b"];
	q12 -> q13 [label = "a"];
	q0 -> q0 [label = "a"];
	q28 -> q14 [label = "a, b, c"];
	q9 -> q15 [label = "a, b, c"];
	q19 -> q0 [label = "c"];
	q4 -> q7 [label = "c"];
	q19 -> q1 [label = "a, b, c"];
	q21 -> q7 [label = "c"];
	q19 -> q4 [label = "a, b, c"];
	q23 -> q2 [label = "a"];
	q26 -> q4 [label = "a, b"];
	q19 -> q7 [label = "c"];
	q14 -> q1 [label = "a"];
	q27 -> q25 [label = "b"];
	q19 -> q23 [label = "c"];
	q10 -> q2 [label = "a, b, c"];
	q19 -> q30 [label = "a, c"];
	q9 -> q0 [label = "a, b, c"];
	q9 -> q2 [label = "a, b, c"];
	q19 -> q2 [label = "a, b, c"];
	q28 -> q4 [label = "a, b"];
	q28 -> q20 [label = "a, b"];
	q24 -> q13 [label = "a"];
	q21 -> q29 [label = "b"];
	q9 -> q3 [label = "a, b"];
	q9 -> q6 [label = "b"];
	q9 -> q12 [label = "a, b, c"];
	q5 -> q18 [label = "a, b, c"];
	q9 -> q13 [label = "b"];
	q6 -> q15 [label = "a, b, c"];
	q9 -> q14 [label = "a, b, c"];
	q13 -> q1 [label = "b"];
	q9 -> q17 [label = "a, b, c"];
	q24 -> q4 [label = "a, b, c"];
	q8 -> q16 [label = "a, b"];
	q28 -> q12 [label = "a, b"];
	q9 -> q18 [label = "a, b, c"];
	q9 -> q22 [label = "a, b"];
	q11 -> q24 [label = "b"];
	q7 -> q29 [label = "b"];
	q9 -> q24 [label = "b"];
	q26 -> q20 [label = "a"];
	q11 -> q17 [label = "a, b"];
	q11 -> q4 [label = "a, b"];
	q11 -> q30 [label = "a, b"];
	q8 -> q29 [label = "a, b"];
	q27 -> q16 [label = "a, b"];
	q9 -> q26 [label = "b"];
	q9 -> q28 [label = "a, b"];
	q29 -> q21 [label = "c"];
	q11 -> q1 [label = "a, b"];
	q11 -> q3 [label = "a, b"];
	q9 -> q8 [label = "c"];
	q12 -> q1 [label = "a"];
	q11 -> q8 [label = "a, b"];
	q3 -> q0 [label = "a, b"];
	q11 -> q16 [label = "a, b"];
	q5 -> q22 [label = "a, b, c"];
	q9 -> q19 [label = "a"];
	q12 -> q29 [label = "a, b"];
	q11 -> q13 [label = "a, b"];
	q2 -> q16 [label = "b"];
	q11 -> q14 [label = "a, b, c"];
	q11 -> q29 [label = "a, b"];
	q11 -> q20 [label = "a, b"];
	q11 -> q22 [label = "a, b"];
	q11 -> q27 [label = "a, b"];
	q14 -> q29 [label = "b"];
	q15 -> q7 [label = "c"];
	q11 -> q19 [label = "b, c"];
	q13 -> q14 [label = "c"];
	q5 -> q30 [label = "a, b, c"];
	q23 -> q28 [label = "a"];
	q12 -> q14 [label = "a, c"];
	q29 -> q18 [label = "b"];
	q13 -> q19 [label = "c"];
	q13 -> q21 [label = "c"];
	q7 -> q2 [label = "a"];
	q8 -> q10 [label = "c"];
	q22 -> q1 [label = "b"];
	q3 -> q2 [label = "a, b"];
	q8 -> q14 [label = "a, c"];
	q15 -> q15 [label = "a"];
	q6 -> q18 [label = "a, b, c"];
	q14 -> q21 [label = "c"];
	q8 -> q19 [label = "c"];
	q18 -> q4 [label = "a, b"];
	q12 -> q0 [label = "a, b"];
	q12 -> q4 [label = "a, b"];
	q12 -> q12 [label = "a"];
	q25 -> q18 [label = "a, b, c"];
	q12 -> q15 [label = "a"];
	q12 -> q16 [label = "a"];
	q8 -> q26 [label = "a"];
	q12 -> q17 [label = "a, b"];
	q12 -> q21 [label = "a"];
	q12 -> q22 [label = "a, b"];
	q14 -> q19 [label = "c"];
	q14 -> q2 [label = "a"];
	q2 -> q1 [label = "a"];
	q30 -> q0 [label = "b"];
	q23 -> q16 [label = "a, b"];
	q12 -> q30 [label = "a"];
	q8 -> q0 [label = "a, b"];
	q8 -> q4 [label = "a, b"];
	q25 -> q0 [label = "a, c"];
	q8 -> q15 [label = "a, b"];
	q8 -> q17 [label = "a, b"];
	q24 -> q1 [label = "b, c"];
	q8 -> q18 [label = "a, b"];
	q7 -> q4 [label = "a, b"];
	q10 -> q4 [label = "a, b, c"];
	q8 -> q30 [label = "a"];
	q11 -> q12 [label = "a, b"];
	q10 -> q30 [label = "a, c"];
	q8 -> q28 [label = "a"];
}
NFA size: 31 states

AL* output after 16 EQ and 10288 MQ:
digraph finite_state_machine {
	rankdir=LR;
	node [shape = circle];
	s0 [shape = point, style = invis, start="true" ];
	s1 [shape = point, style = invis, start="true" ];
	q0 [label = "q0"];
	q1 [label = "q1"];
	q2 [label = "q2"];
	q3 [label = "q3"];
	q4 [label = "q4"];
	q5 [label = "q5"];
	q6 [label = "q6"];
	q7 [label = "q7", shape = doublecircle, final="true" ];
	q8 [label = "q8"];
	q9 [label = "q9"];
	q10 [label = "q10"];
	q11 [label = "q11", shape = doublecircle, final="true" ];
	q12 [label = "q12", shape = doublecircle, final="true" ];
	q13 [label = "q13", shape = doublecircle, final="true" ];
	q14 [label = "q14", shape = doublecircle, final="true" ];
	m0 [label = "", shape = square, style = filled, color=grey, fixedsize=true, width=.2];
	m1 [label = "", shape = square, style = filled, color=grey, fixedsize=true, width=.2];
	m2 [label = "", shape = square, style = filled, color=grey, fixedsize=true, width=.2];
	m3 [label = "", shape = square, style = filled, color=grey, fixedsize=true, width=.2];
	m4 [label = "", shape = square, style = filled, color=grey, fixedsize=true, width=.2];
	m5 [label = "", shape = square, style = filled, color=grey, fixedsize=true, width=.2];
	m6 [label = "", shape = square, style = filled, color=grey, fixedsize=true, width=.2];
	m7 [label = "", shape = square, style = filled, color=grey, fixedsize=true, width=.2];
	m8 [label = "", shape = square, style = filled, color=grey, fixedsize=true, width=.2];
	m9 [label = "", shape = square, style = filled, color=grey, fixedsize=true, width=.2];
	m10 [label = "", shape = square, style = filled, color=grey, fixedsize=true, width=.2];
	m11 [label = "", shape = square, style = filled, color=grey, fixedsize=true, width=.2];
	m12 [label = "", shape = square, style = filled, color=grey, fixedsize=true, width=.2];
	m13 [label = "", shape = square, style = filled, color=grey, fixedsize=true, width=.2];
	m14 [label = "", shape = square, style = filled, color=grey, fixedsize=true, width=.2];
	m15 [label = "", shape = square, style = filled, color=grey, fixedsize=true, width=.2];
	m16 [label = "", shape = square, style = filled, color=grey, fixedsize=true, width=.2];
	m17 [label = "", shape = square, style = filled, color=grey, fixedsize=true, width=.2];
	m18 [label = "", shape = square, style = filled, color=grey, fixedsize=true, width=.2];
	m19 [label = "", shape = square, style = filled, color=grey, fixedsize=true, width=.2];
	m20 [label = "", shape = square, style = filled, color=grey, fixedsize=true, width=.2];
	m21 [label = "", shape = square, style = filled, color=grey, fixedsize=true, width=.2];
	m22 [label = "", shape = square, style = filled, color=grey, fixedsize=true, width=.2];
	m23 [label = "", shape = square, style = filled, color=grey, fixedsize=true, width=.2];
	s0 -> m0
	s1 -> m1
	q11 -> m15 [label = "a"];
	q11 -> m17 [label = "a"];
	q11 -> m23 [label = "a"];
	q9 -> m10 [label = "a"];
	q9 -> m14 [label = "a"];
	q11 -> m13 [label = "b"];
	q11 -> m12 [label = "b"];
	q13 -> m4 [label = "c"];
	q8 -> m6 [label = "c"];
	q8 -> m4 [label = "c"];
	q8 -> m21 [label = "b"];
	q8 -> m12 [label = "b"];
	q10 -> m2 [label = "a"];
	q14 -> m14 [label = "c"];
	q14 -> m2 [label = "b, c"];
	q8 -> m20 [label = "a"];
	q4 -> m13 [label = "a"];
	q5 -> m17 [label = "a"];
	q13 -> q10 [label = "c"];
	q7 -> m9 [label = "b"];
	q11 -> m6 [label = "c"];
	q6 -> m16 [label = "a"];
	q6 -> m1 [label = "a, b"];
	q2 -> m5 [label = "c"];
	q2 -> m21 [label = "a"];
	q9 -> m8 [label = "b"];
	q0 -> m22 [label = "a"];
	q7 -> m10 [label = "a, b"];
	q7 -> m7 [label = "a, c"];
	q5 -> m8 [label = "a"];
	q7 -> m2 [label = "c"];
	q5 -> m12 [label = "b"];
	q13 -> m2 [label = "b"];
	q12 -> m3 [label = "a, b"];
	q14 -> m7 [label = "a, c"];
	q8 -> m22 [label = "a"];
	q9 -> m2 [label = "c"];
	q9 -> m15 [label = "b"];
	q7 -> m14 [label = "a, c"];
	q6 -> m19 [label = "b"];
	q12 -> m8 [label = "b"];
	q4 -> m15 [label = "b"];
	q5 -> m13 [label = "b"];
	q14 -> m3 [label = "a, b"];
	q10 -> m14 [label = "a, b"];
	q13 -> m3 [label = "a, b"];
	q3 -> m5 [label = "a"];
	q9 -> m17 [label = "a"];
	q10 -> m10 [label = "c"];
	q1 -> m2 [label = "c"];
	q11 -> m5 [label = "c"];
	q7 -> m15 [label = "b"];
	q0 -> m18 [label = "c"];
	q8 -> m19 [label = "a"];
	q12 -> m2 [label = "b, c"];
	q1 -> m17 [label = "a"];
	q11 -> m4 [label = "c"];
	q10 -> m9 [label = "c"];
	q1 -> m15 [label = "b"];
	q1 -> m10 [label = "a, b"];
	q6 -> m20 [label = "b"];
	q3 -> m9 [label = "b"];
	q1 -> m14 [label = "a"];
	q2 -> m12 [label = "b"];
	q5 -> m5 [label = "c"];
	q4 -> m17 [label = "a"];
	q4 -> m5 [label = "a"];
	q5 -> m2 [label = "c"];
	q6 -> q10 [label = "c"];
	q0 -> m11 [label = "c"];
	q0 -> m12 [label = "b"];
	q1 -> m5 [label = "c"];
	q0 -> m1 [label = "b"];
	q1 -> m9 [label = "b"];
	q3 -> m11 [label = "c"];
	q0 -> m20 [label = "a"];
	q4 -> m6 [label = "c"];
	q4 -> m4 [label = "c"];
	q2 -> m13 [label = "b"];
	q10 -> m7 [label = "b"];
	m0 -> q1;
	m0 -> q4;
	m0 -> q5;
	m0 -> q7;
	m0 -> q8;
	m0 -> q9;
	m0 -> q10;
	m0 -> q11;
	m0 -> q12;
	m0 -> q13;
	m0 -> q14;
	m1 -> q0;
	m1 -> q1;
	m1 -> q2;
	m1 -> q3;
	m1 -> q5;
	m1 -> q7;
	m1 -> q8;
	m1 -> q9;
	m1 -> q10;
	m1 -> q11;
	m1 -> q12;
	m1 -> q13;
	m1 -> q14;
	m2 -> q6;
	m2 -> q13;
	m3 -> q1;
	m3 -> q7;
	m4 -> q1;
	m4 -> q5;
	m4 -> q6;
	m4 -> q7;
	m4 -> q9;
	m4 -> q12;
	m4 -> q13;
	m4 -> q14;
	m5 -> q1;
	m5 -> q3;
	m5 -> q7;
	m5 -> q12;
	m5 -> q13;
	m5 -> q14;
	m6 -> q1;
	m6 -> q4;
	m6 -> q6;
	m6 -> q7;
	m6 -> q9;
	m6 -> q10;
	m6 -> q12;
	m6 -> q13;
	m6 -> q14;
	m7 -> q7;
	m7 -> q14;
	m8 -> q7;
	m8 -> q11;
	m8 -> q12;
	m8 -> q13;
	m8 -> q14;
	m9 -> q1;
	m9 -> q7;
	m9 -> q9;
	m10 -> q9;
	m10 -> q10;
	m10 -> q12;
	m11 -> q1;
	m11 -> q3;
	m11 -> q4;
	m11 -> q6;
	m11 -> q7;
	m11 -> q9;
	m11 -> q10;
	m11 -> q12;
	m11 -> q13;
	m11 -> q14;
	m12 -> q1;
	m12 -> q4;
	m12 -> q5;
	m12 -> q7;
	m12 -> q9;
	m12 -> q11;
	m12 -> q12;
	m12 -> q13;
	m12 -> q14;
	m13 -> q1;
	m13 -> q4;
	m13 -> q7;
	m13 -> q9;
	m13 -> q10;
	m13 -> q12;
	m13 -> q13;
	m13 -> q14;
	m14 -> q12;
	m14 -> q13;
	m14 -> q14;
	m15 -> q1;
	m15 -> q2;
	m15 -> q5;
	m15 -> q7;
	m15 -> q11;
	m15 -> q14;
	m16 -> q1;
	m16 -> q4;
	m16 -> q7;
	m16 -> q8;
	m16 -> q9;
	m16 -> q10;
	m16 -> q12;
	m16 -> q13;
	m16 -> q14;
	m17 -> q1;
	m17 -> q5;
	m17 -> q7;
	m17 -> q9;
	m17 -> q12;
	m17 -> q14;
	m18 -> q1;
	m18 -> q2;
	m18 -> q3;
	m18 -> q5;
	m18 -> q6;
	m18 -> q7;
	m18 -> q10;
	m18 -> q11;
	m18 -> q12;
	m18 -> q13;
	m18 -> q14;
	m19 -> q0;
	m19 -> q1;
	m19 -> q2;
	m19 -> q5;
	m19 -> q6;
	m19 -> q7;
	m19 -> q9;
	m19 -> q11;
	m19 -> q12;
	m19 -> q13;
	m19 -> q14;
	m20 -> q0;
	m20 -> q1;
	m20 -> q3;
	m20 -> q4;
	m20 -> q6;
	m20 -> q7;
	m20 -> q8;
	m20 -> q9;
	m20 -> q10;
	m20 -> q12;
	m20 -> q13;
	m20 -> q14;
	m21 -> q1;
	m21 -> q2;
	m21 -> q3;
	m21 -> q5;
	m21 -> q7;
	m21 -> q10;
	m21 -> q11;
	m21 -> q12;
	m21 -> q13;
	m21 -> q14;
	m22 -> q0;
	m22 -> q1;
	m22 -> q2;
	m22 -> q3;
	m22 -> q4;
	m22 -> q5;
	m22 -> q7;
	m22 -> q8;
	m22 -> q9;
	m22 -> q10;
	m22 -> q11;
	m22 -> q12;
	m22 -> q13;
	m22 -> q14;
	m23 -> q1;
	m23 -> q5;
	m23 -> q7;
	m23 -> q9;
	m23 -> q10;
	m23 -> q14;
}
AFA size: 15 states

