Random target AFA:
digraph finite_state_machine {
	rankdir=LR;
	node [shape = circle];
	s0 [shape = point, style = invis, start="true" ];
	s1 [shape = point, style = invis, start="true" ];
	q0 [label = "q0"];
	q1 [label = "q1", shape = doublecircle, final="true" ];
	q2 [label = "q2"];
	q3 [label = "q3"];
	q4 [label = "q4", shape = doublecircle, final="true" ];
	q5 [label = "q5"];
	q6 [label = "q6"];
	m0 [label = "", shape = square, style = filled, color=grey, fixedsize=true, width=.2];
	m1 [label = "", shape = square, style = filled, color=grey, fixedsize=true, width=.2];
	m2 [label = "", shape = square, style = filled, color=grey, fixedsize=true, width=.2];
	m3 [label = "", shape = square, style = filled, color=grey, fixedsize=true, width=.2];
	m4 [label = "", shape = square, style = filled, color=grey, fixedsize=true, width=.2];
	m5 [label = "", shape = square, style = filled, color=grey, fixedsize=true, width=.2];
	m6 [label = "", shape = square, style = filled, color=grey, fixedsize=true, width=.2];
	s0 -> q2
	s1 -> q4
	q3 -> q3 [label = "c"];
	q5 -> m6 [label = "b"];
	q4 -> q0 [label = "b"];
	q4 -> q6 [label = "b"];
	q6 -> q5 [label = "a"];
	q6 -> q1 [label = "a"];
	q5 -> q4 [label = "a"];
	q3 -> m5 [label = "a"];
	q3 -> q0 [label = "b"];
	q1 -> m4 [label = "b"];
	q1 -> q6 [label = "a"];
	q0 -> q0 [label = "a, c"];
	q0 -> q6 [label = "a"];
	q2 -> q3 [label = "a"];
	q2 -> q4 [label = "b, c"];
	q6 -> m0 [label = "c"];
	q1 -> q5 [label = "c"];
	q0 -> m1 [label = "b"];
	q6 -> m2 [label = "b"];
	q2 -> q1 [label = "a"];
	q4 -> q1 [label = "c"];
	q4 -> m3 [label = "a"];
	q5 -> m2 [label = "c"];
	q1 -> q3 [label = "a"];
	q2 -> q2 [label = "c"];
	q1 -> q2 [label = "a"];
	m0 -> q1;
	m0 -> q3;
	m1 -> q0;
	m1 -> q6;
	m2 -> q0;
	m2 -> q3;
	m2 -> q6;
	m3 -> q0;
	m3 -> q4;
	m4 -> q3;
	m4 -> q4;
	m5 -> q2;
	m5 -> q4;
	m5 -> q5;
	m6 -> q2;
	m6 -> q4;
}

L* output after 16 EQ and 80400 MQ:
digraph finite_state_machine {
	rankdir=LR;
	node [shape = circle];
	s0 [shape = point, style = invis, start="true" ];
	q0 [label = "q0"];
	q1 [label = "q1"];
	q2 [label = "q2"];
	q3 [label = "q3"];
	q4 [label = "q4"];
	q5 [label = "q5"];
	q6 [label = "q6"];
	q7 [label = "q7"];
	q8 [label = "q8"];
	q9 [label = "q9"];
	q10 [label = "q10"];
	q11 [label = "q11"];
	q12 [label = "q12"];
	q13 [label = "q13"];
	q14 [label = "q14"];
	q15 [label = "q15"];
	q16 [label = "q16"];
	q17 [label = "q17"];
	q18 [label = "q18"];
	q19 [label = "q19"];
	q20 [label = "q20"];
	q21 [label = "q21"];
	q22 [label = "q22"];
	q23 [label = "q23"];
	q24 [label = "q24"];
	q25 [label = "q25"];
	q26 [label = "q26"];
	q27 [label = "q27"];
	q28 [label = "q28"];
	q29 [label = "q29"];
	q30 [label = "q30"];
	q31 [label = "q31"];
	q32 [label = "q32"];
	q33 [label = "q33"];
	q34 [label = "q34"];
	q35 [label = "q35"];
	q36 [label = "q36"];
	q37 [label = "q37"];
	q38 [label = "q38", shape = doublecircle, final="true" ];
	q39 [label = "q39"];
	q40 [label = "q40"];
	q41 [label = "q41"];
	q42 [label = "q42"];
	q43 [label = "q43"];
	q44 [label = "q44"];
	q45 [label = "q45"];
	q46 [label = "q46"];
	q47 [label = "q47"];
	q48 [label = "q48"];
	q49 [label = "q49"];
	q50 [label = "q50"];
	q51 [label = "q51"];
	q52 [label = "q52"];
	q53 [label = "q53", shape = doublecircle, final="true" ];
	q54 [label = "q54", shape = doublecircle, final="true" ];
	q55 [label = "q55", shape = doublecircle, final="true" ];
	q56 [label = "q56", shape = doublecircle, final="true" ];
	q57 [label = "q57", shape = doublecircle, final="true" ];
	q58 [label = "q58", shape = doublecircle, final="true" ];
	q59 [label = "q59", shape = doublecircle, final="true" ];
	q60 [label = "q60", shape = doublecircle, final="true" ];
	q61 [label = "q61", shape = doublecircle, final="true" ];
	q62 [label = "q62"];
	q63 [label = "q63"];
	q64 [label = "q64", shape = doublecircle, final="true" ];
	q65 [label = "q65", shape = doublecircle, final="true" ];
	q66 [label = "q66", shape = doublecircle, final="true" ];
	q67 [label = "q67", shape = doublecircle, final="true" ];
	q68 [label = "q68"];
	q69 [label = "q69"];
	q70 [label = "q70", shape = doublecircle, final="true" ];
	q71 [label = "q71"];
	q72 [label = "q72"];
	q73 [label = "q73", shape = doublecircle, final="true" ];
	q74 [label = "q74", shape = doublecircle, final="true" ];
	q75 [label = "q75"];
	q76 [label = "q76"];
	q77 [label = "q77", shape = doublecircle, final="true" ];
	q78 [label = "q78", shape = doublecircle, final="true" ];
	q79 [label = "q79", shape = doublecircle, final="true" ];
	q80 [label = "q80"];
	q81 [label = "q81", shape = doublecircle, final="true" ];
	q82 [label = "q82"];
	q83 [label = "q83", shape = doublecircle, final="true" ];
	q84 [label = "q84", shape = doublecircle, final="true" ];
	q85 [label = "q85"];
	q86 [label = "q86", shape = doublecircle, final="true" ];
	q87 [label = "q87"];
	q88 [label = "q88"];
	q89 [label = "q89", shape = doublecircle, final="true" ];
	q90 [label = "q90"];
	q91 [label = "q91"];
	q92 [label = "q92", shape = doublecircle, final="true" ];
	q93 [label = "q93", shape = doublecircle, final="true" ];
	q94 [label = "q94", shape = doublecircle, final="true" ];
	q95 [label = "q95", shape = doublecircle, final="true" ];
	q96 [label = "q96", shape = doublecircle, final="true" ];
	q97 [label = "q97", shape = doublecircle, final="true" ];
	q98 [label = "q98", shape = doublecircle, final="true" ];
	q99 [label = "q99"];
	q100 [label = "q100"];
	q101 [label = "q101"];
	q102 [label = "q102"];
	q103 [label = "q103", shape = doublecircle, final="true" ];
	q104 [label = "q104"];
	q105 [label = "q105", shape = doublecircle, final="true" ];
	q106 [label = "q106", shape = doublecircle, final="true" ];
	q107 [label = "q107"];
	q108 [label = "q108"];
	q109 [label = "q109"];
	q110 [label = "q110"];
	q111 [label = "q111"];
	q112 [label = "q112"];
	q113 [label = "q113"];
	q114 [label = "q114"];
	q115 [label = "q115"];
	q116 [label = "q116"];
	q117 [label = "q117"];
	q118 [label = "q118"];
	q119 [label = "q119"];
	q120 [label = "q120"];
	q121 [label = "q121"];
	q122 [label = "q122"];
	q123 [label = "q123"];
	q124 [label = "q124"];
	q125 [label = "q125"];
	q126 [label = "q126", shape = doublecircle, final="true" ];
	q127 [label = "q127", shape = doublecircle, final="true" ];
	q128 [label = "q128"];
	q129 [label = "q129"];
	q130 [label = "q130", shape = doublecircle, final="true" ];
	q131 [label = "q131"];
	q132 [label = "q132"];
	q133 [label = "q133"];
	q134 [label = "q134"];
	q135 [label = "q135"];
	q136 [label = "q136", shape = doublecircle, final="true" ];
	q137 [label = "q137"];
	q138 [label = "q138", shape = doublecircle, final="true" ];
	q139 [label = "q139"];
	q140 [label = "q140"];
	q141 [label = "q141"];
	q142 [label = "q142"];
	q143 [label = "q143"];
	q144 [label = "q144"];
	q145 [label = "q145"];
	q146 [label = "q146"];
	q147 [label = "q147"];
	q148 [label = "q148", shape = doublecircle, final="true" ];
	q149 [label = "q149"];
	q150 [label = "q150"];
	q151 [label = "q151"];
	q152 [label = "q152"];
	q153 [label = "q153", shape = doublecircle, final="true" ];
	q154 [label = "q154"];
	q155 [label = "q155"];
	q156 [label = "q156"];
	q157 [label = "q157", shape = doublecircle, final="true" ];
	q158 [label = "q158"];
	q159 [label = "q159"];
	q160 [label = "q160"];
	q161 [label = "q161"];
	q162 [label = "q162"];
	q163 [label = "q163", shape = doublecircle, final="true" ];
	q164 [label = "q164"];
	q165 [label = "q165", shape = doublecircle, final="true" ];
	q166 [label = "q166"];
	q167 [label = "q167"];
	q168 [label = "q168"];
	q169 [label = "q169"];
	q170 [label = "q170"];
	q171 [label = "q171"];
	q172 [label = "q172"];
	q173 [label = "q173"];
	q174 [label = "q174"];
	q175 [label = "q175"];
	q176 [label = "q176"];
	q177 [label = "q177"];
	q178 [label = "q178"];
	s0 -> q94
	q85 -> q101 [label = "b"];
	q82 -> q95 [label = "c"];
	q85 -> q86 [label = "a"];
	q83 -> q92 [label = "b"];
	q80 -> q175 [label = "b"];
	q86 -> q100 [label = "c"];
	q84 -> q96 [label = "c"];
	q77 -> q170 [label = "b"];
	q86 -> q65 [label = "a"];
	q75 -> q74 [label = "c"];
	q78 -> q139 [label = "a"];
	q74 -> q141 [label = "c"];
	q78 -> q173 [label = "b"];
	q76 -> q120 [label = "a"];
	q72 -> q71 [label = "c"];
	q78 -> q76 [label = "c"];
	q74 -> q135 [label = "b"];
	q72 -> q97 [label = "a"];
	q71 -> q70 [label = "a"];
	q67 -> q60 [label = "c"];
	q68 -> q173 [label = "b"];
	q66 -> q66 [label = "c"];
	q85 -> q134 [label = "c"];
	q69 -> q68 [label = "a"];
	q69 -> q31 [label = "c"];
	q65 -> q65 [label = "a"];
	q66 -> q59 [label = "a"];
	q68 -> q95 [label = "c"];
	q74 -> q73 [label = "a"];
	q63 -> q58 [label = "a"];
	q63 -> q121 [label = "b"];
	q63 -> q52 [label = "c"];
	q56 -> q54 [label = "c"];
	q60 -> q89 [label = "c"];
	q56 -> q61 [label = "a"];
	q55 -> q123 [label = "a"];
	q51 -> q49 [label = "c"];
	q52 -> q101 [label = "b"];
	q62 -> q57 [label = "a"];
	q53 -> q138 [label = "a"];
	q51 -> q104 [label = "a"];
	q53 -> q89 [label = "c"];
	q49 -> q48 [label = "a"];
	q54 -> q135 [label = "b"];
	q52 -> q85 [label = "a"];
	q48 -> q167 [label = "c"];
	q52 -> q52 [label = "c"];
	q46 -> q157 [label = "a"];
	q42 -> q25 [label = "c"];
	q20 -> q13 [label = "b"];
	q21 -> q47 [label = "a"];
	q17 -> q24 [label = "b"];
	q23 -> q12 [label = "c"];
	q59 -> q92 [label = "b"];
	q17 -> q16 [label = "a"];
	q16 -> q49 [label = "c"];
	q20 -> q175 [label = "a"];
	q18 -> q36 [label = "a"];
	q75 -> q153 [label = "a"];
	q72 -> q135 [label = "b"];
	q22 -> q25 [label = "c"];
	q18 -> q117 [label = "b"];
	q16 -> q15 [label = "a"];
	q70 -> q69 [label = "c"];
	q20 -> q117 [label = "c"];
	q50 -> q42 [label = "b"];
	q15 -> q174 [label = "a"];
	q13 -> q117 [label = "b"];
	q87 -> q149 [label = "c"];
	q11 -> q2 [label = "c"];
	q14 -> q47 [label = "a"];
	q12 -> q117 [label = "b"];
	q55 -> q114 [label = "b"];
	q10 -> q7 [label = "c"];
	q15 -> q101 [label = "b"];
	q51 -> q42 [label = "b"];
	q3 -> q1 [label = "c"];
	q59 -> q61 [label = "a"];
	q7 -> q47 [label = "a"];
	q62 -> q87 [label = "c"];
	q1 -> q12 [label = "c"];
	q50 -> q151 [label = "a"];
	q5 -> q4 [label = "a"];
	q6 -> q13 [label = "b"];
	q2 -> q47 [label = "a"];
	q0 -> q47 [label = "a"];
	q12 -> q3 [label = "c"];
	q10 -> q8 [label = "b"];
	q14 -> q10 [label = "c"];
	q14 -> q117 [label = "b"];
	q12 -> q47 [label = "a"];
	q11 -> q8 [label = "b"];
	q9 -> q44 [label = "a"];
	q70 -> q86 [label = "a"];
	q11 -> q47 [label = "a"];
	q19 -> q117 [label = "c"];
	q87 -> q111 [label = "a"];
	q21 -> q24 [label = "b"];
	q57 -> q173 [label = "b"];
	q23 -> q111 [label = "a"];
	q26 -> q42 [label = "b"];
	q28 -> q21 [label = "c"];
	q26 -> q151 [label = "a"];
	q30 -> q117 [label = "c"];
	q2 -> q117 [label = "b"];
	q24 -> q25 [label = "c"];
	q4 -> q43 [label = "c"];
	q25 -> q47 [label = "a"];
	q27 -> q51 [label = "b"];
	q3 -> q47 [label = "a"];
	q25 -> q117 [label = "b"];
	q79 -> q135 [label = "b"];
	q27 -> q176 [label = "a"];
	q7 -> q14 [label = "c"];
	q31 -> q52 [label = "c"];
	q26 -> q49 [label = "c"];
	q49 -> q117 [label = "b"];
	q28 -> q24 [label = "b"];
	q65 -> q66 [label = "c"];
	q30 -> q111 [label = "a"];
	q82 -> q112 [label = "b"];
	q27 -> q172 [label = "c"];
	q32 -> q148 [label = "a"];
	q23 -> q22 [label = "b"];
	q22 -> q42 [label = "b"];
	q36 -> q160 [label = "c"];
	q32 -> q82 [label = "b"];
	q34 -> q157 [label = "a"];
	q38 -> q63 [label = "c"];
	q31 -> q177 [label = "a"];
	q32 -> q87 [label = "c"];
	q38 -> q114 [label = "b"];
	q37 -> q43 [label = "c"];
	q6 -> q14 [label = "c"];
	q35 -> q174 [label = "a"];
	q33 -> q32 [label = "c"];
	q0 -> q117 [label = "b"];
	q39 -> q117 [label = "b"];
	q34 -> q131 [label = "c"];
	q36 -> q101 [label = "b"];
	q24 -> q117 [label = "b"];
	q38 -> q33 [label = "a"];
	q35 -> q18 [label = "c"];
	q37 -> q101 [label = "b"];
	q39 -> q34 [label = "a"];
	q44 -> q49 [label = "c"];
	q67 -> q84 [label = "b"];
	q58 -> q55 [label = "c"];
	q42 -> q117 [label = "b"];
	q40 -> q139 [label = "a"];
	q64 -> q61 [label = "a"];
	q46 -> q38 [label = "c"];
	q57 -> q136 [label = "a"];
	q40 -> q154 [label = "b"];
	q61 -> q60 [label = "c"];
	q42 -> q35 [label = "a"];
	q46 -> q173 [label = "b"];
	q70 -> q173 [label = "b"];
	q40 -> q133 [label = "c"];
	q62 -> q82 [label = "b"];
	q33 -> q72 [label = "a"];
	q45 -> q134 [label = "c"];
	q43 -> q117 [label = "b"];
	q81 -> q174 [label = "a"];
	q47 -> q14 [label = "c"];
	q43 -> q36 [label = "a"];
	q41 -> q84 [label = "b"];
	q47 -> q13 [label = "b"];
	q88 -> q98 [label = "a"];
	q90 -> q52 [label = "b"];
	q88 -> q82 [label = "b"];
	q90 -> q85 [label = "a"];
	q49 -> q20 [label = "c"];
	q94 -> q89 [label = "c"];
	q88 -> q87 [label = "c"];
	q92 -> q86 [label = "a"];
	q4 -> q37 [label = "a"];
	q94 -> q92 [label = "b"];
	q89 -> q67 [label = "a"];
	q91 -> q84 [label = "b"];
	q89 -> q92 [label = "b"];
	q54 -> q142 [label = "c"];
	q9 -> q18 [label = "c"];
	q91 -> q97 [label = "a"];
	q84 -> q85 [label = "a, b"];
	q89 -> q66 [label = "c"];
	q142 -> q82 [label = "b"];
	q129 -> q30 [label = "c"];
	q139 -> q99 [label = "b"];
	q61 -> q65 [label = "a"];
	q177 -> q134 [label = "c"];
	q141 -> q58 [label = "a"];
	q165 -> q170 [label = "b"];
	q106 -> q97 [label = "a"];
	q44 -> q37 [label = "a"];
	q141 -> q82 [label = "b"];
	q29 -> q26 [label = "b"];
	q178 -> q155 [label = "a"];
	q82 -> q85 [label = "a"];
	q143 -> q47 [label = "a"];
	q150 -> q21 [label = "c"];
	q144 -> q147 [label = "c"];
	q120 -> q173 [label = "b"];
	q13 -> q25 [label = "c"];
	q145 -> q152 [label = "c"];
	q128 -> q131 [label = "c"];
	q76 -> q152 [label = "c"];
	q174 -> q174 [label = "a"];
	q150 -> q22 [label = "b"];
	q59 -> q66 [label = "c"];
	q17 -> q18 [label = "c"];
	q145 -> q98 [label = "a"];
	q158 -> q116 [label = "a"];
	q28 -> q175 [label = "a"];
	q29 -> q117 [label = "c"];
	q148 -> q69 [label = "c"];
	q107 -> q90 [label = "b"];
	q149 -> q149 [label = "c"];
	q25 -> q19 [label = "c"];
	q45 -> q136 [label = "a"];
	q115 -> q92 [label = "a"];
	q145 -> q137 [label = "b"];
	q95 -> q114 [label = "b"];
	q151 -> q101 [label = "b"];
	q149 -> q52 [label = "b"];
	q154 -> q42 [label = "b"];
	q137 -> q112 [label = "b"];
	q140 -> q125 [label = "c"];
	q138 -> q142 [label = "c"];
	q144 -> q97 [label = "a"];
	q5 -> q101 [label = "b"];
	q112 -> q155 [label = "a"];
	q158 -> q25 [label = "c"];
	q105 -> q170 [label = "b"];
	q22 -> q17 [label = "a"];
	q143 -> q178 [label = "b"];
	q146 -> q152 [label = "c"];
	q140 -> q178 [label = "b"];
	q120 -> q136 [label = "a"];
	q152 -> q111 [label = "a"];
	q153 -> q135 [label = "b"];
	q123 -> q127 [label = "c"];
	q152 -> q172 [label = "c"];
	q98 -> q85 [label = "b"];
	q157 -> q162 [label = "c"];
	q34 -> q101 [label = "b"];
	q169 -> q27 [label = "c"];
	q45 -> q154 [label = "b"];
	q155 -> q106 [label = "a"];
	q136 -> q145 [label = "c"];
	q130 -> q141 [label = "c"];
	q109 -> q135 [label = "b"];
	q139 -> q146 [label = "c"];
	q160 -> q30 [label = "c"];
	q73 -> q90 [label = "b"];
	q50 -> q160 [label = "c"];
	q159 -> q82 [label = "b"];
	q154 -> q160 [label = "c"];
	q178 -> q39 [label = "c"];
	q48 -> q101 [label = "b"];
	q134 -> q158 [label = "b"];
	q1 -> q24 [label = "b"];
	q125 -> q156 [label = "b"];
	q97 -> q88 [label = "c"];
	q171 -> q52 [label = "b"];
	q86 -> q99 [label = "b"];
	q29 -> q176 [label = "a"];
	q136 -> q99 [label = "b"];
	q69 -> q140 [label = "b"];
	q173 -> q134 [label = "c"];
	q83 -> q64 [label = "a"];
	q103 -> q92 [label = "b"];
	q165 -> q41 [label = "a"];
	q155 -> q101 [label = "b"];
	q168 -> q163 [label = "a"];
	q68 -> q86 [label = "a"];
	q142 -> q92 [label = "a"];
	q135 -> q95 [label = "c"];
	q110 -> q78 [label = "a"];
	q171 -> q177 [label = "a"];
	q114 -> q116 [label = "a"];
	q175 -> q101 [label = "b"];
	q178 -> q101 [label = "b"];
	q147 -> q137 [label = "b"];
	q79 -> q62 [label = "c"];
	q54 -> q53 [label = "a"];
	q107 -> q109 [label = "a"];
	q19 -> q47 [label = "a"];
	q3 -> q24 [label = "b"];
	q92 -> q96 [label = "c"];
	q169 -> q137 [label = "b"];
	q163 -> q174 [label = "a"];
	q159 -> q149 [label = "c"];
	q109 -> q119 [label = "c"];
	q66 -> q92 [label = "b"];
	q58 -> q86 [label = "a"];
	q2 -> q0 [label = "c"];
	q170 -> q125 [label = "c"];
	q177 -> q86 [label = "a"];
	q108 -> q81 [label = "a"];
	q108 -> q80 [label = "b"];
	q106 -> q99 [label = "b"];
	q161 -> q28 [label = "c"];
	q61 -> q84 [label = "b"];
	q137 -> q105 [label = "c"];
	q47 -> q151 [label = "a"];
	q118 -> q58 [label = "a"];
	q87 -> q52 [label = "b"];
	q55 -> q63 [label = "c"];
	q176 -> q151 [label = "a"];
	q9 -> q24 [label = "b"];
	q156 -> q47 [label = "a"];
	q166 -> q99 [label = "b"];
	q151 -> q44 [label = "a"];
	q104 -> q101 [label = "b"];
	q142 -> q171 [label = "c"];
	q177 -> q154 [label = "b"];
	q154 -> q104 [label = "a"];
	q175 -> q174 [label = "a"];
	q106 -> q118 [label = "c"];
	q111 -> q154 [label = "b"];
	q24 -> q17 [label = "a"];
	q147 -> q70 [label = "a"];
	q162 -> q137 [label = "b"];
	q19 -> q13 [label = "b"];
	q171 -> q171 [label = "c"];
	q117 -> q25 [label = "c"];
	q105 -> q108 [label = "c"];
	q134 -> q31 [label = "c"];
	q93 -> q90 [label = "b"];
	q58 -> q173 [label = "b"];
	q170 -> q47 [label = "a"];
	q133 -> q152 [label = "c"];
	q176 -> q14 [label = "c"];
	q132 -> q154 [label = "b"];
	q119 -> q149 [label = "c"];
	q163 -> q85 [label = "b"];
	q77 -> q108 [label = "c"];
	q137 -> q104 [label = "a"];
	q146 -> q148 [label = "a"];
	q167 -> q152 [label = "c"];
	q37 -> q174 [label = "a"];
	q176 -> q50 [label = "b"];
	q30 -> q26 [label = "b"];
	q140 -> q116 [label = "a"];
	q165 -> q168 [label = "c"];
	q108 -> q117 [label = "c"];
	q166 -> q169 [label = "c"];
	q143 -> q125 [label = "c"];
	q79 -> q79 [label = "a"];
	q95 -> q63 [label = "c"];
	q161 -> q22 [label = "b"];
	q41 -> q94 [label = "c"];
	q172 -> q47 [label = "a"];
	q147 -> q31 [label = "c"];
	q156 -> q101 [label = "b"];
	q172 -> q172 [label = "c"];
	q60 -> q92 [label = "b"];
	q36 -> q37 [label = "a"];
	q164 -> q166 [label = "a"];
	q76 -> q140 [label = "b"];
	q118 -> q137 [label = "b"];
	q138 -> q65 [label = "a"];
	q139 -> q79 [label = "a"];
	q93 -> q88 [label = "c"];
	q172 -> q101 [label = "b"];
	q160 -> q156 [label = "b"];
	q18 -> q11 [label = "c"];
	q173 -> q101 [label = "b"];
	q4 -> q101 [label = "b"];
	q170 -> q52 [label = "b"];
	q149 -> q176 [label = "a"];
	q131 -> q158 [label = "b"];
	q167 -> q40 [label = "a"];
	q141 -> q171 [label = "c"];
	q163 -> q165 [label = "c"];
	q75 -> q90 [label = "b"];
	q150 -> q111 [label = "a"];
	q0 -> q11 [label = "c"];
	q153 -> q103 [label = "a"];
	q157 -> q103 [label = "a"];
	q160 -> q164 [label = "a"];
	q81 -> q173 [label = "b"];
	q71 -> q82 [label = "b"];
	q128 -> q154 [label = "b"];
	q174 -> q101 [label = "b"];
	q83 -> q89 [label = "c"];
	q159 -> q163 [label = "a"];
	q132 -> q144 [label = "a"];
	q146 -> q137 [label = "b"];
	q164 -> q154 [label = "b"];
	q119 -> q82 [label = "b"];
	q111 -> q124 [label = "c"];
	q167 -> q158 [label = "b"];
	q44 -> q101 [label = "b"];
	q126 -> q174 [label = "a"];
	q112 -> q101 [label = "b"];
	q16 -> q101 [label = "b"];
	q148 -> q173 [label = "b"];
	q161 -> q45 [label = "a"];
	q96 -> q115 [label = "c"];
	q155 -> q161 [label = "c"];
	q56 -> q122 [label = "b"];
	q166 -> q79 [label = "a"];
	q157 -> q99 [label = "b"];
	q67 -> q61 [label = "a"];
	q136 -> q103 [label = "a"];
	q77 -> q75 [label = "a"];
	q135 -> q85 [label = "a"];
	q126 -> q173 [label = "b"];
	q133 -> q158 [label = "b"];
	q134 -> q177 [label = "a"];
	q131 -> q31 [label = "c"];
	q135 -> q173 [label = "b"];
	q80 -> q105 [label = "c"];
	q133 -> q45 [label = "a"];
	q124 -> q128 [label = "a"];
	q131 -> q132 [label = "a"];
	q129 -> q143 [label = "b"];
	q43 -> q19 [label = "c"];
	q129 -> q46 [label = "a"];
	q153 -> q159 [label = "c"];
	q130 -> q138 [label = "a"];
	q132 -> q133 [label = "c"];
	q121 -> q104 [label = "a"];
	q10 -> q47 [label = "a"];
	q158 -> q101 [label = "b"];
	q103 -> q97 [label = "a"];
	q130 -> q90 [label = "b"];
	q152 -> q51 [label = "b"];
	q164 -> q167 [label = "c"];
	q128 -> q157 [label = "a"];
	q122 -> q134 [label = "c"];
	q127 -> q135 [label = "b"];
	q7 -> q8 [label = "b"];
	q138 -> q135 [label = "b"];
	q120 -> q95 [label = "c"];
	q1 -> q47 [label = "a"];
	q162 -> q163 [label = "a"];
	q125 -> q176 [label = "a"];
	q60 -> q56 [label = "a"];
	q151 -> q43 [label = "c"];
	q168 -> q117 [label = "c"];
	q121 -> q105 [label = "c"];
	q15 -> q49 [label = "c"];
	q144 -> q99 [label = "b"];
	q127 -> q141 [label = "c"];
	q123 -> q138 [label = "a"];
	q121 -> q175 [label = "b"];
	q148 -> q136 [label = "a"];
	q125 -> q29 [label = "c"];
	q65 -> q92 [label = "b"];
	q126 -> q129 [label = "c"];
	q100 -> q137 [label = "b"];
	q122 -> q86 [label = "a"];
	q94 -> q93 [label = "a"];
	q122 -> q52 [label = "b"];
	q109 -> q79 [label = "a"];
	q8 -> q6 [label = "a"];
	q162 -> q27 [label = "c"];
	q124 -> q30 [label = "c"];
	q53 -> q92 [label = "b"];
	q123 -> q90 [label = "b"];
	q119 -> q126 [label = "a"];
	q98 -> q136 [label = "a"];
	q117 -> q117 [label = "b"];
	q101 -> q116 [label = "a"];
	q115 -> q52 [label = "c"];
	q81 -> q77 [label = "c"];
	q116 -> q24 [label = "b"];
	q95 -> q113 [label = "a"];
	q114 -> q125 [label = "c"];
	q64 -> q142 [label = "c"];
	q117 -> q47 [label = "a"];
	q116 -> q23 [label = "c"];
	q113 -> q71 [label = "c"];
	q41 -> q153 [label = "a"];
	q113 -> q90 [label = "b"];
	q115 -> q121 [label = "b"];
	q113 -> q138 [label = "a"];
	q112 -> q124 [label = "c"];
	q116 -> q106 [label = "a"];
	q31 -> q51 [label = "b"];
	q33 -> q90 [label = "b"];
	q118 -> q31 [label = "c"];
	q114 -> q52 [label = "b"];
	q111 -> q174 [label = "a"];
	q107 -> q110 [label = "c"];
	q5 -> q43 [label = "c"];
	q175 -> q124 [label = "c"];
	q105 -> q107 [label = "a"];
	q104 -> q150 [label = "c"];
	q110 -> q87 [label = "c"];
	q71 -> q171 [label = "c"];
	q104 -> q106 [label = "a"];
	q101 -> q117 [label = "b"];
	q99 -> q105 [label = "c"];
	q39 -> q20 [label = "c"];
	q102 -> q138 [label = "a"];
	q103 -> q89 [label = "c"];
	q174 -> q39 [label = "c"];
	q99 -> q104 [label = "a"];
	q73 -> q62 [label = "c"];
	q8 -> q117 [label = "b"];
	q8 -> q25 [label = "c"];
	q97 -> q135 [label = "b"];
	q57 -> q55 [label = "c"];
	q100 -> q31 [label = "c"];
	q169 -> q126 [label = "a"];
	q110 -> q82 [label = "b"];
	q101 -> q25 [label = "c"];
	q99 -> q173 [label = "b"];
	q97 -> q103 [label = "a"];
	q98 -> q96 [label = "c"];
	q102 -> q84 [label = "b"];
	q80 -> q151 [label = "a"];
	q21 -> q21 [label = "c"];
	q100 -> q92 [label = "a"];
	q64 -> q90 [label = "b"];
	q124 -> q156 [label = "b"];
	q127 -> q130 [label = "a"];
	q102 -> q83 [label = "c"];
	q48 -> q166 [label = "a"];
	q35 -> q24 [label = "b"];
	q96 -> q114 [label = "b"];
	q96 -> q102 [label = "a"];
	q6 -> q5 [label = "a"];
	q156 -> q25 [label = "c"];
	q91 -> q83 [label = "c"];
	q13 -> q9 [label = "a"];
	q168 -> q80 [label = "b"];
	q92 -> q85 [label = "b"];
	q90 -> q134 [label = "c"];
	q73 -> q72 [label = "a"];
	q173 -> q85 [label = "a"];
	q93 -> q91 [label = "a"];
}
DFA size: 179 states

NL* output after 28 EQ and 68825 MQ:
digraph finite_state_machine {
	rankdir=LR;
	node [shape = circle];
	s0 [shape = point, style = invis, start="true" ];
	s1 [shape = point, style = invis, start="true" ];
	s2 [shape = point, style = invis, start="true" ];
	s3 [shape = point, style = invis, start="true" ];
	s4 [shape = point, style = invis, start="true" ];
	s5 [shape = point, style = invis, start="true" ];
	s6 [shape = point, style = invis, start="true" ];
	s7 [shape = point, style = invis, start="true" ];
	s8 [shape = point, style = invis, start="true" ];
	s9 [shape = point, style = invis, start="true" ];
	s10 [shape = point, style = invis, start="true" ];
	s11 [shape = point, style = invis, start="true" ];
	s12 [shape = point, style = invis, start="true" ];
	s13 [shape = point, style = invis, start="true" ];
	s14 [shape = point, style = invis, start="true" ];
	s15 [shape = point, style = invis, start="true" ];
	s16 [shape = point, style = invis, start="true" ];
	s17 [shape = point, style = invis, start="true" ];
	s18 [shape = point, style = invis, start="true" ];
	s19 [shape = point, style = invis, start="true" ];
	s20 [shape = point, style = invis, start="true" ];
	s21 [shape = point, style = invis, start="true" ];
	s22 [shape = point, style = invis, start="true" ];
	s23 [shape = point, style = invis, start="true" ];
	s24 [shape = point, style = invis, start="true" ];
	s25 [shape = point, style = invis, start="true" ];
	s26 [shape = point, style = invis, start="true" ];
	s27 [shape = point, style = invis, start="true" ];
	s28 [shape = point, style = invis, start="true" ];
	s29 [shape = point, style = invis, start="true" ];
	s30 [shape = point, style = invis, start="true" ];
	s31 [shape = point, style = invis, start="true" ];
	s32 [shape = point, style = invis, start="true" ];
	s33 [shape = point, style = invis, start="true" ];
	s34 [shape = point, style = invis, start="true" ];
	s35 [shape = point, style = invis, start="true" ];
	q0 [label = "q0"];
	q1 [label = "q1"];
	q2 [label = "q2"];
	q3 [label = "q3"];
	q4 [label = "q4"];
	q5 [label = "q5"];
	q6 [label = "q6"];
	q7 [label = "q7"];
	q8 [label = "q8"];
	q9 [label = "q9"];
	q10 [label = "q10"];
	q11 [label = "q11"];
	q12 [label = "q12"];
	q13 [label = "q13"];
	q14 [label = "q14"];
	q15 [label = "q15"];
	q16 [label = "q16"];
	q17 [label = "q17"];
	q18 [label = "q18"];
	q19 [label = "q19"];
	q20 [label = "q20"];
	q21 [label = "q21"];
	q22 [label = "q22"];
	q23 [label = "q23"];
	q24 [label = "q24"];
	q25 [label = "q25"];
	q26 [label = "q26"];
	q27 [label = "q27"];
	q28 [label = "q28"];
	q29 [label = "q29"];
	q30 [label = "q30"];
	q31 [label = "q31"];
	q32 [label = "q32"];
	q33 [label = "q33"];
	q34 [label = "q34"];
	q35 [label = "q35", shape = doublecircle, final="true" ];
	q36 [label = "q36", shape = doublecircle, final="true" ];
	q37 [label = "q37"];
	q38 [label = "q38"];
	q39 [label = "q39"];
	q40 [label = "q40", shape = doublecircle, final="true" ];
	q41 [label = "q41"];
	q42 [label = "q42", shape = doublecircle, final="true" ];
	q43 [label = "q43"];
	q44 [label = "q44"];
	q45 [label = "q45", shape = doublecircle, final="true" ];
	q46 [label = "q46"];
	q47 [label = "q47"];
	q48 [label = "q48"];
	s0 -> q0
	s1 -> q1
	s2 -> q2
	s3 -> q3
	s4 -> q4
	s5 -> q5
	s6 -> q6
	s7 -> q7
	s8 -> q8
	s9 -> q9
	s10 -> q10
	s11 -> q11
	s12 -> q12
	s13 -> q13
	s14 -> q14
	s15 -> q15
	s16 -> q17
	s17 -> q19
	s18 -> q20
	s19 -> q21
	s20 -> q22
	s21 -> q24
	s22 -> q26
	s23 -> q27
	s24 -> q29
	s25 -> q30
	s26 -> q31
	s27 -> q32
	s28 -> q36
	s29 -> q37
	s30 -> q40
	s31 -> q42
	s32 -> q44
	s33 -> q45
	s34 -> q47
	s35 -> q48
	q43 -> q41 [label = "a"];
	q43 -> q26 [label = "a"];
	q43 -> q23 [label = "a"];
	q43 -> q17 [label = "a"];
	q43 -> q10 [label = "a"];
	q43 -> q9 [label = "a"];
	q41 -> q48 [label = "a"];
	q41 -> q43 [label = "a"];
	q41 -> q40 [label = "a"];
	q41 -> q27 [label = "a"];
	q41 -> q22 [label = "a"];
	q41 -> q12 [label = "a"];
	q41 -> q7 [label = "a, b, c"];
	q41 -> q4 [label = "a, b, c"];
	q41 -> q3 [label = "a, c"];
	q41 -> q2 [label = "a"];
	q41 -> q1 [label = "a"];
	q43 -> q5 [label = "b"];
	q43 -> q4 [label = "a, b"];
	q45 -> q46 [label = "c"];
	q45 -> q24 [label = "c"];
	q40 -> q24 [label = "a"];
	q40 -> q14 [label = "a"];
	q40 -> q13 [label = "a"];
	q40 -> q6 [label = "a, c"];
	q40 -> q3 [label = "a, c"];
	q44 -> q24 [label = "c"];
	q39 -> q28 [label = "a"];
	q37 -> q15 [label = "b"];
	q37 -> q14 [label = "b"];
	q37 -> q1 [label = "b"];
	q35 -> q17 [label = "c"];
	q38 -> q45 [label = "a"];
	q38 -> q44 [label = "a"];
	q38 -> q30 [label = "a"];
	q38 -> q21 [label = "a"];
	q38 -> q13 [label = "a"];
	q38 -> q12 [label = "a"];
	q38 -> q10 [label = "a"];
	q38 -> q2 [label = "a"];
	q38 -> q1 [label = "a"];
	q36 -> q43 [label = "b"];
	q36 -> q41 [label = "b"];
	q36 -> q29 [label = "b"];
	q36 -> q25 [label = "b"];
	q36 -> q16 [label = "b"];
	q34 -> q47 [label = "c"];
	q37 -> q11 [label = "b"];
	q34 -> q42 [label = "c"];
	q39 -> q48 [label = "b"];
	q39 -> q15 [label = "b"];
	q37 -> q30 [label = "a, b"];
	q39 -> q44 [label = "a, b, c"];
	q39 -> q27 [label = "a, c"];
	q39 -> q24 [label = "a, c"];
	q37 -> q12 [label = "b"];
	q39 -> q22 [label = "a, b, c"];
	q39 -> q13 [label = "a, b, c"];
	q40 -> q30 [label = "a, b"];
	q39 -> q3 [label = "a, b, c"];
	q39 -> q1 [label = "a, b, c"];
	q35 -> q39 [label = "a"];
	q35 -> q37 [label = "a"];
	q35 -> q26 [label = "a, c"];
	q35 -> q20 [label = "a, c"];
	q35 -> q19 [label = "a, c"];
	q35 -> q18 [label = "a"];
	q35 -> q16 [label = "a"];
	q41 -> q15 [label = "a"];
	q40 -> q38 [label = "c"];
	q35 -> q15 [label = "a"];
	q35 -> q13 [label = "a"];
	q35 -> q6 [label = "a, c"];
	q35 -> q3 [label = "a, c"];
	q35 -> q29 [label = "a"];
	q37 -> q8 [label = "c"];
	q37 -> q7 [label = "a, b, c"];
	q37 -> q6 [label = "c"];
	q35 -> q21 [label = "a, b"];
	q35 -> q4 [label = "a, b, c"];
	q33 -> q48 [label = "a"];
	q33 -> q36 [label = "a"];
	q33 -> q30 [label = "a"];
	q39 -> q11 [label = "a, b, c"];
	q33 -> q20 [label = "a, b"];
	q33 -> q14 [label = "a, b"];
	q33 -> q13 [label = "a"];
	q33 -> q12 [label = "a"];
	q33 -> q11 [label = "a, b"];
	q33 -> q4 [label = "a, c"];
	q33 -> q3 [label = "a, b"];
	q33 -> q2 [label = "a"];
	q38 -> q37 [label = "a, b"];
	q38 -> q26 [label = "a, b"];
	q38 -> q15 [label = "a, b"];
	q39 -> q5 [label = "a, b, c"];
	q38 -> q11 [label = "a, b"];
	q37 -> q2 [label = "a, b"];
	q38 -> q3 [label = "a, b"];
	q36 -> q48 [label = "a, b"];
	q47 -> q25 [label = "c"];
	q36 -> q30 [label = "a, b"];
	q41 -> q28 [label = "a"];
	q36 -> q26 [label = "a, b"];
	q36 -> q15 [label = "a, b"];
	q36 -> q13 [label = "a, b"];
	q36 -> q10 [label = "a, b"];
	q37 -> q40 [label = "c"];
	q36 -> q4 [label = "a, b"];
	q40 -> q4 [label = "a, b, c"];
	q32 -> q8 [label = "c"];
	q33 -> q7 [label = "a, c"];
	q32 -> q6 [label = "c"];
	q39 -> q43 [label = "b"];
	q38 -> q5 [label = "a, b, c"];
	q37 -> q13 [label = "b"];
	q34 -> q46 [label = "a"];
	q34 -> q41 [label = "a"];
	q34 -> q40 [label = "a, c"];
	q34 -> q38 [label = "a"];
	q34 -> q32 [label = "a, c"];
	q34 -> q31 [label = "a, c"];
	q34 -> q28 [label = "a"];
	q35 -> q34 [label = "a"];
	q37 -> q24 [label = "c"];
	q34 -> q27 [label = "a, c"];
	q34 -> q24 [label = "a, c"];
	q34 -> q19 [label = "a, c"];
	q36 -> q40 [label = "c"];
	q40 -> q26 [label = "a, c"];
	q36 -> q35 [label = "c"];
	q33 -> q15 [label = "a, b"];
	q36 -> q23 [label = "b, c"];
	q36 -> q22 [label = "b, c"];
	q36 -> q8 [label = "b, c"];
	q36 -> q7 [label = "a, b, c"];
	q36 -> q0 [label = "b, c"];
	q34 -> q48 [label = "b, c"];
	q34 -> q43 [label = "b"];
	q41 -> q5 [label = "a, b, c"];
	q34 -> q37 [label = "b, c"];
	q34 -> q26 [label = "a, b, c"];
	q34 -> q22 [label = "a, b, c"];
	q35 -> q8 [label = "a"];
	q37 -> q0 [label = "c"];
	q34 -> q20 [label = "a, b, c"];
	q34 -> q14 [label = "b, c"];
	q34 -> q11 [label = "a, b, c"];
	q34 -> q10 [label = "a, b, c"];
	q34 -> q7 [label = "a, b, c"];
	q41 -> q9 [label = "a, c"];
	q34 -> q6 [label = "a, b, c"];
	q34 -> q5 [label = "a, b, c"];
	q34 -> q2 [label = "a, b, c"];
	q34 -> q0 [label = "a, b, c"];
	q32 -> q20 [label = "a"];
	q32 -> q15 [label = "a"];
	q32 -> q14 [label = "a"];
	q39 -> q6 [label = "a, b, c"];
	q32 -> q10 [label = "a"];
	q32 -> q5 [label = "a, b, c"];
	q32 -> q4 [label = "a, b, c"];
	q32 -> q2 [label = "a"];
	q32 -> q1 [label = "a, b"];
	q29 -> q43 [label = "b"];
	q29 -> q13 [label = "b"];
	q27 -> q29 [label = "c"];
	q40 -> q8 [label = "a"];
	q35 -> q7 [label = "a, b"];
	q27 -> q19 [label = "c"];
	q27 -> q9 [label = "c"];
	q27 -> q6 [label = "c"];
	q30 -> q3 [label = "a"];
	q34 -> q29 [label = "a, b, c"];
	q28 -> q37 [label = "b"];
	q31 -> q48 [label = "b"];
	q31 -> q26 [label = "a, b"];
	q36 -> q11 [label = "a, b"];
	q31 -> q25 [label = "b"];
	q34 -> q35 [label = "a"];
	q31 -> q15 [label = "b"];
	q31 -> q12 [label = "b"];
	q40 -> q21 [label = "a, b"];
	q37 -> q4 [label = "a, b"];
	q31 -> q11 [label = "b"];
	q39 -> q32 [label = "a, c"];
	q31 -> q10 [label = "b"];
	q34 -> q33 [label = "a"];
	q31 -> q3 [label = "a, b"];
	q34 -> q15 [label = "b, c"];
	q31 -> q1 [label = "b"];
	q31 -> q0 [label = "b"];
	q41 -> q20 [label = "a"];
	q29 -> q3 [label = "a"];
	q31 -> q44 [label = "c"];
	q31 -> q31 [label = "c"];
	q31 -> q29 [label = "b, c"];
	q36 -> q12 [label = "a, b"];
	q31 -> q21 [label = "c"];
	q31 -> q8 [label = "b, c"];
	q31 -> q7 [label = "b, c"];
	q31 -> q5 [label = "b, c"];
	q31 -> q4 [label = "b, c"];
	q27 -> q44 [label = "a"];
	q32 -> q3 [label = "a"];
	q27 -> q12 [label = "a"];
	q34 -> q17 [label = "a, b, c"];
	q29 -> q30 [label = "c"];
	q29 -> q9 [label = "c"];
	q36 -> q9 [label = "b"];
	q34 -> q1 [label = "a, b, c"];
	q29 -> q5 [label = "b, c"];
	q29 -> q4 [label = "b, c"];
	q27 -> q37 [label = "b"];
	q27 -> q26 [label = "a, b"];
	q27 -> q21 [label = "a, b"];
	q27 -> q5 [label = "a, b, c"];
	q37 -> q3 [label = "a, b"];
	q27 -> q4 [label = "a, b, c"];
	q27 -> q2 [label = "a, b"];
	q25 -> q43 [label = "a, b, c"];
	q25 -> q30 [label = "a, c"];
	q34 -> q12 [label = "a, b, c"];
	q25 -> q29 [label = "a, c"];
	q25 -> q26 [label = "a, c"];
	q25 -> q25 [label = "a, c"];
	q25 -> q23 [label = "a, c"];
	q25 -> q16 [label = "a"];
	q25 -> q12 [label = "a, c"];
	q25 -> q10 [label = "a, c"];
	q44 -> q29 [label = "b"];
	q10 -> q26 [label = "a"];
	q33 -> q45 [label = "a"];
	q16 -> q3 [label = "a, c"];
	q39 -> q9 [label = "a, b, c"];
	q16 -> q1 [label = "a, c"];
	q16 -> q0 [label = "a, c"];
	q39 -> q8 [label = "a, b, c"];
	q20 -> q7 [label = "a, c"];
	q21 -> q7 [label = "b, c"];
	q41 -> q47 [label = "a"];
	q19 -> q4 [label = "c"];
	q28 -> q43 [label = "b"];
	q13 -> q26 [label = "a"];
	q37 -> q26 [label = "b"];
	q29 -> q6 [label = "c"];
	q46 -> q7 [label = "a, b"];
	q10 -> q30 [label = "a"];
	q17 -> q10 [label = "a"];
	q33 -> q26 [label = "a, b"];
	q2 -> q4 [label = "a, b"];
	q17 -> q2 [label = "a"];
	q5 -> q5 [label = "b"];
	q34 -> q21 [label = "a, b, c"];
	q17 -> q1 [label = "a"];
	q23 -> q17 [label = "c"];
	q47 -> q4 [label = "a, b, c"];
	q10 -> q15 [label = "a"];
	q17 -> q11 [label = "a, b"];
	q42 -> q25 [label = "b, c"];
	q17 -> q30 [label = "a"];
	q17 -> q7 [label = "a, c"];
	q17 -> q4 [label = "a, c"];
	q48 -> q11 [label = "a, b"];
	q27 -> q7 [label = "a, b, c"];
	q22 -> q16 [label = "a"];
	q40 -> q20 [label = "a, c"];
	q27 -> q14 [label = "a, b"];
	q3 -> q7 [label = "a, c"];
	q41 -> q24 [label = "a"];
	q13 -> q8 [label = "c"];
	q37 -> q48 [label = "b"];
	q22 -> q9 [label = "a, c"];
	q33 -> q10 [label = "a"];
	q48 -> q6 [label = "c"];
	q24 -> q7 [label = "b"];
	q36 -> q5 [label = "a, b"];
	q22 -> q3 [label = "a, c"];
	q20 -> q26 [label = "b"];
	q32 -> q30 [label = "a"];
	q19 -> q26 [label = "a, b"];
	q47 -> q22 [label = "a, c"];
	q27 -> q8 [label = "c"];
	q22 -> q4 [label = "a, b, c"];
	q15 -> q2 [label = "a"];
	q20 -> q11 [label = "b"];
	q23 -> q5 [label = "a, b"];
	q24 -> q4 [label = "b, c"];
	q40 -> q7 [label = "a, b"];
	q45 -> q4 [label = "a, b"];
	q24 -> q5 [label = "b"];
	q18 -> q47 [label = "c"];
	q18 -> q24 [label = "a, c"];
	q21 -> q13 [label = "b"];
	q18 -> q22 [label = "a, c"];
	q16 -> q2 [label = "a, c"];
	q39 -> q29 [label = "a, b, c"];
	q23 -> q6 [label = "a, c"];
	q47 -> q48 [label = "a, c"];
	q21 -> q10 [label = "b"];
	q18 -> q17 [label = "a, c"];
	q22 -> q7 [label = "a, b"];
	q18 -> q12 [label = "a, c"];
	q18 -> q29 [label = "a, c"];
	q23 -> q4 [label = "a, b, c"];
	q18 -> q7 [label = "a, b, c"];
	q36 -> q24 [label = "c"];
	q6 -> q4 [label = "c"];
	q27 -> q30 [label = "a, b, c"];
	q18 -> q6 [label = "a, c"];
	q29 -> q29 [label = "c"];
	q11 -> q7 [label = "a, b, c"];
	q18 -> q0 [label = "a, c"];
	q42 -> q44 [label = "a, b, c"];
	q48 -> q13 [label = "a, b"];
	q48 -> q5 [label = "a, b"];
	q42 -> q47 [label = "c"];
	q20 -> q5 [label = "a, b"];
	q48 -> q43 [label = "b"];
	q41 -> q0 [label = "a, c"];
	q40 -> q16 [label = "a"];
	q18 -> q43 [label = "b"];
	q42 -> q26 [label = "a, b, c"];
	q42 -> q36 [label = "b, c"];
	q23 -> q26 [label = "a, c"];
	q42 -> q14 [label = "a, b, c"];
	q41 -> q8 [label = "a"];
	q34 -> q4 [label = "a, b, c"];
	q25 -> q1 [label = "a, c"];
	q17 -> q14 [label = "a"];
	q38 -> q48 [label = "a"];
	q42 -> q29 [label = "a, b, c"];
	q36 -> q14 [label = "b"];
	q42 -> q28 [label = "c"];
	q34 -> q44 [label = "a, b, c"];
	q28 -> q6 [label = "a, c"];
	q24 -> q6 [label = "c"];
	q22 -> q1 [label = "a"];
	q16 -> q22 [label = "a, c"];
	q29 -> q7 [label = "b, c"];
	q27 -> q3 [label = "a, b"];
	q16 -> q5 [label = "a, b, c"];
	q23 -> q9 [label = "a, c"];
	q41 -> q14 [label = "a"];
	q38 -> q20 [label = "a, b"];
	q1 -> q4 [label = "a, b"];
	q28 -> q2 [label = "a, b"];
	q42 -> q24 [label = "a, c"];
	q27 -> q48 [label = "a"];
	q42 -> q21 [label = "a, b, c"];
	q16 -> q26 [label = "a, c"];
	q20 -> q4 [label = "a"];
	q18 -> q13 [label = "a, b, c"];
	q28 -> q32 [label = "a, c"];
	q25 -> q15 [label = "a, c"];
	q42 -> q16 [label = "a, b, c"];
	q15 -> q22 [label = "c"];
	q37 -> q22 [label = "c"];
	q18 -> q10 [label = "a, c"];
	q42 -> q15 [label = "a, b, c"];
	q42 -> q27 [label = "c"];
	q42 -> q13 [label = "a, b, c"];
	q4 -> q7 [label = "c"];
	q42 -> q30 [label = "a, b, c"];
	q42 -> q17 [label = "a, b, c"];
	q25 -> q9 [label = "a, c"];
	q46 -> q18 [label = "a"];
	q41 -> q19 [label = "a"];
	q32 -> q48 [label = "a"];
	q18 -> q26 [label = "a, c"];
	q22 -> q13 [label = "a"];
	q5 -> q3 [label = "a"];
	q42 -> q32 [label = "a, b, c"];
	q18 -> q1 [label = "a, c"];
	q16 -> q27 [label = "a"];
	q42 -> q5 [label = "a, b, c"];
	q47 -> q5 [label = "a, b, c"];
	q27 -> q45 [label = "a"];
	q2 -> q0 [label = "c"];
	q18 -> q27 [label = "a"];
	q42 -> q40 [label = "a, c"];
	q42 -> q4 [label = "a, b, c"];
	q45 -> q8 [label = "b, c"];
	q31 -> q30 [label = "b, c"];
	q48 -> q23 [label = "c"];
	q16 -> q9 [label = "a, c"];
	q32 -> q12 [label = "a"];
	q42 -> q46 [label = "a, c"];
	q12 -> q4 [label = "a, b"];
	q2 -> q43 [label = "b"];
	q18 -> q11 [label = "a, b, c"];
	q39 -> q12 [label = "a, b, c"];
	q42 -> q20 [label = "a, b, c"];
	q48 -> q15 [label = "a"];
	q45 -> q3 [label = "a, b"];
	q7 -> q7 [label = "b"];
	q29 -> q11 [label = "b"];
	q21 -> q5 [label = "b"];
	q30 -> q26 [label = "a"];
	q2 -> q6 [label = "c"];
	q34 -> q8 [label = "a, b, c"];
	q30 -> q4 [label = "b"];
	q22 -> q29 [label = "a"];
	q42 -> q19 [label = "a, b, c"];
	q46 -> q3 [label = "a, c"];
	q42 -> q43 [label = "b, c"];
	q21 -> q3 [label = "a, b"];
	q23 -> q3 [label = "a, c"];
	q34 -> q3 [label = "a, b, c"];
	q42 -> q23 [label = "a, b, c"];
	q42 -> q22 [label = "a, b, c"];
	q47 -> q19 [label = "a, c"];
	q9 -> q5 [label = "b, c"];
	q35 -> q1 [label = "a"];
	q43 -> q8 [label = "a, c"];
	q39 -> q23 [label = "b"];
	q30 -> q6 [label = "c"];
	q18 -> q35 [label = "a"];
	q39 -> q25 [label = "b"];
	q31 -> q13 [label = "b"];
	q47 -> q6 [label = "a, c"];
	q47 -> q26 [label = "a, c"];
	q13 -> q3 [label = "a"];
	q12 -> q12 [label = "a"];
	q43 -> q0 [label = "a"];
	q46 -> q19 [label = "a, c"];
	q46 -> q11 [label = "a"];
	q31 -> q20 [label = "a"];
	q42 -> q45 [label = "a, b, c"];
	q41 -> q11 [label = "a, b, c"];
	q45 -> q12 [label = "a, b"];
	q45 -> q13 [label = "a, b"];
	q28 -> q20 [label = "a, b, c"];
	q47 -> q17 [label = "a, c"];
	q36 -> q17 [label = "b"];
	q31 -> q19 [label = "c"];
	q27 -> q13 [label = "a, b"];
	q17 -> q26 [label = "a"];
	q11 -> q8 [label = "c"];
	q42 -> q38 [label = "c"];
	q46 -> q21 [label = "a, b"];
	q45 -> q10 [label = "a, b"];
	q44 -> q2 [label = "b"];
	q37 -> q5 [label = "a, b"];
	q30 -> q11 [label = "b"];
	q22 -> q14 [label = "a"];
	q21 -> q4 [label = "b"];
	q28 -> q0 [label = "a, c"];
	q42 -> q37 [label = "b, c"];
	q19 -> q20 [label = "a"];
	q40 -> q39 [label = "a"];
	q47 -> q3 [label = "a, c"];
	q46 -> q29 [label = "a"];
	q10 -> q0 [label = "c"];
	q45 -> q1 [label = "a, b"];
	q47 -> q16 [label = "a"];
	q12 -> q10 [label = "a"];
	q40 -> q15 [label = "a"];
	q48 -> q2 [label = "a"];
	q43 -> q3 [label = "a"];
	q45 -> q0 [label = "b, c"];
	q47 -> q32 [label = "a, c"];
	q21 -> q30 [label = "b"];
	q47 -> q8 [label = "a, c"];
	q33 -> q1 [label = "a"];
	q23 -> q7 [label = "a, b"];
	q47 -> q10 [label = "a, c"];
	q48 -> q4 [label = "a, b"];
	q23 -> q11 [label = "a"];
	q43 -> q12 [label = "a"];
	q24 -> q19 [label = "c"];
	q36 -> q18 [label = "b"];
	q47 -> q11 [label = "a, b, c"];
	q42 -> q10 [label = "a, b, c"];
	q26 -> q2 [label = "a"];
	q45 -> q11 [label = "a, b"];
	q48 -> q7 [label = "a, b, c"];
	q42 -> q12 [label = "a, b, c"];
	q48 -> q3 [label = "a"];
	q21 -> q8 [label = "c"];
	q42 -> q6 [label = "a, b, c"];
	q47 -> q14 [label = "a"];
	q21 -> q48 [label = "b"];
	q40 -> q11 [label = "a"];
	q34 -> q23 [label = "a, b"];
	q46 -> q26 [label = "a, c"];
	q18 -> q5 [label = "a, b, c"];
	q28 -> q12 [label = "a"];
	q18 -> q4 [label = "a, b, c"];
	q12 -> q0 [label = "c"];
	q18 -> q23 [label = "a"];
	q48 -> q8 [label = "c"];
	q18 -> q15 [label = "c"];
	q41 -> q30 [label = "a"];
	q44 -> q15 [label = "b"];
	q46 -> q4 [label = "a, b, c"];
	q13 -> q6 [label = "c"];
	q24 -> q20 [label = "a"];
	q44 -> q17 [label = "b"];
	q0 -> q4 [label = "a, b, c"];
	q39 -> q31 [label = "a, c"];
	q47 -> q2 [label = "a, c"];
	q47 -> q13 [label = "a, b, c"];
	q48 -> q1 [label = "a"];
	q47 -> q30 [label = "a, b, c"];
	q22 -> q11 [label = "a"];
	q47 -> q43 [label = "b, c"];
	q42 -> q11 [label = "a, b, c"];
	q2 -> q2 [label = "a"];
	q45 -> q2 [label = "a, b"];
	q45 -> q6 [label = "b, c"];
	q39 -> q0 [label = "a, b, c"];
	q46 -> q16 [label = "a"];
	q45 -> q15 [label = "a, b"];
	q47 -> q7 [label = "a, b, c"];
	q31 -> q9 [label = "b, c"];
	q21 -> q12 [label = "b"];
	q41 -> q13 [label = "a, c"];
	q25 -> q11 [label = "a, b, c"];
	q23 -> q1 [label = "a"];
	q45 -> q22 [label = "b, c"];
	q40 -> q19 [label = "a, c"];
	q16 -> q28 [label = "a"];
	q42 -> q7 [label = "a, b, c"];
	q34 -> q13 [label = "a, b, c"];
	q19 -> q11 [label = "b"];
	q39 -> q20 [label = "a, c"];
	q48 -> q0 [label = "c"];
	q45 -> q23 [label = "b, c"];
	q0 -> q13 [label = "a"];
	q45 -> q25 [label = "b"];
	q45 -> q26 [label = "a, b"];
	q46 -> q13 [label = "a"];
	q42 -> q39 [label = "a, c"];
	q44 -> q9 [label = "b"];
	q23 -> q8 [label = "a"];
	q45 -> q43 [label = "b"];
	q42 -> q0 [label = "a, b, c"];
	q39 -> q30 [label = "a, b, c"];
	q34 -> q45 [label = "b, c"];
	q20 -> q3 [label = "a, b"];
	q42 -> q31 [label = "a, c"];
	q19 -> q15 [label = "b"];
	q18 -> q2 [label = "a, c"];
	q25 -> q0 [label = "a, c"];
	q44 -> q43 [label = "b"];
	q33 -> q44 [label = "a"];
	q32 -> q11 [label = "a, b"];
	q15 -> q10 [label = "a"];
	q25 -> q18 [label = "a"];
	q44 -> q1 [label = "b"];
	q44 -> q10 [label = "b"];
	q46 -> q2 [label = "a"];
	q40 -> q17 [label = "c"];
	q40 -> q44 [label = "a, b"];
	q27 -> q43 [label = "b"];
	q22 -> q26 [label = "a, c"];
	q18 -> q46 [label = "a"];
	q36 -> q3 [label = "a, b"];
	q24 -> q30 [label = "b"];
	q39 -> q14 [label = "b"];
	q47 -> q0 [label = "a, c"];
	q40 -> q31 [label = "a"];
	q46 -> q20 [label = "a"];
	q38 -> q4 [label = "a, c"];
	q46 -> q5 [label = "a, b"];
	q20 -> q30 [label = "a"];
	q25 -> q8 [label = "a, c"];
	q40 -> q9 [label = "a, c"];
	q36 -> q2 [label = "a, b"];
	q25 -> q48 [label = "a, c"];
	q46 -> q6 [label = "a, c"];
	q23 -> q43 [label = "a"];
	q41 -> q17 [label = "a, c"];
	q21 -> q6 [label = "c"];
	q28 -> q21 [label = "a, b"];
	q48 -> q12 [label = "a"];
	q46 -> q8 [label = "a"];
	q21 -> q11 [label = "b"];
	q17 -> q13 [label = "a"];
	q37 -> q10 [label = "a, b"];
	q46 -> q9 [label = "a, c"];
	q1 -> q8 [label = "c"];
	q16 -> q32 [label = "a, c"];
	q9 -> q3 [label = "a"];
	q16 -> q20 [label = "a"];
	q45 -> q29 [label = "b"];
	q48 -> q22 [label = "c"];
	q35 -> q24 [label = "a"];
	q31 -> q24 [label = "c"];
	q25 -> q14 [label = "a"];
	q47 -> q12 [label = "a, c"];
	q18 -> q30 [label = "a, c"];
	q22 -> q6 [label = "a, c"];
	q44 -> q3 [label = "a, b"];
	q41 -> q18 [label = "a"];
	q36 -> q1 [label = "a, b"];
	q44 -> q12 [label = "b"];
	q40 -> q5 [label = "a, b"];
	q17 -> q3 [label = "a"];
	q45 -> q9 [label = "b"];
	q46 -> q37 [label = "a"];
	q23 -> q30 [label = "a"];
	q41 -> q10 [label = "a"];
	q22 -> q2 [label = "a"];
	q46 -> q43 [label = "a"];
	q35 -> q5 [label = "a, b"];
	q31 -> q43 [label = "b"];
	q14 -> q24 [label = "c"];
	q39 -> q7 [label = "a, b, c"];
	q25 -> q5 [label = "a, b, c"];
	q32 -> q13 [label = "a"];
	q25 -> q17 [label = "a, c"];
	q46 -> q44 [label = "a"];
	q32 -> q26 [label = "a"];
	q44 -> q0 [label = "b"];
	q46 -> q17 [label = "c"];
	q30 -> q43 [label = "b"];
	q31 -> q6 [label = "b, c"];
	q18 -> q8 [label = "a, c"];
	q45 -> q17 [label = "b"];
	q21 -> q26 [label = "a, b"];
	q24 -> q9 [label = "c"];
	q45 -> q14 [label = "b"];
	q39 -> q17 [label = "a, b, c"];
	q43 -> q7 [label = "a, b, c"];
	q46 -> q15 [label = "a"];
	q2 -> q11 [label = "a, b"];
	q28 -> q44 [label = "a, b"];
	q44 -> q5 [label = "b"];
	q33 -> q37 [label = "a, b"];
	q44 -> q8 [label = "b, c"];
	q18 -> q41 [label = "a"];
	q46 -> q30 [label = "a, b"];
	q28 -> q40 [label = "a"];
	q44 -> q11 [label = "b"];
	q46 -> q14 [label = "a"];
	q36 -> q46 [label = "c"];
	q44 -> q4 [label = "b"];
	q44 -> q22 [label = "b"];
	q35 -> q14 [label = "a"];
	q42 -> q8 [label = "a, b, c"];
	q44 -> q23 [label = "b"];
	q41 -> q16 [label = "a"];
	q19 -> q3 [label = "a, b"];
	q44 -> q25 [label = "b"];
	q36 -> q6 [label = "b, c"];
	q44 -> q26 [label = "a, b"];
	q28 -> q15 [label = "a, b"];
	q48 -> q26 [label = "a"];
	q42 -> q2 [label = "a, b, c"];
	q20 -> q14 [label = "b"];
	q28 -> q31 [label = "a"];
	q39 -> q26 [label = "a, b, c"];
	q7 -> q5 [label = "b"];
	q48 -> q30 [label = "a"];
	q41 -> q32 [label = "a, c"];
	q13 -> q7 [label = "a, b, c"];
	q42 -> q1 [label = "a, b, c"];
	q42 -> q3 [label = "a, b, c"];
	q16 -> q6 [label = "a, c"];
	q19 -> q5 [label = "b, c"];
	q7 -> q4 [label = "b"];
	q35 -> q38 [label = "c"];
	q31 -> q2 [label = "b"];
	q2 -> q3 [label = "a"];
	q10 -> q4 [label = "a, b"];
	q14 -> q7 [label = "a, b, c"];
	q16 -> q8 [label = "a, c"];
	q0 -> q11 [label = "a"];
	q22 -> q15 [label = "a"];
	q16 -> q11 [label = "a, b, c"];
	q44 -> q30 [label = "b"];
	q16 -> q12 [label = "a, c"];
	q0 -> q14 [label = "a"];
	q16 -> q13 [label = "a, b, c"];
	q28 -> q1 [label = "a, b, c"];
	q43 -> q6 [label = "a, c"];
	q16 -> q17 [label = "a, c"];
	q16 -> q24 [label = "a, c"];
	q16 -> q29 [label = "a, c"];
	q39 -> q4 [label = "a, b, c"];
	q20 -> q10 [label = "a"];
	q47 -> q20 [label = "a"];
	q16 -> q30 [label = "a, c"];
	q20 -> q2 [label = "a"];
	q18 -> q19 [label = "a"];
	q34 -> q9 [label = "a, b, c"];
	q2 -> q5 [label = "a, b"];
	q2 -> q13 [label = "a, b"];
	q10 -> q13 [label = "a"];
	q32 -> q7 [label = "a, b, c"];
	q26 -> q3 [label = "a"];
	q40 -> q2 [label = "a"];
	q18 -> q28 [label = "a"];
	q18 -> q33 [label = "a"];
	q18 -> q38 [label = "a"];
	q18 -> q40 [label = "a"];
	q16 -> q43 [label = "b"];
	q15 -> q11 [label = "b"];
	q2 -> q26 [label = "a"];
	q0 -> q5 [label = "a, b"];
	q23 -> q13 [label = "a"];
	q29 -> q8 [label = "c"];
	q47 -> q1 [label = "a, b, c"];
	q22 -> q17 [label = "c"];
	q35 -> q43 [label = "a"];
	q16 -> q19 [label = "a"];
	q2 -> q8 [label = "c"];
	q14 -> q8 [label = "c"];
	q30 -> q5 [label = "b"];
	q45 -> q7 [label = "a, b, c"];
	q15 -> q3 [label = "a"];
	q15 -> q4 [label = "a, b"];
	q15 -> q5 [label = "a, b"];
	q19 -> q7 [label = "c"];
	q40 -> q1 [label = "a"];
	q31 -> q22 [label = "b"];
	q15 -> q6 [label = "c"];
	q23 -> q2 [label = "a"];
	q17 -> q48 [label = "a"];
	q26 -> q4 [label = "a"];
	q15 -> q7 [label = "a, b, c"];
	q44 -> q7 [label = "b, c"];
	q15 -> q30 [label = "a"];
	q13 -> q4 [label = "a, b"];
	q44 -> q48 [label = "b"];
	q11 -> q6 [label = "c"];
	q16 -> q4 [label = "a, b, c"];
	q14 -> q2 [label = "a"];
	q2 -> q1 [label = "a"];
	q12 -> q30 [label = "a"];
	q35 -> q44 [label = "a, b"];
	q23 -> q16 [label = "a"];
	q14 -> q3 [label = "a"];
	q14 -> q13 [label = "b"];
	q4 -> q26 [label = "a"];
	q14 -> q4 [label = "a, b"];
	q14 -> q5 [label = "a, b"];
	q14 -> q10 [label = "a"];
	q47 -> q15 [label = "a, c"];
	q48 -> q48 [label = "a"];
	q14 -> q30 [label = "a"];
	q12 -> q5 [label = "a, b"];
	q12 -> q7 [label = "a, b, c"];
	q12 -> q11 [label = "a, b"];
	q10 -> q6 [label = "c"];
	q10 -> q7 [label = "a, b, c"];
	q39 -> q19 [label = "a, c"];
	q15 -> q13 [label = "b"];
	q13 -> q12 [label = "a"];
	q31 -> q23 [label = "b"];
	q30 -> q7 [label = "b, c"];
	q22 -> q8 [label = "a"];
	q9 -> q4 [label = "c"];
	q3 -> q5 [label = "a, b"];
	q28 -> q29 [label = "a, c"];
	q27 -> q1 [label = "a, b"];
	q13 -> q10 [label = "a"];
	q5 -> q7 [label = "b, c"];
	q47 -> q23 [label = "a, c"];
	q7 -> q3 [label = "a"];
	q42 -> q35 [label = "a, c"];
	q28 -> q4 [label = "a, b, c"];
	q7 -> q26 [label = "a"];
	q28 -> q3 [label = "a, b, c"];
	q41 -> q29 [label = "a"];
	q2 -> q7 [label = "a, b, c"];
	q15 -> q0 [label = "c"];
	q4 -> q5 [label = "b"];
	q6 -> q3 [label = "a"];
	q0 -> q7 [label = "a, b"];
	q6 -> q26 [label = "a"];
	q1 -> q6 [label = "c"];
	q25 -> q7 [label = "a, b, c"];
	q1 -> q7 [label = "a, b, c"];
	q9 -> q7 [label = "c"];
	q3 -> q3 [label = "a"];
	q3 -> q30 [label = "a"];
	q42 -> q42 [label = "c"];
	q1 -> q5 [label = "b"];
	q22 -> q30 [label = "a"];
	q1 -> q13 [label = "b"];
	q26 -> q5 [label = "a, b"];
	q25 -> q13 [label = "a, b, c"];
	q7 -> q6 [label = "c"];
	q28 -> q27 [label = "a, c"];
	q35 -> q9 [label = "a, c"];
	q3 -> q2 [label = "a"];
	q44 -> q6 [label = "b, c"];
	q3 -> q11 [label = "b"];
	q39 -> q2 [label = "a, b, c"];
	q1 -> q3 [label = "a"];
	q1 -> q10 [label = "a"];
	q42 -> q48 [label = "a, b, c"];
	q11 -> q4 [label = "a, b"];
	q1 -> q26 [label = "a"];
	q5 -> q6 [label = "c"];
	q34 -> q30 [label = "a, b, c"];
	q4 -> q3 [label = "a"];
	q5 -> q8 [label = "c"];
	q6 -> q5 [label = "b"];
	q40 -> q29 [label = "a"];
	q2 -> q30 [label = "a"];
	q0 -> q1 [label = "a"];
	q41 -> q26 [label = "a, c"];
	q0 -> q2 [label = "a"];
	q45 -> q48 [label = "a, b"];
	q0 -> q3 [label = "a"];
	q3 -> q4 [label = "a"];
	q0 -> q6 [label = "c"];
	q0 -> q15 [label = "a"];
	q17 -> q15 [label = "a"];
	q1 -> q11 [label = "b"];
	q20 -> q15 [label = "b"];
	q0 -> q26 [label = "a"];
	q12 -> q2 [label = "a"];
	q46 -> q1 [label = "a"];
	q26 -> q7 [label = "a, c"];
	q27 -> q15 [label = "a, b"];
	q0 -> q30 [label = "a"];
	q28 -> q19 [label = "a, c"];
	q16 -> q7 [label = "a, b, c"];
	q10 -> q2 [label = "a"];
	q12 -> q6 [label = "c"];
	q38 -> q7 [label = "a, c"];
	q42 -> q41 [label = "b, c"];
	q10 -> q5 [label = "a, b"];
	q35 -> q11 [label = "a"];
	q10 -> q11 [label = "a, b"];
	q8 -> q3 [label = "a"];
	q8 -> q26 [label = "a"];
	q17 -> q5 [label = "a, b, c"];
	q14 -> q0 [label = "c"];
	q28 -> q13 [label = "a, b, c"];
	q30 -> q13 [label = "b"];
	q43 -> q22 [label = "a"];
	q14 -> q6 [label = "c"];
	q14 -> q22 [label = "c"];
	q45 -> q5 [label = "a, b"];
	q14 -> q11 [label = "b"];
	q8 -> q4 [label = "b, c"];
	q33 -> q5 [label = "a, b, c"];
	q10 -> q1 [label = "a"];
	q10 -> q3 [label = "a"];
	q8 -> q5 [label = "b"];
	q35 -> q30 [label = "a, b"];
	q8 -> q7 [label = "b"];
	q27 -> q20 [label = "a, b"];
	q12 -> q1 [label = "a"];
	q22 -> q5 [label = "a, b"];
	q48 -> q10 [label = "a"];
	q12 -> q13 [label = "a"];
	q12 -> q15 [label = "a"];
	q29 -> q26 [label = "a"];
	q12 -> q26 [label = "a"];
	q12 -> q48 [label = "a"];
	q33 -> q21 [label = "a"];
	q42 -> q9 [label = "a, b, c"];
	q8 -> q6 [label = "c"];
	q8 -> q9 [label = "c"];
	q27 -> q10 [label = "a"];
	q11 -> q5 [label = "b"];
	q47 -> q9 [label = "a, c"];
	q9 -> q26 [label = "a"];
	q39 -> q21 [label = "a, b, c"];
	q15 -> q8 [label = "c"];
	q11 -> q3 [label = "a"];
	q11 -> q10 [label = "a"];
	q42 -> q18 [label = "b"];
	q9 -> q11 [label = "b"];
	q39 -> q10 [label = "a, b, c"];
	q21 -> q1 [label = "b"];
	q25 -> q3 [label = "a, c"];
	q35 -> q31 [label = "a"];
	q21 -> q2 [label = "b"];
	q35 -> q2 [label = "a"];
	q25 -> q41 [label = "a"];
	q28 -> q48 [label = "a"];
	q41 -> q6 [label = "a, c"];
	q34 -> q36 [label = "b, c"];
	q21 -> q15 [label = "b"];
	q35 -> q33 [label = "c"];
	q21 -> q43 [label = "b"];
	q24 -> q3 [label = "a"];
	q25 -> q22 [label = "a, c"];
	q23 -> q14 [label = "a"];
	q21 -> q24 [label = "c"];
	q23 -> q15 [label = "a"];
	q34 -> q25 [label = "b"];
	q45 -> q30 [label = "a, b"];
	q23 -> q18 [label = "a"];
	q5 -> q4 [label = "b"];
	q23 -> q29 [label = "a"];
	q13 -> q5 [label = "b"];
	q24 -> q26 [label = "a"];
	q12 -> q3 [label = "a"];
	q26 -> q11 [label = "b"];
	q28 -> q5 [label = "a, b, c"];
	q38 -> q14 [label = "a, b"];
	q28 -> q7 [label = "a, b, c"];
	q18 -> q32 [label = "a, c"];
	q28 -> q8 [label = "a, c"];
	q28 -> q9 [label = "a, c"];
	q18 -> q48 [label = "c"];
	q28 -> q11 [label = "a, b, c"];
	q28 -> q17 [label = "a, c"];
	q18 -> q20 [label = "a"];
	q28 -> q24 [label = "a, c"];
	q18 -> q9 [label = "a, c"];
	q28 -> q26 [label = "a, b, c"];
	q28 -> q30 [label = "a, b, c"];
	q18 -> q3 [label = "a, c"];
	q26 -> q10 [label = "a"];
	q16 -> q10 [label = "a, c"];
	q44 -> q13 [label = "b"];
	q26 -> q30 [label = "a"];
	q28 -> q10 [label = "a"];
	q28 -> q14 [label = "a, b"];
	q27 -> q11 [label = "a, b"];
	q47 -> q29 [label = "a, c"];
	q28 -> q16 [label = "a"];
	q28 -> q22 [label = "a"];
	q31 -> q17 [label = "b"];
	q28 -> q28 [label = "a"];
	q28 -> q39 [label = "a"];
	q30 -> q8 [label = "c"];
	q28 -> q45 [label = "a"];
	q25 -> q2 [label = "a, c"];
	q17 -> q12 [label = "a"];
	q25 -> q4 [label = "a, b, c"];
	q25 -> q6 [label = "a, c"];
}
NFA size: 49 states

AL* output after 25 EQ and 17173 MQ:
digraph finite_state_machine {
	rankdir=LR;
	node [shape = circle];
	s0 [shape = point, style = invis, start="true" ];
	s1 [shape = point, style = invis, start="true" ];
	q0 [label = "q0"];
	q1 [label = "q1", shape = doublecircle, final="true" ];
	q2 [label = "q2"];
	q3 [label = "q3", shape = doublecircle, final="true" ];
	q4 [label = "q4", shape = doublecircle, final="true" ];
	q5 [label = "q5"];
	q6 [label = "q6"];
	q7 [label = "q7"];
	q8 [label = "q8"];
	q9 [label = "q9", shape = doublecircle, final="true" ];
	q10 [label = "q10"];
	m0 [label = "", shape = square, style = filled, color=grey, fixedsize=true, width=.2];
	m1 [label = "", shape = square, style = filled, color=grey, fixedsize=true, width=.2];
	m2 [label = "", shape = square, style = filled, color=grey, fixedsize=true, width=.2];
	m3 [label = "", shape = square, style = filled, color=grey, fixedsize=true, width=.2];
	m4 [label = "", shape = square, style = filled, color=grey, fixedsize=true, width=.2];
	m5 [label = "", shape = square, style = filled, color=grey, fixedsize=true, width=.2];
	m6 [label = "", shape = square, style = filled, color=grey, fixedsize=true, width=.2];
	m7 [label = "", shape = square, style = filled, color=grey, fixedsize=true, width=.2];
	m8 [label = "", shape = square, style = filled, color=grey, fixedsize=true, width=.2];
	m9 [label = "", shape = square, style = filled, color=grey, fixedsize=true, width=.2];
	m10 [label = "", shape = square, style = filled, color=grey, fixedsize=true, width=.2];
	m11 [label = "", shape = square, style = filled, color=grey, fixedsize=true, width=.2];
	m12 [label = "", shape = square, style = filled, color=grey, fixedsize=true, width=.2];
	m13 [label = "", shape = square, style = filled, color=grey, fixedsize=true, width=.2];
	m14 [label = "", shape = square, style = filled, color=grey, fixedsize=true, width=.2];
	m15 [label = "", shape = square, style = filled, color=grey, fixedsize=true, width=.2];
	m16 [label = "", shape = square, style = filled, color=grey, fixedsize=true, width=.2];
	m17 [label = "", shape = square, style = filled, color=grey, fixedsize=true, width=.2];
	m18 [label = "", shape = square, style = filled, color=grey, fixedsize=true, width=.2];
	m19 [label = "", shape = square, style = filled, color=grey, fixedsize=true, width=.2];
	m20 [label = "", shape = square, style = filled, color=grey, fixedsize=true, width=.2];
	m21 [label = "", shape = square, style = filled, color=grey, fixedsize=true, width=.2];
	m22 [label = "", shape = square, style = filled, color=grey, fixedsize=true, width=.2];
	m23 [label = "", shape = square, style = filled, color=grey, fixedsize=true, width=.2];
	m24 [label = "", shape = square, style = filled, color=grey, fixedsize=true, width=.2];
	m25 [label = "", shape = square, style = filled, color=grey, fixedsize=true, width=.2];
	m26 [label = "", shape = square, style = filled, color=grey, fixedsize=true, width=.2];
	m27 [label = "", shape = square, style = filled, color=grey, fixedsize=true, width=.2];
	s0 -> m0
	s1 -> m1
	q9 -> m5 [label = "b"];
	q9 -> m2 [label = "a, b"];
	q8 -> m20 [label = "c"];
	q8 -> m19 [label = "c"];
	q8 -> m8 [label = "b"];
	q10 -> q4 [label = "a"];
	q7 -> m19 [label = "b"];
	q1 -> m3 [label = "c"];
	q3 -> m21 [label = "a"];
	q2 -> m24 [label = "a"];
	q10 -> m4 [label = "c"];
	q1 -> m2 [label = "a, b, c"];
	q4 -> m27 [label = "c"];
	q6 -> m16 [label = "a"];
	q10 -> m18 [label = "a"];
	q0 -> m27 [label = "a"];
	q4 -> m14 [label = "b"];
	q5 -> m18 [label = "a"];
	q5 -> m0 [label = "a"];
	q7 -> m5 [label = "a"];
	q7 -> m11 [label = "a"];
	q10 -> m27 [label = "a"];
	q10 -> m2 [label = "a, c"];
	q10 -> m3 [label = "c"];
	q2 -> m25 [label = "a"];
	q1 -> q4 [label = "c"];
	q2 -> m12 [label = "c"];
	q5 -> m5 [label = "a, c"];
	q7 -> m20 [label = "b"];
	q10 -> m5 [label = "c"];
	q8 -> m0 [label = "a"];
	q3 -> m0 [label = "b, c"];
	q7 -> m22 [label = "c"];
	q7 -> m10 [label = "a"];
	q1 -> m18 [label = "a, b"];
	q7 -> m9 [label = "a"];
	q10 -> m6 [label = "b"];
	q3 -> q4 [label = "a, c"];
	q2 -> m2 [label = "b"];
	q6 -> m17 [label = "a"];
	q6 -> m15 [label = "a"];
	q5 -> m8 [label = "b"];
	q5 -> m6 [label = "b"];
	q5 -> m2 [label = "c"];
	q9 -> q4 [label = "c"];
	q5 -> m7 [label = "b"];
	q0 -> m0 [label = "b, c"];
	q3 -> m2 [label = "a"];
	q3 -> m18 [label = "b"];
	q3 -> m5 [label = "b"];
	q5 -> m3 [label = "c"];
	q3 -> m1 [label = "c"];
	q1 -> m5 [label = "a, b"];
	q0 -> m1 [label = "c"];
	q9 -> m18 [label = "b"];
	q6 -> m3 [label = "b"];
	q6 -> m2 [label = "b"];
	q6 -> m5 [label = "b"];
	q2 -> m23 [label = "a"];
	q0 -> m3 [label = "b"];
	q0 -> m5 [label = "b"];
	q4 -> m18 [label = "a"];
	q6 -> m21 [label = "c"];
	q2 -> m26 [label = "b"];
	q4 -> m1 [label = "a"];
	q0 -> q4 [label = "a"];
	q0 -> m21 [label = "a"];
	q2 -> m13 [label = "c"];
	q10 -> m7 [label = "b"];
	m0 -> q1;
	m0 -> q3;
	m0 -> q9;
	m1 -> q0;
	m1 -> q3;
	m2 -> q1;
	m2 -> q3;
	m2 -> q5;
	m2 -> q9;
	m2 -> q10;
	m3 -> q0;
	m3 -> q1;
	m3 -> q3;
	m3 -> q5;
	m3 -> q10;
	m4 -> q0;
	m4 -> q3;
	m4 -> q4;
	m4 -> q6;
	m5 -> q1;
	m5 -> q4;
	m5 -> q5;
	m5 -> q10;
	m6 -> q0;
	m6 -> q1;
	m6 -> q4;
	m6 -> q5;
	m6 -> q7;
	m6 -> q10;
	m7 -> q0;
	m7 -> q1;
	m7 -> q3;
	m7 -> q5;
	m7 -> q7;
	m7 -> q10;
	m8 -> q0;
	m8 -> q1;
	m8 -> q2;
	m8 -> q3;
	m8 -> q9;
	m9 -> q0;
	m9 -> q3;
	m9 -> q5;
	m9 -> q8;
	m9 -> q10;
	m10 -> q0;
	m10 -> q4;
	m10 -> q10;
	m11 -> q1;
	m11 -> q3;
	m11 -> q5;
	m11 -> q8;
	m11 -> q9;
	m11 -> q10;
	m12 -> q1;
	m12 -> q3;
	m12 -> q4;
	m12 -> q9;
	m13 -> q0;
	m13 -> q3;
	m13 -> q4;
	m14 -> q0;
	m14 -> q1;
	m14 -> q3;
	m14 -> q6;
	m14 -> q9;
	m15 -> q0;
	m15 -> q1;
	m15 -> q2;
	m15 -> q3;
	m15 -> q5;
	m15 -> q6;
	m15 -> q8;
	m15 -> q9;
	m16 -> q0;
	m16 -> q1;
	m16 -> q2;
	m16 -> q3;
	m16 -> q5;
	m16 -> q7;
	m16 -> q8;
	m16 -> q9;
	m16 -> q10;
	m17 -> q0;
	m17 -> q1;
	m17 -> q2;
	m17 -> q3;
	m17 -> q4;
	m17 -> q5;
	m17 -> q8;
	m17 -> q9;
	m18 -> q0;
	m18 -> q10;
	m19 -> q0;
	m19 -> q1;
	m19 -> q3;
	m19 -> q4;
	m19 -> q5;
	m19 -> q6;
	m19 -> q7;
	m19 -> q8;
	m19 -> q9;
	m19 -> q10;
	m20 -> q0;
	m20 -> q1;
	m20 -> q2;
	m20 -> q3;
	m20 -> q5;
	m20 -> q6;
	m20 -> q7;
	m20 -> q9;
	m20 -> q10;
	m21 -> q0;
	m21 -> q3;
	m21 -> q6;
	m22 -> q0;
	m22 -> q1;
	m22 -> q3;
	m22 -> q4;
	m22 -> q5;
	m22 -> q6;
	m22 -> q10;
	m23 -> q0;
	m23 -> q1;
	m23 -> q2;
	m23 -> q3;
	m23 -> q4;
	m23 -> q5;
	m23 -> q9;
	m23 -> q10;
	m24 -> q1;
	m24 -> q3;
	m24 -> q4;
	m24 -> q5;
	m24 -> q8;
	m24 -> q9;
	m24 -> q10;
	m25 -> q0;
	m25 -> q1;
	m25 -> q3;
	m25 -> q5;
	m25 -> q6;
	m25 -> q9;
	m25 -> q10;
	m26 -> q0;
	m26 -> q1;
	m26 -> q2;
	m26 -> q3;
	m26 -> q6;
	m26 -> q9;
	m26 -> q10;
	m27 -> q5;
	m27 -> q8;
}
AFA size: 11 states

