Random target AFA:
digraph finite_state_machine {
	rankdir=LR;
	node [shape = circle];
	s0 [shape = point, style = invis, start="true" ];
	q0 [label = "q0"];
	q1 [label = "q1"];
	q2 [label = "q2"];
	q3 [label = "q3", shape = doublecircle, final="true" ];
	q4 [label = "q4"];
	q5 [label = "q5"];
	q6 [label = "q6"];
	m0 [label = "", shape = square, style = filled, color=grey, fixedsize=true, width=.2];
	m1 [label = "", shape = square, style = filled, color=grey, fixedsize=true, width=.2];
	m2 [label = "", shape = square, style = filled, color=grey, fixedsize=true, width=.2];
	m3 [label = "", shape = square, style = filled, color=grey, fixedsize=true, width=.2];
	m4 [label = "", shape = square, style = filled, color=grey, fixedsize=true, width=.2];
	m5 [label = "", shape = square, style = filled, color=grey, fixedsize=true, width=.2];
	s0 -> m0
	q3 -> q4 [label = "c"];
	q5 -> m5 [label = "b"];
	q6 -> q5 [label = "b"];
	q5 -> m3 [label = "a"];
	q6 -> q6 [label = "b"];
	q2 -> q1 [label = "b"];
	q2 -> q4 [label = "a"];
	q3 -> q1 [label = "b, c"];
	q6 -> m4 [label = "a"];
	q0 -> q4 [label = "b"];
	q0 -> q2 [label = "b"];
	q2 -> q2 [label = "b, c"];
	q1 -> q2 [label = "a"];
	q6 -> q3 [label = "c"];
	q0 -> m2 [label = "c"];
	q3 -> q6 [label = "b"];
	q0 -> m1 [label = "a"];
	q4 -> q0 [label = "a"];
	q4 -> q6 [label = "c"];
	q5 -> q1 [label = "c"];
	q1 -> q4 [label = "b, c"];
	q0 -> q0 [label = "b"];
	q1 -> q6 [label = "a"];
	q1 -> q3 [label = "a"];
	q3 -> q2 [label = "a"];
	q3 -> q5 [label = "b"];
	q3 -> q0 [label = "a"];
	q4 -> q4 [label = "b"];
	q2 -> q3 [label = "c"];
	q2 -> q6 [label = "c"];
	m0 -> q1;
	m0 -> q3;
	m1 -> q1;
	m1 -> q3;
	m1 -> q6;
	m2 -> q0;
	m2 -> q3;
	m2 -> q4;
	m3 -> q0;
	m3 -> q2;
	m4 -> q4;
	m4 -> q6;
	m5 -> q0;
	m5 -> q6;
}

L* output after 9 EQ and 9258 MQ:
digraph finite_state_machine {
	rankdir=LR;
	node [shape = circle];
	s0 [shape = point, style = invis, start="true" ];
	q0 [label = "q0"];
	q1 [label = "q1"];
	q2 [label = "q2"];
	q3 [label = "q3"];
	q4 [label = "q4"];
	q5 [label = "q5"];
	q6 [label = "q6"];
	q7 [label = "q7"];
	q8 [label = "q8"];
	q9 [label = "q9"];
	q10 [label = "q10"];
	q11 [label = "q11", shape = doublecircle, final="true" ];
	q12 [label = "q12"];
	q13 [label = "q13", shape = doublecircle, final="true" ];
	q14 [label = "q14"];
	q15 [label = "q15", shape = doublecircle, final="true" ];
	q16 [label = "q16"];
	q17 [label = "q17"];
	q18 [label = "q18"];
	q19 [label = "q19"];
	q20 [label = "q20"];
	q21 [label = "q21"];
	q22 [label = "q22"];
	q23 [label = "q23"];
	q24 [label = "q24"];
	q25 [label = "q25"];
	q26 [label = "q26", shape = doublecircle, final="true" ];
	q27 [label = "q27"];
	q28 [label = "q28"];
	q29 [label = "q29", shape = doublecircle, final="true" ];
	q30 [label = "q30"];
	q31 [label = "q31"];
	q32 [label = "q32"];
	q33 [label = "q33", shape = doublecircle, final="true" ];
	q34 [label = "q34", shape = doublecircle, final="true" ];
	q35 [label = "q35"];
	q36 [label = "q36"];
	q37 [label = "q37"];
	q38 [label = "q38"];
	q39 [label = "q39"];
	q40 [label = "q40"];
	q41 [label = "q41"];
	q42 [label = "q42"];
	q43 [label = "q43"];
	q44 [label = "q44", shape = doublecircle, final="true" ];
	q45 [label = "q45"];
	q46 [label = "q46"];
	q47 [label = "q47"];
	q48 [label = "q48"];
	q49 [label = "q49"];
	q50 [label = "q50", shape = doublecircle, final="true" ];
	q51 [label = "q51", shape = doublecircle, final="true" ];
	q52 [label = "q52"];
	q53 [label = "q53"];
	q54 [label = "q54"];
	q55 [label = "q55"];
	q56 [label = "q56", shape = doublecircle, final="true" ];
	q57 [label = "q57", shape = doublecircle, final="true" ];
	q58 [label = "q58"];
	q59 [label = "q59"];
	q60 [label = "q60"];
	q61 [label = "q61"];
	q62 [label = "q62"];
	q63 [label = "q63"];
	q64 [label = "q64"];
	s0 -> q22
	q47 -> q32 [label = "b"];
	q41 -> q20 [label = "b"];
	q47 -> q49 [label = "c"];
	q41 -> q63 [label = "a"];
	q43 -> q55 [label = "b"];
	q45 -> q47 [label = "c"];
	q40 -> q42 [label = "c"];
	q46 -> q32 [label = "b"];
	q42 -> q19 [label = "a"];
	q46 -> q48 [label = "c"];
	q39 -> q8 [label = "a"];
	q37 -> q20 [label = "b"];
	q35 -> q36 [label = "c"];
	q38 -> q42 [label = "a"];
	q36 -> q18 [label = "b"];
	q39 -> q55 [label = "b"];
	q37 -> q59 [label = "c"];
	q33 -> q26 [label = "a"];
	q38 -> q20 [label = "b"];
	q44 -> q23 [label = "a"];
	q36 -> q19 [label = "a"];
	q34 -> q26 [label = "a"];
	q36 -> q62 [label = "c"];
	q34 -> q14 [label = "b"];
	q30 -> q26 [label = "a"];
	q28 -> q18 [label = "b"];
	q26 -> q15 [label = "c"];
	q31 -> q27 [label = "b"];
	q35 -> q41 [label = "a"];
	q29 -> q23 [label = "a"];
	q25 -> q25 [label = "b"];
	q33 -> q54 [label = "c"];
	q27 -> q21 [label = "a"];
	q29 -> q31 [label = "c"];
	q27 -> q27 [label = "b"];
	q24 -> q16 [label = "c"];
	q24 -> q27 [label = "b"];
	q23 -> q9 [label = "a"];
	q22 -> q23 [label = "a"];
	q46 -> q26 [label = "a"];
	q43 -> q45 [label = "c"];
	q42 -> q43 [label = "c"];
	q39 -> q44 [label = "c"];
	q26 -> q20 [label = "a"];
	q48 -> q23 [label = "a"];
	q47 -> q8 [label = "a"];
	q54 -> q50 [label = "c"];
	q30 -> q33 [label = "c"];
	q26 -> q52 [label = "b"];
	q52 -> q26 [label = "a"];
	q51 -> q14 [label = "b"];
	q1 -> q23 [label = "a"];
	q20 -> q25 [label = "b"];
	q18 -> q13 [label = "c"];
	q63 -> q64 [label = "c"];
	q17 -> q38 [label = "a"];
	q14 -> q32 [label = "b"];
	q51 -> q23 [label = "a"];
	q59 -> q55 [label = "b"];
	q24 -> q21 [label = "a"];
	q10 -> q23 [label = "a"];
	q18 -> q18 [label = "b"];
	q57 -> q46 [label = "c"];
	q62 -> q9 [label = "c"];
	q58 -> q35 [label = "b"];
	q56 -> q33 [label = "c"];
	q61 -> q63 [label = "a"];
	q55 -> q32 [label = "b"];
	q57 -> q14 [label = "b"];
	q62 -> q23 [label = "a"];
	q30 -> q32 [label = "b"];
	q58 -> q58 [label = "a, c"];
	q32 -> q32 [label = "b"];
	q12 -> q10 [label = "c"];
	q49 -> q51 [label = "c"];
	q21 -> q6 [label = "c"];
	q53 -> q8 [label = "a"];
	q44 -> q46 [label = "c"];
	q61 -> q35 [label = "b"];
	q63 -> q58 [label = "a"];
	q2 -> q55 [label = "b"];
	q9 -> q39 [label = "c"];
	q50 -> q11 [label = "c"];
	q64 -> q58 [label = "a"];
	q7 -> q19 [label = "a"];
	q8 -> q59 [label = "c"];
	q59 -> q62 [label = "c"];
	q32 -> q34 [label = "c"];
	q13 -> q26 [label = "a"];
	q54 -> q26 [label = "a"];
	q14 -> q11 [label = "c"];
	q63 -> q35 [label = "b"];
	q11 -> q14 [label = "b"];
	q56 -> q30 [label = "b"];
	q64 -> q5 [label = "c"];
	q48 -> q32 [label = "b"];
	q59 -> q61 [label = "a"];
	q35 -> q35 [label = "b"];
	q48 -> q50 [label = "c"];
	q34 -> q33 [label = "c"];
	q61 -> q59 [label = "c"];
	q55 -> q8 [label = "a"];
	q45 -> q24 [label = "b"];
	q62 -> q24 [label = "b"];
	q50 -> q23 [label = "a"];
	q3 -> q24 [label = "b"];
	q60 -> q63 [label = "a"];
	q32 -> q8 [label = "a"];
	q25 -> q26 [label = "a, c"];
	q53 -> q56 [label = "c"];
	q49 -> q55 [label = "b"];
	q20 -> q26 [label = "c"];
	q50 -> q14 [label = "b"];
	q60 -> q35 [label = "b"];
	q53 -> q32 [label = "b"];
	q15 -> q26 [label = "a"];
	q41 -> q6 [label = "c"];
	q28 -> q19 [label = "a"];
	q60 -> q6 [label = "c"];
	q52 -> q52 [label = "b"];
	q51 -> q54 [label = "c"];
	q27 -> q28 [label = "c"];
	q17 -> q39 [label = "c"];
	q64 -> q35 [label = "b"];
	q22 -> q24 [label = "b"];
	q21 -> q7 [label = "a"];
	q4 -> q8 [label = "a"];
	q23 -> q25 [label = "b"];
	q55 -> q57 [label = "c"];
	q7 -> q40 [label = "c"];
	q10 -> q27 [label = "b"];
	q19 -> q58 [label = "a"];
	q38 -> q43 [label = "c"];
	q16 -> q12 [label = "c"];
	q52 -> q15 [label = "c"];
	q17 -> q20 [label = "b"];
	q6 -> q60 [label = "a"];
	q42 -> q35 [label = "b"];
	q23 -> q26 [label = "c"];
	q19 -> q35 [label = "b"];
	q20 -> q17 [label = "a"];
	q18 -> q37 [label = "a"];
	q16 -> q18 [label = "b"];
	q22 -> q27 [label = "c"];
	q16 -> q19 [label = "a"];
	q49 -> q23 [label = "a"];
	q3 -> q2 [label = "c"];
	q13 -> q14 [label = "b"];
	q9 -> q27 [label = "b"];
	q11 -> q11 [label = "c"];
	q44 -> q30 [label = "b"];
	q14 -> q26 [label = "a"];
	q40 -> q24 [label = "b"];
	q37 -> q63 [label = "a"];
	q12 -> q55 [label = "b"];
	q11 -> q26 [label = "a"];
	q40 -> q21 [label = "a"];
	q10 -> q53 [label = "c"];
	q29 -> q30 [label = "b"];
	q5 -> q35 [label = "b"];
	q2 -> q1 [label = "c"];
	q45 -> q23 [label = "a"];
	q4 -> q24 [label = "b"];
	q1 -> q0 [label = "c"];
	q8 -> q7 [label = "a"];
	q33 -> q14 [label = "b"];
	q5 -> q19 [label = "a"];
	q7 -> q35 [label = "b"];
	q3 -> q8 [label = "a"];
	q43 -> q8 [label = "a"];
	q1 -> q55 [label = "b"];
	q54 -> q32 [label = "b"];
	q56 -> q23 [label = "a"];
	q5 -> q4 [label = "c"];
	q0 -> q48 [label = "c"];
	q31 -> q26 [label = "a"];
	q6 -> q24 [label = "b"];
	q2 -> q8 [label = "a"];
	q31 -> q53 [label = "c"];
	q0 -> q32 [label = "b"];
	q6 -> q58 [label = "c"];
	q0 -> q23 [label = "a"];
	q4 -> q3 [label = "c"];
	q28 -> q29 [label = "c"];
	q8 -> q20 [label = "b"];
	q57 -> q26 [label = "a"];
	q21 -> q20 [label = "b"];
	q19 -> q36 [label = "c"];
	q15 -> q52 [label = "b"];
	q12 -> q23 [label = "a"];
	q13 -> q31 [label = "c"];
	q9 -> q8 [label = "a"];
	q15 -> q15 [label = "c"];
}
DFA size: 65 states

NL* output after 15 EQ and 7004 MQ:
digraph finite_state_machine {
	rankdir=LR;
	node [shape = circle];
	s0 [shape = point, style = invis, start="true" ];
	s1 [shape = point, style = invis, start="true" ];
	s2 [shape = point, style = invis, start="true" ];
	s3 [shape = point, style = invis, start="true" ];
	s4 [shape = point, style = invis, start="true" ];
	s5 [shape = point, style = invis, start="true" ];
	q0 [label = "q0"];
	q1 [label = "q1"];
	q2 [label = "q2"];
	q3 [label = "q3"];
	q4 [label = "q4"];
	q5 [label = "q5"];
	q6 [label = "q6"];
	q7 [label = "q7"];
	q8 [label = "q8"];
	q9 [label = "q9", shape = doublecircle, final="true" ];
	q10 [label = "q10"];
	q11 [label = "q11"];
	q12 [label = "q12"];
	q13 [label = "q13"];
	q14 [label = "q14"];
	q15 [label = "q15", shape = doublecircle, final="true" ];
	q16 [label = "q16"];
	q17 [label = "q17"];
	q18 [label = "q18"];
	q19 [label = "q19"];
	q20 [label = "q20"];
	q21 [label = "q21"];
	s0 -> q1
	s1 -> q2
	s2 -> q3
	s3 -> q5
	s4 -> q8
	s5 -> q11
	q18 -> q8 [label = "c"];
	q20 -> q20 [label = "b"];
	q20 -> q10 [label = "b"];
	q19 -> q20 [label = "b"];
	q19 -> q19 [label = "b"];
	q19 -> q18 [label = "b"];
	q19 -> q13 [label = "b"];
	q19 -> q6 [label = "b"];
	q19 -> q1 [label = "a, b"];
	q17 -> q21 [label = "a"];
	q17 -> q20 [label = "a, b, c"];
	q17 -> q18 [label = "a, b, c"];
	q17 -> q15 [label = "a"];
	q17 -> q13 [label = "a, b, c"];
	q17 -> q11 [label = "a"];
	q6 -> q8 [label = "c"];
	q21 -> q3 [label = "a, b, c"];
	q2 -> q0 [label = "b"];
	q12 -> q21 [label = "c"];
	q21 -> q4 [label = "a"];
	q10 -> q20 [label = "b"];
	q4 -> q1 [label = "a, b"];
	q12 -> q15 [label = "c"];
	q12 -> q14 [label = "c"];
	q19 -> q12 [label = "b"];
	q10 -> q10 [label = "b"];
	q10 -> q1 [label = "b, c"];
	q0 -> q1 [label = "b, c"];
	q11 -> q0 [label = "a, b, c"];
	q5 -> q10 [label = "b"];
	q16 -> q5 [label = "a, b, c"];
	q14 -> q6 [label = "c"];
	q14 -> q5 [label = "c"];
	q10 -> q2 [label = "a, c"];
	q8 -> q20 [label = "a, b"];
	q13 -> q2 [label = "a, c"];
	q11 -> q20 [label = "a, b, c"];
	q14 -> q10 [label = "b"];
	q12 -> q17 [label = "b"];
	q9 -> q18 [label = "a, b, c"];
	q18 -> q5 [label = "a, b"];
	q12 -> q11 [label = "b, c"];
	q0 -> q3 [label = "a, b, c"];
	q17 -> q6 [label = "a, b, c"];
	q14 -> q3 [label = "a, b, c"];
	q4 -> q19 [label = "b"];
	q17 -> q8 [label = "a, c"];
	q14 -> q1 [label = "a, b, c"];
	q8 -> q1 [label = "a, b, c"];
	q14 -> q14 [label = "b"];
	q12 -> q18 [label = "a, b, c"];
	q12 -> q13 [label = "a, b, c"];
	q21 -> q11 [label = "c"];
	q2 -> q1 [label = "a, b"];
	q14 -> q2 [label = "b, c"];
	q12 -> q10 [label = "a, b, c"];
	q9 -> q8 [label = "a, b, c"];
	q12 -> q1 [label = "a, b, c"];
	q2 -> q10 [label = "b"];
	q11 -> q3 [label = "a, b, c"];
	q12 -> q5 [label = "a, b, c"];
	q6 -> q3 [label = "a, b, c"];
	q12 -> q2 [label = "a, b, c"];
	q12 -> q3 [label = "a, b, c"];
	q8 -> q5 [label = "c"];
	q15 -> q17 [label = "c"];
	q15 -> q1 [label = "a, b, c"];
	q0 -> q10 [label = "b"];
	q9 -> q16 [label = "b"];
	q16 -> q18 [label = "a, b, c"];
	q5 -> q6 [label = "b"];
	q4 -> q3 [label = "a, b, c"];
	q4 -> q20 [label = "b"];
	q13 -> q8 [label = "c"];
	q17 -> q4 [label = "a"];
	q13 -> q7 [label = "c"];
	q18 -> q10 [label = "b"];
	q7 -> q20 [label = "a, b"];
	q10 -> q3 [label = "a, b, c"];
	q16 -> q13 [label = "a, b, c"];
	q9 -> q11 [label = "a, b, c"];
	q9 -> q14 [label = "a, b"];
	q12 -> q6 [label = "a, b, c"];
	q11 -> q1 [label = "a, b, c"];
	q6 -> q2 [label = "a, c"];
	q12 -> q19 [label = "b, c"];
	q7 -> q21 [label = "b"];
	q18 -> q7 [label = "c"];
	q6 -> q4 [label = "a"];
	q19 -> q5 [label = "b, c"];
	q9 -> q4 [label = "a"];
	q14 -> q20 [label = "a, b"];
	q21 -> q15 [label = "c"];
	q9 -> q7 [label = "a, b"];
	q15 -> q5 [label = "a, b, c"];
	q17 -> q3 [label = "a, b, c"];
	q9 -> q6 [label = "a, b, c"];
	q3 -> q3 [label = "a, b, c"];
	q15 -> q21 [label = "b"];
	q21 -> q2 [label = "a, b, c"];
	q11 -> q2 [label = "a"];
	q9 -> q20 [label = "a, b, c"];
	q5 -> q2 [label = "a"];
	q9 -> q5 [label = "a, b, c"];
	q20 -> q1 [label = "b, c"];
	q17 -> q7 [label = "a, c"];
	q13 -> q1 [label = "b, c"];
	q9 -> q17 [label = "b, c"];
	q19 -> q4 [label = "b"];
	q21 -> q7 [label = "b, c"];
	q8 -> q0 [label = "a, b, c"];
	q4 -> q8 [label = "b"];
	q9 -> q2 [label = "a, b, c"];
	q11 -> q19 [label = "a"];
	q10 -> q7 [label = "c"];
	q21 -> q21 [label = "b"];
	q17 -> q12 [label = "a"];
	q11 -> q12 [label = "a"];
	q12 -> q20 [label = "a, b, c"];
	q19 -> q3 [label = "a, b, c"];
	q19 -> q0 [label = "b"];
	q21 -> q0 [label = "a, b, c"];
	q9 -> q1 [label = "a, b, c"];
	q5 -> q3 [label = "a, b, c"];
	q15 -> q14 [label = "b"];
	q21 -> q10 [label = "b"];
	q9 -> q19 [label = "a"];
	q16 -> q10 [label = "a, b, c"];
	q21 -> q20 [label = "a, b"];
	q9 -> q21 [label = "a, b"];
	q21 -> q8 [label = "b, c"];
	q11 -> q10 [label = "b, c"];
	q8 -> q10 [label = "b"];
	q7 -> q2 [label = "b, c"];
	q9 -> q0 [label = "a, b, c"];
	q13 -> q3 [label = "a, b, c"];
	q12 -> q12 [label = "b, c"];
	q19 -> q2 [label = "a, b"];
	q9 -> q3 [label = "a, b, c"];
	q4 -> q5 [label = "b, c"];
	q13 -> q18 [label = "b"];
	q21 -> q1 [label = "a, b, c"];
	q4 -> q6 [label = "b"];
	q6 -> q10 [label = "b"];
	q1 -> q20 [label = "b"];
	q15 -> q10 [label = "b, c"];
	q6 -> q1 [label = "b, c"];
	q14 -> q0 [label = "a, b, c"];
	q13 -> q20 [label = "b, c"];
	q13 -> q0 [label = "b, c"];
	q13 -> q14 [label = "c"];
	q11 -> q5 [label = "a, b, c"];
	q4 -> q4 [label = "b"];
	q4 -> q18 [label = "b"];
	q8 -> q6 [label = "c"];
	q8 -> q3 [label = "a, b, c"];
	q15 -> q2 [label = "a, b, c"];
	q17 -> q14 [label = "a, c"];
	q11 -> q8 [label = "a"];
	q15 -> q0 [label = "a, b, c"];
	q21 -> q14 [label = "b"];
	q12 -> q7 [label = "c"];
	q18 -> q4 [label = "a"];
	q15 -> q6 [label = "b, c"];
	q12 -> q0 [label = "a, b, c"];
	q5 -> q0 [label = "b"];
	q4 -> q10 [label = "b"];
	q15 -> q11 [label = "b, c"];
	q14 -> q7 [label = "b, c"];
	q5 -> q1 [label = "b"];
	q15 -> q13 [label = "c"];
	q7 -> q11 [label = "c"];
	q7 -> q10 [label = "b"];
	q15 -> q20 [label = "a, b, c"];
	q2 -> q20 [label = "b"];
	q6 -> q0 [label = "b, c"];
	q9 -> q12 [label = "a"];
	q19 -> q10 [label = "b"];
	q19 -> q8 [label = "a, b"];
	q11 -> q6 [label = "b, c"];
	q6 -> q20 [label = "b, c"];
	q9 -> q15 [label = "a"];
	q0 -> q0 [label = "b, c"];
	q6 -> q5 [label = "a, b"];
	q10 -> q8 [label = "c"];
	q6 -> q6 [label = "b"];
	q16 -> q1 [label = "a, b, c"];
	q14 -> q21 [label = "b"];
	q6 -> q18 [label = "b"];
	q0 -> q2 [label = "c"];
	q0 -> q8 [label = "c"];
	q0 -> q20 [label = "b"];
	q1 -> q3 [label = "a, b, c"];
	q3 -> q0 [label = "b"];
	q21 -> q9 [label = "c"];
	q3 -> q1 [label = "b"];
	q14 -> q8 [label = "b, c"];
	q16 -> q19 [label = "a"];
	q7 -> q7 [label = "b"];
	q21 -> q5 [label = "c"];
	q3 -> q10 [label = "b"];
	q3 -> q20 [label = "b"];
	q7 -> q0 [label = "a, b, c"];
	q7 -> q1 [label = "a, b, c"];
	q7 -> q3 [label = "a, b, c"];
	q13 -> q19 [label = "a"];
	q11 -> q18 [label = "b, c"];
	q7 -> q5 [label = "c"];
	q9 -> q13 [label = "a, b, c"];
	q5 -> q18 [label = "b"];
	q12 -> q8 [label = "a, b, c"];
	q15 -> q18 [label = "b, c"];
	q7 -> q6 [label = "c"];
	q7 -> q8 [label = "b, c"];
	q15 -> q16 [label = "b"];
	q13 -> q5 [label = "a, b"];
	q1 -> q0 [label = "b, c"];
	q18 -> q1 [label = "b, c"];
	q11 -> q4 [label = "a"];
	q1 -> q10 [label = "b"];
	q7 -> q14 [label = "b"];
	q15 -> q7 [label = "b"];
	q15 -> q3 [label = "a, b, c"];
	q6 -> q19 [label = "a"];
	q4 -> q0 [label = "b"];
	q15 -> q8 [label = "a, b, c"];
	q4 -> q2 [label = "b"];
	q4 -> q12 [label = "b"];
	q4 -> q13 [label = "b"];
	q5 -> q20 [label = "b"];
	q13 -> q4 [label = "a"];
	q11 -> q13 [label = "c"];
	q13 -> q6 [label = "b"];
	q17 -> q1 [label = "a, b, c"];
	q13 -> q13 [label = "b"];
	q15 -> q4 [label = "a"];
	q15 -> q12 [label = "a"];
	q10 -> q0 [label = "b, c"];
	q15 -> q19 [label = "a"];
	q20 -> q0 [label = "b, c"];
	q18 -> q13 [label = "b"];
	q20 -> q2 [label = "c"];
	q20 -> q3 [label = "a, b, c"];
	q1 -> q1 [label = "b, c"];
	q20 -> q8 [label = "c"];
	q20 -> q7 [label = "c"];
	q16 -> q0 [label = "a, b, c"];
	q16 -> q2 [label = "a, b, c"];
	q16 -> q3 [label = "a, b, c"];
	q16 -> q4 [label = "a"];
	q17 -> q19 [label = "a"];
	q2 -> q3 [label = "a, b, c"];
	q10 -> q4 [label = "a"];
	q16 -> q6 [label = "a, b, c"];
	q14 -> q11 [label = "c"];
	q18 -> q20 [label = "b, c"];
	q16 -> q7 [label = "a, b, c"];
	q16 -> q8 [label = "a, b, c"];
	q16 -> q11 [label = "a, c"];
	q16 -> q12 [label = "a"];
	q16 -> q14 [label = "a, b"];
	q16 -> q15 [label = "a, c"];
	q16 -> q20 [label = "a, b, c"];
	q16 -> q21 [label = "a, b"];
	q18 -> q0 [label = "b, c"];
	q18 -> q3 [label = "a, b, c"];
	q13 -> q10 [label = "b"];
	q18 -> q6 [label = "b"];
	q18 -> q18 [label = "b"];
	q18 -> q2 [label = "a, c"];
	q2 -> q5 [label = "c"];
	q18 -> q19 [label = "a"];
	q12 -> q4 [label = "b, c"];
	q16 -> q9 [label = "c"];
	q17 -> q0 [label = "a, b, c"];
	q16 -> q17 [label = "c"];
	q21 -> q6 [label = "c"];
	q5 -> q5 [label = "b"];
	q17 -> q2 [label = "a, c"];
	q9 -> q10 [label = "a, b, c"];
	q17 -> q5 [label = "a, b, c"];
	q14 -> q15 [label = "c"];
	q17 -> q10 [label = "a, b, c"];
}
NFA size: 22 states

AL* output after 15 EQ and 2567 MQ:
digraph finite_state_machine {
	rankdir=LR;
	node [shape = circle];
	s0 [shape = point, style = invis, start="true" ];
	q0 [label = "q0", shape = doublecircle, final="true" ];
	q1 [label = "q1"];
	q2 [label = "q2"];
	q3 [label = "q3"];
	q4 [label = "q4", shape = doublecircle, final="true" ];
	q5 [label = "q5"];
	q6 [label = "q6"];
	q7 [label = "q7"];
	q8 [label = "q8"];
	q9 [label = "q9"];
	m0 [label = "", shape = square, style = filled, color=grey, fixedsize=true, width=.2];
	m1 [label = "", shape = square, style = filled, color=grey, fixedsize=true, width=.2];
	m2 [label = "", shape = square, style = filled, color=grey, fixedsize=true, width=.2];
	m3 [label = "", shape = square, style = filled, color=grey, fixedsize=true, width=.2];
	m4 [label = "", shape = square, style = filled, color=grey, fixedsize=true, width=.2];
	m5 [label = "", shape = square, style = filled, color=grey, fixedsize=true, width=.2];
	m6 [label = "", shape = square, style = filled, color=grey, fixedsize=true, width=.2];
	m7 [label = "", shape = square, style = filled, color=grey, fixedsize=true, width=.2];
	m8 [label = "", shape = square, style = filled, color=grey, fixedsize=true, width=.2];
	m9 [label = "", shape = square, style = filled, color=grey, fixedsize=true, width=.2];
	m10 [label = "", shape = square, style = filled, color=grey, fixedsize=true, width=.2];
	m11 [label = "", shape = square, style = filled, color=grey, fixedsize=true, width=.2];
	m12 [label = "", shape = square, style = filled, color=grey, fixedsize=true, width=.2];
	m13 [label = "", shape = square, style = filled, color=grey, fixedsize=true, width=.2];
	m14 [label = "", shape = square, style = filled, color=grey, fixedsize=true, width=.2];
	m15 [label = "", shape = square, style = filled, color=grey, fixedsize=true, width=.2];
	s0 -> m0
	q9 -> m10 [label = "b"];
	q9 -> m12 [label = "a"];
	q9 -> m14 [label = "a"];
	q8 -> m6 [label = "b, c"];
	q8 -> m14 [label = "b"];
	q8 -> q6 [label = "a"];
	q0 -> q6 [label = "a"];
	q6 -> m1 [label = "c"];
	q2 -> q6 [label = "a"];
	q6 -> m2 [label = "b"];
	q6 -> q6 [label = "b, c"];
	q0 -> m2 [label = "b, c"];
	q8 -> m5 [label = "c"];
	q0 -> m5 [label = "c"];
	q0 -> m10 [label = "b"];
	q5 -> m8 [label = "c"];
	q2 -> m1 [label = "a"];
	q1 -> m14 [label = "a"];
	q3 -> q6 [label = "b"];
	q2 -> m6 [label = "b, c"];
	q3 -> m6 [label = "b"];
	q2 -> m9 [label = "c"];
	q2 -> m5 [label = "b, c"];
	q4 -> m5 [label = "b, c"];
	q5 -> m9 [label = "c"];
	q7 -> m3 [label = "c"];
	q8 -> m15 [label = "b"];
	q2 -> m8 [label = "c"];
	q6 -> m5 [label = "a"];
	q5 -> m6 [label = "b"];
	q3 -> m4 [label = "c"];
	q1 -> m1 [label = "c"];
	q5 -> m5 [label = "b"];
	q3 -> m3 [label = "c"];
	q4 -> m8 [label = "b"];
	q7 -> q6 [label = "b"];
	q9 -> m2 [label = "c"];
	q9 -> m1 [label = "c"];
	q7 -> m7 [label = "a"];
	q6 -> m6 [label = "a"];
	q0 -> m8 [label = "b"];
	q3 -> m11 [label = "a"];
	q4 -> m10 [label = "b"];
	q4 -> m1 [label = "a"];
	q5 -> m13 [label = "a"];
	q6 -> m11 [label = "a"];
	q5 -> m12 [label = "a"];
	q7 -> m6 [label = "b"];
	q4 -> q6 [label = "a"];
	q1 -> m8 [label = "b"];
	q9 -> m8 [label = "b"];
	q4 -> m2 [label = "b, c"];
	q7 -> m4 [label = "c"];
	q1 -> m10 [label = "b"];
	q7 -> m9 [label = "c"];
	m0 -> q0;
	m0 -> q2;
	m0 -> q4;
	m0 -> q8;
	m1 -> q0;
	m1 -> q4;
	m2 -> q2;
	m2 -> q4;
	m3 -> q0;
	m3 -> q2;
	m3 -> q3;
	m3 -> q4;
	m3 -> q5;
	m3 -> q6;
	m3 -> q7;
	m3 -> q8;
	m4 -> q0;
	m4 -> q2;
	m4 -> q3;
	m4 -> q4;
	m4 -> q5;
	m4 -> q6;
	m4 -> q8;
	m4 -> q9;
	m5 -> q2;
	m5 -> q5;
	m5 -> q6;
	m6 -> q0;
	m6 -> q2;
	m6 -> q4;
	m6 -> q5;
	m6 -> q8;
	m7 -> q0;
	m7 -> q1;
	m7 -> q2;
	m7 -> q4;
	m7 -> q5;
	m7 -> q6;
	m7 -> q7;
	m7 -> q8;
	m7 -> q9;
	m8 -> q1;
	m8 -> q6;
	m8 -> q9;
	m9 -> q0;
	m9 -> q1;
	m9 -> q4;
	m9 -> q9;
	m10 -> q0;
	m10 -> q4;
	m10 -> q9;
	m11 -> q0;
	m11 -> q1;
	m11 -> q2;
	m11 -> q4;
	m11 -> q6;
	m11 -> q8;
	m11 -> q9;
	m12 -> q3;
	m12 -> q6;
	m12 -> q7;
	m13 -> q0;
	m13 -> q2;
	m13 -> q3;
	m13 -> q4;
	m13 -> q6;
	m13 -> q8;
	m14 -> q1;
	m14 -> q2;
	m14 -> q5;
	m14 -> q6;
	m14 -> q7;
	m14 -> q9;
	m15 -> q2;
	m15 -> q3;
	m15 -> q4;
	m15 -> q5;
	m15 -> q6;
	m15 -> q7;
}
AFA size: 10 states

AL** output after 16 EQ and 2567 MQ:
digraph finite_state_machine {
	rankdir=LR;
	node [shape = circle];
	s0 [shape = point, style = invis, start="true" ];
	q0 [label = "q0", shape = doublecircle, final="true" ];
	q1 [label = "q1"];
	q2 [label = "q2"];
	q3 [label = "q3"];
	q4 [label = "q4", shape = doublecircle, final="true" ];
	q5 [label = "q5"];
	q6 [label = "q6"];
	q7 [label = "q7"];
	q8 [label = "q8"];
	q9 [label = "q9"];
	m0 [label = "", shape = square, style = filled, color=grey, fixedsize=true, width=.2];
	m1 [label = "", shape = square, style = filled, color=grey, fixedsize=true, width=.2];
	m2 [label = "", shape = square, style = filled, color=grey, fixedsize=true, width=.2];
	m3 [label = "", shape = square, style = filled, color=grey, fixedsize=true, width=.2];
	m4 [label = "", shape = square, style = filled, color=grey, fixedsize=true, width=.2];
	m5 [label = "", shape = square, style = filled, color=grey, fixedsize=true, width=.2];
	m6 [label = "", shape = square, style = filled, color=grey, fixedsize=true, width=.2];
	m7 [label = "", shape = square, style = filled, color=grey, fixedsize=true, width=.2];
	m8 [label = "", shape = square, style = filled, color=grey, fixedsize=true, width=.2];
	m9 [label = "", shape = square, style = filled, color=grey, fixedsize=true, width=.2];
	m10 [label = "", shape = square, style = filled, color=grey, fixedsize=true, width=.2];
	m11 [label = "", shape = square, style = filled, color=grey, fixedsize=true, width=.2];
	m12 [label = "", shape = square, style = filled, color=grey, fixedsize=true, width=.2];
	m13 [label = "", shape = square, style = filled, color=grey, fixedsize=true, width=.2];
	m14 [label = "", shape = square, style = filled, color=grey, fixedsize=true, width=.2];
	m15 [label = "", shape = square, style = filled, color=grey, fixedsize=true, width=.2];
	s0 -> m0
	q9 -> m10 [label = "b"];
	q9 -> m12 [label = "a"];
	q9 -> m14 [label = "a"];
	q8 -> m6 [label = "b, c"];
	q8 -> m14 [label = "b"];
	q8 -> q6 [label = "a"];
	q0 -> q6 [label = "a"];
	q6 -> m1 [label = "c"];
	q2 -> q6 [label = "a"];
	q6 -> m2 [label = "b"];
	q6 -> q6 [label = "b, c"];
	q0 -> m2 [label = "b, c"];
	q8 -> m5 [label = "c"];
	q0 -> m5 [label = "c"];
	q0 -> m10 [label = "b"];
	q5 -> m8 [label = "c"];
	q2 -> m1 [label = "a"];
	q1 -> m14 [label = "a"];
	q3 -> q6 [label = "b"];
	q2 -> m6 [label = "b, c"];
	q3 -> m6 [label = "b"];
	q2 -> m9 [label = "c"];
	q2 -> m5 [label = "b, c"];
	q4 -> m5 [label = "b, c"];
	q5 -> m9 [label = "c"];
	q7 -> m3 [label = "c"];
	q8 -> m15 [label = "b"];
	q2 -> m8 [label = "c"];
	q6 -> m5 [label = "a"];
	q5 -> m6 [label = "b"];
	q3 -> m4 [label = "c"];
	q1 -> m1 [label = "c"];
	q5 -> m5 [label = "b"];
	q3 -> m3 [label = "c"];
	q4 -> m8 [label = "b"];
	q7 -> q6 [label = "b"];
	q9 -> m2 [label = "c"];
	q9 -> m1 [label = "c"];
	q7 -> m7 [label = "a"];
	q6 -> m6 [label = "a"];
	q0 -> m8 [label = "b"];
	q3 -> m11 [label = "a"];
	q4 -> m10 [label = "b"];
	q4 -> m1 [label = "a"];
	q5 -> m13 [label = "a"];
	q6 -> m11 [label = "a"];
	q5 -> m12 [label = "a"];
	q7 -> m6 [label = "b"];
	q4 -> q6 [label = "a"];
	q1 -> m8 [label = "b"];
	q9 -> m8 [label = "b"];
	q4 -> m2 [label = "b, c"];
	q7 -> m4 [label = "c"];
	q1 -> m10 [label = "b"];
	q7 -> m9 [label = "c"];
	m0 -> q0;
	m0 -> q2;
	m0 -> q4;
	m0 -> q8;
	m1 -> q0;
	m1 -> q4;
	m2 -> q2;
	m2 -> q4;
	m3 -> q0;
	m3 -> q2;
	m3 -> q3;
	m3 -> q4;
	m3 -> q5;
	m3 -> q6;
	m3 -> q7;
	m3 -> q8;
	m4 -> q0;
	m4 -> q2;
	m4 -> q3;
	m4 -> q4;
	m4 -> q5;
	m4 -> q6;
	m4 -> q8;
	m4 -> q9;
	m5 -> q2;
	m5 -> q5;
	m5 -> q6;
	m6 -> q0;
	m6 -> q2;
	m6 -> q4;
	m6 -> q5;
	m6 -> q8;
	m7 -> q0;
	m7 -> q1;
	m7 -> q2;
	m7 -> q4;
	m7 -> q5;
	m7 -> q6;
	m7 -> q7;
	m7 -> q8;
	m7 -> q9;
	m8 -> q1;
	m8 -> q6;
	m8 -> q9;
	m9 -> q0;
	m9 -> q1;
	m9 -> q4;
	m9 -> q9;
	m10 -> q0;
	m10 -> q4;
	m10 -> q9;
	m11 -> q0;
	m11 -> q1;
	m11 -> q2;
	m11 -> q4;
	m11 -> q6;
	m11 -> q8;
	m11 -> q9;
	m12 -> q3;
	m12 -> q6;
	m12 -> q7;
	m13 -> q0;
	m13 -> q2;
	m13 -> q3;
	m13 -> q4;
	m13 -> q6;
	m13 -> q8;
	m14 -> q1;
	m14 -> q2;
	m14 -> q5;
	m14 -> q6;
	m14 -> q7;
	m14 -> q9;
	m15 -> q2;
	m15 -> q3;
	m15 -> q4;
	m15 -> q5;
	m15 -> q6;
	m15 -> q7;
}
RAFA size: 10 states

