Random target AFA:
digraph finite_state_machine {
	rankdir=LR;
	node [shape = circle];
	s0 [shape = point, style = invis, start="true" ];
	s1 [shape = point, style = invis, start="true" ];
	s2 [shape = point, style = invis, start="true" ];
	q0 [label = "q0"];
	q1 [label = "q1"];
	q2 [label = "q2"];
	q3 [label = "q3"];
	q4 [label = "q4", shape = doublecircle, final="true" ];
	q5 [label = "q5"];
	q6 [label = "q6"];
	m0 [label = "", shape = square, style = filled, color=grey, fixedsize=true, width=.2];
	m1 [label = "", shape = square, style = filled, color=grey, fixedsize=true, width=.2];
	m2 [label = "", shape = square, style = filled, color=grey, fixedsize=true, width=.2];
	m3 [label = "", shape = square, style = filled, color=grey, fixedsize=true, width=.2];
	m4 [label = "", shape = square, style = filled, color=grey, fixedsize=true, width=.2];
	s0 -> q1
	s1 -> q2
	s2 -> q5
	q3 -> q5 [label = "c"];
	q2 -> q0 [label = "c"];
	q4 -> q5 [label = "b"];
	q5 -> q0 [label = "b"];
	q1 -> q2 [label = "c"];
	q1 -> m3 [label = "b"];
	q4 -> q6 [label = "b"];
	q3 -> q4 [label = "b"];
	q3 -> q3 [label = "b"];
	q1 -> q6 [label = "a"];
	q4 -> m0 [label = "c"];
	q0 -> q2 [label = "a, b"];
	q0 -> q4 [label = "b"];
	q5 -> q4 [label = "a, b"];
	q2 -> q6 [label = "b"];
	q6 -> m4 [label = "a"];
	q3 -> q1 [label = "a"];
	q2 -> q4 [label = "a"];
	q6 -> q3 [label = "c"];
	q6 -> q6 [label = "c"];
	q6 -> q2 [label = "c"];
	q5 -> q3 [label = "b"];
	q4 -> q0 [label = "b"];
	q5 -> q5 [label = "c"];
	q6 -> m1 [label = "b"];
	q0 -> q5 [label = "c"];
	q0 -> q1 [label = "c"];
	q4 -> m2 [label = "a"];
	m0 -> q1;
	m0 -> q4;
	m1 -> q1;
	m1 -> q2;
	m1 -> q4;
	m2 -> q0;
	m2 -> q4;
	m2 -> q5;
	m3 -> q0;
	m3 -> q6;
	m4 -> q1;
	m4 -> q2;
}

L* output after 13 EQ and 30749 MQ:
digraph finite_state_machine {
	rankdir=LR;
	node [shape = circle];
	s0 [shape = point, style = invis, start="true" ];
	q0 [label = "q0"];
	q1 [label = "q1", shape = doublecircle, final="true" ];
	q2 [label = "q2", shape = doublecircle, final="true" ];
	q3 [label = "q3"];
	q4 [label = "q4", shape = doublecircle, final="true" ];
	q5 [label = "q5"];
	q6 [label = "q6"];
	q7 [label = "q7"];
	q8 [label = "q8"];
	q9 [label = "q9", shape = doublecircle, final="true" ];
	q10 [label = "q10", shape = doublecircle, final="true" ];
	q11 [label = "q11", shape = doublecircle, final="true" ];
	q12 [label = "q12", shape = doublecircle, final="true" ];
	q13 [label = "q13"];
	q14 [label = "q14"];
	q15 [label = "q15"];
	q16 [label = "q16"];
	q17 [label = "q17"];
	q18 [label = "q18"];
	q19 [label = "q19"];
	q20 [label = "q20"];
	q21 [label = "q21", shape = doublecircle, final="true" ];
	q22 [label = "q22", shape = doublecircle, final="true" ];
	q23 [label = "q23", shape = doublecircle, final="true" ];
	q24 [label = "q24"];
	q25 [label = "q25"];
	q26 [label = "q26"];
	q27 [label = "q27"];
	q28 [label = "q28"];
	q29 [label = "q29"];
	q30 [label = "q30"];
	q31 [label = "q31", shape = doublecircle, final="true" ];
	q32 [label = "q32", shape = doublecircle, final="true" ];
	q33 [label = "q33"];
	q34 [label = "q34"];
	q35 [label = "q35", shape = doublecircle, final="true" ];
	q36 [label = "q36", shape = doublecircle, final="true" ];
	q37 [label = "q37", shape = doublecircle, final="true" ];
	q38 [label = "q38"];
	q39 [label = "q39"];
	q40 [label = "q40"];
	q41 [label = "q41"];
	q42 [label = "q42"];
	q43 [label = "q43"];
	q44 [label = "q44"];
	q45 [label = "q45"];
	q46 [label = "q46", shape = doublecircle, final="true" ];
	q47 [label = "q47"];
	q48 [label = "q48"];
	q49 [label = "q49", shape = doublecircle, final="true" ];
	q50 [label = "q50"];
	q51 [label = "q51"];
	q52 [label = "q52", shape = doublecircle, final="true" ];
	q53 [label = "q53"];
	q54 [label = "q54"];
	q55 [label = "q55", shape = doublecircle, final="true" ];
	q56 [label = "q56"];
	q57 [label = "q57"];
	q58 [label = "q58"];
	q59 [label = "q59"];
	q60 [label = "q60"];
	q61 [label = "q61"];
	q62 [label = "q62"];
	q63 [label = "q63"];
	q64 [label = "q64"];
	q65 [label = "q65"];
	q66 [label = "q66"];
	q67 [label = "q67"];
	q68 [label = "q68", shape = doublecircle, final="true" ];
	q69 [label = "q69"];
	q70 [label = "q70"];
	q71 [label = "q71", shape = doublecircle, final="true" ];
	q72 [label = "q72"];
	q73 [label = "q73"];
	q74 [label = "q74"];
	q75 [label = "q75", shape = doublecircle, final="true" ];
	q76 [label = "q76"];
	q77 [label = "q77", shape = doublecircle, final="true" ];
	q78 [label = "q78", shape = doublecircle, final="true" ];
	q79 [label = "q79", shape = doublecircle, final="true" ];
	q80 [label = "q80"];
	q81 [label = "q81"];
	q82 [label = "q82"];
	q83 [label = "q83"];
	q84 [label = "q84", shape = doublecircle, final="true" ];
	q85 [label = "q85", shape = doublecircle, final="true" ];
	q86 [label = "q86"];
	q87 [label = "q87"];
	q88 [label = "q88"];
	q89 [label = "q89"];
	q90 [label = "q90"];
	q91 [label = "q91", shape = doublecircle, final="true" ];
	q92 [label = "q92", shape = doublecircle, final="true" ];
	q93 [label = "q93", shape = doublecircle, final="true" ];
	q94 [label = "q94"];
	q95 [label = "q95"];
	q96 [label = "q96"];
	q97 [label = "q97"];
	q98 [label = "q98", shape = doublecircle, final="true" ];
	q99 [label = "q99"];
	q100 [label = "q100"];
	q101 [label = "q101"];
	q102 [label = "q102"];
	q103 [label = "q103"];
	q104 [label = "q104"];
	q105 [label = "q105"];
	q106 [label = "q106"];
	q107 [label = "q107"];
	q108 [label = "q108"];
	q109 [label = "q109"];
	q110 [label = "q110"];
	q111 [label = "q111", shape = doublecircle, final="true" ];
	q112 [label = "q112"];
	q113 [label = "q113"];
	q114 [label = "q114"];
	q115 [label = "q115", shape = doublecircle, final="true" ];
	q116 [label = "q116"];
	q117 [label = "q117"];
	q118 [label = "q118", shape = doublecircle, final="true" ];
	q119 [label = "q119"];
	q120 [label = "q120"];
	q121 [label = "q121"];
	q122 [label = "q122"];
	q123 [label = "q123"];
	q124 [label = "q124", shape = doublecircle, final="true" ];
	q125 [label = "q125", shape = doublecircle, final="true" ];
	s0 -> q83
	q83 -> q88 [label = "c"];
	q82 -> q105 [label = "c"];
	q86 -> q82 [label = "a"];
	q85 -> q90 [label = "a"];
	q81 -> q73 [label = "b"];
	q87 -> q96 [label = "c"];
	q84 -> q86 [label = "a"];
	q80 -> q83 [label = "c"];
	q86 -> q87 [label = "b"];
	q82 -> q103 [label = "a"];
	q86 -> q81 [label = "c"];
	q84 -> q89 [label = "c"];
	q82 -> q104 [label = "b"];
	q80 -> q75 [label = "a"];
	q78 -> q84 [label = "a"];
	q74 -> q95 [label = "c"];
	q79 -> q107 [label = "c"];
	q75 -> q71 [label = "a"];
	q73 -> q19 [label = "b"];
	q77 -> q105 [label = "c"];
	q75 -> q67 [label = "b"];
	q78 -> q94 [label = "c"];
	q74 -> q77 [label = "a"];
	q67 -> q101 [label = "c"];
	q70 -> q78 [label = "a"];
	q66 -> q105 [label = "c"];
	q71 -> q67 [label = "b"];
	q69 -> q77 [label = "a"];
	q71 -> q81 [label = "c"];
	q67 -> q92 [label = "a"];
	q77 -> q122 [label = "a"];
	q65 -> q34 [label = "b"];
	q67 -> q36 [label = "b"];
	q77 -> q67 [label = "b"];
	q64 -> q89 [label = "c"];
	q66 -> q82 [label = "a"];
	q68 -> q97 [label = "c"];
	q76 -> q45 [label = "a"];
	q66 -> q34 [label = "b"];
	q64 -> q65 [label = "a"];
	q63 -> q122 [label = "a"];
	q60 -> q38 [label = "b"];
	q63 -> q108 [label = "b"];
	q61 -> q59 [label = "a"];
	q81 -> q72 [label = "c"];
	q63 -> q81 [label = "c"];
	q59 -> q82 [label = "a"];
	q57 -> q55 [label = "b"];
	q61 -> q57 [label = "c"];
	q57 -> q50 [label = "c"];
	q59 -> q87 [label = "b"];
	q57 -> q56 [label = "a"];
	q62 -> q33 [label = "b"];
	q60 -> q122 [label = "a"];
	q56 -> q18 [label = "c"];
	q58 -> q121 [label = "a"];
	q56 -> q33 [label = "b"];
	q81 -> q106 [label = "a"];
	q60 -> q105 [label = "c"];
	q56 -> q122 [label = "a"];
	q79 -> q67 [label = "b"];
	q55 -> q59 [label = "a"];
	q54 -> q63 [label = "a"];
	q52 -> q67 [label = "b"];
	q50 -> q100 [label = "c"];
	q53 -> q49 [label = "a"];
	q49 -> q70 [label = "c"];
	q51 -> q52 [label = "a"];
	q83 -> q84 [label = "a"];
	q61 -> q33 [label = "b"];
	q49 -> q67 [label = "b"];
	q51 -> q85 [label = "b"];
	q54 -> q12 [label = "b"];
	q48 -> q47 [label = "c"];
	q58 -> q38 [label = "b"];
	q54 -> q50 [label = "c"];
	q50 -> q52 [label = "a"];
	q48 -> q2 [label = "b"];
	q15 -> q92 [label = "a"];
	q41 -> q17 [label = "a"];
	q94 -> q80 [label = "c"];
	q92 -> q95 [label = "c"];
	q88 -> q80 [label = "c"];
	q28 -> q22 [label = "b"];
	q94 -> q75 [label = "b"];
	q91 -> q78 [label = "a"];
	q109 -> q114 [label = "c"];
	q87 -> q39 [label = "b"];
	q121 -> q42 [label = "a"];
	q90 -> q38 [label = "b"];
	q125 -> q58 [label = "a"];
	q90 -> q94 [label = "c"];
	q92 -> q67 [label = "b"];
	q46 -> q71 [label = "a"];
	q91 -> q53 [label = "c"];
	q93 -> q98 [label = "b"];
	q95 -> q74 [label = "a"];
	q7 -> q52 [label = "a"];
	q46 -> q67 [label = "b"];
	q49 -> q84 [label = "a"];
	q98 -> q91 [label = "b"];
	q85 -> q91 [label = "b"];
	q72 -> q123 [label = "a"];
	q37 -> q71 [label = "a"];
	q20 -> q23 [label = "a"];
	q69 -> q35 [label = "b"];
	q89 -> q97 [label = "c"];
	q96 -> q52 [label = "a"];
	q25 -> q115 [label = "a"];
	q125 -> q98 [label = "b"];
	q102 -> q97 [label = "c"];
	q102 -> q85 [label = "b"];
	q23 -> q67 [label = "b"];
	q99 -> q84 [label = "a"];
	q100 -> q77 [label = "a"];
	q100 -> q85 [label = "b"];
	q10 -> q29 [label = "c"];
	q53 -> q91 [label = "b"];
	q103 -> q103 [label = "a"];
	q33 -> q89 [label = "c"];
	q106 -> q108 [label = "b"];
	q108 -> q89 [label = "c"];
	q43 -> q17 [label = "a"];
	q88 -> q91 [label = "b"];
	q103 -> q44 [label = "c"];
	q118 -> q60 [label = "a"];
	q115 -> q107 [label = "c"];
	q19 -> q14 [label = "b"];
	q40 -> q40 [label = "a, b"];
	q47 -> q36 [label = "b"];
	q14 -> q26 [label = "c"];
	q17 -> q17 [label = "c"];
	q115 -> q117 [label = "a"];
	q113 -> q69 [label = "c"];
	q110 -> q32 [label = "b"];
	q42 -> q82 [label = "a"];
	q68 -> q79 [label = "a"];
	q113 -> q31 [label = "b"];
	q97 -> q91 [label = "b"];
	q114 -> q116 [label = "c"];
	q120 -> q122 [label = "a"];
	q107 -> q77 [label = "a"];
	q125 -> q50 [label = "c"];
	q96 -> q125 [label = "b"];
	q23 -> q64 [label = "a"];
	q7 -> q4 [label = "b"];
	q101 -> q85 [label = "b"];
	q123 -> q30 [label = "c"];
	q106 -> q122 [label = "a"];
	q111 -> q67 [label = "b"];
	q33 -> q19 [label = "b"];
	q83 -> q85 [label = "b"];
	q40 -> q17 [label = "c"];
	q120 -> q38 [label = "b"];
	q108 -> q34 [label = "b"];
	q97 -> q78 [label = "a"];
	q4 -> q98 [label = "b"];
	q70 -> q53 [label = "c"];
	q104 -> q34 [label = "b"];
	q102 -> q79 [label = "a"];
	q2 -> q0 [label = "c"];
	q122 -> q105 [label = "c"];
	q101 -> q111 [label = "a"];
	q29 -> q51 [label = "c"];
	q109 -> q43 [label = "a"];
	q116 -> q69 [label = "c"];
	q110 -> q51 [label = "c"];
	q27 -> q21 [label = "b"];
	q84 -> q67 [label = "b"];
	q41 -> q44 [label = "c"];
	q95 -> q99 [label = "c"];
	q68 -> q98 [label = "b"];
	q121 -> q119 [label = "b"];
	q122 -> q119 [label = "b"];
	q73 -> q110 [label = "c"];
	q58 -> q107 [label = "c"];
	q52 -> q86 [label = "a"];
	q99 -> q100 [label = "c"];
	q21 -> q47 [label = "c"];
	q121 -> q89 [label = "c"];
	q24 -> q100 [label = "c"];
	q123 -> q108 [label = "b"];
	q111 -> q64 [label = "a"];
	q41 -> q40 [label = "b"];
	q85 -> q101 [label = "c"];
	q31 -> q67 [label = "b"];
	q39 -> q92 [label = "a"];
	q95 -> q37 [label = "b"];
	q117 -> q103 [label = "a"];
	q98 -> q101 [label = "c"];
	q106 -> q105 [label = "c"];
	q14 -> q19 [label = "b"];
	q117 -> q119 [label = "b"];
	q35 -> q90 [label = "a"];
	q105 -> q14 [label = "b"];
	q73 -> q109 [label = "a"];
	q55 -> q54 [label = "c"];
	q105 -> q43 [label = "a"];
	q12 -> q120 [label = "a"];
	q9 -> q98 [label = "b"];
	q124 -> q120 [label = "a"];
	q92 -> q77 [label = "a"];
	q124 -> q96 [label = "c"];
	q39 -> q36 [label = "b"];
	q11 -> q86 [label = "a"];
	q47 -> q83 [label = "c"];
	q124 -> q67 [label = "b"];
	q17 -> q41 [label = "a"];
	q108 -> q65 [label = "a"];
	q89 -> q93 [label = "b"];
	q51 -> q88 [label = "c"];
	q24 -> q125 [label = "b"];
	q17 -> q112 [label = "b"];
	q90 -> q84 [label = "a"];
	q117 -> q81 [label = "c"];
	q75 -> q70 [label = "c"];
	q107 -> q33 [label = "b"];
	q119 -> q39 [label = "b"];
	q87 -> q120 [label = "a"];
	q119 -> q72 [label = "c"];
	q26 -> q100 [label = "c"];
	q118 -> q67 [label = "b"];
	q93 -> q76 [label = "a"];
	q112 -> q19 [label = "a, b"];
	q53 -> q53 [label = "c"];
	q1 -> q30 [label = "c"];
	q65 -> q81 [label = "c"];
	q70 -> q68 [label = "b"];
	q120 -> q81 [label = "c"];
	q21 -> q79 [label = "a"];
	q11 -> q67 [label = "b"];
	q122 -> q103 [label = "a"];
	q115 -> q67 [label = "b"];
	q105 -> q19 [label = "c"];
	q18 -> q13 [label = "b"];
	q11 -> q6 [label = "c"];
	q44 -> q41 [label = "a"];
	q27 -> q46 [label = "a"];
	q45 -> q42 [label = "a"];
	q62 -> q122 [label = "a"];
	q114 -> q13 [label = "b"];
	q113 -> q63 [label = "a"];
	q33 -> q109 [label = "a"];
	q103 -> q112 [label = "b"];
	q116 -> q61 [label = "a"];
	q76 -> q107 [label = "c"];
	q89 -> q79 [label = "a"];
	q5 -> q115 [label = "a"];
	q112 -> q113 [label = "c"];
	q26 -> q115 [label = "a"];
	q118 -> q72 [label = "c"];
	q111 -> q89 [label = "c"];
	q27 -> q83 [label = "c"];
	q109 -> q14 [label = "b"];
	q9 -> q76 [label = "a"];
	q64 -> q87 [label = "b"];
	q100 -> q15 [label = "c"];
	q114 -> q62 [label = "a"];
	q25 -> q10 [label = "b"];
	q107 -> q95 [label = "c"];
	q8 -> q1 [label = "a"];
	q96 -> q100 [label = "c"];
	q59 -> q105 [label = "c"];
	q37 -> q67 [label = "b"];
	q46 -> q94 [label = "c"];
	q42 -> q14 [label = "b"];
	q42 -> q18 [label = "c"];
	q44 -> q19 [label = "c"];
	q50 -> q35 [label = "b"];
	q123 -> q59 [label = "a"];
	q35 -> q99 [label = "c"];
	q72 -> q124 [label = "b"];
	q36 -> q91 [label = "b"];
	q34 -> q26 [label = "c"];
	q14 -> q109 [label = "a"];
	q94 -> q92 [label = "a"];
	q37 -> q27 [label = "c"];
	q9 -> q5 [label = "c"];
	q35 -> q91 [label = "b"];
	q38 -> q39 [label = "b"];
	q52 -> q48 [label = "c"];
	q32 -> q25 [label = "c"];
	q34 -> q65 [label = "a"];
	q32 -> q98 [label = "b"];
	q43 -> q105 [label = "c"];
	q78 -> q67 [label = "b"];
	q36 -> q80 [label = "c"];
	q98 -> q78 [label = "a"];
	q34 -> q34 [label = "b"];
	q32 -> q76 [label = "a"];
	q79 -> q121 [label = "a"];
	q31 -> q86 [label = "a"];
	q29 -> q10 [label = "b"];
	q55 -> q67 [label = "b"];
	q101 -> q97 [label = "c"];
	q12 -> q67 [label = "b"];
	q62 -> q44 [label = "c"];
	q30 -> q63 [label = "a"];
	q29 -> q84 [label = "a"];
	q6 -> q115 [label = "a"];
	q25 -> q51 [label = "c"];
	q1 -> q67 [label = "b"];
	q88 -> q92 [label = "a"];
	q38 -> q28 [label = "c"];
	q31 -> q24 [label = "c"];
	q3 -> q52 [label = "a"];
	q43 -> q19 [label = "b"];
	q23 -> q48 [label = "c"];
	q20 -> q85 [label = "b"];
	q80 -> q36 [label = "b"];
	q48 -> q71 [label = "a"];
	q99 -> q35 [label = "b"];
	q104 -> q113 [label = "c"];
	q30 -> q11 [label = "b"];
	q110 -> q115 [label = "a"];
	q28 -> q23 [label = "a"];
	q71 -> q122 [label = "a"];
	q24 -> q115 [label = "a"];
	q97 -> q53 [label = "c"];
	q30 -> q50 [label = "c"];
	q47 -> q46 [label = "a"];
	q69 -> q16 [label = "c"];
	q1 -> q59 [label = "a"];
	q28 -> q97 [label = "c"];
	q93 -> q102 [label = "c"];
	q26 -> q9 [label = "b"];
	q15 -> q36 [label = "b"];
	q21 -> q98 [label = "b"];
	q19 -> q17 [label = "c"];
	q15 -> q99 [label = "c"];
	q39 -> q29 [label = "c"];
	q13 -> q30 [label = "c"];
	q119 -> q60 [label = "a"];
	q8 -> q69 [label = "c"];
	q10 -> q90 [label = "a"];
	q18 -> q72 [label = "c"];
	q10 -> q91 [label = "b"];
	q91 -> q91 [label = "b"];
	q12 -> q7 [label = "c"];
	q4 -> q3 [label = "c"];
	q0 -> q79 [label = "a"];
	q2 -> q67 [label = "b"];
	q6 -> q51 [label = "c"];
	q0 -> q22 [label = "b"];
	q2 -> q86 [label = "a"];
	q6 -> q4 [label = "b"];
	q0 -> q97 [label = "c"];
	q4 -> q58 [label = "a"];
	q5 -> q100 [label = "c"];
	q3 -> q10 [label = "b"];
	q45 -> q89 [label = "c"];
	q7 -> q51 [label = "c"];
	q65 -> q82 [label = "a"];
	q8 -> q35 [label = "b"];
	q5 -> q35 [label = "b"];
	q3 -> q51 [label = "c"];
	q76 -> q87 [label = "b"];
	q36 -> q78 [label = "a"];
	q13 -> q19 [label = "a, b"];
	q74 -> q108 [label = "b"];
	q104 -> q66 [label = "a"];
	q20 -> q97 [label = "c"];
	q16 -> q77 [label = "a"];
	q22 -> q20 [label = "c"];
	q116 -> q118 [label = "b"];
	q16 -> q10 [label = "b"];
	q18 -> q62 [label = "a"];
	q22 -> q98 [label = "b"];
	q72 -> q69 [label = "c"];
	q16 -> q8 [label = "c"];
	q38 -> q120 [label = "a"];
	q19 -> q43 [label = "a"];
	q22 -> q58 [label = "a"];
	q44 -> q112 [label = "b"];
	q45 -> q104 [label = "b"];
}
DFA size: 126 states

NL* output after 23 EQ and 28525 MQ:
digraph finite_state_machine {
	rankdir=LR;
	node [shape = circle];
	s0 [shape = point, style = invis, start="true" ];
	s1 [shape = point, style = invis, start="true" ];
	s2 [shape = point, style = invis, start="true" ];
	s3 [shape = point, style = invis, start="true" ];
	s4 [shape = point, style = invis, start="true" ];
	s5 [shape = point, style = invis, start="true" ];
	s6 [shape = point, style = invis, start="true" ];
	s7 [shape = point, style = invis, start="true" ];
	s8 [shape = point, style = invis, start="true" ];
	s9 [shape = point, style = invis, start="true" ];
	s10 [shape = point, style = invis, start="true" ];
	s11 [shape = point, style = invis, start="true" ];
	s12 [shape = point, style = invis, start="true" ];
	s13 [shape = point, style = invis, start="true" ];
	s14 [shape = point, style = invis, start="true" ];
	s15 [shape = point, style = invis, start="true" ];
	s16 [shape = point, style = invis, start="true" ];
	s17 [shape = point, style = invis, start="true" ];
	s18 [shape = point, style = invis, start="true" ];
	s19 [shape = point, style = invis, start="true" ];
	s20 [shape = point, style = invis, start="true" ];
	s21 [shape = point, style = invis, start="true" ];
	q0 [label = "q0"];
	q1 [label = "q1"];
	q2 [label = "q2"];
	q3 [label = "q3", shape = doublecircle, final="true" ];
	q4 [label = "q4", shape = doublecircle, final="true" ];
	q5 [label = "q5"];
	q6 [label = "q6"];
	q7 [label = "q7", shape = doublecircle, final="true" ];
	q8 [label = "q8"];
	q9 [label = "q9"];
	q10 [label = "q10"];
	q11 [label = "q11", shape = doublecircle, final="true" ];
	q12 [label = "q12"];
	q13 [label = "q13"];
	q14 [label = "q14", shape = doublecircle, final="true" ];
	q15 [label = "q15"];
	q16 [label = "q16"];
	q17 [label = "q17"];
	q18 [label = "q18"];
	q19 [label = "q19"];
	q20 [label = "q20"];
	q21 [label = "q21"];
	q22 [label = "q22"];
	q23 [label = "q23"];
	q24 [label = "q24"];
	q25 [label = "q25"];
	q26 [label = "q26"];
	q27 [label = "q27"];
	q28 [label = "q28"];
	q29 [label = "q29"];
	q30 [label = "q30"];
	q31 [label = "q31"];
	q32 [label = "q32"];
	s0 -> q0
	s1 -> q1
	s2 -> q2
	s3 -> q5
	s4 -> q6
	s5 -> q8
	s6 -> q9
	s7 -> q13
	s8 -> q16
	s9 -> q17
	s10 -> q18
	s11 -> q19
	s12 -> q21
	s13 -> q22
	s14 -> q23
	s15 -> q24
	s16 -> q25
	s17 -> q26
	s18 -> q27
	s19 -> q28
	s20 -> q31
	s21 -> q32
	q20 -> q31 [label = "b"];
	q20 -> q30 [label = "b"];
	q20 -> q20 [label = "b"];
	q20 -> q2 [label = "b"];
	q20 -> q1 [label = "b"];
	q17 -> q23 [label = "c"];
	q17 -> q13 [label = "c"];
	q23 -> q21 [label = "b"];
	q23 -> q20 [label = "b"];
	q23 -> q18 [label = "b"];
	q17 -> q18 [label = "b, c"];
	q17 -> q11 [label = "b"];
	q19 -> q21 [label = "b"];
	q17 -> q16 [label = "a, b, c"];
	q17 -> q6 [label = "a, b, c"];
	q17 -> q0 [label = "a, b, c"];
	q21 -> q26 [label = "c"];
	q20 -> q27 [label = "a"];
	q22 -> q30 [label = "b"];
	q22 -> q21 [label = "b"];
	q22 -> q26 [label = "a, b, c"];
	q22 -> q0 [label = "a, b, c"];
	q18 -> q26 [label = "a, b"];
	q18 -> q24 [label = "b"];
	q18 -> q21 [label = "b"];
	q18 -> q18 [label = "b"];
	q20 -> q25 [label = "b, c"];
	q20 -> q19 [label = "a, b, c"];
	q20 -> q17 [label = "b, c"];
	q20 -> q16 [label = "a, b, c"];
	q20 -> q6 [label = "a, b, c"];
	q13 -> q30 [label = "b"];
	q13 -> q25 [label = "b"];
	q18 -> q6 [label = "b, c"];
	q13 -> q10 [label = "b"];
	q13 -> q7 [label = "b"];
	q12 -> q7 [label = "b"];
	q12 -> q4 [label = "b"];
	q10 -> q32 [label = "c"];
	q17 -> q21 [label = "b"];
	q22 -> q19 [label = "c"];
	q10 -> q25 [label = "c"];
	q10 -> q17 [label = "c"];
	q18 -> q20 [label = "b"];
	q10 -> q13 [label = "c"];
	q10 -> q8 [label = "c"];
	q13 -> q27 [label = "a, b"];
	q13 -> q11 [label = "a, b"];
	q9 -> q25 [label = "c"];
	q9 -> q17 [label = "c"];
	q17 -> q5 [label = "a, b, c"];
	q9 -> q10 [label = "c"];
	q5 -> q21 [label = "b"];
	q7 -> q8 [label = "a"];
	q19 -> q26 [label = "a, b"];
	q20 -> q26 [label = "a, b, c"];
	q4 -> q31 [label = "b"];
	q4 -> q25 [label = "b"];
	q4 -> q21 [label = "b"];
	q4 -> q20 [label = "b"];
	q18 -> q0 [label = "a, b, c"];
	q4 -> q15 [label = "b"];
	q4 -> q13 [label = "b"];
	q22 -> q24 [label = "c"];
	q4 -> q2 [label = "b"];
	q4 -> q1 [label = "b"];
	q5 -> q26 [label = "a, b"];
	q9 -> q24 [label = "c"];
	q7 -> q29 [label = "b"];
	q7 -> q24 [label = "b"];
	q7 -> q21 [label = "b"];
	q7 -> q20 [label = "b"];
	q7 -> q15 [label = "b"];
	q7 -> q11 [label = "b"];
	q7 -> q10 [label = "b"];
	q7 -> q2 [label = "b"];
	q7 -> q1 [label = "b"];
	q1 -> q30 [label = "b"];
	q1 -> q29 [label = "b"];
	q16 -> q0 [label = "a, b, c"];
	q1 -> q25 [label = "b"];
	q1 -> q20 [label = "b"];
	q7 -> q32 [label = "b, c"];
	q7 -> q26 [label = "a, b, c"];
	q7 -> q22 [label = "a, b, c"];
	q7 -> q19 [label = "a, b, c"];
	q7 -> q13 [label = "b, c"];
	q7 -> q0 [label = "a, b, c"];
	q3 -> q31 [label = "b"];
	q3 -> q30 [label = "b, c"];
	q7 -> q25 [label = "b"];
	q3 -> q24 [label = "b, c"];
	q3 -> q23 [label = "b"];
	q3 -> q21 [label = "b, c"];
	q3 -> q19 [label = "a, b, c"];
	q3 -> q18 [label = "a, b, c"];
	q17 -> q27 [label = "a, b"];
	q3 -> q17 [label = "b, c"];
	q3 -> q16 [label = "a, b, c"];
	q7 -> q17 [label = "b, c"];
	q3 -> q15 [label = "b"];
	q3 -> q13 [label = "b"];
	q3 -> q5 [label = "a, b, c"];
	q3 -> q2 [label = "b"];
	q18 -> q16 [label = "b"];
	q3 -> q1 [label = "b"];
	q20 -> q23 [label = "b"];
	q1 -> q28 [label = "a"];
	q1 -> q26 [label = "a, b, c"];
	q1 -> q23 [label = "a, c"];
	q20 -> q10 [label = "b"];
	q1 -> q22 [label = "a, c"];
	q10 -> q1 [label = "c"];
	q1 -> q19 [label = "a, b, c"];
	q1 -> q18 [label = "a, b, c"];
	q1 -> q5 [label = "a, b, c"];
	q4 -> q10 [label = "b"];
	q5 -> q0 [label = "a, b, c"];
	q0 -> q19 [label = "c"];
	q6 -> q26 [label = "a, b"];
	q23 -> q6 [label = "b, c"];
	q6 -> q21 [label = "b"];
	q6 -> q16 [label = "a, b"];
	q7 -> q16 [label = "a, b, c"];
	q5 -> q19 [label = "c"];
	q2 -> q29 [label = "b"];
	q2 -> q26 [label = "a, b, c"];
	q2 -> q24 [label = "b"];
	q2 -> q23 [label = "b"];
	q7 -> q27 [label = "b"];
	q2 -> q28 [label = "b"];
	q2 -> q19 [label = "a, b, c"];
	q2 -> q18 [label = "a, b, c"];
	q2 -> q17 [label = "b, c"];
	q13 -> q20 [label = "b"];
	q2 -> q11 [label = "a, b"];
	q2 -> q6 [label = "a, b, c"];
	q18 -> q19 [label = "a, b, c"];
	q20 -> q18 [label = "a, b, c"];
	q2 -> q5 [label = "a, b, c"];
	q1 -> q27 [label = "a, b"];
	q2 -> q0 [label = "a, b, c"];
	q4 -> q32 [label = "c"];
	q21 -> q5 [label = "c"];
	q7 -> q7 [label = "b"];
	q3 -> q10 [label = "b"];
	q4 -> q26 [label = "a, b, c"];
	q4 -> q23 [label = "a, b, c"];
	q4 -> q19 [label = "a, b, c"];
	q4 -> q18 [label = "a, b, c"];
	q4 -> q22 [label = "a, b, c"];
	q4 -> q17 [label = "b, c"];
	q4 -> q0 [label = "a, b, c"];
	q13 -> q4 [label = "b"];
	q12 -> q32 [label = "c"];
	q22 -> q16 [label = "a, b"];
	q12 -> q28 [label = "b, c"];
	q12 -> q20 [label = "c"];
	q12 -> q13 [label = "c"];
	q12 -> q12 [label = "c"];
	q2 -> q16 [label = "a, b, c"];
	q12 -> q10 [label = "c"];
	q20 -> q5 [label = "a, b, c"];
	q2 -> q25 [label = "b, c"];
	q12 -> q9 [label = "c"];
	q12 -> q2 [label = "c"];
	q12 -> q1 [label = "c"];
	q10 -> q20 [label = "b"];
	q19 -> q16 [label = "b"];
	q10 -> q18 [label = "b, c"];
	q3 -> q6 [label = "a, b, c"];
	q9 -> q21 [label = "b, c"];
	q10 -> q3 [label = "b"];
	q1 -> q31 [label = "a"];
	q9 -> q27 [label = "a"];
	q2 -> q21 [label = "b"];
	q11 -> q21 [label = "b"];
	q14 -> q24 [label = "b, c"];
	q13 -> q29 [label = "b"];
	q21 -> q19 [label = "a, b, c"];
	q28 -> q24 [label = "c"];
	q29 -> q13 [label = "c"];
	q31 -> q5 [label = "c"];
	q24 -> q21 [label = "b"];
	q30 -> q32 [label = "c"];
	q32 -> q22 [label = "a, c"];
	q13 -> q0 [label = "a, b, c"];
	q24 -> q26 [label = "a, b, c"];
	q1 -> q21 [label = "a, b"];
	q9 -> q31 [label = "b"];
	q15 -> q29 [label = "c"];
	q14 -> q25 [label = "b"];
	q32 -> q24 [label = "c"];
	q9 -> q11 [label = "a"];
	q12 -> q25 [label = "c"];
	q8 -> q0 [label = "a, b, c"];
	q1 -> q4 [label = "b"];
	q27 -> q15 [label = "b"];
	q25 -> q11 [label = "b"];
	q20 -> q13 [label = "b"];
	q21 -> q17 [label = "c"];
	q16 -> q19 [label = "a, b, c"];
	q30 -> q5 [label = "c"];
	q29 -> q6 [label = "a, b, c"];
	q13 -> q17 [label = "b"];
	q11 -> q10 [label = "b"];
	q30 -> q26 [label = "c"];
	q27 -> q26 [label = "a, b"];
	q24 -> q16 [label = "b, c"];
	q11 -> q15 [label = "b"];
	q29 -> q17 [label = "c"];
	q27 -> q21 [label = "b"];
	q29 -> q31 [label = "b"];
	q28 -> q19 [label = "a, c"];
	q25 -> q23 [label = "c"];
	q29 -> q1 [label = "c"];
	q7 -> q23 [label = "a, b, c"];
	q23 -> q26 [label = "a, b, c"];
	q12 -> q17 [label = "c"];
	q8 -> q26 [label = "a, b, c"];
	q20 -> q21 [label = "b"];
	q12 -> q19 [label = "a, b, c"];
	q17 -> q22 [label = "a, c"];
	q5 -> q16 [label = "b"];
	q4 -> q16 [label = "a, b, c"];
	q25 -> q21 [label = "b"];
	q28 -> q26 [label = "a, b, c"];
	q27 -> q30 [label = "b"];
	q25 -> q20 [label = "b"];
	q28 -> q18 [label = "a"];
	q20 -> q29 [label = "b"];
	q28 -> q5 [label = "a, c"];
	q31 -> q26 [label = "c"];
	q14 -> q9 [label = "c"];
	q7 -> q3 [label = "b"];
	q25 -> q27 [label = "a, b"];
	q31 -> q24 [label = "c"];
	q31 -> q17 [label = "c"];
	q0 -> q0 [label = "a, b, c"];
	q9 -> q15 [label = "b"];
	q25 -> q26 [label = "a, b, c"];
	q2 -> q4 [label = "b"];
	q14 -> q15 [label = "b"];
	q20 -> q0 [label = "a, b, c"];
	q25 -> q19 [label = "a, b, c"];
	q11 -> q2 [label = "b"];
	q12 -> q15 [label = "b, c"];
	q25 -> q18 [label = "b, c"];
	q9 -> q0 [label = "a, b, c"];
	q6 -> q30 [label = "b"];
	q12 -> q5 [label = "a, b, c"];
	q25 -> q13 [label = "c"];
	q14 -> q27 [label = "c"];
	q25 -> q6 [label = "a, b, c"];
	q31 -> q0 [label = "a, b, c"];
	q27 -> q31 [label = "b"];
	q2 -> q30 [label = "b"];
	q30 -> q19 [label = "a, b, c"];
	q29 -> q27 [label = "a, b"];
	q32 -> q18 [label = "a, b, c"];
	q11 -> q22 [label = "b"];
	q3 -> q29 [label = "b, c"];
	q3 -> q26 [label = "a, b, c"];
	q9 -> q16 [label = "a, b, c"];
	q31 -> q16 [label = "c"];
	q32 -> q23 [label = "a, c"];
	q32 -> q4 [label = "b"];
	q32 -> q11 [label = "a, b"];
	q8 -> q31 [label = "a"];
	q32 -> q5 [label = "a, b, c"];
	q12 -> q24 [label = "c"];
	q32 -> q21 [label = "b, c"];
	q4 -> q29 [label = "b"];
	q15 -> q26 [label = "c"];
	q3 -> q20 [label = "b"];
	q32 -> q31 [label = "c"];
	q20 -> q22 [label = "b"];
	q14 -> q13 [label = "b"];
	q32 -> q0 [label = "a, b, c"];
	q10 -> q16 [label = "a, b, c"];
	q28 -> q29 [label = "c"];
	q32 -> q2 [label = "c"];
	q32 -> q14 [label = "a"];
	q4 -> q5 [label = "a, b, c"];
	q32 -> q13 [label = "c"];
	q1 -> q13 [label = "c"];
	q26 -> q5 [label = "c"];
	q31 -> q6 [label = "a, b, c"];
	q29 -> q11 [label = "b"];
	q28 -> q30 [label = "b, c"];
	q28 -> q31 [label = "b"];
	q25 -> q22 [label = "a, c"];
	q8 -> q28 [label = "c"];
	q29 -> q28 [label = "b"];
	q24 -> q19 [label = "a, c"];
	q32 -> q7 [label = "b"];
	q1 -> q6 [label = "a, b, c"];
	q32 -> q30 [label = "b"];
	q32 -> q16 [label = "a, b, c"];
	q24 -> q0 [label = "a, b, c"];
	q21 -> q6 [label = "a, b, c"];
	q29 -> q5 [label = "b, c"];
	q8 -> q6 [label = "b, c"];
	q3 -> q25 [label = "b"];
	q1 -> q0 [label = "a, b, c"];
	q25 -> q28 [label = "a"];
	q32 -> q19 [label = "a, b, c"];
	q13 -> q6 [label = "a, b, c"];
	q30 -> q6 [label = "a, b, c"];
	q13 -> q18 [label = "a, b, c"];
	q7 -> q30 [label = "b"];
	q14 -> q1 [label = "b"];
	q17 -> q26 [label = "a, b, c"];
	q19 -> q0 [label = "a, b, c"];
	q21 -> q0 [label = "a, b, c"];
	q29 -> q16 [label = "b, c"];
	q28 -> q15 [label = "b"];
	q31 -> q30 [label = "c"];
	q30 -> q16 [label = "c"];
	q13 -> q19 [label = "a, b, c"];
	q29 -> q18 [label = "b, c"];
	q23 -> q24 [label = "b, c"];
	q19 -> q19 [label = "c"];
	q29 -> q19 [label = "a, b, c"];
	q24 -> q31 [label = "b"];
	q31 -> q29 [label = "c"];
	q11 -> q1 [label = "b"];
	q29 -> q21 [label = "b"];
	q7 -> q28 [label = "b"];
	q24 -> q25 [label = "c"];
	q26 -> q19 [label = "a, c"];
	q6 -> q0 [label = "a, b, c"];
	q2 -> q20 [label = "b"];
	q32 -> q28 [label = "c"];
	q15 -> q22 [label = "a, c"];
	q7 -> q18 [label = "a, b, c"];
	q9 -> q5 [label = "a, c"];
	q29 -> q22 [label = "a, b, c"];
	q14 -> q30 [label = "b"];
	q4 -> q6 [label = "a, b, c"];
	q27 -> q19 [label = "a, c"];
	q2 -> q27 [label = "a, b"];
	q29 -> q23 [label = "b, c"];
	q28 -> q6 [label = "a"];
	q24 -> q6 [label = "a"];
	q5 -> q6 [label = "c"];
	q27 -> q18 [label = "a"];
	q27 -> q0 [label = "a, b, c"];
	q12 -> q11 [label = "a, b"];
	q27 -> q5 [label = "a, c"];
	q4 -> q24 [label = "b"];
	q12 -> q31 [label = "b, c"];
	q32 -> q26 [label = "a, b, c"];
	q23 -> q0 [label = "a, b, c"];
	q12 -> q29 [label = "c"];
	q24 -> q27 [label = "a"];
	q9 -> q19 [label = "a, c"];
	q23 -> q19 [label = "a, b, c"];
	q28 -> q0 [label = "a, b, c"];
	q28 -> q16 [label = "a, b, c"];
	q29 -> q25 [label = "c"];
	q25 -> q16 [label = "b, c"];
	q28 -> q21 [label = "b, c"];
	q27 -> q16 [label = "a, b"];
	q9 -> q26 [label = "a, b, c"];
	q11 -> q5 [label = "a, b, c"];
	q9 -> q30 [label = "b, c"];
	q10 -> q31 [label = "a, b"];
	q11 -> q0 [label = "a, b, c"];
	q15 -> q19 [label = "a, b, c"];
	q10 -> q0 [label = "a, b, c"];
	q3 -> q0 [label = "a, b, c"];
	q11 -> q16 [label = "a, b"];
	q7 -> q5 [label = "a, b, c"];
	q11 -> q18 [label = "a, b"];
	q11 -> q19 [label = "a, b, c"];
	q3 -> q22 [label = "b"];
	q11 -> q26 [label = "a, b"];
	q2 -> q7 [label = "b"];
	q15 -> q0 [label = "a, b, c"];
	q15 -> q5 [label = "c"];
	q15 -> q9 [label = "c"];
	q11 -> q24 [label = "b"];
	q15 -> q12 [label = "c"];
	q10 -> q11 [label = "b"];
	q29 -> q3 [label = "b"];
	q11 -> q20 [label = "b"];
	q26 -> q0 [label = "a, b, c"];
	q14 -> q20 [label = "b"];
	q30 -> q17 [label = "c"];
	q32 -> q6 [label = "a, b, c"];
	q10 -> q9 [label = "a, b"];
	q32 -> q9 [label = "c"];
	q15 -> q17 [label = "c"];
	q12 -> q3 [label = "b"];
	q8 -> q5 [label = "a, b, c"];
	q25 -> q0 [label = "a, b, c"];
	q8 -> q15 [label = "a"];
	q4 -> q30 [label = "b"];
	q10 -> q23 [label = "b, c"];
	q15 -> q21 [label = "c"];
	q9 -> q6 [label = "a, c"];
	q25 -> q5 [label = "b, c"];
	q15 -> q24 [label = "c"];
	q11 -> q29 [label = "b"];
	q1 -> q16 [label = "a, b, c"];
	q15 -> q27 [label = "c"];
	q15 -> q30 [label = "c"];
	q15 -> q31 [label = "c"];
	q18 -> q5 [label = "b, c"];
	q9 -> q18 [label = "a, c"];
	q15 -> q32 [label = "c"];
	q8 -> q9 [label = "c"];
	q31 -> q21 [label = "c"];
	q11 -> q6 [label = "b, c"];
	q11 -> q13 [label = "b"];
	q11 -> q17 [label = "b"];
	q1 -> q10 [label = "b"];
	q15 -> q28 [label = "c"];
	q11 -> q30 [label = "b"];
	q8 -> q20 [label = "b"];
	q10 -> q28 [label = "a, b"];
	q17 -> q4 [label = "b"];
	q11 -> q23 [label = "b"];
	q11 -> q31 [label = "b"];
	q13 -> q2 [label = "c"];
	q17 -> q19 [label = "a, b, c"];
	q21 -> q16 [label = "c"];
	q16 -> q6 [label = "b, c"];
	q7 -> q4 [label = "b"];
	q2 -> q3 [label = "b"];
	q10 -> q4 [label = "b"];
	q15 -> q16 [label = "c"];
	q13 -> q5 [label = "a, b, c"];
	q13 -> q16 [label = "a, b, c"];
	q2 -> q10 [label = "b"];
	q13 -> q21 [label = "b, c"];
	q17 -> q30 [label = "b"];
	q13 -> q26 [label = "a, b, c"];
	q8 -> q22 [label = "c"];
	q9 -> q29 [label = "c"];
	q8 -> q24 [label = "b, c"];
	q14 -> q29 [label = "b"];
	q1 -> q11 [label = "a, b"];
	q29 -> q32 [label = "c"];
	q8 -> q27 [label = "c"];
	q15 -> q6 [label = "a, b, c"];
	q12 -> q0 [label = "a, b, c"];
	q12 -> q6 [label = "a, b, c"];
	q7 -> q6 [label = "a, b, c"];
	q12 -> q8 [label = "a"];
	q12 -> q14 [label = "a, b"];
	q12 -> q16 [label = "a, b, c"];
	q29 -> q0 [label = "a, b, c"];
	q12 -> q18 [label = "a, b, c"];
	q12 -> q22 [label = "a, b, c"];
	q7 -> q14 [label = "b"];
	q14 -> q19 [label = "a, b, c"];
	q12 -> q21 [label = "b, c"];
	q12 -> q26 [label = "a, b, c"];
	q12 -> q27 [label = "a, b, c"];
	q32 -> q27 [label = "a, b, c"];
	q29 -> q26 [label = "a, b, c"];
	q14 -> q0 [label = "a, b, c"];
	q23 -> q16 [label = "b"];
	q2 -> q1 [label = "c"];
	q12 -> q30 [label = "b, c"];
	q30 -> q0 [label = "a, b, c"];
	q14 -> q2 [label = "b"];
	q14 -> q5 [label = "a, b, c"];
	q15 -> q15 [label = "c"];
	q31 -> q19 [label = "a, b, c"];
	q8 -> q19 [label = "a, b, c"];
	q14 -> q21 [label = "b"];
	q14 -> q6 [label = "b, c"];
	q14 -> q10 [label = "b"];
	q7 -> q31 [label = "b"];
	q24 -> q18 [label = "c"];
	q13 -> q24 [label = "b, c"];
	q14 -> q16 [label = "a, b"];
	q14 -> q17 [label = "b"];
	q10 -> q19 [label = "a, b, c"];
	q25 -> q24 [label = "b"];
	q14 -> q18 [label = "a, b"];
	q8 -> q21 [label = "a, b"];
	q6 -> q19 [label = "c"];
	q14 -> q23 [label = "a, b"];
	q1 -> q17 [label = "b"];
	q1 -> q7 [label = "b"];
	q14 -> q26 [label = "a, b, c"];
	q11 -> q25 [label = "b"];
	q14 -> q31 [label = "b"];
	q2 -> q31 [label = "b"];
	q14 -> q22 [label = "b, c"];
	q10 -> q27 [label = "a, b"];
	q23 -> q5 [label = "b, c"];
	q2 -> q22 [label = "b"];
	q24 -> q5 [label = "c"];
	q8 -> q16 [label = "a, b"];
	q8 -> q18 [label = "b"];
	q10 -> q30 [label = "b"];
	q8 -> q30 [label = "a, b"];
	q1 -> q24 [label = "b"];
	q10 -> q5 [label = "a, b, c"];
	q10 -> q6 [label = "a, b, c"];
	q12 -> q23 [label = "a, b, c"];
	q10 -> q21 [label = "a, b"];
	q30 -> q22 [label = "a, c"];
	q10 -> q22 [label = "a, b, c"];
	q20 -> q24 [label = "b"];
	q10 -> q24 [label = "a, b"];
	q16 -> q5 [label = "c"];
	q10 -> q26 [label = "a, b, c"];
	q14 -> q28 [label = "c"];
}
NFA size: 33 states

AL* output after 21 EQ and 9471 MQ:
digraph finite_state_machine {
	rankdir=LR;
	node [shape = circle];
	s0 [shape = point, style = invis, start="true" ];
	s1 [shape = point, style = invis, start="true" ];
	s2 [shape = point, style = invis, start="true" ];
	s3 [shape = point, style = invis, start="true" ];
	q0 [label = "q0"];
	q1 [label = "q1"];
	q2 [label = "q2"];
	q3 [label = "q3", shape = doublecircle, final="true" ];
	q4 [label = "q4"];
	q5 [label = "q5"];
	q6 [label = "q6"];
	q7 [label = "q7"];
	q8 [label = "q8"];
	q9 [label = "q9", shape = doublecircle, final="true" ];
	q10 [label = "q10"];
	q11 [label = "q11"];
	q12 [label = "q12"];
	q13 [label = "q13", shape = doublecircle, final="true" ];
	q14 [label = "q14"];
	m0 [label = "", shape = square, style = filled, color=grey, fixedsize=true, width=.2];
	m1 [label = "", shape = square, style = filled, color=grey, fixedsize=true, width=.2];
	m2 [label = "", shape = square, style = filled, color=grey, fixedsize=true, width=.2];
	m3 [label = "", shape = square, style = filled, color=grey, fixedsize=true, width=.2];
	m4 [label = "", shape = square, style = filled, color=grey, fixedsize=true, width=.2];
	m5 [label = "", shape = square, style = filled, color=grey, fixedsize=true, width=.2];
	m6 [label = "", shape = square, style = filled, color=grey, fixedsize=true, width=.2];
	m7 [label = "", shape = square, style = filled, color=grey, fixedsize=true, width=.2];
	m8 [label = "", shape = square, style = filled, color=grey, fixedsize=true, width=.2];
	m9 [label = "", shape = square, style = filled, color=grey, fixedsize=true, width=.2];
	m10 [label = "", shape = square, style = filled, color=grey, fixedsize=true, width=.2];
	m11 [label = "", shape = square, style = filled, color=grey, fixedsize=true, width=.2];
	m12 [label = "", shape = square, style = filled, color=grey, fixedsize=true, width=.2];
	m13 [label = "", shape = square, style = filled, color=grey, fixedsize=true, width=.2];
	m14 [label = "", shape = square, style = filled, color=grey, fixedsize=true, width=.2];
	m15 [label = "", shape = square, style = filled, color=grey, fixedsize=true, width=.2];
	m16 [label = "", shape = square, style = filled, color=grey, fixedsize=true, width=.2];
	m17 [label = "", shape = square, style = filled, color=grey, fixedsize=true, width=.2];
	m18 [label = "", shape = square, style = filled, color=grey, fixedsize=true, width=.2];
	m19 [label = "", shape = square, style = filled, color=grey, fixedsize=true, width=.2];
	m20 [label = "", shape = square, style = filled, color=grey, fixedsize=true, width=.2];
	m21 [label = "", shape = square, style = filled, color=grey, fixedsize=true, width=.2];
	s0 -> m0
	s1 -> m1
	s2 -> m2
	s3 -> q4
	q9 -> m7 [label = "b"];
	q9 -> m6 [label = "b"];
	q9 -> m2 [label = "a, b"];
	q11 -> m7 [label = "b"];
	q11 -> m5 [label = "b"];
	q11 -> m3 [label = "a, b"];
	q13 -> m2 [label = "c"];
	q13 -> m0 [label = "c"];
	q8 -> q4 [label = "c"];
	q8 -> m1 [label = "c"];
	q12 -> q4 [label = "a"];
	q14 -> m8 [label = "b"];
	q14 -> m3 [label = "b"];
	q8 -> m3 [label = "b"];
	q9 -> m5 [label = "b"];
	q10 -> m20 [label = "a"];
	q14 -> m0 [label = "c"];
	q14 -> m4 [label = "c"];
	q8 -> m20 [label = "a"];
	q4 -> m2 [label = "c"];
	q2 -> m15 [label = "b"];
	q6 -> m19 [label = "c"];
	q6 -> m16 [label = "c"];
	q0 -> m9 [label = "b"];
	q12 -> m0 [label = "c"];
	q4 -> m0 [label = "b"];
	q3 -> m11 [label = "c"];
	q9 -> m1 [label = "c"];
	q9 -> m0 [label = "c"];
	q13 -> q4 [label = "a"];
	q12 -> m7 [label = "b, c"];
	q7 -> m13 [label = "a"];
	q13 -> m3 [label = "b"];
	q3 -> m5 [label = "b"];
	q13 -> m4 [label = "b"];
	q5 -> m6 [label = "b"];
	q7 -> m6 [label = "c"];
	q14 -> m13 [label = "c"];
	q6 -> m20 [label = "b"];
	q9 -> q4 [label = "a, c"];
	q4 -> m8 [label = "b"];
	q11 -> m1 [label = "c"];
	q13 -> m5 [label = "b"];
	q1 -> m8 [label = "c"];
	q13 -> m7 [label = "b, c"];
	q11 -> m4 [label = "c"];
	q6 -> m21 [label = "c"];
	q13 -> m6 [label = "b, c"];
	q4 -> m18 [label = "a"];
	q10 -> m8 [label = "c"];
	q11 -> m8 [label = "c"];
	q8 -> m2 [label = "a, b"];
	q4 -> m14 [label = "b"];
	q12 -> m2 [label = "c"];
	q11 -> m0 [label = "c"];
	q3 -> m12 [label = "c"];
	q12 -> m3 [label = "a, b"];
	q8 -> m0 [label = "c"];
	q3 -> m0 [label = "b"];
	q12 -> m6 [label = "b, c"];
	q14 -> m9 [label = "a"];
	q4 -> m15 [label = "b"];
	q6 -> m10 [label = "a"];
	q1 -> m16 [label = "c"];
	q1 -> m15 [label = "c"];
	q5 -> m3 [label = "a"];
	q0 -> m19 [label = "c"];
	q14 -> m10 [label = "a"];
	q1 -> m6 [label = "b"];
	q0 -> m4 [label = "c"];
	q3 -> m17 [label = "a"];
	q7 -> m2 [label = "c"];
	q10 -> m15 [label = "b"];
	q6 -> m9 [label = "b"];
	q4 -> m6 [label = "a"];
	q7 -> m7 [label = "c"];
	q3 -> m4 [label = "b"];
	q14 -> m1 [label = "c"];
	q3 -> m6 [label = "b"];
	q8 -> m15 [label = "b"];
	q9 -> m4 [label = "c"];
	q1 -> m12 [label = "a"];
	q2 -> m12 [label = "c"];
	q5 -> m5 [label = "c"];
	q7 -> m12 [label = "a, b"];
	q0 -> m0 [label = "c"];
	q12 -> m5 [label = "c"];
	q0 -> m7 [label = "b"];
	q3 -> m1 [label = "b"];
	q0 -> m1 [label = "c"];
	q9 -> m3 [label = "b"];
	q1 -> m17 [label = "a"];
	q2 -> m20 [label = "a"];
	q0 -> m3 [label = "a, b"];
	q8 -> m4 [label = "c"];
	q0 -> m5 [label = "b"];
	m0 -> q0;
	m0 -> q3;
	m0 -> q9;
	m0 -> q11;
	m0 -> q13;
	m1 -> q0;
	m1 -> q9;
	m1 -> q11;
	m1 -> q12;
	m1 -> q13;
	m2 -> q5;
	m2 -> q12;
	m3 -> q3;
	m3 -> q9;
	m3 -> q13;
	m4 -> q0;
	m4 -> q5;
	m4 -> q11;
	m4 -> q12;
	m5 -> q8;
	m5 -> q9;
	m6 -> q7;
	m6 -> q12;
	m6 -> q13;
	m7 -> q9;
	m7 -> q12;
	m7 -> q13;
	m8 -> q0;
	m8 -> q5;
	m8 -> q6;
	m8 -> q8;
	m8 -> q9;
	m8 -> q12;
	m9 -> q1;
	m9 -> q5;
	m9 -> q7;
	m9 -> q12;
	m9 -> q13;
	m10 -> q1;
	m10 -> q3;
	m10 -> q5;
	m10 -> q9;
	m10 -> q12;
	m10 -> q13;
	m11 -> q0;
	m11 -> q2;
	m11 -> q3;
	m11 -> q4;
	m11 -> q5;
	m11 -> q7;
	m11 -> q8;
	m11 -> q9;
	m11 -> q11;
	m11 -> q12;
	m11 -> q13;
	m11 -> q14;
	m12 -> q0;
	m12 -> q1;
	m12 -> q2;
	m12 -> q3;
	m12 -> q4;
	m12 -> q5;
	m12 -> q8;
	m12 -> q9;
	m12 -> q10;
	m12 -> q11;
	m12 -> q12;
	m12 -> q13;
	m13 -> q1;
	m13 -> q4;
	m13 -> q5;
	m13 -> q7;
	m13 -> q10;
	m13 -> q11;
	m13 -> q12;
	m13 -> q13;
	m14 -> q3;
	m14 -> q8;
	m14 -> q9;
	m14 -> q13;
	m15 -> q7;
	m15 -> q8;
	m15 -> q9;
	m15 -> q12;
	m15 -> q13;
	m16 -> q0;
	m16 -> q8;
	m16 -> q9;
	m16 -> q11;
	m16 -> q12;
	m16 -> q13;
	m16 -> q14;
	m17 -> q0;
	m17 -> q3;
	m17 -> q4;
	m17 -> q8;
	m17 -> q9;
	m17 -> q11;
	m17 -> q13;
	m17 -> q14;
	m18 -> q0;
	m18 -> q1;
	m18 -> q2;
	m18 -> q3;
	m18 -> q4;
	m18 -> q5;
	m18 -> q6;
	m18 -> q8;
	m18 -> q9;
	m18 -> q10;
	m18 -> q11;
	m18 -> q12;
	m18 -> q13;
	m18 -> q14;
	m19 -> q4;
	m19 -> q8;
	m19 -> q9;
	m19 -> q14;
	m20 -> q0;
	m20 -> q3;
	m20 -> q4;
	m20 -> q7;
	m20 -> q8;
	m20 -> q9;
	m20 -> q11;
	m20 -> q12;
	m20 -> q13;
	m20 -> q14;
	m21 -> q0;
	m21 -> q5;
	m21 -> q6;
	m21 -> q8;
	m21 -> q9;
	m21 -> q11;
	m21 -> q12;
	m21 -> q14;
}
AFA size: 15 states

