Random target AFA:
digraph finite_state_machine {
	rankdir=LR;
	node [shape = circle];
	s0 [shape = point, style = invis, start="true" ];
	q0 [label = "q0"];
	q1 [label = "q1"];
	q2 [label = "q2"];
	q3 [label = "q3"];
	q4 [label = "q4"];
	q5 [label = "q5"];
	q6 [label = "q6", shape = doublecircle, final="true" ];
	m0 [label = "", shape = square, style = filled, color=grey, fixedsize=true, width=.2];
	m1 [label = "", shape = square, style = filled, color=grey, fixedsize=true, width=.2];
	m2 [label = "", shape = square, style = filled, color=grey, fixedsize=true, width=.2];
	m3 [label = "", shape = square, style = filled, color=grey, fixedsize=true, width=.2];
	m4 [label = "", shape = square, style = filled, color=grey, fixedsize=true, width=.2];
	m5 [label = "", shape = square, style = filled, color=grey, fixedsize=true, width=.2];
	m6 [label = "", shape = square, style = filled, color=grey, fixedsize=true, width=.2];
	s0 -> q2
	q4 -> q3 [label = "b"];
	q6 -> m2 [label = "a"];
	q1 -> q2 [label = "c"];
	q5 -> q6 [label = "a"];
	q4 -> q0 [label = "b"];
	q5 -> q3 [label = "a"];
	q2 -> q6 [label = "c"];
	q5 -> q4 [label = "a"];
	q3 -> m5 [label = "a"];
	q1 -> q4 [label = "b"];
	q5 -> m6 [label = "b"];
	q3 -> q3 [label = "b"];
	q4 -> m0 [label = "c"];
	q0 -> q4 [label = "a, b"];
	q4 -> m3 [label = "a"];
	q1 -> q3 [label = "c"];
	q2 -> m1 [label = "b"];
	q4 -> q2 [label = "b"];
	q0 -> q6 [label = "a"];
	q6 -> q0 [label = "c"];
	q3 -> q0 [label = "c"];
	q5 -> m4 [label = "c"];
	q6 -> q5 [label = "c"];
	q6 -> q1 [label = "c"];
	q2 -> m2 [label = "a"];
	q1 -> q6 [label = "a"];
	q6 -> q3 [label = "b"];
	q0 -> q1 [label = "c"];
	m0 -> q0;
	m0 -> q1;
	m1 -> q0;
	m1 -> q4;
	m1 -> q6;
	m2 -> q2;
	m2 -> q4;
	m3 -> q1;
	m3 -> q3;
	m4 -> q1;
	m4 -> q2;
	m4 -> q5;
	m5 -> q2;
	m5 -> q3;
	m6 -> q3;
	m6 -> q4;
}

L* output after 9 EQ and 11188 MQ:
digraph finite_state_machine {
	rankdir=LR;
	node [shape = circle];
	s0 [shape = point, style = invis, start="true" ];
	q0 [label = "q0"];
	q1 [label = "q1"];
	q2 [label = "q2"];
	q3 [label = "q3"];
	q4 [label = "q4"];
	q5 [label = "q5"];
	q6 [label = "q6"];
	q7 [label = "q7"];
	q8 [label = "q8", shape = doublecircle, final="true" ];
	q9 [label = "q9"];
	q10 [label = "q10"];
	q11 [label = "q11", shape = doublecircle, final="true" ];
	q12 [label = "q12"];
	q13 [label = "q13"];
	q14 [label = "q14"];
	q15 [label = "q15", shape = doublecircle, final="true" ];
	q16 [label = "q16"];
	q17 [label = "q17", shape = doublecircle, final="true" ];
	q18 [label = "q18"];
	q19 [label = "q19", shape = doublecircle, final="true" ];
	q20 [label = "q20"];
	q21 [label = "q21"];
	q22 [label = "q22"];
	q23 [label = "q23"];
	q24 [label = "q24"];
	q25 [label = "q25"];
	q26 [label = "q26"];
	q27 [label = "q27"];
	q28 [label = "q28"];
	q29 [label = "q29", shape = doublecircle, final="true" ];
	q30 [label = "q30"];
	q31 [label = "q31", shape = doublecircle, final="true" ];
	q32 [label = "q32"];
	q33 [label = "q33", shape = doublecircle, final="true" ];
	q34 [label = "q34"];
	q35 [label = "q35"];
	q36 [label = "q36"];
	q37 [label = "q37"];
	q38 [label = "q38"];
	q39 [label = "q39"];
	q40 [label = "q40"];
	q41 [label = "q41"];
	q42 [label = "q42"];
	q43 [label = "q43"];
	q44 [label = "q44"];
	q45 [label = "q45"];
	q46 [label = "q46"];
	q47 [label = "q47"];
	q48 [label = "q48"];
	q49 [label = "q49"];
	q50 [label = "q50"];
	q51 [label = "q51"];
	q52 [label = "q52"];
	q53 [label = "q53"];
	q54 [label = "q54"];
	q55 [label = "q55"];
	q56 [label = "q56"];
	q57 [label = "q57"];
	q58 [label = "q58", shape = doublecircle, final="true" ];
	q59 [label = "q59", shape = doublecircle, final="true" ];
	q60 [label = "q60"];
	s0 -> q18
	q41 -> q42 [label = "c"];
	q45 -> q45 [label = "a"];
	q41 -> q16 [label = "b"];
	q41 -> q25 [label = "a"];
	q43 -> q14 [label = "b"];
	q40 -> q41 [label = "c"];
	q46 -> q16 [label = "b"];
	q40 -> q14 [label = "b"];
	q42 -> q12 [label = "b"];
	q35 -> q38 [label = "c"];
	q38 -> q25 [label = "a"];
	q37 -> q20 [label = "a"];
	q35 -> q25 [label = "a"];
	q37 -> q40 [label = "c"];
	q35 -> q16 [label = "b"];
	q47 -> q49 [label = "c"];
	q33 -> q46 [label = "a"];
	q36 -> q25 [label = "a"];
	q38 -> q16 [label = "b"];
	q32 -> q60 [label = "c"];
	q38 -> q28 [label = "c"];
	q34 -> q20 [label = "a"];
	q32 -> q12 [label = "b"];
	q32 -> q15 [label = "a"];
	q31 -> q33 [label = "a"];
	q46 -> q48 [label = "c"];
	q30 -> q25 [label = "a"];
	q42 -> q19 [label = "a"];
	q31 -> q12 [label = "b"];
	q29 -> q33 [label = "a"];
	q25 -> q6 [label = "c"];
	q27 -> q19 [label = "a"];
	q25 -> q21 [label = "b"];
	q29 -> q17 [label = "c"];
	q27 -> q12 [label = "b"];
	q45 -> q47 [label = "c"];
	q5 -> q22 [label = "b"];
	q5 -> q4 [label = "c"];
	q19 -> q22 [label = "b"];
	q22 -> q26 [label = "c"];
	q34 -> q21 [label = "b"];
	q17 -> q12 [label = "b"];
	q36 -> q16 [label = "b"];
	q23 -> q14 [label = "b"];
	q18 -> q19 [label = "c"];
	q50 -> q14 [label = "b"];
	q56 -> q12 [label = "b"];
	q14 -> q36 [label = "a"];
	q46 -> q25 [label = "a"];
	q24 -> q13 [label = "c"];
	q60 -> q33 [label = "a"];
	q7 -> q16 [label = "b"];
	q54 -> q1 [label = "c"];
	q55 -> q19 [label = "a"];
	q39 -> q25 [label = "a"];
	q17 -> q15 [label = "a"];
	q13 -> q25 [label = "a"];
	q18 -> q21 [label = "b"];
	q4 -> q3 [label = "c"];
	q26 -> q33 [label = "a"];
	q12 -> q9 [label = "b"];
	q56 -> q57 [label = "c"];
	q36 -> q39 [label = "c"];
	q44 -> q12 [label = "b"];
	q57 -> q33 [label = "a"];
	q59 -> q59 [label = "c"];
	q45 -> q21 [label = "b"];
	q21 -> q24 [label = "c"];
	q52 -> q25 [label = "a"];
	q31 -> q32 [label = "c"];
	q54 -> q33 [label = "a"];
	q16 -> q24 [label = "c"];
	q43 -> q33 [label = "a"];
	q55 -> q14 [label = "b"];
	q14 -> q24 [label = "c"];
	q57 -> q12 [label = "b"];
	q55 -> q56 [label = "c"];
	q47 -> q16 [label = "b"];
	q30 -> q11 [label = "c"];
	q49 -> q25 [label = "a"];
	q49 -> q16 [label = "b"];
	q26 -> q28 [label = "c"];
	q16 -> q22 [label = "b"];
	q3 -> q2 [label = "c"];
	q58 -> q10 [label = "c"];
	q60 -> q12 [label = "b"];
	q44 -> q9 [label = "c"];
	q53 -> q19 [label = "a"];
	q48 -> q50 [label = "c"];
	q53 -> q14 [label = "b"];
	q33 -> q9 [label = "b"];
	q48 -> q25 [label = "a"];
	q54 -> q12 [label = "b"];
	q58 -> q33 [label = "a"];
	q17 -> q10 [label = "c"];
	q60 -> q8 [label = "c"];
	q24 -> q14 [label = "b"];
	q27 -> q29 [label = "c"];
	q57 -> q0 [label = "c"];
	q44 -> q19 [label = "a"];
	q58 -> q12 [label = "b"];
	q16 -> q34 [label = "a"];
	q2 -> q31 [label = "c"];
	q48 -> q16 [label = "b"];
	q56 -> q19 [label = "a"];
	q28 -> q19 [label = "a"];
	q19 -> q20 [label = "a"];
	q8 -> q33 [label = "a"];
	q52 -> q22 [label = "b"];
	q6 -> q28 [label = "c"];
	q22 -> q25 [label = "a"];
	q15 -> q35 [label = "a"];
	q1 -> q27 [label = "c"];
	q50 -> q52 [label = "c"];
	q20 -> q21 [label = "b"];
	q34 -> q37 [label = "c"];
	q52 -> q54 [label = "c"];
	q59 -> q12 [label = "b"];
	q40 -> q19 [label = "a"];
	q51 -> q53 [label = "c"];
	q51 -> q25 [label = "a"];
	q20 -> q45 [label = "a"];
	q4 -> q14 [label = "b"];
	q9 -> q58 [label = "c"];
	q9 -> q33 [label = "a"];
	q51 -> q16 [label = "b"];
	q22 -> q22 [label = "b"];
	q18 -> q20 [label = "a"];
	q23 -> q27 [label = "c"];
	q23 -> q15 [label = "a"];
	q11 -> q23 [label = "c"];
	q39 -> q16 [label = "b"];
	q0 -> q33 [label = "a"];
	q10 -> q8 [label = "c"];
	q43 -> q44 [label = "c"];
	q15 -> q9 [label = "b"];
	q7 -> q20 [label = "a"];
	q28 -> q30 [label = "c"];
	q20 -> q7 [label = "c"];
	q6 -> q20 [label = "a"];
	q29 -> q12 [label = "b"];
	q5 -> q25 [label = "a"];
	q39 -> q40 [label = "c"];
	q49 -> q51 [label = "c"];
	q12 -> q35 [label = "a"];
	q59 -> q15 [label = "a"];
	q13 -> q16 [label = "b"];
	q3 -> q19 [label = "a"];
	q1 -> q14 [label = "b"];
	q7 -> q13 [label = "c"];
	q47 -> q20 [label = "a"];
	q14 -> q9 [label = "b"];
	q3 -> q14 [label = "b"];
	q1 -> q33 [label = "a"];
	q28 -> q14 [label = "b"];
	q50 -> q19 [label = "a"];
	q4 -> q33 [label = "a"];
	q42 -> q43 [label = "c"];
	q0 -> q60 [label = "c"];
	q6 -> q16 [label = "b"];
	q12 -> q26 [label = "c"];
	q0 -> q12 [label = "b"];
	q10 -> q12 [label = "b"];
	q10 -> q15 [label = "a"];
	q8 -> q12 [label = "b"];
	q8 -> q59 [label = "c"];
	q13 -> q5 [label = "c"];
	q2 -> q19 [label = "a"];
	q11 -> q12 [label = "b"];
	q33 -> q23 [label = "c"];
	q15 -> q23 [label = "c"];
	q21 -> q45 [label = "a"];
	q11 -> q33 [label = "a"];
	q19 -> q23 [label = "c"];
	q9 -> q12 [label = "b"];
	q21 -> q16 [label = "b"];
	q24 -> q19 [label = "a"];
	q37 -> q16 [label = "b"];
	q53 -> q55 [label = "c"];
	q26 -> q14 [label = "b"];
	q2 -> q12 [label = "b"];
	q30 -> q22 [label = "b"];
	q25 -> q20 [label = "a"];
}
DFA size: 61 states

NL* output after 10 EQ and 3728 MQ:
digraph finite_state_machine {
	rankdir=LR;
	node [shape = circle];
	s0 [shape = point, style = invis, start="true" ];
	s1 [shape = point, style = invis, start="true" ];
	s2 [shape = point, style = invis, start="true" ];
	s3 [shape = point, style = invis, start="true" ];
	s4 [shape = point, style = invis, start="true" ];
	q0 [label = "q0"];
	q1 [label = "q1"];
	q2 [label = "q2"];
	q3 [label = "q3"];
	q4 [label = "q4"];
	q5 [label = "q5"];
	q6 [label = "q6"];
	q7 [label = "q7"];
	q8 [label = "q8"];
	q9 [label = "q9", shape = doublecircle, final="true" ];
	q10 [label = "q10"];
	q11 [label = "q11"];
	q12 [label = "q12"];
	q13 [label = "q13"];
	q14 [label = "q14"];
	q15 [label = "q15"];
	q16 [label = "q16"];
	q17 [label = "q17"];
	q18 [label = "q18"];
	q19 [label = "q19"];
	s0 -> q1
	s1 -> q6
	s2 -> q8
	s3 -> q14
	s4 -> q15
	q18 -> q17 [label = "c"];
	q18 -> q6 [label = "c"];
	q18 -> q3 [label = "c"];
	q18 -> q0 [label = "c"];
	q17 -> q11 [label = "c"];
	q17 -> q2 [label = "c"];
	q19 -> q14 [label = "a"];
	q19 -> q9 [label = "a"];
	q19 -> q7 [label = "a"];
	q17 -> q10 [label = "b, c"];
	q19 -> q15 [label = "a, b"];
	q19 -> q4 [label = "a, b"];
	q17 -> q14 [label = "a, c"];
	q16 -> q13 [label = "c"];
	q16 -> q0 [label = "c"];
	q16 -> q15 [label = "b"];
	q16 -> q11 [label = "b"];
	q16 -> q3 [label = "b"];
	q18 -> q16 [label = "b"];
	q18 -> q10 [label = "b"];
	q17 -> q16 [label = "b, c"];
	q16 -> q6 [label = "a, b"];
	q13 -> q4 [label = "b"];
	q11 -> q19 [label = "c"];
	q11 -> q18 [label = "c"];
	q11 -> q7 [label = "c"];
	q10 -> q18 [label = "c"];
	q15 -> q10 [label = "b"];
	q13 -> q10 [label = "a, b"];
	q13 -> q7 [label = "a"];
	q9 -> q13 [label = "c"];
	q17 -> q3 [label = "c"];
	q10 -> q13 [label = "c"];
	q9 -> q7 [label = "c"];
	q9 -> q5 [label = "c"];
	q9 -> q2 [label = "c"];
	q9 -> q0 [label = "c"];
	q18 -> q15 [label = "a, b"];
	q11 -> q13 [label = "c"];
	q3 -> q2 [label = "c"];
	q3 -> q0 [label = "c"];
	q5 -> q4 [label = "b"];
	q2 -> q0 [label = "c"];
	q4 -> q19 [label = "b"];
	q4 -> q17 [label = "b"];
	q9 -> q12 [label = "c"];
	q4 -> q16 [label = "b"];
	q4 -> q15 [label = "b"];
	q4 -> q14 [label = "b"];
	q4 -> q10 [label = "b"];
	q9 -> q17 [label = "c"];
	q4 -> q8 [label = "b"];
	q18 -> q1 [label = "a, b, c"];
	q1 -> q0 [label = "c"];
	q14 -> q15 [label = "a, b, c"];
	q13 -> q17 [label = "c"];
	q5 -> q8 [label = "c"];
	q7 -> q6 [label = "c"];
	q12 -> q15 [label = "a, b, c"];
	q13 -> q14 [label = "a"];
	q12 -> q14 [label = "a, c"];
	q19 -> q0 [label = "a, c"];
	q9 -> q18 [label = "c"];
	q2 -> q3 [label = "c"];
	q8 -> q9 [label = "c"];
	q12 -> q0 [label = "a, c"];
	q8 -> q18 [label = "c"];
	q12 -> q4 [label = "a, b"];
	q14 -> q10 [label = "b, c"];
	q5 -> q15 [label = "a, b, c"];
	q8 -> q14 [label = "c"];
	q5 -> q14 [label = "a, c"];
	q8 -> q10 [label = "b, c"];
	q12 -> q9 [label = "a"];
	q12 -> q7 [label = "a"];
	q8 -> q7 [label = "c"];
	q15 -> q0 [label = "c"];
	q13 -> q18 [label = "a"];
	q2 -> q13 [label = "c"];
	q14 -> q1 [label = "a, b, c"];
	q8 -> q1 [label = "a, b, c"];
	q5 -> q6 [label = "a, c"];
	q12 -> q11 [label = "a, c"];
	q13 -> q3 [label = "c"];
	q16 -> q10 [label = "b"];
	q9 -> q19 [label = "c"];
	q9 -> q10 [label = "b, c"];
	q9 -> q6 [label = "b, c"];
	q2 -> q18 [label = "c"];
	q12 -> q16 [label = "a, b, c"];
	q10 -> q1 [label = "a, b, c"];
	q0 -> q1 [label = "a, b, c"];
	q12 -> q2 [label = "a, c"];
	q14 -> q7 [label = "c"];
	q19 -> q13 [label = "c"];
	q11 -> q14 [label = "a, b"];
	q2 -> q6 [label = "a, c"];
	q4 -> q0 [label = "b, c"];
	q13 -> q1 [label = "a, b, c"];
	q9 -> q3 [label = "b, c"];
	q2 -> q14 [label = "a"];
	q7 -> q13 [label = "c"];
	q8 -> q0 [label = "c"];
	q9 -> q11 [label = "b"];
	q11 -> q11 [label = "b"];
	q11 -> q10 [label = "b, c"];
	q14 -> q0 [label = "c"];
	q13 -> q0 [label = "a, c"];
	q19 -> q1 [label = "a, b, c"];
	q19 -> q5 [label = "c"];
	q10 -> q15 [label = "b"];
	q12 -> q6 [label = "a, c"];
	q9 -> q14 [label = "b"];
	q12 -> q17 [label = "c"];
	q11 -> q1 [label = "a, b, c"];
	q16 -> q16 [label = "b"];
	q7 -> q0 [label = "c"];
	q11 -> q6 [label = "a, b"];
	q7 -> q10 [label = "b"];
	q8 -> q6 [label = "c"];
	q15 -> q18 [label = "c"];
	q19 -> q3 [label = "c"];
	q0 -> q16 [label = "b"];
	q7 -> q15 [label = "a, b"];
	q16 -> q18 [label = "c"];
	q0 -> q10 [label = "b"];
	q8 -> q15 [label = "a, b, c"];
	q15 -> q1 [label = "a, b, c"];
	q7 -> q3 [label = "c"];
	q9 -> q15 [label = "a, b, c"];
	q2 -> q16 [label = "b"];
	q17 -> q1 [label = "a, b, c"];
	q13 -> q6 [label = "a, c"];
	q11 -> q16 [label = "b"];
	q16 -> q1 [label = "a, b, c"];
	q14 -> q18 [label = "c"];
	q10 -> q10 [label = "b"];
	q10 -> q16 [label = "b"];
	q19 -> q17 [label = "c"];
	q11 -> q15 [label = "a, b, c"];
	q12 -> q5 [label = "c"];
	q12 -> q8 [label = "c"];
	q19 -> q10 [label = "a, b"];
	q13 -> q16 [label = "b"];
	q12 -> q13 [label = "c"];
	q5 -> q11 [label = "c"];
	q4 -> q1 [label = "a, b, c"];
	q17 -> q15 [label = "a, b, c"];
	q4 -> q13 [label = "b, c"];
	q9 -> q1 [label = "a, b, c"];
	q5 -> q3 [label = "c"];
	q4 -> q2 [label = "b"];
	q5 -> q16 [label = "b, c"];
	q4 -> q18 [label = "b, c"];
	q0 -> q15 [label = "a, b"];
	q12 -> q1 [label = "a, b, c"];
	q12 -> q10 [label = "a, b, c"];
	q11 -> q3 [label = "b"];
	q2 -> q10 [label = "b"];
	q16 -> q14 [label = "b"];
	q2 -> q15 [label = "a, b"];
	q13 -> q9 [label = "a"];
	q6 -> q0 [label = "c"];
	q12 -> q3 [label = "a, c"];
	q6 -> q10 [label = "b, c"];
	q6 -> q1 [label = "a, b, c"];
	q6 -> q15 [label = "a, b, c"];
	q13 -> q15 [label = "a, b"];
	q2 -> q1 [label = "a, b, c"];
	q5 -> q0 [label = "a, c"];
	q17 -> q6 [label = "a, c"];
	q9 -> q16 [label = "b"];
	q0 -> q3 [label = "c"];
	q4 -> q3 [label = "a, b"];
	q17 -> q0 [label = "c"];
	q4 -> q11 [label = "b"];
	q3 -> q16 [label = "b"];
	q15 -> q15 [label = "b"];
	q4 -> q6 [label = "a, b"];
	q1 -> q10 [label = "b"];
	q5 -> q1 [label = "a, b, c"];
	q1 -> q1 [label = "a, b, c"];
	q11 -> q2 [label = "c"];
	q5 -> q2 [label = "c"];
	q4 -> q7 [label = "b"];
	q5 -> q18 [label = "a"];
	q7 -> q5 [label = "c"];
	q11 -> q0 [label = "c"];
	q10 -> q0 [label = "c"];
	q5 -> q10 [label = "a, b, c"];
	q5 -> q17 [label = "c"];
	q3 -> q1 [label = "a, b, c"];
	q3 -> q10 [label = "b, c"];
	q3 -> q15 [label = "a, b, c"];
	q5 -> q9 [label = "a"];
	q7 -> q1 [label = "a, b, c"];
	q12 -> q18 [label = "a, c"];
	q3 -> q6 [label = "a"];
	q0 -> q0 [label = "c"];
	q7 -> q17 [label = "c"];
	q1 -> q15 [label = "b"];
	q7 -> q18 [label = "c"];
	q19 -> q16 [label = "a, b"];
	q19 -> q18 [label = "a, c"];
	q0 -> q6 [label = "c"];
	q3 -> q14 [label = "a"];
	q7 -> q16 [label = "b"];
	q19 -> q6 [label = "a, c"];
	q5 -> q7 [label = "a"];
}
NFA size: 20 states

AL* output after 11 EQ and 2326 MQ:
digraph finite_state_machine {
	rankdir=LR;
	node [shape = circle];
	s0 [shape = point, style = invis, start="true" ];
	q0 [label = "q0"];
	q1 [label = "q1"];
	q2 [label = "q2", shape = doublecircle, final="true" ];
	q3 [label = "q3"];
	q4 [label = "q4"];
	q5 [label = "q5"];
	q6 [label = "q6"];
	m0 [label = "", shape = square, style = filled, color=grey, fixedsize=true, width=.2];
	m1 [label = "", shape = square, style = filled, color=grey, fixedsize=true, width=.2];
	m2 [label = "", shape = square, style = filled, color=grey, fixedsize=true, width=.2];
	m3 [label = "", shape = square, style = filled, color=grey, fixedsize=true, width=.2];
	m4 [label = "", shape = square, style = filled, color=grey, fixedsize=true, width=.2];
	m5 [label = "", shape = square, style = filled, color=grey, fixedsize=true, width=.2];
	m6 [label = "", shape = square, style = filled, color=grey, fixedsize=true, width=.2];
	m7 [label = "", shape = square, style = filled, color=grey, fixedsize=true, width=.2];
	m8 [label = "", shape = square, style = filled, color=grey, fixedsize=true, width=.2];
	m9 [label = "", shape = square, style = filled, color=grey, fixedsize=true, width=.2];
	s0 -> q6
	q5 -> q4 [label = "b"];
	q2 -> m9 [label = "c"];
	q2 -> m5 [label = "c"];
	q3 -> m5 [label = "c"];
	q0 -> q6 [label = "c"];
	q6 -> m4 [label = "b"];
	q2 -> m3 [label = "a"];
	q2 -> m8 [label = "c"];
	q0 -> m2 [label = "c"];
	q2 -> m1 [label = "b"];
	q0 -> m5 [label = "c"];
	q1 -> m2 [label = "b"];
	q5 -> q2 [label = "a"];
	q0 -> m1 [label = "a"];
	q6 -> m3 [label = "a"];
	q4 -> m2 [label = "b"];
	q6 -> q2 [label = "c"];
	q4 -> m0 [label = "c"];
	q0 -> q2 [label = "a"];
	q0 -> q4 [label = "a, b"];
	q4 -> m1 [label = "a"];
	q4 -> m6 [label = "a"];
	q5 -> m1 [label = "c"];
	q5 -> m2 [label = "c"];
	q5 -> q6 [label = "c"];
	q2 -> m2 [label = "b"];
	q1 -> m7 [label = "a"];
	q3 -> q4 [label = "a, b"];
	q1 -> m1 [label = "b"];
	q3 -> q2 [label = "a"];
	q4 -> q6 [label = "b"];
	q1 -> m8 [label = "c"];
	q4 -> m8 [label = "b"];
	m0 -> q0;
	m0 -> q3;
	m0 -> q5;
	m1 -> q0;
	m1 -> q1;
	m1 -> q3;
	m1 -> q5;
	m2 -> q1;
	m2 -> q2;
	m3 -> q0;
	m3 -> q1;
	m3 -> q2;
	m3 -> q3;
	m3 -> q4;
	m3 -> q6;
	m4 -> q0;
	m4 -> q1;
	m4 -> q2;
	m4 -> q3;
	m4 -> q4;
	m5 -> q0;
	m5 -> q5;
	m6 -> q0;
	m6 -> q1;
	m6 -> q2;
	m6 -> q5;
	m6 -> q6;
	m7 -> q1;
	m7 -> q2;
	m7 -> q6;
	m8 -> q0;
	m8 -> q3;
	m9 -> q0;
	m9 -> q4;
}
AFA size: 7 states

AL** output after 12 EQ and 2326 MQ:
digraph finite_state_machine {
	rankdir=LR;
	node [shape = circle];
	s0 [shape = point, style = invis, start="true" ];
	q0 [label = "q0"];
	q1 [label = "q1"];
	q2 [label = "q2", shape = doublecircle, final="true" ];
	q3 [label = "q3"];
	q4 [label = "q4"];
	q5 [label = "q5"];
	q6 [label = "q6"];
	m0 [label = "", shape = square, style = filled, color=grey, fixedsize=true, width=.2];
	m1 [label = "", shape = square, style = filled, color=grey, fixedsize=true, width=.2];
	m2 [label = "", shape = square, style = filled, color=grey, fixedsize=true, width=.2];
	m3 [label = "", shape = square, style = filled, color=grey, fixedsize=true, width=.2];
	m4 [label = "", shape = square, style = filled, color=grey, fixedsize=true, width=.2];
	m5 [label = "", shape = square, style = filled, color=grey, fixedsize=true, width=.2];
	m6 [label = "", shape = square, style = filled, color=grey, fixedsize=true, width=.2];
	m7 [label = "", shape = square, style = filled, color=grey, fixedsize=true, width=.2];
	m8 [label = "", shape = square, style = filled, color=grey, fixedsize=true, width=.2];
	m9 [label = "", shape = square, style = filled, color=grey, fixedsize=true, width=.2];
	s0 -> q6
	q5 -> q4 [label = "b"];
	q2 -> m9 [label = "c"];
	q2 -> m5 [label = "c"];
	q3 -> m5 [label = "c"];
	q0 -> q6 [label = "c"];
	q6 -> m4 [label = "b"];
	q2 -> m3 [label = "a"];
	q2 -> m8 [label = "c"];
	q0 -> m2 [label = "c"];
	q2 -> m1 [label = "b"];
	q0 -> m5 [label = "c"];
	q1 -> m2 [label = "b"];
	q5 -> q2 [label = "a"];
	q0 -> m1 [label = "a"];
	q6 -> m3 [label = "a"];
	q4 -> m2 [label = "b"];
	q6 -> q2 [label = "c"];
	q4 -> m0 [label = "c"];
	q0 -> q2 [label = "a"];
	q0 -> q4 [label = "a, b"];
	q4 -> m1 [label = "a"];
	q4 -> m6 [label = "a"];
	q5 -> m1 [label = "c"];
	q5 -> m2 [label = "c"];
	q5 -> q6 [label = "c"];
	q2 -> m2 [label = "b"];
	q1 -> m7 [label = "a"];
	q3 -> q4 [label = "a, b"];
	q1 -> m1 [label = "b"];
	q3 -> q2 [label = "a"];
	q4 -> q6 [label = "b"];
	q1 -> m8 [label = "c"];
	q4 -> m8 [label = "b"];
	m0 -> q0;
	m0 -> q3;
	m0 -> q5;
	m1 -> q0;
	m1 -> q1;
	m1 -> q3;
	m1 -> q5;
	m2 -> q1;
	m2 -> q2;
	m3 -> q0;
	m3 -> q1;
	m3 -> q2;
	m3 -> q3;
	m3 -> q4;
	m3 -> q6;
	m4 -> q0;
	m4 -> q1;
	m4 -> q2;
	m4 -> q3;
	m4 -> q4;
	m5 -> q0;
	m5 -> q5;
	m6 -> q0;
	m6 -> q1;
	m6 -> q2;
	m6 -> q5;
	m6 -> q6;
	m7 -> q1;
	m7 -> q2;
	m7 -> q6;
	m8 -> q0;
	m8 -> q3;
	m9 -> q0;
	m9 -> q4;
}
RAFA size: 7 states

