Random target AFA:
digraph finite_state_machine {
	rankdir=LR;
	node [shape = circle];
	s0 [shape = point, style = invis, start="true" ];
	q0 [label = "q0", shape = doublecircle, final="true" ];
	q1 [label = "q1"];
	q2 [label = "q2"];
	q3 [label = "q3", shape = doublecircle, final="true" ];
	q4 [label = "q4"];
	q5 [label = "q5", shape = doublecircle, final="true" ];
	q6 [label = "q6"];
	m0 [label = "", shape = square, style = filled, color=grey, fixedsize=true, width=.2];
	m1 [label = "", shape = square, style = filled, color=grey, fixedsize=true, width=.2];
	m2 [label = "", shape = square, style = filled, color=grey, fixedsize=true, width=.2];
	m3 [label = "", shape = square, style = filled, color=grey, fixedsize=true, width=.2];
	m4 [label = "", shape = square, style = filled, color=grey, fixedsize=true, width=.2];
	m5 [label = "", shape = square, style = filled, color=grey, fixedsize=true, width=.2];
	s0 -> q6
	q5 -> q6 [label = "b"];
	q6 -> q1 [label = "a"];
	q5 -> q1 [label = "a"];
	q1 -> q2 [label = "c"];
	q5 -> q0 [label = "a"];
	q3 -> q5 [label = "a"];
	q1 -> q6 [label = "c"];
	q1 -> m4 [label = "b"];
	q3 -> m3 [label = "b"];
	q5 -> q2 [label = "b, c"];
	q3 -> q2 [label = "c"];
	q4 -> q0 [label = "c"];
	q6 -> q5 [label = "b, c"];
	q1 -> m2 [label = "a"];
	q4 -> q4 [label = "b, c"];
	q0 -> q0 [label = "b"];
	q2 -> m1 [label = "a"];
	q4 -> q3 [label = "c"];
	q4 -> q1 [label = "b"];
	q0 -> m0 [label = "a"];
	q2 -> q3 [label = "b"];
	q3 -> q1 [label = "a"];
	q2 -> q4 [label = "b"];
	q0 -> q4 [label = "b"];
	q0 -> q2 [label = "b"];
	q2 -> m5 [label = "c"];
	q0 -> q3 [label = "c"];
	q3 -> q4 [label = "c"];
	q4 -> q6 [label = "a"];
	m0 -> q0;
	m0 -> q1;
	m0 -> q6;
	m1 -> q2;
	m1 -> q3;
	m2 -> q1;
	m2 -> q6;
	m3 -> q0;
	m3 -> q5;
	m3 -> q6;
	m4 -> q0;
	m4 -> q3;
	m4 -> q5;
	m5 -> q0;
	m5 -> q1;
	m5 -> q4;
}

L* output after 16 EQ and 83356 MQ:
digraph finite_state_machine {
	rankdir=LR;
	node [shape = circle];
	s0 [shape = point, style = invis, start="true" ];
	q0 [label = "q0", shape = doublecircle, final="true" ];
	q1 [label = "q1", shape = doublecircle, final="true" ];
	q2 [label = "q2", shape = doublecircle, final="true" ];
	q3 [label = "q3", shape = doublecircle, final="true" ];
	q4 [label = "q4", shape = doublecircle, final="true" ];
	q5 [label = "q5", shape = doublecircle, final="true" ];
	q6 [label = "q6"];
	q7 [label = "q7", shape = doublecircle, final="true" ];
	q8 [label = "q8"];
	q9 [label = "q9"];
	q10 [label = "q10", shape = doublecircle, final="true" ];
	q11 [label = "q11"];
	q12 [label = "q12"];
	q13 [label = "q13", shape = doublecircle, final="true" ];
	q14 [label = "q14"];
	q15 [label = "q15"];
	q16 [label = "q16"];
	q17 [label = "q17"];
	q18 [label = "q18"];
	q19 [label = "q19"];
	q20 [label = "q20"];
	q21 [label = "q21"];
	q22 [label = "q22"];
	q23 [label = "q23"];
	q24 [label = "q24"];
	q25 [label = "q25"];
	q26 [label = "q26"];
	q27 [label = "q27"];
	q28 [label = "q28"];
	q29 [label = "q29", shape = doublecircle, final="true" ];
	q30 [label = "q30", shape = doublecircle, final="true" ];
	q31 [label = "q31", shape = doublecircle, final="true" ];
	q32 [label = "q32"];
	q33 [label = "q33", shape = doublecircle, final="true" ];
	q34 [label = "q34", shape = doublecircle, final="true" ];
	q35 [label = "q35", shape = doublecircle, final="true" ];
	q36 [label = "q36", shape = doublecircle, final="true" ];
	q37 [label = "q37"];
	q38 [label = "q38", shape = doublecircle, final="true" ];
	q39 [label = "q39", shape = doublecircle, final="true" ];
	q40 [label = "q40"];
	q41 [label = "q41", shape = doublecircle, final="true" ];
	q42 [label = "q42", shape = doublecircle, final="true" ];
	q43 [label = "q43", shape = doublecircle, final="true" ];
	q44 [label = "q44", shape = doublecircle, final="true" ];
	q45 [label = "q45", shape = doublecircle, final="true" ];
	q46 [label = "q46", shape = doublecircle, final="true" ];
	q47 [label = "q47"];
	q48 [label = "q48"];
	q49 [label = "q49"];
	q50 [label = "q50"];
	q51 [label = "q51"];
	q52 [label = "q52"];
	q53 [label = "q53"];
	q54 [label = "q54", shape = doublecircle, final="true" ];
	q55 [label = "q55"];
	q56 [label = "q56"];
	q57 [label = "q57"];
	q58 [label = "q58"];
	q59 [label = "q59"];
	q60 [label = "q60"];
	q61 [label = "q61"];
	q62 [label = "q62"];
	q63 [label = "q63"];
	q64 [label = "q64"];
	q65 [label = "q65"];
	q66 [label = "q66"];
	q67 [label = "q67", shape = doublecircle, final="true" ];
	q68 [label = "q68"];
	q69 [label = "q69"];
	q70 [label = "q70"];
	q71 [label = "q71"];
	q72 [label = "q72"];
	q73 [label = "q73", shape = doublecircle, final="true" ];
	q74 [label = "q74"];
	q75 [label = "q75"];
	q76 [label = "q76"];
	q77 [label = "q77", shape = doublecircle, final="true" ];
	q78 [label = "q78", shape = doublecircle, final="true" ];
	q79 [label = "q79", shape = doublecircle, final="true" ];
	q80 [label = "q80", shape = doublecircle, final="true" ];
	q81 [label = "q81", shape = doublecircle, final="true" ];
	q82 [label = "q82", shape = doublecircle, final="true" ];
	q83 [label = "q83", shape = doublecircle, final="true" ];
	q84 [label = "q84"];
	q85 [label = "q85", shape = doublecircle, final="true" ];
	q86 [label = "q86", shape = doublecircle, final="true" ];
	q87 [label = "q87", shape = doublecircle, final="true" ];
	q88 [label = "q88", shape = doublecircle, final="true" ];
	q89 [label = "q89", shape = doublecircle, final="true" ];
	q90 [label = "q90", shape = doublecircle, final="true" ];
	q91 [label = "q91", shape = doublecircle, final="true" ];
	q92 [label = "q92"];
	q93 [label = "q93", shape = doublecircle, final="true" ];
	q94 [label = "q94"];
	q95 [label = "q95", shape = doublecircle, final="true" ];
	q96 [label = "q96", shape = doublecircle, final="true" ];
	q97 [label = "q97", shape = doublecircle, final="true" ];
	q98 [label = "q98"];
	q99 [label = "q99", shape = doublecircle, final="true" ];
	q100 [label = "q100"];
	q101 [label = "q101"];
	q102 [label = "q102", shape = doublecircle, final="true" ];
	q103 [label = "q103"];
	q104 [label = "q104"];
	q105 [label = "q105"];
	q106 [label = "q106"];
	q107 [label = "q107"];
	q108 [label = "q108"];
	q109 [label = "q109"];
	q110 [label = "q110"];
	q111 [label = "q111"];
	q112 [label = "q112"];
	q113 [label = "q113"];
	q114 [label = "q114"];
	q115 [label = "q115", shape = doublecircle, final="true" ];
	q116 [label = "q116", shape = doublecircle, final="true" ];
	q117 [label = "q117"];
	q118 [label = "q118"];
	q119 [label = "q119"];
	q120 [label = "q120", shape = doublecircle, final="true" ];
	q121 [label = "q121", shape = doublecircle, final="true" ];
	q122 [label = "q122", shape = doublecircle, final="true" ];
	q123 [label = "q123"];
	q124 [label = "q124", shape = doublecircle, final="true" ];
	q125 [label = "q125"];
	q126 [label = "q126", shape = doublecircle, final="true" ];
	q127 [label = "q127"];
	q128 [label = "q128", shape = doublecircle, final="true" ];
	q129 [label = "q129", shape = doublecircle, final="true" ];
	q130 [label = "q130"];
	q131 [label = "q131"];
	q132 [label = "q132", shape = doublecircle, final="true" ];
	q133 [label = "q133", shape = doublecircle, final="true" ];
	q134 [label = "q134"];
	q135 [label = "q135", shape = doublecircle, final="true" ];
	q136 [label = "q136"];
	q137 [label = "q137"];
	q138 [label = "q138", shape = doublecircle, final="true" ];
	q139 [label = "q139"];
	q140 [label = "q140"];
	q141 [label = "q141"];
	q142 [label = "q142", shape = doublecircle, final="true" ];
	q143 [label = "q143", shape = doublecircle, final="true" ];
	q144 [label = "q144"];
	q145 [label = "q145"];
	q146 [label = "q146"];
	q147 [label = "q147", shape = doublecircle, final="true" ];
	q148 [label = "q148"];
	q149 [label = "q149"];
	q150 [label = "q150", shape = doublecircle, final="true" ];
	q151 [label = "q151", shape = doublecircle, final="true" ];
	q152 [label = "q152", shape = doublecircle, final="true" ];
	q153 [label = "q153"];
	q154 [label = "q154"];
	q155 [label = "q155"];
	q156 [label = "q156", shape = doublecircle, final="true" ];
	q157 [label = "q157"];
	q158 [label = "q158", shape = doublecircle, final="true" ];
	q159 [label = "q159", shape = doublecircle, final="true" ];
	q160 [label = "q160", shape = doublecircle, final="true" ];
	q161 [label = "q161", shape = doublecircle, final="true" ];
	q162 [label = "q162", shape = doublecircle, final="true" ];
	q163 [label = "q163"];
	q164 [label = "q164"];
	q165 [label = "q165"];
	q166 [label = "q166"];
	q167 [label = "q167", shape = doublecircle, final="true" ];
	q168 [label = "q168"];
	q169 [label = "q169"];
	q170 [label = "q170"];
	q171 [label = "q171"];
	q172 [label = "q172"];
	q173 [label = "q173"];
	q174 [label = "q174"];
	q175 [label = "q175", shape = doublecircle, final="true" ];
	q176 [label = "q176", shape = doublecircle, final="true" ];
	q177 [label = "q177"];
	q178 [label = "q178", shape = doublecircle, final="true" ];
	q179 [label = "q179"];
	q180 [label = "q180"];
	q181 [label = "q181"];
	q182 [label = "q182"];
	q183 [label = "q183"];
	q184 [label = "q184"];
	s0 -> q100
	q179 -> q66 [label = "c"];
	q183 -> q183 [label = "a"];
	q178 -> q93 [label = "c"];
	q182 -> q18 [label = "a"];
	q183 -> q58 [label = "b"];
	q177 -> q67 [label = "b"];
	q44 -> q97 [label = "a"];
	q102 -> q116 [label = "b"];
	q42 -> q83 [label = "a"];
	q46 -> q2 [label = "c"];
	q40 -> q136 [label = "a"];
	q45 -> q43 [label = "b"];
	q36 -> q31 [label = "b"];
	q146 -> q67 [label = "b"];
	q33 -> q45 [label = "c"];
	q39 -> q5 [label = "c"];
	q11 -> q7 [label = "b"];
	q138 -> q148 [label = "c"];
	q35 -> q29 [label = "b"];
	q33 -> q97 [label = "a"];
	q81 -> q46 [label = "c"];
	q38 -> q158 [label = "b"];
	q32 -> q46 [label = "c"];
	q45 -> q178 [label = "a"];
	q34 -> q146 [label = "a"];
	q38 -> q103 [label = "a"];
	q116 -> q167 [label = "a"];
	q27 -> q154 [label = "c"];
	q98 -> q103 [label = "a"];
	q160 -> q156 [label = "a"];
	q32 -> q36 [label = "b"];
	q34 -> q158 [label = "b"];
	q30 -> q35 [label = "a"];
	q29 -> q83 [label = "a"];
	q25 -> q22 [label = "c"];
	q24 -> q141 [label = "c"];
	q77 -> q30 [label = "b"];
	q102 -> q136 [label = "a"];
	q181 -> q56 [label = "c"];
	q9 -> q6 [label = "b"];
	q57 -> q163 [label = "a"];
	q11 -> q21 [label = "a"];
	q39 -> q32 [label = "b"];
	q126 -> q134 [label = "c"];
	q37 -> q41 [label = "c"];
	q12 -> q111 [label = "a"];
	q48 -> q171 [label = "a"];
	q173 -> q107 [label = "b"];
	q24 -> q171 [label = "a"];
	q2 -> q35 [label = "a"];
	q0 -> q43 [label = "c"];
	q5 -> q5 [label = "c"];
	q33 -> q135 [label = "b"];
	q7 -> q109 [label = "b"];
	q23 -> q22 [label = "c"];
	q108 -> q165 [label = "a"];
	q6 -> q168 [label = "a"];
	q47 -> q21 [label = "a"];
	q49 -> q72 [label = "a"];
	q149 -> q168 [label = "a"];
	q31 -> q36 [label = "b"];
	q6 -> q5 [label = "c"];
	q174 -> q12 [label = "b"];
	q10 -> q101 [label = "b"];
	q129 -> q150 [label = "c"];
	q23 -> q165 [label = "a"];
	q142 -> q46 [label = "c"];
	q3 -> q43 [label = "c"];
	q9 -> q41 [label = "c"];
	q93 -> q87 [label = "c"];
	q14 -> q111 [label = "a"];
	q64 -> q174 [label = "c"];
	q11 -> q41 [label = "c"];
	q114 -> q165 [label = "a"];
	q16 -> q111 [label = "a"];
	q2 -> q0 [label = "b"];
	q179 -> q18 [label = "a"];
	q122 -> q149 [label = "b"];
	q6 -> q109 [label = "b"];
	q13 -> q133 [label = "a"];
	q18 -> q67 [label = "b"];
	q39 -> q33 [label = "a"];
	q150 -> q68 [label = "c"];
	q22 -> q140 [label = "b"];
	q35 -> q80 [label = "c"];
	q21 -> q172 [label = "c"];
	q17 -> q183 [label = "a"];
	q28 -> q67 [label = "b"];
	q20 -> q67 [label = "b"];
	q21 -> q146 [label = "a"];
	q17 -> q16 [label = "c"];
	q69 -> q64 [label = "a"];
	q18 -> q154 [label = "c"];
	q99 -> q97 [label = "a"];
	q44 -> q172 [label = "b"];
	q109 -> q46 [label = "c"];
	q168 -> q98 [label = "a"];
	q66 -> q145 [label = "c"];
	q42 -> q5 [label = "c"];
	q68 -> q136 [label = "a"];
	q63 -> q111 [label = "a"];
	q25 -> q9 [label = "b"];
	q58 -> q92 [label = "b"];
	q101 -> q46 [label = "c"];
	q119 -> q118 [label = "a"];
	q1 -> q35 [label = "a"];
	q177 -> q57 [label = "c"];
	q78 -> q93 [label = "c"];
	q52 -> q75 [label = "c"];
	q129 -> q39 [label = "b"];
	q37 -> q136 [label = "a"];
	q151 -> q162 [label = "a"];
	q72 -> q103 [label = "a"];
	q84 -> q43 [label = "c"];
	q58 -> q111 [label = "a"];
	q152 -> q178 [label = "a"];
	q72 -> q66 [label = "c"];
	q36 -> q46 [label = "c"];
	q10 -> q5 [label = "c"];
	q78 -> q162 [label = "a"];
	q107 -> q109 [label = "b"];
	q87 -> q82 [label = "b"];
	q64 -> q58 [label = "b"];
	q53 -> q164 [label = "a"];
	q7 -> q168 [label = "a"];
	q180 -> q18 [label = "a"];
	q18 -> q146 [label = "a"];
	q102 -> q73 [label = "c"];
	q65 -> q61 [label = "a"];
	q89 -> q102 [label = "b"];
	q109 -> q85 [label = "b"];
	q26 -> q23 [label = "c"];
	q73 -> q162 [label = "a"];
	q19 -> q171 [label = "a"];
	q128 -> q131 [label = "c"];
	q7 -> q5 [label = "c"];
	q164 -> q134 [label = "c"];
	q20 -> q103 [label = "a"];
	q76 -> q44 [label = "c"];
	q75 -> q70 [label = "c"];
	q23 -> q92 [label = "b"];
	q35 -> q162 [label = "a"];
	q181 -> q103 [label = "a"];
	q43 -> q2 [label = "c"];
	q81 -> q79 [label = "b"];
	q84 -> q81 [label = "b"];
	q92 -> q74 [label = "c"];
	q74 -> q171 [label = "a"];
	q106 -> q138 [label = "c"];
	q25 -> q163 [label = "a"];
	q145 -> q164 [label = "a"];
	q80 -> q43 [label = "b"];
	q68 -> q13 [label = "b"];
	q29 -> q1 [label = "b"];
	q76 -> q170 [label = "a"];
	q73 -> q172 [label = "b"];
	q161 -> q36 [label = "b"];
	q83 -> q80 [label = "c"];
	q83 -> q170 [label = "a"];
	q44 -> q148 [label = "c"];
	q112 -> q139 [label = "c"];
	q79 -> q169 [label = "a"];
	q30 -> q0 [label = "b"];
	q37 -> q39 [label = "b"];
	q4 -> q2 [label = "c"];
	q86 -> q85 [label = "b"];
	q3 -> q169 [label = "a"];
	q52 -> q48 [label = "a"];
	q85 -> q85 [label = "b"];
	q184 -> q165 [label = "a"];
	q41 -> q34 [label = "a"];
	q78 -> q77 [label = "b"];
	q13 -> q5 [label = "c"];
	q79 -> q43 [label = "c"];
	q76 -> q99 [label = "b"];
	q99 -> q94 [label = "c"];
	q154 -> q25 [label = "c"];
	q184 -> q99 [label = "b"];
	q48 -> q14 [label = "b"];
	q88 -> q162 [label = "a"];
	q19 -> q16 [label = "c"];
	q184 -> q54 [label = "c"];
	q69 -> q71 [label = "b"];
	q154 -> q163 [label = "a"];
	q46 -> q30 [label = "b"];
	q86 -> q168 [label = "a"];
	q59 -> q21 [label = "a"];
	q109 -> q108 [label = "a"];
	q85 -> q46 [label = "c"];
	q121 -> q148 [label = "c"];
	q169 -> q170 [label = "a"];
	q162 -> q146 [label = "a"];
	q8 -> q177 [label = "a"];
	q159 -> q116 [label = "b"];
	q124 -> q116 [label = "b"];
	q16 -> q71 [label = "b"];
	q86 -> q46 [label = "c"];
	q93 -> q89 [label = "a"];
	q111 -> q96 [label = "b"];
	q61 -> q120 [label = "b"];
	q96 -> q104 [label = "c"];
	q77 -> q169 [label = "a"];
	q131 -> q132 [label = "b"];
	q167 -> q97 [label = "a"];
	q58 -> q74 [label = "c"];
	q30 -> q46 [label = "c"];
	q51 -> q111 [label = "a"];
	q5 -> q91 [label = "b"];
	q41 -> q37 [label = "b"];
	q132 -> q133 [label = "a"];
	q162 -> q95 [label = "b"];
	q80 -> q87 [label = "c"];
	q31 -> q169 [label = "a"];
	q62 -> q11 [label = "b"];
	q60 -> q122 [label = "b"];
	q123 -> q123 [label = "c"];
	q34 -> q124 [label = "c"];
	q57 -> q173 [label = "b"];
	q43 -> q1 [label = "b"];
	q80 -> q78 [label = "a"];
	q85 -> q108 [label = "a"];
	q26 -> q111 [label = "a"];
	q89 -> q162 [label = "a"];
	q141 -> q117 [label = "c"];
	q55 -> q24 [label = "c"];
	q139 -> q17 [label = "a"];
	q19 -> q14 [label = "b"];
	q150 -> q156 [label = "a"];
	q40 -> q138 [label = "c"];
	q61 -> q121 [label = "c"];
	q69 -> q63 [label = "c"];
	q71 -> q104 [label = "c"];
	q32 -> q169 [label = "a"];
	q128 -> q178 [label = "a"];
	q1 -> q43 [label = "c"];
	q67 -> q111 [label = "a"];
	q104 -> q75 [label = "c"];
	q175 -> q149 [label = "b"];
	q158 -> q160 [label = "c"];
	q70 -> q92 [label = "b"];
	q62 -> q119 [label = "c"];
	q95 -> q91 [label = "b"];
	q142 -> q91 [label = "b"];
	q74 -> q14 [label = "b"];
	q31 -> q46 [label = "c"];
	q26 -> q71 [label = "b"];
	q99 -> q110 [label = "b"];
	q28 -> q27 [label = "a"];
	q70 -> q65 [label = "c"];
	q47 -> q8 [label = "b"];
	q13 -> q149 [label = "b"];
	q171 -> q183 [label = "a"];
	q66 -> q173 [label = "b"];
	q48 -> q75 [label = "c"];
	q57 -> q53 [label = "c"];
	q156 -> q146 [label = "a"];
	q82 -> q88 [label = "a"];
	q75 -> q111 [label = "a"];
	q153 -> q138 [label = "c"];
	q53 -> q49 [label = "c"];
	q27 -> q103 [label = "a"];
	q147 -> q86 [label = "b"];
	q14 -> q74 [label = "c"];
	q59 -> q65 [label = "c"];
	q101 -> q86 [label = "b"];
	q15 -> q92 [label = "b"];
	q49 -> q47 [label = "c"];
	q67 -> q104 [label = "c"];
	q62 -> q118 [label = "a"];
	q79 -> q81 [label = "b"];
	q82 -> q81 [label = "b"];
	q92 -> q112 [label = "b"];
	q111 -> q114 [label = "c"];
	q63 -> q117 [label = "c"];
	q118 -> q120 [label = "b"];
	q91 -> q46 [label = "c"];
	q93 -> q116 [label = "b"];
	q21 -> q67 [label = "b"];
	q51 -> q24 [label = "c"];
	q160 -> q161 [label = "b"];
	q59 -> q175 [label = "b"];
	q9 -> q21 [label = "a"];
	q4 -> q81 [label = "b"];
	q60 -> q21 [label = "a"];
	q124 -> q128 [label = "c"];
	q135 -> q43 [label = "b"];
	q56 -> q52 [label = "c"];
	q103 -> q103 [label = "a"];
	q84 -> q169 [label = "a"];
	q29 -> q2 [label = "c"];
	q56 -> q106 [label = "b"];
	q50 -> q49 [label = "c"];
	q54 -> q172 [label = "b"];
	q67 -> q144 [label = "b"];
	q50 -> q136 [label = "a"];
	q81 -> q167 [label = "a"];
	q71 -> q111 [label = "a"];
	q164 -> q67 [label = "b"];
	q56 -> q163 [label = "a"];
	q17 -> q14 [label = "b"];
	q180 -> q120 [label = "b"];
	q166 -> q14 [label = "b"];
	q83 -> q42 [label = "b"];
	q4 -> q88 [label = "a"];
	q54 -> q97 [label = "a"];
	q143 -> q5 [label = "c"];
	q38 -> q124 [label = "c"];
	q63 -> q12 [label = "b"];
	q120 -> q40 [label = "b"];
	q15 -> q49 [label = "c"];
	q1 -> q1 [label = "b"];
	q24 -> q14 [label = "b"];
	q54 -> q50 [label = "c"];
	q95 -> q115 [label = "c"];
	q127 -> q41 [label = "c"];
	q129 -> q179 [label = "a"];
	q50 -> q13 [label = "b"];
	q141 -> q71 [label = "b"];
	q116 -> q5 [label = "c"];
	q55 -> q51 [label = "b"];
	q82 -> q43 [label = "c"];
	q22 -> q123 [label = "c"];
	q46 -> q88 [label = "a"];
	q2 -> q5 [label = "c"];
	q175 -> q184 [label = "a"];
	q55 -> q111 [label = "a"];
	q45 -> q128 [label = "c"];
	q47 -> q65 [label = "c"];
	q43 -> q35 [label = "a"];
	q41 -> q68 [label = "c"];
	q90 -> q101 [label = "b"];
	q161 -> q5 [label = "c"];
	q10 -> q184 [label = "a"];
	q88 -> q135 [label = "b"];
	q150 -> q157 [label = "b"];
	q90 -> q133 [label = "a"];
	q177 -> q146 [label = "a"];
	q92 -> q111 [label = "a"];
	q89 -> q134 [label = "c"];
	q104 -> q14 [label = "b"];
	q51 -> q14 [label = "b"];
	q94 -> q90 [label = "b"];
	q15 -> q170 [label = "a"];
	q155 -> q165 [label = "a"];
	q91 -> q91 [label = "b"];
	q168 -> q44 [label = "c"];
	q91 -> q88 [label = "a"];
	q90 -> q5 [label = "c"];
	q94 -> q104 [label = "a"];
	q161 -> q76 [label = "a"];
	q95 -> q76 [label = "a"];
	q96 -> q111 [label = "a"];
	q134 -> q136 [label = "a"];
	q94 -> q75 [label = "c"];
	q98 -> q96 [label = "b"];
	q0 -> q30 [label = "b"];
	q100 -> q99 [label = "b, c"];
	q96 -> q92 [label = "b"];
	q12 -> q14 [label = "b"];
	q8 -> q41 [label = "c"];
	q118 -> q146 [label = "a"];
	q97 -> q103 [label = "a"];
	q165 -> q110 [label = "c"];
	q49 -> q140 [label = "b"];
	q97 -> q95 [label = "b"];
	q103 -> q105 [label = "c"];
	q155 -> q135 [label = "c"];
	q171 -> q26 [label = "c"];
	q8 -> q6 [label = "b"];
	q103 -> q96 [label = "b"];
	q114 -> q92 [label = "b"];
	q101 -> q100 [label = "a"];
	q110 -> q136 [label = "a"];
	q65 -> q60 [label = "b"];
	q98 -> q110 [label = "c"];
	q106 -> q107 [label = "b"];
	q165 -> q103 [label = "a"];
	q115 -> q142 [label = "b"];
	q170 -> q110 [label = "c"];
	q115 -> q133 [label = "a"];
	q110 -> q44 [label = "c"];
	q107 -> q108 [label = "a"];
	q134 -> q151 [label = "c"];
	q105 -> q163 [label = "a"];
	q105 -> q106 [label = "b"];
	q148 -> q65 [label = "c"];
	q53 -> q9 [label = "b"];
	q105 -> q113 [label = "c"];
	q108 -> q99 [label = "b"];
	q111 -> q111 [label = "a"];
	q107 -> q5 [label = "c"];
	q126 -> q129 [label = "b"];
	q112 -> q72 [label = "a"];
	q112 -> q106 [label = "b"];
	q118 -> q124 [label = "c"];
	q113 -> q166 [label = "a"];
	q113 -> q140 [label = "b"];
	q119 -> q119 [label = "c"];
	q64 -> q64 [label = "a"];
	q113 -> q141 [label = "c"];
	q117 -> q146 [label = "a"];
	q114 -> q113 [label = "c"];
	q100 -> q98 [label = "a"];
	q116 -> q84 [label = "b"];
	q115 -> q5 [label = "c"];
	q117 -> q14 [label = "b"];
	q120 -> q61 [label = "a"];
	q140 -> q21 [label = "a"];
	q122 -> q100 [label = "a"];
	q120 -> q125 [label = "c"];
	q124 -> q176 [label = "a"];
	q121 -> q126 [label = "a"];
	q0 -> q88 [label = "a"];
	q66 -> q163 [label = "a"];
	q123 -> q127 [label = "b"];
	q125 -> q75 [label = "c"];
	q121 -> q173 [label = "b"];
	q123 -> q20 [label = "a"];
	q170 -> q146 [label = "a"];
	q125 -> q19 [label = "a"];
	q60 -> q41 [label = "c"];
	q27 -> q96 [label = "b"];
	q127 -> q130 [label = "b"];
	q125 -> q10 [label = "b"];
	q122 -> q5 [label = "c"];
	q127 -> q177 [label = "a"];
	q130 -> q149 [label = "b"];
	q132 -> q5 [label = "c"];
	q176 -> q129 [label = "b"];
	q131 -> q119 [label = "c"];
	q36 -> q33 [label = "a"];
	q128 -> q4 [label = "b"];
	q28 -> q66 [label = "c"];
	q130 -> q100 [label = "a"];
	q134 -> q116 [label = "b"];
	q131 -> q180 [label = "a"];
	q73 -> q68 [label = "c"];
	q135 -> q152 [label = "c"];
	q181 -> q67 [label = "b"];
	q133 -> q97 [label = "a"];
	q132 -> q86 [label = "b"];
	q106 -> q164 [label = "a"];
	q135 -> q178 [label = "a"];
	q136 -> q18 [label = "a"];
	q138 -> q37 [label = "b"];
	q3 -> q30 [label = "b"];
	q153 -> q107 [label = "b"];
	q140 -> q41 [label = "c"];
	q173 -> q41 [label = "c"];
	q71 -> q14 [label = "b"];
	q136 -> q67 [label = "b"];
	q138 -> q38 [label = "a"];
	q130 -> q5 [label = "c"];
	q164 -> q146 [label = "a"];
	q136 -> q134 [label = "c"];
	q137 -> q171 [label = "a"];
	q139 -> q127 [label = "b"];
	q137 -> q14 [label = "b"];
	q137 -> q26 [label = "c"];
	q178 -> q18 [label = "a"];
	q141 -> q111 [label = "a"];
	q140 -> q130 [label = "b"];
	q142 -> q76 [label = "a"];
	q143 -> q167 [label = "a"];
	q145 -> q65 [label = "c"];
	q70 -> q170 [label = "a"];
	q144 -> q181 [label = "a"];
	q169 -> q99 [label = "b"];
	q144 -> q153 [label = "b"];
	q75 -> q71 [label = "b"];
	q144 -> q139 [label = "c"];
	q166 -> q183 [label = "a"];
	q149 -> q46 [label = "c"];
	q153 -> q28 [label = "a"];
	q117 -> q123 [label = "c"];
	q145 -> q9 [label = "b"];
	q40 -> q39 [label = "b"];
	q147 -> q155 [label = "a"];
	q88 -> q45 [label = "c"];
	q151 -> q131 [label = "c"];
	q151 -> q172 [label = "b"];
	q108 -> q45 [label = "c"];
	q146 -> q154 [label = "c"];
	q87 -> q5 [label = "c"];
	q97 -> q93 [label = "c"];
	q148 -> q13 [label = "b"];
	q65 -> q59 [label = "c"];
	q174 -> q24 [label = "c"];
	q147 -> q5 [label = "c"];
	q68 -> q62 [label = "c"];
	q139 -> q141 [label = "c"];
	q149 -> q85 [label = "b"];
	q183 -> q55 [label = "c"];
	q104 -> q137 [label = "a"];
	q156 -> q159 [label = "c"];
	q152 -> q4 [label = "b"];
	q172 -> q73 [label = "c"];
	q152 -> q68 [label = "c"];
	q158 -> q5 [label = "b"];
	q143 -> q3 [label = "b"];
	q155 -> q99 [label = "b"];
	q74 -> q69 [label = "c"];
	q12 -> q74 [label = "c"];
	q126 -> q103 [label = "a"];
	q178 -> q95 [label = "b"];
	q157 -> q41 [label = "c"];
	q159 -> q152 [label = "c"];
	q167 -> q29 [label = "b"];
	q157 -> q179 [label = "a"];
	q158 -> q182 [label = "a"];
	q156 -> q158 [label = "b"];
	q157 -> q39 [label = "b"];
	q148 -> q136 [label = "a"];
	q159 -> q176 [label = "a"];
	q22 -> q72 [label = "a"];
	q166 -> q75 [label = "c"];
	q176 -> q134 [label = "c"];
	q16 -> q15 [label = "c"];
	q160 -> q68 [label = "c"];
	q163 -> q67 [label = "b"];
	q72 -> q67 [label = "b"];
	q52 -> q140 [label = "b"];
	q162 -> q93 [label = "c"];
	q163 -> q103 [label = "a"];
	q167 -> q80 [label = "c"];
	q20 -> q57 [label = "c"];
	q119 -> q147 [label = "b"];
	q163 -> q134 [label = "c"];
	q42 -> q0 [label = "b"];
	q133 -> q135 [label = "b, c"];
	q165 -> q67 [label = "b"];
	q170 -> q67 [label = "b"];
	q146 -> q103 [label = "a"];
	q168 -> q99 [label = "b"];
	q172 -> q136 [label = "a"];
	q171 -> q14 [label = "b"];
	q174 -> q111 [label = "a"];
	q175 -> q5 [label = "c"];
	q77 -> q143 [label = "c"];
	q169 -> q45 [label = "c"];
	q173 -> q164 [label = "a"];
	q5 -> q88 [label = "a"];
	q87 -> q83 [label = "a"];
	q61 -> q103 [label = "a"];
	q172 -> q116 [label = "b"];
	q154 -> q173 [label = "b"];
	q180 -> q124 [label = "c"];
	q176 -> q18 [label = "a"];
	q182 -> q121 [label = "c"];
	q14 -> q144 [label = "b"];
	q182 -> q120 [label = "b"];
	q110 -> q116 [label = "b"];
	q179 -> q67 [label = "b"];
}
DFA size: 185 states

NL* output after 24 EQ and 40013 MQ:
digraph finite_state_machine {
	rankdir=LR;
	node [shape = circle];
	s0 [shape = point, style = invis, start="true" ];
	s1 [shape = point, style = invis, start="true" ];
	s2 [shape = point, style = invis, start="true" ];
	s3 [shape = point, style = invis, start="true" ];
	s4 [shape = point, style = invis, start="true" ];
	s5 [shape = point, style = invis, start="true" ];
	s6 [shape = point, style = invis, start="true" ];
	s7 [shape = point, style = invis, start="true" ];
	s8 [shape = point, style = invis, start="true" ];
	s9 [shape = point, style = invis, start="true" ];
	q0 [label = "q0"];
	q1 [label = "q1"];
	q2 [label = "q2"];
	q3 [label = "q3"];
	q4 [label = "q4"];
	q5 [label = "q5"];
	q6 [label = "q6"];
	q7 [label = "q7"];
	q8 [label = "q8"];
	q9 [label = "q9"];
	q10 [label = "q10"];
	q11 [label = "q11"];
	q12 [label = "q12"];
	q13 [label = "q13"];
	q14 [label = "q14"];
	q15 [label = "q15", shape = doublecircle, final="true" ];
	q16 [label = "q16"];
	q17 [label = "q17"];
	q18 [label = "q18"];
	q19 [label = "q19"];
	q20 [label = "q20", shape = doublecircle, final="true" ];
	q21 [label = "q21"];
	q22 [label = "q22", shape = doublecircle, final="true" ];
	q23 [label = "q23", shape = doublecircle, final="true" ];
	q24 [label = "q24"];
	q25 [label = "q25", shape = doublecircle, final="true" ];
	q26 [label = "q26"];
	q27 [label = "q27"];
	q28 [label = "q28", shape = doublecircle, final="true" ];
	q29 [label = "q29", shape = doublecircle, final="true" ];
	q30 [label = "q30"];
	q31 [label = "q31"];
	q32 [label = "q32", shape = doublecircle, final="true" ];
	q33 [label = "q33"];
	q34 [label = "q34"];
	q35 [label = "q35"];
	q36 [label = "q36"];
	q37 [label = "q37"];
	q38 [label = "q38", shape = doublecircle, final="true" ];
	q39 [label = "q39", shape = doublecircle, final="true" ];
	q40 [label = "q40"];
	q41 [label = "q41", shape = doublecircle, final="true" ];
	q42 [label = "q42"];
	q43 [label = "q43"];
	q44 [label = "q44", shape = doublecircle, final="true" ];
	q45 [label = "q45", shape = doublecircle, final="true" ];
	q46 [label = "q46"];
	q47 [label = "q47", shape = doublecircle, final="true" ];
	q48 [label = "q48"];
	q49 [label = "q49"];
	q50 [label = "q50"];
	q51 [label = "q51"];
	q52 [label = "q52"];
	q53 [label = "q53"];
	q54 [label = "q54"];
	s0 -> q1
	s1 -> q9
	s2 -> q10
	s3 -> q19
	s4 -> q26
	s5 -> q27
	s6 -> q33
	s7 -> q48
	s8 -> q52
	s9 -> q54
	q45 -> q44 [label = "a"];
	q45 -> q23 [label = "a"];
	q47 -> q38 [label = "b"];
	q41 -> q52 [label = "b, c"];
	q41 -> q46 [label = "b"];
	q41 -> q45 [label = "b, c"];
	q41 -> q43 [label = "b"];
	q41 -> q38 [label = "b"];
	q41 -> q37 [label = "b"];
	q41 -> q35 [label = "b, c"];
	q41 -> q34 [label = "b"];
	q41 -> q29 [label = "b"];
	q41 -> q27 [label = "b, c"];
	q41 -> q25 [label = "b"];
	q41 -> q23 [label = "b, c"];
	q41 -> q17 [label = "b"];
	q41 -> q13 [label = "b, c"];
	q41 -> q9 [label = "b, c"];
	q43 -> q19 [label = "a"];
	q47 -> q45 [label = "b, c"];
	q47 -> q42 [label = "b, c"];
	q47 -> q37 [label = "b, c"];
	q47 -> q36 [label = "b, c"];
	q47 -> q31 [label = "c"];
	q47 -> q29 [label = "b, c"];
	q47 -> q20 [label = "b, c"];
	q47 -> q17 [label = "b, c"];
	q47 -> q7 [label = "b, c"];
	q41 -> q49 [label = "a, b, c"];
	q41 -> q40 [label = "a, b, c"];
	q41 -> q33 [label = "a"];
	q41 -> q50 [label = "a, b, c"];
	q41 -> q26 [label = "a"];
	q41 -> q12 [label = "a, b, c"];
	q41 -> q11 [label = "a, b, c"];
	q41 -> q10 [label = "a, b, c"];
	q41 -> q4 [label = "a"];
	q41 -> q3 [label = "a, b, c"];
	q41 -> q2 [label = "a, b, c"];
	q41 -> q1 [label = "a"];
	q45 -> q35 [label = "c"];
	q45 -> q14 [label = "a, c"];
	q40 -> q53 [label = "c"];
	q40 -> q8 [label = "c"];
	q40 -> q54 [label = "b"];
	q46 -> q45 [label = "c"];
	q46 -> q36 [label = "c"];
	q46 -> q27 [label = "b, c"];
	q46 -> q18 [label = "c"];
	q46 -> q17 [label = "c"];
	q46 -> q12 [label = "b, c"];
	q46 -> q9 [label = "b, c"];
	q46 -> q7 [label = "b, c"];
	q42 -> q54 [label = "b"];
	q42 -> q53 [label = "b"];
	q42 -> q51 [label = "b"];
	q42 -> q48 [label = "a, b"];
	q42 -> q46 [label = "b"];
	q42 -> q18 [label = "b"];
	q42 -> q16 [label = "b"];
	q42 -> q12 [label = "b"];
	q42 -> q10 [label = "a, b"];
	q42 -> q9 [label = "b"];
	q44 -> q47 [label = "c"];
	q44 -> q46 [label = "c"];
	q44 -> q35 [label = "c"];
	q44 -> q30 [label = "c"];
	q44 -> q26 [label = "a, c"];
	q44 -> q6 [label = "c"];
	q44 -> q1 [label = "c"];
	q39 -> q19 [label = "a"];
	q37 -> q51 [label = "b"];
	q37 -> q35 [label = "b"];
	q35 -> q16 [label = "c"];
	q35 -> q3 [label = "c"];
	q36 -> q46 [label = "b"];
	q36 -> q5 [label = "b"];
	q36 -> q0 [label = "b"];
	q34 -> q42 [label = "c"];
	q34 -> q36 [label = "c"];
	q39 -> q41 [label = "b"];
	q39 -> q39 [label = "b"];
	q39 -> q37 [label = "b"];
	q39 -> q32 [label = "b"];
	q39 -> q28 [label = "b"];
	q37 -> q52 [label = "b"];
	q39 -> q24 [label = "b"];
	q39 -> q22 [label = "b"];
	q41 -> q14 [label = "b, c"];
	q39 -> q21 [label = "b"];
	q37 -> q9 [label = "b"];
	q37 -> q54 [label = "a, b"];
	q37 -> q53 [label = "a, b"];
	q37 -> q40 [label = "a, b"];
	q37 -> q33 [label = "a"];
	q37 -> q12 [label = "a, b"];
	q37 -> q8 [label = "a, b"];
	q37 -> q4 [label = "a"];
	q37 -> q1 [label = "a"];
	q33 -> q35 [label = "c"];
	q33 -> q16 [label = "c"];
	q39 -> q54 [label = "a, b, c"];
	q39 -> q53 [label = "a, b, c"];
	q39 -> q52 [label = "a, b, c"];
	q40 -> q49 [label = "c"];
	q39 -> q51 [label = "a, b, c"];
	q39 -> q50 [label = "a, b, c"];
	q39 -> q46 [label = "b, c"];
	q39 -> q42 [label = "b, c"];
	q39 -> q40 [label = "a, b, c"];
	q39 -> q38 [label = "b, c"];
	q39 -> q33 [label = "a, b, c"];
	q39 -> q31 [label = "b, c"];
	q39 -> q30 [label = "a, b, c"];
	q39 -> q27 [label = "a, b, c"];
	q39 -> q26 [label = "a, b, c"];
	q39 -> q25 [label = "b, c"];
	q39 -> q18 [label = "a, b, c"];
	q39 -> q16 [label = "a, b, c"];
	q39 -> q14 [label = "b, c"];
	q39 -> q8 [label = "a, b, c"];
	q1 -> q37 [label = "c"];
	q30 -> q49 [label = "c"];
	q42 -> q0 [label = "b"];
	q36 -> q12 [label = "a, b, c"];
	q1 -> q8 [label = "b, c"];
	q6 -> q53 [label = "a, b, c"];
	q15 -> q54 [label = "a, b, c"];
	q34 -> q52 [label = "b"];
	q6 -> q40 [label = "a, b"];
	q30 -> q13 [label = "b, c"];
	q6 -> q33 [label = "a"];
	q6 -> q5 [label = "a"];
	q6 -> q4 [label = "a"];
	q21 -> q27 [label = "c"];
	q45 -> q40 [label = "a, b, c"];
	q4 -> q54 [label = "b, c"];
	q36 -> q26 [label = "a, b"];
	q4 -> q50 [label = "b, c"];
	q29 -> q3 [label = "b, c"];
	q7 -> q33 [label = "a"];
	q7 -> q1 [label = "a"];
	q5 -> q52 [label = "b, c"];
	q25 -> q48 [label = "a, b, c"];
	q27 -> q16 [label = "b, c"];
	q36 -> q2 [label = "a, b, c"];
	q3 -> q50 [label = "c"];
	q3 -> q49 [label = "c"];
	q3 -> q11 [label = "c"];
	q45 -> q50 [label = "a, b, c"];
	q35 -> q9 [label = "b"];
	q9 -> q16 [label = "c"];
	q15 -> q43 [label = "b, c"];
	q10 -> q8 [label = "c"];
	q41 -> q48 [label = "a, b, c"];
	q13 -> q52 [label = "b"];
	q40 -> q10 [label = "a"];
	q5 -> q48 [label = "a, c"];
	q15 -> q50 [label = "a, b, c"];
	q15 -> q49 [label = "a, b, c"];
	q43 -> q33 [label = "a, b, c"];
	q15 -> q45 [label = "a, b, c"];
	q15 -> q48 [label = "a, b, c"];
	q15 -> q40 [label = "a, b, c"];
	q15 -> q36 [label = "a, b, c"];
	q15 -> q32 [label = "a"];
	q15 -> q23 [label = "a, b, c"];
	q20 -> q37 [label = "b"];
	q7 -> q6 [label = "b"];
	q25 -> q13 [label = "a, b, c"];
	q29 -> q54 [label = "a, b, c"];
	q15 -> q20 [label = "a, b, c"];
	q15 -> q18 [label = "a, b, c"];
	q14 -> q3 [label = "c"];
	q13 -> q54 [label = "b"];
	q29 -> q31 [label = "c"];
	q15 -> q17 [label = "a, b, c"];
	q15 -> q16 [label = "a, b, c"];
	q15 -> q14 [label = "a, b, c"];
	q47 -> q21 [label = "a"];
	q27 -> q52 [label = "b"];
	q15 -> q11 [label = "a, b, c"];
	q36 -> q31 [label = "c"];
	q35 -> q50 [label = "a"];
	q18 -> q9 [label = "b"];
	q22 -> q46 [label = "c"];
	q9 -> q52 [label = "b"];
	q7 -> q54 [label = "a, b"];
	q46 -> q35 [label = "c"];
	q25 -> q42 [label = "a, c"];
	q22 -> q29 [label = "c"];
	q12 -> q53 [label = "c"];
	q15 -> q25 [label = "b"];
	q43 -> q2 [label = "b, c"];
	q25 -> q25 [label = "c"];
	q22 -> q1 [label = "c"];
	q16 -> q54 [label = "b"];
	q16 -> q52 [label = "b"];
	q18 -> q48 [label = "a"];
	q22 -> q50 [label = "b, c"];
	q46 -> q11 [label = "a, b, c"];
	q22 -> q41 [label = "b, c"];
	q21 -> q53 [label = "c"];
	q38 -> q3 [label = "a, c"];
	q22 -> q37 [label = "b, c"];
	q22 -> q36 [label = "b"];
	q7 -> q52 [label = "b"];
	q25 -> q38 [label = "c"];
	q22 -> q27 [label = "b, c"];
	q18 -> q50 [label = "c"];
	q22 -> q0 [label = "b, c"];
	q39 -> q34 [label = "a, b, c"];
	q21 -> q30 [label = "c"];
	q40 -> q11 [label = "c"];
	q51 -> q40 [label = "a"];
	q22 -> q17 [label = "b, c"];
	q20 -> q35 [label = "b"];
	q29 -> q8 [label = "a, b, c"];
	q22 -> q16 [label = "b, c"];
	q32 -> q48 [label = "a, b, c"];
	q34 -> q27 [label = "b"];
	q22 -> q9 [label = "b, c"];
	q37 -> q48 [label = "a, b, c"];
	q22 -> q7 [label = "b, c"];
	q22 -> q42 [label = "b, c"];
	q20 -> q23 [label = "a"];
	q20 -> q22 [label = "a"];
	q0 -> q54 [label = "b, c"];
	q22 -> q15 [label = "c"];
	q21 -> q54 [label = "b, c"];
	q24 -> q0 [label = "b, c"];
	q1 -> q27 [label = "c"];
	q51 -> q54 [label = "a, b, c"];
	q44 -> q19 [label = "c"];
	q35 -> q52 [label = "b"];
	q2 -> q0 [label = "c"];
	q44 -> q33 [label = "a, b, c"];
	q21 -> q49 [label = "c"];
	q20 -> q10 [label = "a, b, c"];
	q39 -> q4 [label = "a, b, c"];
	q21 -> q42 [label = "c"];
	q21 -> q37 [label = "c"];
	q21 -> q35 [label = "c"];
	q47 -> q26 [label = "a"];
	q21 -> q31 [label = "c"];
	q41 -> q0 [label = "b, c"];
	q15 -> q51 [label = "a, b, c"];
	q5 -> q51 [label = "c"];
	q21 -> q18 [label = "c"];
	q20 -> q0 [label = "a"];
	q11 -> q48 [label = "a"];
	q2 -> q8 [label = "c"];
	q17 -> q50 [label = "b, c"];
	q41 -> q42 [label = "b, c"];
	q34 -> q17 [label = "c"];
	q37 -> q50 [label = "a, b"];
	q22 -> q47 [label = "c"];
	q52 -> q8 [label = "b"];
	q20 -> q13 [label = "a"];
	q11 -> q50 [label = "b, c"];
	q21 -> q16 [label = "c"];
	q35 -> q54 [label = "a, b"];
	q25 -> q31 [label = "c"];
	q21 -> q8 [label = "c"];
	q40 -> q52 [label = "b"];
	q47 -> q53 [label = "a, b, c"];
	q27 -> q33 [label = "a"];
	q45 -> q21 [label = "a"];
	q21 -> q6 [label = "c"];
	q22 -> q14 [label = "b, c"];
	q21 -> q4 [label = "c"];
	q13 -> q9 [label = "b"];
	q2 -> q49 [label = "c"];
	q21 -> q1 [label = "c"];
	q19 -> q37 [label = "b, c"];
	q21 -> q17 [label = "c"];
	q4 -> q27 [label = "c"];
	q19 -> q35 [label = "b, c"];
	q19 -> q23 [label = "b, c"];
	q19 -> q9 [label = "b, c"];
	q45 -> q12 [label = "b, c"];
	q19 -> q16 [label = "b, c"];
	q23 -> q48 [label = "a, c"];
	q14 -> q48 [label = "a, c"];
	q47 -> q9 [label = "a, b, c"];
	q38 -> q4 [label = "a, b, c"];
	q19 -> q7 [label = "b, c"];
	q22 -> q10 [label = "a, b, c"];
	q49 -> q48 [label = "a, c"];
	q23 -> q2 [label = "c"];
	q16 -> q10 [label = "a"];
	q44 -> q13 [label = "b, c"];
	q29 -> q14 [label = "a"];
	q41 -> q18 [label = "a, b, c"];
	q19 -> q27 [label = "b, c"];
	q42 -> q3 [label = "b"];
	q15 -> q13 [label = "a, b, c"];
	q39 -> q48 [label = "a, b, c"];
	q18 -> q10 [label = "a"];
	q17 -> q46 [label = "b"];
	q17 -> q34 [label = "b"];
	q17 -> q18 [label = "b"];
	q20 -> q18 [label = "b, c"];
	q1 -> q10 [label = "a"];
	q46 -> q14 [label = "b, c"];
	q17 -> q16 [label = "b"];
	q17 -> q3 [label = "b"];
	q22 -> q49 [label = "b, c"];
	q19 -> q53 [label = "a"];
	q7 -> q42 [label = "b, c"];
	q28 -> q35 [label = "b"];
	q23 -> q18 [label = "c"];
	q45 -> q30 [label = "b"];
	q25 -> q39 [label = "c"];
	q19 -> q50 [label = "a, b, c"];
	q19 -> q49 [label = "a"];
	q41 -> q7 [label = "b, c"];
	q4 -> q33 [label = "a"];
	q19 -> q33 [label = "a"];
	q50 -> q3 [label = "c"];
	q30 -> q11 [label = "c"];
	q19 -> q21 [label = "a"];
	q54 -> q33 [label = "a"];
	q46 -> q43 [label = "b"];
	q19 -> q11 [label = "a"];
	q19 -> q13 [label = "b, c"];
	q21 -> q7 [label = "c"];
	q39 -> q11 [label = "a, b, c"];
	q19 -> q4 [label = "a"];
	q19 -> q28 [label = "b, c"];
	q1 -> q16 [label = "c"];
	q7 -> q49 [label = "b"];
	q19 -> q0 [label = "a"];
	q46 -> q3 [label = "a, c"];
	q38 -> q33 [label = "a, b, c"];
	q23 -> q52 [label = "b"];
	q3 -> q8 [label = "c"];
	q53 -> q9 [label = "c"];
	q22 -> q51 [label = "b, c"];
	q28 -> q3 [label = "b, c"];
	q23 -> q9 [label = "b"];
	q29 -> q7 [label = "b"];
	q6 -> q9 [label = "b, c"];
	q46 -> q37 [label = "c"];
	q21 -> q26 [label = "a, c"];
	q45 -> q17 [label = "b, c"];
	q17 -> q49 [label = "b, c"];
	q2 -> q53 [label = "c"];
	q17 -> q8 [label = "b, c"];
	q22 -> q33 [label = "a, b, c"];
	q41 -> q36 [label = "b"];
	q25 -> q12 [label = "b, c"];
	q5 -> q42 [label = "c"];
	q20 -> q54 [label = "a, b"];
	q46 -> q51 [label = "a, c"];
	q20 -> q52 [label = "a, b"];
	q20 -> q51 [label = "b"];
	q30 -> q14 [label = "c"];
	q29 -> q12 [label = "a, b, c"];
	q14 -> q33 [label = "a"];
	q20 -> q50 [label = "a, b"];
	q35 -> q21 [label = "a"];
	q20 -> q40 [label = "a, b, c"];
	q44 -> q5 [label = "c"];
	q52 -> q16 [label = "c"];
	q38 -> q23 [label = "c"];
	q5 -> q13 [label = "b, c"];
	q45 -> q53 [label = "a, b, c"];
	q18 -> q40 [label = "a"];
	q45 -> q52 [label = "a, b, c"];
	q12 -> q52 [label = "b"];
	q22 -> q24 [label = "b, c"];
	q45 -> q42 [label = "b, c"];
	q46 -> q54 [label = "a, b, c"];
	q45 -> q51 [label = "a, b, c"];
	q11 -> q49 [label = "c"];
	q46 -> q23 [label = "c"];
	q43 -> q31 [label = "c"];
	q13 -> q33 [label = "a"];
	q43 -> q25 [label = "c"];
	q45 -> q37 [label = "b"];
	q45 -> q18 [label = "b, c"];
	q26 -> q48 [label = "a"];
	q51 -> q16 [label = "c"];
	q21 -> q12 [label = "c"];
	q20 -> q31 [label = "b, c"];
	q31 -> q9 [label = "b"];
	q47 -> q4 [label = "a"];
	q54 -> q48 [label = "a"];
	q5 -> q23 [label = "b"];
	q0 -> q9 [label = "c"];
	q53 -> q13 [label = "b"];
	q1 -> q9 [label = "b, c"];
	q45 -> q11 [label = "a, b, c"];
	q45 -> q8 [label = "a, b, c"];
	q45 -> q7 [label = "b"];
	q47 -> q27 [label = "a, b, c"];
	q15 -> q3 [label = "a, b, c"];
	q52 -> q52 [label = "b"];
	q36 -> q52 [label = "a, b, c"];
	q45 -> q4 [label = "a, b"];
	q8 -> q48 [label = "a, c"];
	q24 -> q35 [label = "b"];
	q21 -> q5 [label = "c"];
	q23 -> q3 [label = "c"];
	q29 -> q11 [label = "a, b, c"];
	q34 -> q13 [label = "a, c"];
	q6 -> q48 [label = "a, b, c"];
	q45 -> q1 [label = "a, b"];
	q45 -> q5 [label = "b"];
	q37 -> q49 [label = "a, b"];
	q43 -> q52 [label = "a, b, c"];
	q38 -> q24 [label = "c"];
	q45 -> q0 [label = "a, b, c"];
	q47 -> q32 [label = "a"];
	q43 -> q3 [label = "b, c"];
	q25 -> q2 [label = "a, b, c"];
	q15 -> q9 [label = "a, b, c"];
	q32 -> q46 [label = "c"];
	q6 -> q3 [label = "b, c"];
	q17 -> q51 [label = "b"];
	q35 -> q48 [label = "a, c"];
	q17 -> q35 [label = "b"];
	q43 -> q37 [label = "b, c"];
	q28 -> q26 [label = "a, b"];
	q32 -> q42 [label = "b, c"];
	q22 -> q6 [label = "c"];
	q44 -> q3 [label = "b, c"];
	q44 -> q10 [label = "a, b, c"];
	q47 -> q50 [label = "a, b, c"];
	q21 -> q3 [label = "c"];
	q47 -> q49 [label = "a, b, c"];
	q23 -> q12 [label = "c"];
	q15 -> q35 [label = "a, b, c"];
	q29 -> q16 [label = "b, c"];
	q13 -> q16 [label = "c"];
	q47 -> q48 [label = "a, b, c"];
	q19 -> q48 [label = "a"];
	q32 -> q16 [label = "b, c"];
	q45 -> q27 [label = "a, b"];
	q49 -> q49 [label = "c"];
	q20 -> q34 [label = "b"];
	q6 -> q8 [label = "a, b, c"];
	q1 -> q13 [label = "b, c"];
	q22 -> q52 [label = "b, c"];
	q47 -> q16 [label = "a, b, c"];
	q17 -> q9 [label = "b"];
	q45 -> q16 [label = "a, b, c"];
	q28 -> q8 [label = "a, b"];
	q47 -> q3 [label = "a, b, c"];
	q53 -> q48 [label = "a, c"];
	q42 -> q52 [label = "b"];
	q43 -> q11 [label = "b, c"];
	q35 -> q33 [label = "a"];
	q47 -> q10 [label = "a, b, c"];
	q6 -> q11 [label = "a, b, c"];
	q26 -> q13 [label = "b"];
	q47 -> q43 [label = "b"];
	q13 -> q48 [label = "a, c"];
	q14 -> q34 [label = "c"];
	q31 -> q40 [label = "a, b"];
	q17 -> q48 [label = "a, b"];
	q43 -> q4 [label = "b, c"];
	q31 -> q16 [label = "a, b"];
	q7 -> q7 [label = "b"];
	q44 -> q40 [label = "a, b, c"];
	q17 -> q0 [label = "b"];
	q47 -> q5 [label = "a"];
	q43 -> q43 [label = "b, c"];
	q47 -> q2 [label = "a, b, c"];
	q52 -> q7 [label = "b"];
	q51 -> q51 [label = "c"];
	q44 -> q17 [label = "b, c"];
	q45 -> q13 [label = "a, b, c"];
	q47 -> q35 [label = "b, c"];
	q44 -> q52 [label = "b, c"];
	q43 -> q13 [label = "b, c"];
	q48 -> q54 [label = "b"];
	q39 -> q13 [label = "b, c"];
	q2 -> q50 [label = "c"];
	q43 -> q8 [label = "b, c"];
	q48 -> q9 [label = "b"];
	q26 -> q9 [label = "b, c"];
	q21 -> q34 [label = "c"];
	q47 -> q13 [label = "a, b, c"];
	q51 -> q53 [label = "a"];
	q18 -> q49 [label = "c"];
	q15 -> q53 [label = "a, b, c"];
	q53 -> q33 [label = "a"];
	q2 -> q11 [label = "c"];
	q43 -> q7 [label = "b, c"];
	q22 -> q39 [label = "b"];
	q19 -> q54 [label = "b, c"];
	q39 -> q10 [label = "a, b, c"];
	q17 -> q10 [label = "a, b"];
	q20 -> q6 [label = "b"];
	q44 -> q48 [label = "a, b, c"];
	q43 -> q21 [label = "b"];
	q50 -> q16 [label = "c"];
	q44 -> q8 [label = "a, b, c"];
	q22 -> q5 [label = "c"];
	q12 -> q54 [label = "b"];
	q51 -> q33 [label = "a"];
	q29 -> q24 [label = "c"];
	q22 -> q30 [label = "c"];
	q43 -> q35 [label = "c"];
	q44 -> q50 [label = "a, b, c"];
	q38 -> q54 [label = "a, b, c"];
	q51 -> q4 [label = "a"];
	q38 -> q49 [label = "a, b, c"];
	q54 -> q9 [label = "b"];
	q15 -> q28 [label = "a, b, c"];
	q25 -> q9 [label = "a, b, c"];
	q44 -> q37 [label = "b, c"];
	q45 -> q9 [label = "a, b, c"];
	q6 -> q27 [label = "b, c"];
	q16 -> q40 [label = "a"];
	q22 -> q11 [label = "b, c"];
	q17 -> q13 [label = "b"];
	q22 -> q8 [label = "b, c"];
	q52 -> q48 [label = "a"];
	q32 -> q7 [label = "b, c"];
	q47 -> q40 [label = "a, b, c"];
	q21 -> q24 [label = "c"];
	q54 -> q54 [label = "b"];
	q46 -> q28 [label = "c"];
	q25 -> q8 [label = "a, b, c"];
	q51 -> q3 [label = "c"];
	q20 -> q49 [label = "a, b"];
	q18 -> q54 [label = "b"];
	q41 -> q5 [label = "a"];
	q6 -> q35 [label = "b, c"];
	q4 -> q52 [label = "c"];
	q25 -> q35 [label = "a, c"];
	q51 -> q52 [label = "b"];
	q51 -> q48 [label = "a, c"];
	q20 -> q4 [label = "a, b"];
	q39 -> q29 [label = "b"];
	q51 -> q9 [label = "b"];
	q3 -> q48 [label = "a"];
	q18 -> q16 [label = "a"];
	q30 -> q28 [label = "b"];
	q6 -> q50 [label = "a, b, c"];
	q51 -> q42 [label = "c"];
	q6 -> q54 [label = "a, b, c"];
	q44 -> q27 [label = "b, c"];
	q51 -> q50 [label = "a, c"];
	q17 -> q12 [label = "a, b"];
	q25 -> q4 [label = "a, b, c"];
	q0 -> q3 [label = "c"];
	q36 -> q54 [label = "a, b, c"];
	q44 -> q7 [label = "b, c"];
	q47 -> q46 [label = "b"];
	q49 -> q50 [label = "c"];
	q44 -> q53 [label = "a, b, c"];
	q51 -> q26 [label = "a"];
	q15 -> q4 [label = "a, c"];
	q6 -> q49 [label = "a, b, c"];
	q29 -> q50 [label = "a, b, c"];
	q20 -> q14 [label = "a"];
	q28 -> q31 [label = "b, c"];
	q30 -> q10 [label = "a, c"];
	q21 -> q48 [label = "a, c"];
	q47 -> q14 [label = "a, b, c"];
	q43 -> q28 [label = "c"];
	q47 -> q51 [label = "a, b, c"];
	q35 -> q53 [label = "a"];
	q51 -> q8 [label = "a, c"];
	q39 -> q7 [label = "b, c"];
	q12 -> q10 [label = "a"];
	q50 -> q54 [label = "b"];
	q43 -> q16 [label = "b, c"];
	q1 -> q35 [label = "c"];
	q4 -> q51 [label = "c"];
	q44 -> q51 [label = "b, c"];
	q46 -> q49 [label = "a, b, c"];
	q49 -> q10 [label = "c"];
	q7 -> q11 [label = "b, c"];
	q49 -> q16 [label = "c"];
	q5 -> q16 [label = "c"];
	q5 -> q9 [label = "b, c"];
	q25 -> q21 [label = "a, b"];
	q31 -> q11 [label = "b, c"];
	q16 -> q9 [label = "b"];
	q53 -> q49 [label = "c"];
	q32 -> q52 [label = "b, c"];
	q47 -> q8 [label = "a, b, c"];
	q17 -> q2 [label = "a, b"];
	q41 -> q54 [label = "a, b, c"];
	q43 -> q34 [label = "c"];
	q22 -> q19 [label = "c"];
	q43 -> q30 [label = "c"];
	q49 -> q51 [label = "c"];
	q45 -> q31 [label = "b, c"];
	q15 -> q12 [label = "a, b, c"];
	q21 -> q11 [label = "c"];
	q4 -> q53 [label = "c"];
	q46 -> q8 [label = "a, b, c"];
	q44 -> q54 [label = "a, b, c"];
	q52 -> q54 [label = "b"];
	q49 -> q33 [label = "a"];
	q46 -> q16 [label = "a, c"];
	q5 -> q49 [label = "a, c"];
	q39 -> q0 [label = "b, c"];
	q7 -> q26 [label = "a"];
	q28 -> q4 [label = "a, b"];
	q51 -> q11 [label = "a, c"];
	q23 -> q10 [label = "c"];
	q38 -> q18 [label = "c"];
	q53 -> q50 [label = "b, c"];
	q8 -> q10 [label = "c"];
	q49 -> q54 [label = "b, c"];
	q21 -> q33 [label = "a, c"];
	q48 -> q50 [label = "c"];
	q46 -> q4 [label = "a"];
	q15 -> q42 [label = "a, b, c"];
	q25 -> q18 [label = "c"];
	q6 -> q10 [label = "a, b, c"];
	q20 -> q2 [label = "a, b, c"];
	q22 -> q48 [label = "a, b, c"];
	q13 -> q2 [label = "c"];
	q31 -> q48 [label = "a, b"];
	q15 -> q10 [label = "a, b, c"];
	q15 -> q7 [label = "a, b, c"];
	q46 -> q50 [label = "a, b, c"];
	q32 -> q11 [label = "b, c"];
	q47 -> q1 [label = "a"];
	q45 -> q54 [label = "a, b, c"];
	q18 -> q3 [label = "a"];
	q26 -> q10 [label = "a"];
	q18 -> q0 [label = "c"];
	q47 -> q34 [label = "b"];
	q53 -> q3 [label = "c"];
	q43 -> q49 [label = "b, c"];
	q20 -> q53 [label = "a, b"];
	q18 -> q14 [label = "c"];
	q46 -> q33 [label = "a"];
	q50 -> q48 [label = "a, c"];
	q41 -> q53 [label = "a, b, c"];
	q53 -> q16 [label = "c"];
	q16 -> q48 [label = "a"];
	q15 -> q26 [label = "a, c"];
	q20 -> q8 [label = "a, b"];
	q37 -> q16 [label = "b, c"];
	q53 -> q35 [label = "c"];
	q5 -> q26 [label = "a"];
	q45 -> q2 [label = "a, b, c"];
	q1 -> q33 [label = "a"];
	q43 -> q24 [label = "c"];
	q50 -> q10 [label = "c"];
	q7 -> q48 [label = "a, b, c"];
	q47 -> q33 [label = "a, c"];
	q7 -> q3 [label = "b, c"];
	q6 -> q0 [label = "b, c"];
	q20 -> q17 [label = "b, c"];
	q7 -> q37 [label = "b"];
	q22 -> q35 [label = "c"];
	q12 -> q50 [label = "c"];
	q38 -> q0 [label = "b, c"];
	q53 -> q51 [label = "c"];
	q52 -> q33 [label = "a"];
	q47 -> q0 [label = "a, b, c"];
	q4 -> q23 [label = "b"];
	q43 -> q0 [label = "b, c"];
	q31 -> q18 [label = "b"];
	q15 -> q8 [label = "a, b, c"];
	q49 -> q3 [label = "c"];
	q23 -> q16 [label = "c"];
	q43 -> q1 [label = "a, b, c"];
	q21 -> q52 [label = "c"];
	q15 -> q29 [label = "a, b, c"];
	q38 -> q21 [label = "b"];
	q43 -> q5 [label = "b, c"];
	q25 -> q45 [label = "c"];
	q43 -> q6 [label = "b, c"];
	q15 -> q1 [label = "a, c"];
	q36 -> q33 [label = "a, b"];
	q43 -> q10 [label = "a, b, c"];
	q6 -> q14 [label = "b, c"];
	q43 -> q12 [label = "b, c"];
	q10 -> q48 [label = "a"];
	q29 -> q2 [label = "a, b, c"];
	q43 -> q14 [label = "b, c"];
	q45 -> q49 [label = "a, b, c"];
	q43 -> q17 [label = "b, c"];
	q47 -> q11 [label = "a, b, c"];
	q45 -> q33 [label = "a, b, c"];
	q5 -> q50 [label = "a, b, c"];
	q20 -> q5 [label = "b"];
	q43 -> q23 [label = "c"];
	q43 -> q26 [label = "a, b, c"];
	q43 -> q29 [label = "c"];
	q20 -> q42 [label = "b, c"];
	q45 -> q24 [label = "b, c"];
	q43 -> q36 [label = "b, c"];
	q43 -> q38 [label = "c"];
	q43 -> q39 [label = "c"];
	q22 -> q4 [label = "c"];
	q15 -> q2 [label = "a, b, c"];
	q27 -> q8 [label = "b"];
	q20 -> q16 [label = "b, c"];
	q43 -> q45 [label = "c"];
	q44 -> q11 [label = "a, b, c"];
	q5 -> q27 [label = "c"];
	q43 -> q46 [label = "c"];
	q43 -> q48 [label = "a, b, c"];
	q43 -> q50 [label = "b, c"];
	q24 -> q18 [label = "a, b"];
	q43 -> q51 [label = "b, c"];
	q29 -> q32 [label = "a"];
	q29 -> q34 [label = "b, c"];
	q46 -> q1 [label = "a"];
	q21 -> q10 [label = "a, c"];
	q36 -> q50 [label = "a, b, c"];
	q15 -> q46 [label = "b, c"];
	q20 -> q24 [label = "b, c"];
	q38 -> q43 [label = "b, c"];
	q46 -> q26 [label = "a"];
	q38 -> q19 [label = "a"];
	q28 -> q49 [label = "a, b"];
	q46 -> q40 [label = "a, b, c"];
	q46 -> q48 [label = "a, b, c"];
	q15 -> q21 [label = "a"];
	q26 -> q54 [label = "b, c"];
	q24 -> q23 [label = "b"];
	q28 -> q37 [label = "b"];
	q25 -> q3 [label = "a, c"];
	q6 -> q37 [label = "b, c"];
	q22 -> q40 [label = "b, c"];
	q6 -> q1 [label = "a"];
	q44 -> q0 [label = "b, c"];
	q32 -> q26 [label = "a, c"];
	q44 -> q2 [label = "b, c"];
	q44 -> q12 [label = "b, c"];
	q2 -> q9 [label = "b"];
	q47 -> q52 [label = "a, b, c"];
	q44 -> q9 [label = "b, c"];
	q31 -> q53 [label = "b, c"];
	q22 -> q53 [label = "b, c"];
	q20 -> q9 [label = "a, b"];
	q37 -> q37 [label = "b"];
	q25 -> q19 [label = "a"];
	q1 -> q7 [label = "c"];
	q29 -> q18 [label = "b, c"];
	q15 -> q6 [label = "b, c"];
	q20 -> q48 [label = "a, b, c"];
	q4 -> q10 [label = "a, c"];
	q40 -> q9 [label = "b"];
	q30 -> q48 [label = "a, c"];
	q42 -> q8 [label = "b, c"];
	q35 -> q14 [label = "a"];
	q19 -> q20 [label = "b, c"];
	q44 -> q24 [label = "b, c"];
	q17 -> q11 [label = "b, c"];
	q25 -> q6 [label = "c"];
	q19 -> q8 [label = "a, b, c"];
	q3 -> q40 [label = "a"];
	q34 -> q21 [label = "a"];
	q23 -> q54 [label = "b"];
	q39 -> q45 [label = "b, c"];
	q44 -> q41 [label = "b, c"];
	q18 -> q53 [label = "c"];
	q27 -> q27 [label = "b"];
	q45 -> q46 [label = "b"];
	q43 -> q42 [label = "b, c"];
	q44 -> q16 [label = "b, c"];
	q44 -> q42 [label = "b, c"];
	q22 -> q2 [label = "b, c"];
	q32 -> q33 [label = "a, b, c"];
	q44 -> q49 [label = "a, b, c"];
	q31 -> q3 [label = "a, b"];
	q34 -> q33 [label = "a"];
	q42 -> q50 [label = "b, c"];
	q20 -> q27 [label = "a, b"];
	q28 -> q7 [label = "b"];
	q38 -> q14 [label = "b, c"];
	q43 -> q41 [label = "c"];
	q7 -> q17 [label = "b"];
	q18 -> q11 [label = "c"];
	q19 -> q14 [label = "a"];
	q20 -> q1 [label = "a, b"];
	q29 -> q6 [label = "b"];
	q37 -> q11 [label = "a, b, c"];
	q38 -> q38 [label = "c"];
	q0 -> q48 [label = "a, c"];
	q15 -> q27 [label = "a, b, c"];
	q24 -> q16 [label = "a, b"];
	q25 -> q20 [label = "a"];
	q20 -> q11 [label = "a, b, c"];
	q28 -> q34 [label = "b"];
	q5 -> q11 [label = "a, c"];
	q10 -> q50 [label = "c"];
	q37 -> q18 [label = "b"];
	q32 -> q2 [label = "b, c"];
	q11 -> q54 [label = "b"];
	q39 -> q17 [label = "b"];
	q21 -> q9 [label = "b, c"];
	q22 -> q26 [label = "a, c"];
	q21 -> q50 [label = "b, c"];
	q47 -> q6 [label = "b"];
	q17 -> q52 [label = "b"];
	q36 -> q18 [label = "b, c"];
	q19 -> q26 [label = "a"];
	q40 -> q50 [label = "c"];
	q32 -> q30 [label = "c"];
	q20 -> q26 [label = "a, b"];
	q41 -> q16 [label = "a, b, c"];
	q47 -> q18 [label = "a, b, c"];
	q4 -> q48 [label = "a, c"];
	q29 -> q35 [label = "b, c"];
	q42 -> q40 [label = "a, b"];
	q6 -> q2 [label = "a, b"];
	q17 -> q54 [label = "b"];
	q42 -> q2 [label = "a, b"];
	q29 -> q37 [label = "b"];
	q20 -> q30 [label = "a, b"];
	q20 -> q32 [label = "a"];
	q43 -> q18 [label = "c"];
	q20 -> q33 [label = "a, b"];
	q1 -> q52 [label = "b, c"];
	q39 -> q44 [label = "b"];
	q14 -> q51 [label = "c"];
	q38 -> q16 [label = "a, c"];
	q1 -> q54 [label = "b, c"];
	q28 -> q11 [label = "a, b, c"];
	q5 -> q4 [label = "a"];
	q46 -> q29 [label = "c"];
	q24 -> q11 [label = "b, c"];
	q40 -> q48 [label = "a"];
	q38 -> q6 [label = "c"];
	q6 -> q34 [label = "b"];
	q43 -> q53 [label = "b, c"];
	q5 -> q10 [label = "a, c"];
	q5 -> q33 [label = "a"];
	q37 -> q17 [label = "b"];
	q6 -> q12 [label = "a, b"];
	q48 -> q48 [label = "a"];
	q26 -> q23 [label = "b"];
	q52 -> q50 [label = "b"];
	q26 -> q35 [label = "c"];
	q7 -> q2 [label = "b"];
	q26 -> q7 [label = "c"];
	q21 -> q13 [label = "b"];
	q41 -> q51 [label = "a, b, c"];
	q7 -> q8 [label = "b"];
	q7 -> q9 [label = "b"];
	q29 -> q26 [label = "a"];
	q27 -> q7 [label = "b"];
	q35 -> q11 [label = "a, c"];
	q7 -> q16 [label = "b, c"];
	q15 -> q0 [label = "a, b, c"];
	q7 -> q40 [label = "b"];
	q7 -> q50 [label = "b"];
	q38 -> q12 [label = "b, c"];
	q7 -> q51 [label = "b"];
	q7 -> q53 [label = "b"];
	q32 -> q31 [label = "b, c"];
	q38 -> q50 [label = "a, b, c"];
	q27 -> q9 [label = "b"];
	q1 -> q23 [label = "b"];
	q3 -> q9 [label = "b"];
	q3 -> q52 [label = "b"];
	q28 -> q12 [label = "a, b, c"];
	q6 -> q26 [label = "a"];
	q3 -> q54 [label = "b"];
	q1 -> q26 [label = "a"];
	q45 -> q3 [label = "a, b, c"];
	q1 -> q48 [label = "a"];
	q37 -> q42 [label = "b, c"];
	q37 -> q2 [label = "a, b"];
	q22 -> q23 [label = "b, c"];
	q5 -> q0 [label = "c"];
	q5 -> q3 [label = "c"];
	q5 -> q7 [label = "c"];
	q13 -> q10 [label = "c"];
	q5 -> q14 [label = "c"];
	q39 -> q23 [label = "b, c"];
	q29 -> q13 [label = "a, b"];
	q39 -> q5 [label = "a, b, c"];
	q44 -> q31 [label = "b, c"];
	q5 -> q17 [label = "c"];
	q5 -> q35 [label = "c"];
	q4 -> q26 [label = "a"];
	q33 -> q33 [label = "a"];
	q0 -> q10 [label = "c"];
	q0 -> q12 [label = "c"];
	q25 -> q51 [label = "a, c"];
	q0 -> q16 [label = "c"];
	q0 -> q18 [label = "c"];
	q12 -> q11 [label = "c"];
	q7 -> q10 [label = "a, b, c"];
	q34 -> q8 [label = "a, c"];
	q0 -> q35 [label = "c"];
	q17 -> q40 [label = "a, b"];
	q0 -> q40 [label = "c"];
	q0 -> q49 [label = "c"];
	q0 -> q50 [label = "b, c"];
	q21 -> q40 [label = "c"];
	q0 -> q51 [label = "c"];
	q6 -> q6 [label = "b"];
	q42 -> q13 [label = "b"];
	q22 -> q31 [label = "b, c"];
	q6 -> q7 [label = "b, c"];
	q37 -> q6 [label = "b"];
	q6 -> q13 [label = "b, c"];
	q25 -> q23 [label = "a, c"];
	q6 -> q16 [label = "b, c"];
	q6 -> q17 [label = "b, c"];
	q43 -> q54 [label = "a, b, c"];
	q25 -> q14 [label = "a, b, c"];
	q12 -> q48 [label = "a"];
	q6 -> q18 [label = "b"];
	q41 -> q28 [label = "b"];
	q25 -> q30 [label = "c"];
	q22 -> q3 [label = "b, c"];
	q6 -> q36 [label = "b, c"];
	q6 -> q42 [label = "b, c"];
	q24 -> q25 [label = "b"];
	q6 -> q43 [label = "b"];
	q24 -> q9 [label = "b"];
	q6 -> q46 [label = "b"];
	q46 -> q2 [label = "a, b, c"];
	q24 -> q52 [label = "b"];
	q23 -> q40 [label = "c"];
	q46 -> q10 [label = "a, b, c"];
	q6 -> q51 [label = "b, c"];
	q21 -> q19 [label = "c"];
	q2 -> q52 [label = "b"];
	q34 -> q48 [label = "a, c"];
	q1 -> q50 [label = "b, c"];
	q5 -> q53 [label = "a, c"];
	q6 -> q52 [label = "b, c"];
	q2 -> q10 [label = "a"];
	q25 -> q33 [label = "a, b, c"];
	q54 -> q16 [label = "c"];
	q52 -> q9 [label = "b"];
	q25 -> q36 [label = "a, c"];
	q42 -> q11 [label = "b, c"];
	q2 -> q48 [label = "a"];
	q16 -> q11 [label = "c"];
	q0 -> q13 [label = "b"];
	q39 -> q9 [label = "a, b, c"];
	q38 -> q31 [label = "c"];
	q22 -> q13 [label = "b, c"];
	q6 -> q23 [label = "c"];
	q34 -> q9 [label = "b"];
	q44 -> q4 [label = "a, c"];
	q6 -> q28 [label = "c"];
	q6 -> q29 [label = "c"];
	q18 -> q8 [label = "c"];
	q2 -> q54 [label = "b"];
	q0 -> q33 [label = "a"];
	q28 -> q24 [label = "b"];
	q4 -> q3 [label = "c"];
	q53 -> q54 [label = "b, c"];
	q4 -> q8 [label = "c"];
	q26 -> q37 [label = "c"];
	q4 -> q11 [label = "c"];
	q4 -> q16 [label = "c"];
	q51 -> q10 [label = "a, c"];
	q7 -> q12 [label = "b"];
	q4 -> q35 [label = "c"];
	q34 -> q16 [label = "a, c"];
	q4 -> q37 [label = "c"];
	q4 -> q42 [label = "c"];
	q20 -> q7 [label = "b"];
	q27 -> q50 [label = "b"];
	q32 -> q12 [label = "b, c"];
	q15 -> q34 [label = "b, c"];
	q5 -> q37 [label = "c"];
	q24 -> q8 [label = "b, c"];
	q12 -> q8 [label = "c"];
	q12 -> q14 [label = "c"];
	q12 -> q49 [label = "c"];
	q10 -> q54 [label = "b"];
	q14 -> q2 [label = "c"];
	q22 -> q54 [label = "b, c"];
	q18 -> q52 [label = "b"];
	q14 -> q9 [label = "c"];
	q14 -> q10 [label = "c"];
	q47 -> q28 [label = "b, c"];
	q30 -> q29 [label = "c"];
	q14 -> q16 [label = "c"];
	q37 -> q27 [label = "b"];
	q29 -> q49 [label = "a, b, c"];
	q31 -> q52 [label = "b"];
	q14 -> q18 [label = "c"];
	q14 -> q35 [label = "c"];
	q14 -> q40 [label = "c"];
	q14 -> q49 [label = "c"];
	q34 -> q0 [label = "a, c"];
	q28 -> q53 [label = "a, b"];
	q15 -> q38 [label = "b, c"];
	q9 -> q54 [label = "b"];
	q30 -> q33 [label = "a"];
	q14 -> q54 [label = "b, c"];
	q10 -> q10 [label = "a"];
	q38 -> q17 [label = "c"];
	q8 -> q50 [label = "b"];
	q20 -> q21 [label = "a"];
	q8 -> q54 [label = "b"];
	q14 -> q13 [label = "b"];
	q26 -> q27 [label = "c"];
	q37 -> q26 [label = "a"];
	q8 -> q3 [label = "c"];
	q8 -> q16 [label = "c"];
	q47 -> q25 [label = "b"];
	q32 -> q4 [label = "c"];
	q13 -> q3 [label = "c"];
	q13 -> q12 [label = "c"];
	q13 -> q18 [label = "c"];
	q13 -> q40 [label = "c"];
	q30 -> q51 [label = "c"];
	q28 -> q52 [label = "a, b"];
	q11 -> q13 [label = "b"];
	q20 -> q19 [label = "b"];
	q9 -> q33 [label = "a"];
	q33 -> q23 [label = "b"];
	q9 -> q48 [label = "a"];
	q15 -> q24 [label = "c"];
	q15 -> q31 [label = "c"];
	q20 -> q3 [label = "b, c"];
	q21 -> q23 [label = "b"];
	q23 -> q33 [label = "a"];
	q24 -> q2 [label = "a, b"];
	q38 -> q28 [label = "c"];
	q17 -> q53 [label = "b"];
	q24 -> q3 [label = "a, b"];
	q24 -> q10 [label = "a, b"];
	q30 -> q9 [label = "b, c"];
	q24 -> q12 [label = "a, b"];
	q15 -> q5 [label = "a, c"];
	q51 -> q49 [label = "a, c"];
	q28 -> q40 [label = "a, b, c"];
	q35 -> q42 [label = "c"];
	q24 -> q40 [label = "a, b"];
	q43 -> q27 [label = "a, b, c"];
	q29 -> q52 [label = "a, b, c"];
	q24 -> q48 [label = "a, b"];
	q30 -> q37 [label = "b, c"];
	q26 -> q50 [label = "b, c"];
	q21 -> q51 [label = "c"];
	q45 -> q6 [label = "b"];
	q26 -> q16 [label = "c"];
	q28 -> q2 [label = "a, b, c"];
	q24 -> q49 [label = "b, c"];
	q28 -> q10 [label = "a, b, c"];
	q29 -> q46 [label = "b"];
	q28 -> q18 [label = "b, c"];
	q35 -> q13 [label = "a"];
	q28 -> q42 [label = "b, c"];
	q4 -> q17 [label = "c"];
	q28 -> q48 [label = "a, b, c"];
	q39 -> q36 [label = "b"];
	q22 -> q18 [label = "b, c"];
	q25 -> q41 [label = "c"];
	q39 -> q6 [label = "b"];
	q24 -> q14 [label = "b, c"];
	q31 -> q2 [label = "a, b"];
	q31 -> q54 [label = "b"];
	q22 -> q34 [label = "c"];
	q14 -> q50 [label = "b, c"];
	q24 -> q38 [label = "b"];
	q36 -> q4 [label = "a, b"];
	q24 -> q46 [label = "b"];
	q24 -> q50 [label = "b, c"];
	q25 -> q52 [label = "a, b, c"];
	q24 -> q51 [label = "b"];
	q47 -> q54 [label = "a, b, c"];
	q24 -> q53 [label = "b, c"];
	q24 -> q54 [label = "b"];
	q45 -> q26 [label = "a, b"];
	q26 -> q26 [label = "a"];
	q30 -> q0 [label = "c"];
	q30 -> q3 [label = "c"];
	q53 -> q10 [label = "c"];
	q29 -> q51 [label = "b, c"];
	q31 -> q23 [label = "b"];
	q30 -> q8 [label = "b, c"];
	q30 -> q16 [label = "b, c"];
	q0 -> q2 [label = "c"];
	q30 -> q50 [label = "b, c"];
	q42 -> q49 [label = "b, c"];
	q30 -> q17 [label = "c"];
	q36 -> q9 [label = "a, b, c"];
	q30 -> q23 [label = "b, c"];
	q30 -> q27 [label = "b, c"];
	q36 -> q16 [label = "b, c"];
	q30 -> q35 [label = "c"];
	q30 -> q42 [label = "c"];
	q30 -> q52 [label = "b, c"];
	q39 -> q35 [label = "a, b, c"];
	q30 -> q53 [label = "c"];
	q21 -> q2 [label = "c"];
	q46 -> q53 [label = "a, b, c"];
	q36 -> q49 [label = "a, b, c"];
	q24 -> q13 [label = "b"];
	q47 -> q23 [label = "a, b, c"];
	q30 -> q54 [label = "b, c"];
	q25 -> q26 [label = "a, b, c"];
	q28 -> q1 [label = "a, b"];
	q28 -> q9 [label = "a, b"];
	q28 -> q27 [label = "a, b"];
	q28 -> q30 [label = "a, b"];
	q28 -> q33 [label = "a, b"];
	q26 -> q33 [label = "a"];
	q28 -> q50 [label = "a, b"];
	q28 -> q54 [label = "a, b"];
	q25 -> q0 [label = "a, b, c"];
	q29 -> q0 [label = "a, b"];
	q25 -> q1 [label = "a, b, c"];
	q22 -> q28 [label = "b"];
	q34 -> q4 [label = "a"];
	q25 -> q7 [label = "a, b, c"];
	q25 -> q10 [label = "a, b, c"];
	q46 -> q13 [label = "b, c"];
	q25 -> q11 [label = "a, b, c"];
	q19 -> q52 [label = "b, c"];
	q36 -> q35 [label = "b, c"];
	q35 -> q40 [label = "a"];
	q31 -> q8 [label = "b, c"];
	q25 -> q17 [label = "a, c"];
	q32 -> q13 [label = "b, c"];
	q43 -> q40 [label = "b, c"];
	q25 -> q27 [label = "a, b, c"];
	q25 -> q29 [label = "a, c"];
	q25 -> q37 [label = "a, c"];
	q25 -> q40 [label = "a, b, c"];
	q39 -> q1 [label = "a, b, c"];
	q28 -> q51 [label = "b"];
	q30 -> q7 [label = "b, c"];
	q25 -> q44 [label = "a"];
	q38 -> q8 [label = "a, b, c"];
	q25 -> q50 [label = "a, b, c"];
	q25 -> q53 [label = "a, b, c"];
	q25 -> q54 [label = "a, b, c"];
	q10 -> q9 [label = "b"];
	q27 -> q37 [label = "b"];
	q32 -> q50 [label = "b, c"];
	q29 -> q9 [label = "a, b, c"];
	q45 -> q48 [label = "a, b, c"];
	q29 -> q10 [label = "a, b, c"];
	q29 -> q40 [label = "a, b, c"];
	q28 -> q16 [label = "b, c"];
	q29 -> q42 [label = "b, c"];
	q29 -> q48 [label = "a, b, c"];
	q25 -> q43 [label = "b, c"];
	q27 -> q48 [label = "a"];
	q37 -> q7 [label = "b"];
	q31 -> q0 [label = "b, c"];
	q4 -> q13 [label = "b"];
	q31 -> q14 [label = "b, c"];
	q34 -> q54 [label = "a, b, c"];
	q5 -> q54 [label = "b, c"];
	q31 -> q49 [label = "b, c"];
	q31 -> q50 [label = "b, c"];
	q25 -> q5 [label = "c"];
	q25 -> q24 [label = "c"];
	q25 -> q34 [label = "c"];
	q50 -> q33 [label = "a"];
	q25 -> q46 [label = "c"];
	q4 -> q49 [label = "c"];
	q34 -> q14 [label = "a, c"];
	q29 -> q1 [label = "a"];
	q29 -> q21 [label = "a"];
	q43 -> q9 [label = "a, b, c"];
	q32 -> q8 [label = "b, c"];
	q38 -> q9 [label = "a, b, c"];
	q46 -> q0 [label = "b, c"];
	q27 -> q54 [label = "b"];
	q29 -> q23 [label = "a"];
	q36 -> q10 [label = "a, b, c"];
	q22 -> q12 [label = "b, c"];
	q29 -> q27 [label = "a, b"];
	q36 -> q1 [label = "a, b"];
	q9 -> q9 [label = "b"];
	q29 -> q33 [label = "a"];
	q45 -> q34 [label = "c"];
	q36 -> q53 [label = "a, b"];
	q12 -> q9 [label = "b"];
	q29 -> q53 [label = "a, b"];
	q31 -> q10 [label = "a, b"];
	q31 -> q12 [label = "b"];
	q31 -> q13 [label = "b"];
	q31 -> q38 [label = "b"];
	q31 -> q46 [label = "b"];
	q34 -> q49 [label = "a, c"];
	q29 -> q4 [label = "a"];
	q31 -> q51 [label = "b"];
	q9 -> q27 [label = "b"];
	q26 -> q8 [label = "c"];
	q30 -> q26 [label = "a"];
	q26 -> q52 [label = "c"];
	q28 -> q5 [label = "b"];
	q44 -> q34 [label = "c"];
	q4 -> q9 [label = "b, c"];
	q28 -> q6 [label = "b"];
	q28 -> q17 [label = "b"];
	q44 -> q23 [label = "b, c"];
	q3 -> q10 [label = "a"];
	q32 -> q10 [label = "a, b, c"];
	q36 -> q3 [label = "b, c"];
	q36 -> q8 [label = "a, b, c"];
	q36 -> q11 [label = "a, b, c"];
	q25 -> q28 [label = "a, c"];
	q32 -> q0 [label = "b, c"];
	q41 -> q8 [label = "a, b, c"];
	q46 -> q42 [label = "c"];
	q38 -> q36 [label = "c"];
	q36 -> q34 [label = "b, c"];
	q36 -> q40 [label = "a, b, c"];
	q36 -> q42 [label = "c"];
	q52 -> q27 [label = "b"];
	q36 -> q48 [label = "a, b, c"];
	q36 -> q51 [label = "b, c"];
	q32 -> q3 [label = "b, c"];
	q32 -> q9 [label = "b, c"];
	q32 -> q17 [label = "b, c"];
	q36 -> q13 [label = "b"];
	q32 -> q18 [label = "b, c"];
	q35 -> q17 [label = "c"];
	q32 -> q23 [label = "b"];
	q32 -> q24 [label = "b, c"];
	q32 -> q14 [label = "c"];
	q39 -> q43 [label = "b, c"];
	q32 -> q27 [label = "b, c"];
	q29 -> q17 [label = "b, c"];
	q32 -> q37 [label = "b, c"];
	q45 -> q10 [label = "a, b, c"];
	q32 -> q40 [label = "b, c"];
	q41 -> q6 [label = "b"];
	q32 -> q41 [label = "b"];
	q32 -> q49 [label = "b, c"];
	q32 -> q51 [label = "b, c"];
	q20 -> q12 [label = "a, b, c"];
	q32 -> q53 [label = "b, c"];
	q44 -> q18 [label = "b, c"];
	q32 -> q54 [label = "b, c"];
	q34 -> q3 [label = "a, c"];
	q7 -> q27 [label = "b"];
	q34 -> q10 [label = "a, c"];
	q34 -> q11 [label = "a, c"];
	q34 -> q26 [label = "a"];
	q34 -> q40 [label = "a"];
	q23 -> q27 [label = "b"];
	q25 -> q49 [label = "a, b, c"];
	q34 -> q50 [label = "a, c"];
	q46 -> q52 [label = "b, c"];
	q34 -> q51 [label = "a, c"];
	q34 -> q53 [label = "a, c"];
	q38 -> q1 [label = "a, b, c"];
	q38 -> q2 [label = "a, b, c"];
	q38 -> q5 [label = "c"];
	q4 -> q7 [label = "c"];
	q38 -> q7 [label = "b, c"];
	q38 -> q10 [label = "a, b, c"];
	q54 -> q52 [label = "b"];
	q38 -> q11 [label = "a, b, c"];
	q15 -> q33 [label = "a, c"];
	q38 -> q13 [label = "b, c"];
	q38 -> q25 [label = "c"];
	q5 -> q8 [label = "a, b, c"];
	q38 -> q26 [label = "a, b, c"];
	q39 -> q12 [label = "a, b, c"];
	q38 -> q27 [label = "a, b, c"];
	q38 -> q29 [label = "c"];
	q38 -> q30 [label = "c"];
	q38 -> q34 [label = "c"];
	q12 -> q0 [label = "c"];
	q38 -> q35 [label = "a, c"];
	q38 -> q37 [label = "c"];
	q38 -> q40 [label = "a, b, c"];
	q38 -> q41 [label = "c"];
	q38 -> q42 [label = "c"];
	q38 -> q45 [label = "c"];
	q38 -> q46 [label = "c"];
	q47 -> q24 [label = "c"];
	q37 -> q34 [label = "b"];
	q14 -> q12 [label = "c"];
	q38 -> q48 [label = "a, b, c"];
	q38 -> q51 [label = "a, c"];
	q24 -> q34 [label = "b"];
	q38 -> q52 [label = "a, b, c"];
	q38 -> q53 [label = "a, b, c"];
	q39 -> q49 [label = "a, b, c"];
	q32 -> q1 [label = "c"];
	q32 -> q5 [label = "c"];
	q32 -> q6 [label = "c"];
	q44 -> q28 [label = "b"];
	q32 -> q19 [label = "c"];
	q32 -> q34 [label = "c"];
	q32 -> q35 [label = "c"];
	q19 -> q10 [label = "a"];
	q33 -> q50 [label = "b, c"];
	q15 -> q37 [label = "a, b, c"];
	q8 -> q33 [label = "a"];
	q25 -> q16 [label = "a, c"];
	q36 -> q27 [label = "a"];
	q47 -> q12 [label = "a, b, c"];
	q36 -> q30 [label = "a"];
	q35 -> q26 [label = "a"];
	q33 -> q48 [label = "a"];
	q35 -> q27 [label = "b"];
	q37 -> q3 [label = "b, c"];
	q37 -> q10 [label = "a, b, c"];
	q15 -> q52 [label = "a, b, c"];
	q38 -> q39 [label = "c"];
	q33 -> q9 [label = "b, c"];
	q33 -> q13 [label = "b"];
	q33 -> q54 [label = "b, c"];
	q35 -> q0 [label = "a"];
	q35 -> q4 [label = "a"];
	q35 -> q8 [label = "a"];
	q35 -> q10 [label = "a, c"];
	q35 -> q49 [label = "a"];
	q39 -> q2 [label = "a, b, c"];
	q39 -> q3 [label = "a, b, c"];
}
NFA size: 55 states

