Random target AFA:
digraph finite_state_machine {
	rankdir=LR;
	node [shape = circle];
	s0 [shape = point, style = invis, start="true" ];
	q0 [label = "q0"];
	q1 [label = "q1", shape = doublecircle, final="true" ];
	q2 [label = "q2"];
	q3 [label = "q3"];
	q4 [label = "q4", shape = doublecircle, final="true" ];
	q5 [label = "q5"];
	q6 [label = "q6", shape = doublecircle, final="true" ];
	m0 [label = "", shape = square, style = filled, color=grey, fixedsize=true, width=.2];
	m1 [label = "", shape = square, style = filled, color=grey, fixedsize=true, width=.2];
	m2 [label = "", shape = square, style = filled, color=grey, fixedsize=true, width=.2];
	m3 [label = "", shape = square, style = filled, color=grey, fixedsize=true, width=.2];
	m4 [label = "", shape = square, style = filled, color=grey, fixedsize=true, width=.2];
	m5 [label = "", shape = square, style = filled, color=grey, fixedsize=true, width=.2];
	m6 [label = "", shape = square, style = filled, color=grey, fixedsize=true, width=.2];
	m7 [label = "", shape = square, style = filled, color=grey, fixedsize=true, width=.2];
	s0 -> q0
	q2 -> m6 [label = "c"];
	q1 -> q6 [label = "c"];
	q5 -> q2 [label = "a"];
	q3 -> q2 [label = "c"];
	q5 -> q5 [label = "a"];
	q3 -> m4 [label = "a"];
	q1 -> m3 [label = "b"];
	q1 -> q5 [label = "a"];
	q4 -> q1 [label = "a, c"];
	q1 -> q3 [label = "c"];
	q2 -> m1 [label = "a"];
	q4 -> q6 [label = "c"];
	q4 -> q5 [label = "b"];
	q4 -> q2 [label = "c"];
	q5 -> q1 [label = "c"];
	q0 -> q5 [label = "a, b"];
	q2 -> q1 [label = "b"];
	q5 -> m7 [label = "b"];
	q2 -> q2 [label = "b"];
	q3 -> q0 [label = "c"];
	q1 -> q1 [label = "c"];
	q0 -> q3 [label = "a"];
	q0 -> q0 [label = "b"];
	q0 -> q1 [label = "a"];
	q6 -> m0 [label = "c"];
	q6 -> m5 [label = "a"];
	q6 -> q5 [label = "b"];
	q3 -> m2 [label = "b"];
	q0 -> q4 [label = "c"];
	m0 -> q3;
	m0 -> q6;
	m1 -> q3;
	m1 -> q4;
	m2 -> q0;
	m2 -> q6;
	m3 -> q0;
	m3 -> q3;
	m4 -> q0;
	m4 -> q3;
	m4 -> q5;
	m5 -> q4;
	m5 -> q5;
	m6 -> q1;
	m6 -> q2;
	m7 -> q3;
	m7 -> q5;
}

L* output after 8 EQ and 9627 MQ:
digraph finite_state_machine {
	rankdir=LR;
	node [shape = circle];
	s0 [shape = point, style = invis, start="true" ];
	q0 [label = "q0"];
	q1 [label = "q1", shape = doublecircle, final="true" ];
	q2 [label = "q2"];
	q3 [label = "q3", shape = doublecircle, final="true" ];
	q4 [label = "q4"];
	q5 [label = "q5"];
	q6 [label = "q6"];
	q7 [label = "q7"];
	q8 [label = "q8", shape = doublecircle, final="true" ];
	q9 [label = "q9"];
	q10 [label = "q10", shape = doublecircle, final="true" ];
	q11 [label = "q11", shape = doublecircle, final="true" ];
	q12 [label = "q12"];
	q13 [label = "q13"];
	q14 [label = "q14", shape = doublecircle, final="true" ];
	q15 [label = "q15", shape = doublecircle, final="true" ];
	q16 [label = "q16", shape = doublecircle, final="true" ];
	q17 [label = "q17", shape = doublecircle, final="true" ];
	q18 [label = "q18"];
	q19 [label = "q19", shape = doublecircle, final="true" ];
	q20 [label = "q20", shape = doublecircle, final="true" ];
	q21 [label = "q21"];
	q22 [label = "q22", shape = doublecircle, final="true" ];
	q23 [label = "q23"];
	q24 [label = "q24"];
	q25 [label = "q25", shape = doublecircle, final="true" ];
	q26 [label = "q26", shape = doublecircle, final="true" ];
	q27 [label = "q27"];
	q28 [label = "q28"];
	q29 [label = "q29", shape = doublecircle, final="true" ];
	q30 [label = "q30", shape = doublecircle, final="true" ];
	q31 [label = "q31"];
	q32 [label = "q32"];
	q33 [label = "q33"];
	q34 [label = "q34", shape = doublecircle, final="true" ];
	q35 [label = "q35", shape = doublecircle, final="true" ];
	q36 [label = "q36"];
	q37 [label = "q37"];
	q38 [label = "q38", shape = doublecircle, final="true" ];
	q39 [label = "q39"];
	q40 [label = "q40"];
	q41 [label = "q41", shape = doublecircle, final="true" ];
	q42 [label = "q42", shape = doublecircle, final="true" ];
	q43 [label = "q43", shape = doublecircle, final="true" ];
	q44 [label = "q44", shape = doublecircle, final="true" ];
	q45 [label = "q45"];
	q46 [label = "q46", shape = doublecircle, final="true" ];
	q47 [label = "q47"];
	q48 [label = "q48"];
	q49 [label = "q49"];
	q50 [label = "q50"];
	q51 [label = "q51", shape = doublecircle, final="true" ];
	q52 [label = "q52"];
	q53 [label = "q53"];
	q54 [label = "q54"];
	q55 [label = "q55"];
	q56 [label = "q56", shape = doublecircle, final="true" ];
	q57 [label = "q57"];
	q58 [label = "q58"];
	q59 [label = "q59"];
	q60 [label = "q60"];
	q61 [label = "q61"];
	q62 [label = "q62"];
	q63 [label = "q63"];
	q64 [label = "q64"];
	q65 [label = "q65"];
	q66 [label = "q66"];
	s0 -> q24
	q45 -> q7 [label = "a"];
	q47 -> q7 [label = "b"];
	q43 -> q47 [label = "a"];
	q47 -> q44 [label = "c"];
	q41 -> q19 [label = "a"];
	q40 -> q43 [label = "c"];
	q40 -> q33 [label = "b"];
	q46 -> q20 [label = "c"];
	q40 -> q30 [label = "a"];
	q42 -> q10 [label = "b"];
	q39 -> q33 [label = "a"];
	q35 -> q20 [label = "c"];
	q43 -> q48 [label = "b"];
	q34 -> q20 [label = "c"];
	q37 -> q27 [label = "a"];
	q33 -> q45 [label = "b"];
	q35 -> q15 [label = "b"];
	q33 -> q27 [label = "a"];
	q37 -> q34 [label = "c"];
	q38 -> q11 [label = "b"];
	q39 -> q58 [label = "b"];
	q36 -> q39 [label = "a"];
	q32 -> q8 [label = "c"];
	q38 -> q14 [label = "c"];
	q32 -> q32 [label = "b"];
	q36 -> q30 [label = "c"];
	q39 -> q30 [label = "c"];
	q34 -> q38 [label = "b"];
	q29 -> q22 [label = "b"];
	q41 -> q18 [label = "b"];
	q27 -> q30 [label = "c"];
	q26 -> q34 [label = "c"];
	q29 -> q29 [label = "c"];
	q25 -> q27 [label = "a"];
	q30 -> q21 [label = "b"];
	q28 -> q36 [label = "a"];
	q24 -> q26 [label = "c"];
	q30 -> q20 [label = "c"];
	q25 -> q29 [label = "c"];
	q26 -> q30 [label = "a"];
	q28 -> q31 [label = "c"];
	q24 -> q25 [label = "a"];
	q42 -> q37 [label = "a"];
	q23 -> q27 [label = "a"];
	q21 -> q13 [label = "b"];
	q36 -> q45 [label = "b"];
	q19 -> q20 [label = "c"];
	q9 -> q35 [label = "b"];
	q9 -> q9 [label = "a"];
	q11 -> q10 [label = "b"];
	q57 -> q55 [label = "c"];
	q15 -> q11 [label = "b"];
	q31 -> q18 [label = "b"];
	q56 -> q48 [label = "b"];
	q20 -> q29 [label = "c"];
	q50 -> q45 [label = "b"];
	q52 -> q36 [label = "a"];
	q50 -> q36 [label = "a"];
	q54 -> q44 [label = "c"];
	q49 -> q7 [label = "a"];
	q61 -> q45 [label = "b"];
	q49 -> q49 [label = "c"];
	q51 -> q29 [label = "c"];
	q48 -> q53 [label = "b"];
	q55 -> q56 [label = "c"];
	q62 -> q30 [label = "c"];
	q60 -> q21 [label = "b"];
	q46 -> q52 [label = "b"];
	q55 -> q52 [label = "b"];
	q31 -> q17 [label = "c"];
	q27 -> q9 [label = "a"];
	q55 -> q33 [label = "a"];
	q63 -> q49 [label = "c"];
	q38 -> q9 [label = "a"];
	q2 -> q41 [label = "c"];
	q59 -> q65 [label = "c"];
	q58 -> q63 [label = "b"];
	q26 -> q33 [label = "b"];
	q63 -> q36 [label = "a"];
	q43 -> q44 [label = "c"];
	q56 -> q34 [label = "c"];
	q66 -> q50 [label = "b"];
	q48 -> q27 [label = "a"];
	q22 -> q16 [label = "a"];
	q37 -> q50 [label = "b"];
	q62 -> q66 [label = "a"];
	q23 -> q33 [label = "b"];
	q30 -> q33 [label = "a"];
	q52 -> q40 [label = "c"];
	q45 -> q59 [label = "b"];
	q11 -> q14 [label = "c"];
	q44 -> q33 [label = "a"];
	q48 -> q1 [label = "c"];
	q57 -> q36 [label = "a"];
	q17 -> q47 [label = "a"];
	q64 -> q33 [label = "b"];
	q63 -> q62 [label = "b"];
	q65 -> q59 [label = "b"];
	q53 -> q36 [label = "a"];
	q60 -> q56 [label = "c"];
	q27 -> q35 [label = "b"];
	q1 -> q18 [label = "b"];
	q16 -> q29 [label = "c"];
	q65 -> q7 [label = "a"];
	q47 -> q33 [label = "a"];
	q65 -> q49 [label = "c"];
	q14 -> q29 [label = "c"];
	q58 -> q64 [label = "c"];
	q23 -> q46 [label = "c"];
	q15 -> q37 [label = "a"];
	q6 -> q31 [label = "c"];
	q66 -> q30 [label = "c"];
	q31 -> q19 [label = "a"];
	q49 -> q61 [label = "b"];
	q56 -> q5 [label = "a"];
	q57 -> q33 [label = "b"];
	q51 -> q54 [label = "a"];
	q61 -> q36 [label = "a"];
	q53 -> q55 [label = "c"];
	q7 -> q7 [label = "a"];
	q4 -> q3 [label = "c"];
	q62 -> q45 [label = "b"];
	q44 -> q2 [label = "b"];
	q44 -> q20 [label = "c"];
	q59 -> q59 [label = "b"];
	q58 -> q7 [label = "a"];
	q13 -> q36 [label = "a"];
	q60 -> q33 [label = "a"];
	q3 -> q44 [label = "c"];
	q45 -> q60 [label = "c"];
	q33 -> q30 [label = "c"];
	q46 -> q33 [label = "a"];
	q35 -> q37 [label = "a"];
	q12 -> q27 [label = "a"];
	q16 -> q9 [label = "a"];
	q42 -> q29 [label = "c"];
	q29 -> q25 [label = "a"];
	q18 -> q41 [label = "c"];
	q25 -> q28 [label = "b"];
	q20 -> q12 [label = "b"];
	q0 -> q46 [label = "c"];
	q24 -> q32 [label = "b"];
	q17 -> q34 [label = "c"];
	q21 -> q7 [label = "a"];
	q15 -> q14 [label = "c"];
	q17 -> q48 [label = "b"];
	q3 -> q48 [label = "b"];
	q51 -> q12 [label = "b"];
	q21 -> q40 [label = "c"];
	q22 -> q22 [label = "b"];
	q18 -> q27 [label = "a"];
	q52 -> q57 [label = "b"];
	q8 -> q42 [label = "c"];
	q19 -> q27 [label = "a"];
	q22 -> q14 [label = "c"];
	q18 -> q57 [label = "b"];
	q41 -> q51 [label = "c"];
	q19 -> q6 [label = "b"];
	q5 -> q7 [label = "b"];
	q3 -> q5 [label = "a"];
	q12 -> q23 [label = "b"];
	q28 -> q23 [label = "b"];
	q10 -> q14 [label = "c"];
	q9 -> q34 [label = "c"];
	q20 -> q33 [label = "a"];
	q1 -> q33 [label = "a"];
	q4 -> q7 [label = "b"];
	q34 -> q37 [label = "a"];
	q6 -> q7 [label = "a"];
	q32 -> q16 [label = "a"];
	q11 -> q37 [label = "a"];
	q53 -> q62 [label = "b"];
	q5 -> q33 [label = "a"];
	q59 -> q7 [label = "a"];
	q1 -> q51 [label = "c"];
	q0 -> q33 [label = "b"];
	q7 -> q59 [label = "b"];
	q7 -> q4 [label = "c"];
	q5 -> q30 [label = "c"];
	q4 -> q5 [label = "a"];
	q6 -> q13 [label = "b"];
	q14 -> q19 [label = "a"];
	q2 -> q0 [label = "b"];
	q64 -> q43 [label = "c"];
	q2 -> q27 [label = "a"];
	q16 -> q11 [label = "b"];
	q13 -> q33 [label = "b"];
	q0 -> q66 [label = "a"];
	q66 -> q27 [label = "a"];
	q12 -> q41 [label = "c"];
	q61 -> q65 [label = "c"];
	q10 -> q10 [label = "b"];
	q8 -> q19 [label = "a"];
	q10 -> q9 [label = "a"];
	q64 -> q5 [label = "a"];
	q54 -> q27 [label = "a"];
	q8 -> q18 [label = "b"];
	q54 -> q45 [label = "b"];
	q50 -> q60 [label = "c"];
	q14 -> q12 [label = "b"];
	q13 -> q49 [label = "c"];
}
DFA size: 67 states

NL* output after 20 EQ and 11810 MQ:
digraph finite_state_machine {
	rankdir=LR;
	node [shape = circle];
	s0 [shape = point, style = invis, start="true" ];
	s1 [shape = point, style = invis, start="true" ];
	s2 [shape = point, style = invis, start="true" ];
	s3 [shape = point, style = invis, start="true" ];
	s4 [shape = point, style = invis, start="true" ];
	s5 [shape = point, style = invis, start="true" ];
	s6 [shape = point, style = invis, start="true" ];
	s7 [shape = point, style = invis, start="true" ];
	s8 [shape = point, style = invis, start="true" ];
	s9 [shape = point, style = invis, start="true" ];
	q0 [label = "q0"];
	q1 [label = "q1"];
	q2 [label = "q2", shape = doublecircle, final="true" ];
	q3 [label = "q3"];
	q4 [label = "q4"];
	q5 [label = "q5"];
	q6 [label = "q6"];
	q7 [label = "q7"];
	q8 [label = "q8", shape = doublecircle, final="true" ];
	q9 [label = "q9"];
	q10 [label = "q10"];
	q11 [label = "q11"];
	q12 [label = "q12"];
	q13 [label = "q13"];
	q14 [label = "q14", shape = doublecircle, final="true" ];
	q15 [label = "q15"];
	q16 [label = "q16", shape = doublecircle, final="true" ];
	q17 [label = "q17", shape = doublecircle, final="true" ];
	q18 [label = "q18"];
	q19 [label = "q19"];
	q20 [label = "q20"];
	q21 [label = "q21"];
	q22 [label = "q22"];
	q23 [label = "q23"];
	q24 [label = "q24", shape = doublecircle, final="true" ];
	q25 [label = "q25", shape = doublecircle, final="true" ];
	q26 [label = "q26"];
	q27 [label = "q27"];
	q28 [label = "q28"];
	q29 [label = "q29", shape = doublecircle, final="true" ];
	q30 [label = "q30"];
	q31 [label = "q31"];
	s0 -> q4
	s1 -> q5
	s2 -> q6
	s3 -> q7
	s4 -> q9
	s5 -> q11
	s6 -> q18
	s7 -> q19
	s8 -> q21
	s9 -> q30
	q18 -> q16 [label = "c"];
	q22 -> q12 [label = "a"];
	q17 -> q31 [label = "c"];
	q17 -> q29 [label = "c"];
	q17 -> q25 [label = "c"];
	q17 -> q24 [label = "c"];
	q17 -> q18 [label = "c"];
	q17 -> q14 [label = "c"];
	q17 -> q8 [label = "c"];
	q17 -> q3 [label = "c"];
	q17 -> q21 [label = "b, c"];
	q17 -> q11 [label = "b, c"];
	q17 -> q7 [label = "b, c"];
	q17 -> q6 [label = "b, c"];
	q23 -> q27 [label = "c"];
	q23 -> q24 [label = "c"];
	q23 -> q21 [label = "c"];
	q23 -> q14 [label = "c"];
	q23 -> q8 [label = "c"];
	q23 -> q3 [label = "c"];
	q19 -> q21 [label = "b"];
	q19 -> q9 [label = "b"];
	q17 -> q28 [label = "a, c"];
	q17 -> q26 [label = "a, b, c"];
	q17 -> q13 [label = "a"];
	q17 -> q5 [label = "a, b, c"];
	q17 -> q4 [label = "a, b, c"];
	q17 -> q1 [label = "a, c"];
	q21 -> q11 [label = "c"];
	q21 -> q6 [label = "c"];
	q16 -> q30 [label = "c"];
	q16 -> q11 [label = "c"];
	q16 -> q8 [label = "c"];
	q16 -> q7 [label = "c"];
	q22 -> q13 [label = "b"];
	q22 -> q10 [label = "a, b"];
	q18 -> q17 [label = "a"];
	q18 -> q12 [label = "a"];
	q16 -> q20 [label = "b"];
	q22 -> q27 [label = "a"];
	q16 -> q1 [label = "b, c"];
	q22 -> q26 [label = "a, b, c"];
	q22 -> q4 [label = "a, b, c"];
	q22 -> q3 [label = "a, c"];
	q18 -> q31 [label = "b, c"];
	q18 -> q28 [label = "a, b"];
	q17 -> q0 [label = "a"];
	q18 -> q27 [label = "a, b"];
	q18 -> q22 [label = "b, c"];
	q18 -> q21 [label = "b"];
	q18 -> q18 [label = "b"];
	q18 -> q13 [label = "a, b"];
	q18 -> q11 [label = "a, b, c"];
	q18 -> q9 [label = "a, b"];
	q18 -> q1 [label = "a, b"];
	q18 -> q3 [label = "a, b, c"];
	q18 -> q0 [label = "a, b"];
	q16 -> q27 [label = "a, c"];
	q16 -> q4 [label = "a, b, c"];
	q16 -> q3 [label = "a, c"];
	q20 -> q27 [label = "c"];
	q20 -> q26 [label = "a, b, c"];
	q20 -> q14 [label = "c"];
	q20 -> q12 [label = "c"];
	q20 -> q10 [label = "a, c"];
	q20 -> q6 [label = "c"];
	q16 -> q26 [label = "a, b, c"];
	q16 -> q14 [label = "a, c"];
	q20 -> q4 [label = "a, b, c"];
	q20 -> q3 [label = "c"];
	q23 -> q11 [label = "c"];
	q15 -> q23 [label = "a"];
	q15 -> q20 [label = "a"];
	q11 -> q11 [label = "c"];
	q11 -> q6 [label = "c"];
	q14 -> q20 [label = "a"];
	q14 -> q1 [label = "a"];
	q10 -> q6 [label = "c"];
	q10 -> q3 [label = "c"];
	q15 -> q30 [label = "b"];
	q23 -> q30 [label = "c"];
	q15 -> q9 [label = "a, b"];
	q22 -> q24 [label = "c"];
	q15 -> q8 [label = "b"];
	q15 -> q1 [label = "a, b"];
	q13 -> q13 [label = "a"];
	q13 -> q1 [label = "a"];
	q13 -> q0 [label = "a"];
	q9 -> q6 [label = "c"];
	q3 -> q11 [label = "c"];
	q3 -> q6 [label = "c"];
	q3 -> q3 [label = "c"];
	q2 -> q28 [label = "c"];
	q2 -> q27 [label = "c"];
	q2 -> q21 [label = "c"];
	q2 -> q14 [label = "c"];
	q2 -> q12 [label = "c"];
	q15 -> q0 [label = "a"];
	q2 -> q7 [label = "c"];
	q2 -> q2 [label = "c"];
	q1 -> q28 [label = "c"];
	q7 -> q10 [label = "b"];
	q18 -> q26 [label = "a, b, c"];
	q7 -> q9 [label = "b"];
	q20 -> q28 [label = "a, c"];
	q7 -> q5 [label = "a, b"];
	q7 -> q1 [label = "b"];
	q3 -> q26 [label = "a, c"];
	q7 -> q11 [label = "c"];
	q1 -> q26 [label = "a, b, c"];
	q1 -> q9 [label = "a"];
	q1 -> q5 [label = "a, b, c"];
	q1 -> q1 [label = "a"];
	q17 -> q2 [label = "c"];
	q5 -> q5 [label = "a, c"];
	q5 -> q4 [label = "a, b, c"];
	q5 -> q3 [label = "c"];
	q4 -> q5 [label = "a"];
	q0 -> q27 [label = "c"];
	q16 -> q12 [label = "a, c"];
	q0 -> q14 [label = "c"];
	q0 -> q12 [label = "c"];
	q0 -> q6 [label = "c"];
	q0 -> q3 [label = "c"];
	q6 -> q11 [label = "c"];
	q6 -> q6 [label = "c"];
	q18 -> q7 [label = "b"];
	q6 -> q4 [label = "a, b, c"];
	q2 -> q10 [label = "a, b, c"];
	q2 -> q9 [label = "b, c"];
	q18 -> q19 [label = "a, b"];
	q2 -> q5 [label = "a, b, c"];
	q17 -> q10 [label = "a, c"];
	q2 -> q4 [label = "a, b, c"];
	q1 -> q27 [label = "c"];
	q2 -> q0 [label = "b"];
	q13 -> q20 [label = "a"];
	q2 -> q11 [label = "b, c"];
	q0 -> q28 [label = "a, c"];
	q1 -> q3 [label = "c"];
	q0 -> q20 [label = "a"];
	q0 -> q15 [label = "a"];
	q16 -> q10 [label = "a, b, c"];
	q0 -> q13 [label = "a"];
	q0 -> q4 [label = "a, b, c"];
	q0 -> q9 [label = "a, b"];
	q0 -> q1 [label = "a"];
	q18 -> q5 [label = "a, b, c"];
	q28 -> q12 [label = "c"];
	q28 -> q30 [label = "b"];
	q24 -> q10 [label = "a, b, c"];
	q1 -> q0 [label = "a"];
	q25 -> q28 [label = "c"];
	q8 -> q0 [label = "a"];
	q28 -> q26 [label = "a, c"];
	q17 -> q22 [label = "c"];
	q25 -> q21 [label = "b, c"];
	q15 -> q13 [label = "a"];
	q25 -> q31 [label = "b, c"];
	q28 -> q10 [label = "a, c"];
	q23 -> q0 [label = "a"];
	q22 -> q5 [label = "a, b, c"];
	q24 -> q7 [label = "c"];
	q23 -> q7 [label = "c"];
	q15 -> q14 [label = "b, c"];
	q8 -> q11 [label = "a, b, c"];
	q16 -> q13 [label = "b"];
	q28 -> q1 [label = "a"];
	q30 -> q9 [label = "b"];
	q7 -> q26 [label = "a, b"];
	q28 -> q3 [label = "c"];
	q18 -> q10 [label = "a, b"];
	q7 -> q20 [label = "a"];
	q27 -> q29 [label = "c"];
	q30 -> q6 [label = "b, c"];
	q8 -> q1 [label = "a, b"];
	q8 -> q25 [label = "c"];
	q29 -> q21 [label = "c"];
	q15 -> q4 [label = "a, b, c"];
	q10 -> q14 [label = "c"];
	q24 -> q26 [label = "a, b, c"];
	q29 -> q8 [label = "c"];
	q19 -> q22 [label = "c"];
	q24 -> q14 [label = "c"];
	q29 -> q7 [label = "c"];
	q25 -> q25 [label = "c"];
	q12 -> q7 [label = "c"];
	q29 -> q27 [label = "c"];
	q29 -> q2 [label = "c"];
	q21 -> q26 [label = "a, b"];
	q25 -> q0 [label = "b"];
	q29 -> q3 [label = "b, c"];
	q17 -> q27 [label = "c"];
	q29 -> q9 [label = "b, c"];
	q27 -> q10 [label = "a"];
	q27 -> q1 [label = "a"];
	q31 -> q6 [label = "c"];
	q0 -> q0 [label = "a"];
	q28 -> q14 [label = "c"];
	q16 -> q9 [label = "b, c"];
	q12 -> q4 [label = "a, b, c"];
	q14 -> q10 [label = "a, c"];
	q14 -> q27 [label = "c"];
	q12 -> q2 [label = "c"];
	q25 -> q12 [label = "c"];
	q27 -> q13 [label = "a"];
	q29 -> q11 [label = "b, c"];
	q31 -> q13 [label = "b"];
	q25 -> q29 [label = "c"];
	q30 -> q3 [label = "c"];
	q5 -> q6 [label = "c"];
	q29 -> q12 [label = "c"];
	q14 -> q7 [label = "c"];
	q25 -> q26 [label = "a, b, c"];
	q2 -> q6 [label = "b, c"];
	q30 -> q4 [label = "a, b, c"];
	q25 -> q19 [label = "b, c"];
	q18 -> q14 [label = "a"];
	q27 -> q26 [label = "a, c"];
	q17 -> q16 [label = "c"];
	q24 -> q3 [label = "a, b, c"];
	q17 -> q20 [label = "a, c"];
	q22 -> q6 [label = "a, c"];
	q1 -> q12 [label = "c"];
	q29 -> q1 [label = "b, c"];
	q23 -> q26 [label = "a, b, c"];
	q27 -> q2 [label = "c"];
	q1 -> q14 [label = "c"];
	q8 -> q26 [label = "a, b, c"];
	q8 -> q8 [label = "b"];
	q4 -> q6 [label = "c"];
	q27 -> q19 [label = "b"];
	q31 -> q9 [label = "b"];
	q24 -> q30 [label = "b, c"];
	q29 -> q30 [label = "b, c"];
	q18 -> q6 [label = "a, b, c"];
	q13 -> q10 [label = "a, c"];
	q25 -> q1 [label = "a, b, c"];
	q29 -> q24 [label = "c"];
	q29 -> q26 [label = "a, b, c"];
	q24 -> q9 [label = "b, c"];
	q22 -> q14 [label = "a"];
	q21 -> q4 [label = "a, b, c"];
	q10 -> q20 [label = "a"];
	q31 -> q5 [label = "a, b, c"];
	q31 -> q2 [label = "c"];
	q29 -> q13 [label = "b"];
	q25 -> q8 [label = "c"];
	q27 -> q6 [label = "b, c"];
	q24 -> q1 [label = "b"];
	q28 -> q9 [label = "a"];
	q30 -> q31 [label = "c"];
	q1 -> q13 [label = "a"];
	q26 -> q5 [label = "a, c"];
	q26 -> q27 [label = "c"];
	q25 -> q4 [label = "a, b, c"];
	q0 -> q5 [label = "a, b, c"];
	q25 -> q10 [label = "a, b, c"];
	q8 -> q31 [label = "c"];
	q10 -> q9 [label = "a"];
	q27 -> q4 [label = "a, b, c"];
	q24 -> q0 [label = "b"];
	q25 -> q13 [label = "a, b"];
	q12 -> q5 [label = "a, b, c"];
	q27 -> q3 [label = "c"];
	q8 -> q13 [label = "a"];
	q29 -> q5 [label = "a, b, c"];
	q8 -> q6 [label = "a, b, c"];
	q21 -> q1 [label = "b"];
	q25 -> q3 [label = "b, c"];
	q29 -> q28 [label = "c"];
	q25 -> q5 [label = "a, b, c"];
	q25 -> q22 [label = "c"];
	q31 -> q11 [label = "c"];
	q21 -> q9 [label = "b"];
	q16 -> q21 [label = "c"];
	q22 -> q9 [label = "b"];
	q8 -> q28 [label = "b, c"];
	q2 -> q20 [label = "b"];
	q29 -> q10 [label = "a, b, c"];
	q27 -> q31 [label = "c"];
	q24 -> q27 [label = "c"];
	q0 -> q26 [label = "a, b, c"];
	q27 -> q5 [label = "a, b, c"];
	q25 -> q14 [label = "c"];
	q30 -> q5 [label = "a, c"];
	q16 -> q28 [label = "a, c"];
	q29 -> q6 [label = "b, c"];
	q25 -> q11 [label = "b, c"];
	q14 -> q4 [label = "a, b, c"];
	q17 -> q9 [label = "a, b, c"];
	q14 -> q9 [label = "a, c"];
	q18 -> q23 [label = "a"];
	q13 -> q15 [label = "a"];
	q25 -> q24 [label = "c"];
	q10 -> q10 [label = "a, c"];
	q12 -> q20 [label = "a"];
	q19 -> q3 [label = "c"];
	q22 -> q2 [label = "c"];
	q13 -> q28 [label = "a, c"];
	q25 -> q30 [label = "b, c"];
	q27 -> q9 [label = "a"];
	q29 -> q20 [label = "b"];
	q27 -> q11 [label = "b, c"];
	q18 -> q30 [label = "a, b"];
	q24 -> q11 [label = "b, c"];
	q29 -> q14 [label = "c"];
	q12 -> q28 [label = "c"];
	q24 -> q20 [label = "b"];
	q13 -> q6 [label = "c"];
	q13 -> q4 [label = "a, b, c"];
	q31 -> q10 [label = "a, b"];
	q23 -> q20 [label = "a"];
	q14 -> q12 [label = "c"];
	q8 -> q7 [label = "b, c"];
	q25 -> q27 [label = "c"];
	q31 -> q24 [label = "c"];
	q31 -> q26 [label = "a, b, c"];
	q8 -> q2 [label = "c"];
	q28 -> q5 [label = "a, b, c"];
	q24 -> q6 [label = "a, b, c"];
	q28 -> q6 [label = "b, c"];
	q14 -> q25 [label = "c"];
	q28 -> q11 [label = "b"];
	q29 -> q4 [label = "a, b, c"];
	q30 -> q11 [label = "b, c"];
	q25 -> q2 [label = "c"];
	q15 -> q7 [label = "a, b"];
	q14 -> q29 [label = "c"];
	q1 -> q6 [label = "c"];
	q25 -> q7 [label = "b, c"];
	q26 -> q6 [label = "c"];
	q25 -> q6 [label = "b, c"];
	q19 -> q4 [label = "a, b, c"];
	q31 -> q4 [label = "a, b, c"];
	q31 -> q1 [label = "b"];
	q6 -> q5 [label = "a"];
	q2 -> q30 [label = "b, c"];
	q31 -> q20 [label = "b"];
	q25 -> q18 [label = "c"];
	q11 -> q9 [label = "b"];
	q8 -> q3 [label = "a, b, c"];
	q25 -> q9 [label = "a, b, c"];
	q28 -> q4 [label = "a, b, c"];
	q28 -> q20 [label = "a"];
	q24 -> q13 [label = "b"];
	q25 -> q16 [label = "c"];
	q10 -> q1 [label = "a"];
	q27 -> q30 [label = "b"];
	q25 -> q20 [label = "a, b, c"];
	q7 -> q6 [label = "c"];
	q28 -> q27 [label = "c"];
	q0 -> q10 [label = "a, c"];
	q28 -> q28 [label = "c"];
	q21 -> q20 [label = "a, b"];
	q9 -> q20 [label = "a"];
	q23 -> q1 [label = "a, c"];
	q17 -> q15 [label = "a"];
	q23 -> q4 [label = "a, b, c"];
	q24 -> q5 [label = "a, b, c"];
	q24 -> q4 [label = "a, b, c"];
	q23 -> q5 [label = "a, b, c"];
	q1 -> q4 [label = "a, b, c"];
	q23 -> q9 [label = "a, b, c"];
	q28 -> q13 [label = "a"];
	q12 -> q6 [label = "c"];
	q23 -> q10 [label = "a, c"];
	q15 -> q11 [label = "a, b"];
	q2 -> q26 [label = "a, b, c"];
	q23 -> q13 [label = "a"];
	q23 -> q15 [label = "a"];
	q15 -> q26 [label = "a, b, c"];
	q3 -> q10 [label = "a"];
	q21 -> q5 [label = "a, b"];
	q23 -> q12 [label = "c"];
	q23 -> q6 [label = "c"];
	q24 -> q12 [label = "a, c"];
	q21 -> q10 [label = "b"];
	q24 -> q21 [label = "c"];
	q21 -> q13 [label = "b"];
	q19 -> q5 [label = "a, c"];
	q30 -> q7 [label = "b"];
	q13 -> q12 [label = "c"];
	q19 -> q6 [label = "b, c"];
	q10 -> q5 [label = "a, b, c"];
	q24 -> q2 [label = "c"];
	q19 -> q11 [label = "b, c"];
	q15 -> q12 [label = "a, b, c"];
	q19 -> q31 [label = "c"];
	q12 -> q21 [label = "c"];
	q12 -> q26 [label = "a, c"];
	q3 -> q5 [label = "a, b, c"];
	q9 -> q4 [label = "a, b, c"];
	q9 -> q5 [label = "a, b"];
	q9 -> q26 [label = "a, b"];
	q1 -> q10 [label = "a, c"];
	q15 -> q28 [label = "a, b, c"];
	q11 -> q4 [label = "a, b, c"];
	q15 -> q3 [label = "a, b, c"];
	q23 -> q2 [label = "c"];
	q19 -> q7 [label = "b"];
	q26 -> q4 [label = "a, b, c"];
	q15 -> q5 [label = "a, b, c"];
	q18 -> q20 [label = "a, b, c"];
	q2 -> q13 [label = "b"];
	q14 -> q11 [label = "b, c"];
	q26 -> q3 [label = "c"];
	q10 -> q13 [label = "a"];
	q18 -> q4 [label = "a, b, c"];
	q15 -> q6 [label = "a, b, c"];
	q20 -> q5 [label = "a, b, c"];
	q12 -> q9 [label = "a, c"];
	q1 -> q20 [label = "a"];
	q15 -> q10 [label = "a, b, c"];
	q22 -> q28 [label = "a"];
	q15 -> q27 [label = "b, c"];
	q16 -> q24 [label = "c"];
	q13 -> q5 [label = "a, b, c"];
	q11 -> q5 [label = "a"];
	q13 -> q14 [label = "c"];
	q23 -> q28 [label = "a, c"];
	q12 -> q14 [label = "c"];
	q17 -> q30 [label = "b, c"];
	q13 -> q26 [label = "a, b, c"];
	q13 -> q27 [label = "c"];
	q13 -> q3 [label = "c"];
	q12 -> q12 [label = "c"];
	q10 -> q27 [label = "c"];
	q8 -> q4 [label = "a, b, c"];
	q17 -> q12 [label = "c"];
	q8 -> q30 [label = "b, c"];
	q8 -> q9 [label = "a, b, c"];
	q31 -> q3 [label = "c"];
	q8 -> q10 [label = "a, b, c"];
	q8 -> q12 [label = "a, b, c"];
	q12 -> q11 [label = "c"];
	q22 -> q1 [label = "b"];
	q3 -> q2 [label = "c"];
	q8 -> q14 [label = "b, c"];
	q8 -> q21 [label = "c"];
	q22 -> q20 [label = "b"];
	q13 -> q9 [label = "a"];
	q8 -> q27 [label = "b, c"];
	q8 -> q29 [label = "c"];
	q12 -> q1 [label = "a"];
	q12 -> q10 [label = "a, c"];
	q12 -> q13 [label = "a"];
	q14 -> q5 [label = "a, b, c"];
	q15 -> q15 [label = "a"];
	q8 -> q19 [label = "b, c"];
	q14 -> q21 [label = "c"];
	q14 -> q6 [label = "b, c"];
	q14 -> q19 [label = "b, c"];
	q14 -> q30 [label = "b, c"];
	q17 -> q19 [label = "b, c"];
	q16 -> q6 [label = "a, c"];
	q7 -> q4 [label = "a, b, c"];
	q2 -> q3 [label = "b, c"];
	q10 -> q4 [label = "a, b, c"];
	q16 -> q5 [label = "a, b, c"];
	q3 -> q4 [label = "a, b, c"];
	q10 -> q26 [label = "a, c"];
	q14 -> q13 [label = "a"];
	q27 -> q20 [label = "a"];
	q14 -> q3 [label = "c"];
	q10 -> q12 [label = "c"];
	q29 -> q0 [label = "b"];
	q14 -> q14 [label = "c"];
	q14 -> q26 [label = "a, c"];
	q14 -> q28 [label = "c"];
	q14 -> q31 [label = "c"];
	q10 -> q28 [label = "c"];
	q24 -> q28 [label = "c"];
	q8 -> q20 [label = "a"];
	q8 -> q5 [label = "a, b, c"];
	q12 -> q3 [label = "c"];
	q22 -> q11 [label = "c"];
	q4 -> q4 [label = "a, b, c"];
	q16 -> q2 [label = "c"];
	q12 -> q27 [label = "c"];
	q2 -> q1 [label = "b"];
	q8 -> q23 [label = "a"];
	q14 -> q2 [label = "c"];
	q12 -> q30 [label = "c"];
}
NFA size: 32 states

AL* output after 23 EQ and 7833 MQ:
digraph finite_state_machine {
	rankdir=LR;
	node [shape = circle];
	s0 [shape = point, style = invis, start="true" ];
	q0 [label = "q0"];
	q1 [label = "q1"];
	q2 [label = "q2", shape = doublecircle, final="true" ];
	q3 [label = "q3"];
	q4 [label = "q4"];
	q5 [label = "q5"];
	q6 [label = "q6", shape = doublecircle, final="true" ];
	q7 [label = "q7"];
	q8 [label = "q8"];
	q9 [label = "q9", shape = doublecircle, final="true" ];
	q10 [label = "q10", shape = doublecircle, final="true" ];
	q11 [label = "q11"];
	q12 [label = "q12", shape = doublecircle, final="true" ];
	q13 [label = "q13", shape = doublecircle, final="true" ];
	m0 [label = "", shape = square, style = filled, color=grey, fixedsize=true, width=.2];
	m1 [label = "", shape = square, style = filled, color=grey, fixedsize=true, width=.2];
	m2 [label = "", shape = square, style = filled, color=grey, fixedsize=true, width=.2];
	m3 [label = "", shape = square, style = filled, color=grey, fixedsize=true, width=.2];
	m4 [label = "", shape = square, style = filled, color=grey, fixedsize=true, width=.2];
	m5 [label = "", shape = square, style = filled, color=grey, fixedsize=true, width=.2];
	m6 [label = "", shape = square, style = filled, color=grey, fixedsize=true, width=.2];
	m7 [label = "", shape = square, style = filled, color=grey, fixedsize=true, width=.2];
	m8 [label = "", shape = square, style = filled, color=grey, fixedsize=true, width=.2];
	m9 [label = "", shape = square, style = filled, color=grey, fixedsize=true, width=.2];
	m10 [label = "", shape = square, style = filled, color=grey, fixedsize=true, width=.2];
	m11 [label = "", shape = square, style = filled, color=grey, fixedsize=true, width=.2];
	m12 [label = "", shape = square, style = filled, color=grey, fixedsize=true, width=.2];
	m13 [label = "", shape = square, style = filled, color=grey, fixedsize=true, width=.2];
	m14 [label = "", shape = square, style = filled, color=grey, fixedsize=true, width=.2];
	m15 [label = "", shape = square, style = filled, color=grey, fixedsize=true, width=.2];
	m16 [label = "", shape = square, style = filled, color=grey, fixedsize=true, width=.2];
	m17 [label = "", shape = square, style = filled, color=grey, fixedsize=true, width=.2];
	m18 [label = "", shape = square, style = filled, color=grey, fixedsize=true, width=.2];
	m19 [label = "", shape = square, style = filled, color=grey, fixedsize=true, width=.2];
	m20 [label = "", shape = square, style = filled, color=grey, fixedsize=true, width=.2];
	m21 [label = "", shape = square, style = filled, color=grey, fixedsize=true, width=.2];
	m22 [label = "", shape = square, style = filled, color=grey, fixedsize=true, width=.2];
	m23 [label = "", shape = square, style = filled, color=grey, fixedsize=true, width=.2];
	m24 [label = "", shape = square, style = filled, color=grey, fixedsize=true, width=.2];
	s0 -> q4
	q9 -> m2 [label = "a"];
	q11 -> m2 [label = "a, b"];
	q13 -> m7 [label = "c"];
	q13 -> q4 [label = "c"];
	q13 -> m9 [label = "c"];
	q12 -> m4 [label = "a"];
	q8 -> m1 [label = "b"];
	q8 -> m20 [label = "a"];
	q10 -> m2 [label = "b"];
	q9 -> m0 [label = "b"];
	q12 -> m1 [label = "c"];
	q4 -> m4 [label = "c"];
	q4 -> m24 [label = "c"];
	q8 -> m16 [label = "c"];
	q3 -> m11 [label = "c"];
	q12 -> m9 [label = "c"];
	q13 -> m2 [label = "a, b"];
	q2 -> m9 [label = "c"];
	q11 -> m0 [label = "b"];
	q12 -> m2 [label = "a, b"];
	q7 -> m2 [label = "a"];
	q5 -> m8 [label = "c"];
	q7 -> m7 [label = "a, b"];
	q3 -> m10 [label = "c"];
	q6 -> m21 [label = "b"];
	q10 -> m1 [label = "c"];
	q7 -> m4 [label = "a"];
	q4 -> m2 [label = "a, b"];
	q6 -> m13 [label = "a"];
	q9 -> m9 [label = "c"];
	q13 -> m0 [label = "b"];
	q11 -> m4 [label = "c"];
	q2 -> q4 [label = "c"];
	q0 -> m8 [label = "b, c"];
	q5 -> m12 [label = "b"];
	q12 -> m8 [label = "b"];
	q10 -> m8 [label = "a, c"];
	q4 -> m9 [label = "a"];
	q11 -> m1 [label = "c"];
	q10 -> m7 [label = "c"];
	q2 -> m1 [label = "b"];
	q0 -> m4 [label = "a"];
	q11 -> m5 [label = "c"];
	q4 -> q4 [label = "b"];
	q2 -> m0 [label = "b"];
	q0 -> m2 [label = "a"];
	q13 -> m1 [label = "b"];
	q2 -> m23 [label = "b"];
	q11 -> m6 [label = "c"];
	q11 -> m3 [label = "c"];
	q1 -> m19 [label = "b"];
	q12 -> m7 [label = "b"];
	q3 -> m2 [label = "b"];
	q3 -> m18 [label = "a"];
	q12 -> m0 [label = "b"];
	q0 -> m1 [label = "c"];
	q0 -> m7 [label = "a, b, c"];
	q6 -> m14 [label = "a"];
	q1 -> m16 [label = "c"];
	q8 -> m24 [label = "c"];
	q1 -> m15 [label = "c"];
	q8 -> m23 [label = "b"];
	q5 -> m7 [label = "a"];
	q2 -> m7 [label = "a, c"];
	q5 -> m2 [label = "a"];
	q1 -> m20 [label = "a"];
	q7 -> m8 [label = "b, c"];
	q3 -> m17 [label = "a"];
	q9 -> m1 [label = "c"];
	q6 -> m7 [label = "c"];
	q6 -> m2 [label = "b"];
	q6 -> m22 [label = "b"];
	q2 -> m2 [label = "a"];
	q11 -> m8 [label = "a"];
	q6 -> m8 [label = "c"];
	q6 -> m1 [label = "c"];
	q2 -> m12 [label = "b"];
	q4 -> m3 [label = "c"];
	m0 -> q2;
	m0 -> q4;
	m0 -> q8;
	m0 -> q13;
	m1 -> q3;
	m1 -> q4;
	m1 -> q6;
	m1 -> q10;
	m1 -> q11;
	m1 -> q12;
	m1 -> q13;
	m2 -> q0;
	m2 -> q2;
	m2 -> q5;
	m2 -> q7;
	m3 -> q2;
	m3 -> q6;
	m3 -> q9;
	m3 -> q10;
	m3 -> q12;
	m3 -> q13;
	m4 -> q0;
	m4 -> q2;
	m4 -> q6;
	m4 -> q10;
	m4 -> q13;
	m5 -> q0;
	m5 -> q2;
	m5 -> q4;
	m5 -> q6;
	m5 -> q7;
	m5 -> q9;
	m5 -> q11;
	m5 -> q12;
	m5 -> q13;
	m6 -> q0;
	m6 -> q4;
	m6 -> q6;
	m6 -> q7;
	m6 -> q10;
	m6 -> q11;
	m6 -> q12;
	m7 -> q0;
	m7 -> q7;
	m7 -> q12;
	m8 -> q2;
	m8 -> q9;
	m8 -> q12;
	m8 -> q13;
	m9 -> q2;
	m9 -> q13;
	m10 -> q0;
	m10 -> q2;
	m10 -> q3;
	m10 -> q4;
	m10 -> q6;
	m10 -> q7;
	m10 -> q8;
	m10 -> q10;
	m10 -> q11;
	m10 -> q12;
	m10 -> q13;
	m11 -> q0;
	m11 -> q2;
	m11 -> q3;
	m11 -> q4;
	m11 -> q6;
	m11 -> q8;
	m11 -> q9;
	m11 -> q10;
	m11 -> q11;
	m11 -> q12;
	m11 -> q13;
	m12 -> q0;
	m12 -> q1;
	m12 -> q2;
	m12 -> q5;
	m12 -> q6;
	m12 -> q7;
	m12 -> q9;
	m12 -> q10;
	m12 -> q12;
	m12 -> q13;
	m13 -> q0;
	m13 -> q2;
	m13 -> q4;
	m13 -> q5;
	m13 -> q7;
	m13 -> q9;
	m13 -> q11;
	m13 -> q12;
	m13 -> q13;
	m14 -> q0;
	m14 -> q2;
	m14 -> q6;
	m14 -> q9;
	m14 -> q10;
	m14 -> q12;
	m14 -> q13;
	m15 -> q2;
	m15 -> q4;
	m15 -> q9;
	m15 -> q11;
	m15 -> q12;
	m15 -> q13;
	m16 -> q0;
	m16 -> q1;
	m16 -> q2;
	m16 -> q5;
	m16 -> q6;
	m16 -> q7;
	m16 -> q9;
	m16 -> q10;
	m16 -> q11;
	m16 -> q12;
	m16 -> q13;
	m17 -> q0;
	m17 -> q2;
	m17 -> q5;
	m17 -> q6;
	m17 -> q7;
	m17 -> q9;
	m17 -> q10;
	m17 -> q12;
	m17 -> q13;
	m18 -> q0;
	m18 -> q2;
	m18 -> q4;
	m18 -> q5;
	m18 -> q7;
	m18 -> q10;
	m18 -> q11;
	m19 -> q0;
	m19 -> q1;
	m19 -> q2;
	m19 -> q3;
	m19 -> q4;
	m19 -> q5;
	m19 -> q6;
	m19 -> q7;
	m19 -> q8;
	m19 -> q9;
	m19 -> q10;
	m19 -> q11;
	m19 -> q12;
	m19 -> q13;
	m20 -> q0;
	m20 -> q1;
	m20 -> q2;
	m20 -> q4;
	m20 -> q5;
	m20 -> q6;
	m20 -> q7;
	m20 -> q8;
	m20 -> q9;
	m20 -> q10;
	m20 -> q11;
	m20 -> q12;
	m20 -> q13;
	m21 -> q0;
	m21 -> q2;
	m21 -> q4;
	m21 -> q7;
	m21 -> q8;
	m21 -> q12;
	m21 -> q13;
	m22 -> q2;
	m22 -> q4;
	m22 -> q8;
	m22 -> q9;
	m22 -> q11;
	m22 -> q12;
	m22 -> q13;
	m23 -> q0;
	m23 -> q2;
	m23 -> q3;
	m23 -> q4;
	m23 -> q5;
	m23 -> q7;
	m23 -> q9;
	m23 -> q11;
	m23 -> q12;
	m23 -> q13;
	m24 -> q4;
	m24 -> q10;
	m24 -> q11;
}
AFA size: 14 states

AL** output after 24 EQ and 7833 MQ:
digraph finite_state_machine {
	rankdir=LR;
	node [shape = circle];
	s0 [shape = point, style = invis, start="true" ];
	q0 [label = "q0"];
	q1 [label = "q1"];
	q2 [label = "q2", shape = doublecircle, final="true" ];
	q3 [label = "q3"];
	q4 [label = "q4"];
	q5 [label = "q5"];
	q6 [label = "q6", shape = doublecircle, final="true" ];
	q7 [label = "q7"];
	q8 [label = "q8"];
	q9 [label = "q9", shape = doublecircle, final="true" ];
	q10 [label = "q10", shape = doublecircle, final="true" ];
	q11 [label = "q11"];
	q12 [label = "q12", shape = doublecircle, final="true" ];
	q13 [label = "q13", shape = doublecircle, final="true" ];
	m0 [label = "", shape = square, style = filled, color=grey, fixedsize=true, width=.2];
	m1 [label = "", shape = square, style = filled, color=grey, fixedsize=true, width=.2];
	m2 [label = "", shape = square, style = filled, color=grey, fixedsize=true, width=.2];
	m3 [label = "", shape = square, style = filled, color=grey, fixedsize=true, width=.2];
	m4 [label = "", shape = square, style = filled, color=grey, fixedsize=true, width=.2];
	m5 [label = "", shape = square, style = filled, color=grey, fixedsize=true, width=.2];
	m6 [label = "", shape = square, style = filled, color=grey, fixedsize=true, width=.2];
	m7 [label = "", shape = square, style = filled, color=grey, fixedsize=true, width=.2];
	m8 [label = "", shape = square, style = filled, color=grey, fixedsize=true, width=.2];
	m9 [label = "", shape = square, style = filled, color=grey, fixedsize=true, width=.2];
	m10 [label = "", shape = square, style = filled, color=grey, fixedsize=true, width=.2];
	m11 [label = "", shape = square, style = filled, color=grey, fixedsize=true, width=.2];
	m12 [label = "", shape = square, style = filled, color=grey, fixedsize=true, width=.2];
	m13 [label = "", shape = square, style = filled, color=grey, fixedsize=true, width=.2];
	m14 [label = "", shape = square, style = filled, color=grey, fixedsize=true, width=.2];
	m15 [label = "", shape = square, style = filled, color=grey, fixedsize=true, width=.2];
	m16 [label = "", shape = square, style = filled, color=grey, fixedsize=true, width=.2];
	m17 [label = "", shape = square, style = filled, color=grey, fixedsize=true, width=.2];
	m18 [label = "", shape = square, style = filled, color=grey, fixedsize=true, width=.2];
	m19 [label = "", shape = square, style = filled, color=grey, fixedsize=true, width=.2];
	m20 [label = "", shape = square, style = filled, color=grey, fixedsize=true, width=.2];
	m21 [label = "", shape = square, style = filled, color=grey, fixedsize=true, width=.2];
	m22 [label = "", shape = square, style = filled, color=grey, fixedsize=true, width=.2];
	m23 [label = "", shape = square, style = filled, color=grey, fixedsize=true, width=.2];
	m24 [label = "", shape = square, style = filled, color=grey, fixedsize=true, width=.2];
	s0 -> q4
	q9 -> m2 [label = "a"];
	q11 -> m2 [label = "a, b"];
	q13 -> m7 [label = "c"];
	q13 -> q4 [label = "c"];
	q13 -> m9 [label = "c"];
	q12 -> m4 [label = "a"];
	q8 -> m1 [label = "b"];
	q8 -> m20 [label = "a"];
	q10 -> m2 [label = "b"];
	q9 -> m0 [label = "b"];
	q12 -> m1 [label = "c"];
	q4 -> m4 [label = "c"];
	q4 -> m24 [label = "c"];
	q8 -> m16 [label = "c"];
	q3 -> m11 [label = "c"];
	q12 -> m9 [label = "c"];
	q13 -> m2 [label = "a, b"];
	q2 -> m9 [label = "c"];
	q11 -> m0 [label = "b"];
	q12 -> m2 [label = "a, b"];
	q7 -> m2 [label = "a"];
	q5 -> m8 [label = "c"];
	q7 -> m7 [label = "a, b"];
	q3 -> m10 [label = "c"];
	q6 -> m21 [label = "b"];
	q10 -> m1 [label = "c"];
	q7 -> m4 [label = "a"];
	q4 -> m2 [label = "a, b"];
	q6 -> m13 [label = "a"];
	q9 -> m9 [label = "c"];
	q13 -> m0 [label = "b"];
	q11 -> m4 [label = "c"];
	q2 -> q4 [label = "c"];
	q0 -> m8 [label = "b, c"];
	q5 -> m12 [label = "b"];
	q12 -> m8 [label = "b"];
	q10 -> m8 [label = "a, c"];
	q4 -> m9 [label = "a"];
	q11 -> m1 [label = "c"];
	q10 -> m7 [label = "c"];
	q2 -> m1 [label = "b"];
	q0 -> m4 [label = "a"];
	q11 -> m5 [label = "c"];
	q4 -> q4 [label = "b"];
	q2 -> m0 [label = "b"];
	q0 -> m2 [label = "a"];
	q13 -> m1 [label = "b"];
	q2 -> m23 [label = "b"];
	q11 -> m6 [label = "c"];
	q11 -> m3 [label = "c"];
	q1 -> m19 [label = "b"];
	q12 -> m7 [label = "b"];
	q3 -> m2 [label = "b"];
	q3 -> m18 [label = "a"];
	q12 -> m0 [label = "b"];
	q0 -> m1 [label = "c"];
	q0 -> m7 [label = "a, b, c"];
	q6 -> m14 [label = "a"];
	q1 -> m16 [label = "c"];
	q8 -> m24 [label = "c"];
	q1 -> m15 [label = "c"];
	q8 -> m23 [label = "b"];
	q5 -> m7 [label = "a"];
	q2 -> m7 [label = "a, c"];
	q5 -> m2 [label = "a"];
	q1 -> m20 [label = "a"];
	q7 -> m8 [label = "b, c"];
	q3 -> m17 [label = "a"];
	q9 -> m1 [label = "c"];
	q6 -> m7 [label = "c"];
	q6 -> m2 [label = "b"];
	q6 -> m22 [label = "b"];
	q2 -> m2 [label = "a"];
	q11 -> m8 [label = "a"];
	q6 -> m8 [label = "c"];
	q6 -> m1 [label = "c"];
	q2 -> m12 [label = "b"];
	q4 -> m3 [label = "c"];
	m0 -> q2;
	m0 -> q4;
	m0 -> q8;
	m0 -> q13;
	m1 -> q3;
	m1 -> q4;
	m1 -> q6;
	m1 -> q10;
	m1 -> q11;
	m1 -> q12;
	m1 -> q13;
	m2 -> q0;
	m2 -> q2;
	m2 -> q5;
	m2 -> q7;
	m3 -> q2;
	m3 -> q6;
	m3 -> q9;
	m3 -> q10;
	m3 -> q12;
	m3 -> q13;
	m4 -> q0;
	m4 -> q2;
	m4 -> q6;
	m4 -> q10;
	m4 -> q13;
	m5 -> q0;
	m5 -> q2;
	m5 -> q4;
	m5 -> q6;
	m5 -> q7;
	m5 -> q9;
	m5 -> q11;
	m5 -> q12;
	m5 -> q13;
	m6 -> q0;
	m6 -> q4;
	m6 -> q6;
	m6 -> q7;
	m6 -> q10;
	m6 -> q11;
	m6 -> q12;
	m7 -> q0;
	m7 -> q7;
	m7 -> q12;
	m8 -> q2;
	m8 -> q9;
	m8 -> q12;
	m8 -> q13;
	m9 -> q2;
	m9 -> q13;
	m10 -> q0;
	m10 -> q2;
	m10 -> q3;
	m10 -> q4;
	m10 -> q6;
	m10 -> q7;
	m10 -> q8;
	m10 -> q10;
	m10 -> q11;
	m10 -> q12;
	m10 -> q13;
	m11 -> q0;
	m11 -> q2;
	m11 -> q3;
	m11 -> q4;
	m11 -> q6;
	m11 -> q8;
	m11 -> q9;
	m11 -> q10;
	m11 -> q11;
	m11 -> q12;
	m11 -> q13;
	m12 -> q0;
	m12 -> q1;
	m12 -> q2;
	m12 -> q5;
	m12 -> q6;
	m12 -> q7;
	m12 -> q9;
	m12 -> q10;
	m12 -> q12;
	m12 -> q13;
	m13 -> q0;
	m13 -> q2;
	m13 -> q4;
	m13 -> q5;
	m13 -> q7;
	m13 -> q9;
	m13 -> q11;
	m13 -> q12;
	m13 -> q13;
	m14 -> q0;
	m14 -> q2;
	m14 -> q6;
	m14 -> q9;
	m14 -> q10;
	m14 -> q12;
	m14 -> q13;
	m15 -> q2;
	m15 -> q4;
	m15 -> q9;
	m15 -> q11;
	m15 -> q12;
	m15 -> q13;
	m16 -> q0;
	m16 -> q1;
	m16 -> q2;
	m16 -> q5;
	m16 -> q6;
	m16 -> q7;
	m16 -> q9;
	m16 -> q10;
	m16 -> q11;
	m16 -> q12;
	m16 -> q13;
	m17 -> q0;
	m17 -> q2;
	m17 -> q5;
	m17 -> q6;
	m17 -> q7;
	m17 -> q9;
	m17 -> q10;
	m17 -> q12;
	m17 -> q13;
	m18 -> q0;
	m18 -> q2;
	m18 -> q4;
	m18 -> q5;
	m18 -> q7;
	m18 -> q10;
	m18 -> q11;
	m19 -> q0;
	m19 -> q1;
	m19 -> q2;
	m19 -> q3;
	m19 -> q4;
	m19 -> q5;
	m19 -> q6;
	m19 -> q7;
	m19 -> q8;
	m19 -> q9;
	m19 -> q10;
	m19 -> q11;
	m19 -> q12;
	m19 -> q13;
	m20 -> q0;
	m20 -> q1;
	m20 -> q2;
	m20 -> q4;
	m20 -> q5;
	m20 -> q6;
	m20 -> q7;
	m20 -> q8;
	m20 -> q9;
	m20 -> q10;
	m20 -> q11;
	m20 -> q12;
	m20 -> q13;
	m21 -> q0;
	m21 -> q2;
	m21 -> q4;
	m21 -> q7;
	m21 -> q8;
	m21 -> q12;
	m21 -> q13;
	m22 -> q2;
	m22 -> q4;
	m22 -> q8;
	m22 -> q9;
	m22 -> q11;
	m22 -> q12;
	m22 -> q13;
	m23 -> q0;
	m23 -> q2;
	m23 -> q3;
	m23 -> q4;
	m23 -> q5;
	m23 -> q7;
	m23 -> q9;
	m23 -> q11;
	m23 -> q12;
	m23 -> q13;
	m24 -> q4;
	m24 -> q10;
	m24 -> q11;
}
RAFA size: 14 states

