Random target AFA:
digraph finite_state_machine {
	rankdir=LR;
	node [shape = circle];
	s0 [shape = point, style = invis, start="true" ];
	q0 [label = "q0"];
	q1 [label = "q1"];
	q2 [label = "q2"];
	q3 [label = "q3"];
	q4 [label = "q4"];
	q5 [label = "q5"];
	q6 [label = "q6", shape = doublecircle, final="true" ];
	m0 [label = "", shape = square, style = filled, color=grey, fixedsize=true, width=.2];
	m1 [label = "", shape = square, style = filled, color=grey, fixedsize=true, width=.2];
	m2 [label = "", shape = square, style = filled, color=grey, fixedsize=true, width=.2];
	m3 [label = "", shape = square, style = filled, color=grey, fixedsize=true, width=.2];
	m4 [label = "", shape = square, style = filled, color=grey, fixedsize=true, width=.2];
	m5 [label = "", shape = square, style = filled, color=grey, fixedsize=true, width=.2];
	m6 [label = "", shape = square, style = filled, color=grey, fixedsize=true, width=.2];
	m7 [label = "", shape = square, style = filled, color=grey, fixedsize=true, width=.2];
	m8 [label = "", shape = square, style = filled, color=grey, fixedsize=true, width=.2];
	m9 [label = "", shape = square, style = filled, color=grey, fixedsize=true, width=.2];
	s0 -> q6
	q5 -> q1 [label = "b"];
	q2 -> q3 [label = "c"];
	q4 -> q1 [label = "b"];
	q1 -> q6 [label = "c"];
	q5 -> m9 [label = "a"];
	q3 -> m8 [label = "a"];
	q1 -> m7 [label = "b"];
	q3 -> q3 [label = "b, c"];
	q4 -> m0 [label = "c"];
	q1 -> q5 [label = "c"];
	q0 -> m1 [label = "a"];
	q6 -> q1 [label = "a"];
	q2 -> m2 [label = "b"];
	q3 -> q4 [label = "c"];
	q4 -> q6 [label = "a, b"];
	q1 -> q2 [label = "a"];
	q4 -> q4 [label = "b"];
	q6 -> m3 [label = "c"];
	q0 -> m4 [label = "b"];
	q2 -> q4 [label = "a"];
	q6 -> m5 [label = "b"];
	q5 -> q3 [label = "c"];
	q4 -> q0 [label = "a"];
	q0 -> m6 [label = "c"];
	q5 -> q4 [label = "c"];
	m0 -> q3;
	m0 -> q4;
	m0 -> q5;
	m1 -> q2;
	m1 -> q5;
	m2 -> q1;
	m2 -> q5;
	m3 -> q2;
	m3 -> q4;
	m3 -> q6;
	m4 -> q0;
	m4 -> q3;
	m4 -> q6;
	m5 -> q0;
	m5 -> q1;
	m6 -> q0;
	m6 -> q2;
	m7 -> q1;
	m7 -> q4;
	m7 -> q6;
	m8 -> q5;
	m8 -> q6;
	m9 -> q0;
	m9 -> q4;
}

L* output after 9 EQ and 11497 MQ:
digraph finite_state_machine {
	rankdir=LR;
	node [shape = circle];
	s0 [shape = point, style = invis, start="true" ];
	q0 [label = "q0"];
	q1 [label = "q1"];
	q2 [label = "q2"];
	q3 [label = "q3"];
	q4 [label = "q4"];
	q5 [label = "q5"];
	q6 [label = "q6"];
	q7 [label = "q7"];
	q8 [label = "q8"];
	q9 [label = "q9", shape = doublecircle, final="true" ];
	q10 [label = "q10"];
	q11 [label = "q11"];
	q12 [label = "q12"];
	q13 [label = "q13", shape = doublecircle, final="true" ];
	q14 [label = "q14", shape = doublecircle, final="true" ];
	q15 [label = "q15", shape = doublecircle, final="true" ];
	q16 [label = "q16", shape = doublecircle, final="true" ];
	q17 [label = "q17"];
	q18 [label = "q18"];
	q19 [label = "q19", shape = doublecircle, final="true" ];
	q20 [label = "q20"];
	q21 [label = "q21"];
	q22 [label = "q22", shape = doublecircle, final="true" ];
	q23 [label = "q23"];
	q24 [label = "q24", shape = doublecircle, final="true" ];
	q25 [label = "q25"];
	q26 [label = "q26"];
	q27 [label = "q27", shape = doublecircle, final="true" ];
	q28 [label = "q28"];
	q29 [label = "q29", shape = doublecircle, final="true" ];
	q30 [label = "q30", shape = doublecircle, final="true" ];
	q31 [label = "q31"];
	q32 [label = "q32"];
	q33 [label = "q33", shape = doublecircle, final="true" ];
	q34 [label = "q34", shape = doublecircle, final="true" ];
	q35 [label = "q35", shape = doublecircle, final="true" ];
	q36 [label = "q36"];
	q37 [label = "q37"];
	q38 [label = "q38", shape = doublecircle, final="true" ];
	q39 [label = "q39"];
	q40 [label = "q40"];
	q41 [label = "q41"];
	q42 [label = "q42"];
	q43 [label = "q43"];
	q44 [label = "q44"];
	q45 [label = "q45"];
	q46 [label = "q46"];
	q47 [label = "q47"];
	q48 [label = "q48"];
	q49 [label = "q49"];
	q50 [label = "q50"];
	q51 [label = "q51"];
	q52 [label = "q52"];
	q53 [label = "q53"];
	q54 [label = "q54"];
	q55 [label = "q55"];
	q56 [label = "q56"];
	q57 [label = "q57"];
	q58 [label = "q58"];
	q59 [label = "q59"];
	q60 [label = "q60"];
	q61 [label = "q61"];
	q62 [label = "q62"];
	q63 [label = "q63"];
	q64 [label = "q64"];
	q65 [label = "q65"];
	q66 [label = "q66"];
	s0 -> q24
	q45 -> q0 [label = "a"];
	q41 -> q1 [label = "b"];
	q43 -> q32 [label = "a"];
	q41 -> q59 [label = "a"];
	q45 -> q20 [label = "c"];
	q40 -> q18 [label = "c"];
	q44 -> q21 [label = "a"];
	q46 -> q25 [label = "b"];
	q46 -> q28 [label = "c"];
	q40 -> q55 [label = "a"];
	q44 -> q61 [label = "c"];
	q39 -> q55 [label = "a"];
	q37 -> q20 [label = "b"];
	q33 -> q28 [label = "c"];
	q39 -> q39 [label = "c"];
	q35 -> q36 [label = "a"];
	q33 -> q29 [label = "b"];
	q33 -> q35 [label = "a"];
	q47 -> q27 [label = "c"];
	q38 -> q25 [label = "b"];
	q36 -> q23 [label = "a"];
	q32 -> q20 [label = "c"];
	q34 -> q14 [label = "a"];
	q36 -> q9 [label = "c"];
	q34 -> q22 [label = "b"];
	q31 -> q34 [label = "a"];
	q37 -> q28 [label = "c"];
	q29 -> q29 [label = "b"];
	q25 -> q27 [label = "c"];
	q31 -> q9 [label = "c"];
	q25 -> q54 [label = "b"];
	q27 -> q25 [label = "a, b"];
	q25 -> q32 [label = "a"];
	q30 -> q10 [label = "b"];
	q28 -> q16 [label = "a"];
	q32 -> q21 [label = "a"];
	q24 -> q18 [label = "c"];
	q24 -> q26 [label = "b"];
	q26 -> q55 [label = "b"];
	q43 -> q27 [label = "c"];
	q5 -> q55 [label = "b"];
	q47 -> q32 [label = "a"];
	q40 -> q26 [label = "b"];
	q57 -> q7 [label = "c"];
	q26 -> q17 [label = "a"];
	q16 -> q42 [label = "c"];
	q14 -> q22 [label = "b"];
	q52 -> q39 [label = "c"];
	q29 -> q33 [label = "c"];
	q65 -> q18 [label = "c"];
	q6 -> q3 [label = "a"];
	q64 -> q0 [label = "a"];
	q54 -> q55 [label = "b, c"];
	q47 -> q56 [label = "b"];
	q51 -> q8 [label = "b"];
	q51 -> q52 [label = "a"];
	q49 -> q32 [label = "a"];
	q49 -> q27 [label = "c"];
	q44 -> q60 [label = "b"];
	q51 -> q20 [label = "c"];
	q37 -> q48 [label = "a"];
	q50 -> q55 [label = "b"];
	q27 -> q28 [label = "c"];
	q52 -> q8 [label = "b"];
	q45 -> q8 [label = "b"];
	q54 -> q62 [label = "a"];
	q26 -> q66 [label = "c"];
	q63 -> q54 [label = "a"];
	q10 -> q46 [label = "c"];
	q55 -> q55 [label = "a, b, c"];
	q58 -> q20 [label = "b"];
	q59 -> q39 [label = "c"];
	q58 -> q28 [label = "c"];
	q60 -> q46 [label = "c"];
	q35 -> q56 [label = "b"];
	q8 -> q55 [label = "a"];
	q15 -> q43 [label = "a"];
	q64 -> q26 [label = "b"];
	q22 -> q22 [label = "b"];
	q38 -> q28 [label = "c"];
	q2 -> q55 [label = "b, c"];
	q66 -> q55 [label = "b, c"];
	q38 -> q49 [label = "a"];
	q59 -> q8 [label = "b"];
	q65 -> q26 [label = "b"];
	q5 -> q51 [label = "a"];
	q18 -> q55 [label = "b, c"];
	q61 -> q28 [label = "c"];
	q64 -> q18 [label = "c"];
	q52 -> q53 [label = "a"];
	q58 -> q64 [label = "a"];
	q29 -> q30 [label = "a"];
	q13 -> q10 [label = "b"];
	q34 -> q37 [label = "c"];
	q3 -> q62 [label = "a"];
	q31 -> q22 [label = "b"];
	q0 -> q8 [label = "b"];
	q63 -> q1 [label = "b"];
	q50 -> q51 [label = "a"];
	q28 -> q29 [label = "b"];
	q30 -> q15 [label = "c"];
	q61 -> q20 [label = "b"];
	q21 -> q16 [label = "a"];
	q12 -> q57 [label = "b"];
	q62 -> q0 [label = "a"];
	q65 -> q62 [label = "a"];
	q61 -> q65 [label = "a"];
	q59 -> q62 [label = "a"];
	q56 -> q45 [label = "a"];
	q20 -> q28 [label = "c"];
	q15 -> q28 [label = "c"];
	q63 -> q39 [label = "c"];
	q53 -> q26 [label = "b"];
	q62 -> q55 [label = "b, c"];
	q48 -> q60 [label = "b"];
	q6 -> q39 [label = "c"];
	q32 -> q8 [label = "b"];
	q14 -> q15 [label = "c"];
	q28 -> q28 [label = "c"];
	q53 -> q55 [label = "c"];
	q46 -> q50 [label = "a"];
	q53 -> q5 [label = "a"];
	q60 -> q17 [label = "a"];
	q42 -> q59 [label = "a"];
	q57 -> q62 [label = "a"];
	q48 -> q62 [label = "a"];
	q20 -> q20 [label = "b"];
	q41 -> q39 [label = "c"];
	q30 -> q31 [label = "a"];
	q7 -> q28 [label = "c"];
	q22 -> q30 [label = "a"];
	q35 -> q38 [label = "c"];
	q17 -> q55 [label = "a"];
	q19 -> q13 [label = "a"];
	q17 -> q8 [label = "b"];
	q42 -> q55 [label = "b, c"];
	q23 -> q20 [label = "c"];
	q14 -> q30 [label = "a"];
	q36 -> q57 [label = "b"];
	q19 -> q22 [label = "b"];
	q19 -> q41 [label = "c"];
	q20 -> q40 [label = "a"];
	q23 -> q22 [label = "b"];
	q18 -> q54 [label = "a"];
	q16 -> q26 [label = "b"];
	q39 -> q1 [label = "b"];
	q22 -> q27 [label = "c"];
	q43 -> q10 [label = "b"];
	q17 -> q20 [label = "c"];
	q16 -> q12 [label = "a"];
	q11 -> q33 [label = "c"];
	q0 -> q39 [label = "c"];
	q9 -> q47 [label = "a"];
	q15 -> q11 [label = "b"];
	q13 -> q36 [label = "a"];
	q12 -> q32 [label = "a"];
	q66 -> q4 [label = "a"];
	q9 -> q28 [label = "c"];
	q7 -> q5 [label = "a"];
	q50 -> q6 [label = "c"];
	q5 -> q2 [label = "c"];
	q4 -> q55 [label = "a, b"];
	q1 -> q7 [label = "c"];
	q7 -> q25 [label = "b"];
	q3 -> q39 [label = "c"];
	q1 -> q55 [label = "a, b"];
	q3 -> q55 [label = "b"];
	q9 -> q11 [label = "b"];
	q6 -> q1 [label = "b"];
	q57 -> q54 [label = "b"];
	q2 -> q3 [label = "a"];
	q10 -> q45 [label = "a"];
	q60 -> q54 [label = "b"];
	q0 -> q18 [label = "a"];
	q4 -> q39 [label = "c"];
	q12 -> q9 [label = "c"];
	q56 -> q55 [label = "b"];
	q10 -> q54 [label = "b"];
	q8 -> q7 [label = "c"];
	q13 -> q15 [label = "c"];
	q21 -> q39 [label = "c"];
	q11 -> q58 [label = "b"];
	q48 -> q63 [label = "c"];
	q11 -> q44 [label = "a"];
	q49 -> q57 [label = "b"];
	q8 -> q54 [label = "b"];
	q21 -> q22 [label = "b"];
	q56 -> q66 [label = "c"];
	q23 -> q19 [label = "a"];
	q24 -> q25 [label = "a"];
}
DFA size: 67 states

NL* output after 14 EQ and 6737 MQ:
digraph finite_state_machine {
	rankdir=LR;
	node [shape = circle];
	s0 [shape = point, style = invis, start="true" ];
	s1 [shape = point, style = invis, start="true" ];
	s2 [shape = point, style = invis, start="true" ];
	s3 [shape = point, style = invis, start="true" ];
	s4 [shape = point, style = invis, start="true" ];
	s5 [shape = point, style = invis, start="true" ];
	q0 [label = "q0"];
	q1 [label = "q1"];
	q2 [label = "q2"];
	q3 [label = "q3"];
	q4 [label = "q4", shape = doublecircle, final="true" ];
	q5 [label = "q5"];
	q6 [label = "q6"];
	q7 [label = "q7"];
	q8 [label = "q8"];
	q9 [label = "q9"];
	q10 [label = "q10"];
	q11 [label = "q11"];
	q12 [label = "q12"];
	q13 [label = "q13", shape = doublecircle, final="true" ];
	q14 [label = "q14"];
	q15 [label = "q15"];
	q16 [label = "q16"];
	q17 [label = "q17"];
	q18 [label = "q18"];
	q19 [label = "q19"];
	q20 [label = "q20"];
	q21 [label = "q21"];
	q22 [label = "q22"];
	q23 [label = "q23"];
	q24 [label = "q24"];
	s0 -> q3
	s1 -> q5
	s2 -> q9
	s3 -> q10
	s4 -> q13
	s5 -> q23
	q18 -> q21 [label = "c"];
	q18 -> q9 [label = "c"];
	q18 -> q6 [label = "c"];
	q18 -> q0 [label = "c"];
	q17 -> q22 [label = "c"];
	q17 -> q21 [label = "c"];
	q17 -> q18 [label = "c"];
	q19 -> q22 [label = "a"];
	q19 -> q7 [label = "a"];
	q21 -> q22 [label = "c"];
	q21 -> q20 [label = "c"];
	q16 -> q22 [label = "b, c"];
	q16 -> q17 [label = "b"];
	q16 -> q14 [label = "b"];
	q16 -> q7 [label = "b, c"];
	q16 -> q0 [label = "b"];
	q18 -> q19 [label = "a, b"];
	q19 -> q21 [label = "a"];
	q16 -> q2 [label = "b"];
	q18 -> q17 [label = "b, c"];
	q18 -> q14 [label = "b"];
	q22 -> q7 [label = "b, c"];
	q18 -> q12 [label = "a, b"];
	q18 -> q11 [label = "a, b"];
	q18 -> q10 [label = "a, b"];
	q16 -> q19 [label = "a, b"];
	q16 -> q13 [label = "a, b"];
	q16 -> q12 [label = "a, b"];
	q16 -> q11 [label = "a, b"];
	q20 -> q24 [label = "b, c"];
	q20 -> q21 [label = "c"];
	q20 -> q18 [label = "c"];
	q20 -> q17 [label = "c"];
	q20 -> q9 [label = "a, c"];
	q18 -> q23 [label = "a, b, c"];
	q20 -> q5 [label = "c"];
	q20 -> q3 [label = "c"];
	q20 -> q2 [label = "c"];
	q20 -> q0 [label = "c"];
	q8 -> q6 [label = "a"];
	q18 -> q7 [label = "b, c"];
	q15 -> q2 [label = "a"];
	q8 -> q2 [label = "a"];
	q13 -> q12 [label = "a"];
	q17 -> q3 [label = "c"];
	q15 -> q5 [label = "a"];
	q15 -> q16 [label = "a"];
	q16 -> q1 [label = "a, b"];
	q14 -> q18 [label = "c"];
	q4 -> q7 [label = "a"];
	q14 -> q13 [label = "c"];
	q0 -> q24 [label = "b"];
	q14 -> q7 [label = "a, c"];
	q11 -> q2 [label = "a"];
	q14 -> q15 [label = "a"];
	q14 -> q23 [label = "b, c"];
	q12 -> q2 [label = "a"];
	q0 -> q22 [label = "c"];
	q16 -> q16 [label = "b"];
	q8 -> q22 [label = "a, c"];
	q24 -> q7 [label = "c"];
	q18 -> q24 [label = "b, c"];
	q13 -> q17 [label = "a"];
	q8 -> q20 [label = "c"];
	q16 -> q4 [label = "a"];
	q3 -> q23 [label = "a"];
	q13 -> q3 [label = "c"];
	q24 -> q24 [label = "c"];
	q11 -> q7 [label = "a"];
	q23 -> q12 [label = "a"];
	q6 -> q5 [label = "a"];
	q8 -> q24 [label = "b, c"];
	q18 -> q20 [label = "c"];
	q16 -> q6 [label = "b"];
	q14 -> q17 [label = "c"];
	q14 -> q0 [label = "c"];
	q20 -> q23 [label = "c"];
	q11 -> q10 [label = "a, c"];
	q12 -> q22 [label = "a"];
	q18 -> q18 [label = "c"];
	q22 -> q22 [label = "c"];
	q24 -> q21 [label = "c"];
	q15 -> q24 [label = "b, c"];
	q15 -> q7 [label = "a, b, c"];
	q20 -> q20 [label = "b, c"];
	q6 -> q22 [label = "c"];
	q14 -> q5 [label = "c"];
	q14 -> q21 [label = "a, c"];
	q24 -> q23 [label = "c"];
	q24 -> q5 [label = "c"];
	q24 -> q22 [label = "c"];
	q24 -> q17 [label = "c"];
	q13 -> q14 [label = "a"];
	q14 -> q22 [label = "a, c"];
	q12 -> q7 [label = "a"];
	q17 -> q23 [label = "b, c"];
	q15 -> q3 [label = "a"];
	q17 -> q5 [label = "c"];
	q8 -> q7 [label = "a, b, c"];
	q1 -> q0 [label = "a"];
	q20 -> q6 [label = "c"];
	q15 -> q0 [label = "a"];
	q24 -> q0 [label = "c"];
	q6 -> q23 [label = "a"];
	q5 -> q11 [label = "a"];
	q17 -> q7 [label = "c"];
	q15 -> q22 [label = "a, c"];
	q16 -> q10 [label = "a, b"];
	q9 -> q19 [label = "b"];
	q9 -> q10 [label = "b"];
	q22 -> q24 [label = "b"];
	q16 -> q24 [label = "b"];
	q15 -> q20 [label = "c"];
	q13 -> q23 [label = "a"];
	q24 -> q18 [label = "c"];
	q14 -> q6 [label = "a"];
	q21 -> q7 [label = "b, c"];
	q4 -> q8 [label = "a"];
	q11 -> q22 [label = "a"];
	q11 -> q12 [label = "a"];
	q19 -> q10 [label = "c"];
	q21 -> q17 [label = "b"];
	q14 -> q2 [label = "a"];
	q24 -> q3 [label = "c"];
	q14 -> q1 [label = "a"];
	q14 -> q24 [label = "c"];
	q11 -> q21 [label = "a"];
	q18 -> q22 [label = "c"];
	q4 -> q21 [label = "a"];
	q14 -> q10 [label = "a, c"];
	q0 -> q12 [label = "a"];
	q13 -> q7 [label = "a"];
	q20 -> q22 [label = "b, c"];
	q8 -> q3 [label = "a"];
	q2 -> q7 [label = "b, c"];
	q0 -> q10 [label = "a"];
	q15 -> q17 [label = "b"];
	q16 -> q23 [label = "a, b"];
	q4 -> q10 [label = "a, b, c"];
	q2 -> q17 [label = "b"];
	q6 -> q7 [label = "b, c"];
	q18 -> q16 [label = "c"];
	q2 -> q24 [label = "b"];
	q0 -> q7 [label = "b, c"];
	q18 -> q2 [label = "c"];
	q21 -> q24 [label = "b, c"];
	q4 -> q22 [label = "a"];
	q2 -> q3 [label = "a"];
	q5 -> q19 [label = "a, b"];
	q10 -> q7 [label = "a"];
	q23 -> q10 [label = "a"];
	q15 -> q23 [label = "a"];
	q6 -> q17 [label = "b"];
	q14 -> q9 [label = "c"];
	q6 -> q24 [label = "b"];
	q4 -> q3 [label = "c"];
	q7 -> q7 [label = "c"];
	q4 -> q0 [label = "a"];
	q20 -> q7 [label = "b, c"];
	q5 -> q12 [label = "a"];
	q8 -> q17 [label = "b"];
	q13 -> q24 [label = "a"];
	q4 -> q2 [label = "a"];
	q4 -> q14 [label = "a"];
	q17 -> q0 [label = "c"];
	q16 -> q9 [label = "a, b"];
	q4 -> q11 [label = "a"];
	q4 -> q12 [label = "a"];
	q5 -> q23 [label = "a"];
	q4 -> q17 [label = "a"];
	q14 -> q3 [label = "a, c"];
	q1 -> q23 [label = "a"];
	q4 -> q19 [label = "a, b"];
	q0 -> q17 [label = "b"];
	q4 -> q23 [label = "a"];
	q20 -> q16 [label = "c"];
	q4 -> q24 [label = "a"];
	q17 -> q17 [label = "c"];
	q16 -> q3 [label = "a, b"];
	q1 -> q7 [label = "a"];
	q18 -> q3 [label = "c"];
	q1 -> q22 [label = "a"];
	q17 -> q24 [label = "c"];
	q17 -> q9 [label = "c"];
	q24 -> q9 [label = "c"];
	q4 -> q1 [label = "c"];
	q7 -> q22 [label = "c"];
	q16 -> q5 [label = "a, b"];
	q5 -> q10 [label = "a, b"];
	q6 -> q3 [label = "a"];
	q11 -> q8 [label = "a"];
	q2 -> q22 [label = "c"];
	q9 -> q3 [label = "c"];
	q13 -> q10 [label = "a, b"];
	q13 -> q11 [label = "a"];
	q13 -> q19 [label = "a, b"];
	q18 -> q5 [label = "c"];
	q14 -> q8 [label = "a"];
	q14 -> q12 [label = "a"];
	q11 -> q3 [label = "c"];
	q15 -> q6 [label = "a"];
}
NFA size: 25 states

AL* output after 11 EQ and 2807 MQ:
digraph finite_state_machine {
	rankdir=LR;
	node [shape = circle];
	s0 [shape = point, style = invis, start="true" ];
	q0 [label = "q0"];
	q1 [label = "q1"];
	q2 [label = "q2"];
	q3 [label = "q3"];
	q4 [label = "q4", shape = doublecircle, final="true" ];
	q5 [label = "q5"];
	q6 [label = "q6"];
	q7 [label = "q7"];
	q8 [label = "q8"];
	q9 [label = "q9", shape = doublecircle, final="true" ];
	m0 [label = "", shape = square, style = filled, color=grey, fixedsize=true, width=.2];
	m1 [label = "", shape = square, style = filled, color=grey, fixedsize=true, width=.2];
	m2 [label = "", shape = square, style = filled, color=grey, fixedsize=true, width=.2];
	m3 [label = "", shape = square, style = filled, color=grey, fixedsize=true, width=.2];
	m4 [label = "", shape = square, style = filled, color=grey, fixedsize=true, width=.2];
	m5 [label = "", shape = square, style = filled, color=grey, fixedsize=true, width=.2];
	m6 [label = "", shape = square, style = filled, color=grey, fixedsize=true, width=.2];
	m7 [label = "", shape = square, style = filled, color=grey, fixedsize=true, width=.2];
	m8 [label = "", shape = square, style = filled, color=grey, fixedsize=true, width=.2];
	m9 [label = "", shape = square, style = filled, color=grey, fixedsize=true, width=.2];
	m10 [label = "", shape = square, style = filled, color=grey, fixedsize=true, width=.2];
	m11 [label = "", shape = square, style = filled, color=grey, fixedsize=true, width=.2];
	m12 [label = "", shape = square, style = filled, color=grey, fixedsize=true, width=.2];
	m13 [label = "", shape = square, style = filled, color=grey, fixedsize=true, width=.2];
	m14 [label = "", shape = square, style = filled, color=grey, fixedsize=true, width=.2];
	s0 -> m0
	q9 -> m14 [label = "b"];
	q9 -> q6 [label = "a"];
	q8 -> m13 [label = "b"];
	q8 -> m12 [label = "b"];
	q8 -> q7 [label = "a"];
	q4 -> q7 [label = "c"];
	q1 -> m5 [label = "c"];
	q5 -> m6 [label = "a"];
	q1 -> m4 [label = "c"];
	q5 -> q7 [label = "c"];
	q6 -> q8 [label = "a"];
	q4 -> q6 [label = "a, b"];
	q9 -> m9 [label = "a"];
	q2 -> m1 [label = "c"];
	q7 -> q9 [label = "a"];
	q3 -> m3 [label = "c"];
	q0 -> m12 [label = "b"];
	q7 -> q6 [label = "b"];
	q6 -> m10 [label = "b"];
	q5 -> q5 [label = "b, c"];
	q7 -> q7 [label = "b"];
	q9 -> m2 [label = "c"];
	q2 -> m14 [label = "b"];
	q9 -> m1 [label = "c"];
	q3 -> m8 [label = "a"];
	q0 -> q5 [label = "c"];
	q3 -> m9 [label = "a"];
	q0 -> m13 [label = "b"];
	q5 -> m7 [label = "a"];
	q7 -> m0 [label = "b"];
	q6 -> m4 [label = "c"];
	q1 -> m10 [label = "b"];
	q7 -> m11 [label = "c"];
	q9 -> m8 [label = "a"];
	q8 -> q5 [label = "c"];
	q6 -> m0 [label = "c"];
	q6 -> m5 [label = "c"];
	q4 -> q5 [label = "c"];
	m0 -> q4;
	m0 -> q9;
	m1 -> q4;
	m1 -> q7;
	m1 -> q8;
	m1 -> q9;
	m2 -> q3;
	m2 -> q6;
	m2 -> q8;
	m2 -> q9;
	m3 -> q3;
	m3 -> q4;
	m3 -> q6;
	m3 -> q8;
	m3 -> q9;
	m4 -> q4;
	m4 -> q5;
	m5 -> q4;
	m5 -> q7;
	m6 -> q2;
	m6 -> q4;
	m6 -> q7;
	m6 -> q9;
	m7 -> q1;
	m7 -> q2;
	m7 -> q4;
	m7 -> q5;
	m7 -> q6;
	m7 -> q9;
	m8 -> q0;
	m8 -> q4;
	m8 -> q7;
	m8 -> q8;
	m9 -> q0;
	m9 -> q4;
	m9 -> q5;
	m9 -> q8;
	m10 -> q4;
	m10 -> q6;
	m10 -> q7;
	m10 -> q9;
	m11 -> q0;
	m11 -> q4;
	m11 -> q5;
	m11 -> q7;
	m11 -> q8;
	m12 -> q1;
	m12 -> q4;
	m12 -> q5;
	m12 -> q6;
	m13 -> q1;
	m13 -> q4;
	m13 -> q6;
	m13 -> q7;
	m14 -> q3;
	m14 -> q6;
	m14 -> q9;
}
AFA size: 10 states

AL** output after 12 EQ and 2807 MQ:
digraph finite_state_machine {
	rankdir=LR;
	node [shape = circle];
	s0 [shape = point, style = invis, start="true" ];
	q0 [label = "q0"];
	q1 [label = "q1"];
	q2 [label = "q2"];
	q3 [label = "q3"];
	q4 [label = "q4", shape = doublecircle, final="true" ];
	q5 [label = "q5"];
	q6 [label = "q6"];
	q7 [label = "q7"];
	q8 [label = "q8"];
	q9 [label = "q9", shape = doublecircle, final="true" ];
	m0 [label = "", shape = square, style = filled, color=grey, fixedsize=true, width=.2];
	m1 [label = "", shape = square, style = filled, color=grey, fixedsize=true, width=.2];
	m2 [label = "", shape = square, style = filled, color=grey, fixedsize=true, width=.2];
	m3 [label = "", shape = square, style = filled, color=grey, fixedsize=true, width=.2];
	m4 [label = "", shape = square, style = filled, color=grey, fixedsize=true, width=.2];
	m5 [label = "", shape = square, style = filled, color=grey, fixedsize=true, width=.2];
	m6 [label = "", shape = square, style = filled, color=grey, fixedsize=true, width=.2];
	m7 [label = "", shape = square, style = filled, color=grey, fixedsize=true, width=.2];
	m8 [label = "", shape = square, style = filled, color=grey, fixedsize=true, width=.2];
	m9 [label = "", shape = square, style = filled, color=grey, fixedsize=true, width=.2];
	m10 [label = "", shape = square, style = filled, color=grey, fixedsize=true, width=.2];
	m11 [label = "", shape = square, style = filled, color=grey, fixedsize=true, width=.2];
	m12 [label = "", shape = square, style = filled, color=grey, fixedsize=true, width=.2];
	m13 [label = "", shape = square, style = filled, color=grey, fixedsize=true, width=.2];
	m14 [label = "", shape = square, style = filled, color=grey, fixedsize=true, width=.2];
	s0 -> m0
	q9 -> m14 [label = "b"];
	q9 -> q6 [label = "a"];
	q8 -> m13 [label = "b"];
	q8 -> m12 [label = "b"];
	q8 -> q7 [label = "a"];
	q4 -> q7 [label = "c"];
	q1 -> m5 [label = "c"];
	q5 -> m6 [label = "a"];
	q1 -> m4 [label = "c"];
	q5 -> q7 [label = "c"];
	q6 -> q8 [label = "a"];
	q4 -> q6 [label = "a, b"];
	q9 -> m9 [label = "a"];
	q2 -> m1 [label = "c"];
	q7 -> q9 [label = "a"];
	q3 -> m3 [label = "c"];
	q0 -> m12 [label = "b"];
	q7 -> q6 [label = "b"];
	q6 -> m10 [label = "b"];
	q5 -> q5 [label = "b, c"];
	q7 -> q7 [label = "b"];
	q9 -> m2 [label = "c"];
	q2 -> m14 [label = "b"];
	q9 -> m1 [label = "c"];
	q3 -> m8 [label = "a"];
	q0 -> q5 [label = "c"];
	q3 -> m9 [label = "a"];
	q0 -> m13 [label = "b"];
	q5 -> m7 [label = "a"];
	q7 -> m0 [label = "b"];
	q6 -> m4 [label = "c"];
	q1 -> m10 [label = "b"];
	q7 -> m11 [label = "c"];
	q9 -> m8 [label = "a"];
	q8 -> q5 [label = "c"];
	q6 -> m0 [label = "c"];
	q6 -> m5 [label = "c"];
	q4 -> q5 [label = "c"];
	m0 -> q4;
	m0 -> q9;
	m1 -> q4;
	m1 -> q7;
	m1 -> q8;
	m1 -> q9;
	m2 -> q3;
	m2 -> q6;
	m2 -> q8;
	m2 -> q9;
	m3 -> q3;
	m3 -> q4;
	m3 -> q6;
	m3 -> q8;
	m3 -> q9;
	m4 -> q4;
	m4 -> q5;
	m5 -> q4;
	m5 -> q7;
	m6 -> q2;
	m6 -> q4;
	m6 -> q7;
	m6 -> q9;
	m7 -> q1;
	m7 -> q2;
	m7 -> q4;
	m7 -> q5;
	m7 -> q6;
	m7 -> q9;
	m8 -> q0;
	m8 -> q4;
	m8 -> q7;
	m8 -> q8;
	m9 -> q0;
	m9 -> q4;
	m9 -> q5;
	m9 -> q8;
	m10 -> q4;
	m10 -> q6;
	m10 -> q7;
	m10 -> q9;
	m11 -> q0;
	m11 -> q4;
	m11 -> q5;
	m11 -> q7;
	m11 -> q8;
	m12 -> q1;
	m12 -> q4;
	m12 -> q5;
	m12 -> q6;
	m13 -> q1;
	m13 -> q4;
	m13 -> q6;
	m13 -> q7;
	m14 -> q3;
	m14 -> q6;
	m14 -> q9;
}
RAFA size: 10 states

